
Gurobi 11.0.0 (win64) logging started Wed May 22 16:01:59 2024

Set parameter LogFile to value "./Results/StripPacking-ManyRuns/Logs/RUspb-111-StripPacking-15-0.log"
Set parameter TimeLimit to value 3600
Set parameter Cuts to value 1
Set parameter Presolve to value 1
Set parameter Heuristics to value 1
Set parameter LPWarmStart to value 2
Gurobi Optimizer version 11.0.0 build v11.0.0rc2 (win64 - Windows 10.0 (19045.2))

CPU model: Intel(R) Core(TM) i9-10980XE CPU @ 3.00GHz, instruction set [SSE2|AVX|AVX2|AVX512]
Thread count: 18 physical cores, 36 logical processors, using up to 18 threads

Optimize a model with 7050 rows, 451 columns and 20610 nonzeros
Model fingerprint: 0x010aa30d
Variable types: 31 continuous, 420 integer (420 binary)
Coefficient statistics:
  Matrix range     [1e+00, 1e+04]
  Objective range  [1e+00, 1e+00]
  Bounds range     [1e+00, 1e+04]
  RHS range        [1e+00, 1e+04]
Using branch priorities.

Warning: Completing partial solution with 420 unfixed non-continuous variables out of 420
User MIP start produced solution with objective 72 (0.00s)
User MIP start produced solution with objective 72 (0.00s)
Loaded user MIP start with objective 72

Presolve removed 210 rows and 0 columns
Presolve time: 0.08s
Presolved: 6840 rows, 451 columns, 20774 nonzeros
Variable types: 31 continuous, 420 integer (420 binary)

Root relaxation: objective 3.700000e+01, 1302 iterations, 0.13 seconds (0.21 work units)

    Nodes    |    Current Node    |     Objective Bounds      |     Work
 Expl Unexpl |  Obj  Depth IntInf | Incumbent    BestBd   Gap | It/Node Time

     0     0   37.00000    0   45   72.00000   37.00000  48.6%     -    0s
H    0     0                      71.0000000   37.00000  47.9%     -    0s
     0     0   37.00000    0   46   71.00000   37.00000  47.9%     -    0s
     0     0   37.00000    0   49   71.00000   37.00000  47.9%     -    0s
     0     0   37.00000    0   37   71.00000   37.00000  47.9%     -    1s
H    0     0                      63.0000000   37.00000  41.3%     -    1s
H    0     0                      61.0000000   37.00000  39.3%     -    1s
     0     0   37.00000    0   34   61.00000   37.00000  39.3%     -    1s
     0     0   37.00000    0   18   61.00000   37.00000  39.3%     -    1s
     0     0   37.00000    0   20   61.00000   37.00000  39.3%     -    2s
     0     0   37.00000    0   46   61.00000   37.00000  39.3%     -    2s
H    0     0                      60.0000000   37.00000  38.3%     -    2s
     0     0   37.00000    0   38   60.00000   37.00000  38.3%     -    2s
     0     0   37.00000    0   43   60.00000   37.00000  38.3%     -    3s
     0     0   37.00000    0   35   60.00000   37.00000  38.3%     -    3s
     0     0   37.00000    0   42   60.00000   37.00000  38.3%     -    3s
     0     0   37.00000    0   39   60.00000   37.00000  38.3%     -    3s
     0     0   37.00000    0   53   60.00000   37.00000  38.3%     -    4s
     0     0   37.00000    0   52   60.00000   37.00000  38.3%     -    4s
     0     0   37.00000    0   38   60.00000   37.00000  38.3%     -    4s
     0     0   37.00000    0   38   60.00000   37.00000  38.3%     -    4s
     0     2   37.00000    0   38   60.00000   37.00000  38.3%     -    5s
H   35    50                      59.0000000   37.00000  37.3%  63.8    5s
H  154   170                      58.0000000   37.00000  36.2%  54.5    7s
H  156   170                      56.0000000   37.00000  33.9%  54.5    7s
   206   223   37.00000   11   70   56.00000   37.00000  33.9%  50.9   34s
H  207   223                      55.0000000   37.00000  32.7%  50.6   34s
H  211   223                      53.0000000   37.00000  30.2%  50.4   34s
H  213   223                      52.0000000   37.00000  28.8%  50.6   34s
   224   316   37.00000   11   72   52.00000   37.00000  28.8%  50.4   35s
   393   330   39.00000   17   59   52.00000   37.00000  28.8%  42.3   40s
H  396   330                      52.0000000   37.00000  28.8%  42.3   40s
H  397   330                      51.0000000   37.00000  27.5%  42.5   40s
   774   685   45.00000   41   56   51.00000   37.00000  27.5%  36.3   51s
H  905   685                      51.0000000   37.00000  27.5%  35.3   51s
  1013   939   37.00000   12   82   51.00000   37.00000  27.5%  34.1   74s
  1501  1440   47.00000   33   39   51.00000   37.00000  27.5%  33.9   82s
  2532  1385   39.00000   15   63   51.00000   37.00000  27.5%  30.4   97s
H 2582  1218                      50.0000000   37.00000  26.0%  30.5   97s
  2586  1640     cutoff   27        50.00000   37.00000  26.0%  30.5  102s
H 2846  1640                      50.0000000   37.00000  26.0%  30.0  102s
  3642  1645   37.57143   15   50   50.00000   37.00000  26.0%  29.8  105s
  3655  1654   39.00000   16   35   50.00000   37.00000  26.0%  29.7  110s
  3886  1794   37.00000   22   26   50.00000   37.00000  26.0%  34.1  131s
  4097  1801   44.00000   27   52   50.00000   37.00000  26.0%  36.5  137s
  4311  1790 infeasible   33        50.00000   37.00000  26.0%  38.5  140s
  4536  1776   48.00000   33   35   50.00000   37.00000  26.0%  40.8  149s
  4578  1772   48.00000   34   34   50.00000   37.00000  26.0%  41.2  153s
  4610  1795   48.00000   35   43   50.00000   37.00000  26.0%  41.5  156s
  4734  1855 infeasible   36        50.00000   37.00000  26.0%  42.4  161s
* 4898  1717              33      49.0000000   37.00000  24.5%  43.7  161s
  5095  1741 infeasible   26        49.00000   37.00000  24.5%  44.9  165s
  5651  1618   43.00000   32   58   49.00000   37.00000  24.5%  48.8  175s
  6598  1470   46.00000   30   46   49.00000   37.00000  24.5%  55.1  185s
  6718  1450 infeasible   31        49.00000   37.00000  24.5%  55.5  194s
  6776  1700   46.00000   32   40   49.00000   37.00000  24.5%  55.6  199s
  7604  1424   43.00000   28   68   49.00000   37.00000  24.5%  57.3  200s
  8051  1236 infeasible   33        49.00000   37.00000  24.5%  59.1  207s
  8125  1287   37.00000   25   50   49.00000   37.00000  24.5%  59.4  216s
  8509  1283   39.00000   28   62   49.00000   37.00000  24.5%  60.9  237s
  9096  1351 infeasible   34        49.00000   37.00000  24.5%  63.8  243s
* 9588  1255              31      48.0000000   37.00000  22.9%  65.9  243s
 10237  1266   42.00000   32   56   48.00000   37.00000  22.9%  68.0  250s
 10361  1384   42.00000   33   87   48.00000   37.00000  22.9%  68.6  258s
 11016  1463 infeasible   34        48.00000   37.00000  22.9%  70.0  264s
 12217  1564   46.00000   40   42   48.00000   37.00000  22.9%  74.0  272s
 12716  1665   46.00000   41   36   48.00000   37.00000  22.9%  75.2  287s
H12746  1665                      48.0000000   37.00000  22.9%  75.1  287s
 13240  1952 infeasible   37        48.00000   37.00000  22.9%  75.5  296s
 15057  1940 infeasible   37        48.00000   37.00000  22.9%  77.0  306s
 15105  2023   37.00000   34   60   48.00000   37.00000  22.9%  77.2  316s
 16944  2034   42.00000   30   75   48.00000   37.00000  22.9%  80.1  331s
 16969  2123 infeasible   31        48.00000   37.00000  22.9%  80.2  340s
 18912  2138   37.00000   28   74   48.00000   37.00000  22.9%  82.6  360s
 18933  2366   37.00000   29   73   48.00000   37.00000  22.9%  82.6  371s
 20267  2363 infeasible   32        48.00000   37.00000  22.9%  82.7  379s
 20382  2397   37.00000   29   74   48.00000   37.00000  22.9%  83.0  386s
 21145  2633   47.00000   38   41   48.00000   37.00000  22.9%  83.6  395s
 22292  2780 infeasible   30        48.00000   37.00000  22.9%  83.9  411s
*22424  2130              51      47.0000000   37.00000  21.3%  84.0  411s
 24660  2119     cutoff   30        47.00000   37.00000  21.3%  85.7  423s
H24677  2119                      47.0000000   37.00000  21.3%  85.6  423s
 24915  2242   46.00000   38   40   47.00000   37.00000  21.3%  85.6  437s
 25804  2449   37.00000   27   57   47.00000   37.00000  21.3%  85.7  449s
 28597  2444 infeasible   33        47.00000   37.00000  21.3%  85.6  460s
 29112  2388 infeasible   36        47.00000   37.00000  21.3%  86.8  473s
 29942  2420 infeasible   31        47.00000   37.00000  21.3%  87.3  480s
 31237  2896   46.00000   35   38   47.00000   37.00000  21.3%  87.6  510s
 35174  2875 infeasible   39        47.00000   37.00000  21.3%  88.4  544s
 35231  2905   37.00000   30   80   47.00000   37.00000  21.3%  88.5  555s
 37026  2922   39.00000   28   55   47.00000   37.00000  21.3%  88.5  570s
 37088  3157 infeasible   28        47.00000   37.00000  21.3%  88.5  588s
 39934  3145 infeasible   37        47.00000   37.00000  21.3%  87.3  598s
 39988  3134   46.00000   35   42   47.00000   37.70588  19.8%  87.3  607s
 40427  3129 infeasible   28        47.00000   39.00000  17.0%  87.2  623s
 40470  3159 infeasible   28        47.00000   39.00000  17.0%  87.3  635s
 40916  3149   43.00000   30   37   47.00000   39.00000  17.0%  87.1  648s
 40964  3308   44.00000   31   43   47.00000   39.00000  17.0%  87.1  665s
 44011  3400 infeasible   34        47.00000   39.00000  17.0%  86.1  682s
 44453  3495   39.00000   32   98   47.00000   39.00000  17.0%  85.9  753s
 53124  3506   42.00000   28   84   47.00000   39.00000  17.0%  83.3  764s
 53419  3558   42.00000   29   80   47.00000   39.00000  17.0%  83.4  778s
 54072  3565   46.00000   25   50   47.00000   39.00000  17.0%  83.5  789s
 54806  3605   41.00000   30   61   47.00000   39.00000  17.0%  83.3  800s
 56098  3620 infeasible   32        47.00000   39.00000  17.0%  82.9  811s
 57233  3604 infeasible   26        47.00000   39.00000  17.0%  82.7  822s
 57556  3606 infeasible   27        47.00000   39.00000  17.0%  82.6  837s
 57948  3610 infeasible   37        47.00000   40.00000  14.9%  82.5  851s
 58659  3512 infeasible   41        47.00000   42.00000  10.6%  82.3  864s
 60550  3584   42.00000   35   44   47.00000   42.00000  10.6%  81.8  874s
 62353  3540 infeasible   29        47.00000   42.00000  10.6%  81.1  891s
 62630  3498 infeasible   35        47.00000   42.00000  10.6%  81.0  917s
 65303  3509   46.00000   32   50   47.00000   42.00000  10.6%  80.4  933s
 65328  3803 infeasible   33        47.00000   42.00000  10.6%  80.4 1002s
 72849  3797   46.00000   34   76   47.00000   43.00000  8.51%  77.9 1039s
 73016  3056 infeasible   35        47.00000   43.00000  8.51%  77.9 1181s
 85881  3065   43.00000   30   61   47.00000   43.00000  8.51%  75.6 1199s
 85988  3292 infeasible   31        47.00000   43.00000  8.51%  75.6 1214s
 88206  3289   43.00000   38   41   47.00000   43.00000  8.51%  75.6 1229s
 88245  3487 infeasible   39        47.00000   43.00000  8.51%  75.6 1263s
 91824  3467 infeasible   53        47.00000   43.00000  8.51%  75.8 1287s
 91878  3437 infeasible   43        47.00000   43.00000  8.51%  75.8 1316s
 94670  3439 infeasible   29        47.00000   43.00000  8.51%  76.3 1334s
 94704  3480   43.00000   27   45   47.00000   43.00000  8.51%  76.3 1353s
 96701  3482   46.00000   36   28   47.00000   43.00000  8.51%  76.5 1355s
 96708  3487   43.00000   31   38   47.00000   43.00000  8.51%  76.5 1360s
 96733  3520   43.00000   25   37   47.00000   43.00000  8.51%  76.6 1365s
 96803  3563   43.00000   28   40   47.00000   43.00000  8.51%  76.6 1373s
 96843  3588   43.00000   29   31   47.00000   43.00000  8.51%  76.6 1376s
 96941  3619   43.00000   31   35   47.00000   43.00000  8.51%  76.6 1384s
 96967  3633   43.00000   32   51   47.00000   43.00000  8.51%  76.6 1390s
 97119  3648   43.00000   29   43   47.00000   43.00000  8.51%  76.8 1399s
 97160  3684   43.00000   30   42   47.00000   43.00000  8.51%  76.8 1405s
 97345  3653   43.00000   33   50   47.00000   43.00000  8.51%  76.8 1419s
 97451  3626 infeasible   33        47.00000   43.00000  8.51%  76.9 1434s
 97798  3642   46.00000   32   43   47.00000   43.00000  8.51%  77.0 1441s
 98962  3281   43.00000   35  111   47.00000   43.00000  8.51%  77.5 1447s
 99029  3347 infeasible   37        47.00000   43.00000  8.51%  77.5 1454s
 99460  3248 infeasible   34        47.00000   43.00000  8.51%  77.5 1461s
 100875  2852   46.00000   32   46   47.00000   43.00000  8.51%  78.1 1468s
 101150  2785 infeasible   36        47.00000   43.00000  8.51%  78.2 1475s
 101400  2744 infeasible   31        47.00000   43.00000  8.51%  78.2 1482s
 101722  2710 infeasible   39        47.00000   43.00000  8.51%  78.3 1489s
 102275  2553 infeasible   43        47.00000   43.00000  8.51%  78.5 1496s
 104024  1979   46.00000   35   58   47.00000   43.00000  8.51%  79.3 1509s
 104051  2118   46.00000   36   48   47.00000   43.00000  8.51%  79.3 1520s
 105244  1705 infeasible   35        47.00000   43.00000  8.51%  79.5 1533s
 105296  1714 infeasible   35        47.00000   43.00000  8.51%  79.5 1542s
 106051  1569   43.00000   33   63   47.00000   43.00000  8.51%  79.9 1548s
 106729  1321 infeasible   39        47.00000   43.00000  8.51%  80.0 1557s
 107688  1191   46.00000   38   60   47.00000   43.00000  8.51%  80.2 1564s
 107845  1451 infeasible   40        47.00000   43.00000  8.51%  80.3 1575s
 109966  1436 infeasible   51        47.00000   43.00000  8.51%  80.6 1584s
 110309  1446 infeasible   33        47.00000   43.00000  8.51%  80.8 1600s
 110803  1436 infeasible   41        47.00000   43.00000  8.51%  81.0 1608s
 110867  1426   43.00000   43   85   47.00000   43.00000  8.51%  81.0 1617s
 112062  1405   43.00000   44   83   47.00000   43.00000  8.51%  81.4 1630s
 112557  1597 infeasible   37        47.00000   43.00000  8.51%  81.7 1639s
 112832  1597   46.00000   40   67   47.00000   43.00000  8.51%  81.7 1640s
 113762  1521   46.00000   41   43   47.00000   43.00000  8.51%  81.7 1649s
 114881  1532 infeasible   40        47.00000   43.00000  8.51%  82.0 1663s
 114906  1396 infeasible   41        47.00000   43.00000  8.51%  82.0 1672s
 116387  1421   46.00000   33   39   47.00000   43.00000  8.51%  82.0 1683s
 117716  1386   43.00000   33   34   47.00000   43.00000  8.51%  81.8 1697s
 117971  1517   43.00000   34   32   47.00000   43.00000  8.51%  81.8 1709s
 119573  1444   46.00000   37   47   47.00000   43.00000  8.51%  81.5 1723s
 119965   877 infeasible   38        47.00000   43.00000  8.51%  81.4 1762s
 124490  1156   46.00000   45   74   47.00000   43.00000  8.51%  80.8 1775s
 126347  1153 infeasible   53        47.00000   43.00000  8.51%  80.2 1789s
 126386  1532 infeasible   54        47.00000   43.00000  8.51%  80.2 1805s
 130591  1415 infeasible   51        47.00000   43.00000  8.51%  79.0 1820s
 131085  1065   43.00000   36   50   47.00000   43.00000  8.51%  78.9 1832s
 133831  1071 infeasible   46        47.00000   43.00000  8.51%  78.4 1852s
 133861  1362 infeasible   47        47.00000   43.00000  8.51%  78.4 1871s
 138353  1292 infeasible   51        47.00000   43.00000  8.51%  77.2 1886s
 138463   811 infeasible   44        47.00000   43.00000  8.51%  77.3 1898s
 140954   808 infeasible   44        47.00000   43.00000  8.51%  76.9 1908s
 140993   704   43.00000   46   44   47.00000   43.00000  8.51%  76.9 1918s
 141345   509 infeasible   47        47.00000   43.00000  8.51%  76.9 1933s
 143707   517 infeasible   52        47.00000   45.00000  4.26%  76.6 1953s
 143734   596 infeasible   53        47.00000   45.00000  4.26%  76.6 1986s
 148210   527 infeasible   42        47.00000   45.00000  4.26%  75.6 2005s
 148662     0 infeasible   41        47.00000   45.00000  4.26%  75.6 2030s

Cutting planes:
  Learned: 1432
  Gomory: 12
  Lift-and-project: 60
  Cover: 83
  Implied bound: 6
  Clique: 8
  MIR: 223
  StrongCG: 6
  Flow cover: 590
  GUB cover: 36
  Zero half: 6
  RLT: 4
  Relax-and-lift: 151
  BQP: 9
  PSD: 1

Explored 152723 nodes (11481913 simplex iterations) in 2031.86 seconds (1044.80 work units)
Thread count was 18 (of 36 available processors)

Solution count 10: 47 47 47 ... 51

Optimal solution found (tolerance 1.00e-04)
Best objective 4.700000000000e+01, best bound 4.700000000000e+01, gap 0.0000%

Gurobi 11.0.0 (win64) logging started Tue Jun 18 18:50:29 2024

Set parameter LogFile to value "./Results/StripPacking-ManyRuns/Logs/RUspb-111-StripPacking-15-0.log"
Set parameter TimeLimit to value 3600
Set parameter Cuts to value 1
Set parameter Presolve to value 1
Set parameter Heuristics to value 1
Set parameter LPWarmStart to value 2
Gurobi Optimizer version 11.0.0 build v11.0.0rc2 (win64 - Windows 10.0 (19045.2))

CPU model: Intel(R) Core(TM) i9-10980XE CPU @ 3.00GHz, instruction set [SSE2|AVX|AVX2|AVX512]
Thread count: 18 physical cores, 36 logical processors, using up to 18 threads

Optimize a model with 7050 rows, 451 columns and 20610 nonzeros
Model fingerprint: 0x8e665e1b
Variable types: 31 continuous, 420 integer (420 binary)
Coefficient statistics:
  Matrix range     [1e+00, 1e+04]
  Objective range  [1e+00, 1e+00]
  Bounds range     [1e+00, 1e+04]
  RHS range        [1e+00, 1e+04]
Using branch priorities.

Warning: Completing partial solution with 420 unfixed non-continuous variables out of 420
User MIP start produced solution with objective 62.1 (0.01s)
User MIP start produced solution with objective 62.1 (0.01s)
Loaded user MIP start with objective 62.1

Presolve removed 210 rows and 0 columns
Presolve time: 0.08s
Presolved: 6840 rows, 451 columns, 20773 nonzeros
Variable types: 31 continuous, 420 integer (420 binary)

Root relaxation: objective 3.200000e+01, 830 iterations, 0.08 seconds (0.10 work units)

    Nodes    |    Current Node    |     Objective Bounds      |     Work
 Expl Unexpl |  Obj  Depth IntInf | Incumbent    BestBd   Gap | It/Node Time

     0     0   32.00000    0   32   62.10000   32.00000  48.5%     -    0s
H    0     0                      61.0000000   32.00000  47.5%     -    0s
     0     0   32.00000    0   55   61.00000   32.00000  47.5%     -    0s
     0     0   32.00000    0   53   61.00000   32.00000  47.5%     -    0s
     0     0   32.00000    0   50   61.00000   32.00000  47.5%     -    1s
     0     0   32.00000    0   51   61.00000   32.00000  47.5%     -    1s
     0     0   32.00000    0   55   61.00000   32.00000  47.5%     -    2s
H    0     0                      60.0000000   32.00000  46.7%     -    2s
     0     0   32.00000    0   50   60.00000   32.00000  46.7%     -    2s
     0     0   32.00000    0   50   60.00000   32.00000  46.7%     -    2s
H    0     0                      58.0000000   32.00000  44.8%     -    3s
H    0     0                      57.0000000   32.00000  43.9%     -    3s
     0     0   32.00000    0   51   57.00000   32.00000  43.9%     -    3s
     0     0   32.00000    0   41   57.00000   32.00000  43.9%     -    3s
     0     0   32.00000    0   41   57.00000   32.00000  43.9%     -    3s
     0     2   32.00000    0   27   57.00000   32.00000  43.9%     -    4s
    31    50   32.00000    5   41   57.00000   32.00000  43.9%  53.6    5s
H  154   170                      57.0000000   32.00000  43.9%  51.8    9s
H  170   170                      53.0000000   32.00000  39.6%  51.0    9s
   257   274   34.00000   13   43   53.00000   32.00000  39.6%  51.5   20s
H  259   274                      52.0000000   32.00000  38.5%  51.2   20s
H  269   274                      50.0000000   32.00000  36.0%  50.6   20s
   443   488   34.00000   23   41   50.00000   32.00000  36.0%  48.8   36s
H  471   488                      50.0000000   32.00000  36.0%  47.9   36s
   708   775   37.20000   34   57   50.00000   32.00000  36.0%  45.1   82s
   835   870   48.00000   39   37   50.00000   32.00000  36.0%  46.7   87s
H  868   870                      49.0000000   32.00000  34.7%  45.7   87s
H  955   895                      49.0000000   32.00000  34.7%  45.8   98s
H  961   895                      46.0000000   32.00000  30.4%  45.7   98s
   997  1288 infeasible   32        46.00000   32.00000  30.4%  45.6  106s
  1621  1507   45.00000   34   34   46.00000   32.00000  30.4%  42.6  148s
  2113  1613   38.75000   24   80   46.00000   32.00000  30.4%  40.7  156s
H 2177  1613                      46.0000000   32.00000  30.4%  40.5  156s
  2253  1909   38.75000   25   73   46.00000   32.00000  30.4%  40.2  172s
  2766  1925   45.00000   20   50   46.00000   32.00000  30.4%  39.6  197s
  2785  2260   33.50000   20   91   46.00000   32.00000  30.4%  39.7  205s
  3367  2266   36.02381   26   34   46.00000   32.00000  30.4%  39.2  210s
  3408  2312   39.00000   17   51   46.00000   32.00000  30.4%   4.0  215s
  3653  2400   45.00000   23   33   46.00000   32.00000  30.4%  10.8  227s
  3773  2411   45.00000   26   61   46.00000   32.00000  30.4%  13.8  235s
  3878  2429   45.00000   29   41   46.00000   32.00000  30.4%  15.7  248s
  3902  2435 infeasible   29        46.00000   32.00000  30.4%  16.1  257s
  4083  2425   45.00000   20   35   46.00000   32.00000  30.4%  18.7  261s
  4226  2440   38.00000   23   70   46.00000   32.00000  30.4%  21.2  285s
  4332  2474 infeasible   24        46.00000   32.00000  30.4%  22.7  290s
  4394  2458 infeasible   25        46.00000   32.00000  30.4%  24.2  295s
  4425  2468   41.00000   27   62   46.00000   32.00000  30.4%  24.7  308s
  4634  2453   45.00000   30   48   46.00000   32.00000  30.4%  27.5  312s
  4897  2416     cutoff   35        46.00000   32.00000  30.4%  30.6  324s
  4939  2465   45.00000   35   37   46.00000   32.00000  30.4%  31.2  325s
  5197  2404   42.00000   25   40   46.00000   32.00000  30.4%  34.4  334s
  5231  2395 infeasible   25        46.00000   32.00000  30.4%  34.8  340s
  5620  2476   45.00000   27   60   46.00000   33.55556  27.1%  38.7  351s
* 6098  2282              32      45.0000000   34.00000  24.4%  42.5  354s
  6156  2139     cutoff   29        45.00000   34.00000  24.4%  42.9  361s
  6555  2006   41.00000   23   33   45.00000   36.00000  20.0%  45.6  368s
  6689  1924 infeasible   27        45.00000   36.00000  20.0%  46.9  377s
  7057  1811   43.00000   31   30   45.00000   36.00000  20.0%  49.3  387s
  7154  1791 infeasible   32        45.00000   38.00000  15.6%  49.7  395s
  7575  1616 infeasible   30        45.00000   38.00000  15.6%  52.7  407s
  8118  1434   39.00000   20   56   45.00000   38.00000  15.6%  55.2  416s
  8155  1425 infeasible   21        45.00000   38.00000  15.6%  55.5  423s
  8664  1259   39.00000   22   44   45.00000   38.00000  15.6%  57.9  429s
  9318  1030 infeasible   28        45.00000   38.00000  15.6%  60.7  443s
  9365  1006 infeasible   25        45.00000   38.00000  15.6%  61.1  450s
  9409   966 infeasible   26        45.00000   39.00000  13.3%  61.2  456s
 10298   851   42.00000   28   54   45.00000   39.00000  13.3%  63.5  465s
 10818   718 infeasible   32        45.00000   39.00000  13.3%  65.1  471s
 11561   703   40.00000   27   38   45.00000   39.00000  13.3%  66.7  485s
 11656   402   40.00000   27   48   45.00000   39.00000  13.3%  67.0  491s
 12507   412     cutoff   32        45.00000   40.00000  11.1%  67.5  500s
 12533   337   42.00000   28   47   45.00000   40.00000  11.1%  67.6  512s
 13089   216 infeasible   29        45.00000   40.00000  11.1%  67.8  519s
 13388    15   42.00000   28   44   45.00000   40.00000  11.1%  67.8  523s

Cutting planes:
  Learned: 380
  Gomory: 4
  Lift-and-project: 22
  Cover: 46
  Implied bound: 6
  Clique: 2
  MIR: 109
  StrongCG: 3
  Flow cover: 261
  GUB cover: 18
  Zero half: 13
  RLT: 5
  Relax-and-lift: 154
  BQP: 1

Explored 13742 nodes (1062742 simplex iterations) in 523.54 seconds (206.58 work units)
Thread count was 18 (of 36 available processors)

Solution count 10: 45 46 46 ... 57

Optimal solution found (tolerance 1.00e-04)
Best objective 4.500000000000e+01, best bound 4.500000000000e+01, gap 0.0000%
