
Gurobi 11.0.0 (win64) logging started Wed May 22 17:08:30 2024

Set parameter LogFile to value "./Results/StripPacking-ManyRuns/Logs/RUspb-111-StripPacking-15-2.log"
Set parameter TimeLimit to value 3600
Set parameter Cuts to value 1
Set parameter Presolve to value 1
Set parameter Heuristics to value 1
Set parameter LPWarmStart to value 2
Gurobi Optimizer version 11.0.0 build v11.0.0rc2 (win64 - Windows 10.0 (19045.2))

CPU model: Intel(R) Core(TM) i9-10980XE CPU @ 3.00GHz, instruction set [SSE2|AVX|AVX2|AVX512]
Thread count: 18 physical cores, 36 logical processors, using up to 18 threads

Optimize a model with 7050 rows, 451 columns and 20610 nonzeros
Model fingerprint: 0x010aa30d
Variable types: 31 continuous, 420 integer (420 binary)
Coefficient statistics:
  Matrix range     [1e+00, 1e+04]
  Objective range  [1e+00, 1e+00]
  Bounds range     [1e+00, 1e+04]
  RHS range        [1e+00, 1e+04]
Using branch priorities.

Warning: Completing partial solution with 420 unfixed non-continuous variables out of 420
User MIP start produced solution with objective 72 (0.00s)
User MIP start produced solution with objective 72 (0.00s)
Loaded user MIP start with objective 72

Presolve removed 210 rows and 0 columns
Presolve time: 0.05s
Presolved: 6840 rows, 451 columns, 20774 nonzeros
Variable types: 31 continuous, 420 integer (420 binary)

Root relaxation: objective 3.700000e+01, 1302 iterations, 0.13 seconds (0.21 work units)

    Nodes    |    Current Node    |     Objective Bounds      |     Work
 Expl Unexpl |  Obj  Depth IntInf | Incumbent    BestBd   Gap | It/Node Time

     0     0   37.00000    0   45   72.00000   37.00000  48.6%     -    0s
H    0     0                      71.0000000   37.00000  47.9%     -    0s
     0     0   37.00000    0   46   71.00000   37.00000  47.9%     -    0s
     0     0   37.00000    0   49   71.00000   37.00000  47.9%     -    0s
     0     0   37.00000    0   37   71.00000   37.00000  47.9%     -    0s
H    0     0                      63.0000000   37.00000  41.3%     -    0s
H    0     0                      61.0000000   37.00000  39.3%     -    0s
     0     0   37.00000    0   34   61.00000   37.00000  39.3%     -    0s
     0     0   37.00000    0   18   61.00000   37.00000  39.3%     -    1s
     0     0   37.00000    0   20   61.00000   37.00000  39.3%     -    1s
     0     0   37.00000    0   46   61.00000   37.00000  39.3%     -    1s
H    0     0                      60.0000000   37.00000  38.3%     -    1s
     0     0   37.00000    0   38   60.00000   37.00000  38.3%     -    1s
     0     0   37.00000    0   43   60.00000   37.00000  38.3%     -    1s
     0     0   37.00000    0   35   60.00000   37.00000  38.3%     -    2s
     0     0   37.00000    0   42   60.00000   37.00000  38.3%     -    2s
     0     0   37.00000    0   39   60.00000   37.00000  38.3%     -    2s
     0     0   37.00000    0   53   60.00000   37.00000  38.3%     -    2s
     0     0   37.00000    0   52   60.00000   37.00000  38.3%     -    2s
     0     0   37.00000    0   38   60.00000   37.00000  38.3%     -    3s
     0     0   37.00000    0   38   60.00000   37.00000  38.3%     -    3s
     0     2   37.00000    0   38   60.00000   37.00000  38.3%     -    3s
H   35    50                      59.0000000   37.00000  37.3%  63.8    4s
    85   103   37.00000    7   47   59.00000   37.00000  37.3%  57.8    5s
H  154   170                      58.0000000   37.00000  36.2%  54.5    6s
H  156   170                      56.0000000   37.00000  33.9%  54.5    6s
   206   223   37.00000   11   70   56.00000   37.00000  33.9%  50.9   22s
H  207   223                      55.0000000   37.00000  32.7%  50.6   22s
H  211   223                      53.0000000   37.00000  30.2%  50.4   22s
H  213   223                      52.0000000   37.00000  28.8%  50.6   22s
   393   330   39.00000   17   59   52.00000   37.00000  28.8%  42.3   27s
H  396   330                      52.0000000   37.00000  28.8%  42.3   27s
H  397   330                      51.0000000   37.00000  27.5%  42.5   27s
   774   685   45.00000   41   56   51.00000   37.00000  27.5%  36.3   38s
H  905   685                      51.0000000   37.00000  27.5%  35.3   38s
  1013   939   37.00000   12   82   51.00000   37.00000  27.5%  34.1   55s
  1501  1440   47.00000   33   39   51.00000   37.00000  27.5%  33.9   62s
  2532  1385   39.00000   15   63   51.00000   37.00000  27.5%  30.4   77s
H 2582  1218                      50.0000000   37.00000  26.0%  30.5   77s
  2586  1640     cutoff   27        50.00000   37.00000  26.0%  30.5   81s
H 2846  1640                      50.0000000   37.00000  26.0%  30.0   81s
  3646  1648   46.00000   15   32   50.00000   37.00000  26.0%  29.8   85s
  3842  1775   37.00000   21   77   50.00000   37.00000  26.0%  33.7   91s
  3886  1794   37.00000   22   26   50.00000   37.00000  26.0%  34.1  114s
  3970  1804   37.00000   24   74   50.00000   37.00000  26.0%  35.1  116s
  4097  1801   44.00000   27   52   50.00000   37.00000  26.0%  36.5  121s
  4346  1827 infeasible   36        50.00000   37.00000  26.0%  38.6  126s
  4536  1776   48.00000   33   35   50.00000   37.00000  26.0%  40.8  133s
  4578  1772   48.00000   34   34   50.00000   37.00000  26.0%  41.2  137s
  4610  1795   48.00000   35   43   50.00000   37.00000  26.0%  41.5  140s
  4734  1855 infeasible   36        50.00000   37.00000  26.0%  42.4  145s
* 4898  1717              33      49.0000000   37.00000  24.5%  43.7  145s
  5651  1618   43.00000   32   58   49.00000   37.00000  24.5%  48.8  158s
  6036  1623   47.00000   27   56   49.00000   37.00000  24.5%  51.9  162s
  6598  1470   46.00000   30   46   49.00000   37.00000  24.5%  55.1  168s
  6718  1450 infeasible   31        49.00000   37.00000  24.5%  55.5  179s
  6776  1700   46.00000   32   40   49.00000   37.00000  24.5%  55.6  184s
  8051  1236 infeasible   33        49.00000   37.00000  24.5%  59.1  191s
  8125  1287   37.00000   25   50   49.00000   37.00000  24.5%  59.4  200s
  8509  1283   39.00000   28   62   49.00000   37.00000  24.5%  60.9  215s
  9096  1351 infeasible   34        49.00000   37.00000  24.5%  63.8  221s
* 9588  1255              31      48.0000000   37.00000  22.9%  65.9  221s
 10237  1266   42.00000   32   56   48.00000   37.00000  22.9%  68.0  228s
 10361  1384   42.00000   33   87   48.00000   37.00000  22.9%  68.6  235s
 11016  1463 infeasible   34        48.00000   37.00000  22.9%  70.0  241s
 12217  1564   46.00000   40   42   48.00000   37.00000  22.9%  74.0  248s
 12716  1665   46.00000   41   36   48.00000   37.00000  22.9%  75.2  264s
H12746  1665                      48.0000000   37.00000  22.9%  75.1  264s
 13240  1952 infeasible   37        48.00000   37.00000  22.9%  75.5  273s
 15057  1940 infeasible   37        48.00000   37.00000  22.9%  77.0  283s
 15105  2023   37.00000   34   60   48.00000   37.00000  22.9%  77.2  292s
 16944  2034   42.00000   30   75   48.00000   37.00000  22.9%  80.1  306s
 16969  2123 infeasible   31        48.00000   37.00000  22.9%  80.2  316s
 18912  2138   37.00000   28   74   48.00000   37.00000  22.9%  82.6  335s
 18933  2366   37.00000   29   73   48.00000   37.00000  22.9%  82.6  347s
 20267  2363 infeasible   32        48.00000   37.00000  22.9%  82.7  354s
 20382  2397   37.00000   29   74   48.00000   37.00000  22.9%  83.0  362s
 21145  2633   47.00000   38   41   48.00000   37.00000  22.9%  83.6  370s
 22292  2780 infeasible   30        48.00000   37.00000  22.9%  83.9  386s
*22424  2130              51      47.0000000   37.00000  21.3%  84.0  386s
 24660  2119     cutoff   30        47.00000   37.00000  21.3%  85.7  397s
H24677  2119                      47.0000000   37.00000  21.3%  85.6  397s
 24915  2242   46.00000   38   40   47.00000   37.00000  21.3%  85.6  411s
 25804  2449   37.00000   27   57   47.00000   37.00000  21.3%  85.7  423s
 28597  2444 infeasible   33        47.00000   37.00000  21.3%  85.6  433s
 29112  2388 infeasible   36        47.00000   37.00000  21.3%  86.8  446s
 29942  2420 infeasible   31        47.00000   37.00000  21.3%  87.3  454s
 31237  2896   46.00000   35   38   47.00000   37.00000  21.3%  87.6  483s
 35174  2875 infeasible   39        47.00000   37.00000  21.3%  88.4  521s
 35231  2905   37.00000   30   80   47.00000   37.00000  21.3%  88.5  530s
 37026  2922   39.00000   28   55   47.00000   37.00000  21.3%  88.5  546s
 37088  3157 infeasible   28        47.00000   37.00000  21.3%  88.5  563s
 39934  3145 infeasible   37        47.00000   37.00000  21.3%  87.3  574s
 39988  3134   46.00000   35   42   47.00000   37.70588  19.8%  87.3  585s
 40427  3129 infeasible   28        47.00000   39.00000  17.0%  87.2  601s
 40470  3159 infeasible   28        47.00000   39.00000  17.0%  87.3  613s
 40916  3149   43.00000   30   37   47.00000   39.00000  17.0%  87.1  626s
 40964  3308   44.00000   31   43   47.00000   39.00000  17.0%  87.1  643s
 44011  3400 infeasible   34        47.00000   39.00000  17.0%  86.1  660s
 44453  3495   39.00000   32   98   47.00000   39.00000  17.0%  85.9  734s
 53124  3506   42.00000   28   84   47.00000   39.00000  17.0%  83.3  744s
 53419  3558   42.00000   29   80   47.00000   39.00000  17.0%  83.4  759s
 54072  3565   46.00000   25   50   47.00000   39.00000  17.0%  83.5  768s
 54806  3605   41.00000   30   61   47.00000   39.00000  17.0%  83.3  780s
 56098  3620 infeasible   32        47.00000   39.00000  17.0%  82.9  791s
 57233  3604 infeasible   26        47.00000   39.00000  17.0%  82.7  802s
 57556  3606 infeasible   27        47.00000   39.00000  17.0%  82.6  818s
 57948  3610 infeasible   37        47.00000   40.00000  14.9%  82.5  834s
 58659  3512 infeasible   41        47.00000   42.00000  10.6%  82.3  845s
 60550  3584   42.00000   35   44   47.00000   42.00000  10.6%  81.8  855s
 62353  3540 infeasible   29        47.00000   42.00000  10.6%  81.1  872s
 62630  3498 infeasible   35        47.00000   42.00000  10.6%  81.0  899s
 65303  3509   46.00000   32   50   47.00000   42.00000  10.6%  80.4  913s
 65328  3803 infeasible   33        47.00000   42.00000  10.6%  80.4  989s
 72849  3797   46.00000   34   76   47.00000   43.00000  8.51%  77.9 1025s
 73016  3056 infeasible   35        47.00000   43.00000  8.51%  77.9 1168s
 79450  3056   45.00000   35   37   47.00000   43.00000  8.51%  76.6 1170s
 85881  3065   43.00000   30   61   47.00000   43.00000  8.51%  75.6 1185s
 85988  3292 infeasible   31        47.00000   43.00000  8.51%  75.6 1201s
 88206  3289   43.00000   38   41   47.00000   43.00000  8.51%  75.6 1217s
 88245  3487 infeasible   39        47.00000   43.00000  8.51%  75.6 1254s
 91824  3467 infeasible   53        47.00000   43.00000  8.51%  75.8 1280s
 91878  3437 infeasible   43        47.00000   43.00000  8.51%  75.8 1311s
 94670  3439 infeasible   29        47.00000   43.00000  8.51%  76.3 1334s
 94704  3480   43.00000   27   45   47.00000   43.00000  8.51%  76.3 1352s
 96703  3484   46.00000   40   74   47.00000   43.00000  8.51%  76.5 1355s
 96717  3493   43.00000   35   23   47.00000   43.00000  8.51%  76.5 1360s
 96803  3563   43.00000   28   40   47.00000   43.00000  8.51%  76.6 1369s
 96821  3577   43.00000   28   51   47.00000   43.00000  8.51%  76.6 1370s
 96910  3620   43.00000   31   20   47.00000   43.00000  8.51%  76.6 1375s
 96941  3619   43.00000   31   35   47.00000   43.00000  8.51%  76.6 1380s
 96967  3633   43.00000   32   51   47.00000   43.00000  8.51%  76.6 1385s
 97119  3648   43.00000   29   43   47.00000   43.00000  8.51%  76.8 1394s
 97160  3684   43.00000   30   42   47.00000   43.00000  8.51%  76.8 1400s
 97345  3653   43.00000   33   50   47.00000   43.00000  8.51%  76.8 1417s
 97451  3626 infeasible   33        47.00000   43.00000  8.51%  76.9 1432s
 97798  3642   46.00000   32   43   47.00000   43.00000  8.51%  77.0 1439s
 98962  3281   43.00000   35  111   47.00000   43.00000  8.51%  77.5 1445s
 99029  3347 infeasible   37        47.00000   43.00000  8.51%  77.5 1451s
 99460  3248 infeasible   34        47.00000   43.00000  8.51%  77.5 1458s
 100875  2852   46.00000   32   46   47.00000   43.00000  8.51%  78.1 1465s
 101150  2785 infeasible   36        47.00000   43.00000  8.51%  78.2 1473s
 101400  2744 infeasible   31        47.00000   43.00000  8.51%  78.2 1480s
 101722  2710 infeasible   39        47.00000   43.00000  8.51%  78.3 1487s
 102275  2553 infeasible   43        47.00000   43.00000  8.51%  78.5 1494s
 104024  1979   46.00000   35   58   47.00000   43.00000  8.51%  79.3 1508s
 104051  2118   46.00000   36   48   47.00000   43.00000  8.51%  79.3 1517s
 105244  1705 infeasible   35        47.00000   43.00000  8.51%  79.5 1532s
 105296  1714 infeasible   35        47.00000   43.00000  8.51%  79.5 1541s
 106051  1569   43.00000   33   63   47.00000   43.00000  8.51%  79.9 1548s
 106729  1321 infeasible   39        47.00000   43.00000  8.51%  80.0 1560s
 107688  1191   46.00000   38   60   47.00000   43.00000  8.51%  80.2 1569s
 107845  1451 infeasible   40        47.00000   43.00000  8.51%  80.3 1580s
 109966  1436 infeasible   51        47.00000   43.00000  8.51%  80.6 1589s
 110309  1446 infeasible   33        47.00000   43.00000  8.51%  80.8 1605s
 110803  1436 infeasible   41        47.00000   43.00000  8.51%  81.0 1613s
 110867  1426   43.00000   43   85   47.00000   43.00000  8.51%  81.0 1622s
 112062  1405   43.00000   44   83   47.00000   43.00000  8.51%  81.4 1636s
 112557  1597 infeasible   37        47.00000   43.00000  8.51%  81.7 1646s
 113762  1521   46.00000   41   43   47.00000   43.00000  8.51%  81.7 1655s
 114881  1532 infeasible   40        47.00000   43.00000  8.51%  82.0 1668s
 114906  1396 infeasible   41        47.00000   43.00000  8.51%  82.0 1677s
 116387  1421   46.00000   33   39   47.00000   43.00000  8.51%  82.0 1686s
 117716  1386   43.00000   33   34   47.00000   43.00000  8.51%  81.8 1698s
 117971  1517   43.00000   34   32   47.00000   43.00000  8.51%  81.8 1708s
 119573  1444   46.00000   37   47   47.00000   43.00000  8.51%  81.5 1722s
 119965   877 infeasible   38        47.00000   43.00000  8.51%  81.4 1762s
 124490  1156   46.00000   45   74   47.00000   43.00000  8.51%  80.8 1774s
 126347  1153 infeasible   53        47.00000   43.00000  8.51%  80.2 1788s
 126386  1532 infeasible   54        47.00000   43.00000  8.51%  80.2 1803s
 130591  1415 infeasible   51        47.00000   43.00000  8.51%  79.0 1818s
 131085  1065   43.00000   36   50   47.00000   43.00000  8.51%  78.9 1831s
 133831  1071 infeasible   46        47.00000   43.00000  8.51%  78.4 1853s
 133861  1362 infeasible   47        47.00000   43.00000  8.51%  78.4 1870s
 138353  1292 infeasible   51        47.00000   43.00000  8.51%  77.2 1888s
 138463   811 infeasible   44        47.00000   43.00000  8.51%  77.3 1899s
 140954   808 infeasible   44        47.00000   43.00000  8.51%  76.9 1909s
 140993   704   43.00000   46   44   47.00000   43.00000  8.51%  76.9 1918s
 141345   509 infeasible   47        47.00000   43.00000  8.51%  76.9 1932s
 143707   517 infeasible   52        47.00000   45.00000  4.26%  76.6 1950s
 143734   596 infeasible   53        47.00000   45.00000  4.26%  76.6 1984s
 144785   596   46.00000   41   30   47.00000   45.00000  4.26%  76.4 1985s
 148210   527 infeasible   42        47.00000   45.00000  4.26%  75.6 2005s
 148662     0 infeasible   41        47.00000   45.00000  4.26%  75.6 2032s

Cutting planes:
  Learned: 1432
  Gomory: 12
  Lift-and-project: 60
  Cover: 83
  Implied bound: 6
  Clique: 8
  MIR: 223
  StrongCG: 6
  Flow cover: 590
  GUB cover: 36
  Zero half: 6
  RLT: 4
  Relax-and-lift: 151
  BQP: 9
  PSD: 1

Explored 152723 nodes (11481913 simplex iterations) in 2033.79 seconds (1044.80 work units)
Thread count was 18 (of 36 available processors)

Solution count 10: 47 47 47 ... 51

Optimal solution found (tolerance 1.00e-04)
Best objective 4.700000000000e+01, best bound 4.700000000000e+01, gap 0.0000%

Gurobi 11.0.0 (win64) logging started Tue Jun 18 18:59:20 2024

Set parameter LogFile to value "./Results/StripPacking-ManyRuns/Logs/RUspb-111-StripPacking-15-2.log"
Set parameter TimeLimit to value 3600
Set parameter Cuts to value 1
Set parameter Presolve to value 1
Set parameter Heuristics to value 1
Set parameter LPWarmStart to value 2
Gurobi Optimizer version 11.0.0 build v11.0.0rc2 (win64 - Windows 10.0 (19045.2))

CPU model: Intel(R) Core(TM) i9-10980XE CPU @ 3.00GHz, instruction set [SSE2|AVX|AVX2|AVX512]
Thread count: 18 physical cores, 36 logical processors, using up to 18 threads

Optimize a model with 7050 rows, 451 columns and 20610 nonzeros
Model fingerprint: 0x6fa4a252
Variable types: 31 continuous, 420 integer (420 binary)
Coefficient statistics:
  Matrix range     [1e+00, 1e+04]
  Objective range  [1e+00, 1e+00]
  Bounds range     [1e+00, 1e+04]
  RHS range        [1e+00, 1e+04]
Using branch priorities.

Warning: Completing partial solution with 420 unfixed non-continuous variables out of 420
User MIP start produced solution with objective 78.1 (0.02s)
Loaded user MIP start with objective 78.1

Presolve removed 210 rows and 0 columns
Presolve time: 0.05s
Presolved: 6840 rows, 451 columns, 20774 nonzeros
Variable types: 31 continuous, 420 integer (420 binary)

Root relaxation: objective 4.500000e+01, 262 iterations, 0.02 seconds (0.02 work units)

    Nodes    |    Current Node    |     Objective Bounds      |     Work
 Expl Unexpl |  Obj  Depth IntInf | Incumbent    BestBd   Gap | It/Node Time

     0     0   45.00000    0   11   78.10000   45.00000  42.4%     -    0s
H    0     0                      75.0000000   45.00000  40.0%     -    0s
H    0     0                      72.0000000   45.00000  37.5%     -    0s
     0     0   45.00000    0   13   72.00000   45.00000  37.5%     -    0s
H    0     0                      71.0000000   45.00000  36.6%     -    0s
     0     0   45.00000    0   13   71.00000   45.00000  36.6%     -    0s
H    0     0                      70.0000000   45.00000  35.7%     -    0s
H    0     0                      69.0000000   45.00000  34.8%     -    0s
     0     0   45.00000    0    8   69.00000   45.00000  34.8%     -    0s
H    0     0                      65.0000000   45.00000  30.8%     -    0s
     0     0   45.00000    0   14   65.00000   45.00000  30.8%     -    0s
     0     0   45.00000    0   16   65.00000   45.00000  30.8%     -    0s
     0     0   45.00000    0    4   65.00000   45.00000  30.8%     -    1s
     0     0   45.00000    0    4   65.00000   45.00000  30.8%     -    1s
     0     0   45.00000    0    4   65.00000   45.00000  30.8%     -    1s
     0     0   45.00000    0    6   65.00000   45.00000  30.8%     -    1s
     0     0   45.00000    0   10   65.00000   45.00000  30.8%     -    1s
     0     0   45.00000    0   13   65.00000   45.00000  30.8%     -    1s
     0     0   45.00000    0   16   65.00000   45.00000  30.8%     -    1s
H    0     0                      63.0000000   45.00000  28.6%     -    1s
     0     0   45.00000    0   13   63.00000   45.00000  28.6%     -    1s
     0     0   45.00000    0   17   63.00000   45.00000  28.6%     -    2s
     0     0   45.00000    0   13   63.00000   45.00000  28.6%     -    2s
     0     2   45.00000    0   11   63.00000   45.00000  28.6%     -    2s
H   92   102                      62.0000000   45.00000  27.4%  22.9    4s
H  104   137                      60.0000000   45.00000  25.0%  23.3    4s
H  106   137                      59.0000000   45.00000  23.7%  23.3    4s
H  137   153                      56.0000000   45.00000  19.6%  21.4    7s
H  148   153                      54.0000000   45.00000  16.7%  21.9    7s
   190   200   45.00000   13   26   54.00000   45.00000  16.7%  23.3   10s
H  191   200                      53.0000000   45.00000  15.1%  23.2   10s
H  192   200                      52.0000000   45.00000  13.5%  23.1   10s
H  413   356                      52.0000000   45.00000  13.5%  22.8   13s
   422   381   48.00000    6   25   52.00000   45.00000  13.5%  23.0   20s
H  429   381                      51.0000000   45.00000  11.8%  23.0   20s
   647   590   45.00000   20   17   51.00000   45.00000  11.8%  26.2   32s
H  746   590                      49.0000000   45.00000  8.16%  26.0   32s
   813   915   47.00000   27   20   49.00000   45.00000  8.16%  26.8   39s
  1581  1009 infeasible   25        49.00000   45.00000  8.16%  26.3   46s
  1759  1250   47.00000   28   18   49.00000   45.00000  8.16%  26.3   58s
  2379  1139   47.00000   29   21   49.00000   45.00000  8.16%  25.8   64s
  2607  1777   47.00000   42   29   49.00000   45.00000  8.16%  25.6   81s
  4861  1789   48.00000   43   10   49.00000   45.00000  8.16%  24.5   85s
  4988  1892   45.00000   19   43   49.00000   45.00000  8.16%  26.1   90s
  5055  1936   45.00000   20   52   49.00000   45.00000  8.16%  27.2   99s
  5074  2000   45.00000   21   22   49.00000   45.00000  8.16%  27.9  100s
  5179  1995   45.00000   21   15   49.00000   45.00000  8.16%  29.2  106s
  5231  2179   45.00000   24   29   49.00000   45.00000  8.16%  29.4  114s
  5681  2117   45.00000   27   29   49.00000   45.00000  8.16%  33.1  118s
  6051  2176 infeasible   42        49.00000   45.00000  8.16%  35.4  124s
  6633  2044 infeasible   43        49.00000   45.00000  8.16%  39.3  131s
  7081  2276   45.00000   23   38   49.00000   45.00000  8.16%  40.9  155s
  8715  2263   45.00000   42   12   49.00000   45.00000  8.16%  45.7  177s
 11716  2153 infeasible   38        49.00000   45.00000  8.16%  50.9  187s
 13954  2161   45.00000   37   13   49.00000   45.00000  8.16%  54.9  206s
 13982  2205 infeasible   38        49.00000   45.00000  8.16%  54.9  211s
 14196  2212   45.00000   37   26   49.00000   45.00000  8.16%  54.8  226s
 14247  2349   45.00000   38   26   49.00000   45.00000  8.16%  54.7  233s
 14836  2642   45.00000   40   24   49.00000   45.00000  8.16%  55.0  242s
 16343  2660   45.00000   42   22   49.00000   45.00000  8.16%  55.3  249s
 16647  2909 infeasible   43        49.00000   45.00000  8.16%  55.7  257s
 18292  2940   47.00000   41   28   49.00000   45.00000  8.16%  56.3  269s
 18403  3078   48.00000   42   24   49.00000   45.00000  8.16%  56.5  284s
 19177  3445 infeasible   38        49.00000   45.00000  8.16%  57.0  314s
 22469  3521 infeasible   42        49.00000   45.00000  8.16%  59.2  328s
 23237  4067   45.00000   38   33   49.00000   45.00000  8.16%  59.4  417s
 31211  4080   48.00000   42   18   49.00000   45.00000  8.16%  60.5  438s
 31232  4102   48.00000   41   12   49.00000   45.00000  8.16%  60.5  460s
 31289  4218   48.00000   43   14   49.00000   45.00000  8.16%  60.5  479s
 32153  4222 infeasible   42        49.00000   45.00000  8.16%  60.6  496s
 32185  4447   45.00000   42   24   49.00000   45.00000  8.16%  60.6  536s
 33432  4528 infeasible   47        49.00000   45.00000  8.16%  60.9  545s
 34187  4968   45.00000   32   27   49.00000   45.00000  8.16%  61.0  588s
 37664  4971 infeasible   33        49.00000   45.00000  8.16%  61.2  622s
 37697  5107   45.00000   34   29   49.00000   45.00000  8.16%  61.2  637s
 38347  5160     cutoff   34        49.00000   45.00000  8.16%  61.2  669s
 39166  5347   45.00000   32   12   49.00000   45.00000  8.16%  61.1  695s
 41016  5759   45.00000   45   10   49.00000   45.00000  8.16%  61.2  754s
 42540  5759 infeasible   39        49.00000   45.00000  8.16%  61.0  755s
 44362  6053 infeasible   38        49.00000   45.00000  8.16%  60.9  835s
 47562  6647 infeasible   44        49.00000   45.00000  8.16%  60.9  936s
 54196  6623 infeasible   42        49.00000   45.00000  8.16%  60.4 1019s
 54255  6796   45.00000   38   30   49.00000   45.00000  8.16%  60.4 1062s
 56816  6802 infeasible   53        49.00000   45.00000  8.16%  61.2 1115s
 56862  6994 infeasible   54        49.00000   45.00000  8.16%  61.2 1150s
 59360  7010 infeasible   33        49.00000   45.00000  8.16%  61.3 1188s
 59493  7184   45.00000   34   19   49.00000   45.00000  8.16%  61.3 1240s
 61657  7175 infeasible   55        49.00000   45.00000  8.16%  61.6 1290s
 61780  7191   45.00000   30   32   49.00000   45.00000  8.16%  61.6 1343s
 61820  7286 infeasible   31        49.00000   45.00000  8.16%  61.6 1381s
 64332  7321   45.00000   49   28   49.00000   45.00000  8.16%  61.5 1432s
 64594  7710 infeasible   50        49.00000   45.00000  8.16%  61.5 1496s
 68441  7908 infeasible   40        49.00000   45.00000  8.16%  61.0 1597s
 71288  8506 infeasible   41        49.00000   45.00000  8.16%  61.9 1729s
 77895  8511   47.00000   48   48   49.00000   45.00000  8.16%  62.7 1797s
 77932  8572 infeasible   49        49.00000   45.00000  8.16%  62.7 1832s
 79087  8605 infeasible   48        49.00000   45.00000  8.16%  62.5 1897s
 79494  8757   45.00000   51   14   49.00000   45.00000  8.16%  62.5 1960s
 82499  8777   45.00000   52   12   49.00000   45.00000  8.16%  62.3 2038s
 82579  9126 infeasible   53        49.00000   45.00000  8.16%  62.4 2129s
 86612  9121 infeasible   47        49.00000   45.00000  8.16%  62.6 2201s
 86677  9206 infeasible   47        49.00000   45.00000  8.16%  62.7 2254s
 88905  9220   45.00000   35   32   49.00000   45.00000  8.16%  62.5 2342s
 88929  9545   45.00000   36   33   49.00000   45.00000  8.16%  62.5 2416s
 92809  9981   45.00000   36   18   49.00000   45.00000  8.16%  62.2 2531s
 96737 10150 infeasible   41        49.00000   45.00000  8.16%  62.7 2597s
 98760 10186 infeasible   38        49.00000   45.00000  8.16%  62.8 2661s
 98927 10193 infeasible   38        49.00000   45.00000  8.16%  62.8 2738s
 100453 10634   45.00000   44   23   49.00000   45.00000  8.16%  62.7 2862s
 105943 10703   45.00000   37   32   49.00000   45.00000  8.16%  62.3 2921s
 107105 11017 infeasible   42        49.00000   45.00000  8.16%  62.4 3021s
 111643 11030 infeasible   56        49.00000   45.00000  8.16%  62.9 3101s
 112185 11035 infeasible   56        49.00000   45.00000  8.16%  63.0 3175s
 115992 11138   45.00000   53   32   49.00000   45.00000  8.16%  62.8 3252s
 117281 12079   48.00000   54   18   49.00000   45.00000  8.16%  63.0 3600s

Cutting planes:
  Learned: 3147
  Gomory: 6
  Lift-and-project: 25
  Cover: 61
  Implied bound: 3
  Clique: 6
  MIR: 143
  StrongCG: 8
  Flow cover: 240
  GUB cover: 2
  Zero half: 1
  RLT: 2
  Relax-and-lift: 45
  BQP: 6

Explored 131167 nodes (8522262 simplex iterations) in 3604.55 seconds (467.90 work units)
Thread count was 18 (of 36 available processors)

Solution count 10: 49 51 52 ... 62

Time limit reached
Best objective 4.900000000000e+01, best bound 4.500000000000e+01, gap 8.1633%
