
Gurobi 11.0.0 (win64) logging started Wed May 22 17:42:25 2024

Set parameter LogFile to value "./Results/StripPacking-ManyRuns/Logs/RUspb-111-StripPacking-15-3.log"
Set parameter TimeLimit to value 3600
Set parameter Cuts to value 1
Set parameter Presolve to value 1
Set parameter Heuristics to value 1
Set parameter LPWarmStart to value 2
Gurobi Optimizer version 11.0.0 build v11.0.0rc2 (win64 - Windows 10.0 (19045.2))

CPU model: Intel(R) Core(TM) i9-10980XE CPU @ 3.00GHz, instruction set [SSE2|AVX|AVX2|AVX512]
Thread count: 18 physical cores, 36 logical processors, using up to 18 threads

Optimize a model with 7050 rows, 451 columns and 20610 nonzeros
Model fingerprint: 0x010aa30d
Variable types: 31 continuous, 420 integer (420 binary)
Coefficient statistics:
  Matrix range     [1e+00, 1e+04]
  Objective range  [1e+00, 1e+00]
  Bounds range     [1e+00, 1e+04]
  RHS range        [1e+00, 1e+04]
Using branch priorities.

Warning: Completing partial solution with 420 unfixed non-continuous variables out of 420
User MIP start produced solution with objective 72 (0.02s)
User MIP start produced solution with objective 72 (0.02s)
Loaded user MIP start with objective 72

Presolve removed 210 rows and 0 columns
Presolve time: 0.05s
Presolved: 6840 rows, 451 columns, 20774 nonzeros
Variable types: 31 continuous, 420 integer (420 binary)

Root relaxation: objective 3.700000e+01, 1302 iterations, 0.13 seconds (0.21 work units)

    Nodes    |    Current Node    |     Objective Bounds      |     Work
 Expl Unexpl |  Obj  Depth IntInf | Incumbent    BestBd   Gap | It/Node Time

     0     0   37.00000    0   45   72.00000   37.00000  48.6%     -    0s
H    0     0                      71.0000000   37.00000  47.9%     -    0s
     0     0   37.00000    0   46   71.00000   37.00000  47.9%     -    0s
     0     0   37.00000    0   49   71.00000   37.00000  47.9%     -    0s
     0     0   37.00000    0   37   71.00000   37.00000  47.9%     -    0s
H    0     0                      63.0000000   37.00000  41.3%     -    0s
H    0     0                      61.0000000   37.00000  39.3%     -    0s
     0     0   37.00000    0   34   61.00000   37.00000  39.3%     -    0s
     0     0   37.00000    0   18   61.00000   37.00000  39.3%     -    1s
     0     0   37.00000    0   20   61.00000   37.00000  39.3%     -    1s
     0     0   37.00000    0   46   61.00000   37.00000  39.3%     -    1s
H    0     0                      60.0000000   37.00000  38.3%     -    1s
     0     0   37.00000    0   38   60.00000   37.00000  38.3%     -    1s
     0     0   37.00000    0   43   60.00000   37.00000  38.3%     -    1s
     0     0   37.00000    0   35   60.00000   37.00000  38.3%     -    1s
     0     0   37.00000    0   42   60.00000   37.00000  38.3%     -    2s
     0     0   37.00000    0   39   60.00000   37.00000  38.3%     -    2s
     0     0   37.00000    0   53   60.00000   37.00000  38.3%     -    2s
     0     0   37.00000    0   52   60.00000   37.00000  38.3%     -    2s
     0     0   37.00000    0   38   60.00000   37.00000  38.3%     -    3s
     0     0   37.00000    0   38   60.00000   37.00000  38.3%     -    3s
     0     2   37.00000    0   38   60.00000   37.00000  38.3%     -    3s
H   35    50                      59.0000000   37.00000  37.3%  63.8    4s
    85   103   37.00000    7   47   59.00000   37.00000  37.3%  57.8    5s
H  154   170                      58.0000000   37.00000  36.2%  54.5    5s
H  156   170                      56.0000000   37.00000  33.9%  54.5    5s
   206   223   37.00000   11   70   56.00000   37.00000  33.9%  50.9   17s
H  207   223                      55.0000000   37.00000  32.7%  50.6   17s
H  211   223                      53.0000000   37.00000  30.2%  50.4   17s
H  213   223                      52.0000000   37.00000  28.8%  50.6   17s
   393   330   39.00000   17   59   52.00000   37.00000  28.8%  42.3   22s
H  396   330                      52.0000000   37.00000  28.8%  42.3   22s
H  397   330                      51.0000000   37.00000  27.5%  42.5   22s
   774   685   45.00000   41   56   51.00000   37.00000  27.5%  36.3   36s
H  905   685                      51.0000000   37.00000  27.5%  35.3   36s
  1013   939   37.00000   12   82   51.00000   37.00000  27.5%  34.1   52s
  1501  1440   47.00000   33   39   51.00000   37.00000  27.5%  33.9   59s
  2532  1385   39.00000   15   63   51.00000   37.00000  27.5%  30.4   77s
H 2582  1218                      50.0000000   37.00000  26.0%  30.5   77s
  2586  1640     cutoff   27        50.00000   37.00000  26.0%  30.5   82s
H 2846  1640                      50.0000000   37.00000  26.0%  30.0   82s
  3644  1646   37.00000   11   40   50.00000   37.00000  26.0%  29.8   85s
  3842  1775   37.00000   21   77   50.00000   37.00000  26.0%  33.7   92s
  3886  1794   37.00000   22   26   50.00000   37.00000  26.0%  34.1  113s
  3970  1804   37.00000   24   74   50.00000   37.00000  26.0%  35.1  116s
  4097  1801   44.00000   27   52   50.00000   37.00000  26.0%  36.5  121s
  4311  1790 infeasible   33        50.00000   37.00000  26.0%  38.5  125s
  4536  1776   48.00000   33   35   50.00000   37.00000  26.0%  40.8  133s
  4578  1772   48.00000   34   34   50.00000   37.00000  26.0%  41.2  138s
  4610  1795   48.00000   35   43   50.00000   37.00000  26.0%  41.5  140s
  4734  1855 infeasible   36        50.00000   37.00000  26.0%  42.4  145s
* 4898  1717              33      49.0000000   37.00000  24.5%  43.7  145s
  5651  1618   43.00000   32   58   49.00000   37.00000  24.5%  48.8  159s
  6036  1623   47.00000   27   56   49.00000   37.00000  24.5%  51.9  163s
  6598  1470   46.00000   30   46   49.00000   37.00000  24.5%  55.1  169s
  6718  1450 infeasible   31        49.00000   37.00000  24.5%  55.5  179s
  6776  1700   46.00000   32   40   49.00000   37.00000  24.5%  55.6  184s
  8051  1236 infeasible   33        49.00000   37.00000  24.5%  59.1  192s
  8125  1287   37.00000   25   50   49.00000   37.00000  24.5%  59.4  201s
  8509  1283   39.00000   28   62   49.00000   37.00000  24.5%  60.9  223s
  9096  1351 infeasible   34        49.00000   37.00000  24.5%  63.8  229s
* 9588  1255              31      48.0000000   37.00000  22.9%  65.9  229s
 10237  1266   42.00000   32   56   48.00000   37.00000  22.9%  68.0  236s
 10361  1384   42.00000   33   87   48.00000   37.00000  22.9%  68.6  243s
 11016  1463 infeasible   34        48.00000   37.00000  22.9%  70.0  250s
 12217  1564   46.00000   40   42   48.00000   37.00000  22.9%  74.0  257s
 12716  1665   46.00000   41   36   48.00000   37.00000  22.9%  75.2  274s
H12746  1665                      48.0000000   37.00000  22.9%  75.1  274s
 13240  1952 infeasible   37        48.00000   37.00000  22.9%  75.5  284s
 15057  1940 infeasible   37        48.00000   37.00000  22.9%  77.0  294s
 15105  2023   37.00000   34   60   48.00000   37.00000  22.9%  77.2  304s
 16944  2034   42.00000   30   75   48.00000   37.00000  22.9%  80.1  318s
 16969  2123 infeasible   31        48.00000   37.00000  22.9%  80.2  328s
 18912  2138   37.00000   28   74   48.00000   37.00000  22.9%  82.6  347s
 18933  2366   37.00000   29   73   48.00000   37.00000  22.9%  82.6  357s
 20267  2363 infeasible   32        48.00000   37.00000  22.9%  82.7  365s
 20382  2397   37.00000   29   74   48.00000   37.00000  22.9%  83.0  373s
 21145  2633   47.00000   38   41   48.00000   37.00000  22.9%  83.6  381s
 22292  2780 infeasible   30        48.00000   37.00000  22.9%  83.9  398s
*22424  2130              51      47.0000000   37.00000  21.3%  84.0  398s
 24660  2119     cutoff   30        47.00000   37.00000  21.3%  85.7  410s
H24677  2119                      47.0000000   37.00000  21.3%  85.6  410s
 24915  2242   46.00000   38   40   47.00000   37.00000  21.3%  85.6  424s
 25804  2449   37.00000   27   57   47.00000   37.00000  21.3%  85.7  437s
 28597  2444 infeasible   33        47.00000   37.00000  21.3%  85.6  447s
 29112  2388 infeasible   36        47.00000   37.00000  21.3%  86.8  459s
 29942  2420 infeasible   31        47.00000   37.00000  21.3%  87.3  466s
 31237  2896   46.00000   35   38   47.00000   37.00000  21.3%  87.6  496s
 35174  2875 infeasible   39        47.00000   37.00000  21.3%  88.4  531s
 35231  2905   37.00000   30   80   47.00000   37.00000  21.3%  88.5  542s
 37026  2922   39.00000   28   55   47.00000   37.00000  21.3%  88.5  557s
 37088  3157 infeasible   28        47.00000   37.00000  21.3%  88.5  575s
 39934  3145 infeasible   37        47.00000   37.00000  21.3%  87.3  586s
 39988  3134   46.00000   35   42   47.00000   37.70588  19.8%  87.3  596s
 40427  3129 infeasible   28        47.00000   39.00000  17.0%  87.2  614s
 40470  3159 infeasible   28        47.00000   39.00000  17.0%  87.3  626s
 40916  3149   43.00000   30   37   47.00000   39.00000  17.0%  87.1  639s
 40964  3308   44.00000   31   43   47.00000   39.00000  17.0%  87.1  655s
 44011  3400 infeasible   34        47.00000   39.00000  17.0%  86.1  673s
 44453  3495   39.00000   32   98   47.00000   39.00000  17.0%  85.9  748s
 53124  3506   42.00000   28   84   47.00000   39.00000  17.0%  83.3  759s
 53419  3558   42.00000   29   80   47.00000   39.00000  17.0%  83.4  774s
 54072  3565   46.00000   25   50   47.00000   39.00000  17.0%  83.5  784s
 54806  3605   41.00000   30   61   47.00000   39.00000  17.0%  83.3  795s
 56098  3620 infeasible   32        47.00000   39.00000  17.0%  82.9  805s
 57233  3604 infeasible   26        47.00000   39.00000  17.0%  82.7  816s
 57556  3606 infeasible   27        47.00000   39.00000  17.0%  82.6  832s
 57948  3610 infeasible   37        47.00000   40.00000  14.9%  82.5  849s
 58659  3512 infeasible   41        47.00000   42.00000  10.6%  82.3  861s
 60550  3584   42.00000   35   44   47.00000   42.00000  10.6%  81.8  871s
 62353  3540 infeasible   29        47.00000   42.00000  10.6%  81.1  887s
 62630  3498 infeasible   35        47.00000   42.00000  10.6%  81.0  912s
 65303  3509   46.00000   32   50   47.00000   42.00000  10.6%  80.4  928s
 65328  3803 infeasible   33        47.00000   42.00000  10.6%  80.4 1002s
 72849  3797   46.00000   34   76   47.00000   43.00000  8.51%  77.9 1039s
 73016  3056 infeasible   35        47.00000   43.00000  8.51%  77.9 1187s
 85881  3065   43.00000   30   61   47.00000   43.00000  8.51%  75.6 1205s
 85988  3292 infeasible   31        47.00000   43.00000  8.51%  75.6 1221s
 88206  3289   43.00000   38   41   47.00000   43.00000  8.51%  75.6 1236s
 88245  3487 infeasible   39        47.00000   43.00000  8.51%  75.6 1273s
 91824  3467 infeasible   53        47.00000   43.00000  8.51%  75.8 1301s
 91878  3437 infeasible   43        47.00000   43.00000  8.51%  75.8 1329s
 94670  3439 infeasible   29        47.00000   43.00000  8.51%  76.3 1349s
 94704  3480   43.00000   27   45   47.00000   43.00000  8.51%  76.3 1369s
 96699  3481   46.00000   45   38   47.00000   43.00000  8.51%  76.5 1370s
 96711  3489   46.00000   32   28   47.00000   43.00000  8.51%  76.5 1375s
 96803  3563   43.00000   28   40   47.00000   43.00000  8.51%  76.6 1387s
 96861  3596   43.00000   29   43   47.00000   43.00000  8.51%  76.6 1390s
 96941  3619   43.00000   31   35   47.00000   43.00000  8.51%  76.6 1397s
 96967  3633   43.00000   32   51   47.00000   43.00000  8.51%  76.6 1403s
 97017  3665   43.00000   32   51   47.00000   43.00000  8.51%  76.7 1407s
 97119  3648   43.00000   29   43   47.00000   43.00000  8.51%  76.8 1413s
 97160  3684   43.00000   30   42   47.00000   43.00000  8.51%  76.8 1418s
 97345  3653   43.00000   33   50   47.00000   43.00000  8.51%  76.8 1429s
 97451  3626 infeasible   33        47.00000   43.00000  8.51%  76.9 1445s
 97798  3642   46.00000   32   43   47.00000   43.00000  8.51%  77.0 1454s
 98962  3281   43.00000   35  111   47.00000   43.00000  8.51%  77.5 1460s
 99029  3347 infeasible   37        47.00000   43.00000  8.51%  77.5 1466s
 99460  3248 infeasible   34        47.00000   43.00000  8.51%  77.5 1473s
 100875  2852   46.00000   32   46   47.00000   43.00000  8.51%  78.1 1480s
 101150  2785 infeasible   36        47.00000   43.00000  8.51%  78.2 1488s
 101400  2744 infeasible   31        47.00000   43.00000  8.51%  78.2 1496s
 101722  2710 infeasible   39        47.00000   43.00000  8.51%  78.3 1503s
 102275  2553 infeasible   43        47.00000   43.00000  8.51%  78.5 1512s
 104024  1979   46.00000   35   58   47.00000   43.00000  8.51%  79.3 1524s
 104051  2118   46.00000   36   48   47.00000   43.00000  8.51%  79.3 1532s
 105244  1705 infeasible   35        47.00000   43.00000  8.51%  79.5 1546s
 105296  1714 infeasible   35        47.00000   43.00000  8.51%  79.5 1555s
 106051  1569   43.00000   33   63   47.00000   43.00000  8.51%  79.9 1562s
 106729  1321 infeasible   39        47.00000   43.00000  8.51%  80.0 1572s
 107688  1191   46.00000   38   60   47.00000   43.00000  8.51%  80.2 1580s
 107845  1451 infeasible   40        47.00000   43.00000  8.51%  80.3 1589s
 109966  1436 infeasible   51        47.00000   43.00000  8.51%  80.6 1598s
 110309  1446 infeasible   33        47.00000   43.00000  8.51%  80.8 1614s
 110803  1436 infeasible   41        47.00000   43.00000  8.51%  81.0 1621s
 110867  1426   43.00000   43   85   47.00000   43.00000  8.51%  81.0 1632s
 112062  1405   43.00000   44   83   47.00000   43.00000  8.51%  81.4 1646s
 112557  1597 infeasible   37        47.00000   43.00000  8.51%  81.7 1659s
 113762  1521   46.00000   41   43   47.00000   43.00000  8.51%  81.7 1669s
 114881  1532 infeasible   40        47.00000   43.00000  8.51%  82.0 1685s
 114906  1396 infeasible   41        47.00000   43.00000  8.51%  82.0 1694s
 116387  1421   46.00000   33   39   47.00000   43.00000  8.51%  82.0 1703s
 117716  1386   43.00000   33   34   47.00000   43.00000  8.51%  81.8 1715s
 117971  1517   43.00000   34   32   47.00000   43.00000  8.51%  81.8 1726s
 119573  1444   46.00000   37   47   47.00000   43.00000  8.51%  81.5 1742s
 119965   877 infeasible   38        47.00000   43.00000  8.51%  81.4 1777s
 124490  1156   46.00000   45   74   47.00000   43.00000  8.51%  80.8 1789s
 126347  1153 infeasible   53        47.00000   43.00000  8.51%  80.2 1803s
 126386  1532 infeasible   54        47.00000   43.00000  8.51%  80.2 1818s
 130591  1415 infeasible   51        47.00000   43.00000  8.51%  79.0 1833s
 131085  1065   43.00000   36   50   47.00000   43.00000  8.51%  78.9 1847s
 133831  1071 infeasible   46        47.00000   43.00000  8.51%  78.4 1868s
 133861  1362 infeasible   47        47.00000   43.00000  8.51%  78.4 1886s
 138353  1292 infeasible   51        47.00000   43.00000  8.51%  77.2 1900s
 138463   811 infeasible   44        47.00000   43.00000  8.51%  77.3 1911s
 140954   808 infeasible   44        47.00000   43.00000  8.51%  76.9 1922s
 140993   704   43.00000   46   44   47.00000   43.00000  8.51%  76.9 1931s
 141345   509 infeasible   47        47.00000   43.00000  8.51%  76.9 1947s
 143707   517 infeasible   52        47.00000   45.00000  4.26%  76.6 1967s
 143734   596 infeasible   53        47.00000   45.00000  4.26%  76.6 1998s
 148210   527 infeasible   42        47.00000   45.00000  4.26%  75.6 2020s
 148662     0 infeasible   41        47.00000   45.00000  4.26%  75.6 2048s

Cutting planes:
  Learned: 1432
  Gomory: 12
  Lift-and-project: 60
  Cover: 83
  Implied bound: 6
  Clique: 8
  MIR: 223
  StrongCG: 6
  Flow cover: 590
  GUB cover: 36
  Zero half: 6
  RLT: 4
  Relax-and-lift: 151
  BQP: 9
  PSD: 1

Explored 152723 nodes (11481913 simplex iterations) in 2049.31 seconds (1044.80 work units)
Thread count was 18 (of 36 available processors)

Solution count 10: 47 47 47 ... 51

Optimal solution found (tolerance 1.00e-04)
Best objective 4.700000000000e+01, best bound 4.700000000000e+01, gap 0.0000%

Gurobi 11.0.0 (win64) logging started Tue Jun 18 19:59:26 2024

Set parameter LogFile to value "./Results/StripPacking-ManyRuns/Logs/RUspb-111-StripPacking-15-3.log"
Set parameter TimeLimit to value 3600
Set parameter Cuts to value 1
Set parameter Presolve to value 1
Set parameter Heuristics to value 1
Set parameter LPWarmStart to value 2
Gurobi Optimizer version 11.0.0 build v11.0.0rc2 (win64 - Windows 10.0 (19045.2))

CPU model: Intel(R) Core(TM) i9-10980XE CPU @ 3.00GHz, instruction set [SSE2|AVX|AVX2|AVX512]
Thread count: 18 physical cores, 36 logical processors, using up to 18 threads

Optimize a model with 7050 rows, 451 columns and 20610 nonzeros
Model fingerprint: 0xf468918a
Variable types: 31 continuous, 420 integer (420 binary)
Coefficient statistics:
  Matrix range     [1e+00, 1e+04]
  Objective range  [1e+00, 1e+00]
  Bounds range     [1e+00, 1e+04]
  RHS range        [1e+00, 1e+04]
Using branch priorities.

Warning: Completing partial solution with 420 unfixed non-continuous variables out of 420
User MIP start produced solution with objective 62.1 (0.03s)
User MIP start produced solution with objective 62.1 (0.03s)
Loaded user MIP start with objective 62.1

Presolve removed 210 rows and 0 columns
Presolve time: 0.05s
Presolved: 6840 rows, 451 columns, 20774 nonzeros
Variable types: 31 continuous, 420 integer (420 binary)

Root relaxation: objective 3.000000e+01, 1300 iterations, 0.11 seconds (0.19 work units)

    Nodes    |    Current Node    |     Objective Bounds      |     Work
 Expl Unexpl |  Obj  Depth IntInf | Incumbent    BestBd   Gap | It/Node Time

     0     0   30.00000    0   29   62.10000   30.00000  51.7%     -    0s
     0     0   30.00000    0   68   62.10000   30.00000  51.7%     -    0s
H    0     0                      62.0000000   30.00000  51.6%     -    0s
     0     0   30.00000    0   59   62.00000   30.00000  51.6%     -    0s
H    0     0                      61.0000000   30.00000  50.8%     -    1s
     0     0   30.00000    0   28   61.00000   30.00000  50.8%     -    1s
     0     0   30.00000    0   34   61.00000   30.00000  50.8%     -    1s
     0     0   30.00000    0   45   61.00000   30.00000  50.8%     -    1s
     0     0   30.00000    0   44   61.00000   30.00000  50.8%     -    1s
H    0     0                      58.1000000   30.00000  48.4%     -    1s
     0     0   30.00000    0   34   58.10000   30.00000  48.4%     -    2s
H    0     0                      55.0000000   30.00000  45.5%     -    2s
     0     0   30.00000    0   40   55.00000   30.00000  45.5%     -    2s
     0     0   30.00000    0   30   55.00000   30.00000  45.5%     -    2s
     0     0   30.00000    0   30   55.00000   30.00000  45.5%     -    2s
     0     2   30.00000    0   30   55.00000   30.00000  45.5%     -    2s
H   32    48                      54.0000000   30.00000  44.4%  62.3    3s
   103   118   40.00000    7   32   54.00000   30.00000  44.4%  73.8    5s
H  106   118                      53.0000000   30.00000  43.4%  73.4    5s
H  152   164                      53.0000000   30.00000  43.4%  68.1    6s
H  152   164                      52.0000000   30.00000  42.3%  68.1    6s
H  162   164                      50.0000000   30.00000  40.0%  69.3    6s
H  205   209                      49.0000000   30.00000  38.8%  72.5   13s
   292   293   41.00000   18   38   49.00000   30.00000  38.8%  65.4   58s
H  302   293                      48.0000000   30.00000  37.5%  64.1   58s
H  310   319                      47.0000000   30.00000  36.2%  63.5   63s
H  336   334                      46.0000000   30.00000  34.8%  62.7   64s
   385   377   41.00000   23   38   46.00000   30.00000  34.8%  59.6   66s
   478   456   41.00000   28   31   46.00000   30.00000  34.8%  55.0  113s
H  486   456                      44.0000000   30.00000  31.8%  54.5  113s
   499   458 infeasible   29        44.00000   30.00000  31.8%  54.4  116s
H  502   458                      44.0000000   30.00000  31.8%  54.0  116s
   637   550     cutoff   11        44.00000   30.00000  31.8%  50.7  128s
   660   563   39.00000   11   64   44.00000   30.00000  31.8%  49.9  130s
   839   674   39.00000   19   44   44.00000   30.00000  31.8%  46.3  157s
   864   690 infeasible   20        44.00000   30.00000  31.8%  45.8  162s
   886   750   43.00000   20   24   44.00000   30.00000  31.8%  45.8  165s
   992   764   31.27273    8   47   44.00000   30.00000  31.8%  44.4  179s
  1012   841   31.27273    9   51   44.00000   30.00000  31.8%  44.2  213s
  1143   872   36.00000   16   48   44.00000   30.00000  31.8%  43.0  218s
  1190   952   42.00000   21   37   44.00000   30.00000  31.8%  42.7  221s
  1608  1065   39.00000   10   87   44.00000   30.00000  31.8%  39.7  278s
  1636  1075   39.00000   11   87   44.00000   30.00000  31.8%  39.6  294s
  1661  1183   39.00000   12   81   44.00000   30.00000  31.8%  39.4  298s
  1848  1330   39.00000   14   78   44.00000   30.00000  31.8%  39.1  309s
  2122  1351 infeasible   22        44.00000   30.00000  31.8%  38.0  314s
  2169  1615   43.00000   22   75   44.00000   30.28571  31.2%  37.9  331s
  2577  1648   40.00000   22   36   44.00000   30.28571  31.2%  36.7  338s
  2658  1700   40.00000   23   33   44.00000   30.28571  31.2%  36.4  363s
  2789  1966   40.00000   24   29   44.00000   30.28571  31.2%  36.0  371s
  3322  1971   31.22222   22   53   44.00000   30.28571  31.2%  34.8  375s
  3534  2109   41.00000   24   79   44.00000   30.28571  31.2%  41.2  384s
  3578  2120   41.00000   25   56   44.00000   30.28571  31.2%  41.4  389s
  3659  2138   41.00000   26   77   44.00000   30.28571  31.2%  42.2  426s
  3678  2138   41.00000   27   68   44.00000   30.28571  31.2%  42.2  437s
H 3741  2037                      43.0000000   30.28571  29.6%  42.7  438s
  3831  2021   41.00000   29   44   43.00000   30.28571  29.6%  43.0  444s
  3860  2039   41.00000   30   46   43.00000   30.28571  29.6%  43.2  445s
  3989  2013   42.00000   24   48   43.00000   30.28571  29.6%  43.9  451s
  4032  2009   42.00000   28   46   43.00000   30.28571  29.6%  44.2  458s
  4063  2003   42.00000   29   45   43.00000   30.28571  29.6%  44.5  472s
  4103  1990     cutoff   30        43.00000   30.58447  28.9%  44.7  477s
  4309  2000   42.00000   27   11   43.00000   31.00000  27.9%  45.6  482s
  4374  2011     cutoff   28        43.00000   31.00000  27.9%  46.0  486s
  4531  1980   41.00000   25   57   43.00000   31.00000  27.9%  46.9  495s
  4593  1973   31.00000   32   69   43.00000   31.00000  27.9%  47.1  509s
  4617  1997   41.00000   33   74   43.00000   31.00000  27.9%  47.3  515s
  4984  1968     cutoff   34        43.00000   31.00000  27.9%  48.6  521s
  5291  1939     cutoff   43        43.00000   31.00000  27.9%  49.6  540s
  5566  1900 infeasible   38        43.00000   31.00000  27.9%  50.6  549s
  5654  1886     cutoff   34        43.00000   31.00000  27.9%  50.9  569s
  5705  1885     cutoff   35        43.00000   31.00000  27.9%  51.1  572s
  5823  1908   41.00000   36   48   43.00000   31.00000  27.9%  51.6  587s
  6132  1951   42.00000   31   42   43.00000   31.00000  27.9%  52.1  594s
  6606  1745 infeasible   33        43.00000   32.20168  25.1%  52.3  599s
  6686  1758   42.00000   29   47   43.00000   33.00000  23.3%  52.4  603s
  6880  1727 infeasible   39        43.00000   33.00000  23.3%  52.8  620s
  7038  1873   40.00000   33   33   43.00000   33.00000  23.3%  53.2  629s
  7734  1640 infeasible   34        43.00000   33.00000  23.3%  54.2  644s
  7807  1626 infeasible   36        43.00000   33.00000  23.3%  54.3  654s
  8020  1601 infeasible   41        43.00000   33.00000  23.3%  54.9  658s
  8404  1531   40.00000   34   49   43.00000   33.00000  23.3%  55.9  677s
  8923  1545   40.00000   33   33   43.00000   33.00000  23.3%  56.9  687s
  9697  1539   40.00000   36   42   43.00000   33.00000  23.3%  57.6  695s
  9731  1597   41.00000   37   37   43.00000   33.00000  23.3%  57.8  713s
 10301  1720 infeasible   36        43.00000   33.00000  23.3%  58.9  717s
 11185  1735   40.00000   36   19   43.00000   33.00000  23.3%  60.6  723s
 11232  1888 infeasible   38        43.00000   33.00000  23.3%  60.7  734s
 11922  1999 infeasible   40        43.00000   33.00000  23.3%  61.5  761s
 12460  2127 infeasible   36        43.00000   33.00000  23.3%  61.9  774s
 13777  2123 infeasible   31        43.00000   33.00000  23.3%  62.8  788s
 13816  2113   42.00000   31   47   43.00000   33.00000  23.3%  62.9  794s
 14788  2154   42.00000   29   36   43.00000   36.00000  16.3%  63.5  807s
 15056  2164   40.00000   29   41   43.00000   36.00000  16.3%  64.1  813s
 15116  2169 infeasible   30        43.00000   36.00000  16.3%  64.1  826s
 15674  2249 infeasible   32        43.00000   36.00000  16.3%  64.4  833s
 16620  2293   42.00000   32   44   43.00000   36.00000  16.3%  64.2  843s
 17121  2300   42.00000   32   12   43.00000   36.00000  16.3%  64.8  863s
 17152  2302     cutoff   33        43.00000   36.00000  16.3%  64.8  870s
H17175  2302                      43.0000000   36.00000  16.3%  64.8  870s
 17300  2293 infeasible   36        43.00000   36.00000  16.3%  64.8  895s
 17344  2296 infeasible   37        43.00000   36.00000  16.3%  64.8  904s
 17429  2305 infeasible   36        43.00000   36.00000  16.3%  64.8  929s
 17456  2321 infeasible   37        43.00000   36.00000  16.3%  64.8  938s
 18242  2319   37.00000   34   39   43.00000   36.00000  16.3%  64.8  958s
 18372  2336   37.00000   35   40   43.00000   36.00000  16.3%  64.8  967s
 18923  2430   40.00000   33   23   43.00000   36.00000  16.3%  64.9  991s
 19713  2388 infeasible   37        43.00000   36.00000  16.3%  65.0 1001s
 20277  2431   38.00000   34   41   43.00000   36.00000  16.3%  65.1 1010s
 21850  2638   39.00000   24   66   43.00000   36.00000  16.3%  65.2 1029s
 24390  2643   36.00000   33   72   43.00000   36.00000  16.3%  64.9 1038s
 25131  2647   39.00000   35   38   43.00000   39.00000  9.30%  65.8 1049s
 25309  2661   39.00000   31   38   43.00000   39.00000  9.30%  65.9 1071s
 26218  2761   39.00000   36   44   43.00000   39.00000  9.30%  66.1 1090s
 28158  2752   39.00000   37   36   43.00000   39.00000  9.30%  67.3 1123s
 28203  2714 infeasible   38        43.00000   39.00000  9.30%  67.4 1143s
 30627  2727 infeasible   41        43.00000   39.00000  9.30%  67.4 1154s
 30650  2749   39.00000   40   28   43.00000   39.00000  9.30%  67.3 1162s
 30834  2758 infeasible   41        43.00000   39.00000  9.30%  67.4 1190s
 30861  2796 infeasible   41        43.00000   39.00000  9.30%  67.4 1205s
 32636  2781 infeasible   36        43.00000   39.00000  9.30%  67.0 1231s
 32687  2701   39.00000   35   50   43.00000   39.00000  9.30%  67.0 1253s
*33100  1793              39      42.0000000   39.00000  7.14%  67.0 1253s
H34731  1765                      42.0000000   39.00000  7.14%  66.8 1272s
 34785  1781 infeasible   31        42.00000   39.00000  7.14%  66.8 1292s
H34865  1781                      42.0000000   39.00000  7.14%  66.8 1292s
 36387  1745 infeasible   31        42.00000   39.00000  7.14%  66.2 1299s
 36459  1741   40.00000   32   43   42.00000   39.00000  7.14%  66.1 1309s
 36517  1719   40.00000   33   36   42.00000   39.00000  7.14%  66.1 1321s
 37124  1688   40.00000   41   74   42.00000   39.00000  7.14%  65.9 1330s
 37593  1767   41.00000   41   32   42.00000   39.00000  7.14%  65.8 1345s
 39898  1737 infeasible   31        42.00000   40.00000  4.76%  64.8 1356s
 40886  1730   40.00000   30   32   42.00000   40.00000  4.76%  64.7 1369s
 42032  1743   40.00000   33   59   42.00000   40.00000  4.76%  64.5 1388s
 42726  1560 infeasible   26        42.00000   40.00000  4.76%  64.7 1447s
 48098  1582   41.00000   33   32   42.00000   40.00000  4.76%  64.2 1460s
 48226  1626   40.00000   28   27   42.00000   40.00000  4.76%  64.1 1477s
 48593  1604 infeasible   38        42.00000   40.00000  4.76%  64.0 1737s
 64959  1605     cutoff   28        42.00000   40.00000  4.76%  62.1 1757s
 64994  1614   40.00000   34   39   42.00000   40.00000  4.76%  62.1 1765s
 65023  1638 infeasible   35        42.00000   40.00000  4.76%  62.1 1791s
 67211  1630 infeasible   39        42.00000   40.00000  4.76%  61.8 1809s
 67255  1580   40.00000   36   24   42.00000   40.00000  4.76%  61.8 1823s
 68513  1561   41.00000   40   35   42.00000   40.00000  4.76%  61.8 1840s
 68772  1476 infeasible   41        42.00000   40.00000  4.76%  61.9 1858s
 69816  1470     cutoff   35        42.00000   40.00000  4.76%  61.9 1876s
 70563  1366   40.00000   45   29   42.00000   40.00000  4.76%  61.8 1896s
 71091  1284   41.00000   29   49   42.00000   40.00000  4.76%  61.8 1913s
 71879  1315     cutoff   33        42.00000   40.00000  4.76%  61.7 1928s
 72355  1291   41.00000   33   41   42.00000   41.00000  2.38%  61.6 1944s
 72441  1134   41.00000   34   53   42.00000   41.00000  2.38%  61.6 1999s
 77184   965   41.00000   38   38   42.00000   41.00000  2.38%  60.9 2089s
 81724   965   41.00000   32   45   42.00000   41.00000  2.38%  61.5 2090s
 82676   730   41.00000   35   18   42.00000   41.00000  2.38%  61.6 2222s
 90705   724     cutoff   37        42.00000   41.00000  2.38%  62.5 2243s
 90746   643 infeasible   37        42.00000   41.00000  2.38%  62.5 2278s
 93499   646   41.00000   35   33   42.00000   41.00000  2.38%  62.6 2305s
 93532   536   41.00000   36   33   42.00000   41.00000  2.38%  62.7 2325s
 95561   553   41.00000   37   37   42.00000   41.00000  2.38%  62.7 2347s
 95580   639   41.00000   38   35   42.00000   41.00000  2.38%  62.7 2376s
 97382   685   41.00000   37   34   42.00000   41.00000  2.38%  62.8 2398s
 97882   566   41.00000   41   47   42.00000   41.00000  2.38%  62.8 2422s
 100365   557   41.00000   39   19   42.00000   41.00000  2.38%  62.7 2437s
 100488   380   41.00000   40   16   42.00000   41.00000  2.38%  62.7 2452s
 101933   386   41.00000   33   58   42.00000   41.00000  2.38%  62.7 2463s
 101985   274     cutoff   34        42.00000   41.00000  2.38%  62.7 2480s
 103629   256     cutoff   39        42.00000   41.00000  2.38%  62.8 2493s
 103761   140 infeasible   39        42.00000   41.00000  2.38%  62.8 2506s
 104429   106   41.00000   34   76   42.00000   41.00000  2.38%  62.8 2520s
 104646    74   41.00000   35   58   42.00000   41.00000  2.38%  62.8 2530s
 104778    26 infeasible   36        42.00000   41.00000  2.38%  62.8 2542s
 105104    20   41.00000   36   42   42.00000   41.00000  2.38%  62.8 2561s
 105159    18   41.00000   37   40   42.00000   41.00000  2.38%  62.8 2570s

Cutting planes:
  Learned: 1566
  Gomory: 20
  Lift-and-project: 14
  Cover: 39
  Implied bound: 6
  MIR: 135
  Flow cover: 263
  GUB cover: 24
  Zero half: 7
  Relax-and-lift: 122

Explored 105389 nodes (6626020 simplex iterations) in 2571.42 seconds (710.35 work units)
Thread count was 18 (of 36 available processors)

Solution count 10: 42 42 42 ... 48

Optimal solution found (tolerance 1.00e-04)
Best objective 4.200000000000e+01, best bound 4.200000000000e+01, gap 0.0000%
