
Gurobi 11.0.0 (win64) logging started Tue May 21 17:42:24 2024

Set parameter LogFile to value "./Results/StripPacking-ManyRuns/Logs/SBL-111-StripPacking-15-0.log"
Set parameter TimeLimit to value 3600
Set parameter Cuts to value 1
Set parameter Presolve to value 1
Set parameter Heuristics to value 1
Set parameter LPWarmStart to value 2
Gurobi Optimizer version 11.0.0 build v11.0.0rc2 (win64 - Windows 10.0 (19045.2))

CPU model: Intel(R) Core(TM) i9-10980XE CPU @ 3.00GHz, instruction set [SSE2|AVX|AVX2|AVX512]
Thread count: 18 physical cores, 36 logical processors, using up to 18 threads

Optimize a model with 1275 rows, 241 columns and 4230 nonzeros
Model fingerprint: 0xae5eb8e6
Variable types: 31 continuous, 210 integer (210 binary)
Coefficient statistics:
  Matrix range     [1e+00, 1e+04]
  Objective range  [1e+00, 1e+00]
  Bounds range     [1e+00, 1e+04]
  RHS range        [5e-01, 1e+04]

Warning: Completing partial solution with 210 unfixed non-continuous variables out of 210
User MIP start produced solution with objective 72 (0.02s)
User MIP start produced solution with objective 72 (0.02s)
Loaded user MIP start with objective 72

Presolve removed 210 rows and 0 columns
Presolve time: 0.00s
Presolved: 1065 rows, 241 columns, 3600 nonzeros
Variable types: 31 continuous, 210 integer (210 binary)

Root relaxation: objective 3.700000e+01, 145 iterations, 0.00 seconds (0.00 work units)

    Nodes    |    Current Node    |     Objective Bounds      |     Work
 Expl Unexpl |  Obj  Depth IntInf | Incumbent    BestBd   Gap | It/Node Time

     0     0   37.00000    0   13   72.00000   37.00000  48.6%     -    0s
H    0     0                      69.0000000   37.00000  46.4%     -    0s
H    0     0                      66.0000000   37.00000  43.9%     -    0s
     0     0   37.00000    0   29   66.00000   37.00000  43.9%     -    0s
H    0     0                      63.0000000   37.00000  41.3%     -    0s
     0     0   37.00000    0   29   63.00000   37.00000  41.3%     -    0s
H    0     0                      61.0000000   37.00000  39.3%     -    0s
     0     0   37.00000    0   17   61.00000   37.00000  39.3%     -    0s
H    0     0                      60.0000000   37.00000  38.3%     -    0s
     0     0   37.00000    0   17   60.00000   37.00000  38.3%     -    0s
     0     0   37.00000    0   14   60.00000   37.00000  38.3%     -    0s
     0     0   37.00000    0   25   60.00000   37.00000  38.3%     -    0s
     0     0   37.00000    0   20   60.00000   37.00000  38.3%     -    0s
     0     0   37.00000    0   21   60.00000   37.00000  38.3%     -    0s
H    0     0                      59.0000000   37.00000  37.3%     -    0s
     0     0   37.00000    0   11   59.00000   37.00000  37.3%     -    0s
     0     0   37.00000    0   12   59.00000   37.00000  37.3%     -    0s
     0     0   37.00000    0   19   59.00000   37.00000  37.3%     -    0s
     0     0   37.00000    0   19   59.00000   37.00000  37.3%     -    0s
H    0     0                      57.0000000   37.00000  35.1%     -    0s
     0     2   37.00000    0   15   57.00000   37.00000  35.1%     -    0s
H  105   124                      57.0000000   37.00000  35.1%  30.1    1s
H  391   610                      51.0000000   37.00000  27.5%  22.3    2s
H  668   923                      50.0000000   37.00000  26.0%  19.7    2s
H 2504  1810                      50.0000000   37.00000  26.0%  13.6    2s
  3024  2102   41.00000   27   23   50.00000   37.00000  26.0%  13.7    5s
  5140  2435   37.00000   26   19   50.00000   37.00000  26.0%  19.2   11s
  5684  2563     cutoff   39        50.00000   37.00000  26.0%  20.6   15s
  7388  2509   48.00000   47   12   50.00000   37.00000  26.0%  23.8   21s
H 8550  2379                      49.0000000   37.00000  24.5%  25.0   23s
  9138  2191   43.00000   24   27   49.00000   37.00000  24.5%  25.5   25s
H 9283  2005                      48.0000000   37.00000  22.9%  25.7   25s
H11370  2536                      48.0000000   37.00000  22.9%  29.4   28s
 12423  3102   42.00000   38   31   48.00000   37.00000  22.9%  30.0   31s
 14346  3678   37.24347   35   35   48.00000   37.00000  22.9%  31.1   35s
 16467  4188   45.00000   33   19   48.00000   37.00000  22.9%  32.5   40s
 18947  4826   37.00000   26   29   48.00000   37.00000  22.9%  34.4   45s
 21682  5844   46.00000   32   30   48.00000   37.00000  22.9%  35.4   57s
 25887  5866   39.00000   30   25   48.00000   37.00000  22.9%  37.1   60s
 26341  5929   41.00000   29   25   48.00000   37.00000  22.9%  37.3   71s
H26345  4891                      47.0000000   37.00000  21.3%  37.3   71s
 29112  5240   41.00000   31   29   47.00000   37.00000  21.3%  38.5   78s
H29134  5240                      47.0000000   37.00000  21.3%  38.5   78s
 29142  5597 infeasible   32        47.00000   37.00000  21.3%  38.6   81s
 30792  5647 infeasible   32        47.00000   37.00000  21.3%  38.7   85s
 34110  6047   46.00000   39   23   47.00000   37.00000  21.3%  39.3   93s
 34575  6213 infeasible   39        47.00000   37.00000  21.3%  39.5   98s
 36267  6308   41.00000   29   28   47.00000   37.00000  21.3%  39.8  103s
 36973  6515   41.00000   30   28   47.00000   37.00000  21.3%  40.0  108s
 38486  6732   41.00000   29   32   47.00000   37.00000  21.3%  40.2  111s
 39797  7253   42.00000   30   32   47.00000   37.00000  21.3%  40.5  116s
 42629  7389   41.00000   31   19   47.00000   37.00000  21.3%  40.8  121s
 43557  7437 infeasible   32        47.00000   37.00000  21.3%  41.0  125s
 43814  9550   41.00000   29   19   47.00000   37.00000  21.3%  41.0  204s
 61832  9672 infeasible   34        47.00000   37.00000  21.3%  42.5  210s
 62241  9679   37.14286   36   30   47.00000   37.00000  21.3%  42.5  216s
 62278  9921   37.00000   36   22   47.00000   37.00000  21.3%  42.5  221s
 63509 10017   41.00000   37   18   47.00000   37.00000  21.3%  42.6  228s
 64247 10125   43.00000   43   15   47.00000   37.00000  21.3%  42.7  236s
 65054 10233   43.00000   37   16   47.00000   37.00000  21.3%  42.8  245s
 66261 10369   46.00000   38   23   47.00000   37.00000  21.3%  42.9  257s
 68522 10514   46.00000   39   26   47.00000   37.00000  21.3%  43.0  268s
 70789 10579 infeasible   36        47.00000   37.00000  21.3%  42.9  282s
 72230 10730   46.00000   36   20   47.00000   37.00000  21.3%  42.9  297s
 75000 10741 infeasible   51        47.00000   37.00000  21.3%  42.7  313s
 78782 10758 infeasible   39        47.00000   37.00000  21.3%  42.6  329s
 78929 10978   39.00000   29   24   47.00000   37.00000  21.3%  42.6  341s
 81802 11025 infeasible   40        47.00000   37.07299  21.1%  42.3  351s
 83355 11055 infeasible   41        47.00000   37.07299  21.1%  42.2  368s
 87014 11074 infeasible   42        47.00000   38.00000  19.1%  42.0  377s
 87846 11092 infeasible   31        47.00000   38.00000  19.1%  42.0  389s
 90333 11121 infeasible   30        47.00000   38.00000  19.1%  41.9  400s
 91858 11257   41.00000   30   23   47.00000   38.00000  19.1%  41.8  414s
 94806 11032     cutoff   44        47.00000   41.00000  12.8%  41.6  458s
 103056 11042 infeasible   32        47.00000   41.00000  12.8%  41.3  474s
 103290 11312     cutoff   33        47.00000   41.00000  12.8%  41.3  485s
 105906 11219   45.00000   45   22   47.00000   41.00000  12.8%  41.0  498s
 107942 11197 infeasible   44        47.00000   41.00000  12.8%  40.9  527s
 113342 11190     cutoff   33        47.00000   41.00000  12.8%  40.6  534s
 114077 11113   41.00000   32   23   47.00000   41.00000  12.8%  40.6  556s
 118819 11108 infeasible   27        47.00000   41.00000  12.8%  40.4  567s
 120145 11116 infeasible   41        47.00000   41.00000  12.8%  40.3  576s
 120705 11014 infeasible   41        47.00000   41.00000  12.8%  40.3  600s
 124217 10936   41.00000   32   42   47.00000   41.00000  12.8%  40.2  623s
 127388 10897   42.00000   30   36   47.00000   41.00000  12.8%  40.2  635s
 128928 10483   46.00000   36   25   47.00000   41.00000  12.8%  40.1  727s
 141991 10413 infeasible   46        47.00000   42.00000  10.6%  39.6  738s
 142632 10402   43.00000   33   21   47.00000   42.00000  10.6%  39.7  746s
 142853 10354   43.00000   34   20   47.00000   42.00000  10.6%  39.6  756s
 144760 10357   46.00000   34   24   47.00000   42.00000  10.6%  39.5  766s
 144793 10453   46.00000   35   22   47.00000   42.00000  10.6%  39.5  777s
 146996 10440   43.00000   39   33   47.00000   42.00000  10.6%  39.4  787s
 147581 10344   43.00000   40   29   47.00000   42.00000  10.6%  39.3  796s
 149170 10347   45.00000   41   29   47.00000   42.00000  10.6%  39.2  810s
 149748 10296   45.00000   42   28   47.00000   42.00000  10.6%  39.2  827s
 152770 10262   45.00000   43   26   47.00000   42.00000  10.6%  39.1  838s
 153552 10265   45.00000   44   26   47.00000   42.00000  10.6%  39.1  852s
 153646 10265 infeasible   45        47.00000   42.00000  10.6%  39.1  867s
 155890 10250   46.00000   40   20   47.00000   43.00000  8.51%  39.0  879s
 156183 10250 infeasible   39        47.00000   43.00000  8.51%  39.0  880s
 158066 10219   46.00000   41   20   47.00000   43.00000  8.51%  38.9  988s
 165888 10219   43.00000   34   26   47.00000   43.00000  8.51%  38.6  990s
 171647 10214 infeasible   38        47.00000   43.00000  8.51%  38.4 1000s
 171966 10272 infeasible   35        47.00000   43.00000  8.51%  38.4 1009s
 173518 10285   46.00000   32   18   47.00000   43.00000  8.51%  38.3 1020s
 173557 10211   46.00000   33   17   47.00000   43.00000  8.51%  38.3 1039s
 177063 10193 infeasible   34        47.00000   43.00000  8.51%  38.2 1049s
 177618 10176   46.00000   34   18   47.00000   43.00000  8.51%  38.2 1067s
 179861 10155   46.00000   34   17   47.00000   43.00000  8.51%  38.1 1130s
 186498 10168 infeasible   33        47.00000   43.00000  8.51%  38.0 1143s
 186955 10324   43.00000   34   35   47.00000   43.00000  8.51%  38.0 1157s
 189318 10335 infeasible   49        47.00000   43.00000  8.51%  37.8 1174s
 191187 10370   43.00000   48   23   47.00000   43.00000  8.51%  37.8 1200s
 194005 10348 infeasible   49        47.00000   43.00000  8.51%  37.7 1224s
 196870 10318   43.00000   35   28   47.00000   43.00000  8.51%  37.6 1249s
 199355 10311 infeasible   36        47.00000   43.00000  8.51%  37.6 1261s
 199596 10318   43.00000   35   36   47.00000   43.00000  8.51%  37.6 1288s
 202884 10298 infeasible   40        47.00000   43.00000  8.51%  37.5 1302s
 204696 10243 infeasible   38        47.00000   43.00000  8.51%  37.5 1348s
 209640 10233     cutoff   35        47.00000   43.00000  8.51%  37.4 1361s
 209826 10005   46.00000   36   20   47.00000   43.00000  8.51%  37.4 1398s
 213882 10006   46.00000   35   34   47.00000   43.00000  8.51%  37.3 1410s
 213917  9854   46.00000   36   31   47.00000   43.00000  8.51%  37.3 1438s
 217058  9857   45.00000   36   25   47.00000   44.00000  6.38%  37.2 1456s
 217091  9980   45.00000   37   28   47.00000   44.00000  6.38%  37.2 1470s
 219019  9944   46.00000   42   22   47.00000   44.00000  6.38%  37.1 1480s
 219310  8883 infeasible   43        47.00000   44.00000  6.38%  37.1 1574s
 230339  8852     cutoff   47        47.00000   46.00000  2.13%  36.8 1591s
 230893  8666 infeasible   38        47.00000   46.00000  2.13%  36.8 1612s
 233628  8606 infeasible   36        47.00000   46.00000  2.13%  36.6 1627s
 234413  8384   46.00000   39   17   47.00000   46.00000  2.13%  36.6 1653s
 237826  8244   46.00000   38   20   47.00000   46.00000  2.13%  36.4 1668s
 239028  7966   46.00000   39   20   47.00000   46.00000  2.13%  36.4 1698s
 243093  7897   46.00000   41   27   47.00000   46.00000  2.13%  36.2 1713s
 243819  7900   46.00000   31   15   47.00000   46.00000  2.13%  36.2 1725s
 244107  7796   46.00000   38    6   47.00000   46.00000  2.13%  36.2 1766s
 248152  7520 infeasible   43        47.00000   46.00000  2.13%  36.0 1798s
 251071  7155 infeasible   44        47.00000   46.00000  2.13%  35.9 1829s
 253673  6867   46.00000   37   11   47.00000   46.00000  2.13%  35.8 1860s
 256167  6446   46.00000   37   14   47.00000   46.00000  2.13%  35.8 1904s
 257978  6446   46.00000   38   24   47.00000   46.00000  2.13%  35.7 1905s
 260531  6305   46.00000   31   14   47.00000   46.00000  2.13%  35.6 1924s
 261482  5710   46.00000   32   13   47.00000   46.00000  2.13%  35.6 1967s
 266102  5620   46.00000   43   32   47.00000   46.00000  2.13%  35.6 1985s
 267359  5610 infeasible   44        47.00000   46.00000  2.13%  35.6 1999s
 267588  5622 infeasible   46        47.00000   46.00000  2.13%  35.5 2029s
 269624  5207   46.00000   49   10   47.00000   46.00000  2.13%  35.5 2087s
 276161  4861   46.00000   37   21   47.00000   46.00000  2.13%  35.3 2115s
 278970  4641   46.00000   42   15   47.00000   46.00000  2.13%  35.3 2154s
 282521  4499   46.00000   44    9   47.00000   46.00000  2.13%  35.2 2183s
 284677  3923     cutoff   38        47.00000   46.00000  2.13%  35.1 2276s
 292821  3719     cutoff   43        47.00000   46.00000  2.13%  34.9 2302s
 294122  3614 infeasible   33        47.00000   46.00000  2.13%  34.9 2328s
 296706  3539   46.00000   38   22   47.00000   46.00000  2.13%  34.9 2353s
 298270  3143   46.00000   39   21   47.00000   46.00000  2.13%  34.9 2411s
 303621  3124 infeasible   39        47.00000   46.00000  2.13%  34.8 2431s
 303700  2935     cutoff   32        47.00000   46.00000  2.13%  34.8 2452s
 305923  2717   46.00000   32   25   47.00000   46.00000  2.13%  34.7 2500s
 310587  2532 infeasible   49        47.00000   46.00000  2.13%  34.6 2528s
 312857  2451   46.00000   37   15   47.00000   46.00000  2.13%  34.6 2556s
 314567  2401   46.00000   38   16   47.00000   46.00000  2.13%  34.6 2594s
 318235  2055   46.00000   39   18   47.00000   46.00000  2.13%  34.4 2655s
 323695  1847 infeasible   40        47.00000   46.00000  2.13%  34.3 2691s
 327388  1795   46.00000   40   25   47.00000   46.00000  2.13%  34.3 2704s
 327632  1779   46.00000   41   25   47.00000   46.00000  2.13%  34.3 2714s
 327981  1730 infeasible   40        47.00000   46.00000  2.13%  34.3 2730s
 328475  1462   46.00000   37   19   47.00000   46.00000  2.13%  34.3 2797s
 335195  1329     cutoff   36        47.00000   46.00000  2.13%  34.1 2810s
 336281   876   46.00000   36   16   47.00000   46.00000  2.13%  34.1 2864s
 342511   877     cutoff   41        47.00000   46.00000  2.13%  33.9 2875s
 342546   703     cutoff   42        47.00000   46.00000  2.13%  33.9 2916s
 347945   723 infeasible   33        47.00000   46.00000  2.13%  33.8 2924s
 348279   766   46.00000   56   11   47.00000   46.00000  2.13%  33.8 2936s
 348392   296 infeasible   61        47.00000   46.00000  2.13%  33.8 3107s
 364603   331   46.00000   37   18   47.00000   46.00000  2.13%  33.5 3116s
 365379   288   46.00000   68   10   47.00000   46.00000  2.13%  33.5 3122s
 365942   200   46.00000   37   38   47.00000   46.00000  2.13%  33.5 3134s
 367836   196 infeasible   53        47.00000   46.00000  2.13%  33.5 3141s
 367876    66   46.00000   71   16   47.00000   46.00000  2.13%  33.5 3148s
 369088    57 infeasible   47        47.00000   46.00000  2.13%  33.5 3156s
 369776     8 infeasible   40        47.00000   46.00000  2.13%  33.5 3161s

Cutting planes:
  Learned: 7034
  Gomory: 11
  Cover: 82
  MIR: 164
  StrongCG: 11
  Flow cover: 379
  RLT: 27
  Relax-and-lift: 2

Explored 370067 nodes (12391669 simplex iterations) in 3162.65 seconds (728.10 work units)
Thread count was 18 (of 36 available processors)

Solution count 10: 47 47 47 ... 57

Optimal solution found (tolerance 1.00e-04)
Best objective 4.700000000000e+01, best bound 4.700000000000e+01, gap 0.0000%

Gurobi 11.0.0 (win64) logging started Tue Jun 18 11:50:30 2024

Set parameter LogFile to value "./Results/StripPacking-ManyRuns/Logs/SBL-111-StripPacking-15-0.log"
Set parameter TimeLimit to value 3600
Set parameter Cuts to value 1
Set parameter Presolve to value 1
Set parameter Heuristics to value 1
Set parameter LPWarmStart to value 2
Gurobi Optimizer version 11.0.0 build v11.0.0rc2 (win64 - Windows 10.0 (19045.2))

CPU model: Intel(R) Core(TM) i9-10980XE CPU @ 3.00GHz, instruction set [SSE2|AVX|AVX2|AVX512]
Thread count: 18 physical cores, 36 logical processors, using up to 18 threads

Optimize a model with 1275 rows, 241 columns and 4230 nonzeros
Model fingerprint: 0xaf25fd54
Variable types: 31 continuous, 210 integer (210 binary)
Coefficient statistics:
  Matrix range     [1e+00, 1e+04]
  Objective range  [1e+00, 1e+00]
  Bounds range     [1e+00, 1e+04]
  RHS range        [5e-01, 1e+04]

Warning: Completing partial solution with 210 unfixed non-continuous variables out of 210
User MIP start produced solution with objective 62.1 (0.00s)
User MIP start produced solution with objective 62.1 (0.00s)
Loaded user MIP start with objective 62.1

Presolve removed 210 rows and 0 columns
Presolve time: 0.00s
Presolved: 1065 rows, 241 columns, 3600 nonzeros
Variable types: 31 continuous, 210 integer (210 binary)

Root relaxation: objective 3.200000e+01, 129 iterations, 0.00 seconds (0.00 work units)

    Nodes    |    Current Node    |     Objective Bounds      |     Work
 Expl Unexpl |  Obj  Depth IntInf | Incumbent    BestBd   Gap | It/Node Time

     0     0   32.00000    0   17   62.10000   32.00000  48.5%     -    0s
H    0     0                      61.0000000   32.00000  47.5%     -    0s
     0     0   32.00000    0   37   61.00000   32.00000  47.5%     -    0s
H    0     0                      60.0000000   32.00000  46.7%     -    0s
     0     0   32.00000    0   30   60.00000   32.00000  46.7%     -    0s
H    0     0                      58.0000000   32.00000  44.8%     -    0s
     0     0   32.00000    0   17   58.00000   32.00000  44.8%     -    0s
H    0     0                      57.0000000   32.00000  43.9%     -    0s
     0     0   32.00000    0   21   57.00000   32.00000  43.9%     -    0s
     0     0   32.00000    0   24   57.00000   32.00000  43.9%     -    0s
     0     0   32.00000    0   35   57.00000   32.00000  43.9%     -    0s
     0     0   32.00000    0   19   57.00000   32.00000  43.9%     -    0s
     0     0   32.00000    0   27   57.00000   32.00000  43.9%     -    0s
     0     0   32.00000    0   15   57.00000   32.00000  43.9%     -    0s
H    0     0                      56.0000000   32.00000  42.9%     -    0s
     0     0   32.00000    0   24   56.00000   32.00000  42.9%     -    0s
     0     0   32.00000    0   18   56.00000   32.00000  42.9%     -    0s
     0     0   32.00000    0   18   56.00000   32.00000  42.9%     -    0s
     0     2   32.00000    0   18   56.00000   32.00000  42.9%     -    0s
H   98   104                      53.0000000   32.00000  39.6%  31.0    0s
H  103   128                      52.0000000   32.00000  38.5%  30.7    3s
H  124   128                      51.0000000   32.00000  37.3%  30.1    3s
   554   558   43.00000   26   16   51.00000   32.00000  37.3%  26.1    6s
H  567   558                      48.0000000   32.00000  33.3%  25.8    6s
H 1089   886                      47.0000000   32.00000  31.9%  19.2    9s
  1127  1039   32.30918   18   34   47.00000   32.00000  31.9%  19.0   10s
  2221  1326   41.00000    9   16   47.00000   32.00000  31.9%  18.1   15s
  3516  1931   38.00000   19   33   47.00000   32.00000  31.9%  20.3   21s
H 3530  1833                      47.0000000   32.00000  31.9%  20.4   21s
  3791  1992     cutoff   29        47.00000   32.00000  31.9%  21.4   26s
  3887  2040 infeasible   30        47.00000   32.00000  31.9%  21.8   30s
  4497  2065     cutoff   32        47.00000   32.00000  31.9%  23.2   36s
  4629  2146 infeasible   36        47.00000   32.00000  31.9%  23.4   40s
* 4944  1998              47      46.0000000   32.00000  30.4%  24.0   44s
  4978  2095     cutoff   46        46.00000   32.00000  30.4%  24.1   45s
  5382  2151 infeasible   30        46.00000   32.00000  30.4%  24.6   50s
H 5991  1873                      46.0000000   32.00000  30.4%  26.7   52s
  6101  2012   38.00000   22   42   46.00000   32.00000  30.4%  26.9   56s
  7222  1938 infeasible   29        46.00000   32.00000  30.4%  27.9   62s
  8056  1900   45.00000   36   20   46.00000   32.00000  30.4%  28.6   65s
  8740  2137 infeasible   30        46.00000   32.00000  30.4%  29.1   70s
H10130  1428                      45.0000000   32.00000  28.9%  29.0   74s
 10395  1347     cutoff   30        45.00000   32.00000  28.9%  29.2   76s
 11310  1509   43.00000   28   13   45.00000   33.44000  25.7%  29.7   81s
 12397  1593   34.00000   25   73   45.00000   34.00000  24.4%  30.2   85s
 14222  1761 infeasible   42        45.00000   34.00000  24.4%  30.1   90s
H14224  1761                      45.0000000   34.00000  24.4%  30.1   90s
 16038  1865   38.00000   25   42   45.00000   34.00000  24.4%  30.3   95s
 17468  2000     cutoff   28        45.00000   37.00000  17.8%  30.3  102s
 17504  2090   39.00000   29   35   45.00000   37.00000  17.8%  30.3  105s
 18733  2264   38.00000   31   35   45.00000   37.00000  17.8%  30.2  110s
 20669  2335   42.00000   34   32   45.00000   37.00000  17.8%  29.8  116s
 22561  2385     cutoff   29        45.00000   38.00000  15.6%  29.7  120s
 23312  2954 infeasible   30        45.00000   38.00000  15.6%  29.6  126s
 28204  2940     cutoff   29        45.00000   38.00000  15.6%  29.0  132s
 28457  2943   41.00000   34   27   45.00000   38.00000  15.6%  28.9  143s
 28495  2939     cutoff   35        45.00000   38.00000  15.6%  28.9  146s
 28617  2941   43.00000   26   22   45.00000   38.00000  15.6%  29.0  152s
 28713  2938 infeasible   28        45.00000   38.00000  15.6%  28.9  156s
 29049  2982 infeasible   28        45.00000   38.00000  15.6%  28.9  160s
 30442  2989   43.00000   31   16   45.00000   38.00000  15.6%  28.9  165s
 31690  3026   43.00000   37   15   45.00000   38.00000  15.6%  28.9  173s
 32488  3058 infeasible   38        45.00000   38.00000  15.6%  28.9  178s
 34005  3068   41.00000   31   32   45.00000   38.00000  15.6%  28.9  183s
 34962  3088     cutoff   30        45.00000   38.00000  15.6%  28.9  187s
 35201  3064   42.00000   30   28   45.00000   38.00000  15.6%  28.9  192s
 35533  3345   42.00000   31   22   45.00000   38.00000  15.6%  28.9  197s
 37644  3197     cutoff   32        45.00000   39.00000  13.3%  28.6  203s
 41054  3170 infeasible   35        45.00000   39.00000  13.3%  28.6  207s
 42106  3051   44.00000   51   25   45.00000   39.00000  13.3%  28.5  213s
 47214  3033   43.00000   28   24   45.00000   39.00000  13.3%  28.4  219s
 47551  3029   43.00000   29   25   45.00000   39.00000  13.3%  28.3  222s
 47783  3069   39.00000   28   35   45.00000   39.00000  13.3%  28.4  225s
 48809  2960   39.00000   37   38   45.00000   39.00000  13.3%  28.3  262s
 59637  2991   43.00000   32   20   45.00000   41.00000  8.89%  28.0  268s
 59841  3004   43.00000   33   19   45.00000   41.00000  8.89%  28.0  272s
 60627  3014   42.00000   32   20   45.00000   41.00000  8.89%  28.0  277s
 60911  3156 infeasible   33        45.00000   41.00000  8.89%  28.0  281s
 62143  3170   41.00000   46   30   45.00000   41.00000  8.89%  27.9  286s
 62691  3170 infeasible   46        45.00000   41.00000  8.89%  27.9  290s
 63246  3163 infeasible   47        45.00000   41.00000  8.89%  27.9  295s
 64798  3175   41.00000   42   13   45.00000   41.00000  8.89%  27.9  301s
 66456  3248   41.00000   43   13   45.00000   41.00000  8.89%  27.8  308s
 68995  3329 infeasible   44        45.00000   41.00000  8.89%  27.7  320s
 73082  3379 infeasible   42        45.00000   41.00000  8.89%  27.6  330s
 73348  3995 infeasible   38        45.00000   41.00000  8.89%  27.6  447s
 91366  4005   42.00000   53   24   45.00000   41.00000  8.89%  27.0  456s
 91409  3995 infeasible   31        45.00000   41.00000  8.89%  27.0  463s
 91966  3994 infeasible   29        45.00000   41.00000  8.89%  27.0  467s
 92545  3975 infeasible   30        45.00000   41.00000  8.89%  27.0  473s
 93245  3966 infeasible   31        45.00000   41.00000  8.89%  27.0  480s
 94250  3937   41.00000   29   32   45.00000   41.00000  8.89%  27.0  486s
 95428  3942   43.00000   43   16   45.00000   41.00000  8.89%  27.0  495s
 96719  3947   41.00000   27   27   45.00000   41.00000  8.89%  27.0  503s
 96766  3336   41.00000   27   24   45.00000   41.00000  8.89%  27.0  548s
 105012  3333 infeasible   27        45.00000   41.00000  8.89%  26.9  559s
 105050  3227 infeasible   28        45.00000   41.00000  8.89%  26.9  567s
 106554  3229     cutoff   49        45.00000   41.00000  8.89%  26.9  575s
 106587  3042 infeasible   49        45.00000   41.00000  8.89%  26.9  584s
 108553  3039   43.00000   34   18   45.00000   42.00000  6.67%  26.9  592s
 108592  2918     cutoff   35        45.00000   42.00000  6.67%  26.9  599s
 109533  2918     cutoff   35        45.00000   42.00000  6.67%  26.8  600s
 110502  2909 infeasible   31        45.00000   42.00000  6.67%  26.8  607s
 110569  2930 infeasible   32        45.00000   42.00000  6.67%  26.8  614s
 110659  2924 infeasible   31        45.00000   42.00000  6.67%  26.8  625s
 110857  2857   44.00000   32   10   45.00000   42.00000  6.67%  26.8  630s
 112106  2855   43.00000   35   11   45.00000   42.00000  6.67%  26.7  638s
 112348  2768 infeasible   36        45.00000   42.00000  6.67%  26.7  647s
 114031  2735 infeasible   51        45.00000   42.00000  6.67%  26.7  653s
 114393  2566 infeasible   53        45.00000   42.00000  6.67%  26.6  661s
 116553  2536 infeasible   32        45.00000   43.00000  4.44%  26.6  667s
 117119  2541   43.00000   39   20   45.00000   43.00000  4.44%  26.5  675s
 118070  2466   43.00000   41   17   45.00000   43.00000  4.44%  26.5  686s
 120102  1892   43.00000   32   16   45.00000   43.00000  4.44%  26.4  724s
 121323  1892   43.00000   36   19   45.00000   43.00000  4.44%  26.3  725s
 126286  1863   43.00000   26   26   45.00000   43.00000  4.44%  26.2  734s
 126789  1819 infeasible   38        45.00000   43.00000  4.44%  26.2  769s
 132601  1817 infeasible   36        45.00000   43.00000  4.44%  26.1  781s
 132639  1680     cutoff   39        45.00000   43.00000  4.44%  26.1  798s
 135506  1522   43.00000   35   19   45.00000   43.00000  4.44%  26.0  812s
 138241  1435   43.00000   38   15   45.00000   43.00000  4.44%  26.0  825s
 139590  1196   43.00000   39   16   45.00000   43.00000  4.44%  26.0  852s
 143782   977 infeasible   38        45.00000   43.00000  4.44%  26.0  867s
 146714   909   43.00000   37   37   45.00000   43.00000  4.44%  26.0  875s
 148242   665   43.00000   32   25   45.00000   43.00000  4.44%  26.0  896s
 151723   602 infeasible   38        45.00000   43.00000  4.44%  25.9  904s
 152296   619   43.00000   33   29   45.00000   43.00000  4.44%  25.9  911s
 152424   637   43.00000   35   26   45.00000   43.00000  4.44%  25.9  922s
 153218   286   43.00000   36   26   45.00000   43.00000  4.44%  25.9  944s
 154496   286   43.00000   53   14   45.00000   43.00000  4.44%  25.8  945s
 157641   155 infeasible   34        45.00000   43.00000  4.44%  25.8  954s
 158640   222 infeasible   35        45.00000   43.00000  4.44%  25.8  964s
 159491     0   43.00000   48   24   45.00000   43.00000  4.44%  25.7  972s

Cutting planes:
  Learned: 4623
  Gomory: 2
  Cover: 74
  MIR: 100
  StrongCG: 3
  Flow cover: 282
  RLT: 50

Explored 161816 nodes (4173759 simplex iterations) in 972.68 seconds (362.47 work units)
Thread count was 18 (of 36 available processors)

Solution count 10: 45 45 45 ... 52

Optimal solution found (tolerance 1.00e-04)
Best objective 4.500000000000e+01, best bound 4.500000000000e+01, gap 0.0000%
