
Gurobi 11.0.0 (win64) logging started Wed May 22 10:22:11 2024

Set parameter LogFile to value "./Results/StripPacking-ManyRuns/Logs/SBL-111-StripPacking-15-3.log"
Set parameter TimeLimit to value 3600
Set parameter Cuts to value 1
Set parameter Presolve to value 1
Set parameter Heuristics to value 1
Set parameter LPWarmStart to value 2
Gurobi Optimizer version 11.0.0 build v11.0.0rc2 (win64 - Windows 10.0 (19045.2))

CPU model: Intel(R) Core(TM) i9-10980XE CPU @ 3.00GHz, instruction set [SSE2|AVX|AVX2|AVX512]
Thread count: 18 physical cores, 36 logical processors, using up to 18 threads

Optimize a model with 1275 rows, 241 columns and 4230 nonzeros
Model fingerprint: 0xae5eb8e6
Variable types: 31 continuous, 210 integer (210 binary)
Coefficient statistics:
  Matrix range     [1e+00, 1e+04]
  Objective range  [1e+00, 1e+00]
  Bounds range     [1e+00, 1e+04]
  RHS range        [5e-01, 1e+04]

Warning: Completing partial solution with 210 unfixed non-continuous variables out of 210
User MIP start produced solution with objective 72 (0.00s)
User MIP start produced solution with objective 72 (0.00s)
Loaded user MIP start with objective 72

Presolve removed 210 rows and 0 columns
Presolve time: 0.00s
Presolved: 1065 rows, 241 columns, 3600 nonzeros
Variable types: 31 continuous, 210 integer (210 binary)

Root relaxation: objective 3.700000e+01, 145 iterations, 0.00 seconds (0.00 work units)

    Nodes    |    Current Node    |     Objective Bounds      |     Work
 Expl Unexpl |  Obj  Depth IntInf | Incumbent    BestBd   Gap | It/Node Time

     0     0   37.00000    0   13   72.00000   37.00000  48.6%     -    0s
H    0     0                      69.0000000   37.00000  46.4%     -    0s
H    0     0                      66.0000000   37.00000  43.9%     -    0s
     0     0   37.00000    0   29   66.00000   37.00000  43.9%     -    0s
H    0     0                      63.0000000   37.00000  41.3%     -    0s
     0     0   37.00000    0   29   63.00000   37.00000  41.3%     -    0s
H    0     0                      61.0000000   37.00000  39.3%     -    0s
     0     0   37.00000    0   17   61.00000   37.00000  39.3%     -    0s
H    0     0                      60.0000000   37.00000  38.3%     -    0s
     0     0   37.00000    0   17   60.00000   37.00000  38.3%     -    0s
     0     0   37.00000    0   14   60.00000   37.00000  38.3%     -    0s
     0     0   37.00000    0   25   60.00000   37.00000  38.3%     -    0s
     0     0   37.00000    0   20   60.00000   37.00000  38.3%     -    0s
     0     0   37.00000    0   21   60.00000   37.00000  38.3%     -    0s
H    0     0                      59.0000000   37.00000  37.3%     -    0s
     0     0   37.00000    0   11   59.00000   37.00000  37.3%     -    0s
     0     0   37.00000    0   12   59.00000   37.00000  37.3%     -    0s
     0     0   37.00000    0   19   59.00000   37.00000  37.3%     -    0s
     0     0   37.00000    0   19   59.00000   37.00000  37.3%     -    0s
H    0     0                      57.0000000   37.00000  35.1%     -    0s
     0     2   37.00000    0   15   57.00000   37.00000  35.1%     -    0s
H  105   124                      57.0000000   37.00000  35.1%  30.1    3s
H  391   610                      51.0000000   37.00000  27.5%  22.3    3s
   643   923 infeasible   28        51.00000   37.00000  27.5%  20.0    5s
H  668   923                      50.0000000   37.00000  26.0%  19.7    5s
H 2504  1810                      50.0000000   37.00000  26.0%  13.6    5s
  3024  2102   41.00000   27   23   50.00000   37.00000  26.0%  13.7   10s
  4499  2469   37.00000   35   32   50.00000   37.00000  26.0%  17.8   15s
  5167  2538   37.31343   27   28   50.00000   37.00000  26.0%  19.3   20s
  5658  2383   44.00000   38   19   50.00000   37.00000  26.0%  20.6   25s
  6489  2482   38.22275   32   31   50.00000   37.00000  26.0%  22.2   30s
  7388  2509   48.00000   47   12   50.00000   37.00000  26.0%  23.8   36s
H 8550  2379                      49.0000000   37.00000  24.5%  25.0   39s
  9138  2191   43.00000   24   27   49.00000   37.00000  24.5%  25.5   41s
H 9283  2005                      48.0000000   37.00000  22.9%  25.7   41s
 10554  2536   37.00000   23   38   48.00000   37.00000  22.9%  28.3   45s
H11370  2536                      48.0000000   37.00000  22.9%  29.4   45s
 13535  3268   46.00000   34   35   48.00000   37.00000  22.9%  30.3   51s
 15975  3760 infeasible   33        48.00000   37.00000  22.9%  32.2   57s
 18347  4280   37.00000   25   38   48.00000   37.00000  22.9%  34.0   62s
 18947  4826   37.00000   26   29   48.00000   37.00000  22.9%  34.4   65s
 21682  5844   46.00000   32   30   48.00000   37.00000  22.9%  35.4   79s
 25887  5866   39.00000   30   25   48.00000   37.00000  22.9%  37.1   83s
 26129  5918   39.00000   31   25   48.00000   37.00000  22.9%  37.3   85s
 26341  5929   41.00000   29   25   48.00000   37.00000  22.9%  37.3   93s
H26345  4891                      47.0000000   37.00000  21.3%  37.3   93s
 26366  5234   41.00000   30   23   47.00000   37.00000  21.3%  37.3   97s
 29112  5240   41.00000   31   29   47.00000   37.00000  21.3%  38.5  101s
H29134  5240                      47.0000000   37.00000  21.3%  38.5  101s
 29338  5597   42.00000   33   37   47.00000   37.00000  21.3%  38.6  105s
 31321  5997 infeasible   37        47.00000   37.00000  21.3%  38.8  113s
 34110  6047   46.00000   39   23   47.00000   37.00000  21.3%  39.3  119s
 34575  6213 infeasible   39        47.00000   37.00000  21.3%  39.5  124s
 36267  6308   41.00000   29   28   47.00000   37.00000  21.3%  39.8  128s
 36973  6515   41.00000   30   28   47.00000   37.00000  21.3%  40.0  133s
 38486  6732   41.00000   29   32   47.00000   37.00000  21.3%  40.2  137s
 39797  7253   42.00000   30   32   47.00000   37.00000  21.3%  40.5  143s
 42629  7389   41.00000   31   19   47.00000   37.00000  21.3%  40.8  149s
 43557  7437 infeasible   32        47.00000   37.00000  21.3%  41.0  154s
 43814  9550   41.00000   29   19   47.00000   37.00000  21.3%  41.0  268s
 61832  9672 infeasible   34        47.00000   37.00000  21.3%  42.5  275s
 62241  9679   37.14286   36   30   47.00000   37.00000  21.3%  42.5  281s
 62278  9921   37.00000   36   22   47.00000   37.00000  21.3%  42.5  287s
 63509 10017   41.00000   37   18   47.00000   37.00000  21.3%  42.6  295s
 64247 10125   43.00000   43   15   47.00000   37.00000  21.3%  42.7  304s
 65054 10233   43.00000   37   16   47.00000   37.00000  21.3%  42.8  313s
 66261 10369   46.00000   38   23   47.00000   37.00000  21.3%  42.9  325s
 68522 10514   46.00000   39   26   47.00000   37.00000  21.3%  43.0  339s
 70789 10579 infeasible   36        47.00000   37.00000  21.3%  42.9  356s
 72230 10730   46.00000   36   20   47.00000   37.00000  21.3%  42.9  378s
 75000 10741 infeasible   51        47.00000   37.00000  21.3%  42.7  399s
 78782 10758 infeasible   39        47.00000   37.00000  21.3%  42.6  413s
 78929 10978   39.00000   29   24   47.00000   37.00000  21.3%  42.6  428s
 81802 11025 infeasible   40        47.00000   37.07299  21.1%  42.3  440s
 83355 11055 infeasible   41        47.00000   37.07299  21.1%  42.2  463s
 87014 11074 infeasible   42        47.00000   38.00000  19.1%  42.0  475s
 87846 11092 infeasible   31        47.00000   38.00000  19.1%  42.0  486s
 90333 11121 infeasible   30        47.00000   38.00000  19.1%  41.9  499s
 91858 11257   41.00000   30   23   47.00000   38.00000  19.1%  41.8  516s
 94806 11032     cutoff   44        47.00000   41.00000  12.8%  41.6  589s
 103056 11042 infeasible   32        47.00000   41.00000  12.8%  41.3  608s
 103290 11312     cutoff   33        47.00000   41.00000  12.8%  41.3  627s
 105906 11219   45.00000   45   22   47.00000   41.00000  12.8%  41.0  645s
 107942 11197 infeasible   44        47.00000   41.00000  12.8%  40.9  692s
 113342 11190     cutoff   33        47.00000   41.00000  12.8%  40.6  700s
 114077 11113   41.00000   32   23   47.00000   41.00000  12.8%  40.6  738s
 118819 11108 infeasible   27        47.00000   41.00000  12.8%  40.4  751s
 120145 11116 infeasible   41        47.00000   41.00000  12.8%  40.3  761s
 120705 11014 infeasible   41        47.00000   41.00000  12.8%  40.3  799s
 124217 10936   41.00000   32   42   47.00000   41.00000  12.8%  40.2  831s
 127388 10897   42.00000   30   36   47.00000   41.00000  12.8%  40.2  848s
 128928 10483   46.00000   36   25   47.00000   41.00000  12.8%  40.1  975s
 141991 10413 infeasible   46        47.00000   42.00000  10.6%  39.6  987s
 142632 10402   43.00000   33   21   47.00000   42.00000  10.6%  39.7  995s
 142853 10354   43.00000   34   20   47.00000   42.00000  10.6%  39.6 1011s
 144760 10357   46.00000   34   24   47.00000   42.00000  10.6%  39.5 1020s
 144793 10453   46.00000   35   22   47.00000   42.00000  10.6%  39.5 1037s
 146996 10440   43.00000   39   33   47.00000   42.00000  10.6%  39.4 1049s
 147581 10344   43.00000   40   29   47.00000   42.00000  10.6%  39.3 1062s
 149170 10347   45.00000   41   29   47.00000   42.00000  10.6%  39.2 1078s
 149748 10296   45.00000   42   28   47.00000   42.00000  10.6%  39.2 1102s
 152770 10262   45.00000   43   26   47.00000   42.00000  10.6%  39.1 1112s
 153552 10265   45.00000   44   26   47.00000   42.00000  10.6%  39.1 1128s
 153646 10265 infeasible   45        47.00000   42.00000  10.6%  39.1 1150s
 155890 10250   46.00000   40   20   47.00000   43.00000  8.51%  39.0 1165s
 158066 10219   46.00000   41   20   47.00000   43.00000  8.51%  38.9 1314s
 165888 10219   43.00000   34   26   47.00000   43.00000  8.51%  38.6 1315s
 171647 10214 infeasible   38        47.00000   43.00000  8.51%  38.4 1326s
 171966 10272 infeasible   35        47.00000   43.00000  8.51%  38.4 1339s
 173518 10285   46.00000   32   18   47.00000   43.00000  8.51%  38.3 1352s
 173557 10211   46.00000   33   17   47.00000   43.00000  8.51%  38.3 1384s
 176709 10211     cutoff   31        47.00000   43.00000  8.51%  38.2 1385s
 177063 10193 infeasible   34        47.00000   43.00000  8.51%  38.2 1395s
 177618 10176   46.00000   34   18   47.00000   43.00000  8.51%  38.2 1419s
 179861 10155   46.00000   34   17   47.00000   43.00000  8.51%  38.1 1493s
 186498 10168 infeasible   33        47.00000   43.00000  8.51%  38.0 1510s
 186955 10324   43.00000   34   35   47.00000   43.00000  8.51%  38.0 1532s
 189318 10335 infeasible   49        47.00000   43.00000  8.51%  37.8 1552s
 191187 10370   43.00000   48   23   47.00000   43.00000  8.51%  37.8 1587s
 194005 10348 infeasible   49        47.00000   43.00000  8.51%  37.7 1618s
 196870 10318   43.00000   35   28   47.00000   43.00000  8.51%  37.6 1649s
 199355 10311 infeasible   36        47.00000   43.00000  8.51%  37.6 1663s
 199596 10318   43.00000   35   36   47.00000   43.00000  8.51%  37.6 1703s
 202884 10298 infeasible   40        47.00000   43.00000  8.51%  37.5 1723s
 204696 10243 infeasible   38        47.00000   43.00000  8.51%  37.5 1777s
 209640 10233     cutoff   35        47.00000   43.00000  8.51%  37.4 1793s
 209826 10005   46.00000   36   20   47.00000   43.00000  8.51%  37.4 1835s
 213882 10006   46.00000   35   34   47.00000   43.00000  8.51%  37.3 1848s
 213917  9854   46.00000   36   31   47.00000   43.00000  8.51%  37.3 1881s
 217058  9857   45.00000   36   25   47.00000   44.00000  6.38%  37.2 1902s
 217091  9980   45.00000   37   28   47.00000   44.00000  6.38%  37.2 1921s
 219019  9944   46.00000   42   22   47.00000   44.00000  6.38%  37.1 1931s
 219310  8883 infeasible   43        47.00000   44.00000  6.38%  37.1 2055s
 230339  8852     cutoff   47        47.00000   46.00000  2.13%  36.8 2074s
 230666  8852 infeasible   45        47.00000   46.00000  2.13%  36.8 2075s
 230893  8666 infeasible   38        47.00000   46.00000  2.13%  36.8 2103s
 233628  8606 infeasible   36        47.00000   46.00000  2.13%  36.6 2120s
 234413  8384   46.00000   39   17   47.00000   46.00000  2.13%  36.6 2156s
 237826  8244   46.00000   38   20   47.00000   46.00000  2.13%  36.4 2171s
 239028  7966   46.00000   39   20   47.00000   46.00000  2.13%  36.4 2210s
 243093  7897   46.00000   41   27   47.00000   46.00000  2.13%  36.2 2227s
 243819  7900   46.00000   31   15   47.00000   46.00000  2.13%  36.2 2240s
 244107  7796   46.00000   38    6   47.00000   46.00000  2.13%  36.2 2283s
 248152  7520 infeasible   43        47.00000   46.00000  2.13%  36.0 2319s
 251071  7155 infeasible   44        47.00000   46.00000  2.13%  35.9 2352s
 253673  6867   46.00000   37   11   47.00000   46.00000  2.13%  35.8 2391s
 256167  6446   46.00000   37   14   47.00000   46.00000  2.13%  35.8 2439s
 257978  6446   46.00000   38   24   47.00000   46.00000  2.13%  35.7 2440s
 260531  6305   46.00000   31   14   47.00000   46.00000  2.13%  35.6 2458s
 261482  5710   46.00000   32   13   47.00000   46.00000  2.13%  35.6 2505s
 266102  5620   46.00000   43   32   47.00000   46.00000  2.13%  35.6 2525s
 267359  5610 infeasible   44        47.00000   46.00000  2.13%  35.6 2542s
 267588  5622 infeasible   46        47.00000   46.00000  2.13%  35.5 2575s
 269624  5207   46.00000   49   10   47.00000   46.00000  2.13%  35.5 2649s
 271388  5207   46.00000   43   22   47.00000   46.00000  2.13%  35.4 2650s
 276161  4861   46.00000   37   21   47.00000   46.00000  2.13%  35.3 2682s
 278970  4641   46.00000   42   15   47.00000   46.00000  2.13%  35.3 2726s
 282521  4499   46.00000   44    9   47.00000   46.00000  2.13%  35.2 2756s
 284677  3923     cutoff   38        47.00000   46.00000  2.13%  35.1 2851s
 292821  3719     cutoff   43        47.00000   46.00000  2.13%  34.9 2875s
 294122  3614 infeasible   33        47.00000   46.00000  2.13%  34.9 2903s
 296706  3539   46.00000   38   22   47.00000   46.00000  2.13%  34.9 2925s
 298270  3143   46.00000   39   21   47.00000   46.00000  2.13%  34.9 2985s
 303621  3124 infeasible   39        47.00000   46.00000  2.13%  34.8 3006s
 303700  2935     cutoff   32        47.00000   46.00000  2.13%  34.8 3029s
 305923  2717   46.00000   32   25   47.00000   46.00000  2.13%  34.7 3080s
 310587  2532 infeasible   49        47.00000   46.00000  2.13%  34.6 3104s
 312857  2451   46.00000   37   15   47.00000   46.00000  2.13%  34.6 3131s
 314567  2401   46.00000   38   16   47.00000   46.00000  2.13%  34.6 3169s
 318235  2055   46.00000   39   18   47.00000   46.00000  2.13%  34.4 3224s
 320024  2055 infeasible   38        47.00000   46.00000  2.13%  34.4 3225s
 323695  1847 infeasible   40        47.00000   46.00000  2.13%  34.3 3262s
 327388  1795   46.00000   40   25   47.00000   46.00000  2.13%  34.3 3273s
 327632  1779   46.00000   41   25   47.00000   46.00000  2.13%  34.3 3284s
 327981  1730 infeasible   40        47.00000   46.00000  2.13%  34.3 3298s
 328475  1462   46.00000   37   19   47.00000   46.00000  2.13%  34.3 3369s
 335195  1329     cutoff   36        47.00000   46.00000  2.13%  34.1 3381s
 336281   876   46.00000   36   16   47.00000   46.00000  2.13%  34.1 3442s
 342511   877     cutoff   41        47.00000   46.00000  2.13%  33.9 3451s
 342546   703     cutoff   42        47.00000   46.00000  2.13%  33.9 3493s
 347945   723 infeasible   33        47.00000   46.00000  2.13%  33.8 3500s
 348279   766   46.00000   56   11   47.00000   46.00000  2.13%  33.8 3510s
 348392   739 infeasible   61        47.00000   46.00000  2.13%  33.8 3600s

Cutting planes:
  Learned: 7025
  Gomory: 11
  Cover: 82
  MIR: 164
  StrongCG: 11
  Flow cover: 379
  RLT: 27
  Relax-and-lift: 2

Explored 358100 nodes (12023408 simplex iterations) in 3602.02 seconds (699.17 work units)
Thread count was 18 (of 36 available processors)

Solution count 10: 47 47 48 ... 57

Time limit reached
Best objective 4.699999999520e+01, best bound 4.600000000000e+01, gap 2.1277%

Gurobi 11.0.0 (win64) logging started Tue Jun 18 12:53:08 2024

Set parameter LogFile to value "./Results/StripPacking-ManyRuns/Logs/SBL-111-StripPacking-15-3.log"
Set parameter TimeLimit to value 3600
Set parameter Cuts to value 1
Set parameter Presolve to value 1
Set parameter Heuristics to value 1
Set parameter LPWarmStart to value 2
Gurobi Optimizer version 11.0.0 build v11.0.0rc2 (win64 - Windows 10.0 (19045.2))

CPU model: Intel(R) Core(TM) i9-10980XE CPU @ 3.00GHz, instruction set [SSE2|AVX|AVX2|AVX512]
Thread count: 18 physical cores, 36 logical processors, using up to 18 threads

Optimize a model with 1275 rows, 241 columns and 4230 nonzeros
Model fingerprint: 0x5d7884c0
Variable types: 31 continuous, 210 integer (210 binary)
Coefficient statistics:
  Matrix range     [1e+00, 1e+04]
  Objective range  [1e+00, 1e+00]
  Bounds range     [1e+00, 1e+04]
  RHS range        [5e-01, 1e+04]

Warning: Completing partial solution with 210 unfixed non-continuous variables out of 210
User MIP start produced solution with objective 62.1 (0.00s)
User MIP start produced solution with objective 62.1 (0.00s)
Loaded user MIP start with objective 62.1

Presolve removed 210 rows and 0 columns
Presolve time: 0.02s
Presolved: 1065 rows, 241 columns, 3600 nonzeros
Variable types: 31 continuous, 210 integer (210 binary)

Root relaxation: objective 3.000000e+01, 132 iterations, 0.00 seconds (0.00 work units)

    Nodes    |    Current Node    |     Objective Bounds      |     Work
 Expl Unexpl |  Obj  Depth IntInf | Incumbent    BestBd   Gap | It/Node Time

     0     0   30.00000    0   14   62.10000   30.00000  51.7%     -    0s
H    0     0                      60.0000000   30.00000  50.0%     -    0s
H    0     0                      56.0000000   30.00000  46.4%     -    0s
     0     0   30.00000    0   31   56.00000   30.00000  46.4%     -    0s
H    0     0                      55.0000000   30.00000  45.5%     -    0s
     0     0   30.00000    0   35   55.00000   30.00000  45.5%     -    0s
H    0     0                      53.0000000   30.00000  43.4%     -    0s
     0     0   30.00000    0   19   53.00000   30.00000  43.4%     -    0s
     0     0   30.00000    0   32   53.00000   30.00000  43.4%     -    0s
     0     0   30.00000    0   20   53.00000   30.00000  43.4%     -    0s
     0     0   30.00000    0   27   53.00000   30.00000  43.4%     -    0s
     0     0   30.00000    0   19   53.00000   30.00000  43.4%     -    0s
     0     0   30.00000    0   28   53.00000   30.00000  43.4%     -    0s
     0     0   30.00000    0   21   53.00000   30.00000  43.4%     -    0s
     0     0   30.00000    0   13   53.00000   30.00000  43.4%     -    0s
H    0     2                      52.0000000   30.00000  42.3%     -    0s
     0     2   30.00000    0   13   52.00000   30.00000  42.3%     -    0s
H   86   104                      51.0000000   30.00000  41.2%  21.4    0s
H  111   133                      51.0000000   30.00000  41.2%  19.1    1s
H  191   239                      50.0000000   30.00000  40.0%  17.2    5s
H  234   239                      48.0000000   30.00000  37.5%  17.1    5s
H  386   427                      46.0000000   30.00000  34.8%  14.8    7s
H  514   511                      45.0000000   30.00000  33.3%  14.4    9s
   556   770   30.00000   21   33   45.00000   30.00000  33.3%  14.5   10s
   982   875 infeasible   33        45.00000   30.00000  33.3%  14.6   17s
H 1019   875                      44.0000000   30.00000  31.8%  14.4   17s
  2009  1188   42.00000   38   21   44.00000   30.00000  31.8%  13.1   24s
H 2037  1188                      44.0000000   30.00000  31.8%  13.2   24s
  2047  1504   42.00000   39   19   44.00000   30.00000  31.8%  13.2   25s
  2757  1671   30.00000   13   51   44.00000   30.00000  31.8%  13.1   31s
  3596  1946   32.00000   22   36   44.00000   30.00000  31.8%  15.4   35s
  3762  2034   33.00000   27   34   44.00000   30.00000  31.8%  16.1   41s
H 3770  1938                      43.0000000   30.00000  30.2%  16.2   41s
  3781  1948   41.00000   27   19   43.00000   30.00000  30.2%  16.2   45s
  3981  2008   41.00000   31   24   43.00000   30.00000  30.2%  16.9   52s
H 4047  1912                      43.0000000   30.00000  30.2%  17.2   54s
  4050  1945   42.00000   34   28   43.00000   30.00000  30.2%  17.3   55s
  4232  1902   30.00000   22   36   43.00000   30.00000  30.2%  17.8   62s
  4446  1935   36.00000   29   29   43.00000   30.00000  30.2%  18.3   65s
  4675  1913   40.00000   34   25   43.00000   30.00000  30.2%  19.0   71s
  4919  2004   41.00000   28   12   43.00000   30.00000  30.2%  20.0   75s
  5170  1949     cutoff   30        43.00000   30.00000  30.2%  20.8   81s
  5395  2075   30.00000   22   38   43.00000   30.00000  30.2%  21.2   85s
  5677  2116   40.00000   24   26   43.00000   30.00000  30.2%  21.7   90s
  6295  2104   30.24068   27   42   43.00000   30.00000  30.2%  22.6   96s
  6998  2006   38.00000   34   18   43.00000   30.00000  30.2%  23.2  101s
  7402  2062   42.00000   39    9   43.00000   30.00000  30.2%  23.7  105s
  8307  2016   41.00000   29   14   43.00000   30.17852  29.8%  24.0  110s
  9988  2411   41.00000   30   33   43.00000   31.00000  27.9%  24.2  116s
 11237  2677 infeasible   29        43.00000   31.00000  27.9%  24.3  122s
 12858  3226   42.00000   50   24   43.00000   32.00000  25.6%  24.7  127s
 13712  3658   41.00000   37   27   43.00000   32.00000  25.6%  25.0  132s
 15089  3671   41.00000   38   27   43.00000   32.00000  25.6%  25.3  136s
 15973  3969 infeasible   45        43.00000   32.00000  25.6%  25.3  141s
 15999  4313 infeasible   46        43.00000   32.00000  25.6%  25.3  146s
 17681  4325   41.00000   40   22   43.00000   33.00000  23.3%  25.6  150s
 17919  4376   41.00000   45   19   43.00000   33.00000  23.3%  25.7  159s
 17942  4382   41.00000   46   19   43.00000   33.00000  23.3%  25.7  160s
 17985  4389   41.00000   48   15   43.00000   33.00000  23.3%  25.7  166s
 19080  4709   40.00000   50   11   43.00000   35.00000  18.6%  25.6  173s
 19103  5151   40.00000   50   10   43.00000   35.00000  18.6%  25.6  179s
 20951  5147     cutoff   46        43.00000   36.00000  16.3%  25.6  184s
 20990  5627 infeasible   46        43.00000   36.00000  16.3%  25.6  187s
 23231  5834   42.00000   31   19   43.00000   36.00000  16.3%  25.7  192s
*24074  4149              58      42.0000000   36.00000  14.3%  25.6  192s
 24311  4510   41.00000   35   20   42.00000   36.00000  14.3%  25.6  203s
 28316  4513   40.00000   38   12   42.00000   36.00000  14.3%  25.5  210s
 29225  4662   37.00000   34   26   42.00000   36.00000  14.3%  25.7  218s
 29860  4710 infeasible   37        42.00000   36.00000  14.3%  25.7  224s
 30708  4785   36.00000   31   23   42.00000   36.00000  14.3%  25.7  229s
 31276  5108 infeasible   35        42.00000   36.00000  14.3%  25.7  241s
 34415  5103   40.00000   33   23   42.00000   36.00000  14.3%  25.9  248s
 34456  5338 infeasible   34        42.00000   37.00000  11.9%  25.9  257s
 37029  5343 infeasible   37        42.00000   37.00000  11.9%  26.2  263s
 37059  5378   37.00000   33   18   42.00000   37.00000  11.9%  26.2  269s
 37179  5366   41.00000   35   10   42.00000   37.00000  11.9%  26.2  275s
 38610  5579   41.00000   47   17   42.00000   37.00000  11.9%  26.2  282s
 38846  5719   41.00000   48   16   42.00000   37.00000  11.9%  26.2  290s
 41140  5936   40.00000   48   16   42.00000   37.00000  11.9%  26.3  302s
 43907  5945     cutoff   41        42.00000   37.00000  11.9%  26.4  306s
 43933  6168   41.00000   40   14   42.00000   37.00000  11.9%  26.4  310s
 46025  6820   39.00000   30   14   42.00000   39.00000  7.14%  26.5  340s
 54292  6818   39.00000   31   16   42.00000   39.00000  7.14%  27.0  347s
H54315  6818                      42.0000000   39.00000  7.14%  27.0  347s
 54333  6927     cutoff   32        42.00000   39.00000  7.14%  27.0  353s
 55339  7009   41.00000   31   19   42.00000   39.00000  7.14%  27.0  358s
 56483  7112   41.00000   32   17   42.00000   39.00000  7.14%  26.9  365s
 58681  7310   39.00000   42   21   42.00000   39.00000  7.14%  27.0  372s
 60322  7548   39.00000   43   21   42.00000   39.00000  7.14%  27.0  381s
 64093  7575 infeasible   52        42.00000   39.00000  7.14%  26.9  391s
 64443  7939   41.00000   52   15   42.00000   39.00000  7.14%  26.9  400s
 67224  7938 infeasible   44        42.00000   39.00000  7.14%  26.8  408s
 68077  7939   40.00000   43   13   42.00000   39.00000  7.14%  26.9  411s
 68181  8026   39.00000   36   38   42.00000   39.00000  7.14%  26.9  419s
 68235  8060   39.00000   37   49   42.00000   39.00000  7.14%  26.9  423s
 68253  8072   39.00000   38   47   42.00000   39.00000  7.14%  26.9  430s
 68492  8193   39.00000   42   22   42.00000   39.00000  7.14%  27.0  436s
 68745  8186   39.00000   48   20   42.00000   39.00000  7.14%  27.0  442s
 68974  8238   40.00000   40   18   42.00000   39.00000  7.14%  27.1  450s
 69347  8366   41.00000   36   16   42.00000   39.00000  7.14%  27.1  456s
 69638  8349   39.00000   44   50   42.00000   39.00000  7.14%  27.1  460s
 70492  8285   41.00000   55   22   42.00000   39.00000  7.14%  27.2  465s
 71101  8326   40.00000   47   27   42.00000   39.00000  7.14%  27.3  470s
 72053  8341   39.00000   39   55   42.00000   39.00000  7.14%  27.5  476s
 72253  8312   39.00000   41   44   42.00000   39.00000  7.14%  27.5  481s
 73304  8389   39.00000   43   45   42.00000   39.00000  7.14%  27.7  486s
 74660  8390 infeasible   41        42.00000   39.00000  7.14%  27.8  492s
 75823  8377   39.00000   47   34   42.00000   39.00000  7.14%  28.0  499s
 75848  8638   39.00000   45   47   42.00000   39.00000  7.14%  28.0  500s
 76626  8460   39.00000   42   37   42.00000   39.00000  7.14%  28.1  506s
 78082  8233   39.00000   44   30   42.00000   39.00000  7.14%  28.3  511s
 78699  8165   39.00000   44   32   42.00000   39.00000  7.14%  28.4  516s
 79797  8084   39.00000   41   35   42.00000   39.00000  7.14%  28.5  524s
 79825  8257   41.00000   42   28   42.00000   39.00000  7.14%  28.5  527s
 80354  8136   41.00000   56   20   42.00000   39.00000  7.14%  28.6  530s
 81562  8072   39.00000   43   31   42.00000   39.00000  7.14%  28.7  537s
 82048  8348     cutoff   48        42.00000   39.00000  7.14%  28.8  541s
 83494  7881   40.00000   43   20   42.00000   39.00000  7.14%  28.9  545s
 84132  7927   40.00000   46   13   42.00000   39.00000  7.14%  29.0  552s
 84343  8261 infeasible   47        42.00000   39.00000  7.14%  29.0  561s
 86269  7625   39.00000   46   50   42.00000   39.00000  7.14%  29.2  569s
 86303  7890   39.00000   47   47   42.00000   39.00000  7.14%  29.2  574s
 87833  7478 infeasible   57        42.00000   39.00000  7.14%  29.3  579s
 88373  7590   41.00000   57   17   42.00000   39.00000  7.14%  29.3  584s
 89284  7298 infeasible   48        42.00000   39.00000  7.14%  29.4  589s
 89338  7771     cutoff   49        42.00000   39.00000  7.14%  29.4  595s
 91807  6963   39.00000   40   43   42.00000   39.00000  7.14%  29.6  607s
 91828  7985   39.00000   41   42   42.00000   39.00000  7.14%  29.6  620s
 96580  7949   40.00000   51   14   42.00000   39.00000  7.14%  29.9  626s
 97452  8106   39.00000   45   34   42.00000   39.00000  7.14%  29.9  633s
 97480  8418   39.00000   44   38   42.00000   39.00000  7.14%  29.9  639s
 99094  8427 infeasible   50        42.00000   39.00000  7.14%  30.0  644s
 99121  8582   41.00000   49   21   42.00000   39.00000  7.14%  30.0  648s
 100386  8912 infeasible   46        42.00000   39.00000  7.14%  30.0  651s
 102852  9408   41.00000   53   16   42.00000   39.00000  7.14%  30.2  662s
 104825  9414   39.00000   49   29   42.00000   39.00000  7.14%  30.2  670s
 105048  9478   39.00000   47   25   42.00000   39.00000  7.14%  30.2  679s
 105148  9671 infeasible   61        42.00000   39.00000  7.14%  30.2  682s
 106109 10003   40.00000   52   23   42.00000   39.00000  7.14%  30.3  692s
 108470 10036 infeasible   53        42.00000   39.00000  7.14%  30.4  699s
 108647 10401   39.00000   49   33   42.00000   39.00000  7.14%  30.4  712s
 111733 10431 infeasible   56        42.00000   39.00000  7.14%  30.6  717s
 111831 10503 infeasible   56        42.00000   39.00000  7.14%  30.6  724s
 112330 11027   39.00000   46   36   42.00000   39.00000  7.14%  30.6  736s
 114967 11491   40.00000   45   18   42.00000   39.00000  7.14%  30.7  751s
 117972 11928   39.00000   43   50   42.00000   39.00000  7.14%  30.7  764s
 120363 13286     cutoff   58        42.00000   39.00000  7.14%  30.8  818s
 128494 13393   41.00000   49   21   42.00000   39.00000  7.14%  30.8  825s
 129102 13802   41.00000   50   23   42.00000   39.00000  7.14%  30.8  843s
 132100 13809     cutoff   51        42.00000   39.00000  7.14%  30.9  855s
 132129 14207     cutoff   52        42.00000   39.00000  7.14%  30.9  876s
 135287 14255   39.00000   56   29   42.00000   39.00000  7.14%  31.0  890s
 135669 14698   39.00000   57   28   42.00000   39.00000  7.14%  31.0  913s
 139062 14945 infeasible   57        42.00000   39.00000  7.14%  31.0  932s
 141264 15982   41.00000   57    9   42.00000   39.00000  7.14%  31.0 1000s
 150949 15977   39.00000   48   31   42.00000   39.00000  7.14%  31.1 1009s
 150982 16014   39.00000   49   28   42.00000   39.00000  7.14%  31.1 1014s
 151151 16086     cutoff   55        42.00000   39.00000  7.14%  31.1 1024s
 151467 16287 infeasible   56        42.00000   39.00000  7.14%  31.1 1034s
 152318 16287   40.00000   63   19   42.00000   39.00000  7.14%  31.0 1035s
 152929 16298   41.00000   56   14   42.00000   39.00000  7.14%  31.0 1041s
 152954 16572     cutoff   57        42.00000   39.00000  7.14%  31.0 1054s
 154881 16582 infeasible   45        42.00000   39.00000  7.14%  31.0 1071s
 154905 16809   40.00000   45   25   42.00000   39.00000  7.14%  31.0 1084s
 156832 16822     cutoff   56        42.00000   39.00000  7.14%  31.0 1091s
 156853 16990 infeasible   57        42.00000   39.00000  7.14%  31.0 1100s
 157969 17025   40.00000   55   16   42.00000   39.00000  7.14%  31.0 1111s
 158740 17150   41.00000   56   15   42.00000   39.00000  7.14%  31.0 1131s
 160942 17296   39.00000   52   27   42.00000   39.00000  7.14%  30.9 1154s
 162547 18079   41.00000   59    6   42.00000   39.00000  7.14%  30.9 1264s
 175264 18085 infeasible   52        42.00000   39.00000  7.14%  30.8 1275s
 175410 18145 infeasible   52        42.00000   39.00000  7.14%  30.8 1282s
 175698 18142 infeasible   58        42.00000   39.00000  7.14%  30.8 1290s
 175730 18379   40.00000   45   26   42.00000   39.00000  7.14%  30.8 1304s
 177390 18386 infeasible   58        42.00000   39.00000  7.14%  30.7 1311s
 177488 18555   40.00000   58   12   42.00000   39.00000  7.14%  30.7 1324s
 179548 18558   41.00000   53   19   42.00000   39.00000  7.14%  30.7 1343s
 179581 18740   41.00000   54   18   42.00000   39.00000  7.14%  30.7 1365s
 182608 18835   41.00000   66   11   42.00000   39.00000  7.14%  30.7 1377s
 184171 18817 infeasible   67        42.00000   39.00000  7.14%  30.7 1534s
 187717 18817   40.00000   48   20   42.00000   39.00000  7.14%  30.6 1535s
 198750 18825 infeasible   47        42.00000   39.00000  7.14%  30.5 1545s
 198781 18981   40.00000   52   21   42.00000   39.00000  7.14%  30.5 1558s
 199943 19006   39.00000   50   26   42.00000   39.00000  7.14%  30.5 1571s
 200501 19112     cutoff   64        42.00000   39.00000  7.14%  30.5 1589s
 202172 19127 infeasible   59        42.00000   39.00000  7.14%  30.5 1602s
 202505 19420   41.00000   58   17   42.00000   39.00000  7.14%  30.5 1632s
 205873 19425 infeasible   58        42.00000   39.00000  7.14%  30.4 1648s
 205904 20495   40.00000   45   20   42.00000   39.00000  7.14%  30.4 1843s
 213912 20495 infeasible   60        42.00000   39.00000  7.14%  30.3 1845s
 223922 20493   39.00000   41   25   42.00000   39.00000  7.14%  30.2 1858s
 223960 20617   39.00000   42   23   42.00000   39.00000  7.14%  30.2 1880s
 225698 20614 infeasible   53        42.00000   39.00000  7.14%  30.2 1889s
 225798 20803   39.00000   50   12   42.00000   39.00000  7.14%  30.2 1911s
 227974 20804   41.00000   54   14   42.00000   39.00000  7.14%  30.2 1923s
 228068 21653   41.00000   55   12   42.00000   39.00000  7.14%  30.2 2144s
 229069 21653   41.00000   55   16   42.00000   39.00000  7.14%  30.2 2145s
 246086 21641     cutoff   49        42.00000   39.00000  7.14%  30.3 2162s
 246220 21651     cutoff   50        42.00000   39.00000  7.14%  30.3 2177s
 246409 21676   40.00000   51   22   42.00000   39.00000  7.14%  30.3 2189s
 246719 21829 infeasible   51        42.00000   39.00000  7.14%  30.3 2212s
 248902 21863 infeasible   56        42.00000   39.00000  7.14%  30.3 2225s
 249326 22079 infeasible   55        42.00000   39.00000  7.14%  30.3 2251s
 251867 22134   39.00000   57   17   42.00000   39.00000  7.14%  30.3 2265s
 252600 23220   39.00000   58   19   42.00000   39.00000  7.14%  30.3 2489s
 261609 23220   39.00000   47   23   42.00000   39.00000  7.14%  30.2 2492s
 270618 23222 infeasible   48        42.00000   39.00000  7.14%  30.2 2518s
 270652 23324 infeasible   49        42.00000   39.00000  7.14%  30.2 2546s
 272585 23368   39.00000   42   40   42.00000   39.00000  7.14%  30.2 2560s
 272991 23420 infeasible   43        42.00000   39.00000  7.14%  30.1 2584s
 274276 23420 infeasible   51        42.00000   39.00000  7.14%  30.1 2585s
 275079 23476   41.00000   44   24   42.00000   39.00000  7.14%  30.1 2610s
 275678 24176   41.00000   45   24   42.00000   39.00000  7.14%  30.2 2863s
 291694 24176     cutoff   47        42.00000   39.00000  7.14%  30.2 2868s
 293696 24178   39.00000   54   21   42.00000   39.00000  7.14%  30.3 2887s
 293730 24225   39.00000   55   19   42.00000   39.00000  7.14%  30.3 2907s
 294073 24235   39.00000   49   27   42.00000   39.00000  7.14%  30.3 2925s
 294099 24413   39.00000   50   27   42.00000   39.00000  7.14%  30.3 2955s
 296414 24414   41.00000   44   21   42.00000   39.00000  7.14%  30.3 2981s
 296449 24584 infeasible   45        42.00000   39.00000  7.14%  30.3 3015s
 299211 24690   41.00000   56   32   42.00000   39.00000  7.14%  30.3 3041s
 300531 25658 infeasible   54        42.00000   39.00000  7.14%  30.3 3283s
 318549 25662 infeasible   46        42.00000   39.00000  7.14%  30.3 3318s
 318744 25702     cutoff   56        42.00000   39.00000  7.14%  30.3 3342s
 320474 25712 infeasible   53        42.00000   39.00000  7.14%  30.3 3382s
 320499 25784   39.00000   51   17   42.00000   39.00000  7.14%  30.3 3407s
 321762 25801 infeasible   56        42.00000   39.00000  7.14%  30.3 3428s
 322230 26289 infeasible   57        42.00000   39.00000  7.14%  30.3 3600s

Cutting planes:
  Learned: 6094
  Gomory: 15
  Cover: 69
  MIR: 149
  StrongCG: 6
  Flow cover: 520
  Mod-K: 1
  RLT: 60
  Relax-and-lift: 5

Explored 334205 nodes (10124323 simplex iterations) in 3603.43 seconds (759.19 work units)
Thread count was 18 (of 36 available processors)

Solution count 10: 42 42 43 ... 50

Time limit reached
Best objective 4.199999999570e+01, best bound 3.900000000000e+01, gap 7.1429%
