
Gurobi 11.0.0 (win64) logging started Wed May 22 09:23:54 2024

Set parameter LogFile to value "./Results/StripPacking-ManyRuns/Logs/SBL-111-StripPacking-15-2.log"
Set parameter TimeLimit to value 3600
Set parameter Cuts to value 1
Set parameter Presolve to value 1
Set parameter Heuristics to value 1
Set parameter LPWarmStart to value 2
Gurobi Optimizer version 11.0.0 build v11.0.0rc2 (win64 - Windows 10.0 (19045.2))

CPU model: Intel(R) Core(TM) i9-10980XE CPU @ 3.00GHz, instruction set [SSE2|AVX|AVX2|AVX512]
Thread count: 18 physical cores, 36 logical processors, using up to 18 threads

Optimize a model with 1275 rows, 241 columns and 4230 nonzeros
Model fingerprint: 0xae5eb8e6
Variable types: 31 continuous, 210 integer (210 binary)
Coefficient statistics:
  Matrix range     [1e+00, 1e+04]
  Objective range  [1e+00, 1e+00]
  Bounds range     [1e+00, 1e+04]
  RHS range        [5e-01, 1e+04]

Warning: Completing partial solution with 210 unfixed non-continuous variables out of 210
User MIP start produced solution with objective 72 (0.00s)
User MIP start produced solution with objective 72 (0.00s)
Loaded user MIP start with objective 72

Presolve removed 210 rows and 0 columns
Presolve time: 0.00s
Presolved: 1065 rows, 241 columns, 3600 nonzeros
Variable types: 31 continuous, 210 integer (210 binary)

Root relaxation: objective 3.700000e+01, 145 iterations, 0.00 seconds (0.00 work units)

    Nodes    |    Current Node    |     Objective Bounds      |     Work
 Expl Unexpl |  Obj  Depth IntInf | Incumbent    BestBd   Gap | It/Node Time

     0     0   37.00000    0   13   72.00000   37.00000  48.6%     -    0s
H    0     0                      69.0000000   37.00000  46.4%     -    0s
H    0     0                      66.0000000   37.00000  43.9%     -    0s
     0     0   37.00000    0   29   66.00000   37.00000  43.9%     -    0s
H    0     0                      63.0000000   37.00000  41.3%     -    0s
     0     0   37.00000    0   29   63.00000   37.00000  41.3%     -    0s
H    0     0                      61.0000000   37.00000  39.3%     -    0s
     0     0   37.00000    0   17   61.00000   37.00000  39.3%     -    0s
H    0     0                      60.0000000   37.00000  38.3%     -    0s
     0     0   37.00000    0   17   60.00000   37.00000  38.3%     -    0s
     0     0   37.00000    0   14   60.00000   37.00000  38.3%     -    0s
     0     0   37.00000    0   25   60.00000   37.00000  38.3%     -    0s
     0     0   37.00000    0   20   60.00000   37.00000  38.3%     -    0s
     0     0   37.00000    0   21   60.00000   37.00000  38.3%     -    0s
H    0     0                      59.0000000   37.00000  37.3%     -    0s
     0     0   37.00000    0   11   59.00000   37.00000  37.3%     -    0s
     0     0   37.00000    0   12   59.00000   37.00000  37.3%     -    0s
     0     0   37.00000    0   19   59.00000   37.00000  37.3%     -    0s
     0     0   37.00000    0   19   59.00000   37.00000  37.3%     -    0s
H    0     0                      57.0000000   37.00000  35.1%     -    0s
     0     2   37.00000    0   15   57.00000   37.00000  35.1%     -    0s
H  105   124                      57.0000000   37.00000  35.1%  30.1    1s
H  391   610                      51.0000000   37.00000  27.5%  22.3    1s
H  668   923                      50.0000000   37.00000  26.0%  19.7    2s
H 2504  1810                      50.0000000   37.00000  26.0%  13.6    3s
  2989  1707   41.00000   28   21   50.00000   37.00000  26.0%  13.6    5s
  5140  2435   37.00000   26   19   50.00000   37.00000  26.0%  19.2   12s
  5658  2383   44.00000   38   19   50.00000   37.00000  26.0%  20.6   15s
  6813  2404   37.25666   26   48   50.00000   37.00000  26.0%  22.6   20s
  8185  2777   43.00000   36   20   50.00000   37.00000  26.0%  24.7   25s
H 8550  2379                      49.0000000   37.00000  24.5%  25.0   25s
H 9283  2005                      48.0000000   37.00000  22.9%  25.7   27s
  9939  2329   46.00000   37   32   48.00000   37.00000  22.9%  26.9   30s
H11370  2536                      48.0000000   37.00000  22.9%  29.4   31s
 13535  3268   46.00000   34   35   48.00000   37.00000  22.9%  30.3   36s
 15975  3760 infeasible   33        48.00000   37.00000  22.9%  32.2   42s
 18347  4280   37.00000   25   38   48.00000   37.00000  22.9%  34.0   46s
 20999  4946   43.00000   30   19   48.00000   37.00000  22.9%  35.1   52s
 21682  5844   46.00000   32   30   48.00000   37.00000  22.9%  35.4   63s
 25887  5866   39.00000   30   25   48.00000   37.00000  22.9%  37.1   67s
 26341  5929   41.00000   29   25   48.00000   37.00000  22.9%  37.3   76s
H26345  4891                      47.0000000   37.00000  21.3%  37.3   76s
 26366  5234   41.00000   30   23   47.00000   37.00000  21.3%  37.3   80s
H29134  5240                      47.0000000   37.00000  21.3%  38.5   83s
 29142  5597 infeasible   32        47.00000   37.00000  21.3%  38.6   86s
 30792  5647 infeasible   32        47.00000   37.00000  21.3%  38.7   90s
 34110  6047   46.00000   39   23   47.00000   37.00000  21.3%  39.3   99s
 34575  6213 infeasible   39        47.00000   37.00000  21.3%  39.5  103s
 36267  6308   41.00000   29   28   47.00000   37.00000  21.3%  39.8  107s
 36973  6515   41.00000   30   28   47.00000   37.00000  21.3%  40.0  111s
 38486  6732   41.00000   29   32   47.00000   37.00000  21.3%  40.2  115s
 39797  7253   42.00000   30   32   47.00000   37.00000  21.3%  40.5  120s
 42629  7389   41.00000   31   19   47.00000   37.00000  21.3%  40.8  125s
 43557  7437 infeasible   32        47.00000   37.00000  21.3%  41.0  130s
 43814  9550   41.00000   29   19   47.00000   37.00000  21.3%  41.0  233s
 61832  9672 infeasible   34        47.00000   37.00000  21.3%  42.5  239s
 62241  9679   37.14286   36   30   47.00000   37.00000  21.3%  42.5  245s
 62278  9921   37.00000   36   22   47.00000   37.00000  21.3%  42.5  251s
 63509 10017   41.00000   37   18   47.00000   37.00000  21.3%  42.6  258s
 64247 10125   43.00000   43   15   47.00000   37.00000  21.3%  42.7  267s
 65054 10233   43.00000   37   16   47.00000   37.00000  21.3%  42.8  276s
 66261 10369   46.00000   38   23   47.00000   37.00000  21.3%  42.9  288s
 68522 10514   46.00000   39   26   47.00000   37.00000  21.3%  43.0  303s
 70789 10579 infeasible   36        47.00000   37.00000  21.3%  42.9  317s
 72230 10730   46.00000   36   20   47.00000   37.00000  21.3%  42.9  336s
 75000 10741 infeasible   51        47.00000   37.00000  21.3%  42.7  357s
 78782 10758 infeasible   39        47.00000   37.00000  21.3%  42.6  371s
 78929 10978   39.00000   29   24   47.00000   37.00000  21.3%  42.6  386s
 81802 11025 infeasible   40        47.00000   37.07299  21.1%  42.3  397s
 83355 11055 infeasible   41        47.00000   37.07299  21.1%  42.2  417s
 87014 11074 infeasible   42        47.00000   38.00000  19.1%  42.0  427s
 87846 11092 infeasible   31        47.00000   38.00000  19.1%  42.0  438s
 90333 11121 infeasible   30        47.00000   38.00000  19.1%  41.9  449s
 91858 11257   41.00000   30   23   47.00000   38.00000  19.1%  41.8  465s
 94806 11032     cutoff   44        47.00000   41.00000  12.8%  41.6  533s
 103056 11042 infeasible   32        47.00000   41.00000  12.8%  41.3  549s
 103290 11312     cutoff   33        47.00000   41.00000  12.8%  41.3  566s
 105906 11219   45.00000   45   22   47.00000   41.00000  12.8%  41.0  583s
 107942 11197 infeasible   44        47.00000   41.00000  12.8%  40.9  629s
 113342 11190     cutoff   33        47.00000   41.00000  12.8%  40.6  636s
 114077 11113   41.00000   32   23   47.00000   41.00000  12.8%  40.6  672s
 118819 11108 infeasible   27        47.00000   41.00000  12.8%  40.4  685s
 120145 11116 infeasible   41        47.00000   41.00000  12.8%  40.3  694s
 120705 11014 infeasible   41        47.00000   41.00000  12.8%  40.3  730s
 124217 10936   41.00000   32   42   47.00000   41.00000  12.8%  40.2  763s
 127388 10897   42.00000   30   36   47.00000   41.00000  12.8%  40.2  779s
 128928 10483   46.00000   36   25   47.00000   41.00000  12.8%  40.1  913s
 141991 10413 infeasible   46        47.00000   42.00000  10.6%  39.6  923s
 142632 10402   43.00000   33   21   47.00000   42.00000  10.6%  39.7  931s
 142853 10354   43.00000   34   20   47.00000   42.00000  10.6%  39.6  946s
 144760 10357   46.00000   34   24   47.00000   42.00000  10.6%  39.5  954s
 144793 10453   46.00000   35   22   47.00000   42.00000  10.6%  39.5  973s
 146996 10440   43.00000   39   33   47.00000   42.00000  10.6%  39.4  983s
 147581 10344   43.00000   40   29   47.00000   42.00000  10.6%  39.3  996s
 149170 10347   45.00000   41   29   47.00000   42.00000  10.6%  39.2 1010s
 149748 10296   45.00000   42   28   47.00000   42.00000  10.6%  39.2 1034s
 152770 10262   45.00000   43   26   47.00000   42.00000  10.6%  39.1 1044s
 153552 10265   45.00000   44   26   47.00000   42.00000  10.6%  39.1 1058s
 153646 10265 infeasible   45        47.00000   42.00000  10.6%  39.1 1079s
 155890 10250   46.00000   40   20   47.00000   43.00000  8.51%  39.0 1092s
 158066 10219   46.00000   41   20   47.00000   43.00000  8.51%  38.9 1241s
 171647 10214 infeasible   38        47.00000   43.00000  8.51%  38.4 1254s
 171966 10272 infeasible   35        47.00000   43.00000  8.51%  38.4 1268s
 173518 10285   46.00000   32   18   47.00000   43.00000  8.51%  38.3 1279s
 173557 10211   46.00000   33   17   47.00000   43.00000  8.51%  38.3 1309s
 177063 10193 infeasible   34        47.00000   43.00000  8.51%  38.2 1319s
 177618 10176   46.00000   34   18   47.00000   43.00000  8.51%  38.2 1343s
 179861 10155   46.00000   34   17   47.00000   43.00000  8.51%  38.1 1414s
 186498 10168 infeasible   33        47.00000   43.00000  8.51%  38.0 1431s
 186955 10324   43.00000   34   35   47.00000   43.00000  8.51%  38.0 1454s
 189318 10335 infeasible   49        47.00000   43.00000  8.51%  37.8 1474s
 191187 10370   43.00000   48   23   47.00000   43.00000  8.51%  37.8 1505s
 194005 10348 infeasible   49        47.00000   43.00000  8.51%  37.7 1534s
 196870 10318   43.00000   35   28   47.00000   43.00000  8.51%  37.6 1564s
 199355 10311 infeasible   36        47.00000   43.00000  8.51%  37.6 1578s
 199596 10318   43.00000   35   36   47.00000   43.00000  8.51%  37.6 1614s
 202884 10298 infeasible   40        47.00000   43.00000  8.51%  37.5 1632s
 204696 10243 infeasible   38        47.00000   43.00000  8.51%  37.5 1684s
 209640 10233     cutoff   35        47.00000   43.00000  8.51%  37.4 1698s
 209826 10005   46.00000   36   20   47.00000   43.00000  8.51%  37.4 1739s
 213882 10006   46.00000   35   34   47.00000   43.00000  8.51%  37.3 1750s
 213917  9854   46.00000   36   31   47.00000   43.00000  8.51%  37.3 1783s
 217058  9857   45.00000   36   25   47.00000   44.00000  6.38%  37.2 1801s
 217091  9980   45.00000   37   28   47.00000   44.00000  6.38%  37.2 1820s
 219019  9944   46.00000   42   22   47.00000   44.00000  6.38%  37.1 1830s
 219310  8883 infeasible   43        47.00000   44.00000  6.38%  37.1 1951s
 230339  8852     cutoff   47        47.00000   46.00000  2.13%  36.8 1967s
 230893  8666 infeasible   38        47.00000   46.00000  2.13%  36.8 1998s
 233628  8606 infeasible   36        47.00000   46.00000  2.13%  36.6 2015s
 234413  8384   46.00000   39   17   47.00000   46.00000  2.13%  36.6 2050s
 237826  8244   46.00000   38   20   47.00000   46.00000  2.13%  36.4 2066s
 239028  7966   46.00000   39   20   47.00000   46.00000  2.13%  36.4 2104s
 242356  7966 infeasible   40        47.00000   46.00000  2.13%  36.3 2105s
 243093  7897   46.00000   41   27   47.00000   46.00000  2.13%  36.2 2122s
 243819  7900   46.00000   31   15   47.00000   46.00000  2.13%  36.2 2134s
 244107  7796   46.00000   38    6   47.00000   46.00000  2.13%  36.2 2176s
 248152  7520 infeasible   43        47.00000   46.00000  2.13%  36.0 2209s
 251071  7155 infeasible   44        47.00000   46.00000  2.13%  35.9 2243s
 253673  6867   46.00000   37   11   47.00000   46.00000  2.13%  35.8 2276s
 256167  6446   46.00000   37   14   47.00000   46.00000  2.13%  35.8 2324s
 260531  6305   46.00000   31   14   47.00000   46.00000  2.13%  35.6 2341s
 261482  5710   46.00000   32   13   47.00000   46.00000  2.13%  35.6 2384s
 266102  5620   46.00000   43   32   47.00000   46.00000  2.13%  35.6 2400s
 267359  5610 infeasible   44        47.00000   46.00000  2.13%  35.6 2414s
 267588  5622 infeasible   46        47.00000   46.00000  2.13%  35.5 2442s
 269624  5207   46.00000   49   10   47.00000   46.00000  2.13%  35.5 2509s
 270440  5207     cutoff   43        47.00000   46.00000  2.13%  35.4 2510s
 276161  4861   46.00000   37   21   47.00000   46.00000  2.13%  35.3 2536s
 278970  4641   46.00000   42   15   47.00000   46.00000  2.13%  35.3 2575s
 282521  4499   46.00000   44    9   47.00000   46.00000  2.13%  35.2 2600s
 284677  3923     cutoff   38        47.00000   46.00000  2.13%  35.1 2691s
 292821  3719     cutoff   43        47.00000   46.00000  2.13%  34.9 2707s
 294122  3614 infeasible   33        47.00000   46.00000  2.13%  34.9 2730s
 296706  3539   46.00000   38   22   47.00000   46.00000  2.13%  34.9 2747s
 298270  3143   46.00000   39   21   47.00000   46.00000  2.13%  34.9 2803s
 303621  3124 infeasible   39        47.00000   46.00000  2.13%  34.8 2819s
 303700  2935     cutoff   32        47.00000   46.00000  2.13%  34.8 2838s
 305923  2717   46.00000   32   25   47.00000   46.00000  2.13%  34.7 2880s
 310587  2532 infeasible   49        47.00000   46.00000  2.13%  34.6 2902s
 312857  2451   46.00000   37   15   47.00000   46.00000  2.13%  34.6 2923s
 314567  2401   46.00000   38   16   47.00000   46.00000  2.13%  34.6 2959s
 318235  2055   46.00000   39   18   47.00000   46.00000  2.13%  34.4 3012s
 323695  1847 infeasible   40        47.00000   46.00000  2.13%  34.3 3045s
 327388  1795   46.00000   40   25   47.00000   46.00000  2.13%  34.3 3056s
 327632  1779   46.00000   41   25   47.00000   46.00000  2.13%  34.3 3066s
 327981  1730 infeasible   40        47.00000   46.00000  2.13%  34.3 3078s
 328475  1462   46.00000   37   19   47.00000   46.00000  2.13%  34.3 3144s
 330084  1462   46.00000   30   17   47.00000   46.00000  2.13%  34.2 3145s
 335195  1329     cutoff   36        47.00000   46.00000  2.13%  34.1 3157s
 336281   876   46.00000   36   16   47.00000   46.00000  2.13%  34.1 3214s
 342511   877     cutoff   41        47.00000   46.00000  2.13%  33.9 3223s
 342546   703     cutoff   42        47.00000   46.00000  2.13%  33.9 3263s
 347945   723 infeasible   33        47.00000   46.00000  2.13%  33.8 3271s
 348279   766   46.00000   56   11   47.00000   46.00000  2.13%  33.8 3280s
 348392   296 infeasible   61        47.00000   46.00000  2.13%  33.8 3453s
 364603   331   46.00000   37   18   47.00000   46.00000  2.13%  33.5 3460s
 365379   288   46.00000   68   10   47.00000   46.00000  2.13%  33.5 3465s
 365942   200   46.00000   37   38   47.00000   46.00000  2.13%  33.5 3474s
 367836   196 infeasible   53        47.00000   46.00000  2.13%  33.5 3480s
 368897    66 infeasible   41        47.00000   46.00000  2.13%  33.5 3485s
 369088    57 infeasible   47        47.00000   46.00000  2.13%  33.5 3491s
 369776     8 infeasible   40        47.00000   46.00000  2.13%  33.5 3496s

Cutting planes:
  Learned: 7034
  Gomory: 11
  Cover: 82
  MIR: 164
  StrongCG: 11
  Flow cover: 379
  RLT: 27
  Relax-and-lift: 2

Explored 370067 nodes (12391669 simplex iterations) in 3496.87 seconds (728.10 work units)
Thread count was 18 (of 36 available processors)

Solution count 10: 47 47 47 ... 57

Optimal solution found (tolerance 1.00e-04)
Best objective 4.700000000000e+01, best bound 4.700000000000e+01, gap 0.0000%

Gurobi 11.0.0 (win64) logging started Tue Jun 18 12:06:44 2024

Set parameter LogFile to value "./Results/StripPacking-ManyRuns/Logs/SBL-111-StripPacking-15-2.log"
Set parameter TimeLimit to value 3600
Set parameter Cuts to value 1
Set parameter Presolve to value 1
Set parameter Heuristics to value 1
Set parameter LPWarmStart to value 2
Gurobi Optimizer version 11.0.0 build v11.0.0rc2 (win64 - Windows 10.0 (19045.2))

CPU model: Intel(R) Core(TM) i9-10980XE CPU @ 3.00GHz, instruction set [SSE2|AVX|AVX2|AVX512]
Thread count: 18 physical cores, 36 logical processors, using up to 18 threads

Optimize a model with 1275 rows, 241 columns and 4230 nonzeros
Model fingerprint: 0x52b43a7c
Variable types: 31 continuous, 210 integer (210 binary)
Coefficient statistics:
  Matrix range     [1e+00, 1e+04]
  Objective range  [1e+00, 1e+00]
  Bounds range     [1e+00, 1e+04]
  RHS range        [5e-01, 1e+04]

Warning: Completing partial solution with 210 unfixed non-continuous variables out of 210
User MIP start produced solution with objective 78.1 (0.00s)
Loaded user MIP start with objective 78.1

Presolve removed 210 rows and 0 columns
Presolve time: 0.00s
Presolved: 1065 rows, 241 columns, 3600 nonzeros
Variable types: 31 continuous, 210 integer (210 binary)

Root relaxation: objective 4.500000e+01, 106 iterations, 0.00 seconds (0.00 work units)

    Nodes    |    Current Node    |     Objective Bounds      |     Work
 Expl Unexpl |  Obj  Depth IntInf | Incumbent    BestBd   Gap | It/Node Time

     0     0   45.00000    0    4   78.10000   45.00000  42.4%     -    0s
H    0     0                      77.0000000   45.00000  41.6%     -    0s
H    0     0                      73.0000000   45.00000  38.4%     -    0s
H    0     0                      63.0000000   45.00000  28.6%     -    0s
     0     0   45.00000    0   13   63.00000   45.00000  28.6%     -    0s
     0     0   45.00000    0   14   63.00000   45.00000  28.6%     -    0s
H    0     0                      61.0000000   45.00000  26.2%     -    0s
H    0     0                      60.0000000   45.00000  25.0%     -    0s
     0     0   45.00000    0    5   60.00000   45.00000  25.0%     -    0s
H    0     0                      59.0000000   45.00000  23.7%     -    0s
H    0     0                      58.0000000   45.00000  22.4%     -    0s
     0     0   45.00000    0    4   58.00000   45.00000  22.4%     -    0s
     0     0   45.00000    0    5   58.00000   45.00000  22.4%     -    0s
     0     0   45.00000    0    6   58.00000   45.00000  22.4%     -    0s
     0     0   45.00000    0    7   58.00000   45.00000  22.4%     -    0s
H    0     0                      57.0000000   45.00000  21.1%     -    0s
     0     0   45.00000    0    9   57.00000   45.00000  21.1%     -    0s
     0     0   45.00000    0    9   57.00000   45.00000  21.1%     -    0s
     0     2   45.00000    0    9   57.00000   45.00000  21.1%     -    0s
H   15    32                      56.0000000   45.00000  19.6%  10.1    0s
H  163   270                      53.0000000   45.00000  15.1%  11.8    1s
H  400   480                      52.0000000   45.00000  13.5%  10.2    2s
H  583   765                      51.0000000   45.00000  11.8%  10.1    4s
H 1087  1647                      50.0000000   45.00000  10.0%   9.3    7s
  2757  2295 infeasible   35        50.00000   45.00000  10.0%   8.6   10s
  5930  2554   45.00000   26    9   50.00000   45.00000  10.0%   8.7   16s
H 6601  2555                      50.0000000   45.00000  10.0%  10.0   19s
  6684  2689   47.00000   32   20   50.00000   45.00000  10.0%  10.2   21s
  8115  2487   48.00000   35   14   50.00000   45.00000  10.0%  13.3   27s
  8829  2964 infeasible   44        50.00000   45.00000  10.0%  14.3   31s
*10426  2132              40      49.0000000   45.00000  8.16%  16.4   31s
 12749  1829   45.00000   41   11   49.00000   45.00000  8.16%  18.9   38s
 12778  1910 infeasible   42        49.00000   45.00000  8.16%  18.9   40s
 14438  2194 infeasible   34        49.00000   45.00000  8.16%  20.2   45s
 15813  2306   45.00000   27   11   49.00000   45.00000  8.16%  20.8   50s
 18967  2576   46.00000   26   11   49.00000   45.00000  8.16%  22.5   56s
 20817  3254 infeasible   32        49.00000   45.00000  8.16%  22.6   61s
 25854  3535   48.00000   30   21   49.00000   45.00000  8.16%  24.1   66s
 25895  3548   48.00000   31   19   49.00000   45.00000  8.16%  24.1   70s
 28117  4458 infeasible   35        49.00000   45.00000  8.16%  24.6   79s
 33618  4705   48.00000   30   11   49.00000   45.00000  8.16%  25.5   82s
 37604  5185   45.00000   30   28   49.00000   45.00000  8.16%  26.3   88s
 37761  5303   45.00000   31   27   49.00000   45.00000  8.16%  26.4   91s
 38355  5626 infeasible   35        49.00000   45.00000  8.16%  26.4   99s
 39004  5626   45.00000   31    6   49.00000   45.00000  8.16%  26.5  100s
 42810  5834 infeasible   47        49.00000   45.00000  8.16%  27.0  106s
 45088  6093   45.00000   40   16   49.00000   45.00000  8.16%  27.0  113s
 46567  6484   45.00000   41   17   49.00000   45.00000  8.16%  27.1  121s
 51429  6853   48.00000   39    9   49.00000   45.00000  8.16%  27.4  126s
 53911  6846 infeasible   40        49.00000   45.00000  8.16%  27.6  132s
 53958  7238   48.00000   36    6   49.00000   45.00000  8.16%  27.6  136s
 57144  7380     cutoff   44        49.00000   45.00000  8.16%  27.7  140s
 58639  7568 infeasible   44        49.00000   45.00000  8.16%  27.9  145s
 63240  7840   45.00000   43   19   49.00000   45.00000  8.16%  28.1  153s
 63284  8061   45.00000   44   17   49.00000   45.00000  8.16%  28.1  157s
 65929  8370 infeasible   37        49.00000   45.00000  8.16%  28.3  162s
 68384  8845     cutoff   42        49.00000   45.00000  8.16%  28.4  175s
 72667  9255     cutoff   28        49.00000   45.00000  8.16%  28.5  180s
 75453  9320 infeasible   45        49.00000   45.00000  8.16%  28.7  185s
 76504  9634 infeasible   46        49.00000   45.00000  8.16%  28.8  191s
 79590  9650   45.00000   26   15   49.00000   45.00000  8.16%  28.9  195s
 79645 10036   45.00000   27   14   49.00000   45.00000  8.16%  28.9  204s
 83552 10317   45.00000   30   28   49.00000   45.00000  8.16%  28.7  208s
 85436 10465     cutoff   30        49.00000   45.00000  8.16%  28.9  212s
 87646 10748   48.00000   39   14   49.00000   45.00000  8.16%  28.9  217s
 89686 10888 infeasible   40        49.00000   45.00000  8.16%  29.0  221s
 92260 10941   45.00000   26   26   49.00000   45.00000  8.16%  29.1  226s
 92544 12085   45.00000   28   20   49.00000   45.00000  8.16%  29.1  326s
 110562 12121 infeasible   33        49.00000   45.00000  8.16%  29.5  333s
 110982 12374   46.00000   31   19   49.00000   45.00000  8.16%  29.6  336s
 112925 12370     cutoff   42        49.00000   45.00000  8.16%  29.7  340s
*115350 12610              44      49.0000000   45.00000  8.16%  29.7  344s
 115445 12715   45.00000   29   22   49.00000   45.00000  8.16%  29.7  349s
 116060 15026 infeasible   44        49.00000   45.00000  8.16%  29.8  450s
*133491 11429              47      48.0000000   45.00000  6.25%  29.9  453s
 134078 10778 infeasible   39        48.00000   45.00000  6.25%  30.0  457s
 134211 10997   45.00000   24   23   48.00000   45.00000  6.25%  30.0  460s
 136332 11303 infeasible   35        48.00000   45.00000  6.25%  30.1  468s
 138359 11503 infeasible   35        48.00000   45.00000  6.25%  30.1  473s
H138376 10930                      48.0000000   45.00000  6.25%  30.1  473s
 138595 10971 infeasible   44        48.00000   45.00000  6.25%  30.1  475s
 138729 11106   46.00000   37    8   48.00000   45.00000  6.25%  30.1  481s
 139955 10870   45.00000   41    6   48.00000   45.00000  6.25%  30.0  488s
 140923 10695   47.00000   38   12   48.00000   45.00000  6.25%  30.0  496s
 141889 10583   45.00000   44   15   48.00000   45.00000  6.25%  30.0  502s
 142747 10395   45.00000   41   14   48.00000   45.00000  6.25%  29.9  507s
 142774 10525   45.00000   42   13   48.00000   45.00000  6.25%  29.9  510s
 143984 10328   45.00000   44   13   48.00000   45.00000  6.25%  29.9  517s
 144833 10311 infeasible   45        48.00000   45.00000  6.25%  29.9  522s
 146426  9834   45.00000   37   13   48.00000   45.00000  6.25%  29.9  525s
 148329  9455   47.00000   33   16   48.00000   45.00000  6.25%  29.8  532s
 148577  9733   45.00000   33    7   48.00000   45.00000  6.25%  29.8  537s
 151951  8573 infeasible   46        48.00000   45.00000  6.25%  29.9  540s
 152330  8478 infeasible   43        48.00000   45.00000  6.25%  29.9  545s
 153834  8312   45.00000   37    7   48.00000   45.00000  6.25%  29.9  551s
 155258  7899   47.00000   49   10   48.00000   45.00000  6.25%  29.8  555s
 158376  7046   45.00000   35   13   48.00000   45.00000  6.25%  29.8  560s
 162227  5912   45.00000   42    5   48.00000   45.00000  6.25%  29.9  566s
 163139  5633 infeasible   42        48.00000   45.00000  6.25%  29.9  570s
 167115  4561   45.00000   43   11   48.00000   45.00000  6.25%  29.8  578s
 168204  4347   45.00000   45   12   48.00000   45.00000  6.25%  29.8  581s
 173060  3766   46.00000   45   11   48.00000   45.00000  6.25%  29.9  588s
 175481  3891 infeasible   40        48.00000   45.00000  6.25%  29.9  592s
 177641  4086 infeasible   47        48.00000   45.00000  6.25%  30.0  596s
 179771  4575 infeasible   48        48.00000   45.00000  6.25%  30.0  603s
 183899  4581 infeasible   47        48.00000   45.00000  6.25%  30.1  607s
 184637  4672   45.00000   32   18   48.00000   45.00000  6.25%  30.1  611s
 185444  4940   46.00000   42   21   48.00000   45.00000  6.25%  30.1  616s
 189304  5142   45.00000   43    6   48.00000   45.00000  6.25%  30.0  621s
 192108  5248 infeasible   35        48.00000   45.00000  6.25%  30.1  626s
 195237  5456   45.00000   32   13   48.00000   45.00000  6.25%  30.1  632s
 198905  5483   47.00000   43    9   48.00000   45.00000  6.25%  30.1  637s
 199172  5570 infeasible   44        48.00000   45.00000  6.25%  30.1  642s
 201980  5819 infeasible   45        48.00000   45.00000  6.25%  30.1  646s
 205747  5999   45.00000   42   13   48.00000   45.00000  6.25%  30.2  654s
 209147  6507 infeasible   52        48.00000   45.00000  6.25%  30.2  665s
 213375  6640   45.00000   47   18   48.00000   45.00000  6.25%  30.3  671s
 216895  6652   45.00000   48   16   48.00000   45.00000  6.25%  30.3  676s
 216923  6815   45.00000   49   12   48.00000   45.00000  6.25%  30.3  681s
 221158  7271   45.00000   40   18   48.00000   45.00000  6.25%  30.4  692s
 224466  7458   46.00000   39   20   48.00000   45.00000  6.25%  30.3  696s
 227507  7565 infeasible   47        48.00000   45.00000  6.25%  30.3  705s
 230369  7813 infeasible   41        48.00000   45.00000  6.25%  30.3  713s
 233283  7855   45.00000   48   10   48.00000   45.00000  6.25%  30.4  718s
 235240  8415 infeasible   46        48.00000   45.00000  6.25%  30.4  765s
 246522  8515   46.00000   44   17   48.00000   45.00000  6.25%  30.5  772s
 246717  8522 infeasible   49        48.00000   45.00000  6.25%  30.5  775s
 246867  8702   46.00000   50   11   48.00000   45.00000  6.25%  30.5  780s
 249628  9001 infeasible   51        48.00000   45.00000  6.25%  30.5  789s
 252686  9151 infeasible   44        48.00000   45.00000  6.25%  30.5  793s
 253718  9240 infeasible   38        48.00000   45.00000  6.25%  30.6  797s
 254836  9382   45.00000   37    9   48.00000   45.00000  6.25%  30.6  801s
 256871  9716 infeasible   46        48.00000   45.00000  6.25%  30.6  808s
 260900  9903   45.00000   51   16   48.00000   45.00000  6.25%  30.6  813s
 262729 10059   45.00000   46   20   48.00000   45.00000  6.25%  30.7  818s
 265626 10108   46.00000   37   15   48.00000   45.00000  6.25%  30.7  823s
 265949 10252   46.00000   38   15   48.00000   45.00000  6.25%  30.7  828s
 268526 10435   45.00000   42   15   48.00000   45.00000  6.25%  30.7  838s
 272127 10510   46.00000   37   22   48.00000   45.00000  6.25%  30.8  843s
 273288 10681   45.00000   42    8   48.00000   45.00000  6.25%  30.8  850s
 276269 10987   46.00000   48   13   48.00000   45.00000  6.25%  30.8  855s
 278382 11318 infeasible   51        48.00000   45.00000  6.25%  30.8  864s
 281674 11316 infeasible   44        48.00000   45.00000  6.25%  30.8  870s
 281762 12300 infeasible   45        48.00000   45.00000  6.25%  30.8  975s
 299780 12379 infeasible   50        48.00000   45.00000  6.25%  30.8  982s
 300480 12451   47.00000   51    4   48.00000   45.00000  6.25%  30.8  986s
 301013 12828   45.00000   41   20   48.00000   45.00000  6.25%  30.8  990s
 303010 12746   47.00000   47   14   48.00000   45.00000  6.25%  30.9 1000s
 305161 12748 infeasible   52        48.00000   45.00000  6.25%  30.9 1008s
 305197 12737 infeasible   53        48.00000   45.00000  6.25%  30.9 1012s
 307305 12735 infeasible   45        48.00000   45.00000  6.25%  30.9 1016s
 307343 12691   45.00000   43   10   48.00000   45.00000  6.25%  30.9 1020s
 309522 12580 infeasible   45        48.00000   45.00000  6.25%  30.9 1029s
 311161 12565 infeasible   42        48.00000   45.00000  6.25%  30.8 1032s
 311701 12491 infeasible   51        48.00000   45.00000  6.25%  30.8 1037s
 313408 12505 infeasible   53        48.00000   45.00000  6.25%  30.8 1042s
 314929 12514   45.00000   53   20   48.00000   45.00000  6.25%  30.8 1049s
 314970 11753 infeasible   54        48.00000   45.00000  6.25%  30.8 1121s
 330303 11750 infeasible   47        48.00000   46.00000  4.17%  30.4 1128s
 330366 11804 infeasible   47        48.00000   46.00000  4.17%  30.4 1132s
 331663 11794   46.00000   44   15   48.00000   46.00000  4.17%  30.4 1137s
 332106 11791   46.00000   46   15   48.00000   46.00000  4.17%  30.4 1141s
 332974 11735 infeasible   45        48.00000   46.00000  4.17%  30.4 1147s
 333755 11665 infeasible   52        48.00000   46.00000  4.17%  30.4 1152s
 335757 11636 infeasible   45        48.00000   46.00000  4.17%  30.3 1157s
 336252 11500 infeasible   46        48.00000   46.00000  4.17%  30.3 1172s
 340244 11514   47.00000   55   10   48.00000   46.00000  4.17%  30.2 1178s
 340483 11382 infeasible   56        48.00000   46.00000  4.17%  30.2 1189s
 343830 11347   46.00000   50   18   48.00000   46.00000  4.17%  30.2 1195s
 344173 11136 infeasible   51        48.00000   46.00000  4.17%  30.2 1205s
 347737 11136   46.00000   42   26   48.00000   46.00000  4.17%  30.1 1210s
 347777 11066   46.00000   43   25   48.00000   46.00000  4.17%  30.1 1216s
 349516 11075 infeasible   47        48.00000   46.00000  4.17%  30.1 1227s
 352312 11037   46.00000   48   18   48.00000   46.00000  4.17%  30.0 1234s
 353091 10875   46.00000   49   17   48.00000   46.00000  4.17%  30.0 1250s
 356899 10863 infeasible   41        48.00000   46.00000  4.17%  29.9 1256s
 357283 10698 infeasible   41        48.00000   46.00000  4.17%  29.9 1269s
 361224 10699 infeasible   49        48.00000   46.00000  4.17%  29.9 1278s
 361264 10563   46.00000   48   13   48.00000   46.00000  4.17%  29.9 1291s
 364657 10553 infeasible   46        48.00000   46.00000  4.17%  29.8 1297s
 365086 10566   46.00000   45   20   48.00000   46.00000  4.17%  29.8 1312s
 368391 10461   46.00000   58   17   48.00000   46.00000  4.17%  29.7 1320s
 370174  9862   46.00000   44   23   48.00000   46.00000  4.17%  29.7 1400s
 384209  9843 infeasible   53        48.00000   46.00000  4.17%  29.5 1411s
 384552  9831 infeasible   47        48.00000   46.00000  4.17%  29.5 1415s
 384948  9790 infeasible   42        48.00000   46.00000  4.17%  29.5 1421s
 385759  9696 infeasible   46        48.00000   46.00000  4.17%  29.5 1433s
 388295  9667   46.00000   45   19   48.00000   46.00000  4.17%  29.4 1444s
 388765  9537 infeasible   46        48.00000   46.00000  4.17%  29.4 1451s
 391657  9537   46.00000   40   16   48.00000   46.00000  4.17%  29.4 1458s
 391711  9390   46.00000   41   15   48.00000   46.00000  4.17%  29.4 1476s
 394978  9337   47.00000   48   17   48.00000   46.00000  4.17%  29.3 1485s
 397485  9311 infeasible   49        48.00000   46.00000  4.17%  29.3 1491s
 398568  9127   46.00000   43   12   48.00000   46.00000  4.17%  29.3 1500s
 401689  9028 infeasible   44        48.00000   46.00000  4.17%  29.3 1507s
 403255  9018   46.00000   45   12   48.00000   46.00000  4.17%  29.3 1514s
 405977  8901 infeasible   55        48.00000   46.00000  4.17%  29.2 1529s
 409267  8753   47.00000   42   10   48.00000   46.00000  4.17%  29.2 1539s
 411405  8554   46.00000   48   21   48.00000   46.00000  4.17%  29.1 1557s
 415457  8479 infeasible   53        48.00000   46.00000  4.17%  29.1 1567s
 416446  8413   46.00000   52   13   48.00000   46.00000  4.17%  29.1 1572s
 417390  8334   46.00000   39   16   48.00000   46.00000  4.17%  29.1 1590s
 420035  8013 infeasible   43        48.00000   46.00000  4.17%  29.0 1621s
 425539  7819 infeasible   43        48.00000   46.00000  4.17%  29.0 1638s
 429193  7790 infeasible   41        48.00000   46.00000  4.17%  28.9 1652s
 431611  7621   46.00000   37   10   48.00000   46.00000  4.17%  28.9 1674s
 434942  7571 infeasible   42        48.00000   46.00000  4.17%  28.9 1683s
 437887  7583 infeasible   57        48.00000   46.00000  4.17%  28.8 1691s
 437991  7610   46.00000   58   13   48.00000   46.00000  4.17%  28.8 1706s
 442156  7390 infeasible   57        48.00000   46.00000  4.17%  28.8 1723s
 445577  7384   46.00000   47   17   48.00000   46.00000  4.17%  28.7 1744s
 445680  7148 infeasible   48        48.00000   46.00000  4.17%  28.7 1772s
 450847  7143   46.00000   44   14   48.00000   46.00000  4.17%  28.7 1787s
 451536  6982 infeasible   61        48.00000   46.00000  4.17%  28.7 1810s
 455727  6970   47.00000   42   18   48.00000   46.00000  4.17%  28.6 1824s
 456650  6861   47.00000   52    9   48.00000   46.00000  4.17%  28.6 1841s
 459949  6818 infeasible   44        48.00000   46.00000  4.17%  28.6 1855s
 461440  6648 infeasible   55        48.00000   46.00000  4.17%  28.5 1863s
 464139  6583 infeasible   55        48.00000   46.00000  4.17%  28.5 1881s
 466813  6510   46.00000   46   14   48.00000   46.00000  4.17%  28.5 1887s
 468654  6451 infeasible   47        48.00000   46.00000  4.17%  28.5 1897s
 469932  6450 infeasible   48        48.00000   46.00000  4.17%  28.5 1903s
 470039  6360 infeasible   49        48.00000   46.00000  4.17%  28.5 1921s
 472609  6264   46.00000   44   19   48.00000   46.00000  4.17%  28.4 1930s
 474671  6233   47.00000   46   21   48.00000   46.00000  4.17%  28.4 1945s
 475577  6035 infeasible   37        48.00000   46.00000  4.17%  28.4 1969s
 477701  6035   47.00000   43   19   48.00000   46.00000  4.17%  28.4 1970s
 480101  5976   47.00000   41   17   48.00000   46.00000  4.17%  28.4 1984s
 480670  5984   47.00000   41   12   48.00000   46.00000  4.17%  28.4 1988s
 480816  5986   46.00000   49   17   48.00000   46.00000  4.17%  28.4 2013s
 480857  6179 infeasible   50        48.00000   46.00000  4.17%  28.4 2035s
 484296  6190   46.00000   38   11   48.00000   46.00000  4.17%  28.3 2050s
 484349  5199   46.00000   39   11   48.00000   46.00000  4.17%  28.3 2143s
 496466  5204 infeasible   47        48.00000   47.00000  2.08%  28.1 2161s
 496526  4964   47.00000   49   14   48.00000   47.00000  2.08%  28.1 2171s
 498516  4928   47.00000   50   19   48.00000   47.00000  2.08%  28.1 2179s
 498926  4923 infeasible   51        48.00000   47.00000  2.08%  28.1 2184s
 499021  4914 infeasible   42        48.00000   47.00000  2.08%  28.1 2188s
 499141  4731     cutoff   43        48.00000   47.00000  2.08%  28.1 2197s
 500924  4649   47.00000   38   14   48.00000   47.00000  2.08%  28.1 2208s
 501519  4388   47.00000   38   20   48.00000   47.00000  2.08%  28.1 2222s
 503981  4392   47.00000   42   11   48.00000   47.00000  2.08%  28.1 2246s
 504013  4193   47.00000   43   15   48.00000   47.00000  2.08%  28.1 2260s
 506976  4044 infeasible   45        48.00000   47.00000  2.08%  28.0 2277s
 508027  3832 infeasible   46        48.00000   47.00000  2.08%  28.0 2285s
 510262  3790   47.00000   44    8   48.00000   47.00000  2.08%  28.0 2299s
 510589  3313   47.00000   45    8   48.00000   47.00000  2.08%  28.0 2341s
 517047  3297 infeasible   50        48.00000   47.00000  2.08%  28.0 2363s
 517296  3218   47.00000   44   15   48.00000   47.00000  2.08%  28.0 2381s
 520286  3093 infeasible   47        48.00000   47.00000  2.08%  27.9 2396s
 521642  2949   47.00000   48   13   48.00000   47.00000  2.08%  27.9 2407s
 524303  2769 infeasible   48        48.00000   47.00000  2.08%  27.9 2425s
 526194  2439   47.00000   38   16   48.00000   47.00000  2.08%  27.8 2447s
 529833  2449   47.00000   51    7   48.00000   47.00000  2.08%  27.8 2472s
 530033  1957 infeasible   52        48.00000   47.00000  2.08%  27.8 2517s
 535917  1944   47.00000   46   16   48.00000   47.00000  2.08%  27.7 2540s
 536196  1643   47.00000   47   14   48.00000   47.00000  2.08%  27.7 2563s
 539869  1539 infeasible   42        48.00000   47.00000  2.08%  27.7 2578s
 541224  1109 infeasible   47        48.00000   47.00000  2.08%  27.7 2614s
 546691  1080 infeasible   38        48.00000   47.00000  2.08%  27.6 2641s
 546756   889   47.00000   38   11   48.00000   47.00000  2.08%  27.6 2669s
 548475   889 infeasible   45        48.00000   47.00000  2.08%  27.6 2670s
 551067   846   47.00000   48   11   48.00000   47.00000  2.08%  27.6 2692s
 551538   567   47.00000   49   12   48.00000   47.00000  2.08%  27.6 2707s
 554692   521 infeasible   52        48.00000   47.00000  2.08%  27.5 2725s
 554976   228   47.00000   43   19   48.00000   47.00000  2.08%  27.5 2742s
 558549   234 infeasible   50        48.00000   47.00000  2.08%  27.5 2752s
 558997   139   47.00000   58   13   48.00000   47.00000  2.08%  27.5 2758s
 560479   135   47.00000   42   15   48.00000   47.00000  2.08%  27.5 2769s
 560521    67 infeasible   43        48.00000   47.00000  2.08%  27.5 2774s
 561012    39   47.00000   46   14   48.00000   47.00000  2.08%  27.5 2778s
 561373    13 infeasible   46        48.00000   47.00000  2.08%  27.5 2781s

Cutting planes:
  Learned: 4826
  Gomory: 8
  Cover: 51
  MIR: 65
  StrongCG: 2
  Flow cover: 213
  RLT: 4
  Relax-and-lift: 1

Explored 561636 nodes (15435637 simplex iterations) in 2783.24 seconds (691.08 work units)
Thread count was 18 (of 36 available processors)

Solution count 10: 48 48 48 ... 53

Optimal solution found (tolerance 1.00e-04)
Best objective 4.800000000000e+01, best bound 4.800000000000e+01, gap 0.0000%
