
Gurobi 11.0.0 (win64) logging started Wed May 22 11:22:14 2024

Set parameter LogFile to value "./Results/StripPacking-ManyRuns/Logs/SBM-111-StripPacking-15-0.log"
Set parameter TimeLimit to value 3600
Set parameter Cuts to value 1
Set parameter Presolve to value 1
Set parameter Heuristics to value 1
Set parameter LPWarmStart to value 2
Gurobi Optimizer version 11.0.0 build v11.0.0rc2 (win64 - Windows 10.0 (19045.2))

CPU model: Intel(R) Core(TM) i9-10980XE CPU @ 3.00GHz, instruction set [SSE2|AVX|AVX2|AVX512]
Thread count: 18 physical cores, 36 logical processors, using up to 18 threads

Optimize a model with 1905 rows, 346 columns and 5700 nonzeros
Model fingerprint: 0x2cf4511c
Variable types: 136 continuous, 210 integer (210 binary)
Coefficient statistics:
  Matrix range     [1e+00, 1e+04]
  Objective range  [1e+00, 1e+00]
  Bounds range     [1e+00, 1e+04]
  RHS range        [1e+00, 1e+04]

Warning: Completing partial solution with 210 unfixed non-continuous variables out of 210
User MIP start produced solution with objective 72 (0.02s)
User MIP start produced solution with objective 72 (0.02s)
Loaded user MIP start with objective 72

Presolve removed 525 rows and 0 columns
Presolve time: 0.00s
Presolved: 1380 rows, 346 columns, 4335 nonzeros
Variable types: 136 continuous, 210 integer (210 binary)

Root relaxation: objective 3.700000e+01, 149 iterations, 0.01 seconds (0.00 work units)

    Nodes    |    Current Node    |     Objective Bounds      |     Work
 Expl Unexpl |  Obj  Depth IntInf | Incumbent    BestBd   Gap | It/Node Time

     0     0   37.00000    0   24   72.00000   37.00000  48.6%     -    0s
H    0     0                      71.0000000   37.00000  47.9%     -    0s
     0     0   37.00000    0   35   71.00000   37.00000  47.9%     -    0s
     0     0   37.00000    0   28   71.00000   37.00000  47.9%     -    0s
H    0     0                      68.0000000   37.00000  45.6%     -    0s
     0     0   37.00000    0   14   68.00000   37.00000  45.6%     -    0s
H    0     0                      66.0000000   37.00000  43.9%     -    0s
     0     0   37.00000    0   17   66.00000   37.00000  43.9%     -    0s
     0     0   37.00000    0   15   66.00000   37.00000  43.9%     -    0s
H    0     0                      65.0000000   37.00000  43.1%     -    0s
     0     0   37.00000    0   13   65.00000   37.00000  43.1%     -    0s
     0     0   37.00000    0   14   65.00000   37.00000  43.1%     -    0s
     0     0   37.00000    0   12   65.00000   37.00000  43.1%     -    0s
     0     0   37.00000    0   20   65.00000   37.00000  43.1%     -    0s
     0     0   37.00000    0   18   65.00000   37.00000  43.1%     -    0s
     0     0   37.00000    0   17   65.00000   37.00000  43.1%     -    0s
H    0     0                      62.0000000   37.00000  40.3%     -    0s
H    0     0                      59.0000000   37.00000  37.3%     -    0s
     0     2   37.00000    0   14   59.00000   37.00000  37.3%     -    0s
H  100   103                      59.0000000   37.00000  37.3%  26.2    0s
H  118   136                      58.0000000   37.00000  36.2%  24.7    0s
H  147   182                      57.0000000   37.00000  35.1%  24.9    1s
H  347   398                      56.0000000   37.00000  33.9%  21.2    5s
H  348   398                      54.0000000   37.00000  31.5%  21.1    5s
H  349   398                      52.0000000   37.00000  28.8%  21.2    5s
H  911  1073                      52.0000000   37.00000  28.8%  18.6    8s
  1579  1366   51.00000   53   12   52.00000   37.00000  28.8%  15.6   10s
  2971  1753 infeasible   31        52.00000   37.00000  28.8%  15.6   15s
  3924  2238   37.00000   22   43   52.00000   37.00000  28.8%  18.2   21s
  4139  2599   37.00000   28   33   52.00000   37.00000  28.8%  20.0   25s
  4630  2579   37.00000   21   26   52.00000   37.00000  28.8%  22.1   30s
* 4824  2406              47      50.0000000   37.00000  26.0%  22.3   30s
H 5101  2410                      50.0000000   37.00000  26.0%  22.8   32s
* 5456  2194              34      49.0000000   37.00000  24.5%  24.0   32s
  5570  2181   46.00000   30   24   49.00000   37.00000  24.5%  24.3   35s
H 5696  2059                      48.0000000   37.00000  22.9%  24.9   39s
H 5748  2178                      48.0000000   37.00000  22.9%  25.1   39s
  6659  1729 infeasible   34        48.00000   37.00000  22.9%  28.5   42s
  7310  1660   37.00000   23   43   48.00000   37.00000  22.9%  30.6   46s
  8575  1630 infeasible   28        48.00000   37.00000  22.9%  33.1   50s
  9486  2065   41.00000   36   41   48.00000   37.00000  22.9%  34.2   55s
 11158  2889   37.06721   32   37   48.00000   37.00000  22.9%  36.3   61s
 14200  3093 infeasible   34        48.00000   37.00000  22.9%  38.2   65s
 16785  3485   43.00000   34   17   48.00000   37.00000  22.9%  39.7   72s
 18980  3967     cutoff   42        48.00000   37.00000  22.9%  40.7   77s
 19015  4192   41.00000   28   21   48.00000   37.00000  22.9%  40.7   80s
 19633  4174 infeasible   34        48.00000   37.00000  22.9%  40.7   85s
 20102  4460   37.00000   27   27   48.00000   37.00000  22.9%  40.9   92s
 22639  5375   37.00000   27   35   48.00000   37.00000  22.9%  41.8   99s
 25052  5531   47.00000   47   21   48.00000   37.00000  22.9%  41.7  102s
 25919  6650   46.00000   30   19   48.00000   37.00000  22.9%  42.1  105s
 32264  7808   43.00000   36   30   48.00000   37.00000  22.9%  42.9  114s
 36882  7818   37.19047   36   32   48.00000   37.00000  22.9%  43.1  118s
 36908  8730   46.00000   37   18   48.00000   37.00000  22.9%  43.2  122s
 40982  8745   43.00000   38   31   48.00000   37.00000  22.9%  43.5  125s
 43555  9530   46.00000   40   15   48.00000   37.00000  22.9%  43.2  132s
 45960  9843   41.00000   26   37   48.00000   37.00000  22.9%  43.5  135s
 46118  9967   37.00000   37   38   48.00000   37.00000  22.9%  43.6  141s
 46190 10015   37.00000   39   45   48.00000   37.00000  22.9%  43.7  145s
 46404 10128   37.00000   44   38   48.00000   37.00000  22.9%  43.6  151s
 46799 10243   44.00000   52   29   48.00000   37.00000  22.9%  43.7  156s
 47544 10587   37.00000   40   32   48.00000   37.00000  22.9%  43.9  160s
H48390  9823                      48.0000000   37.00000  22.9%  44.2  163s
 48393  9995 infeasible   51        48.00000   37.00000  22.9%  44.2  165s
 51098  9663 infeasible   52        48.00000   37.00000  22.9%  44.8  171s
 52929  9567   42.00000   44   25   48.00000   37.00000  22.9%  45.0  176s
 55764  9463   41.00000   49   42   48.00000   37.00000  22.9%  45.3  182s
 56132  9532   37.00000   44   35   48.00000   37.00000  22.9%  45.5  185s
 58548  9240   45.00000   57   28   48.00000   37.00000  22.9%  45.7  192s
 60190  9010   46.00000   51   20   48.00000   37.00000  22.9%  45.9  196s
 62248  8908   43.00000   45   36   48.00000   37.00000  22.9%  46.0  200s
 62632  8862   46.00000   46   29   48.00000   37.00000  22.9%  46.0  205s
 63034  9478 infeasible   45        48.00000   37.00000  22.9%  46.1  213s
 66123  8544   37.00000   49   49   48.00000   37.00000  22.9%  46.5  216s
 66463  9275   45.00000   50   30   48.00000   37.00000  22.9%  46.5  224s
 70708  8393   37.00000   50   38   48.00000   37.00000  22.9%  47.0  229s
 73005  9417 infeasible   51        48.00000   37.00000  22.9%  47.4  247s
 80366  9078   46.00000   52   20   48.00000   37.00000  22.9%  48.5  253s
 80388  9700 infeasible   53        48.00000   37.00000  22.9%  48.5  257s
 83342  9775   46.00000   51   21   48.00000   37.00000  22.9%  48.9  260s
 85671 10333   43.00000   50   39   48.00000   37.00000  22.9%  49.1  267s
 86292 10737   43.00000   51   37   48.00000   37.00000  22.9%  49.2  271s
 88247 11163   37.00000   41   53   48.00000   37.00000  22.9%  49.5  275s
 90211 11617   37.00761   51   59   48.00000   37.00000  22.9%  49.7  282s
 92003 11979 infeasible   53        48.00000   37.00000  22.9%  49.8  287s
 93787 13014   47.00000   54   18   48.00000   37.00000  22.9%  50.0  294s
 98571 13014   42.00000   47   31   48.00000   37.00000  22.9%  50.2  295s
 99763 13684   42.00000   50   33   48.00000   37.00000  22.9%  50.3  300s
 102590 14157   42.00000   51   31   48.00000   37.00000  22.9%  50.5  305s
 105467 14498   37.00000   47   53   48.00000   37.00000  22.9%  50.7  314s
 106344 14802 infeasible   59        48.00000   37.00000  22.9%  50.8  319s
 107793 15589 infeasible   49        48.00000   37.00000  22.9%  51.0  329s
 112448 15853   37.00000   49   45   48.00000   37.00000  22.9%  51.3  333s
 113492 16833   37.00000   50   41   48.00000   37.00000  22.9%  51.4  346s
 117980 17086 infeasible   53        48.00000   37.00000  22.9%  51.8  354s
 119114 19609     cutoff   60        48.00000   37.00000  22.9%  51.8  424s
 137132 19652 infeasible   56        48.00000   37.00000  22.9%  52.6  430s
 138555 20194   46.00000   53   30   48.00000   37.00000  22.9%  52.7  437s
 139144 20634 infeasible   49        48.00000   37.00000  22.9%  52.7  443s
 141364 20896 infeasible   57        48.00000   37.00000  22.9%  52.9  450s
 142822 24133   37.00000   49   36   48.00000   37.00000  22.9%  52.9  529s
 160094 24269 infeasible   51        48.00000   37.00000  22.9%  54.2  538s
 160876 24490   45.00000   56   26   48.00000   37.00000  22.9%  54.2  544s
 162459 24631   37.00000   44   30   48.00000   37.00000  22.9%  54.3  549s
 163154 25466     cutoff   52        48.00000   37.00000  22.9%  54.3  567s
 168270 25479   37.00000   51   31   48.00000   37.00000  22.9%  54.6  575s
 168292 25772 infeasible   52        48.00000   37.00000  22.9%  54.6  582s
 170339 25890   45.00000   54   32   48.00000   37.00000  22.9%  54.7  586s
 170885 26440 infeasible   56        48.00000   37.00000  22.9%  54.7  598s
 174126 26576   37.00000   47   54   48.00000   37.00000  22.9%  54.9  604s
 175076 27202   37.00000   48   42   48.00000   37.00000  22.9%  55.0  617s
 178046 27289 infeasible   61        48.00000   37.00000  22.9%  55.1  621s
 178980 27718 infeasible   51        48.00000   37.00000  22.9%  55.1  626s
 182342 27739     cutoff   55        48.00000   37.00000  22.9%  55.2  632s
 182385 28397   47.00000   49   20   48.00000   37.00000  22.9%  55.3  642s
 184797 28985   47.00000   51   22   48.00000   37.00000  22.9%  55.2  650s
 188485 29221 infeasible   57        48.00000   37.00000  22.9%  55.3  657s
 190637 30312   41.00000   46   35   48.00000   37.00000  22.9%  55.5  678s
 195583 30775   37.00000   47   44   48.00000   37.00000  22.9%  55.6  686s
 197829 31495   47.00000   54   16   48.00000   37.00000  22.9%  55.7  704s
 201340 31500 infeasible   52        48.00000   37.00000  22.9%  55.7  714s
 201407 31933 infeasible   52        48.00000   37.00000  22.9%  55.7  731s
 205651 32098 infeasible   54        48.00000   37.00000  22.9%  55.8  738s
 206381 32556     cutoff   61        48.00000   37.00000  22.9%  55.8  748s
 209997 32988 infeasible   51        48.00000   37.00000  22.9%  55.9  755s
 212172 34948     cutoff   49        48.00000   37.00000  22.9%  56.0  804s
 221993 35026   47.00000   45   17   48.00000   37.00000  22.9%  56.2  812s
 222352 35099     cutoff   46        48.00000   37.00000  22.9%  56.2  827s
 222691 35368   37.00000   42   45   48.00000   37.00000  22.9%  56.2  834s
 223724 35631   37.00000   43   52   48.00000   37.00000  22.9%  56.2  841s
 225681 35779     cutoff   56        48.00000   37.00000  22.9%  56.2  846s
 226800 36129 infeasible   56        48.00000   37.00000  22.9%  56.3  856s
 228969 36882 infeasible   47        48.00000   37.00000  22.9%  56.3  871s
 232880 37385   46.00000   47   30   48.00000   37.00000  22.9%  56.3  879s
 235156 37516   47.00000   51   33   48.00000   37.00000  22.9%  56.4  894s
 236250 38366   37.26695   42   45   48.00000   37.00000  22.9%  56.4  916s
 242022 40013   47.00000   51   34   48.00000   37.00000  22.9%  56.4  955s
 249948 40052   47.00000   52   20   48.00000   37.00000  22.9%  56.4  963s
 250099 40982 infeasible   53        48.00000   37.00000  22.9%  56.4  985s
 254567 41321   47.00000   60   24   48.00000   37.00000  22.9%  56.5  993s
 256348 42945   41.00000   45   49   48.00000   37.00000  22.9%  56.5 1026s
 264790 42955   47.00000   44   20   48.00000   37.00000  22.9%  56.6 1035s
 264815 43838 infeasible   45        48.00000   37.00000  22.9%  56.6 1057s
 268979 43865   39.00000   48   25   48.00000   37.00000  22.9%  56.6 1064s
 269344 44598   46.00000   49   23   48.00000   37.00000  22.9%  56.6 1086s
 273658 44624   47.00000   49   32   48.00000   37.00000  22.9%  56.7 1092s
 273728 45080 infeasible   50        48.00000   37.00000  22.9%  56.7 1107s
 276754 45097     cutoff   58        48.00000   37.00000  22.9%  56.8 1119s
 276791 47378     cutoff   55        48.00000   37.00000  22.9%  56.8 1223s
 289804 47378   37.00000   51   39   48.00000   37.00000  22.9%  56.9 1225s
 294809 47415   46.00000   53   22   48.00000   37.00000  22.9%  57.0 1232s
 294904 47962   46.00000   55   18   48.00000   37.00000  22.9%  57.0 1248s
 297164 48294   47.00000   65   22   48.00000   37.00000  22.9%  57.0 1257s
 298616 48952   43.00000   45   33   48.00000   37.00000  22.9%  57.0 1269s
 301910 49284   37.00000   50   31   48.00000   37.00000  22.9%  57.0 1284s
 303376 49822   46.00000   51   16   48.00000   37.00000  22.9%  57.0 1296s
 306194 50930 infeasible   50        48.00000   37.00000  22.9%  57.1 1322s
 311761 50938     cutoff   57        48.00000   37.00000  22.9%  57.2 1333s
 311788 51836 infeasible   57        48.00000   37.00000  22.9%  57.2 1345s
 314628 52085   47.00000   50   24   48.00000   37.00000  22.9%  57.2 1350s
 315709 53021 infeasible   53        48.00000   37.00000  22.9%  57.2 1370s
 320152 53149   47.00000   54   23   48.00000   37.00000  22.9%  57.3 1377s
 320732 54269   47.00000   54   23   48.00000   37.00000  22.9%  57.3 1410s
 326362 54285 infeasible   49        48.00000   37.00000  22.9%  57.3 1421s
 326494 54645     cutoff   50        48.00000   37.00000  22.9%  57.3 1435s
 328333 54815     cutoff   57        48.00000   37.00000  22.9%  57.4 1443s
 329433 55297 infeasible   54        48.00000   37.00000  22.9%  57.4 1458s
 331973 55424   47.00000   54   19   48.00000   37.00000  22.9%  57.4 1465s
 332545 55808 infeasible   55        48.00000   37.00000  22.9%  57.4 1484s
 335471 55976   39.00000   48   28   48.00000   37.00000  22.9%  57.5 1491s
 336749 56168   41.00000   49   29   48.00000   37.00000  22.9%  57.5 1507s
 338540 56419   46.00000   52   15   48.00000   37.00000  22.9%  57.5 1515s
 340147 56815 infeasible   48        48.00000   37.00000  22.9%  57.6 1524s
 343019 57466   37.27915   44   69   48.00000   37.00000  22.9%  57.6 1542s
 346566 57512   46.00000   53   20   48.00000   37.00000  22.9%  57.6 1557s
 346766 58083 infeasible   55        48.00000   37.00000  22.9%  57.6 1579s
 350776 58486   37.00000   45   39   48.00000   37.00000  22.9%  57.6 1592s
 352758 58920 infeasible   55        48.00000   37.00000  22.9%  57.7 1612s
 356477 59014   46.00000   50   21   48.00000   37.00000  22.9%  57.7 1623s
 356979 60047   46.00000   51   20   48.00000   37.00000  22.9%  57.7 1658s
 362585 60381   41.00000   47   38   48.00000   37.00000  22.9%  57.8 1670s
 363842 60914 infeasible   47        48.00000   37.00000  22.9%  57.8 1687s
 366969 61169   42.00000   44   31   48.00000   37.00000  22.9%  57.8 1695s
 368401 64335 infeasible   50        48.00000   37.00000  22.9%  57.8 1798s
 385336 64346   37.00770   48   64   48.00000   37.00000  22.9%  58.0 1811s
 385361 64548   41.00000   49   39   48.00000   37.00000  22.9%  58.0 1822s
 387367 64572 infeasible   49        48.00000   37.00000  22.9%  58.1 1826s
 387453 64800   42.00000   46   40   48.00000   37.00000  22.9%  58.1 1838s
 389138 64988   45.00000   49   33   48.00000   37.00000  22.9%  58.1 1847s
 390179 67584   45.00000   50   32   48.00000   37.00000  22.9%  58.1 1958s
 407507 67592   43.00000   51   36   48.00000   37.00000  22.9%  58.1 1970s
 407539 67881   46.00000   52   13   48.00000   37.00000  22.9%  58.1 1984s
 409146 68060 infeasible   52        48.00000   37.00000  22.9%  58.1 1992s
 410169 68221   42.00000   52   36   48.00000   37.00000  22.9%  58.2 1999s
 411381 68665   45.00000   52   26   48.00000   37.00000  22.9%  58.2 2013s
 413938 68723   45.00000   53   26   48.00000   37.00000  22.9%  58.3 2026s
 414218 69677   46.00000   56   15   48.00000   37.00000  22.9%  58.3 2054s
 419627 69711 infeasible   53        48.00000   37.00000  22.9%  58.4 2062s
 419945 70065   46.00000   53   15   48.00000   37.00000  22.9%  58.4 2080s
 422923 70606   37.00000   52   57   48.00000   37.00000  22.9%  58.4 2094s
 425386 70628   43.00000   44   24   48.00000   37.00000  22.9%  58.4 2106s
 425428 71280     cutoff   51        48.00000   37.00000  22.9%  58.4 2120s
 428006 71617   43.00000   46   15   48.00000   37.00000  22.9%  58.4 2126s
 429003 72370 infeasible   61        48.00000   37.00000  22.9%  58.4 2145s
 432453 72876 infeasible   51        48.00000   37.00000  22.9%  58.3 2153s
 434573 73987   43.00000   50   34   48.00000   37.00000  22.9%  58.3 2182s
 439326 74099     cutoff   50        48.00000   37.00000  22.9%  58.3 2190s
 439832 74150   41.00000   51   40   48.00000   37.00000  22.9%  58.3 2207s
 440053 74333   46.00000   47   38   48.00000   37.00000  22.9%  58.3 2219s
 441256 74961   41.00000   51   24   48.00000   37.00000  22.9%  58.3 2235s
 443980 75667   43.00000   54   32   48.00000   37.00000  22.9%  58.2 2253s
 446526 76679   47.00000   59   12   48.00000   37.00000  22.9%  58.2 2281s
 451110 76822   46.00000   58   26   48.00000   37.00000  22.9%  58.2 2290s
 452028 77592   46.00000   59   23   48.00000   37.00000  22.9%  58.2 2313s
 456464 77951   43.00000   47   34   48.00000   37.00000  22.9%  58.2 2322s
 457894 79496   43.00000   48   31   48.00000   37.00000  22.9%  58.2 2405s
 464833 79887   41.00000   54   22   48.00000   37.00000  22.9%  58.2 2421s
 467323 80749 infeasible   55        48.00000   37.00000  22.9%  58.2 2452s
 472398 81070   46.00000   50   23   48.00000   37.00000  22.9%  58.2 2464s
 473904 82339 infeasible   51        48.00000   37.00000  22.9%  58.2 2500s
 479783 83159   43.00000   55   33   48.00000   37.00000  22.9%  58.2 2528s
 483369 83957 infeasible   52        48.00000   37.00000  22.9%  58.2 2549s
 486807 84449   37.15928   52   42   48.00000   37.00000  22.9%  58.2 2567s
 489288 84896 infeasible   54        48.00000   37.00000  22.9%  58.2 2581s
 491890 85146   45.00000   60   21   48.00000   37.00000  22.9%  58.2 2596s
 494077 85903   41.00000   49   26   48.00000   37.00000  22.9%  58.2 2612s
 497183 86304   41.00000   47   28   48.00000   37.00000  22.9%  58.2 2630s
 499738 86325   47.00000   55   30   48.00000   37.00000  22.9%  58.2 2646s
 499799 86804 infeasible   56        48.00000   37.00000  22.9%  58.2 2666s
 503260 87305   39.00000   53   41   48.00000   37.00000  22.9%  58.2 2676s
 505543 88129   46.00000   52   18   48.00000   37.00000  22.9%  58.3 2715s
 511310 88438   44.00000   49   24   48.00000   37.00000  22.9%  58.2 2731s
 512983 89110   43.00000   52   27   48.00000   37.00000  22.9%  58.2 2755s
 516346 89240   46.00000   50   30   48.00000   37.00000  22.9%  58.3 2761s
 517153 89430   46.00000   51   27   48.00000   37.00000  22.9%  58.3 2779s
 519111 89463   37.00991   52   54   48.00000   37.00000  22.9%  58.3 2789s
 519184 89969 infeasible   57        48.00000   37.00000  22.9%  58.3 2820s
 523515 90434 infeasible   49        48.00000   37.00000  22.9%  58.3 2838s
 525910 91166 infeasible   49        48.00000   37.00000  22.9%  58.3 2865s
 529523 91469 infeasible   55        48.00000   37.00000  22.9%  58.3 2879s
 530428 91923   46.00000   45   28   48.00000   37.00000  22.9%  58.3 2896s
 533711 92475     cutoff   56        48.00000   37.00000  22.9%  58.3 2917s
 536306 92962   43.00000   51   30   48.00000   37.00000  22.9%  58.3 2944s
*537009 77964              58      47.0000000   37.00000  21.3%  58.3 2944s
 540038 77969   46.00000   48   20   47.00000   37.00000  21.3%  58.3 2953s
H540372 77969                      47.0000000   37.00000  21.3%  58.3 2954s
 540712 78850   37.01575   47   65   47.00000   37.00000  21.3%  58.3 2990s
 546548 78888     cutoff   50        47.00000   37.00000  21.3%  58.3 2999s
 546713 79235   43.00000   51   25   47.00000   37.00000  21.3%  58.3 3015s
 549177 79525   41.00000   48   25   47.00000   37.00000  21.3%  58.3 3025s
 551000 79963 infeasible   52        47.00000   37.00000  21.3%  58.3 3040s
 555303 80150   37.09662   47   54   47.00000   37.00000  21.3%  58.3 3052s
 556559 80186   40.00000   48   44   47.00000   37.00000  21.3%  58.3 3064s
 556698 80526   40.00000   49   44   47.00000   37.00000  21.3%  58.3 3088s
 560786 80697   46.00000   50   34   47.00000   37.00000  21.3%  58.3 3096s
 561679 80959 infeasible   63        47.00000   37.00000  21.3%  58.3 3113s
 563801 81091 infeasible   53        47.00000   37.00000  21.3%  58.3 3129s
 566002 81102   37.21585   54   59   47.00000   37.00000  21.3%  58.3 3142s
 566049 81263   37.21585   55   58   47.00000   37.00000  21.3%  58.3 3156s
 569133 81318   40.00000   50   44   47.00000   37.00000  21.3%  58.2 3166s
 570229 81524 infeasible   51        47.00000   37.00000  21.3%  58.2 3186s
 573627 81564 infeasible   56        47.00000   37.00000  21.3%  58.1 3194s
 574845 81831 infeasible   52        47.00000   37.00761  21.3%  58.1 3241s
 583182 81853   37.06250   56   56   47.00000   37.04211  21.2%  57.9 3247s
 583500 81870   42.00000   50   24   47.00000   37.04211  21.2%  57.9 3255s
 583602 82009     cutoff   54        47.00000   37.04211  21.2%  57.9 3265s
 584475 82243 infeasible   54        47.00000   37.04211  21.2%  57.9 3278s
 586464 82272   37.04211   50   51   47.00000   37.04211  21.2%  57.9 3284s
 587309 82374   37.04211   51   47   47.00000   37.04211  21.2%  57.9 3294s
 588436 82534   44.00000   48   21   47.00000   37.05496  21.2%  57.9 3312s
 590567 82578 infeasible   53        47.00000   37.05734  21.2%  57.8 3324s
 591841 82611 infeasible   56        47.00000   37.06662  21.1%  57.8 3335s
 593365 82684   41.00000   55   25   47.00000   37.06662  21.1%  57.8 3345s
 593715 82781   41.00000   56   24   47.00000   37.06721  21.1%  57.8 3368s
 596838 82792 infeasible   57        47.00000   37.06721  21.1%  57.7 3377s
 597110 83602 infeasible   58        47.00000   37.06721  21.1%  57.7 3494s
 609079 83602     cutoff   51        47.00000   37.07741  21.1%  57.4 3496s
 615085 83634   41.00000   49   30   47.00000   37.11217  21.0%  57.3 3505s
 615279 83650   41.00000   50   25   47.00000   37.11217  21.0%  57.3 3512s
 615386 83643     cutoff   51        47.00000   37.11217  21.0%  57.3 3519s
 615487 83752     cutoff   52        47.00000   37.11520  21.0%  57.3 3530s
 616501 83819     cutoff   47        47.00000   37.12019  21.0%  57.3 3537s
 617083 83965   41.00000   48   24   47.00000   37.12212  21.0%  57.3 3547s
 618320 84031 infeasible   54        47.00000   37.12457  21.0%  57.3 3554s
 618980 84114 infeasible   55        47.00000   37.12457  21.0%  57.2 3567s
 621245 84218   46.00000   44   23   47.00000   37.12494  21.0%  57.2 3577s
 622368 84225 infeasible   56        47.00000   37.12593  21.0%  57.2 3598s
 622555 84271 infeasible   54        47.00000   37.12903  21.0%  57.2 3600s

Cutting planes:
  Learned: 390
  Gomory: 53
  Cover: 70
  Implied bound: 16
  MIR: 445
  StrongCG: 5
  Flow cover: 1339
  RLT: 155
  Relax-and-lift: 14

Explored 623031 nodes (35648409 simplex iterations) in 3600.14 seconds (857.60 work units)
Thread count was 18 (of 36 available processors)

Solution count 10: 47 47 48 ... 52

Time limit reached
Best objective 4.699999999520e+01, best bound 3.713305590538e+01, gap 20.9935%

Gurobi 11.0.0 (win64) logging started Tue Jun 18 13:53:12 2024

Set parameter LogFile to value "./Results/StripPacking-ManyRuns/Logs/SBM-111-StripPacking-15-0.log"
Set parameter TimeLimit to value 3600
Set parameter Cuts to value 1
Set parameter Presolve to value 1
Set parameter Heuristics to value 1
Set parameter LPWarmStart to value 2
Gurobi Optimizer version 11.0.0 build v11.0.0rc2 (win64 - Windows 10.0 (19045.2))

CPU model: Intel(R) Core(TM) i9-10980XE CPU @ 3.00GHz, instruction set [SSE2|AVX|AVX2|AVX512]
Thread count: 18 physical cores, 36 logical processors, using up to 18 threads

Optimize a model with 1905 rows, 346 columns and 5700 nonzeros
Model fingerprint: 0x0ecfb741
Variable types: 136 continuous, 210 integer (210 binary)
Coefficient statistics:
  Matrix range     [1e+00, 1e+04]
  Objective range  [1e+00, 1e+00]
  Bounds range     [1e+00, 1e+04]
  RHS range        [1e+00, 1e+04]

Warning: Completing partial solution with 210 unfixed non-continuous variables out of 210
User MIP start produced solution with objective 62.1 (0.00s)
User MIP start produced solution with objective 62.1 (0.00s)
Loaded user MIP start with objective 62.1

Presolve removed 525 rows and 0 columns
Presolve time: 0.02s
Presolved: 1380 rows, 346 columns, 4335 nonzeros
Variable types: 136 continuous, 210 integer (210 binary)

Root relaxation: objective 3.200000e+01, 122 iterations, 0.00 seconds (0.00 work units)

    Nodes    |    Current Node    |     Objective Bounds      |     Work
 Expl Unexpl |  Obj  Depth IntInf | Incumbent    BestBd   Gap | It/Node Time

     0     0   32.00000    0   15   62.10000   32.00000  48.5%     -    0s
H    0     0                      62.0000000   32.00000  48.4%     -    0s
     0     0   32.00000    0   27   62.00000   32.00000  48.4%     -    0s
     0     0   32.00000    0   27   62.00000   32.00000  48.4%     -    0s
H    0     0                      61.0000000   32.00000  47.5%     -    0s
     0     0   32.00000    0   25   61.00000   32.00000  47.5%     -    0s
     0     0   32.00000    0   28   61.00000   32.00000  47.5%     -    0s
     0     0   32.00000    0   18   61.00000   32.00000  47.5%     -    0s
H    0     0                      58.0000000   32.00000  44.8%     -    0s
     0     0   32.00000    0   23   58.00000   32.00000  44.8%     -    0s
     0     0   32.00000    0   22   58.00000   32.00000  44.8%     -    0s
     0     0   32.00000    0   26   58.00000   32.00000  44.8%     -    0s
     0     0   32.00000    0   27   58.00000   32.00000  44.8%     -    0s
     0     0   32.00000    0   20   58.00000   32.00000  44.8%     -    0s
     0     2   32.00000    0   13   58.00000   32.00000  44.8%     -    0s
H   89   104                      57.0000000   32.00000  43.9%  27.1    0s
H   91   104                      55.0000000   32.00000  41.8%  27.0    0s
H  103   122                      52.0000000   32.00000  38.5%  26.6    7s
H  956   818                      49.0000000   32.00000  34.7%  17.0   14s
H  966   818                      47.0000000   32.00000  31.9%  16.9   14s
   974   832     cutoff   46        47.00000   32.00000  31.9%  17.0   16s
  1333  1068   34.00000   20   19   47.00000   32.00000  31.9%  16.6   21s
  1538  1043   32.00000    7   32   47.00000   32.00000  31.9%  17.4   27s
  1630  1036   32.00000    8   34   47.00000   32.00000  31.9%  17.5   32s
H 1635  1036                      47.0000000   32.00000  31.9%  17.4   32s
  2080  1401   41.00000    9   15   47.00000   32.00000  31.9%  17.3   39s
  2255  1685   32.00000    8   49   47.00000   32.00000  31.9%  17.6   43s
  2732  2258   39.00000   21   35   47.00000   32.00000  31.9%  17.0   46s
  3977  2360   32.00000   19   62   47.00000   32.00000  31.9%  19.2   51s
  4119  2440   39.00000   22   38   47.00000   32.00000  31.9%  20.3   56s
  4262  2490   41.00000   27   27   47.00000   32.00000  31.9%  20.8   60s
  4458  2514   39.00000   33   24   47.00000   32.00000  31.9%  21.5   69s
  4484  2511   39.00000   33   33   47.00000   32.00000  31.9%  21.7   72s
  4662  2558   46.00000   38   21   47.00000   32.00000  31.9%  22.4   76s
  5072  2563   45.00000   29   30   47.00000   32.00000  31.9%  23.8   83s
  5114  2556   45.00000   30   27   47.00000   32.00000  31.9%  24.0   85s
  5471  2571     cutoff   32        47.00000   32.00000  31.9%  24.9   92s
  5506  2573 infeasible   33        47.00000   32.00000  31.9%  25.0   96s
  5925  2706   45.00000   36   15   47.00000   32.00000  31.9%  25.6  105s
H 6118  2457                      46.0000000   32.00000  30.4%  25.8  107s
  6324  2531   38.00000   28   41   46.00000   32.00000  30.4%  26.4  110s
  6785  2389   38.00000   30   31   46.00000   32.00000  30.4%  27.4  117s
H 7312  2386                      46.0000000   32.00000  30.4%  29.0  119s
  7586  2306   43.00000   31   21   46.00000   32.00000  30.4%  29.2  126s
  8401  2371   45.00000   33   23   46.00000   32.00000  30.4%  30.3  133s
* 8459  1706              50      45.0000000   32.00000  28.9%  30.3  133s
  8528  1797     cutoff   35        45.00000   32.00000  28.9%  30.3  135s
H 8788  1613                      45.0000000   32.00000  28.9%  30.9  135s
  9272  1583   42.00000   39   17   45.00000   32.00000  28.9%  31.9  140s
 10270  1668   32.07143   22   75   45.00000   32.00000  28.9%  33.6  145s
 11256  1881   32.00000   19   50   45.00000   32.00000  28.9%  34.6  153s
 11385  2028   32.00000   20   52   45.00000   32.00000  28.9%  34.9  155s
 12764  2256     cutoff   33        45.00000   32.00000  28.9%  36.6  161s
 14165  2420   43.00000   26   14   45.00000   32.00000  28.9%  37.7  166s
 14861  2612   32.00000   26   45   45.00000   32.00000  28.9%  37.9  171s
 15732  2794   43.00000   32   25   45.00000   32.00000  28.9%  38.3  177s
 17531  2968 infeasible   28        45.00000   32.00000  28.9%  38.7  182s
 18375  3015   38.00000   35   35   45.00000   32.00000  28.9%  38.9  185s
 19046  3164   32.07292   30   55   45.00000   32.00000  28.9%  39.1  192s
 19565  3286 infeasible   29        45.00000   32.00000  28.9%  39.4  195s
 21792  3582 infeasible   33        45.00000   32.00000  28.9%  39.7  202s
 23632  3583 infeasible   40        45.00000   32.00000  28.9%  39.9  208s
 23667  3612 infeasible   41        45.00000   32.00000  28.9%  39.9  211s
 23813  3613 infeasible   42        45.00000   32.00000  28.9%  39.9  216s
 23854  3626   43.00000   43   25   45.00000   32.00000  28.9%  39.9  220s
 23947  3625   43.00000   47   26   45.00000   32.00000  28.9%  39.8  226s
 24744  3789   38.00000   29   27   45.00000   32.10364  28.7%  39.8  232s
 25202  3920   42.00000   30   26   45.00000   32.13535  28.6%  39.7  235s
 28637  3961   43.00000   29   23   45.00000   32.21332  28.4%  39.9  242s
 28798  4013   43.00000   30   22   45.00000   32.21332  28.4%  39.9  247s
 32205  4386   41.00000   28   35   45.00000   32.70644  27.3%  39.3  253s
 32388  4577   43.00000   29   34   45.00000   33.10390  26.4%  39.3  258s
 35665  4584     cutoff   32        45.00000   33.19737  26.2%  39.0  262s
 35940  4660   34.00000   33   36   45.00000   33.19737  26.2%  39.0  265s
 38862  4716     cutoff   34        45.00000   34.00000  24.4%  38.9  275s
 41869  4827   38.00000   33   26   45.00000   34.00000  24.4%  38.9  282s
 44122  4828     cutoff   34        45.00000   34.00000  24.4%  38.8  288s
 44671  4741     cutoff   28        45.00000   34.00000  24.4%  38.7  291s
 48396  4767   39.00000   29   33   45.00000   37.00000  17.8%  38.4  302s
 53705  4816   43.00000   30   16   45.00000   38.00000  15.6%  37.9  309s
 54592  4816 infeasible   29        45.00000   38.00000  15.6%  37.8  310s
 60817  4954   41.00000   35   20   45.00000   38.00000  15.6%  37.2  318s
 61891  4944     cutoff   40        45.00000   38.00000  15.6%  37.1  322s
 62328  4940     cutoff   31        45.00000   38.00000  15.6%  37.0  326s
 65998  4939   42.00000   32   20   45.00000   38.00000  15.6%  36.8  332s
 66335  5106   42.00000   33   22   45.00000   38.00000  15.6%  36.8  343s
 69733  5082 infeasible   28        45.00000   38.00000  15.6%  36.4  348s
 70574  5177   38.00000   40   20   45.00000   38.00000  15.6%  36.3  360s
 73910  5171     cutoff   31        45.00000   39.00000  13.3%  36.2  367s
 73952  5313   41.00000   28   28   45.00000   39.00000  13.3%  36.2  387s
 80703  5437 infeasible   32        45.00000   39.00000  13.3%  35.9  405s
 87984  5582 infeasible   36        45.00000   39.00000  13.3%  35.6  417s
 91775  5588 infeasible   39        45.00000   39.00000  13.3%  35.4  421s
 91802  5743   39.00000   36   23   45.00000   39.00000  13.3%  35.4  432s
 95261  5755   39.00000   27   29   45.00000   39.00000  13.3%  35.3  435s
 96622  6046 infeasible   46        45.00000   39.00000  13.3%  35.2  443s
 97928  6045   40.00000   41   20   45.00000   39.00000  13.3%  35.1  449s
 97964  6054   40.00000   42   25   45.00000   39.00000  13.3%  35.1  453s
 99840  6056   39.00000   29   32   45.00000   39.00000  13.3%  35.1  457s
 99873  6181     cutoff   30        45.00000   39.00000  13.3%  35.1  461s
 103074  6268   41.00000   36   20   45.00000   39.00000  13.3%  35.0  466s
 103176  6355   39.00000   34   51   45.00000   39.00000  13.3%  35.1  474s
 103194  6371   39.00000   34   54   45.00000   39.00000  13.3%  35.2  475s
 103559  6501   39.00000   42   40   45.00000   39.00000  13.3%  35.3  484s
 103582  6535     cutoff   43        45.00000   39.00000  13.3%  35.3  485s
 103723  6538   39.00000   37   34   45.00000   39.00000  13.3%  35.3  490s
 103817  6520   39.00000   38   33   45.00000   39.00000  13.3%  35.3  496s
 104044  6685   39.00000   43   29   45.00000   39.00000  13.3%  35.4  501s
 104552  6535   43.00000   46   28   45.00000   39.00000  13.3%  35.5  505s
 105225  6648   39.00000   38   42   45.00000   39.00000  13.3%  35.6  510s
 105774  6645   42.00000   46   21   45.00000   39.00000  13.3%  35.7  515s
 106612  6390   39.00000   36   47   45.00000   39.00000  13.3%  35.9  520s
 107219  6460   40.00000   37   30   45.00000   39.00000  13.3%  36.0  525s
 108320  6247   42.00000   52   20   45.00000   39.00000  13.3%  36.2  531s
 109274  6222 infeasible   43        45.00000   39.00000  13.3%  36.3  536s
 110112  6131   41.00000   43   31   45.00000   39.00000  13.3%  36.5  541s
 110787  6177     cutoff   45        45.00000   39.00000  13.3%  36.6  546s
 111780  5866 infeasible   47        45.00000   39.00000  13.3%  36.7  553s
 111951  5877   43.00000   48   25   45.00000   39.00000  13.3%  36.8  556s
 112774  5701   41.00000   45   26   45.00000   39.00000  13.3%  36.9  564s
 112838  5984   41.00000   46   26   45.00000   39.00000  13.3%  36.9  567s
 114286  5539 infeasible   59        45.00000   39.00000  13.3%  37.1  570s
 115295  5479   43.00000   43   32   45.00000   39.00000  13.3%  37.3  577s
 115584  5599 infeasible   51        45.00000   39.00000  13.3%  37.3  580s
 117117  5357   39.00000   46   46   45.00000   39.00000  13.3%  37.5  587s
 118184  5158   39.00000   47   46   45.00000   39.00000  13.3%  37.6  591s
 119248  4962   43.00000   48   23   45.00000   39.00000  13.3%  37.7  596s
 120202  4650 infeasible   48        45.00000   39.00000  13.3%  37.8  603s
 120248  4939   39.00000   45   39   45.00000   39.00000  13.3%  37.8  607s
 122357  4428   40.00000   40   48   45.00000   39.00000  13.3%  38.0  610s
 122634  4691   39.00000   40   44   45.00000   39.00000  13.3%  38.0  615s
 125038  5002 infeasible   46        45.00000   39.00000  13.3%  38.2  622s
 126398  5263     cutoff   50        45.00000   39.00000  13.3%  38.3  626s
 128198  5267   39.00000   45   29   45.00000   39.00000  13.3%  38.4  634s
 128256  5487 infeasible   46        45.00000   39.00000  13.3%  38.4  638s
 130357  5503   39.00000   38   33   45.00000   39.00000  13.3%  38.6  642s
 130683  5676   39.00000   39   32   45.00000   39.00000  13.3%  38.6  645s
 131866  5995   39.00000   49   26   45.00000   39.00000  13.3%  38.7  651s
 133955  6069   39.00000   46   24   45.00000   39.00000  13.3%  38.7  655s
 135115  6142   39.00000   41   38   45.00000   39.00000  13.3%  38.8  660s
 136608  6332   39.00000   42   37   45.00000   39.00000  13.3%  39.0  665s
 138914  6334 infeasible   45        45.00000   39.00000  13.3%  39.1  673s
 139020  6571   41.00000   45   20   45.00000   39.00000  13.3%  39.1  677s
 140509  6940   41.00000   41   31   45.00000   39.00000  13.3%  39.1  683s
 143945  7168 infeasible   45        45.00000   39.00000  13.3%  39.3  688s
 146061  7315   41.00000   46   25   45.00000   39.00000  13.3%  39.4  691s
 147788  8019   42.00000   43   30   45.00000   39.00000  13.3%  39.5  724s
 157600  8042   41.00000   46   30   45.00000   39.00000  13.3%  39.7  729s
 158065  8041   41.00000   47   30   45.00000   39.00000  13.3%  39.7  733s
 158204  8062 infeasible   46        45.00000   39.00000  13.3%  39.7  738s
 158366  8079   42.00000   47   21   45.00000   39.00000  13.3%  39.7  743s
 159301  8089     cutoff   48        45.00000   39.00000  13.3%  39.8  747s
 159990  8129 infeasible   48        45.00000   39.00000  13.3%  39.8  751s
 161166  8144   39.00000   43   30   45.00000   39.00000  13.3%  39.8  756s
 161907  8161   39.00000   44   30   45.00000   39.00000  13.3%  39.8  761s
 162808  8288   39.00000   45   30   45.00000   39.00000  13.3%  39.9  766s
 163815  8298   39.00000   55   28   45.00000   39.00000  13.3%  39.9  770s
 164954  8296 infeasible   55        45.00000   39.00000  13.3%  39.9  776s
 165220  8349 infeasible   46        45.00000   39.00000  13.3%  39.9  780s
 167177  8466 infeasible   46        45.00000   39.00000  13.3%  39.9  785s
 170063  8590   39.00000   41   28   45.00000   39.00000  13.3%  39.9  794s
 174936  8670 infeasible   50        45.00000   39.00000  13.3%  40.0  802s
 178048  8672   39.00000   47   25   45.00000   39.00000  13.3%  40.1  809s
 178091  8820   39.00000   48   24   45.00000   39.00000  13.3%  40.1  813s
 180040  8888   39.00000   44   27   45.00000   39.00000  13.3%  40.1  817s
 181481  8957   39.00000   45   23   45.00000   39.00000  13.3%  40.1  825s
 183685  8954 infeasible   49        45.00000   39.00000  13.3%  40.1  833s
 186642  9001 infeasible   47        45.00000   39.00000  13.3%  40.1  840s
 189417  9058 infeasible   50        45.00000   39.00000  13.3%  40.2  850s
 192288  9045   39.00000   42   24   45.00000   39.00000  13.3%  40.1  858s
 194468  8993     cutoff   46        45.00000   39.00000  13.3%  40.1  869s
 198833  8975   41.00000   41   30   45.00000   39.00000  13.3%  40.1  881s
 202038  8965 infeasible   48        45.00000   39.00000  13.3%  40.1  890s
 204518  8958 infeasible   45        45.00000   39.00000  13.3%  40.1  898s
 206582  8951   39.00000   44   28   45.00000   39.00000  13.3%  40.0  906s
 208747  8958   39.00000   45   27   45.00000   39.00000  13.3%  40.0  914s
 208946  8991   39.00000   46   27   45.00000   39.00000  13.3%  40.0  921s
 211537  9011   39.00000   47   28   45.00000   39.00000  13.3%  40.0  926s
 212414  8917   39.00000   48   28   45.00000   39.00000  13.3%  40.0  947s
 218563  8868   43.00000   43   27   45.00000   39.00000  13.3%  40.0  953s
 219509  8767 infeasible   44        45.00000   39.00000  13.3%  40.0  963s
 222310  8683   39.00000   48   34   45.00000   39.00000  13.3%  40.1  969s
 224487  8781   39.00000   37   29   45.00000   39.00000  13.3%  40.1  985s
 230021  8633 infeasible   44        45.00000   39.00000  13.3%  40.0  998s
 235806  8800   39.00000   43   29   45.00000   39.00000  13.3%  40.1 1007s
 238177  8802 infeasible   44        45.00000   39.00000  13.3%  40.0 1016s
 238241  8741   41.00000   45   30   45.00000   39.00000  13.3%  40.0 1023s
 241912  8746   42.00000   50   27   45.00000   39.00000  13.3%  40.0 1028s
 242573  8770 infeasible   61        45.00000   39.00000  13.3%  40.0 1037s
 246031  8769     cutoff   55        45.00000   39.00000  13.3%  40.0 1042s
 246753  8720   39.00000   45   23   45.00000   39.00000  13.3%  40.0 1048s
 248966  8758   41.00000   55   28   45.00000   39.00000  13.3%  40.0 1053s
 250107  8640   39.00000   47   19   45.00000   39.00000  13.3%  40.0 1059s
 253280  8644   40.00000   52   26   45.00000   39.00000  13.3%  40.0 1066s
 253312  8612   42.00000   53   15   45.00000   39.00000  13.3%  40.0 1082s
 257395  8614 infeasible   49        45.00000   40.00000  11.1%  39.9 1087s
 258356  8516   40.00000   54   22   45.00000   40.00000  11.1%  39.9 1101s
 263457  8559   40.00000   44   28   45.00000   40.00000  11.1%  39.9 1105s
 263945  9057   40.00000   45   28   45.00000   40.00000  11.1%  39.9 1166s
 276919  9056 infeasible   56        45.00000   40.00000  11.1%  39.9 1172s
 276965  9191 infeasible   52        45.00000   40.00000  11.1%  39.9 1176s
 278238  9188 infeasible   62        45.00000   40.00000  11.1%  39.8 1182s
 278277  9115 infeasible   62        45.00000   40.00000  11.1%  39.8 1189s
 280241  9156   43.00000   54   23   45.00000   40.00000  11.1%  39.8 1196s
 280900  9145 infeasible   45        45.00000   40.00000  11.1%  39.8 1206s
 283214  9163 infeasible   54        45.00000   40.00000  11.1%  39.8 1210s
 283472  9147 infeasible   53        45.00000   40.00000  11.1%  39.8 1218s
 286174  9221   40.00000   57   22   45.00000   40.00000  11.1%  39.8 1225s
 289809  9356 infeasible   50        45.00000   40.00000  11.1%  39.8 1237s
 293661  9369   43.00000   56   25   45.00000   40.00000  11.1%  39.8 1243s
 293684  9393 infeasible   57        45.00000   40.00000  11.1%  39.8 1250s
 294020  9499   40.00000   41   25   45.00000   40.00000  11.1%  39.8 1258s
 296173  9584   40.00000   50   18   45.00000   40.00000  11.1%  39.7 1264s
 297858  9669   40.00000   47   23   45.00000   40.00000  11.1%  39.7 1276s
 300490  9892     cutoff   49        45.00000   40.00000  11.1%  39.8 1289s
 304548  9902   40.00000   52   28   45.00000   40.00000  11.1%  39.8 1293s
 304758 10087   40.00000   53   27   45.00000   40.00000  11.1%  39.8 1308s
 308213 10402   41.00000   51   24   45.00000   40.00000  11.1%  39.9 1317s
 311768 10411 infeasible   53        45.00000   40.00000  11.1%  39.9 1325s
 312986 10460   43.00000   55   16   45.00000   40.00000  11.1%  39.9 1356s
 319918 10496 infeasible   53        45.00000   40.00000  11.1%  39.8 1361s
 320481 10514 infeasible   54        45.00000   40.00000  11.1%  39.8 1365s
 323007 10459   43.00000   51   21   45.00000   40.00000  11.1%  39.8 1373s
 323609 10372   43.00000   51   19   45.00000   40.00000  11.1%  39.8 1377s
 325587 10369 infeasible   57        45.00000   40.00000  11.1%  39.8 1383s
 325631 10437 infeasible   58        45.00000   40.00000  11.1%  39.8 1387s
 327388 10426 infeasible   64        45.00000   40.00000  11.1%  39.7 1391s
 327565 10315   41.00000   53   19   45.00000   40.00000  11.1%  39.7 1400s
 330055  9911   41.00000   54   24   45.00000   41.00000  8.89%  39.6 1414s
 335038  9988   43.00000   50   17   45.00000   41.00000  8.89%  39.5 1420s
 337035  9565 infeasible   51        45.00000   41.00000  8.89%  39.5 1457s
 346616  9568     cutoff   48        45.00000   41.00000  8.89%  39.3 1463s
 347182  9583   43.00000   47   14   45.00000   41.00000  8.89%  39.3 1477s
 350028  9581 infeasible   56        45.00000   41.00000  8.89%  39.3 1481s
 350081  9609 infeasible   57        45.00000   41.00000  8.89%  39.3 1486s
 351325  9705 infeasible   64        45.00000   41.00000  8.89%  39.3 1497s
 353594  9600 infeasible   58        45.00000   41.00000  8.89%  39.3 1503s
 355750  9605   41.00000   56   23   45.00000   41.00000  8.89%  39.2 1508s
 355887  9425 infeasible   56        45.00000   41.00000  8.89%  39.2 1518s
 358964  9423   41.00000   53   30   45.00000   41.00000  8.89%  39.2 1522s
 359411  9244 infeasible   54        45.00000   41.00000  8.89%  39.2 1535s
 362387  9296   41.00000   48   30   45.00000   41.00000  8.89%  39.2 1548s
 366382  9397   41.00000   42   28   45.00000   41.00000  8.89%  39.2 1590s
 374810  9354 infeasible   56        45.00000   41.00000  8.89%  39.2 1596s
 375415  9347   44.00000   54   17   45.00000   41.00000  8.89%  39.2 1602s
 375651  9285 infeasible   44        45.00000   41.00000  8.89%  39.2 1608s
 377530  9268   44.00000   60   21   45.00000   41.00000  8.89%  39.2 1614s
 378885  9324 infeasible   52        45.00000   41.00000  8.89%  39.2 1623s
 382258  9411   41.00000   42   27   45.00000   41.00000  8.89%  39.2 1630s
 384095  9294   41.00000   48   23   45.00000   41.00000  8.89%  39.2 1650s
 389176  9349   41.00000   49   28   45.00000   41.00000  8.89%  39.2 1656s
 390312  9472 infeasible   50        45.00000   41.00000  8.89%  39.2 1711s
 400544  9524   41.00000   43   33   45.00000   41.00000  8.89%  39.3 1717s
 401065  9501   41.00000   44   32   45.00000   41.00000  8.89%  39.3 1722s
 401182  9356 infeasible   45        45.00000   41.00000  8.89%  39.3 1731s
 403669  9368 infeasible   54        45.00000   41.00000  8.89%  39.3 1736s
 404458  9328     cutoff   55        45.00000   41.00000  8.89%  39.3 1744s
 407322  9379 infeasible   46        45.00000   41.00000  8.89%  39.3 1750s
 408239  9168 infeasible   63        45.00000   41.00000  8.89%  39.3 1760s
 412210  9243 infeasible   52        45.00000   41.00000  8.89%  39.3 1768s
 413304  9522 infeasible   53        45.00000   41.00000  8.89%  39.3 1799s
 421832  9630 infeasible   48        45.00000   41.00000  8.89%  39.3 1805s
 422749  9627 infeasible   64        45.00000   41.00000  8.89%  39.3 1810s
 422800  9585   41.00000   64   13   45.00000   41.00000  8.89%  39.3 1816s
 424102  9480 infeasible   53        45.00000   41.00000  8.89%  39.3 1835s
 428159  9466     cutoff   45        45.00000   41.00000  8.89%  39.3 1841s
 428207  9582   42.00000   51   23   45.00000   41.00000  8.89%  39.3 1849s
 431430  9558   41.00000   60   22   45.00000   41.00000  8.89%  39.2 1854s
 431902  9469   41.00000   40   33   45.00000   41.00000  8.89%  39.2 1867s
 435074  9511   41.00000   52   18   45.00000   41.00000  8.89%  39.1 1875s
 435846  9045     cutoff   53        45.00000   41.00000  8.89%  39.1 1961s
 453401  9047   41.00000   50   27   45.00000   41.00000  8.89%  38.9 1969s
 453435  9097     cutoff   51        45.00000   41.00000  8.89%  38.9 1978s
 454579  9100   41.00000   48   16   45.00000   41.00000  8.89%  39.0 1984s
 454723  9163   41.00000   49   15   45.00000   41.00000  8.89%  39.0 1995s
 456381  9195   41.00000   54   22   45.00000   41.00000  8.89%  39.0 2000s
 456822  9196 infeasible   55        45.00000   41.00000  8.89%  39.0 2006s
 456940  8034   41.00000   57   26   45.00000   41.00000  8.89%  39.0 2052s
 468669  8039   42.00000   55   20   45.00000   42.00000  6.67%  38.9 2058s
 468824  7733   42.00000   56   22   45.00000   42.00000  6.67%  38.9 2075s
 472273  7711 infeasible   51        45.00000   42.00000  6.67%  38.9 2080s
 472413  7548   42.00000   54   22   45.00000   42.00000  6.67%  38.9 2093s
 474334  7548   42.00000   61   18   45.00000   42.00000  6.67%  38.9 2098s
 474370  7692   42.00000   62   17   45.00000   42.00000  6.67%  38.9 2112s
 476812  7608   42.00000   56   21   45.00000   42.00000  6.67%  38.9 2119s
 477409  7458   42.00000   54   20   45.00000   42.00000  6.67%  38.9 2131s
 479612  7442     cutoff   46        45.00000   42.00000  6.67%  39.0 2136s
 479734  7119 infeasible   47        45.00000   42.00000  6.67%  39.0 2150s
 483367  7125     cutoff   53        45.00000   42.00000  6.67%  38.9 2157s
 483417  7058 infeasible   54        45.00000   42.00000  6.67%  38.9 2171s
 485978  7052 infeasible   44        45.00000   42.00000  6.67%  38.9 2181s
 486020  7087 infeasible   45        45.00000   42.00000  6.67%  38.9 2193s
 489104  7139   43.00000   47   20   45.00000   42.00000  6.67%  38.8 2198s
 489969  7636     cutoff   48        45.00000   43.00000  4.44%  38.8 2285s
 507464  7635 infeasible   57        45.00000   43.00000  4.44%  38.5 2293s
 507749  7885 infeasible   46        45.00000   43.00000  4.44%  38.5 2304s
 509780  7939   43.00000   47   16   45.00000   43.00000  4.44%  38.4 2314s
 510808  8427 infeasible   48        45.00000   43.00000  4.44%  38.4 2387s
 526070  8436 infeasible   45        45.00000   43.00000  4.44%  38.3 2398s
 526097  8820   43.00000   46   24   45.00000   43.00000  4.44%  38.3 2410s
 528184  8817 infeasible   53        45.00000   43.00000  4.44%  38.3 2415s
 528221  9304   43.00000   54   11   45.00000   43.00000  4.44%  38.3 2421s
 529535  9313   43.00000   62   12   45.00000   43.00000  4.44%  38.2 2425s
 529619  9544 infeasible   63        45.00000   43.00000  4.44%  38.2 2434s
 530692  9544   43.00000   56    7   45.00000   43.00000  4.44%  38.2 2435s
 531659  9620 infeasible   62        45.00000   43.00000  4.44%  38.2 2440s
 532199  9928   43.00000   49   27   45.00000   43.00000  4.44%  38.2 2453s
 534984 10593   43.00000   50   22   45.00000   43.00000  4.44%  38.1 2475s
 539853 10998 infeasible   47        45.00000   43.00000  4.44%  38.1 2503s
 545371 11135 infeasible   53        45.00000   43.00000  4.44%  38.1 2515s
 546875 11342 infeasible   53        45.00000   43.00000  4.44%  38.1 2525s
 549834 11482   43.00000   60   11   45.00000   43.00000  4.44%  38.1 2533s
 551475 11520 infeasible   50        45.00000   43.00000  4.44%  38.1 2542s
 551744 11757   43.00000   54   10   45.00000   43.00000  4.44%  38.1 2563s
 555794 11780   43.00000   59   12   45.00000   43.00000  4.44%  38.0 2569s
 557669 12378   43.00000   58   23   45.00000   43.00000  4.44%  37.9 2630s
 568256 12430 infeasible   60        45.00000   43.00000  4.44%  37.9 2637s
 568830 12470     cutoff   64        45.00000   43.00000  4.44%  37.9 2647s
 570443 12552 infeasible   56        45.00000   43.00000  4.44%  37.9 2656s
 571864 12469   43.00000   63   17   45.00000   43.00000  4.44%  37.9 2662s
 573603 12539 infeasible   64        45.00000   43.00000  4.44%  37.9 2668s
 574463 12383   43.00000   64   17   45.00000   43.00000  4.44%  37.9 2693s
 580470 12385 infeasible   63        45.00000   43.00000  4.44%  37.8 2701s
 580504 12847   43.00000   55   13   45.00000   43.00000  4.44%  37.8 2712s
 584107 12817 infeasible   68        45.00000   43.00000  4.44%  37.7 2721s
 585806 13383   43.00000   60   19   45.00000   43.00000  4.44%  37.7 2813s
 599639 13383 infeasible   48        45.00000   43.00000  4.44%  37.7 2815s
 603592 13395   43.00000   60   15   45.00000   43.00000  4.44%  37.7 2822s
 604032 13467 infeasible   63        45.00000   43.00000  4.44%  37.7 2828s
 605468 13517   43.00000   48   16   45.00000   43.00000  4.44%  37.7 2837s
 606447 13908 infeasible   65        45.00000   43.00000  4.44%  37.7 2910s
 619717 13907 infeasible   62        45.00000   43.00000  4.44%  37.6 2916s
 619753 13843 infeasible   59        45.00000   43.00000  4.44%  37.6 2922s
 620001 13838   43.00000   63   17   45.00000   43.00000  4.44%  37.6 2927s
 620487 13787   43.00000   61   22   45.00000   43.00000  4.44%  37.6 2931s
 621162 13763   43.00000   54   22   45.00000   43.00000  4.44%  37.6 2936s
 622069 13738   43.00000   47   23   45.00000   43.00000  4.44%  37.6 2943s
 623000 13755   43.00000   48   21   45.00000   43.00000  4.44%  37.6 2949s
 624158 13711   43.00000   60   19   45.00000   43.00000  4.44%  37.6 2956s
 626041 13718   43.00000   58   18   45.00000   43.00000  4.44%  37.5 2962s
 626094 13728   43.00000   60   13   45.00000   43.00000  4.44%  37.5 2985s
 631525 13645     cutoff   47        45.00000   43.00000  4.44%  37.5 2992s
 632504 13177 infeasible   46        45.00000   43.00000  4.44%  37.5 3077s
 650188 13210   43.00000   57   21   45.00000   43.00000  4.44%  37.3 3084s
 650668 13408   43.00000   58   29   45.00000   43.00000  4.44%  37.3 3108s
 654352 13421 infeasible   66        45.00000   43.00000  4.44%  37.2 3131s
 659204 13558   43.00000   58   20   45.00000   43.00000  4.44%  37.2 3168s
 666173 13547   43.00000   61   14   45.00000   43.00000  4.44%  37.2 3175s
 666683 13643 infeasible   62        45.00000   43.00000  4.44%  37.2 3196s
 670973 13631 infeasible   45        45.00000   43.00000  4.44%  37.1 3202s
 671406 13670   43.00000   46   24   45.00000   43.00000  4.44%  37.1 3227s
 676720 13688 infeasible   58        45.00000   43.00000  4.44%  37.1 3235s
 677688 13724 infeasible   48        45.00000   43.00000  4.44%  37.1 3247s
 678068 13928   43.00000   66   16   45.00000   43.00000  4.44%  37.1 3345s
 696086 13933 infeasible   50        45.00000   43.00000  4.44%  37.0 3352s
 696125 13977 infeasible   51        45.00000   43.00000  4.44%  37.0 3366s
 698975 13983   43.00000   60   16   45.00000   43.00000  4.44%  37.0 3372s
 699089 14129   43.00000   61   16   45.00000   43.00000  4.44%  37.0 3385s
 702662 14164   43.00000   48   26   45.00000   43.00000  4.44%  37.0 3392s
 703819 14290 infeasible   49        45.00000   43.00000  4.44%  37.0 3480s
 721837 14286     cutoff   44        45.00000   43.00000  4.44%  36.9 3488s
 721877 14111 infeasible   45        45.00000   43.00000  4.44%  36.9 3496s
 723648 14119   43.00000   54   27   45.00000   43.00000  4.44%  36.9 3500s
 723721 14253   43.00000   55   28   45.00000   43.00000  4.44%  36.9 3507s
 725128 14068   43.00000   56   27   45.00000   43.00000  4.44%  36.8 3521s
 729484 14123   43.00000   57   27   45.00000   43.00000  4.44%  36.8 3542s
 733677 14116 infeasible   66        45.00000   43.00000  4.44%  36.8 3551s
 733782 13929 infeasible   67        45.00000   43.00000  4.44%  36.8 3568s
 737742 13826 infeasible   51        45.00000   43.00000  4.44%  36.8 3576s
 738976 13609     cutoff   55        45.00000   43.00000  4.44%  36.8 3600s

Cutting planes:
  Learned: 378
  Gomory: 28
  Cover: 40
  Implied bound: 3
  MIR: 510
  StrongCG: 5
  Flow cover: 1314
  Inf proof: 2
  RLT: 95
  Relax-and-lift: 11

Explored 744022 nodes (27327583 simplex iterations) in 3600.78 seconds (984.97 work units)
Thread count was 18 (of 36 available processors)

Solution count 10: 45 45 46 ... 57

Time limit reached
Best objective 4.499999999540e+01, best bound 4.300000000000e+01, gap 4.4444%
