
Gurobi 11.0.0 (win64) logging started Wed May 22 12:22:15 2024

Set parameter LogFile to value "./Results/StripPacking-ManyRuns/Logs/SBM-111-StripPacking-15-1.log"
Set parameter TimeLimit to value 3600
Set parameter Cuts to value 1
Set parameter Presolve to value 1
Set parameter Heuristics to value 1
Set parameter LPWarmStart to value 2
Gurobi Optimizer version 11.0.0 build v11.0.0rc2 (win64 - Windows 10.0 (19045.2))

CPU model: Intel(R) Core(TM) i9-10980XE CPU @ 3.00GHz, instruction set [SSE2|AVX|AVX2|AVX512]
Thread count: 18 physical cores, 36 logical processors, using up to 18 threads

Optimize a model with 1905 rows, 346 columns and 5700 nonzeros
Model fingerprint: 0x2cf4511c
Variable types: 136 continuous, 210 integer (210 binary)
Coefficient statistics:
  Matrix range     [1e+00, 1e+04]
  Objective range  [1e+00, 1e+00]
  Bounds range     [1e+00, 1e+04]
  RHS range        [1e+00, 1e+04]

Warning: Completing partial solution with 210 unfixed non-continuous variables out of 210
User MIP start produced solution with objective 72 (0.00s)
User MIP start produced solution with objective 72 (0.00s)
Loaded user MIP start with objective 72

Presolve removed 525 rows and 0 columns
Presolve time: 0.00s
Presolved: 1380 rows, 346 columns, 4335 nonzeros
Variable types: 136 continuous, 210 integer (210 binary)

Root relaxation: objective 3.700000e+01, 149 iterations, 0.00 seconds (0.00 work units)

    Nodes    |    Current Node    |     Objective Bounds      |     Work
 Expl Unexpl |  Obj  Depth IntInf | Incumbent    BestBd   Gap | It/Node Time

     0     0   37.00000    0   24   72.00000   37.00000  48.6%     -    0s
H    0     0                      71.0000000   37.00000  47.9%     -    0s
     0     0   37.00000    0   35   71.00000   37.00000  47.9%     -    0s
     0     0   37.00000    0   28   71.00000   37.00000  47.9%     -    0s
H    0     0                      68.0000000   37.00000  45.6%     -    0s
     0     0   37.00000    0   14   68.00000   37.00000  45.6%     -    0s
H    0     0                      66.0000000   37.00000  43.9%     -    0s
     0     0   37.00000    0   17   66.00000   37.00000  43.9%     -    0s
     0     0   37.00000    0   15   66.00000   37.00000  43.9%     -    0s
H    0     0                      65.0000000   37.00000  43.1%     -    0s
     0     0   37.00000    0   13   65.00000   37.00000  43.1%     -    0s
     0     0   37.00000    0   14   65.00000   37.00000  43.1%     -    0s
     0     0   37.00000    0   12   65.00000   37.00000  43.1%     -    0s
     0     0   37.00000    0   20   65.00000   37.00000  43.1%     -    0s
     0     0   37.00000    0   18   65.00000   37.00000  43.1%     -    0s
     0     0   37.00000    0   17   65.00000   37.00000  43.1%     -    0s
H    0     0                      62.0000000   37.00000  40.3%     -    0s
H    0     0                      59.0000000   37.00000  37.3%     -    0s
     0     2   37.00000    0   14   59.00000   37.00000  37.3%     -    0s
H  100   103                      59.0000000   37.00000  37.3%  26.2    0s
H  118   136                      58.0000000   37.00000  36.2%  24.7    0s
H  147   182                      57.0000000   37.00000  35.1%  24.9    1s
H  347   398                      56.0000000   37.00000  33.9%  21.2    5s
H  348   398                      54.0000000   37.00000  31.5%  21.1    5s
H  349   398                      52.0000000   37.00000  28.8%  21.2    5s
H  911  1073                      52.0000000   37.00000  28.8%  18.6    8s
  1579  1366   51.00000   53   12   52.00000   37.00000  28.8%  15.6   11s
  2971  1753 infeasible   31        52.00000   37.00000  28.8%  15.6   16s
  3804  2135   37.00000    6   17   52.00000   37.00000  28.8%  15.7   20s
  4120  2348   37.00000   28   28   52.00000   37.00000  28.8%  20.0   26s
  4630  2579   37.00000   21   26   52.00000   37.00000  28.8%  22.1   31s
* 4824  2406              47      50.0000000   37.00000  26.0%  22.3   31s
H 5101  2410                      50.0000000   37.00000  26.0%  22.8   33s
* 5456  2194              34      49.0000000   37.00000  24.5%  24.0   33s
  5570  2181   46.00000   30   24   49.00000   37.00000  24.5%  24.3   37s
  5669  2161     cutoff   30        49.00000   37.00000  24.5%  24.7   40s
H 5696  2059                      48.0000000   37.00000  22.9%  24.9   40s
H 5748  2178                      48.0000000   37.00000  22.9%  25.1   41s
  6797  1782   39.00000   25   22   48.00000   37.00000  22.9%  29.1   45s
  8575  1630 infeasible   28        48.00000   37.00000  22.9%  33.1   51s
  9486  2065   41.00000   36   41   48.00000   37.00000  22.9%  34.2   56s
 11158  2889   37.06721   32   37   48.00000   37.00000  22.9%  36.3   61s
 14200  3093 infeasible   34        48.00000   37.00000  22.9%  38.2   66s
 16785  3485   43.00000   34   17   48.00000   37.00000  22.9%  39.7   72s
 18980  3967     cutoff   42        48.00000   37.00000  22.9%  40.7   77s
 19015  4192   41.00000   28   21   48.00000   37.00000  22.9%  40.7   80s
 19633  4174 infeasible   34        48.00000   37.00000  22.9%  40.7   85s
 20102  4460   37.00000   27   27   48.00000   37.00000  22.9%  40.9   91s
 22639  5375   37.00000   27   35   48.00000   37.00000  22.9%  41.8   97s
 25052  5531   47.00000   47   21   48.00000   37.00000  22.9%  41.7  100s
 32155  6689   43.00000   35   34   48.00000   37.00000  22.9%  42.9  107s
 32264  7808   43.00000   36   30   48.00000   37.00000  22.9%  42.9  110s
 36882  7818   37.19047   36   32   48.00000   37.00000  22.9%  43.1  115s
 40982  8745   43.00000   38   31   48.00000   37.00000  22.9%  43.5  121s
 43555  9530   46.00000   40   15   48.00000   37.00000  22.9%  43.2  127s
 45965  9846   37.37241   35   15   48.00000   37.00000  22.9%  43.5  130s
 46118  9967   37.00000   37   38   48.00000   37.00000  22.9%  43.6  136s
 46190 10015   37.00000   39   45   48.00000   37.00000  22.9%  43.7  140s
 46432 10306   37.00000   44   31   48.00000   37.00000  22.9%  43.6  145s
 47023 10413   37.00000   39   44   48.00000   37.00000  22.9%  43.7  151s
 48359 10327 infeasible   51        48.00000   37.00000  22.9%  44.2  156s
H48390  9823                      48.0000000   37.00000  22.9%  44.2  156s
 49234 10270   43.00000   44   25   48.00000   37.00000  22.9%  44.4  161s
 51120 10125 infeasible   53        48.00000   37.00000  22.9%  44.8  166s
 53082 10350   37.00000   44   59   48.00000   37.00000  22.9%  45.0  171s
 55795  9644   43.00000   50   35   48.00000   37.00000  22.9%  45.4  176s
 57383  9368 infeasible   49        48.00000   37.00000  22.9%  45.6  180s
 58985  9362   45.00000   58   27   48.00000   37.00000  22.9%  45.8  185s
 62248  8908   43.00000   45   36   48.00000   37.00000  22.9%  46.0  192s
 62632  8862   46.00000   46   29   48.00000   37.00000  22.9%  46.0  196s
 62996  8757   37.00000   43   43   48.00000   37.00000  22.9%  46.0  200s
 66123  8544   37.00000   49   49   48.00000   37.00000  22.9%  46.5  207s
 66463  9275   45.00000   50   30   48.00000   37.00000  22.9%  46.5  212s
 70708  8393   37.00000   50   38   48.00000   37.00000  22.9%  47.0  217s
 73005  9417 infeasible   51        48.00000   37.00000  22.9%  47.4  228s
 80366  9078   46.00000   52   20   48.00000   37.00000  22.9%  48.5  233s
 80388  9700 infeasible   53        48.00000   37.00000  22.9%  48.5  237s
 83342  9775   46.00000   51   21   48.00000   37.00000  22.9%  48.9  240s
 85671 10333   43.00000   50   39   48.00000   37.00000  22.9%  49.1  247s
 86292 10737   43.00000   51   37   48.00000   37.00000  22.9%  49.2  250s
 88247 11163   37.00000   41   53   48.00000   37.00000  22.9%  49.5  255s
 90211 11617   37.00761   51   59   48.00000   37.00000  22.9%  49.7  262s
 92003 11979 infeasible   53        48.00000   37.00000  22.9%  49.8  266s
 93787 13014   47.00000   54   18   48.00000   37.00000  22.9%  50.0  275s
 99763 13684   42.00000   50   33   48.00000   37.00000  22.9%  50.3  281s
 102590 14157   42.00000   51   31   48.00000   37.00000  22.9%  50.5  285s
 104719 14272 infeasible   52        48.00000   37.00000  22.9%  50.7  290s
 106344 14802 infeasible   59        48.00000   37.00000  22.9%  50.8  299s
 107793 15589 infeasible   49        48.00000   37.00000  22.9%  51.0  312s
 112448 15853   37.00000   49   45   48.00000   37.00000  22.9%  51.3  317s
 113492 16833   37.00000   50   41   48.00000   37.00000  22.9%  51.4  327s
 117980 17086 infeasible   53        48.00000   37.00000  22.9%  51.8  336s
 119114 19609     cutoff   60        48.00000   37.00000  22.9%  51.8  407s
 137132 19652 infeasible   56        48.00000   37.00000  22.9%  52.6  414s
 137257 20079   39.00000   57   33   48.00000   37.00000  22.9%  52.6  416s
 138555 20194   46.00000   53   30   48.00000   37.00000  22.9%  52.7  420s
 139144 20634 infeasible   49        48.00000   37.00000  22.9%  52.7  426s
 141364 20896 infeasible   57        48.00000   37.00000  22.9%  52.9  433s
 142822 24133   37.00000   49   36   48.00000   37.00000  22.9%  52.9  504s
 160094 24269 infeasible   51        48.00000   37.00000  22.9%  54.2  510s
 160876 24490   45.00000   56   26   48.00000   37.00000  22.9%  54.2  517s
 162459 24631   37.00000   44   30   48.00000   37.00000  22.9%  54.3  521s
 163154 25466     cutoff   52        48.00000   37.00000  22.9%  54.3  540s
 168270 25479   37.00000   51   31   48.00000   37.00000  22.9%  54.6  548s
 168292 25772 infeasible   52        48.00000   37.00000  22.9%  54.6  555s
 170885 26440 infeasible   56        48.00000   37.00000  22.9%  54.7  568s
 174126 26576   37.00000   47   54   48.00000   37.00000  22.9%  54.9  574s
 175076 27202   37.00000   48   42   48.00000   37.00000  22.9%  55.0  584s
 178046 27289 infeasible   61        48.00000   37.00000  22.9%  55.1  589s
 178980 27718 infeasible   51        48.00000   37.00000  22.9%  55.1  594s
 182342 27739     cutoff   55        48.00000   37.00000  22.9%  55.2  601s
 182385 28397   47.00000   49   20   48.00000   37.00000  22.9%  55.3  609s
 184797 28985   47.00000   51   22   48.00000   37.00000  22.9%  55.2  617s
 188485 29221 infeasible   57        48.00000   37.00000  22.9%  55.3  627s
 190637 30312   41.00000   46   35   48.00000   37.00000  22.9%  55.5  647s
 195583 30775   37.00000   47   44   48.00000   37.00000  22.9%  55.6  654s
 197829 31495   47.00000   54   16   48.00000   37.00000  22.9%  55.7  669s
 201340 31500 infeasible   52        48.00000   37.00000  22.9%  55.7  678s
 201407 31933 infeasible   52        48.00000   37.00000  22.9%  55.7  691s
 205651 32098 infeasible   54        48.00000   37.00000  22.9%  55.8  699s
 206381 32556     cutoff   61        48.00000   37.00000  22.9%  55.8  712s
 209997 32988 infeasible   51        48.00000   37.00000  22.9%  55.9  719s
 212172 34948     cutoff   49        48.00000   37.00000  22.9%  56.0  766s
 221993 35026   47.00000   45   17   48.00000   37.00000  22.9%  56.2  772s
 222352 35099     cutoff   46        48.00000   37.00000  22.9%  56.2  780s
 222691 35368   37.00000   42   45   48.00000   37.00000  22.9%  56.2  786s
 223724 35631   37.00000   43   52   48.00000   37.00000  22.9%  56.2  796s
 225681 35779     cutoff   56        48.00000   37.00000  22.9%  56.2  800s
 226800 36129 infeasible   56        48.00000   37.00000  22.9%  56.3  808s
 228969 36882 infeasible   47        48.00000   37.00000  22.9%  56.3  829s
 232880 37385   46.00000   47   30   48.00000   37.00000  22.9%  56.3  838s
 235156 37516   47.00000   51   33   48.00000   37.00000  22.9%  56.4  850s
 236250 38366   37.26695   42   45   48.00000   37.00000  22.9%  56.4  871s
 242022 40013   47.00000   51   34   48.00000   37.00000  22.9%  56.4  913s
 249948 40052   47.00000   52   20   48.00000   37.00000  22.9%  56.4  921s
 250099 40982 infeasible   53        48.00000   37.00000  22.9%  56.4  942s
 254567 41321   47.00000   60   24   48.00000   37.00000  22.9%  56.5  950s
 256348 42945   41.00000   45   49   48.00000   37.00000  22.9%  56.5  978s
 264790 42955   47.00000   44   20   48.00000   37.00000  22.9%  56.6  987s
 264815 43838 infeasible   45        48.00000   37.00000  22.9%  56.6 1010s
 268979 43865   39.00000   48   25   48.00000   37.00000  22.9%  56.6 1017s
 269344 44598   46.00000   49   23   48.00000   37.00000  22.9%  56.6 1039s
 273139 44598 infeasible   53        48.00000   37.00000  22.9%  56.7 1040s
 273658 44624   47.00000   49   32   48.00000   37.00000  22.9%  56.7 1045s
 273728 45080 infeasible   50        48.00000   37.00000  22.9%  56.7 1063s
 276754 45097     cutoff   58        48.00000   37.00000  22.9%  56.8 1074s
 276791 47378     cutoff   55        48.00000   37.00000  22.9%  56.8 1171s
 294809 47415   46.00000   53   22   48.00000   37.00000  22.9%  57.0 1182s
 294904 47962   46.00000   55   18   48.00000   37.00000  22.9%  57.0 1197s
 297164 48294   47.00000   65   22   48.00000   37.00000  22.9%  57.0 1206s
 298616 48952   43.00000   45   33   48.00000   37.00000  22.9%  57.0 1219s
 301910 49284   37.00000   50   31   48.00000   37.00000  22.9%  57.0 1234s
 303376 49822   46.00000   51   16   48.00000   37.00000  22.9%  57.0 1244s
 306194 50930 infeasible   50        48.00000   37.00000  22.9%  57.1 1270s
 311761 50938     cutoff   57        48.00000   37.00000  22.9%  57.2 1280s
 311788 51836 infeasible   57        48.00000   37.00000  22.9%  57.2 1292s
 314628 52085   47.00000   50   24   48.00000   37.00000  22.9%  57.2 1298s
 315709 53021 infeasible   53        48.00000   37.00000  22.9%  57.2 1318s
 320152 53149   47.00000   54   23   48.00000   37.00000  22.9%  57.3 1326s
 320732 54269   47.00000   54   23   48.00000   37.00000  22.9%  57.3 1358s
 326362 54285 infeasible   49        48.00000   37.00000  22.9%  57.3 1370s
 326494 54645     cutoff   50        48.00000   37.00000  22.9%  57.3 1382s
 328333 54815     cutoff   57        48.00000   37.00000  22.9%  57.4 1392s
 329433 55297 infeasible   54        48.00000   37.00000  22.9%  57.4 1406s
 331973 55424   47.00000   54   19   48.00000   37.00000  22.9%  57.4 1412s
 332545 55808 infeasible   55        48.00000   37.00000  22.9%  57.4 1430s
 335471 55976   39.00000   48   28   48.00000   37.00000  22.9%  57.5 1438s
 336749 56168   41.00000   49   29   48.00000   37.00000  22.9%  57.5 1450s
 338540 56419   46.00000   52   15   48.00000   37.00000  22.9%  57.5 1458s
 340147 56815 infeasible   48        48.00000   37.00000  22.9%  57.6 1467s
 343019 57466   37.27915   44   69   48.00000   37.00000  22.9%  57.6 1485s
 346566 57512   46.00000   53   20   48.00000   37.00000  22.9%  57.6 1499s
 346766 58083 infeasible   55        48.00000   37.00000  22.9%  57.6 1522s
 350776 58486   37.00000   45   39   48.00000   37.00000  22.9%  57.6 1535s
 352758 58920 infeasible   55        48.00000   37.00000  22.9%  57.7 1551s
 356477 59014   46.00000   50   21   48.00000   37.00000  22.9%  57.7 1563s
 356979 60047   46.00000   51   20   48.00000   37.00000  22.9%  57.7 1598s
 362585 60381   41.00000   47   38   48.00000   37.00000  22.9%  57.8 1608s
 363842 60914 infeasible   47        48.00000   37.00000  22.9%  57.8 1622s
 366969 61169   42.00000   44   31   48.00000   37.00000  22.9%  57.8 1631s
 368401 64335 infeasible   50        48.00000   37.00000  22.9%  57.8 1732s
 385336 64346   37.00770   48   64   48.00000   37.00000  22.9%  58.0 1745s
 385361 64548   41.00000   49   39   48.00000   37.00000  22.9%  58.0 1755s
 387453 64800   42.00000   46   40   48.00000   37.00000  22.9%  58.1 1766s
 389138 64988   45.00000   49   33   48.00000   37.00000  22.9%  58.1 1775s
 390179 67584   45.00000   50   32   48.00000   37.00000  22.9%  58.1 1890s
 407507 67592   43.00000   51   36   48.00000   37.00000  22.9%  58.1 1902s
 407539 67881   46.00000   52   13   48.00000   37.00000  22.9%  58.1 1918s
 409146 68060 infeasible   52        48.00000   37.00000  22.9%  58.1 1927s
 410169 68221   42.00000   52   36   48.00000   37.00000  22.9%  58.2 1934s
 411381 68665   45.00000   52   26   48.00000   37.00000  22.9%  58.2 1948s
 413938 68723   45.00000   53   26   48.00000   37.00000  22.9%  58.3 1961s
 414218 69677   46.00000   56   15   48.00000   37.00000  22.9%  58.3 1989s
 419627 69711 infeasible   53        48.00000   37.00000  22.9%  58.4 1997s
 419945 70065   46.00000   53   15   48.00000   37.00000  22.9%  58.4 2012s
 422499 70131 infeasible   59        48.00000   37.00000  22.9%  58.4 2016s
 422923 70606   37.00000   52   57   48.00000   37.00000  22.9%  58.4 2026s
 425386 70628   43.00000   44   24   48.00000   37.00000  22.9%  58.4 2036s
 425428 71280     cutoff   51        48.00000   37.00000  22.9%  58.4 2051s
 428006 71617   43.00000   46   15   48.00000   37.00000  22.9%  58.4 2058s
 429003 72370 infeasible   61        48.00000   37.00000  22.9%  58.4 2073s
 432453 72876 infeasible   51        48.00000   37.00000  22.9%  58.3 2084s
 434573 73987   43.00000   50   34   48.00000   37.00000  22.9%  58.3 2113s
 439326 74099     cutoff   50        48.00000   37.00000  22.9%  58.3 2120s
 439832 74150   41.00000   51   40   48.00000   37.00000  22.9%  58.3 2137s
 440053 74333   46.00000   47   38   48.00000   37.00000  22.9%  58.3 2148s
 441256 74961   41.00000   51   24   48.00000   37.00000  22.9%  58.3 2162s
 443980 75667   43.00000   54   32   48.00000   37.00000  22.9%  58.2 2184s
 446217 75667   37.02711   55   46   48.00000   37.00000  22.9%  58.2 2185s
 446526 76679   47.00000   59   12   48.00000   37.00000  22.9%  58.2 2214s
 451110 76822   46.00000   58   26   48.00000   37.00000  22.9%  58.2 2226s
 452028 77592   46.00000   59   23   48.00000   37.00000  22.9%  58.2 2251s
 456464 77951   43.00000   47   34   48.00000   37.00000  22.9%  58.2 2260s
 457894 79496   43.00000   48   31   48.00000   37.00000  22.9%  58.2 2339s
 464833 79887   41.00000   54   22   48.00000   37.00000  22.9%  58.2 2353s
 467323 80749 infeasible   55        48.00000   37.00000  22.9%  58.2 2385s
 472398 81070   46.00000   50   23   48.00000   37.00000  22.9%  58.2 2396s
 473904 82339 infeasible   51        48.00000   37.00000  22.9%  58.2 2433s
 479783 83159   43.00000   55   33   48.00000   37.00000  22.9%  58.2 2460s
 483369 83957 infeasible   52        48.00000   37.00000  22.9%  58.2 2483s
 486807 84449   37.15928   52   42   48.00000   37.00000  22.9%  58.2 2501s
 489288 84896 infeasible   54        48.00000   37.00000  22.9%  58.2 2514s
 491890 85146   45.00000   60   21   48.00000   37.00000  22.9%  58.2 2525s
 494077 85903   41.00000   49   26   48.00000   37.00000  22.9%  58.2 2544s
 497183 86304   41.00000   47   28   48.00000   37.00000  22.9%  58.2 2560s
 499738 86325   47.00000   55   30   48.00000   37.00000  22.9%  58.2 2574s
 499799 86804 infeasible   56        48.00000   37.00000  22.9%  58.2 2596s
 503260 87305   39.00000   53   41   48.00000   37.00000  22.9%  58.2 2605s
 505543 88129   46.00000   52   18   48.00000   37.00000  22.9%  58.3 2644s
 511310 88438   44.00000   49   24   48.00000   37.00000  22.9%  58.2 2659s
 512983 89110   43.00000   52   27   48.00000   37.00000  22.9%  58.2 2683s
 516346 89240   46.00000   50   30   48.00000   37.00000  22.9%  58.3 2691s
 517153 89430   46.00000   51   27   48.00000   37.00000  22.9%  58.3 2706s
 519111 89463   37.00991   52   54   48.00000   37.00000  22.9%  58.3 2716s
 519184 89969 infeasible   57        48.00000   37.00000  22.9%  58.3 2745s
 523515 90434 infeasible   49        48.00000   37.00000  22.9%  58.3 2765s
 525910 91166 infeasible   49        48.00000   37.00000  22.9%  58.3 2792s
 529523 91469 infeasible   55        48.00000   37.00000  22.9%  58.3 2805s
 530428 91923   46.00000   45   28   48.00000   37.00000  22.9%  58.3 2820s
 533711 92475     cutoff   56        48.00000   37.00000  22.9%  58.3 2842s
 536306 92962   43.00000   51   30   48.00000   37.00000  22.9%  58.3 2870s
*537009 77964              58      47.0000000   37.00000  21.3%  58.3 2870s
 540038 77969   46.00000   48   20   47.00000   37.00000  21.3%  58.3 2881s
H540372 77969                      47.0000000   37.00000  21.3%  58.3 2881s
 540712 78850   37.01575   47   65   47.00000   37.00000  21.3%  58.3 2919s
 546548 78888     cutoff   50        47.00000   37.00000  21.3%  58.3 2928s
 546713 79235   43.00000   51   25   47.00000   37.00000  21.3%  58.3 2946s
 549177 79525   41.00000   48   25   47.00000   37.00000  21.3%  58.3 2955s
 551000 79963 infeasible   52        47.00000   37.00000  21.3%  58.3 2970s
 555303 80150   37.09662   47   54   47.00000   37.00000  21.3%  58.3 2987s
 556559 80186   40.00000   48   44   47.00000   37.00000  21.3%  58.3 3000s
 556698 80526   40.00000   49   44   47.00000   37.00000  21.3%  58.3 3025s
 560786 80697   46.00000   50   34   47.00000   37.00000  21.3%  58.3 3032s
 561679 80959 infeasible   63        47.00000   37.00000  21.3%  58.3 3050s
 563801 81091 infeasible   53        47.00000   37.00000  21.3%  58.3 3064s
 566002 81102   37.21585   54   59   47.00000   37.00000  21.3%  58.3 3076s
 566049 81263   37.21585   55   58   47.00000   37.00000  21.3%  58.3 3093s
 569133 81318   40.00000   50   44   47.00000   37.00000  21.3%  58.2 3105s
 570229 81524 infeasible   51        47.00000   37.00000  21.3%  58.2 3127s
 573627 81564 infeasible   56        47.00000   37.00000  21.3%  58.1 3137s
 574845 81831 infeasible   52        47.00000   37.00761  21.3%  58.1 3182s
 583182 81853   37.06250   56   56   47.00000   37.04211  21.2%  57.9 3190s
 583500 81870   42.00000   50   24   47.00000   37.04211  21.2%  57.9 3198s
 583602 82009     cutoff   54        47.00000   37.04211  21.2%  57.9 3207s
 584475 82243 infeasible   54        47.00000   37.04211  21.2%  57.9 3221s
 586464 82272   37.04211   50   51   47.00000   37.04211  21.2%  57.9 3227s
 587309 82374   37.04211   51   47   47.00000   37.04211  21.2%  57.9 3237s
 588436 82534   44.00000   48   21   47.00000   37.05496  21.2%  57.9 3253s
 590567 82578 infeasible   53        47.00000   37.05734  21.2%  57.8 3266s
 591841 82611 infeasible   56        47.00000   37.06662  21.1%  57.8 3278s
 593365 82684   41.00000   55   25   47.00000   37.06662  21.1%  57.8 3289s
 593715 82781   41.00000   56   24   47.00000   37.06721  21.1%  57.8 3314s
 595722 82781   37.28730   54   28   47.00000   37.06721  21.1%  57.7 3315s
 596838 82792 infeasible   57        47.00000   37.06721  21.1%  57.7 3324s
 597110 83602 infeasible   58        47.00000   37.06721  21.1%  57.7 3445s
 615085 83634   41.00000   49   30   47.00000   37.11217  21.0%  57.3 3454s
 615279 83650   41.00000   50   25   47.00000   37.11217  21.0%  57.3 3463s
 615386 83643     cutoff   51        47.00000   37.11217  21.0%  57.3 3469s
 615487 83752     cutoff   52        47.00000   37.11520  21.0%  57.3 3480s
 616501 83819     cutoff   47        47.00000   37.12019  21.0%  57.3 3487s
 617083 83965   41.00000   48   24   47.00000   37.12212  21.0%  57.3 3497s
 618320 84031 infeasible   54        47.00000   37.12457  21.0%  57.3 3503s
 618980 84114 infeasible   55        47.00000   37.12457  21.0%  57.2 3517s
 621245 84218   46.00000   44   23   47.00000   37.12494  21.0%  57.2 3527s
 622368 84225 infeasible   56        47.00000   37.12593  21.0%  57.2 3551s
 622555 84478 infeasible   54        47.00000   37.12903  21.0%  57.2 3579s
 628231 84594   42.00000   56   37   47.00000   37.13889  21.0%  57.1 3590s
 629582 84655 infeasible   50        47.00000   37.13889  21.0%  57.1 3600s

Cutting planes:
  Learned: 390
  Gomory: 53
  Cover: 70
  Implied bound: 16
  MIR: 447
  StrongCG: 5
  Flow cover: 1341
  RLT: 155
  Relax-and-lift: 14

Explored 631101 nodes (36032146 simplex iterations) in 3600.35 seconds (867.49 work units)
Thread count was 18 (of 36 available processors)

Solution count 10: 47 47 48 ... 52

Time limit reached
Best objective 4.699999999520e+01, best bound 3.713888888889e+01, gap 20.9811%

Gurobi 11.0.0 (win64) logging started Tue Jun 18 14:53:13 2024

Set parameter LogFile to value "./Results/StripPacking-ManyRuns/Logs/SBM-111-StripPacking-15-1.log"
Set parameter TimeLimit to value 3600
Set parameter Cuts to value 1
Set parameter Presolve to value 1
Set parameter Heuristics to value 1
Set parameter LPWarmStart to value 2
Gurobi Optimizer version 11.0.0 build v11.0.0rc2 (win64 - Windows 10.0 (19045.2))

CPU model: Intel(R) Core(TM) i9-10980XE CPU @ 3.00GHz, instruction set [SSE2|AVX|AVX2|AVX512]
Thread count: 18 physical cores, 36 logical processors, using up to 18 threads

Optimize a model with 1905 rows, 346 columns and 5700 nonzeros
Model fingerprint: 0x18caa649
Variable types: 136 continuous, 210 integer (210 binary)
Coefficient statistics:
  Matrix range     [1e+00, 1e+04]
  Objective range  [1e+00, 1e+00]
  Bounds range     [1e+00, 1e+04]
  RHS range        [1e+00, 1e+04]

Warning: Completing partial solution with 210 unfixed non-continuous variables out of 210
User MIP start produced solution with objective 77 (0.02s)
Loaded user MIP start with objective 77

Presolve removed 525 rows and 0 columns
Presolve time: 0.00s
Presolved: 1380 rows, 346 columns, 4335 nonzeros
Variable types: 136 continuous, 210 integer (210 binary)

Root relaxation: objective 5.000000e+01, 112 iterations, 0.01 seconds (0.00 work units)

    Nodes    |    Current Node    |     Objective Bounds      |     Work
 Expl Unexpl |  Obj  Depth IntInf | Incumbent    BestBd   Gap | It/Node Time

     0     0   50.00000    0    3   77.00000   50.00000  35.1%     -    0s
H    0     0                      67.0000000   50.00000  25.4%     -    0s
     0     0   50.00000    0   10   67.00000   50.00000  25.4%     -    0s
     0     0   50.00000    0    4   67.00000   50.00000  25.4%     -    0s
H    0     0                      63.0000000   50.00000  20.6%     -    0s
H    0     0                      61.0000000   50.00000  18.0%     -    0s
H    0     0                      60.0000000   50.00000  16.7%     -    0s
     0     0   50.00000    0    2   60.00000   50.00000  16.7%     -    0s
H    0     0                      54.0000000   50.00000  7.41%     -    0s
     0     0   50.00000    0    4   54.00000   50.00000  7.41%     -    0s
H    0     0                      52.0000000   50.00000  3.85%     -    0s
     0     0   50.00000    0    5   52.00000   50.00000  3.85%     -    0s
     0     0   50.00000    0    4   52.00000   50.00000  3.85%     -    0s
     0     0   50.00000    0    4   52.00000   50.00000  3.85%     -    0s
     0     2   50.00000    0    4   52.00000   50.00000  3.85%     -    0s
H   75    86                      51.0000000   50.00000  1.96%   8.2    0s
H   99   104                      50.0000000   50.00000  0.00%   7.6    0s

Cutting planes:
  Cover: 1
  MIR: 5
  Flow cover: 22
  RLT: 1

Explored 103 nodes (1452 simplex iterations) in 0.79 seconds (0.15 work units)
Thread count was 18 (of 36 available processors)

Solution count 9: 50 51 52 ... 77

Optimal solution found (tolerance 1.00e-04)
Best objective 5.000000000000e+01, best bound 5.000000000000e+01, gap 0.0000%
