
Gurobi 11.0.0 (win64) logging started Wed May 22 14:22:17 2024

Set parameter LogFile to value "./Results/StripPacking-ManyRuns/Logs/SBM-111-StripPacking-15-3.log"
Set parameter TimeLimit to value 3600
Set parameter Cuts to value 1
Set parameter Presolve to value 1
Set parameter Heuristics to value 1
Set parameter LPWarmStart to value 2
Gurobi Optimizer version 11.0.0 build v11.0.0rc2 (win64 - Windows 10.0 (19045.2))

CPU model: Intel(R) Core(TM) i9-10980XE CPU @ 3.00GHz, instruction set [SSE2|AVX|AVX2|AVX512]
Thread count: 18 physical cores, 36 logical processors, using up to 18 threads

Optimize a model with 1905 rows, 346 columns and 5700 nonzeros
Model fingerprint: 0x2cf4511c
Variable types: 136 continuous, 210 integer (210 binary)
Coefficient statistics:
  Matrix range     [1e+00, 1e+04]
  Objective range  [1e+00, 1e+00]
  Bounds range     [1e+00, 1e+04]
  RHS range        [1e+00, 1e+04]

Warning: Completing partial solution with 210 unfixed non-continuous variables out of 210
User MIP start produced solution with objective 72 (0.02s)
User MIP start produced solution with objective 72 (0.02s)
Loaded user MIP start with objective 72

Presolve removed 525 rows and 0 columns
Presolve time: 0.00s
Presolved: 1380 rows, 346 columns, 4335 nonzeros
Variable types: 136 continuous, 210 integer (210 binary)

Root relaxation: objective 3.700000e+01, 149 iterations, 0.00 seconds (0.00 work units)

    Nodes    |    Current Node    |     Objective Bounds      |     Work
 Expl Unexpl |  Obj  Depth IntInf | Incumbent    BestBd   Gap | It/Node Time

     0     0   37.00000    0   24   72.00000   37.00000  48.6%     -    0s
H    0     0                      71.0000000   37.00000  47.9%     -    0s
     0     0   37.00000    0   35   71.00000   37.00000  47.9%     -    0s
     0     0   37.00000    0   28   71.00000   37.00000  47.9%     -    0s
H    0     0                      68.0000000   37.00000  45.6%     -    0s
     0     0   37.00000    0   14   68.00000   37.00000  45.6%     -    0s
H    0     0                      66.0000000   37.00000  43.9%     -    0s
     0     0   37.00000    0   17   66.00000   37.00000  43.9%     -    0s
     0     0   37.00000    0   15   66.00000   37.00000  43.9%     -    0s
H    0     0                      65.0000000   37.00000  43.1%     -    0s
     0     0   37.00000    0   13   65.00000   37.00000  43.1%     -    0s
     0     0   37.00000    0   14   65.00000   37.00000  43.1%     -    0s
     0     0   37.00000    0   12   65.00000   37.00000  43.1%     -    0s
     0     0   37.00000    0   20   65.00000   37.00000  43.1%     -    0s
     0     0   37.00000    0   18   65.00000   37.00000  43.1%     -    0s
     0     0   37.00000    0   17   65.00000   37.00000  43.1%     -    0s
H    0     0                      62.0000000   37.00000  40.3%     -    0s
H    0     0                      59.0000000   37.00000  37.3%     -    0s
     0     2   37.00000    0   14   59.00000   37.00000  37.3%     -    0s
H  100   103                      59.0000000   37.00000  37.3%  26.2    0s
H  118   136                      58.0000000   37.00000  36.2%  24.7    1s
H  147   182                      57.0000000   37.00000  35.1%  24.9    1s
H  347   398                      56.0000000   37.00000  33.9%  21.2    6s
H  348   398                      54.0000000   37.00000  31.5%  21.1    6s
H  349   398                      52.0000000   37.00000  28.8%  21.2    6s
H  911  1073                      52.0000000   37.00000  28.8%  18.6    9s
  1579  1366   51.00000   53   12   52.00000   37.00000  28.8%  15.6   13s
  2169  1743   38.22433   12   47   52.00000   37.00000  28.8%  15.9   16s
  2997  2134   37.00000   11   39   52.00000   37.00000  28.8%  15.5   22s
  3946  2264   37.00000   23   26   52.00000   37.00000  28.8%  18.3   25s
  4139  2599   37.00000   28   33   52.00000   37.00000  28.8%  20.0   30s
  4630  2579   37.00000   21   26   52.00000   37.00000  28.8%  22.1   37s
* 4824  2406              47      50.0000000   37.00000  26.0%  22.3   37s
H 5101  2410                      50.0000000   37.00000  26.0%  22.8   39s
* 5456  2194              34      49.0000000   37.00000  24.5%  24.0   39s
  5570  2181   46.00000   30   24   49.00000   37.00000  24.5%  24.3   43s
  5669  2161     cutoff   30        49.00000   37.00000  24.5%  24.7   47s
H 5696  2059                      48.0000000   37.00000  22.9%  24.9   47s
H 5748  2178                      48.0000000   37.00000  22.9%  25.1   48s
  6659  1729 infeasible   34        48.00000   37.00000  22.9%  28.5   51s
  7310  1660   37.00000   23   43   48.00000   37.00000  22.9%  30.6   57s
  8575  1630 infeasible   28        48.00000   37.00000  22.9%  33.1   62s
  9051  1666   41.00000   23   38   48.00000   37.00000  22.9%  33.9   65s
 11139  2082   37.06721   31   38   48.00000   37.00000  22.9%  36.3   71s
 13909  2934   43.00000   33   34   48.00000   37.00000  22.9%  38.1   76s
 14701  3471   43.00000   34   32   48.00000   37.00000  22.9%  38.3   82s
 16785  3485   43.00000   34   17   48.00000   37.00000  22.9%  39.7   86s
 18980  3967     cutoff   42        48.00000   37.00000  22.9%  40.7   92s
 19015  4192   41.00000   28   21   48.00000   37.00000  22.9%  40.7   95s
 19633  4174 infeasible   34        48.00000   37.00000  22.9%  40.7  100s
 20102  4460   37.00000   27   27   48.00000   37.00000  22.9%  40.9  108s
 21118  4811   41.00000   30   26   48.00000   37.00000  22.9%  41.3  111s
 22639  5375   37.00000   27   35   48.00000   37.00000  22.9%  41.8  116s
 25919  6650   46.00000   30   19   48.00000   37.00000  22.9%  42.1  122s
 32155  6689   43.00000   35   34   48.00000   37.00000  22.9%  42.9  126s
 32264  7808   43.00000   36   30   48.00000   37.00000  22.9%  42.9  130s
 36882  7818   37.19047   36   32   48.00000   37.00000  22.9%  43.1  135s
 40982  8745   43.00000   38   31   48.00000   37.00000  22.9%  43.5  142s
 43555  9530   46.00000   40   15   48.00000   37.00000  22.9%  43.2  149s
 43580  9839 infeasible   41        48.00000   37.00000  22.9%  43.2  151s
 46064  9931   37.00000   36   39   48.00000   37.00000  22.9%  43.7  156s
 46136  9979   37.00000   38   38   48.00000   37.00000  22.9%  43.6  162s
 46404 10128   37.00000   44   38   48.00000   37.00000  22.9%  43.6  170s
 46799 10243   44.00000   52   29   48.00000   37.00000  22.9%  43.7  175s
 47544 10587   37.00000   40   32   48.00000   37.00000  22.9%  43.9  181s
 48359 10327 infeasible   51        48.00000   37.00000  22.9%  44.2  185s
H48390  9823                      48.0000000   37.00000  22.9%  44.2  185s
 49063  9837   42.00000   41   28   48.00000   37.00000  22.9%  44.4  190s
 51098  9663 infeasible   52        48.00000   37.00000  22.9%  44.8  195s
 53082 10350   37.00000   44   59   48.00000   37.00000  22.9%  45.0  202s
 55764  9463   41.00000   49   42   48.00000   37.00000  22.9%  45.3  205s
 57383  9368 infeasible   49        48.00000   37.00000  22.9%  45.6  211s
 58548  9240   45.00000   57   28   48.00000   37.00000  22.9%  45.7  215s
 60557  9359   39.00000   44   55   48.00000   37.00000  22.9%  45.9  221s
 62632  8862   46.00000   46   29   48.00000   37.00000  22.9%  46.0  231s
 62996  8757   37.00000   43   43   48.00000   37.00000  22.9%  46.0  236s
 63034  9478 infeasible   45        48.00000   37.00000  22.9%  46.1  240s
 66463  9275   45.00000   50   30   48.00000   37.00000  22.9%  46.5  249s
 70708  8393   37.00000   50   38   48.00000   37.00000  22.9%  47.0  255s
 73005  9417 infeasible   51        48.00000   37.00000  22.9%  47.4  271s
 80366  9078   46.00000   52   20   48.00000   37.00000  22.9%  48.5  277s
 80388  9700 infeasible   53        48.00000   37.00000  22.9%  48.5  280s
 83605 10142 infeasible   52        48.00000   37.00000  22.9%  48.9  286s
 85671 10333   43.00000   50   39   48.00000   37.00000  22.9%  49.1  291s
 86292 10737   43.00000   51   37   48.00000   37.00000  22.9%  49.2  295s
 88247 11163   37.00000   41   53   48.00000   37.00000  22.9%  49.5  300s
 90211 11617   37.00761   51   59   48.00000   37.00000  22.9%  49.7  307s
 92003 11979 infeasible   53        48.00000   37.00000  22.9%  49.8  312s
 93787 13014   47.00000   54   18   48.00000   37.00000  22.9%  50.0  320s
 99763 13684   42.00000   50   33   48.00000   37.00000  22.9%  50.3  326s
 102590 14157   42.00000   51   31   48.00000   37.00000  22.9%  50.5  330s
 105467 14498   37.00000   47   53   48.00000   37.00000  22.9%  50.7  339s
 106344 14802 infeasible   59        48.00000   37.00000  22.9%  50.8  343s
 107793 15589 infeasible   49        48.00000   37.00000  22.9%  51.0  353s
 112448 15853   37.00000   49   45   48.00000   37.00000  22.9%  51.3  358s
 113492 16833   37.00000   50   41   48.00000   37.00000  22.9%  51.4  370s
 117980 17086 infeasible   53        48.00000   37.00000  22.9%  51.8  378s
 119114 19609     cutoff   60        48.00000   37.00000  22.9%  51.8  447s
 137132 19652 infeasible   56        48.00000   37.00000  22.9%  52.6  454s
 137257 20079   39.00000   57   33   48.00000   37.00000  22.9%  52.6  456s
 138555 20194   46.00000   53   30   48.00000   37.00000  22.9%  52.7  460s
 139144 20634 infeasible   49        48.00000   37.00000  22.9%  52.7  466s
 141364 20896 infeasible   57        48.00000   37.00000  22.9%  52.9  473s
 142822 24133   37.00000   49   36   48.00000   37.00000  22.9%  52.9  549s
 160094 24269 infeasible   51        48.00000   37.00000  22.9%  54.2  556s
 160876 24490   45.00000   56   26   48.00000   37.00000  22.9%  54.2  562s
 162459 24631   37.00000   44   30   48.00000   37.00000  22.9%  54.3  567s
 163154 25466     cutoff   52        48.00000   37.00000  22.9%  54.3  586s
 168270 25479   37.00000   51   31   48.00000   37.00000  22.9%  54.6  594s
 168292 25772 infeasible   52        48.00000   37.00000  22.9%  54.6  601s
 170339 25890   45.00000   54   32   48.00000   37.00000  22.9%  54.7  605s
 170885 26440 infeasible   56        48.00000   37.00000  22.9%  54.7  617s
 174126 26576   37.00000   47   54   48.00000   37.00000  22.9%  54.9  623s
 175076 27202   37.00000   48   42   48.00000   37.00000  22.9%  55.0  633s
 178046 27289 infeasible   61        48.00000   37.00000  22.9%  55.1  638s
 178980 27718 infeasible   51        48.00000   37.00000  22.9%  55.1  644s
 182342 27739     cutoff   55        48.00000   37.00000  22.9%  55.2  651s
 182385 28397   47.00000   49   20   48.00000   37.00000  22.9%  55.3  658s
 184797 28985   47.00000   51   22   48.00000   37.00000  22.9%  55.2  667s
 188485 29221 infeasible   57        48.00000   37.00000  22.9%  55.3  674s
 190637 30312   41.00000   46   35   48.00000   37.00000  22.9%  55.5  690s
 195583 30775   37.00000   47   44   48.00000   37.00000  22.9%  55.6  698s
 197829 31495   47.00000   54   16   48.00000   37.00000  22.9%  55.7  715s
 201340 31500 infeasible   52        48.00000   37.00000  22.9%  55.7  724s
 201407 31933 infeasible   52        48.00000   37.00000  22.9%  55.7  738s
 205651 32098 infeasible   54        48.00000   37.00000  22.9%  55.8  745s
 206381 32556     cutoff   61        48.00000   37.00000  22.9%  55.8  753s
 209997 32988 infeasible   51        48.00000   37.00000  22.9%  55.9  760s
 212172 34948     cutoff   49        48.00000   37.00000  22.9%  56.0  807s
 221993 35026   47.00000   45   17   48.00000   37.00000  22.9%  56.2  813s
 222352 35099     cutoff   46        48.00000   37.00000  22.9%  56.2  824s
 222691 35368   37.00000   42   45   48.00000   37.00000  22.9%  56.2  830s
 223724 35631   37.00000   43   52   48.00000   37.00000  22.9%  56.2  837s
 225681 35779     cutoff   56        48.00000   37.00000  22.9%  56.2  842s
 226800 36129 infeasible   56        48.00000   37.00000  22.9%  56.3  851s
 228969 36882 infeasible   47        48.00000   37.00000  22.9%  56.3  870s
 232880 37385   46.00000   47   30   48.00000   37.00000  22.9%  56.3  878s
 235156 37516   47.00000   51   33   48.00000   37.00000  22.9%  56.4  893s
 236250 38366   37.26695   42   45   48.00000   37.00000  22.9%  56.4  917s
 242022 40013   47.00000   51   34   48.00000   37.00000  22.9%  56.4  956s
 249948 40052   47.00000   52   20   48.00000   37.00000  22.9%  56.4  965s
 250099 40982 infeasible   53        48.00000   37.00000  22.9%  56.4  986s
 254567 41321   47.00000   60   24   48.00000   37.00000  22.9%  56.5  994s
 256348 42945   41.00000   45   49   48.00000   37.00000  22.9%  56.5 1027s
 264790 42955   47.00000   44   20   48.00000   37.00000  22.9%  56.6 1037s
 264815 43838 infeasible   45        48.00000   37.00000  22.9%  56.6 1060s
 268979 43865   39.00000   48   25   48.00000   37.00000  22.9%  56.6 1069s
 269344 44598   46.00000   49   23   48.00000   37.00000  22.9%  56.6 1092s
 273658 44624   47.00000   49   32   48.00000   37.00000  22.9%  56.7 1098s
 273728 45080 infeasible   50        48.00000   37.00000  22.9%  56.7 1115s
 276754 45097     cutoff   58        48.00000   37.00000  22.9%  56.8 1127s
 276791 47378     cutoff   55        48.00000   37.00000  22.9%  56.8 1226s
 294809 47415   46.00000   53   22   48.00000   37.00000  22.9%  57.0 1235s
 294904 47962   46.00000   55   18   48.00000   37.00000  22.9%  57.0 1251s
 297164 48294   47.00000   65   22   48.00000   37.00000  22.9%  57.0 1260s
 298616 48952   43.00000   45   33   48.00000   37.00000  22.9%  57.0 1274s
 301910 49284   37.00000   50   31   48.00000   37.00000  22.9%  57.0 1288s
 303376 49822   46.00000   51   16   48.00000   37.00000  22.9%  57.0 1299s
 304331 49822   37.00000   48   59   48.00000   37.00000  22.9%  57.0 1300s
 306194 50930 infeasible   50        48.00000   37.00000  22.9%  57.1 1328s
 311761 50938     cutoff   57        48.00000   37.00000  22.9%  57.2 1339s
 311788 51836 infeasible   57        48.00000   37.00000  22.9%  57.2 1353s
 314628 52085   47.00000   50   24   48.00000   37.00000  22.9%  57.2 1358s
 315709 53021 infeasible   53        48.00000   37.00000  22.9%  57.2 1380s
 320152 53149   47.00000   54   23   48.00000   37.00000  22.9%  57.3 1388s
 320732 54269   47.00000   54   23   48.00000   37.00000  22.9%  57.3 1422s
 326362 54285 infeasible   49        48.00000   37.00000  22.9%  57.3 1434s
 326494 54645     cutoff   50        48.00000   37.00000  22.9%  57.3 1447s
 328333 54815     cutoff   57        48.00000   37.00000  22.9%  57.4 1458s
 329433 55297 infeasible   54        48.00000   37.00000  22.9%  57.4 1473s
 331973 55424   47.00000   54   19   48.00000   37.00000  22.9%  57.4 1480s
 332545 55808 infeasible   55        48.00000   37.00000  22.9%  57.4 1498s
 335471 55976   39.00000   48   28   48.00000   37.00000  22.9%  57.5 1507s
 336749 56168   41.00000   49   29   48.00000   37.00000  22.9%  57.5 1521s
 338540 56419   46.00000   52   15   48.00000   37.00000  22.9%  57.5 1530s
 340147 56815 infeasible   48        48.00000   37.00000  22.9%  57.6 1541s
 343019 57466   37.27915   44   69   48.00000   37.00000  22.9%  57.6 1560s
 346566 57512   46.00000   53   20   48.00000   37.00000  22.9%  57.6 1576s
 346766 58083 infeasible   55        48.00000   37.00000  22.9%  57.6 1597s
 350776 58486   37.00000   45   39   48.00000   37.00000  22.9%  57.6 1611s
 352758 58920 infeasible   55        48.00000   37.00000  22.9%  57.7 1633s
 356477 59014   46.00000   50   21   48.00000   37.00000  22.9%  57.7 1645s
 356979 60047   46.00000   51   20   48.00000   37.00000  22.9%  57.7 1684s
 362585 60381   41.00000   47   38   48.00000   37.00000  22.9%  57.8 1695s
 363842 60914 infeasible   47        48.00000   37.00000  22.9%  57.8 1708s
 366969 61169   42.00000   44   31   48.00000   37.00000  22.9%  57.8 1718s
 368401 64335 infeasible   50        48.00000   37.00000  22.9%  57.8 1826s
 385336 64346   37.00770   48   64   48.00000   37.00000  22.9%  58.0 1838s
 385361 64548   41.00000   49   39   48.00000   37.00000  22.9%  58.0 1850s
 387367 64572 infeasible   49        48.00000   37.00000  22.9%  58.1 1855s
 387453 64800   42.00000   46   40   48.00000   37.00000  22.9%  58.1 1865s
 389138 64988   45.00000   49   33   48.00000   37.00000  22.9%  58.1 1874s
 390179 67584   45.00000   50   32   48.00000   37.00000  22.9%  58.1 1995s
 407507 67592   43.00000   51   36   48.00000   37.00000  22.9%  58.1 2008s
 407539 67881   46.00000   52   13   48.00000   37.00000  22.9%  58.1 2024s
 409146 68060 infeasible   52        48.00000   37.00000  22.9%  58.1 2036s
 410169 68221   42.00000   52   36   48.00000   37.00000  22.9%  58.2 2043s
 411381 68665   45.00000   52   26   48.00000   37.00000  22.9%  58.2 2062s
 413938 68723   45.00000   53   26   48.00000   37.00000  22.9%  58.3 2076s
 414218 69677   46.00000   56   15   48.00000   37.00000  22.9%  58.3 2107s
 419627 69711 infeasible   53        48.00000   37.00000  22.9%  58.4 2115s
 419945 70065   46.00000   53   15   48.00000   37.00000  22.9%  58.4 2134s
 422499 70131 infeasible   59        48.00000   37.00000  22.9%  58.4 2138s
 422923 70606   37.00000   52   57   48.00000   37.00000  22.9%  58.4 2151s
 425386 70628   43.00000   44   24   48.00000   37.00000  22.9%  58.4 2164s
 425428 71280     cutoff   51        48.00000   37.00000  22.9%  58.4 2179s
 428006 71617   43.00000   46   15   48.00000   37.00000  22.9%  58.4 2186s
 429003 72370 infeasible   61        48.00000   37.00000  22.9%  58.4 2208s
 432453 72876 infeasible   51        48.00000   37.00000  22.9%  58.3 2218s
 434573 73987   43.00000   50   34   48.00000   37.00000  22.9%  58.3 2248s
 439326 74099     cutoff   50        48.00000   37.00000  22.9%  58.3 2257s
 439832 74150   41.00000   51   40   48.00000   37.00000  22.9%  58.3 2278s
 440053 74333   46.00000   47   38   48.00000   37.00000  22.9%  58.3 2291s
 441256 74961   41.00000   51   24   48.00000   37.00000  22.9%  58.3 2307s
 443980 75667   43.00000   54   32   48.00000   37.00000  22.9%  58.2 2333s
 446526 76679   47.00000   59   12   48.00000   37.00000  22.9%  58.2 2363s
 451110 76822   46.00000   58   26   48.00000   37.00000  22.9%  58.2 2375s
 452028 77592   46.00000   59   23   48.00000   37.00000  22.9%  58.2 2404s
 456464 77951   43.00000   47   34   48.00000   37.00000  22.9%  58.2 2415s
 457894 79496   43.00000   48   31   48.00000   37.00000  22.9%  58.2 2501s
 464833 79887   41.00000   54   22   48.00000   37.00000  22.9%  58.2 2516s
 467323 80749 infeasible   55        48.00000   37.00000  22.9%  58.2 2549s
 472398 81070   46.00000   50   23   48.00000   37.00000  22.9%  58.2 2562s
 473904 82339 infeasible   51        48.00000   37.00000  22.9%  58.2 2602s
 479783 83159   43.00000   55   33   48.00000   37.00000  22.9%  58.2 2632s
 483369 83957 infeasible   52        48.00000   37.00000  22.9%  58.2 2656s
 486807 84449   37.15928   52   42   48.00000   37.00000  22.9%  58.2 2677s
 489288 84896 infeasible   54        48.00000   37.00000  22.9%  58.2 2691s
 491890 85146   45.00000   60   21   48.00000   37.00000  22.9%  58.2 2707s
 494077 85903   41.00000   49   26   48.00000   37.00000  22.9%  58.2 2727s
 497183 86304   41.00000   47   28   48.00000   37.00000  22.9%  58.2 2745s
 499738 86325   47.00000   55   30   48.00000   37.00000  22.9%  58.2 2760s
 499799 86804 infeasible   56        48.00000   37.00000  22.9%  58.2 2782s
 503260 87305   39.00000   53   41   48.00000   37.00000  22.9%  58.2 2791s
 505543 88129   46.00000   52   18   48.00000   37.00000  22.9%  58.3 2832s
 511310 88438   44.00000   49   24   48.00000   37.00000  22.9%  58.2 2847s
 512983 89110   43.00000   52   27   48.00000   37.00000  22.9%  58.2 2873s
 516346 89240   46.00000   50   30   48.00000   37.00000  22.9%  58.3 2880s
 517153 89430   46.00000   51   27   48.00000   37.00000  22.9%  58.3 2895s
 519111 89463   37.00991   52   54   48.00000   37.00000  22.9%  58.3 2907s
 519184 89969 infeasible   57        48.00000   37.00000  22.9%  58.3 2937s
 523515 90434 infeasible   49        48.00000   37.00000  22.9%  58.3 2958s
 525910 91166 infeasible   49        48.00000   37.00000  22.9%  58.3 2987s
 529523 91469 infeasible   55        48.00000   37.00000  22.9%  58.3 3001s
 530428 91923   46.00000   45   28   48.00000   37.00000  22.9%  58.3 3022s
 533711 92475     cutoff   56        48.00000   37.00000  22.9%  58.3 3044s
 533983 92475   37.00000   44   60   48.00000   37.00000  22.9%  58.3 3045s
 536306 92962   43.00000   51   30   48.00000   37.00000  22.9%  58.3 3072s
*537009 77964              58      47.0000000   37.00000  21.3%  58.3 3072s
 540038 77969   46.00000   48   20   47.00000   37.00000  21.3%  58.3 3083s
H540372 77969                      47.0000000   37.00000  21.3%  58.3 3083s
 540712 78850   37.01575   47   65   47.00000   37.00000  21.3%  58.3 3124s
 546548 78888     cutoff   50        47.00000   37.00000  21.3%  58.3 3133s
 546713 79235   43.00000   51   25   47.00000   37.00000  21.3%  58.3 3149s
 549177 79525   41.00000   48   25   47.00000   37.00000  21.3%  58.3 3159s
 551000 79963 infeasible   52        47.00000   37.00000  21.3%  58.3 3175s
 555303 80150   37.09662   47   54   47.00000   37.00000  21.3%  58.3 3190s
 556559 80186   40.00000   48   44   47.00000   37.00000  21.3%  58.3 3202s
 556698 80526   40.00000   49   44   47.00000   37.00000  21.3%  58.3 3229s
 560786 80697   46.00000   50   34   47.00000   37.00000  21.3%  58.3 3237s
 561679 80959 infeasible   63        47.00000   37.00000  21.3%  58.3 3257s
 563801 81091 infeasible   53        47.00000   37.00000  21.3%  58.3 3273s
 566002 81102   37.21585   54   59   47.00000   37.00000  21.3%  58.3 3285s
 566049 81263   37.21585   55   58   47.00000   37.00000  21.3%  58.3 3308s
 569133 81318   40.00000   50   44   47.00000   37.00000  21.3%  58.2 3320s
 570229 81524 infeasible   51        47.00000   37.00000  21.3%  58.2 3343s
 573627 81564 infeasible   56        47.00000   37.00000  21.3%  58.1 3355s
 574845 81831 infeasible   52        47.00000   37.00761  21.3%  58.1 3402s
 583182 81853   37.06250   56   56   47.00000   37.04211  21.2%  57.9 3409s
 583500 81870   42.00000   50   24   47.00000   37.04211  21.2%  57.9 3419s
 583602 82009     cutoff   54        47.00000   37.04211  21.2%  57.9 3429s
 584475 82243 infeasible   54        47.00000   37.04211  21.2%  57.9 3443s
 586464 82272   37.04211   50   51   47.00000   37.04211  21.2%  57.9 3450s
 587309 82374   37.04211   51   47   47.00000   37.04211  21.2%  57.9 3462s
 588436 82534   44.00000   48   21   47.00000   37.05496  21.2%  57.9 3480s
 590567 82578 infeasible   53        47.00000   37.05734  21.2%  57.8 3492s
 591841 82611 infeasible   56        47.00000   37.06662  21.1%  57.8 3505s
 593365 82684   41.00000   55   25   47.00000   37.06662  21.1%  57.8 3517s
 593715 82781   41.00000   56   24   47.00000   37.06721  21.1%  57.8 3541s
 596838 82792 infeasible   57        47.00000   37.06721  21.1%  57.7 3551s
 597110 83430 infeasible   58        47.00000   37.06721  21.1%  57.7 3600s

Cutting planes:
  Learned: 389
  Gomory: 53
  Cover: 70
  Implied bound: 16
  MIR: 444
  StrongCG: 5
  Flow cover: 1330
  RLT: 155
  Relax-and-lift: 14

Explored 604504 nodes (34780336 simplex iterations) in 3601.01 seconds (819.83 work units)
Thread count was 18 (of 36 available processors)

Solution count 10: 47 47 48 ... 52

Time limit reached
Best objective 4.699999999520e+01, best bound 3.709134144691e+01, gap 21.0823%

Gurobi 11.0.0 (win64) logging started Tue Jun 18 15:53:16 2024

Set parameter LogFile to value "./Results/StripPacking-ManyRuns/Logs/SBM-111-StripPacking-15-3.log"
Set parameter TimeLimit to value 3600
Set parameter Cuts to value 1
Set parameter Presolve to value 1
Set parameter Heuristics to value 1
Set parameter LPWarmStart to value 2
Gurobi Optimizer version 11.0.0 build v11.0.0rc2 (win64 - Windows 10.0 (19045.2))

CPU model: Intel(R) Core(TM) i9-10980XE CPU @ 3.00GHz, instruction set [SSE2|AVX|AVX2|AVX512]
Thread count: 18 physical cores, 36 logical processors, using up to 18 threads

Optimize a model with 1905 rows, 346 columns and 5700 nonzeros
Model fingerprint: 0x58639ede
Variable types: 136 continuous, 210 integer (210 binary)
Coefficient statistics:
  Matrix range     [1e+00, 1e+04]
  Objective range  [1e+00, 1e+00]
  Bounds range     [1e+00, 1e+04]
  RHS range        [1e+00, 1e+04]

Warning: Completing partial solution with 210 unfixed non-continuous variables out of 210
User MIP start produced solution with objective 62.1 (0.00s)
User MIP start produced solution with objective 62.1 (0.00s)
Loaded user MIP start with objective 62.1

Presolve removed 525 rows and 0 columns
Presolve time: 0.02s
Presolved: 1380 rows, 346 columns, 4335 nonzeros
Variable types: 136 continuous, 210 integer (210 binary)

Root relaxation: objective 3.000000e+01, 129 iterations, 0.00 seconds (0.00 work units)

    Nodes    |    Current Node    |     Objective Bounds      |     Work
 Expl Unexpl |  Obj  Depth IntInf | Incumbent    BestBd   Gap | It/Node Time

     0     0   30.00000    0   13   62.10000   30.00000  51.7%     -    0s
     0     0   30.00000    0   32   62.10000   30.00000  51.7%     -    0s
H    0     0                      62.0000000   30.00000  51.6%     -    0s
H    0     0                      58.0000000   30.00000  48.3%     -    0s
     0     0   30.00000    0   30   58.00000   30.00000  48.3%     -    0s
     0     0   30.00000    0   15   58.00000   30.00000  48.3%     -    0s
     0     0   30.00000    0   16   58.00000   30.00000  48.3%     -    0s
     0     0   30.00000    0   19   58.00000   30.00000  48.3%     -    0s
     0     0   30.00000    0   20   58.00000   30.00000  48.3%     -    0s
     0     0   30.00000    0   31   58.00000   30.00000  48.3%     -    0s
     0     0   30.00000    0   26   58.00000   30.00000  48.3%     -    0s
     0     0   30.00000    0   19   58.00000   30.00000  48.3%     -    0s
     0     0   30.00000    0   18   58.00000   30.00000  48.3%     -    0s
     0     2   30.00000    0   14   58.00000   30.00000  48.3%     -    0s
H   27    32                      56.0000000   30.00000  46.4%  29.9    0s
H   85   104                      53.0000000   30.00000  43.4%  21.0    1s
H   92   104                      50.0000000   30.00000  40.0%  20.1    1s
H  139   158                      48.0000000   30.00000  37.5%  17.9    2s
   447   422   30.00000   19   31   48.00000   30.00000  37.5%  13.3   14s
H  450   422                      47.0000000   30.00000  36.2%  13.2   14s
H  457   422                      46.0000000   30.00000  34.8%  13.3   14s
   776   714   41.00000   32   18   46.00000   30.00000  34.8%  12.9   15s
H  844   714                      46.0000000   30.00000  34.8%  12.9   15s
   865   898   41.00000   34   19   46.00000   30.00000  34.8%  13.0   20s
H  963   898                      45.0000000   30.00000  33.3%  12.7   20s
  1632  1222 infeasible   68        45.00000   30.00000  33.3%  12.6   29s
  1923  1233   36.00000   28   40   45.00000   30.00000  33.3%  13.2   34s
  1946  1466   36.00000   29   43   45.00000   30.00000  33.3%  13.2   38s
  2364  1717 infeasible   30        45.00000   30.00000  33.3%  13.7   43s
  2766  1973   43.00000   31   35   45.00000   30.00000  33.3%  14.1   47s
  3420  2069   30.00000   16   26   45.00000   30.00000  33.3%  16.9   56s
H 3640  2120                      44.0000000   30.00000  31.8%  18.6   57s
  3722  2171   33.00000   27   24   44.00000   30.00000  31.8%  19.2   61s
  4264  2181   39.00000   35   29   44.00000   30.00000  31.8%  21.0   70s
H 4274  2084                      44.0000000   30.00000  31.8%  21.0   70s
  4680  2235   43.00000   39   16   44.00000   30.00000  31.8%  22.4   77s
  4891  2252 infeasible   40        44.00000   30.00000  31.8%  23.2   83s
  5120  2250   30.05592   16   33   44.00000   30.00000  31.8%  23.6   90s
  5340  2402   30.07974   17   31   44.00000   30.00000  31.8%  24.1   96s
  5736  2375   31.00000   27   36   44.00000   30.00000  31.8%  24.6  103s
  5991  2381   31.00000   28   35   44.00000   30.00000  31.8%  25.1  110s
H 6130  1997                      43.0000000   30.00000  30.2%  25.4  110s
  6238  2274   31.00000   29   31   43.00000   30.00000  30.2%  25.4  118s
H 6342  2155                      43.0000000   30.00000  30.2%  25.5  118s
  7050  2097   39.00000   30   31   43.00000   30.00000  30.2%  26.8  125s
  7488  2033   39.00000   31   29   43.00000   30.00000  30.2%  27.6  131s
  7713  2153   39.00000   32   28   43.00000   30.00000  30.2%  28.1  136s
  8307  2117   30.00000   19   48   43.00000   30.00000  30.2%  28.6  144s
  8675  2523   42.00000   30   20   43.00000   30.00000  30.2%  28.9  153s
  9815  2839   42.00000   34   26   43.00000   30.00000  30.2%  30.1  162s
H10791  2839                      42.9999992   30.00000  30.2%  30.6  162s
 10840  2848   30.09905   20   38   43.00000   30.00000  30.2%  30.6  174s
 10867  3505   30.12513   21   38   43.00000   30.00000  30.2%  30.6  178s
 12578  3517   33.00000   32   30   43.00000   30.00000  30.2%  31.4  189s
 12602  4365   40.00000   33   25   43.00000   30.00000  30.2%  31.5  193s
 15260  4376   40.00000   32   34   43.00000   30.00000  30.2%  32.8  204s
 15297  5292   40.00000   33   32   43.00000   30.00000  30.2%  32.8  209s
 18140  5294 infeasible   36        43.00000   30.00000  30.2%  33.5  219s
 18173  6101   30.00000   23   48   43.00000   30.00000  30.2%  33.5  226s
 20799  6110   30.16484   27   55   43.00000   30.00000  30.2%  33.8  239s
 20826  6933   41.00000   28   37   43.00000   30.00000  30.2%  33.8  245s
 23424  8217   41.00000   25   24   43.00000   30.00000  30.2%  34.3  254s
 27155  8338   41.00000   32   23   43.00000   30.00000  30.2%  35.0  263s
 27505  8358   31.00000   26   31   43.00000   30.00000  30.2%  35.0  269s
 27553  8506 infeasible   28        43.00000   30.00000  30.2%  35.1  276s
 28017  8513   42.00000   32   17   43.00000   30.00000  30.2%  35.1  287s
 28054  8977     cutoff   34        43.00000   30.00000  30.2%  35.1  291s
*28960  7453              55      42.0000000   30.00000  28.6%  35.1  291s
 29766  7576 infeasible   27        42.00000   30.00000  28.6%  35.0  304s
 31294  7588 infeasible   41        42.00000   30.00000  28.6%  35.3  315s
 37312  8937   41.00000   29   33   42.00000   30.00000  28.6%  36.4  325s
 37476  9964   41.00000   30   30   42.00000   30.00000  28.6%  36.4  332s
 42173  9969   41.00000   29   15   42.00000   30.00000  28.6%  37.2  337s
 42202 10169   41.00000   30   15   42.00000   30.00000  28.6%  37.2  350s
H42243 10169                      42.0000000   30.00000  28.6%  37.2  350s
 43056 10310 infeasible   29        42.00000   30.00000  28.6%  37.4  355s
 48138 11316   30.00000   25   41   42.00000   30.00000  28.6%  37.8  362s
 48327 11421 infeasible   31        42.00000   30.00000  28.6%  38.0  365s
 48551 11490 infeasible   36        42.00000   30.00000  28.6%  38.1  373s
 48721 11569   33.00000   32   35   42.00000   30.00000  28.6%  38.1  380s
 49020 11570 infeasible   54        42.00000   30.00000  28.6%  38.2  386s
 49286 11583   41.00000   40   38   42.00000   30.00000  28.6%  38.2  391s
 49522 11651 infeasible   44        42.00000   30.00000  28.6%  38.2  396s
 50533 11821   40.00000   35   37   42.00000   30.00000  28.6%  38.4  403s
 51403 11664   30.00000   33   56   42.00000   30.00000  28.6%  38.6  410s
 52515 11603 infeasible   44        42.00000   30.00000  28.6%  38.8  421s
 53216 11671   41.00000   37   27   42.00000   30.00000  28.6%  38.9  429s
 53809 11799 infeasible   38        42.00000   30.00000  28.6%  39.1  432s
 54857 11463   33.00000   34   36   42.00000   30.00000  28.6%  39.3  435s
 54879 11600   37.00000   35   26   42.00000   30.00000  28.6%  39.3  440s
 55332 12097   39.00000   46   28   42.00000   30.00000  28.6%  39.3  446s
 57558 11355   40.00000   41   17   42.00000   30.00000  28.6%  39.7  450s
 59379 11375   30.04618   32   79   42.00000   30.00000  28.6%  40.1  455s
 59704 11271   30.00000   31   53   42.00000   30.00000  28.6%  40.1  460s
 61345 11054   41.00000   33   26   42.00000   30.00000  28.6%  40.2  466s
 62607 11014   40.00000   38   24   42.00000   30.00000  28.6%  40.3  473s
 62634 11425   40.00000   39   25   42.00000   30.00000  28.6%  40.3  476s
 64360 10854     cutoff   38        42.00000   30.00000  28.6%  40.5  480s
 64390 11362   40.00000   38   26   42.00000   30.00000  28.6%  40.5  485s
 66756 10589   39.00000   36   26   42.00000   30.00000  28.6%  40.8  490s
 67702 10442   41.00000   33   31   42.00000   30.00000  28.6%  40.9  499s
 67724 10602 infeasible   34        42.00000   30.00000  28.6%  40.9  500s
 68329 10404   41.00000   35   24   42.00000   30.00000  28.6%  40.9  505s
 68837 10735   41.00000   39   20   42.00000   30.00000  28.6%  41.0  512s
 70549 10738 infeasible   33        42.00000   30.00000  28.6%  41.2  517s
 72913 10038   32.00000   31   31   42.00000   30.00000  28.6%  41.4  524s
 73285 10577   32.00000   32   31   42.00000   30.00000  28.6%  41.5  535s
 76092  9787   41.00000   33   39   42.00000   30.00000  28.6%  41.7  542s
 76660  9646   40.00000   34   27   42.00000   30.00000  28.6%  41.8  545s
 78438  9592   36.00000   37   32   42.00000   30.00000  28.6%  42.1  550s
 79342  9570   36.00000   37   33   42.00000   30.00000  28.6%  42.1  555s
 80586  9581 infeasible   40        42.00000   30.00000  28.6%  42.1  560s
 82682  9403   30.00000   26   50   42.00000   30.00000  28.6%  42.1  566s
 83516  9924   30.00000   27   63   42.00000   30.00000  28.6%  42.1  570s
 85876 10149   32.00000   28   45   42.00000   30.00000  28.6%  42.1  576s
 86992 10854   39.00000   29   29   42.00000   30.00000  28.6%  42.1  584s
 90965 10859   39.00000   38   50   42.00000   30.00000  28.6%  42.1  593s
 91016 11687   41.00000   30   23   42.00000   30.00000  28.6%  42.1  598s
 95429 12095   40.00000   33   38   42.00000   30.00000  28.6%  42.2  603s
 97556 13283   40.00000   32   28   42.00000   30.00000  28.6%  42.1  612s
 103828 13290 infeasible   44        42.00000   30.18855  28.1%  42.0  620s
 103857 13680 infeasible   44        42.00000   30.18855  28.1%  42.0  629s
 106245 13720 infeasible   50        42.00000   30.24407  28.0%  41.9  635s
 106398 14049     cutoff   35        42.00000   30.25613  28.0%  41.9  640s
 109200 14476     cutoff   42        42.00000   30.33259  27.8%  41.8  649s
 111201 14488   40.00000   34   31   42.00000   30.34589  27.7%  41.8  657s
 111227 15077 infeasible   35        42.00000   30.38257  27.7%  41.8  672s
 115325 15078     cutoff   35        42.00000   30.48467  27.4%  41.6  677s
 115359 15442   41.00000   35   29   42.00000   30.51380  27.3%  41.6  687s
 117881 15708     cutoff   39        42.00000   30.87314  26.5%  41.5  692s
 119569 17202   40.00000   39   27   42.00000   30.96585  26.3%  41.5  736s
 131067 17215   36.00000   34   24   42.00000   31.00000  26.2%  40.9  741s
 131090 17253   40.00000   35   34   42.00000   31.00000  26.2%  40.9  746s
 131280 17248 infeasible   39        42.00000   31.00000  26.2%  40.9  751s
 131321 17323   31.00000   35   34   42.00000   31.00000  26.2%  40.9  755s
 131805 17347 infeasible   43        42.00000   31.00000  26.2%  40.9  762s
 131967 17618   39.00000   36   28   42.00000   31.00000  26.2%  40.9  771s
 134121 17731   40.00000   40   47   42.00000   32.00000  23.8%  40.8  778s
 134627 18243   40.00000   41   38   42.00000   32.00000  23.8%  40.8  790s
 137549 18269   40.00000   36   35   42.00000   32.00000  23.8%  40.6  798s
 137659 18838   41.00000   37   34   42.00000   32.00000  23.8%  40.6  815s
 141751 19038 infeasible   45        42.00000   32.00000  23.8%  40.4  821s
 143101 21446   40.00000   30   25   42.00000   32.00000  23.8%  40.3  904s
 144102 21446   36.00000   46   33   42.00000   32.00000  23.8%  40.3  905s
 161119 21458   41.00000   43   16   42.00000   33.00000  21.4%  39.5  914s
 161143 21915   41.00000   44   18   42.00000   33.00000  21.4%  39.5  926s
 163785 22366   40.00000   42   21   42.00000   33.00000  21.4%  39.4  934s
 166298 25584   40.00000   40   15   42.00000   33.00000  21.4%  39.3 1018s
 183251 25593   40.00000   35   22   42.00000   33.00000  21.4%  39.0 1025s
 183278 25810 infeasible   36        42.00000   33.00000  21.4%  39.0 1034s
 184717 25888   37.00000   41   31   42.00000   33.00000  21.4%  38.9 1040s
 185167 26185   41.00000   42   29   42.00000   33.00000  21.4%  38.9 1053s
 186781 26201 infeasible   43        42.00000   33.00000  21.4%  38.9 1070s
 186946 28212 infeasible   40        42.00000   33.00000  21.4%  38.9 1156s
 204964 28214   40.00000   36   22   42.00000   33.00000  21.4%  38.3 1162s
 204995 28330   40.00000   37   22   42.00000   33.00000  21.4%  38.3 1165s
 205674 28483   33.00000   33   49   42.00000   33.00000  21.4%  38.3 1172s
 206470 28485   40.00000   33   41   42.00000   33.00000  21.4%  38.3 1176s
 206503 28605   33.00000   34   48   42.00000   33.00000  21.4%  38.3 1183s
 207425 28682 infeasible   49        42.00000   33.00000  21.4%  38.3 1187s
 208033 28803   41.00000   46   23   42.00000   33.00000  21.4%  38.3 1197s
 209366 28962     cutoff   48        42.00000   33.00000  21.4%  38.2 1204s
 211043 30344   41.00000   46   27   42.00000   33.00000  21.4%  38.2 1253s
 222354 30351   40.00000   41   21   42.00000   36.00000  14.3%  38.0 1264s
 222383 30465 infeasible   42        42.00000   36.00000  14.3%  38.0 1271s
 224627 30469 infeasible   44        42.00000   36.00000  14.3%  37.9 1276s
 224659 30582 infeasible   44        42.00000   36.00000  14.3%  37.9 1283s
 225999 30594   37.00000   36   37   42.00000   36.00000  14.3%  37.9 1289s
 226023 30700 infeasible   37        42.00000   36.00000  14.3%  37.9 1297s
 228259 30711     cutoff   38        42.00000   36.00000  14.3%  37.8 1302s
 228283 30749 infeasible   39        42.00000   36.00000  14.3%  37.8 1305s
 228889 30758   41.00000   39   18   42.00000   36.00000  14.3%  37.8 1310s
 228942 31080   41.00000   40   19   42.00000   36.00000  14.3%  37.8 1323s
 232554 31599   36.00000   32   51   42.00000   36.00000  14.3%  37.7 1333s
 235800 32357   36.00000   35   33   42.00000   36.00000  14.3%  37.6 1360s
 241171 32779   37.00000   45   22   42.00000   36.00000  14.3%  37.6 1371s
 244614 33040   41.00000   39   31   42.00000   36.00000  14.3%  37.6 1382s
 247126 33287 infeasible   39        42.00000   36.00000  14.3%  37.6 1387s
 249427 33411   41.00000   50   25   42.00000   36.00000  14.3%  37.6 1394s
 252433 33882   36.00000   36   28   42.00000   36.00000  14.3%  37.5 1405s
 256372 34491   36.00000   34   33   42.00000   36.00000  14.3%  37.5 1419s
 260603 34992   36.00000   35   27   42.00000   36.00000  14.3%  37.5 1436s
 264464 35018   36.00000   29   26   42.00000   36.00000  14.3%  37.4 1447s
 264556 35047   39.00000   34   27   42.00000   36.00000  14.3%  37.4 1454s
 265010 35406   40.00000   35   24   42.00000   36.00000  14.3%  37.4 1478s
 270719 35458 infeasible   52        42.00000   36.00000  14.3%  37.3 1483s
 271238 35930   38.00000   53   30   42.00000   36.00000  14.3%  37.3 1500s
 274799 36118   36.00000   33   40   42.00000   36.00000  14.3%  37.3 1506s
 275849 36624 infeasible   47        42.00000   36.00000  14.3%  37.3 1520s
 278566 37594   40.00000   45   16   42.00000   36.00000  14.3%  37.2 1552s
 286626 37604 infeasible   43        42.00000   36.00000  14.3%  37.2 1556s
 286651 37672   36.00000   40   24   42.00000   36.00000  14.3%  37.2 1560s
 287444 37683     cutoff   53        42.00000   36.00000  14.3%  37.2 1566s
 287486 37806   36.00000   52   29   42.00000   36.00000  14.3%  37.2 1576s
 289851 37823   36.00000   53   28   42.00000   36.00000  14.3%  37.2 1581s
 290002 38111     cutoff   54        42.00000   36.00000  14.3%  37.2 1592s
 292694 38196 infeasible   41        42.00000   36.00000  14.3%  37.1 1598s
 293222 38831   36.00000   40   28   42.00000   36.00000  14.3%  37.1 1621s
 298336 38833 infeasible   46        42.00000   36.00000  14.3%  37.1 1626s
 298407 39037 infeasible   45        42.00000   36.00000  14.3%  37.1 1636s
 301483 39149   36.00000   41   28   42.00000   36.00000  14.3%  37.1 1643s
 302317 41406   41.00000   39   36   42.00000   36.00000  14.3%  37.0 1734s
 308323 41406   36.00000   35   30   42.00000   36.00000  14.3%  37.0 1735s
 320335 41410   40.00000   57   13   42.00000   36.00000  14.3%  37.0 1744s
 320367 41857 infeasible   58        42.00000   36.00000  14.3%  37.0 1751s
 322290 41865   39.00000   36   33   42.00000   36.00000  14.3%  37.0 1756s
 322318 41826 infeasible   37        42.00000   36.00000  14.3%  37.0 1761s
 323871 41839   36.00000   41   31   42.00000   36.00000  14.3%  37.0 1768s
 323893 41972   36.00000   42   31   42.00000   36.00000  14.3%  37.0 1774s
 325878 42237     cutoff   35        42.00000   36.00000  14.3%  37.0 1780s
 327830 44107   39.00000   36   27   42.00000   36.00000  14.3%  37.0 1860s
 344649 44113   39.00000   48   29   42.00000   36.00000  14.3%  37.0 1871s
 344679 44429     cutoff   49        42.00000   36.00000  14.3%  37.0 1881s
 347240 44434   36.00000   41   35   42.00000   36.00000  14.3%  37.0 1887s
 347270 44481   41.00000   42   28   42.00000   36.00000  14.3%  37.0 1895s
 349247 44539     cutoff   39        42.00000   36.00000  14.3%  37.0 1900s
 349670 44871   40.00000   38   26   42.00000   36.00000  14.3%  37.0 1989s
 356677 44871 infeasible   46        42.00000   36.00000  14.3%  36.8 1990s
 367688 44857 infeasible   47        42.00000   36.00000  14.3%  36.6 1996s
 367727 45070     cutoff   48        42.00000   36.00000  14.3%  36.6 2003s
 369104 45084 infeasible   47        42.00000   37.00000  11.9%  36.6 2009s
 369142 45109   37.00000   46   38   42.00000   37.00000  11.9%  36.6 2012s
 369418 45129 infeasible   47        42.00000   37.00000  11.9%  36.6 2018s
 369918 45152     cutoff   36        42.00000   37.00000  11.9%  36.6 2022s
 370709 45203   37.00000   44   28   42.00000   37.00000  11.9%  36.6 2027s
 371350 45670   40.00000   54   20   42.00000   37.00000  11.9%  36.5 2068s
 380927 45674 infeasible   41        42.00000   37.00000  11.9%  36.4 2072s
 380959 45802 infeasible   40        42.00000   37.00000  11.9%  36.4 2077s
 381698 45894   40.00000   55   14   42.00000   37.00000  11.9%  36.4 2090s
 383323 46060   37.00000   45   23   42.00000   37.00000  11.9%  36.4 2105s
 386210 46062 infeasible   44        42.00000   37.00000  11.9%  36.4 2114s
 386244 46298   37.00000   48   13   42.00000   37.00000  11.9%  36.4 2127s
 389266 46289   37.00000   41   23   42.00000   37.00000  11.9%  36.3 2131s
 389317 46556   37.00000   42   17   42.00000   37.00000  11.9%  36.3 2148s
 393178 46615   40.00000   38   20   42.00000   37.00000  11.9%  36.3 2155s
 394685 47475 infeasible   58        42.00000   37.00000  11.9%  36.3 2238s
 409700 47475   41.00000   62   20   42.00000   37.00000  11.9%  36.2 2240s
 412703 47484   37.00000   40   30   42.00000   37.00000  11.9%  36.2 2245s
 412730 47486   37.00000   41   29   42.00000   37.00000  11.9%  36.2 2254s
 412784 47437   37.00000   44   22   42.00000   37.00000  11.9%  36.2 2260s
 413622 47432   39.00000   38   25   42.00000   37.00000  11.9%  36.2 2265s
 414252 47405   40.00000   49   19   42.00000   37.00000  11.9%  36.1 2271s
 414303 47384 infeasible   47        42.00000   37.00000  11.9%  36.1 2275s
 415296 47332   40.00000   48   16   42.00000   37.00000  11.9%  36.1 2301s
 419908 47310   40.00000   37   28   42.00000   37.00000  11.9%  36.1 2306s
 420121 47401   40.00000   38   26   42.00000   37.00000  11.9%  36.1 2325s
 424277 47432   37.00000   53   28   42.00000   37.00000  11.9%  36.0 2331s
 424433 47707   37.00000   54   21   42.00000   37.00000  11.9%  36.0 2357s
 430059 47747 infeasible   46        42.00000   37.00000  11.9%  36.0 2364s
 430610 47728 infeasible   73        42.00000   37.00000  11.9%  36.0 2375s
 430743 47706   40.00000   44   23   42.00000   37.00000  11.9%  36.0 2381s
 431225 47744   39.00000   43   23   42.00000   37.00000  11.9%  35.9 2400s
 435708 47745     cutoff   44        42.00000   37.00000  11.9%  35.9 2406s
 435743 47787   41.00000   42   27   42.00000   37.00000  11.9%  35.9 2419s
 439905 47814     cutoff   40        42.00000   37.00000  11.9%  35.8 2424s
 440088 48964   40.00000   41   23   42.00000   37.00000  11.9%  35.8 2526s
 458106 48967   41.00000   47   23   42.00000   37.00000  11.9%  35.7 2534s
 458138 48990   41.00000   48   23   42.00000   37.00000  11.9%  35.7 2540s
 458219 48995     cutoff   55        42.00000   37.00000  11.9%  35.7 2545s
 458920 48830   38.00000   44   20   42.00000   38.00000  9.52%  35.7 2554s
 459402 48841   38.00000   48   18   42.00000   38.00000  9.52%  35.7 2558s
 459893 48847 infeasible   48        42.00000   38.00000  9.52%  35.7 2565s
 459933 48715 infeasible   52        42.00000   38.00000  9.52%  35.7 2574s
 462219 48702     cutoff   43        42.00000   38.00000  9.52%  35.7 2580s
 462708 48599   38.00000   52   30   42.00000   38.00000  9.52%  35.7 2588s
 463614 48596     cutoff   42        42.00000   38.00000  9.52%  35.7 2593s
 463652 48530   40.00000   43   21   42.00000   38.00000  9.52%  35.7 2604s
 464729 48578 infeasible   54        42.00000   39.00000  7.14%  35.6 2610s
 465439 48401   39.00000   49   20   42.00000   39.00000  7.14%  35.6 2643s
 472826 48421     cutoff   45        42.00000   39.00000  7.14%  35.5 2650s
 473154 48525   40.00000   43   26   42.00000   39.00000  7.14%  35.5 2661s
 474718 48586   39.00000   38   23   42.00000   39.00000  7.14%  35.5 2665s
 475350 48603   39.00000   39   23   42.00000   39.00000  7.14%  35.5 2670s
 475394 48516 infeasible   42        42.00000   39.00000  7.14%  35.5 2683s
 479464 48533   41.00000   48   18   42.00000   39.00000  7.14%  35.4 2689s
 479647 48965   41.00000   49   16   42.00000   39.00000  7.14%  35.4 2710s
 483249 48974   39.00000   34   36   42.00000   39.00000  7.14%  35.4 2715s
 483320 49327   39.00000   35   35   42.00000   39.00000  7.14%  35.4 2738s
 488452 49338 infeasible   52        42.00000   39.00000  7.14%  35.4 2745s
 489399 49463   39.00000   53   26   42.00000   39.00000  7.14%  35.4 2828s
 506986 49468   40.00000   42   15   42.00000   39.00000  7.14%  35.1 2836s
 507017 49636   40.00000   43   15   42.00000   39.00000  7.14%  35.1 2847s
 509381 49639   39.00000   51   26   42.00000   39.00000  7.14%  35.1 2856s
 509413 49726     cutoff   52        42.00000   39.00000  7.14%  35.1 2867s
 510931 50055   39.00000   45   27   42.00000   39.00000  7.14%  35.1 2894s
 516682 50183 infeasible   48        42.00000   39.00000  7.14%  35.1 2909s
 517218 50183   39.00000   33   28   42.00000   39.00000  7.14%  35.1 2910s
 518707 50352   39.00000   56   28   42.00000   39.00000  7.14%  35.1 2920s
 520660 50473   39.00000   36   27   42.00000   39.00000  7.14%  35.1 2931s
 523128 50476   39.00000   37   26   42.00000   39.00000  7.14%  35.1 2940s
 523273 50866   39.00000   42   20   42.00000   39.00000  7.14%  35.1 2972s
 530412 50893 infeasible   39        42.00000   39.00000  7.14%  35.1 2978s
 530569 51147   39.00000   51   28   42.00000   39.00000  7.14%  35.1 3000s
 535650 51191   39.00000   35   28   42.00000   39.00000  7.14%  35.0 3010s
 536144 51306   39.00000   36   27   42.00000   39.00000  7.14%  35.0 3092s
 554162 51314   39.00000   40   32   42.00000   39.00000  7.14%  34.8 3101s
 554189 51479   39.00000   41   32   42.00000   39.00000  7.14%  34.8 3112s
 556846 51474     cutoff   47        42.00000   39.00000  7.14%  34.8 3119s
 556887 51679     cutoff   46        42.00000   39.00000  7.14%  34.8 3131s
 558985 51685 infeasible   58        42.00000   39.00000  7.14%  34.8 3140s
 559077 52676 infeasible   59        42.00000   39.00000  7.14%  34.8 3236s
 577095 52668   39.00000   39   38   42.00000   39.00000  7.14%  34.8 3243s
 577137 52899   39.00000   40   38   42.00000   39.00000  7.14%  34.8 3253s
 579552 52900 infeasible   50        42.00000   39.00000  7.14%  34.8 3258s
 579587 52997   39.00000   50   28   42.00000   39.00000  7.14%  34.8 3269s
 581652 52994   41.00000   44   32   42.00000   39.00000  7.14%  34.8 3280s
 581810 53967     cutoff   45        42.00000   39.00000  7.14%  34.8 3366s
 599828 53970 infeasible   46        42.00000   39.00000  7.14%  34.8 3374s
 599859 54101   40.00000   54   15   42.00000   39.00000  7.14%  34.8 3387s
 602528 54136 infeasible   44        42.00000   39.00000  7.14%  34.8 3391s
 602986 54222   39.00000   54   20   42.00000   39.00000  7.14%  34.8 3404s
 605328 54222     cutoff   40        42.00000   39.00000  7.14%  34.8 3413s
 605364 55030     cutoff   50        42.00000   39.00000  7.14%  34.8 3498s
 623382 55031   39.00000   41   24   42.00000   39.00000  7.14%  34.8 3505s
 623416 55091   40.00000   42   23   42.00000   39.00000  7.14%  34.8 3515s
 624960 55091   39.00000   40   24   42.00000   39.00000  7.14%  34.8 3520s
 624996 55023 infeasible   41        42.00000   39.00000  7.14%  34.8 3530s
 626480 55031   39.00000   39   28   42.00000   39.00000  7.14%  34.8 3535s
 626508 54954   39.00000   39   28   42.00000   39.00000  7.14%  34.8 3546s
 628607 54965   40.00000   42   25   42.00000   39.00000  7.14%  34.8 3553s
 628632 54947   40.00000   43   24   42.00000   39.00000  7.14%  34.8 3564s
 628795 54933   40.00000   46   26   42.00000   39.00000  7.14%  34.8 3570s
 629864 54852   41.00000   42   21   42.00000   39.00000  7.14%  34.7 3587s
 633653 54966   41.50000   43   29   42.00000   39.00000  7.14%  34.7 3600s

Cutting planes:
  Learned: 565
  Gomory: 30
  Cover: 25
  Implied bound: 8
  MIR: 392
  StrongCG: 2
  Flow cover: 919
  Inf proof: 2
  RLT: 105
  Relax-and-lift: 12

Explored 636797 nodes (22095469 simplex iterations) in 3600.45 seconds (770.88 work units)
Thread count was 18 (of 36 available processors)

Solution count 10: 42 42 43 ... 46

Time limit reached
Best objective 4.199999999570e+01, best bound 3.900000000000e+01, gap 7.1429%
