
Gurobi 11.0.0 (win64) logging started Wed May 22 13:22:16 2024

Set parameter LogFile to value "./Results/StripPacking-ManyRuns/Logs/SBM-111-StripPacking-15-2.log"
Set parameter TimeLimit to value 3600
Set parameter Cuts to value 1
Set parameter Presolve to value 1
Set parameter Heuristics to value 1
Set parameter LPWarmStart to value 2
Gurobi Optimizer version 11.0.0 build v11.0.0rc2 (win64 - Windows 10.0 (19045.2))

CPU model: Intel(R) Core(TM) i9-10980XE CPU @ 3.00GHz, instruction set [SSE2|AVX|AVX2|AVX512]
Thread count: 18 physical cores, 36 logical processors, using up to 18 threads

Optimize a model with 1905 rows, 346 columns and 5700 nonzeros
Model fingerprint: 0x2cf4511c
Variable types: 136 continuous, 210 integer (210 binary)
Coefficient statistics:
  Matrix range     [1e+00, 1e+04]
  Objective range  [1e+00, 1e+00]
  Bounds range     [1e+00, 1e+04]
  RHS range        [1e+00, 1e+04]

Warning: Completing partial solution with 210 unfixed non-continuous variables out of 210
User MIP start produced solution with objective 72 (0.02s)
User MIP start produced solution with objective 72 (0.02s)
Loaded user MIP start with objective 72

Presolve removed 525 rows and 0 columns
Presolve time: 0.01s
Presolved: 1380 rows, 346 columns, 4335 nonzeros
Variable types: 136 continuous, 210 integer (210 binary)

Root relaxation: objective 3.700000e+01, 149 iterations, 0.00 seconds (0.00 work units)

    Nodes    |    Current Node    |     Objective Bounds      |     Work
 Expl Unexpl |  Obj  Depth IntInf | Incumbent    BestBd   Gap | It/Node Time

     0     0   37.00000    0   24   72.00000   37.00000  48.6%     -    0s
H    0     0                      71.0000000   37.00000  47.9%     -    0s
     0     0   37.00000    0   35   71.00000   37.00000  47.9%     -    0s
     0     0   37.00000    0   28   71.00000   37.00000  47.9%     -    0s
H    0     0                      68.0000000   37.00000  45.6%     -    0s
     0     0   37.00000    0   14   68.00000   37.00000  45.6%     -    0s
H    0     0                      66.0000000   37.00000  43.9%     -    0s
     0     0   37.00000    0   17   66.00000   37.00000  43.9%     -    0s
     0     0   37.00000    0   15   66.00000   37.00000  43.9%     -    0s
H    0     0                      65.0000000   37.00000  43.1%     -    0s
     0     0   37.00000    0   13   65.00000   37.00000  43.1%     -    0s
     0     0   37.00000    0   14   65.00000   37.00000  43.1%     -    0s
     0     0   37.00000    0   12   65.00000   37.00000  43.1%     -    0s
     0     0   37.00000    0   20   65.00000   37.00000  43.1%     -    0s
     0     0   37.00000    0   18   65.00000   37.00000  43.1%     -    0s
     0     0   37.00000    0   17   65.00000   37.00000  43.1%     -    0s
H    0     0                      62.0000000   37.00000  40.3%     -    0s
H    0     0                      59.0000000   37.00000  37.3%     -    0s
     0     2   37.00000    0   14   59.00000   37.00000  37.3%     -    0s
H  100   103                      59.0000000   37.00000  37.3%  26.2    0s
H  118   136                      58.0000000   37.00000  36.2%  24.7    1s
H  147   182                      57.0000000   37.00000  35.1%  24.9    1s
H  347   398                      56.0000000   37.00000  33.9%  21.2    5s
H  348   398                      54.0000000   37.00000  31.5%  21.1    5s
H  349   398                      52.0000000   37.00000  28.8%  21.2    5s
H  911  1073                      52.0000000   37.00000  28.8%  18.6    8s
  1579  1366   51.00000   53   12   52.00000   37.00000  28.8%  15.6   11s
  2971  1753 infeasible   31        52.00000   37.00000  28.8%  15.6   16s
  2997  2134   37.00000   11   39   52.00000   37.00000  28.8%  15.5   20s
  4120  2348   37.00000   28   28   52.00000   37.00000  28.8%  20.0   26s
  4545  2490     cutoff   41        52.00000   37.00000  28.8%  21.8   30s
* 4824  2406              47      50.0000000   37.00000  26.0%  22.3   32s
H 5101  2410                      50.0000000   37.00000  26.0%  22.8   33s
* 5456  2194              34      49.0000000   37.00000  24.5%  24.0   33s
  5570  2181   46.00000   30   24   49.00000   37.00000  24.5%  24.3   38s
  5669  2161     cutoff   30        49.00000   37.00000  24.5%  24.7   42s
H 5696  2059                      48.0000000   37.00000  22.9%  24.9   42s
H 5748  2178                      48.0000000   37.00000  22.9%  25.1   43s
  6659  1729 infeasible   34        48.00000   37.00000  22.9%  28.5   47s
  7310  1660   37.00000   23   43   48.00000   37.00000  22.9%  30.6   52s
  8575  1630 infeasible   28        48.00000   37.00000  22.9%  33.1   56s
  9486  2065   41.00000   36   41   48.00000   37.00000  22.9%  34.2   61s
 11158  2889   37.06721   32   37   48.00000   37.00000  22.9%  36.3   67s
 14200  3093 infeasible   34        48.00000   37.00000  22.9%  38.2   71s
 16785  3485   43.00000   34   17   48.00000   37.00000  22.9%  39.7   79s
 16813  3968 infeasible   35        48.00000   37.00000  22.9%  39.7   80s
 19015  4192   41.00000   28   21   48.00000   37.00000  22.9%  40.7   86s
 19633  4174 infeasible   34        48.00000   37.00000  22.9%  40.7   91s
 19689  4252   38.35000   31   43   48.00000   37.00000  22.9%  40.7   95s
 21118  4811   41.00000   30   26   48.00000   37.00000  22.9%  41.3  100s
 22639  5375   37.00000   27   35   48.00000   37.00000  22.9%  41.8  105s
 25919  6650   46.00000   30   19   48.00000   37.00000  22.9%  42.1  111s
 32264  7808   43.00000   36   30   48.00000   37.00000  22.9%  42.9  119s
 36882  7818   37.19047   36   32   48.00000   37.00000  22.9%  43.1  124s
 36908  8730   46.00000   37   18   48.00000   37.00000  22.9%  43.2  128s
 40982  8745   43.00000   38   31   48.00000   37.00000  22.9%  43.5  131s
 43555  9530   46.00000   40   15   48.00000   37.00000  22.9%  43.2  138s
 43580  9839 infeasible   41        48.00000   37.00000  22.9%  43.2  140s
 46118  9967   37.00000   37   38   48.00000   37.00000  22.9%  43.6  148s
 46136  9979   37.00000   38   38   48.00000   37.00000  22.9%  43.6  151s
 46404 10128   37.00000   44   38   48.00000   37.00000  22.9%  43.6  158s
 46799 10243   44.00000   52   29   48.00000   37.00000  22.9%  43.7  163s
 47023 10413   37.00000   39   44   48.00000   37.00000  22.9%  43.7  166s
 47544 10587   37.00000   40   32   48.00000   37.00000  22.9%  43.9  170s
H48390  9823                      48.0000000   37.00000  22.9%  44.2  172s
 49063  9837   42.00000   41   28   48.00000   37.00000  22.9%  44.4  176s
 51098  9663 infeasible   52        48.00000   37.00000  22.9%  44.8  181s
 52929  9567   42.00000   44   25   48.00000   37.00000  22.9%  45.0  186s
 55764  9463   41.00000   49   42   48.00000   37.00000  22.9%  45.3  191s
 56662  9492 infeasible   45        48.00000   37.00000  22.9%  45.5  195s
 58548  9240   45.00000   57   28   48.00000   37.00000  22.9%  45.7  201s
 60190  9010   46.00000   51   20   48.00000   37.00000  22.9%  45.9  205s
 62248  8908   43.00000   45   36   48.00000   37.00000  22.9%  46.0  210s
 62632  8862   46.00000   46   29   48.00000   37.00000  22.9%  46.0  215s
 62996  8757   37.00000   43   43   48.00000   37.00000  22.9%  46.0  220s
 66123  8544   37.00000   49   49   48.00000   37.00000  22.9%  46.5  227s
 66463  9275   45.00000   50   30   48.00000   37.00000  22.9%  46.5  237s
 70708  8393   37.00000   50   38   48.00000   37.00000  22.9%  47.0  242s
 73005  9417 infeasible   51        48.00000   37.00000  22.9%  47.4  262s
 80366  9078   46.00000   52   20   48.00000   37.00000  22.9%  48.5  267s
 80388  9700 infeasible   53        48.00000   37.00000  22.9%  48.5  271s
 83605 10142 infeasible   52        48.00000   37.00000  22.9%  48.9  277s
 85671 10333   43.00000   50   39   48.00000   37.00000  22.9%  49.1  281s
 86292 10737   43.00000   51   37   48.00000   37.00000  22.9%  49.2  285s
 88966 11163 infeasible   57        48.00000   37.00000  22.9%  49.6  290s
 90211 11617   37.00761   51   59   48.00000   37.00000  22.9%  49.7  297s
 92003 11979 infeasible   53        48.00000   37.00000  22.9%  49.8  302s
 93787 13014   47.00000   54   18   48.00000   37.00000  22.9%  50.0  310s
 99763 13684   42.00000   50   33   48.00000   37.00000  22.9%  50.3  316s
 102590 14157   42.00000   51   31   48.00000   37.00000  22.9%  50.5  321s
 104719 14272 infeasible   52        48.00000   37.00000  22.9%  50.7  325s
 105467 14498   37.00000   47   53   48.00000   37.00000  22.9%  50.7  331s
 106344 14802 infeasible   59        48.00000   37.00000  22.9%  50.8  335s
 107793 15589 infeasible   49        48.00000   37.00000  22.9%  51.0  352s
 112448 15853   37.00000   49   45   48.00000   37.00000  22.9%  51.3  356s
 113492 16833   37.00000   50   41   48.00000   37.00000  22.9%  51.4  371s
 117980 17086 infeasible   53        48.00000   37.00000  22.9%  51.8  380s
 119114 19609     cutoff   60        48.00000   37.00000  22.9%  51.8  455s
 137132 19652 infeasible   56        48.00000   37.00000  22.9%  52.6  462s
 137257 20079   39.00000   57   33   48.00000   37.00000  22.9%  52.6  465s
 139144 20634 infeasible   49        48.00000   37.00000  22.9%  52.7  476s
 141364 20896 infeasible   57        48.00000   37.00000  22.9%  52.9  484s
 142822 24133   37.00000   49   36   48.00000   37.00000  22.9%  52.9  564s
 160094 24269 infeasible   51        48.00000   37.00000  22.9%  54.2  571s
 160876 24490   45.00000   56   26   48.00000   37.00000  22.9%  54.2  577s
 162459 24631   37.00000   44   30   48.00000   37.00000  22.9%  54.3  583s
 163154 25466     cutoff   52        48.00000   37.00000  22.9%  54.3  607s
 168270 25479   37.00000   51   31   48.00000   37.00000  22.9%  54.6  615s
 168292 25772 infeasible   52        48.00000   37.00000  22.9%  54.6  623s
 170339 25890   45.00000   54   32   48.00000   37.00000  22.9%  54.7  628s
 170885 26440 infeasible   56        48.00000   37.00000  22.9%  54.7  643s
 174126 26576   37.00000   47   54   48.00000   37.00000  22.9%  54.9  650s
 175076 27202   37.00000   48   42   48.00000   37.00000  22.9%  55.0  664s
 178046 27289 infeasible   61        48.00000   37.00000  22.9%  55.1  669s
 178980 27718 infeasible   51        48.00000   37.00000  22.9%  55.1  676s
 182342 27739     cutoff   55        48.00000   37.00000  22.9%  55.2  683s
 182385 28397   47.00000   49   20   48.00000   37.00000  22.9%  55.3  695s
 184797 28985   47.00000   51   22   48.00000   37.00000  22.9%  55.2  705s
 188485 29221 infeasible   57        48.00000   37.00000  22.9%  55.3  715s
 190637 30312   41.00000   46   35   48.00000   37.00000  22.9%  55.5  740s
 195583 30775   37.00000   47   44   48.00000   37.00000  22.9%  55.6  751s
 197829 31495   47.00000   54   16   48.00000   37.00000  22.9%  55.7  772s
 201340 31500 infeasible   52        48.00000   37.00000  22.9%  55.7  782s
 201407 31933 infeasible   52        48.00000   37.00000  22.9%  55.7  800s
 205651 32098 infeasible   54        48.00000   37.00000  22.9%  55.8  808s
 206381 32556     cutoff   61        48.00000   37.00000  22.9%  55.8  825s
 209997 32988 infeasible   51        48.00000   37.00000  22.9%  55.9  832s
 212172 34948     cutoff   49        48.00000   37.00000  22.9%  56.0  885s
 221993 35026   47.00000   45   17   48.00000   37.00000  22.9%  56.2  891s
 222352 35099     cutoff   46        48.00000   37.00000  22.9%  56.2  907s
 222691 35368   37.00000   42   45   48.00000   37.00000  22.9%  56.2  913s
 223724 35631   37.00000   43   52   48.00000   37.00000  22.9%  56.2  922s
 225681 35779     cutoff   56        48.00000   37.00000  22.9%  56.2  927s
 226800 36129 infeasible   56        48.00000   37.00000  22.9%  56.3  939s
 228393 36129   47.00000   52   30   48.00000   37.00000  22.9%  56.3  940s
 228969 36882 infeasible   47        48.00000   37.00000  22.9%  56.3  965s
 232880 37385   46.00000   47   30   48.00000   37.00000  22.9%  56.3  974s
 235156 37516   47.00000   51   33   48.00000   37.00000  22.9%  56.4  991s
 236250 38366   37.26695   42   45   48.00000   37.00000  22.9%  56.4 1017s
 242022 40013   47.00000   51   34   48.00000   37.00000  22.9%  56.4 1060s
 249948 40052   47.00000   52   20   48.00000   37.00000  22.9%  56.4 1070s
 250099 40982 infeasible   53        48.00000   37.00000  22.9%  56.4 1096s
 254567 41321   47.00000   60   24   48.00000   37.00000  22.9%  56.5 1105s
 256348 42945   41.00000   45   49   48.00000   37.00000  22.9%  56.5 1147s
 264790 42955   47.00000   44   20   48.00000   37.00000  22.9%  56.6 1156s
 264815 43838 infeasible   45        48.00000   37.00000  22.9%  56.6 1182s
 268979 43865   39.00000   48   25   48.00000   37.00000  22.9%  56.6 1190s
 269344 44598   46.00000   49   23   48.00000   37.00000  22.9%  56.6 1216s
 273658 44624   47.00000   49   32   48.00000   37.00000  22.9%  56.7 1223s
 273728 45080 infeasible   50        48.00000   37.00000  22.9%  56.7 1245s
 276754 45097     cutoff   58        48.00000   37.00000  22.9%  56.8 1259s
 276791 47378     cutoff   55        48.00000   37.00000  22.9%  56.8 1373s
 289804 47378   37.00000   51   39   48.00000   37.00000  22.9%  56.9 1375s
 294809 47415   46.00000   53   22   48.00000   37.00000  22.9%  57.0 1385s
 294904 47962   46.00000   55   18   48.00000   37.00000  22.9%  57.0 1403s
 297164 48294   47.00000   65   22   48.00000   37.00000  22.9%  57.0 1413s
 298616 48952   43.00000   45   33   48.00000   37.00000  22.9%  57.0 1434s
 301368 48952 infeasible   56        48.00000   37.00000  22.9%  57.0 1435s
 301910 49284   37.00000   50   31   48.00000   37.00000  22.9%  57.0 1456s
 303376 49822   46.00000   51   16   48.00000   37.00000  22.9%  57.0 1470s
 306194 50930 infeasible   50        48.00000   37.00000  22.9%  57.1 1492s
 311761 50938     cutoff   57        48.00000   37.00000  22.9%  57.2 1505s
 311788 51836 infeasible   57        48.00000   37.00000  22.9%  57.2 1522s
 314628 52085   47.00000   50   24   48.00000   37.00000  22.9%  57.2 1529s
 315709 53021 infeasible   53        48.00000   37.00000  22.9%  57.2 1553s
 320152 53149   47.00000   54   23   48.00000   37.00000  22.9%  57.3 1562s
 320732 54269   47.00000   54   23   48.00000   37.00000  22.9%  57.3 1600s
 326362 54285 infeasible   49        48.00000   37.00000  22.9%  57.3 1614s
 326494 54645     cutoff   50        48.00000   37.00000  22.9%  57.3 1631s
 328333 54815     cutoff   57        48.00000   37.00000  22.9%  57.4 1646s
 329433 55297 infeasible   54        48.00000   37.00000  22.9%  57.4 1664s
 331973 55424   47.00000   54   19   48.00000   37.00000  22.9%  57.4 1673s
 332545 55808 infeasible   55        48.00000   37.00000  22.9%  57.4 1694s
 335471 55976   39.00000   48   28   48.00000   37.00000  22.9%  57.5 1703s
 336749 56168   41.00000   49   29   48.00000   37.00000  22.9%  57.5 1726s
 338540 56419   46.00000   52   15   48.00000   37.00000  22.9%  57.5 1740s
 340147 56815 infeasible   48        48.00000   37.00000  22.9%  57.6 1753s
 343019 57466   37.27915   44   69   48.00000   37.00000  22.9%  57.6 1772s
 346566 57512   46.00000   53   20   48.00000   37.00000  22.9%  57.6 1796s
 346766 58083 infeasible   55        48.00000   37.00000  22.9%  57.6 1824s
 350776 58486   37.00000   45   39   48.00000   37.00000  22.9%  57.6 1846s
 352758 58920 infeasible   55        48.00000   37.00000  22.9%  57.7 1872s
 356477 59014   46.00000   50   21   48.00000   37.00000  22.9%  57.7 1889s
 356979 60047   46.00000   51   20   48.00000   37.00000  22.9%  57.7 1932s
 362585 60381   41.00000   47   38   48.00000   37.00000  22.9%  57.8 1946s
 363842 60914 infeasible   47        48.00000   37.00000  22.9%  57.8 1969s
 366969 61169   42.00000   44   31   48.00000   37.00000  22.9%  57.8 1981s
 368401 64335 infeasible   50        48.00000   37.00000  22.9%  57.8 2091s
 385336 64346   37.00770   48   64   48.00000   37.00000  22.9%  58.0 2105s
 385361 64548   41.00000   49   39   48.00000   37.00000  22.9%  58.0 2119s
 387367 64572 infeasible   49        48.00000   37.00000  22.9%  58.1 2125s
 387453 64800   42.00000   46   40   48.00000   37.00000  22.9%  58.1 2138s
 389138 64988   45.00000   49   33   48.00000   37.00000  22.9%  58.1 2149s
 390179 67584   45.00000   50   32   48.00000   37.00000  22.9%  58.1 2276s
 407507 67592   43.00000   51   36   48.00000   37.00000  22.9%  58.1 2290s
 407539 67881   46.00000   52   13   48.00000   37.00000  22.9%  58.1 2307s
 409146 68060 infeasible   52        48.00000   37.00000  22.9%  58.1 2320s
 410169 68221   42.00000   52   36   48.00000   37.00000  22.9%  58.2 2331s
 411381 68665   45.00000   52   26   48.00000   37.00000  22.9%  58.2 2354s
 413938 68723   45.00000   53   26   48.00000   37.00000  22.9%  58.3 2374s
 414218 69677   46.00000   56   15   48.00000   37.00000  22.9%  58.3 2409s
 419627 69711 infeasible   53        48.00000   37.00000  22.9%  58.4 2419s
 419945 70065   46.00000   53   15   48.00000   37.00000  22.9%  58.4 2441s
 422499 70131 infeasible   59        48.00000   37.00000  22.9%  58.4 2446s
 422923 70606   37.00000   52   57   48.00000   37.00000  22.9%  58.4 2460s
 425386 70628   43.00000   44   24   48.00000   37.00000  22.9%  58.4 2476s
 425428 71280     cutoff   51        48.00000   37.00000  22.9%  58.4 2494s
 428006 71617   43.00000   46   15   48.00000   37.00000  22.9%  58.4 2506s
 429003 72370 infeasible   61        48.00000   37.00000  22.9%  58.4 2530s
 432453 72876 infeasible   51        48.00000   37.00000  22.9%  58.3 2545s
 434573 73987   43.00000   50   34   48.00000   37.00000  22.9%  58.3 2581s
 439326 74099     cutoff   50        48.00000   37.00000  22.9%  58.3 2593s
 439832 74150   41.00000   51   40   48.00000   37.00000  22.9%  58.3 2616s
 440053 74333   46.00000   47   38   48.00000   37.00000  22.9%  58.3 2636s
 441256 74961   41.00000   51   24   48.00000   37.00000  22.9%  58.3 2660s
 443980 75667   43.00000   54   32   48.00000   37.00000  22.9%  58.2 2687s
 446526 76679   47.00000   59   12   48.00000   37.00000  22.9%  58.2 2722s
 451110 76822   46.00000   58   26   48.00000   37.00000  22.9%  58.2 2735s
 452028 77592   46.00000   59   23   48.00000   37.00000  22.9%  58.2 2767s
 456464 77951   43.00000   47   34   48.00000   37.00000  22.9%  58.2 2780s
 457894 79496   43.00000   48   31   48.00000   37.00000  22.9%  58.2 2877s
 464833 79887   41.00000   54   22   48.00000   37.00000  22.9%  58.2 2901s
 467323 80749 infeasible   55        48.00000   37.00000  22.9%  58.2 2940s
 472398 81070   46.00000   50   23   48.00000   37.00000  22.9%  58.2 2957s
 473904 82339 infeasible   51        48.00000   37.00000  22.9%  58.2 3000s
 479783 83159   43.00000   55   33   48.00000   37.00000  22.9%  58.2 3033s
 483369 83957 infeasible   52        48.00000   37.00000  22.9%  58.2 3062s
 486807 84449   37.15928   52   42   48.00000   37.00000  22.9%  58.2 3084s
 489288 84896 infeasible   54        48.00000   37.00000  22.9%  58.2 3104s
 491890 85146   45.00000   60   21   48.00000   37.00000  22.9%  58.2 3126s
 494077 85903   41.00000   49   26   48.00000   37.00000  22.9%  58.2 3148s
 497183 86304   41.00000   47   28   48.00000   37.00000  22.9%  58.2 3173s
 499738 86325   47.00000   55   30   48.00000   37.00000  22.9%  58.2 3196s
 499799 86804 infeasible   56        48.00000   37.00000  22.9%  58.2 3223s
 503260 87305   39.00000   53   41   48.00000   37.00000  22.9%  58.2 3235s
 505543 88129   46.00000   52   18   48.00000   37.00000  22.9%  58.3 3280s
 511310 88438   44.00000   49   24   48.00000   37.00000  22.9%  58.2 3302s
 512983 89110   43.00000   52   27   48.00000   37.00000  22.9%  58.2 3330s
 516346 89240   46.00000   50   30   48.00000   37.00000  22.9%  58.3 3339s
 517153 89430   46.00000   51   27   48.00000   37.00000  22.9%  58.3 3364s
 519111 89463   37.00991   52   54   48.00000   37.00000  22.9%  58.3 3380s
 519184 89969 infeasible   57        48.00000   37.00000  22.9%  58.3 3414s
 523515 90434 infeasible   49        48.00000   37.00000  22.9%  58.3 3439s
 525910 91166 infeasible   49        48.00000   37.00000  22.9%  58.3 3475s
 529523 91469 infeasible   55        48.00000   37.00000  22.9%  58.3 3493s
 530428 91923   46.00000   45   28   48.00000   37.00000  22.9%  58.3 3519s
 533711 92475     cutoff   56        48.00000   37.00000  22.9%  58.3 3548s
 536306 92962   43.00000   51   30   48.00000   37.00000  22.9%  58.3 3580s
*537009 77964              58      47.0000000   37.00000  21.3%  58.3 3580s
 540038 77969   46.00000   48   20   47.00000   37.00000  21.3%  58.3 3593s
H540372 77969                      47.0000000   37.00000  21.3%  58.3 3593s
 540712 78126   37.01575   47   65   47.00000   37.00000  21.3%  58.3 3600s

Cutting planes:
  Learned: 386
  Gomory: 52
  Cover: 70
  Implied bound: 16
  MIR: 434
  StrongCG: 5
  Flow cover: 1312
  RLT: 155
  Relax-and-lift: 14

Explored 541546 nodes (31579847 simplex iterations) in 3600.20 seconds (703.31 work units)
Thread count was 18 (of 36 available processors)

Solution count 10: 47 47 48 ... 52

Time limit reached
Best objective 4.699999999520e+01, best bound 3.700000000000e+01, gap 21.2766%

Gurobi 11.0.0 (win64) logging started Tue Jun 18 14:53:14 2024

Set parameter LogFile to value "./Results/StripPacking-ManyRuns/Logs/SBM-111-StripPacking-15-2.log"
Set parameter TimeLimit to value 3600
Set parameter Cuts to value 1
Set parameter Presolve to value 1
Set parameter Heuristics to value 1
Set parameter LPWarmStart to value 2
Gurobi Optimizer version 11.0.0 build v11.0.0rc2 (win64 - Windows 10.0 (19045.2))

CPU model: Intel(R) Core(TM) i9-10980XE CPU @ 3.00GHz, instruction set [SSE2|AVX|AVX2|AVX512]
Thread count: 18 physical cores, 36 logical processors, using up to 18 threads

Optimize a model with 1905 rows, 346 columns and 5700 nonzeros
Model fingerprint: 0xb85ecde7
Variable types: 136 continuous, 210 integer (210 binary)
Coefficient statistics:
  Matrix range     [1e+00, 1e+04]
  Objective range  [1e+00, 1e+00]
  Bounds range     [1e+00, 1e+04]
  RHS range        [1e+00, 1e+04]

Warning: Completing partial solution with 210 unfixed non-continuous variables out of 210
User MIP start produced solution with objective 78.1 (0.00s)
Loaded user MIP start with objective 78.1

Presolve removed 525 rows and 0 columns
Presolve time: 0.01s
Presolved: 1380 rows, 346 columns, 4335 nonzeros
Variable types: 136 continuous, 210 integer (210 binary)

Root relaxation: objective 4.500000e+01, 115 iterations, 0.00 seconds (0.00 work units)

    Nodes    |    Current Node    |     Objective Bounds      |     Work
 Expl Unexpl |  Obj  Depth IntInf | Incumbent    BestBd   Gap | It/Node Time

     0     0   45.00000    0    9   78.10000   45.00000  42.4%     -    0s
H    0     0                      73.0000000   45.00000  38.4%     -    0s
H    0     0                      70.0000000   45.00000  35.7%     -    0s
     0     0   45.00000    0   15   70.00000   45.00000  35.7%     -    0s
H    0     0                      67.0000000   45.00000  32.8%     -    0s
H    0     0                      66.0000000   45.00000  31.8%     -    0s
H    0     0                      65.0000000   45.00000  30.8%     -    0s
     0     0   45.00000    0   15   65.00000   45.00000  30.8%     -    0s
H    0     0                      59.0000000   45.00000  23.7%     -    0s
     0     0   45.00000    0    7   59.00000   45.00000  23.7%     -    0s
H    0     0                      58.0000000   45.00000  22.4%     -    0s
     0     0   45.00000    0    7   58.00000   45.00000  22.4%     -    0s
     0     0   45.00000    0    6   58.00000   45.00000  22.4%     -    0s
     0     0   45.00000    0   10   58.00000   45.00000  22.4%     -    0s
     0     0   45.00000    0   10   58.00000   45.00000  22.4%     -    0s
     0     0   45.00000    0   10   58.00000   45.00000  22.4%     -    0s
     0     0   45.00000    0   10   58.00000   45.00000  22.4%     -    0s
     0     0   45.00000    0    6   58.00000   45.00000  22.4%     -    0s
     0     0   45.00000    0    6   58.00000   45.00000  22.4%     -    0s
     0     0   45.00000    0    7   58.00000   45.00000  22.4%     -    0s
     0     0   45.00000    0    8   58.00000   45.00000  22.4%     -    0s
     0     0   45.00000    0   11   58.00000   45.00000  22.4%     -    0s
     0     0   45.00000    0    8   58.00000   45.00000  22.4%     -    0s
     0     2   45.00000    0    8   58.00000   45.00000  22.4%     -    0s
H   86   104                      56.0000000   45.00000  19.6%   9.7    2s
H   89   104                      56.0000000   45.00000  19.6%   9.6    2s
H  139   205                      55.0000000   45.00000  18.2%   9.4    3s
   526   497   49.00000   30   14   55.00000   45.00000  18.2%  11.6    6s
H  532   497                      52.0000000   45.00000  13.5%  11.6    6s
  1057  1352   45.00000   12   16   52.00000   45.00000  13.5%  12.4   12s
  2312  1328   49.00000   21   15   52.00000   45.00000  13.5%  12.1   17s
H 2333  1328                      52.0000000   45.00000  13.5%  12.2   17s
  2338  1768   49.00000   22   15   52.00000   45.00000  13.5%  12.2   20s
H 2469  1588                      51.0000000   45.00000  11.8%  12.1   20s
  3256  1717   45.00000   22   19   51.00000   45.00000  11.8%  11.3   28s
H 3582  1717                      51.0000000   45.00000  11.8%  11.7   28s
  3970  1885   45.00000   25   11   51.00000   45.00000  11.8%  12.4   31s
  4088  1951   45.00000   28   12   51.00000   45.00000  11.8%  12.6   39s
H 4100  1860                      50.0000000   45.00000  10.0%  12.6   39s
  4443  1983   45.00000   40   17   50.00000   45.00000  10.0%  13.6   41s
H 4463  1894                      50.0000000   45.00000  10.0%  13.7   41s
  4561  1970   47.00000   45   20   50.00000   45.00000  10.0%  14.1   47s
  4930  1904   48.00000   48   15   50.00000   45.00000  10.0%  15.0   52s
  6421  1691   45.00000   31   11   50.00000   45.00000  10.0%  17.0   62s
  6444  2180   45.00000   32   13   50.00000   45.00000  10.0%  17.0   65s
* 6539  2023              54      49.0000000   45.00000  8.16%  17.1   65s
  7578  1436     cutoff   37        49.00000   45.00000  8.16%  18.1   70s
H 7868  1393                      49.0000000   45.00000  8.16%  18.4   73s
  8337  1361   46.00000   34   13   49.00000   45.00000  8.16%  18.8   79s
  8366  1481   48.00000   35   21   49.00000   45.00000  8.16%  18.9   83s
  8921  1680   48.00000   37   13   49.00000   45.00000  8.16%  19.5   87s
  9573  1780 infeasible   36        49.00000   45.00000  8.16%  20.4   92s
 10046  1825 infeasible   40        49.00000   45.00000  8.16%  20.8   98s
 12288  2520   47.00000   33   35   49.00000   45.00000  8.16%  22.5  104s
 13205  2542   47.00000   34   33   49.00000   45.00000  8.16%  22.9  111s
 13271  2550   48.00000   35   27   49.00000   45.00000  8.16%  23.0  121s
 13311  3038 infeasible   36        49.00000   45.00000  8.16%  23.0  126s
 15617  3048   46.00000   46   12   49.00000   45.00000  8.16%  24.4  134s
 15643  3225 infeasible   47        49.00000   45.00000  8.16%  24.4  138s
 16798  3328     cutoff   39        49.00000   45.00000  8.16%  24.7  143s
 17282  3574 infeasible   40        49.00000   45.00000  8.16%  24.9  146s
 19450  3786   48.00000   42   20   49.00000   45.00000  8.16%  25.5  152s
 20715  3849   45.00000   36    5   49.00000   45.00000  8.16%  25.8  159s
 21003  3869   45.00000   37    5   49.00000   45.00000  8.16%  25.9  166s
 21081  3902   45.00000   37    8   49.00000   45.00000  8.16%  25.9  177s
 21195  3912 infeasible   38        49.00000   45.00000  8.16%  25.9  189s
 21385  4217     cutoff   37        49.00000   45.00000  8.16%  25.9  193s
 23109  4440   45.00000   33   16   49.00000   45.00000  8.16%  26.1  201s
 25930  5036   45.00000   47   16   49.00000   45.00000  8.16%  26.9  208s
 29406  5046   45.00000   24   12   49.00000   45.00000  8.16%  28.0  213s
 29452  5281   45.00000   25   12   49.00000   45.00000  8.16%  28.0  218s
 31150  5360   45.00000   42    9   49.00000   45.00000  8.16%  28.2  223s
 31855  5664     cutoff   46        49.00000   45.00000  8.16%  28.4  227s
 35322  5676   47.00000   37    7   49.00000   45.00000  8.16%  28.5  239s
 35350  6179   45.00000   37   21   49.00000   45.00000  8.16%  28.5  248s
 39620  6209   45.00000   52   29   49.00000   45.00000  8.16%  28.9  253s
 39743  6380 infeasible   50        49.00000   45.00000  8.16%  28.9  258s
 42391  6384   45.00000   41    7   49.00000   45.00000  8.16%  29.1  264s
 42427  6721   45.00000   42    7   49.00000   45.00000  8.16%  29.1  268s
 44826  6776   45.00000   33   19   49.00000   45.00000  8.16%  29.0  270s
 44880  6812   45.00000   35   17   49.00000   45.00000  8.16%  29.0  275s
 45406  7059   45.00000   49   23   49.00000   45.00000  8.16%  29.0  284s
 45677  7033   45.00000   41   16   49.00000   45.00000  8.16%  29.0  289s
 45889  7023 infeasible   51        49.00000   45.00000  8.16%  29.1  299s
 46124  7194 infeasible   52        49.00000   45.00000  8.16%  29.1  304s
 47579  6724   45.00000   52   11   49.00000   45.00000  8.16%  29.5  312s
 47674  7201   45.00000   52   13   49.00000   45.00000  8.16%  29.5  317s
 50025  6441 infeasible   57        49.00000   45.00000  8.16%  30.0  325s
 51040  6238   45.00000   48   14   49.00000   45.00000  8.16%  30.2  336s
 51152  6193 infeasible   56        49.00000   45.00000  8.16%  30.2  345s
 53522  5678     cutoff   54        49.00000   45.00000  8.16%  30.6  357s
 53556  6007   46.00000   53   25   49.00000   45.00000  8.16%  30.6  361s
 54856  5592     cutoff   61        49.00000   45.00000  8.16%  30.6  368s
 54977  5708   45.00000   36   25   49.00000   45.00000  8.16%  30.6  373s
 56577  5220   45.00000   50   22   49.00000   45.00000  8.16%  30.6  377s
 56750  5362 infeasible   51        49.00000   45.00000  8.16%  30.7  383s
 58585  4816   45.00000   56   22   49.00000   45.00000  8.16%  31.1  393s
 58863  4742 infeasible   57        49.00000   45.00000  8.16%  31.2  398s
 59139  4995   47.00000   46   15   49.00000   45.00000  8.16%  31.2  401s
 61971  4066   47.00000   48   17   49.00000   45.00000  8.16%  31.4  407s
 64138  3559   45.00000   50   25   49.00000   45.00000  8.16%  31.8  414s
 64175  3914 infeasible   51        49.00000   45.00000  8.16%  31.9  417s
 66031  3642   48.00000   66   15   49.00000   45.00000  8.16%  32.0  423s
 66075  3895 infeasible   67        49.00000   45.00000  8.16%  32.0  426s
 68855  4029   46.00000   46   19   49.00000   45.00000  8.16%  32.4  430s
 70067  4977   46.00000   47   19   49.00000   45.00000  8.16%  32.7  463s
 82329  4986   45.00000   51   23   49.00000   45.00000  8.16%  35.1  470s
 84335  5232   45.00000   55   34   49.00000   45.00000  8.16%  35.4  477s
 84456  5354 infeasible   55        49.00000   45.00000  8.16%  35.4  482s
 86439  5618 infeasible   61        49.00000   45.00000  8.16%  35.5  487s
 87961  5665   45.00000   48   23   49.00000   45.00000  8.16%  35.5  490s
 91846  6293   45.00000   49   10   49.00000   45.00000  8.16%  35.8  500s
 100111  6596   45.00000   54   18   49.00000   45.00000  8.16%  36.0  509s
 100172  6919 infeasible   53        49.00000   45.00000  8.16%  36.0  514s
 103504  7081 infeasible   59        49.00000   45.00000  8.16%  36.1  517s
 104895  7068 infeasible   47        49.00000   45.00000  8.16%  36.0  521s
 106559  7418     cutoff   51        49.00000   45.00000  8.16%  36.0  527s
 108828  7499 infeasible   51        49.00000   45.00000  8.16%  35.9  530s
 113124  7813   45.00000   56   24   49.00000   45.00000  8.16%  35.9  538s
 115659  7838   46.00000   46   42   49.00000   45.00000  8.16%  36.0  544s
 115731  8721 infeasible   52        49.00000   45.00000  8.16%  36.0  608s
 133749  8877 infeasible   59        49.00000   45.00000  8.16%  35.6  614s
 134828  8948 infeasible   67        49.00000   45.00000  8.16%  35.6  621s
 135291  9299   45.00000   52   21   49.00000   45.00000  8.16%  35.6  629s
 137771  9578   46.00000   55   12   49.00000   45.00000  8.16%  35.7  635s
 140612  9967   45.00000   54   17   49.00000   45.00000  8.16%  35.8  651s
 146487 10044 infeasible   59        49.00000   45.00000  8.16%  36.1  656s
 146778 10064 infeasible   64        49.00000   45.00000  8.16%  36.1  662s
 146890 10277 infeasible   67        49.00000   45.00000  8.16%  36.1  666s
 148037 10467   45.00000   62   20   49.00000   45.00000  8.16%  36.1  671s
 150263 10576   46.00000   62   21   49.00000   45.00000  8.16%  36.1  676s
 152416 10919 infeasible   58        49.00000   45.00000  8.16%  36.2  690s
 157609 10932   45.00000   48   25   49.00000   45.00000  8.16%  36.4  695s
 157972 11124   45.00000   49   22   49.00000   45.00000  8.16%  36.4  709s
 159529 11124   45.00000   57   27   49.00000   45.00000  8.16%  36.4  710s
 162716 11305 infeasible   53        49.00000   45.00000  8.16%  36.6  715s
 165082 11602     cutoff   54        49.00000   45.00000  8.16%  36.7  730s
 170340 11624   45.00000   60   23   49.00000   45.00000  8.16%  36.7  737s
 170837 11993   45.00000   52   27   49.00000   45.00000  8.16%  36.7  757s
 177124 11993   48.00000   55   15   49.00000   45.00000  8.16%  36.8  763s
 177421 12524   48.00000   56   14   49.00000   45.00000  8.16%  36.9  772s
 181486 12532   45.00000   47   25   49.00000   45.00000  8.16%  36.9  778s
 181514 12768   45.00000   48   24   49.00000   45.00000  8.16%  36.9  785s
 185283 12878 infeasible   58        49.00000   45.00000  8.16%  37.0  791s
 186919 13263   45.00000   61   26   49.00000   45.00000  8.16%  37.1  819s
 196083 13302   45.00000   58   20   49.00000   45.00000  8.16%  37.3  824s
 196646 13429   45.00000   59   17   49.00000   45.00000  8.16%  37.4  828s
 198619 13516   45.00000   62   18   49.00000   45.00000  8.16%  37.4  831s
 199967 13526   45.00000   63   27   49.00000   45.00000  8.16%  37.4  837s
 200031 13627 infeasible   64        49.00000   45.00000  8.16%  37.4  842s
 201837 13773 infeasible   62        49.00000   45.00000  8.16%  37.5  851s
 205187 13860 infeasible   59        49.00000   45.00000  8.16%  37.6  855s
 206945 14021   45.00000   49   10   49.00000   45.00000  8.16%  37.6  863s
 211020 14011 infeasible   61        49.00000   45.00000  8.16%  37.7  867s
 211983 14012   45.00000   57   24   49.00000   45.00000  8.16%  37.8  871s
 212034 13966 infeasible   58        49.00000   45.00000  8.16%  37.8  875s
 214348 14320   45.00000   52   12   49.00000   45.00000  8.16%  37.8  884s
 218225 14399 infeasible   58        49.00000   45.00000  8.16%  37.7  889s
 219281 14658     cutoff   55        49.00000   45.00000  8.16%  37.8  900s
 224213 14689   45.00000   41   14   49.00000   45.00000  8.16%  37.9  905s
 225319 14696   48.00000   52   12   49.00000   45.00000  8.16%  37.9  911s
 225584 14774 infeasible   60        49.00000   45.00000  8.16%  37.9  917s
 230025 14860     cutoff   72        49.00000   45.00000  8.16%  37.9  922s
 231457 15666 infeasible   52        49.00000   45.00000  8.16%  37.9  988s
 245871 15677   45.00000   45   45   49.00000   45.00000  8.16%  38.3  994s
 245896 15780   45.00000   46   45   49.00000   45.00000  8.16%  38.3 1001s
 247564 15782 infeasible   68        49.00000   45.00000  8.16%  38.4 1008s
 247598 15917   45.00000   52   16   49.00000   45.00000  8.16%  38.4 1015s
 250488 15911 infeasible   57        49.00000   45.00000  8.16%  38.5 1020s
 250534 15993 infeasible   50        49.00000   45.00000  8.16%  38.5 1026s
 251898 16228   45.00000   57   33   49.00000   45.00000  8.16%  38.6 1033s
 255197 16429   47.00000   61   24   49.00000   45.00000  8.16%  38.7 1047s
 259237 16435   45.00000   59    9   49.00000   45.00000  8.16%  38.8 1053s
 259269 16568 infeasible   60        49.00000   45.00000  8.16%  38.8 1064s
 263479 16587 infeasible   60        49.00000   45.00000  8.16%  38.9 1070s
 263544 16639   47.00000   59   10   49.00000   45.00000  8.16%  38.9 1079s
 265939 16655   47.00000   60    8   49.00000   45.00000  8.16%  39.0 1085s
 266033 16853   47.00000   61    7   49.00000   45.00000  8.16%  39.0 1095s
 270029 16863 infeasible   65        49.00000   45.00000  8.16%  39.1 1101s
 271929 16969   45.00000   58   21   49.00000   45.00000  8.16%  39.1 1109s
 272243 16950   48.00000   59   22   49.00000   45.00000  8.16%  39.1 1115s
 272585 16939     cutoff   59        49.00000   45.00000  8.16%  39.1 1124s
 276315 16968 infeasible   58        49.00000   45.00000  8.16%  39.1 1129s
 276827 17314   48.00000   55   13   49.00000   45.00000  8.16%  39.1 1151s
 283053 17329   45.00000   61   38   49.00000   45.00000  8.16%  39.2 1156s
 283074 17484   45.00000   62   36   49.00000   45.00000  8.16%  39.2 1163s
 285612 17486   48.00000   58   18   49.00000   45.00000  8.16%  39.3 1167s
 288033 17520   48.00000   51   12   49.00000   45.00000  8.16%  39.3 1173s
 288057 17568 infeasible   52        49.00000   45.00000  8.16%  39.3 1179s
 288232 17663 infeasible   55        49.00000   45.00000  8.16%  39.3 1183s
 289696 17693     cutoff   63        49.00000   45.00000  8.16%  39.3 1187s
 290040 17726   48.00000   60   23   49.00000   45.00000  8.16%  39.3 1191s
 292734 17832 infeasible   72        49.00000   45.00000  8.16%  39.3 1198s
 294933 17927   45.00000   53   31   49.00000   45.00000  8.16%  39.3 1203s
 296105 18075 infeasible   63        49.00000   45.00000  8.16%  39.3 1214s
 299955 18115   45.00000   53   30   49.00000   45.00000  8.16%  39.4 1220s
 300111 18438 infeasible   57        49.00000   45.00000  8.16%  39.4 1307s
 318129 18485 infeasible   57        49.00000   45.00000  8.16%  39.3 1313s
 318468 18502   45.00000   57   21   49.00000   45.00000  8.16%  39.3 1319s
 318497 18559 infeasible   58        49.00000   45.00000  8.16%  39.3 1322s
 319003 18781 infeasible   58        49.00000   45.00000  8.16%  39.3 1330s
 321752 19092 infeasible   57        49.00000   45.00000  8.16%  39.3 1358s
 327122 19118   45.00000   54   39   49.00000   45.00000  8.16%  39.3 1364s
 327456 19148   45.00000   55   31   49.00000   45.00000  8.16%  39.3 1370s
 328046 19303   45.00000   54   33   49.00000   45.00000  8.16%  39.3 1379s
 330405 19444   46.00000   66   23   49.00000   45.00000  8.16%  39.3 1390s
 335433 19755   45.00000   50   26   49.00000   45.00000  8.16%  39.3 1405s
 338495 19867     cutoff   51        49.00000   45.00000  8.16%  39.3 1410s
 340329 19900   45.00000   52   21   49.00000   45.00000  8.16%  39.3 1419s
 340808 20054 infeasible   53        49.00000   45.00000  8.16%  39.3 1428s
 343522 20322   45.00000   49    9   49.00000   45.00000  8.16%  39.4 1453s
*348276 17508              74      48.0000000   45.00000  6.25%  39.4 1453s
 349948 17380     cutoff   69        48.00000   45.00000  6.25%  39.4 1460s
 349988 17558 infeasible   59        48.00000   45.00000  6.25%  39.4 1466s
 351908 17565   45.00000   62   15   48.00000   45.00000  6.25%  39.4 1471s
 352015 17484 infeasible   63        48.00000   45.00000  6.25%  39.4 1478s
 354671 17521   45.00000   57   24   48.00000   45.00000  6.25%  39.4 1483s
 354982 17395 infeasible   58        48.00000   45.00000  6.25%  39.4 1489s
 357668 17405 infeasible   61        48.00000   45.00000  6.25%  39.4 1494s
 357738 17426   45.00000   61   27   48.00000   45.00000  6.25%  39.4 1501s
H358636 17426                      48.0000000   45.00000  6.25%  39.4 1502s
 360681 17433   45.00000   47   25   48.00000   45.00000  6.25%  39.4 1507s
 360823 17441 infeasible   48        48.00000   45.00000  6.25%  39.4 1511s
 363145 17455 infeasible   53        48.00000   45.00000  6.25%  39.4 1519s
 364776 17481 infeasible   49        48.00000   45.00000  6.25%  39.4 1523s
 366599 17650 infeasible   46        48.00000   45.00000  6.25%  39.4 1543s
 372153 17660   47.00000   60   12   48.00000   45.00000  6.25%  39.5 1547s
 372178 17637 infeasible   61        48.00000   45.00000  6.25%  39.5 1550s
 372251 17649 infeasible   61        48.00000   45.00000  6.25%  39.5 1558s
 372553 17661   45.00000   62   26   48.00000   45.00000  6.25%  39.5 1563s
 372617 17694   45.00000   60   32   48.00000   45.00000  6.25%  39.5 1566s
 373398 17635   45.00000   62    9   48.00000   45.00000  6.25%  39.5 1572s
 375745 17583 infeasible   59        48.00000   45.00000  6.25%  39.5 1576s
 376842 17717   46.00000   55   11   48.00000   45.00000  6.25%  39.5 1580s
 378553 17738   45.00000   67   10   48.00000   45.00000  6.25%  39.5 1585s
 381118 17770 infeasible   53        48.00000   45.00000  6.25%  39.5 1590s
 383980 17797 infeasible   54        48.00000   45.00000  6.25%  39.5 1595s
 384867 17792 infeasible   58        48.00000   45.00000  6.25%  39.5 1613s
 390229 17836 infeasible   56        48.00000   45.00000  6.25%  39.5 1619s
 391190 18013 infeasible   54        48.00000   45.00000  6.25%  39.5 1644s
 397257 18013 infeasible   59        48.00000   45.00000  6.25%  39.6 1650s
 398969 18109 infeasible   61        48.00000   45.00000  6.25%  39.7 1658s
 399055 18103   45.00000   49    7   48.00000   45.00000  6.25%  39.7 1661s
 399554 18211   45.00000   48   19   48.00000   45.00000  6.25%  39.7 1665s
 402832 18236 infeasible   60        48.00000   45.00000  6.25%  39.7 1673s
 404468 18320   45.00000   49   14   48.00000   45.00000  6.25%  39.7 1678s
 406035 18321 infeasible   49        48.00000   45.00000  6.25%  39.7 1682s
 408029 18324   45.00000   49   12   48.00000   45.00000  6.25%  39.7 1686s
 410270 18564   45.00000   40   17   48.00000   45.00000  6.25%  39.7 1691s
 412450 18594   45.00000   55   14   48.00000   45.00000  6.25%  39.7 1699s
 412965 18603 infeasible   56        48.00000   45.00000  6.25%  39.7 1707s
 416013 18663   45.11565   60    8   48.00000   45.00000  6.25%  39.7 1713s
 419070 18859   45.00000   49   26   48.00000   45.00000  6.25%  39.7 1722s
 422332 18966   45.00000   44   26   48.00000   45.00000  6.25%  39.7 1728s
 424708 18944 infeasible   57        48.00000   45.00000  6.25%  39.7 1735s
 427703 19106   45.00000   64   27   48.00000   45.00000  6.25%  39.8 1745s
 429596 19145   45.00000   72   18   48.00000   45.00000  6.25%  39.7 1750s
 431646 19323   45.00000   52   31   48.00000   45.00000  6.25%  39.8 1764s
 436028 19397 infeasible   55        48.00000   45.00000  6.25%  39.9 1776s
 440319 19403 infeasible   58        48.00000   45.00000  6.25%  40.0 1783s
 440351 19416     cutoff   57        48.00000   45.00000  6.25%  40.0 1786s
 441454 19525 infeasible   56        48.00000   45.00000  6.25%  40.0 1791s
 443233 19536 infeasible   54        48.00000   45.00000  6.25%  39.9 1802s
 446931 19646   45.00000   58   22   48.00000   45.00000  6.25%  39.9 1811s
 449572 19668 infeasible   67        48.00000   45.00000  6.25%  40.0 1816s
 449806 19728 infeasible   57        48.00000   45.00000  6.25%  40.0 1822s
 452285 19735 infeasible   63        48.00000   45.00000  6.25%  40.0 1829s
 455120 19915   46.00000   59   15   48.00000   45.00000  6.25%  40.0 1839s
 458513 19913   45.00000   48    7   48.00000   45.00000  6.25%  40.0 1845s
 460725 19936   45.00000   61   18   48.00000   45.00000  6.25%  40.0 1856s
 461034 20106   45.00000   55   23   48.00000   45.00000  6.25%  40.0 1875s
 468230 20263 infeasible   66        48.00000   45.00000  6.25%  39.9 1890s
 473899 20372   45.00000   51   21   48.00000   45.00000  6.25%  40.0 1902s
 476784 20362 infeasible   58        48.00000   45.00000  6.25%  40.0 1907s
 478194 20388   45.00000   59   20   48.00000   45.00000  6.25%  40.0 1918s
 482121 20449   45.00000   55   26   48.00000   45.00000  6.25%  40.0 1924s
 482534 20568   45.00000   56   27   48.00000   45.00000  6.25%  40.0 1948s
 489970 20578   45.00000   59   12   48.00000   45.00000  6.25%  40.0 1952s
 490042 20574   45.00000   60   11   48.00000   45.00000  6.25%  40.0 1956s
 490159 20625 infeasible   61        48.00000   45.00000  6.25%  40.0 1960s
 491356 20608   45.00000   56   29   48.00000   45.00000  6.25%  40.0 1966s
 492978 20601   45.00000   63   20   48.00000   45.00000  6.25%  40.0 1974s
 494750 20620 infeasible   53        48.00000   45.00000  6.25%  40.0 1979s
 495426 20655 infeasible   54        48.00000   45.00000  6.25%  40.0 1985s
 498452 20649     cutoff   60        48.00000   45.00000  6.25%  40.0 1993s
 498766 20636 infeasible   64        48.00000   45.00000  6.25%  40.0 2004s
 502595 20646 infeasible   57        48.00000   45.00000  6.25%  40.0 2009s
 502970 20717 infeasible   61        48.00000   45.00000  6.25%  40.0 2021s
 506560 20729   45.00000   47   20   48.00000   45.00000  6.25%  40.0 2028s
 506592 20905 infeasible   48        48.00000   45.00000  6.25%  40.0 2032s
 509455 21017 infeasible   48        48.00000   45.00000  6.25%  39.9 2038s
 511723 20962   46.00000   57   28   48.00000   45.00000  6.25%  40.0 2058s
 518355 20967 infeasible   57        48.00000   45.00000  6.25%  39.9 2065s
 518392 21109 infeasible   58        48.00000   45.00000  6.25%  39.9 2079s
 522973 21117 infeasible   58        48.00000   45.00000  6.25%  40.0 2083s
 523057 21099   45.00000   56   26   48.00000   45.00000  6.25%  40.0 2087s
 523326 21084   45.00000   54   36   48.00000   45.00000  6.25%  40.0 2092s
 525122 21098     cutoff   55        48.00000   45.00000  6.25%  40.0 2096s
 525884 21137   45.00000   51   17   48.00000   45.00000  6.25%  40.0 2100s
 529848 21323   45.00000   44   34   48.00000   45.00000  6.25%  40.0 2109s
 532325 21359 infeasible   57        48.00000   45.00000  6.25%  40.0 2118s
 536027 21410   45.00000   56   24   48.00000   45.00000  6.25%  40.0 2124s
 536509 21593   45.00000   57   24   48.00000   45.00000  6.25%  40.0 2129s
 539310 21780   45.00000   50   33   48.00000   45.00000  6.25%  40.0 2140s
 542948 21790 infeasible   62        48.00000   45.00000  6.25%  40.0 2145s
 545684 22019 infeasible   63        48.00000   45.00000  6.25%  40.0 2157s
 550253 22039   45.00000   57   22   48.00000   45.00000  6.25%  40.0 2163s
 550339 22059 infeasible   60        48.00000   45.00000  6.25%  40.0 2171s
 554130 22162 infeasible   42        48.00000   45.00000  6.25%  40.1 2176s
 556105 22289     cutoff   53        48.00000   45.00000  6.25%  40.1 2187s
 560512 22279 infeasible   58        48.00000   45.00000  6.25%  40.1 2190s
 561610 22284   45.00000   50   15   48.00000   45.00000  6.25%  40.1 2196s
 561651 22337   45.00000   51   13   48.00000   45.00000  6.25%  40.1 2200s
 563894 22411   45.00000   63   26   48.00000   45.00000  6.25%  40.1 2207s
 567609 22470   45.00000   57   22   48.00000   45.00000  6.25%  40.1 2213s
 568615 22664   45.00000   58   20   48.00000   45.00000  6.25%  40.1 2220s
 573030 22693   45.00000   54   29   48.00000   45.00000  6.25%  40.0 2225s
 573627 22754   45.00000   55   28   48.00000   45.00000  6.25%  40.0 2231s
 574586 22846 infeasible   47        48.00000   45.00000  6.25%  40.0 2236s
 577361 22919 infeasible   59        48.00000   45.00000  6.25%  40.1 2242s
 579767 23022 infeasible   60        48.00000   45.00000  6.25%  40.1 2254s
 583804 23116   47.00000   57   13   48.00000   45.00000  6.25%  40.1 2258s
 585756 23204 infeasible   62        48.00000   45.00000  6.25%  40.1 2262s
 587766 23377 infeasible   50        48.00000   45.00000  6.25%  40.1 2268s
 591310 23358 infeasible   61        48.00000   45.00000  6.25%  40.2 2272s
 592364 23379 infeasible   59        48.00000   45.00000  6.25%  40.2 2277s
 592605 23417   45.00000   54   27   48.00000   45.00000  6.25%  40.2 2283s
 595285 23529 infeasible   59        48.00000   45.00000  6.25%  40.2 2287s
 597817 23718   46.00000   52   22   48.00000   45.00000  6.25%  40.2 2293s
 600951 23725 infeasible   59        48.00000   45.00000  6.25%  40.2 2298s
 601165 23732 infeasible   54        48.00000   45.00000  6.25%  40.2 2307s
 604264 23900 infeasible   59        48.00000   45.00000  6.25%  40.2 2316s
 607768 24130 infeasible   60        48.00000   45.00000  6.25%  40.2 2335s
 613594 24114 infeasible   50        48.00000   45.00000  6.25%  40.3 2344s
 613654 24213   47.00000   51   15   48.00000   45.00000  6.25%  40.3 2347s
 614678 24226   45.00000   57   24   48.00000   45.00000  6.25%  40.3 2351s
 615913 24212   45.00000   45   20   48.00000   45.00000  6.25%  40.3 2356s
 618879 24218 infeasible   49        48.00000   45.00000  6.25%  40.3 2361s
 619874 24340   45.00000   46   20   48.00000   45.00000  6.25%  40.3 2366s
 622035 24327 infeasible   49        48.00000   45.00000  6.25%  40.3 2374s
 625530 24337   45.00000   42   32   48.00000   45.00000  6.25%  40.3 2381s
 625558 24377   45.00000   43   22   48.00000   45.00000  6.25%  40.3 2399s
 631231 24394 infeasible   49        48.00000   45.00000  6.25%  40.3 2405s
 631538 24775 infeasible   50        48.00000   45.00000  6.25%  40.3 2433s
 639659 24801   45.00000   67   27   48.00000   45.00000  6.25%  40.3 2438s
 639726 24815   45.00000   68   22   48.00000   45.00000  6.25%  40.3 2441s
 639961 24828   45.00000   52   28   48.00000   45.00000  6.25%  40.3 2445s
 640678 24881 infeasible   58        48.00000   45.00000  6.25%  40.3 2450s
 643033 24934   45.00000   58   16   48.00000   45.00000  6.25%  40.3 2458s
 644790 24959   46.00000   51   12   48.00000   45.00000  6.25%  40.3 2464s
 644879 25031 infeasible   52        48.00000   45.00000  6.25%  40.3 2468s
 645344 25064 infeasible   54        48.00000   45.00000  6.25%  40.3 2472s
 646263 25076   45.00000   45   20   48.00000   45.00000  6.25%  40.3 2476s
 647864 25100   45.00000   49   23   48.00000   45.00000  6.25%  40.3 2480s
 649633 25226   45.00000   55   40   48.00000   45.00000  6.25%  40.3 2491s
 653103 25320   45.00000   54   28   48.00000   45.00000  6.25%  40.4 2498s
 654617 25278 infeasible   54        48.00000   45.00000  6.25%  40.4 2508s
 659232 25288 infeasible   56        48.00000   45.00000  6.25%  40.4 2514s
 659260 25511 infeasible   50        48.00000   45.00000  6.25%  40.4 2521s
 662433 25532 infeasible   56        48.00000   45.00000  6.25%  40.4 2525s
 664611 25669   45.00000   52   31   48.00000   45.00000  6.25%  40.5 2535s
 664672 25665 infeasible   55        48.00000   45.00000  6.25%  40.5 2540s
 667709 25873 infeasible   52        48.00000   45.00000  6.25%  40.5 2549s
 670012 25947 infeasible   60        48.00000   45.00000  6.25%  40.5 2554s
 672953 25951 infeasible   51        48.00000   45.00000  6.25%  40.5 2560s
 675514 26177 infeasible   61        48.00000   45.00000  6.25%  40.5 2574s
 678810 26425   45.00000   54   31   48.00000   45.00000  6.25%  40.5 2586s
 683648 26460 infeasible   67        48.00000   45.00000  6.25%  40.5 2590s
 684391 26617   45.00000   53   32   48.00000   45.00000  6.25%  40.6 2595s
 686589 26745   45.00000   63   13   48.00000   45.00000  6.25%  40.5 2601s
 689355 26745   45.00000   59   14   48.00000   45.00000  6.25%  40.6 2606s
 689437 26741 infeasible   61        48.00000   45.00000  6.25%  40.6 2610s
 691825 26855   45.00000   50   14   48.00000   45.00000  6.25%  40.6 2616s
 694195 27026   46.00000   54   11   48.00000   45.00000  6.25%  40.6 2621s
 697726 27077 infeasible   56        48.00000   45.00000  6.25%  40.6 2626s
 698898 27119   45.00000   57   19   48.00000   45.00000  6.25%  40.6 2632s
 699322 27150   45.00000   59   27   48.00000   45.00000  6.25%  40.6 2637s
 701341 27292     cutoff   58        48.00000   45.00000  6.25%  40.6 2649s
 705249 27364   45.00000   42   25   48.00000   45.00000  6.25%  40.6 2655s
 708115 27896   45.00000   57   26   48.00000   45.00000  6.25%  40.7 2669s
 712457 28035   45.00000   58   13   48.00000   45.00000  6.25%  40.6 2674s
 715088 28121     cutoff   64        48.00000   45.00000  6.25%  40.7 2681s
 718976 28229 infeasible   53        48.00000   45.00000  6.25%  40.7 2686s
 721264 28298   46.00000   59   11   48.00000   45.00000  6.25%  40.7 2690s
 722894 28295   45.00000   48   10   48.00000   45.00000  6.25%  40.7 2695s
 723179 28271 infeasible   52        48.00000   45.00000  6.25%  40.7 2701s
 727066 28302   45.00757   68   33   48.00000   45.00000  6.25%  40.7 2705s
 728448 28481 infeasible   59        48.00000   45.00000  6.25%  40.8 2712s
 731737 28538   45.00000   58   23   48.00000   45.00000  6.25%  40.8 2718s
 733991 28550   45.00000   60   23   48.00000   45.00000  6.25%  40.8 2727s
 734079 28528 infeasible   61        48.00000   45.00000  6.25%  40.8 2731s
 737033 28655 infeasible   53        48.00000   45.00000  6.25%  40.8 2736s
 739555 28772     cutoff   60        48.00000   45.00000  6.25%  40.8 2744s
 742812 28894 infeasible   64        48.00000   45.00000  6.25%  40.8 2751s
 746103 29029   46.00000   64   25   48.00000   45.00000  6.25%  40.8 2757s
 749492 29237   45.00000   57   30   48.00000   45.00000  6.25%  40.9 2774s
 754427 29242 infeasible   57        48.00000   45.00000  6.25%  40.9 2779s
 754603 29266   45.00000   50   12   48.00000   45.00000  6.25%  40.9 2784s
 754782 29286   45.00000   52   11   48.00000   45.00000  6.25%  40.9 2787s
 755603 29297 infeasible   52        48.00000   45.00000  6.25%  40.9 2791s
 757138 29411   45.00000   61   16   48.00000   45.00000  6.25%  40.9 2797s
 759625 29442 infeasible   60        48.00000   45.00000  6.25%  40.9 2801s
 762176 29516   45.00000   58   10   48.00000   45.00000  6.25%  40.9 2810s
 768052 29847 infeasible   52        48.00000   45.00000  6.25%  40.9 2825s
 773441 29908   45.00000   51   10   48.00000   45.00000  6.25%  40.9 2835s
 773550 30055   45.00000   53   10   48.00000   45.00000  6.25%  40.9 2840s
 776085 30140 infeasible   66        48.00000   45.00000  6.25%  40.9 2845s
 777568 30388 infeasible   67        48.00000   45.00000  6.25%  40.9 2859s
 782155 30403 infeasible   57        48.00000   45.00000  6.25%  40.9 2865s
 785122 30431   46.00000   53   31   48.00000   45.00000  6.25%  40.9 2874s
 786020 30751   45.00000   52   26   48.00000   45.00000  6.25%  40.9 2891s
 791070 30771   45.00000   53   26   48.00000   45.00000  6.25%  40.9 2897s
 792030 31095 infeasible   54        48.00000   45.00000  6.25%  40.9 2989s
 804042 31095 infeasible   57        48.00000   45.00000  6.25%  40.9 2991s
 810048 31097 infeasible   64        48.00000   45.00000  6.25%  41.0 3000s
 811535 31348   45.00000   57   19   48.00000   45.00000  6.25%  41.0 3008s
 811769 31400 infeasible   70        48.00000   45.00000  6.25%  41.0 3013s
 812905 31477 infeasible   63        48.00000   45.00000  6.25%  41.0 3022s
 815670 31581 infeasible   61        48.00000   45.00000  6.25%  41.0 3048s
 821538 31626   47.00000   58   13   48.00000   45.00000  6.25%  41.0 3054s
 823174 31654     cutoff   62        48.00000   45.00000  6.25%  41.0 3060s
 823308 31837 infeasible   61        48.00000   45.00000  6.25%  41.0 3069s
 825918 31884   45.00000   61   19   48.00000   45.00000  6.25%  41.0 3076s
 828324 31980   45.00000   62   19   48.00000   45.00000  6.25%  41.0 3081s
 829608 31967 infeasible   63        48.00000   45.00000  6.25%  41.0 3087s
 832908 32026   45.00000   50   12   48.00000   45.00000  6.25%  41.0 3092s
 834844 32061   46.00000   54   19   48.00000   45.00000  6.25%  41.0 3105s
 839178 32123   45.00000   54   21   48.00000   45.00000  6.25%  41.0 3110s
 839986 32278   45.00000   56   27   48.00000   45.00000  6.25%  41.0 3131s
 845650 32299   47.00000   53   19   48.00000   45.00000  6.25%  41.0 3136s
 845737 32349   47.00000   54   16   48.00000   45.00000  6.25%  41.0 3143s
 846689 32351   46.00000   59    7   48.00000   45.00000  6.25%  41.0 3148s
 847029 32378 infeasible   60        48.00000   45.00000  6.25%  41.0 3152s
 849769 32394   45.00000   61   21   48.00000   45.00000  6.25%  41.0 3156s
 850329 32422   45.00000   62   24   48.00000   45.00000  6.25%  41.0 3165s
 853358 32463   45.00000   59    9   48.00000   45.00000  6.25%  41.0 3170s
 854068 32554 infeasible   60        48.00000   45.00000  6.25%  41.0 3177s
 856658 32565   45.00000   58    6   48.00000   45.00000  6.25%  41.0 3185s
 860254 32587 infeasible   69        48.00000   45.00000  6.25%  41.0 3193s
 860462 32669 infeasible   72        48.00000   45.00000  6.25%  41.0 3197s
 862398 32835   45.00000   64   35   48.00000   45.00000  6.25%  41.0 3227s
 868920 32867 infeasible   69        48.00000   45.00000  6.25%  41.0 3233s
 869830 32921   45.00000   51    8   48.00000   45.00000  6.25%  41.0 3249s
 873589 32935   45.00000   59   21   48.00000   45.00000  6.25%  41.0 3254s
 874030 32937   45.00000   60   20   48.00000   45.00000  6.25%  41.0 3260s
 876220 33190   45.00000   63   24   48.00000   45.00000  6.25%  41.0 3272s
 879252 33306   45.00000   69   16   48.00000   45.00000  6.25%  41.0 3281s
 882646 33371   45.00000   61   20   48.00000   45.00000  6.25%  41.0 3287s
 884640 33325 infeasible   68        48.00000   45.00000  6.25%  41.0 3294s
 887841 33420 infeasible   57        48.00000   45.00000  6.25%  41.0 3300s
 890779 33454   45.00000   55   20   48.00000   45.00000  6.25%  41.0 3306s
 893013 33472 infeasible   55        48.00000   45.00000  6.25%  41.0 3313s
 896256 33613 infeasible   66        48.00000   45.00000  6.25%  41.0 3319s
 898552 33650   45.00000   66   16   48.00000   45.00000  6.25%  41.0 3325s
 898795 33580   45.00000   72   21   48.00000   45.00000  6.25%  41.0 3331s
 902291 33703 infeasible   55        48.00000   45.00000  6.25%  41.0 3346s
 906520 33712   45.00000   55   24   48.00000   45.00000  6.25%  41.0 3352s
 907290 33748   45.00000   68    8   48.00000   45.00000  6.25%  41.0 3357s
 907756 33901   45.00000   56   15   48.00000   45.00000  6.25%  41.0 3368s
 911731 33923   45.00000   54   22   48.00000   45.00000  6.25%  41.0 3373s
 912696 33921 infeasible   55        48.00000   45.00000  6.25%  41.0 3394s
 918254 33931   45.00000   62   16   48.00000   45.00000  6.25%  41.0 3406s
 918288 34020 infeasible   63        48.00000   45.00000  6.25%  41.0 3426s
 923651 34035   45.00000   62   24   48.00000   45.00000  6.25%  41.1 3434s
 923823 34033 infeasible   63        48.00000   45.00000  6.25%  41.1 3442s
 927041 34029 infeasible   66        48.00000   45.00000  6.25%  41.1 3449s
 927099 34084   45.00000   49    8   48.00000   45.00000  6.25%  41.1 3455s
 929026 34145 infeasible   63        48.00000   45.00000  6.25%  41.0 3464s
 932485 34260   47.00000   65    9   48.00000   45.00000  6.25%  41.1 3473s
 934995 34244   45.00000   56   22   48.00000   45.00000  6.25%  41.0 3478s
 935158 34174   45.00000   57   20   48.00000   45.00000  6.25%  41.0 3483s
 937162 34210   45.00000   58    6   48.00000   45.00000  6.25%  41.0 3492s
 940369 34156 infeasible   60        48.00000   45.00000  6.25%  41.0 3498s
 942855 34167 infeasible   63        48.00000   45.00000  6.25%  41.0 3503s
 943251 34243   45.00000   49   18   48.00000   45.00000  6.25%  41.0 3519s
 947924 34339   45.00000   59   13   48.00000   45.00000  6.25%  41.0 3525s
 949732 34189 infeasible   58        48.00000   45.00000  6.25%  41.0 3533s
 954375 34203   45.00000   52   19   48.00000   45.00000  6.25%  41.0 3542s
 954413 34388 infeasible   53        48.00000   45.00000  6.25%  41.0 3561s
 959932 34434 infeasible   54        48.00000   45.00000  6.25%  41.0 3567s
 961318 34546   45.00000   66   21   48.00000   45.00000  6.25%  41.0 3600s

Cutting planes:
  Learned: 877
  Gomory: 20
  Cover: 3
  MIR: 181
  StrongCG: 3
  Flow cover: 612
  RLT: 31
  Relax-and-lift: 11

Explored 968205 nodes (39760332 simplex iterations) in 3600.92 seconds (963.15 work units)
Thread count was 18 (of 36 available processors)

Solution count 10: 48 48 49 ... 52

Time limit reached
Best objective 4.799999999510e+01, best bound 4.500000000000e+01, gap 6.2500%
