
Gurobi 11.0.0 (win64) logging started Tue May 21 17:16:17 2024

Set parameter LogFile to value "./Results/StripPacking-ManyRuns/Logs/SU-111-StripPacking-15-2.log"
Set parameter TimeLimit to value 3600
Set parameter Cuts to value 1
Set parameter Presolve to value 1
Set parameter Heuristics to value 1
Set parameter LPWarmStart to value 2
Gurobi Optimizer version 11.0.0 build v11.0.0rc2 (win64 - Windows 10.0 (19045.2))

CPU model: Intel(R) Core(TM) i9-10980XE CPU @ 3.00GHz, instruction set [SSE2|AVX|AVX2|AVX512]
Thread count: 18 physical cores, 36 logical processors, using up to 18 threads

Optimize a model with 1380 rows, 451 columns and 3390 nonzeros
Model fingerprint: 0x46535729
Variable types: 31 continuous, 420 integer (420 binary)
Coefficient statistics:
  Matrix range     [1e+00, 1e+04]
  Objective range  [1e+00, 1e+00]
  Bounds range     [1e+00, 1e+04]
  RHS range        [1e+00, 1e+04]

Warning: Completing partial solution with 420 unfixed non-continuous variables out of 420
User MIP start produced solution with objective 72 (0.02s)
User MIP start produced solution with objective 72 (0.02s)
Loaded user MIP start with objective 72

Presolve removed 210 rows and 0 columns
Presolve time: 0.02s
Presolved: 1170 rows, 451 columns, 3554 nonzeros
Variable types: 31 continuous, 420 integer (420 binary)

Root relaxation: objective 3.700000e+01, 268 iterations, 0.02 seconds (0.00 work units)

    Nodes    |    Current Node    |     Objective Bounds      |     Work
 Expl Unexpl |  Obj  Depth IntInf | Incumbent    BestBd   Gap | It/Node Time

     0     0   37.00000    0   19   72.00000   37.00000  48.6%     -    0s
H    0     0                      70.0000000   37.00000  47.1%     -    0s
H    0     0                      65.0000000   37.00000  43.1%     -    0s
H    0     0                      63.0000000   37.00000  41.3%     -    0s
H    0     0                      61.0000000   37.00000  39.3%     -    0s
     0     0   37.00000    0   63   61.00000   37.00000  39.3%     -    0s
     0     0   37.00000    0   54   61.00000   37.00000  39.3%     -    0s
H    0     0                      58.0000000   37.00000  36.2%     -    0s
     0     0   37.00000    0   24   58.00000   37.00000  36.2%     -    0s
     0     0   37.00000    0   26   58.00000   37.00000  36.2%     -    0s
     0     0   37.00000    0   33   58.00000   37.00000  36.2%     -    0s
     0     0   37.00000    0   39   58.00000   37.00000  36.2%     -    0s
H    0     0                      57.0000000   37.00000  35.1%     -    0s
     0     0   37.00000    0   20   57.00000   37.00000  35.1%     -    0s
     0     0   37.00000    0   20   57.00000   37.00000  35.1%     -    0s
H    0     0                      55.0000000   37.00000  32.7%     -    0s
     0     0   37.00000    0   28   55.00000   37.00000  32.7%     -    0s
     0     0   37.00000    0   28   55.00000   37.00000  32.7%     -    0s
     0     2   37.00000    0   26   55.00000   37.00000  32.7%     -    0s
H   85   103                      52.0000000   37.00000  28.8%  21.1    0s
H  139   121                      50.0000000   37.00000  26.0%  16.5    0s
  1429  1032   49.00000   29   51   50.00000   37.00000  26.0%  17.3    5s
H 2310  1413                      49.0000000   37.00000  24.5%  18.0    7s
H 2833  1708                      49.0000000   37.00000  24.5%  17.9    8s
  4755  2029   37.00000    9   28   49.00000   37.00000  24.5%  16.8   10s
  5546  2172   37.00000   19   22   49.00000   37.00000  24.5%  22.9   15s
H 5723  2206                      48.0000000   37.00000  22.9%  23.7   16s
  6823  2166 infeasible   33        48.00000   37.00000  22.9%  28.8   20s
  9871  1824   37.00000   22   67   48.00000   37.00000  22.9%  36.4   26s
 12760  2262 infeasible   30        48.00000   37.00000  22.9%  39.5   32s
 14464  2757   37.00000   25   76   48.00000   37.00000  22.9%  41.1   37s
 15807  3218   38.00000   28   73   48.00000   37.00000  22.9%  41.9   40s
 19271  3398 infeasible   42        48.00000   37.00000  22.9%  44.3   46s
 19407  3401   41.00000   25   36   48.00000   37.00000  22.9%  44.4   50s
*20991  2838              37      47.0000000   37.00000  21.3%  45.1   54s
 21501  2788     cutoff   33        47.00000   37.00000  21.3%  45.1   57s
 23003  2861   45.00000   27   46   47.00000   37.00000  21.3%  46.1   61s
 23851  3200 infeasible   26        47.00000   37.00000  21.3%  46.8   77s
H24539  3200                      47.0000000   37.00000  21.3%  47.1   77s
 28768  3203   38.00000   23   45   47.00000   37.00000  21.3%  49.7   82s
 28803  3264 infeasible   24        47.00000   37.00000  21.3%  49.7   85s
 29632  3286   46.00000   32   50   47.00000   37.00000  21.3%  49.9   90s
 30605  3288 infeasible   23        47.00000   37.00000  21.3%  50.1   96s
 31771  3368   46.00000   35   34   47.00000   37.00000  21.3%  50.3  104s
 32272  3138 infeasible   22        47.00000   37.00000  21.3%  50.4  107s
 34084  3140 infeasible   26        47.00000   37.00000  21.3%  50.2  111s
 36348  2767 infeasible   33        47.00000   37.00000  21.3%  49.7  120s
 39262  2642   43.00000   33   34   47.00000   41.00000  12.8%  48.8  131s
 39285  2420   43.00000   33   22   47.00000   41.00000  12.8%  48.8  135s
 42168  2421   46.00000   26   50   47.00000   42.00000  10.6%  48.0  140s
 45701  2095   45.00000   21   39   47.00000   45.00000  4.26%  47.2  148s
 45723  2113   45.00000   22   33   47.00000   45.00000  4.26%  47.2  152s
 46062  2095 infeasible   25        47.00000   45.00000  4.26%  47.2  157s
 46517  2124   45.00000   26   44   47.00000   45.00000  4.26%  47.1  162s
 48957  2174   46.00000   34   60   47.00000   45.00000  4.26%  46.3  166s
 49672  1462   46.00000   35   62   47.00000   45.00000  4.26%  46.4  173s
 53988  1443   46.00000   32   40   47.00000   45.00000  4.26%  45.6  178s
 54630  1210 infeasible   36        47.00000   45.00000  4.26%  45.6  189s
 54917  1210 infeasible   33        47.00000   45.00000  4.26%  45.6  190s
 59058  1199 infeasible   28        47.00000   46.00000  2.13%  45.1  198s
 59105   543 infeasible   27        47.00000   46.00000  2.13%  45.1  203s
 62883   537   46.00000   32   23   47.00000   46.00000  2.13%  44.7  209s
 63181   443     cutoff   33        47.00000   46.00000  2.13%  44.6  217s
 66909   448   46.00000   37   36   47.00000   46.00000  2.13%  44.5  222s
 66939   307 infeasible   38        47.00000   46.00000  2.13%  44.5  229s
 69085   321   46.00000   27   45   47.00000   46.00000  2.13%  44.1  234s
 69107    87   46.00000   28   29   47.00000   46.00000  2.13%  44.1  238s
 70961    93     cutoff   27        47.00000   46.00000  2.13%  43.9  242s
 71055     0   46.00000   26   40   47.00000   46.00000  2.13%  43.9  248s

Cutting planes:
  Learned: 4484
  Gomory: 9
  Cover: 78
  Implied bound: 7
  Clique: 3
  MIR: 124
  Flow cover: 224
  RLT: 66
  Relax-and-lift: 58
  PSD: 1

Explored 71904 nodes (3149028 simplex iterations) in 248.82 seconds (211.19 work units)
Thread count was 18 (of 36 available processors)

Solution count 10: 47 47 47 ... 57

Optimal solution found (tolerance 1.00e-04)
Best objective 4.700000000000e+01, best bound 4.700000000000e+01, gap 0.0000%

Gurobi 11.0.0 (win64) logging started Tue Jun 18 09:36:42 2024

Set parameter LogFile to value "./Results/StripPacking-ManyRuns/Logs/SU-111-StripPacking-15-2.log"
Set parameter TimeLimit to value 3600
Set parameter Cuts to value 1
Set parameter Presolve to value 1
Set parameter Heuristics to value 1
Set parameter LPWarmStart to value 2
Gurobi Optimizer version 11.0.0 build v11.0.0rc2 (win64 - Windows 10.0 (19045.2))

CPU model: Intel(R) Core(TM) i9-10980XE CPU @ 3.00GHz, instruction set [SSE2|AVX|AVX2|AVX512]
Thread count: 18 physical cores, 36 logical processors, using up to 18 threads

Optimize a model with 1380 rows, 451 columns and 3390 nonzeros
Model fingerprint: 0x9a09ce97
Variable types: 31 continuous, 420 integer (420 binary)
Coefficient statistics:
  Matrix range     [1e+00, 1e+04]
  Objective range  [1e+00, 1e+00]
  Bounds range     [1e+00, 1e+04]
  RHS range        [1e+00, 1e+04]

Warning: Completing partial solution with 420 unfixed non-continuous variables out of 420
User MIP start produced solution with objective 78.1 (0.00s)
Loaded user MIP start with objective 78.1

Presolve removed 210 rows and 0 columns
Presolve time: 0.02s
Presolved: 1170 rows, 451 columns, 3554 nonzeros
Variable types: 31 continuous, 420 integer (420 binary)

Root relaxation: objective 4.500000e+01, 258 iterations, 0.00 seconds (0.00 work units)

    Nodes    |    Current Node    |     Objective Bounds      |     Work
 Expl Unexpl |  Obj  Depth IntInf | Incumbent    BestBd   Gap | It/Node Time

     0     0   45.00000    0   10   78.10000   45.00000  42.4%     -    0s
H    0     0                      73.0000000   45.00000  38.4%     -    0s
H    0     0                      70.0000000   45.00000  35.7%     -    0s
     0     0   45.00000    0   36   70.00000   45.00000  35.7%     -    0s
H    0     0                      64.0000000   45.00000  29.7%     -    0s
H    0     0                      61.0000000   45.00000  26.2%     -    0s
     0     0   45.00000    0   34   61.00000   45.00000  26.2%     -    0s
     0     0   45.00000    0    7   61.00000   45.00000  26.2%     -    0s
     0     0   45.00000    0   10   61.00000   45.00000  26.2%     -    0s
H    0     0                      60.0000000   45.00000  25.0%     -    0s
     0     0   45.00000    0   11   60.00000   45.00000  25.0%     -    0s
     0     0   45.00000    0   10   60.00000   45.00000  25.0%     -    0s
     0     0   45.00000    0   10   60.00000   45.00000  25.0%     -    0s
     0     0   45.00000    0   12   60.00000   45.00000  25.0%     -    0s
     0     0   45.00000    0   12   60.00000   45.00000  25.0%     -    0s
     0     0   45.00000    0   13   60.00000   45.00000  25.0%     -    0s
     0     0   45.00000    0   12   60.00000   45.00000  25.0%     -    0s
H    0     0                      59.0000000   45.00000  23.7%     -    0s
     0     2   45.00000    0   10   59.00000   45.00000  23.7%     -    0s
H   19    31                      57.0000000   45.00000  21.1%  23.4    0s
H   32    49                      56.0000000   45.00000  19.6%  18.3    0s
H   79    77                      55.0000000   45.00000  18.2%  11.9    0s
H   85    91                      54.0000000   45.00000  16.7%  11.5    0s
H  149   154                      52.0000000   45.00000  13.5%  11.2    0s
H  377   319                      50.0000000   45.00000  10.0%  11.2    1s
H  426   686                      50.0000000   45.00000  10.0%  10.7    1s
H 1293   850                      49.0000000   45.00000  8.16%   9.5    2s
H 4874  1752                      49.0000000   45.00000  8.16%  11.0    4s
  4972  2240   45.00000   22   18   49.00000   45.00000  8.16%  11.2    5s
H 8966  2525                      48.0000000   45.00000  6.25%   4.0    8s
 10630  2445   47.00000   38   27   48.00000   45.00000  6.25%  10.1   10s
 14800  1650   46.00000   27   35   48.00000   45.00000  6.25%  21.3   15s
 18648  2086 infeasible   24        48.00000   45.00000  6.25%  27.1   20s
 20880  2782   45.00000   43   15   48.00000   45.00000  6.25%  28.8   28s
 24275  2814   47.00000   29   38   48.00000   45.00000  6.25%  31.9   31s
 24451  2821 infeasible   30        48.00000   45.00000  6.25%  32.0   48s
 25704  3994   47.00000   28   24   48.00000   45.00000  6.25%  32.7   56s
 33552  3976   47.00000   69   12   48.00000   45.00000  6.25%  32.2   60s
 36671  4088   45.00000   43   15   48.00000   45.00000  6.25%  33.5   67s
 39255  4161   45.00000   25   31   48.00000   45.00000  6.25%  34.9   71s
 41027  4291 infeasible   36        48.00000   45.00000  6.25%  35.9   78s
 44825  4299 infeasible   34        48.00000   45.00000  6.25%  37.6   81s
 44899  4413 infeasible   34        48.00000   45.00000  6.25%  37.7   87s
 48559  4603 infeasible   43        48.00000   45.00000  6.25%  39.0   91s
 51335  4986   45.00000   34   19   48.00000   45.00000  6.25%  39.9   99s
 56439  5013   45.00000   30   18   48.00000   45.00000  6.25%  41.6  103s
 56748  5338   45.00000   31   25   48.00000   45.00000  6.25%  41.7  109s
 60322  5387   45.00000   26   10   48.00000   45.00000  6.25%  42.4  113s
 60929  5433   45.00000   27   11   48.00000   45.00000  6.25%  42.5  119s
 63045  5499   45.00000   43   10   48.00000   45.00000  6.25%  42.7  124s
 64183  5878 infeasible   29        48.00000   45.00000  6.25%  42.9  135s
 68917  5975 infeasible   38        48.00000   45.00000  6.25%  43.7  140s
 70568  6249 infeasible   38        48.00000   45.00000  6.25%  44.0  148s
 74432  6302 infeasible   39        48.00000   45.00000  6.25%  44.7  153s
 75990  6493   45.00000   20   43   48.00000   45.00000  6.25%  44.8  159s
 78132  6569   45.00000   21   61   48.00000   45.00000  6.25%  45.1  164s
 80135  6861   45.00000   37   34   48.00000   45.00000  6.25%  45.1  177s
 84414  7248 infeasible   42        48.00000   45.00000  6.25%  45.5  183s
 86425  7346 infeasible   32        48.00000   45.00000  6.25%  45.3  191s
 89347  7421 infeasible   65        48.00000   45.00000  6.25%  45.7  197s
 90352  7551 infeasible   33        48.00000   45.00000  6.25%  45.9  214s
 95248  7692   45.00000   30   47   48.00000   45.00000  6.25%  46.0  220s
 96817  8730   45.00000   31   46   48.00000   45.00000  6.25%  46.2  308s
 109193  8784   45.00000   34   36   48.00000   45.00000  6.25%  47.0  315s
 109823  8830   45.00000   35   38   48.00000   45.00000  6.25%  47.0  320s
 110055  9302   45.00000   36   33   48.00000   45.00000  6.25%  47.0  326s
 111754  9313 infeasible   50        48.00000   45.00000  6.25%  46.9  333s
 112291  9314 infeasible   41        48.00000   45.00000  6.25%  46.9  338s
 113764  9414   46.00000   36   40   48.00000   45.00000  6.25%  46.9  345s
 115176  9621 infeasible   43        48.00000   45.00000  6.25%  47.0  354s
 117245  9597   45.00000   31   19   48.00000   45.00000  6.25%  47.1  359s
 118449 10117 infeasible   40        48.00000   45.00000  6.25%  47.2  434s
 125649 10117   45.00000   28   33   48.00000   45.00000  6.25%  47.1  436s
 131006 10327 infeasible   33        48.00000   45.00000  6.25%  47.1  443s
 131612 10397   46.00000   34   55   48.00000   45.00000  6.25%  47.1  450s
 132927 10441   46.00000   35   41   48.00000   45.00000  6.25%  47.2  458s
 133795 10681   46.00000   36   41   48.00000   45.00000  6.25%  47.2  470s
 136183 10784   45.00000   27   45   48.00000   45.00000  6.25%  47.3  478s
 137318 10988   45.00000   28   42   48.00000   45.00000  6.25%  47.4  490s
 140286 11245 infeasible   29        48.00000   45.00000  6.25%  47.7  503s
 142915 11628 infeasible   40        48.00000   45.00000  6.25%  47.8  522s
 145977 11761   46.00000   35   15   48.00000   45.00000  6.25%  47.9  535s
 146800 12140   46.00000   36   15   48.00000   45.00000  6.25%  47.9  562s
 151262 12315 infeasible   37        48.00000   45.00000  6.25%  48.1  572s
 153048 12386   47.00000   36   10   48.00000   45.00000  6.25%  47.9  586s
 156593 12755 infeasible   32        48.00000   45.00000  6.25%  48.0  612s
 160465 12792   46.00000   42   38   48.00000   45.00000  6.25%  48.1  622s
 160554 13209 infeasible   46        48.00000   45.00000  6.25%  48.1  643s
 164318 13310     cutoff   47        48.00000   45.00000  6.25%  47.7  657s
 166155 13727   45.00000   36   25   48.00000   45.00000  6.25%  47.8  724s
 173965 13779 infeasible   33        48.00000   45.00000  6.25%  48.1  730s
 174452 13779 infeasible   34        48.00000   45.00000  6.25%  48.1  746s
 176822 13793   45.00000   36   24   48.00000   45.00000  6.25%  48.2  757s
 176844 13840   45.00000   37   24   48.00000   45.00000  6.25%  48.2  769s
 179145 13895   45.00000   35   28   48.00000   45.00000  6.25%  48.2  777s
 179833 13990   45.00000   34   16   48.00000   45.00000  6.25%  48.2  789s
 183070 14040 infeasible   33        48.00000   45.00000  6.25%  48.2  798s
 183766 14198 infeasible   39        48.00000   45.00000  6.25%  48.2  815s
 186988 14539   45.00000   27   11   48.00000   45.00000  6.25%  48.2  834s
 190286 14825   47.00000   29   58   48.00000   45.00000  6.25%  48.3  852s
 191713 14799 infeasible   36        48.00000   45.00000  6.25%  48.2  862s
 191815 14904   45.00000   37   14   48.00000   45.00000  6.25%  48.3  884s
 192756 14904   46.00000   37   36   48.00000   45.00000  6.25%  48.3  885s
 195798 14928     cutoff   28        48.00000   45.00000  6.25%  48.2  893s
 196848 15190 infeasible   27        48.00000   45.00000  6.25%  48.3  914s
 198172 15190   45.00000   37    8   48.00000   45.00000  6.25%  48.2  915s
 200392 15350 infeasible   34        48.00000   45.00000  6.25%  48.2  923s
 201792 15555 infeasible   35        48.00000   45.00000  6.25%  48.2  943s
 205028 15541   45.00000   34   18   48.00000   45.00000  6.25%  48.3  949s
 205751 15610 infeasible   35        48.00000   45.00000  6.25%  48.3  963s
 207880 15704   46.00000   39   40   48.00000   45.00000  6.25%  48.3  976s
 209216 15709 infeasible   58        48.00000   45.00000  6.25%  48.3  990s
 211899 15829   47.00000   40   60   48.00000   45.00000  6.25%  48.3 1003s
 213132 16029 infeasible   37        48.00000   45.00000  6.25%  48.3 1014s
 215122 16246   45.00000   34   14   48.00000   45.00000  6.25%  48.2 1030s
 217996 16105 infeasible   44        48.00000   45.00000  6.25%  48.2 1039s
 219628 16105 infeasible   45        48.00000   45.00000  6.25%  48.2 1040s
 219775 16106   46.00000   34   24   48.00000   45.00000  6.25%  48.2 1048s
 219830 16115   46.00000   35   22   48.00000   45.00000  6.25%  48.2 1061s
 221453 15769 infeasible   52        48.00000   45.00000  6.25%  48.1 1072s
 224777 15616 infeasible   33        48.00000   45.00000  6.25%  48.0 1080s
 225992 15528 infeasible   34        48.00000   45.00000  6.25%  47.9 1090s
 226935 14893 infeasible   41        48.00000   45.00000  6.25%  47.9 1118s
 232626 14903   46.00000   38   44   48.00000   46.00000  4.17%  47.5 1129s
 232666 15005 infeasible   39        48.00000   46.00000  4.17%  47.5 1157s
 238273 14995   47.00000   71   20   48.00000   46.00000  4.17%  47.0 1165s
 238407 14905 infeasible   72        48.00000   46.00000  4.17%  47.0 1208s
 244331 14910 infeasible   47        48.00000   46.00000  4.17%  46.8 1219s
 244362 13911 infeasible   37        48.00000   46.00000  4.17%  46.8 1256s
 252417 13926   46.00000   39   50   48.00000   46.00000  4.17%  46.4 1263s
 252562 13930 infeasible   49        48.00000   46.00000  4.17%  46.4 1269s
 252602 13950   46.00000   31   31   48.00000   46.00000  4.17%  46.4 1276s
 254221 13975 infeasible   32        48.00000   46.00000  4.17%  46.3 1283s
 254467 13654   47.00000   33   29   48.00000   46.00000  4.17%  46.3 1298s
 256962 13690   47.00000   30   56   48.00000   46.00000  4.17%  46.1 1308s
 257471 13167 infeasible   37        48.00000   46.00000  4.17%  46.1 1336s
 261642 13186   46.00000   37   37   48.00000   46.00000  4.17%  45.9 1347s
 262401 13168   46.00000   36   37   48.00000   46.00000  4.17%  45.8 1359s
 265056 13158   47.00000   36   33   48.00000   46.00000  4.17%  45.7 1371s
 266873 13104 infeasible   46        48.00000   46.00000  4.17%  45.7 1383s
 267065 12998   46.00000   51   43   48.00000   46.00000  4.17%  45.7 1390s
 267943 12386 infeasible   35        48.00000   46.00000  4.17%  45.6 1415s
 272202 12427   47.00000   46   35   48.00000   46.00000  4.17%  45.4 1432s
 274640 12057   46.00000   31   47   48.00000   46.00000  4.17%  45.3 1453s
 279766 12030 infeasible   52        48.00000   46.00000  4.17%  45.1 1462s
 280841 11366   46.00000   28   30   48.00000   46.00000  4.17%  45.1 1493s
 286188 11426   46.00000   32   36   48.00000   46.00000  4.17%  44.8 1503s
 286998 11151   47.00000   38   28   48.00000   46.00000  4.17%  44.8 1579s
 297942 11186   46.00000   43   30   48.00000   46.00000  4.17%  44.4 1589s
 298614 11202   46.00000   45   28   48.00000   46.00000  4.17%  44.4 1600s
 298648 11168   46.00000   46   26   48.00000   46.00000  4.17%  44.4 1610s
 300147 11236   46.00000   47   26   48.00000   46.00000  4.17%  44.3 1622s
 301052 10967 infeasible   36        48.00000   46.00000  4.17%  44.3 1635s
 302397 10769 infeasible   45        48.00000   46.00000  4.17%  44.2 1649s
 304015 10709 infeasible   46        48.00000   46.00000  4.17%  44.1 1667s
 307343 10682   46.00000   45   30   48.00000   46.00000  4.17%  44.0 1680s
 309340 10208 infeasible   28        48.00000   46.00000  4.17%  43.9 1713s
 314881 10183     cutoff   40        48.00000   46.00000  4.17%  43.7 1726s
 315226 10183   46.00000   41   54   48.00000   46.00000  4.17%  43.7 1734s
 315368 10277     cutoff   43        48.00000   46.00000  4.17%  43.7 1746s
 316528  9479 infeasible   50        48.00000   46.00000  4.17%  43.6 1780s
 321807  9474   47.00000   35   25   48.00000   46.00000  4.17%  43.4 1789s
 322514  9471   47.00000   36   25   48.00000   46.00000  4.17%  43.4 1803s
 323277  9531   46.00000   44   24   48.00000   46.00000  4.17%  43.4 1821s
 325841  9469 infeasible   45        48.00000   46.00000  4.17%  43.3 1849s
 327396  9239 infeasible   48        48.00000   46.00000  4.17%  43.3 1863s
 329351  9033 infeasible   42        48.00000   46.00000  4.17%  43.3 1875s
 330401  8737   47.00000   33   16   48.00000   46.00000  4.17%  43.3 1892s
 332276  8670 infeasible   31        48.00000   46.00000  4.17%  43.2 1903s
 332489  8530 infeasible   39        48.00000   46.00000  4.17%  43.2 1922s
 333192  8247   46.00000   30   52   48.00000   46.00000  4.17%  43.2 1940s
 336858  8198 infeasible   31        48.00000   46.00000  4.17%  43.1 1958s
 338398  7623 infeasible   32        48.00000   46.00000  4.17%  43.0 1981s
 342156  7524   47.00000   53   27   48.00000   47.00000  2.08%  42.9 2014s
 343934  7524   47.00000   36   26   48.00000   47.00000  2.08%  42.9 2015s
 346165  7233 infeasible   35        48.00000   47.00000  2.08%  42.8 2080s
 355801  7204   47.00000   35   32   48.00000   47.00000  2.08%  42.6 2093s
 357616  7184   47.00000   51   48   48.00000   47.00000  2.08%  42.6 2114s
 358540  7227 infeasible   52        48.00000   47.00000  2.08%  42.6 2150s
 363452  7234   47.00000   42   30   48.00000   47.00000  2.08%  42.5 2174s
 363567  5751 infeasible   40        48.00000   47.00000  2.08%  42.5 2226s
 376068  5726   47.00000   45   22   48.00000   47.00000  2.08%  42.1 2255s
 378295  5609 infeasible   27        48.00000   47.00000  2.08%  42.1 2274s
 379987  5509 infeasible   35        48.00000   47.00000  2.08%  42.1 2298s
 382862  5372   47.00000   39   20   48.00000   47.00000  2.08%  42.0 2323s
 386813  5234 infeasible   53        48.00000   47.00000  2.08%  42.0 2350s
 390413  5189 infeasible   35        48.00000   47.00000  2.08%  41.9 2366s
 392872  5195 infeasible   41        48.00000   47.00000  2.08%  41.9 2384s
 393097  4524   47.00000   44   43   48.00000   47.00000  2.08%  41.9 2548s
 411115  4425 infeasible   61        48.00000   47.00000  2.08%  41.6 2567s
 414226  4379 infeasible   45        48.00000   47.00000  2.08%  41.5 2582s
 415610  4413   47.00000   57   28   48.00000   47.00000  2.08%  41.5 2596s
 416495  4026   47.00000   33   38   48.00000   47.00000  2.08%  41.5 2685s
 431136  4030   47.00000   30   61   48.00000   47.00000  2.08%  41.3 2705s
 431168  4289   47.00000   31   54   48.00000   47.00000  2.08%  41.3 2716s
 432484  4270   47.00000   40   46   48.00000   47.00000  2.08%  41.2 2727s
 433093  4259   47.00000   41   38   48.00000   47.00000  2.08%  41.2 2735s
 433576  4200 infeasible   42        48.00000   47.00000  2.08%  41.2 2747s
 436087  4149   47.00000   45   60   48.00000   47.00000  2.08%  41.2 2763s
 437362  3718   47.00000   33   56   48.00000   47.00000  2.08%  41.2 2772s
 439898  3663   47.00000   38   55   48.00000   47.00000  2.08%  41.1 2797s
 441511  3344 infeasible   51        48.00000   47.00000  2.08%  41.1 2808s
 443330  3425   47.00000   38   28   48.00000   47.00000  2.08%  41.1 2824s
 443778  2324 infeasible   40        48.00000   47.00000  2.08%  41.1 2846s
 449211  2337   47.00000   33   37   48.00000   47.00000  2.08%  41.0 2865s
 450123  2038   47.00000   34   38   48.00000   47.00000  2.08%  41.0 2899s
 450480  2038 infeasible   39        48.00000   47.00000  2.08%  41.0 2900s
 456327  2046 infeasible   35        48.00000   47.00000  2.08%  40.9 2920s
 459600  1951   47.00000   38   50   48.00000   47.00000  2.08%  40.8 2948s
 464692  1944   47.00000   39   70   48.00000   47.00000  2.08%  40.7 2963s
 465225  1616 infeasible   41        48.00000   47.00000  2.08%  40.7 2973s
 466839  1683   47.00000   35   52   48.00000   47.00000  2.08%  40.7 3006s
 467548   956 infeasible   41        48.00000   47.00000  2.08%  40.7 3045s
 474386   981   47.00000   38   60   48.00000   47.00000  2.08%  40.5 3069s
 474517  1046 infeasible   39        48.00000   47.00000  2.08%  40.5 3083s
 477057  1073 infeasible   38        48.00000   47.00000  2.08%  40.5 3099s
 477780  1080 infeasible   38        48.00000   47.00000  2.08%  40.5 3106s
 477847   820 infeasible   40        48.00000   47.00000  2.08%  40.5 3120s
 481773   823   47.00000   40   32   48.00000   47.00000  2.08%  40.4 3148s
 482232   742   47.00000   41   28   48.00000   47.00000  2.08%  40.4 3164s
 485521   777   47.00000   43   42   48.00000   47.00000  2.08%  40.3 3187s
 486278   783 infeasible   47        48.00000   47.00000  2.08%  40.3 3195s
 488703   790 infeasible   35        48.00000   47.00000  2.08%  40.3 3204s
 488766   381 infeasible   36        48.00000   47.00000  2.08%  40.3 3221s
 493129   402   47.00000   38   54   48.00000   47.00000  2.08%  40.2 3246s
 493366   423 infeasible   39        48.00000   47.00000  2.08%  40.2 3257s
 496173   419 infeasible   54        48.00000   47.00000  2.08%  40.2 3267s
 496221   431   47.00000   49   29   48.00000   47.00000  2.08%  40.2 3284s
 497253   298 infeasible   59        48.00000   47.00000  2.08%  40.2 3289s
 497678   298 infeasible   54        48.00000   47.00000  2.08%  40.2 3290s
 498110    33 infeasible   33        48.00000   47.00000  2.08%  40.2 3302s
 501588    23 infeasible   54        48.00000   47.00000  2.08%  40.1 3306s
 502160    29 infeasible   49        48.00000   47.00000  2.08%  40.1 3311s
 502388    22   47.00000   48   37   48.00000   47.00000  2.08%  40.1 3315s
 502729     0 infeasible   47        48.00000   47.00000  2.08%  40.1 3321s

Cutting planes:
  Learned: 6330
  Gomory: 7
  Cover: 51
  Implied bound: 4
  Clique: 4
  MIR: 115
  StrongCG: 13
  Flow cover: 225
  RLT: 45
  Relax-and-lift: 18

Explored 502753 nodes (20236458 simplex iterations) in 3321.88 seconds (942.47 work units)
Thread count was 18 (of 36 available processors)

Solution count 10: 48 48 49 ... 56

Optimal solution found (tolerance 1.00e-04)
Best objective 4.800000000000e+01, best bound 4.800000000000e+01, gap 0.0000%

Gurobi 11.0.0 (win64) logging started Tue Jul  2 15:21:33 2024

Set parameter LogFile to value "./Results/StripPacking-ManyRuns/Logs/SU-111-StripPacking-15-2.log"
Set parameter TimeLimit to value 3600
Set parameter Cuts to value 1
Set parameter Presolve to value 1
Set parameter Heuristics to value 1
Set parameter LPWarmStart to value 2
Gurobi Optimizer version 11.0.0 build v11.0.0rc2 (win64 - Windows 10.0 (19045.2))

CPU model: Intel(R) Core(TM) i9-10980XE CPU @ 3.00GHz, instruction set [SSE2|AVX|AVX2|AVX512]
Thread count: 18 physical cores, 36 logical processors, using up to 18 threads

Optimize a model with 1380 rows, 451 columns and 3390 nonzeros
Model fingerprint: 0x9a09ce97
Variable types: 31 continuous, 420 integer (420 binary)
Coefficient statistics:
  Matrix range     [1e+00, 1e+04]
  Objective range  [1e+00, 1e+00]
  Bounds range     [1e+00, 1e+04]
  RHS range        [1e+00, 1e+04]

Warning: Completing partial solution with 420 unfixed non-continuous variables out of 420
User MIP start produced solution with objective 78.1 (0.01s)
Loaded user MIP start with objective 78.1

Presolve removed 210 rows and 0 columns
Presolve time: 0.00s
Presolved: 1170 rows, 451 columns, 3554 nonzeros
Variable types: 31 continuous, 420 integer (420 binary)

Root relaxation: objective 4.500000e+01, 258 iterations, 0.01 seconds (0.00 work units)

    Nodes    |    Current Node    |     Objective Bounds      |     Work
 Expl Unexpl |  Obj  Depth IntInf | Incumbent    BestBd   Gap | It/Node Time

     0     0   45.00000    0   10   78.10000   45.00000  42.4%     -    0s
H    0     0                      73.0000000   45.00000  38.4%     -    0s
H    0     0                      70.0000000   45.00000  35.7%     -    0s
     0     0   45.00000    0   36   70.00000   45.00000  35.7%     -    0s
H    0     0                      64.0000000   45.00000  29.7%     -    0s
H    0     0                      61.0000000   45.00000  26.2%     -    0s
     0     0   45.00000    0   34   61.00000   45.00000  26.2%     -    0s
     0     0   45.00000    0    7   61.00000   45.00000  26.2%     -    0s
     0     0   45.00000    0   10   61.00000   45.00000  26.2%     -    0s
H    0     0                      60.0000000   45.00000  25.0%     -    0s
     0     0   45.00000    0   11   60.00000   45.00000  25.0%     -    0s
     0     0   45.00000    0   10   60.00000   45.00000  25.0%     -    0s
     0     0   45.00000    0   10   60.00000   45.00000  25.0%     -    0s
     0     0   45.00000    0   12   60.00000   45.00000  25.0%     -    0s
     0     0   45.00000    0   12   60.00000   45.00000  25.0%     -    0s
     0     0   45.00000    0   13   60.00000   45.00000  25.0%     -    0s
     0     0   45.00000    0   12   60.00000   45.00000  25.0%     -    0s
H    0     0                      59.0000000   45.00000  23.7%     -    0s
     0     2   45.00000    0   10   59.00000   45.00000  23.7%     -    0s
H   19    31                      57.0000000   45.00000  21.1%  23.4    0s
H   32    49                      56.0000000   45.00000  19.6%  18.3    0s
H   79    77                      55.0000000   45.00000  18.2%  11.9    0s
H   85    91                      54.0000000   45.00000  16.7%  11.5    0s
H  149   154                      52.0000000   45.00000  13.5%  11.2    0s
H  377   319                      50.0000000   45.00000  10.0%  11.2    1s
H  426   686                      50.0000000   45.00000  10.0%  10.7    1s
H 1293   850                      49.0000000   45.00000  8.16%   9.5    2s
H 4874  1752                      49.0000000   45.00000  8.16%  11.0    4s
  4972  2240   45.00000   22   18   49.00000   45.00000  8.16%  11.2    5s
H 8966  2525                      48.0000000   45.00000  6.25%   4.0    9s
  9902  2497   47.00000   34   45   48.00000   45.00000  6.25%   7.5   10s
 14250  1667   46.00000   26   37   48.00000   45.00000  6.25%  20.0   15s
 18648  2086 infeasible   24        48.00000   45.00000  6.25%  27.1   21s
 20880  2782   45.00000   43   15   48.00000   45.00000  6.25%  28.8   28s
 24275  2814   47.00000   29   38   48.00000   45.00000  6.25%  31.9   31s
 24451  2821 infeasible   30        48.00000   45.00000  6.25%  32.0   47s
 25704  3994   47.00000   28   24   48.00000   45.00000  6.25%  32.7   56s
 35990  4013 infeasible   36        48.00000   45.00000  6.25%  33.0   62s
 36671  4088   45.00000   43   15   48.00000   45.00000  6.25%  33.5   68s
 39255  4161   45.00000   25   31   48.00000   45.00000  6.25%  34.9   72s
 41027  4291 infeasible   36        48.00000   45.00000  6.25%  35.9   79s
 43624  4291 infeasible   41        48.00000   45.00000  6.25%  37.1   80s
 44899  4413 infeasible   34        48.00000   45.00000  6.25%  37.7   88s
 48559  4603 infeasible   43        48.00000   45.00000  6.25%  39.0   93s
 51335  4986   45.00000   34   19   48.00000   45.00000  6.25%  39.9  104s
 56439  5013   45.00000   30   18   48.00000   45.00000  6.25%  41.6  108s
 56748  5338   45.00000   31   25   48.00000   45.00000  6.25%  41.7  115s
 60929  5433   45.00000   27   11   48.00000   45.00000  6.25%  42.5  123s
 63045  5499   45.00000   43   10   48.00000   45.00000  6.25%  42.7  128s
 64183  5878 infeasible   29        48.00000   45.00000  6.25%  42.9  138s
 68917  5975 infeasible   38        48.00000   45.00000  6.25%  43.7  142s
 70568  6249 infeasible   38        48.00000   45.00000  6.25%  44.0  150s
 75990  6493   45.00000   20   43   48.00000   45.00000  6.25%  44.8  161s
 78132  6569   45.00000   21   61   48.00000   45.00000  6.25%  45.1  165s
 80135  6861   45.00000   37   34   48.00000   45.00000  6.25%  45.1  180s
 84414  7248 infeasible   42        48.00000   45.00000  6.25%  45.5  186s
 86425  7346 infeasible   32        48.00000   45.00000  6.25%  45.3  196s
 89347  7421 infeasible   65        48.00000   45.00000  6.25%  45.7  202s
 90352  7551 infeasible   33        48.00000   45.00000  6.25%  45.9  218s
 95248  7692   45.00000   30   47   48.00000   45.00000  6.25%  46.0  224s
 96817  8730   45.00000   31   46   48.00000   45.00000  6.25%  46.2  298s
 109193  8784   45.00000   34   36   48.00000   45.00000  6.25%  47.0  305s
 109823  8830   45.00000   35   38   48.00000   45.00000  6.25%  47.0  310s
 110055  9302   45.00000   36   33   48.00000   45.00000  6.25%  47.0  316s
 111754  9313 infeasible   50        48.00000   45.00000  6.25%  46.9  323s
 112291  9314 infeasible   41        48.00000   45.00000  6.25%  46.9  330s
 113764  9414   46.00000   36   40   48.00000   45.00000  6.25%  46.9  337s
 115176  9621 infeasible   43        48.00000   45.00000  6.25%  47.0  349s
 117245  9597   45.00000   31   19   48.00000   45.00000  6.25%  47.1  356s
 118449 10117 infeasible   40        48.00000   45.00000  6.25%  47.2  449s
 125649 10117   45.00000   28   33   48.00000   45.00000  6.25%  47.1  450s
 131006 10327 infeasible   33        48.00000   45.00000  6.25%  47.1  458s
 131612 10397   46.00000   34   55   48.00000   45.00000  6.25%  47.1  465s
 132927 10441   46.00000   35   41   48.00000   45.00000  6.25%  47.2  475s
 133795 10681   46.00000   36   41   48.00000   45.00000  6.25%  47.2  487s
 136183 10784   45.00000   27   45   48.00000   45.00000  6.25%  47.3  496s
 137318 10988   45.00000   28   42   48.00000   45.00000  6.25%  47.4  512s
 140286 11245 infeasible   29        48.00000   45.00000  6.25%  47.7  527s
 142915 11628 infeasible   40        48.00000   45.00000  6.25%  47.8  549s
 145977 11761   46.00000   35   15   48.00000   45.00000  6.25%  47.9  569s
 146800 12140   46.00000   36   15   48.00000   45.00000  6.25%  47.9  600s
 151262 12315 infeasible   37        48.00000   45.00000  6.25%  48.1  611s
 153048 12386   47.00000   36   10   48.00000   45.00000  6.25%  47.9  630s
 156593 12755 infeasible   32        48.00000   45.00000  6.25%  48.0  663s
 160465 12792   46.00000   42   38   48.00000   45.00000  6.25%  48.1  673s
 160554 13209 infeasible   46        48.00000   45.00000  6.25%  48.1  697s
 164318 13310     cutoff   47        48.00000   45.00000  6.25%  47.7  714s
 166155 13727   45.00000   36   25   48.00000   45.00000  6.25%  47.8  798s
 173965 13779 infeasible   33        48.00000   45.00000  6.25%  48.1  806s
 174452 13779 infeasible   34        48.00000   45.00000  6.25%  48.1  824s
 176822 13793   45.00000   36   24   48.00000   45.00000  6.25%  48.2  835s
 176844 13840   45.00000   37   24   48.00000   45.00000  6.25%  48.2  850s
 179145 13895   45.00000   35   28   48.00000   45.00000  6.25%  48.2  858s
 179833 13990   45.00000   34   16   48.00000   45.00000  6.25%  48.2  873s
 183070 14040 infeasible   33        48.00000   45.00000  6.25%  48.2  881s
 183766 14198 infeasible   39        48.00000   45.00000  6.25%  48.2  902s
 186988 14539   45.00000   27   11   48.00000   45.00000  6.25%  48.2  926s
 190286 14825   47.00000   29   58   48.00000   45.00000  6.25%  48.3  947s
 191713 14799 infeasible   36        48.00000   45.00000  6.25%  48.2  958s
 191815 14904   45.00000   37   14   48.00000   45.00000  6.25%  48.3  983s
 195798 14928     cutoff   28        48.00000   45.00000  6.25%  48.2  991s
 196848 15190 infeasible   27        48.00000   45.00000  6.25%  48.3 1018s
 200392 15350 infeasible   34        48.00000   45.00000  6.25%  48.2 1030s
 201792 15555 infeasible   35        48.00000   45.00000  6.25%  48.2 1053s
 205028 15541   45.00000   34   18   48.00000   45.00000  6.25%  48.3 1062s
 205751 15610 infeasible   35        48.00000   45.00000  6.25%  48.3 1079s
 207880 15704   46.00000   39   40   48.00000   45.00000  6.25%  48.3 1094s
 209216 15709 infeasible   58        48.00000   45.00000  6.25%  48.3 1111s
 211899 15829   47.00000   40   60   48.00000   45.00000  6.25%  48.3 1127s
 213132 16029 infeasible   37        48.00000   45.00000  6.25%  48.3 1141s
 215122 16246   45.00000   34   14   48.00000   45.00000  6.25%  48.2 1160s
 217996 16105 infeasible   44        48.00000   45.00000  6.25%  48.2 1172s
 219775 16106   46.00000   34   24   48.00000   45.00000  6.25%  48.2 1181s
 219830 16115   46.00000   35   22   48.00000   45.00000  6.25%  48.2 1195s
 221453 15769 infeasible   52        48.00000   45.00000  6.25%  48.1 1207s
 224777 15616 infeasible   33        48.00000   45.00000  6.25%  48.0 1218s
 225992 15528 infeasible   34        48.00000   45.00000  6.25%  47.9 1229s
 226935 14893 infeasible   41        48.00000   45.00000  6.25%  47.9 1260s
 232626 14903   46.00000   38   44   48.00000   46.00000  4.17%  47.5 1273s
 232666 15005 infeasible   39        48.00000   46.00000  4.17%  47.5 1305s
 238273 14995   47.00000   71   20   48.00000   46.00000  4.17%  47.0 1315s
 238407 14905 infeasible   72        48.00000   46.00000  4.17%  47.0 1362s
 244331 14910 infeasible   47        48.00000   46.00000  4.17%  46.8 1376s
 244362 13911 infeasible   37        48.00000   46.00000  4.17%  46.8 1418s
 252417 13926   46.00000   39   50   48.00000   46.00000  4.17%  46.4 1427s
 252562 13930 infeasible   49        48.00000   46.00000  4.17%  46.4 1434s
 252602 13950   46.00000   31   31   48.00000   46.00000  4.17%  46.4 1443s
 254221 13975 infeasible   32        48.00000   46.00000  4.17%  46.3 1451s
 254467 13654   47.00000   33   29   48.00000   46.00000  4.17%  46.3 1468s
 256962 13690   47.00000   30   56   48.00000   46.00000  4.17%  46.1 1478s
 257471 13167 infeasible   37        48.00000   46.00000  4.17%  46.1 1513s
 261642 13186   46.00000   37   37   48.00000   46.00000  4.17%  45.9 1524s
 262401 13168   46.00000   36   37   48.00000   46.00000  4.17%  45.8 1539s
 265056 13158   47.00000   36   33   48.00000   46.00000  4.17%  45.7 1551s
 266873 13104 infeasible   46        48.00000   46.00000  4.17%  45.7 1565s
 267065 12998   46.00000   51   43   48.00000   46.00000  4.17%  45.7 1573s
 267943 12386 infeasible   35        48.00000   46.00000  4.17%  45.6 1600s
 272202 12427   47.00000   46   35   48.00000   46.00000  4.17%  45.4 1619s
 274640 12057   46.00000   31   47   48.00000   46.00000  4.17%  45.3 1641s
 279766 12030 infeasible   52        48.00000   46.00000  4.17%  45.1 1651s
 280841 11366   46.00000   28   30   48.00000   46.00000  4.17%  45.1 1682s
 286188 11426   46.00000   32   36   48.00000   46.00000  4.17%  44.8 1695s
 286998 11151   47.00000   38   28   48.00000   46.00000  4.17%  44.8 1771s
 297942 11186   46.00000   43   30   48.00000   46.00000  4.17%  44.4 1783s
 298614 11202   46.00000   45   28   48.00000   46.00000  4.17%  44.4 1793s
 298648 11168   46.00000   46   26   48.00000   46.00000  4.17%  44.4 1805s
 300147 11236   46.00000   47   26   48.00000   46.00000  4.17%  44.3 1818s
 301052 10967 infeasible   36        48.00000   46.00000  4.17%  44.3 1834s
 302397 10769 infeasible   45        48.00000   46.00000  4.17%  44.2 1847s
 304015 10709 infeasible   46        48.00000   46.00000  4.17%  44.1 1869s
 307343 10682   46.00000   45   30   48.00000   46.00000  4.17%  44.0 1884s
 309340 10208 infeasible   28        48.00000   46.00000  4.17%  43.9 1919s
 314881 10183     cutoff   40        48.00000   46.00000  4.17%  43.7 1936s
 315226 10183   46.00000   41   54   48.00000   46.00000  4.17%  43.7 1944s
 315368 10277     cutoff   43        48.00000   46.00000  4.17%  43.7 1958s
 316528  9479 infeasible   50        48.00000   46.00000  4.17%  43.6 2000s
 321807  9474   47.00000   35   25   48.00000   46.00000  4.17%  43.4 2012s
 322514  9471   47.00000   36   25   48.00000   46.00000  4.17%  43.4 2030s
 323277  9531   46.00000   44   24   48.00000   46.00000  4.17%  43.4 2052s
 325841  9469 infeasible   45        48.00000   46.00000  4.17%  43.3 2088s
 327396  9239 infeasible   48        48.00000   46.00000  4.17%  43.3 2106s
 329351  9033 infeasible   42        48.00000   46.00000  4.17%  43.3 2121s
 330401  8737   47.00000   33   16   48.00000   46.00000  4.17%  43.3 2140s
 332276  8670 infeasible   31        48.00000   46.00000  4.17%  43.2 2156s
 332489  8530 infeasible   39        48.00000   46.00000  4.17%  43.2 2179s
 333192  8247   46.00000   30   52   48.00000   46.00000  4.17%  43.2 2198s
 336858  8198 infeasible   31        48.00000   46.00000  4.17%  43.1 2219s
 338398  7623 infeasible   32        48.00000   46.00000  4.17%  43.0 2246s
 342156  7524   47.00000   53   27   48.00000   47.00000  2.08%  42.9 2292s
 346165  7233 infeasible   35        48.00000   47.00000  2.08%  42.8 2365s
 355801  7204   47.00000   35   32   48.00000   47.00000  2.08%  42.6 2379s
 357616  7184   47.00000   51   48   48.00000   47.00000  2.08%  42.6 2404s
 358540  7227 infeasible   52        48.00000   47.00000  2.08%  42.6 2445s
 363452  7234   47.00000   42   30   48.00000   47.00000  2.08%  42.5 2473s
 363567  5751 infeasible   40        48.00000   47.00000  2.08%  42.5 2531s
 376068  5726   47.00000   45   22   48.00000   47.00000  2.08%  42.1 2565s
 378295  5609 infeasible   27        48.00000   47.00000  2.08%  42.1 2587s
 379987  5509 infeasible   35        48.00000   47.00000  2.08%  42.1 2616s
 382862  5372   47.00000   39   20   48.00000   47.00000  2.08%  42.0 2644s
 383277  5372   47.00000   35   56   48.00000   47.00000  2.08%  42.0 2645s
 386813  5234 infeasible   53        48.00000   47.00000  2.08%  42.0 2675s
 390413  5189 infeasible   35        48.00000   47.00000  2.08%  41.9 2693s
 392872  5195 infeasible   41        48.00000   47.00000  2.08%  41.9 2714s
 393097  4524   47.00000   44   43   48.00000   47.00000  2.08%  41.9 2888s
 411115  4425 infeasible   61        48.00000   47.00000  2.08%  41.6 2912s
 414226  4379 infeasible   45        48.00000   47.00000  2.08%  41.5 2928s
 415610  4413   47.00000   57   28   48.00000   47.00000  2.08%  41.5 2946s
 416495  4026   47.00000   33   38   48.00000   47.00000  2.08%  41.5 3045s
 431136  4030   47.00000   30   61   48.00000   47.00000  2.08%  41.3 3069s
 431168  4289   47.00000   31   54   48.00000   47.00000  2.08%  41.3 3079s
 432484  4270   47.00000   40   46   48.00000   47.00000  2.08%  41.2 3091s
 433093  4259   47.00000   41   38   48.00000   47.00000  2.08%  41.2 3100s
 433576  4200 infeasible   42        48.00000   47.00000  2.08%  41.2 3114s
 436087  4149   47.00000   45   60   48.00000   47.00000  2.08%  41.2 3132s
 437362  3718   47.00000   33   56   48.00000   47.00000  2.08%  41.2 3145s
 439898  3663   47.00000   38   55   48.00000   47.00000  2.08%  41.1 3177s
 441511  3344 infeasible   51        48.00000   47.00000  2.08%  41.1 3192s
 443330  3425   47.00000   38   28   48.00000   47.00000  2.08%  41.1 3209s
 443778  2324 infeasible   40        48.00000   47.00000  2.08%  41.1 3234s
 447749  2324   47.00000   42   55   48.00000   47.00000  2.08%  41.0 3235s
 449211  2337   47.00000   33   37   48.00000   47.00000  2.08%  41.0 3255s
 450123  2038   47.00000   34   38   48.00000   47.00000  2.08%  41.0 3292s
 456327  2046 infeasible   35        48.00000   47.00000  2.08%  40.9 3316s
 459600  1951   47.00000   38   50   48.00000   47.00000  2.08%  40.8 3350s
 464692  1944   47.00000   39   70   48.00000   47.00000  2.08%  40.7 3368s
 465225  1616 infeasible   41        48.00000   47.00000  2.08%  40.7 3378s
 466839  1683   47.00000   35   52   48.00000   47.00000  2.08%  40.7 3412s
 467548   956 infeasible   41        48.00000   47.00000  2.08%  40.7 3453s
 474386   981   47.00000   38   60   48.00000   47.00000  2.08%  40.5 3478s
 474517  1046 infeasible   39        48.00000   47.00000  2.08%  40.5 3494s
 477057  1073 infeasible   38        48.00000   47.00000  2.08%  40.5 3510s
 477780  1080 infeasible   38        48.00000   47.00000  2.08%  40.5 3516s
 477847   820 infeasible   40        48.00000   47.00000  2.08%  40.5 3528s
 481773   823   47.00000   40   32   48.00000   47.00000  2.08%  40.4 3553s
 482232   742   47.00000   41   28   48.00000   47.00000  2.08%  40.4 3570s
 485521   777   47.00000   43   42   48.00000   47.00000  2.08%  40.3 3594s
 486278   762 infeasible   47        48.00000   47.00000  2.08%  40.3 3600s

Cutting planes:
  Learned: 6317
  Gomory: 7
  Cover: 51
  Implied bound: 4
  Clique: 4
  MIR: 115
  StrongCG: 13
  Flow cover: 225
  RLT: 45
  Relax-and-lift: 18

Explored 488618 nodes (19767817 simplex iterations) in 3600.65 seconds (892.63 work units)
Thread count was 18 (of 36 available processors)

Solution count 10: 48 49 49 ... 57

Time limit reached
Best objective 4.800000000000e+01, best bound 4.700000000000e+01, gap 2.0833%
