
Gurobi 11.0.0 (win64) logging started Tue May 21 17:20:26 2024

Set parameter LogFile to value "./Results/StripPacking-ManyRuns/Logs/SU-111-StripPacking-15-3.log"
Set parameter TimeLimit to value 3600
Set parameter Cuts to value 1
Set parameter Presolve to value 1
Set parameter Heuristics to value 1
Set parameter LPWarmStart to value 2
Gurobi Optimizer version 11.0.0 build v11.0.0rc2 (win64 - Windows 10.0 (19045.2))

CPU model: Intel(R) Core(TM) i9-10980XE CPU @ 3.00GHz, instruction set [SSE2|AVX|AVX2|AVX512]
Thread count: 18 physical cores, 36 logical processors, using up to 18 threads

Optimize a model with 1380 rows, 451 columns and 3390 nonzeros
Model fingerprint: 0x46535729
Variable types: 31 continuous, 420 integer (420 binary)
Coefficient statistics:
  Matrix range     [1e+00, 1e+04]
  Objective range  [1e+00, 1e+00]
  Bounds range     [1e+00, 1e+04]
  RHS range        [1e+00, 1e+04]

Warning: Completing partial solution with 420 unfixed non-continuous variables out of 420
User MIP start produced solution with objective 72 (0.00s)
User MIP start produced solution with objective 72 (0.00s)
Loaded user MIP start with objective 72

Presolve removed 210 rows and 0 columns
Presolve time: 0.02s
Presolved: 1170 rows, 451 columns, 3554 nonzeros
Variable types: 31 continuous, 420 integer (420 binary)

Root relaxation: objective 3.700000e+01, 268 iterations, 0.00 seconds (0.00 work units)

    Nodes    |    Current Node    |     Objective Bounds      |     Work
 Expl Unexpl |  Obj  Depth IntInf | Incumbent    BestBd   Gap | It/Node Time

     0     0   37.00000    0   19   72.00000   37.00000  48.6%     -    0s
H    0     0                      70.0000000   37.00000  47.1%     -    0s
H    0     0                      65.0000000   37.00000  43.1%     -    0s
H    0     0                      63.0000000   37.00000  41.3%     -    0s
H    0     0                      61.0000000   37.00000  39.3%     -    0s
     0     0   37.00000    0   63   61.00000   37.00000  39.3%     -    0s
     0     0   37.00000    0   54   61.00000   37.00000  39.3%     -    0s
H    0     0                      58.0000000   37.00000  36.2%     -    0s
     0     0   37.00000    0   24   58.00000   37.00000  36.2%     -    0s
     0     0   37.00000    0   26   58.00000   37.00000  36.2%     -    0s
     0     0   37.00000    0   33   58.00000   37.00000  36.2%     -    0s
     0     0   37.00000    0   39   58.00000   37.00000  36.2%     -    0s
H    0     0                      57.0000000   37.00000  35.1%     -    0s
     0     0   37.00000    0   20   57.00000   37.00000  35.1%     -    0s
     0     0   37.00000    0   20   57.00000   37.00000  35.1%     -    0s
H    0     0                      55.0000000   37.00000  32.7%     -    0s
     0     0   37.00000    0   28   55.00000   37.00000  32.7%     -    0s
     0     0   37.00000    0   28   55.00000   37.00000  32.7%     -    0s
     0     2   37.00000    0   26   55.00000   37.00000  32.7%     -    0s
H   85   103                      52.0000000   37.00000  28.8%  21.1    0s
H  139   121                      50.0000000   37.00000  26.0%  16.5    0s
  1429  1032   49.00000   29   51   50.00000   37.00000  26.0%  17.3    5s
H 2310  1413                      49.0000000   37.00000  24.5%  18.0    8s
H 2833  1708                      49.0000000   37.00000  24.5%  17.9    9s
  3671  2028   37.00000   22   52   49.00000   37.00000  24.5%  17.4   10s
  5417  2206   37.00000   18   41   49.00000   37.00000  24.5%  21.8   15s
H 5723  2206                      48.0000000   37.00000  22.9%  23.7   18s
  6363  2170   37.00000   22   30   48.00000   37.00000  22.9%  26.6   20s
  8327  2262   47.00000   26   42   48.00000   37.00000  22.9%  33.3   25s
 11013  2123   47.00000   30   40   48.00000   37.00000  22.9%  38.5   31s
 13453  2439   46.00000   32   62   48.00000   37.00000  22.9%  40.5   35s
 15807  3218   38.00000   28   73   48.00000   37.00000  22.9%  41.9   42s
 18259  3406   47.00000   27   30   48.00000   37.00000  22.9%  43.6   45s
 19407  3401   41.00000   25   36   48.00000   37.00000  22.9%  44.4   51s
 20663  3716   47.00000   32   26   48.00000   37.00000  22.9%  45.0   56s
*20991  2838              37      47.0000000   37.00000  21.3%  45.1   56s
 23003  2861   45.00000   27   46   47.00000   37.00000  21.3%  46.1   63s
 23851  3200 infeasible   26        47.00000   37.00000  21.3%  46.8   79s
H24539  3200                      47.0000000   37.00000  21.3%  47.1   79s
 28768  3203   38.00000   23   45   47.00000   37.00000  21.3%  49.7   83s
 28803  3264 infeasible   24        47.00000   37.00000  21.3%  49.7   87s
 29632  3286   46.00000   32   50   47.00000   37.00000  21.3%  49.9   93s
 29867  3290 infeasible   33        47.00000   37.00000  21.3%  49.9   95s
 30797  3351 infeasible   24        47.00000   37.00000  21.3%  50.2  102s
 31771  3368   46.00000   35   34   47.00000   37.00000  21.3%  50.3  107s
 32272  3138 infeasible   22        47.00000   37.00000  21.3%  50.4  110s
 34412  2795   43.00000   26   88   47.00000   37.00000  21.3%  50.1  117s
 36348  2767 infeasible   33        47.00000   37.00000  21.3%  49.7  122s
 37033  2629   43.00000   25   52   47.00000   38.00000  19.1%  49.6  125s
 39262  2642   43.00000   33   34   47.00000   41.00000  12.8%  48.8  133s
 39285  2420   43.00000   33   22   47.00000   41.00000  12.8%  48.8  138s
 42168  2421   46.00000   26   50   47.00000   42.00000  10.6%  48.0  143s
 42555  2081 infeasible   27        47.00000   42.00000  10.6%  47.9  147s
 45701  2095   45.00000   21   39   47.00000   45.00000  4.26%  47.2  151s
 45723  2113   45.00000   22   33   47.00000   45.00000  4.26%  47.2  156s
 46062  2095 infeasible   25        47.00000   45.00000  4.26%  47.2  160s
 46517  2124   45.00000   26   44   47.00000   45.00000  4.26%  47.1  166s
 48957  2174   46.00000   34   60   47.00000   45.00000  4.26%  46.3  171s
 49672  1462   46.00000   35   62   47.00000   45.00000  4.26%  46.4  178s
 53988  1443   46.00000   32   40   47.00000   45.00000  4.26%  45.6  183s
 54630  1210 infeasible   36        47.00000   45.00000  4.26%  45.6  199s
 59058  1199 infeasible   28        47.00000   46.00000  2.13%  45.1  207s
 59105   543 infeasible   27        47.00000   46.00000  2.13%  45.1  213s
 62883   537   46.00000   32   23   47.00000   46.00000  2.13%  44.7  219s
 63181   443     cutoff   33        47.00000   46.00000  2.13%  44.6  229s
 64542   443   46.00000   28   38   47.00000   46.00000  2.13%  44.6  230s
 66909   448   46.00000   37   36   47.00000   46.00000  2.13%  44.5  235s
 66939   307 infeasible   38        47.00000   46.00000  2.13%  44.5  242s
 69085   321   46.00000   27   45   47.00000   46.00000  2.13%  44.1  246s
 69107    87   46.00000   28   29   47.00000   46.00000  2.13%  44.1  252s
 70961    93     cutoff   27        47.00000   46.00000  2.13%  43.9  256s
 71055     0   46.00000   26   40   47.00000   46.00000  2.13%  43.9  264s

Cutting planes:
  Learned: 4484
  Gomory: 9
  Cover: 78
  Implied bound: 7
  Clique: 3
  MIR: 124
  Flow cover: 224
  RLT: 66
  Relax-and-lift: 58
  PSD: 1

Explored 71904 nodes (3149028 simplex iterations) in 264.90 seconds (211.19 work units)
Thread count was 18 (of 36 available processors)

Solution count 10: 47 47 47 ... 57

Optimal solution found (tolerance 1.00e-04)
Best objective 4.700000000000e+01, best bound 4.700000000000e+01, gap 0.0000%

Gurobi 11.0.0 (win64) logging started Tue Jun 18 10:32:04 2024

Set parameter LogFile to value "./Results/StripPacking-ManyRuns/Logs/SU-111-StripPacking-15-3.log"
Set parameter TimeLimit to value 3600
Set parameter Cuts to value 1
Set parameter Presolve to value 1
Set parameter Heuristics to value 1
Set parameter LPWarmStart to value 2
Gurobi Optimizer version 11.0.0 build v11.0.0rc2 (win64 - Windows 10.0 (19045.2))

CPU model: Intel(R) Core(TM) i9-10980XE CPU @ 3.00GHz, instruction set [SSE2|AVX|AVX2|AVX512]
Thread count: 18 physical cores, 36 logical processors, using up to 18 threads

Optimize a model with 1380 rows, 451 columns and 3390 nonzeros
Model fingerprint: 0x802660ee
Variable types: 31 continuous, 420 integer (420 binary)
Coefficient statistics:
  Matrix range     [1e+00, 1e+04]
  Objective range  [1e+00, 1e+00]
  Bounds range     [1e+00, 1e+04]
  RHS range        [1e+00, 1e+04]

Warning: Completing partial solution with 420 unfixed non-continuous variables out of 420
User MIP start produced solution with objective 62.1 (0.00s)
User MIP start produced solution with objective 62.1 (0.00s)
Loaded user MIP start with objective 62.1

Presolve removed 210 rows and 0 columns
Presolve time: 0.00s
Presolved: 1170 rows, 451 columns, 3554 nonzeros
Variable types: 31 continuous, 420 integer (420 binary)

Root relaxation: objective 3.000000e+01, 293 iterations, 0.01 seconds (0.00 work units)

    Nodes    |    Current Node    |     Objective Bounds      |     Work
 Expl Unexpl |  Obj  Depth IntInf | Incumbent    BestBd   Gap | It/Node Time

     0     0   30.00000    0   31   62.10000   30.00000  51.7%     -    0s
H    0     0                      61.0000000   30.00000  50.8%     -    0s
H    0     0                      60.0000000   30.00000  50.0%     -    0s
H    0     0                      57.0000000   30.00000  47.4%     -    0s
     0     0   30.00000    0   50   57.00000   30.00000  47.4%     -    0s
     0     0   30.00000    0   43   57.00000   30.00000  47.4%     -    0s
H    0     0                      56.0000000   30.00000  46.4%     -    0s
     0     0   30.00000    0   27   56.00000   30.00000  46.4%     -    0s
H    0     0                      53.0000000   30.00000  43.4%     -    0s
     0     0   30.00000    0   33   53.00000   30.00000  43.4%     -    0s
H    0     0                      52.0000000   30.00000  42.3%     -    0s
     0     0   30.00000    0   27   52.00000   30.00000  42.3%     -    0s
H    0     0                      50.0000000   30.00000  40.0%     -    0s
     0     0   30.00000    0   28   50.00000   30.00000  40.0%     -    0s
     0     0   30.00000    0   50   50.00000   30.00000  40.0%     -    0s
     0     0   30.00000    0   44   50.00000   30.00000  40.0%     -    0s
     0     0   30.00000    0   38   50.00000   30.00000  40.0%     -    0s
     0     0   30.00000    0   34   50.00000   30.00000  40.0%     -    0s
     0     2   30.00000    0   34   50.00000   30.00000  40.0%     -    0s
H  131   138                      50.0000000   30.00000  40.0%  16.9    0s
H  170   172                      47.0000000   30.00000  36.2%  16.3    0s
H  213   226                      47.0000000   30.00000  36.2%  16.5    1s
H  215   226                      46.0000000   30.00000  34.8%  16.4    1s
H  312   311                      45.0000000   30.00000  33.3%  16.0    3s
   327   324   30.00000   19   48   45.00000   30.00000  33.3%  16.0    5s
  1179   959   42.00000   48   66   45.00000   30.00000  33.3%  14.1   10s
H 2120  1498                      44.0000000   30.00000  31.8%  14.5   14s
  2449  1415   43.00000   25   44   44.00000   30.00000  31.8%  14.3   16s
H 2756  1801                      44.0000000   30.00000  31.8%  14.4   16s
  3469  1981   30.00000   22   41   44.00000   30.00000  31.8%  21.4   21s
  3809  2053   30.11289   31  125   44.00000   30.00000  31.8%  24.0   25s
  4285  2113   42.00000   40   59   44.00000   30.00000  31.8%  26.3   31s
  4634  2120   30.34579   17   69   44.00000   30.00000  31.8%  27.4   35s
  5167  2240 infeasible   32        44.00000   30.00000  31.8%  27.9   40s
* 5584  1957              42      43.0000000   30.00000  30.2%  28.8   43s
  5906  1800   32.00000   26   87   43.00000   30.00000  30.2%  30.2   46s
  6393  1790   30.01225   21  120   43.00000   30.00000  30.2%  32.3   50s
H 6746  1739                      43.0000000   30.00000  30.2%  33.2   53s
  7135  1674   41.00000   23   66   43.00000   30.00000  30.2%  33.4   57s
  7960  1731   41.00000   25   57   43.00000   30.00000  30.2%  33.3   61s
  8414  1803   30.24725   28   79   43.00000   30.00000  30.2%  33.6   65s
  9248  1991   42.00000   38   36   43.00000   30.00000  30.2%  33.9   72s
 10269  2263   41.00000   35   45   43.00000   30.25825  29.6%  34.7   75s
 11275  2811   41.00000   34   39   43.00000   31.00000  27.9%  34.8   80s
 12666  2907   42.00000   36   33   43.00000   31.00000  27.9%  34.9   85s
 14170  3188   42.00000   33   52   43.00000   31.82101  26.0%  35.2   90s
 15068  3407   33.00000   35   89   43.00000   32.00000  25.6%  35.2   95s
 16221  3959   39.00000   50   50   43.00000   32.00000  25.6%  35.2  103s
 17528  4789   37.00000   25   53   43.00000   33.00000  23.3%  35.4  108s
 20515  4799   41.00000   37   55   43.00000   33.00000  23.3%  36.0  111s
 20842  4861   33.00000   34   98   43.00000   33.00000  23.3%  36.0  120s
 21091  4909   40.00000   46   47   43.00000   33.00000  23.3%  36.0  130s
 21630  5013   33.00000   34   58   43.00000   33.00000  23.3%  35.9  135s
 25889  5891     cutoff   38        43.00000   33.00000  23.3%  36.0  143s
 25911  6037   40.00000   39   31   43.00000   33.00000  23.3%  36.0  146s
 26771  6270   33.00000   30   68   43.00000   33.00000  23.3%  35.9  152s
 28134  6303   40.00000   29   65   43.00000   33.00000  23.3%  36.2  157s
 29033  6507   42.00000   43   41   43.00000   33.00000  23.3%  36.2  163s
 29062  6679   42.00000   44   35   43.00000   33.00000  23.3%  36.2  165s
 30491  6897   42.00000   32   34   43.00000   36.00000  16.3%  36.1  172s
 31900  6907   42.00000   40   48   43.00000   36.00000  16.3%  36.0  176s
 32796  7302 infeasible   38        43.00000   36.00000  16.3%  35.8  182s
 33616  7356   39.00000   39   45   43.00000   36.00000  16.3%  35.8  186s
 34236  7768   42.00000   35   22   43.00000   36.00000  16.3%  35.8  190s
 36553  7772   42.00000   36   22   43.00000   36.00000  16.3%  36.0  195s
 39000  8119   41.00000   32   45   43.00000   36.00000  16.3%  35.9  202s
 39023  9028   41.00000   33   53   43.00000   36.00000  16.3%  35.9  206s
 41816  9036   42.00000   71   17   43.00000   36.00000  16.3%  35.4  211s
 41932  9616 infeasible   72        43.00000   36.00000  16.3%  35.4  217s
 45655 10890   42.00000   29   23   43.00000   37.00000  14.0%  35.5  235s
 53145 11496   41.00000   26   54   43.00000   37.00000  14.0%  35.8  241s
 55837 11502   41.00000   27   52   43.00000   37.00000  14.0%  35.8  251s
 55867 11857   41.00000   28   44   43.00000   37.00000  14.0%  35.8  255s
 58527 11889   42.00000   38   54   43.00000   37.00000  14.0%  35.8  261s
 58789 12402 infeasible   45        43.00000   37.00000  14.0%  35.9  270s
 63026 12423   39.00000   40   54   43.00000   39.00000  9.30%  36.1  276s
 63174 12762     cutoff   41        43.00000   39.00000  9.30%  36.1  288s
 67384 13108   40.00000   41   62   43.00000   39.00000  9.30%  36.5  305s
 72120 13859   39.00000   43   66   43.00000   39.00000  9.30%  37.1  331s
 78183 13883 infeasible   39        43.00000   39.00000  9.30%  37.5  339s
 78469 14505   42.00000   39   42   43.00000   39.00000  9.30%  37.5  358s
 82724 14511 infeasible   27        43.00000   39.00000  9.30%  37.6  371s
 82756 14537   40.00000   36   59   43.00000   39.00000  9.30%  37.6  376s
*83770  7618              48      42.0000000   39.00000  7.14%  37.7  376s
 84967  7509 infeasible   41        42.00000   39.00000  7.14%  37.7  382s
 85226  7357   39.00000   34   54   42.00000   39.00000  7.14%  37.8  389s
 86072  7196 infeasible   32        42.00000   39.00000  7.14%  37.9  396s
 87221  7083   40.00000   26   56   42.00000   39.00000  7.14%  38.0  404s
 87991  6745 infeasible   39        42.00000   40.00000  4.76%  38.0  411s
 91780  6774 infeasible   32        42.00000   40.00000  4.76%  37.9  419s
 92341  7089     cutoff   33        42.00000   40.00000  4.76%  37.9  520s
 106788  7089 infeasible   47        42.00000   40.00000  4.76%  37.9  531s
 106824  7141   40.00000   57   33   42.00000   40.00000  4.76%  37.9  536s
 108427  7185 infeasible   24        42.00000   40.00000  4.76%  37.9  549s
 109311  7232   40.00000   44   10   42.00000   40.00000  4.76%  37.9  557s
 112100  7230   40.00000   41   36   42.00000   40.00000  4.76%  37.8  573s
 112138  6968   40.00000   42   42   42.00000   40.00000  4.76%  37.8  578s
 113830  6951 infeasible   42        42.00000   40.00000  4.76%  37.8  586s
 114057  7060   40.00000   23   45   42.00000   40.00000  4.76%  37.8  591s
 115807  7150   40.00000   28   49   42.00000   40.00000  4.76%  37.3  595s
 116009  7275   40.00000   33   33   42.00000   40.00000  4.76%  37.3  600s
 116182  7365   40.00000   38   55   42.00000   40.00000  4.76%  37.3  606s
 116322  7396   40.00000   41   43   42.00000   40.00000  4.76%  37.3  610s
 116624  7422   41.00000   46   65   42.00000   40.00000  4.76%  37.3  616s
 116759  7423   41.00000   47   51   42.00000   40.00000  4.76%  37.4  620s
 117270  7495   40.00000   36  102   42.00000   40.00000  4.76%  37.4  627s
 117829  7469   40.00000   40   95   42.00000   40.00000  4.76%  37.5  631s
 118665  7540   40.00000   39   66   42.00000   40.00000  4.76%  37.7  636s
 119208  7681   41.00000   59   40   42.00000   40.00000  4.76%  37.8  642s
 119956  7550   40.00000   34   90   42.00000   40.00000  4.76%  37.9  651s
 120626  7606   40.00000   46   30   42.00000   40.00000  4.76%  38.0  656s
 121517  7765   40.00000   44   33   42.00000   40.00000  4.76%  38.2  661s
 122315  7564   40.00000   45   33   42.00000   40.00000  4.76%  38.3  666s
 122830  7547 infeasible   43        42.00000   40.00000  4.76%  38.4  672s
 123251  7433 infeasible   40        42.00000   40.00000  4.76%  38.4  677s
 124685  7117   40.00000   35   59   42.00000   40.00000  4.76%  38.5  684s
 124721  7306   40.00000   36   50   42.00000   40.00000  4.76%  38.5  685s
 125587  7099   40.00000   35   60   42.00000   40.00000  4.76%  38.6  694s
 125693  7359   40.00000   36   58   42.00000   40.00000  4.76%  38.6  696s
 128060  6754   40.00000   44   61   42.00000   40.00000  4.76%  38.8  703s
 128608  6702   40.00000   47   35   42.00000   40.00000  4.76%  38.8  707s
 129173  6554   40.00000   40   65   42.00000   40.00000  4.76%  38.8  712s
 131101  6228   41.00000   44   41   42.00000   40.00000  4.76%  38.9  717s
 131284  6310   40.00000   36   54   42.00000   40.00000  4.76%  38.9  722s
 131784  6718 infeasible   50        42.00000   40.00000  4.76%  38.9  725s
 134545  5840   41.00000   40   54   42.00000   40.00000  4.76%  39.0  730s
 136886  5533   40.00000   40   41   42.00000   40.00000  4.76%  39.0  739s
 136976  5746   40.00000   41   40   42.00000   40.00000  4.76%  39.0  744s
 138036  6477   40.00000   45   28   42.00000   40.00000  4.76%  39.1  750s
 142381  6477   40.00000   41   58   42.00000   40.00000  4.76%  39.4  756s
 143286  6651   40.00000   40   54   42.00000   40.00000  4.76%  39.4  766s
 144779  6777 infeasible   41        42.00000   40.00000  4.76%  39.5  775s
 146361  7009   42.00000   40   39   42.00000   40.00000  4.76%  39.6  780s
 146712  7024   40.00000   45   41   42.00000   40.00000  4.76%  39.7  785s
 149037  7594 infeasible   46        42.00000   40.00000  4.76%  39.8  792s
 151323  7611 infeasible   37        42.00000   40.00000  4.76%  39.8  798s
 151454  8555   40.00000   37   52   42.00000   40.00000  4.76%  39.8  803s
 154172  8587   40.00000   39   44   42.00000   40.00000  4.76%  39.8  806s
 154382  8652   40.00000   39   38   42.00000   40.00000  4.76%  39.8  813s
 155105  8827   42.00000   43   31   42.00000   40.00000  4.76%  39.9  818s
 157543  8917   41.00000   44   39   42.00000   40.00000  4.76%  40.0  824s
 158186  9019   41.00000   45   44   42.00000   40.00000  4.76%  40.1  831s
 160157  9074   41.00000   37   59   42.00000   40.00000  4.76%  40.1  839s
 160506  9714   41.00000   40   50   42.00000   40.00000  4.76%  40.2  921s
 178524  9597   42.00000   49   37   42.00000   40.00000  4.76%  40.5  933s
 178549  9905 infeasible   50        42.00000   40.00000  4.76%  40.5  945s
 181124  9949 infeasible   54        42.00000   40.00000  4.76%  40.6  955s
 181826 11250   40.00000   38   35   42.00000   40.00000  4.76%  40.7 1076s
 199258 11144     cutoff   46        42.00000   40.00000  4.76%  41.7 1091s
 199286 11402   40.00000   45   38   42.00000   40.00000  4.76%  41.7 1100s
 200313 11412 infeasible   53        42.00000   40.00000  4.76%  41.7 1110s
 200646 11535   40.00000   51   23   42.00000   40.00000  4.76%  41.8 1124s
 202345 11551   40.00000   41   67   42.00000   40.00000  4.76%  41.9 1134s
 202525 11795   40.00000   42   65   42.00000   40.00000  4.76%  41.9 1151s
 205578 11842   40.00000   48   36   42.00000   40.00000  4.76%  42.1 1164s
 206670 13055   40.00000   42   46   42.00000   40.00000  4.76%  42.2 1289s
 207671 13055   40.00000   42   41   42.00000   40.00000  4.76%  42.2 1290s
 224688 12964 infeasible   48        42.00000   40.00000  4.76%  43.1 1309s
 224726 12999   40.00000   48   54   42.00000   40.00000  4.76%  43.1 1320s
 226037 13060 infeasible   51        42.00000   40.00000  4.76%  43.2 1331s
 226539 13062 infeasible   46        42.00000   40.00000  4.76%  43.2 1346s
 229118 13199   41.00000   46   44   42.00000   40.00000  4.76%  43.3 1363s
 232109 12936   40.00000   41   57   42.00000   40.00000  4.76%  43.5 1418s
 240069 12887   40.00000   40   45   42.00000   40.00000  4.76%  43.6 1430s
 240104 13089   40.00000   41   47   42.00000   40.00000  4.76%  43.7 1459s
 243592 13089 infeasible   43        42.00000   40.00000  4.76%  43.9 1460s
 244244 13058   40.00000   46   34   42.00000   40.00000  4.76%  43.9 1475s
 244273 13267   40.00000   47   41   42.00000   40.00000  4.76%  43.9 1510s
 247867 13244   41.00000   46   24   42.00000   40.00000  4.76%  44.0 1522s
 247894 13148 infeasible   47        42.00000   40.00000  4.76%  44.0 1539s
 250673 13115 infeasible   47        42.00000   40.00000  4.76%  44.1 1547s
 250709 13136 infeasible   43        42.00000   40.00000  4.76%  44.1 1560s
 252652 13119   41.00000   46   58   42.00000   40.00000  4.76%  44.1 1571s
 252898 12964 infeasible   47        42.00000   40.00000  4.76%  44.1 1612s
 259639 12939   40.00000   46   38   42.00000   40.00000  4.76%  44.2 1624s
 260114 13091 infeasible   43        42.00000   40.00000  4.76%  44.2 1644s
 261625 13105   40.00000   42   23   42.00000   40.00000  4.76%  44.3 1654s
 261955 13246   40.00000   43   21   42.00000   40.00000  4.76%  44.3 1671s
 263356 13232 infeasible   46        42.00000   40.00000  4.76%  44.3 1679s
 263587 13224   40.00000   43   24   42.00000   40.00000  4.76%  44.3 1688s
 263772 13230   40.00000   44   34   42.00000   40.00000  4.76%  44.3 1703s
 263802 13238   40.00000   44   31   42.00000   40.00000  4.76%  44.3 1724s
 264282 13238   40.00000   43   32   42.00000   40.00000  4.76%  44.3 1725s
 267379 13230   40.00000   40   41   42.00000   40.00000  4.76%  44.3 1739s
 267460 13266 infeasible   41        42.00000   40.00000  4.76%  44.3 1765s
 272253 13333   40.00000   37   38   42.00000   40.00000  4.76%  44.3 1782s
 272970 13224 infeasible   45        42.00000   40.00000  4.76%  44.3 1812s
 277028 13266   40.00000   36   46   42.00000   40.00000  4.76%  44.3 1827s
 277793 13157 infeasible   37        42.00000   40.00000  4.76%  44.3 1860s
 282938 13239   40.00000   43   30   42.00000   40.00000  4.76%  44.4 1876s
 284740 13519   41.00000   50   21   42.00000   40.00000  4.76%  44.4 1933s
 291805 13652   41.00000   52   38   42.00000   40.00000  4.76%  44.5 1967s
 293326 13788     cutoff   50        42.00000   40.00000  4.76%  44.5 2009s
 298675 13776   40.00000   37   32   42.00000   40.00000  4.76%  44.5 2018s
 298738 13779   40.00000   34   61   42.00000   40.00000  4.76%  44.5 2050s
 302674 13774   40.00000   43   33   42.00000   40.00000  4.76%  44.5 2066s
 302701 13918 infeasible   44        42.00000   40.00000  4.76%  44.5 2099s
 305123 14015   40.00000   47   29   42.00000   40.00000  4.76%  44.5 2136s
 310578 14012 infeasible   44        42.00000   40.00000  4.76%  44.5 2160s
 313974 14140   40.00000   42   29   42.00000   40.00000  4.76%  44.5 2178s
 316167 13888 infeasible   49        42.00000   40.00000  4.76%  44.5 2234s
 321655 13891   40.00000   43   51   42.00000   40.00000  4.76%  44.4 2248s
 321682 14187   40.00000   44   51   42.00000   40.00000  4.76%  44.4 2329s
 328529 14253 infeasible   52        42.00000   40.00000  4.76%  44.3 2356s
 330510 14380 infeasible   52        42.00000   40.00000  4.76%  44.3 2462s
 339683 14437 infeasible   50        42.00000   40.00000  4.76%  44.4 2473s
 340083 14568 infeasible   49        42.00000   40.00000  4.76%  44.4 2530s
 344983 14577   40.00000   36   37   42.00000   40.00000  4.76%  44.3 2544s
 345009 14926   40.00000   37   32   42.00000   40.00000  4.76%  44.3 2618s
 351844 15032   40.00000   39   43   42.00000   40.00000  4.76%  44.4 2631s
 353305 14497 infeasible   48        42.00000   40.00000  4.76%  44.4 2760s
 367279 14542 infeasible   49        42.00000   40.00000  4.76%  44.5 2774s
 368457 14532 infeasible   48        42.00000   40.00000  4.76%  44.5 2784s
 368540 14558 infeasible   46        42.00000   40.00000  4.76%  44.5 2816s
 372751 14556   40.00000   56   34   42.00000   40.00000  4.76%  44.6 2831s
 373310 14625   40.00000   40   23   42.00000   40.00000  4.76%  44.6 2866s
 377860 14672   40.00000   46   27   42.00000   40.00000  4.76%  44.7 2885s
 380412 14647   40.00000   47    8   42.00000   40.00000  4.76%  44.7 2942s
 386906 14734   40.00000   41   44   42.00000   40.00000  4.76%  44.8 2973s
 390572 14715   40.00000   42   45   42.00000   40.00000  4.76%  44.8 2987s
 391186 14793 infeasible   43        42.00000   40.00000  4.76%  44.9 3015s
 394491 14754   40.00000   47   51   42.00000   40.00000  4.76%  44.9 3048s
 397208 14699   40.00000   52   29   42.00000   40.00000  4.76%  45.0 3086s
 401438 14650 infeasible   43        42.00000   40.00000  4.76%  45.0 3113s
 403003 14389 infeasible   45        42.00000   40.00000  4.76%  45.0 3158s
 408309 14374 infeasible   51        42.00000   40.00000  4.76%  45.0 3169s
 408356 14314   40.00000   46   37   42.00000   40.00000  4.76%  45.0 3216s
 412298 14327   40.00000   43   28   42.00000   40.00000  4.76%  45.0 3266s
 412698 13653 infeasible   44        42.00000   40.00000  4.76%  45.0 3407s
 420606 13653   40.00000   47   48   42.00000   40.00000  4.76%  44.9 3410s
 427015 13646 infeasible   45        42.00000   40.00000  4.76%  45.0 3445s
 427212 13676   40.00000   41   49   42.00000   40.00000  4.76%  45.0 3496s
 429658 13714   40.00000   44   31   42.00000   40.00000  4.76%  45.0 3510s
 430752 13729 infeasible   45        42.00000   40.00000  4.76%  45.0 3534s
 432787 13770   40.00000   56   41   42.00000   40.00000  4.76%  45.1 3550s
 434220 13823 infeasible   57        42.00000   40.00000  4.76%  45.1 3600s

Cutting planes:
  Learned: 5168
  Gomory: 18
  Cover: 160
  Implied bound: 7
  Clique: 5
  MIR: 316
  StrongCG: 11
  Flow cover: 692
  RLT: 140
  Relax-and-lift: 124

Explored 439880 nodes (19934413 simplex iterations) in 3601.70 seconds (1117.09 work units)
Thread count was 18 (of 36 available processors)

Solution count 10: 42 43 43 ... 50

Time limit reached
Best objective 4.200000000000e+01, best bound 4.000000000000e+01, gap 4.7619%

Gurobi 11.0.0 (win64) logging started Tue Jul  2 16:21:34 2024

Set parameter LogFile to value "./Results/StripPacking-ManyRuns/Logs/SU-111-StripPacking-15-3.log"
Set parameter TimeLimit to value 3600
Set parameter Cuts to value 1
Set parameter Presolve to value 1
Set parameter Heuristics to value 1
Set parameter LPWarmStart to value 2
Gurobi Optimizer version 11.0.0 build v11.0.0rc2 (win64 - Windows 10.0 (19045.2))

CPU model: Intel(R) Core(TM) i9-10980XE CPU @ 3.00GHz, instruction set [SSE2|AVX|AVX2|AVX512]
Thread count: 18 physical cores, 36 logical processors, using up to 18 threads

Optimize a model with 1380 rows, 451 columns and 3390 nonzeros
Model fingerprint: 0x802660ee
Variable types: 31 continuous, 420 integer (420 binary)
Coefficient statistics:
  Matrix range     [1e+00, 1e+04]
  Objective range  [1e+00, 1e+00]
  Bounds range     [1e+00, 1e+04]
  RHS range        [1e+00, 1e+04]

Warning: Completing partial solution with 420 unfixed non-continuous variables out of 420
User MIP start produced solution with objective 62.1 (0.02s)
User MIP start produced solution with objective 62.1 (0.02s)
Loaded user MIP start with objective 62.1

Presolve removed 210 rows and 0 columns
Presolve time: 0.00s
Presolved: 1170 rows, 451 columns, 3554 nonzeros
Variable types: 31 continuous, 420 integer (420 binary)

Root relaxation: objective 3.000000e+01, 293 iterations, 0.00 seconds (0.00 work units)

    Nodes    |    Current Node    |     Objective Bounds      |     Work
 Expl Unexpl |  Obj  Depth IntInf | Incumbent    BestBd   Gap | It/Node Time

     0     0   30.00000    0   31   62.10000   30.00000  51.7%     -    0s
H    0     0                      61.0000000   30.00000  50.8%     -    0s
H    0     0                      60.0000000   30.00000  50.0%     -    0s
H    0     0                      57.0000000   30.00000  47.4%     -    0s
     0     0   30.00000    0   50   57.00000   30.00000  47.4%     -    0s
     0     0   30.00000    0   43   57.00000   30.00000  47.4%     -    0s
H    0     0                      56.0000000   30.00000  46.4%     -    0s
     0     0   30.00000    0   27   56.00000   30.00000  46.4%     -    0s
H    0     0                      53.0000000   30.00000  43.4%     -    0s
     0     0   30.00000    0   33   53.00000   30.00000  43.4%     -    0s
H    0     0                      52.0000000   30.00000  42.3%     -    0s
     0     0   30.00000    0   27   52.00000   30.00000  42.3%     -    0s
H    0     0                      50.0000000   30.00000  40.0%     -    0s
     0     0   30.00000    0   28   50.00000   30.00000  40.0%     -    0s
     0     0   30.00000    0   50   50.00000   30.00000  40.0%     -    0s
     0     0   30.00000    0   44   50.00000   30.00000  40.0%     -    0s
     0     0   30.00000    0   38   50.00000   30.00000  40.0%     -    0s
     0     0   30.00000    0   34   50.00000   30.00000  40.0%     -    0s
     0     2   30.00000    0   34   50.00000   30.00000  40.0%     -    0s
H  131   138                      50.0000000   30.00000  40.0%  16.9    0s
H  170   172                      47.0000000   30.00000  36.2%  16.3    0s
H  213   226                      47.0000000   30.00000  36.2%  16.5    1s
H  215   226                      46.0000000   30.00000  34.8%  16.4    1s
H  312   311                      45.0000000   30.00000  33.3%  16.0    3s
   327   324   30.00000   19   48   45.00000   30.00000  33.3%  16.0    5s
  1179   959   42.00000   48   66   45.00000   30.00000  33.3%  14.1   10s
H 2120  1498                      44.0000000   30.00000  31.8%  14.5   14s
  2449  1415   43.00000   25   44   44.00000   30.00000  31.8%  14.3   16s
H 2756  1801                      44.0000000   30.00000  31.8%  14.4   16s
  3469  1981   30.00000   22   41   44.00000   30.00000  31.8%  21.4   21s
  3809  2053   30.11289   31  125   44.00000   30.00000  31.8%  24.0   25s
  4285  2113   42.00000   40   59   44.00000   30.00000  31.8%  26.3   30s
  4634  2120   30.34579   17   69   44.00000   30.00000  31.8%  27.4   35s
  5412  2170   43.00000   40   13   44.00000   30.00000  31.8%  28.5   41s
* 5584  1957              42      43.0000000   30.00000  30.2%  28.8   42s
  5906  1800   32.00000   26   87   43.00000   30.00000  30.2%  30.2   46s
  6393  1790   30.01225   21  120   43.00000   30.00000  30.2%  32.3   50s
H 6746  1739                      43.0000000   30.00000  30.2%  33.2   53s
  7135  1674   41.00000   23   66   43.00000   30.00000  30.2%  33.4   56s
  7960  1731   41.00000   25   57   43.00000   30.00000  30.2%  33.3   61s
  8631  1872   30.34417   29   75   43.00000   30.00000  30.2%  33.9   67s
  9248  1991   42.00000   38   36   43.00000   30.00000  30.2%  33.9   71s
 10269  2263   41.00000   35   45   43.00000   30.25825  29.6%  34.7   75s
 11275  2811   41.00000   34   39   43.00000   31.00000  27.9%  34.8   80s
 12666  2907   42.00000   36   33   43.00000   31.00000  27.9%  34.9   85s
 14170  3188   42.00000   33   52   43.00000   31.82101  26.0%  35.2   90s
 15068  3407   33.00000   35   89   43.00000   32.00000  25.6%  35.2   95s
 16221  3959   39.00000   50   50   43.00000   32.00000  25.6%  35.2  102s
 17528  4789   37.00000   25   53   43.00000   33.00000  23.3%  35.4  106s
 20515  4799   41.00000   37   55   43.00000   33.00000  23.3%  36.0  110s
 20842  4861   33.00000   34   98   43.00000   33.00000  23.3%  36.0  118s
 20875  4900   33.00000   35   80   43.00000   33.00000  23.3%  36.0  121s
 21091  4909   40.00000   46   47   43.00000   33.00000  23.3%  36.0  126s
 21630  5013   33.00000   34   58   43.00000   33.00000  23.3%  35.9  131s
 21659  5877   33.00000   35   54   43.00000   33.00000  23.3%  35.9  135s
 25911  6037   40.00000   39   31   43.00000   33.00000  23.3%  36.0  142s
 26479  6094 infeasible   39        43.00000   33.00000  23.3%  35.9  145s
 28134  6303   40.00000   29   65   43.00000   33.00000  23.3%  36.2  154s
 28172  6500   40.00000   29   58   43.00000   33.00000  23.3%  36.2  156s
 29033  6507   42.00000   43   41   43.00000   33.00000  23.3%  36.2  160s
 30409  6689 infeasible   31        43.00000   36.00000  16.3%  36.1  166s
 31900  6907   42.00000   40   48   43.00000   36.00000  16.3%  36.0  173s
 31926  7206   42.00000   41   48   43.00000   36.00000  16.3%  36.0  175s
 33616  7356   39.00000   39   45   43.00000   36.00000  16.3%  35.8  182s
 34236  7768   42.00000   35   22   43.00000   36.00000  16.3%  35.8  186s
 36553  7772   42.00000   36   22   43.00000   36.00000  16.3%  36.0  190s
 39000  8119   41.00000   32   45   43.00000   36.00000  16.3%  35.9  197s
 39023  9028   41.00000   33   53   43.00000   36.00000  16.3%  35.9  203s
 41816  9036   42.00000   71   17   43.00000   36.00000  16.3%  35.4  207s
 41932  9616 infeasible   72        43.00000   36.00000  16.3%  35.4  217s
 45655 10890   42.00000   29   23   43.00000   37.00000  14.0%  35.5  244s
 53145 11496   41.00000   26   54   43.00000   37.00000  14.0%  35.8  251s
 55837 11502   41.00000   27   52   43.00000   37.00000  14.0%  35.8  259s
 55867 11857   41.00000   28   44   43.00000   37.00000  14.0%  35.8  263s
 58527 11889   42.00000   38   54   43.00000   37.00000  14.0%  35.8  268s
 58789 12402 infeasible   45        43.00000   37.00000  14.0%  35.9  283s
 63026 12423   39.00000   40   54   43.00000   39.00000  9.30%  36.1  289s
 63174 12762     cutoff   41        43.00000   39.00000  9.30%  36.1  307s
 67384 13108   40.00000   41   62   43.00000   39.00000  9.30%  36.5  324s
 69171 13108 infeasible   39        43.00000   39.00000  9.30%  36.8  325s
 72120 13859   39.00000   43   66   43.00000   39.00000  9.30%  37.1  352s
 78183 13883 infeasible   39        43.00000   39.00000  9.30%  37.5  361s
 78469 14505   42.00000   39   42   43.00000   39.00000  9.30%  37.5  382s
 82724 14511 infeasible   27        43.00000   39.00000  9.30%  37.6  395s
 82756 14537   40.00000   36   59   43.00000   39.00000  9.30%  37.6  400s
*83770  7618              48      42.0000000   39.00000  7.14%  37.7  400s
 84967  7509 infeasible   41        42.00000   39.00000  7.14%  37.7  407s
 85226  7357   39.00000   34   54   42.00000   39.00000  7.14%  37.8  413s
 86072  7196 infeasible   32        42.00000   39.00000  7.14%  37.9  421s
 87221  7083   40.00000   26   56   42.00000   39.00000  7.14%  38.0  429s
 87991  6745 infeasible   39        42.00000   40.00000  4.76%  38.0  439s
 91780  6774 infeasible   32        42.00000   40.00000  4.76%  37.9  448s
 92341  7089     cutoff   33        42.00000   40.00000  4.76%  37.9  554s
 95509  7089   40.00000   45   34   42.00000   40.00000  4.76%  37.9  555s
 106788  7089 infeasible   47        42.00000   40.00000  4.76%  37.9  563s
 106824  7141   40.00000   57   33   42.00000   40.00000  4.76%  37.9  569s
 108427  7185 infeasible   24        42.00000   40.00000  4.76%  37.9  583s
 109311  7232   40.00000   44   10   42.00000   40.00000  4.76%  37.9  591s
 112100  7230   40.00000   41   36   42.00000   40.00000  4.76%  37.8  605s
 112138  6968   40.00000   42   42   42.00000   40.00000  4.76%  37.8  611s
 113830  6951 infeasible   42        42.00000   40.00000  4.76%  37.8  619s
 114057  7060   40.00000   23   45   42.00000   40.00000  4.76%  37.8  624s
 115691  7061   41.00000   37   34   42.00000   40.00000  4.76%  37.6  625s
 115991  7263   40.00000   33   49   42.00000   40.00000  4.76%  37.3  630s
 116163  7353   40.00000   37   55   42.00000   40.00000  4.76%  37.3  635s
 116356  7391   40.00000   41   47   42.00000   40.00000  4.76%  37.3  640s
 116624  7422   41.00000   46   65   42.00000   40.00000  4.76%  37.3  645s
 116799  7490   41.00000   47   43   42.00000   40.00000  4.76%  37.4  651s
 117270  7495   40.00000   36  102   42.00000   40.00000  4.76%  37.4  656s
 117829  7469   40.00000   40   95   42.00000   40.00000  4.76%  37.5  660s
 118665  7540   40.00000   39   66   42.00000   40.00000  4.76%  37.7  665s
 119208  7681   41.00000   59   40   42.00000   40.00000  4.76%  37.8  671s
 119956  7550   40.00000   34   90   42.00000   40.00000  4.76%  37.9  680s
 120626  7606   40.00000   46   30   42.00000   40.00000  4.76%  38.0  686s
 121242  7651   40.00000   37   35   42.00000   40.00000  4.76%  38.1  690s
 122315  7564   40.00000   45   33   42.00000   40.00000  4.76%  38.3  696s
 122830  7547 infeasible   43        42.00000   40.00000  4.76%  38.4  702s
 123251  7433 infeasible   40        42.00000   40.00000  4.76%  38.4  706s
 124685  7117   40.00000   35   59   42.00000   40.00000  4.76%  38.5  713s
 125370  7146 infeasible   59        42.00000   40.00000  4.76%  38.6  717s
 125587  7099   40.00000   35   60   42.00000   40.00000  4.76%  38.6  722s
 127511  6828   40.00000   43   54   42.00000   40.00000  4.76%  38.7  726s
 128060  6754   40.00000   44   61   42.00000   40.00000  4.76%  38.8  730s
 129173  6554   40.00000   40   65   42.00000   40.00000  4.76%  38.8  738s
 131101  6228   41.00000   44   41   42.00000   40.00000  4.76%  38.9  743s
 131284  6310   40.00000   36   54   42.00000   40.00000  4.76%  38.9  748s
 131784  6718 infeasible   50        42.00000   40.00000  4.76%  38.9  752s
 134545  5840   41.00000   40   54   42.00000   40.00000  4.76%  39.0  757s
 136886  5533   40.00000   40   41   42.00000   40.00000  4.76%  39.0  764s
 136976  5746   40.00000   41   40   42.00000   40.00000  4.76%  39.0  770s
 138036  6477   40.00000   45   28   42.00000   40.00000  4.76%  39.1  777s
 142381  6477   40.00000   41   58   42.00000   40.00000  4.76%  39.4  783s
 142595  6589   40.00000   40   52   42.00000   40.00000  4.76%  39.4  786s
 143286  6651   40.00000   40   54   42.00000   40.00000  4.76%  39.4  792s
 143512  6781 infeasible   45        42.00000   40.00000  4.76%  39.5  795s
 144779  6777 infeasible   41        42.00000   40.00000  4.76%  39.5  802s
 146361  7009   42.00000   40   39   42.00000   40.00000  4.76%  39.6  809s
 146712  7024   40.00000   45   41   42.00000   40.00000  4.76%  39.7  814s
 146841  7297   40.00000   46   46   42.00000   40.00000  4.76%  39.7  816s
 149037  7594 infeasible   46        42.00000   40.00000  4.76%  39.8  820s
 151323  7611 infeasible   37        42.00000   40.00000  4.76%  39.8  825s
 151454  8555   40.00000   37   52   42.00000   40.00000  4.76%  39.8  831s
 154382  8652   40.00000   39   38   42.00000   40.00000  4.76%  39.8  841s
 155105  8827   42.00000   43   31   42.00000   40.00000  4.76%  39.9  846s
 157543  8917   41.00000   44   39   42.00000   40.00000  4.76%  40.0  851s
 158186  9019   41.00000   45   44   42.00000   40.00000  4.76%  40.1  858s
 160157  9074   41.00000   37   59   42.00000   40.00000  4.76%  40.1  868s
 160506  9714   41.00000   40   50   42.00000   40.00000  4.76%  40.2  947s
 172518  9714   40.00000   44   49   42.00000   40.00000  4.76%  40.4  950s
 178524  9597   42.00000   49   37   42.00000   40.00000  4.76%  40.5  959s
 178549  9905 infeasible   50        42.00000   40.00000  4.76%  40.5  972s
 181124  9949 infeasible   54        42.00000   40.00000  4.76%  40.6  983s
 181826 11250   40.00000   38   35   42.00000   40.00000  4.76%  40.7 1103s
 199258 11144     cutoff   46        42.00000   40.00000  4.76%  41.7 1118s
 199286 11402   40.00000   45   38   42.00000   40.00000  4.76%  41.7 1128s
 200313 11412 infeasible   53        42.00000   40.00000  4.76%  41.7 1138s
 200646 11535   40.00000   51   23   42.00000   40.00000  4.76%  41.8 1154s
 202345 11551   40.00000   41   67   42.00000   40.00000  4.76%  41.9 1163s
 202525 11795   40.00000   42   65   42.00000   40.00000  4.76%  41.9 1181s
 205578 11842   40.00000   48   36   42.00000   40.00000  4.76%  42.1 1192s
 206670 13055   40.00000   42   46   42.00000   40.00000  4.76%  42.2 1326s
 224688 12964 infeasible   48        42.00000   40.00000  4.76%  43.1 1349s
 224726 12999   40.00000   48   54   42.00000   40.00000  4.76%  43.1 1359s
 226037 13060 infeasible   51        42.00000   40.00000  4.76%  43.2 1372s
 226539 13062 infeasible   46        42.00000   40.00000  4.76%  43.2 1389s
 229118 13199   41.00000   46   44   42.00000   40.00000  4.76%  43.3 1403s
 232109 12936   40.00000   41   57   42.00000   40.00000  4.76%  43.5 1458s
 240069 12887   40.00000   40   45   42.00000   40.00000  4.76%  43.6 1469s
 240104 13089   40.00000   41   47   42.00000   40.00000  4.76%  43.7 1497s
 244244 13058   40.00000   46   34   42.00000   40.00000  4.76%  43.9 1515s
 244273 13267   40.00000   47   41   42.00000   40.00000  4.76%  43.9 1549s
 247867 13244   41.00000   46   24   42.00000   40.00000  4.76%  44.0 1562s
 247894 13148 infeasible   47        42.00000   40.00000  4.76%  44.0 1578s
 250673 13115 infeasible   47        42.00000   40.00000  4.76%  44.1 1586s
 250709 13136 infeasible   43        42.00000   40.00000  4.76%  44.1 1600s
 252652 13119   41.00000   46   58   42.00000   40.00000  4.76%  44.1 1612s
 252898 12964 infeasible   47        42.00000   40.00000  4.76%  44.1 1656s
 259639 12939   40.00000   46   38   42.00000   40.00000  4.76%  44.2 1667s
 260114 13091 infeasible   43        42.00000   40.00000  4.76%  44.2 1686s
 261625 13105   40.00000   42   23   42.00000   40.00000  4.76%  44.3 1695s
 261955 13246   40.00000   43   21   42.00000   40.00000  4.76%  44.3 1714s
 263356 13232 infeasible   46        42.00000   40.00000  4.76%  44.3 1722s
 263587 13224   40.00000   43   24   42.00000   40.00000  4.76%  44.3 1732s
 263772 13230   40.00000   44   34   42.00000   40.00000  4.76%  44.3 1747s
 263802 13238   40.00000   44   31   42.00000   40.00000  4.76%  44.3 1769s
 267379 13230   40.00000   40   41   42.00000   40.00000  4.76%  44.3 1785s
 267460 13266 infeasible   41        42.00000   40.00000  4.76%  44.3 1810s
 272253 13333   40.00000   37   38   42.00000   40.00000  4.76%  44.3 1828s
 272970 13224 infeasible   45        42.00000   40.00000  4.76%  44.3 1859s
 273679 13224 infeasible   35        42.00000   40.00000  4.76%  44.3 1860s
 277028 13266   40.00000   36   46   42.00000   40.00000  4.76%  44.3 1875s
 277793 13157 infeasible   37        42.00000   40.00000  4.76%  44.3 1908s
 282938 13239   40.00000   43   30   42.00000   40.00000  4.76%  44.4 1926s
 284740 13519   41.00000   50   21   42.00000   40.00000  4.76%  44.4 1974s
 290302 13519   40.00000   46   46   42.00000   40.00000  4.76%  44.4 1975s
 291805 13652   41.00000   52   38   42.00000   40.00000  4.76%  44.5 2006s
 293326 13788     cutoff   50        42.00000   40.00000  4.76%  44.5 2050s
 298675 13776   40.00000   37   32   42.00000   40.00000  4.76%  44.5 2059s
 298738 13779   40.00000   34   61   42.00000   40.00000  4.76%  44.5 2093s
 302674 13774   40.00000   43   33   42.00000   40.00000  4.76%  44.5 2108s
 302701 13918 infeasible   44        42.00000   40.00000  4.76%  44.5 2138s
 305123 14015   40.00000   47   29   42.00000   40.00000  4.76%  44.5 2173s
 310578 14012 infeasible   44        42.00000   40.00000  4.76%  44.5 2196s
 313974 14140   40.00000   42   29   42.00000   40.00000  4.76%  44.5 2214s
 316167 13888 infeasible   49        42.00000   40.00000  4.76%  44.5 2272s
 321655 13891   40.00000   43   51   42.00000   40.00000  4.76%  44.4 2286s
 321682 14187   40.00000   44   51   42.00000   40.00000  4.76%  44.4 2367s
 328529 14253 infeasible   52        42.00000   40.00000  4.76%  44.3 2389s
 330510 14380 infeasible   52        42.00000   40.00000  4.76%  44.3 2499s
 339683 14437 infeasible   50        42.00000   40.00000  4.76%  44.4 2510s
 340083 14568 infeasible   49        42.00000   40.00000  4.76%  44.4 2570s
 344983 14577   40.00000   36   37   42.00000   40.00000  4.76%  44.3 2584s
 345009 14926   40.00000   37   32   42.00000   40.00000  4.76%  44.3 2659s
 351844 15032   40.00000   39   43   42.00000   40.00000  4.76%  44.4 2673s
 353305 14497 infeasible   48        42.00000   40.00000  4.76%  44.4 2806s
 367279 14542 infeasible   49        42.00000   40.00000  4.76%  44.5 2822s
 368457 14532 infeasible   48        42.00000   40.00000  4.76%  44.5 2833s
 368540 14558 infeasible   46        42.00000   40.00000  4.76%  44.5 2865s
 372751 14556   40.00000   56   34   42.00000   40.00000  4.76%  44.6 2879s
 373310 14625   40.00000   40   23   42.00000   40.00000  4.76%  44.6 2915s
 377860 14672   40.00000   46   27   42.00000   40.00000  4.76%  44.7 2935s
 380412 14647   40.00000   47    8   42.00000   40.00000  4.76%  44.7 2994s
 386906 14734   40.00000   41   44   42.00000   40.00000  4.76%  44.8 3025s
 390572 14715   40.00000   42   45   42.00000   40.00000  4.76%  44.8 3037s
 391186 14793 infeasible   43        42.00000   40.00000  4.76%  44.9 3069s
 394435 14793 infeasible   49        42.00000   40.00000  4.76%  44.9 3070s
 394491 14754   40.00000   47   51   42.00000   40.00000  4.76%  44.9 3102s
 397208 14699   40.00000   52   29   42.00000   40.00000  4.76%  45.0 3140s
 401438 14650 infeasible   43        42.00000   40.00000  4.76%  45.0 3168s
 403003 14389 infeasible   45        42.00000   40.00000  4.76%  45.0 3214s
 408309 14374 infeasible   51        42.00000   40.00000  4.76%  45.0 3224s
 408356 14314   40.00000   46   37   42.00000   40.00000  4.76%  45.0 3271s
 412298 14327   40.00000   43   28   42.00000   40.00000  4.76%  45.0 3319s
 412698 13653 infeasible   44        42.00000   40.00000  4.76%  45.0 3458s
 420606 13653   40.00000   47   48   42.00000   40.00000  4.76%  44.9 3460s
 427015 13646 infeasible   45        42.00000   40.00000  4.76%  45.0 3493s
 427212 13676   40.00000   41   49   42.00000   40.00000  4.76%  45.0 3546s
 429658 13714   40.00000   44   31   42.00000   40.00000  4.76%  45.0 3558s
 430752 13729 infeasible   45        42.00000   40.00000  4.76%  45.0 3581s
 432787 13770   40.00000   56   41   42.00000   40.00000  4.76%  45.1 3599s
 434220 13782 infeasible   57        42.00000   40.00000  4.76%  45.1 3600s

Cutting planes:
  Learned: 5149
  Gomory: 18
  Cover: 160
  Implied bound: 7
  Clique: 5
  MIR: 316
  StrongCG: 11
  Flow cover: 692
  RLT: 140
  Relax-and-lift: 124

Explored 434288 nodes (19641467 simplex iterations) in 3600.13 seconds (1111.27 work units)
Thread count was 18 (of 36 available processors)

Solution count 10: 42 43 43 ... 50

Time limit reached
Best objective 4.200000000000e+01, best bound 4.000000000000e+01, gap 4.7619%
