
Gurobi 11.0.0 (win64) logging started Wed May 22 15:52:10 2024

Set parameter LogFile to value "./Results/StripPacking-ManyRuns/Logs/SUspb-111-StripPacking-15-3.log"
Set parameter TimeLimit to value 3600
Set parameter Cuts to value 1
Set parameter Presolve to value 1
Set parameter Heuristics to value 1
Set parameter LPWarmStart to value 2
Gurobi Optimizer version 11.0.0 build v11.0.0rc2 (win64 - Windows 10.0 (19045.2))

CPU model: Intel(R) Core(TM) i9-10980XE CPU @ 3.00GHz, instruction set [SSE2|AVX|AVX2|AVX512]
Thread count: 18 physical cores, 36 logical processors, using up to 18 threads

Optimize a model with 6840 rows, 451 columns and 19770 nonzeros
Model fingerprint: 0xc164fd0e
Variable types: 31 continuous, 420 integer (420 binary)
Coefficient statistics:
  Matrix range     [1e+00, 1e+04]
  Objective range  [1e+00, 1e+00]
  Bounds range     [1e+00, 1e+04]
  RHS range        [1e+00, 1e+04]
Using branch priorities.

Warning: Completing partial solution with 420 unfixed non-continuous variables out of 420
User MIP start produced solution with objective 72 (0.02s)
User MIP start produced solution with objective 72 (0.02s)
Loaded user MIP start with objective 72

Presolve removed 210 rows and 0 columns
Presolve time: 0.05s
Presolved: 6630 rows, 451 columns, 19934 nonzeros
Variable types: 31 continuous, 420 integer (420 binary)

Root relaxation: objective 3.700000e+01, 500 iterations, 0.03 seconds (0.05 work units)

    Nodes    |    Current Node    |     Objective Bounds      |     Work
 Expl Unexpl |  Obj  Depth IntInf | Incumbent    BestBd   Gap | It/Node Time

     0     0   37.00000    0   25   72.00000   37.00000  48.6%     -    0s
H    0     0                      68.0000000   37.00000  45.6%     -    0s
H    0     0                      61.0000000   37.00000  39.3%     -    1s
     0     0   37.00000    0   71   61.00000   37.00000  39.3%     -    1s
     0     0   37.00000    0   71   61.00000   37.00000  39.3%     -    1s
H    0     0                      60.0000000   37.00000  38.3%     -    1s
     0     0   37.00000    0   29   60.00000   37.00000  38.3%     -    1s
     0     0   37.00000    0   57   60.00000   37.00000  38.3%     -    1s
H    0     0                      59.0000000   37.00000  37.3%     -    2s
     0     0   37.00000    0   39   59.00000   37.00000  37.3%     -    2s
H    0     0                      58.0000000   37.00000  36.2%     -    2s
     0     0   37.00000    0   14   58.00000   37.00000  36.2%     -    2s
     0     0   37.00000    0   16   58.00000   37.00000  36.2%     -    2s
     0     0   37.00000    0   27   58.00000   37.00000  36.2%     -    3s
     0     0   37.00000    0   26   58.00000   37.00000  36.2%     -    3s
     0     0   37.00000    0   21   58.00000   37.00000  36.2%     -    3s
     0     0   37.00000    0   34   58.00000   37.00000  36.2%     -    3s
H    0     0                      55.0000000   37.00000  32.7%     -    4s
     0     0   37.00000    0   20   55.00000   37.00000  32.7%     -    4s
     0     0   37.00000    0   37   55.00000   37.00000  32.7%     -    4s
H    0     0                      53.0000000   37.00000  30.2%     -    4s
     0     0   37.00000    0   16   53.00000   37.00000  30.2%     -    4s
     0     0   37.00000    0   39   53.00000   37.00000  30.2%     -    4s
     0     0   37.00000    0   33   53.00000   37.00000  30.2%     -    5s
     0     0   37.00000    0   33   53.00000   37.00000  30.2%     -    5s
     0     2   37.00000    0   31   53.00000   37.00000  30.2%     -    5s
H  113   122                      53.0000000   37.00000  30.2%  38.9    7s
H  158   175                      52.0000000   37.00000  28.8%  55.0    8s
   361   304   37.00000   19   59   52.00000   37.00000  28.8%  48.1   17s
H  375   304                      51.0000000   37.00000  27.5%  47.8   17s
H  377   304                      50.0000000   37.00000  26.0%  47.8   17s
   385   455   39.16867   20   67   50.00000   37.00000  26.0%  50.0   23s
   751   634   47.00000   14   72   50.00000   37.00000  26.0%  44.8   28s
  1154   803   49.00000   26   56   50.00000   37.00000  26.0%  46.4   54s
  1700   815   46.00000   19   68   50.00000   37.00000  26.0%  41.2   63s
  1724  1315   46.00000   20   62   50.00000   37.00000  26.0%  41.5   70s
H 2061  1315                      48.0000000   37.00000  22.9%  40.9   70s
  2968  1094     cutoff   25        48.00000   37.00000  22.9%  39.5   95s
  3010  1705   37.31270   16   82   48.00000   37.00000  22.9%  39.3  105s
  5070  1711   47.00000   17   21   48.00000   37.00000  22.9%  35.6  110s
  5080  1717   37.00000   16   47   48.00000   37.00000  22.9%  35.6  115s
  5346  1855 infeasible   20        48.00000   37.00000  22.9%  41.1  121s
  5502  1858   39.00000   24   82   48.00000   37.00000  22.9%  42.9  126s
  5743  1838   37.03183   21  104   48.00000   37.00000  22.9%  45.2  143s
H 6092  1729                      48.0000000   37.00000  22.9%  48.1  144s
  6131  1754 infeasible   28        48.00000   37.00000  22.9%  48.3  147s
  6349  1781 infeasible   28        48.00000   37.00000  22.9%  49.8  151s
* 6401  1682              25      47.0000000   37.00000  21.3%  50.0  151s
  6755  1588   43.00000   32   85   47.00000   37.00000  21.3%  52.1  157s
  6967  1587 infeasible   27        47.00000   37.00000  21.3%  54.1  160s
H 7427  1356                      47.0000000   37.00000  21.3%  56.9  160s
  7508  1339 infeasible   27        47.00000   37.00000  21.3%  57.8  170s
  7546  1381 infeasible   28        47.00000   37.00000  21.3%  58.1  176s
  8026  1307 infeasible   22        47.00000   37.00000  21.3%  61.0  181s
  8590  1165   37.00000   20   72   47.00000   37.00000  21.3%  63.4  187s
  8766  1161   41.00000   21   71   47.00000   37.00000  21.3%  64.4  191s
  9620   983   37.00000   22   43   47.00000   37.00000  21.3%  67.1  202s
 10193  1137   46.00000   31   18   47.00000   37.00000  21.3%  69.8  208s
 11549  1096 infeasible   26        47.00000   37.00000  21.3%  74.9  214s
 11686  1118   37.00000   26   68   47.00000   37.00000  21.3%  75.4  219s
 11890  1132 infeasible   28        47.00000   37.00000  21.3%  76.0  224s
 13210  1183 infeasible   23        47.00000   37.00000  21.3%  79.2  232s
 13609  1274 infeasible   31        47.00000   37.00000  21.3%  80.7  240s
 14327  1284 infeasible   32        47.00000   37.00000  21.3%  81.5  247s
 14703  1302   43.00000   24   65   47.00000   37.00000  21.3%  82.5  253s
 15553  1349     cutoff   25        47.00000   37.00000  21.3%  83.8  266s
 16018  1362 infeasible   25        47.00000   37.00000  21.3%  84.2  271s
 17172  1435 infeasible   26        47.00000   37.00000  21.3%  85.1  281s
 17936  1447   46.00000   28   67   47.00000   37.00000  21.3%  85.8  293s
 18018  1485 infeasible   29        47.00000   37.00000  21.3%  86.0  305s
 18801  1518   37.00000   23   66   47.00000   37.00000  21.3%  87.1  312s
 20147  1521   43.00000   23   50   47.00000   37.00000  21.3%  88.8  318s
 20199  1523 infeasible   24        47.00000   37.00000  21.3%  89.0  326s
 20240  1539   37.00000   24   60   47.00000   37.00000  21.3%  89.0  332s
 20527  1543   46.00000   25   76   47.00000   37.00000  21.3%  89.4  342s
 20565  1530 infeasible   25        47.00000   37.00000  21.3%  89.4  351s
 21156  1516   37.00000   23   61   47.00000   37.00000  21.3%  90.6  362s
 21491  1437   46.00000   30   63   47.00000   37.00000  21.3%  90.5  368s
 22951  1441   43.00000   23   79   47.00000   37.00000  21.3%  90.2  379s
 22983  1420   46.00000   24   51   47.00000   37.00000  21.3%  90.2  385s
 23253  1206 infeasible   25        47.00000   37.00000  21.3%  90.0  394s
 24538  1206 infeasible   23        47.00000   37.00000  21.3%  88.7  395s
 25529  1209 infeasible   26        47.00000   37.27778  20.7%  87.6  408s
 25562  1133   43.00000   24   66   47.00000   39.00000  17.0%  87.6  415s
 27066  1124 infeasible   26        47.00000   43.00000  8.51%  86.3  434s
 27537   998   43.00000   25   39   47.00000   43.00000  8.51%  85.9  441s
 28738   990   43.00000   27   45   47.00000   43.00000  8.51%  84.5  449s
 28848   791   43.00000   28   79   47.00000   43.00000  8.51%  84.4  458s
 30988   736     cutoff   25        47.00000   43.00000  8.51%  82.3  466s
 32510   729 infeasible   29        47.00000   43.00000  8.51%  80.7  478s
 32552   744 infeasible   23        47.00000   43.00000  8.51%  80.6  486s
 33054   296 infeasible   25        47.00000   43.00000  8.51%  80.1  517s
 37807   306   46.00000   29   42   47.00000   43.00000  8.51%  75.8  540s
 37859    70 infeasible   30        47.00000   43.00000  8.51%  75.8  550s
 39664    85   45.00000   31   22   47.00000   43.00000  8.51%  74.4  582s
 39685    16   45.00000   32   42   47.00000   43.00000  8.51%  74.4  586s

Cutting planes:
  Learned: 1557
  Gomory: 6
  Lift-and-project: 25
  Cover: 96
  Implied bound: 11
  MIR: 160
  StrongCG: 5
  Flow cover: 312
  Zero half: 1
  RLT: 147
  Relax-and-lift: 121

Explored 40531 nodes (3004975 simplex iterations) in 589.13 seconds (338.95 work units)
Thread count was 18 (of 36 available processors)

Solution count 10: 47 47 47 ... 53

Optimal solution found (tolerance 1.00e-04)
Best objective 4.700000000000e+01, best bound 4.700000000000e+01, gap 0.0000%

Gurobi 11.0.0 (win64) logging started Tue Jun 18 18:11:22 2024

Set parameter LogFile to value "./Results/StripPacking-ManyRuns/Logs/SUspb-111-StripPacking-15-3.log"
Set parameter TimeLimit to value 3600
Set parameter Cuts to value 1
Set parameter Presolve to value 1
Set parameter Heuristics to value 1
Set parameter LPWarmStart to value 2
Gurobi Optimizer version 11.0.0 build v11.0.0rc2 (win64 - Windows 10.0 (19045.2))

CPU model: Intel(R) Core(TM) i9-10980XE CPU @ 3.00GHz, instruction set [SSE2|AVX|AVX2|AVX512]
Thread count: 18 physical cores, 36 logical processors, using up to 18 threads

Optimize a model with 6840 rows, 451 columns and 19770 nonzeros
Model fingerprint: 0xd8df25e2
Variable types: 31 continuous, 420 integer (420 binary)
Coefficient statistics:
  Matrix range     [1e+00, 1e+04]
  Objective range  [1e+00, 1e+00]
  Bounds range     [1e+00, 1e+04]
  RHS range        [1e+00, 1e+04]
Using branch priorities.

Warning: Completing partial solution with 420 unfixed non-continuous variables out of 420
User MIP start produced solution with objective 62.1 (0.05s)
User MIP start produced solution with objective 62.1 (0.05s)
Loaded user MIP start with objective 62.1

Presolve removed 210 rows and 0 columns
Presolve time: 0.03s
Presolved: 6630 rows, 451 columns, 19934 nonzeros
Variable types: 31 continuous, 420 integer (420 binary)

Root relaxation: objective 3.000000e+01, 345 iterations, 0.03 seconds (0.03 work units)

    Nodes    |    Current Node    |     Objective Bounds      |     Work
 Expl Unexpl |  Obj  Depth IntInf | Incumbent    BestBd   Gap | It/Node Time

     0     0   30.00000    0   32   62.10000   30.00000  51.7%     -    0s
H    0     0                      60.0000000   30.00000  50.0%     -    0s
H    0     0                      59.0000000   30.00000  49.2%     -    2s
H    0     0                      52.0000000   30.00000  42.3%     -    2s
     0     0   30.00000    0   86   52.00000   30.00000  42.3%     -    2s
     0     0   30.00000    0   74   52.00000   30.00000  42.3%     -    2s
     0     0   30.00000    0   38   52.00000   30.00000  42.3%     -    2s
     0     0   30.00000    0   36   52.00000   30.00000  42.3%     -    2s
     0     0   30.00000    0   38   52.00000   30.00000  42.3%     -    3s
     0     0   30.00000    0   56   52.00000   30.00000  42.3%     -    3s
H    0     0                      49.0000000   30.00000  38.8%     -    3s
     0     0   30.00000    0   33   49.00000   30.00000  38.8%     -    3s
     0     0   30.00000    0   34   49.00000   30.00000  38.8%     -    3s
     0     0   30.00000    0   42   49.00000   30.00000  38.8%     -    4s
     0     0   30.00000    0   37   49.00000   30.00000  38.8%     -    4s
H    0     0                      48.0000000   30.00000  37.5%     -    5s
H    0     0                      47.0000000   30.00000  36.2%     -    5s
     0     0   30.00000    0   41   47.00000   30.00000  36.2%     -    5s
     0     0   30.00000    0   41   47.00000   30.00000  36.2%     -    5s
     0     2   30.00000    0   41   47.00000   30.00000  36.2%     -    6s
H   94   100                      45.0000000   30.00000  33.3%  96.5    7s
   210   207   32.00000   11  101   45.00000   30.00000  33.3%  68.8   15s
H  218   207                      44.0000000   30.00000  31.8%  67.0   15s
H  231   230                      44.0000000   30.00000  31.8%  66.5   15s
   258   245   34.33333   13   62   44.00000   30.00000  31.8%  63.7   32s
H  261   245                      43.0000000   30.00000  30.2%  63.0   32s
   279   249 infeasible   13        43.00000   30.00000  30.2%  60.2   35s
   378   301   32.00000   11   69   43.00000   30.00000  30.2%  53.0   41s
H  513   345                      43.0000000   30.00000  30.2%  45.3   44s
   520   355   33.60000   18   49   43.00000   30.00000  30.2%  45.2   46s
   546   367   40.00000   19   65   43.00000   30.00000  30.2%  44.1   51s
   569   403   42.00000   20   40   43.00000   30.00000  30.2%  43.4   66s
   625   414   42.00000   23   38   43.00000   30.00000  30.2%  41.6   70s
   792   467   42.00000   25   34   43.00000   30.00000  30.2%  37.4   75s
  1002   533   41.00000    6   82   43.00000   30.50000  29.1%  34.3   98s
  1125   659   41.00000   16   26   43.00000   30.50000  29.1%  33.0  100s
  1337   668 infeasible   27        43.00000   30.50000  29.1%  30.9  130s
  1743   790   41.00000   19   97   43.00000   30.50000  29.1%  28.6  199s
  1773   823   41.00000   20   96   43.00000   30.50000  29.1%  28.4  200s
  1920   860   41.00000   22   86   43.00000   30.50000  29.1%  28.0  233s
  1941   890 infeasible   23        43.00000   31.00000  27.9%  27.9  251s
  2333  1048   33.00000   10   77   43.00000   31.00000  27.9%  26.2  263s
  2559  1119   42.00000   18   36   43.00000   31.00000  27.9%  25.8  299s
  2908  1142   42.00000   25   14   43.00000   31.00000  27.9%  24.9  306s
  2984  1242 infeasible   26        43.00000   31.00000  27.9%  24.7  311s
  3377  1389   37.00000   17   35   43.00000   32.00000  25.6%  24.0  317s
  3760  1442   41.00000   22   59   43.00000   32.00000  25.6%  23.6  329s
  3952  1454 infeasible   30        43.00000   32.00000  25.6%  23.2  340s
  3976  1740 infeasible   29        43.00000   32.00000  25.6%  23.2  346s
  4921  1745   40.00000   17   55   43.00000   32.00000  25.6%  22.7  350s
  5110  1870   40.00000   19   57   43.00000   32.00000  25.6%  26.9  355s
  5160  1882   40.00000   20   48   43.00000   32.00000  25.6%  27.2  366s
  5320  1854   40.00000   25   36   43.00000   32.00000  25.6%  27.7  376s
  5517  1829 infeasible   27        43.00000   32.00000  25.6%  28.6  394s
  5550  1821 infeasible   29        43.00000   32.00000  25.6%  28.8  395s
  5652  1808   33.00000   16   64   43.00000   32.00000  25.6%  29.1  405s
  5680  1804   36.00000   17   61   43.00000   32.00000  25.6%  29.2  414s
  5709  1809   36.00000   18   59   43.00000   32.00000  25.6%  29.3  419s
  5752  1822   36.00000   19   62   43.00000   32.00000  25.6%  29.5  421s
  6023  1759   42.00000   20   53   43.00000   32.00000  25.6%  30.4  440s
  6136  1753   36.00000   20   40   43.00000   32.00000  25.6%  30.8  446s
  6448  1745   41.00000   21   40   43.00000   32.00000  25.6%  31.5  452s
  6499  1749   41.00000   22   38   43.00000   32.00000  25.6%  31.6  460s
  6665  1809   41.00000   26   47   43.00000   32.00000  25.6%  31.9  465s
  7047  1755 infeasible   30        43.00000   32.00000  25.6%  32.8  471s
  7193  1726   37.00000   34   38   43.00000   32.00000  25.6%  33.1  475s
  7256  1711   37.00000   35   44   43.00000   32.00000  25.6%  33.2  487s
  7610  1658 infeasible   40        43.00000   32.00000  25.6%  34.0  506s
  8182  1614 infeasible   29        43.00000   33.00000  23.3%  35.0  512s
  8678  1463   42.00000   28   47   43.00000   33.00000  23.3%  36.1  519s
  8760  1530 infeasible   29        43.00000   33.00000  23.3%  36.2  525s
  9421  1368   33.00000   29   47   43.00000   33.00000  23.3%  37.6  535s
  9555  1434 infeasible   34        43.00000   33.00000  23.3%  38.1  540s
 10084  1338   40.00000   30   53   43.00000   33.00000  23.3%  38.9  550s
 10423  1441 infeasible   38        43.00000   33.00000  23.3%  39.8  558s
 11129  1429 infeasible   32        43.00000   33.00000  23.3%  42.0  565s
 11177  1518   40.00000   32   68   43.00000   33.00000  23.3%  42.0  570s
 11787  1586 infeasible   33        43.00000   33.00000  23.3%  42.8  578s
 12155  1675   40.00000   27   57   43.00000   36.00000  16.3%  43.7  587s
 13150  1682   42.00000   31   26   43.00000   36.00000  16.3%  45.1  604s
 13178  1707 infeasible   32        43.00000   36.00000  16.3%  45.1  611s
 13543  1717 infeasible   37        43.00000   36.00000  16.3%  45.3  626s
 13569  1760 infeasible   38        43.00000   36.00000  16.3%  45.3  635s
 13996  1761 infeasible   37        43.00000   36.00000  16.3%  45.5  652s
 14030  1777 infeasible   38        43.00000   36.00000  16.3%  45.5  656s
 14345  1792   36.00000   30   66   43.00000   36.00000  16.3%  45.7  679s
 14366  1912   36.00000   31   59   43.00000   36.00000  16.3%  45.7  685s
*15368  1414              41      42.0000000   36.00000  14.3%  46.3  686s
 15489  1338 infeasible   28        42.00000   36.00000  14.3%  46.3  700s
 15548  1295 infeasible   27        42.00000   36.00000  14.3%  46.3  707s
 16275  1307   37.00000   25   35   42.00000   36.00000  14.3%  46.7  714s
 16798  1319 infeasible   20        42.00000   36.00000  14.3%  46.9  720s
 18098  1344     cutoff   26        42.00000   36.00000  14.3%  47.1  732s
 18336  1331   36.00000   26   44   42.00000   36.00000  14.3%  47.2  742s
 18883  1320 infeasible   36        42.00000   36.00000  14.3%  47.5  749s
 19430  1321     cutoff   32        42.00000   36.00000  14.3%  47.7  755s
 20133  1299 infeasible   33        42.00000   36.00000  14.3%  48.3  768s
 22311  1299   41.00000   37   50   42.00000   39.00000  7.14%  49.2  782s
 22346  1399 infeasible   38        42.00000   39.00000  7.14%  49.2  797s
 24043  1407 infeasible   29        42.00000   39.00000  7.14%  50.9  807s
 24090  1387 infeasible   29        42.00000   39.00000  7.14%  51.0  832s
 28194  1396 infeasible   37        42.00000   39.00000  7.14%  51.6  843s
 28221  1434   39.00000   32   56   42.00000   39.00000  7.14%  51.6  848s
 28438  1439     cutoff   42        42.00000   39.00000  7.14%  51.7  861s
 28469  1489   41.00000   41   57   42.00000   39.00000  7.14%  51.7  871s
 28997  1490   39.00000   24   33   42.00000   39.00000  7.14%  51.9  877s
 29199  1412 infeasible   25        42.00000   39.00000  7.14%  52.0  882s
 30185  1417   40.00000   30   67   42.00000   39.00000  7.14%  52.1  892s
 30242  1445     cutoff   31        42.00000   39.00000  7.14%  52.1  898s
 30732  1467 infeasible   28        42.00000   39.00000  7.14%  52.3  907s
 31189  1480 infeasible   29        42.00000   39.00000  7.14%  52.3  916s
 31526  1476   39.00000   28   29   42.00000   39.00000  7.14%  52.4  922s
 31738  1447 infeasible   27        42.00000   39.00000  7.14%  52.4  939s
 31969  1456   40.00000   31   31   42.00000   39.00000  7.14%  52.4  945s
 32313  1606   40.00000   20   46   42.00000   40.00000  4.76%  52.4  962s
 35522  1608     cutoff   25        42.00000   40.00000  4.76%  52.7  976s
 35555  1694     cutoff   28        42.00000   40.00000  4.76%  52.8 1004s
 38486  1689 infeasible   31        42.00000   40.00000  4.76%  53.4 1018s
 38527  1728   40.00000   31   26   42.00000   40.00000  4.76%  53.4 1038s
 39620  1726     cutoff   33        42.00000   40.00000  4.76%  53.7 1053s
 39930  1797 infeasible   34        42.00000   40.00000  4.76%  53.9 1088s
 44405  1807   40.00000   29   38   42.00000   40.00000  4.76%  54.7 1107s
 44431  1810   40.00000   30   32   42.00000   40.00000  4.76%  54.7 1124s
 45531  1822   40.00000   29   20   42.00000   40.00000  4.76%  54.9 1136s
 45772  1453     cutoff   33        42.00000   40.00000  4.76%  54.9 1223s
 54438  1453   40.00000   26   54   42.00000   40.00000  4.76%  54.6 1225s
 56204  1459   41.00000   22   36   42.00000   40.00000  4.76%  54.6 1241s
 56234  1505   41.00000   23   34   42.00000   40.00000  4.76%  54.6 1247s
 56574  1534 infeasible   33        42.00000   40.00000  4.76%  54.6 1261s
 57036  1543 infeasible   30        42.00000   40.00000  4.76%  54.6 1275s
 57889  1655     cutoff   38        42.00000   40.00000  4.76%  54.7 1285s
 60351  1665     cutoff   35        42.00000   40.00000  4.76%  54.6 1299s
 60655  1674   40.00000   28   26   42.00000   40.00000  4.76%  54.6 1308s
 60820  1714   40.00000   30   65   42.00000   40.00000  4.76%  54.6 1318s
 61995  1740   40.00000   33   34   42.00000   40.00000  4.76%  54.7 1330s
 63323  1815   40.00000   33   53   42.00000   40.00000  4.76%  54.7 1341s
 64283  1864     cutoff   37        42.00000   40.00000  4.76%  54.7 1355s
 64857  1815   40.00000   34   52   42.00000   40.00000  4.76%  54.7 1374s
 66535  1824   40.00000   35   55   42.00000   40.00000  4.76%  54.8 1389s
 67919  1746 infeasible   28        42.00000   40.00000  4.76%  54.9 1413s
 69429  1746   41.00000   40   34   42.00000   40.00000  4.76%  55.0 1430s
 71193  1750   41.00000   37   76   42.00000   40.00000  4.76%  54.9 1436s
 71201  1755   41.00000   24   39   42.00000   40.00000  4.76%  54.9 1440s
 71288  1815   40.00000   32   69   42.00000   40.00000  4.76%  53.6 1465s
 71398  1840   40.00000   34   76   42.00000   40.00000  4.76%  53.8 1482s
 71465  1847   42.00000   36   13   42.00000   40.00000  4.76%  53.8 1488s
 71520  1849   40.00000   36   53   42.00000   40.00000  4.76%  53.8 1491s
 71557  1842   40.00000   37   43   42.00000   40.00000  4.76%  53.8 1500s
 71586  1846   40.00000   37   44   42.00000   40.00000  4.76%  53.8 1506s
 71703  1835 infeasible   42        42.00000   40.00000  4.76%  53.8 1521s
 71816  1845   40.00000   35   29   42.00000   40.00000  4.76%  53.8 1525s
 71917  1816 infeasible   37        42.00000   40.00000  4.76%  53.8 1537s
 71958  1820   40.00000   40   38   42.00000   40.00000  4.76%  53.8 1543s
 72340  1763   40.00000   35   38   42.00000   40.00000  4.76%  53.9 1551s
 72549  1803   41.00000   35   52   42.00000   40.00000  4.76%  53.9 1555s
 72709  1768   40.00000   39   57   42.00000   40.00000  4.76%  54.0 1560s
 72738  1768   40.00000   40   52   42.00000   40.00000  4.76%  54.0 1567s
 72980  1754     cutoff   43        42.00000   40.00000  4.76%  54.0 1572s
 73225  1673   41.00000   43   78   42.00000   40.00000  4.76%  54.1 1576s
 73260  1668   41.00000   43   54   42.00000   40.00000  4.76%  54.1 1583s
 73670  1630   41.00000   41   43   42.00000   40.00000  4.76%  54.1 1586s
 73776  1627 infeasible   42        42.00000   40.00000  4.76%  54.2 1590s
 74108  1533   40.00000   39   40   42.00000   40.00000  4.76%  54.3 1596s
 74161  1590   40.00000   40   35   42.00000   40.00000  4.76%  54.3 1602s
 74638  1434   41.00000   45   42   42.00000   40.00000  4.76%  54.4 1606s
 74711  1428 infeasible   45        42.00000   40.00000  4.76%  54.4 1611s
 74898  1407   41.00000   45   39   42.00000   40.00000  4.76%  54.4 1617s
 75173  1370   41.00000   48   45   42.00000   40.00000  4.76%  54.5 1623s
 75641  1213   40.00000   39   59   42.00000   40.00000  4.76%  54.5 1631s
 75678  1278 infeasible   39        42.00000   40.00000  4.76%  54.5 1637s
 76255  1091 infeasible   47        42.00000   40.00000  4.76%  54.6 1640s
 76327  1069 infeasible   48        42.00000   40.00000  4.76%  54.6 1647s
 76517  1109   40.00000   42   32   42.00000   40.00000  4.76%  54.7 1652s
 77289  1118   41.00000   48   38   42.00000   40.00000  4.76%  54.8 1669s
 77316  1139 infeasible   49        42.00000   40.00000  4.76%  54.8 1672s
 78097  1159 infeasible   42        42.00000   40.00000  4.76%  54.8 1683s
 78367  1169   41.00000   36   48   42.00000   40.00000  4.76%  54.9 1687s
 78619  1162   40.00000   37   46   42.00000   40.00000  4.76%  54.9 1701s
 78662  1193   40.00000   38   41   42.00000   40.00000  4.76%  54.9 1706s
 79576  1285   40.00000   42   30   42.00000   40.00000  4.76%  55.0 1714s
 80132  1286 infeasible   41        42.00000   40.00000  4.76%  55.1 1720s
 80169  1277     cutoff   44        42.00000   40.00000  4.76%  55.1 1729s
 80719  1306   41.00000   41   54   42.00000   40.00000  4.76%  55.1 1739s
 81215  1300 infeasible   40        42.00000   40.00000  4.76%  55.2 1746s
 82691  1310   41.00000   45   36   42.00000   40.00000  4.76%  55.4 1759s
 82737  1306 infeasible   46        42.00000   40.00000  4.76%  55.4 1771s
 83334  1236 infeasible   50        42.00000   40.00000  4.76%  55.5 1780s
 84597  1225   40.00000   45   57   42.00000   40.00000  4.76%  55.6 1788s
 85596  1243 infeasible   46        42.00000   40.00000  4.76%  55.7 1805s
 85741  1205   40.00000   47   35   42.00000   40.00000  4.76%  55.7 1814s
 85768  1205   41.00000   46   32   42.00000   40.00000  4.76%  55.7 1815s
 87492  1216   41.00000   42   55   42.00000   40.00000  4.76%  55.9 1832s
 87593  1273 infeasible   43        42.00000   40.00000  4.76%  55.9 1847s
 88540  1274 infeasible   43        42.00000   40.00000  4.76%  56.0 1867s
 88605  1476 infeasible   50        42.00000   40.00000  4.76%  56.0 1887s
*91049  1266              52      42.0000000   40.00000  4.76%  56.2 1887s
 91526  1182   40.00000   41   74   42.00000   40.00000  4.76%  56.2 1917s
 91568  1075   40.00000   42   69   42.00000   40.00000  4.76%  56.2 1934s
 94532  1116   40.00000   46   35   42.00000   40.00000  4.76%  56.3 1945s
 96410  1175   40.00000   37   43   42.00000   40.00000  4.76%  56.7 1986s
 98603  1141   40.00000   44   48   42.00000   40.00000  4.76%  57.2 2006s
 102099  1184   41.00000   42   46   42.00000   40.00000  4.76%  57.7 2016s
 103527  1204 infeasible   44        42.00000   40.00000  4.76%  57.9 2034s
 103853  1150   40.00000   65   16   42.00000   40.00000  4.76%  57.9 2050s
 106027  1161   40.00000   44   38   42.00000   40.00000  4.76%  58.3 2065s
 106098  1151 infeasible   45        42.00000   40.00000  4.76%  58.3 2082s
 106974  1105   41.00000   39   58   42.00000   40.00000  4.76%  58.2 2092s
 107793  1036 infeasible   42        42.00000   40.00000  4.76%  58.2 2102s
 109150   988   40.00000   43   52   42.00000   40.00000  4.76%  58.1 2124s
 110636   893 infeasible   36        42.00000   40.00000  4.76%  58.2 2147s
 113590   898   40.00000   51   18   42.00000   40.00000  4.76%  58.3 2168s
 113621   586 infeasible   52        42.00000   40.00000  4.76%  58.3 2187s
 117401   592   41.00000   45   79   42.00000   40.00000  4.76%  58.0 2202s
 117481   492   41.00000   46   69   42.00000   40.00000  4.76%  58.0 2223s
 120284   488 infeasible   45        42.00000   40.00000  4.76%  58.2 2254s
 120324   192 infeasible   47        42.00000   40.00000  4.76%  58.3 2271s
 123141   186 infeasible   42        42.00000   41.00000  2.38%  58.2 2288s
 124127   143 infeasible   40        42.00000   41.00000  2.38%  58.2 2311s
 124824   147 infeasible   48        42.00000   41.00000  2.38%  58.3 2322s
 124914     2   41.00000   43   36   42.00000   41.00000  2.38%  58.3 2342s
 127103     2   41.00000   51   36   42.00000   41.00000  2.38%  58.6 2346s

Cutting planes:
  Learned: 1512
  Gomory: 14
  Lift-and-project: 28
  Cover: 106
  Implied bound: 6
  MIR: 224
  StrongCG: 4
  Flow cover: 612
  Zero half: 15
  RLT: 169
  Relax-and-lift: 168

Explored 127111 nodes (7564855 simplex iterations) in 2346.93 seconds (850.26 work units)
Thread count was 18 (of 36 available processors)

Solution count 10: 42 42 42 ... 49

Optimal solution found (tolerance 1.00e-04)
Best objective 4.200000000000e+01, best bound 4.200000000000e+01, gap 0.0000%
