
Gurobi 11.0.0 (win64) logging started Tue May 14 08:35:34 2024

Set parameter LogFile to value "./Results/StripPacking-BranchingRuleRuns/Logs/RUb-010-StripPacking-25.log"
Set parameter TimeLimit to value 10800
Set parameter Cuts to value 0
Set parameter Presolve to value 1
Set parameter Heuristics to value 0
Set parameter LPWarmStart to value 2
Gurobi Optimizer version 11.0.0 build v11.0.0rc2 (win64 - Windows 10.0 (19045.2))

CPU model: Intel(R) Core(TM) i9-10980XE CPU @ 3.00GHz, instruction set [SSE2|AVX|AVX2|AVX512]
Thread count: 18 physical cores, 36 logical processors, using up to 18 threads

Optimize a model with 4525 rows, 1251 columns and 12050 nonzeros
Model fingerprint: 0x0eb2af6b
Variable types: 51 continuous, 1200 integer (1200 binary)
Coefficient statistics:
  Matrix range     [1e+00, 1e+04]
  Objective range  [1e+00, 1e+00]
  Bounds range     [1e+00, 1e+04]
  RHS range        [1e+00, 1e+04]
Using branch priorities.

Warning: Completing partial solution with 1200 unfixed non-continuous variables out of 1200
User MIP start produced solution with objective 102.2 (0.00s)
Loaded user MIP start with objective 102.2

Presolve removed 600 rows and 0 columns
Presolve time: 0.02s
Presolved: 3925 rows, 1251 columns, 10850 nonzeros
Variable types: 51 continuous, 1200 integer (1200 binary)

Root relaxation: objective 3.500000e+01, 697 iterations, 0.02 seconds (0.02 work units)

    Nodes    |    Current Node    |     Objective Bounds      |     Work
 Expl Unexpl |  Obj  Depth IntInf | Incumbent    BestBd   Gap | It/Node Time

     0     0   35.00000    0  133  102.20000   35.00000  65.8%     -    0s
     0     0   35.00000    0  107  102.20000   35.00000  65.8%     -    0s
     0     2   35.00000    0  100  102.20000   35.00000  65.8%     -    0s
* 7787  4930             120     102.0000000   35.00000  65.7%  31.4    2s
* 8862  4909             142      99.0000000   35.00000  64.6%  30.4    2s
* 9127  4523             150      92.0000000   35.00000  62.0%  30.2    2s
*19283  9910             158      91.0000000   35.00000  61.5%  26.9    4s
 19699 10722   69.00000   45  179   91.00000   35.00000  61.5%  27.1    5s
*32038 18009             118      90.0000000   38.00000  57.8%  25.7    7s
 43550 26777   55.00000   65  162   90.00000   38.00000  57.8%  25.5   10s
*46470 25646             134      89.0000000   38.00000  57.3%  25.2   10s
*49731 26931             131      88.0000000   38.00000  56.8%  25.3   11s
*50494 26635             109      87.0000000   38.00000  56.3%  25.4   11s
*55106 27957             120      86.0000000   38.00000  55.8%  25.4   12s
 63090 34376   72.00000   67  161   86.00000   38.00000  55.8%  25.8   15s
*81968 41626              90      85.0000000   38.00000  55.3%  25.9   19s
 83668 44369   70.00000   64  165   85.00000   38.00000  55.3%  26.2   20s
*88300 43736             120      84.0000000   38.00000  54.8%  26.3   21s
 106197 54103   81.00000   63  159   84.00000   38.00000  54.8%  26.4   25s
 123420 64078     cutoff   86        84.00000   38.00000  54.8%  26.8   30s
*123934 60967             101      83.0000000   38.00000  54.2%  26.9   30s
*128007 61234             106      82.0000000   38.00000  53.7%  26.9   31s
 141901 69456   57.00000   55  156   82.00000   38.00000  53.7%  27.3   35s
*148860 69952             111      81.0000000   38.00000  53.1%  27.6   37s
 157991 76948   79.00000   71  114   81.00000   38.00000  53.1%  27.7   40s
 173241 85713   51.00000   47  148   81.00000   38.00000  53.1%  28.2   45s
 191640 95422   77.00000   86  107   81.00000   38.00000  53.1%  28.3   50s
 207691 106224   80.00000   85   81   81.00000   38.00000  53.1%  28.3   55s
 226591 120928   78.00000   47  235   81.00000   38.00000  53.1%  28.2   61s
 243705 125669   73.00000   46  185   81.00000   39.00000  51.9%  28.1   65s
 259820 134270   71.00000   67  169   81.00000   40.00000  50.6%  28.0   70s
 273280 141999 infeasible  107        81.00000   40.00000  50.6%  28.1   75s
 289458 152474   80.00000   84  110   81.00000   40.00000  50.6%  28.1   80s
 306925 161133   57.00000   50  190   81.00000   41.00000  49.4%  27.9   85s
 322605 170470   49.00000   55  182   81.00000   41.00000  49.4%  28.0   90s
 332782 178285   41.00000   37  162   81.00000   41.00000  49.4%  28.1   95s
*333888 168877             103      80.0000000   41.00000  48.8%  28.1   95s
 337459 175081   77.00000   58  105   80.00000   41.00000  48.8%  28.1  100s
 354535 181458   79.00000   89   58   80.00000   41.00000  48.8%  28.1  106s
 367964 189310   78.00000   68  118   80.00000   41.00000  48.8%  28.1  111s
 377377 195118     cutoff   81        80.00000   41.00000  48.8%  28.1  116s
 382339 202615   76.00000   86  108   80.00000   41.00000  48.8%  28.1  123s
 395516 203479 infeasible   77        80.00000   41.00000  48.8%  28.0  125s
 402446 210013   41.33607   57  212   80.00000   41.00000  48.8%  28.1  132s
 407535 217405   62.00000   64  189   80.00000   41.00000  48.8%  28.1  135s
 422837 221813   69.00000   74  144   80.00000   41.00000  48.8%  28.1  141s
 432043 225181   41.00000   39  216   80.00000   41.00000  48.8%  28.0  145s
 433039 232209   76.00000   72  125   80.00000   41.00000  48.8%  28.1  156s
 448679 235989   79.00000   96   42   80.00000   41.00000  48.8%  28.1  161s
*452557 225419             112      79.0000000   41.00000  48.1%  28.1  162s
 453136 228178   41.00000   49  211   79.00000   41.00000  48.1%  28.1  165s
 458909 235424   57.00000   37  203   79.00000   41.00000  48.1%  28.1  174s
 470622 235883   69.00000   53  184   79.00000   41.00000  48.1%  28.0  175s
 473675 240058   78.00000   66  134   79.00000   41.00000  48.1%  28.2  180s
 484537 251351   62.00000   68  150   79.00000   41.00000  48.1%  28.2  196s
 500721 255663   77.00000   83   86   79.00000   41.00000  48.1%  28.2  202s
 506418 262216   75.00000   60  113   79.00000   41.00000  48.1%  28.2  210s
 519670 266446   67.00000   54  159   79.00000   41.00000  48.1%  28.2  215s
 528727 276574   73.00000   60  134   79.00000   41.00000  48.1%  28.3  226s
 545327 281039   77.00000   70  133   79.00000   41.00000  48.1%  28.3  232s
 550898 289400   77.00000   57  151   79.00000   41.00000  48.1%  28.3  245s
 568509 294455   62.00000   68  196   79.00000   41.00000  48.1%  28.4  254s
 573429 295151 infeasible   72        79.00000   41.00000  48.1%  28.3  255s
 574407 302367   60.00000   68  140   79.00000   41.00000  48.1%  28.4  266s
 590265 306873   41.00000   47  198   79.00000   41.00000  48.1%  28.4  273s
 595601 309402   75.00000   71  148   79.00000   41.00000  48.1%  28.4  276s
 603991 314720   41.00000   59  253   79.00000   41.00000  48.1%  28.4  282s
 609351 317458   41.00000   54  217   79.00000   41.00000  48.1%  28.4  285s
 619494 321312   57.00000   51  184   79.00000   41.00000  48.1%  28.4  290s
 620433 328553   74.00000   68  136   79.00000   41.00000  48.1%  28.5  297s
 634451 329346   56.00000   44  226   79.00000   41.00000  48.1%  28.4  300s
 637476 333346   71.00000   51  196   79.00000   41.00000  48.1%  28.5  305s
 643478 341407   77.00000   81   98   79.00000   41.00000  48.1%  28.5  319s
 657216 341836   55.00000   49  222   79.00000   41.00000  48.1%  28.4  321s
 660809 345992   70.00000   68  170   79.00000   41.00000  48.1%  28.6  326s
 666610 349999   60.00000   71  177   79.00000   41.00000  48.1%  28.6  330s
 673706 354666   67.00000   62  157   79.00000   41.00000  48.1%  28.7  338s
 681821 356531   73.00000   73  175   79.00000   41.00000  48.1%  28.7  340s
 685172 360049   77.00000   63  136   79.00000   41.00000  48.1%  28.7  345s
 691616 367015   67.00000   58  162   79.00000   41.00000  48.1%  28.7  355s
 709151 372682   75.00000   83  196   79.00000   41.00000  48.1%  28.8  363s
 713698 373169 infeasible   98        79.00000   41.00000  48.1%  28.7  365s
 714507 380136   77.00000   57  168   79.00000   41.00000  48.1%  28.8  378s
 727135 380430 infeasible   60        79.00000   41.00000  48.1%  28.6  380s
 735537 385154   61.00000   61  186   79.00000   41.00000  48.1%  28.8  385s
 736340 389195   60.00000   55  203   79.00000   41.00000  48.1%  28.8  391s
 745218 392396   48.00000   58  232   79.00000   41.00000  48.1%  28.9  395s
 755203 395516     cutoff   88        79.00000   41.00000  48.1%  28.8  400s
 760790 403864   77.00000   68  166   79.00000   41.00000  48.1%  28.9  413s
 772002 404135     cutoff   57        79.00000   41.00000  48.1%  28.8  415s
 779562 409546   54.00000   54  239   79.00000   41.00000  48.1%  28.9  422s
 783742 415243   78.00000   89   90   79.00000   41.00000  48.1%  28.9  434s
 794584 415411 infeasible   85        79.00000   41.00000  48.1%  28.8  436s
 797596 418425   78.00000   85   90   79.00000   41.00000  48.1%  29.0  441s
 805701 421078   58.00000   49  169   79.00000   41.00000  48.1%  28.9  445s
 808282 427100   73.00000   83  139   79.00000   41.00000  48.1%  29.1  456s
 819507 429747 infeasible   73        79.00000   42.00000  46.8%  29.0  460s
 827229 432376 infeasible   82        79.00000   42.00000  46.8%  29.0  465s
 828668 438138   78.00000   81  145   79.00000   42.00000  46.8%  29.0  474s
 838932 438450   68.00000   54  199   79.00000   42.00000  46.8%  29.0  476s
 844287 441496 infeasible   87        79.00000   42.00000  46.8%  29.0  480s
 848850 445298   43.00000   58  169   79.00000   42.00000  46.8%  29.1  485s
 852820 450582   63.00000   67  237   79.00000   42.00000  46.8%  29.1  495s
 864164 454230   57.00000   62  198   79.00000   43.00000  45.6%  29.0  502s
 869244 457251   66.00000   69  164   79.00000   43.00000  45.6%  29.0  508s
 873999 460633   43.00000   35  179   79.00000   43.00000  45.6%  29.0  514s
 878764 461023   54.00000   60  159   79.00000   43.00000  45.6%  28.9  515s
 884173 464273   67.00000   61  144   79.00000   43.00000  45.6%  28.9  520s
 888556 466932 infeasible   49        79.00000   43.00000  45.6%  28.9  525s
 892596 471510   70.00000   58  168   79.00000   43.00000  45.6%  29.0  532s
 897944 479464   52.00000   57  167   79.00000   43.00000  45.6%  29.0  549s
 910073 479939 infeasible   59        79.00000   43.00000  45.6%  28.9  551s
 913529 484052   56.00000   50  173   79.00000   43.00000  45.6%  28.9  558s
 918911 485573   74.00000   52  117   79.00000   43.00000  45.6%  28.9  560s
 920967 488814 infeasible   68        79.00000   43.00000  45.6%  28.9  568s
 927544 489799   53.00000   57  191   79.00000   43.00000  45.6%  28.9  570s
 928373 492559   77.00000   75  161   79.00000   43.00000  45.6%  28.9  575s
 933960 495364   77.00000   94  120   79.00000   43.00000  45.6%  28.9  581s
 940015 498922   55.00000   66  157   79.00000   43.00000  45.6%  28.9  587s
 945684 506802   78.00000   89  135   79.00000   43.00000  45.6%  28.9  604s
 959552 507131   67.00000   43  212   79.00000   43.00000  45.6%  28.8  606s
 962263 510806   57.00000   70  164   79.00000   43.00000  45.6%  28.9  613s
 967711 518189   77.00000   66  103   79.00000   43.00000  45.6%  28.9  630s
 983353 522254   43.00000   49  167   79.00000   43.00000  45.6%  28.8  638s
 988707 523255 infeasible   59        79.00000   43.00000  45.6%  28.8  640s
 989771 530133   50.00000   56  164   79.00000   43.00000  45.6%  28.8  654s
 1002804 530438 infeasible   60        79.00000   43.00000  45.6%  28.7  657s
 1005519 534120   78.00000   72  179   79.00000   43.00000  45.6%  28.8  664s
 1010047 534524   51.00000   47  166   79.00000   43.00000  45.6%  28.8  666s
 1012550 539295   72.00000   68  158   79.00000   43.00000  45.6%  28.8  676s
 1020762 542705   73.00000   57  219   79.00000   43.00000  45.6%  28.8  684s
 1025547 543079 infeasible  106        79.00000   43.00000  45.6%  28.8  685s
 1027167 545995   76.00000   67  138   79.00000   43.00000  45.6%  28.8  691s
 1032728 548949   78.00000   75  106   79.00000   43.00000  45.6%  28.8  698s
 1038198 549575   69.00000   61  192   79.00000   43.00000  45.6%  28.8  700s
 1042717 552038   62.00000   76  202   79.00000   43.00000  45.6%  28.8  705s
 1046885 554335 infeasible   90        79.00000   43.00000  45.6%  28.8  710s
 1052653 557547   52.00000   47  139   79.00000   43.00000  45.6%  28.8  715s
 1053362 559768   66.00000   60  196   79.00000   43.00000  45.6%  28.8  720s
 1058233 566295   58.00000   51  243   79.00000   43.00000  45.6%  28.8  737s
 1070412 567167   62.00000   46  191   79.00000   43.00000  45.6%  28.8  740s
 1072235 570388   76.00000   68  135   79.00000   43.00000  45.6%  28.8  746s
 1078269 572999   78.00000   74  170   79.00000   43.00000  45.6%  28.8  753s
 1083826 576975   66.00000   66  162   79.00000   43.00000  45.6%  28.8  766s
 1091534 581550   58.00000   66  153   79.00000   43.00000  45.6%  28.9  776s
 1103286 587079   57.00000   63  153   79.00000   43.00000  45.6%  28.9  787s
 1109994 595114   77.00000   74  175   79.00000   43.00000  45.6%  28.9  809s
 1124403 595472   64.00000   58  202   79.00000   43.00000  45.6%  28.8  811s
*1126548 561171             118      78.0000000   43.00000  44.9%  28.8  814s
 1127139 561593   76.00000   73  177   78.00000   43.00000  44.9%  28.8  815s
 1127931 564000   48.00000   46  193   78.00000   43.00000  44.9%  28.9  821s
 1133391 571929   77.00000   61  146   78.00000   43.00000  44.9%  28.9  841s
 1149279 572849   58.00000   53  158   78.00000   43.00000  44.9%  28.8  845s
 1152314 576808   74.00000   68  144   78.00000   43.00000  44.9%  28.9  854s
 1157476 577285   48.00000   60  229   78.00000   43.00000  44.9%  28.9  856s
 1158395 584954   64.00000   62  171   78.00000   43.00000  44.9%  28.9  877s
 1173712 585572   77.00000   71  130   78.00000   43.00000  44.9%  28.8  880s
 1176431 589061     cutoff   88        78.00000   43.00000  44.9%  28.9  888s
 1181191 589620   56.00000   58  206   78.00000   43.00000  44.9%  28.8  890s
 1182090 592666 infeasible   56        78.00000   43.00000  44.9%  28.9  897s
 1187632 597115   57.82353   58  212   78.00000   43.00000  44.9%  28.9  910s
 1197568 600963   62.00000   63  187   78.00000   43.00000  44.9%  28.9  920s
 1203981 604146   62.00000   65  142   78.00000   43.00000  44.9%  28.9  929s
 1209020 607828   53.00000   55  159   78.00000   43.00000  44.9%  29.0  939s
 1216026 608234 infeasible   66        78.00000   43.00000  44.9%  28.9  941s
 1217987 612094   71.00000   79  145   78.00000   43.00000  44.9%  29.0  950s
 1226160 620469   54.00000   53  226   78.00000   43.00000  44.9%  29.0  971s
 1242009 621369   77.00000   71  145   78.00000   43.00000  44.9%  28.9  975s
 1244179 624443   67.00000   78  155   78.00000   43.00000  44.9%  29.0  982s
 1249885 632395   67.00000   63  188   78.00000   43.00000  44.9%  29.0 1006s
 1265524 633373   76.00000   79  144   78.00000   43.00000  44.9%  28.9 1010s
 1267777 636703   75.00000   83  173   78.00000   43.00000  44.9%  29.0 1015s
 1273435 639573 infeasible   89        78.00000   43.00000  44.9%  29.0 1024s
 1277944 644367   77.00000   67  104   78.00000   43.00000  44.9%  29.0 1038s
 1287371 644750   63.00000   67  243   78.00000   43.00000  44.9%  29.0 1040s
 1289029 647873   43.00000   51  208   78.00000   43.00000  44.9%  29.0 1048s
 1295046 649677   67.00000   89  138   78.00000   43.00000  44.9%  29.0 1052s
 1297708 657438   77.00000   83  109   78.00000   43.00000  44.9%  29.1 1074s
 1312485 657794   74.00000   73  151   78.00000   43.00000  44.9%  29.0 1077s
 1313905 659303   57.00000   52  180   78.00000   43.00000  44.9%  29.0 1080s
 1316968 667424   61.00000   67  186   78.00000   43.00000  44.9%  29.1 1102s
 1331872 667686 infeasible   97        78.00000   43.00000  44.9%  29.0 1105s
 1335163 671259   46.41463   50  188   78.00000   43.00000  44.9%  29.1 1115s
 1340923 677318   67.00000   63  192   78.00000   43.00000  44.9%  29.1 1133s
 1352034 677773   59.00000   60  210   78.00000   43.00000  44.9%  29.0 1135s
 1354519 681482   75.00000   76  120   78.00000   43.00000  44.9%  29.1 1145s
 1361480 684728   57.00000   64  170   78.00000   43.00000  44.9%  29.1 1154s
 1366453 685230 infeasible   92        78.00000   43.00000  44.9%  29.1 1156s
 1367353 692741   74.00000   60  111   78.00000   43.00000  44.9%  29.1 1177s
 1382608 693022   54.00000   61  199   78.00000   43.00000  44.9%  29.0 1181s
 1385944 694743 infeasible   74        78.00000   43.00000  44.9%  29.1 1185s
 1386753 697399   55.00000   62  197   78.00000   43.00000  44.9%  29.1 1193s
 1392779 705213   60.00000   69  202   78.00000   43.00000  44.9%  29.1 1216s
 1408887 706141   58.00000   64  167   78.00000   43.00000  44.9%  29.1 1220s
 1411982 710148   76.00000   71  148   78.00000   43.00000  44.9%  29.2 1231s
 1418164 718225   43.00000   54  242   78.00000   43.00000  44.9%  29.2 1254s
 1433741 718509   58.00000   66  203   78.00000   43.00000  44.9%  29.1 1257s
 1435528 719486   46.00000   57  178   78.00000   43.00000  44.9%  29.1 1260s
 1437719 722846   46.00000   55  224   78.00000   43.00000  44.9%  29.2 1269s
 1442744 723308 infeasible   83        78.00000   43.00000  44.9%  29.1 1271s
 1443668 727154   75.00000   81  149   78.00000   43.00000  44.9%  29.2 1287s
 1451139 727739 infeasible   69        78.00000   43.00000  44.9%  29.2 1290s
 1452229 731168   67.00000   83  138   78.00000   43.00000  44.9%  29.2 1300s
 1460747 734906   70.00000   78  187   78.00000   43.00000  44.9%  29.2 1311s
 1467537 743419   57.00000   55  232   78.00000   43.00000  44.9%  29.2 1335s
 1483412 744483   77.00000   59  165   78.00000   43.00000  44.9%  29.1 1340s
 1485705 747958   77.00000   66  133   78.00000   43.00000  44.9%  29.2 1349s
 1490435 748580   67.00000   72  239   78.00000   43.00000  44.9%  29.1 1351s
 1491413 756155   64.00000   67  152   78.00000   43.00000  44.9%  29.2 1374s
 1505132 756440   57.00000   71  198   78.00000   43.00000  44.9%  29.1 1377s
 1507034 757644   75.00000   82  119   78.00000   43.00000  44.9%  29.1 1380s
 1510465 761863   43.00000   51  226   78.00000   43.00000  44.9%  29.2 1390s
 1516268 769746   67.00000   97  162   78.00000   43.00000  44.9%  29.2 1414s
 1529697 770128 infeasible   89        78.00000   43.00000  44.9%  29.1 1417s
 1531789 771475   74.00000   77  127   78.00000   43.00000  44.9%  29.1 1420s
 1537134 774841     cutoff   56        78.00000   43.00000  44.9%  29.1 1425s
 1538416 780229   56.00000   59  209   78.00000   43.00000  44.9%  29.2 1441s
 1549123 781515   48.00000   54  197   78.00000   43.00000  44.9%  29.1 1445s
 1549849 783749   44.00000   37  213   78.00000   43.00000  44.9%  29.1 1450s
 1554338 786268   76.00000   67  116   78.00000   43.00000  44.9%  29.1 1455s
 1560381 790235   56.00000   70  172   78.00000   43.00000  44.9%  29.1 1465s
 1566212 792225   63.00000   69  181   78.00000   43.00000  44.9%  29.1 1471s
 1569107 794704   69.00000   56  170   78.00000   43.00000  44.9%  29.2 1476s
 1574572 797886   65.00000   59  141   78.00000   43.00000  44.9%  29.2 1484s
 1578550 798311 infeasible   91        78.00000   43.00000  44.9%  29.1 1486s
 1579257 800361   76.00000   85  104   78.00000   43.00000  44.9%  29.1 1490s
 1584029 807264   57.00000   52  197   78.00000   43.00000  44.9%  29.1 1509s
 1595390 807611   57.00000   53  167   78.00000   43.00000  44.9%  29.1 1511s
 1597231 808668 infeasible   76        78.00000   43.00000  44.9%  29.1 1515s
 1601774 811237   52.00000   59  189   78.00000   43.00000  44.9%  29.1 1521s
 1602476 813151   48.00000   51  188   78.00000   43.00000  44.9%  29.1 1525s
 1607231 819554   70.00000   81  128   78.00000   43.00000  44.9%  29.1 1545s
 1620053 820964 infeasible   64        78.00000   43.00000  44.9%  29.1 1550s
 1624457 823477   50.00000   66  239   78.00000   43.00000  44.9%  29.1 1555s
 1625129 825500   62.00000   45  197   78.00000   43.00000  44.9%  29.1 1560s
 1629725 831912   57.00000   44  158   78.00000   43.00000  44.9%  29.1 1580s
 1640989 832615   70.00000   66  175   78.00000   43.00000  44.9%  29.0 1585s
 1642453 835307   57.00000   60  146   78.00000   43.00000  44.9%  29.1 1591s
 1647782 838369   57.00000   50  190   78.00000   43.00000  44.9%  29.1 1599s
 1651895 838869 infeasible   72        78.00000   43.00000  44.9%  29.0 1601s
 1652785 845087   77.00000   98  108   78.00000   43.00000  44.9%  29.1 1620s
 1665743 845877   70.00000   76  158   78.00000   43.00000  44.9%  29.0 1625s
 1667508 848555   77.00000   92   78   78.00000   43.00000  44.9%  29.0 1632s
 1672800 851209   65.00000   60  157   78.00000   43.00000  44.9%  29.0 1639s
 1676796 851613   50.00000   52  196   78.00000   43.00000  44.9%  29.0 1640s
 1677564 858610   57.00000   56  164   78.00000   43.00000  44.9%  29.0 1663s
 1691128 858842 infeasible   87        78.00000   43.00000  44.9%  29.0 1665s
 1693199 859914   58.00000   66  167   78.00000   43.00000  44.9%  29.0 1671s
 1694485 862326   72.00000   88  127   78.00000   43.00000  44.9%  29.0 1675s
 1698977 864549   46.00000   48  247   78.00000   43.00000  44.9%  29.0 1682s
 1704397 865155   74.00000   69  107   78.00000   43.00000  44.9%  29.0 1685s
 1708560 868369   53.00000   61  198   78.00000   43.00000  44.9%  29.0 1693s
 1712092 870046 infeasible   72        78.00000   43.00000  44.9%  29.0 1697s
 1716176 872377   53.00000   60  197   78.00000   43.00000  44.9%  29.0 1702s
 1719727 874027   77.00000   70  132   78.00000   43.00000  44.9%  29.0 1707s
 1723498 880129   73.00000   80  135   78.00000   43.00000  44.9%  29.0 1726s
 1735838 880573   61.00000   68  216   78.00000   43.00000  44.9%  28.9 1730s
 1738190 883109   71.00000   68  211   78.00000   43.00000  44.9%  29.0 1735s
 1742209 884685   76.00000   72  144   78.00000   43.00000  44.9%  29.0 1740s
 1746046 889127   44.00000   48  204   78.00000   43.00000  44.9%  28.9 1757s
 1755064 889318 infeasible   80        78.00000   43.00000  44.9%  28.9 1760s
 1757301 891767   76.00000   78  130   78.00000   43.00000  44.9%  29.0 1767s
 1761665 893524   72.00000   92  141   78.00000   43.00000  44.9%  28.9 1772s
 1766151 895404   54.00000   72  202   78.00000   43.00000  44.9%  28.9 1777s
 1770065 899994   76.00000   68  137   78.00000   43.00000  44.9%  28.9 1794s
 1779487 900239   77.00000   73   82   78.00000   43.11577  44.7%  28.9 1796s
 1781339 903413   60.00000   53  207   78.00000   44.00000  43.6%  28.9 1806s
 1787687 907079   44.00000   68  172   78.00000   44.00000  43.6%  29.0 1817s
 1792355 907654 infeasible  106        78.00000   44.00000  43.6%  28.9 1821s
 1793326 915261   77.00000   72   99   78.00000   44.00000  43.6%  28.9 1845s
 1808748 916549 infeasible   64        78.00000   44.00000  43.6%  28.9 1851s
 1810314 919410   63.91892   67  182   78.00000   44.00000  43.6%  28.9 1857s
 1814717 919898   73.00000   55  140   78.00000   44.00000  43.6%  28.9 1860s
 1815699 925259   75.00000   72  113   78.00000   44.00000  43.6%  28.9 1881s
 1826555 926304   73.00000   62  140   78.00000   44.00000  43.6%  28.9 1887s
 1828454 929957   49.00000   53  195   78.00000   44.00000  43.6%  28.9 1898s
 1834270 930406   64.00000   83  170   78.00000   44.00000  43.6%  28.9 1900s
 1835094 932928   50.00000   57  206   78.00000   44.00000  43.6%  28.9 1907s
 1839836 933449 infeasible   73        78.00000   44.00000  43.6%  28.9 1910s
 1840767 941060   77.00000   66  146   78.00000   44.00000  43.6%  28.9 1933s
 1855478 941425 infeasible   79        78.00000   44.00000  43.6%  28.9 1937s
 1856093 941811   75.00000   58  127   78.00000   44.00000  43.6%  28.9 1940s
 1858322 943165   65.00000   68  159   78.00000   44.00000  43.6%  28.9 1945s
 1859146 945695   77.00000   58  134   78.00000   44.00000  43.6%  28.9 1952s
 1864077 946217 infeasible   67        78.00000   44.00000  43.6%  28.9 1956s
 1865093 953076   76.00000   65  142   78.00000   44.00000  43.6%  28.9 1978s
 1878596 953328   58.00000   44  189   78.00000   44.00000  43.6%  28.9 1982s
 1879847 953981 infeasible   40        78.00000   44.00000  43.6%  28.9 1985s
 1882138 957268   77.00000   51  115   78.00000   44.00000  43.6%  28.9 1995s
 1888070 961589   77.00000   71  117   78.00000   44.00000  43.6%  28.9 2017s
 1895918 962070   76.00000   76  165   78.00000   44.00000  43.6%  28.9 2021s
 1896975 965227   57.00000   69  167   78.00000   44.00000  43.6%  28.9 2031s
 1904404 966269   77.00000   71  116   78.00000   44.00000  43.6%  28.9 2035s
 1905359 968609   64.00000   57  201   78.00000   44.00000  43.6%  28.9 2042s
 1910413 969091   56.00000   82  173   78.00000   44.00000  43.6%  28.9 2047s
 1911404 976163   77.00000   92  117   78.00000   44.00000  43.6%  28.9 2072s
 1925892 976432 infeasible   62        78.00000   44.00000  43.6%  28.9 2076s
 1927028 977123   56.00000   54  203   78.00000   44.00000  43.6%  28.9 2080s
 1929212 980114 infeasible   85        78.00000   44.00000  43.6%  28.9 2089s
 1934037 980524 infeasible   63        78.00000   44.00000  43.6%  28.9 2093s
 1935025 984407   76.00000   79  170   78.00000   44.00000  43.6%  28.9 2111s
 1943676 984849   46.00000   46  182   78.00000   44.00000  43.6%  28.9 2116s
 1944577 985334 infeasible   68        78.00000   44.00000  43.6%  28.9 2120s
 1945638 988067   65.00000   75  175   78.00000   44.00000  43.6%  28.9 2129s
 1952019 988388   63.00000   61  178   78.00000   44.00000  43.6%  28.9 2133s
 1952824 990613   75.00000   76  136   78.00000   44.00000  43.6%  28.9 2141s
 1958843 992184   53.00000   61  189   78.00000   44.00000  43.6%  28.9 2148s
 1961536 999423   53.00000   61  194   78.00000   44.00000  43.6%  29.0 2171s
 1976136 999742   45.00000   46  183   78.00000   44.00000  43.6%  28.9 2177s
 1977734 1002935   76.00000   73  157   78.00000   44.00000  43.6%  28.9 2186s
 1981986 1003652   44.00000   47  189   78.00000   44.00000  43.6%  28.9 2190s
 1983073 1010665   74.00000   71  169   78.00000   44.00000  43.6%  28.9 2214s
 1994647 1011071 infeasible  107        78.00000   44.00000  43.6%  28.9 2218s
 1995321 1011682   77.00000   82   79   78.00000   44.00000  43.6%  28.9 2220s
 1998019 1015598   70.00000   66  116   78.00000   44.00000  43.6%  28.9 2230s
 2003452 1018720   57.00000   56  136   78.00000   44.00000  43.6%  28.9 2240s
 2008810 1026771   74.00000   64  169   78.00000   44.00000  43.6%  28.9 2269s
 2020635 1027183 infeasible   95        78.00000   44.00000  43.6%  28.9 2274s
 2021335 1027676   45.00000   56  186   78.00000   44.00000  43.6%  28.9 2275s
 2022894 1028850   77.00000   78  155   78.00000   44.00000  43.6%  28.9 2281s
 2023946 1031462   73.00000   61  149   78.00000   44.00000  43.6%  29.0 2288s
 2028445 1032021 infeasible   59        78.00000   44.00000  43.6%  28.9 2291s
 2029305 1034625   54.00000   48  137   78.00000   44.00000  43.6%  28.9 2298s
 2033590 1035250   65.00000   44  166   78.00000   44.00000  43.6%  28.9 2302s
 2034605 1042729   70.00000   76  161   78.00000   44.00000  43.6%  28.9 2329s
 2047012 1043130 infeasible   66        78.00000   44.00000  43.6%  28.9 2333s
 2048443 1044044   56.00000   45  195   78.00000   44.00000  43.6%  28.9 2336s
 2050163 1047325   61.00000   51  187   78.00000   44.00000  43.6%  29.0 2346s
 2055417 1050499   77.00000   59   60   78.00000   44.00000  43.6%  28.9 2357s
 2060775 1051327   77.00000   71  101   78.00000   44.00000  43.6%  28.9 2361s
 2061493 1053581   65.00000   85  155   78.00000   44.00000  43.6%  29.0 2367s
 2065393 1054097   71.00000   73  175   78.00000   44.00000  43.6%  28.9 2370s
 2066160 1056200   64.00000   49  182   78.00000   44.00000  43.6%  28.9 2376s
 2070491 1057218   65.00000   35  148   78.00000   44.00000  43.6%  28.9 2382s
 2071310 1059600   65.00000   59  131   78.00000   44.00000  43.6%  29.0 2388s
 2075502 1060041   63.00000   46  164   78.00000   44.00000  43.6%  28.9 2391s
 2076243 1062337   74.00000   65  134   78.00000   44.00000  43.6%  29.0 2395s
 2081023 1070405   59.00000   64  226   78.00000   44.00000  43.6%  29.0 2423s
 2094686 1070817   44.00000   37  164   78.00000   44.00000  43.6%  28.9 2428s
 2095356 1071231 infeasible   77        78.00000   44.00000  43.6%  28.9 2431s
 2096858 1072241   76.00000   65  165   78.00000   44.00000  43.6%  28.9 2437s
 2097736 1074429   49.00000   51  165   78.00000   44.00000  43.6%  29.0 2443s
 2101499 1074902 infeasible  102        78.00000   44.00000  43.6%  28.9 2446s
 2102322 1075508   63.00000   50  172   78.00000   44.00000  43.6%  29.0 2450s
 2103354 1082474   76.00000   71  105   78.00000   44.00000  43.6%  29.0 2474s
 2115275 1082934 infeasible   84        78.00000   44.00000  43.6%  28.9 2478s
 2116013 1083393   58.00000   43  187   78.00000   44.00000  43.6%  28.9 2481s
 2117566 1086117   76.00000   59  118   78.00000   44.00000  43.6%  29.0 2489s
 2121284 1086696 infeasible   71        78.00000   44.00000  43.6%  29.0 2493s
 2122123 1089132   65.00000   70  133   78.00000   44.00000  43.6%  29.0 2500s
 2126320 1089826 infeasible   89        78.00000   44.00000  43.6%  29.0 2505s
 2127414 1094660   65.00000   63  131   78.00000   44.00000  43.6%  29.0 2524s
 2135764 1095211   75.00000   72  161   78.00000   44.00000  43.6%  29.0 2529s
 2136718 1096013   76.00000   76   56   78.00000   44.00000  43.6%  29.0 2533s
 2137822 1098867   68.00000   67  106   78.00000   44.00000  43.6%  29.0 2541s
 2143244 1099399   62.00000   69  132   78.00000   44.00000  43.6%  29.0 2546s
 2144138 1101846   70.00000   72  183   78.00000   44.00000  43.6%  29.0 2553s
 2148623 1102436 infeasible   81        78.00000   44.00000  43.6%  29.0 2557s
 2149632 1106404   62.00000   61  142   78.00000   44.00000  43.6%  29.0 2575s
 2156503 1107176   72.00000   54  163   78.00000   44.00000  43.6%  29.0 2581s
 2157711 1110689   59.00000   48  166   78.00000   44.00000  43.6%  29.0 2592s
 2163912 1111248   49.00000   61  160   78.00000   44.00000  43.6%  29.0 2597s
 2164801 1111824 infeasible   95        78.00000   44.00000  43.6%  29.0 2601s
 2165831 1114668   74.00000   65  154   78.00000   44.00000  43.6%  29.0 2610s
 2171196 1115272 infeasible   82        78.00000   44.00000  43.6%  29.0 2615s
 2172163 1122740   56.00000   47  151   78.00000   44.00000  43.6%  29.0 2642s
 2185252 1123150   63.00000   69  113   78.00000   44.00000  43.6%  29.0 2647s
 2185946 1123563     cutoff   64        78.00000   44.00000  43.6%  29.0 2651s
 2187397 1124549   76.00000   55  113   78.00000   44.00000  43.6%  29.0 2657s
 2188264 1125079   76.00000   51  123   78.00000   44.00000  43.6%  29.0 2660s
 2189202 1127637   63.00000   51  153   78.00000   44.00000  43.6%  29.1 2668s
 2193826 1128233   63.00000   50  190   78.00000   44.00000  43.6%  29.0 2672s
 2194796 1135125   59.00000   64  171   78.00000   44.00000  43.6%  29.1 2697s
 2207400 1135534   70.00000   76  151   78.00000   44.00000  43.6%  29.0 2701s
 2208807 1136628 infeasible   66        78.00000   44.00000  43.6%  29.0 2707s
 2210563 1139844   44.00000   47  165   78.00000   44.00000  43.6%  29.1 2716s
 2215946 1142000   76.00000   57  178   78.00000   44.00000  43.6%  29.1 2724s
 2219140 1142497   77.00000   52  146   78.00000   44.00000  43.6%  29.1 2727s
 2220028 1145325   49.00000   54  140   78.00000   44.00000  43.6%  29.1 2736s
 2225958 1146263   68.00000   66  101   78.00000   44.00000  43.6%  29.1 2742s
 2226825 1148696   69.00000   48  202   78.00000   44.00000  43.6%  29.1 2749s
 2231127 1149066   69.00000   52  173   78.00000   44.00000  43.6%  29.1 2752s
 2232782 1152179   58.00000   53  163   78.00000   44.00000  43.6%  29.1 2761s
 2238395 1155106   77.00000   63  158   78.00000   44.00000  43.6%  29.1 2768s
 2243340 1155458   73.00000   83  122   78.00000   44.00000  43.6%  29.1 2770s
 2244940 1157921   66.00000   56  184   78.00000   44.00000  43.6%  29.1 2776s
 2249096 1158729   60.00000   44  156   78.00000   44.00000  43.6%  29.1 2782s
 2249846 1160787   71.00000   91  144   78.00000   44.00000  43.6%  29.1 2788s
 2253936 1161269   59.00000   67  197   78.00000   44.00000  43.6%  29.1 2791s
 2254713 1163478   62.00000   51  141   78.00000   44.00000  43.6%  29.1 2797s
 2259462 1166083   75.00000   55  156   78.00000   44.00000  43.6%  29.1 2805s
 2263358 1166623   76.00000   75  151   78.00000   44.00000  43.6%  29.1 2810s
 2264300 1174170   67.00000   70  140   78.00000   44.00000  43.6%  29.1 2835s
 2279061 1174961   47.00000   68  181   78.00000   44.00000  43.6%  29.1 2842s
 2279745 1175399   75.00000   63  124   78.00000   44.00000  43.6%  29.1 2845s
 2281337 1176421   74.00000   65  121   78.00000   44.00000  43.6%  29.1 2853s
 2282225 1179005   65.00000   51  139   78.00000   44.00000  43.6%  29.1 2860s
 2287093 1179565 infeasible  105        78.00000   44.00000  43.6%  29.1 2865s
 2288061 1186775   73.00000   65  121   78.00000   44.00000  43.6%  29.1 2890s
 2301784 1187111   67.00000   48  214   78.00000   44.00000  43.6%  29.1 2896s
 2303035 1187902   67.00000   61  150   78.00000   44.00000  43.6%  29.1 2902s
 2304437 1188842   65.00000   57  179   78.00000   44.00000  43.6%  29.1 2908s
 2305332 1191281   70.00000   72  178   78.00000   44.00000  43.6%  29.1 2915s
 2310888 1199893   71.00000   80  147   78.00000   44.00000  43.6%  29.1 2948s
 2326655 1200184   68.00000   60  121   78.00000   44.00000  43.6%  29.1 2954s
 2327222 1200481   60.00000   68  158   78.00000   44.00000  43.6%  29.1 2957s
 2328565 1201390   58.00000   72  137   78.00000   44.00000  43.6%  29.1 2963s
 2329369 1201834   60.00000   66  102   78.00000   44.00000  43.6%  29.1 2965s
 2330198 1202295   76.00000   57  122   78.00000   44.00000  43.6%  29.1 2970s
 2331080 1204960   65.00000   53  204   78.00000   44.00000  43.6%  29.1 2978s
 2336309 1205491   77.00000   47  158   78.00000   44.00000  43.6%  29.1 2983s
 2337256 1212711   44.00000   49  196   78.00000   44.00000  43.6%  29.1 3009s
 2351585 1213117   63.00000   51  173   78.00000   44.00000  43.6%  29.1 3014s
 2352195 1213454   70.00000   88  133   78.00000   44.00000  43.6%  29.1 3017s
 2352889 1213847   69.00000   68  172   78.00000   44.00000  43.6%  29.1 3020s
 2354339 1214778     cutoff   77        78.00000   44.00000  43.6%  29.1 3027s
 2355221 1217158   75.00000   63  134   78.00000   44.00000  43.6%  29.1 3034s
 2359964 1217717   63.00000   52  189   78.00000   44.00000  43.6%  29.1 3040s
 2360972 1224448   66.00000   50  166   78.00000   44.00000  43.6%  29.1 3064s
 2374328 1224813   67.00000   85  135   78.00000   44.00000  43.6%  29.1 3069s
 2374955 1225165 infeasible  113        78.00000   44.00000  43.6%  29.1 3073s
 2375595 1225529   76.00000   83   76   78.00000   44.00000  43.6%  29.1 3076s
 2377008 1226407   75.00000   70  135   78.00000   44.00000  43.6%  29.1 3081s
 2377831 1228855   76.00000   78  123   78.00000   44.00000  43.6%  29.1 3088s
 2382957 1229316     cutoff   81        78.00000   44.00000  43.6%  29.1 3093s
 2383883 1236527   74.00000   65  105   78.00000   44.00000  43.6%  29.1 3119s
 2398098 1236873   76.00000   52  130   78.00000   44.00000  43.6%  29.1 3124s
 2398707 1237209   68.00000   47  161   78.00000   44.00000  43.6%  29.1 3127s
 2399405 1237587   69.00000   75  147   78.00000   44.00000  43.6%  29.1 3131s
 2400888 1238370   58.00000   53  223   78.00000   44.00000  43.6%  29.1 3138s
 2401718 1239095   60.00000   60  154   78.00000   44.00000  43.6%  29.1 3142s
 2403178 1241849   77.00000   44  150   78.00000   44.00000  43.6%  29.1 3151s
 2408426 1242429 infeasible   95        78.00000   44.00000  43.6%  29.1 3157s
 2409392 1247062   75.00000   78  100   78.00000   44.00000  43.6%  29.1 3176s
 2418190 1247615   63.00000   44  195   78.00000   44.00000  43.6%  29.1 3182s
 2419185 1248059 infeasible   64        78.00000   44.00000  43.6%  29.1 3187s
 2420171 1251231   66.00000   71  150   78.00000   44.00000  43.6%  29.2 3198s
 2426142 1251664 infeasible  101        78.00000   44.00000  43.6%  29.1 3202s
 2426983 1252265   75.00000   92  118   78.00000   44.00000  43.6%  29.2 3207s
 2428132 1255056   74.00000   63  221   78.00000   44.00000  43.6%  29.2 3215s
 2433381 1255602   77.00000   95  150   78.00000   44.00000  43.6%  29.2 3221s
 2434340 1263065   75.00000   89  147   78.00000   44.00000  43.6%  29.2 3249s
 2448361 1263443   56.00000   49  165   78.00000   44.00000  43.6%  29.1 3255s
 2449675 1264215   55.00000   29  165   78.00000   44.00000  43.6%  29.1 3261s
 2451106 1265122   77.00000   86  109   78.00000   44.00000  43.6%  29.2 3268s
 2451989 1267529   44.00000   27  171   78.00000   44.00000  43.6%  29.2 3276s
 2456701 1268128   60.00000   43  136   78.00000   44.00000  43.6%  29.1 3281s
 2457718 1275257   77.00000   81   72   78.00000   44.00000  43.6%  29.2 3308s
 2471102 1275629   61.00000   78  192   78.00000   44.00000  43.6%  29.1 3313s
 2471706 1275981   44.00000   51  185   78.00000   44.00000  43.6%  29.1 3316s
 2473048 1276777 infeasible   80        78.00000   44.00000  43.6%  29.1 3323s
 2473798 1279179   77.00000   71  118   78.00000   44.00000  43.6%  29.1 3330s
 2478958 1280028   76.00000   80  152   78.00000   44.00000  43.6%  29.1 3338s
 2479896 1287624   60.00000   72  151   78.00000   44.00000  43.6%  29.2 3366s
 2494718 1287976   65.00000   63  233   78.00000   44.00000  43.6%  29.1 3371s
 2495937 1288673   57.00000   53  151   78.00000   44.00000  43.6%  29.1 3377s
 2496638 1289051   71.00000   49  184   78.00000   44.00000  43.6%  29.1 3381s
 2497422 1289454   60.00000   70  205   78.00000   44.00000  43.6%  29.1 3385s
 2498186 1291924   75.00000   82  157   78.00000   44.00000  43.6%  29.2 3393s
 2502861 1292436   56.00000   65  183   78.00000   44.00000  43.6%  29.1 3398s
 2503792 1300048   70.00000   63  149   78.00000   44.00000  43.6%  29.2 3428s
 2518849 1300362   58.00000   64  164   78.00000   44.00000  43.6%  29.1 3433s
 2519440 1300744 infeasible   93        78.00000   44.00000  43.6%  29.1 3436s
 2520824 1301618 infeasible   81        78.00000   44.00000  43.6%  29.1 3443s
 2521593 1302014   69.00000   73  163   78.00000   44.00000  43.6%  29.1 3447s
 2522417 1304371     cutoff   90        78.00000   44.00000  43.6%  29.1 3455s
 2527225 1304914 infeasible   98        78.00000   44.00000  43.6%  29.1 3460s
 2528216 1310375   67.00000   66  204   78.00000   44.00000  43.6%  29.1 3483s
 2538873 1310819   62.00000   52  170   78.00000   44.00000  43.6%  29.1 3489s
 2539640 1311319   54.00000   39  147   78.00000   44.00000  43.6%  29.1 3493s
 2540484 1311725   67.00000   67  171   78.00000   44.00000  43.6%  29.1 3497s
 2541433 1314144   65.00000   74  157   78.00000   44.00000  43.6%  29.1 3503s
 2546917 1314672   55.00000   67  166   78.00000   44.00000  43.6%  29.1 3506s
 2547726 1316752   61.00000   83  158   78.00000   44.00000  43.6%  29.1 3510s
 2552591 1319989 infeasible   76        78.00000   44.00000  43.6%  29.1 3521s
 2557714 1324304   74.00000   89  128   78.00000   44.00000  43.6%  29.2 3533s
 2566047 1324711 infeasible   91        78.00000   44.00000  43.6%  29.1 3537s
 2567864 1325619 infeasible   63        78.00000   44.00000  43.6%  29.2 3542s
 2568943 1328763   69.00000   83  156   78.00000   44.00000  43.6%  29.2 3549s
 2574924 1329250   68.00000   57  176   78.00000   44.00000  43.6%  29.2 3553s
 2575894 1336555   76.00000   74  121   78.00000   44.00000  43.6%  29.2 3573s
 2589885 1336940   72.00000   73  131   78.00000   44.00000  43.6%  29.1 3578s
 2590556 1337349   77.00000   90   93   78.00000   44.00000  43.6%  29.1 3582s
 2591259 1337688   74.00000   86  146   78.00000   44.00000  43.6%  29.1 3585s
 2592818 1338471   57.00000   79  176   78.00000   44.00000  43.6%  29.2 3593s
 2593530 1340858   56.00000   73  210   78.00000   44.00000  43.6%  29.2 3600s
 2598306 1341458   54.00000   70  228   78.00000   44.00000  43.6%  29.2 3605s
 2599290 1346143   71.00000   59  138   78.00000   44.00000  43.6%  29.2 3628s
 2608343 1346602   67.00000   61  118   78.00000   44.00000  43.6%  29.2 3634s
 2609245 1347165   44.00000   47  183   78.00000   44.00000  43.6%  29.2 3639s
 2610247 1350044   73.00000   92  104   78.00000   44.00000  43.6%  29.2 3649s
 2616163 1350488 infeasible   49        78.00000   44.00000  43.6%  29.2 3653s
 2616976 1350912   62.00000   54  145   78.00000   44.00000  43.6%  29.2 3655s
 2617817 1353633   50.00000   65  187   78.00000   44.00000  43.6%  29.2 3664s
 2623037 1354039   50.00000   66  212   78.00000   44.00000  43.6%  29.2 3669s
 2623917 1359637   70.00000   82  174   78.00000   44.00000  43.6%  29.2 3695s
 2635739 1360003   69.00000   60  153   78.00000   44.00000  43.6%  29.2 3700s
 2637259 1360947   75.00000   87  135   78.00000   44.00000  43.6%  29.2 3709s
 2638165 1363350   64.00000   65  155   78.00000   44.00000  43.6%  29.2 3715s
 2643630 1363729   48.00000   71  195   78.00000   44.00000  43.6%  29.2 3720s
 2645283 1366725   54.00000   50  184   78.00000   44.00000  43.6%  29.2 3734s
 2650505 1367099   63.00000   57  134   78.00000   44.00000  43.6%  29.2 3737s
 2651056 1368603   53.00000   72  203   78.00000   44.00000  43.6%  29.2 3742s
 2654259 1368912   64.00000   72  164   78.00000   44.00000  43.6%  29.2 3745s
 2655466 1370980   65.00000   49  183   78.00000   44.00000  43.6%  29.2 3755s
 2659804 1372910   66.00000   51  167   78.00000   44.00000  43.6%  29.2 3764s
 2663492 1373213   77.00000   90   98   78.00000   44.00000  43.6%  29.2 3768s
 2664129 1373556   74.00000   82  167   78.00000   44.00000  43.6%  29.2 3771s
 2664810 1375478   76.00000   52  144   78.00000   44.00000  43.6%  29.2 3776s
 2668898 1376052 infeasible   88        78.00000   44.00000  43.6%  29.2 3782s
 2669928 1382615   63.00000   47  154   78.00000   44.00000  43.6%  29.2 3808s
 2683383 1382903   48.00000   60  174   78.00000   44.00000  43.6%  29.1 3814s
 2683950 1383200 infeasible   88        78.00000   44.00000  43.6%  29.2 3817s
 2684560 1383510   76.00000  100   94   78.00000   44.00000  43.6%  29.2 3821s
 2685269 1383801   76.00000   80  120   78.00000   44.00000  43.6%  29.2 3825s
 2686668 1386473   65.00000   61  180   78.00000   44.00000  43.6%  29.2 3835s
 2691594 1386948 infeasible   82        78.00000   44.00000  43.6%  29.2 3841s
 2692570 1388618   56.00000   40  164   78.00000   44.00000  43.6%  29.2 3852s
 2695965 1394406   45.00000   62  174   78.00000   44.00000  43.6%  29.2 3876s
 2707861 1394805   64.00000   70  146   78.00000   44.00000  43.6%  29.2 3883s
 2708675 1395215     cutoff   49        78.00000   44.00000  43.6%  29.2 3887s
 2709492 1397455   76.00000   55  162   78.00000   44.00000  43.6%  29.2 3894s
 2714492 1397976 infeasible   65        78.00000   44.00000  43.6%  29.2 3900s
 2715423 1405194   60.00000   59  171   78.00000   44.00000  43.6%  29.2 3931s
 2730524 1405449     cutoff   47        78.00000   44.00000  43.6%  29.1 3937s
 2731072 1405833   67.00000   79  148   78.00000   44.00000  43.6%  29.2 3940s
 2732415 1406472   77.00000   96  131   78.00000   44.00000  43.6%  29.2 3947s
 2733143 1406917 infeasible   93        78.00000   44.00000  43.6%  29.2 3951s
 2733940 1407772   65.00000   69  182   78.00000   44.00000  43.6%  29.2 3955s
 2735817 1408245   65.00000   58  186   78.00000   44.00000  43.6%  29.2 3960s
 2736850 1410582     cutoff   74        78.00000   44.00000  43.6%  29.2 3969s
 2742052 1410861 infeasible   82        78.00000   44.00000  43.6%  29.2 3972s
 2742579 1411247   69.00000   93  184   78.00000   44.00000  43.6%  29.2 3976s
 2743378 1412883   44.00000   62  208   78.00000   44.00000  43.6%  29.2 3982s
 2747403 1413119   68.00000   64  162   78.00000   44.00000  43.6%  29.2 3985s
 2748743 1415455   77.00000   91  130   78.00000   44.00000  43.6%  29.2 3996s
 2752745 1415762 infeasible   80        78.00000   44.00000  43.6%  29.2 4000s
 2753395 1417541   51.00000   75  231   78.00000   44.00000  43.6%  29.2 4006s
 2757544 1417813 infeasible   70        78.00000   44.00000  43.6%  29.2 4010s
 2759690 1418925   72.00000   62  122   78.00000   44.00000  43.6%  29.2 4018s
 2760567 1426330   74.00000   79  143   78.00000   44.00000  43.6%  29.2 4050s
 2776845 1426613 infeasible   80        78.00000   44.00000  43.6%  29.2 4056s
 2777456 1427005   44.00000   65  195   78.00000   44.00000  43.6%  29.2 4060s
 2778704 1427612 infeasible   99        78.00000   44.00000  43.6%  29.2 4067s
 2779410 1427964   54.00000   71  202   78.00000   44.00000  43.6%  29.2 4071s
 2781004 1430554   60.00000   53  135   78.00000   44.00000  43.6%  29.2 4082s
 2785714 1431030 infeasible   93        78.00000   44.00000  43.6%  29.2 4088s
 2786676 1437715   76.00000   86   75   78.00000   44.00000  43.6%  29.2 4117s
 2801353 1438004   68.00000   84  156   78.00000   44.00000  43.6%  29.2 4123s
 2801932 1438422   64.00000   82  156   78.00000   44.00000  43.6%  29.2 4127s
 2802598 1438796   65.00000   75  147   78.00000   44.00000  43.6%  29.2 4130s
 2803996 1439495   65.00000   51  146   78.00000   44.00000  43.6%  29.2 4137s
 2804763 1441747   70.00000   81  171   78.00000   44.00000  43.6%  29.2 4146s
 2809626 1442112   47.00000   46  193   78.00000   44.00000  43.6%  29.2 4152s
 2810546 1443640   73.00000   85  148   78.00000   44.00000  43.6%  29.2 4166s
 2813706 1449679   65.00000   75  162   78.00000   44.00000  43.6%  29.2 4192s
 2827509 1450044 infeasible  110        78.00000   44.00000  43.6%  29.2 4199s
 2828264 1450390   58.00000   56  160   78.00000   44.00000  43.6%  29.2 4203s
 2829012 1452616   77.00000   71  141   78.00000   44.00000  43.6%  29.2 4211s
 2833748 1453074 infeasible   80        78.00000   44.00000  43.6%  29.2 4217s
 2834658 1458680   60.00000   76  220   78.00000   44.00000  43.6%  29.2 4244s
 2847085 1458995 infeasible   93        78.00000   44.00000  43.6%  29.2 4250s
 2848487 1459584 infeasible   71        78.00000   44.00000  43.6%  29.2 4258s
 2849298 1459922 infeasible   63        78.00000   44.00000  43.6%  29.2 4262s
 2850037 1462447   54.00000   68  143   78.00000   44.00000  43.6%  29.2 4272s
 2855509 1462863 infeasible   64        78.00000   44.00000  43.6%  29.2 4278s
 2856427 1464453   44.00000   62  199   78.00000   44.00000  43.6%  29.2 4292s
 2859897 1470064   69.00000   79  153   78.00000   44.00000  43.6%  29.2 4317s
 2873076 1470385 infeasible   91        78.00000   44.00000  43.6%  29.2 4323s
 2873786 1470724   58.00000   75  188   78.00000   44.00000  43.6%  29.2 4328s
 2874505 1471012   66.00000   83  145   78.00000   44.00000  43.6%  29.2 4333s
 2875274 1473226   44.00000   81  235   78.00000   44.00000  43.6%  29.2 4342s
 2880531 1473546   44.00000   80  251   78.00000   44.00000  43.6%  29.2 4347s
 2881338 1481560   76.00000   81  185   78.00000   44.00000  43.6%  29.2 4379s
 2898920 1481779   63.00000   94  160   78.00000   44.00000  43.6%  29.2 4386s
 2899482 1482022   64.00000   67  184   78.00000   44.00000  43.6%  29.2 4390s
 2900689 1482601   67.00000   72  184   78.00000   44.00000  43.6%  29.2 4397s
 2901325 1482868   74.00000   84  166   78.00000   44.00000  43.6%  29.2 4401s
 2902012 1483184   75.00000   93   93   78.00000   44.00000  43.6%  29.2 4406s
 2902756 1483985 infeasible   71        78.00000   44.00000  43.6%  29.2 4412s
 2904583 1487366   68.00000   71  168   78.00000   44.00000  43.6%  29.2 4428s
 2912713 1487661   69.00000   84  210   78.00000   44.00000  43.6%  29.2 4432s
 2913295 1488007   61.00000   73  238   78.00000   44.00000  43.6%  29.2 4435s
 2914662 1490300   74.00000   67  156   78.00000   44.00000  43.6%  29.2 4446s
 2918856 1490552     cutoff   78        78.00000   44.00000  43.6%  29.2 4451s
 2919501 1491292   50.00000   54  191   78.00000   44.00000  43.6%  29.2 4456s
 2920972 1492404   55.00000   82  180   78.00000   44.00000  43.6%  29.2 4462s
 2923445 1492822   56.00000   79  186   78.00000   44.00000  43.6%  29.2 4467s
 2924310 1494915   53.00000   64  194   78.00000   44.00000  43.6%  29.2 4476s
 2929555 1495297   67.00000   79  126   78.00000   44.00000  43.6%  29.2 4482s
 2930443 1501174   71.00000   83  132   78.00000   44.00000  43.6%  29.2 4510s
 2943476 1501513   60.00000   50  174   78.00000   44.00000  43.6%  29.2 4516s
 2944115 1501868   76.00000   50  127   78.00000   44.00000  43.6%  29.2 4521s
 2944881 1502190 infeasible  102        78.00000   44.00000  43.6%  29.2 4526s
 2945625 1502551   59.00000   77  153   78.00000   44.00000  43.6%  29.2 4531s
 2946473 1505039   69.00000   51  149   78.00000   44.00000  43.6%  29.2 4540s
 2951899 1505409 infeasible   58        78.00000   44.00000  43.6%  29.2 4547s
 2952766 1512011   76.00000   92  134   78.00000   44.00000  43.6%  29.2 4577s
 2968434 1512280   60.00000   90  173   78.00000   44.00000  43.6%  29.2 4583s
 2969024 1512628 infeasible  102        78.00000   44.00000  43.6%  29.2 4587s
 2969671 1512890   77.00000   71  110   78.00000   44.00000  43.6%  29.2 4591s
 2970331 1513171 infeasible   88        78.00000   44.00000  43.6%  29.2 4595s
 2971028 1513486   64.00000   59  228   78.00000   44.00000  43.6%  29.2 4600s
 2971784 1513824   56.00000   78  184   78.00000   44.00000  43.6%  29.2 4605s
 2972644 1516335     cutoff   89        78.00000   44.00000  43.6%  29.2 4614s
 2978266 1516657 infeasible   75        78.00000   44.00000  43.6%  29.2 4621s
 2979105 1519848   58.00000   86  184   78.00000   44.00000  43.6%  29.2 4642s
 2986222 1520384   72.00000   76  138   78.00000   44.00000  43.6%  29.2 4651s
 2987396 1524151   55.00000   84  181   78.00000   44.00000  43.6%  29.3 4668s
 2995568 1524482 infeasible   83        78.00000   44.00000  43.6%  29.2 4674s
 2996419 1524972   72.00000   72  152   78.00000   44.00000  43.6%  29.2 4679s
 2997369 1527618   72.00000   85  141   78.00000   44.00000  43.6%  29.3 4690s
 3003225 1527987   59.00000   47  149   78.00000   44.00000  43.6%  29.2 4697s
 3004147 1535421   72.00000   65  155   78.00000   44.00000  43.6%  29.2 4730s
 3019747 1535693   60.00000   69  186   78.00000   44.00000  43.6%  29.2 4735s
 3020939 1536331 infeasible   59        78.00000   44.00000  43.6%  29.2 4742s
 3021543 1536599   67.00000   62  203   78.00000   44.00000  43.6%  29.2 4746s
 3022245 1536981 infeasible   78        78.00000   44.00000  43.6%  29.2 4750s
 3023010 1537321     cutoff   85        78.00000   44.00000  43.6%  29.2 4755s
 3023744 1539828   65.00000   60  153   78.00000   44.00000  43.6%  29.2 4765s
 3029000 1540256 infeasible   85        78.00000   44.00000  43.6%  29.2 4771s
 3029901 1546288   71.00000   93  119   78.00000   44.00000  43.6%  29.2 4800s
 3042806 1546640   51.00000   87  169   78.00000   44.00000  43.6%  29.2 4807s
 3043527 1547037 infeasible   98        78.00000   44.00000  43.6%  29.2 4811s
 3044306 1547478   77.00000   73  171   78.00000   44.00000  43.6%  29.2 4816s
 3045144 1547940     cutoff   90        78.00000   44.00000  43.6%  29.2 4821s
 3046030 1550518   70.00000   76  157   78.00000   44.00000  43.6%  29.2 4831s
 3051416 1550937 infeasible   86        78.00000   44.00000  43.6%  29.2 4837s
 3052296 1558877   59.00000   85  181   78.00000   44.00000  43.6%  29.2 4871s
 3068712 1559153 infeasible  111        78.00000   44.00000  43.6%  29.2 4877s
 3069284 1559481     cutoff   93        78.00000   44.00000  43.6%  29.2 4881s
 3069912 1559802   75.00000   97  113   78.00000   44.00000  43.6%  29.2 4886s
 3071217 1560529 infeasible  101        78.00000   44.00000  43.6%  29.2 4894s
 3071954 1561067 infeasible   98        78.00000   44.00000  43.6%  29.2 4899s
 3072814 1563472   71.00000   79  124   78.00000   44.00000  43.6%  29.2 4908s
 3078020 1563883 infeasible   60        78.00000   44.00000  43.6%  29.2 4914s
 3078976 1571167   56.00000   70  222   78.00000   44.00000  43.6%  29.2 4945s
 3093484 1571411   63.00000   83  215   78.00000   44.00000  43.6%  29.2 4951s
 3094026 1571750   73.00000   91  187   78.00000   44.00000  43.6%  29.2 4955s
 3094627 1572112   73.00000   99  145   78.00000   44.00000  43.6%  29.2 4960s
 3096059 1572755   71.00000   86  162   78.00000   44.00000  43.6%  29.2 4968s
 3096771 1575290   53.00000   58  203   78.00000   44.00000  43.6%  29.2 4976s
 3101568 1575805   58.00000   64  156   78.00000   44.00000  43.6%  29.2 4982s
 3102586 1582688   63.00000   56  170   78.00000   44.00000  43.6%  29.2 5013s
 3116572 1582988 infeasible  105        78.00000   44.00000  43.6%  29.2 5019s
 3117161 1583339   77.00000  108  133   78.00000   44.00000  43.6%  29.2 5023s
 3117764 1583695   72.00000   64  132   78.00000   44.00000  43.6%  29.2 5027s
 3118421 1584073   74.00000   69  134   78.00000   44.00000  43.6%  29.2 5031s
 3119968 1586797   67.00000   76  159   78.00000   44.00000  43.6%  29.2 5042s
 3124792 1587234   67.00000   69  135   78.00000   44.00000  43.6%  29.2 5048s
 3125675 1595151   74.00000   98  178   78.00000   44.00000  43.6%  29.2 5083s
 3141919 1595403 infeasible  101        78.00000   44.00000  43.6%  29.2 5089s
 3142463 1595772   63.00000   65  200   78.00000   44.00000  43.6%  29.2 5093s
 3143119 1596028 infeasible   99        78.00000   44.00000  43.6%  29.2 5096s
 3143735 1596366   54.00000   52  199   78.00000   44.00000  43.6%  29.2 5100s
 3144431 1596688 infeasible   76        78.00000   44.00000  43.6%  29.2 5105s
 3145140 1598444   70.00000   72  181   78.00000   44.00000  43.6%  29.2 5112s
 3148761 1598904 infeasible  101        78.00000   44.00000  43.6%  29.2 5119s
 3149713 1603729   63.00000   58  189   78.00000   44.00000  43.6%  29.2 5145s
 3159977 1604106   74.00000   93  160   78.00000   44.00000  43.6%  29.2 5152s
 3160755 1604527   75.00000   72  153   78.00000   44.00000  43.6%  29.2 5155s
 3161641 1607202     cutoff   88        78.00000   44.00000  43.6%  29.2 5165s
 3166996 1607603 infeasible   93        78.00000   44.00000  43.6%  29.2 5171s
 3167811 1607978   61.00000   43  197   78.00000   44.00000  43.6%  29.2 5176s
 3168638 1610451   71.00000   66  114   78.00000   44.00000  43.6%  29.2 5185s
 3174014 1611101     cutoff   77        78.00000   44.00000  43.6%  29.2 5192s
 3175068 1617534   51.00000   75  224   78.00000   44.00000  43.6%  29.2 5220s
 3188607 1617760   77.00000   96  122   78.00000   44.00000  43.6%  29.1 5226s
 3189137 1618034 infeasible   75        78.00000   44.00000  43.6%  29.2 5230s
 3190416 1618680   71.00000   74  129   78.00000   44.00000  43.6%  29.2 5239s
 3191101 1619025 infeasible   81        78.00000   44.00000  43.6%  29.2 5244s
 3191861 1621145   69.00000   94  162   78.00000   44.00000  43.6%  29.2 5253s
 3196938 1621580   44.00000   52  187   78.00000   44.00000  43.6%  29.2 5259s
 3197825 1629165   76.00000   82  112   78.00000   44.00000  43.6%  29.2 5293s
 3214350 1629384   64.00000   68  144   78.00000   44.00000  43.6%  29.1 5300s
 3215444 1629933   69.00000   62  174   78.00000   44.00000  43.6%  29.1 5308s
 3216089 1630250   66.00000   62  141   78.00000   44.00000  43.6%  29.1 5312s
 3216758 1630541 infeasible   81        78.00000   44.00000  43.6%  29.2 5317s
 3217457 1630870   63.00000   74  226   78.00000   44.00000  43.6%  29.2 5321s
 3218192 1633124   74.00000   87  162   78.00000   44.00000  43.6%  29.2 5330s
 3223227 1633404 infeasible   98        78.00000   44.00000  43.6%  29.2 5335s
 3224044 1641154   77.00000   96  112   78.00000   44.00000  43.6%  29.2 5371s
 3241940 1641463   66.00000   56  139   78.00000   44.00000  43.6%  29.1 5379s
 3242502 1641694   64.00000   52  201   78.00000   44.00000  43.6%  29.1 5382s
 3243029 1641962 infeasible   76        78.00000   44.00000  43.6%  29.1 5386s
 3243600 1642217   77.00000   92   86   78.00000   44.00000  43.6%  29.1 5390s
 3244957 1642848   76.00000   53  143   78.00000   44.00000  43.6%  29.1 5400s
 3245876 1649797   69.00000   77  154   78.00000   44.00000  43.6%  29.2 5433s
 3261620 1650032 infeasible   75        78.00000   44.00000  43.6%  29.1 5440s
 3262739 1650541 infeasible  104        78.00000   44.00000  43.6%  29.1 5447s
 3263348 1650933   56.00000   65  175   78.00000   44.00000  43.6%  29.1 5451s
 3264655 1651523   77.00000   73   75   78.00000   44.00000  43.6%  29.1 5457s
 3265430 1653896   61.00000   68  167   78.00000   44.00000  43.6%  29.2 5466s
 3270635 1654273 infeasible   87        78.00000   44.00000  43.6%  29.1 5473s
 3271519 1661848   72.00000   78  174   78.00000   44.00000  43.6%  29.1 5508s
 3288586 1662050   66.00000   83  165   78.00000   44.00000  43.6%  29.1 5514s
 3289102 1662310   76.00000   91  128   78.00000   44.00000  43.6%  29.1 5517s
 3289648 1662542   73.00000   63  145   78.00000   44.00000  43.6%  29.1 5521s
 3290220 1662846   77.00000   75  135   78.00000   44.00000  43.6%  29.1 5525s
 3290905 1663140 infeasible  101        78.00000   44.00000  43.6%  29.1 5530s
 3291599 1663486   60.00000   84  204   78.00000   44.00000  43.6%  29.1 5535s
 3292325 1665785   77.00000  100  118   78.00000   44.00000  43.6%  29.1 5545s
 3298396 1666247   45.00000   64  170   78.00000   44.00000  43.6%  29.1 5551s
 3298864 1667736   70.00000   81  104   78.00000   44.00000  43.6%  29.1 5558s
 3302286 1667996   54.00000   52  208   78.00000   44.00000  43.6%  29.1 5561s
 3302846 1669526   67.00000   65  165   78.00000   44.00000  43.6%  29.1 5568s
 3306411 1669840   63.00000   87  210   78.00000   44.00000  43.6%  29.1 5572s
 3307025 1671497   48.00000   64  170   78.00000   44.00000  43.6%  29.1 5578s
 3310918 1671651 infeasible   94        78.00000   44.00000  43.6%  29.1 5581s
 3311448 1671910   76.00000   86  150   78.00000   44.00000  43.6%  29.1 5585s
 3312067 1673488   73.00000   65  121   78.00000   44.00000  43.6%  29.1 5592s
 3315696 1673911   56.00000   78  229   78.00000   44.00000  43.6%  29.1 5598s
 3316592 1681194   77.00000   81  179   78.00000   44.00000  43.6%  29.1 5634s
 3333561 1681412   68.00000   83  138   78.00000   44.00000  43.6%  29.1 5641s
 3334619 1681899   77.00000   70  124   78.00000   44.00000  43.6%  29.1 5648s
 3335195 1682117   77.00000   87   99   78.00000   44.00000  43.6%  29.1 5653s
 3335825 1682386   65.00000   90  147   78.00000   44.00000  43.6%  29.1 5657s
 3336512 1682728   76.00000   70  161   78.00000   44.00000  43.6%  29.1 5662s
 3337297 1684942   73.00000   87  187   78.00000   44.00000  43.6%  29.1 5671s
 3342356 1685384 infeasible   68        78.00000   44.00000  43.6%  29.1 5678s
 3343267 1692497   77.00000   86  117   78.00000   44.00000  43.6%  29.1 5711s
 3359883 1692754   54.00000   76  229   78.00000   44.00000  43.6%  29.0 5718s
 3360421 1693018   68.00000   70  183   78.00000   44.00000  43.6%  29.0 5721s
 3360964 1693307   73.00000   88  162   78.00000   44.00000  43.6%  29.1 5725s
 3361567 1693592   72.00000   93  165   78.00000   44.00000  43.6%  29.1 5730s
 3362890 1696033   44.00000   61  243   78.00000   44.00000  43.6%  29.1 5742s
 3367394 1696443 infeasible   56        78.00000   44.00000  43.6%  29.1 5748s
 3368287 1700004   44.00000   66  259   78.00000   44.00000  43.6%  29.1 5770s
 3375536 1700486 infeasible   93        78.00000   44.00000  43.6%  29.1 5779s
 3376621 1703825   76.00000   87   98   78.00000   44.00000  43.6%  29.1 5794s
 3383991 1704136   57.00000   80  191   78.00000   44.00000  43.6%  29.1 5800s
 3384791 1704615   75.00000   76  153   78.00000   44.00000  43.6%  29.1 5807s
 3385919 1707405   44.00000   80  210   78.00000   44.00000  43.6%  29.1 5816s
 3391649 1707705   48.00000   62  212   78.00000   44.00000  43.6%  29.1 5823s
 3392489 1713923   72.00000   86  184   78.00000   44.00000  43.6%  29.1 5854s
 3406133 1714276   69.00000   55  159   78.00000   44.00000  43.6%  29.1 5862s
 3406827 1714624   45.00000   45  163   78.00000   44.00000  43.6%  29.1 5867s
 3407551 1715043   60.00000   60  174   78.00000   44.00000  43.6%  29.1 5872s
 3408316 1715448 infeasible   73        78.00000   44.00000  43.6%  29.1 5876s
 3409114 1717972   44.00000   39  168   78.00000   44.00000  43.6%  29.1 5886s
 3414401 1718392   44.00000   44  184   78.00000   44.00000  43.6%  29.1 5893s
 3415326 1722479   76.00000   67  105   78.00000   44.00000  43.6%  29.1 5918s
 3424027 1722945   73.00000   64   95   78.00000   44.00000  43.6%  29.1 5927s
 3424997 1723361 infeasible   73        78.00000   44.00000  43.6%  29.1 5933s
 3425964 1726400   71.00000   84  112   78.00000   44.00000  43.6%  29.1 5946s
 3432245 1726842 infeasible  117        78.00000   44.00000  43.6%  29.1 5952s
 3433068 1729325   44.00000   71  247   78.00000   44.00000  43.6%  29.1 5962s
 3437956 1729789 infeasible  102        78.00000   44.00000  43.6%  29.1 5968s
 3438848 1731298   69.00000   67  123   78.00000   44.00000  43.6%  29.1 5985s
 3441958 1736177   73.00000   91  160   78.00000   44.00000  43.6%  29.1 6013s
 3452352 1736630   70.00000   67  153   78.00000   44.00000  43.6%  29.1 6021s
 3453286 1737142     cutoff   68        78.00000   44.00000  43.6%  29.1 6027s
 3454332 1740213   70.00000   84  186   78.00000   44.00000  43.6%  29.1 6040s
 3460789 1740702 infeasible   84        78.00000   44.00000  43.6%  29.1 6047s
 3461719 1747678   60.00000   47  171   78.00000   44.00000  43.6%  29.1 6079s
 3475761 1748000   62.00000   53  143   78.00000   44.00000  43.6%  29.1 6087s
 3476392 1748257 infeasible   74        78.00000   44.00000  43.6%  29.1 6091s
 3476995 1748564   62.00000   44  155   78.00000   44.00000  43.6%  29.1 6096s
 3477666 1748844   74.00000   60  129   78.00000   44.00000  43.6%  29.1 6101s
 3478393 1749265   53.00000   84  231   78.00000   44.00000  43.6%  29.1 6106s
 3479221 1751568   76.00000  104  121   78.00000   44.00000  43.6%  29.1 6115s
 3483920 1752078   53.00000   47  163   78.00000   44.00000  43.6%  29.1 6122s
 3484850 1754541   65.00000   68  150   78.00000   44.00000  43.6%  29.1 6141s
 3489636 1758784 infeasible   71        78.00000   44.00000  43.6%  29.1 6161s
 3498207 1759276   67.00000   60  145   78.00000   44.00000  43.6%  29.1 6169s
 3499116 1759716   44.00000   69  190   78.00000   44.00000  43.6%  29.1 6174s
 3500030 1761437   74.00000   93  106   78.00000   44.00000  43.6%  29.1 6183s
 3503506 1761912   59.00000   64  187   78.00000   44.00000  43.6%  29.1 6190s
 3504458 1764498   52.00000   77  175   78.00000   44.00000  43.6%  29.2 6200s
 3509675 1765040   65.00000   93  193   78.00000   44.00000  43.6%  29.1 6207s
 3510598 1767303   63.00000   93  246   78.00000   44.00000  43.6%  29.2 6225s
 3515086 1771863   50.00000   80  240   78.00000   44.00000  43.6%  29.2 6245s
 3524387 1772279   56.00000   48  153   78.00000   44.00000  43.6%  29.2 6252s
 3525180 1772655   62.00000   55  162   78.00000   44.00000  43.6%  29.2 6259s
 3526030 1774625   77.00000  107   68   78.00000   44.00000  43.6%  29.2 6267s
 3530010 1775068   44.00000   60  169   78.00000   44.00000  43.6%  29.2 6273s
 3530963 1777808   68.00000   61  165   78.00000   44.00000  43.6%  29.2 6284s
 3536280 1778275   51.00000   61  170   78.00000   44.00000  43.6%  29.2 6291s
 3537159 1779730   75.00000   60  164   78.00000   44.00000  43.6%  29.2 6306s
 3539970 1787025   63.00000   54  175   78.00000   44.00000  43.6%  29.2 6341s
 3554630 1787463   50.00000   74  197   78.00000   44.00000  43.6%  29.2 6349s
 3555403 1787923 infeasible   62        78.00000   44.00000  43.6%  29.2 6354s
 3556217 1790203   74.00000   78  128   78.00000   44.00000  43.6%  29.2 6363s
 3561108 1790802   73.00000   61  190   78.00000   44.00000  43.6%  29.2 6370s
 3562085 1797500   76.00000   66  106   78.00000   44.00000  43.6%  29.2 6402s
 3576304 1797758 infeasible   65        78.00000   44.00000  43.6%  29.2 6409s
 3576896 1798004     cutoff   76        78.00000   44.00000  43.6%  29.2 6413s
 3577466 1798296   63.00000   43  125   78.00000   44.00000  43.6%  29.2 6417s
 3578111 1798605   73.00000   53  173   78.00000   44.00000  43.6%  29.2 6422s
 3578788 1798941 infeasible   91        78.00000   44.00000  43.6%  29.2 6427s
 3579522 1801272   74.00000   98   65   78.00000   44.00000  43.6%  29.2 6437s
 3584227 1801700   76.00000   89  136   78.00000   44.00000  43.6%  29.2 6444s
 3585133 1803619   73.00000   85  169   78.00000   44.00000  43.6%  29.2 6462s
 3588988 1809056   74.00000   75  103   78.00000   44.00000  43.6%  29.2 6487s
 3600378 1809505 infeasible   58        78.00000   44.00000  43.6%  29.2 6495s
 3601227 1809878 infeasible   95        78.00000   44.00000  43.6%  29.2 6501s
 3602011 1812356   61.00000   75  188   78.00000   44.00000  43.6%  29.2 6511s
 3607176 1812828   59.00000   83  158   78.00000   44.00000  43.6%  29.2 6518s
 3608102 1817864   73.00000   55  174   78.00000   44.00000  43.6%  29.2 6546s
 3618968 1818212   66.00000   68  162   78.00000   44.00000  43.6%  29.2 6554s
 3619708 1818679   47.00000   62  192   78.00000   44.00000  43.6%  29.2 6560s
 3620590 1819482   53.00000   54  202   78.00000   44.00000  43.6%  29.2 6567s
 3622085 1822061   63.00000   77  174   78.00000   44.00000  43.6%  29.2 6578s
 3627550 1822495 infeasible   69        78.00000   44.00000  43.6%  29.2 6584s
 3628334 1823949   63.00000   55  171   78.00000   44.00000  43.6%  29.2 6592s
 3631286 1824369   68.00000   66  158   78.00000   44.00000  43.6%  29.2 6597s
 3632188 1832331   75.00000   81  168   78.00000   44.00000  43.6%  29.2 6633s
 3647920 1832584   70.00000   79  175   78.00000   44.00000  43.6%  29.2 6640s
 3649104 1833226   77.00000   83  134   78.00000   44.00000  43.6%  29.2 6649s
 3649745 1833638   75.00000   79  132   78.00000   44.00000  43.6%  29.2 6654s
 3650496 1834136   73.00000   71  129   78.00000   44.00000  43.6%  29.2 6659s
 3651281 1836550   69.00000   52  151   78.00000   44.00000  43.6%  29.2 6668s
 3655896 1837011   62.00000   43  142   78.00000   44.00000  43.6%  29.2 6675s
 3656840 1842529   59.00000   63  172   78.00000   44.00000  43.6%  29.2 6704s
 3661652 1842529   58.00000   63  175   78.00000   44.00000  43.6%  29.2 6705s
 3667746 1842993   57.00000   77  201   78.00000   44.00000  43.6%  29.2 6712s
 3668540 1843466   58.00000   58  202   78.00000   44.00000  43.6%  29.2 6716s
 3669383 1844208   63.00000   62  177   78.00000   44.00000  43.6%  29.2 6723s
 3670761 1846948     cutoff   72        78.00000   44.00000  43.6%  29.2 6735s
 3676296 1847263   48.00000   51  173   78.00000   44.00000  43.6%  29.2 6740s
 3677088 1847966   49.00000   70  159   78.00000   44.00000  43.6%  29.2 6747s
 3678595 1850657   70.00000   81  161   78.00000   44.00000  43.6%  29.2 6758s
 3683790 1850867 infeasible  105        78.00000   44.00000  43.6%  29.2 6762s
 3684309 1851167   76.00000   91  187   78.00000   44.00000  43.6%  29.2 6766s
 3684898 1851609   60.00000   84  192   78.00000   44.00000  43.6%  29.2 6770s
 3685829 1853757   69.00000   66  207   78.00000   44.00000  43.6%  29.2 6778s
 3690075 1854102 infeasible   83        78.00000   44.00000  43.6%  29.2 6783s
 3690768 1856027   50.00000   67  186   78.00000   44.00000  43.6%  29.2 6792s
 3694878 1856356 infeasible   89        78.00000   44.00000  43.6%  29.2 6796s
 3695537 1856722     cutoff   64        78.00000   44.00000  43.6%  29.2 6801s
 3696231 1858725   75.00000   71  115   78.00000   44.00000  43.6%  29.2 6810s
 3700456 1859205 infeasible   93        78.00000   44.00000  43.6%  29.2 6817s
 3701424 1866167   76.00000   92  106   78.00000   44.00000  43.6%  29.2 6848s
 3715865 1866526   69.00000   48  238   78.00000   44.00000  43.6%  29.2 6854s
 3716495 1866857   77.00000   65  190   78.00000   44.00000  43.6%  29.2 6859s
 3717113 1867196 infeasible   75        78.00000   44.00000  43.6%  29.2 6864s
 3717776 1867488   61.00000   75  158   78.00000   44.00000  43.6%  29.2 6869s
 3718444 1867890   70.00000   93  169   78.00000   44.00000  43.6%  29.2 6875s
 3719244 1870322   67.44828   91  197   78.00000   44.00000  43.6%  29.2 6885s
 3724116 1870747   63.00000   59  116   78.00000   44.00000  43.6%  29.2 6892s
 3724942 1873229   60.00000   73  178   78.00000   44.00000  43.6%  29.2 6911s
 3730053 1878056   75.00000  103  113   78.00000   44.00000  43.6%  29.2 6934s
 3740162 1878433 infeasible   53        78.00000   44.00000  43.6%  29.2 6941s
 3740928 1878933   53.00000   80  181   78.00000   44.00000  43.6%  29.2 6947s
 3741825 1881521   74.00000   93  127   78.00000   44.00000  43.6%  29.2 6956s
 3747145 1882024   60.00000   51  144   78.00000   44.00000  43.6%  29.2 6964s
 3748105 1884150   58.00000   55  200   78.00000   44.00000  43.6%  29.2 6983s
 3752385 1889270 infeasible   70        78.00000   44.00000  43.6%  29.2 7007s
 3762445 1889594 infeasible   73        78.00000   44.00000  43.6%  29.2 7014s
 3763237 1890118   67.00000   56  200   78.00000   44.00000  43.6%  29.2 7020s
 3764145 1892698   64.00000   71  241   78.00000   44.00000  43.6%  29.2 7030s
 3769360 1893131   61.00000   72  149   78.00000   44.00000  43.6%  29.2 7037s
 3770299 1896318   72.00000   87  199   78.00000   44.00000  43.6%  29.2 7059s
 3776550 1896957   44.00000   40  177   78.00000   44.00000  43.6%  29.2 7070s
 3777854 1900945   77.00000   69  102   78.00000   44.00000  43.6%  29.2 7087s
 3786015 1901376   70.00000   69  114   78.00000   44.00000  43.6%  29.2 7094s
 3786899 1901881 infeasible   96        78.00000   44.00000  43.6%  29.2 7102s
 3787936 1904805   76.00000   63  172   78.00000   44.00000  43.6%  29.2 7113s
 3793820 1905247   73.00000   52  159   78.00000   44.00000  43.6%  29.2 7121s
 3794725 1913022   70.00000   62  149   78.00000   44.00000  43.6%  29.2 7156s
 3810203 1913306 infeasible   97        78.00000   44.00000  43.6%  29.2 7163s
 3810769 1913588 infeasible   64        78.00000   44.00000  43.6%  29.2 7168s
 3811330 1913943   77.00000   53  119   78.00000   44.00000  43.6%  29.2 7173s
 3812028 1914231   76.00000   67  189   78.00000   44.00000  43.6%  29.2 7177s
 3812738 1914639   69.00000   71  172   78.00000   44.00000  43.6%  29.2 7183s
 3813501 1914967   74.00000   85  103   78.00000   44.00000  43.6%  29.2 7189s
 3814245 1917521 infeasible   54        78.00000   44.00000  43.6%  29.2 7198s
 3819359 1917951   62.00000   91  176   78.00000   44.00000  43.6%  29.2 7205s
 3820223 1922884   55.00000   75  215   78.00000   44.00000  43.6%  29.2 7236s
 3830748 1923266 infeasible   95        78.00000   44.00000  43.6%  29.2 7244s
 3831561 1923649   72.00000   54  152   78.00000   44.00000  43.6%  29.2 7251s
 3832449 1924123   72.00000   68  126   78.00000   44.00000  43.6%  29.2 7256s
 3833443 1927139   57.00000   75  219   78.00000   44.00000  43.6%  29.2 7269s
 3839564 1927645     cutoff   48        78.00000   44.00000  43.6%  29.2 7275s
 3840423 1930210   73.00000   59  168   78.00000   44.00000  43.6%  29.2 7285s
 3845603 1930745   62.00000   48  145   78.00000   44.00000  43.6%  29.2 7293s
 3846574 1935503   44.00000   68  177   78.00000   44.00000  43.6%  29.2 7320s
 3855981 1935975 infeasible   69        78.00000   44.00000  43.6%  29.2 7329s
 3856844 1936335   60.00000   73  132   78.00000   44.00000  43.6%  29.2 7335s
 3857718 1939126   58.00000   68  164   78.00000   44.00000  43.6%  29.2 7347s
 3863378 1939559 infeasible   68        78.00000   44.00000  43.6%  29.2 7353s
 3864197 1940025 infeasible   73        78.00000   44.00000  43.6%  29.2 7360s
 3865095 1942733   76.00000   79  103   78.00000   44.00000  43.6%  29.2 7371s
 3870469 1943235   60.00000   67  150   78.00000   44.00000  43.6%  29.2 7377s
 3871416 1949560   54.00000   68  203   78.00000   44.00000  43.6%  29.2 7409s
 3875073 1949560   74.00000   67  154   78.00000   44.00000  43.6%  29.2 7410s
 3884809 1949918   56.00000   73  177   78.00000   44.00000  43.6%  29.2 7417s
 3885470 1950303   77.00000  107   52   78.00000   44.00000  43.6%  29.2 7422s
 3886200 1950658   56.00000   64  158   78.00000   44.00000  43.6%  29.2 7428s
 3886912 1950990   65.00000   85  176   78.00000   44.00000  43.6%  29.2 7433s
 3887650 1951361     cutoff   92        78.00000   44.00000  43.6%  29.2 7439s
 3888508 1953910   72.00000   81  161   78.00000   44.00000  43.6%  29.3 7450s
 3893853 1954401   59.00000   75  147   78.00000   44.00000  43.6%  29.2 7458s
 3894835 1961237   77.00000   69   88   78.00000   44.00000  43.6%  29.2 7491s
 3908764 1961495   68.00000   47  168   78.00000   44.00000  43.6%  29.2 7497s
 3909349 1961826 infeasible   80        78.00000   44.00000  43.6%  29.2 7502s
 3909986 1962278   54.00000   64  202   78.00000   44.00000  43.6%  29.2 7507s
 3910735 1962702   74.00000   82  122   78.00000   44.00000  43.6%  29.2 7513s
 3911503 1963166   74.00000   78   98   78.00000   44.00000  43.6%  29.2 7519s
 3912296 1965597   61.00000   70  159   78.00000   44.00000  43.6%  29.2 7528s
 3916920 1966076   77.00000  102  119   78.00000   44.00000  43.6%  29.2 7535s
 3917825 1972156     cutoff   78        78.00000   44.00000  43.6%  29.2 7566s
 3930851 1972553   66.00000   81  164   78.00000   44.00000  43.6%  29.2 7574s
 3931565 1972972   61.00000   80  225   78.00000   44.00000  43.6%  29.2 7579s
 3932308 1973303   63.00000   80  200   78.00000   44.00000  43.6%  29.2 7585s
 3933065 1973711   75.00000   72  152   78.00000   44.00000  43.6%  29.2 7592s
 3933915 1976236   66.00000   75  214   78.00000   44.00000  43.6%  29.3 7602s
 3939008 1976600 infeasible   79        78.00000   44.00000  43.6%  29.2 7609s
 3939912 1978388   58.00000   62  228   78.00000   44.00000  43.6%  29.3 7625s
 3943658 1983892   69.00000   90  139   78.00000   44.00000  43.6%  29.3 7653s
 3954956 1984299   64.00000   71  168   78.00000   44.00000  43.6%  29.2 7661s
 3955779 1984664   63.00000   47  206   78.00000   44.00000  43.6%  29.3 7667s
 3956584 1987115   71.00000   79  141   78.00000   44.00000  43.6%  29.3 7676s
 3961473 1987597 infeasible  111        78.00000   44.00000  43.6%  29.3 7684s
 3962406 1989026   71.00000   70  143   78.00000   44.00000  43.6%  29.3 7702s
 3965108 1996306   74.00000   73  203   78.00000   44.00000  43.6%  29.3 7735s
 3980285 1996726   60.00000   56  128   78.00000   44.00000  43.6%  29.3 7744s
 3981037 1997081   58.00000   65  154   78.00000   44.00000  43.6%  29.3 7749s
 3981757 1999226   74.00000   67  169   78.00000   44.00000  43.6%  29.3 7759s
 3985882 1999712 infeasible   56        78.00000   44.00000  43.6%  29.3 7766s
 3986818 2004849   74.00000   72  156   78.00000   44.00000  43.6%  29.3 7796s
 3996640 2005284   73.00000   77  114   78.00000   44.00000  43.6%  29.3 7804s
 3997510 2005750   68.00000   87  173   78.00000   44.00000  43.6%  29.3 7811s
 3998433 2006243 infeasible   99        78.00000   44.00000  43.6%  29.3 7819s
 3999460 2009029   77.00000   91  122   78.00000   44.00000  43.6%  29.3 7831s
 4005072 2009483   60.00000   72  135   78.00000   44.00000  43.6%  29.3 7837s
 4005933 2012027   69.00000   64  124   78.00000   44.00000  43.6%  29.3 7848s
 4010782 2012497   57.00000   72  136   78.00000   44.00000  43.6%  29.3 7854s
 4011714 2013635 infeasible   57        78.00000   44.00000  43.6%  29.3 7871s
 4014260 2021032   76.00000   69  158   78.00000   44.00000  43.6%  29.3 7906s
 4029423 2021399 infeasible   62        78.00000   44.00000  43.6%  29.3 7915s
 4030167 2021816   54.00000   63  154   78.00000   44.00000  43.6%  29.3 7920s
 4030959 2022238   77.00000   61  141   78.00000   44.00000  43.6%  29.3 7926s
 4031827 2024719   76.00000   78  134   78.00000   44.00000  43.6%  29.3 7937s
 4036874 2025182 infeasible   91        78.00000   44.00000  43.6%  29.3 7945s
 4037812 2032285   62.00000   84  185   78.00000   44.00000  43.6%  29.3 7979s
 4052545 2032536   44.00000   38  192   78.00000   44.00000  43.6%  29.3 7987s
 4053120 2032949   63.00000   51  142   78.00000   44.00000  43.6%  29.3 7992s
 4053793 2033247 infeasible   78        78.00000   44.00000  43.6%  29.3 7997s
 4054458 2033643   75.00000   57  103   78.00000   44.00000  43.6%  29.3 8003s
 4055206 2033981   70.00000   75  177   78.00000   44.00000  43.6%  29.3 8009s
 4055950 2035632   76.00000   97  108   78.00000   44.00000  43.6%  29.3 8017s
 4059516 2036126   67.00000   65  182   78.00000   44.00000  43.6%  29.3 8025s
 4060465 2043099   69.00000   61  136   78.00000   44.00000  43.6%  29.3 8057s
 4074861 2043416   54.00000   50  158   78.00000   44.00000  43.6%  29.3 8064s
 4075445 2043693 infeasible   61        78.00000   44.00000  43.6%  29.3 8069s
 4076037 2044044 infeasible   66        78.00000   44.00000  43.6%  29.3 8075s
 4076721 2044380   69.00000   74  113   78.00000   44.00000  43.6%  29.3 8080s
 4077453 2044868   70.00000   78  114   78.00000   44.00000  43.6%  29.3 8086s
 4078276 2047186   74.00000   38  144   78.00000   44.00000  43.6%  29.3 8095s
 4083096 2047658   77.00000   62  144   78.00000   44.00000  43.6%  29.3 8102s
 4083962 2049064   58.00000   70  124   78.00000   44.00000  43.6%  29.3 8122s
 4086778 2056287   62.00000   71  119   78.00000   44.00000  43.6%  29.3 8156s
 4101838 2056621 infeasible   95        78.00000   44.00000  43.6%  29.3 8165s
 4102589 2057111     cutoff   68        78.00000   44.00000  43.6%  29.3 8171s
 4103439 2059459   64.00000   55  191   78.00000   44.00000  43.6%  29.3 8182s
 4108162 2059985 infeasible  102        78.00000   44.00000  43.6%  29.3 8190s
 4109131 2063348   77.00000   94  129   78.00000   44.00000  43.6%  29.3 8211s
 4115681 2063955   51.00000   61  152   78.00000   44.00000  43.6%  29.3 8220s
 4116858 2067564   75.00000   92  123   78.00000   44.00000  43.6%  29.3 8237s
 4124187 2068000   76.00000   72  134   78.00000   44.00000  43.6%  29.3 8244s
 4125044 2068479 infeasible   90        78.00000   44.00000  43.6%  29.3 8251s
 4126031 2071081   54.00000   41  196   78.00000   44.00000  43.6%  29.3 8263s
 4131330 2071545   61.00000   63  161   78.00000   44.00000  43.6%  29.3 8270s
 4132217 2078818   75.00000   79  132   78.00000   44.00000  43.6%  29.3 8305s
 4147667 2079125 infeasible   84        78.00000   44.00000  43.6%  29.3 8313s
 4148259 2079417   60.00000   55  176   78.00000   44.00000  43.6%  29.3 8318s
 4148863 2079816 infeasible   76        78.00000   44.00000  43.6%  29.3 8323s
 4149584 2080231 infeasible   86        78.00000   44.00000  43.6%  29.3 8328s
 4150316 2080548   76.00000   94  136   78.00000   44.00000  43.6%  29.3 8334s
 4151085 2081027   76.00000  101  116   78.00000   44.00000  43.6%  29.3 8340s
 4151948 2083680   70.00000   80  145   78.00000   44.00000  43.6%  29.3 8351s
 4157234 2084179   71.00000   94  141   78.00000   44.00000  43.6%  29.3 8359s
 4158220 2091114   63.00000   75  166   78.00000   44.00000  43.6%  29.3 8394s
 4172713 2091347 infeasible   81        78.00000   44.00000  43.6%  29.3 8401s
 4173281 2091611   73.00000   69  141   78.00000   44.00000  43.6%  29.3 8406s
 4173919 2091950   64.00000   74  194   78.00000   44.00000  43.6%  29.3 8411s
 4174628 2092343 infeasible   74        78.00000   44.00000  43.6%  29.3 8417s
 4175320 2092701   69.00000   60  243   78.00000   44.00000  43.6%  29.3 8423s
 4176053 2095068   69.00000   76  147   78.00000   44.00000  43.6%  29.3 8433s
 4180808 2095536 infeasible   72        78.00000   44.00000  43.6%  29.3 8441s
 4181789 2098839   61.00000   82  105   78.00000   44.00000  43.6%  29.3 8460s
 4188222 2099328   72.00000   59  159   78.00000   44.00000  43.6%  29.3 8470s
 4189462 2102882   62.00000   73  146   78.00000   44.00000  43.6%  29.3 8486s
 4197146 2103337   59.00000   76  212   78.00000   44.00000  43.6%  29.3 8493s
 4198001 2103746   77.00000   95  128   78.00000   44.00000  43.6%  29.3 8500s
 4198929 2106783   54.00000   65  202   78.00000   44.00000  43.6%  29.3 8513s
 4204988 2107310 infeasible   82        78.00000   44.00000  43.6%  29.3 8521s
 4205948 2114776   65.00000   51  176   78.00000   44.00000  43.6%  29.3 8556s
 4221124 2115058   72.00000   58  133   78.00000   44.00000  43.6%  29.3 8564s
 4221674 2115356   66.00000   73  179   78.00000   44.00000  43.6%  29.3 8568s
 4222246 2115637   57.00000   84  181   78.00000   44.00000  43.6%  29.3 8573s
 4222862 2115954   70.00000   62  178   78.00000   44.00000  43.6%  29.3 8577s
 4223551 2116210   53.00000   57  227   78.00000   44.00000  43.6%  29.3 8582s
 4224291 2117144   75.00000   79  164   78.00000   44.00000  43.6%  29.3 8590s
 4226277 2117552   52.00000   55  237   78.00000   44.00000  43.6%  29.3 8597s
 4227116 2120014   68.00000   87  152   78.00000   44.00000  43.6%  29.3 8608s
 4232420 2120296 infeasible   67        78.00000   44.00000  43.6%  29.3 8612s
 4232965 2121862   69.00000   80  144   78.00000   44.00000  43.6%  29.3 8619s
 4236303 2122148   76.00000   91  120   78.00000   44.00000  43.6%  29.3 8624s
 4236890 2122406   60.00000   69  222   78.00000   44.00000  43.6%  29.3 8628s
 4237463 2124253   66.00000   73  134   78.00000   44.00000  43.6%  29.3 8636s
 4241149 2124629 infeasible   78        78.00000   44.00000  43.6%  29.3 8641s
 4241804 2126405   57.00000   65  182   78.00000   44.00000  43.6%  29.3 8649s
 4245594 2126699   44.00000   47  205   78.00000   44.00000  43.6%  29.3 8654s
 4246199 2128441   64.00000   59  183   78.00000   44.00000  43.6%  29.3 8662s
 4249873 2128938 infeasible   69        78.00000   44.00000  43.6%  29.3 8670s
 4250803 2136118     cutoff   91        78.00000   44.00000  43.6%  29.3 8705s
 4265790 2136379 infeasible   83        78.00000   44.00000  43.6%  29.3 8713s
 4266383 2136693   69.00000   45  162   78.00000   44.00000  43.6%  29.3 8718s
 4266992 2136946   69.00000   68  153   78.00000   44.00000  43.6%  29.3 8723s
 4267651 2137384   54.00000   63  166   78.00000   44.00000  43.6%  29.3 8730s
 4268448 2137813     cutoff   90        78.00000   44.00000  43.6%  29.3 8735s
 4269185 2138306 infeasible   82        78.00000   44.00000  43.6%  29.3 8743s
 4270223 2140890   77.00000   70  129   78.00000   44.00000  43.6%  29.3 8754s
 4275529 2141310   54.00000   71  179   78.00000   44.00000  43.6%  29.3 8761s
 4276515 2148350     cutoff   78        78.00000   44.00000  43.6%  29.3 8796s
 4290947 2148661   54.00000   70  181   78.00000   44.00000  43.6%  29.3 8804s
 4291573 2149007 infeasible   88        78.00000   44.00000  43.6%  29.3 8809s
 4292253 2149344     cutoff   92        78.00000   44.00000  43.6%  29.3 8814s
 4292933 2149710 infeasible   74        78.00000   44.00000  43.6%  29.3 8819s
 4293701 2149992   61.00000   84  167   78.00000   44.00000  43.6%  29.3 8825s
 4294416 2152377   75.00000  104   93   78.00000   44.00000  43.6%  29.3 8835s
 4299222 2152801 infeasible   85        78.00000   44.00000  43.6%  29.3 8843s
 4300147 2159507   70.00000   73  145   78.00000   44.00000  43.6%  29.3 8877s
 4313922 2159849   67.00000   91  117   78.00000   44.00000  43.6%  29.3 8885s
 4314556 2160282   73.00000   70  151   78.00000   44.00000  43.6%  29.3 8890s
 4315288 2160630 infeasible   63        78.00000   44.00000  43.6%  29.3 8896s
 4316049 2161081   76.00000   89  128   78.00000   44.00000  43.6%  29.3 8903s
 4316908 2163706   60.00000   46  141   78.00000   44.00000  43.6%  29.3 8914s
 4322020 2164234 infeasible   70        78.00000   44.00000  43.6%  29.3 8922s
 4323006 2167330     cutoff   70        78.00000   44.00000  43.6%  29.3 8941s
 4329256 2167950 infeasible   91        78.00000   44.00000  43.6%  29.3 8952s
 4330520 2171890   76.00000   79  130   78.00000   44.00000  43.6%  29.3 8970s
 4338620 2172363   57.00000   72  182   78.00000   44.00000  43.6%  29.3 8978s
 4339526 2172810   73.00000   68  144   78.00000   44.00000  43.6%  29.3 8986s
 4340503 2175608   59.00000   49  198   78.00000   44.00000  43.6%  29.3 8996s
 4346057 2176086   73.00000   81  133   78.00000   44.00000  43.6%  29.3 9005s
 4346971 2183916   44.00000   57  243   78.00000   44.00000  43.6%  29.3 9042s
 4362442 2184232   73.00000  103  149   78.00000   44.00000  43.6%  29.3 9050s
 4363644 2184889   68.00000   68  149   78.00000   44.00000  43.6%  29.3 9060s
 4364290 2185282   61.00000   85  143   78.00000   44.00000  43.6%  29.3 9065s
 4365048 2185695   69.00000   63  151   78.00000   44.00000  43.6%  29.3 9071s
 4365802 2187785   63.00000   95  151   78.00000   44.00000  43.6%  29.3 9081s
 4370283 2188368   72.00000   78  162   78.00000   44.00000  43.6%  29.3 9090s
 4371296 2195483   77.00000   60  165   78.00000   44.00000  43.6%  29.3 9124s
 4385555 2195759 infeasible   76        78.00000   44.00000  43.6%  29.3 9131s
 4386133 2196154   44.00000   38  181   78.00000   44.00000  43.6%  29.3 9137s
 4386830 2196591 infeasible   77        78.00000   44.00000  43.6%  29.3 9142s
 4387572 2196977   74.00000   81  179   78.00000   44.00000  43.6%  29.3 9148s
 4388298 2197381   71.00000   86  112   78.00000   44.00000  43.6%  29.3 9153s
 4389045 2199632   70.00000   69  168   78.00000   44.00000  43.6%  29.3 9163s
 4393795 2200113   66.00000   77  139   78.00000   44.00000  43.6%  29.3 9171s
 4394756 2207346   74.00000   55  131   78.00000   44.00000  43.6%  29.3 9205s
 4410031 2207636   62.00000   69  183   78.00000   44.00000  43.6%  29.3 9213s
 4410609 2208016   76.00000   66  134   78.00000   44.00000  43.6%  29.3 9218s
 4411270 2208342   76.00000   75  132   78.00000   44.00000  43.6%  29.3 9223s
 4411929 2208647   75.00000   91  162   78.00000   44.00000  43.6%  29.3 9229s
 4412619 2209038   44.00000   42  204   78.00000   44.00000  43.6%  29.3 9234s
 4413408 2211337   76.00000   82  153   78.00000   44.00000  43.6%  29.3 9244s
 4418027 2211801 infeasible   90        78.00000   44.00000  43.6%  29.3 9252s
 4418945 2215366   76.00000   69  177   78.00000   44.00000  43.6%  29.3 9274s
 4423586 2215366   76.00000   74  160   78.00000   44.00000  43.6%  29.3 9275s
 4425941 2215985   50.00000   63  190   78.00000   44.00000  43.6%  29.3 9284s
 4427193 2219759   77.00000   74  149   78.00000   44.00000  43.6%  29.3 9298s
 4434823 2220268   63.00000   57  189   78.00000   44.00000  43.6%  29.3 9306s
 4435719 2220958   63.00000   55  184   78.00000   44.00000  43.6%  29.3 9312s
 4436996 2223585 infeasible  105        78.00000   44.00000  43.6%  29.3 9324s
 4442779 2224074 infeasible   85        78.00000   44.00000  43.6%  29.3 9332s
 4443736 2231269   76.00000   68  137   78.00000   44.00000  43.6%  29.3 9368s
 4458763 2231627     cutoff   57        78.00000   44.00000  43.6%  29.3 9376s
 4459349 2231879   74.00000   67  158   78.00000   44.00000  43.6%  29.3 9381s
 4459938 2232205     cutoff   72        78.00000   44.00000  43.6%  29.3 9386s
 4460611 2232575   71.00000   68  171   78.00000   44.00000  43.6%  29.3 9392s
 4461318 2233074   76.00000   63  104   78.00000   44.00000  43.6%  29.3 9399s
 4462155 2233875   71.00000   74  197   78.00000   44.00000  43.6%  29.3 9406s
 4463636 2236333   44.00000   62  173   78.00000   44.00000  43.6%  29.3 9416s
 4468630 2236796   63.00000   51  122   78.00000   44.00000  43.6%  29.3 9424s
 4469588 2240394   77.00000   62  187   78.00000   44.00000  43.6%  29.3 9448s
 4476840 2241023   62.00000   86  124   78.00000   44.00000  43.6%  29.3 9457s
 4477944 2244382   63.00000   73  110   78.00000   44.00000  43.6%  29.3 9473s
 4484825 2244774   56.00000   89  185   78.00000   44.00000  43.6%  29.3 9479s
 4485648 2245208     cutoff   53        78.00000   44.00000  43.6%  29.3 9486s
 4486517 2248066   67.00000   80  197   78.00000   44.00000  43.6%  29.3 9499s
 4492193 2248535   56.00000   90  180   78.00000   44.00000  43.6%  29.3 9507s
 4493113 2255722   45.00000   48  151   78.00000   44.00000  43.6%  29.3 9543s
 4508060 2256003   48.00000   63  170   78.00000   44.00000  43.6%  29.3 9551s
 4508609 2256274   54.00000   89  188   78.00000   44.00000  43.6%  29.3 9556s
 4509257 2256581 infeasible   66        78.00000   44.00000  43.6%  29.3 9562s
 4509910 2256925 infeasible   60        78.00000   44.00000  43.6%  29.3 9568s
 4510595 2257317   65.00000   90  162   78.00000   44.00000  43.6%  29.3 9575s
 4511365 2257768   62.00000   57  195   78.00000   44.00000  43.6%  29.3 9581s
 4512235 2260250   68.00000   65  117   78.00000   44.00000  43.6%  29.3 9593s
 4517310 2260726   51.00000   61  181   78.00000   44.00000  43.6%  29.3 9601s
 4518211 2268147   63.00000   82  157   78.00000   44.00000  43.6%  29.3 9638s
 4533521 2268443 infeasible   91        78.00000   44.00000  43.6%  29.3 9646s
 4534091 2268703   69.00000   55  168   78.00000   44.00000  43.6%  29.3 9651s
 4534699 2268958   56.00000   57  133   78.00000   44.00000  43.6%  29.3 9655s
 4535322 2269240 infeasible   87        78.00000   44.00000  43.6%  29.3 9661s
 4535961 2269656 infeasible   68        78.00000   44.00000  43.6%  29.3 9668s
 4536804 2270096   76.00000   83  124   78.00000   44.00000  43.6%  29.3 9675s
 4537682 2272617   77.00000   56  154   78.00000   44.00000  43.6%  29.3 9686s
 4542791 2273060   44.00000   90  205   78.00000   44.00000  43.6%  29.3 9694s
 4543732 2274996   64.00000   66  161   78.00000   44.00000  43.6%  29.3 9715s
 4547622 2280085   51.00000   59  147   78.00000   44.00000  43.6%  29.3 9741s
 4558171 2280488   63.00000   57  149   78.00000   44.00000  43.6%  29.3 9749s
 4558978 2280976 infeasible   74        78.00000   44.00000  43.6%  29.3 9756s
 4559862 2281493   75.00000   72  151   78.00000   44.00000  43.6%  29.3 9765s
 4560830 2284187   66.00000   48  123   78.00000   44.00000  43.6%  29.3 9776s
 4566477 2284641   63.00000   51  167   78.00000   44.00000  43.6%  29.3 9785s
 4567358 2291833   75.00000   77  170   78.00000   44.00000  43.6%  29.3 9823s
 4581878 2292082 infeasible  113        78.00000   44.00000  43.6%  29.3 9831s
 4582517 2292380   77.00000   83  125   78.00000   44.00000  43.6%  29.3 9836s
 4583165 2292716 infeasible   72        78.00000   44.00000  43.6%  29.3 9842s
 4583841 2293056   66.00000   73  157   78.00000   44.00000  43.6%  29.3 9848s
 4584604 2293429 infeasible   91        78.00000   44.00000  43.6%  29.3 9854s
 4585356 2293804   77.00000   74  132   78.00000   44.00000  43.6%  29.3 9862s
 4586254 2296390   60.00000   64  159   78.00000   44.00000  43.6%  29.4 9873s
 4591398 2296742 infeasible  103        78.00000   44.00000  43.6%  29.3 9879s
 4592234 2298250 infeasible   66        78.00000   44.00000  43.6%  29.4 9893s
 4595236 2305335   76.00000   72  188   78.00000   44.00000  43.6%  29.4 9921s
 4609400 2305823 infeasible   68        78.00000   44.00000  43.6%  29.4 9929s
 4610213 2306280   71.00000   70  127   78.00000   44.00000  43.6%  29.4 9934s
 4611088 2308680   67.00000   54  138   78.00000   44.00000  43.6%  29.4 9944s
 4615955 2309185 infeasible   96        78.00000   44.00000  43.6%  29.4 9952s
 4616969 2315447   73.00000   64  130   78.00000   44.00000  43.6%  29.4 9983s
 4629382 2315775 infeasible   92        78.00000   44.00000  43.6%  29.3 9990s
 4630003 2316105   51.00000   60  181   78.00000   44.00000  43.6%  29.4 9996s
 4630669 2316489   77.00000   77  135   78.00000   44.00000  43.6%  29.4 10002s
 4631423 2316916   46.00000   51  249   78.00000   44.00000  43.6%  29.4 10009s
 4632233 2317433   63.00000   55  155   78.00000   44.00000  43.6%  29.4 10015s
 4633155 2319982   76.00000   83  126   78.00000   44.00000  43.6%  29.4 10027s
 4637933 2320397 infeasible   65        78.00000   44.00000  43.6%  29.4 10035s
 4638850 2327771   77.00000   81  150   78.00000   44.00000  43.6%  29.4 10071s
 4653975 2328170 infeasible   75        78.00000   44.00000  43.6%  29.4 10079s
 4654594 2328469   75.00000   61  150   78.00000   44.00000  43.6%  29.4 10084s
 4655202 2328821   75.00000   86  141   78.00000   44.00000  43.6%  29.4 10090s
 4655852 2329168 infeasible   86        78.00000   44.00000  43.6%  29.4 10096s
 4656578 2329663   49.00000   49  190   78.00000   44.00000  43.6%  29.4 10103s
 4657445 2330154 infeasible   88        78.00000   44.00000  43.6%  29.4 10111s
 4658358 2332640   76.00000   64  145   78.00000   44.00000  43.6%  29.4 10122s
 4663309 2332992 infeasible   77        78.00000   44.00000  43.6%  29.4 10130s
 4664177 2340883   73.00000   73  141   78.00000   44.00000  43.6%  29.4 10169s
 4679352 2341230 infeasible   64        78.00000   44.00000  43.6%  29.4 10177s
 4679947 2341653   67.00000   71  137   78.00000   44.00000  43.6%  29.4 10183s
 4680622 2341953   73.00000   92  145   78.00000   44.00000  43.6%  29.4 10189s
 4681325 2342400   75.00000   61   92   78.00000   44.00000  43.6%  29.4 10194s
 4682128 2342961 infeasible   85        78.00000   44.00000  43.6%  29.4 10201s
 4683012 2343389 infeasible   59        78.00000   44.00000  43.6%  29.4 10208s
 4683826 2345977   77.00000   78  103   78.00000   44.00000  43.6%  29.4 10220s
 4689020 2346466   56.00000   38  167   78.00000   44.00000  43.6%  29.4 10228s
 4689926 2353656   66.00000   63  204   78.00000   44.00000  43.6%  29.4 10266s
 4703842 2354036   46.00000   43  147   78.00000   44.00000  43.6%  29.4 10274s
 4704477 2354375   68.00000  104  168   78.00000   44.00000  43.6%  29.4 10280s
 4705185 2354831     cutoff   54        78.00000   44.00000  43.6%  29.4 10286s
 4706003 2355231   72.00000   63  122   78.00000   44.00000  43.6%  29.4 10292s
 4706793 2355643   44.00000   52  188   78.00000   44.00000  43.6%  29.4 10300s
 4707644 2358142   70.00000   64  177   78.00000   44.00000  43.6%  29.4 10312s
 4712495 2358668 infeasible   69        78.00000   44.00000  43.6%  29.4 10319s
 4713481 2360162   76.00000   74  146   78.00000   44.00000  43.6%  29.4 10339s
 4716221 2366788   62.00000   56  206   78.00000   44.00000  43.6%  29.4 10373s
 4729110 2367253 infeasible   56        78.00000   44.00000  43.6%  29.4 10383s
 4729934 2367705   65.00000   58  170   78.00000   44.00000  43.6%  29.4 10390s
 4730811 2370079   56.00000   66  167   78.00000   44.00000  43.6%  29.4 10402s
 4735374 2370553 infeasible   39        78.00000   44.00000  43.6%  29.4 10410s
 4736308 2376544   70.00000   62  136   78.00000   44.00000  43.6%  29.4 10443s
 4748376 2376930     cutoff  101        78.00000   44.00000  43.6%  29.4 10451s
 4749090 2377369   73.00000   78  130   78.00000   44.00000  43.6%  29.4 10458s
 4749889 2377920   70.00000   76  118   78.00000   44.00000  43.6%  29.4 10465s
 4750783 2378452   59.00000   68  154   78.00000   44.00000  43.6%  29.4 10473s
 4751766 2380960   77.00000   62  152   78.00000   44.00000  43.6%  29.4 10485s
 4756986 2381349 infeasible   69        78.00000   44.00000  43.6%  29.4 10492s
 4757822 2383841   74.00000   47  134   78.00000   44.00000  43.6%  29.4 10503s
 4762689 2384155 infeasible   77        78.00000   44.00000  43.6%  29.4 10508s
 4763242 2384508   50.00000   49  186   78.00000   44.00000  43.6%  29.4 10514s
 4763889 2386355   77.00000   57  111   78.00000   44.00000  43.6%  29.4 10522s
 4767414 2386753 infeasible   80        78.00000   44.00000  43.6%  29.4 10528s
 4768097 2387067   75.00000   86  100   78.00000   44.00000  43.6%  29.4 10534s
 4768829 2389171   54.00000   62  144   78.00000   44.00000  43.6%  29.4 10544s
 4773085 2389531   68.00000   76  158   78.00000   44.00000  43.6%  29.4 10551s
 4773809 2391745   69.00000   49  159   78.00000   44.00000  43.6%  29.4 10560s
 4778038 2392033 infeasible   91        78.00000   44.00000  43.6%  29.4 10566s
 4778692 2392472   60.00000   51  164   78.00000   44.00000  43.6%  29.4 10573s
 4779508 2394762   69.00000   55  147   78.00000   44.00000  43.6%  29.4 10584s
 4783879 2395077   75.00000   69  135   78.00000   44.00000  43.6%  29.4 10590s
 4784483 2395487   67.00000   66  171   78.00000   44.00000  43.6%  29.4 10596s
 4785253 2397572   67.00000   57  154   78.00000   44.00000  43.6%  29.4 10606s
 4789641 2398041   58.00000   54  150   78.00000   44.00000  43.6%  29.4 10612s
 4790386 2400247   70.00000   75  135   78.00000   44.00000  43.6%  29.4 10622s
 4794541 2400682   62.00000   52  169   78.00000   44.00000  43.6%  29.4 10627s
 4795218 2401029     cutoff   71        78.00000   44.00000  43.6%  29.4 10634s
 4795993 2403238   50.00000   72  181   78.00000   44.00000  43.6%  29.4 10644s
 4800391 2403648 infeasible   75        78.00000   44.00000  43.6%  29.4 10650s
 4801118 2405875   63.00000   71  153   78.00000   44.00000  43.6%  29.4 10660s
 4805194 2406354 infeasible   77        78.00000   44.00000  43.6%  29.4 10669s
 4806157 2410250   69.00000   74  155   78.00000   44.00000  43.6%  29.4 10693s
 4814174 2410809   60.00000   56  166   78.00000   44.00000  43.6%  29.4 10702s
 4815126 2411313   60.00000   80  175   78.00000   44.00000  43.6%  29.5 10711s
 4816154 2414498   69.00000   57  190   78.00000   44.00000  43.6%  29.5 10725s
 4822626 2415006 infeasible   74        78.00000   44.00000  43.6%  29.4 10733s
 4823517 2417613   77.00000   90  104   78.00000   44.00000  43.6%  29.5 10744s
 4828843 2418115   51.00000   73  185   78.00000   44.00000  43.6%  29.4 10752s
 4829765 2419440   59.00000   42  151   78.00000   44.00000  43.6%  29.5 10773s
 4832434 2424662   68.00000   68  171   78.00000   44.00000  43.6%  29.5 10800s

Explored 4842937 nodes (142675521 simplex iterations) in 10802.20 seconds (910.80 work units)
Thread count was 18 (of 36 available processors)

Solution count 10: 78 79 80 ... 87

Time limit reached
Best objective 7.800000000000e+01, best bound 4.400000000000e+01, gap 43.5897%
