
Gurobi 11.0.0 (win64) logging started Wed May 15 03:29:55 2024

Set parameter LogFile to value "./Results/StripPacking-BranchingRuleRuns/Logs/SBbM-010-StripPacking-25.log"
Set parameter TimeLimit to value 10800
Set parameter Cuts to value 0
Set parameter Presolve to value 1
Set parameter Heuristics to value 0
Set parameter LPWarmStart to value 2
Gurobi Optimizer version 11.0.0 build v11.0.0rc2 (win64 - Windows 10.0 (19045.2))

CPU model: Intel(R) Core(TM) i9-10980XE CPU @ 3.00GHz, instruction set [SSE2|AVX|AVX2|AVX512]
Thread count: 18 physical cores, 36 logical processors, using up to 18 threads

Optimize a model with 5425 rows, 951 columns and 16250 nonzeros
Model fingerprint: 0x0996574c
Variable types: 351 continuous, 600 integer (600 binary)
Coefficient statistics:
  Matrix range     [1e+00, 1e+04]
  Objective range  [1e+00, 1e+00]
  Bounds range     [1e+00, 1e+04]
  RHS range        [1e+00, 1e+04]

Warning: Completing partial solution with 600 unfixed non-continuous variables out of 600
User MIP start produced solution with objective 102.2 (0.02s)
Loaded user MIP start with objective 102.2

Presolve removed 1500 rows and 0 columns
Presolve time: 0.02s
Presolved: 3925 rows, 951 columns, 12350 nonzeros
Variable types: 351 continuous, 600 integer (600 binary)

Root relaxation: objective 3.500000e+01, 493 iterations, 0.02 seconds (0.02 work units)

    Nodes    |    Current Node    |     Objective Bounds      |     Work
 Expl Unexpl |  Obj  Depth IntInf | Incumbent    BestBd   Gap | It/Node Time

     0     0   35.00000    0   85  102.20000   35.00000  65.8%     -    0s
     0     0   35.00000    0   85  102.20000   35.00000  65.8%     -    0s
     0     2   35.00000    0   85  102.20000   35.00000  65.8%     -    0s
* 8899  6599             122     102.0000000   35.00000  65.7%  23.4    2s
* 9315  6678             115     101.0000000   35.00000  65.3%  23.7    2s
*10791  7095             120     100.0000000   35.00000  65.0%  24.3    2s
*11345  7117             133      99.0000000   35.00000  64.6%  24.3    2s
*11799  7135             165      98.0000000   35.00000  64.3%  24.5    2s
*11905  6779             187      96.0000000   35.00000  63.5%  24.5    2s
*12475  6721             159      95.0000000   35.00000  63.2%  24.7    3s
*12487  6431             162      94.0000000   35.00000  62.8%  24.7    3s
*13943  6873             120      93.0000000   35.00000  62.4%  25.3    3s
*15308  6627             167      92.0000000   35.00000  62.0%  25.2    3s
*17592  7231             113      91.0000000   35.00000  61.5%  25.3    4s
*19168  8551             122      90.0000000   35.00000  61.1%  25.6    4s
*21548  9383             116      89.0000000   35.00000  60.7%  26.0    4s
 22404 10044   79.00000   86   80   89.00000   35.00000  60.7%  26.1    5s
*28177 12930             107      88.0000000   35.00000  60.2%  26.8    6s
 43728 25444   64.00000   52   73   88.00000   35.00000  60.2%  27.2   10s
*44027 23483             143      87.0000000   35.00000  59.8%  27.2   10s
 61484 36384   85.00000   92   64   87.00000   35.00000  59.8%  27.3   15s
*65896 34833             135      86.0000000   35.00000  59.3%  27.4   16s
 77662 43877   84.00000  103   17   86.00000   35.00000  59.3%  26.9   20s
*81859 42878             140      85.0000000   35.00000  58.8%  27.1   21s
 92590 52851   74.00000  106   51   85.00000   35.00000  58.8%  27.2   26s
 108262 61889   64.00000   67   84   85.00000   35.00000  58.8%  26.9   30s
*113251 59495             127      84.0000000   35.00000  58.3%  27.0   31s
 120507 66472   80.00000   51   64   84.00000   35.00000  58.3%  27.0   35s
 140252 78416   81.00000  112   43   84.00000   35.00000  58.3%  26.7   40s
 148298 86275   78.00000   82   74   84.00000   35.00000  58.3%  26.9   46s
 163233 93929   73.00000   91   58   84.00000   35.00000  58.3%  26.5   50s
 168432 99708   57.00000   45   90   84.00000   35.00000  58.3%  26.6   55s
 186941 110044   46.00000   47   98   84.00000   35.00000  58.3%  26.5   60s
 194492 117619   83.00000   88   37   84.00000   35.00000  58.3%  26.7   67s
 207070 123853   76.00000   79   69   84.00000   35.00000  58.3%  26.5   70s
 220939 133543   61.00000   57   80   84.00000   35.00000  58.3%  26.6   75s
*223499 120292             124      83.0000000   35.00000  57.8%  26.7   75s
 235870 129137   65.00000   86   84   83.00000   35.00000  57.8%  26.8   80s
 246462 136931   44.00000   59  126   83.00000   35.00000  57.8%  26.9   86s
 260422 147335   73.00000   67   83   83.00000   35.00000  57.8%  26.9   91s
 274241 154296   51.00000   60   84   83.00000   35.00000  57.8%  26.9   95s
 286519 162260   81.00000   61   58   83.00000   35.00000  57.8%  27.0  100s
 302210 173272   75.00000   98   68   83.00000   35.00000  57.8%  27.3  105s
 315410 182099 infeasible  113        83.00000   35.00000  57.8%  27.2  110s
 326499 191845   44.00000   53  116   83.00000   35.00000  57.8%  27.3  117s
 339525 198214   82.00000  122    9   83.00000   35.00000  57.8%  27.2  120s
*341571 178476             135      82.0000000   35.00000  57.3%  27.2  120s
 350612 186404   77.00000  131   51   82.00000   35.00000  57.3%  27.4  125s
 358794 194070   67.00000  110   55   82.00000   35.00000  57.3%  27.5  131s
*368243 178974             157      81.0000000   35.00000  56.8%  27.3  133s
 371185 182071   64.00000   41   90   81.00000   35.00000  56.8%  27.4  135s
 382189 189088   75.00000   63   65   81.00000   35.00000  56.8%  27.5  140s
 387599 194671   77.00000   66   36   81.00000   35.00000  56.8%  27.5  145s
 400992 201535   62.00000   90   88   81.00000   35.00000  56.8%  27.5  150s
 414391 210515   76.00000   68   71   81.00000   35.00000  56.8%  27.7  155s
 417211 213816   70.00000   37  108   81.00000   35.00000  56.8%  27.8  160s
 432213 221528 infeasible  114        81.00000   35.00000  56.8%  27.7  165s
 440752 229370   57.00000   89   89   81.00000   35.00000  56.8%  27.8  171s
 453798 235744   41.00000   28  104   81.00000   35.00000  56.8%  27.8  175s
 462368 243203   78.00000   90   35   81.00000   35.00000  56.8%  27.9  180s
 476861 251985 infeasible  116        81.00000   35.00000  56.8%  28.0  186s
 482435 257092   80.00000   96   59   81.00000   35.00000  56.8%  28.0  194s
 487923 258612   68.00000   97   70   81.00000   35.00000  56.8%  27.9  195s
 495222 263802   79.00000   92   53   81.00000   35.00000  56.8%  28.0  200s
 503276 268858   50.00000   67  109   81.00000   35.00000  56.8%  28.1  205s
 508847 272478   72.00000   91   64   81.00000   35.00000  56.8%  28.1  210s
 514358 277639   63.00000  101  105   81.00000   35.00000  56.8%  28.1  215s
 529331 285507 infeasible   83        81.00000   35.00000  56.8%  28.1  221s
 538335 291686 infeasible   55        81.00000   35.00000  56.8%  28.2  226s
 543796 296135   48.00000   65   88   81.00000   35.00000  56.8%  28.3  234s
 547695 297912   35.00000   27  120   81.00000   35.00000  56.8%  28.2  235s
 555531 305159   70.00000   67   89   81.00000   35.00000  56.8%  28.3  247s
 563946 308721   45.00000   50  120   81.00000   35.00000  56.8%  28.2  251s
 569511 312298   66.00000   92   61   81.00000   35.00000  56.8%  28.2  256s
 574789 315652   68.00000   74   74   81.00000   35.00000  56.8%  28.2  260s
 579985 318925   49.00000   54   67   81.00000   35.00000  56.8%  28.2  266s
 585335 321983   80.00000   83   55   81.00000   35.00000  56.8%  28.3  270s
 590556 325554   76.00000   66   70   81.00000   35.00000  56.8%  28.3  275s
 595823 330642   77.00000   79   66   81.00000   35.00000  56.8%  28.3  285s
 605180 335288   62.00000   89   90   81.00000   35.00000  56.8%  28.3  290s
 610272 338574   44.00000   52  135   81.00000   35.00000  56.8%  28.3  295s
 615306 341945   37.00000   45  109   81.00000   35.00000  56.8%  28.3  301s
 617884 344780   76.00000   64   66   81.00000   35.00000  56.8%  28.4  306s
 622300 346317   80.00000   58   50   81.00000   35.00000  56.8%  28.3  310s
 627144 349416   62.00000   84   87   81.00000   35.00000  56.8%  28.3  315s
 631774 352638 infeasible  110        81.00000   35.00000  56.8%  28.4  321s
 637366 355926   75.00000   83   52   81.00000   35.00000  56.8%  28.4  327s
 639961 357697   51.00000   59  102   81.00000   35.00000  56.8%  28.4  330s
 645374 360822   73.00000   74   75   81.00000   35.00000  56.8%  28.5  336s
 648156 362446   80.00000  113   55   81.00000   35.00000  56.8%  28.5  341s
 653526 365930   70.00000   70   87   81.00000   35.00000  56.8%  28.5  349s
 656700 367149   54.00000   57   73   81.00000   35.00000  56.8%  28.5  352s
 660951 370251   80.00000  102   29   81.00000   35.00000  56.8%  28.5  358s
 663439 371692   59.00000   56   83   81.00000   35.00000  56.8%  28.5  361s
 665924 373418   80.00000   77   35   81.00000   35.00000  56.8%  28.5  367s
 668646 376995   55.00000   49   80   81.00000   35.00000  56.8%  28.5  372s
 675797 379749   78.00000   56   55   81.00000   35.00000  56.8%  28.5  376s
 678116 381715   80.00000   94   35   81.00000   35.00000  56.8%  28.5  380s
 683699 385061   80.00000  103   50   81.00000   35.00000  56.8%  28.5  388s
 686390 386824   79.00000   98   53   81.00000   35.00000  56.8%  28.5  393s
 689157 388623   58.00000   44   76   81.00000   35.00000  56.8%  28.5  396s
 694599 394199   78.00000   89   67   81.00000   35.00000  56.8%  28.5  408s
 700771 395839   77.00000  111   59   81.00000   35.00000  56.8%  28.4  412s
 703276 397485   80.00000   83   69   81.00000   35.00000  56.8%  28.4  415s
 708760 401069   78.00000   80   73   81.00000   35.00000  56.8%  28.4  421s
 713949 404259   78.00000   96   64   81.00000   35.00000  56.8%  28.5  430s
 719487 407971   46.00000   62   97   81.00000   35.00000  56.8%  28.5  440s
 724632 411423 infeasible   75        81.00000   35.00000  56.8%  28.5  448s
 727271 415070   78.00000   88   58   81.00000   35.00000  56.8%  28.5  454s
 733398 416168 infeasible   90        81.00000   35.00000  56.8%  28.4  455s
 739725 420401   44.00000   51  113   81.00000   35.00000  56.8%  28.4  460s
 743664 423111   73.00000   69   77   81.00000   35.00000  56.8%  28.4  465s
 747837 426056 infeasible  111        81.00000   35.00000  56.8%  28.5  471s
 750148 427862   70.00000   82   81   81.00000   35.00000  56.8%  28.5  476s
 755787 431511   62.00000   45   93   81.00000   35.00000  56.8%  28.5  485s
 761206 437551   71.00000   53   83   81.00000   35.00000  56.8%  28.5  495s
 769261 440343   35.00000   28  127   81.00000   35.00000  56.8%  28.5  502s
 771440 441848   74.00000   56   73   81.00000   35.00000  56.8%  28.5  507s
 773700 443549   73.00000   84   73   81.00000   35.00000  56.8%  28.5  510s
 776542 445445   77.00000   78   82   81.00000   35.00000  56.8%  28.5  515s
 781963 449039   55.00000   57   87   81.00000   35.00000  56.8%  28.5  523s
 784731 450801 infeasible  104        81.00000   35.00000  56.8%  28.5  529s
 787375 452515   79.00000   71   57   81.00000   35.00000  56.8%  28.5  534s
 790043 454288   80.00000   66   42   81.00000   35.00000  56.8%  28.6  541s
 792879 456544   79.00000   87   60   81.00000   35.00000  56.8%  28.6  546s
 796224 457999 infeasible  107        81.00000   35.00000  56.8%  28.6  550s
 798605 459677   80.00000   74   73   81.00000   35.00000  56.8%  28.6  557s
 801281 461400   75.00000   53   55   81.00000   35.00000  56.8%  28.6  563s
 804020 463219   79.00000   84   57   81.00000   35.00000  56.8%  28.6  570s
 806762 465480   54.00000   42   95   81.00000   35.00000  56.8%  28.6  575s
 810204 467022   70.00000   71   78   81.00000   35.00000  56.8%  28.6  580s
 812702 468760   54.00000   47   74   81.00000   35.00000  56.8%  28.6  586s
 815303 470499   75.00000   97   41   81.00000   35.00000  56.8%  28.6  593s
 817961 472105   47.00000   67   97   81.00000   35.00000  56.8%  28.6  598s
 820451 475855   80.00000   68   49   81.00000   35.00000  56.8%  28.6  604s
 824875 475855   49.00000   64  107   81.00000   35.00000  56.8%  28.6  605s
 827950 477889   76.00000   73   51   81.00000   35.00000  56.8%  28.6  610s
 833220 481751   71.00000   65   77   81.00000   35.00000  56.8%  28.6  616s
 835176 483196   35.00000   36  130   81.00000   35.00000  56.8%  28.6  621s
 839612 486229   39.00000   38  125   81.00000   35.00000  56.8%  28.6  628s
 842098 488004 infeasible   95        81.00000   35.00000  56.8%  28.6  633s
 844588 489929   73.00000   71   60   81.00000   35.00000  56.8%  28.6  636s
 847375 491787   53.00000   71  100   81.00000   35.00000  56.8%  28.6  643s
 849948 495830   78.00000   84   48   81.00000   35.00000  56.8%  28.6  650s
 856043 497153   45.00000   51  101   81.00000   35.00000  56.8%  28.6  655s
 860175 500091   80.00000   71   69   81.00000   35.00000  56.8%  28.6  664s
 862535 501785   80.00000  105   37   81.00000   35.00000  56.8%  28.6  668s
 864922 503376   73.00000  106   68   81.00000   35.00000  56.8%  28.6  675s
 867554 505164 infeasible   93        81.00000   35.00000  56.8%  28.6  681s
 870220 506776   80.00000   58   63   81.00000   35.00000  56.8%  28.6  687s
 872882 508549   55.00000   55  101   81.00000   35.00000  56.8%  28.6  693s
 875692 510387   67.00000   77   76   81.00000   35.00000  56.8%  28.7  700s
 878584 512188   35.00000   51   92   81.00000   35.00000  56.8%  28.7  705s
 881249 513905   79.00000   58   61   81.00000   35.00000  56.8%  28.7  711s
 883925 515652   47.00000   41   94   81.00000   35.00000  56.8%  28.7  718s
 886512 517079   69.00000   38   72   81.00000   35.00000  56.8%  28.7  723s
 888850 518916   51.00000   50  105   81.00000   35.00000  56.8%  28.7  730s
 891607 520619   79.00000   99   67   81.00000   35.00000  56.8%  28.7  736s
 894159 522384   80.00000   69   45   81.00000   35.00000  56.8%  28.7  744s
 896884 525553   72.00000   85   61   81.00000   35.00000  56.8%  28.8  751s
 901493 527026   74.00000   65   87   81.00000   35.00000  56.8%  28.7  755s
 906417 530373   78.00000   89   70   81.00000   35.00000  56.8%  28.7  766s
 909014 531908   80.00000   72   49   81.00000   35.00000  56.8%  28.7  771s
 911463 533633   70.00000   50   69   81.00000   35.00000  56.8%  28.8  778s
 914085 535562 infeasible  101        81.00000   35.00000  56.8%  28.8  785s
 916976 537295   55.00000   51   84   81.00000   35.00000  56.8%  28.8  792s
 919410 539231   55.00000   55   81   81.00000   35.00000  56.8%  28.8  798s
 922088 541038   44.00000   44  112   81.00000   35.00000  56.8%  28.8  806s
 924829 542822   55.00000   55   90   81.00000   35.00000  56.8%  28.8  812s
 927556 544631   78.00000   68   61   81.00000   35.00000  56.8%  28.8  818s
 930298 546476   37.00000   40  136   81.00000   35.00000  56.8%  28.8  825s
 933110 550130   76.00000   69   63   81.00000   35.00000  56.8%  28.8  834s
 938661 550984 infeasible  117        81.00000   35.00000  56.8%  28.7  836s
 941376 552951 infeasible   84        81.00000   35.00000  56.8%  28.8  841s
*943160 494477             116      80.0000000   35.00000  56.3%  28.8  844s
 944771 495296   72.00000   58   66   80.00000   35.00000  56.3%  28.8  848s
 946483 496545 infeasible   82        80.00000   35.00000  56.3%  28.8  852s
 948435 497833   44.00000   52  116   80.00000   35.00000  56.3%  28.8  857s
 950492 499257   79.00000   91   48   80.00000   35.00000  56.3%  28.8  862s
 952722 500938 infeasible   79        80.00000   35.00000  56.3%  28.8  867s
 954965 502571 infeasible   92        80.00000   35.00000  56.3%  28.8  872s
 957300 504113   79.00000   50   71   80.00000   35.00000  56.3%  28.8  876s
 959827 505905   62.00000   62   95   80.00000   35.00000  56.3%  28.8  883s
 962765 507799   79.00000   79   25   80.00000   35.00000  56.3%  28.8  891s
 965504 509600   75.00000  106   54   80.00000   35.00000  56.3%  28.8  896s
 968222 511234   57.00000   56   95   80.00000   35.00000  56.3%  28.8  904s
 970961 513040   65.00000   64   80   80.00000   35.00000  56.3%  28.9  911s
 973719 514856   78.00000   74   64   80.00000   35.00000  56.3%  28.9  920s
 976618 516504   35.00000   52  135   80.00000   35.00000  56.3%  28.9  925s
 979059 518355   79.00000   91   63   80.00000   35.00000  56.3%  28.9  932s
 981719 520030   67.00000   92   74   80.00000   35.00000  56.3%  28.9  937s
 984334 521847   79.00000  105   55   80.00000   35.00000  56.3%  28.9  943s
 987114 523590   74.00000   52   59   80.00000   35.00000  56.3%  28.9  951s
 989729 525320   62.00000   61   90   80.00000   35.00000  56.3%  28.9  958s
 992570 527113   62.00000   49   71   80.00000   35.00000  56.3%  28.9  966s
 995424 531009   72.00000   90   86   80.00000   35.00000  56.3%  28.9  977s
 1001237 532394   74.00000  109   64   80.00000   35.00000  56.3%  28.9  982s
 1003468 534175 infeasible   47        80.00000   35.00000  56.3%  28.9  989s
 1006281 535826   62.00000   70   73   80.00000   35.00000  56.3%  28.9  994s
 1008987 537537   39.00000   52  131   80.00000   35.00000  56.3%  28.9 1001s
 1011774 539308   71.00000   79   61   80.00000   35.00000  56.3%  28.9 1009s
 1014596 541153   73.00000   58   67   80.00000   35.00000  56.3%  28.9 1017s
 1017522 542867   76.00000   67   73   80.00000   35.00000  56.3%  28.9 1024s
 1020362 544683   78.00000   82   47   80.00000   35.00000  56.3%  28.9 1033s
 1023177 546308   79.00000   92   40   80.00000   35.00000  56.3%  28.9 1039s
 1025608 547994   69.00000   76   64   80.00000   35.00000  56.3%  28.9 1046s
 1028152 549741   65.00000   47   92   80.00000   35.00000  56.3%  29.0 1051s
 1030646 551578   79.00000   51   51   80.00000   35.00000  56.3%  29.0 1057s
 1033485 553407   55.00000   42   82   80.00000   35.00000  56.3%  29.0 1063s
 1036270 555113   55.00000   56   82   80.00000   35.00000  56.3%  29.0 1071s
 1038871 556860   58.00000   54   82   80.00000   35.00000  56.3%  29.0 1078s
 1041700 558703   37.00000   46  137   80.00000   35.00000  56.3%  29.0 1087s
 1044603 560488   74.00000   84   71   80.00000   35.00000  56.3%  29.0 1094s
 1047363 562186   40.00000   40   99   80.00000   35.00000  56.3%  29.0 1100s
 1049866 563784   72.00000   56   66   80.00000   35.00000  56.3%  29.0 1107s
 1052367 565370   78.00000  119   45   80.00000   35.00000  56.3%  29.1 1112s
 1054732 567122   35.00000   40  115   80.00000   35.00000  56.3%  29.1 1118s
 1057423 568943   56.00000   70   94   80.00000   35.00000  56.3%  29.1 1125s
 1060246 570768   76.00000   82   64   80.00000   35.00000  56.3%  29.1 1133s
 1063004 572484   79.00000   97   60   80.00000   35.00000  56.3%  29.1 1141s
 1065801 574072     cutoff   84        80.00000   35.00000  56.3%  29.1 1149s
 1068692 575925   78.00000   90   62   80.00000   35.00000  56.3%  29.1 1156s
 1071558 577433   70.00000   65   81   80.00000   35.00000  56.3%  29.1 1163s
 1073908 579054   79.00000   92   52   80.00000   35.00000  56.3%  29.1 1170s
 1076702 580628   66.00000   55   93   80.00000   35.00000  56.3%  29.1 1176s
 1079370 582371   78.00000   82   54   80.00000   35.00000  56.3%  29.2 1184s
 1082058 584308 infeasible   67        80.00000   35.00000  56.3%  29.2 1192s
 1084780 586312   41.00000   46  106   80.00000   35.00000  56.3%  29.2 1199s
 1087660 588105   73.00000   85   66   80.00000   35.00000  56.3%  29.2 1207s
 1090278 589825   76.00000   75   64   80.00000   35.00000  56.3%  29.2 1213s
 1092892 591479   45.00000   38  103   80.00000   35.00000  56.3%  29.2 1222s
 1095660 593008 infeasible   71        80.00000   35.00000  56.3%  29.2 1228s
 1097932 594631   37.00000   38  119   80.00000   35.00000  56.3%  29.2 1235s
 1100838 596429 infeasible  115        80.00000   35.00000  56.3%  29.2 1242s
 1103589 598204   77.00000   71   62   80.00000   35.00000  56.3%  29.2 1251s
 1106348 599843   70.00000   81   99   80.00000   35.00000  56.3%  29.3 1259s
 1109143 601614   78.00000   70   78   80.00000   35.00000  56.3%  29.3 1267s
 1111785 603396   62.00000   65   87   80.00000   35.00000  56.3%  29.3 1275s
 1114647 604918   35.00000   51   92   80.00000   35.00000  56.3%  29.3 1283s
 1117275 606752   77.00000   74   64   80.00000   35.00000  56.3%  29.3 1291s
 1120090 608279 infeasible   82        80.00000   35.00000  56.3%  29.3 1296s
 1122316 610378   75.00000   91   42   80.00000   35.00000  56.3%  29.3 1304s
 1125500 612269   75.00000   71   44   80.00000   35.00000  56.3%  29.3 1312s
 1128059 613936   79.00000   86   18   80.00000   35.00000  56.3%  29.3 1319s
 1130714 615772   55.00000   59  107   80.00000   35.00000  56.3%  29.3 1328s
 1133432 617493   78.00000  102   33   80.00000   35.00000  56.3%  29.3 1336s
 1136361 619187   79.00000   83   49   80.00000   35.00000  56.3%  29.3 1345s
 1139073 620952   51.00000   57  102   80.00000   35.00000  56.3%  29.3 1353s
 1141847 622521   65.00000   63   96   80.00000   35.00000  56.3%  29.4 1360s
 1144344 624190   58.00000   56   80   80.00000   35.00000  56.3%  29.4 1367s
 1147136 625892   76.00000   70   65   80.00000   35.00000  56.3%  29.4 1375s
 1149735 627553   73.00000   56   60   80.00000   35.00000  56.3%  29.4 1384s
 1152464 629342   49.00000   55   92   80.00000   35.00000  56.3%  29.4 1392s
 1155094 630940   57.00000   55  109   80.00000   35.00000  56.3%  29.4 1400s
 1157686 632713   79.00000   73   59   80.00000   35.00000  56.3%  29.4 1409s
 1160499 634718   79.00000   83   31   80.00000   35.00000  56.3%  29.4 1415s
 1163260 636483   77.00000  110   54   80.00000   35.00000  56.3%  29.4 1424s
 1165986 638037     cutoff   82        80.00000   35.00000  56.3%  29.4 1431s
 1168394 639664   79.00000   78   59   80.00000   35.00000  56.3%  29.4 1440s
 1170982 641644   35.00000   51   79   80.00000   35.00000  56.3%  29.4 1449s
 1174077 643117   78.00000  112   52   80.00000   35.00000  56.3%  29.4 1458s
 1176660 644729   55.53978   61  111   80.00000   35.00000  56.3%  29.4 1466s
 1179258 646528   78.00000   83   52   80.00000   35.00000  56.3%  29.4 1474s
 1181952 648290   74.00000   74   82   80.00000   35.00000  56.3%  29.4 1483s
 1184769 649958   55.00000   53   81   80.00000   35.00000  56.3%  29.4 1492s
 1187378 651701   79.00000  119   37   80.00000   35.00000  56.3%  29.4 1500s
 1190050 653163   73.00000   62   73   80.00000   35.00000  56.3%  29.5 1508s
 1192475 654919   77.00000   87   58   80.00000   35.00000  56.3%  29.5 1517s
 1195200 656521   76.00000   88   50   80.00000   35.00000  56.3%  29.5 1526s
 1197841 658409   69.00000   41   87   80.00000   35.00000  56.3%  29.5 1534s
 1200711 660194   75.00000   51   72   80.00000   35.00000  56.3%  29.5 1544s
 1203376 662085     cutoff   82        80.00000   35.00000  56.3%  29.5 1552s
 1206177 663790   78.00000   84   41   80.00000   35.00000  56.3%  29.5 1560s
 1208831 665468   61.00000   68  101   80.00000   35.00000  56.3%  29.5 1570s
 1211573 667375   78.00000  108   50   80.00000   35.00000  56.3%  29.5 1579s
 1214385 668969   51.00000   46  145   80.00000   35.00000  56.3%  29.5 1588s
 1216862 670694   76.00000   74   97   80.00000   35.00000  56.3%  29.5 1595s
 1219646 672341 infeasible   94        80.00000   35.00000  56.3%  29.5 1604s
 1222187 674128   71.00000   86   50   80.00000   35.00000  56.3%  29.5 1612s
 1224834 676032     cutoff   55        80.00000   35.00000  56.3%  29.5 1622s
 1227589 677815   78.00000   77   44   80.00000   35.00000  56.3%  29.5 1630s
 1230331 679436   76.00000  102   44   80.00000   35.00000  56.3%  29.5 1638s
 1232709 681194   79.00000   84   20   80.00000   35.00000  56.3%  29.6 1647s
 1235382 683197   51.00000   54   64   80.00000   35.00000  56.3%  29.6 1655s
 1238326 684814   75.00000   75   76   80.00000   35.00000  56.3%  29.6 1664s
 1240863 686607   75.00000   72   63   80.00000   35.00000  56.3%  29.6 1672s
 1243554 688009   50.00000   48  127   80.00000   35.00000  56.3%  29.6 1681s
 1245983 689658   79.00000   79   34   80.00000   35.00000  56.3%  29.6 1690s
 1248756 691396   54.00000   35   91   80.00000   35.00000  56.3%  29.6 1700s
 1251545 693087   77.00000   80   41   80.00000   35.00000  56.3%  29.6 1709s
 1254286 694589   50.00000   53  105   80.00000   35.00000  56.3%  29.6 1717s
 1256901 696367   44.00000   62  123   80.00000   35.00000  56.3%  29.6 1726s
 1259611 698114   55.00000   46   80   80.00000   35.00000  56.3%  29.6 1735s
 1262328 699829   54.00000   68  136   80.00000   35.00000  56.3%  29.6 1743s
 1264744 701506   62.00000   64   89   80.00000   35.00000  56.3%  29.6 1753s
 1267462 703253   51.00000   46   69   80.00000   35.00000  56.3%  29.6 1761s
 1270146 705178   78.00000   86   42   80.00000   35.00000  56.3%  29.6 1772s
 1272898 707011   51.00000   56   65   80.00000   35.00000  56.3%  29.6 1778s
 1275636 708759   72.00000   71   70   80.00000   35.00000  56.3%  29.7 1787s
 1278510 710449   78.00000   71   74   80.00000   35.00000  56.3%  29.7 1796s
 1281038 712147   53.00000   50  115   80.00000   35.00000  56.3%  29.7 1805s
 1283962 713646   77.00000  111   32   80.00000   35.00000  56.3%  29.7 1814s
 1286453 715119   72.00000   86   66   80.00000   35.00000  56.3%  29.7 1822s
 1288924 716819   62.00000   73  112   80.00000   35.00000  56.3%  29.7 1831s
 1291431 718686   51.00000   56  106   80.00000   35.00000  56.3%  29.7 1838s
 1294248 720289   71.00000  117   66   80.00000   35.00000  56.3%  29.7 1848s
 1296951 722046 infeasible   91        80.00000   35.00000  56.3%  29.7 1857s
 1299589 723735   79.00000   52   65   80.00000   35.00000  56.3%  29.7 1865s
 1302002 725539   62.00000   49   87   80.00000   35.00000  56.3%  29.7 1873s
 1304802 727275   62.00000   76   85   80.00000   35.00000  56.3%  29.7 1884s
 1307574 729053 infeasible   71        80.00000   35.00000  56.3%  29.7 1893s
 1310376 730678 infeasible   85        80.00000   35.00000  56.3%  29.8 1902s
 1312878 732517 infeasible  108        80.00000   35.00000  56.3%  29.8 1910s
 1315535 734505   79.00000   83   68   80.00000   35.00000  56.3%  29.8 1921s
 1318509 736144   52.00000   72   99   80.00000   35.00000  56.3%  29.8 1930s
 1321264 737742   71.00000   66   86   80.00000   35.00000  56.3%  29.8 1940s
 1323949 739369   62.00000   49   75   80.00000   35.00000  56.3%  29.8 1948s
 1326674 740963   76.00000   85   77   80.00000   35.00000  56.3%  29.8 1955s
 1329076 742653   37.00000   51  103   80.00000   35.00000  56.3%  29.8 1964s
 1331753 744404 infeasible   84        80.00000   35.00000  56.3%  29.8 1974s
 1334410 746155   67.00000   79   81   80.00000   35.00000  56.3%  29.8 1982s
 1337048 749859   79.00000   78   56   80.00000   35.00000  56.3%  29.8 1994s
 1342846 750735 infeasible  120        80.00000   35.00000  56.3%  29.7 1998s
 1344260 752039   65.00000   76   85   80.00000   35.00000  56.3%  29.7 2003s
 1345999 753144   60.00000   56   98   80.00000   35.00000  56.3%  29.7 2006s
 1347668 754093   64.00000   89   70   80.00000   35.00000  56.3%  29.7 2011s
 1351557 756619 infeasible   98        80.00000   35.00000  56.3%  29.8 2020s
 1353618 757933   76.00000   91   57   80.00000   35.00000  56.3%  29.8 2026s
 1355610 759517     cutoff  124        80.00000   35.00000  56.3%  29.8 2032s
*1356017 675288             144      79.0000000   35.00000  55.7%  29.8 2032s
 1357956 676603   68.00000   60   73   79.00000   35.00000  55.7%  29.8 2040s
 1360278 678338   59.00000   43   99   79.00000   35.00000  55.7%  29.8 2048s
 1363076 679843     cutoff   62        79.00000   35.00000  55.7%  29.8 2057s
 1365715 681492   47.00000   60  104   79.00000   35.00000  55.7%  29.8 2065s
 1368360 683226   76.00000   71   75   79.00000   35.00000  55.7%  29.8 2074s
 1371137 684899   76.00000   64   66   79.00000   35.00000  55.7%  29.8 2082s
 1373749 686481   78.00000  131   36   79.00000   35.00000  55.7%  29.8 2092s
 1376327 688317     cutoff   94        79.00000   35.00000  55.7%  29.8 2101s
 1379267 689866   55.00000   41  100   79.00000   35.00000  55.7%  29.8 2110s
 1381904 691653   60.00000   60   85   79.00000   35.00000  55.7%  29.9 2118s
 1384377 693352   65.00000   81   71   79.00000   35.00000  55.7%  29.9 2127s
 1387002 695059   71.00000   67   75   79.00000   35.00000  55.7%  29.9 2134s
 1389841 696695   54.00000   63  114   79.00000   35.00000  55.7%  29.9 2144s
 1392462 698274   70.00000   65   52   79.00000   35.00000  55.7%  29.9 2151s
 1395126 699905   72.00000   76   76   79.00000   35.00000  55.7%  29.9 2160s
 1397750 701600   78.00000   89   47   79.00000   35.00000  55.7%  29.9 2168s
 1400391 703118 infeasible   88        79.00000   35.00000  55.7%  29.9 2178s
 1402950 704940   73.00000   61   81   79.00000   35.00000  55.7%  29.9 2186s
 1405833 706469 infeasible   95        79.00000   35.00000  55.7%  29.9 2194s
 1408235 708126   78.00000   65   26   79.00000   35.00000  55.7%  29.9 2202s
 1410929 709828   77.00000   93   20   79.00000   35.00000  55.7%  29.9 2212s
 1413644 711498     cutoff   46        79.00000   35.00000  55.7%  29.9 2219s
 1416258 713099   76.00000   94   63   79.00000   35.00000  55.7%  29.9 2228s
 1418854 714870 infeasible   87        79.00000   35.00000  55.7%  30.0 2236s
 1421594 716626   67.00000   67   78   79.00000   35.00000  55.7%  30.0 2246s
 1424275 718390 infeasible  115        79.00000   35.00000  55.7%  30.0 2254s
 1427258 719996   78.00000   79   43   79.00000   35.00000  55.7%  30.0 2263s
 1429725 721569   68.00000   43   68   79.00000   35.00000  55.7%  30.0 2270s
 1432102 723096   74.00000   47   56   79.00000   35.00000  55.7%  30.0 2278s
 1434572 724823   76.00000   83   72   79.00000   35.00000  55.7%  30.0 2286s
 1437337 726686   73.00000   63   93   79.00000   35.00000  55.7%  30.0 2296s
 1440108 728511   72.00000   65   59   79.00000   35.00000  55.7%  30.0 2306s
 1443083 730164   70.00000   74   61   79.00000   35.00000  55.7%  30.0 2315s
 1445781 731945   77.00000   68   38   79.00000   35.00000  55.7%  30.0 2323s
 1448608 733606   78.00000   85   34   79.00000   35.00000  55.7%  30.0 2333s
 1451183 735585   78.00000   82   58   79.00000   35.00000  55.7%  30.0 2342s
 1454073 737116   76.00000   59   63   79.00000   35.00000  55.7%  30.1 2350s
 1456432 738607   69.00000   61   68   79.00000   35.00000  55.7%  30.1 2358s
 1458943 740570   66.00000   77   58   79.00000   35.00000  55.7%  30.1 2369s
 1461913 742151   76.00000   95   36   79.00000   35.00000  55.7%  30.1 2376s
 1464675 743985   78.00000   85   24   79.00000   35.00000  55.7%  30.1 2386s
 1467582 746009   76.00000   64   71   79.00000   35.00000  55.7%  30.1 2394s
 1470356 747623   73.00000  105   46   79.00000   35.00000  55.7%  30.1 2403s
 1472911 749465 infeasible   53        79.00000   35.00000  55.7%  30.1 2412s
 1475840 750962   43.00000   43  111   79.00000   35.00000  55.7%  30.1 2421s
 1478214 752794   74.00000   57   66   79.00000   35.00000  55.7%  30.1 2429s
 1480929 754355   55.00000   42   94   79.00000   35.00000  55.7%  30.1 2436s
 1483478 756269   78.00000   82   69   79.00000   35.00000  55.7%  30.1 2444s
 1486343 758051   75.00000   75   53   79.00000   35.00000  55.7%  30.1 2455s
 1489190 759932 infeasible   91        79.00000   35.00000  55.7%  30.1 2463s
 1491990 761722   76.00000  119   53   79.00000   35.00000  55.7%  30.1 2473s
 1494660 763530   71.00000   60   80   79.00000   35.00000  55.7%  30.2 2481s
 1497487 765148   77.00000   75   43   79.00000   35.00000  55.7%  30.2 2490s
 1499805 767030   58.00000   66  117   79.00000   35.00000  55.7%  30.2 2495s
 1502461 768964   62.00000   47   66   79.00000   35.00000  55.7%  30.2 2504s
 1505263 770733 infeasible   89        79.00000   35.00000  55.7%  30.2 2512s
 1508043 772481   77.00000   77   97   79.00000   35.00000  55.7%  30.2 2522s
 1510704 774143   51.00000   54   86   79.00000   35.00000  55.7%  30.2 2530s
 1513321 775940   77.00000   88   43   79.00000   35.00000  55.7%  30.2 2540s
 1516075 777890   77.00000   69   64   79.00000   35.00000  55.7%  30.2 2549s
 1518976 779551   78.00000  104   44   79.00000   35.00000  55.7%  30.2 2557s
 1521611 781237   56.00000   68  102   79.00000   35.00000  55.7%  30.2 2564s
 1524082 782804   75.00000   80   81   79.00000   35.00000  55.7%  30.2 2573s
 1526560 784604   76.00000   79   48   79.00000   35.00000  55.7%  30.3 2582s
 1529425 786277   52.00000   35   97   79.00000   35.00000  55.7%  30.3 2592s
 1532134 787981   78.00000   82   20   79.00000   35.00000  55.7%  30.3 2601s
 1534867 789710   54.00000   53  107   79.00000   35.00000  55.7%  30.3 2611s
 1537669 791260   78.00000   86   62   79.00000   35.00000  55.7%  30.3 2616s
 1540169 793047   35.00000   51  149   79.00000   35.00000  55.7%  30.3 2627s
 1543192 794726     cutoff   64        79.00000   35.00000  55.7%  30.3 2635s
 1545853 796359   72.00000   84   79   79.00000   35.00000  55.7%  30.3 2644s
 1548292 798159   72.00000   57   72   79.00000   35.00000  55.7%  30.3 2652s
 1550991 799900   69.00000   51   68   79.00000   35.00000  55.7%  30.3 2662s
 1553652 801564 infeasible   70        79.00000   35.00000  55.7%  30.3 2670s
 1556306 803203   76.00000   57   60   79.00000   35.00000  55.7%  30.3 2678s
 1558918 804903   75.00000  105   73   79.00000   35.00000  55.7%  30.3 2687s
 1561647 806497   76.00000   68   78   79.00000   35.00000  55.7%  30.3 2696s
 1564149 808419   42.00000   41  103   79.00000   35.00000  55.7%  30.4 2705s
 1566973 810123   70.00000   50   80   79.00000   35.00000  55.7%  30.4 2715s
 1569752 811689 infeasible   81        79.00000   35.00000  55.7%  30.4 2722s
 1572131 813285   65.00000   55   59   79.00000   35.00000  55.7%  30.4 2732s
 1574846 814912   72.00000  107   65   79.00000   35.00000  55.7%  30.4 2739s
 1577596 816686   78.00000   73   62   79.00000   35.00000  55.7%  30.4 2750s
 1580304 818375   74.00000   66   74   79.00000   35.00000  55.7%  30.4 2758s
 1582929 820075   40.00000   51  120   79.00000   35.00000  55.7%  30.4 2768s
 1585678 821795   78.00000   98   49   79.00000   35.00000  55.7%  30.4 2777s
 1588315 823554   78.00000   76   46   79.00000   35.00000  55.7%  30.4 2787s
 1590895 825187 infeasible  101        79.00000   35.00000  55.7%  30.4 2795s
 1593765 826490   78.00000   84   45   79.00000   35.00000  55.7%  30.4 2804s
 1596228 828148   55.00000   50   66   79.00000   35.00000  55.7%  30.4 2812s
 1598852 829771   77.00000   83   62   79.00000   35.00000  55.7%  30.4 2822s
 1601469 831463 infeasible  102        79.00000   35.00000  55.7%  30.4 2831s
 1604400 833096   53.00000   55  105   79.00000   35.00000  55.7%  30.4 2841s
 1607125 834885   76.00000   64   62   79.00000   35.00000  55.7%  30.5 2850s
 1609908 836509   75.00000   87   67   79.00000   35.00000  55.7%  30.5 2858s
 1612586 838138   78.00000   65   54   79.00000   35.00000  55.7%  30.5 2867s
 1615174 839745   55.00000   53   84   79.00000   35.00000  55.7%  30.5 2876s
 1617749 841265   78.00000  124   21   79.00000   35.00000  55.7%  30.5 2883s
 1620102 843015   55.00000   54   72   79.00000   35.00000  55.7%  30.5 2894s
 1621746 843015   52.00000   44  115   79.00000   35.00000  55.7%  30.5 2895s
 1622977 844666   73.00000   64   46   79.00000   35.00000  55.7%  30.5 2903s
 1625654 846410   55.00000   53   78   79.00000   35.00000  55.7%  30.5 2912s
 1628313 848162 infeasible   82        79.00000   35.00000  55.7%  30.5 2921s
 1631079 849982   62.00000   54   88   79.00000   35.00000  55.7%  30.5 2931s
 1634065 851875   70.00000   57   85   79.00000   35.00000  55.7%  30.5 2941s
 1636889 853381   50.00000   57   98   79.00000   35.00000  55.7%  30.5 2949s
 1639359 855193   75.00000   67   57   79.00000   35.00000  55.7%  30.5 2960s
 1642113 856709   54.00000   53  112   79.00000   35.00000  55.7%  30.5 2968s
 1644551 858424 infeasible   76        79.00000   35.00000  55.7%  30.5 2976s
 1647250 860357   55.00000   37   94   79.00000   35.00000  55.7%  30.5 2985s
 1650036 862016     cutoff   91        79.00000   35.00000  55.7%  30.5 2993s
 1652674 863610   78.00000   98   37   79.00000   35.00000  55.7%  30.5 3003s
 1655296 865383   77.00000   88   37   79.00000   35.00000  55.7%  30.5 3012s
 1658085 867262     cutoff   86        79.00000   35.00000  55.7%  30.6 3023s
 1660880 869057   78.00000   71   55   79.00000   35.00000  55.7%  30.6 3033s
 1663626 870717   64.00000   68   58   79.00000   35.00000  55.7%  30.6 3041s
 1666205 872275   36.21942   63  133   79.00000   35.00000  55.7%  30.6 3047s
 1668525 873898   78.00000   67   71   79.00000   35.00000  55.7%  30.6 3057s
 1671091 875659   69.00000   49   76   79.00000   35.00000  55.7%  30.6 3066s
 1674053 877339   57.00000   51   86   79.00000   35.00000  55.7%  30.6 3077s
 1676912 879143   69.00000   55   59   79.00000   35.00000  55.7%  30.6 3086s
 1679726 880846   69.00000   75   97   79.00000   35.00000  55.7%  30.6 3096s
 1682501 882555   55.00000   50   83   79.00000   35.00000  55.7%  30.6 3104s
 1684916 882555   78.00000   92   27   79.00000   35.00000  55.7%  30.6 3105s
 1685217 884155   77.00000   87   80   79.00000   35.00000  55.7%  30.6 3113s
 1687608 885937   77.00000   86   40   79.00000   35.00000  55.7%  30.6 3123s
 1690455 887429   78.00000   94   60   79.00000   35.00000  55.7%  30.6 3132s
 1692823 889211   65.00000   56  110   79.00000   35.00000  55.7%  30.6 3141s
 1695661 891004   75.00000   82   79   79.00000   35.00000  55.7%  30.6 3152s
 1698429 892725   76.00000   88   49   79.00000   35.00000  55.7%  30.6 3160s
 1701309 894244 infeasible   79        79.00000   35.00000  55.7%  30.6 3169s
 1703927 895821   77.00000   58   71   79.00000   35.00000  55.7%  30.7 3178s
 1706498 897435   78.00000   58   66   79.00000   35.00000  55.7%  30.7 3187s
 1709022 899175   50.00000   29   83   79.00000   35.00000  55.7%  30.7 3196s
 1711667 900757   56.00000   39   76   79.00000   35.00000  55.7%  30.7 3205s
 1714062 902301   74.00000   43   67   79.00000   35.00000  55.7%  30.7 3213s
 1716630 903594   78.00000   82   33   79.00000   35.00000  55.7%  30.7 3220s
 1718969 905226   57.00000   76  120   79.00000   35.00000  55.7%  30.7 3230s
 1721809 906920   48.00000   46  143   79.00000   35.00000  55.7%  30.7 3240s
 1724353 908648   71.00000   77   81   79.00000   35.00000  55.7%  30.7 3249s
 1727001 910288   35.00000   47  127   79.00000   35.00000  55.7%  30.7 3259s
 1729617 911840   74.00000  107   63   79.00000   35.00000  55.7%  30.7 3267s
 1732064 913560   55.00000   60  100   79.00000   35.00000  55.7%  30.7 3277s
 1734794 915430   74.00000   63   53   79.00000   35.00000  55.7%  30.8 3288s
 1737808 916967   75.00000   83   71   79.00000   35.00000  55.7%  30.8 3297s
 1740167 918809 infeasible   71        79.00000   35.00000  55.7%  30.8 3306s
 1742962 920562   75.00000   77   61   79.00000   35.00000  55.7%  30.8 3314s
 1745319 921987   69.00000   60   53   79.00000   35.00000  55.7%  30.8 3322s
 1748022 923494   76.00000   81   42   79.00000   35.00000  55.7%  30.8 3333s
 1750788 925028   77.00000   87   70   79.00000   35.00000  55.7%  30.8 3341s
 1753585 926865   69.00000   70   72   79.00000   35.00000  55.7%  30.8 3352s
 1756579 928413   78.00000   56   40   79.00000   35.00000  55.7%  30.8 3362s
 1759394 930232   46.00000   34  104   79.00000   35.00000  55.7%  30.8 3372s
 1762105 931847 infeasible  108        79.00000   35.00000  55.7%  30.8 3381s
 1764661 933389   39.00000   43   89   79.00000   35.00000  55.7%  30.8 3390s
 1767129 935038   62.00000   56   72   79.00000   35.00000  55.7%  30.8 3397s
 1769804 936763   44.00000   62   77   79.00000   35.00000  55.7%  30.8 3407s
 1772462 938163   54.00000   42  105   79.00000   35.00000  55.7%  30.8 3416s
 1775182 939961 infeasible   97        79.00000   35.00000  55.7%  30.9 3426s
 1777920 941565   61.00000   73   80   79.00000   35.00000  55.7%  30.9 3435s
 1780591 943227   49.00000   52  116   79.00000   35.00000  55.7%  30.9 3446s
 1783210 944798   67.00000   50   65   79.00000   35.00000  55.7%  30.9 3454s
 1785889 946334     cutoff   75        79.00000   35.00000  55.7%  30.9 3464s
 1788303 948346   76.00000   92   35   79.00000   35.00000  55.7%  30.9 3472s
 1791160 949987 infeasible  117        79.00000   35.00000  55.7%  30.9 3483s
 1793708 951700 infeasible   96        79.00000   35.00000  55.7%  30.9 3492s
 1796519 953269   75.00000   71   79   79.00000   35.00000  55.7%  30.9 3502s
 1799229 955088   68.00000   63   69   79.00000   35.00000  55.7%  30.9 3510s
 1801869 956597   57.00000   71  100   79.00000   35.00000  55.7%  30.9 3518s
 1804499 958237   62.00000   67   89   79.00000   35.00000  55.7%  30.9 3526s
 1806933 959935   72.00000   66   77   79.00000   35.00000  55.7%  30.9 3537s
 1809703 961522   57.00000   44   80   79.00000   35.00000  55.7%  30.9 3545s
 1812112 963445   50.00000   61   59   79.00000   35.00000  55.7%  30.9 3552s
 1814588 964914 infeasible   73        79.00000   35.00000  55.7%  30.9 3562s
 1817247 966694   64.00000   66   93   79.00000   35.00000  55.7%  31.0 3572s
 1819901 968442   77.00000   89   32   79.00000   35.00000  55.7%  31.0 3582s
 1822646 970355   62.00000   61   89   79.00000   35.00000  55.7%  31.0 3592s
 1825516 972069   64.00000   56  112   79.00000   35.00000  55.7%  31.0 3602s
 1828315 974004   76.00000   93   43   79.00000   35.00000  55.7%  31.0 3612s
 1831230 975772   71.00000   79   86   79.00000   35.00000  55.7%  31.0 3622s
 1833939 977211   66.00000   86   85   79.00000   35.00000  55.7%  31.0 3631s
 1836320 978952 infeasible   81        79.00000   35.00000  55.7%  31.0 3639s
 1839026 980754   58.00000   47  102   79.00000   35.00000  55.7%  31.0 3648s
 1841751 982370   54.00000   64  113   79.00000   35.00000  55.7%  31.0 3657s
 1844487 983877   53.00000   52   56   79.00000   35.00000  55.7%  31.0 3668s
 1847208 985698   71.00000   55   44   79.00000   35.00000  55.7%  31.0 3677s
 1849971 987247   75.00000   65   64   79.00000   35.00000  55.7%  31.0 3687s
 1852507 988948   74.00000  103   60   79.00000   35.00000  55.7%  31.0 3695s
 1855191 990609   78.00000   96   50   79.00000   35.00000  55.7%  31.0 3705s
 1857867 992092   78.00000   64   40   79.00000   35.00000  55.7%  31.1 3713s
 1860290 993726   40.00000   48   79   79.00000   35.00000  55.7%  31.1 3723s
 1862927 995414 infeasible   81        79.00000   35.00000  55.7%  31.1 3733s
 1865607 997159   76.00000   78   87   79.00000   35.00000  55.7%  31.1 3744s
 1868305 999025   65.00000   53  113   79.00000   35.00000  55.7%  31.1 3754s
 1871284 1000694   78.00000   97   39   79.00000   35.00000  55.7%  31.1 3764s
 1874011 1002328   72.00000   56   60   79.00000   35.00000  55.7%  31.1 3773s
 1876724 1003925   71.00000   59   68   79.00000   35.00000  55.7%  31.1 3784s
 1879390 1005602   77.00000   79   64   79.00000   35.00000  55.7%  31.1 3793s
 1882048 1007113   77.00000   62   55   79.00000   35.00000  55.7%  31.1 3802s
 1884277 1009075   63.00000   81   82   79.00000   35.00000  55.7%  31.1 3812s
 1887428 1010747   77.00000   93   48   79.00000   35.00000  55.7%  31.1 3821s
 1890020 1012364   77.00000   90   51   79.00000   35.00000  55.7%  31.1 3829s
 1892482 1014031   73.00000   63   45   79.00000   35.00000  55.7%  31.1 3840s
 1895353 1015732   73.00000   61   64   79.00000   35.00000  55.7%  31.1 3849s
 1897007 1015732   77.00000   77   58   79.00000   35.00000  55.7%  31.1 3850s
 1898071 1017576   77.00000   77   55   79.00000   35.00000  55.7%  31.1 3860s
 1900871 1019126   55.00000   49   99   79.00000   35.00000  55.7%  31.1 3870s
 1903602 1020826   78.00000   67   64   79.00000   35.00000  55.7%  31.1 3877s
 1906303 1022390   65.00000   74   80   79.00000   35.00000  55.7%  31.2 3885s
 1908768 1024069   70.00000   84   54   79.00000   35.00000  55.7%  31.2 3895s
 1911365 1025750   68.00000   54   55   79.00000   35.00000  55.7%  31.2 3904s
 1914100 1027514   51.00000   77  101   79.00000   35.00000  55.7%  31.2 3915s
 1916830 1029378   51.00000   51  106   79.00000   35.00000  55.7%  31.2 3924s
 1919748 1031013   72.00000   57   81   79.00000   35.00000  55.7%  31.2 3934s
 1922344 1032670   78.00000   61   40   79.00000   35.00000  55.7%  31.2 3943s
 1925135 1034367   76.00000   83   70   79.00000   35.00000  55.7%  31.2 3954s
 1927914 1036108   55.00000   50   77   79.00000   35.00000  55.7%  31.2 3963s
 1930779 1037739   58.00000   47  102   79.00000   35.00000  55.7%  31.2 3972s
 1933060 1039182   73.00000   96   52   79.00000   35.00000  55.7%  31.2 3981s
 1935892 1041028   78.00000   66   59   79.00000   35.00000  55.7%  31.2 3991s
 1938661 1042745   58.00000   65  101   79.00000   35.00000  55.7%  31.2 3997s
 1941364 1044290   77.00000   79   55   79.00000   35.00000  55.7%  31.2 4007s
 1943965 1046006   77.00000   73   58   79.00000   35.00000  55.7%  31.2 4017s
 1946769 1047751   78.00000   82   42   79.00000   35.00000  55.7%  31.2 4028s
 1949545 1049280   51.00000   50  110   79.00000   35.00000  55.7%  31.2 4036s
 1952186 1051008 infeasible   72        79.00000   35.00000  55.7%  31.2 4047s
 1954859 1052412     cutoff  118        79.00000   35.00000  55.7%  31.3 4054s
 1957171 1054037 infeasible   69        79.00000   35.00000  55.7%  31.3 4065s
 1959880 1055962   76.00000  101   50   79.00000   35.00000  55.7%  31.3 4074s
 1962645 1057638   78.00000   89   54   79.00000   35.00000  55.7%  31.3 4084s
 1965319 1059296 infeasible   73        79.00000   35.00000  55.7%  31.3 4094s
 1968093 1060998   60.00000   54   62   79.00000   35.00000  55.7%  31.3 4105s
 1970879 1062736   78.00000  104   55   79.00000   35.00000  55.7%  31.3 4114s
 1973767 1064412   77.00000   85   52   79.00000   35.00000  55.7%  31.3 4125s
 1976647 1065807   72.00000   59   87   79.00000   35.00000  55.7%  31.3 4133s
 1979014 1067436   55.38736   65  119   79.00000   35.00000  55.7%  31.3 4144s
 1981780 1069143   75.00000   86   61   79.00000   35.00000  55.7%  31.3 4152s
 1984550 1070825   72.00000   57   60   79.00000   35.00000  55.7%  31.3 4159s
 1987242 1072552   78.00000   94   31   79.00000   35.00000  55.7%  31.3 4165s
 1990204 1074214   77.00000   84   79   79.00000   35.00000  55.7%  31.3 4172s
 1992920 1075781   78.00000  101   47   79.00000   35.00000  55.7%  31.3 4178s
 1995742 1077489   78.00000  108   33   79.00000   35.00000  55.7%  31.3 4185s
 1998324 1078977   72.00000  102   45   79.00000   35.00000  55.7%  31.3 4190s
 2000890 1080633     cutoff  109        79.00000   35.00000  55.7%  31.3 4195s
 2003382 1082277   55.00000   61   85   79.00000   35.00000  55.7%  31.3 4202s
 2006023 1083984   75.00000   62   52   79.00000   35.00000  55.7%  31.4 4208s
 2008778 1085754   78.00000   78   75   79.00000   35.00000  55.7%  31.4 4216s
 2011540 1087399   71.00000   97   56   79.00000   35.00000  55.7%  31.4 4222s
 2014442 1089121     cutoff  101        79.00000   35.00000  55.7%  31.4 4227s
 2017241 1090834   43.00000   53  107   79.00000   35.00000  55.7%  31.4 4232s
 2020038 1092284   68.00000   56   78   79.00000   35.00000  55.7%  31.4 4235s
 2025137 1095617   78.00000   96   58   79.00000   35.00000  55.7%  31.4 4242s
 2027953 1097200 infeasible  113        79.00000   35.00000  55.7%  31.4 4245s
 2030605 1098889   63.00000   60   73   79.00000   35.00000  55.7%  31.4 4250s
 2035959 1102043   54.00000   41  117   79.00000   35.00000  55.7%  31.4 4255s
 2041234 1105289   71.00000   92   40   79.00000   35.00000  55.7%  31.4 4261s
 2046483 1108454   75.00000   66   69   79.00000   35.00000  55.7%  31.4 4269s
 2048900 1110025   78.00000   58   42   79.00000   35.00000  55.7%  31.4 4273s
 2051492 1111423   58.00000   53  118   79.00000   35.00000  55.7%  31.4 4280s
 2054250 1113137   71.00000   74   53   79.00000   35.00000  55.7%  31.5 4290s
 2057221 1114824   48.00000   62  118   79.00000   35.00000  55.7%  31.5 4300s
 2060022 1116545   59.00000   43  105   79.00000   35.00000  55.7%  31.5 4310s
 2062916 1118219   71.00000   58   73   79.00000   35.00000  55.7%  31.5 4321s
 2065621 1119696   72.00000   64   47   79.00000   35.00000  55.7%  31.5 4329s
 2067962 1121427   46.00000   69  101   79.00000   35.00000  55.7%  31.5 4340s
 2070616 1123345   49.00000   57   71   79.00000   35.00000  55.7%  31.5 4350s
 2073543 1124832   72.00000   81   71   79.00000   35.00000  55.7%  31.5 4359s
 2076072 1126367 infeasible  111        79.00000   35.00000  55.7%  31.5 4368s
 2078944 1128025   77.00000  100   70   79.00000   35.00000  55.7%  31.5 4380s
 2081735 1129798   72.00000   74   77   79.00000   35.00000  55.7%  31.5 4388s
 2084415 1131557   48.00000   57  128   79.00000   35.00000  55.7%  31.5 4399s
 2087060 1133091   71.00000   70   59   79.00000   35.00000  55.7%  31.5 4408s
 2089750 1134580   77.00000  113   39   79.00000   35.00000  55.7%  31.5 4416s
 2092190 1136166 infeasible   77        79.00000   35.00000  55.7%  31.5 4425s
 2094922 1137765 infeasible  119        79.00000   35.00000  55.7%  31.5 4436s
 2097621 1139525 infeasible   76        79.00000   35.00000  55.7%  31.5 4447s
 2100499 1141256 infeasible   78        79.00000   35.00000  55.7%  31.5 4457s
 2103120 1142789   76.00000   57   46   79.00000   35.00000  55.7%  31.5 4465s
 2105680 1144351   62.00000   55   90   79.00000   35.00000  55.7%  31.5 4475s
 2108253 1145931   74.00000   79   78   79.00000   35.00000  55.7%  31.6 4486s
 2110960 1147626   73.00000   72   82   79.00000   35.00000  55.7%  31.6 4496s
 2113962 1149184   35.00000   44  100   79.00000   35.00000  55.7%  31.6 4506s
 2116512 1150782   58.00000   66   82   79.00000   35.00000  55.7%  31.6 4513s
 2118953 1152493   78.00000   73   46   79.00000   35.00000  55.7%  31.6 4524s
 2121803 1154111   77.00000   85   61   79.00000   35.00000  55.7%  31.6 4533s
 2124522 1155773   35.00000   48   84   79.00000   35.00000  55.7%  31.6 4544s
 2127139 1157488   62.00000   53  101   79.00000   35.00000  55.7%  31.6 4554s
 2129889 1159095   78.00000  104   48   79.00000   35.00000  55.7%  31.6 4564s
 2132446 1160759   76.00000   93   77   79.00000   35.00000  55.7%  31.6 4573s
 2135200 1162491   51.00000   49  129   79.00000   35.00000  55.7%  31.6 4585s
 2138012 1163972   78.00000   94   28   79.00000   35.00000  55.7%  31.6 4593s
 2140668 1165566   55.00000   47   59   79.00000   35.00000  55.7%  31.6 4602s
 2143263 1167266   78.00000   70   48   79.00000   35.00000  55.7%  31.6 4613s
 2145921 1168901   78.00000   93   38   79.00000   35.00000  55.7%  31.6 4622s
 2148582 1170452   56.00000   57  119   79.00000   35.00000  55.7%  31.6 4632s
 2151175 1171820   57.00000   40  105   79.00000   35.00000  55.7%  31.6 4642s
 2153924 1173531   77.00000   78   57   79.00000   35.00000  55.7%  31.6 4651s
 2156383 1175140   73.00000   78   60   79.00000   35.00000  55.7%  31.6 4659s
 2159047 1176895   78.00000   94   31   79.00000   35.00000  55.7%  31.6 4670s
 2161757 1178342     cutoff  110        79.00000   35.00000  55.7%  31.6 4678s
 2164203 1180117   78.00000   99   46   79.00000   35.00000  55.7%  31.6 4689s
 2167018 1181784   55.00000   69   87   79.00000   35.00000  55.7%  31.6 4700s
 2169735 1183422     cutoff   65        79.00000   35.00000  55.7%  31.6 4708s
 2172387 1185034   76.00000   78   47   79.00000   35.00000  55.7%  31.6 4718s
 2175156 1186565   56.00000   47  108   79.00000   35.00000  55.7%  31.6 4728s
 2178009 1188207   41.00000   49  143   79.00000   35.00000  55.7%  31.6 4739s
 2180674 1189939   76.00000   62   64   79.00000   35.00000  55.7%  31.6 4748s
 2183546 1191471   76.00000   75   51   79.00000   35.00000  55.7%  31.6 4758s
 2185983 1193187   73.00000   73   80   79.00000   35.00000  55.7%  31.7 4767s
 2188493 1194744   69.00000   88   56   79.00000   35.00000  55.7%  31.7 4776s
 2191287 1196733   75.00000   77   69   79.00000   35.00000  55.7%  31.7 4786s
 2194230 1198593   72.00000  136   60   79.00000   35.00000  55.7%  31.7 4797s
 2196956 1200433   58.00000   63   90   79.00000   35.00000  55.7%  31.7 4807s
 2199825 1201813     cutoff   61        79.00000   35.00000  55.7%  31.7 4818s
 2202584 1203499   73.00000   74   54   79.00000   35.00000  55.7%  31.7 4827s
 2205214 1205003     cutoff  109        79.00000   35.00000  55.7%  31.7 4835s
 2207771 1206862   62.00000   42   86   79.00000   35.00000  55.7%  31.7 4844s
 2210365 1208239   78.00000  104   27   79.00000   35.00000  55.7%  31.7 4854s
 2212852 1209959   77.00000   65   83   79.00000   35.00000  55.7%  31.7 4864s
 2215686 1211763   77.00000   97   57   79.00000   35.00000  55.7%  31.7 4874s
 2218335 1213454 infeasible  104        79.00000   35.00000  55.7%  31.7 4885s
 2221124 1215313   35.00000   41   96   79.00000   35.00000  55.7%  31.7 4894s
 2224089 1216944     cutoff   66        79.00000   35.00000  55.7%  31.7 4905s
 2226675 1218751   78.00000  102   24   79.00000   35.00000  55.7%  31.7 4914s
 2229593 1220318   62.00000   82   81   79.00000   35.00000  55.7%  31.7 4924s
 2232016 1222009   62.00000   62   88   79.00000   35.00000  55.7%  31.7 4933s
 2234861 1223746   71.00000   63   99   79.00000   35.00000  55.7%  31.7 4945s
 2237579 1225417 infeasible   62        79.00000   35.00000  55.7%  31.7 4953s
 2240305 1227029   45.00000   53   90   79.00000   35.00000  55.7%  31.7 4963s
 2242895 1228715   52.00000   45  113   79.00000   35.00000  55.7%  31.7 4972s
 2245626 1230355   78.00000  101   32   79.00000   35.00000  55.7%  31.7 4983s
 2248328 1231991 infeasible   90        79.00000   35.00000  55.7%  31.7 4992s
 2250984 1233518   69.00000   63   94   79.00000   35.00000  55.7%  31.7 5002s
 2253592 1235115   51.00000   63   96   79.00000   35.00000  55.7%  31.8 5012s
 2256279 1236546 infeasible   72        79.00000   35.00000  55.7%  31.8 5021s
 2258712 1238287   62.00000   45   77   79.00000   35.00000  55.7%  31.8 5029s
 2261379 1240107   70.00000   87   82   79.00000   35.00000  55.7%  31.8 5040s
 2264241 1241693   78.00000   59   58   79.00000   35.00000  55.7%  31.8 5049s
 2266919 1243253   75.00000   64   89   79.00000   35.00000  55.7%  31.8 5059s
 2269516 1244831   42.00000   64  110   79.00000   35.00000  55.7%  31.8 5069s
 2272160 1246473 infeasible  108        79.00000   35.00000  55.7%  31.8 5077s
 2274699 1248035     cutoff  122        79.00000   35.00000  55.7%  31.8 5087s
 2277496 1249618   44.00000   59  132   79.00000   35.00000  55.7%  31.8 5097s
 2280144 1251113     cutoff   65        79.00000   35.00000  55.7%  31.8 5105s
 2282837 1252634   73.00000   60   60   79.00000   35.00000  55.7%  31.8 5115s
 2285244 1254314 infeasible   76        79.00000   35.00000  55.7%  31.8 5124s
 2287928 1255856   35.00000   41  145   79.00000   35.00000  55.7%  31.8 5134s
 2290664 1257411   77.00000   70   59   79.00000   35.00000  55.7%  31.8 5143s
 2293404 1259008   72.00000   71   64   79.00000   35.00000  55.7%  31.8 5154s
 2296120 1260773   37.00000   49   96   79.00000   35.00000  55.7%  31.8 5164s
 2298930 1262332   77.00000   66   42   79.00000   35.00000  55.7%  31.8 5174s
 2301458 1264013   75.00000  113   65   79.00000   35.00000  55.7%  31.8 5183s
 2304097 1265505   68.00000   89   92   79.00000   35.00000  55.7%  31.8 5192s
 2306656 1267156   39.00000   52  108   79.00000   35.00000  55.7%  31.8 5200s
 2309350 1268786 infeasible   51        79.00000   35.00000  55.7%  31.8 5210s
 2311952 1270447   76.00000   77   87   79.00000   35.00000  55.7%  31.8 5220s
 2314739 1272101   78.00000   96   23   79.00000   35.00000  55.7%  31.8 5230s
 2317343 1273733     cutoff   95        79.00000   35.00000  55.7%  31.8 5239s
 2320133 1275312   55.00000   58   72   79.00000   35.00000  55.7%  31.8 5250s
 2322775 1276849   77.00000   81   44   79.00000   35.00000  55.7%  31.8 5257s
 2325379 1278351   62.00000   57   69   79.00000   35.00000  55.7%  31.8 5268s
 2327964 1279986 infeasible   98        79.00000   35.00000  55.7%  31.8 5276s
 2330528 1281754   78.00000   93   36   79.00000   35.00000  55.7%  31.8 5286s
 2333223 1283365   76.00000   96   64   79.00000   35.00000  55.7%  31.8 5295s
 2335817 1285072   52.00000   47   85   79.00000   35.00000  55.7%  31.8 5306s
 2338525 1286838   76.00000  100   42   79.00000   35.00000  55.7%  31.8 5314s
 2341273 1288491   78.00000   76   44   79.00000   35.00000  55.7%  31.8 5325s
 2344085 1290296   77.00000   67   60   79.00000   35.00000  55.7%  31.8 5334s
 2346734 1291820   78.00000   81   29   79.00000   35.00000  55.7%  31.8 5343s
 2349220 1293403 infeasible   45        79.00000   35.00000  55.7%  31.9 5351s
 2351799 1294991 infeasible   96        79.00000   35.00000  55.7%  31.9 5361s
 2354336 1296634 infeasible   81        79.00000   35.00000  55.7%  31.9 5370s
 2356987 1298225   76.00000   67   61   79.00000   35.00000  55.7%  31.9 5380s
 2359768 1299968   76.00000   70   67   79.00000   35.00000  55.7%  31.9 5389s
 2362659 1301520   67.00000   60   90   79.00000   35.00000  55.7%  31.9 5400s
 2365306 1303185   74.00000   75   66   79.00000   35.00000  55.7%  31.9 5410s
 2368116 1304764   72.00000   70   60   79.00000   35.00000  55.7%  31.9 5420s
 2370673 1306454   78.00000   87   41   79.00000   35.00000  55.7%  31.9 5428s
 2373229 1307949   72.00000   73   67   79.00000   35.00000  55.7%  31.9 5437s
 2375795 1309632 infeasible  100        79.00000   35.00000  55.7%  31.9 5446s
 2378545 1311262   62.00000   64   55   79.00000   35.00000  55.7%  31.9 5457s
 2381168 1312896   56.00000   46  111   79.00000   35.00000  55.7%  31.9 5466s
 2383898 1314608   43.00000   36   91   79.00000   35.00000  55.7%  31.9 5477s
 2386596 1316288     cutoff   91        79.00000   35.00000  55.7%  31.9 5486s
 2389344 1318028   50.00000   67  114   79.00000   35.00000  55.7%  31.9 5495s
 2392038 1319788   68.00000   63   71   79.00000   35.00000  55.7%  31.9 5505s
 2394755 1321360     cutoff  110        79.00000   35.00000  55.7%  31.9 5515s
 2397333 1322745   46.00000   36   86   79.00000   35.00000  55.7%  31.9 5523s
 2399684 1324438   70.00000   42   78   79.00000   35.00000  55.7%  31.9 5534s
 2402409 1326220   35.00000   41  136   79.00000   35.00000  55.7%  31.9 5544s
 2405228 1327831   63.00000   63   88   79.00000   35.00000  55.7%  31.9 5554s
 2407903 1329492     cutoff   96        79.00000   35.00000  55.7%  31.9 5564s
 2410658 1331079   77.00000   78   45   79.00000   35.00000  55.7%  31.9 5575s
 2413450 1332875   42.00000   62  127   79.00000   35.00000  55.7%  31.9 5584s
 2416341 1334573   75.00000   71   61   79.00000   35.00000  55.7%  31.9 5596s
 2419139 1336151   55.00000   69   93   79.00000   35.00000  55.7%  31.9 5605s
 2421596 1337617   77.00000   84   69   79.00000   35.00000  55.7%  31.9 5614s
 2424259 1339449   77.00000  103   62   79.00000   35.00000  55.7%  31.9 5624s
 2427211 1341011 infeasible   79        79.00000   35.00000  55.7%  31.9 5635s
 2429977 1342460   71.00000   64   62   79.00000   35.00000  55.7%  31.9 5644s
 2432614 1344101   73.00000   63   52   79.00000   35.00000  55.7%  32.0 5655s
 2435375 1345749     cutoff   63        79.00000   35.00000  55.7%  32.0 5664s
 2438122 1347348 infeasible   81        79.00000   35.00000  55.7%  32.0 5674s
 2440707 1349149   43.00000   62   66   79.00000   35.00000  55.7%  32.0 5682s
 2443266 1350596   79.00000  111   35   79.00000   35.00000  55.7%  32.0 5692s
 2445625 1352506   78.00000   93   24   79.00000   35.00000  55.7%  32.0 5702s
 2448503 1354170   78.00000   96   33   79.00000   35.00000  55.7%  32.0 5713s
 2451297 1355963   74.00000   54   56   79.00000   35.00000  55.7%  32.0 5722s
 2453995 1357685   77.00000   84   61   79.00000   35.00000  55.7%  32.0 5733s
 2456727 1359366     cutoff  123        79.00000   35.00000  55.7%  32.0 5741s
 2459563 1361128   74.00000   59   52   79.00000   35.00000  55.7%  32.0 5753s
 2462409 1362786 infeasible   88        79.00000   35.00000  55.7%  32.0 5763s
 2465233 1364346   73.00000   91   58   79.00000   35.00000  55.7%  32.0 5774s
 2467833 1366104   75.00000   66   70   79.00000   35.00000  55.7%  32.0 5783s
 2470689 1367535   78.00000   61   53   79.00000   35.00000  55.7%  32.0 5793s
 2473164 1369013   77.00000   77   60   79.00000   35.00000  55.7%  32.0 5801s
 2475736 1370827   75.00000   74   57   79.00000   35.00000  55.7%  32.0 5812s
 2478547 1372637     cutoff   92        79.00000   35.00000  55.7%  32.0 5821s
 2481236 1374145   72.00000   51   54   79.00000   35.00000  55.7%  32.0 5831s
 2483632 1376020 infeasible  112        79.00000   35.00000  55.7%  32.0 5840s
 2486372 1377494   53.00000   45  107   79.00000   35.00000  55.7%  32.0 5851s
 2488895 1379156   69.00000   73  106   79.00000   35.00000  55.7%  32.0 5858s
 2491523 1380836 infeasible   61        79.00000   35.00000  55.7%  32.0 5868s
 2494205 1382333   78.00000   92   53   79.00000   35.00000  55.7%  32.0 5878s
 2496874 1383884   75.00000   72   52   79.00000   35.00000  55.7%  32.0 5888s
 2499526 1385594   75.00000   88   48   79.00000   35.00000  55.7%  32.0 5897s
 2502243 1387184   37.00000   53   81   79.00000   35.00000  55.7%  32.0 5908s
 2504889 1388763   73.00000   64   39   79.00000   35.00000  55.7%  32.0 5915s
 2507641 1390292   75.00000   55   84   79.00000   35.00000  55.7%  32.0 5925s
 2509982 1391937   55.00000   52  100   79.00000   35.00000  55.7%  32.0 5934s
 2512657 1393541   56.00000   63   92   79.00000   35.00000  55.7%  32.0 5943s
 2514971 1395434   66.00000   65   55   79.00000   35.00000  55.7%  32.0 5952s
 2517919 1396885     cutoff   88        79.00000   35.00000  55.7%  32.0 5963s
 2520538 1398643   78.00000  105   68   79.00000   35.00000  55.7%  32.0 5974s
 2523334 1400294   69.00000   77   56   79.00000   35.00000  55.7%  32.0 5983s
 2526152 1401869   62.00000   68   63   79.00000   35.00000  55.7%  32.1 5994s
 2528891 1403580   62.00000   55  108   79.00000   35.00000  55.7%  32.1 6004s
 2531843 1405365 infeasible  102        79.00000   35.00000  55.7%  32.1 6016s
 2534729 1407081   62.00000   53   46   79.00000   35.00000  55.7%  32.1 6024s
 2537299 1408687   78.00000   89   27   79.00000   35.00000  55.7%  32.1 6034s
 2539990 1410321   53.00000   50   84   79.00000   35.00000  55.7%  32.1 6043s
 2542701 1412073   77.00000  109   40   79.00000   35.00000  55.7%  32.1 6055s
 2545620 1413571   78.00000   82   61   79.00000   35.00000  55.7%  32.1 6064s
 2548057 1415301   77.00000   65   59   79.00000   35.00000  55.7%  32.1 6072s
 2550815 1417120   64.00000   57   65   79.00000   35.00000  55.7%  32.1 6083s
 2553563 1418779   54.00000   42   83   79.00000   35.00000  55.7%  32.1 6092s
 2556125 1420439   64.00000   69   52   79.00000   35.00000  55.7%  32.1 6101s
 2558792 1422078   63.00000   56   92   79.00000   35.00000  55.7%  32.1 6110s
 2561473 1423647   78.00000   55   89   79.00000   35.00000  55.7%  32.1 6120s
 2563994 1425254   78.00000   56   54   79.00000   35.00000  55.7%  32.1 6129s
 2566626 1426790   75.00000   81   61   79.00000   35.00000  55.7%  32.1 6140s
 2569380 1428484   77.00000   58   81   79.00000   35.00000  55.7%  32.1 6149s
 2572099 1430295   74.00000   71   53   79.00000   35.00000  55.7%  32.1 6157s
 2574654 1431712   74.00000   60   65   79.00000   35.00000  55.7%  32.1 6166s
 2577327 1433417   78.00000   70   54   79.00000   35.00000  55.7%  32.1 6177s
 2580141 1435312   78.00000  103   27   79.00000   35.00000  55.7%  32.1 6187s
 2583115 1436794     cutoff   96        79.00000   35.00000  55.7%  32.1 6197s
 2585660 1438523   75.00000   85   41   79.00000   35.00000  55.7%  32.1 6207s
 2588357 1440245   50.00000   45  114   79.00000   35.00000  55.7%  32.1 6215s
 2590981 1442078   60.00000   46   66   79.00000   35.00000  55.7%  32.1 6225s
 2593719 1443836   77.00000   75   39   79.00000   35.00000  55.7%  32.1 6236s
 2596445 1445573     cutoff   64        79.00000   35.00000  55.7%  32.1 6245s
 2599171 1447320   76.00000   84   63   79.00000   35.00000  55.7%  32.1 6256s
 2601929 1448817   78.00000   78   44   79.00000   35.00000  55.7%  32.1 6265s
 2604467 1450567   44.00000   62  114   79.00000   35.00000  55.7%  32.1 6275s
 2607309 1452281 infeasible  126        79.00000   35.00000  55.7%  32.1 6285s
 2610060 1453749   57.00000   47   80   79.00000   35.00000  55.7%  32.1 6295s
 2612497 1455497   75.00000   64   46   79.00000   35.00000  55.7%  32.1 6304s
 2615146 1457062   73.00000   75   67   79.00000   35.00000  55.7%  32.1 6314s
 2617634 1458672   62.00000   61   47   79.00000   35.00000  55.7%  32.1 6323s
 2620283 1460408     cutoff   82        79.00000   35.00000  55.7%  32.1 6334s
 2623093 1462105     cutoff   94        79.00000   35.00000  55.7%  32.1 6344s
 2625975 1463699   58.00000   60  119   79.00000   35.00000  55.7%  32.1 6354s
 2627504 1463699   69.00000   69  110   79.00000   35.00000  55.7%  32.1 6355s
 2628524 1465372   75.00000   62   59   79.00000   35.00000  55.7%  32.1 6363s
 2631086 1466929   48.00000   51   69   79.00000   35.00000  55.7%  32.1 6373s
 2633661 1468768 infeasible   93        79.00000   35.00000  55.7%  32.1 6381s
 2636230 1470436   75.00000   64   53   79.00000   35.00000  55.7%  32.1 6392s
 2638960 1472010   46.00000   54   85   79.00000   35.00000  55.7%  32.1 6401s
 2641710 1473807   56.00000   50  102   79.00000   35.00000  55.7%  32.1 6412s
 2644532 1475508   57.00000   56   73   79.00000   35.00000  55.7%  32.1 6422s
 2647186 1477021   75.00000   75   80   79.00000   35.00000  55.7%  32.1 6432s
 2649723 1478689 infeasible   57        79.00000   35.00000  55.7%  32.1 6441s
 2652446 1480346   75.00000   94   44   79.00000   35.00000  55.7%  32.1 6452s
 2655110 1481847   57.00000   52   98   79.00000   35.00000  55.7%  32.2 6459s
 2657547 1483419   74.00000   54   91   79.00000   35.00000  55.7%  32.2 6470s
 2660188 1485351   77.00000  114   26   79.00000   35.00000  55.7%  32.2 6480s
 2663123 1486973 infeasible   52        79.00000   35.00000  55.7%  32.2 6490s
 2665720 1488757   76.00000   67   58   79.00000   35.00000  55.7%  32.2 6500s
 2668635 1490508   62.00000   56   59   79.00000   35.00000  55.7%  32.2 6512s
 2671462 1492088 infeasible  100        79.00000   35.00000  55.7%  32.2 6518s
 2673965 1493705   64.00000   78   77   79.00000   35.00000  55.7%  32.2 6529s
 2676701 1495521   78.00000   76   53   79.00000   35.00000  55.7%  32.2 6539s
 2679653 1497091     cutoff   65        79.00000   35.00000  55.7%  32.2 6549s
 2682148 1498845     cutoff   65        79.00000   35.00000  55.7%  32.2 6559s
 2684879 1500536 infeasible   59        79.00000   35.00000  55.7%  32.2 6570s
 2687658 1502345   77.00000   91   53   79.00000   35.00000  55.7%  32.2 6577s
 2690314 1503985   38.00000   61   86   79.00000   35.00000  55.7%  32.2 6587s
 2692827 1505535   77.00000  116   30   79.00000   35.00000  55.7%  32.2 6596s
 2695739 1507151   77.00000   56   65   79.00000   35.00000  55.7%  32.2 6607s
 2698429 1508924   44.00000   44   98   79.00000   35.00000  55.7%  32.2 6617s
 2701208 1510631   62.00000   54   57   79.00000   35.00000  55.7%  32.2 6628s
 2703970 1512262   66.00000   56   99   79.00000   35.00000  55.7%  32.2 6636s
 2706581 1513941     cutoff  105        79.00000   35.00000  55.7%  32.2 6646s
 2709092 1515732     cutoff   60        79.00000   35.00000  55.7%  32.2 6655s
 2711933 1517177   44.00000   55  113   79.00000   35.00000  55.7%  32.2 6666s
 2714453 1518875   53.00000   52   53   79.00000   35.00000  55.7%  32.2 6675s
 2717229 1520579   77.00000  112   57   79.00000   35.00000  55.7%  32.2 6685s
 2719757 1522587   47.00000   41   63   79.00000   35.00000  55.7%  32.2 6694s
 2722627 1524224   44.00000   50  102   79.00000   35.00000  55.7%  32.2 6705s
 2725256 1526130   77.00000   68   65   79.00000   35.00000  55.7%  32.2 6714s
 2728180 1527537 infeasible   92        79.00000   35.00000  55.7%  32.2 6724s
 2730550 1529235   39.00000   60   92   79.00000   35.00000  55.7%  32.2 6734s
 2733423 1530842   54.00000   64   92   79.00000   35.00000  55.7%  32.2 6746s
 2736244 1532563   55.00000   56  107   79.00000   35.00000  55.7%  32.2 6754s
 2738932 1534216 infeasible   84        79.00000   35.00000  55.7%  32.2 6765s
 2741617 1535881   62.00000   55   88   79.00000   35.00000  55.7%  32.2 6774s
 2744240 1537579     cutoff   71        79.00000   35.00000  55.7%  32.2 6784s
 2746840 1539402   54.00000   61   72   79.00000   35.00000  55.7%  32.2 6794s
 2749751 1541326   70.00000   60   78   79.00000   35.00000  55.7%  32.2 6805s
 2752473 1542747   69.00000   97   51   79.00000   35.00000  55.7%  32.2 6813s
 2754900 1544422   77.00000  110   51   79.00000   35.00000  55.7%  32.2 6823s
 2757582 1546076 infeasible   70        79.00000   35.00000  55.7%  32.3 6833s
 2760265 1547578   77.00000   73   67   79.00000   35.00000  55.7%  32.3 6843s
 2762967 1549221   75.00000   54   79   79.00000   35.00000  55.7%  32.3 6853s
 2765769 1550926   64.00000   55   75   79.00000   35.00000  55.7%  32.3 6864s
 2768615 1552441   77.00000   69   56   79.00000   35.00000  55.7%  32.3 6873s
 2771161 1554103   71.00000   69   96   79.00000   35.00000  55.7%  32.3 6884s
 2773981 1555851   38.00000   46   99   79.00000   35.00000  55.7%  32.3 6893s
 2776576 1557400   78.00000   98   30   79.00000   35.00000  55.7%  32.3 6902s
 2778984 1559287   62.00000   52   97   79.00000   35.00000  55.7%  32.3 6911s
 2781759 1561038   53.00000   57   82   79.00000   35.00000  55.7%  32.3 6922s
 2784459 1562815   76.00000   83   77   79.00000   35.00000  55.7%  32.3 6932s
 2787359 1564475   78.00000  114   26   79.00000   35.00000  55.7%  32.3 6942s
 2789907 1566195   78.00000  107   40   79.00000   35.00000  55.7%  32.3 6951s
 2792632 1567888 infeasible  102        79.00000   35.00000  55.7%  32.3 6961s
 2795252 1569664 infeasible  111        79.00000   35.00000  55.7%  32.3 6971s
 2798211 1571440 infeasible   90        79.00000   35.00000  55.7%  32.3 6982s
 2800937 1573076   77.00000   70   36   79.00000   35.00000  55.7%  32.3 6991s
 2803505 1574598   76.00000   82   55   79.00000   35.00000  55.7%  32.3 7000s
 2805953 1576342   62.00000   42   85   79.00000   35.00000  55.7%  32.3 7010s
 2808741 1577918   77.00000  101   29   79.00000   35.00000  55.7%  32.3 7020s
 2811327 1579700   71.00000   66   70   79.00000   35.00000  55.7%  32.3 7030s
 2814070 1581386   44.00000   43  122   79.00000   35.00000  55.7%  32.3 7040s
 2816710 1582960   73.00000   40   71   79.00000   35.00000  55.7%  32.3 7049s
 2819226 1584743     cutoff   76        79.00000   35.00000  55.7%  32.3 7059s
 2821953 1586404   56.00000   64   82   79.00000   35.00000  55.7%  32.3 7068s
 2824875 1587862     cutoff  106        79.00000   35.00000  55.7%  32.3 7078s
 2827400 1589538   72.00000   89   57   79.00000   35.00000  55.7%  32.3 7088s
 2830091 1591065   74.00000   85   66   79.00000   35.00000  55.7%  32.3 7098s
 2832659 1592694   36.67922   51   83   79.00000   35.00000  55.7%  32.3 7108s
 2835196 1594600   44.00000   30   93   79.00000   35.00000  55.7%  32.3 7116s
 2838000 1596351   72.00000  118   66   79.00000   35.00000  55.7%  32.4 7127s
 2840776 1598247   75.00000   47   51   79.00000   35.00000  55.7%  32.4 7137s
 2843703 1599848   74.00000   53   83   79.00000   35.00000  55.7%  32.4 7148s
 2846355 1601614 infeasible   79        79.00000   35.00000  55.7%  32.4 7157s
 2849055 1603285   74.00000  103   53   79.00000   35.00000  55.7%  32.4 7167s
 2851603 1604745   56.00000   53  105   79.00000   35.00000  55.7%  32.4 7175s
 2854373 1606285     cutoff   96        79.00000   35.00000  55.7%  32.4 7186s
 2857042 1607967   78.00000   64   56   79.00000   35.00000  55.7%  32.4 7195s
 2859586 1609555   76.00000  100   61   79.00000   35.00000  55.7%  32.4 7206s
 2862280 1610921   48.00000   34   88   79.00000   35.00000  55.7%  32.4 7214s
 2864894 1612480   55.00000   59   87   79.00000   35.00000  55.7%  32.4 7225s
 2867545 1614224   73.00000   89   45   79.00000   35.00000  55.7%  32.4 7234s
 2870302 1615825   74.00000   56   59   79.00000   35.00000  55.7%  32.4 7244s
 2872946 1617379   62.00000   66   85   79.00000   35.00000  55.7%  32.4 7252s
 2875305 1619131     cutoff  121        79.00000   35.00000  55.7%  32.4 7263s
 2878004 1620846   78.00000   98   64   79.00000   35.00000  55.7%  32.4 7273s
 2880857 1622511   77.00000   91   49   79.00000   35.00000  55.7%  32.4 7284s
 2883698 1624044   55.00000   47   93   79.00000   35.00000  55.7%  32.4 7293s
 2886451 1625858   78.00000   76   49   79.00000   35.00000  55.7%  32.4 7304s
 2889254 1627481   50.00000   64  110   79.00000   35.00000  55.7%  32.4 7314s
 2891992 1629186   76.00000   56   66   79.00000   35.00000  55.7%  32.4 7325s
 2894685 1630761   74.00000   87   67   79.00000   35.00000  55.7%  32.4 7334s
 2897168 1632409   78.00000   59   45   79.00000   35.00000  55.7%  32.4 7344s
 2899766 1633986   55.00000   53   88   79.00000   35.00000  55.7%  32.4 7353s
 2902541 1635512   62.00000   54  108   79.00000   35.00000  55.7%  32.4 7364s
 2905279 1637155 infeasible   76        79.00000   35.00000  55.7%  32.4 7374s
 2908067 1638902   77.00000   64   51   79.00000   35.00000  55.7%  32.4 7385s
 2910846 1640752   75.00000   61   74   79.00000   35.00000  55.7%  32.4 7395s
 2913656 1642436     cutoff   74        79.00000   35.00000  55.7%  32.4 7407s
 2916418 1644122 infeasible   97        79.00000   35.00000  55.7%  32.4 7415s
 2919038 1645773   38.00000   48  121   79.00000   35.00000  55.7%  32.4 7424s
 2921647 1647270   61.00000   39   77   79.00000   35.00000  55.7%  32.4 7435s
 2924235 1648817   74.00000   59   48   79.00000   35.00000  55.7%  32.4 7443s
 2926884 1650457   47.00000   51  144   79.00000   35.00000  55.7%  32.4 7455s
 2929795 1652052   46.00000   48  109   79.00000   35.00000  55.7%  32.4 7464s
 2932395 1653707   38.00000   52  107   79.00000   35.00000  55.7%  32.4 7474s
 2935031 1655227   63.00000   89   79   79.00000   35.00000  55.7%  32.5 7483s
 2937521 1656812   68.00000   63   59   79.00000   35.00000  55.7%  32.5 7494s
 2940346 1658325 infeasible   86        79.00000   35.00000  55.7%  32.5 7503s
 2942793 1660080 infeasible   63        79.00000   35.00000  55.7%  32.5 7513s
 2945407 1661746   77.00000   70   59   79.00000   35.00000  55.7%  32.5 7523s
 2948181 1663253   78.00000   74   70   79.00000   35.00000  55.7%  32.5 7534s
 2950699 1665169 infeasible  103        79.00000   35.00000  55.7%  32.5 7544s
 2953714 1666753   56.00000   55   88   79.00000   35.00000  55.7%  32.5 7554s
 2956313 1668421 infeasible   71        79.00000   35.00000  55.7%  32.5 7564s
 2959052 1670209   74.00000   75   76   79.00000   35.00000  55.7%  32.5 7576s
 2961863 1671971   61.00000   61   80   79.00000   35.00000  55.7%  32.5 7585s
 2964708 1673593 infeasible   67        79.00000   35.00000  55.7%  32.5 7594s
 2967147 1675498   50.00000  101  101   79.00000   35.00000  55.7%  32.5 7603s
 2970087 1677007   63.00000   64  103   79.00000   35.00000  55.7%  32.5 7614s
 2972770 1678838   78.00000  113   30   79.00000   35.00000  55.7%  32.5 7624s
 2975568 1680626   44.00000   60   83   79.00000   35.00000  55.7%  32.5 7634s
 2978142 1682191 infeasible   76        79.00000   35.00000  55.7%  32.5 7643s
 2980706 1683741   55.00000   60  103   79.00000   35.00000  55.7%  32.5 7654s
 2983338 1685429 infeasible   73        79.00000   35.00000  55.7%  32.5 7663s
 2986112 1686876   72.00000   76   68   79.00000   35.00000  55.7%  32.5 7674s
 2988541 1688523   78.00000   86   43   79.00000   35.00000  55.7%  32.5 7683s
 2991118 1690002   76.00000   72   40   79.00000   35.00000  55.7%  32.5 7692s
 2993505 1691732   73.00000   59   88   79.00000   35.00000  55.7%  32.5 7701s
 2996049 1693578   75.00000   72   50   79.00000   35.00000  55.7%  32.5 7713s
 2998857 1695358   72.00000   57   45   79.00000   35.00000  55.7%  32.5 7722s
 3001647 1697068 infeasible   87        79.00000   35.00000  55.7%  32.5 7734s
 3004483 1698859 infeasible   97        79.00000   35.00000  55.7%  32.5 7743s
 3007273 1700305   78.00000  104   37   79.00000   35.00000  55.7%  32.5 7755s
 3009837 1702000   74.00000   57   66   79.00000   35.00000  55.7%  32.5 7764s
 3012481 1703524   78.00000   67   69   79.00000   35.00000  55.7%  32.5 7774s
 3014820 1705363   73.00000   63   65   79.00000   35.00000  55.7%  32.6 7783s
 3017737 1706962 infeasible   99        79.00000   35.00000  55.7%  32.6 7795s
 3020334 1708661 infeasible   89        79.00000   35.00000  55.7%  32.6 7804s
 3023012 1710245   71.00000   49   90   79.00000   35.00000  55.7%  32.6 7816s
 3025671 1712082 infeasible   89        79.00000   35.00000  55.7%  32.6 7826s
 3028588 1713643   49.00000   60  123   79.00000   35.00000  55.7%  32.6 7835s
 3031056 1715259   62.00000   53   78   79.00000   35.00000  55.7%  32.6 7845s
 3033746 1716999 infeasible   89        79.00000   35.00000  55.7%  32.6 7856s
 3036528 1718434   76.00000  111   51   79.00000   35.00000  55.7%  32.6 7864s
 3038875 1720188   78.00000   87   89   79.00000   35.00000  55.7%  32.6 7876s
 3041528 1721910   63.00000   76   75   79.00000   35.00000  55.7%  32.6 7886s
 3044351 1723541   77.00000   72   42   79.00000   35.00000  55.7%  32.6 7896s
 3046966 1725202   65.00000   57  103   79.00000   35.00000  55.7%  32.6 7906s
 3049640 1726740   78.00000   85   65   79.00000   35.00000  55.7%  32.6 7918s
 3052397 1728419   68.00000   44   87   79.00000   35.00000  55.7%  32.6 7929s
 3055108 1730298   77.00000   58   87   79.00000   35.00000  55.7%  32.6 7938s
 3057767 1732057   78.00000   87   55   79.00000   35.00000  55.7%  32.6 7950s
 3060572 1733625   56.00000   50  102   79.00000   35.00000  55.7%  32.6 7957s
 3063085 1735257   62.00000   77   78   79.00000   35.00000  55.7%  32.6 7968s
 3065591 1737028 infeasible   80        79.00000   35.00000  55.7%  32.6 7978s
 3068482 1738723   39.00000   60  132   79.00000   35.00000  55.7%  32.6 7990s
 3071242 1740384   69.00000   55   81   79.00000   35.00000  55.7%  32.6 7999s
 3073988 1741954 infeasible   62        79.00000   35.00000  55.7%  32.6 8011s
 3076599 1743544   36.00000   51   88   79.00000   35.00000  55.7%  32.6 8019s
 3079289 1745204 infeasible  109        79.00000   35.00000  55.7%  32.6 8030s
 3081844 1747020   55.00000   60  106   79.00000   35.00000  55.7%  32.6 8040s
 3084557 1748299   77.00000   66   68   79.00000   35.00000  55.7%  32.6 8050s
 3087081 1749957   70.00000   74   97   79.00000   35.00000  55.7%  32.6 8060s
 3089764 1751625   62.00000   63   90   79.00000   35.00000  55.7%  32.7 8071s
 3092379 1753153   74.00000   82   57   79.00000   35.00000  55.7%  32.7 8079s
 3095145 1754785   77.00000   79   47   79.00000   35.00000  55.7%  32.7 8090s
 3097775 1756230   78.00000   99   57   79.00000   35.00000  55.7%  32.7 8099s
 3100383 1757707   67.00000   59   76   79.00000   35.00000  55.7%  32.7 8110s
 3102912 1759372   63.00000   66   82   79.00000   35.00000  55.7%  32.7 8119s
 3105409 1761021   72.00000   66   53   79.00000   35.00000  55.7%  32.7 8131s
 3108203 1762549   58.00000   64   96   79.00000   35.00000  55.7%  32.7 8138s
 3110608 1764004   77.00000   84   58   79.00000   35.00000  55.7%  32.7 8150s
 3113384 1765610 infeasible   56        79.00000   35.00000  55.7%  32.7 8160s
 3115991 1767299   77.00000   90   44   79.00000   35.00000  55.7%  32.7 8172s
 3118769 1769027   55.00000   59  111   79.00000   35.00000  55.7%  32.7 8182s
 3121647 1770697   58.00000   55   95   79.00000   35.00000  55.7%  32.7 8193s
 3124253 1772328     cutoff  101        79.00000   35.00000  55.7%  32.7 8202s
 3126941 1773684 infeasible   92        79.00000   35.00000  55.7%  32.7 8213s
 3129355 1775153 infeasible   82        79.00000   35.00000  55.7%  32.7 8222s
 3131821 1776577 infeasible   84        79.00000   35.00000  55.7%  32.7 8232s
 3134209 1778226   78.00000  106   31   79.00000   35.00000  55.7%  32.7 8242s
 3136962 1779847   59.00000   55   94   79.00000   35.00000  55.7%  32.7 8253s
 3139605 1781433   76.00000   74   55   79.00000   35.00000  55.7%  32.7 8263s
 3142305 1783105   70.00000   50   78   79.00000   35.00000  55.7%  32.7 8274s
 3144969 1784858 infeasible  102        79.00000   35.00000  55.7%  32.7 8284s
 3147778 1786445   68.00000   69   81   79.00000   35.00000  55.7%  32.7 8295s
 3150402 1788022   78.00000   74   58   79.00000   35.00000  55.7%  32.7 8307s
 3153093 1789654   78.00000   58   74   79.00000   35.00000  55.7%  32.7 8315s
 3155794 1791055   67.00000   66   50   79.00000   35.00000  55.7%  32.7 8326s
 3158140 1792805   55.00000   53   96   79.00000   35.00000  55.7%  32.7 8336s
 3161039 1794405   66.00000   48   71   79.00000   35.00000  55.7%  32.8 8347s
 3163643 1796219   77.00000   79   72   79.00000   35.00000  55.7%  32.8 8357s
 3166454 1797714 infeasible   92        79.00000   35.00000  55.7%  32.8 8369s
 3169240 1799313   78.00000   67   73   79.00000   35.00000  55.7%  32.8 8378s
 3171884 1800732   77.00000   64   55   79.00000   35.00000  55.7%  32.8 8388s
 3174239 1802485   78.00000   87   42   79.00000   35.00000  55.7%  32.8 8398s
 3177018 1804129   76.00000   98   48   79.00000   35.00000  55.7%  32.8 8410s
 3179578 1805691   49.00000   51   99   79.00000   35.00000  55.7%  32.8 8419s
 3182048 1807218     cutoff  118        79.00000   35.00000  55.7%  32.8 8430s
 3184653 1808798   58.00000   54  119   79.00000   35.00000  55.7%  32.8 8440s
 3187422 1810649   77.00000   78   27   79.00000   35.00000  55.7%  32.8 8450s
 3190262 1812309   73.00000  143   25   79.00000   35.00000  55.7%  32.8 8462s
 3192844 1813928 infeasible  108        79.00000   35.00000  55.7%  32.8 8471s
 3195448 1815610 infeasible   61        79.00000   35.00000  55.7%  32.8 8483s
 3198161 1817239   67.00000   62   81   79.00000   35.00000  55.7%  32.8 8492s
 3200745 1818812   77.00000   74   42   79.00000   35.00000  55.7%  32.8 8502s
 3203321 1820280   78.00000   74   41   79.00000   35.00000  55.7%  32.8 8513s
 3205799 1821661   78.00000  107   24   79.00000   35.00000  55.7%  32.8 8523s
 3208237 1823169   78.00000   74   53   79.00000   35.00000  55.7%  32.8 8533s
 3210738 1824847   78.00000   54   88   79.00000   35.00000  55.7%  32.8 8545s
 3213431 1826400   58.00000   57  111   79.00000   35.00000  55.7%  32.8 8556s
 3216143 1828291     cutoff   77        79.00000   35.00000  55.7%  32.8 8566s
 3218952 1829936   70.00000  141   56   79.00000   35.00000  55.7%  32.8 8578s
 3221685 1831525   74.00000   67   64   79.00000   35.00000  55.7%  32.8 8589s
 3224498 1833074   78.00000   79   68   79.00000   35.00000  55.7%  32.8 8600s
 3227210 1834535   74.00000  111   42   79.00000   35.00000  55.7%  32.9 8609s
 3229703 1835898   78.00000   88   63   79.00000   35.00000  55.7%  32.9 8618s
 3232099 1837330   77.00000   91   67   79.00000   35.00000  55.7%  32.9 8628s
 3234600 1838925   51.00000   58   94   79.00000   35.00000  55.7%  32.9 8640s
 3237323 1840480   71.00000   53  114   79.00000   35.00000  55.7%  32.9 8652s
 3240045 1842139   78.00000   89   55   79.00000   35.00000  55.7%  32.9 8662s
 3242801 1843615   60.00000   57  114   79.00000   35.00000  55.7%  32.9 8673s
 3245395 1845382   71.00000   73   77   79.00000   35.00000  55.7%  32.9 8683s
 3248172 1847047 infeasible   81        79.00000   35.00000  55.7%  32.9 8695s
 3250975 1848440   69.00000   66   91   79.00000   35.00000  55.7%  32.9 8704s
 3253294 1850132   75.00000   75   39   79.00000   35.00000  55.7%  32.9 8716s
 3256047 1851567   77.00000   78   36   79.00000   35.00000  55.7%  32.9 8726s
 3258607 1853094   77.00000   88   48   79.00000   35.00000  55.7%  32.9 8736s
 3261208 1854703   35.00000   42  141   79.00000   35.00000  55.7%  32.9 8748s
 3263973 1856427   73.00000   65   66   79.00000   35.00000  55.7%  32.9 8759s
 3266823 1858146   76.00000   86   39   79.00000   35.00000  55.7%  32.9 8771s
 3269648 1859943   70.00000   45   83   79.00000   35.00000  55.7%  32.9 8781s
 3272431 1861619   67.00000   77   85   79.00000   35.00000  55.7%  32.9 8793s
 3275222 1863064   75.00000   98   34   79.00000   35.00000  55.7%  32.9 8801s
 3277623 1864679   56.00000   64   70   79.00000   35.00000  55.7%  32.9 8812s
 3280246 1866424   52.00000   49   91   79.00000   35.00000  55.7%  32.9 8823s
 3283086 1868002   75.00000   77   54   79.00000   35.00000  55.7%  32.9 8834s
 3285715 1869512   56.00000   65   86   79.00000   35.00000  55.7%  33.0 8843s
 3288289 1871156   67.00000   47   94   79.00000   35.00000  55.7%  33.0 8854s
 3291023 1872810 infeasible   90        79.00000   35.00000  55.7%  33.0 8864s
 3293792 1874249   72.00000  109   76   79.00000   35.00000  55.7%  33.0 8875s
 3296342 1875862   78.00000   88   49   79.00000   35.00000  55.7%  33.0 8888s
 3299188 1877100   78.00000  104   27   79.00000   35.00000  55.7%  33.0 8897s
 3301586 1878816 infeasible  107        79.00000   35.00000  55.7%  33.0 8908s
 3304499 1880322   76.00000   67   55   79.00000   35.00000  55.7%  33.0 8918s
 3307113 1881908   78.00000   66   44   79.00000   35.00000  55.7%  33.0 8929s
 3309856 1883579   78.00000   75   46   79.00000   35.00000  55.7%  33.0 8940s
 3312418 1885049   75.00000   68   60   79.00000   35.00000  55.7%  33.0 8950s
 3315122 1886428 infeasible  105        79.00000   35.00000  55.7%  33.0 8961s
 3317681 1887936   57.00000   44  109   79.00000   35.00000  55.7%  33.0 8972s
 3320239 1889579   75.00000   85   78   79.00000   35.00000  55.7%  33.0 8982s
 3322815 1890899 infeasible   55        79.00000   35.00000  55.7%  33.0 8990s
 3325036 1892492 infeasible   97        79.00000   35.00000  55.7%  33.0 9002s
 3327938 1894197 infeasible   59        79.00000   35.00000  55.7%  33.0 9013s
 3330868 1895794 infeasible   82        79.00000   35.00000  55.7%  33.0 9025s
 3333599 1897562   78.00000   80   19   79.00000   35.00000  55.7%  33.0 9034s
 3336406 1899071 infeasible   75        79.00000   35.00000  55.7%  33.0 9046s
 3339068 1900851   77.00000   83   45   79.00000   35.00000  55.7%  33.0 9056s
 3341920 1902640   58.00000   58   84   79.00000   35.00000  55.7%  33.0 9068s
 3344646 1903935 infeasible   70        79.00000   35.00000  55.7%  33.0 9077s
 3346958 1905516   60.00000   60   82   79.00000   35.00000  55.7%  33.0 9090s
 3349782 1907078   54.00000   55   60   79.00000   35.00000  55.7%  33.0 9098s
 3352379 1908640 infeasible   67        79.00000   35.00000  55.7%  33.0 9110s
 3354926 1910402   50.00000   60  116   79.00000   35.00000  55.7%  33.1 9120s
 3357812 1912089   78.00000   75   77   79.00000   35.00000  55.7%  33.1 9133s
 3360635 1913549   66.00000   73   63   79.00000   35.00000  55.7%  33.1 9143s
 3363155 1915065   40.00000   35  106   79.00000   35.00000  55.7%  33.1 9154s
 3365991 1916701   35.00000   59  108   79.00000   35.00000  55.7%  33.1 9164s
 3368725 1918084   75.00000   77   60   79.00000   35.00000  55.7%  33.1 9175s
 3371146 1919816   41.00000   51   69   79.00000   35.00000  55.7%  33.1 9185s
 3374034 1921199   72.00000   62   82   79.00000   35.00000  55.7%  33.1 9197s
 3376643 1922555   78.00000  106   29   79.00000   35.00000  55.7%  33.1 9207s
 3379135 1924182   54.00000   66  105   79.00000   35.00000  55.7%  33.1 9217s
 3381651 1925899   62.00000   51   78   79.00000   35.00000  55.7%  33.1 9227s
 3384516 1927412   62.00000   50   67   79.00000   35.00000  55.7%  33.1 9239s
 3387227 1929175   47.00000   55  115   79.00000   35.00000  55.7%  33.1 9252s
 3390000 1930662 infeasible   83        79.00000   35.00000  55.7%  33.1 9262s
 3392600 1932040   65.00000   73   61   79.00000   35.00000  55.7%  33.1 9273s
 3395023 1933617   54.00000   43   93   79.00000   35.00000  55.7%  33.1 9283s
 3397813 1935403   77.00000   95   44   79.00000   35.00000  55.7%  33.1 9295s
 3400620 1937137     cutoff   85        79.00000   35.00000  55.7%  33.1 9305s
 3403355 1938708   45.00000   58  117   79.00000   35.00000  55.7%  33.1 9316s
 3405920 1940306   78.00000   77   60   79.00000   35.00000  55.7%  33.1 9326s
 3408707 1941836   69.00000   64   65   79.00000   35.00000  55.7%  33.1 9336s
 3411151 1943423   74.00000   73   45   79.00000   35.00000  55.7%  33.1 9346s
 3413751 1945132   45.00000   50  126   79.00000   35.00000  55.7%  33.1 9359s
 3416606 1946319     cutoff   84        79.00000   35.00000  55.7%  33.1 9368s
 3418886 1948043   68.00000   59   87   79.00000   35.00000  55.7%  33.1 9381s
 3421781 1949792 infeasible  107        79.00000   35.00000  55.7%  33.1 9391s
 3424690 1951300 infeasible   70        79.00000   35.00000  55.7%  33.1 9402s
 3427357 1952932   78.00000   73   37   79.00000   35.00000  55.7%  33.1 9413s
 3430034 1954538   75.00000   72   60   79.00000   35.00000  55.7%  33.1 9425s
 3432816 1956320   53.00000   54   98   79.00000   35.00000  55.7%  33.1 9438s
 3435817 1957966   77.00000   79   47   79.00000   35.00000  55.7%  33.1 9448s
 3438363 1959276   77.00000   74   36   79.00000   35.00000  55.7%  33.2 9457s
 3440688 1960953   72.00000   66   82   79.00000   35.00000  55.7%  33.2 9469s
 3443637 1962455   76.00000   82   59   79.00000   35.00000  55.7%  33.2 9482s
 3446527 1963835   58.00000   63   89   79.00000   35.00000  55.7%  33.2 9492s
 3449239 1965334   71.00000   54   89   79.00000   35.00000  55.7%  33.2 9504s
 3451810 1967040   70.00000   67   75   79.00000   35.00000  55.7%  33.2 9514s
 3454676 1968612   76.00000   69   64   79.00000   35.00000  55.7%  33.2 9525s
 3457239 1970054   51.00000   48   91   79.00000   35.00000  55.7%  33.2 9535s
 3459885 1971547   62.00000   65   95   79.00000   35.00000  55.7%  33.2 9547s
 3462754 1973113   76.00000   65   54   79.00000   35.00000  55.7%  33.2 9556s
 3465102 1974910   46.00000   57  130   79.00000   35.00000  55.7%  33.2 9569s
 3468145 1976484   64.00000   69   93   79.00000   35.00000  55.7%  33.2 9578s
 3470822 1978058   71.00000   68   59   79.00000   35.00000  55.7%  33.2 9591s
 3473501 1979651   76.00000   58   48   79.00000   35.00000  55.7%  33.2 9601s
 3476244 1981020   55.00000   48   66   79.00000   35.00000  55.7%  33.2 9612s
 3478687 1982654   58.00000   61  104   79.00000   35.00000  55.7%  33.2 9622s
 3481451 1984179   35.00000   44  149   79.00000   35.00000  55.7%  33.2 9634s
 3484057 1985901   78.00000   76   74   79.00000   35.00000  55.7%  33.2 9644s
 3486865 1987238   72.00000   68   58   79.00000   35.00000  55.7%  33.2 9655s
 3489043 1989077 infeasible   58        79.00000   35.00000  55.7%  33.2 9666s
 3492135 1990686   68.00000   66  102   79.00000   35.00000  55.7%  33.2 9678s
 3494723 1992341   59.00000   69   94   79.00000   35.00000  55.7%  33.2 9690s
 3497469 1993990   77.00000   70   53   79.00000   35.00000  55.7%  33.2 9699s
 3500359 1995556   78.00000  104   24   79.00000   35.00000  55.7%  33.2 9712s
 3503108 1997130   77.00000   79   72   79.00000   35.00000  55.7%  33.2 9722s
 3505902 1998698   68.00000   71   82   79.00000   35.00000  55.7%  33.2 9734s
 3508464 2000269   65.00000   59   72   79.00000   35.00000  55.7%  33.2 9745s
 3511268 2001677   51.00000   53  111   79.00000   35.00000  55.7%  33.2 9755s
 3513660 2003412   65.00000   56   57   79.00000   35.00000  55.7%  33.2 9768s
 3516614 2004871   75.00000   71   50   79.00000   35.00000  55.7%  33.2 9778s
 3519198 2006403   68.00000   55  100   79.00000   35.00000  55.7%  33.2 9790s
 3521844 2007902 infeasible   83        79.00000   35.00000  55.7%  33.2 9802s
 3524469 2009502     cutoff   91        79.00000   35.00000  55.7%  33.2 9813s
 3527276 2011107   49.00000   47  112   79.00000   35.00000  55.7%  33.2 9824s
 3529944 2012811 infeasible   82        79.00000   35.00000  55.7%  33.2 9834s
 3532673 2014417   78.00000   67   61   79.00000   35.00000  55.7%  33.3 9846s
 3535230 2015727   61.00000   47   76   79.00000   35.00000  55.7%  33.3 9855s
 3537579 2017341   40.00000   56  114   79.00000   35.00000  55.7%  33.3 9867s
 3540255 2019071   52.00000   50   94   79.00000   35.00000  55.7%  33.3 9877s
 3543247 2020741   71.00000   65   66   79.00000   35.00000  55.7%  33.3 9889s
 3546004 2022480   58.00000   67   99   79.00000   35.00000  55.7%  33.3 9899s
 3548640 2024039   78.00000   76   20   79.00000   35.00000  55.7%  33.3 9911s
 3551263 2025760   43.00000   46  104   79.00000   35.00000  55.7%  33.3 9921s
 3554032 2027337   74.00000   91   50   79.00000   35.00000  55.7%  33.3 9933s
 3556754 2029094   68.00000   65   76   79.00000   35.00000  55.7%  33.3 9943s
 3559637 2030619   65.00000   51   81   79.00000   35.00000  55.7%  33.3 9955s
 3562238 2032256   68.00000   54   77   79.00000   35.00000  55.7%  33.3 9964s
 3564752 2033810   77.00000   71   49   79.00000   35.00000  55.7%  33.3 9976s
 3567442 2035510   78.00000   84   29   79.00000   35.00000  55.7%  33.3 9987s
 3570229 2037232   55.00000   60   94   79.00000   35.00000  55.7%  33.3 9997s
 3572887 2038964   53.00000   66  105   79.00000   35.00000  55.7%  33.3 10007s
 3575464 2040704   72.00000  148   36   79.00000   35.00000  55.7%  33.3 10019s
 3578166 2042456     cutoff   92        79.00000   35.00000  55.7%  33.3 10029s
 3580882 2044106   64.00000   65  104   79.00000   35.00000  55.7%  33.3 10041s
 3583634 2045694 infeasible   79        79.00000   35.00000  55.7%  33.3 10051s
 3586265 2047301 infeasible   61        79.00000   35.00000  55.7%  33.3 10061s
 3588959 2048859   78.00000   90   37   79.00000   35.00000  55.7%  33.3 10071s
 3591461 2050297   67.00000   50   96   79.00000   35.00000  55.7%  33.3 10082s
 3593759 2051942     cutoff   91        79.00000   35.00000  55.7%  33.3 10092s
 3596508 2053608   71.00000   85   81   79.00000   35.00000  55.7%  33.3 10105s
 3599330 2055343   70.00000   66   75   79.00000   35.00000  55.7%  33.3 10115s
 3602103 2057093   76.00000   62   48   79.00000   35.00000  55.7%  33.3 10127s
 3604704 2058643   78.00000   80   74   79.00000   35.00000  55.7%  33.3 10137s
 3607399 2060185   78.00000   88   34   79.00000   35.00000  55.7%  33.3 10149s
 3609967 2061689 infeasible  102        79.00000   35.00000  55.7%  33.3 10159s
 3612586 2063368   62.00000   64   98   79.00000   35.00000  55.7%  33.3 10171s
 3615281 2065117   77.00000   76   61   79.00000   35.00000  55.7%  33.3 10180s
 3618119 2066752   69.00000   50  102   79.00000   35.00000  55.7%  33.3 10193s
 3620818 2068213   78.00000   83   34   79.00000   35.00000  55.7%  33.3 10203s
 3623422 2069718   78.00000   82   27   79.00000   35.00000  55.7%  33.3 10215s
 3626186 2071435   72.00000   59   62   79.00000   35.00000  55.7%  33.3 10225s
 3628800 2073069   78.00000   81   53   79.00000   35.00000  55.7%  33.3 10235s
 3631331 2074463   78.00000  108   60   79.00000   35.00000  55.7%  33.3 10244s
 3633767 2075901   77.00000   99   35   79.00000   35.00000  55.7%  33.3 10256s
 3636288 2077733 infeasible   80        79.00000   35.00000  55.7%  33.3 10267s
 3639237 2079325   49.00000   61  115   79.00000   35.00000  55.7%  33.3 10279s
 3641950 2081091   75.00000   86   49   79.00000   35.00000  55.7%  33.3 10290s
 3644763 2082821   60.00000   61   81   79.00000   35.00000  55.7%  33.4 10301s
 3647679 2084532   78.00000   84   59   79.00000   35.00000  55.7%  33.4 10312s
 3650511 2086177 infeasible  124        79.00000   35.00000  55.7%  33.4 10324s
 3653139 2087760   62.00000   70   90   79.00000   35.00000  55.7%  33.4 10334s
 3655665 2089390   77.00000  129   26   79.00000   35.00000  55.7%  33.4 10346s
 3658392 2091401   77.00000   72   64   79.00000   35.00000  55.7%  33.4 10356s
 3661430 2093222   76.00000  110   47   79.00000   35.00000  55.7%  33.4 10367s
 3664082 2094694   75.00000   77   46   79.00000   35.00000  55.7%  33.4 10377s
 3666823 2096131   44.00000   57  108   79.00000   35.00000  55.7%  33.4 10388s
 3669281 2097799   78.00000   98   59   79.00000   35.00000  55.7%  33.4 10399s
 3671992 2099294   77.00000   67   64   79.00000   35.00000  55.7%  33.4 10409s
 3674416 2100863 infeasible   79        79.00000   35.00000  55.7%  33.4 10418s
 3676981 2102470   69.00000   49   71   79.00000   35.00000  55.7%  33.4 10430s
 3679636 2103898   78.00000   87   34   79.00000   35.00000  55.7%  33.4 10440s
 3682305 2105525   71.00000   79   72   79.00000   35.00000  55.7%  33.4 10451s
 3684967 2107248   67.00000   66   91   79.00000   35.00000  55.7%  33.4 10461s
 3687611 2108805     cutoff   95        79.00000   35.00000  55.7%  33.4 10473s
 3690399 2110448 infeasible   63        79.00000   35.00000  55.7%  33.4 10481s
 3692913 2111955 infeasible  113        79.00000   35.00000  55.7%  33.4 10493s
 3695369 2113670   77.00000  108   50   79.00000   35.00000  55.7%  33.4 10503s
 3698167 2115182   76.00000   78   50   79.00000   35.00000  55.7%  33.4 10515s
 3700713 2116693   52.00000   45   94   79.00000   35.00000  55.7%  33.4 10525s
 3703249 2118252   35.00000   31   93   79.00000   35.00000  55.7%  33.4 10536s
 3705837 2120013   35.00000   46  153   79.00000   35.00000  55.7%  33.4 10547s
 3708671 2121744 infeasible  108        79.00000   35.00000  55.7%  33.4 10559s
 3711486 2123390   77.00000  102   41   79.00000   35.00000  55.7%  33.4 10569s
 3714230 2124975   77.00000   78   63   79.00000   35.00000  55.7%  33.4 10581s
 3716848 2126474   78.00000  113   41   79.00000   35.00000  55.7%  33.4 10591s
 3719404 2128323   74.00000   66   78   79.00000   35.00000  55.7%  33.4 10601s
 3722062 2130101   77.00000   74   48   79.00000   35.00000  55.7%  33.4 10612s
 3724976 2131721   78.00000   79   45   79.00000   35.00000  55.7%  33.4 10623s
 3727537 2133259   68.00000   55   82   79.00000   35.00000  55.7%  33.4 10634s
 3730092 2135155   57.00000   85   84   79.00000   35.00000  55.7%  33.4 10645s
 3732929 2136977     cutoff  112        79.00000   35.00000  55.7%  33.4 10655s
 3735951 2138603   77.00000   95   53   79.00000   35.00000  55.7%  33.4 10667s
 3738617 2140361   60.00000   52   96   79.00000   35.00000  55.7%  33.4 10678s
 3741399 2142049   56.00000   73   83   79.00000   35.00000  55.7%  33.4 10690s
 3744014 2143751 infeasible  136        79.00000   35.00000  55.7%  33.4 10700s
 3746839 2145553   51.00000   41   93   79.00000   35.00000  55.7%  33.4 10710s
 3749491 2147114   75.00000   60   85   79.00000   35.00000  55.7%  33.4 10720s
 3751981 2148808   71.00000   58   64   79.00000   35.00000  55.7%  33.4 10730s
 3754733 2150609   77.00000   76   58   79.00000   35.00000  55.7%  33.4 10742s
 3757442 2152450   78.00000   78   56   79.00000   35.00000  55.7%  33.4 10752s
 3760158 2153937   70.00000   75   78   79.00000   35.00000  55.7%  33.4 10764s
 3762938 2155622   76.00000   93   26   79.00000   35.00000  55.7%  33.4 10774s
 3765592 2157297   35.00000   45  121   79.00000   35.00000  55.7%  33.4 10786s
 3768274 2158970   76.00000   84   55   79.00000   35.00000  55.7%  33.4 10797s
 3771252 2159295   78.00000   46   77   79.00000   35.00000  55.7%  33.4 10800s

Explored 3771707 nodes (125990173 simplex iterations) in 10800.17 seconds (844.98 work units)
Thread count was 18 (of 36 available processors)

Solution count 10: 79 80 81 ... 88

Time limit reached
Best objective 7.900000000000e+01, best bound 3.500000000000e+01, gap 55.6962%
