
Gurobi 11.0.0 (win64) logging started Thu May  9 18:57:50 2024

Set parameter LogFile to value "./Results/StripPacking-StaticBoundRuns/Logs/RUu-010-StripPacking-15.log"
Set parameter TimeLimit to value 10800
Set parameter Cuts to value 0
Set parameter Presolve to value 1
Set parameter Heuristics to value 0
Set parameter LPWarmStart to value 2
Gurobi Optimizer version 11.0.0 build v11.0.0rc2 (win64 - Windows 10.0 (19045.2))

CPU model: Intel(R) Core(TM) i9-10980XE CPU @ 3.00GHz, instruction set [SSE2|AVX|AVX2|AVX512]
Thread count: 18 physical cores, 36 logical processors, using up to 18 threads

Optimize a model with 540 rows, 451 columns and 2130 nonzeros
Model fingerprint: 0x129f0855
Variable types: 31 continuous, 420 integer (420 binary)
Coefficient statistics:
  Matrix range     [1e+00, 1e+04]
  Objective range  [1e+00, 1e+00]
  Bounds range     [1e+00, 1e+04]
  RHS range        [1e+00, 4e+01]

Warning: Completing partial solution with 420 unfixed non-continuous variables out of 420
User MIP start produced solution with objective 71.5 (0.01s)
Loaded user MIP start with objective 71.5

Presolve removed 330 rows and 226 columns
Presolve time: 0.00s
Presolved: 210 rows, 225 columns, 840 nonzeros
Found heuristic solution: objective 33.0000000
Variable types: 15 continuous, 210 integer (210 binary)

Explored 0 nodes (0 simplex iterations) in 0.01 seconds (0.00 work units)
Thread count was 18 (of 36 available processors)

Solution count 2: 33 71.5 

Optimal solution found (tolerance 1.00e-04)
Best objective 3.300000000000e+01, best bound 3.300000000000e+01, gap 0.0000%

Gurobi 11.0.0 (win64) logging started Mon May 13 09:15:48 2024

Set parameter LogFile to value "./Results/StripPacking-StaticBoundRuns/Logs/RUu-010-StripPacking-15.log"
Set parameter TimeLimit to value 10800
Set parameter Cuts to value 0
Set parameter Presolve to value 1
Set parameter Heuristics to value 0
Set parameter LPWarmStart to value 2
Gurobi Optimizer version 11.0.0 build v11.0.0rc2 (win64 - Windows 10.0 (19045.2))

CPU model: Intel(R) Core(TM) i9-10980XE CPU @ 3.00GHz, instruction set [SSE2|AVX|AVX2|AVX512]
Thread count: 18 physical cores, 36 logical processors, using up to 18 threads

Optimize a model with 750 rows, 451 columns and 2550 nonzeros
Model fingerprint: 0xa96b897b
Variable types: 31 continuous, 420 integer (420 binary)
Coefficient statistics:
  Matrix range     [1e+00, 1e+04]
  Objective range  [1e+00, 1e+00]
  Bounds range     [1e+00, 1e+04]
  RHS range        [1e+00, 4e+01]

Warning: Completing partial solution with 420 unfixed non-continuous variables out of 420
User MIP start produced solution with objective 71.5 (0.02s)
Loaded user MIP start with objective 71.5

Presolve time: 0.01s
Presolved: 750 rows, 451 columns, 2550 nonzeros
Variable types: 31 continuous, 420 integer (420 binary)

Root relaxation: objective 3.300000e+01, 223 iterations, 0.00 seconds (0.00 work units)

    Nodes    |    Current Node    |     Objective Bounds      |     Work
 Expl Unexpl |  Obj  Depth IntInf | Incumbent    BestBd   Gap | It/Node Time

     0     0   33.00000    0   22   71.50000   33.00000  53.8%     -    0s
     0     0   33.00000    0   22   71.50000   33.00000  53.8%     -    0s
     0     2   33.00000    0   22   71.50000   33.00000  53.8%     -    0s
* 3540  2939             120      67.0000000   33.00000  50.7%   7.8    1s
* 5839  3271              67      63.0000000   33.00000  47.6%   8.9    1s
* 6306  3208              76      61.0000000   33.00000  45.9%   8.8    1s
* 6797  3162              65      60.0000000   33.00000  45.0%   9.1    1s
* 7275  3517              53      59.0000000   33.00000  44.1%   9.0    2s
* 8048  3316              62      58.0000000   33.00000  43.1%   9.0    2s
* 9344  3337              65      57.0000000   33.00000  42.1%   9.6    2s
* 9811  3089              58      56.0000000   33.00000  41.1%   9.9    2s
*12966  4382              48      55.0000000   33.00000  40.0%  10.1    4s
 15208  5421 infeasible   44        55.00000   33.00000  40.0%  10.4    5s
*15273  5233              61      54.0000000   33.00000  38.9%  10.5    5s
*17474  5362              91      53.0000000   33.00000  37.7%  10.5    6s
*22512  5775              66      52.0000000   33.00000  36.5%  11.4    8s
 22856  8712     cutoff   45        52.00000   33.00000  36.5%  11.6   12s
 31936 10854   51.00000   43   31   52.00000   33.00000  36.5%  12.7   15s
*36310 11311              50      52.0000000   33.00000  36.5%  12.9   16s
 41306 14739   48.00000   41   41   52.00000   33.00000  36.5%  13.0   20s
 52888 17114   46.00000   60   40   52.00000   33.00000  36.5%  12.9   25s
*59136 14785              73      51.0000000   33.00000  35.3%  12.7   27s
 63982 15082     cutoff   77        51.00000   33.00000  35.3%  12.8   30s
*70534 12706              68      50.0000000   33.00000  34.0%  13.0   33s
 73050 12799 infeasible   67        50.00000   33.00000  34.0%  12.9   35s
 80978 13755   44.00000   56   40   50.00000   33.00000  34.0%  13.2   40s
 90982 14950   44.00000   54   58   50.00000   33.00000  34.0%  13.1   45s
 102315 17629   46.00000   70   36   50.00000   33.00000  34.0%  13.4   50s
 112486 21300   49.00000   65   45   50.00000   33.00000  34.0%  13.7   56s
 123254 19579   49.00000   76   38   50.00000   33.00000  34.0%  13.9   60s
 132234 20751   48.00000   62   34   50.00000   33.00000  34.0%  14.1   65s
 136073 23919   42.00000   62   67   50.00000   33.00000  34.0%  14.2   70s
 152102 25983     cutoff   66        50.00000   38.00000  24.0%  14.4   75s
*152217 25971              69      50.0000000   38.00000  24.0%  14.4   75s
 156938 27594   47.00000   72   36   50.00000   38.00000  24.0%  14.4   80s
 162356 31587   45.00000   77   49   50.00000   40.00000  20.0%  14.6   89s
 179046 31585 infeasible   87        50.00000   40.00000  20.0%  14.0   90s
 186123 32776 infeasible   71        50.00000   41.00000  18.0%  14.1   95s
 186919 37689   44.00000   62   66   50.00000   41.00000  18.0%  14.2  102s
 206556 37624   47.00000   71   27   50.00000   41.00000  18.0%  13.9  105s
 213626 38759   47.00000   58   46   50.00000   41.00000  18.0%  14.0  110s
 219059 41153   47.00000   68   29   50.00000   42.00000  16.0%  14.1  115s
 230450 42456   49.00000   68   39   50.00000   42.00000  16.0%  14.0  121s
 232103 44995   48.00000   70   32   50.00000   42.00000  16.0%  14.1  125s
 244416 46267   47.00000   68   27   50.00000   42.00000  16.0%  14.0  130s
 256314 51824   49.00000   67   53   50.00000   42.00000  16.0%  14.0  141s
 276671 51666 infeasible   73        50.00000   42.00000  16.0%  13.8  145s
 284464 56491   42.00000   73   39   50.00000   42.00000  16.0%  13.8  156s
 304561 57847   46.00000   69   34   50.00000   42.00000  16.0%  13.8  161s
 310915 60685   43.00000   62   62   50.00000   42.00000  16.0%  13.9  170s
 330205 63662   49.00000   65   38   50.00000   43.00000  14.0%  13.7  176s
 337576 64262   43.00000   75   55   50.00000   43.00000  14.0%  13.7  180s
 347850 64527 infeasible   72        50.00000   43.00000  14.0%  13.6  185s
 353660 67638   49.00000   72   51   50.00000   43.00000  14.0%  13.7  194s
 365002 67628     cutoff   62        50.00000   43.00000  14.0%  13.6  195s
 372257 68180   47.00000   63   50   50.00000   44.00000  12.0%  13.7  200s
 379393 68948   44.00000   63   54   50.00000   44.00000  12.0%  13.6  207s
 381939 72584   44.00000   68   35   50.00000   44.00000  12.0%  13.8  215s
 402379 73550   44.00000   72   50   50.00000   44.00000  12.0%  13.6  221s
 409105 75138 infeasible   72        50.00000   44.00000  12.0%  13.6  229s
 421280 75055 infeasible   77        50.00000   44.00000  12.0%  13.5  230s
 423764 76395   44.00000   74   39   50.00000   44.00000  12.0%  13.6  236s
 431567 76127   46.00000   76   33   50.00000   44.00000  12.0%  13.6  240s
 434417 79469   49.00000   62   62   50.00000   44.00000  12.0%  13.7  248s
 452435 79286 infeasible   81        50.00000   44.00000  12.0%  13.5  250s
 455640 82724   45.00000   62   55   50.00000   44.00000  12.0%  13.6  261s
 475935 82486 infeasible   73        50.00000   44.00000  12.0%  13.5  265s
 483722 83400   47.00000   66   32   50.00000   44.00000  12.0%  13.5  270s
 490066 84981   46.00000   70   28   50.00000   44.00000  12.0%  13.5  276s
 500279 86185 infeasible   76        50.00000   44.00000  12.0%  13.5  280s
 500992 91082   47.00000   69   56   50.00000   44.00000  12.0%  13.5  287s
 520839 91187 infeasible   75        50.00000   44.00000  12.0%  13.4  290s
 522720 95331     cutoff   78        50.00000   44.00000  12.0%  13.5  297s
 542077 95393   46.00000   74   44   50.00000   44.00000  12.0%  13.4  300s
 550721 96857   44.00000   66   45   50.00000   44.00000  12.0%  13.4  305s
 557390 98816   44.00000   67   70   50.00000   44.00000  12.0%  13.4  311s
 567144 99626 infeasible   97        50.00000   44.00000  12.0%  13.4  315s
 567924 100914   44.00000   74   41   50.00000   44.00000  12.0%  13.4  321s
 579565 102754   44.00000   69   19   50.00000   44.00000  12.0%  13.5  327s
 588818 104418   47.00000   63   59   50.00000   44.00000  12.0%  13.5  331s
 599784 106781   44.00000   65   54   50.00000   44.00000  12.0%  13.4  335s
 609414 108408   46.00000   64   54   50.00000   44.00000  12.0%  13.4  340s
 612200 112538     cutoff   64        50.00000   44.00000  12.0%  13.4  348s
 631081 112595   44.00000   57   50   50.00000   44.00000  12.0%  13.3  350s
 639095 114070 infeasible   73        50.00000   44.00000  12.0%  13.3  355s
 645354 115905   47.00000   63   62   50.00000   44.00000  12.0%  13.4  360s
 655647 119458   48.00000   64   38   50.00000   44.00000  12.0%  13.3  370s
 671074 120896   44.00000   68   64   50.00000   44.00000  12.0%  13.4  375s
 681040 123925   44.00000   61   45   50.00000   44.00000  12.0%  13.4  385s
 700380 127579   48.00000   68   56   50.00000   44.00000  12.0%  13.3  394s
 718341 127541 infeasible   73        50.00000   44.00000  12.0%  13.2  395s
 721944 128940 infeasible   84        50.00000   44.00000  12.0%  13.3  401s
 728508 132682   44.00000   66   36   50.00000   44.00000  12.0%  13.3  410s
 750486 135645   49.00000   77   25   50.00000   44.00000  12.0%  13.3  422s
 770308 135609     cutoff   64        50.00000   44.00000  12.0%  13.2  425s
 778591 137979   46.00000   75   63   50.00000   44.00000  12.0%  13.2  432s
 787609 138885   48.00000   66   64   50.00000   44.00000  12.0%  13.2  435s
 793496 140832   44.00000   65   59   50.00000   44.00000  12.0%  13.2  441s
 804056 141844 infeasible   84        50.00000   44.00000  12.0%  13.1  445s
 810728 144008   49.00000   63   37   50.00000   44.00000  12.0%  13.2  451s
 815991 147623   48.00000   66   40   50.00000   44.00000  12.0%  13.2  460s
 836892 148565   49.00000   66   45   50.00000   44.00000  12.0%  13.1  465s
 847368 149909 infeasible   84        50.00000   44.00000  12.0%  13.1  470s
 854424 152216   48.00000   60   61   50.00000   44.00000  12.0%  13.1  476s
 859554 155823   47.00000   59   64   50.00000   44.00000  12.0%  13.1  485s
 880397 157057   47.00000   60   32   50.00000   44.00000  12.0%  13.2  492s
 887150 158522   49.00000   71   53   50.00000   44.00000  12.0%  13.1  498s
 895641 160995   44.00000   66   58   50.00000   44.00000  12.0%  13.2  503s
 905612 160946 infeasible   84        50.00000   44.00000  12.0%  13.2  505s
 913456 162386 infeasible   65        50.00000   44.00000  12.0%  13.2  512s
 916101 166407   44.00000   54   58   50.00000   44.00000  12.0%  13.2  520s
 935347 166498   47.00000   76   54   50.00000   44.00000  12.0%  13.2  526s
 939307 169511   44.00000   79   29   50.00000   44.00000  12.0%  13.2  534s
 956419 169508   44.00000   62   50   50.00000   44.00000  12.0%  13.1  535s
 959821 172736   44.00000   63   46   50.00000   44.00000  12.0%  13.2  546s
 979686 176655   49.00000   79   30   50.00000   44.00000  12.0%  13.2  556s
 999409 176500   47.00000   66   50   50.00000   44.00000  12.0%  13.1  560s
 1006736 177623 infeasible   85        50.00000   44.00000  12.0%  13.1  565s
 1013519 178604 infeasible   73        50.00000   44.00000  12.0%  13.2  570s
 1018905 180422   44.00000   72   46   50.00000   44.00000  12.0%  13.2  575s
 1024145 180764     cutoff   76        50.00000   44.00000  12.0%  13.1  581s
 1029682 182948   46.00000   88   31   50.00000   44.00000  12.0%  13.2  587s
 1043063 182753 infeasible   74        50.00000   44.00000  12.0%  13.2  590s
 1050912 184181 infeasible   75        50.00000   44.00000  12.0%  13.2  595s
 1054638 187600   49.00000   79   28   50.00000   44.00000  12.0%  13.2  605s
 1073436 187206 infeasible   79        50.00000   44.00000  12.0%  13.2  610s
 1075964 189817   44.00000   68   48   50.00000   44.00000  12.0%  13.2  619s
 1093982 189638 infeasible   81        50.00000   44.00000  12.0%  13.1  620s
 1096335 190639   49.00000   68   41   50.00000   44.00000  12.0%  13.2  625s
 1105578 194393   44.00000   66   39   50.00000   44.00000  12.0%  13.2  636s
 1123631 195206   44.00000   66   73   50.00000   44.00000  12.0%  13.2  640s
 1131103 197488   44.00000   65   46   50.00000   44.00000  12.0%  13.2  646s
 1139167 198897   44.00000   63   78   50.00000   44.00000  12.0%  13.2  650s
 1152009 200345 infeasible   64        50.00000   44.00000  12.0%  13.2  655s
 1157084 202325   47.00000   63   84   50.00000   44.00000  12.0%  13.2  660s
 1166544 204110   44.00000   60   67   50.00000   44.00000  12.0%  13.2  666s
 1171833 204959   46.00000   71   47   50.00000   44.00000  12.0%  13.2  671s
 1179743 207776   46.00000   76   33   50.00000   44.00000  12.0%  13.3  678s
 1191713 207639 infeasible   63        50.00000   44.00000  12.0%  13.2  680s
 1199019 209217 infeasible   75        50.00000   44.00000  12.0%  13.2  685s
*1200583 151350              70      49.0000000   44.00000  10.2%  13.3  687s
 1202350 154753   44.00000   63   64   49.00000   44.00000  10.2%  13.3  695s
 1222442 155826   44.00000   63   71   49.00000   44.00000  10.2%  13.3  701s
 1231438 157062   47.00000   63   46   49.00000   44.00000  10.2%  13.3  706s
 1237452 158112   44.00000   60   59   49.00000   44.00000  10.2%  13.3  710s
 1248684 161735   46.00000   76   29   49.00000   44.00000  10.2%  13.3  722s
 1266235 161702 infeasible   66        49.00000   44.00000  10.2%  13.3  725s
 1273148 162729   44.00000   62   54   49.00000   44.00000  10.2%  13.3  731s
 1276147 166375   44.00000   58   73   49.00000   44.00000  10.2%  13.4  739s
 1294165 166287 infeasible   81        49.00000   44.00000  10.2%  13.3  740s
 1294890 169437   44.00000   64   64   49.00000   44.00000  10.2%  13.3  749s
 1312908 169366 infeasible   79        49.00000   44.00000  10.2%  13.3  750s
 1316326 170123   44.00000   70   52   49.00000   44.00000  10.2%  13.3  756s
 1322614 170573   47.00000   70   41   49.00000   44.00000  10.2%  13.3  762s
 1330493 172282     cutoff   65        49.00000   44.00000  10.2%  13.4  768s
 1340790 173255   46.00000   71   52   49.00000   44.00000  10.2%  13.4  772s
 1349092 174310   44.00000   68   67   49.00000   44.00000  10.2%  13.4  781s
 1365274 174916   46.00000   75   39   49.00000   44.00000  10.2%  13.4  785s
 1369581 176169   45.00000   61   71   49.00000   45.00000  8.16%  13.4  793s
 1382375 176007 infeasible   66        49.00000   45.00000  8.16%  13.4  795s
 1384754 176076   45.00000   70   62   49.00000   45.00000  8.16%  13.4  800s
 1391363 176571     cutoff   64        49.00000   45.00000  8.16%  13.4  807s
 1400387 175237 infeasible   82        49.00000   45.00000  8.16%  13.4  810s
 1402630 175281 infeasible   67        49.00000   45.00000  8.16%  13.4  821s
 1422295 174596   46.00000   65   55   49.00000   45.00000  8.16%  13.4  825s
 1423870 175095   45.00000   70   56   49.00000   45.00000  8.16%  13.4  830s
 1434618 175855   46.00000   68   38   49.00000   45.00000  8.16%  13.4  844s
 1452636 175653 infeasible   85        49.00000   45.00000  8.16%  13.4  846s
 1456556 176894   45.00000   65   27   49.00000   45.00000  8.16%  13.5  858s
 1474574 176517 infeasible   77        49.00000   45.00000  8.16%  13.4  861s
 1478230 177308   45.00000   79   37   49.00000   45.00000  8.16%  13.4  874s
 1496248 176980 infeasible   73        49.00000   45.00000  8.16%  13.4  876s
 1500077 175911 infeasible   68        49.00000   45.00000  8.16%  13.4  882s
 1502080 178464   46.00000   63   55   49.00000   45.00000  8.16%  13.5  889s
 1516280 178384   46.00000   64   36   49.00000   45.00000  8.16%  13.4  890s
 1522208 183199   47.00000   70   40   49.00000   46.00000  6.12%  13.5  902s
 1541897 182990     cutoff   70        49.00000   46.00000  6.12%  13.4  905s
 1544087 184605   47.00000   69   31   49.00000   46.00000  6.12%  13.5  910s
 1552072 183360 infeasible   68        49.00000   46.00000  6.12%  13.5  915s
 1555144 184974   47.00000   67   56   49.00000   46.00000  6.12%  13.5  924s
 1573162 184696 infeasible   82        49.00000   46.00000  6.12%  13.4  927s
 1574206 184150   46.00000   73   32   49.00000   46.00000  6.12%  13.5  931s
 1577294 185975   47.00000   66   40   49.00000   46.00000  6.12%  13.5  940s
 1599177 189193   46.00000   74   38   49.00000   46.00000  6.12%  13.5  952s
 1618145 189171   47.00000   69   34   49.00000   46.00000  6.12%  13.4  957s
 1621297 192549   47.00000   61   59   49.00000   46.00000  6.12%  13.5  965s
 1640330 192072 infeasible   74        49.00000   46.00000  6.12%  13.4  970s
 1643458 194360   48.00000   64   65   49.00000   46.00000  6.12%  13.5  979s
 1656471 194360   46.00000   81   39   49.00000   46.00000  6.12%  13.4  980s
 1662473 194299   46.00000   59   82   49.00000   46.00000  6.12%  13.4  985s
 1665395 196677     cutoff   77        49.00000   46.00000  6.12%  13.5  994s
 1683413 196500 infeasible   75        49.00000   46.00000  6.12%  13.4  996s
 1687489 198447   46.00000   77   26   49.00000   46.00000  6.12%  13.5 1008s
 1705507 198320 infeasible   70        49.00000   46.00000  6.12%  13.4 1010s
 1710578 199982   46.00000   77   28   49.00000   46.00000  6.12%  13.5 1024s
 1728596 199761 infeasible   80        49.00000   46.00000  6.12%  13.4 1026s
 1729556 199403   48.00000   62   79   49.00000   46.00000  6.12%  13.4 1030s
 1732798 201566   46.00000   65   27   49.00000   46.00000  6.12%  13.5 1038s
 1750816 201469 infeasible   93        49.00000   46.00000  6.12%  13.4 1040s
 1751821 201648   46.00000   79   49   49.00000   46.00000  6.12%  13.4 1046s
 1761771 202875   46.00000   77   33   49.00000   46.00000  6.12%  13.4 1054s
 1773575 202661 infeasible   71        49.00000   46.00000  6.12%  13.4 1056s
 1777512 204127   48.00000   80   31   49.00000   46.00000  6.12%  13.5 1069s
 1795530 203995 infeasible  101        49.00000   46.00000  6.12%  13.4 1071s
 1796532 205492     cutoff   88        49.00000   46.00000  6.12%  13.4 1079s
 1814231 205410   47.00000   72   52   49.00000   46.00000  6.12%  13.4 1081s
 1817085 206073   46.00000   82   49   49.00000   46.00000  6.12%  13.4 1087s
 1825676 205806   46.00000   69   72   49.00000   46.00000  6.12%  13.4 1092s
 1828890 207671   47.00000   77   66   49.00000   46.00000  6.12%  13.4 1101s
 1847824 209124   47.00000   78   61   49.00000   46.00000  6.12%  13.4 1113s
 1866900 208871   46.00000   61   54   49.00000   46.00000  6.12%  13.3 1115s
 1871886 210522   46.00000   73   28   49.00000   46.00000  6.12%  13.4 1129s
 1889904 210398 infeasible   74        49.00000   46.00000  6.12%  13.3 1130s
 1893654 210645   46.00000   81   58   49.00000   46.00000  6.12%  13.4 1138s
 1901977 212726     cutoff   74        49.00000   46.00000  6.12%  13.3 1148s
 1919995 212578 infeasible   93        49.00000   46.00000  6.12%  13.3 1150s
 1925102 212816 infeasible   75        49.00000   46.00000  6.12%  13.3 1158s
 1932123 212647 infeasible   67        49.00000   46.00000  6.12%  13.3 1160s
 1936060 214441   46.00000   67   42   49.00000   46.00000  6.12%  13.4 1172s
 1954992 214241 infeasible   72        49.00000   46.00000  6.12%  13.3 1179s
 1960422 216249 infeasible   77        49.00000   46.00000  6.12%  13.3 1188s
 1977934 216082 infeasible   81        49.00000   46.00000  6.12%  13.3 1190s
 1981702 217555   48.00000   74   33   49.00000   46.00000  6.12%  13.3 1203s
 1999720 217430 infeasible   71        49.00000   46.00000  6.12%  13.3 1205s
 2003572 219398   46.00000   71   34   49.00000   46.00000  6.12%  13.3 1217s
 2022560 219137   46.00000   70   38   49.00000   46.00000  6.12%  13.3 1222s
 2025465 221305   46.00000   68   48   49.00000   46.00000  6.12%  13.3 1231s
 2044444 220772 infeasible   58        49.00000   46.00000  6.12%  13.3 1237s
 2047652 222423   46.00000   74   55   49.00000   46.00000  6.12%  13.3 1246s
 2066731 221692   46.00000   75   41   49.00000   46.00000  6.12%  13.2 1252s
 2069462 223052   46.00000   74   34   49.00000   46.00000  6.12%  13.3 1261s
 2088514 222489   46.00000   83   29   49.00000   46.00000  6.12%  13.2 1266s
 2091283 223859   46.00000   74   41   49.00000   46.00000  6.12%  13.2 1275s
 2110312 223214     cutoff   76        49.00000   46.00000  6.12%  13.2 1280s
 2113174 224932 infeasible   88        49.00000   46.00000  6.12%  13.2 1289s
 2131192 224440 infeasible   90        49.00000   46.00000  6.12%  13.2 1291s
 2135325 224924 infeasible   71        49.00000   46.00000  6.12%  13.2 1303s
 2153343 224537 infeasible   86        49.00000   46.00000  6.12%  13.2 1305s
 2157758 223507   47.00000   72   42   49.00000   46.00000  6.12%  13.2 1313s
 2160853 224745   48.00000   76   32   49.00000   46.00000  6.12%  13.2 1322s
 2179936 224082   46.00000   67   41   49.00000   46.00000  6.12%  13.2 1328s
 2184070 224978 infeasible   79        49.00000   46.00000  6.12%  13.2 1338s
 2202088 224714 infeasible   80        49.00000   46.00000  6.12%  13.2 1340s
 2206240 225053   46.00000   62   71   49.00000   46.00000  6.12%  13.2 1354s
 2224258 224814 infeasible   85        49.00000   46.00000  6.12%  13.2 1356s
 2225323 224195   46.00000   74   43   49.00000   46.00000  6.12%  13.2 1360s
 2228591 225345   46.00000   73   52   49.00000   46.00000  6.12%  13.2 1370s
 2247626 224537   46.00000   76   24   49.00000   46.00000  6.12%  13.2 1375s
 2250937 225423   46.00000   78   44   49.00000   46.00000  6.12%  13.2 1385s
 2269950 224499   47.00000   77   24   49.00000   46.00000  6.12%  13.2 1391s
 2273387 225599   46.00000   73   51   49.00000   46.00000  6.12%  13.2 1401s
 2292423 224976 infeasible   69        49.00000   46.00000  6.12%  13.1 1407s
 2295618 226313   48.00000   68   60   49.00000   46.00000  6.12%  13.2 1417s
 2314620 225593 infeasible   67        49.00000   46.00000  6.12%  13.1 1423s
 2317899 226930   46.00000   62   73   49.00000   46.00000  6.12%  13.2 1432s
 2336877 226505     cutoff   63        49.00000   46.00000  6.12%  13.1 1437s
 2340938 227792   48.00000   73   50   49.00000   46.00000  6.12%  13.2 1447s
 2359977 227286 infeasible   78        49.00000   46.00000  6.12%  13.1 1453s
 2363195 228540   48.00000   76   30   49.00000   46.00000  6.12%  13.2 1462s
 2381213 228414 infeasible   87        49.00000   46.00000  6.12%  13.1 1465s
 2382215 229522   46.00000   73   55   49.00000   46.00000  6.12%  13.1 1474s
 2400233 229328 infeasible   85        49.00000   46.00000  6.12%  13.1 1475s
 2403689 228667 infeasible   62        49.00000   46.00000  6.12%  13.1 1480s
 2404549 229291   46.00000   56   46   49.00000   46.00000  6.12%  13.1 1485s
 2413754 228842   46.00000   65   50   49.00000   46.00000  6.12%  13.1 1490s
 2416901 229986   46.00000   74   39   49.00000   46.00000  6.12%  13.1 1499s
 2434919 229843 infeasible   76        49.00000   46.00000  6.12%  13.1 1501s
 2435868 230192   46.00000   73   47   49.00000   46.00000  6.12%  13.1 1508s
 2446893 230114   46.00000   70   53   49.00000   46.00000  6.12%  13.1 1510s
 2448028 231038   46.00000   80   20   49.00000   46.00000  6.12%  13.1 1517s
 2459904 230480 infeasible   69        49.00000   46.00000  6.12%  13.1 1523s
 2463304 231863   48.00000   77   30   49.00000   46.00000  6.12%  13.1 1532s
 2482259 231444   46.00000   72   50   49.00000   46.00000  6.12%  13.1 1538s
 2485579 232911   46.00000   73   32   49.00000   46.00000  6.12%  13.1 1547s
 2504580 233896 infeasible   69        49.00000   46.00000  6.12%  13.1 1559s
 2522598 233698 infeasible   77        49.00000   46.00000  6.12%  13.1 1560s
 2526771 233623   46.00000   79   40   49.00000   46.00000  6.12%  13.1 1569s
 2534710 233468 infeasible   74        49.00000   46.00000  6.12%  13.1 1570s
 2538741 234187   46.00000   74   27   49.00000   46.00000  6.12%  13.1 1584s
 2556759 233979 infeasible   68        49.00000   46.00000  6.12%  13.1 1586s
 2557743 234230 infeasible   84        49.00000   46.00000  6.12%  13.1 1593s
 2569168 234206 infeasible   70        49.00000   46.00000  6.12%  13.1 1595s
 2571372 234860   47.00000   74   37   49.00000   46.00000  6.12%  13.1 1603s
 2582971 234395   48.00000   76   16   49.00000   46.00000  6.12%  13.1 1608s
 2585919 235442   47.00000   64   46   49.00000   46.00000  6.12%  13.1 1617s
 2604990 236428   46.00000   74   32   49.00000   46.00000  6.12%  13.1 1628s
 2623493 236165 infeasible   77        49.00000   46.00000  6.12%  13.0 1630s
 2626688 236295   48.00000   72   44   49.00000   46.00000  6.12%  13.1 1638s
 2634322 235784 infeasible   74        49.00000   46.00000  6.12%  13.1 1645s
 2639951 236987     cutoff   67        49.00000   46.00000  6.12%  13.1 1654s
 2657568 236767 infeasible   77        49.00000   46.00000  6.12%  13.0 1656s
 2658504 236351   47.00000   78   26   49.00000   46.00000  6.12%  13.0 1660s
 2661411 237429   46.00000   67   64   49.00000   46.00000  6.12%  13.1 1669s
 2679429 237188 infeasible   83        49.00000   46.00000  6.12%  13.0 1671s
 2683594 238127   47.00000   79   32   49.00000   46.00000  6.12%  13.1 1684s
 2701612 237930 infeasible   93        49.00000   46.00000  6.12%  13.0 1686s
 2702591 237727 infeasible   61        49.00000   46.00000  6.12%  13.0 1692s
 2708193 238875   46.00000   61   40   49.00000   46.00000  6.12%  13.0 1701s
 2726058 238081 infeasible   77        49.00000   46.00000  6.12%  13.0 1707s
 2729027 239033   46.00000   76   26   49.00000   46.00000  6.12%  13.0 1717s
 2748045 238362 infeasible   82        49.00000   46.00000  6.12%  13.0 1723s
 2750953 239036   46.00000   66   50   49.00000   46.00000  6.12%  13.0 1733s
 2769900 238061 infeasible   69        49.00000   46.00000  6.12%  13.0 1737s
 2773070 239228   46.00000   84   33   49.00000   46.00000  6.12%  13.0 1747s
 2792062 238349   47.00000   71   40   49.00000   46.00000  6.12%  13.0 1752s
 2795329 239200   46.00000   60   54   49.00000   46.00000  6.12%  13.0 1762s
 2813347 238912 infeasible   81        49.00000   46.00000  6.12%  13.0 1765s
 2817582 239504   47.00000   67   41   49.00000   46.00000  6.12%  13.0 1778s
 2835600 239301 infeasible   83        49.00000   46.00000  6.12%  13.0 1780s
 2839722 239914   46.00000   76   64   49.00000   46.00000  6.12%  13.0 1793s
 2857740 239610 infeasible   77        49.00000   46.00000  6.12%  13.0 1795s
 2861780 240042   47.00000   65   82   49.00000   46.00000  6.12%  13.0 1808s
 2879798 239799 infeasible   75        49.00000   46.00000  6.12%  13.0 1810s
 2884199 240328   46.00000   73   75   49.00000   46.00000  6.12%  13.0 1824s
 2902217 240041 infeasible   87        49.00000   46.00000  6.12%  13.0 1826s
 2903196 239706   46.00000   61   57   49.00000   46.00000  6.12%  13.0 1832s
 2912966 240420   46.00000   72   37   49.00000   46.00000  6.12%  13.0 1843s
 2927334 240216 infeasible   79        49.00000   46.00000  6.12%  13.0 1845s
 2931864 240485 infeasible   83        49.00000   46.00000  6.12%  13.0 1857s
 2949882 239991 infeasible   96        49.00000   46.00000  6.12%  13.0 1860s
 2954650 239899   46.00000   72   50   49.00000   46.00000  6.12%  13.0 1873s
 2972668 239509     cutoff   80        49.00000   46.00000  6.12%  13.0 1875s
 2977704 237877 infeasible   90        49.00000   46.00000  6.12%  13.0 1884s
 2982445 238618     cutoff   71        49.00000   46.00000  6.12%  13.0 1895s
 3001664 237533   48.00000   67   47   49.00000   46.00000  6.12%  13.0 1901s
 3005522 238231   46.00000   71   46   49.00000   46.00000  6.12%  13.0 1911s
 3024809 237078   47.00000   65   47   49.00000   46.00000  6.12%  13.0 1916s
 3028480 237960   46.00000   81   40   49.00000   46.00000  6.12%  13.0 1926s
 3047733 236942 infeasible   76        49.00000   46.00000  6.12%  13.0 1932s
 3051362 237563   46.00000   79   42   49.00000   46.00000  6.12%  13.0 1942s
 3069380 237294 infeasible   89        49.00000   46.00000  6.12%  13.0 1945s
 3070587 238176   46.00000   74   45   49.00000   46.00000  6.12%  13.0 1955s
 3091552 237197   46.00000   77   41   49.00000   46.00000  6.12%  12.9 1960s
 3097358 237488   47.00000   75   36   49.00000   46.00000  6.12%  13.0 1970s
 3108869 236444 infeasible   67        49.00000   46.00000  6.12%  12.9 1976s
 3112560 237607   46.00000   78   37   49.00000   46.00000  6.12%  13.0 1986s
 3131751 236628   46.00000   72   37   49.00000   46.00000  6.12%  12.9 1992s
 3135210 237757   46.00000   73   42   49.00000   46.00000  6.12%  13.0 2002s
 3154485 238363   46.00000   76   40   49.00000   46.00000  6.12%  12.9 2014s
 3172503 238140 infeasible   86        49.00000   46.00000  6.12%  12.9 2015s
 3176418 237126   48.00000   83   56   49.00000   46.00000  6.12%  12.9 2020s
 3177431 237597   46.00000   63   71   49.00000   46.00000  6.12%  12.9 2026s
 3187756 236566   46.00000   81   18   49.00000   46.00000  6.12%  12.9 2032s
 3191244 237613   46.00000   75   34   49.00000   46.00000  6.12%  12.9 2042s
 3210431 236759   46.00000   78   31   49.00000   46.00000  6.12%  12.9 2051s
 3222116 236775   46.00000   81   42   49.00000   46.00000  6.12%  12.9 2061s
 3238251 235451 infeasible   77        49.00000   46.00000  6.12%  12.9 2067s
 3241818 236092   46.00000   67   62   49.00000   46.00000  6.12%  12.9 2077s
 3259836 235707   46.00000   75   50   49.00000   46.00000  6.12%  12.9 2080s
 3264693 235163   46.00000   69   36   49.00000   46.00000  6.12%  12.9 2093s
 3282711 234586   46.00000   73   66   49.00000   46.00000  6.12%  12.9 2095s
 3287724 234235   46.00000   69   57   49.00000   46.00000  6.12%  12.9 2109s
 3305742 233705 infeasible   84        49.00000   46.00000  6.12%  12.9 2111s
 3307042 232689   46.00000   65   79   49.00000   46.00000  6.12%  12.9 2115s
 3310700 231953   46.00000   69   57   49.00000   46.00000  6.12%  12.9 2123s
 3324592 231294 infeasible   89        49.00000   46.00000  6.12%  12.9 2126s
 3328530 231212   46.00000   81   39   49.00000   46.00000  6.12%  12.9 2138s
 3345591 230843 infeasible   70        49.00000   46.00000  6.12%  12.9 2141s
 3346930 230016 infeasible   78        49.00000   46.00000  6.12%  12.9 2145s
 3350706 231105   46.00000   81   40   49.00000   46.00000  6.12%  12.9 2155s
 3370000 229774 infeasible   72        49.00000   46.00000  6.12%  12.9 2162s
 3373787 230838   46.00000   78   30   49.00000   46.00000  6.12%  12.9 2172s
 3392982 231713   46.00000   78   41   49.00000   46.00000  6.12%  12.9 2184s
 3411000 231519 infeasible   74        49.00000   46.00000  6.12%  12.9 2185s
 3415050 231305   46.00000   75   48   49.00000   46.00000  6.12%  12.9 2195s
 3426149 230434 infeasible   78        49.00000   46.00000  6.12%  12.9 2201s
 3430015 231432   46.00000   62   67   49.00000   46.00000  6.12%  12.9 2212s
 3449135 232816   47.00000   70   58   49.00000   46.00000  6.12%  12.9 2223s
 3467153 232614     cutoff   61        49.00000   46.00000  6.12%  12.9 2225s
 3470846 232693   46.00000   72   40   49.00000   46.00000  6.12%  12.9 2234s
 3480178 232386 infeasible   81        49.00000   46.00000  6.12%  12.9 2235s
 3481387 231684 infeasible   76        49.00000   46.00000  6.12%  12.9 2240s
 3485191 233416   46.00000   74   48   49.00000   46.00000  6.12%  12.9 2249s
 3503209 233134 infeasible   78        49.00000   46.00000  6.12%  12.9 2252s
 3504439 234288   46.00000   66   87   49.00000   46.00000  6.12%  12.9 2261s
 3524441 233604 infeasible   83        49.00000   46.00000  6.12%  12.9 2265s
 3526137 234155     cutoff   71        49.00000   46.00000  6.12%  12.9 2271s
 3535723 233457   48.00000   83   21   49.00000   46.00000  6.12%  12.9 2279s
 3542703 234595   46.00000   76   45   49.00000   46.00000  6.12%  12.9 2289s
 3560721 234295 infeasible  103        49.00000   46.00000  6.12%  12.9 2291s
 3561857 233239 infeasible   79        49.00000   46.00000  6.12%  12.9 2296s
 3566027 234335   47.00000   73   61   49.00000   46.00000  6.12%  12.9 2305s
 3585265 234943   46.00000   73   48   49.00000   46.00000  6.12%  12.9 2318s
 3604056 234396 infeasible   76        49.00000   46.00000  6.12%  12.8 2320s
 3607733 234130   47.00000   73   29   49.00000   46.00000  6.12%  12.9 2330s
 3619940 232936     cutoff   70        49.00000   46.00000  6.12%  12.8 2336s
 3623877 234287   46.00000   72   44   49.00000   46.00000  6.12%  12.9 2346s
 3643192 235046   46.00000   73   44   49.00000   46.00000  6.12%  12.8 2358s
 3661947 234358 infeasible   71        49.00000   46.00000  6.12%  12.8 2360s
 3665862 233792 infeasible   77        49.00000   46.00000  6.12%  12.8 2369s
 3674547 233595 infeasible   69        49.00000   46.00000  6.12%  12.8 2370s
 3676563 234061 infeasible   94        49.00000   46.00000  6.12%  12.8 2377s
 3686598 233629 infeasible   79        49.00000   46.00000  6.12%  12.8 2380s
 3692534 232643   46.00000   60   54   49.00000   46.00000  6.12%  12.9 2394s
 3710552 232396 infeasible   74        49.00000   46.00000  6.12%  12.8 2395s
 3713906 232602   46.00000   69   41   49.00000   46.00000  6.12%  12.8 2405s
 3726681 231905 infeasible   72        49.00000   46.00000  6.12%  12.8 2412s
 3730826 232879   46.00000   67   31   49.00000   46.00000  6.12%  12.9 2422s
 3750133 233799   46.00000   67   42   49.00000   46.00000  6.12%  12.8 2434s
 3768151 233641     cutoff   65        49.00000   46.00000  6.12%  12.8 2435s
 3771537 233767   46.00000   66   48   49.00000   46.00000  6.12%  12.8 2444s
 3779957 233485 infeasible   74        49.00000   46.00000  6.12%  12.8 2446s
 3781249 232972 infeasible   74        49.00000   46.00000  6.12%  12.8 2451s
 3785157 233958 infeasible   71        49.00000   46.00000  6.12%  12.8 2461s
 3804472 234718 infeasible   76        49.00000   46.00000  6.12%  12.8 2473s
 3822490 234597 infeasible   70        49.00000   46.00000  6.12%  12.8 2475s
 3825724 234899   46.00000   75   31   49.00000   46.00000  6.12%  12.8 2483s
 3834401 234609 infeasible   74        49.00000   46.00000  6.12%  12.8 2485s
 3835657 234012   46.00000   72   28   49.00000   46.00000  6.12%  12.8 2490s
 3839689 235208   48.00000   78   21   49.00000   46.00000  6.12%  12.8 2501s
 3859573 236064 infeasible   61        49.00000   46.00000  6.12%  12.8 2513s
 3877591 235815 infeasible   68        49.00000   46.00000  6.12%  12.8 2515s
 3881766 235366   46.00000   78   56   49.00000   46.00000  6.12%  12.8 2525s
 3892467 234362   47.00000   74   28   49.00000   46.00000  6.12%  12.8 2533s
 3899145 235311 infeasible   76        49.00000   46.00000  6.12%  12.8 2544s
 3917163 234940 infeasible   72        49.00000   46.00000  6.12%  12.8 2546s
 3918444 234297   47.00000   74   26   49.00000   46.00000  6.12%  12.8 2551s
 3922292 235364   46.00000   73   44   49.00000   46.00000  6.12%  12.8 2561s
 3941554 236085   46.00000   60   60   49.00000   46.00000  6.12%  12.8 2573s
 3959572 235928 infeasible   73        49.00000   46.00000  6.12%  12.8 2575s
 3963933 235572   47.00000   73   53   49.00000   46.00000  6.12%  12.8 2585s
 3975932 234639   46.00000   66   37   49.00000   46.00000  6.12%  12.8 2592s
 3979892 235586   46.00000   64   50   49.00000   46.00000  6.12%  12.8 2602s
 3997910 235338 infeasible   85        49.00000   46.00000  6.12%  12.8 2605s
 3999136 236607   46.00000   82   36   49.00000   46.00000  6.12%  12.8 2615s
 4020242 236080     cutoff   67        49.00000   46.00000  6.12%  12.8 2624s
 4026630 235891 infeasible   69        49.00000   46.00000  6.12%  12.8 2625s
 4027851 236459   46.00000   73   30   49.00000   46.00000  6.12%  12.8 2635s
 4047940 236047 infeasible   71        49.00000   46.00000  6.12%  12.8 2640s
 4049209 236703   47.00000   75   44   49.00000   46.00000  6.12%  12.8 2647s
 4061533 236523 infeasible   63        49.00000   46.00000  6.12%  12.8 2650s
 4066531 237343   47.00000   69   32   49.00000   46.00000  6.12%  12.8 2664s
 4084549 237113 infeasible   77        49.00000   46.00000  6.12%  12.8 2667s
 4085741 238051   46.00000   67   29   49.00000   46.00000  6.12%  12.8 2677s
 4105178 237515   47.00000   67   45   49.00000   46.00000  6.12%  12.8 2680s
 4106812 237984   46.00000   76   49   49.00000   46.00000  6.12%  12.8 2687s
 4116089 237236 infeasible   71        49.00000   46.00000  6.12%  12.8 2694s
 4120212 238426 infeasible   64        49.00000   46.00000  6.12%  12.8 2704s
 4138230 238912 infeasible   91        49.00000   46.00000  6.12%  12.8 2711s
 4150103 238379     cutoff   86        49.00000   46.00000  6.12%  12.8 2715s
 4158047 238608 infeasible   79        49.00000   46.00000  6.12%  12.8 2720s
 4159668 238990   46.00000   62   52   49.00000   46.00000  6.12%  12.8 2726s
 4168065 239924     cutoff   67        49.00000   46.00000  6.12%  12.8 2738s
 4186083 239790 infeasible   60        49.00000   46.00000  6.12%  12.8 2740s
 4190256 239889   46.00000   82   36   49.00000   46.00000  6.12%  12.8 2750s
 4200515 238377   47.00000   65   36   49.00000   46.00000  6.12%  12.8 2755s
 4204238 238957   46.00000   67   56   49.00000   46.00000  6.12%  12.8 2765s
 4223747 237239     cutoff   74        49.00000   46.00000  6.12%  12.8 2772s
 4227634 237653 infeasible   72        49.00000   46.00000  6.12%  12.8 2782s
 4245652 237204 infeasible   84        49.00000   46.00000  6.12%  12.8 2785s
 4247015 236256 infeasible   76        49.00000   46.00000  6.12%  12.8 2790s
 4250985 236802     cutoff   73        49.00000   46.00000  6.12%  12.8 2800s
 4270297 235207 infeasible   76        49.00000   46.00000  6.12%  12.8 2807s
 4274868 236197     cutoff   69        49.00000   46.00000  6.12%  12.8 2816s
 4294160 236948   46.00000   66   51   49.00000   46.00000  6.12%  12.8 2828s
 4312178 236642 infeasible   80        49.00000   46.00000  6.12%  12.8 2830s
 4316789 236135   46.00000   67   62   49.00000   46.00000  6.12%  12.8 2840s
 4328487 235047 infeasible   73        49.00000   46.00000  6.12%  12.8 2848s
 4332796 235957   46.00000   57   70   49.00000   46.00000  6.12%  12.8 2858s
 4350814 235633 infeasible   88        49.00000   46.00000  6.12%  12.8 2860s
 4352165 236627 infeasible   73        49.00000   46.00000  6.12%  12.8 2870s
 4373541 235701 infeasible   75        49.00000   46.00000  6.12%  12.8 2875s
 4374672 236055   46.00000   70   55   49.00000   46.00000  6.12%  12.8 2881s
 4385777 235102   46.00000   69   43   49.00000   46.00000  6.12%  12.8 2888s
 4389527 236471   46.00000   64   43   49.00000   46.00000  6.12%  12.8 2898s
 4407545 236147   46.00000   71   32   49.00000   46.00000  6.12%  12.8 2900s
 4408827 237283   46.00000   67   38   49.00000   46.00000  6.12%  12.8 2910s
 4429221 236290 infeasible   72        49.00000   46.00000  6.12%  12.8 2915s
 4431317 236670   46.00000   70   43   49.00000   46.00000  6.12%  12.8 2922s
 4442333 235479   46.00000   70   34   49.00000   46.00000  6.12%  12.8 2928s
 4445874 236367   46.00000   67   52   49.00000   46.00000  6.12%  12.8 2937s
 4465007 235201     cutoff   73        49.00000   46.00000  6.12%  12.8 2942s
 4467215 236593   47.00000   76   40   49.00000   46.00000  6.12%  12.8 2950s
 4484568 237800   47.00000   72   39   49.00000   47.00000  4.08%  12.8 2959s
 4493783 237664 infeasible   77        49.00000   47.00000  4.08%  12.8 2961s
 4495064 237273   47.00000   74   48   49.00000   47.00000  4.08%  12.8 2965s
 4499316 240482   47.00000   70   26   49.00000   47.00000  4.08%  12.8 2974s
 4517334 240237 infeasible   74        49.00000   47.00000  4.08%  12.8 2977s
 4518689 243657   47.00000   59   46   49.00000   47.00000  4.08%  12.8 2984s
 4536707 243584   47.00000   79   40   49.00000   47.00000  4.08%  12.7 2986s
 4540041 244969   47.00000   72   50   49.00000   47.00000  4.08%  12.7 2993s
 4548653 244831 infeasible   76        49.00000   47.00000  4.08%  12.7 2995s
 4550011 245331   47.00000   78   54   49.00000   47.00000  4.08%  12.7 3001s
 4561837 244011   47.00000   71   18   49.00000   47.00000  4.08%  12.8 3015s
 4584815 239527   47.00000   69   28   49.00000   47.00000  4.08%  12.8 3021s
 4589792 236441 infeasible   82        49.00000   47.00000  4.08%  12.8 3026s
 4594973 234739 infeasible   79        49.00000   47.00000  4.08%  12.8 3032s
 4597602 234995   47.00000   72   24   49.00000   47.00000  4.08%  12.8 3042s
 4615620 234388 infeasible   80        49.00000   47.00000  4.08%  12.8 3045s
 4621157 233653   47.00000   82   34   49.00000   47.00000  4.08%  12.8 3059s
 4639175 233242 infeasible   84        49.00000   47.00000  4.08%  12.8 3061s
 4642767 232757   47.00000   67   35   49.00000   47.00000  4.08%  12.8 3071s
 4655538 231449 infeasible   73        49.00000   47.00000  4.08%  12.8 3079s
 4659646 232029   48.00000   71   56   49.00000   47.00000  4.08%  12.8 3089s
 4677664 231593 infeasible   83        49.00000   47.00000  4.08%  12.8 3091s
 4679058 232075   47.00000   80   48   49.00000   47.00000  4.08%  12.8 3102s
 4698630 231394   47.00000   68   31   49.00000   47.00000  4.08%  12.7 3105s
 4700657 231309   47.00000   74   61   49.00000   47.00000  4.08%  12.7 3113s
 4711787 230008 infeasible   75        49.00000   47.00000  4.08%  12.7 3119s
 4716111 230261   47.00000   70   42   49.00000   47.00000  4.08%  12.8 3130s
 4735210 230097   47.00000   66   48   49.00000   47.00000  4.08%  12.7 3137s
 4744589 229735 infeasible   68        49.00000   47.00000  4.08%  12.7 3140s
 4750042 229248 infeasible   86        49.00000   47.00000  4.08%  12.7 3155s
 4769475 229153   47.00000   80   52   49.00000   47.00000  4.08%  12.7 3168s
 4787493 228960 infeasible   73        49.00000   47.00000  4.08%  12.7 3170s
 4791093 228468   47.00000   81   46   49.00000   47.00000  4.08%  12.7 3179s
 4800809 228070 infeasible   91        49.00000   47.00000  4.08%  12.7 3181s
 4802200 227315   47.00000   70   43   49.00000   47.00000  4.08%  12.7 3188s
 4809746 227705 infeasible   78        49.00000   47.00000  4.08%  12.7 3198s
 4827764 227338 infeasible   84        49.00000   47.00000  4.08%  12.7 3201s
 4829153 226341 infeasible   75        49.00000   47.00000  4.08%  12.7 3206s
 4833552 226780   47.00000   77   36   49.00000   47.00000  4.08%  12.7 3216s
 4852959 225743   47.00000   75   38   49.00000   47.00000  4.08%  12.7 3227s
 4865415 225198 infeasible   80        49.00000   47.00000  4.08%  12.7 3230s
 4867324 225416   47.00000   74   28   49.00000   47.00000  4.08%  12.7 3239s
 4882428 225112     cutoff   86        49.00000   47.00000  4.08%  12.7 3240s
 4886032 224613 infeasible   87        49.00000   47.00000  4.08%  12.7 3251s
 4899408 223467 infeasible   68        49.00000   47.00000  4.08%  12.7 3258s
 4903571 223838   47.00000   72   62   49.00000   47.00000  4.08%  12.7 3268s
 4921589 223454 infeasible   97        49.00000   47.00000  4.08%  12.7 3271s
 4923028 223763   47.00000   69   45   49.00000   47.00000  4.08%  12.7 3281s
 4942588 222995   47.00000   79   30   49.00000   47.00000  4.08%  12.6 3285s
 4945741 222732   47.00000   79   57   49.00000   47.00000  4.08%  12.7 3294s
 4956056 222454 infeasible   87        49.00000   47.00000  4.08%  12.6 3295s
 4958081 222333 infeasible   78        49.00000   47.00000  4.08%  12.6 3302s
 4969473 221314 infeasible   71        49.00000   47.00000  4.08%  12.6 3306s
 4970684 221579 infeasible   73        49.00000   47.00000  4.08%  12.6 3312s
 4981823 220752   48.00000   76   41   49.00000   47.00000  4.08%  12.6 3321s
 4989083 221153   47.00000   78   23   49.00000   47.00000  4.08%  12.6 3331s
 5008182 220577 infeasible   75        49.00000   47.00000  4.08%  12.6 3335s
 5010658 220631   48.00000   79   44   49.00000   47.00000  4.08%  12.6 3344s
 5023329 220275 infeasible   87        49.00000   47.00000  4.08%  12.6 3346s
 5024689 219554 infeasible   86        49.00000   47.00000  4.08%  12.6 3351s
 5028832 219953   47.00000   74   49   49.00000   47.00000  4.08%  12.6 3361s
 5048221 220003   47.00000   77   46   49.00000   47.00000  4.08%  12.6 3373s
 5066239 219753 infeasible   79        49.00000   47.00000  4.08%  12.6 3375s
 5069742 218700   48.00000   73   45   49.00000   47.00000  4.08%  12.6 3380s
 5071423 218848   47.00000   82   45   49.00000   47.00000  4.08%  12.6 3386s
 5082739 217503 infeasible   71        49.00000   47.00000  4.08%  12.6 3393s
 5086803 217852   47.00000   73   52   49.00000   47.00000  4.08%  12.6 3403s
 5104821 217561 infeasible   77        49.00000   47.00000  4.08%  12.6 3405s
 5105852 217749     cutoff   76        49.00000   47.00000  4.08%  12.6 3411s
 5116393 216353 infeasible   83        49.00000   47.00000  4.08%  12.6 3416s
 5120444 216784   47.00000   86   35   49.00000   47.00000  4.08%  12.6 3426s
 5139975 216053   48.00000   85   27   49.00000   47.00000  4.08%  12.6 3439s
 5157324 215822 infeasible   79        49.00000   47.00000  4.08%  12.6 3441s
 5159691 215157 infeasible   80        49.00000   47.00000  4.08%  12.6 3445s
 5161146 215512   47.00000   73   33   49.00000   47.00000  4.08%  12.6 3452s
 5174282 215259 infeasible   83        49.00000   47.00000  4.08%  12.6 3455s
 5179774 215052   47.00000   67   65   49.00000   47.00000  4.08%  12.6 3470s
 5198863 214943   47.00000   83   33   49.00000   47.00000  4.08%  12.6 3476s
 5207497 214198   47.00000   76   32   49.00000   47.00000  4.08%  12.6 3486s
 5220298 213850   48.00000   73   47   49.00000   47.00000  4.08%  12.6 3498s
 5235833 213466 infeasible   81        49.00000   47.00000  4.08%  12.6 3500s
 5237120 212423 infeasible   74        49.00000   47.00000  4.08%  12.6 3505s
 5241487 212659   48.00000   72   61   49.00000   47.00000  4.08%  12.6 3516s
 5261040 211079     cutoff   80        49.00000   47.00000  4.08%  12.6 3522s
 5264805 211408   47.00000   70   33   49.00000   47.00000  4.08%  12.6 3533s
 5282823 210813 infeasible   77        49.00000   47.00000  4.08%  12.5 3535s
 5284396 209631 infeasible   63        49.00000   47.00000  4.08%  12.5 3540s
 5290795 209743 infeasible   78        49.00000   47.00000  4.08%  12.6 3550s
 5311560 208113   47.00000   83   23   49.00000   47.00000  4.08%  12.5 3556s
 5313115 208042   47.00000   72   33   49.00000   47.00000  4.08%  12.5 3562s
 5325182 205953   47.00000   68   38   49.00000   47.00000  4.08%  12.5 3569s
 5329808 205945 infeasible   74        49.00000   47.00000  4.08%  12.6 3580s
 5349606 203696 infeasible   77        49.00000   47.00000  4.08%  12.5 3588s
 5354934 203952   47.00000   76   10   49.00000   47.00000  4.08%  12.5 3598s
 5372952 203521 infeasible   79        49.00000   47.00000  4.08%  12.5 3600s
 5379170 202596   48.00000   65   46   49.00000   47.00000  4.08%  12.5 3613s
 5392411 201967 infeasible   81        49.00000   47.00000  4.08%  12.5 3615s
 5394163 200472 infeasible   73        49.00000   47.00000  4.08%  12.5 3620s
 5399028 200659   47.00000   66   37   49.00000   47.00000  4.08%  12.5 3631s
 5418763 198541 infeasible   76        49.00000   47.00000  4.08%  12.5 3639s
 5424429 198764   47.00000   67   24   49.00000   47.00000  4.08%  12.5 3650s
 5444161 196740 infeasible   81        49.00000   47.00000  4.08%  12.5 3656s
 5450316 197172   47.00000   65   52   49.00000   47.00000  4.08%  12.5 3667s
 5468334 196722 infeasible   80        49.00000   47.00000  4.08%  12.5 3670s
 5469974 195801 infeasible   67        49.00000   47.00000  4.08%  12.5 3675s
 5474748 196032   47.00000   68   34   49.00000   47.00000  4.08%  12.5 3685s
 5492766 195819     cutoff   59        49.00000   47.00000  4.08%  12.5 3690s
 5499471 195716 infeasible   66        49.00000   47.00000  4.08%  12.5 3701s
 5516527 194248 infeasible   68        49.00000   47.00000  4.08%  12.5 3709s
 5521135 194489   47.00000   72   53   49.00000   47.00000  4.08%  12.5 3719s
 5539153 194246   47.00000   70   63   49.00000   47.00000  4.08%  12.5 3721s
 5541746 194142   47.00000   66   40   49.00000   47.00000  4.08%  12.5 3730s
 5555215 193342   47.00000   59   55   49.00000   47.00000  4.08%  12.5 3738s
 5559861 193734   47.00000   72   26   49.00000   47.00000  4.08%  12.5 3748s
 5577879 194093   47.00000   78   28   49.00000   47.00000  4.08%  12.5 3757s
 5591881 193497   47.00000   68   39   49.00000   47.00000  4.08%  12.5 3760s
 5593733 193455   47.00000   59   77   49.00000   47.00000  4.08%  12.5 3767s
 5604646 192385 infeasible   75        49.00000   47.00000  4.08%  12.5 3775s
 5611031 192655   47.00000   66   46   49.00000   47.00000  4.08%  12.5 3786s
 5630502 191658   47.00000   74   49   49.00000   47.00000  4.08%  12.5 3796s
 5640691 191096 infeasible   75        49.00000   47.00000  4.08%  12.5 3801s
 5645474 191353   47.00000   73   54   49.00000   47.00000  4.08%  12.5 3812s
 5663492 191076 infeasible   86        49.00000   47.00000  4.08%  12.5 3815s
 5664975 190172 infeasible   80        49.00000   47.00000  4.08%  12.5 3820s
 5669635 190513   47.00000   66   63   49.00000   47.00000  4.08%  12.5 3830s
 5691264 189696     cutoff   70        49.00000   47.00000  4.08%  12.5 3837s
 5693910 190018     cutoff   79        49.00000   47.00000  4.08%  12.5 3845s
 5708622 188877   47.00000   64   40   49.00000   47.00000  4.08%  12.5 3852s
 5713312 189228   47.00000   61   56   49.00000   47.00000  4.08%  12.5 3863s
 5731330 188911 infeasible   69        49.00000   47.00000  4.08%  12.5 3865s
 5732862 189148   48.00000   82   25   49.00000   47.00000  4.08%  12.5 3876s
 5753522 188229 infeasible   72        49.00000   47.00000  4.08%  12.5 3881s
 5754697 188588   47.00000   62   61   49.00000   47.00000  4.08%  12.5 3888s
 5765443 188341 infeasible   78        49.00000   47.00000  4.08%  12.5 3890s
 5766852 187709   47.00000   59   54   49.00000   47.00000  4.08%  12.5 3896s
 5776892 188097   48.00000   69   63   49.00000   47.00000  4.08%  12.5 3907s
 5794910 187884 infeasible   76        49.00000   47.00000  4.08%  12.5 3910s
 5796377 187067 infeasible   74        49.00000   47.00000  4.08%  12.5 3915s
 5801022 187599   47.00000   80   33   49.00000   47.00000  4.08%  12.5 3925s
 5820414 187958   47.00000   73   41   49.00000   47.00000  4.08%  12.5 3938s
 5838432 187672 infeasible   80        49.00000   47.00000  4.08%  12.5 3940s
 5842398 187336 infeasible   76        49.00000   47.00000  4.08%  12.5 3950s
 5855289 186167 infeasible   76        49.00000   47.00000  4.08%  12.5 3956s
 5860102 186663   47.00000   72   66   49.00000   47.00000  4.08%  12.5 3967s
 5878120 186844 infeasible   82        49.00000   47.00000  4.08%  12.5 3975s
 5892697 186007   47.00000   74   35   49.00000   47.00000  4.08%  12.5 3980s
 5893725 186280   47.00000   61   76   49.00000   47.00000  4.08%  12.5 3986s
 5904309 185665   47.00000   69   54   49.00000   47.00000  4.08%  12.5 3998s
 5922230 185301 infeasible   74        49.00000   47.00000  4.08%  12.5 4000s
 5925309 185436   47.00000   62   43   49.00000   47.00000  4.08%  12.5 4012s
 5943624 184443 infeasible   68        49.00000   47.00000  4.08%  12.5 4019s
 5948417 184963 infeasible   82        49.00000   47.00000  4.08%  12.5 4029s
 5966435 184695 infeasible   93        49.00000   47.00000  4.08%  12.5 4032s
 5967797 185072   47.00000   77   36   49.00000   47.00000  4.08%  12.5 4042s
 5987418 184379 infeasible   77        49.00000   47.00000  4.08%  12.5 4046s
 5989552 184505   47.00000   74   45   49.00000   47.00000  4.08%  12.5 4054s
 6000160 184215 infeasible   89        49.00000   47.00000  4.08%  12.5 4056s
 6001640 183527 infeasible   59        49.00000   47.00000  4.08%  12.5 4060s
 6006196 183969   47.00000   65   44   49.00000   47.00000  4.08%  12.5 4071s
 6024214 184264   47.00000   77   40   49.00000   47.00000  4.08%  12.5 4077s
 6035354 183127 infeasible   81        49.00000   47.00000  4.08%  12.5 4084s
 6039607 183548   47.00000   76   41   49.00000   47.00000  4.08%  12.5 4095s
 6057625 183841 infeasible   72        49.00000   47.00000  4.08%  12.5 4103s
 6070408 183501 infeasible   75        49.00000   47.00000  4.08%  12.5 4105s
 6072872 183301   47.00000   64   44   49.00000   47.00000  4.08%  12.5 4112s
 6081431 183020 infeasible   77        49.00000   47.00000  4.08%  12.5 4115s
 6082890 182766   47.00000   66   78   49.00000   47.00000  4.08%  12.5 4124s
 6097969 182385 infeasible   57        49.00000   47.00000  4.08%  12.5 4126s
 6099745 182479   47.00000   62   58   49.00000   47.00000  4.08%  12.5 4135s
 6116333 181533 infeasible   71        49.00000   47.00000  4.08%  12.5 4140s
 6117834 181922   47.00000   78   29   49.00000   47.00000  4.08%  12.5 4149s
 6131732 181653 infeasible   79        49.00000   47.00000  4.08%  12.5 4151s
 6133173 180946   47.00000   74   39   49.00000   47.00000  4.08%  12.5 4156s
 6137616 181468   47.00000   73   39   49.00000   47.00000  4.08%  12.5 4166s
 6155634 181900   47.00000   76   47   49.00000   47.00000  4.08%  12.5 4174s
 6167712 181778 infeasible   84        49.00000   47.00000  4.08%  12.5 4175s
 6170754 181698   47.00000   67   48   49.00000   47.00000  4.08%  12.5 4183s
 6179120 181463 infeasible   77        49.00000   47.00000  4.08%  12.5 4185s
 6180543 182098   48.00000   65   42   49.00000   47.00000  4.08%  12.5 4195s
 6200970 181577   47.00000   75   47   49.00000   47.00000  4.08%  12.5 4200s
 6202012 181920 infeasible   67        49.00000   47.00000  4.08%  12.5 4206s
 6213413 181364   47.00000   80   24   49.00000   47.00000  4.08%  12.5 4213s
 6217980 182021   47.00000   74   34   49.00000   47.00000  4.08%  12.5 4223s
 6235998 182632 infeasible   76        49.00000   47.00000  4.08%  12.5 4231s
 6249950 182655   47.00000   72   52   49.00000   47.00000  4.08%  12.5 4239s
 6257696 182431 infeasible   78        49.00000   47.00000  4.08%  12.5 4241s
 6259120 182889   47.00000   73   47   49.00000   47.00000  4.08%  12.5 4250s
 6279654 183144   47.00000   79   24   49.00000   47.00000  4.08%  12.5 4263s
 6295121 182969 infeasible   76        49.00000   47.00000  4.08%  12.4 4266s
 6296455 182470 infeasible   73        49.00000   47.00000  4.08%  12.5 4271s
 6301266 182940   47.00000   65   52   49.00000   47.00000  4.08%  12.5 4281s
 6319284 183329 infeasible   90        49.00000   47.00000  4.08%  12.5 4289s
 6331107 183121 infeasible   75        49.00000   47.00000  4.08%  12.4 4290s
 6333258 183233   47.00000   69   38   49.00000   47.00000  4.08%  12.4 4297s
 6342540 183516 infeasible   71        49.00000   47.00000  4.08%  12.4 4304s
 6351026 183293 infeasible   68        49.00000   47.00000  4.08%  12.4 4306s
 6352319 184032     cutoff   70        49.00000   47.00000  4.08%  12.4 4316s
 6372839 183457   47.00000   69   50   49.00000   47.00000  4.08%  12.4 4321s
 6373854 183845   47.00000   68   57   49.00000   47.00000  4.08%  12.4 4327s
 6384529 183634 infeasible   84        49.00000   47.00000  4.08%  12.4 4330s
 6390382 183761   47.00000   76   37   49.00000   47.00000  4.08%  12.5 4344s
 6408400 184175 infeasible   68        49.00000   47.00000  4.08%  12.4 4352s
 6422174 184147   47.00000   86   35   49.00000   47.00000  4.08%  12.4 4359s
 6429743 183986 infeasible   77        49.00000   47.00000  4.08%  12.4 4360s
 6431396 184219   47.00000   72   27   49.00000   47.00000  4.08%  12.4 4367s
 6441137 183591 infeasible   65        49.00000   47.00000  4.08%  12.4 4375s
 6450012 184082   47.00000   74   39   49.00000   47.00000  4.08%  12.4 4386s
 6469148 183669 infeasible   65        49.00000   47.00000  4.08%  12.4 4390s
 6471923 184012   48.00000   85   30   49.00000   47.00000  4.08%  12.4 4400s
 6487574 183023   47.00000   64   41   49.00000   47.00000  4.08%  12.4 4407s
 6492192 183436   47.00000   71   56   49.00000   47.00000  4.08%  12.4 4418s
 6510210 183778   47.00000   80   33   49.00000   47.00000  4.08%  12.4 4426s
 6523958 183650   47.00000   80   28   49.00000   47.00000  4.08%  12.4 4433s
 6532151 183398 infeasible   66        49.00000   47.00000  4.08%  12.4 4435s
 6532947 183715   47.00000   76   44   49.00000   47.00000  4.08%  12.4 4440s
 6542531 183040     cutoff   73        49.00000   47.00000  4.08%  12.4 4449s
 6549664 184148   47.00000   81   40   49.00000   47.00000  4.08%  12.4 4459s
 6567682 183842 infeasible   76        49.00000   47.00000  4.08%  12.4 4461s
 6569026 183085 infeasible   71        49.00000   47.00000  4.08%  12.4 4466s
 6573926 183838   47.00000   81   40   49.00000   47.00000  4.08%  12.4 4476s
 6591944 184108 infeasible   89        49.00000   47.00000  4.08%  12.4 4485s
 6608011 183144 infeasible   75        49.00000   47.00000  4.08%  12.4 4491s
 6609802 183778 infeasible   71        49.00000   47.00000  4.08%  12.4 4496s
 6620532 181907 infeasible   77        49.00000   47.00000  4.08%  12.4 4503s
 6625263 182083 infeasible   66        49.00000   47.00000  4.08%  12.4 4513s
 6643281 181384 infeasible   76        49.00000   47.00000  4.08%  12.4 4516s
 6644936 181414   47.00000   71   39   49.00000   47.00000  4.08%  12.4 4526s
 6665117 179679 infeasible   76        49.00000   47.00000  4.08%  12.4 4530s
 6669340 178564   48.00000   72   46   49.00000   47.00000  4.08%  12.4 4541s
 6684698 177429 infeasible   74        49.00000   47.00000  4.08%  12.4 4546s
 6686171 177814   48.00000   77   31   49.00000   47.00000  4.08%  12.4 4553s
 6698818 177286 infeasible   84        49.00000   47.00000  4.08%  12.4 4555s
 6700463 176066   47.00000   65   43   49.00000   47.00000  4.08%  12.4 4560s
 6704926 176612   47.00000   83   35   49.00000   47.00000  4.08%  12.4 4570s
 6724412 176606   48.00000   72   50   49.00000   47.00000  4.08%  12.4 4583s
 6742430 176258 infeasible   77        49.00000   47.00000  4.08%  12.4 4585s
 6746417 175587   47.00000   69   59   49.00000   47.00000  4.08%  12.4 4594s
 6756792 175208 infeasible   73        49.00000   47.00000  4.08%  12.4 4597s
 6758297 173790   47.00000   78   57   49.00000   47.00000  4.08%  12.4 4602s
 6763025 174093   47.00000   80   29   49.00000   47.00000  4.08%  12.4 4612s
 6781043 173617 infeasible   83        49.00000   47.00000  4.08%  12.4 4616s
 6786919 173316   47.00000   75   59   49.00000   47.00000  4.08%  12.4 4628s
 6804937 172665 infeasible   86        49.00000   47.00000  4.08%  12.4 4631s
 6806532 171221   47.00000   70   28   49.00000   47.00000  4.08%  12.4 4635s
 6810986 171651   47.00000   69   43   49.00000   47.00000  4.08%  12.4 4645s
 6830557 169949   47.00000   69   73   49.00000   47.00000  4.08%  12.4 4656s
 6846096 169841   47.00000   66   34   49.00000   47.00000  4.08%  12.4 4669s
 6863118 169193 infeasible   88        49.00000   47.00000  4.08%  12.4 4671s
 6864661 166728   47.00000   76   33   49.00000   47.00000  4.08%  12.4 4675s
 6869899 166689 infeasible   72        49.00000   47.00000  4.08%  12.4 4685s
 6890892 164938   47.00000   80   32   49.00000   47.00000  4.08%  12.4 4690s
 6894398 164757   47.00000   68   68   49.00000   47.00000  4.08%  12.4 4702s
 6911305 164233 infeasible   88        49.00000   47.00000  4.08%  12.4 4705s
 6912945 162937 infeasible   64        49.00000   47.00000  4.08%  12.4 4710s
 6917833 163241   47.00000   80   30   49.00000   47.00000  4.08%  12.4 4720s
 6938705 162456   47.00000   64   60   49.00000   47.00000  4.08%  12.4 4732s
 6953864 161607 infeasible   66        49.00000   47.00000  4.08%  12.4 4735s
 6956553 161611   47.00000   63   30   49.00000   47.00000  4.08%  12.4 4744s
 6969199 161062 infeasible   81        49.00000   47.00000  4.08%  12.4 4746s
 6970834 159786 infeasible   68        49.00000   47.00000  4.08%  12.4 4751s
 6975648 160249   48.00000   65   66   49.00000   47.00000  4.08%  12.4 4761s
 6995271 160265 infeasible   70        49.00000   47.00000  4.08%  12.4 4774s
 7013289 159959 infeasible   82        49.00000   47.00000  4.08%  12.4 4776s
 7016251 158925   48.00000   67   42   49.00000   47.00000  4.08%  12.4 4780s
 7017558 158984   47.00000   62   36   49.00000   47.00000  4.08%  12.4 4787s
 7029638 158537 infeasible   77        49.00000   47.00000  4.08%  12.4 4790s
 7035881 157830 infeasible   72        49.00000   47.00000  4.08%  12.4 4804s
 7053899 157325 infeasible   85        49.00000   47.00000  4.08%  12.4 4807s
 7055478 157778   47.00000   69   43   49.00000   47.00000  4.08%  12.4 4817s
 7075258 157005   47.00000   67   55   49.00000   47.00000  4.08%  12.4 4820s
 7077522 157042   48.00000   76   50   49.00000   47.00000  4.08%  12.4 4828s
 7088929 156577 infeasible   77        49.00000   47.00000  4.08%  12.4 4831s
 7090496 155449 infeasible   69        49.00000   47.00000  4.08%  12.4 4836s
 7095397 155944 infeasible   79        49.00000   47.00000  4.08%  12.4 4846s
 7114970 156068   47.00000   70   30   49.00000   47.00000  4.08%  12.4 4859s
 7132988 155846 infeasible   72        49.00000   47.00000  4.08%  12.4 4860s
 7135725 155131   47.00000   67   51   49.00000   47.00000  4.08%  12.4 4866s
 7141213 155025   47.00000   65   54   49.00000   47.00000  4.08%  12.4 4875s
 7155070 153436 infeasible   76        49.00000   47.00000  4.08%  12.4 4883s
 7159928 153863   47.00000   79   28   49.00000   47.00000  4.08%  12.4 4893s
 7177946 153470 infeasible   90        49.00000   47.00000  4.08%  12.4 4896s
 7179478 154006 infeasible   75        49.00000   47.00000  4.08%  12.4 4906s
 7200278 152917   47.00000   62   52   49.00000   47.00000  4.08%  12.4 4911s
 7201494 153197   47.00000   79   32   49.00000   47.00000  4.08%  12.4 4917s
 7212806 152767 infeasible   84        49.00000   47.00000  4.08%  12.3 4920s
 7214331 151672 infeasible   69        49.00000   47.00000  4.08%  12.3 4926s
 7221675 152119   47.00000   66   58   49.00000   47.00000  4.08%  12.4 4936s
 7241234 150426   47.00000   63   43   49.00000   47.00000  4.08%  12.4 4944s
 7246129 150922   47.00000   69   40   49.00000   47.00000  4.08%  12.4 4954s
 7264147 150889   47.00000   73   44   49.00000   47.00000  4.08%  12.3 4960s
 7275217 150136   47.00000   73   41   49.00000   47.00000  4.08%  12.3 4967s
 7283839 149353   47.00000   81   44   49.00000   47.00000  4.08%  12.3 4970s
 7285213 149587   47.00000   70   24   49.00000   47.00000  4.08%  12.4 4977s
 7298120 148923   47.00000   68   40   49.00000   47.00000  4.08%  12.3 4980s
 7300825 148665   47.00000   70   45   49.00000   47.00000  4.08%  12.4 4990s
 7315772 146778 infeasible   74        49.00000   47.00000  4.08%  12.3 4998s
 7320437 147112   47.00000   66   42   49.00000   47.00000  4.08%  12.4 5008s
 7338455 146512 infeasible   77        49.00000   47.00000  4.08%  12.3 5011s
 7340054 146916 infeasible   70        49.00000   47.00000  4.08%  12.3 5021s
 7361095 145552   48.00000   81   22   49.00000   47.00000  4.08%  12.3 5026s
 7362393 145845 infeasible   65        49.00000   47.00000  4.08%  12.3 5033s
 7373565 145336 infeasible   68        49.00000   47.00000  4.08%  12.3 5035s
 7379844 144213   47.00000   68   27   49.00000   47.00000  4.08%  12.4 5050s
 7399072 144200 infeasible   82        49.00000   47.00000  4.08%  12.3 5058s
 7410431 143682 infeasible   81        49.00000   47.00000  4.08%  12.3 5061s
 7412019 142412 infeasible   71        49.00000   47.00000  4.08%  12.3 5065s
 7416578 142684   47.00000   81   49   49.00000   47.00000  4.08%  12.3 5076s
 7436266 142364   47.00000   73   26   49.00000   47.00000  4.08%  12.3 5089s
 7454284 141938 infeasible   83        49.00000   47.00000  4.08%  12.3 5091s
 7458902 140024 infeasible   62        49.00000   47.00000  4.08%  12.3 5096s
 7460476 140198   47.00000   65   62   49.00000   47.00000  4.08%  12.3 5105s
 7476788 138246 infeasible   79        49.00000   47.00000  4.08%  12.3 5113s
 7481731 138483   47.00000   75   52   49.00000   47.00000  4.08%  12.3 5123s
 7499749 137953 infeasible   80        49.00000   47.00000  4.08%  12.3 5126s
 7501435 138491   47.00000   73   58   49.00000   47.00000  4.08%  12.3 5136s
 7521404 137605   47.00000   65   29   49.00000   47.00000  4.08%  12.3 5140s
 7523833 137393   48.00000   66   54   49.00000   47.00000  4.08%  12.3 5149s
 7536450 137045 infeasible   80        49.00000   47.00000  4.08%  12.3 5151s
 7540763 136796 infeasible   75        49.00000   47.00000  4.08%  12.3 5162s
 7554985 134960 infeasible   76        49.00000   47.00000  4.08%  12.3 5170s
 7560153 135519   48.00000   78   51   49.00000   47.00000  4.08%  12.3 5180s
 7578171 135281 infeasible   74        49.00000   47.00000  4.08%  12.3 5185s
 7584861 135201   47.00000   72   38   49.00000   47.00000  4.08%  12.3 5194s
 7597410 134707 infeasible   80        49.00000   47.00000  4.08%  12.3 5196s
 7598974 133367   47.00000   57   40   49.00000   47.00000  4.08%  12.3 5201s
 7604114 133868   47.00000   67   48   49.00000   47.00000  4.08%  12.3 5212s
 7623753 133900   47.00000   68   40   49.00000   47.00000  4.08%  12.3 5224s
 7641771 133573 infeasible   77        49.00000   47.00000  4.08%  12.3 5226s
 7644839 132539   47.00000   78   29   49.00000   47.00000  4.08%  12.3 5230s
 7646109 132793     cutoff   64        49.00000   47.00000  4.08%  12.3 5237s
 7659625 131177   47.00000   70   40   49.00000   47.00000  4.08%  12.3 5245s
 7664705 131460 infeasible   77        49.00000   47.00000  4.08%  12.3 5255s
 7682723 131809   48.00000   83   48   49.00000   47.00000  4.08%  12.3 5264s
 7695836 131541 infeasible   64        49.00000   47.00000  4.08%  12.3 5265s
 7699490 131228   47.00000   72   52   49.00000   47.00000  4.08%  12.3 5274s
 7709753 130807 infeasible   84        49.00000   47.00000  4.08%  12.3 5276s
 7711263 129478   48.00000   73   52   49.00000   47.00000  4.08%  12.3 5281s
 7716854 130048 infeasible   70        49.00000   47.00000  4.08%  12.3 5291s
 7734872 129694 infeasible   90        49.00000   47.00000  4.08%  12.3 5295s
 7742672 128702     cutoff   69        49.00000   47.00000  4.08%  12.3 5301s
 7744382 129282   47.00000   66   48   49.00000   47.00000  4.08%  12.3 5309s
 7758218 128933 infeasible   73        49.00000   47.00000  4.08%  12.3 5311s
 7762371 128344     cutoff   65        49.00000   47.00000  4.08%  12.3 5324s
 7780389 128173 infeasible   87        49.00000   47.00000  4.08%  12.3 5325s
 7782397 128215   47.00000   80   32   49.00000   47.00000  4.08%  12.3 5330s
 7793892 125034 infeasible   67        49.00000   47.00000  4.08%  12.3 5337s
 7801798 124217 infeasible   69        49.00000   48.00000  2.04%  12.3 5341s
 7804351 126736   48.00000   75   41   49.00000   48.00000  2.04%  12.3 5349s
 7820205 126192 infeasible   82        49.00000   48.00000  2.04%  12.3 5352s
 7821865 124455   48.00000   69   46   49.00000   48.00000  2.04%  12.3 5356s
 7827670 123749   48.00000   75   30   49.00000   48.00000  2.04%  12.3 5367s
 7848064 121509     cutoff   72        49.00000   48.00000  2.04%  12.3 5371s
 7849758 121641   48.00000   72   20   49.00000   48.00000  2.04%  12.3 5380s
 7867241 119798 infeasible   76        49.00000   48.00000  2.04%  12.3 5388s
 7872435 119960   48.00000   65   51   49.00000   48.00000  2.04%  12.3 5398s
 7890453 119466 infeasible   84        49.00000   48.00000  2.04%  12.3 5400s
 7892117 119624   48.00000   84   42   49.00000   48.00000  2.04%  12.3 5410s
 7913368 117932   48.00000   80   32   49.00000   48.00000  2.04%  12.3 5416s
 7914847 117375   48.00000   66   46   49.00000   48.00000  2.04%  12.3 5420s
 7921778 116960   48.00000   82   34   49.00000   48.00000  2.04%  12.3 5431s
 7940085 115602   48.00000   62   41   49.00000   48.00000  2.04%  12.3 5436s
 7941701 115631     cutoff   70        49.00000   48.00000  2.04%  12.3 5445s
 7959218 114283 infeasible   67        49.00000   48.00000  2.04%  12.3 5450s
 7960682 114319   48.00000   66   39   49.00000   48.00000  2.04%  12.3 5457s
 7974716 113573 infeasible   79        49.00000   48.00000  2.04%  12.3 5460s
 7977708 113098   48.00000   68   45   49.00000   48.00000  2.04%  12.3 5471s
 7994881 111568 infeasible   62        49.00000   48.00000  2.04%  12.3 5479s
 8000482 112124   48.00000   71   34   49.00000   48.00000  2.04%  12.3 5489s
 8018500 112551 infeasible   77        49.00000   48.00000  2.04%  12.3 5498s
 8033408 112228 infeasible   90        49.00000   48.00000  2.04%  12.3 5500s
 8037459 111594   48.00000   80   22   49.00000   48.00000  2.04%  12.3 5510s
 8050607 109713   48.00000   76   46   49.00000   48.00000  2.04%  12.3 5516s
 8056000 110655   48.00000   66   28   49.00000   48.00000  2.04%  12.3 5526s
 8074018 110920 infeasible   85        49.00000   48.00000  2.04%  12.3 5536s
 8093418 107207   48.00000   72   39   49.00000   48.00000  2.04%  12.3 5540s
 8100941 104311   48.00000   76   28   49.00000   48.00000  2.04%  12.3 5555s
 8120848 99785   48.00000   78   34   49.00000   48.00000  2.04%  12.3 5562s
 8127528 99569   48.00000   70   39   49.00000   48.00000  2.04%  12.3 5573s
 8145546 98683 infeasible   77        49.00000   48.00000  2.04%  12.3 5575s
 8149767 96167 infeasible   70        49.00000   48.00000  2.04%  12.3 5580s
 8152779 95459 infeasible   73        49.00000   48.00000  2.04%  12.3 5589s
 8169466 94425 infeasible   84        49.00000   48.00000  2.04%  12.3 5591s
 8174086 91653     cutoff   73        49.00000   48.00000  2.04%  12.3 5596s
 8177069 91629 infeasible   87        49.00000   48.00000  2.04%  12.3 5607s
 8195087 90609 infeasible   75        49.00000   48.00000  2.04%  12.3 5610s
 8203959 87318   48.00000   74   43   49.00000   48.00000  2.04%  12.3 5625s
 8224087 84996     cutoff   83        49.00000   48.00000  2.04%  12.3 5631s
 8226744 84920   48.00000   74   26   49.00000   48.00000  2.04%  12.3 5641s
 8247228 80486 infeasible   77        49.00000   48.00000  2.04%  12.3 5649s
 8253953 80193 infeasible   68        49.00000   48.00000  2.04%  12.3 5660s
 8274324 77577   48.00000   68   51   49.00000   48.00000  2.04%  12.3 5666s
 8277285 77414   48.00000   76   40   49.00000   48.00000  2.04%  12.3 5676s
 8297153 75254 infeasible   63        49.00000   48.00000  2.04%  12.3 5681s
 8302318 72632   48.00000   84   26   49.00000   48.00000  2.04%  12.3 5690s
 8315480 71025 infeasible   73        49.00000   48.00000  2.04%  12.3 5704s
 8333498 70050 infeasible   83        49.00000   48.00000  2.04%  12.3 5706s
 8337819 67089 infeasible   71        49.00000   48.00000  2.04%  12.3 5711s
 8340766 65622   48.00000   84   36   49.00000   48.00000  2.04%  12.3 5718s
 8352223 64022 infeasible   69        49.00000   48.00000  2.04%  12.3 5721s
 8358954 61935   48.00000   75   31   49.00000   48.00000  2.04%  12.3 5735s
 8379056 59898 infeasible   75        49.00000   48.00000  2.04%  12.3 5740s
 8385280 57341   48.00000   79   54   49.00000   48.00000  2.04%  12.3 5753s
 8403298 55459   48.00000   75   35   49.00000   48.00000  2.04%  12.3 5755s
 8412056 48062 infeasible   74        49.00000   48.00000  2.04%  12.3 5762s
 8416981 43553 infeasible   80        49.00000   48.00000  2.04%  12.3 5765s
 8423176 43331   48.00000   65   40   49.00000   48.00000  2.04%  12.4 5775s
 8443591 39994 infeasible   79        49.00000   48.00000  2.04%  12.3 5780s
 8450775 33761   48.00000   71   45   49.00000   48.00000  2.04%  12.4 5786s
 8455843 33442   48.00000   72   45   49.00000   48.00000  2.04%  12.4 5797s
 8473861 31493 infeasible   80        49.00000   48.00000  2.04%  12.4 5801s
 8477057 26662 infeasible   75        49.00000   48.00000  2.04%  12.4 5806s
 8485238 26628   48.00000   73   38   49.00000   48.00000  2.04%  12.4 5816s
 8506370 22306 infeasible   84        49.00000   48.00000  2.04%  12.4 5822s
 8510152 17828 infeasible   78        49.00000   48.00000  2.04%  12.4 5825s
 8516324 17458   48.00000   77   32   49.00000   48.00000  2.04%  12.4 5836s
 8536705 15088   48.00000   74   33   49.00000   48.00000  2.04%  12.4 5842s
 8539473 13147 infeasible   79        49.00000   48.00000  2.04%  12.4 5845s
 8543336 13162   48.00000   71   30   49.00000   48.00000  2.04%  12.4 5856s
 8564395  8655 infeasible   76        49.00000   48.00000  2.04%  12.4 5865s
 8573278  8659 infeasible   84        49.00000   48.00000  2.04%  12.4 5875s
 8591296  8590 infeasible   86        49.00000   48.00000  2.04%  12.4 5886s
 8611257  6299 infeasible   80        49.00000   48.00000  2.04%  12.4 5891s
 8616028  5675   48.00000   63   52   49.00000   48.00000  2.04%  12.4 5903s
 8634046  5014 infeasible   74        49.00000   48.00000  2.04%  12.4 5905s
 8637342  4240   48.00000   71   79   49.00000   48.00000  2.04%  12.4 5914s
 8647995  3917   48.00000   63   86   49.00000   48.00000  2.04%  12.4 5915s
 8650950  3599   48.00000   68   61   49.00000   48.00000  2.04%  12.4 5925s
 8666639  2519   48.00000   77   32   49.00000   48.00000  2.04%  12.4 5933s
 8671072  3041     cutoff   69        49.00000   48.00000  2.04%  12.4 5943s
 8689090  3290 infeasible   82        49.00000   48.00000  2.04%  12.4 5949s
 8698396  3000 infeasible   89        49.00000   48.00000  2.04%  12.4 5951s
 8699816  3649   48.00000   72   51   49.00000   48.00000  2.04%  12.4 5961s
 8720493  2640 infeasible   80        49.00000   48.00000  2.04%  12.3 5965s
 8721537  3074   48.00000   69   39   49.00000   48.00000  2.04%  12.3 5971s
 8731943  3026   48.00000   70   53   49.00000   48.00000  2.04%  12.3 5983s
 8750750  2423 infeasible   69        49.00000   48.00000  2.04%  12.3 5985s
 8754027  1983   48.00000   69   59   49.00000   48.00000  2.04%  12.3 5993s
 8761639  1516 infeasible   78        49.00000   48.00000  2.04%  12.3 5995s
 8762828  1124   48.00000   64   30   49.00000   48.00000  2.04%  12.3 6005s
 8783536   289   48.00000   62   46   49.00000   48.00000  2.04%  12.3 6010s

Explored 8789905 nodes (108498522 simplex iterations) in 6014.87 seconds (293.23 work units)
Thread count was 18 (of 36 available processors)

Solution count 10: 49 49 50 ... 55

Optimal solution found (tolerance 1.00e-04)
Best objective 4.900000000000e+01, best bound 4.900000000000e+01, gap 0.0000%
