
Gurobi 11.0.0 (win64) logging started Fri May 10 12:59:53 2024

Set parameter LogFile to value "./Results/StripPacking-StaticBoundRuns/Logs/RUu-010-StripPacking-25.log"
Set parameter TimeLimit to value 10800
Set parameter Cuts to value 0
Set parameter Presolve to value 1
Set parameter Heuristics to value 0
Set parameter LPWarmStart to value 2
Gurobi Optimizer version 11.0.0 build v11.0.0rc2 (win64 - Windows 10.0 (19045.2))

CPU model: Intel(R) Core(TM) i9-10980XE CPU @ 3.00GHz, instruction set [SSE2|AVX|AVX2|AVX512]
Thread count: 18 physical cores, 36 logical processors, using up to 18 threads

Optimize a model with 1525 rows, 1251 columns and 6050 nonzeros
Model fingerprint: 0x52ff04fb
Variable types: 51 continuous, 1200 integer (1200 binary)
Coefficient statistics:
  Matrix range     [1e+00, 1e+04]
  Objective range  [1e+00, 1e+00]
  Bounds range     [1e+00, 1e+04]
  RHS range        [1e+00, 4e+01]

Warning: Completing partial solution with 1200 unfixed non-continuous variables out of 1200
User MIP start produced solution with objective 102.2 (0.00s)
Loaded user MIP start with objective 102.2

Presolve removed 925 rows and 629 columns
Presolve time: 0.02s
Presolved: 600 rows, 622 columns, 2394 nonzeros
Found heuristic solution: objective 35.0000000
Variable types: 25 continuous, 597 integer (594 binary)

Explored 0 nodes (0 simplex iterations) in 0.02 seconds (0.01 work units)
Thread count was 18 (of 36 available processors)

Solution count 2: 35 102.2 

Optimal solution found (tolerance 1.00e-04)
Best objective 3.500000000000e+01, best bound 3.500000000000e+01, gap 0.0000%

Gurobi 11.0.0 (win64) logging started Mon May 13 13:56:10 2024

Set parameter LogFile to value "./Results/StripPacking-StaticBoundRuns/Logs/RUu-010-StripPacking-25.log"
Set parameter TimeLimit to value 10800
Set parameter Cuts to value 0
Set parameter Presolve to value 1
Set parameter Heuristics to value 0
Set parameter LPWarmStart to value 2
Gurobi Optimizer version 11.0.0 build v11.0.0rc2 (win64 - Windows 10.0 (19045.2))

CPU model: Intel(R) Core(TM) i9-10980XE CPU @ 3.00GHz, instruction set [SSE2|AVX|AVX2|AVX512]
Thread count: 18 physical cores, 36 logical processors, using up to 18 threads

Optimize a model with 2125 rows, 1251 columns and 7250 nonzeros
Model fingerprint: 0x08a5baed
Variable types: 51 continuous, 1200 integer (1200 binary)
Coefficient statistics:
  Matrix range     [1e+00, 1e+04]
  Objective range  [1e+00, 1e+00]
  Bounds range     [1e+00, 1e+04]
  RHS range        [1e+00, 4e+01]

Warning: Completing partial solution with 1200 unfixed non-continuous variables out of 1200
User MIP start produced solution with objective 102.2 (0.03s)
Loaded user MIP start with objective 102.2

Presolve time: 0.05s
Presolved: 2125 rows, 1251 columns, 7250 nonzeros
Variable types: 51 continuous, 1200 integer (1200 binary)

Root relaxation: objective 3.500000e+01, 639 iterations, 0.02 seconds (0.01 work units)

    Nodes    |    Current Node    |     Objective Bounds      |     Work
 Expl Unexpl |  Obj  Depth IntInf | Incumbent    BestBd   Gap | It/Node Time

     0     0   35.00000    0   98  102.20000   35.00000  65.8%     -    0s
     0     0   35.00000    0   98  102.20000   35.00000  65.8%     -    0s
     0     2   35.00000    0   77  102.20000   35.00000  65.8%     -    0s
  2263  2525   53.00000   87  140  102.20000   35.00000  65.8%  12.8    5s
  5234  4336   51.00000   64   98  102.20000   35.00000  65.8%  10.6   10s
  6627  5491   39.00000   55  170  102.20000   35.00000  65.8%  13.3   15s
  8747  6363   74.00000  108  163  102.20000   35.00000  65.8%  14.8   20s
 10598  7135 infeasible  148       102.20000   35.00000  65.8%  15.3   25s
 12609  8200   76.00000   85  144  102.20000   35.00000  65.8%  15.2   30s
 15085  9555   89.00000  104  108  102.20000   35.00000  65.8%  15.4   36s
 17076 10431   93.00000  107  143  102.20000   35.00000  65.8%  15.7   41s
 18380 11114   59.00000   70  101  102.20000   35.00000  65.8%  16.0   46s
 20842 12991   54.00000   68  174  102.20000   35.00000  65.8%  16.4   51s
 22311 16320   55.00000   70  149  102.20000   35.00000  65.8%  16.9   64s
 26564 16320   42.00000   76  145  102.20000   35.00000  65.8%  16.4   65s
 27773 18145   90.00000   89  107  102.20000   35.00000  65.8%  16.7   72s
 29615 18919   65.00000   67  123  102.20000   35.00000  65.8%  16.6   75s
 31194 20388   84.00000   73  122  102.20000   35.00000  65.8%  16.9   81s
 33109 20683   79.00000   94   96  102.20000   35.00000  65.8%  16.9   85s
 33508 22410   83.00000  101   96  102.20000   35.00000  65.8%  17.3   90s
 36316 24429   73.00000   72   96  102.20000   35.00000  65.8%  17.4   98s
 38888 24922   77.00000   66  112  102.20000   35.00000  65.8%  17.3  102s
 39479 26497  100.00000  104   22  102.20000   35.00000  65.8%  17.5  108s
 41791 28576   64.00000   48  184  102.20000   35.00000  65.8%  17.3  114s
 44673 29225 infeasible   91       102.20000   35.00000  65.8%  17.2  120s
*44919 27641             149     101.0000000   35.00000  65.3%  17.3  120s
 45500 34453     cutoff   96       101.00000   35.00000  65.3%  17.5  144s
*54089 33982             141     100.0000000   35.00000  65.0%  17.1  147s
 55666 34180   35.00000   45   88  100.00000   35.00000  65.0%  17.1  152s
 56328 34704   77.00000   90  113  100.00000   35.00000  65.0%  17.2  158s
*56680 33571             122      99.0000000   35.00000  64.6%  17.3  158s
*57089 32003             121      97.0000000   35.00000  63.9%  17.4  158s
 57130 33721   88.00000  106   51   97.00000   35.00000  63.9%  17.4  165s
 59711 34274 infeasible   73        97.00000   35.00000  63.9%  17.3  170s
 60504 37100   66.00000  103  172   97.00000   35.00000  63.9%  17.6  179s
 64469 39651   76.00000  117  107   97.00000   35.00000  63.9%  17.6  188s
 68042 40224   71.00000   50  142   97.00000   35.00000  63.9%  17.6  195s
*68582 39386             120      96.0000000   35.00000  63.5%  17.8  195s
 68837 48678   93.00000   86   51   96.00000   35.00000  63.5%  17.9  233s
 82785 49105 infeasible   92        96.00000   35.00000  63.5%  17.8  242s
 83305 49656   92.00000   90   66   96.00000   35.00000  63.5%  18.0  248s
*83624 48042             115      94.0000000   35.00000  62.8%  18.0  248s
 84020 48525   93.00000   81   92   94.00000   35.00000  62.8%  18.1  254s
*84056 47419             107      93.0000000   35.00000  62.4%  18.1  254s
*84627 46433             123      92.0000000   35.00000  62.0%  18.2  254s
 84796 48792   91.00000   70  100   92.00000   35.00000  62.0%  18.2  262s
 88809 49408   84.00000   60  177   92.00000   35.00000  62.0%  18.2  268s
 89530 52040   87.00000  103   67   92.00000   35.00000  62.0%  18.3  279s
 93116 52040   89.00000   94   98   92.00000   35.00000  62.0%  18.3  280s
 93302 52918   48.00000   66  121   92.00000   35.00000  62.0%  18.3  286s
 94391 59713   70.00000   83  129   92.00000   35.00000  62.0%  18.5  312s
 104760 60164 infeasible  121        92.00000   35.00000  62.0%  18.4  320s
 105370 60715   86.00000   90  121   92.00000   35.00000  62.0%  18.5  325s
 106125 63156   54.00000   65  118   92.00000   35.00000  62.0%  18.6  333s
 109789 64534   75.00000   92  121   92.00000   35.00000  62.0%  18.6  341s
 111681 65166 infeasible   89        92.00000   35.00000  62.0%  18.7  347s
*111820 63249             150      91.0000000   35.00000  61.5%  18.7  347s
 112525 65673   81.00000  124   42   91.00000   35.00000  61.5%  18.8  355s
 116529 66972   89.00000  107  119   91.00000   35.00000  61.5%  18.8  363s
 118559 67885   62.00000   86  107   91.00000   35.00000  61.5%  18.9  371s
*119401 66136             112      90.0000000   35.00000  61.1%  19.0  371s
 119749 70370   68.00000  112   99   90.00000   35.00000  61.1%  19.0  393s
 126495 71009   84.00000   79  123   90.00000   35.00000  61.1%  19.0  402s
 127432 74025   84.00000   62  100   90.00000   35.00000  61.1%  19.2  413s
 132080 75766   35.00000   55   83   90.00000   35.00000  61.1%  19.1  421s
 134844 76375   76.00000   59   78   90.00000   35.00000  61.1%  19.2  428s
*135240 73447              99      89.0000000   35.00000  60.7%  19.2  428s
 135701 76195     cutoff   76        89.00000   35.00000  60.7%  19.3  438s
 140052 76712 infeasible   98        89.00000   35.00000  60.7%  19.2  445s
 140809 86753   86.00000  103   59   89.00000   35.00000  60.7%  19.3  484s
 156284 87250   39.00000   64  113   89.00000   35.00000  60.7%  19.2  495s
 156887 87703   48.00000   79  162   89.00000   35.00000  60.7%  19.3  501s
 157516 88154 infeasible   91        89.00000   35.00000  60.7%  19.3  505s
 158127 90557   82.00000  107   99   89.00000   35.00000  60.7%  19.4  517s
 162245 91117   64.00000   85  190   89.00000   35.00000  60.7%  19.3  524s
 163053 100650   76.00000   74  103   89.00000   35.00000  60.7%  19.4  561s
 177893 101132   45.00000   85   87   89.00000   35.00000  60.7%  19.2  572s
 178549 101638   83.00000  114   79   89.00000   35.00000  60.7%  19.3  577s
 179259 102146   53.00000   87   81   89.00000   35.00000  60.7%  19.3  582s
*179767 97822             110      88.0000000   35.00000  60.2%  19.4  582s
 179941 100179   57.00000   99  121   88.00000   35.00000  60.2%  19.4  593s
 183760 100673 infeasible  121        88.00000   35.00000  60.2%  19.4  599s
 184450 103347   87.00000   82   60   88.00000   35.00000  60.2%  19.4  609s
 188664 103902   87.00000   88   65   88.00000   35.00000  60.2%  19.4  614s
 189604 106370   87.00000   93   93   88.00000   35.00000  60.2%  19.5  623s
 193407 106793   64.00000   77  121   88.00000   35.00000  60.2%  19.4  628s
 194010 109067   82.00000   57   89   88.00000   35.00000  60.2%  19.5  635s
 197675 109453 infeasible   93        88.00000   35.00000  60.2%  19.4  640s
 198311 111841   65.00000   71  156   88.00000   35.00000  60.2%  19.5  648s
 202016 112400   35.00000   41  230   88.00000   35.00000  60.2%  19.4  654s
 202817 114735   59.00000   63  167   88.00000   35.00000  60.2%  19.5  662s
 206354 115369   53.00000   66  230   88.00000   35.00000  60.2%  19.5  670s
 207196 124393   70.00000   89  153   88.00000   35.00000  60.2%  19.5  705s
*209850 117282             108      86.0000000   35.00000  59.3%  19.5  706s
 221731 116461     cutoff   56        86.00000   35.00000  59.3%  19.3  717s
 222376 116935   84.00000   85  104   86.00000   35.00000  59.3%  19.4  722s
 223038 117400   82.00000   73  113   86.00000   35.00000  59.3%  19.4  727s
*223180 113328             127      85.0000000   35.00000  58.8%  19.4  728s
 223755 115392     cutoff   78        85.00000   35.00000  58.8%  19.5  738s
 227321 116077 infeasible   69        85.00000   35.00000  58.8%  19.4  744s
 228290 118938   83.00000   73   65   85.00000   35.00000  58.8%  19.5  754s
 229024 118938   69.00000   81  177   85.00000   35.00000  58.8%  19.5  755s
 233319 121441   83.00000   92   73   85.00000   35.00000  58.8%  19.5  766s
 236722 121820   80.00000   86   93   85.00000   35.00000  58.8%  19.5  771s
 237257 123892   62.00000   68  137   85.00000   35.00000  58.8%  19.5  777s
 240634 124329   78.00000   53  173   85.00000   35.00000  58.8%  19.5  782s
 241215 126331   82.00000   64  100   85.00000   35.00000  58.8%  19.5  791s
 244382 128436   75.00000  110  156   85.00000   35.00000  58.8%  19.5  798s
 247727 128857 infeasible   81        85.00000   35.00000  58.8%  19.4  803s
 248334 131044   62.00000   94  151   85.00000   35.00000  58.8%  19.5  811s
 252026 131597 infeasible   82        85.00000   35.00000  58.8%  19.4  817s
 252861 140359   76.00000   76  145   85.00000   35.00000  58.8%  19.5  851s
 266772 140705   37.00000   49  207   85.00000   35.00000  58.8%  19.4  862s
 267290 141197   79.00000   66  178   85.00000   35.00000  58.8%  19.4  867s
 267964 141675   47.00000   48   91   85.00000   35.00000  58.8%  19.5  873s
 268632 144094   83.00000   60  124   85.00000   35.00000  58.8%  19.5  881s
 272458 144582   62.00000   57  162   85.00000   35.00000  58.8%  19.5  887s
 273140 146829   53.00000   62  145   85.00000   35.00000  58.8%  19.6  899s
 276796 147395 infeasible   79        85.00000   35.00000  58.8%  19.6  906s
 277638 156009   82.00000   80  111   85.00000   35.00000  58.8%  19.6  941s
 291512 156394   53.00000   63  114   85.00000   35.00000  58.8%  19.5  951s
 292087 156838   72.00000   81  108   85.00000   35.00000  58.8%  19.6  955s
 292734 157289   78.00000   98   90   85.00000   35.00000  58.8%  19.6  960s
 293477 159683   80.00000   94   65   85.00000   35.00000  58.8%  19.7  972s
 297525 160125 infeasible   89        85.00000   35.00000  58.8%  19.6  979s
 298187 162838   84.00000  102   76   85.00000   35.00000  58.8%  19.7  988s
 302460 163371   82.00000   74  136   85.00000   35.00000  58.8%  19.6  995s
 303303 172229   74.00000   81  148   85.00000   35.00000  58.8%  19.7 1029s
 317581 172588 infeasible  140        85.00000   35.00000  58.8%  19.5 1040s
 318698 173405   55.00000   67  141   85.00000   35.00000  58.8%  19.6 1048s
 319303 175678   56.00000   83  150   85.00000   35.00000  58.8%  19.6 1058s
 322987 176543 infeasible   58        85.00000   35.00000  58.8%  19.6 1065s
 324302 179300   83.00000   68  159   85.00000   35.00000  58.8%  19.7 1075s
 328639 179716     cutoff   68        85.00000   35.00000  58.8%  19.6 1080s
 329189 181859   74.00000   94  136   85.00000   35.00000  58.8%  19.7 1087s
 332720 182272   51.00000   50  189   85.00000   35.00000  58.8%  19.6 1093s
 333311 184551   83.00000   93   96   85.00000   35.00000  58.8%  19.7 1101s
 336904 185015 infeasible   57        85.00000   35.00000  58.8%  19.7 1107s
 337539 187307   56.00000   77  137   85.00000   35.00000  58.8%  19.7 1116s
 341068 187828   39.00000   50  112   85.00000   35.00000  58.8%  19.7 1122s
 341781 190418   82.00000   99   89   85.00000   35.00000  58.8%  19.7 1130s
 345820 190840   53.00000   65   87   85.00000   35.00000  58.8%  19.6 1135s
 346422 193623   84.00000   75  124   85.00000   35.00000  58.8%  19.7 1145s
 350916 194074   35.00000   36  166   85.00000   35.00000  58.8%  19.6 1150s
 351482 195945   77.00000   64  144   85.00000   35.00000  58.8%  19.6 1159s
 354511 198038   83.00000   87  116   85.00000   35.00000  58.8%  19.6 1167s
 357938 198479   58.00000   84  220   85.00000   35.00000  58.8%  19.6 1172s
 358579 200390   61.00000   76   86   85.00000   35.00000  58.8%  19.6 1179s
 361929 200816   78.00000   61  146   85.00000   35.00000  58.8%  19.6 1184s
 362525 203147   78.00000   73  137   85.00000   35.00000  58.8%  19.6 1191s
 366205 203535 infeasible  151        85.00000   35.00000  58.8%  19.6 1197s
 366817 205570   36.00000   55   80   85.00000   35.00000  58.8%  19.6 1204s
 370464 206098   49.00000   65  162   85.00000   35.00000  58.8%  19.6 1212s
 371287 214954   81.00000   82  134   85.00000   35.00000  58.8%  19.6 1247s
 385243 215320   55.00000   84  193   85.00000   35.00000  58.8%  19.5 1257s
 385805 215738   77.00000   95  115   85.00000   35.00000  58.8%  19.6 1263s
 386441 216217 infeasible  103        85.00000   35.00000  58.8%  19.6 1269s
 387204 218721   84.00000  119    8   85.00000   35.00000  58.8%  19.6 1282s
 391215 219216 infeasible   69        85.00000   35.00000  58.8%  19.6 1287s
 391880 221782   62.00000   80  151   85.00000   35.00000  58.8%  19.6 1296s
 396042 222376   84.00000   92  116   85.00000   35.00000  58.8%  19.6 1304s
 396874 230767   64.00000   66  100   85.00000   35.00000  58.8%  19.7 1339s
 402475 230767   81.00000   96  102   85.00000   35.00000  58.8%  19.6 1341s
 410925 231186 infeasible   63        85.00000   35.00000  58.8%  19.6 1349s
 411551 231608   74.00000   66  171   85.00000   35.00000  58.8%  19.6 1354s
 412229 232102   84.00000   83   87   85.00000   35.00000  58.8%  19.6 1360s
 412989 232535 infeasible   56        85.00000   35.00000  58.8%  19.7 1366s
 413777 235263   40.00000   46  102   85.00000   35.00000  58.8%  19.7 1378s
 418251 235823   63.00000   58  195   85.00000   35.00000  58.8%  19.7 1385s
*419094 222069             112      84.0000000   35.00000  58.3%  19.7 1385s
 419101 230416   81.00000   92   61   84.00000   35.00000  58.3%  19.7 1418s
 432744 230785   79.00000  119  100   84.00000   35.00000  58.3%  19.6 1429s
 433293 231193   79.00000   89  126   84.00000   35.00000  58.3%  19.7 1435s
 433933 231628   47.00000   41  131   84.00000   35.00000  58.3%  19.7 1441s
 434697 233785   78.00000   85   83   84.00000   35.00000  58.3%  19.7 1451s
 438343 234317   52.00000   62  178   84.00000   35.00000  58.3%  19.7 1457s
 439125 236714   79.00000   85  105   84.00000   35.00000  58.3%  19.8 1466s
 443545 237285   74.00000   99   94   84.00000   35.00000  58.3%  19.7 1474s
 444411 245369   78.00000   71  120   84.00000   35.00000  58.3%  19.8 1507s
 453319 245369   75.00000   67  176   84.00000   35.00000  58.3%  19.7 1510s
 457873 245738 infeasible   84        84.00000   35.00000  58.3%  19.7 1517s
 458479 246139   82.00000   64   90   84.00000   35.00000  58.3%  19.7 1523s
 459172 246621   57.00000   70  136   84.00000   35.00000  58.3%  19.8 1529s
 459896 247130 infeasible  116        84.00000   35.00000  58.3%  19.8 1536s
 460700 249631   83.00000   96  114   84.00000   35.00000  58.3%  19.8 1549s
 464953 250118 infeasible  105        84.00000   35.00000  58.3%  19.8 1556s
 465690 252776   59.00000   71  157   84.00000   35.00000  58.3%  19.8 1565s
 470193 253130 infeasible   68        84.00000   35.00000  58.3%  19.8 1570s
 470736 254965   83.00000   76  101   84.00000   35.00000  58.3%  19.8 1577s
 473867 255459   79.00000   76   98   84.00000   35.00000  58.3%  19.8 1582s
 474590 257537   79.00000  102   91   84.00000   35.00000  58.3%  19.9 1590s
 478181 258011   48.00000   54  215   84.00000   35.00000  58.3%  19.8 1595s
 478843 260433   80.00000   72  175   84.00000   35.00000  58.3%  19.9 1602s
 482594 261661   65.00000   81  159   84.00000   35.00000  58.3%  19.8 1609s
 484633 262102   79.00000   71  128   84.00000   35.00000  58.3%  19.9 1615s
 485274 264624   83.00000  100   36   84.00000   35.00000  58.3%  19.9 1624s
 488871 264624   81.00000   89   60   84.00000   35.00000  58.3%  19.8 1625s
 489591 265105 infeasible   64        84.00000   35.00000  58.3%  19.8 1632s
 490374 273915   61.00000   81  166   84.00000   35.00000  58.3%  19.9 1670s
 505709 274265   66.00000   74  131   84.00000   35.00000  58.3%  19.8 1681s
 506238 274596   82.00000   84  110   84.00000   35.00000  58.3%  19.8 1687s
 506865 275101 infeasible   96        84.00000   35.00000  58.3%  19.8 1693s
 507598 275734   59.00000   82  170   84.00000   35.00000  58.3%  19.9 1699s
 508470 278233 infeasible  105        84.00000   35.00000  58.3%  19.9 1712s
 512467 278835 infeasible   90        84.00000   35.00000  58.3%  19.9 1719s
 513365 286879   63.00000   63  172   84.00000   35.00000  58.3%  19.9 1752s
 527003 287308   79.00000   57  178   84.00000   35.00000  58.3%  19.8 1761s
 527630 287643   79.00000   52   96   84.00000   35.00000  58.3%  19.8 1766s
 528249 288123   48.00000   51  202   84.00000   35.00000  58.3%  19.8 1771s
 528987 290607   62.00000   51  267   84.00000   35.00000  58.3%  19.9 1779s
 532996 290933 infeasible   96        84.00000   35.00000  58.3%  19.8 1785s
 533614 292966   66.00000   61  157   84.00000   35.00000  58.3%  19.9 1796s
 537181 293536 infeasible   68        84.00000   35.00000  58.3%  19.9 1803s
 538015 302194   62.00000   62  138   84.00000   35.00000  58.3%  19.9 1839s
 552667 302558 infeasible   75        84.00000   35.00000  58.3%  19.8 1850s
 553776 303330   68.00000   66  162   84.00000   35.00000  58.3%  19.9 1859s
 554398 305440   81.00000   85  105   84.00000   35.00000  58.3%  19.9 1870s
 558030 305917   52.00000   74  143   84.00000   35.00000  58.3%  19.8 1875s
 558679 308345   70.00000   89  158   84.00000   35.00000  58.3%  19.9 1883s
 562554 308871   57.00000   50  126   84.00000   35.00000  58.3%  19.8 1891s
*563091 293113              96      83.0000000   35.00000  57.8%  19.9 1891s
 563452 301153 infeasible   68        83.00000   35.00000  57.8%  19.9 1924s
 577179 301505 infeasible   90        83.00000   35.00000  57.8%  19.8 1934s
 577677 301877 infeasible   73        83.00000   35.00000  57.8%  19.8 1939s
 578303 302302 infeasible   87        83.00000   35.00000  57.8%  19.8 1944s
 578948 304062   75.00000   90  123   83.00000   35.00000  57.8%  19.9 1954s
 581895 304549   65.00000   46  187   83.00000   35.00000  57.8%  19.9 1960s
 582582 306968   82.00000   87   97   83.00000   35.00000  57.8%  19.9 1969s
 586932 307423   78.00000   75  112   83.00000   35.00000  57.8%  19.9 1976s
 587711 316495   78.00000   66  127   83.00000   35.00000  57.8%  19.9 2015s
 603060 316872   43.00000   59  165   83.00000   35.00000  57.8%  19.8 2026s
 603572 317292   76.00000   82  113   83.00000   35.00000  57.8%  19.9 2031s
 604172 317691   64.00000   56  166   83.00000   35.00000  57.8%  19.9 2037s
 604811 318344   76.00000   92  160   83.00000   35.00000  57.8%  19.9 2044s
 605915 320759   74.00000   97  142   83.00000   35.00000  57.8%  19.9 2053s
 610306 321285   36.00000   65   82   83.00000   35.00000  57.8%  19.9 2061s
 611088 330081   81.00000   95   81   83.00000   35.00000  57.8%  19.9 2103s
 626476 330445 infeasible   87        83.00000   35.00000  57.8%  19.9 2113s
 627008 330821   81.00000  104  127   83.00000   35.00000  57.8%  19.9 2117s
 627620 331281 infeasible   84        83.00000   35.00000  57.8%  19.9 2122s
 628328 332265   76.00000   72  223   83.00000   35.00000  57.8%  19.9 2128s
 629762 334626   70.00000   90  182   83.00000   35.00000  57.8%  19.9 2137s
 633966 335073   62.00000   70  196   83.00000   35.00000  57.8%  19.9 2145s
 634689 341391   80.00000   92  100   83.00000   35.00000  57.8%  20.0 2180s
 645351 342021   62.00000   50  133   83.00000   35.00000  57.8%  20.0 2191s
 646207 342611 infeasible   65        83.00000   35.00000  57.8%  20.0 2197s
 647091 345641   55.00000   53  127   83.00000   35.00000  57.8%  20.1 2212s
 652077 346175   81.00000   93  110   83.00000   35.00000  57.8%  20.0 2220s
 652993 349213   76.00000   64  111   83.00000   35.00000  57.8%  20.1 2231s
 657882 349695 infeasible  137        83.00000   35.00000  57.8%  20.1 2239s
 658634 358749   59.00000   55  192   83.00000   35.00000  57.8%  20.1 2279s
 673937 359150 infeasible   55        83.00000   35.00000  57.8%  20.0 2289s
 674516 359508   51.00000   48  103   83.00000   35.00000  57.8%  20.1 2295s
 675120 359967   41.00000   42  212   83.00000   35.00000  57.8%  20.1 2300s
 675831 362268   51.00000   62  121   83.00000   35.00000  57.8%  20.1 2311s
 679415 362726   61.00000   56  186   83.00000   35.00000  57.8%  20.1 2316s
 680098 365218   82.00000   75  202   83.00000   35.00000  57.8%  20.1 2326s
 684327 365615   69.00000   80  163   83.00000   35.00000  57.8%  20.1 2331s
 684850 367781   50.00000   46  184   83.00000   35.00000  57.8%  20.1 2338s
 688462 368204 infeasible   80        83.00000   35.00000  57.8%  20.1 2343s
 689033 370519   80.00000   93   75   83.00000   35.00000  57.8%  20.1 2351s
 692666 370911 infeasible  108        83.00000   35.00000  57.8%  20.1 2356s
 693286 372998   40.00000   67  243   83.00000   35.00000  57.8%  20.1 2364s
 696716 373482 infeasible  124        83.00000   35.00000  57.8%  20.1 2370s
 697396 375819   81.00000   78   95   83.00000   35.00000  57.8%  20.1 2378s
 701339 376272 infeasible   73        83.00000   35.00000  57.8%  20.1 2384s
 702022 379143   69.00000   68  176   83.00000   35.00000  57.8%  20.1 2395s
 706717 379483 infeasible   96        83.00000   35.00000  57.8%  20.1 2400s
 707185 381176   79.00000   59  141   83.00000   35.00000  57.8%  20.1 2408s
 709967 381574 infeasible   60        83.00000   35.00000  57.8%  20.1 2413s
 710564 383505   80.00000   76   88   83.00000   35.00000  57.8%  20.1 2419s
 713874 383878 infeasible   89        83.00000   35.00000  57.8%  20.1 2424s
 714465 386175   48.00000   53  200   83.00000   35.00000  57.8%  20.1 2432s
 718238 386591 infeasible   94        83.00000   35.00000  57.8%  20.1 2438s
 718886 388789   77.00000   84  136   83.00000   35.00000  57.8%  20.1 2446s
 722728 389142   62.00000   48  189   83.00000   35.00000  57.8%  20.1 2452s
 723269 390917   61.00000   64  218   83.00000   35.00000  57.8%  20.1 2458s
 726359 391417     cutoff  107        83.00000   35.00000  57.8%  20.1 2465s
 727159 400281   55.00000   60  117   83.00000   35.00000  57.8%  20.2 2503s
 741962 400540 infeasible  108        83.00000   35.00000  57.8%  20.1 2514s
 742525 400894 infeasible   80        83.00000   35.00000  57.8%  20.1 2519s
 743117 401323   80.00000   89  109   83.00000   35.00000  57.8%  20.2 2525s
 743790 401797   75.00000   76  150   83.00000   35.00000  57.8%  20.2 2531s
 744560 404252   72.00000   73  171   83.00000   35.00000  57.8%  20.2 2544s
 748494 405235   77.00000  112  100   83.00000   35.00000  57.8%  20.2 2553s
 750109 409591   80.00000   73  112   83.00000   35.00000  57.8%  20.2 2571s
 757379 410006   79.00000   80  159   83.00000   35.00000  57.8%  20.2 2579s
 758008 410386   63.00000   61  135   83.00000   35.00000  57.8%  20.2 2584s
*758107 358856             121      81.0000000   35.00000  56.8%  20.2 2584s
 758758 361070     cutoff   76        81.00000   35.00000  56.8%  20.2 2594s
 762719 361485   49.00000   58  136   81.00000   35.00000  56.8%  20.2 2600s
 763375 364007   76.00000   69  191   81.00000   35.00000  56.8%  20.3 2609s
 766623 364007   78.00000   69  150   81.00000   35.00000  56.8%  20.2 2610s
 767507 364480 infeasible  148        81.00000   35.00000  56.8%  20.2 2615s
 768186 366805   75.00000   63  130   81.00000   35.00000  56.8%  20.3 2624s
 772034 367343   68.00000   95  147   81.00000   35.00000  56.8%  20.3 2631s
 772845 375459   68.00000   68  186   81.00000   35.00000  56.8%  20.3 2670s
 786888 375836   79.00000   81  134   81.00000   35.00000  56.8%  20.3 2680s
 787480 376209   53.00000   70  115   81.00000   35.00000  56.8%  20.3 2686s
 788077 376625   77.00000   86  118   81.00000   35.00000  56.8%  20.3 2691s
 788709 377104   79.00000  103   74   81.00000   35.00000  56.8%  20.3 2696s
 789404 379581   68.00000   66  163   81.00000   35.00000  56.8%  20.3 2705s
 793712 380027 infeasible  120        81.00000   35.00000  56.8%  20.3 2713s
 794466 388846   72.00000   81  147   81.00000   35.00000  56.8%  20.4 2757s
 802876 388846   71.00000   79   91   81.00000   35.00000  56.8%  20.3 2760s
 809357 389195 infeasible   81        81.00000   35.00000  56.8%  20.3 2768s
 809945 389587   77.00000   90  127   81.00000   35.00000  56.8%  20.4 2773s
 810619 390012   54.00000   77  161   81.00000   35.00000  56.8%  20.4 2778s
 811298 392423   74.00000   51  133   81.00000   35.00000  56.8%  20.4 2787s
 815422 392830   69.00000   76  248   81.00000   35.00000  56.8%  20.4 2794s
 816125 399851   55.00000   59  100   81.00000   35.00000  56.8%  20.4 2829s
 827836 400398   45.00000   55  180   81.00000   35.00000  56.8%  20.4 2840s
 828659 400951   35.00000   64   85   81.00000   35.00000  56.8%  20.5 2845s
 829528 404017   58.00000   70  131   81.00000   35.00000  56.8%  20.5 2859s
 832048 404017   78.00000   91  138   81.00000   35.00000  56.8%  20.5 2860s
 834739 404593   65.00000   59  160   81.00000   35.00000  56.8%  20.5 2865s
 835563 407342   79.00000   80  136   81.00000   35.00000  56.8%  20.5 2875s
 840327 407866   70.00000   71  174   81.00000   35.00000  56.8%  20.5 2882s
 841125 416277   62.00000   72  144   81.00000   35.00000  56.8%  20.5 2920s
 855256 416702   72.00000   62  159   81.00000   35.00000  56.8%  20.4 2929s
 855847 417094   79.00000   78  140   81.00000   35.00000  56.8%  20.5 2933s
 856473 417448   76.00000   82   96   81.00000   35.00000  56.8%  20.5 2937s
 857093 419799 infeasible   86        81.00000   35.00000  56.8%  20.5 2945s
 861494 420258   72.00000   64  195   81.00000   35.00000  56.8%  20.5 2950s
 862211 422717   75.00000   79  149   81.00000   35.00000  56.8%  20.5 2959s
 866562 423029     cutoff  136        81.00000   35.00000  56.8%  20.5 2963s
 867038 424768   74.00000   75  143   81.00000   35.00000  56.8%  20.5 2971s
 869963 425112 infeasible   69        81.00000   35.00000  56.8%  20.5 2975s
 870579 427377   51.00000   48   82   81.00000   35.00000  56.8%  20.5 2982s
 874488 427716   78.00000   67  129   81.00000   35.00000  56.8%  20.5 2987s
 875089 428947   77.00000   52  128   81.00000   35.00000  56.8%  20.5 2992s
 877020 429377   72.00000  101   62   81.00000   35.00000  56.8%  20.5 2997s
 877708 431841   69.00000   74  118   81.00000   35.00000  56.8%  20.5 3006s
 881943 432313   74.00000   71  141   81.00000   35.00000  56.8%  20.5 3011s
 882642 434691   74.00000   81  108   81.00000   35.00000  56.8%  20.6 3023s
 886607 435130 infeasible   81        81.00000   35.00000  56.8%  20.5 3031s
 887386 444031   73.00000   90  124   81.00000   35.00000  56.8%  20.6 3068s
 902478 444388   35.00000   55   86   81.00000   35.00000  56.8%  20.5 3079s
 903027 444796   78.00000   89  106   81.00000   35.00000  56.8%  20.5 3084s
 903663 445208   62.00000   56  149   81.00000   35.00000  56.8%  20.5 3089s
 904371 447641   51.00000   65  167   81.00000   35.00000  56.8%  20.6 3098s
 908498 448107   72.00000   73   80   81.00000   35.00000  56.8%  20.5 3106s
 909268 457102   64.00000   70  140   81.00000   35.00000  56.8%  20.6 3146s
 924466 457454   43.00000   58  110   81.00000   35.00000  56.8%  20.5 3157s
 925006 457834   76.00000   87  159   81.00000   35.00000  56.8%  20.5 3163s
 925618 458244   77.00000  104   93   81.00000   35.00000  56.8%  20.6 3169s
 926266 458736 infeasible   80        81.00000   35.00000  56.8%  20.6 3175s
 926960 461113   74.00000   79   97   81.00000   35.00000  56.8%  20.6 3186s
 931054 461601   80.00000   71  145   81.00000   35.00000  56.8%  20.6 3193s
 931756 471403   80.00000   85  140   81.00000   35.00000  56.8%  20.6 3235s
 948863 471708   73.00000   64  141   81.00000   35.00000  56.8%  20.5 3247s
 949380 472075   73.00000   76  125   81.00000   35.00000  56.8%  20.6 3252s
 949940 472439   80.00000   86  119   81.00000   35.00000  56.8%  20.6 3258s
 950580 472938   80.00000   93   91   81.00000   35.00000  56.8%  20.6 3263s
 951312 475260   80.00000   98   89   81.00000   35.00000  56.8%  20.6 3275s
 955185 475761   77.00000   85  168   81.00000   35.00000  56.8%  20.6 3282s
 955972 484568   58.00000   73  198   81.00000   35.00000  56.8%  20.6 3320s
 970674 484993   77.00000   69  128   81.00000   35.00000  56.8%  20.6 3330s
 971313 485351 infeasible   63        81.00000   35.00000  56.8%  20.6 3335s
 971959 485724   79.00000   71  113   81.00000   35.00000  56.8%  20.6 3341s
 972623 486178   58.00000   62  120   81.00000   35.00000  56.8%  20.6 3346s
 973360 488547   77.00000   84   72   81.00000   35.00000  56.8%  20.7 3360s
 977374 489092 infeasible   73        81.00000   35.00000  56.8%  20.6 3367s
 978167 497865   69.00000   92  111   81.00000   35.00000  56.8%  20.7 3404s
 993238 498211   74.00000   76  184   81.00000   35.00000  56.8%  20.6 3414s
 993746 498608 infeasible   85        81.00000   35.00000  56.8%  20.6 3419s
 994335 498950 infeasible   91        81.00000   35.00000  56.8%  20.6 3424s
 994956 499380   80.00000   66  170   81.00000   35.00000  56.8%  20.7 3429s
 995658 501763   64.00000   86  142   81.00000   35.00000  56.8%  20.7 3441s
 999644 502237   62.00000   53  154   81.00000   35.00000  56.8%  20.7 3448s
 1000412 511634   74.00000   68  179   81.00000   35.00000  56.8%  20.7 3488s
 1016243 511951 infeasible  138        81.00000   35.00000  56.8%  20.6 3499s
 1016748 512320   80.00000   77  125   81.00000   35.00000  56.8%  20.6 3504s
 1017335 512726   67.00000   67  140   81.00000   35.00000  56.8%  20.7 3509s
 1017965 513178   75.00000   56  182   81.00000   35.00000  56.8%  20.7 3514s
 1018665 515389   69.00000   46  161   81.00000   35.00000  56.8%  20.7 3526s
 1022576 515824 infeasible  125        81.00000   35.00000  56.8%  20.7 3533s
 1023369 525065   62.00000   44  219   81.00000   35.00000  56.8%  20.7 3573s
 1038716 525458 infeasible  118        81.00000   35.00000  56.8%  20.7 3584s
 1039281 525868   75.00000   69  191   81.00000   35.00000  56.8%  20.7 3589s
 1039913 526329   78.00000   66  139   81.00000   35.00000  56.8%  20.7 3594s
 1040572 527236   65.00000   57  134   81.00000   35.00000  56.8%  20.7 3602s
 1042000 529783   51.00000   71  169   81.00000   35.00000  56.8%  20.7 3612s
 1046301 530319 infeasible  100        81.00000   35.00000  56.8%  20.7 3620s
 1047113 539006   75.00000   88  144   81.00000   35.00000  56.8%  20.7 3661s
 1061685 539372   62.00000   54  182   81.00000   35.00000  56.8%  20.7 3671s
 1062231 539718   79.00000   68   84   81.00000   35.00000  56.8%  20.7 3676s
 1062851 540173   63.00000   49  137   81.00000   35.00000  56.8%  20.7 3682s
 1063530 540737   79.00000   74  113   81.00000   35.00000  56.8%  20.7 3687s
 1064333 543103   75.00000  110   74   81.00000   35.00000  56.8%  20.7 3700s
 1068483 543651 infeasible   84        81.00000   35.00000  56.8%  20.7 3707s
 1069251 552923   78.00000   98  141   81.00000   35.00000  56.8%  20.7 3746s
 1085264 553313 infeasible   64        81.00000   35.00000  56.8%  20.7 3757s
 1085846 553717   79.00000   92   88   81.00000   35.00000  56.8%  20.7 3761s
 1086398 554086   62.00000   89  178   81.00000   35.00000  56.8%  20.7 3766s
 1087038 554857   71.00000   77  181   81.00000   35.00000  56.8%  20.7 3773s
 1088269 557338   80.00000   72  112   81.00000   35.00000  56.8%  20.7 3783s
 1092278 557890   62.00000   77  135   81.00000   35.00000  56.8%  20.7 3790s
 1093074 566488   76.00000  107   91   81.00000   35.00000  56.8%  20.8 3836s
 1107237 566954 infeasible   62        81.00000   35.00000  56.8%  20.7 3847s
 1107841 567372   70.00000   58  108   81.00000   35.00000  56.8%  20.7 3852s
 1108471 567945   44.00000   51  218   81.00000   35.00000  56.8%  20.8 3858s
 1109298 570368   78.00000   83  113   81.00000   35.00000  56.8%  20.8 3867s
 1113386 570948   38.00000   45   77   81.00000   35.00000  56.8%  20.8 3874s
 1114218 573574   71.00000   64  141   81.00000   35.00000  56.8%  20.8 3884s
 1118746 573964 infeasible   93        81.00000   35.00000  56.8%  20.8 3888s
 1119276 575951   80.00000   72  135   81.00000   35.00000  56.8%  20.8 3895s
 1122633 576336   48.00000   70  136   81.00000   35.00000  56.8%  20.8 3900s
 1123178 578458   78.00000   93   88   81.00000   35.00000  56.8%  20.8 3908s
 1126600 578900 infeasible   78        81.00000   35.00000  56.8%  20.8 3913s
 1127236 581170   55.00000   54  123   81.00000   35.00000  56.8%  20.8 3921s
 1131027 581601   70.00000   77   95   81.00000   35.00000  56.8%  20.8 3926s
 1131661 583861   80.00000  111   85   81.00000   35.00000  56.8%  20.8 3934s
 1135369 584295 infeasible  141        81.00000   35.00000  56.8%  20.8 3940s
 1136055 586997   80.00000   59  103   81.00000   35.00000  56.8%  20.8 3950s
 1140599 587406   79.00000   67  177   81.00000   35.00000  56.8%  20.8 3955s
 1141172 589201   79.00000   90  127   81.00000   35.00000  56.8%  20.8 3964s
 1144104 589605   40.00000   52  234   81.00000   35.00000  56.8%  20.8 3969s
 1144716 591913   78.00000   68  130   81.00000   35.00000  56.8%  20.8 3976s
 1148456 592416   39.00000   43  176   81.00000   35.00000  56.8%  20.7 3982s
 1149186 594605   70.00000   83  153   81.00000   35.00000  56.8%  20.8 3989s
 1152802 595328 infeasible   87        81.00000   35.00000  56.8%  20.7 3995s
 1153844 597440   78.00000   88   96   81.00000   35.00000  56.8%  20.8 4002s
 1157340 597907 infeasible   61        81.00000   35.00000  56.8%  20.8 4008s
 1157991 600443   70.00000   71  143   81.00000   35.00000  56.8%  20.8 4017s
 1162283 600826 infeasible   82        81.00000   35.00000  56.8%  20.8 4023s
 1162836 602739   79.00000   71  127   81.00000   35.00000  56.8%  20.8 4033s
 1166048 603172   35.00000   62  210   81.00000   35.00000  56.8%  20.8 4038s
 1166647 605342   62.00000   77  235   81.00000   35.00000  56.8%  20.8 4046s
 1170170 605803 infeasible   59        81.00000   35.00000  56.8%  20.8 4052s
 1170829 608066   79.00000   85  127   81.00000   35.00000  56.8%  20.8 4060s
 1174648 608505   50.00000   45   83   81.00000   35.00000  56.8%  20.8 4066s
 1175312 610899   75.00000   73  142   81.00000   35.00000  56.8%  20.8 4075s
 1179163 611637     cutoff   96        81.00000   35.00000  56.8%  20.8 4081s
 1180188 614244   35.00000   36  169   81.00000   35.00000  56.8%  20.8 4092s
 1184475 614607 infeasible   70        81.00000   35.00000  56.8%  20.8 4097s
 1184985 616742   80.00000   82  119   81.00000   35.00000  56.8%  20.8 4104s
 1185955 616742   79.00000   95   83   81.00000   35.00000  56.8%  20.8 4105s
 1188518 617246   44.00000   47  141   81.00000   35.00000  56.8%  20.8 4110s
 1189194 619230   80.00000   80   87   81.00000   35.00000  56.8%  20.8 4120s
 1192372 619748   58.00000   51  182   81.00000   35.00000  56.8%  20.8 4125s
 1193076 621910   76.00000   81  160   81.00000   35.00000  56.8%  20.8 4133s
 1196833 622404   63.00000   63  156   81.00000   35.00000  56.8%  20.8 4138s
 1197530 624800   73.00000   79  119   81.00000   35.00000  56.8%  20.8 4146s
 1201338 625273 infeasible  106        81.00000   35.00000  56.8%  20.8 4152s
 1201975 627657   46.00000   44  189   81.00000   35.00000  56.8%  20.8 4161s
 1206050 628054   44.00000   45  107   81.00000   35.00000  56.8%  20.8 4167s
 1206747 630379   74.00000   61   94   81.00000   35.00000  56.8%  20.8 4177s
 1210344 630823 infeasible   94        81.00000   35.00000  56.8%  20.8 4183s
 1210982 632961   80.00000   81  157   81.00000   35.00000  56.8%  20.8 4191s
 1214747 633380   67.00000   86  108   81.00000   35.00000  56.8%  20.8 4196s
 1215370 635855     cutoff   92        81.00000   35.00000  56.8%  20.8 4205s
 1219314 636301   68.00000   71   81   81.00000   35.00000  56.8%  20.8 4211s
 1219978 638592   80.00000  105   71   81.00000   35.00000  56.8%  20.8 4219s
 1223665 639143   35.00000   45   87   81.00000   35.00000  56.8%  20.8 4226s
 1224504 647757   79.00000   79   91   81.00000   35.00000  56.8%  20.8 4262s
 1238414 648142   76.00000   58  193   81.00000   35.00000  56.8%  20.8 4273s
 1238999 648545   80.00000   68  113   81.00000   35.00000  56.8%  20.8 4279s
 1239680 649008   78.00000   63  126   81.00000   35.00000  56.8%  20.8 4285s
 1240381 651404   79.00000   61  107   81.00000   35.00000  56.8%  20.8 4298s
 1244245 651848   55.00000   51  212   81.00000   35.00000  56.8%  20.8 4304s
 1244915 654234   77.00000   60  138   81.00000   35.00000  56.8%  20.8 4314s
 1249147 654770 infeasible   60        81.00000   35.00000  56.8%  20.8 4321s
 1249956 663837   73.00000   61  109   81.00000   35.00000  56.8%  20.8 4359s
 1251593 663837   72.00000   61  156   81.00000   35.00000  56.8%  20.8 4360s
 1264639 664230   72.00000   62  144   81.00000   35.00000  56.8%  20.8 4370s
 1265224 664629     cutoff   90        81.00000   35.00000  56.8%  20.8 4376s
 1265844 664983   76.00000   73  121   81.00000   35.00000  56.8%  20.8 4381s
 1266490 665432   75.00000   67  175   81.00000   35.00000  56.8%  20.8 4387s
*1266663 624564             104      80.0000000   35.00000  56.3%  20.8 4387s
 1267213 626754   79.00000   59  153   80.00000   35.00000  56.3%  20.8 4399s
 1270930 627221   77.00000   80  150   80.00000   35.00000  56.3%  20.8 4407s
 1271697 636327   79.00000   58  144   80.00000   35.00000  56.3%  20.8 4445s
 1286795 636807 infeasible   93        80.00000   35.00000  56.3%  20.8 4456s
 1287441 637197 infeasible   75        80.00000   35.00000  56.3%  20.8 4461s
 1288069 637624   78.00000   63  163   80.00000   35.00000  56.3%  20.8 4466s
 1288756 639882   72.00000   71  177   80.00000   35.00000  56.3%  20.8 4479s
 1292517 640407   72.00000   47  194   80.00000   35.00000  56.3%  20.8 4485s
 1293192 643130   75.00000   96  107   80.00000   35.00000  56.3%  20.9 4495s
 1297634 643508   48.00000   50  121   80.00000   35.00000  56.3%  20.8 4500s
 1298153 644298   51.00000   67  145   80.00000   35.00000  56.3%  20.9 4505s
 1299354 646827   79.00000   84   91   80.00000   35.00000  56.3%  20.9 4514s
 1302067 646827   79.00000   93   60   80.00000   35.00000  56.3%  20.9 4515s
 1304004 649552   74.00000   80  129   80.00000   35.00000  56.3%  20.9 4527s
 1307773 649983   62.00000   77  196   80.00000   35.00000  56.3%  20.9 4532s
 1308414 652083   62.00000   99  162   80.00000   35.00000  56.3%  20.9 4542s
 1312255 652527 infeasible   56        80.00000   35.00000  56.3%  20.9 4548s
 1312946 654948   55.00000   50  141   80.00000   35.00000  56.3%  20.9 4557s
 1317012 655478 infeasible   82        80.00000   35.00000  56.3%  20.9 4564s
 1317789 664184   70.00000   76  139   80.00000   35.00000  56.3%  20.9 4608s
 1327970 664184   78.00000   80  138   80.00000   35.00000  56.3%  20.8 4611s
 1333056 664497   78.00000   52  123   80.00000   35.00000  56.3%  20.8 4619s
 1333583 664847     cutoff   71        80.00000   35.00000  56.3%  20.8 4623s
 1334157 665316   78.00000   74  128   80.00000   35.00000  56.3%  20.9 4627s
 1334815 667514   55.00000   52  165   80.00000   35.00000  56.3%  20.9 4636s
 1338585 667863   58.00000   51  116   80.00000   35.00000  56.3%  20.9 4642s
 1339189 670360   66.00000   82  141   80.00000   35.00000  56.3%  20.9 4651s
 1343442 670718   77.00000   56  135   80.00000   35.00000  56.3%  20.9 4656s
 1343975 671154   49.00000   54  288   80.00000   35.00000  56.3%  20.9 4661s
 1344615 673553   77.00000   75  145   80.00000   35.00000  56.3%  20.9 4670s
 1348915 673991   35.00000   45  115   80.00000   35.00000  56.3%  20.9 4676s
 1349550 676133   58.00000   52  128   80.00000   35.00000  56.3%  20.9 4684s
 1353077 676790   71.00000   59  134   80.00000   35.00000  56.3%  20.9 4690s
 1354153 678875   58.00000   75  168   80.00000   35.00000  56.3%  20.9 4701s
 1357655 679288 infeasible   74        80.00000   35.00000  56.3%  20.9 4708s
 1358294 681877   71.00000   59  123   80.00000   35.00000  56.3%  20.9 4716s
 1362578 682387 infeasible   64        80.00000   35.00000  56.3%  20.9 4724s
 1363372 691328   75.00000  103   79   80.00000   35.00000  56.3%  20.9 4762s
 1378030 691731   79.00000   70  178   80.00000   35.00000  56.3%  20.9 4773s
 1378655 692126   79.00000   82  127   80.00000   35.00000  56.3%  20.9 4778s
 1379310 692554   70.00000   69  138   80.00000   35.00000  56.3%  20.9 4784s
 1380008 694793   73.00000   78  185   80.00000   35.00000  56.3%  20.9 4796s
 1383704 695276 infeasible  140        80.00000   35.00000  56.3%  20.9 4802s
 1384423 697991   72.00000   72   97   80.00000   35.00000  56.3%  20.9 4811s
 1388807 698368   72.00000   61  111   80.00000   35.00000  56.3%  20.9 4816s
 1389326 700342   78.00000   90  112   80.00000   35.00000  56.3%  20.9 4823s
 1392724 700703   47.00000   55   83   80.00000   35.00000  56.3%  20.9 4828s
 1393338 702792   71.00000   67  100   80.00000   35.00000  56.3%  20.9 4836s
 1396985 703233   62.00000   43  181   80.00000   35.00000  56.3%  20.9 4841s
 1397610 705295   73.00000   51  109   80.00000   35.00000  56.3%  20.9 4849s
 1401115 705722   70.00000   73  144   80.00000   35.00000  56.3%  20.9 4854s
 1401773 707605   75.00000   73  147   80.00000   35.00000  56.3%  20.9 4865s
 1404975 708011 infeasible   56        80.00000   35.00000  56.3%  20.9 4870s
 1405633 710216   43.00000   53  194   80.00000   35.00000  56.3%  20.9 4879s
 1409582 710711 infeasible   82        80.00000   35.00000  56.3%  20.9 4886s
 1410384 719835   62.00000   57  123   80.00000   35.00000  56.3%  20.9 4925s
 1425466 720266 infeasible   79        80.00000   35.00000  56.3%  20.9 4936s
 1426067 720588   76.00000  108   60   80.00000   35.00000  56.3%  20.9 4942s
 1426639 720983 infeasible   79        80.00000   35.00000  56.3%  20.9 4947s
 1427294 721492     cutoff   85        80.00000   35.00000  56.3%  20.9 4953s
 1428059 723807   78.00000   59  169   80.00000   35.00000  56.3%  20.9 4966s
 1431856 724231   58.00000   64  181   80.00000   35.00000  56.3%  20.9 4973s
 1432605 733830   67.00000   68  147   80.00000   35.00000  56.3%  21.0 5014s
 1443900 733830   79.00000   58  151   80.00000   35.00000  56.3%  20.9 5018s
 1448441 734157 infeasible  102        80.00000   35.00000  56.3%  20.9 5025s
 1449016 734541   77.00000   74  100   80.00000   35.00000  56.3%  20.9 5031s
 1449690 734965   77.00000   64  136   80.00000   35.00000  56.3%  21.0 5036s
 1450358 735394   57.00000   53  161   80.00000   35.00000  56.3%  21.0 5042s
 1451075 738107   58.00000   47  184   80.00000   35.00000  56.3%  21.0 5052s
 1455312 738645 infeasible  110        80.00000   35.00000  56.3%  21.0 5060s
 1456142 747365   78.00000   91   85   80.00000   35.00000  56.3%  21.0 5097s
 1470740 747731 infeasible   78        80.00000   35.00000  56.3%  21.0 5108s
 1471360 748162   79.00000  101   22   80.00000   35.00000  56.3%  21.0 5114s
 1471971 748552   77.00000   88   96   80.00000   35.00000  56.3%  21.0 5120s
 1472601 749006   77.00000   86  142   80.00000   35.00000  56.3%  21.0 5126s
 1473365 751417   69.00000   83  145   80.00000   35.00000  56.3%  21.0 5140s
 1477566 751972   40.00000   60  188   80.00000   35.00000  56.3%  21.0 5147s
 1478371 760515   69.00000   54  115   80.00000   35.00000  56.3%  21.0 5183s
 1485771 760515   47.00000   54  241   80.00000   35.00000  56.3%  21.0 5186s
 1493235 760836 infeasible   58        80.00000   35.00000  56.3%  21.0 5194s
 1493778 761234   62.00000   67  124   80.00000   35.00000  56.3%  21.0 5199s
 1494410 761659   78.00000   49  143   80.00000   35.00000  56.3%  21.0 5204s
 1495079 762104   79.00000   80  107   80.00000   35.00000  56.3%  21.0 5209s
 1495776 764542   69.00000   66  105   80.00000   35.00000  56.3%  21.0 5220s
 1500108 765062   72.00000   55  169   80.00000   35.00000  56.3%  21.0 5227s
 1500943 773564   78.00000   89   61   80.00000   35.00000  56.3%  21.0 5270s
 1515456 773932 infeasible   74        80.00000   35.00000  56.3%  21.0 5280s
 1516052 774286   58.00000   62  142   80.00000   35.00000  56.3%  21.0 5285s
 1516656 774655 infeasible   84        80.00000   35.00000  56.3%  21.0 5290s
 1517299 775143   78.00000   69  107   80.00000   35.00000  56.3%  21.0 5296s
 1517997 777844   77.00000   77  110   80.00000   35.00000  56.3%  21.0 5306s
 1522477 779655   53.00000   56  253   80.00000   35.00000  56.3%  21.0 5315s
 1525514 780157   74.00000   73  129   80.00000   35.00000  56.3%  21.0 5321s
 1526275 783223   72.00000   60  157   80.00000   35.00000  56.3%  21.0 5333s
 1531600 783615 infeasible   77        80.00000   35.00000  56.3%  21.0 5339s
 1532265 785895   71.00000   58  103   80.00000   35.00000  56.3%  21.0 5347s
 1536051 786321 infeasible   84        80.00000   35.00000  56.3%  21.0 5353s
 1536725 788323   79.00000   98   67   80.00000   35.00000  56.3%  21.0 5363s
 1540129 788773 infeasible   49        80.00000   35.00000  56.3%  21.0 5370s
 1540841 791386   72.00000   68  114   80.00000   35.00000  56.3%  21.0 5379s
 1545058 791939 infeasible   74        80.00000   35.00000  56.3%  21.0 5386s
 1545845 800761   59.00000   61  179   80.00000   35.00000  56.3%  21.0 5423s
 1560968 801113 infeasible  121        80.00000   35.00000  56.3%  21.0 5434s
 1561565 801489   78.00000   89  111   80.00000   35.00000  56.3%  21.0 5440s
 1562197 801983   78.00000   69  128   80.00000   35.00000  56.3%  21.0 5445s
 1562909 804157   78.00000   88   70   80.00000   35.00000  56.3%  21.0 5457s
 1566593 804592 infeasible  110        80.00000   35.00000  56.3%  21.0 5463s
 1567278 807134   79.00000   86   79   80.00000   35.00000  56.3%  21.0 5473s
 1571579 807474 infeasible  144        80.00000   35.00000  56.3%  21.0 5478s
 1572075 808538   65.00000   83  144   80.00000   35.00000  56.3%  21.0 5484s
 1573814 808998   79.00000   59   73   80.00000   35.00000  56.3%  21.1 5490s
 1574526 811791   39.00000   46  214   80.00000   35.00000  56.3%  21.1 5500s
 1579346 812287   74.00000   68  142   80.00000   35.00000  56.3%  21.1 5507s
 1580150 814690   47.00000   57  150   80.00000   35.00000  56.3%  21.1 5516s
 1584260 815135   55.00000   53  148   80.00000   35.00000  56.3%  21.1 5523s
 1584911 817382   75.00000   81  169   80.00000   35.00000  56.3%  21.1 5531s
 1588959 818088 infeasible   68        80.00000   35.00000  56.3%  21.1 5540s
 1590060 824539   78.00000   61  140   80.00000   35.00000  56.3%  21.1 5566s
 1601026 824940   51.00000   46  169   80.00000   35.00000  56.3%  21.0 5575s
 1601601 825279   76.00000   72  130   80.00000   35.00000  56.3%  21.0 5580s
 1602154 825778   49.00000   50  193   80.00000   35.00000  56.3%  21.1 5586s
 1602966 827972   78.00000   76   84   80.00000   35.00000  56.3%  21.1 5597s
 1606560 828468   78.00000   74  112   80.00000   35.00000  56.3%  21.1 5604s
 1607282 831038   65.00000   58  148   80.00000   35.00000  56.3%  21.1 5614s
 1611615 831611   62.00000   62  124   80.00000   35.00000  56.3%  21.1 5621s
 1612472 840078   66.00000   48  103   80.00000   35.00000  56.3%  21.1 5656s
 1626948 840386   65.00000   62  196   80.00000   35.00000  56.3%  21.0 5667s
 1627489 840724   77.00000   83  136   80.00000   35.00000  56.3%  21.1 5672s
 1628061 841101   69.00000   55  218   80.00000   35.00000  56.3%  21.1 5677s
 1628688 843039   71.00000   75  126   80.00000   35.00000  56.3%  21.1 5687s
 1631984 843492   57.00000   76  142   80.00000   35.00000  56.3%  21.1 5693s
 1632718 845737   68.00000   82  161   80.00000   35.00000  56.3%  21.1 5702s
 1636785 846279 infeasible   83        80.00000   35.00000  56.3%  21.1 5709s
 1637577 854985   78.00000   69   88   80.00000   35.00000  56.3%  21.1 5746s
 1652931 855374   75.00000   64  121   80.00000   35.00000  56.3%  21.1 5756s
 1653456 855697   76.00000   76  112   80.00000   35.00000  56.3%  21.1 5761s
 1654039 856134   61.00000   57   90   80.00000   35.00000  56.3%  21.1 5767s
 1654732 856572   77.00000   74  174   80.00000   35.00000  56.3%  21.1 5772s
 1655447 859012   77.00000   90   72   80.00000   35.00000  56.3%  21.1 5785s
 1659666 859543   77.00000   57  145   80.00000   35.00000  56.3%  21.1 5793s
 1660488 867916   72.00000   71  150   80.00000   35.00000  56.3%  21.1 5828s
 1670259 867916   79.00000   85   77   80.00000   35.00000  56.3%  21.1 5832s
 1674997 868289 infeasible   83        80.00000   35.00000  56.3%  21.1 5839s
 1675620 868692     cutoff   77        80.00000   35.00000  56.3%  21.1 5844s
 1676253 869162   62.00000   77  143   80.00000   35.00000  56.3%  21.1 5848s
 1676907 870774   64.00000   95  132   80.00000   35.00000  56.3%  21.1 5855s
 1679642 871248   73.00000   58  135   80.00000   35.00000  56.3%  21.1 5861s
 1680386 873504   79.00000   88  118   80.00000   35.00000  56.3%  21.1 5873s
 1684234 874045   76.00000  116  118   80.00000   35.00000  56.3%  21.1 5880s
 1685018 882776   71.00000   87  170   80.00000   35.00000  56.3%  21.1 5917s
 1699840 883167   54.00000   67  189   80.00000   35.00000  56.3%  21.1 5927s
 1700433 883530   75.00000   95   64   80.00000   35.00000  56.3%  21.1 5932s
 1701012 883955   76.00000   59  151   80.00000   35.00000  56.3%  21.1 5937s
 1701685 884393   76.00000   70   99   80.00000   35.00000  56.3%  21.1 5944s
 1702405 887319   74.00000   71  113   80.00000   35.00000  56.3%  21.1 5954s
 1707343 887801 infeasible  117        80.00000   35.00000  56.3%  21.1 5963s
 1708089 897569   49.00000   47  218   80.00000   35.00000  56.3%  21.1 6005s
 1724259 897838   65.00000   57  146   80.00000   35.00000  56.3%  21.1 6017s
 1724774 898214     cutoff   69        80.00000   35.00000  56.3%  21.1 6021s
 1725384 898651   70.00000   61  203   80.00000   35.00000  56.3%  21.1 6026s
 1725993 899097 infeasible   87        80.00000   35.00000  56.3%  21.1 6032s
 1726670 901575   79.00000   87   32   80.00000   35.00000  56.3%  21.1 6044s
 1730755 902116   75.00000   53  148   80.00000   35.00000  56.3%  21.1 6051s
 1731588 910323   77.00000   70  129   80.00000   35.00000  56.3%  21.1 6085s
 1745598 910755   66.00000   64  130   80.00000   35.00000  56.3%  21.1 6094s
 1746210 911167   75.00000  103   58   80.00000   35.00000  56.3%  21.1 6098s
 1746824 911518   64.00000   68  126   80.00000   35.00000  56.3%  21.1 6104s
 1747476 914044   76.00000  100  164   80.00000   35.00000  56.3%  21.1 6113s
 1751701 914411 infeasible   88        80.00000   35.00000  56.3%  21.1 6119s
 1752330 917001   79.00000   71   91   80.00000   35.00000  56.3%  21.1 6129s
 1756678 917554 infeasible   92        80.00000   35.00000  56.3%  21.1 6137s
 1757477 926027   78.00000   67  103   80.00000   35.00000  56.3%  21.1 6171s
 1772017 926364 infeasible   94        80.00000   35.00000  56.3%  21.1 6182s
 1772572 926736   76.00000   76  148   80.00000   35.00000  56.3%  21.1 6187s
 1773176 927205   78.00000   93   48   80.00000   35.00000  56.3%  21.1 6193s
 1773860 927684   76.00000   87  131   80.00000   35.00000  56.3%  21.1 6200s
 1774601 930047   74.00000   76  134   80.00000   35.00000  56.3%  21.1 6212s
 1778520 930490 infeasible  116        80.00000   35.00000  56.3%  21.1 6219s
 1779281 939511   55.00000   50  111   80.00000   35.00000  56.3%  21.2 6255s
 1794731 939913   68.00000   72  141   80.00000   35.00000  56.3%  21.1 6265s
 1795313 940284   55.00000   69  148   80.00000   35.00000  56.3%  21.1 6270s
 1796533 941380   78.00000   97   66   80.00000   35.00000  56.3%  21.1 6281s
 1797860 944048   76.00000   66  138   80.00000   35.00000  56.3%  21.2 6291s
 1802399 944533 infeasible   75        80.00000   35.00000  56.3%  21.2 6299s
 1803199 953461   76.00000   79  122   80.00000   35.00000  56.3%  21.2 6339s
 1818159 953851 infeasible  118        80.00000   35.00000  56.3%  21.1 6350s
 1818753 954276   78.00000   80   75   80.00000   35.00000  56.3%  21.1 6355s
 1819410 954664   68.00000   64  127   80.00000   35.00000  56.3%  21.1 6360s
 1820058 955077   75.00000   69  112   80.00000   35.00000  56.3%  21.2 6365s
 1820731 957764   75.00000   60  165   80.00000   35.00000  56.3%  21.2 6375s
 1825160 958200   58.00000   74  152   80.00000   35.00000  56.3%  21.2 6382s
 1825894 967864   56.00000   63   92   80.00000   35.00000  56.3%  21.2 6421s
 1842139 968229 infeasible   64        80.00000   35.00000  56.3%  21.1 6433s
 1842690 968630   70.00000   59  137   80.00000   35.00000  56.3%  21.2 6438s
 1843307 969056   75.00000   61  110   80.00000   35.00000  56.3%  21.2 6444s
 1843969 969447 infeasible   70        80.00000   35.00000  56.3%  21.2 6449s
 1844586 971862   73.00000   80  107   80.00000   35.00000  56.3%  21.2 6462s
 1848711 972386   68.00000   60  156   80.00000   35.00000  56.3%  21.2 6469s
 1849482 981421     cutoff   64        80.00000   35.00000  56.3%  21.2 6506s
 1864885 981744   51.00000   59  100   80.00000   35.00000  56.3%  21.2 6515s
 1865951 982178   74.00000   80  131   80.00000   35.00000  56.3%  21.2 6520s
 1866626 983035   74.00000   63  219   80.00000   35.00000  56.3%  21.2 6530s
 1867337 985735   79.00000   84  121   80.00000   35.00000  56.3%  21.2 6539s
 1869900 985735   62.00000   57  158   80.00000   35.00000  56.3%  21.2 6540s
 1871725 986184 infeasible   74        80.00000   35.00000  56.3%  21.2 6548s
 1872504 995057   79.00000   76  159   80.00000   35.00000  56.3%  21.2 6584s
 1887627 995417   43.00000   55  202   80.00000   35.00000  56.3%  21.2 6595s
 1888199 995793   62.00000   51  114   80.00000   35.00000  56.3%  21.2 6600s
 1888849 996178     cutoff   84        80.00000   35.00000  56.3%  21.2 6606s
 1889547 996644   77.00000   88  100   80.00000   35.00000  56.3%  21.2 6612s
 1890247 998911   58.00000   76  188   80.00000   35.00000  56.3%  21.2 6624s
 1894205 999423   49.00000   66  120   80.00000   35.00000  56.3%  21.2 6631s
 1895013 1008089   79.00000  109   31   80.00000   35.00000  56.3%  21.2 6666s
 1905438 1008089   79.00000   69  126   80.00000   35.00000  56.3%  21.2 6670s
 1909683 1008444   35.00000   64   97   80.00000   35.00000  56.3%  21.2 6676s
 1910279 1008859   53.00000   75  128   80.00000   35.00000  56.3%  21.2 6681s
 1910906 1009321   65.00000   91  124   80.00000   35.00000  56.3%  21.2 6686s
 1911550 1009729   65.00000  110   95   80.00000   35.00000  56.3%  21.2 6692s
 1912377 1012297   61.00000   49  109   80.00000   35.00000  56.3%  21.2 6702s
 1917078 1012880   36.00000   40  163   80.00000   35.00000  56.3%  21.2 6710s
 1917891 1021621   76.00000   80  148   80.00000   35.00000  56.3%  21.2 6745s
 1932926 1021959   35.00000   39  168   80.00000   35.00000  56.3%  21.2 6755s
 1933460 1022284   73.00000   80  166   80.00000   35.00000  56.3%  21.2 6760s
 1934028 1022688 infeasible   98        80.00000   35.00000  56.3%  21.2 6766s
 1934668 1024627   79.00000   76   90   80.00000   35.00000  56.3%  21.2 6776s
 1938097 1025125   79.00000   76   97   80.00000   35.00000  56.3%  21.2 6781s
 1938731 1027604   79.00000   94   20   80.00000   35.00000  56.3%  21.2 6790s
 1942750 1027973 infeasible  132        80.00000   35.00000  56.3%  21.2 6795s
 1943317 1030277   79.00000   71  154   80.00000   35.00000  56.3%  21.2 6803s
 1947237 1030639   60.00000   63  144   80.00000   35.00000  56.3%  21.2 6808s
 1947839 1032814   78.00000   91   48   80.00000   35.00000  56.3%  21.2 6815s
 1951695 1033122   64.00000   80  122   80.00000   35.00000  56.3%  21.2 6821s
 1952235 1034692   70.00000   93   87   80.00000   35.00000  56.3%  21.2 6829s
 1954837 1035147     cutoff   82        80.00000   35.00000  56.3%  21.2 6834s
 1955542 1037290   74.00000   82  146   80.00000   35.00000  56.3%  21.2 6842s
 1959412 1037752 infeasible   73        80.00000   35.00000  56.3%  21.2 6847s
 1960144 1040213   79.00000   97   62   80.00000   35.00000  56.3%  21.2 6855s
 1964077 1040726   79.00000   70  160   80.00000   35.00000  56.3%  21.2 6862s
 1964838 1049218   73.00000   84  112   80.00000   35.00000  56.3%  21.2 6902s
 1976687 1049218   39.00000   83  193   80.00000   35.00000  56.3%  21.2 6907s
 1979850 1049604 infeasible  100        80.00000   35.00000  56.3%  21.2 6912s
 1980420 1049976   71.00000   67  143   80.00000   35.00000  56.3%  21.2 6917s
 1981052 1050400   77.00000   85   89   80.00000   35.00000  56.3%  21.2 6922s
 1981710 1050852   75.00000   58  130   80.00000   35.00000  56.3%  21.2 6928s
 1982478 1053457   62.00000   58  130   80.00000   35.00000  56.3%  21.3 6937s
 1986912 1053997 infeasible   80        80.00000   35.00000  56.3%  21.2 6944s
 1987735 1062620   35.00000   40  205   80.00000   35.00000  56.3%  21.3 6979s
 2002441 1062986   35.00000   49  111   80.00000   35.00000  56.3%  21.2 6989s
 2002969 1063323     cutoff   81        80.00000   35.00000  56.3%  21.2 6994s
 2003574 1063718   65.00000   79  164   80.00000   35.00000  56.3%  21.2 6999s
 2004217 1064060   77.00000   75  105   80.00000   35.00000  56.3%  21.3 7005s
 2004882 1066394   72.00000   89  152   80.00000   35.00000  56.3%  21.3 7016s
 2009000 1066969   54.00000   55  179   80.00000   35.00000  56.3%  21.3 7023s
 2009815 1075403   78.00000   85  161   80.00000   35.00000  56.3%  21.3 7057s
 2023856 1075753 infeasible   71        80.00000   35.00000  56.3%  21.3 7067s
 2024404 1076100   74.00000   70  107   80.00000   35.00000  56.3%  21.3 7073s
 2024981 1076513 infeasible   93        80.00000   35.00000  56.3%  21.3 7078s
 2025634 1076911 infeasible   73        80.00000   35.00000  56.3%  21.3 7084s
 2026332 1079372   78.00000   79  114   80.00000   35.00000  56.3%  21.3 7095s
 2030639 1079876 infeasible  110        80.00000   35.00000  56.3%  21.3 7102s
 2031465 1088558   48.00000   54  247   80.00000   35.00000  56.3%  21.3 7139s
 2046036 1088915 infeasible   70        80.00000   35.00000  56.3%  21.3 7150s
 2046649 1089305 infeasible   65        80.00000   35.00000  56.3%  21.3 7155s
 2047903 1090609   77.00000   79   77   80.00000   35.00000  56.3%  21.3 7166s
 2049259 1093337   79.00000  105   27   80.00000   35.00000  56.3%  21.3 7175s
 2053760 1093885   35.00000   45  139   80.00000   35.00000  56.3%  21.3 7184s
 2054568 1102403   77.00000   80   86   80.00000   35.00000  56.3%  21.3 7218s
 2065929 1102403   75.00000   72  116   80.00000   35.00000  56.3%  21.3 7222s
 2069095 1102736   72.00000   82  166   80.00000   35.00000  56.3%  21.3 7228s
 2069640 1103098   38.00000   52  167   80.00000   35.00000  56.3%  21.3 7234s
 2070264 1103509   77.00000   82  130   80.00000   35.00000  56.3%  21.3 7239s
 2070941 1103985   54.00000   70  130   80.00000   35.00000  56.3%  21.3 7245s
 2071615 1106318   63.00000   92  162   80.00000   35.00000  56.3%  21.3 7257s
 2075556 1106867 infeasible   84        80.00000   35.00000  56.3%  21.3 7264s
 2076391 1115533   75.00000   94   87   80.00000   35.00000  56.3%  21.3 7298s
 2090861 1115841   44.00000   45   79   80.00000   35.00000  56.3%  21.3 7308s
 2091387 1116179   76.00000   66  137   80.00000   35.00000  56.3%  21.3 7313s
 2091986 1116602 infeasible   87        80.00000   35.00000  56.3%  21.3 7318s
 2092645 1118430   53.00000   77  150   80.00000   35.00000  56.3%  21.3 7326s
 2095756 1118886   74.00000   78  140   80.00000   35.00000  56.3%  21.3 7332s
 2096474 1121390   66.00000   65  121   80.00000   35.00000  56.3%  21.3 7341s
 2100877 1121911 infeasible   64        80.00000   35.00000  56.3%  21.3 7349s
 2101664 1130948   78.00000   78   69   80.00000   35.00000  56.3%  21.3 7384s
 2109997 1130948   76.00000   75  154   80.00000   35.00000  56.3%  21.3 7387s
 2116799 1131319     cutoff   55        80.00000   35.00000  56.3%  21.3 7395s
 2117354 1131695   79.00000   82  109   80.00000   35.00000  56.3%  21.3 7400s
 2117978 1132040   58.00000   73  165   80.00000   35.00000  56.3%  21.3 7405s
 2118597 1132505 infeasible   60        80.00000   35.00000  56.3%  21.3 7412s
 2119376 1134982   65.00000   52  207   80.00000   35.00000  56.3%  21.3 7424s
 2120321 1134982   78.00000   85  104   80.00000   35.00000  56.3%  21.3 7425s
 2123384 1135502 infeasible   77        80.00000   35.00000  56.3%  21.3 7431s
 2124187 1144242   48.00000   57  131   80.00000   35.00000  56.3%  21.3 7466s
 2138718 1144586 infeasible   74        80.00000   35.00000  56.3%  21.3 7476s
 2139310 1144990   79.00000   87   88   80.00000   35.00000  56.3%  21.3 7481s
 2139964 1145463   69.00000   54  184   80.00000   35.00000  56.3%  21.3 7486s
 2140591 1145942   58.00000   68  114   80.00000   35.00000  56.3%  21.3 7491s
 2141248 1148273   73.00000   55  194   80.00000   35.00000  56.3%  21.4 7499s
 2144038 1148273   71.00000   77  148   80.00000   35.00000  56.3%  21.3 7500s
 2145809 1148706 infeasible   93        80.00000   35.00000  56.3%  21.3 7508s
 2146570 1158183   61.00000   49  111   80.00000   35.00000  56.3%  21.4 7549s
 2149990 1158183   77.00000   77   83   80.00000   35.00000  56.3%  21.3 7550s
 2162385 1158555 infeasible  137        80.00000   35.00000  56.3%  21.3 7560s
 2162969 1158897 infeasible   76        80.00000   35.00000  56.3%  21.3 7565s
 2163615 1159336 infeasible   89        80.00000   35.00000  56.3%  21.3 7570s
 2164305 1159732   78.00000   80   72   80.00000   35.00000  56.3%  21.3 7575s
 2164969 1162372   77.00000   86  106   80.00000   35.00000  56.3%  21.4 7587s
 2169599 1162850 infeasible   68        80.00000   35.00000  56.3%  21.3 7594s
 2170411 1171626     cutoff   68        80.00000   35.00000  56.3%  21.4 7629s
 2185546 1172020 infeasible   78        80.00000   35.00000  56.3%  21.3 7640s
 2186092 1172351   78.00000   74  115   80.00000   35.00000  56.3%  21.3 7645s
 2186673 1172772   79.00000   71   90   80.00000   35.00000  56.3%  21.3 7650s
 2187324 1173169   78.00000   71   60   80.00000   35.00000  56.3%  21.3 7655s
 2188021 1175540   50.00000   45  263   80.00000   35.00000  56.3%  21.4 7668s
 2191994 1176055   71.00000   80  147   80.00000   35.00000  56.3%  21.4 7675s
 2192791 1184870   68.00000   65  100   80.00000   35.00000  56.3%  21.4 7712s
 2207981 1185205   58.00000   66  152   80.00000   35.00000  56.3%  21.3 7722s
 2208528 1185599   77.00000   69   91   80.00000   35.00000  56.3%  21.3 7727s
 2209154 1185985   78.00000   79   94   80.00000   35.00000  56.3%  21.4 7732s
 2209822 1186456   55.00000   56  111   80.00000   35.00000  56.3%  21.4 7737s
 2210563 1188828   68.00000   82  119   80.00000   35.00000  56.3%  21.4 7749s
 2214617 1189358   55.00000   47  100   80.00000   35.00000  56.3%  21.4 7757s
 2215470 1197337   76.00000   73   77   80.00000   35.00000  56.3%  21.4 7790s
 2229231 1197700   62.00000   66  187   80.00000   35.00000  56.3%  21.4 7799s
 2229835 1198061   79.00000  102   91   80.00000   35.00000  56.3%  21.4 7804s
 2230444 1198510   76.00000   62  106   80.00000   35.00000  56.3%  21.4 7809s
 2231143 1201017   64.00000   54  120   80.00000   35.00000  56.3%  21.4 7819s
 2235484 1201453   59.00000   45   75   80.00000   35.00000  56.3%  21.4 7825s
 2236100 1203677   53.00000   75   93   80.00000   35.00000  56.3%  21.4 7833s
 2239903 1204203 infeasible   84        80.00000   35.00000  56.3%  21.4 7841s
 2240645 1213664   63.00000   63  172   80.00000   35.00000  56.3%  21.4 7881s
 2256856 1213997 infeasible   63        80.00000   35.00000  56.3%  21.4 7893s
 2257409 1214386   77.00000   81   74   80.00000   35.00000  56.3%  21.4 7898s
 2258062 1214785 infeasible   62        80.00000   35.00000  56.3%  21.4 7904s
 2258725 1215245   73.00000   71  225   80.00000   35.00000  56.3%  21.4 7910s
 2259423 1217528   59.00000   55  115   80.00000   35.00000  56.3%  21.4 7921s
 2263232 1218066 infeasible  103        80.00000   35.00000  56.3%  21.4 7928s
 2264028 1226898   35.00000   55  101   80.00000   35.00000  56.3%  21.4 7964s
 2276994 1226898   71.00000   78  147   80.00000   35.00000  56.3%  21.4 7969s
 2279355 1227247   77.00000   64  107   80.00000   35.00000  56.3%  21.4 7974s
 2279870 1227549   49.00000   54  121   80.00000   35.00000  56.3%  21.4 7980s
 2280494 1227926   79.00000   75   67   80.00000   35.00000  56.3%  21.4 7985s
 2281169 1228300 infeasible   61        80.00000   35.00000  56.3%  21.4 7991s
 2281817 1230610   70.00000   62  153   80.00000   35.00000  56.3%  21.4 7999s
 2286086 1231086   35.00000   44  175   80.00000   35.00000  56.3%  21.4 8007s
 2286874 1239691   56.00000   62  297   80.00000   35.00000  56.3%  21.4 8045s
 2301298 1240091   49.00000   54  118   80.00000   35.00000  56.3%  21.4 8055s
 2301882 1240500   78.00000   69  118   80.00000   35.00000  56.3%  21.4 8061s
 2302545 1240924   61.00000   52  146   80.00000   35.00000  56.3%  21.4 8066s
 2303213 1241401   46.00000   65   93   80.00000   35.00000  56.3%  21.4 8072s
 2303920 1243926   59.00000   87  163   80.00000   35.00000  56.3%  21.4 8084s
 2308081 1244389 infeasible   77        80.00000   35.00000  56.3%  21.4 8091s
 2308856 1253310   79.00000   79  110   80.00000   35.00000  56.3%  21.4 8129s
 2324547 1253648 infeasible   96        80.00000   35.00000  56.3%  21.4 8140s
 2325735 1254321   79.00000   99  112   80.00000   35.00000  56.3%  21.4 8149s
 2326370 1254760   76.00000   64  108   80.00000   35.00000  56.3%  21.4 8154s
 2327009 1256979   75.00000   84   80   80.00000   35.00000  56.3%  21.4 8166s
 2330894 1257482 infeasible  118        80.00000   35.00000  56.3%  21.4 8173s
 2331679 1266253   65.00000   46  169   80.00000   35.00000  56.3%  21.4 8208s
 2346800 1266574   35.00000   55  142   80.00000   35.00000  56.3%  21.4 8219s
 2347318 1266937   67.00000   66  126   80.00000   35.00000  56.3%  21.4 8223s
 2347927 1267311   77.00000   83   94   80.00000   35.00000  56.3%  21.4 8229s
 2348539 1267699     cutoff   78        80.00000   35.00000  56.3%  21.4 8234s
 2349203 1269895   75.00000   77   79   80.00000   35.00000  56.3%  21.4 8246s
 2352992 1270322 infeasible   97        80.00000   35.00000  56.3%  21.4 8253s
 2353717 1279366   59.00000   58  177   80.00000   35.00000  56.3%  21.4 8291s
 2369341 1279756   78.00000   75  168   80.00000   35.00000  56.3%  21.4 8301s
 2369901 1280146   75.00000   65  165   80.00000   35.00000  56.3%  21.4 8306s
 2370501 1280522   49.00000   69  187   80.00000   35.00000  56.3%  21.4 8311s
 2371161 1280955   62.00000   47  185   80.00000   35.00000  56.3%  21.4 8315s
 2371809 1283017   79.00000   76  115   80.00000   35.00000  56.3%  21.4 8326s
 2375428 1283500 infeasible   61        80.00000   35.00000  56.3%  21.4 8333s
 2376232 1290870   75.00000   93   87   80.00000   35.00000  56.3%  21.4 8363s
 2389023 1291257   58.00000   70  117   80.00000   35.00000  56.3%  21.4 8373s
 2389614 1291566     cutoff   82        80.00000   35.00000  56.3%  21.4 8378s
 2390213 1291986   60.00000   50  208   80.00000   35.00000  56.3%  21.4 8382s
 2390848 1294134   68.00000   59  239   80.00000   35.00000  56.3%  21.4 8391s
 2394480 1294556 infeasible   87        80.00000   35.00000  56.3%  21.4 8398s
 2395126 1296659   49.00000   54  139   80.00000   35.00000  56.3%  21.4 8405s
 2398654 1297141   58.00000   98  190   80.00000   35.00000  56.3%  21.4 8412s
 2399365 1305436   79.00000   71  101   80.00000   35.00000  56.3%  21.4 8447s
 2413642 1305737 infeasible   71        80.00000   35.00000  56.3%  21.4 8457s
 2414183 1306069   79.00000   87   73   80.00000   35.00000  56.3%  21.4 8462s
 2414719 1306389   78.00000   82  128   80.00000   35.00000  56.3%  21.4 8468s
 2415317 1306746   71.00000   85  158   80.00000   35.00000  56.3%  21.4 8473s
 2415904 1307425 infeasible   97        80.00000   35.00000  56.3%  21.4 8480s
 2417020 1309620   77.00000   73  115   80.00000   35.00000  56.3%  21.4 8491s
 2420764 1310071   35.00000   45   86   80.00000   35.00000  56.3%  21.4 8497s
 2421453 1318121   77.00000   79  119   80.00000   35.00000  56.3%  21.4 8530s
 2435239 1318439 infeasible   81        80.00000   35.00000  56.3%  21.4 8539s
 2435729 1318736   79.00000   95   90   80.00000   35.00000  56.3%  21.4 8544s
 2436278 1319037   66.00000   76  177   80.00000   35.00000  56.3%  21.4 8548s
 2436803 1319428   70.00000   86  123   80.00000   35.00000  56.3%  21.4 8554s
 2437416 1321602   45.00000   36  267   80.00000   35.00000  56.3%  21.4 8563s
 2441112 1321967   50.00000   52  210   80.00000   35.00000  56.3%  21.4 8569s
 2441685 1323501   79.00000   75   68   80.00000   35.00000  56.3%  21.5 8575s
 2444332 1323887     cutoff   85        80.00000   35.00000  56.3%  21.4 8582s
 2444962 1331815   79.00000   72  151   80.00000   35.00000  56.3%  21.5 8616s
 2458365 1332139 infeasible   78        80.00000   35.00000  56.3%  21.4 8626s
 2458841 1332456   70.00000   62  148   80.00000   35.00000  56.3%  21.4 8630s
 2459331 1332887   62.00000   51  115   80.00000   35.00000  56.3%  21.5 8635s
 2460394 1335270   75.00000   86   76   80.00000   35.00000  56.3%  21.5 8650s
 2463845 1335687   63.00000   76   83   80.00000   35.00000  56.3%  21.5 8655s
 2464436 1337627   78.00000   98   82   80.00000   35.00000  56.3%  21.5 8661s
 2467584 1338059   67.00000   85  111   80.00000   35.00000  56.3%  21.5 8668s
 2468289 1344559   49.00000   64  113   80.00000   35.00000  56.3%  21.5 8695s
 2479590 1344891   55.00000   55  102   80.00000   35.00000  56.3%  21.4 8703s
 2480089 1345102   74.00000   77  122   80.00000   35.00000  56.3%  21.4 8707s
 2480518 1345356   66.00000   68  201   80.00000   35.00000  56.3%  21.5 8711s
 2480994 1345637 infeasible   84        80.00000   35.00000  56.3%  21.5 8716s
 2481540 1347791   76.00000   61  191   80.00000   35.00000  56.3%  21.5 8723s
 2485058 1348198 infeasible   87        80.00000   35.00000  56.3%  21.5 8729s
 2485615 1349944   73.00000   62  124   80.00000   35.00000  56.3%  21.5 8736s
 2488590 1350265   65.00000   58   77   80.00000   35.00000  56.3%  21.5 8741s
 2489119 1352120   79.00000   80   93   80.00000   35.00000  56.3%  21.5 8748s
 2492562 1352509   45.00000   56  193   80.00000   35.00000  56.3%  21.5 8754s
 2493187 1359389   47.00000   38  131   80.00000   35.00000  56.3%  21.5 8783s
 2505138 1359660 infeasible  101        80.00000   35.00000  56.3%  21.4 8791s
 2505581 1359911   75.00000   64  174   80.00000   35.00000  56.3%  21.4 8795s
 2506504 1360507   77.00000   46  112   80.00000   35.00000  56.3%  21.5 8804s
 2507004 1362138   79.00000   55   94   80.00000   35.00000  56.3%  21.5 8814s
 2509863 1362456 infeasible  107        80.00000   35.00000  56.3%  21.5 8818s
 2510376 1364199   75.00000   84  182   80.00000   35.00000  56.3%  21.5 8825s
 2513907 1366278   79.00000   90  114   80.00000   35.00000  56.3%  21.5 8836s
 2516928 1366671   76.00000   55  129   80.00000   35.00000  56.3%  21.5 8841s
 2517537 1373059   49.00000   60  141   80.00000   35.00000  56.3%  21.5 8868s
 2528401 1373418   74.00000  109  135   80.00000   35.00000  56.3%  21.4 8876s
 2528866 1373650   74.00000  124   87   80.00000   35.00000  56.3%  21.4 8880s
 2529356 1373954   79.00000  140   40   80.00000   35.00000  56.3%  21.5 8885s
 2530399 1375906   74.00000   56  155   80.00000   35.00000  56.3%  21.5 8895s
 2533262 1376210 infeasible   73        80.00000   35.00000  56.3%  21.5 8900s
 2533818 1377898   75.00000   71  153   80.00000   35.00000  56.3%  21.5 8908s
 2536850 1378247   78.00000   53  100   80.00000   35.00000  56.3%  21.5 8912s
 2537371 1379879   78.00000   82  100   80.00000   35.00000  56.3%  21.5 8921s
 2539938 1380269   51.00000   50  151   80.00000   35.00000  56.3%  21.5 8926s
 2540530 1386629   79.00000   75   71   80.00000   35.00000  56.3%  21.5 8953s
 2551774 1386870 infeasible   76        80.00000   35.00000  56.3%  21.4 8960s
 2552572 1387385   73.00000   62  138   80.00000   35.00000  56.3%  21.4 8967s
 2553008 1387736   77.00000   78  123   80.00000   35.00000  56.3%  21.5 8971s
 2553485 1389287   74.00000   62  161   80.00000   35.00000  56.3%  21.5 8977s
 2556134 1390274   35.00000   45   92   80.00000   35.00000  56.3%  21.5 8984s
 2557674 1390555 infeasible   75        80.00000   35.00000  56.3%  21.5 8988s
 2558119 1392300   62.00000   57  159   80.00000   35.00000  56.3%  21.5 8994s
 2561115 1392599   74.00000   86  126   80.00000   35.00000  56.3%  21.5 8998s
 2561560 1394180   74.00000   95  130   80.00000   35.00000  56.3%  21.5 9003s
 2564263 1394453   75.00000   67  134   80.00000   35.00000  56.3%  21.5 9009s
 2564796 1400616   75.00000   89  114   80.00000   35.00000  56.3%  21.5 9040s
 2575840 1400838 infeasible   84        80.00000   36.00000  55.0%  21.4 9049s
 2576358 1401128   77.00000   81  115   80.00000   36.00000  55.0%  21.4 9053s
 2576912 1401492 infeasible   70        80.00000   36.00000  55.0%  21.4 9058s
 2577532 1403678     cutoff   76        80.00000   36.00000  55.0%  21.4 9066s
 2581529 1403967 infeasible   72        80.00000   36.00000  55.0%  21.4 9072s
 2582106 1406229   78.00000   78  129   80.00000   36.00000  55.0%  21.4 9081s
 2586406 1406666 infeasible   59        80.00000   36.00000  55.0%  21.4 9089s
 2587147 1416358   77.00000   64  186   80.00000   36.00000  55.0%  21.4 9131s
 2604664 1416588   43.00000   66  221   80.00000   36.00000  55.0%  21.4 9143s
 2605102 1416871   61.00000   92  198   80.00000   36.00000  55.0%  21.4 9148s
 2605595 1417161   79.00000  102  135   80.00000   36.00000  55.0%  21.4 9153s
 2606141 1417520   78.00000   81   83   80.00000   36.00000  55.0%  21.4 9159s
 2606734 1419801     cutoff   78        80.00000   36.00000  55.0%  21.4 9172s
 2610779 1420186 infeasible  109        80.00000   36.00000  55.0%  21.4 9179s
 2611502 1430206   65.00000   76  209   80.00000   36.00000  55.0%  21.4 9221s
 2629465 1430486   55.00000   55  257   80.00000   36.00000  55.0%  21.4 9233s
 2629977 1430849   79.00000   81  128   80.00000   36.00000  55.0%  21.4 9238s
 2630520 1431199   65.00000   82  198   80.00000   36.00000  55.0%  21.4 9242s
 2631072 1431523   78.00000   97  119   80.00000   36.00000  55.0%  21.4 9248s
 2631666 1433856   77.00000   70  157   80.00000   36.00000  55.0%  21.4 9258s
 2635621 1434347   63.00000   77  156   80.00000   36.00000  55.0%  21.4 9265s
 2636385 1444074   75.00000   96  148   80.00000   36.00000  55.0%  21.4 9305s
 2653710 1444416   43.00000   59  111   80.00000   36.00000  55.0%  21.4 9318s
 2654212 1444710   71.00000   76  138   80.00000   36.00000  55.0%  21.4 9322s
 2654708 1445003   73.00000   88  102   80.00000   36.00000  55.0%  21.4 9327s
 2655239 1445353   68.00000   72  245   80.00000   36.00000  55.0%  21.4 9333s
 2655853 1447525   77.00000   88  178   80.00000   36.00000  55.0%  21.4 9344s
 2659475 1447992 infeasible  101        80.00000   36.00000  55.0%  21.4 9351s
 2660250 1457670   73.00000   83  138   80.00000   36.00000  55.0%  21.4 9391s
 2677574 1457978 infeasible   98        80.00000   36.00000  55.0%  21.3 9403s
 2678084 1458308   71.00000   72  141   80.00000   36.00000  55.0%  21.3 9407s
 2678602 1458617 infeasible   86        80.00000   36.00000  55.0%  21.4 9412s
 2679141 1458982   72.00000   77  150   80.00000   36.00000  55.0%  21.4 9418s
 2679768 1461398   58.00000   61  150   80.00000   36.00000  55.0%  21.4 9426s
 2684023 1461848 infeasible   96        80.00000   36.00000  55.0%  21.4 9435s
 2684801 1471437   79.00000   72  128   80.00000   36.00000  55.0%  21.4 9475s
 2701863 1471766 infeasible   94        80.00000   36.00000  55.0%  21.3 9486s
 2702338 1472090   74.00000   80  136   80.00000   36.00000  55.0%  21.3 9491s
 2702814 1472373   74.00000  103   94   80.00000   36.00000  55.0%  21.3 9496s
 2703327 1472688   66.00000   65  190   80.00000   36.00000  55.0%  21.3 9501s
 2703870 1474854   67.00000   67  196   80.00000   36.00000  55.0%  21.3 9513s
 2707683 1475611   73.00000   90  134   80.00000   36.00000  55.0%  21.3 9521s
 2709063 1480701   77.00000   79  159   80.00000   36.00000  55.0%  21.3 9542s
 2718150 1480945   47.00000   56  216   80.00000   36.00000  55.0%  21.3 9549s
 2718594 1481247 infeasible   75        80.00000   36.00000  55.0%  21.3 9553s
 2719090 1483313   71.00000   82  180   80.00000   36.00000  55.0%  21.3 9561s
 2722618 1483686   56.00000   37  206   80.00000   36.00000  55.0%  21.3 9566s
 2723135 1485750   79.00000   68  109   80.00000   36.00000  55.0%  21.3 9573s
 2726687 1486010 infeasible   88        80.00000   36.00000  55.0%  21.3 9578s
 2727165 1487860   78.00000   78  100   80.00000   36.00000  55.0%  21.3 9588s
 2730343 1488272 infeasible  156        80.00000   36.00000  55.0%  21.3 9595s
 2731005 1496834   48.00000   42  134   80.00000   36.00000  55.0%  21.3 9630s
 2746307 1497114   62.00000   54  251   80.00000   36.00000  55.0%  21.3 9640s
 2747161 1497597   73.00000   59  187   80.00000   36.00000  55.0%  21.3 9648s
 2747642 1497897   44.00000   46  227   80.00000   36.00000  55.0%  21.3 9652s
 2748136 1500126   58.00000   75  188   80.00000   36.00000  55.0%  21.3 9660s
 2751696 1500439 infeasible   86        80.00000   36.00000  55.0%  21.3 9665s
 2752167 1502676   75.00000   90  154   80.00000   36.00000  55.0%  21.3 9674s
 2756069 1502891 infeasible  101        80.00000   36.00000  55.0%  21.3 9678s
 2756432 1504385   76.00000   70  232   80.00000   36.00000  55.0%  21.3 9683s
 2759013 1504595 infeasible  115        80.00000   36.00000  55.0%  21.3 9687s
 2759381 1506047   76.00000   74  108   80.00000   36.00000  55.0%  21.3 9694s
 2761935 1506276 infeasible   88        80.00000   36.00000  55.0%  21.3 9698s
 2762318 1507937   76.00000   76  127   80.00000   36.00000  55.0%  21.3 9704s
 2765155 1508159   76.00000  104  132   80.00000   36.00000  55.0%  21.3 9708s
 2765571 1509794   74.00000   70  185   80.00000   36.00000  55.0%  21.3 9713s
 2768362 1510029 infeasible   87        80.00000   36.00000  55.0%  21.3 9717s
 2768751 1511440   78.00000   56  164   80.00000   36.00000  55.0%  21.3 9721s
 2771303 1512679   48.00000   51  185   80.00000   36.00000  55.0%  21.3 9729s
 2773799 1512928   65.00000   77  240   80.00000   36.00000  55.0%  21.3 9733s
 2774164 1514978   79.00000   93  153   80.00000   36.00000  55.0%  21.3 9740s
 2778207 1516536   79.00000   67  141   80.00000   36.00000  55.0%  21.3 9748s
 2780650 1516782 infeasible   76        80.00000   36.00000  55.0%  21.2 9751s
 2781008 1518196   76.00000   71  181   80.00000   36.00000  55.0%  21.2 9756s
 2783773 1519557   71.00000   60  156   80.00000   36.00000  55.0%  21.2 9765s
 2786188 1521233   56.00000   66  120   80.00000   36.00000  55.0%  21.2 9774s
 2788660 1522346   78.00000  122  195   80.00000   36.00000  55.0%  21.2 9779s
 2790642 1522718   72.00000   60  116   80.00000   37.00000  53.8%  21.2 9783s
 2791192 1524825   66.00000   62  114   80.00000   37.00000  53.8%  21.2 9790s
 2794594 1525169 infeasible   64        80.00000   37.00000  53.8%  21.2 9796s
 2795140 1527147   79.00000   99   76   80.00000   37.00000  53.8%  21.2 9803s
 2798536 1527733 infeasible   93        80.00000   37.00000  53.8%  21.2 9811s
 2799395 1536304   55.00000   79  233   80.00000   37.00000  53.8%  21.2 9850s
 2813890 1536698 infeasible   72        80.00000   37.00000  53.8%  21.2 9861s
 2814456 1537084 infeasible   75        80.00000   37.00000  53.8%  21.2 9867s
 2815104 1537508   75.00000   75  167   80.00000   37.00000  53.8%  21.2 9872s
 2815779 1539914   75.00000   76  184   80.00000   37.00000  53.8%  21.2 9880s
 2819696 1540376 infeasible   93        80.00000   37.00000  53.8%  21.2 9886s
 2820344 1543347   76.00000   57  166   80.00000   37.00000  53.8%  21.2 9897s
 2825201 1543694   64.00000   54  261   80.00000   37.00000  53.8%  21.2 9903s
 2825682 1545778   77.00000   70  155   80.00000   37.00000  53.8%  21.2 9910s
 2829115 1546138   58.00000   54  262   80.00000   37.00000  53.8%  21.2 9915s
 2829615 1548168   78.00000   78  157   80.00000   37.00000  53.8%  21.2 9923s
 2832982 1548519 infeasible  128        80.00000   37.00000  53.8%  21.2 9928s
 2833491 1550466   76.00000   65  128   80.00000   37.00000  53.8%  21.2 9934s
 2836903 1552294   78.00000   60  165   80.00000   37.00000  53.8%  21.2 9945s
 2839982 1552695 infeasible   94        80.00000   37.00000  53.8%  21.2 9950s
 2840551 1554729   72.00000   69  169   80.00000   37.00000  53.8%  21.2 9957s
 2843899 1555253   74.00000   57  126   80.00000   37.00000  53.8%  21.2 9964s
 2844711 1564610   75.00000   92  113   80.00000   37.00000  53.8%  21.2 10002s
 2860507 1564953   71.00000   65  232   80.00000   37.00000  53.8%  21.2 10014s
 2861004 1565308   78.00000   66  124   80.00000   37.00000  53.8%  21.2 10018s
 2861555 1565639   59.00000   45  198   80.00000   37.00000  53.8%  21.2 10024s
 2862134 1566546   79.00000   64  126   80.00000   37.00000  53.8%  21.2 10032s
 2863631 1569108   76.00000   71  157   80.00000   37.00000  53.8%  21.2 10041s
 2867818 1569634   45.00000   40  193   80.00000   37.00000  53.8%  21.2 10049s
 2868582 1579727   59.00000   69  182   80.00000   37.00000  53.8%  21.2 10090s
 2885872 1580001 infeasible   72        80.00000   37.00000  53.8%  21.2 10103s
 2886372 1580375   65.00000   76  183   80.00000   37.00000  53.8%  21.2 10108s
 2886914 1580700   65.00000   63  243   80.00000   37.00000  53.8%  21.2 10113s
 2887498 1581084   65.00000   87  198   80.00000   37.00000  53.8%  21.2 10119s
 2888096 1583534   74.00000   60  157   80.00000   37.00000  53.8%  21.2 10133s
 2892155 1584036   73.00000   49  149   80.00000   37.00000  53.8%  21.2 10140s
 2892903 1594406   72.00000   80  146   80.00000   37.00000  53.8%  21.2 10183s
 2910665 1594727 infeasible   83        80.00000   37.00000  53.8%  21.1 10196s
 2911160 1595042   78.00000   63  154   80.00000   37.00000  53.8%  21.1 10200s
 2912180 1597775   75.00000   61  209   80.00000   37.00000  53.8%  21.1 10213s
 2916168 1598303 infeasible   64        80.00000   37.00000  53.8%  21.1 10221s
 2916942 1608052   78.00000   83  100   80.00000   37.00000  53.8%  21.1 10261s
 2933642 1608288 infeasible   69        80.00000   37.00000  53.8%  21.1 10272s
 2934042 1608570   78.00000   58  177   80.00000   37.00000  53.8%  21.1 10277s
 2934506 1608880   66.00000   57  213   80.00000   37.00000  53.8%  21.1 10282s
 2935032 1609236 infeasible   79        80.00000   37.00000  53.8%  21.1 10288s
 2935623 1611455   76.00000   69  134   80.00000   37.00000  53.8%  21.1 10301s
 2939570 1611826 infeasible   77        80.00000   37.00000  53.8%  21.1 10309s
 2940273 1622247   75.00000   59  167   80.00000   37.00000  53.8%  21.1 10351s
 2950283 1622247   77.00000   82  103   80.00000   37.00000  53.8%  21.1 10355s
 2958291 1622543 infeasible   81        80.00000   37.00000  53.8%  21.1 10364s
 2958761 1622807   72.00000   73  150   80.00000   37.00000  53.8%  21.1 10368s
 2959249 1623113   62.00000   61  252   80.00000   37.00000  53.8%  21.1 10374s
 2959770 1623477 infeasible   84        80.00000   37.00000  53.8%  21.1 10379s
 2960366 1625749   73.00000   75  152   80.00000   37.00000  53.8%  21.1 10392s
 2964275 1626210   56.00000   54  261   80.00000   37.00000  53.8%  21.1 10400s
 2965044 1636347   79.00000   87   66   80.00000   37.00000  53.8%  21.1 10442s
 2982320 1636694   43.00000   51  238   80.00000   37.00000  53.8%  21.1 10454s
 2982839 1637038   74.00000   74  223   80.00000   37.00000  53.8%  21.1 10459s
 2983415 1637465   78.00000   92  131   80.00000   37.00000  53.8%  21.1 10464s
 2983994 1639695   78.00000   71  119   80.00000   37.00000  53.8%  21.1 10471s
 2987813 1640171 infeasible   92        80.00000   37.00000  53.8%  21.1 10479s
 2988575 1650233   76.00000   64  145   80.00000   37.00000  53.8%  21.1 10522s
 3005946 1650548 infeasible   55        80.00000   37.00000  53.8%  21.0 10535s
 3006393 1650807     cutoff   66        80.00000   37.00000  53.8%  21.0 10540s
 3006874 1651140   63.00000   44  202   80.00000   37.00000  53.8%  21.0 10545s
 3007385 1653419     cutoff   70        80.00000   37.00000  53.8%  21.0 10553s
 3011191 1653853 infeasible  107        80.00000   37.00000  53.8%  21.0 10561s
 3011899 1663881   79.00000   53  132   80.00000   37.00000  53.8%  21.0 10607s
 3029686 1664185   79.00000   91  151   80.00000   37.00000  53.8%  21.0 10619s
 3030210 1664492   47.00000   63  206   80.00000   37.00000  53.8%  21.0 10624s
 3030779 1664868   78.00000   89   94   80.00000   37.00000  53.8%  21.0 10629s
 3031381 1665220   69.00000   69  188   80.00000   37.00000  53.8%  21.0 10634s
 3031963 1667704   69.00000   89  145   80.00000   37.00000  53.8%  21.0 10648s
 3036178 1668124     cutoff   94        80.00000   37.00000  53.8%  21.0 10655s
 3036926 1678183   78.00000   70  106   80.00000   37.00000  53.8%  21.0 10697s
 3054593 1678473   48.00000   53  210   80.00000   37.00000  53.8%  21.0 10709s
 3055035 1678751 infeasible   63        80.00000   37.00000  53.8%  21.0 10713s
 3055525 1679104   68.00000   73  190   80.00000   37.00000  53.8%  21.0 10718s
 3056072 1679441 infeasible   83        80.00000   37.00000  53.8%  21.0 10723s
 3056678 1681791   74.00000   73  155   80.00000   37.00000  53.8%  21.0 10731s
 3060750 1682245   78.00000   92  128   80.00000   37.00000  53.8%  21.0 10739s
 3061469 1692175   47.00000   51  219   80.00000   37.00000  53.8%  21.0 10785s
 3079228 1692474   76.00000   67  186   80.00000   37.00000  53.8%  21.0 10797s
 3079675 1692668   76.00000   80  146   80.00000   37.00000  53.8%  21.0 10800s

Explored 3079947 nodes (64560798 simplex iterations) in 10800.30 seconds (258.54 work units)
Thread count was 18 (of 36 available processors)

Solution count 10: 80 81 83 ... 91

Time limit reached
Best objective 8.000000000000e+01, best bound 3.700000000000e+01, gap 53.7500%
