
Gurobi 11.0.0 (win64) logging started Fri May 10 03:58:42 2024

Set parameter LogFile to value "./Results/StripPacking-StaticBoundRuns/Logs/RUu-010-StripPacking-20.log"
Set parameter TimeLimit to value 10800
Set parameter Cuts to value 0
Set parameter Presolve to value 1
Set parameter Heuristics to value 0
Set parameter LPWarmStart to value 2
Gurobi Optimizer version 11.0.0 build v11.0.0rc2 (win64 - Windows 10.0 (19045.2))

CPU model: Intel(R) Core(TM) i9-10980XE CPU @ 3.00GHz, instruction set [SSE2|AVX|AVX2|AVX512]
Thread count: 18 physical cores, 36 logical processors, using up to 18 threads

Optimize a model with 1525 rows, 1251 columns and 6050 nonzeros
Model fingerprint: 0xe62aa733
Variable types: 51 continuous, 1200 integer (1200 binary)
Coefficient statistics:
  Matrix range     [1e+00, 1e+04]
  Objective range  [1e+00, 1e+00]
  Bounds range     [1e+00, 1e+04]
  RHS range        [1e+00, 3e+01]

Warning: Completing partial solution with 1200 unfixed non-continuous variables out of 1200
User MIP start produced solution with objective 104.8 (0.02s)
Loaded user MIP start with objective 104.8

Presolve removed 925 rows and 628 columns
Presolve time: 0.00s
Presolved: 600 rows, 623 columns, 2396 nonzeros
Found heuristic solution: objective 36.0000000
Variable types: 25 continuous, 598 integer (596 binary)

Explored 0 nodes (0 simplex iterations) in 0.02 seconds (0.01 work units)
Thread count was 18 (of 36 available processors)

Solution count 2: 36 104.8 

Optimal solution found (tolerance 1.00e-04)
Best objective 3.600000000000e+01, best bound 3.600000000000e+01, gap 0.0000%

Gurobi 11.0.0 (win64) logging started Mon May 13 10:56:03 2024

Set parameter LogFile to value "./Results/StripPacking-StaticBoundRuns/Logs/RUu-010-StripPacking-20.log"
Set parameter TimeLimit to value 10800
Set parameter Cuts to value 0
Set parameter Presolve to value 1
Set parameter Heuristics to value 0
Set parameter LPWarmStart to value 2
Gurobi Optimizer version 11.0.0 build v11.0.0rc2 (win64 - Windows 10.0 (19045.2))

CPU model: Intel(R) Core(TM) i9-10980XE CPU @ 3.00GHz, instruction set [SSE2|AVX|AVX2|AVX512]
Thread count: 18 physical cores, 36 logical processors, using up to 18 threads

Optimize a model with 2125 rows, 1251 columns and 7250 nonzeros
Model fingerprint: 0x89b686b7
Variable types: 51 continuous, 1200 integer (1200 binary)
Coefficient statistics:
  Matrix range     [1e+00, 1e+04]
  Objective range  [1e+00, 1e+00]
  Bounds range     [1e+00, 1e+04]
  RHS range        [1e+00, 3e+01]

Warning: Completing partial solution with 1200 unfixed non-continuous variables out of 1200
User MIP start produced solution with objective 104.8 (0.02s)
Loaded user MIP start with objective 104.8

Presolve time: 0.05s
Presolved: 2125 rows, 1251 columns, 7250 nonzeros
Variable types: 51 continuous, 1200 integer (1200 binary)

Root relaxation: objective 3.600000e+01, 670 iterations, 0.00 seconds (0.01 work units)

    Nodes    |    Current Node    |     Objective Bounds      |     Work
 Expl Unexpl |  Obj  Depth IntInf | Incumbent    BestBd   Gap | It/Node Time

     0     0   36.00000    0  102  104.80000   36.00000  65.6%     -    0s
     0     0   36.00000    0   76  104.80000   36.00000  65.6%     -    0s
     0     2   36.00000    0   76  104.80000   36.00000  65.6%     -    0s
  2100  2379   54.00000   88  159  104.80000   36.00000  65.6%  13.8    5s
  4765  4038   36.00000   19   88  104.80000   36.00000  65.6%  15.4   10s
  6116  5136   48.00000   50  155  104.80000   36.00000  65.6%  17.5   15s
  8539  6167   63.00000  105  128  104.80000   36.00000  65.6%  18.1   20s
 10462  7277   54.00000   30  166  104.80000   36.00000  65.6%  18.4   25s
 12354  8122   92.00000   68  139  104.80000   36.00000  65.6%  18.5   30s
*14557  8292             175     104.0000000   36.00000  65.4%  18.1   34s
 14697  8352  101.00000   87  115  104.00000   36.00000  65.4%  18.3   35s
 16792 10033   59.00000   52  127  104.00000   36.00000  65.4%  18.0   40s
 18289 11296   89.00000   87  138  104.00000   36.00000  65.4%  18.0   45s
*19033 11199             130     103.0000000   36.00000  65.0%  17.8   45s
 20454 12332 infeasible   85       103.00000   36.00000  65.0%  17.8   50s
 21760 14107 infeasible   51       103.00000   36.00000  65.0%  17.9   55s
 23733 14836   71.00000   61  186  103.00000   36.00000  65.0%  18.1   60s
 25764 17084   47.00000   51  165  103.00000   36.00000  65.0%  18.1   66s
 27439 18384   70.00000   52  173  103.00000   36.00000  65.0%  18.1   71s
 29941 20223   72.00000   48  105  103.00000   36.00000  65.0%  18.2   77s
 31541 21515  102.00000   65  137  103.00000   36.00000  65.0%  18.4   82s
 32961 21758 infeasible   79       103.00000   36.00000  65.0%  18.2   85s
 35004 24188  102.00000   99   69  103.00000   36.00000  65.0%  18.1   91s
 37172 25680   84.00000   64  135  103.00000   36.00000  65.0%  18.1   97s
 39000 27115   62.00000   90  228  103.00000   36.00000  65.0%  18.5  104s
 40626 27528   85.00000   71  153  103.00000   36.00000  65.0%  18.7  106s
 41133 29064   97.00000   81  124  103.00000   36.00000  65.0%  18.9  111s
 43802 31459   73.00000   70  166  103.00000   36.00000  65.0%  18.8  120s
 47467 33553   91.00000   83  125  103.00000   36.00000  65.0%  18.7  128s
 49705 33892 infeasible  109       103.00000   36.00000  65.0%  18.5  132s
 50134 35469   48.00000   65  175  103.00000   36.00000  65.0%  18.7  136s
 52356 35746   80.00000   77  147  103.00000   36.00000  65.0%  18.6  140s
 54344 36747  101.00000   88   73  103.00000   36.00000  65.0%  18.6  145s
 54966 38994   89.00000   92  150  103.00000   36.00000  65.0%  18.8  153s
 57557 40877   56.00000   80  178  103.00000   36.00000  65.0%  18.7  159s
 60136 41142 infeasible  101       103.00000   36.00000  65.0%  18.6  162s
 60557 42818   48.00000   78  185  103.00000   36.00000  65.0%  18.8  169s
 63057 43153 infeasible  124       103.00000   36.00000  65.0%  18.6  173s
 63506 44853   80.00000   88  124  103.00000   36.00000  65.0%  18.8  178s
 66064 45296 infeasible  123       103.00000   36.00000  65.0%  18.6  183s
 66679 51320   88.00000   77  152  103.00000   36.00000  65.0%  18.8  204s
 76097 51574   73.00000   79  159  103.00000   36.00000  65.0%  18.4  210s
 76832 52142   75.00000   77  104  103.00000   36.00000  65.0%  18.6  216s
*76989 50237             108     102.0000000   36.00000  64.7%  18.7  216s
 77299 51922   75.00000   93  114  102.00000   36.00000  64.7%  18.7  222s
 80031 52142   51.00000   75  187  102.00000   36.00000  64.7%  18.6  225s
 80480 53677   70.00000   92  172  102.00000   36.00000  64.7%  18.8  232s
 82952 53970   61.00000   45   93  102.00000   36.00000  64.7%  18.7  236s
 83431 55664   98.00000   85   80  102.00000   36.00000  64.7%  18.9  242s
 86176 55862 infeasible   86       102.00000   36.00000  64.7%  18.8  246s
 86568 57506   87.00000  103  122  102.00000   36.00000  64.7%  18.9  251s
 89277 57787 infeasible   92       102.00000   36.00000  64.7%  18.8  255s
 89768 66170   66.00000   88  144  102.00000   36.00000  64.7%  19.0  281s
*98423 64845             160     101.0000000   36.00000  64.4%  18.5  284s
 102418 64959 infeasible  117       101.00000   37.00000  63.4%  18.3  288s
 102790 65308   90.00000   87  109  101.00000   37.00000  63.4%  18.4  292s
*103011 63968             124     100.0000000   37.00000  63.0%  18.4  292s
*103111 62719             101      99.0000000   37.00000  62.6%  18.4  292s
 103305 63006   47.00000   71  150   99.00000   37.00000  62.6%  18.4  295s
*103517 59548             140      97.0000000   37.00000  61.9%  18.5  295s
 104345 61580   87.00000  111   81   97.00000   37.00000  61.9%  18.5  306s
 107238 63559   55.00000   66  218   97.00000   37.00000  61.9%  18.6  314s
 109873 63832   81.00000   94  135   97.00000   37.00000  61.9%  18.5  317s
 110254 65653   81.00000  113  100   97.00000   37.00000  61.9%  18.6  323s
 113401 65986   48.00000   86  224   97.00000   37.00000  61.9%  18.4  327s
 113906 74861   48.00000  107  221   97.00000   37.00000  61.9%  18.5  357s
 127664 75057 infeasible  148        97.00000   37.00000  61.9%  18.0  364s
 128020 75414   90.00000   58  138   97.00000   37.00000  61.9%  18.1  367s
 128493 75684   90.00000   85  106   97.00000   37.00000  61.9%  18.2  371s
*129074 74477             114      96.0000000   37.00000  61.5%  18.2  374s
 129467 76018   68.00000   85  138   96.00000   37.00000  61.5%  18.3  381s
 132277 76503   93.00000   90   64   96.00000   37.00000  61.5%  18.3  387s
 132716 78371   94.00000  109   27   96.00000   37.00000  61.5%  18.3  393s
*133238 75088             153      94.0000000   37.00000  60.6%  18.3  393s
 135722 76644   78.00000  106  171   94.00000   37.00000  60.6%  18.2  400s
 138895 78753   59.00000   78  131   94.00000   37.00000  60.6%  18.3  410s
 142387 80657   78.00000   88  143   94.00000   37.00000  60.6%  18.3  420s
 145253 82895   79.00000   88  197   94.00000   37.00000  60.6%  18.3  429s
 147969 83277   66.00000   73  220   94.00000   37.00000  60.6%  18.2  432s
 148455 84946   88.00000   93  131   94.00000   37.00000  60.6%  18.2  438s
 151099 86484   90.00000  124  135   94.00000   37.00000  60.6%  18.1  442s
 153365 86835 infeasible  114        94.00000   37.00000  60.6%  18.1  446s
 153834 88481   85.00000   72  126   94.00000   37.00000  60.6%  18.1  450s
 156763 90394   92.00000   80  115   94.00000   37.00000  60.6%  18.1  458s
 159285 92128   64.00000   92  128   94.00000   37.00000  60.6%  18.0  467s
 162046 92361 infeasible  134        94.00000   37.00000  60.6%  18.0  470s
 162431 93993   66.00000   86  118   94.00000   38.00000  59.6%  18.0  475s
 165419 95717   82.00000   88  129   94.00000   38.00000  59.6%  18.0  482s
 167765 95936   72.00000   58  192   94.00000   38.00000  59.6%  18.0  485s
 168200 97550   90.00000   78  122   94.00000   38.00000  59.6%  18.1  490s
 171289 99551   39.00000   47  159   94.00000   38.00000  59.6%  18.0  498s
 173867 99907 infeasible  103        94.00000   39.00000  58.5%  18.0  502s
 174342 101586   69.00000   82  112   94.00000   39.00000  58.5%  18.0  507s
 176921 102998   66.00000   64  179   94.00000   39.00000  58.5%  18.0  514s
 179158 103276 infeasible   56        94.00000   39.00000  58.5%  17.9  517s
 179560 104775   63.00000   51  172   94.00000   39.00000  58.5%  18.0  521s
 181974 105222   59.00000   61  157   94.00000   39.00000  58.5%  17.9  526s
 182587 111063   79.00000   83  135   94.00000   39.00000  58.5%  18.0  546s
 191777 111408   64.00000   83  134   94.00000   39.00000  58.5%  17.8  552s
 192226 111764   61.00000   74  177   94.00000   39.00000  58.5%  17.9  555s
*192357 111741              99      94.0000000   39.00000  58.5%  17.9  555s
 192700 113102   80.00000   96  117   94.00000   39.00000  58.5%  17.9  561s
 195446 115063   88.00000   67  181   94.00000   39.00000  58.5%  17.9  569s
 198004 115350 infeasible  124        94.00000   39.00000  58.5%  17.8  572s
 198459 117093   67.00000   90  169   94.00000   40.00000  57.4%  17.9  577s
 201190 117462 infeasible   87        94.00000   40.00000  57.4%  17.8  580s
 201665 119226   77.00000   92  181   94.00000   40.00000  57.4%  17.8  585s
 204271 121465   55.00000   57  171   94.00000   40.00000  57.4%  17.8  592s
 207580 121730   83.00000   78  127   94.00000   40.00000  57.4%  17.7  596s
 207937 123303   86.00000   98   97   94.00000   40.00000  57.4%  17.7  600s
 210771 125108   82.00000   77  138   94.00000   40.00000  57.4%  17.7  608s
 213199 125514     cutoff  142        94.00000   40.00000  57.4%  17.6  612s
 213836 126930   92.00000   94   98   94.00000   40.00000  57.4%  17.6  616s
 216643 128454   84.00000   91   52   94.00000   40.00000  57.4%  17.6  624s
 218716 128637 infeasible  107        94.00000   40.00000  57.4%  17.6  627s
 219101 130114   73.00000   74  191   94.00000   40.00000  57.4%  17.6  632s
 221636 130475 infeasible   91        94.00000   40.00000  57.4%  17.6  636s
 222276 131944   87.00000   98   81   94.00000   40.00000  57.4%  17.6  640s
 225211 133701   84.00000   80  168   94.00000   40.00000  57.4%  17.6  648s
 227636 134041   47.00000   82  183   94.00000   41.00000  56.4%  17.5  652s
 228202 140728   84.00000   83  134   94.00000   41.00000  56.4%  17.6  682s
 238922 141034 infeasible   94        94.00000   41.00000  56.4%  17.4  688s
 239356 141411 infeasible  119        94.00000   41.00000  56.4%  17.4  691s
*239697 131737             123      92.0000000   41.00000  55.4%  17.4  691s
*239956 128101             130      91.0000000   41.00000  54.9%  17.5  694s
 240354 129704     cutoff  110        91.00000   41.00000  54.9%  17.5  699s
 243132 131140     cutoff  126        91.00000   41.00000  54.9%  17.4  704s
 245535 131441   90.00000   75  157   91.00000   41.00000  54.9%  17.4  707s
 245961 133031   90.00000  102   46   91.00000   41.00000  54.9%  17.4  712s
 248575 133355 infeasible  115        91.00000   41.00000  54.9%  17.4  715s
 249027 135094   81.00000   72  151   91.00000   41.00000  54.9%  17.4  721s
 251786 135470   60.00000   64  219   91.00000   41.00000  54.9%  17.3  725s
 252306 143012   87.00000   73  147   91.00000   41.00000  54.9%  17.4  753s
 264436 143194   59.00000   70  185   91.00000   41.00000  54.9%  17.2  759s
 264748 143421   81.00000   74  131   91.00000   41.00000  54.9%  17.2  761s
*264923 138826             100      90.0000000   41.00000  54.4%  17.2  761s
 265514 140500   57.00000   65  240   90.00000   41.00000  54.4%  17.2  770s
 268463 142471   78.00000   69  161   90.00000   41.00000  54.4%  17.2  778s
 271055 143429   78.00000   73  195   90.00000   41.00000  54.4%  17.2  782s
 272563 143679   87.00000  106   54   90.00000   41.00000  54.4%  17.2  785s
 272937 145208   66.00000   70  185   90.00000   41.00000  54.4%  17.2  790s
 275388 146997   69.00000   64  205   90.00000   41.00000  54.4%  17.1  796s
 278622 148402   75.00000   71  183   90.00000   41.00000  54.4%  17.1  803s
 280686 148722   70.00000   90  131   90.00000   42.00000  53.3%  17.1  806s
 281117 151127   61.00000   55  128   90.00000   42.00000  53.3%  17.2  814s
 284679 151666   84.00000   59  124   90.00000   42.00000  53.3%  17.1  819s
 285356 153851   84.00000   79   86   90.00000   42.00000  53.3%  17.2  825s
 288778 154313   69.00000   59  174   90.00000   42.00000  53.3%  17.1  830s
 289367 156593   69.00000   59  179   90.00000   42.00000  53.3%  17.2  837s
 292802 156993 infeasible   92        90.00000   42.00000  53.3%  17.2  842s
 293472 159706   73.00000   55  122   90.00000   42.00000  53.3%  17.2  851s
 297425 160541 infeasible   97        90.00000   42.00000  53.3%  17.1  859s
 298598 166452   89.00000   97   97   90.00000   42.00000  53.3%  17.2  880s
 307892 166730   74.00000   73  161   90.00000   42.00000  53.3%  17.1  887s
 308385 167123     cutoff   91        90.00000   42.00000  53.3%  17.2  891s
 308999 169412   87.00000   78  132   90.00000   42.00000  53.3%  17.2  901s
 312774 169809 infeasible   85        90.00000   42.00000  53.3%  17.2  906s
 313397 172254   85.00000   95   94   90.00000   42.00000  53.3%  17.2  914s
 317395 172614   48.00000  103  191   90.00000   42.00000  53.3%  17.2  920s
 317980 175074 infeasible   83        90.00000   42.00000  53.3%  17.2  929s
 322084 175606 infeasible  123        90.00000   42.00000  53.3%  17.2  935s
 322934 183765   88.00000  111  106   90.00000   42.00000  53.3%  17.3  971s
 336551 184132   72.00000   85  142   90.00000   42.00000  53.3%  17.1  980s
 337732 184955 infeasible  124        90.00000   42.00000  53.3%  17.2  988s
 338355 187303   86.00000   67  140   90.00000   42.00000  53.3%  17.3  996s
 342298 188089 infeasible   81        90.00000   42.00000  53.3%  17.2 1001s
 343612 190540   62.00000   64  148   90.00000   42.00000  53.3%  17.3 1010s
 347716 190972   84.00000   80  179   90.00000   42.00000  53.3%  17.2 1016s
 348425 200259   88.00000  110   70   90.00000   42.00000  53.3%  17.3 1050s
 364163 200587   57.00000   59  149   90.00000   42.00000  53.3%  17.1 1059s
 364643 200951   85.00000   92  123   90.00000   42.00000  53.3%  17.2 1062s
*364842 185083             138      88.0000000   42.00000  52.3%  17.2 1062s
 365211 185315   48.00000   57  203   88.00000   42.00000  52.3%  17.2 1066s
 365713 185637 infeasible   76        88.00000   42.00000  52.3%  17.2 1070s
 366310 187703   68.00000   80  156   88.00000   42.00000  52.3%  17.3 1078s
 370013 188036 infeasible   94        88.00000   42.00000  52.3%  17.3 1084s
 370620 197883   67.00000   65  138   88.00000   42.00000  52.3%  17.3 1122s
 386846 198161   84.00000   80  157   88.00000   42.00000  52.3%  17.2 1131s
 387802 198808   62.00000   83  159   88.00000   42.00000  52.3%  17.2 1138s
 388321 199142   81.00000   74  142   88.00000   42.00000  52.3%  17.3 1142s
 388927 201096   87.00000   96   26   88.00000   42.00000  52.3%  17.3 1152s
 392217 201611 infeasible  109        88.00000   42.00000  52.3%  17.3 1157s
 392939 209334   82.00000   76  152   88.00000   42.00000  52.3%  17.3 1187s
 405739 209602   61.00000   43  137   88.00000   42.00000  52.3%  17.2 1194s
 406175 209884   73.00000   75  147   88.00000   42.00000  52.3%  17.2 1197s
 406625 210176   67.00000   72  124   88.00000   42.00000  52.3%  17.3 1201s
 407152 210621 infeasible   85        88.00000   42.00000  52.3%  17.3 1205s
 407948 212358   85.00000   69  104   88.00000   42.00000  52.3%  17.3 1211s
 410955 212666   77.00000   46  112   88.00000   42.00000  52.3%  17.3 1216s
 411469 214716   86.00000   55  149   88.00000   42.00000  52.3%  17.3 1223s
 414860 215117   64.00000   63  126   88.00000   42.00000  52.3%  17.3 1228s
 415459 222377   85.00000  100   77   88.00000   42.00000  52.3%  17.3 1256s
 427639 222583   63.00000   70  155   88.00000   42.00000  52.3%  17.2 1263s
 428035 222872 infeasible   80        88.00000   42.00000  52.3%  17.2 1266s
 428879 224620   80.00000  106   99   88.00000   42.00000  52.3%  17.3 1277s
 431392 224990 infeasible   82        88.00000   42.00000  52.3%  17.3 1281s
 431926 226827   81.00000   63  150   88.00000   42.00000  52.3%  17.3 1286s
 435140 228768   84.00000   66  145   88.00000   42.00000  52.3%  17.3 1295s
 437843 230099   87.00000  119  121   88.00000   42.00000  52.3%  17.3 1301s
 440474 232376   59.00000   59  167   88.00000   42.00000  52.3%  17.3 1311s
 443816 232622   64.00000   68  181   88.00000   42.00000  52.3%  17.3 1315s
 444234 234190   75.00000   78  144   88.00000   43.00000  51.1%  17.3 1322s
 446746 234687 infeasible  107        88.00000   43.00000  51.1%  17.3 1326s
 447413 237298   86.00000   60  170   88.00000   43.00000  51.1%  17.3 1334s
 451165 237837   79.00000   61  140   88.00000   43.00000  51.1%  17.3 1339s
 451822 240415   83.00000   94   91   88.00000   43.00000  51.1%  17.3 1347s
 455513 242693   81.00000   99  189   88.00000   43.00000  51.1%  17.3 1354s
 458751 243228   77.00000   58  145   88.00000   43.00000  51.1%  17.3 1359s
 459377 245407   59.00000   52  163   88.00000   43.00000  51.1%  17.3 1366s
 462584 247106   49.00000   37  117   88.00000   43.00000  51.1%  17.3 1376s
 465183 247746   72.00000   58  149   88.00000   43.00000  51.1%  17.3 1381s
 465979 251058   76.00000   84   79   88.00000   43.00000  51.1%  17.3 1392s
 470879 251595 infeasible  136        88.00000   43.00000  51.1%  17.3 1397s
 471548 254137   84.00000   70  117   88.00000   43.00000  51.1%  17.3 1404s
 475329 256371   82.00000  139   97   88.00000   43.00000  51.1%  17.3 1412s
 478599 256792   64.00000   51  190   88.00000   43.00000  51.1%  17.3 1416s
 479234 259167   87.00000   81   78   88.00000   43.00000  51.1%  17.3 1423s
 482749 259618   85.00000   64  163   88.00000   43.00000  51.1%  17.3 1428s
 483348 262052   58.00000   41  218   88.00000   43.00000  51.1%  17.3 1436s
 486832 264555   71.00000  131  199   88.00000   43.00000  51.1%  17.3 1448s
 490535 264933   72.00000   74  199   88.00000   43.00000  51.1%  17.2 1452s
 491037 267213   84.00000   95  142   88.00000   43.00000  51.1%  17.2 1459s
 494460 267657   72.00000   71  169   88.00000   43.00000  51.1%  17.2 1463s
 495052 269824   86.00000  101  100   88.00000   43.00000  51.1%  17.2 1470s
 498803 272176   82.00000   91   99   88.00000   43.00000  51.1%  17.2 1479s
 501473 274020   84.00000  181   48   88.00000   43.00000  51.1%  17.2 1485s
 504991 276743   75.00000   89  133   88.00000   43.00000  51.1%  17.2 1496s
 508298 277159   80.00000   68  134   88.00000   43.00000  51.1%  17.2 1501s
 508887 279454   83.00000   97  126   88.00000   43.00000  51.1%  17.2 1508s
 512330 279790 infeasible   62        88.00000   43.00000  51.1%  17.2 1512s
 512800 281841   87.00000   76  137   88.00000   43.00000  51.1%  17.2 1519s
*514378 268820             139      87.0000000   43.00000  50.6%  17.2 1520s
 516982 271316   43.00000   44  210   87.00000   43.00000  50.6%  17.2 1531s
 520203 271738   72.00000   48  179   87.00000   43.00000  50.6%  17.2 1535s
 520745 273594   80.00000   61  150   87.00000   43.00000  50.6%  17.3 1543s
 523528 273977 infeasible   52        87.00000   43.00000  50.6%  17.2 1547s
*523732 262406             124      86.0000000   43.00000  50.0%  17.2 1547s
 524063 264771   81.00000   87  137   86.00000   43.00000  50.0%  17.3 1554s
 527603 266743   85.00000  125  129   86.00000   43.00000  50.0%  17.2 1560s
 530795 267201 infeasible   78        86.00000   43.00000  50.0%  17.2 1566s
 531503 276139   80.00000   91  133   86.00000   43.00000  50.0%  17.3 1598s
 545643 276379 infeasible  111        86.00000   43.00000  50.0%  17.2 1607s
 546093 276665 infeasible   92        86.00000   43.00000  50.0%  17.2 1610s
 546980 279035   74.00000   69  163   86.00000   43.00000  50.0%  17.2 1620s
 550297 279308 infeasible  138        86.00000   43.00000  50.0%  17.2 1625s
 550789 281467   66.00000   56  223   86.00000   43.00000  50.0%  17.2 1634s
 554209 282365 infeasible   91        86.00000   43.00000  50.0%  17.2 1641s
 555705 286524   79.00000   81  145   86.00000   43.00000  50.0%  17.2 1656s
 562548 286859 infeasible  142        86.00000   43.00000  50.0%  17.2 1660s
 563588 289466   81.00000   80  186   86.00000   43.00000  50.0%  17.2 1672s
 567584 289767 infeasible  114        86.00000   43.00000  50.0%  17.2 1677s
 568105 291924   85.00000   72  167   86.00000   43.00000  50.0%  17.2 1685s
 571655 294026   76.00000  100  125   86.00000   43.00000  50.0%  17.2 1694s
 575446 294291 infeasible  101        86.00000   43.00000  50.0%  17.2 1699s
 575903 296522   85.00000   91  102   86.00000   43.00000  50.0%  17.2 1711s
 580404 296726   82.00000   88  127   86.00000   43.00000  50.0%  17.1 1715s
 580828 298515   85.00000   91  111   86.00000   43.00000  50.0%  17.2 1721s
 584059 298813   74.00000   71  174   86.00000   43.00000  50.0%  17.1 1725s
 584539 300817   78.00000   86   98   86.00000   43.00000  50.0%  17.2 1733s
 588282 301070 infeasible  104        86.00000   43.00000  50.0%  17.1 1737s
 588773 303323   83.00000   90  120   86.00000   43.00000  50.0%  17.1 1745s
 592986 305356   83.00000   81   89   86.00000   43.00000  50.0%  17.1 1759s
 596427 305520 infeasible   64        86.00000   43.00000  50.0%  17.1 1763s
 596916 307414   85.00000   88  136   86.00000   43.00000  50.0%  17.1 1770s
 600538 307734 infeasible   92        86.00000   43.00000  50.0%  17.1 1776s
*601148 290151             114      85.0000000   43.00000  49.4%  17.1 1776s
 601314 297241     cutoff   94        85.00000   43.00000  49.4%  17.1 1809s
 616432 297388 infeasible   82        85.00000   43.00000  49.4%  17.0 1817s
 616906 297631   82.00000   87  111   85.00000   43.00000  49.4%  17.0 1821s
 617442 297891   82.00000   96  113   85.00000   43.00000  49.4%  17.0 1825s
 618483 299931   59.00000   79  180   85.00000   43.00000  49.4%  17.1 1837s
 622114 300107 infeasible   86        85.00000   43.00000  49.4%  17.1 1841s
 622618 301999   83.00000   92  111   85.00000   43.00000  49.4%  17.1 1853s
 626381 302138 infeasible  112        85.00000   43.00000  49.4%  17.1 1856s
 626718 303680   75.00000   91  184   85.00000   43.00000  49.4%  17.1 1862s
 629765 303838 infeasible  124        85.00000   43.00000  49.4%  17.1 1866s
 630165 305426   78.00000   84  126   85.00000   43.00000  49.4%  17.1 1872s
 633078 305601 infeasible  123        85.00000   43.00000  49.4%  17.1 1875s
 633475 307169   83.00000   95  132   85.00000   43.00000  49.4%  17.1 1881s
 636277 307361 infeasible   79        85.00000   43.00000  49.4%  17.1 1885s
 636667 308816   48.00000   96  163   85.00000   43.00000  49.4%  17.1 1890s
 639768 310520   77.00000   90   99   85.00000   43.00000  49.4%  17.1 1900s
 643086 312433   80.00000   81  102   85.00000   43.00000  49.4%  17.1 1910s
 645861 312774   59.00000   76  192   85.00000   43.00000  49.4%  17.1 1915s
 646412 320669   45.00000  107  228   85.00000   43.00000  49.4%  17.1 1947s
 659719 320891 infeasible   86        85.00000   43.00000  49.4%  17.1 1954s
 660111 321103   65.00000   94  155   85.00000   43.00000  49.4%  17.1 1958s
 660511 321333   59.00000   90  143   85.00000   43.00000  49.4%  17.1 1960s
 661233 322908   84.00000   74  176   85.00000   43.00000  49.4%  17.1 1970s
 664115 324884   81.00000   93  134   85.00000   43.00000  49.4%  17.2 1979s
 667038 325190 infeasible   84        85.00000   43.00000  49.4%  17.2 1983s
 667552 326988   75.00000   83  134   85.00000   43.00000  49.4%  17.2 1990s
 671723 327686   68.00000   62  151   85.00000   43.00000  49.4%  17.2 1997s
 672094 329103   83.00000   86  166   85.00000   43.00000  49.4%  17.2 2001s
 674865 330421   65.00000   78  151   85.00000   43.00000  49.4%  17.2 2010s
 677466 332436   45.00000   77  195   85.00000   43.00000  49.4%  17.2 2019s
 680299 332820 infeasible   68        85.00000   43.00000  49.4%  17.2 2023s
 681098 334354   82.00000   92   98   85.00000   43.00000  49.4%  17.2 2029s
 683778 334667 infeasible  116        85.00000   44.00000  48.2%  17.2 2033s
 684209 336389   83.00000   67  136   85.00000   44.00000  48.2%  17.2 2039s
 687221 336685 infeasible   56        85.00000   44.00000  48.2%  17.2 2042s
 687699 338402   81.00000   64  148   85.00000   44.00000  48.2%  17.2 2051s
 690718 338750 infeasible  101        85.00000   44.00000  48.2%  17.2 2056s
 691310 346119   66.00000   45  114   85.00000   44.00000  48.2%  17.2 2086s
 703874 346301 infeasible   87        85.00000   44.00000  48.2%  17.2 2094s
 704264 346542   83.00000   63  100   85.00000   44.00000  48.2%  17.2 2097s
 704695 346802 infeasible  104        85.00000   44.00000  48.2%  17.2 2100s
 705649 348774   82.00000   95   68   85.00000   44.00000  48.2%  17.2 2110s
 708658 349032 infeasible   83        85.00000   44.00000  48.2%  17.2 2115s
 709163 350575   77.00000   69  137   85.00000   44.00000  48.2%  17.3 2122s
 712022 350844 infeasible   97        85.00000   44.00000  48.2%  17.2 2126s
 712461 352604   81.00000   72  142   85.00000   44.00000  48.2%  17.3 2133s
 715630 352780 infeasible   66        85.00000   44.00000  48.2%  17.3 2136s
 715950 354218   66.00000   42  220   85.00000   44.00000  48.2%  17.3 2140s
 718733 355997   78.00000   80  169   85.00000   44.00000  48.2%  17.3 2149s
 721270 356242   55.00000   53  141   85.00000   44.00000  48.2%  17.3 2152s
 721659 357894   66.00000   64  146   85.00000   44.00000  48.2%  17.3 2158s
 724206 358132   74.00000   76  164   85.00000   44.00000  48.2%  17.3 2161s
 724604 359455   74.00000   82  155   85.00000   44.00000  48.2%  17.3 2168s
 726882 359704 infeasible   72        85.00000   44.00000  48.2%  17.3 2171s
 727291 361347   84.00000   73   89   85.00000   44.00000  48.2%  17.3 2176s
 729901 361620 infeasible   77        85.00000   44.00000  48.2%  17.3 2180s
 730304 363328   74.00000  102  135   85.00000   44.00000  48.2%  17.3 2185s
 733005 364964 infeasible   80        85.00000   44.00000  48.2%  17.3 2190s
 735523 365329   83.00000  124   60   85.00000   44.00000  48.2%  17.3 2195s
 736062 371856   76.00000   71  178   85.00000   44.00000  48.2%  17.3 2221s
 746912 372076   75.00000   64  156   85.00000   44.00000  48.2%  17.2 2227s
 747284 372317   78.00000   84   99   85.00000   44.00000  48.2%  17.3 2230s
 748076 372920   81.00000   69  113   85.00000   44.00000  48.2%  17.3 2237s
 748555 374272   69.00000   52  222   85.00000   44.00000  48.2%  17.3 2243s
 750859 375557 infeasible   52        85.00000   44.00000  48.2%  17.3 2249s
 753119 375790   71.00000   78  177   85.00000   44.00000  48.2%  17.3 2252s
 753537 377340   84.00000   91   70   85.00000   44.00000  48.2%  17.3 2258s
 756306 377589 infeasible   99        85.00000   45.00000  47.1%  17.3 2261s
 756789 379753   84.00000   60  133   85.00000   45.00000  47.1%  17.3 2269s
 760551 380094   80.00000   66  143   85.00000   45.00000  47.1%  17.3 2275s
 761220 388744   82.00000  105   97   85.00000   45.00000  47.1%  17.3 2310s
 776695 389025 infeasible   91        85.00000   45.00000  47.1%  17.2 2319s
 777132 389373   77.00000   62  125   85.00000   45.00000  47.1%  17.2 2322s
 777560 389741     cutoff   76        85.00000   45.00000  47.1%  17.2 2326s
 778591 392092   84.00000  100   57   85.00000   45.00000  47.1%  17.3 2340s
 782531 394891   79.00000   75  122   85.00000   45.00000  47.1%  17.3 2353s
 786501 395166   67.00000   50  189   85.00000   45.00000  47.1%  17.2 2357s
 786974 396845   81.00000   77  122   85.00000   45.00000  47.1%  17.3 2362s
 789755 397111 infeasible   85        85.00000   45.00000  47.1%  17.3 2366s
 790213 398855   83.00000   83  138   85.00000   45.00000  47.1%  17.3 2372s
 793129 400349   76.00000   95  151   85.00000   45.00000  47.1%  17.3 2379s
 796001 400524 infeasible  102        85.00000   45.00000  47.1%  17.2 2382s
 796364 402201   77.00000   88  202   85.00000   45.00000  47.1%  17.3 2388s
 799261 402404 infeasible  101        85.00000   45.00000  47.1%  17.3 2391s
 799680 403744   76.00000   90  205   85.00000   45.00000  47.1%  17.3 2399s
 802222 403936 infeasible  110        85.00000   45.00000  47.1%  17.3 2402s
 802678 405487   69.00000   96  130   85.00000   45.00000  47.1%  17.3 2408s
 805557 405867 infeasible  114        85.00000   45.00000  47.1%  17.3 2413s
 806193 412476   79.00000   87  116   85.00000   45.00000  47.1%  17.3 2442s
 818395 412700 infeasible  103        85.00000   45.00000  47.1%  17.2 2449s
 818823 413013   80.00000   69   99   85.00000   45.00000  47.1%  17.3 2452s
 819273 413308   82.00000   91   45   85.00000   45.00000  47.1%  17.3 2456s
 820183 415251   63.00000   75  149   85.00000   45.00000  47.1%  17.3 2465s
 823024 415565 infeasible  147        85.00000   45.00000  47.1%  17.3 2470s
 823755 417201   60.00000   51  141   85.00000   45.00000  47.1%  17.3 2476s
 826867 417557   49.00000   57  239   85.00000   45.00000  47.1%  17.3 2481s
 827347 419431   48.00000   40  168   85.00000   45.00000  47.1%  17.3 2488s
 830550 419614   53.00000   49  172   85.00000   45.00000  47.1%  17.3 2491s
 830873 420992   80.00000   67  117   85.00000   45.00000  47.1%  17.3 2497s
 833503 422717   81.00000   86  109   85.00000   45.00000  47.1%  17.3 2504s
 836106 422922   83.00000   79  144   85.00000   45.00000  47.1%  17.3 2508s
 836507 424408   83.00000  100   87   85.00000   45.00000  47.1%  17.3 2512s
 838971 424652 infeasible   64        85.00000   45.00000  47.1%  17.3 2516s
 839397 425961   83.00000   70  156   85.00000   45.00000  47.1%  17.3 2523s
 841677 427311   79.00000   76  196   85.00000   45.00000  47.1%  17.3 2528s
 844211 427528   72.00000   78  227   85.00000   45.00000  47.1%  17.3 2531s
 844632 429108   83.00000   92  211   85.00000   45.00000  47.1%  17.3 2536s
 847450 430940   76.00000   90  113   85.00000   45.00000  47.1%  17.3 2543s
 850081 431270 infeasible   85        85.00000   45.00000  47.1%  17.3 2548s
 850613 437809   75.00000   61  163   85.00000   45.00000  47.1%  17.3 2575s
 861873 437981   57.00000   55  180   85.00000   45.00000  47.1%  17.3 2581s
 862459 438366 infeasible   77        85.00000   45.00000  47.1%  17.3 2586s
 862793 439694   69.00000   83  159   85.00000   45.00000  47.1%  17.3 2593s
 864915 439867   45.00000   66  244   85.00000   45.00000  47.1%  17.3 2596s
 865266 441363   81.00000   74  157   85.00000   45.00000  47.1%  17.3 2600s
 867651 441654 infeasible   99        85.00000   46.00000  45.9%  17.3 2605s
 868150 443940   75.00000   38  163   85.00000   46.00000  45.9%  17.3 2613s
 872015 444395 infeasible   95        85.00000   46.00000  45.9%  17.3 2619s
 872754 454184   48.00000   54  175   85.00000   46.00000  45.9%  17.3 2655s
 889208 454446   59.00000   64  119   85.00000   46.00000  45.9%  17.2 2664s
 889704 454769   78.00000   84  138   85.00000   46.00000  45.9%  17.3 2669s
 890275 455082   75.00000   68  155   85.00000   46.00000  45.9%  17.3 2673s
 890802 455469   84.00000   90   91   85.00000   46.00000  45.9%  17.3 2679s
 891437 457628   84.00000   79   93   85.00000   46.00000  45.9%  17.3 2689s
 894954 458175   46.00000   53  139   85.00000   46.00000  45.9%  17.3 2695s
 895717 466918   46.00000   54  179   85.00000   46.00000  45.9%  17.3 2729s
 910341 467277   79.00000   73  146   85.00000   46.00000  45.9%  17.3 2737s
 910913 467596 infeasible   92        85.00000   46.00000  45.9%  17.3 2741s
 911510 467926   76.00000   78  161   85.00000   46.00000  45.9%  17.3 2746s
 912133 470210   76.00000   89  135   85.00000   46.00000  45.9%  17.4 2754s
 916130 470588 infeasible   86        85.00000   46.00000  45.9%  17.3 2760s
 916811 472898   82.00000   88  106   85.00000   46.00000  45.9%  17.4 2771s
 920836 473181 infeasible  100        85.00000   46.00000  45.9%  17.4 2776s
 921347 473539   83.00000   80   96   85.00000   46.00000  45.9%  17.4 2780s
 921959 475823   84.00000   98   95   85.00000   46.00000  45.9%  17.4 2790s
 926449 476134   59.00000   62  138   85.00000   46.00000  45.9%  17.4 2795s
 927042 478261   56.00000   78  132   85.00000   46.00000  45.9%  17.4 2803s
 930923 478626   81.00000   80  135   85.00000   46.00000  45.9%  17.4 2808s
 931512 480796   46.00000   72  234   85.00000   46.00000  45.9%  17.4 2816s
 935338 481065 infeasible  123        85.00000   46.00000  45.9%  17.4 2822s
 935941 483262     cutoff   90        85.00000   46.00000  45.9%  17.4 2833s
 939665 483652 infeasible   80        85.00000   46.00000  45.9%  17.4 2839s
 940403 492629   48.00000   81  201   85.00000   46.00000  45.9%  17.4 2874s
 956565 492916   77.00000  109   59   85.00000   46.00000  45.9%  17.4 2883s
 957030 493263   82.00000   81  108   85.00000   46.00000  45.9%  17.4 2887s
 957569 493448     cutoff   99        85.00000   46.00000  45.9%  17.4 2891s
 958076 493740   83.00000  100   50   85.00000   46.00000  45.9%  17.4 2896s
 958648 495899   68.00000   78  228   85.00000   46.00000  45.9%  17.4 2908s
 962721 496341 infeasible   97        85.00000   46.00000  45.9%  17.4 2913s
 963433 505797   82.00000   88   92   85.00000   46.00000  45.9%  17.4 2951s
 980604 506076 infeasible  132        85.00000   46.00000  45.9%  17.4 2960s
 981652 506699   79.00000   54  133   85.00000   46.00000  45.9%  17.4 2969s
 982225 507124   80.00000   73   96   85.00000   46.00000  45.9%  17.4 2974s
 982869 509548   74.00000   81  100   85.00000   46.00000  45.9%  17.4 2983s
 987146 509865 infeasible   87        85.00000   46.00000  45.9%  17.4 2989s
 987797 520289   65.00000   77  143   85.00000   46.00000  45.9%  17.4 3031s
 1005611 520587 infeasible   74        85.00000   46.00000  45.9%  17.4 3041s
 1006665 521246   83.00000   61  109   85.00000   46.00000  45.9%  17.4 3048s
 1007266 521601   58.00000   49  155   85.00000   46.00000  45.9%  17.4 3052s
 1007844 523754   73.00000   72  143   85.00000   46.00000  45.9%  17.5 3064s
 1011653 524222 infeasible  100        85.00000   46.00000  45.9%  17.4 3070s
 1012419 533319   59.00000   75  229   85.00000   46.00000  45.9%  17.5 3107s
 1028269 533566   83.00000  106  198   85.00000   46.00000  45.9%  17.4 3115s
 1029294 534240     cutoff  123        85.00000   46.00000  45.9%  17.4 3122s
 1029827 534629   80.00000   89  137   85.00000   46.00000  45.9%  17.5 3126s
 1030475 536745   76.00000   76  182   85.00000   46.00000  45.9%  17.5 3138s
 1034441 539218   46.00000   50  147   85.00000   46.00000  45.9%  17.5 3148s
 1038923 539444 infeasible   87        85.00000   46.00000  45.9%  17.4 3152s
 1039383 539749   80.00000   96  140   85.00000   46.00000  45.9%  17.5 3156s
 1039876 541744   80.00000  103   87   85.00000   46.00000  45.9%  17.5 3164s
 1043793 541945 infeasible   78        85.00000   46.00000  45.9%  17.5 3169s
 1044276 543997   84.00000   89   67   85.00000   46.00000  45.9%  17.5 3177s
 1048208 544187   72.00000   84  170   85.00000   46.00000  45.9%  17.5 3181s
 1048718 546197   78.00000  114  134   85.00000   46.00000  45.9%  17.5 3188s
 1052401 546473 infeasible  138        85.00000   46.00000  45.9%  17.5 3193s
 1052921 548644   58.00000   59  188   85.00000   46.00000  45.9%  17.5 3201s
 1056623 548961     cutoff  126        85.00000   46.00000  45.9%  17.5 3207s
 1057297 558543   59.00000   69  154   85.00000   46.00000  45.9%  17.5 3251s
 1074979 558727   57.00000   73  197   85.00000   46.00000  45.9%  17.4 3260s
 1075841 559232   57.00000   71  186   85.00000   46.00000  45.9%  17.5 3267s
 1076324 559474   80.00000   93  130   85.00000   46.00000  45.9%  17.5 3271s
*1076569 520020             104      84.0000000   46.00000  45.2%  17.5 3271s
 1076879 522249   64.00000   80  175   84.00000   46.00000  45.2%  17.5 3280s
 1080959 522597 infeasible  111        84.00000   46.00000  45.2%  17.5 3286s
 1081673 532276   75.00000   80  130   84.00000   46.00000  45.2%  17.5 3328s
 1098173 532537 infeasible   99        84.00000   46.00000  45.2%  17.5 3337s
 1098672 532861   83.00000   90   45   84.00000   46.00000  45.2%  17.5 3340s
 1099210 533160 infeasible   80        84.00000   46.00000  45.2%  17.5 3345s
 1100431 536071   83.00000   82  102   84.00000   46.00000  45.2%  17.5 3358s
 1104809 536444   83.00000   90  121   84.00000   46.00000  45.2%  17.5 3365s
 1105522 546376   56.00000   69  141   84.00000   46.00000  45.2%  17.5 3402s
 1122304 546600 infeasible  161        84.00000   46.00000  45.2%  17.5 3411s
 1122768 546906   78.00000   75  156   84.00000   46.00000  45.2%  17.5 3416s
 1123308 547201   73.00000   75  168   84.00000   46.00000  45.2%  17.5 3420s
 1123895 547500   56.00000   77  191   84.00000   46.00000  45.2%  17.5 3425s
 1124478 547887   82.00000  100   40   84.00000   46.00000  45.2%  17.5 3431s
 1125194 550416   83.00000  103   52   84.00000   46.00000  45.2%  17.5 3445s
 1129674 550794 infeasible  107        84.00000   46.00000  45.2%  17.5 3451s
 1130350 561076   74.00000   81  176   84.00000   46.00000  45.2%  17.5 3491s
 1148106 561399 infeasible   57        84.00000   46.00000  45.2%  17.5 3500s
 1149123 562062   73.00000   67  227   84.00000   46.00000  45.2%  17.5 3508s
 1149706 562417   77.00000   84  115   84.00000   46.00000  45.2%  17.5 3512s
 1150316 564752   46.00000   39  172   84.00000   46.00000  45.2%  17.5 3523s
 1154134 565209 infeasible   77        84.00000   46.00000  45.2%  17.5 3529s
 1154870 574391   77.00000   73  162   84.00000   46.00000  45.2%  17.5 3564s
 1170547 574707 infeasible  109        84.00000   46.00000  45.2%  17.5 3573s
 1171083 574948 infeasible   97        84.00000   46.00000  45.2%  17.5 3577s
 1171578 575289   82.00000   78  107   84.00000   46.00000  45.2%  17.5 3580s
 1172107 577119   64.00000   88  248   84.00000   46.00000  45.2%  17.5 3590s
 1175364 577538   64.00000   70  192   84.00000   46.00000  45.2%  17.5 3595s
 1175988 580234   68.00000   85  177   84.00000   46.00000  45.2%  17.6 3604s
 1180143 580481 infeasible   95        84.00000   46.00000  45.2%  17.6 3608s
 1180578 582505   78.00000   93  161   84.00000   46.00000  45.2%  17.6 3615s
 1184427 584912   80.00000   83  137   84.00000   46.00000  45.2%  17.6 3626s
 1187862 585221   77.00000   66  132   84.00000   46.00000  45.2%  17.6 3630s
 1188353 587443   64.00000   70  152   84.00000   46.00000  45.2%  17.6 3638s
 1191924 587833 infeasible   99        84.00000   46.00000  45.2%  17.6 3642s
 1192768 590016   54.00000   70  198   84.00000   46.00000  45.2%  17.6 3649s
 1196170 590282 infeasible   95        84.00000   46.00000  45.2%  17.6 3654s
 1196724 592711   81.00000  107  101   84.00000   46.00000  45.2%  17.6 3662s
 1200666 593037   64.00000   80  187   84.00000   46.00000  45.2%  17.6 3669s
 1201270 603108   83.00000  101   63   84.00000   46.00000  45.2%  17.6 3710s
 1219147 603423   64.00000   89  160   84.00000   46.00000  45.2%  17.6 3720s
 1220229 604018   81.00000   98  101   84.00000   46.00000  45.2%  17.6 3728s
 1220820 604392   82.00000   96  132   84.00000   46.00000  45.2%  17.6 3734s
 1221486 606741   83.00000   74  127   84.00000   46.00000  45.2%  17.7 3746s
 1225818 607130 infeasible  110        84.00000   46.00000  45.2%  17.7 3752s
 1226547 610992   83.00000   54  185   84.00000   46.00000  45.2%  17.7 3779s
 1233259 611552 infeasible  109        84.00000   46.00000  45.2%  17.7 3789s
 1234380 615660   81.00000   81  108   84.00000   46.00000  45.2%  17.8 3814s
 1241753 616124   71.00000   67  274   84.00000   46.00000  45.2%  17.7 3821s
 1242605 619382   80.00000   71  146   84.00000   46.00000  45.2%  17.8 3834s
 1248432 619672 infeasible   92        84.00000   46.00000  45.2%  17.7 3840s
 1249138 629112   83.00000   91   55   84.00000   46.00000  45.2%  17.8 3880s
 1266656 629345 infeasible   86        84.00000   46.00000  45.2%  17.7 3890s
 1267636 629955   80.00000  102  134   84.00000   46.00000  45.2%  17.7 3897s
 1268189 630283   64.00000   84  183   84.00000   46.00000  45.2%  17.8 3901s
 1268779 632656   69.00000   61  171   84.00000   46.00000  45.2%  17.8 3911s
 1273200 633017 infeasible  109        84.00000   46.00000  45.2%  17.8 3917s
 1273868 642632   82.00000   91  107   84.00000   46.00000  45.2%  17.8 3956s
 1291705 642883 infeasible   99        84.00000   46.00000  45.2%  17.7 3966s
 1292215 643200   70.00000   58  138   84.00000   46.00000  45.2%  17.7 3971s
 1292734 643487   74.00000   74   93   84.00000   46.00000  45.2%  17.8 3975s
 1293277 643783   74.00000   87   86   84.00000   46.00000  45.2%  17.8 3980s
 1293809 644127   75.00000   93   82   84.00000   46.00000  45.2%  17.8 3985s
 1294430 646543   83.00000   92   38   84.00000   46.00000  45.2%  17.8 3999s
 1298770 646938 infeasible   89        84.00000   46.00000  45.2%  17.8 4005s
 1299434 656988   83.00000   94   62   84.00000   46.00000  45.2%  17.8 4045s
 1317325 657285 infeasible   50        84.00000   46.00000  45.2%  17.8 4055s
 1318336 657930   73.00000   71  182   84.00000   46.00000  45.2%  17.8 4062s
 1318919 658282   83.00000   76  118   84.00000   46.00000  45.2%  17.8 4066s
 1319545 660866   81.00000   56  158   84.00000   46.00000  45.2%  17.8 4075s
 1323881 661269 infeasible  102        84.00000   46.00000  45.2%  17.8 4082s
 1324602 670562   73.00000   59  144   84.00000   46.00000  45.2%  17.8 4121s
 1341401 670898 infeasible  115        84.00000   46.00000  45.2%  17.8 4130s
 1341935 671223 infeasible  106        84.00000   46.00000  45.2%  17.8 4135s
 1343027 671931   65.00000   64  181   84.00000   46.00000  45.2%  17.8 4144s
 1343671 674297   46.00000   44  215   84.00000   46.00000  45.2%  17.8 4158s
 1347738 674803 infeasible   79        84.00000   46.00000  45.2%  17.8 4164s
 1348498 684148   78.00000   69  134   84.00000   46.00000  45.2%  17.8 4201s
 1365008 684484   72.00000   62  127   84.00000   46.00000  45.2%  17.8 4210s
 1366001 685118   46.00000   55  147   84.00000   46.00000  45.2%  17.8 4218s
 1366568 687089   83.00000   90   85   84.00000   46.00000  45.2%  17.8 4225s
 1369796 687566   46.00000   46  149   84.00000   46.00000  45.2%  17.8 4231s
 1370545 696487   53.00000   93  219   84.00000   46.00000  45.2%  17.8 4271s
 1385887 696817 infeasible  125        84.00000   46.00000  45.2%  17.8 4279s
 1386453 697126   77.00000   85  142   84.00000   46.00000  45.2%  17.8 4284s
 1387040 697525   67.00000   54  166   84.00000   46.00000  45.2%  17.8 4288s
 1387677 697950   82.00000   79   91   84.00000   46.00000  45.2%  17.8 4293s
 1388384 700789   79.00000   66  112   84.00000   46.00000  45.2%  17.8 4302s
 1392964 701236   64.00000   68  158   84.00000   46.00000  45.2%  17.8 4309s
 1393648 711630   59.00000   49  200   84.00000   46.00000  45.2%  17.8 4348s
 1411034 711960 infeasible  100        84.00000   46.00000  45.2%  17.8 4358s
 1411562 712307   82.00000   57  171   84.00000   46.00000  45.2%  17.8 4362s
 1412065 712601   83.00000   72   74   84.00000   46.00000  45.2%  17.8 4366s
 1412619 712913   70.00000   81  134   84.00000   46.00000  45.2%  17.8 4371s
 1413225 715153   59.00000   73  174   84.00000   46.00000  45.2%  17.8 4384s
 1417105 715551 infeasible   90        84.00000   46.00000  45.2%  17.8 4390s
 1417831 725667   83.00000   79  154   84.00000   46.00000  45.2%  17.8 4429s
 1434646 725949 infeasible  106        84.00000   46.00000  45.2%  17.8 4437s
 1435110 726204   69.00000   99  148   84.00000   46.00000  45.2%  17.8 4441s
 1435611 726580   82.00000  112   73   84.00000   46.00000  45.2%  17.8 4445s
 1436213 726993 infeasible   84        84.00000   46.00000  45.2%  17.8 4451s
 1436837 729599   70.00000   59  225   84.00000   46.00000  45.2%  17.8 4460s
 1441160 731724   77.00000   76  204   84.00000   46.00000  45.2%  17.8 4472s
 1444840 732044   82.00000   74  104   84.00000   46.00000  45.2%  17.8 4477s
 1445412 734637   80.00000   71  115   84.00000   46.00000  45.2%  17.8 4486s
 1449634 734997   58.00000   48  189   84.00000   46.00000  45.2%  17.8 4490s
 1450210 737248   82.00000   70  105   84.00000   46.00000  45.2%  17.8 4499s
 1453975 737612   81.00000   51  153   84.00000   46.00000  45.2%  17.8 4503s
 1454577 739971   73.00000   77  228   84.00000   46.00000  45.2%  17.8 4512s
 1458637 740281 infeasible   78        84.00000   46.00000  45.2%  17.8 4516s
 1459218 742561   83.00000   85  128   84.00000   46.00000  45.2%  17.8 4524s
 1462883 743010 infeasible  119        84.00000   46.00000  45.2%  17.8 4531s
 1463598 752740   80.00000   66  136   84.00000   46.00000  45.2%  17.8 4568s
 1480070 753101   82.00000   92  122   84.00000   46.00000  45.2%  17.8 4577s
 1480591 753522   82.00000   51  191   84.00000   46.00000  45.2%  17.8 4582s
 1481186 753886   83.00000   65  118   84.00000   46.00000  45.2%  17.8 4586s
 1481754 754288   82.00000   76  116   84.00000   46.00000  45.2%  17.8 4591s
 1482374 756507   83.00000  106   43   84.00000   46.00000  45.2%  17.8 4603s
 1486256 758116   59.00000   70  162   84.00000   46.00000  45.2%  17.8 4612s
 1489149 758502   72.00000   57  197   84.00000   46.00000  45.2%  17.8 4617s
 1489793 761698   77.00000   55  151   84.00000   46.00000  45.2%  17.8 4628s
 1494931 762043 infeasible  125        84.00000   46.00000  45.2%  17.8 4633s
 1495480 764464   81.00000   72  141   84.00000   46.00000  45.2%  17.8 4641s
 1499347 764814   79.00000   93  146   84.00000   46.00000  45.2%  17.8 4645s
 1499894 767055   60.00000   50  180   84.00000   46.00000  45.2%  17.8 4653s
 1503613 767423   61.00000   60  179   84.00000   46.00000  45.2%  17.8 4658s
 1504208 769503   69.00000   55  172   84.00000   46.00000  45.2%  17.8 4666s
 1507714 769817     cutoff   73        84.00000   46.00000  45.2%  17.8 4670s
 1508222 772282   83.00000   79   75   84.00000   46.00000  45.2%  17.8 4678s
 1512315 772584 infeasible  126        84.00000   46.00000  45.2%  17.8 4683s
 1512779 774248   64.00000   79  181   84.00000   46.00000  45.2%  17.8 4691s
 1515526 774697   59.00000   87  184   84.00000   46.00000  45.2%  17.8 4695s
 1516312 776706   75.00000   55  178   84.00000   46.00000  45.2%  17.8 4702s
 1519672 777080 infeasible   57        84.00000   46.00000  45.2%  17.8 4707s
 1520214 779127   74.00000   84  119   84.00000   46.00000  45.2%  17.8 4714s
 1523660 779417 infeasible   68        84.00000   46.00000  45.2%  17.8 4718s
 1524148 781364   76.00000   52  182   84.00000   46.00000  45.2%  17.9 4725s
 1528220 783623   78.00000   61  166   84.00000   46.00000  45.2%  17.9 4736s
 1531515 783969 infeasible   92        84.00000   46.00000  45.2%  17.8 4742s
 1532113 792818   81.00000   82  131   84.00000   46.00000  45.2%  17.9 4777s
 1547045 793084 infeasible   60        84.00000   46.00000  45.2%  17.8 4785s
 1547940 793586 infeasible   85        84.00000   46.00000  45.2%  17.8 4793s
 1548385 793930   79.00000   71  117   84.00000   46.00000  45.2%  17.9 4797s
 1548913 795773   57.00000   62  159   84.00000   46.00000  45.2%  17.9 4804s
 1551827 796091   68.00000   67  215   84.00000   46.00000  45.2%  17.9 4808s
 1552315 798082   82.00000   91  136   84.00000   46.00000  45.2%  17.9 4815s
 1555740 798452 infeasible   74        84.00000   46.00000  45.2%  17.9 4820s
 1556280 806271     cutoff   81        84.00000   46.00000  45.2%  17.9 4850s
 1569483 806466 infeasible   69        84.00000   46.00000  45.2%  17.8 4858s
 1569864 806709     cutoff   76        84.00000   46.00000  45.2%  17.9 4861s
 1570650 807225   77.00000   92   95   84.00000   46.00000  45.2%  17.9 4867s
 1571075 808705   75.00000   50  134   84.00000   46.00000  45.2%  17.9 4875s
 1574083 810559   76.00000   77  119   84.00000   46.00000  45.2%  17.9 4884s
 1576849 810845   77.00000   65  124   84.00000   46.00000  45.2%  17.9 4888s
 1577297 812586   75.00000   64  167   84.00000   46.00000  45.2%  17.9 4894s
 1580248 814351   83.00000  116  117   84.00000   46.00000  45.2%  17.9 4900s
 1583600 815373   79.00000   67  155   84.00000   46.00000  45.2%  17.9 4907s
 1584981 815692   83.00000   83  116   84.00000   46.00000  45.2%  17.9 4910s
 1585480 817528 infeasible  105        84.00000   46.00000  45.2%  17.9 4916s
 1588532 817769   75.00000   65  185   84.00000   46.00000  45.2%  17.9 4920s
 1588985 819371   75.00000   84  132   84.00000   46.00000  45.2%  17.9 4926s
 1591798 820445   76.00000   54  185   84.00000   46.00000  45.2%  17.9 4932s
 1593895 820792   74.00000   73  170   84.00000   47.00000  44.0%  17.9 4937s
 1594494 823159   79.00000   81  121   84.00000   47.00000  44.0%  17.9 4945s
 1598421 823551 infeasible   78        84.00000   47.00000  44.0%  17.9 4950s
 1599003 825799   80.00000   60  129   84.00000   47.00000  44.0%  17.9 4958s
 1602849 826216 infeasible  105        84.00000   47.00000  44.0%  17.9 4964s
 1603562 835485   82.00000   93  119   84.00000   47.00000  44.0%  17.9 5008s
 1619383 835844   59.00000   66  165   84.00000   47.00000  44.0%  17.9 5017s
 1619910 836212 infeasible   93        84.00000   47.00000  44.0%  17.9 5020s
 1620531 836627   82.00000   62  127   84.00000   47.00000  44.0%  17.9 5025s
 1621190 837068   79.00000   73  137   84.00000   47.00000  44.0%  17.9 5031s
 1621905 839986   70.00000   68  162   84.00000   47.00000  44.0%  17.9 5041s
 1626702 841206   69.00000   89  189   84.00000   47.00000  44.0%  17.9 5049s
 1628778 841787   48.00000   62  169   84.00000   47.00000  44.0%  17.9 5056s
 1629698 846814   76.00000   88  120   84.00000   47.00000  44.0%  17.9 5074s
 1637921 847189   70.00000   50  191   84.00000   47.00000  44.0%  17.9 5080s
 1638548 849829   81.00000   87  164   84.00000   47.00000  44.0%  17.9 5089s
 1642707 850210 infeasible   83        84.00000   47.00000  44.0%  17.9 5094s
 1643276 852741   82.00000   97   73   84.00000   47.00000  44.0%  17.9 5103s
 1647351 852992 infeasible   88        84.00000   47.00000  44.0%  17.9 5108s
 1647926 855229   80.00000  110  131   84.00000   47.00000  44.0%  17.9 5118s
 1651421 855679   67.00000   72  154   84.00000   47.00000  44.0%  17.9 5124s
 1652155 865480   82.00000   96   83   84.00000   47.00000  44.0%  17.9 5160s
 1668553 865742   72.00000   64  191   84.00000   47.00000  44.0%  17.9 5170s
 1669622 866369   82.00000   72  154   84.00000   47.00000  44.0%  17.9 5177s
 1670200 866754   82.00000   75  133   84.00000   47.00000  44.0%  17.9 5183s
 1670867 869199   82.00000   80  104   84.00000   47.00000  44.0%  17.9 5190s
 1674766 869590 infeasible   81        84.00000   47.00000  44.0%  17.9 5197s
 1675499 879510   77.00000   80   82   84.00000   47.00000  44.0%  17.9 5237s
 1692006 879776 infeasible  102        84.00000   47.00000  44.0%  17.9 5247s
 1692552 880133   68.00000   50  173   84.00000   47.00000  44.0%  17.9 5251s
 1693119 880602   81.00000   70  115   84.00000   47.00000  44.0%  17.9 5255s
 1693780 883089   82.00000   81  126   84.00000   47.00000  44.0%  17.9 5263s
 1698040 883616   64.00000   52  169   84.00000   47.00000  44.0%  17.9 5270s
 1698763 893959   82.00000   91   95   84.00000   47.00000  44.0%  17.9 5309s
 1715333 894293 infeasible   93        84.00000   47.00000  44.0%  17.9 5319s
 1715869 894647   79.00000   64  153   84.00000   47.00000  44.0%  17.9 5323s
 1716419 894993     cutoff   89        84.00000   47.00000  44.0%  17.9 5328s
 1717007 895435     cutoff   74        84.00000   47.00000  44.0%  17.9 5334s
 1717717 897866   74.00000   64  173   84.00000   47.00000  44.0%  17.9 5347s
 1721709 898373   80.00000   62  138   84.00000   47.00000  44.0%  17.9 5353s
 1722466 908050   83.00000   94   89   84.00000   47.00000  44.0%  17.9 5389s
 1738222 908388 infeasible   73        84.00000   47.00000  44.0%  17.9 5398s
 1738795 908774 infeasible   93        84.00000   47.00000  44.0%  17.9 5402s
 1739433 909216   79.00000   77  144   84.00000   47.00000  44.0%  17.9 5406s
 1740054 911698   76.00000   69  117   84.00000   47.00000  44.0%  17.9 5415s
 1744035 912165 infeasible  123        84.00000   47.00000  44.0%  17.9 5422s
 1744770 922430   47.00000   41  164   84.00000   47.00000  44.0%  17.9 5458s
 1760885 922770 infeasible   49        84.00000   47.00000  44.0%  17.9 5469s
 1761434 923117   83.00000   70  118   84.00000   47.00000  44.0%  17.9 5473s
 1762035 923589   66.00000   64  188   84.00000   47.00000  44.0%  17.9 5479s
 1762675 924107 infeasible   60        84.00000   47.00000  44.0%  17.9 5484s
 1763391 926628   77.00000   62  126   84.00000   47.00000  44.0%  17.9 5496s
 1767352 929303   67.00000  105  128   84.00000   47.00000  44.0%  17.9 5505s
 1772056 932019   78.00000   85  113   84.00000   47.00000  44.0%  17.9 5516s
 1775731 932375 infeasible  112        84.00000   47.00000  44.0%  17.9 5521s
 1776272 934717   79.00000   83  129   84.00000   47.00000  44.0%  17.9 5528s
 1779848 935017   82.00000   69  156   84.00000   47.00000  44.0%  17.9 5533s
 1780364 937190   82.00000   91  150   84.00000   47.00000  44.0%  17.9 5539s
 1783788 937541   70.00000   76  166   84.00000   47.00000  44.0%  17.9 5543s
 1784305 939893   83.00000   85  127   84.00000   47.00000  44.0%  17.9 5551s
 1788033 940334 infeasible  105        84.00000   47.00000  44.0%  17.9 5556s
 1788648 942548   81.00000   68  114   84.00000   47.00000  44.0%  17.9 5564s
 1792132 945355   68.00000   77  177   84.00000   47.00000  44.0%  17.9 5574s
 1796532 945648   78.00000   60  173   84.00000   47.00000  44.0%  17.9 5578s
 1796989 946368   83.00000   73  118   84.00000   47.00000  44.0%  17.9 5582s
 1798093 948759   49.00000   49  231   84.00000   47.00000  44.0%  17.9 5590s
 1801944 949157 infeasible  110        84.00000   47.00000  44.0%  17.9 5596s
 1802542 951566   68.00000   70  175   84.00000   47.00000  44.0%  17.9 5605s
 1806259 952001 infeasible   66        84.00000   47.00000  44.0%  17.9 5610s
 1806874 954549   74.00000   72  186   84.00000   47.00000  44.0%  17.9 5618s
 1810888 954939 infeasible   63        84.00000   47.00000  44.0%  17.9 5623s
 1811487 957348   75.00000   67  187   84.00000   47.00000  44.0%  17.9 5633s
 1815361 958905 infeasible   69        84.00000   47.00000  44.0%  17.9 5640s
 1817773 959494 infeasible   90        84.00000   47.00000  44.0%  17.9 5647s
 1818626 962785   81.00000   84  115   84.00000   47.00000  44.0%  17.9 5666s
 1825106 963070   81.00000   80  161   84.00000   47.00000  44.0%  17.9 5672s
 1825707 965709   83.00000   60  144   84.00000   47.00000  44.0%  17.9 5682s
 1830320 967987   66.00000   93  180   84.00000   47.00000  44.0%  17.9 5691s
 1834320 968250   60.00000   62  206   84.00000   47.00000  44.0%  17.9 5696s
 1834814 970470   82.00000   85   89   84.00000   47.00000  44.0%  17.9 5705s
 1838803 970878   69.00000   66  156   84.00000   47.00000  44.0%  17.9 5711s
 1839491 980987   69.00000  100  160   84.00000   47.00000  44.0%  17.9 5750s
 1857328 981205 infeasible   60        84.00000   47.00000  44.0%  17.8 5760s
 1858267 981824   49.00000   46  209   84.00000   47.00000  44.0%  17.9 5768s
 1858791 982160   82.00000   76   89   84.00000   47.00000  44.0%  17.9 5773s
 1859360 982460   77.00000   67  162   84.00000   47.00000  44.0%  17.9 5778s
 1859959 985065   50.00000   52  221   84.00000   47.00000  44.0%  17.9 5788s
 1864468 985445 infeasible   78        84.00000   47.00000  44.0%  17.9 5795s
 1865101 995493   57.00000   83  192   84.00000   47.00000  44.0%  17.9 5836s
 1883119 995808 infeasible  104        84.00000   47.00000  44.0%  17.9 5846s
 1883632 996112   78.00000   56  114   84.00000   47.00000  44.0%  17.9 5850s
 1884228 996486   78.00000   77   88   84.00000   47.00000  44.0%  17.9 5855s
 1885395 999153   64.00000   84  181   84.00000   47.00000  44.0%  17.9 5871s
 1889148 999471 infeasible  117        84.00000   47.00000  44.0%  17.9 5877s
 1889827 1009977   82.00000   80  142   84.00000   47.00000  44.0%  17.9 5918s
 1907572 1010229   83.00000   89  125   84.00000   47.00000  44.0%  17.9 5928s
 1908112 1010512   77.00000   87  133   84.00000   47.00000  44.0%  17.9 5932s
 1908646 1010893   81.00000   81  138   84.00000   47.00000  44.0%  17.9 5936s
 1909772 1013579   72.00000   66  151   84.00000   47.00000  44.0%  17.9 5951s
 1913689 1014036   47.00000   66  143   84.00000   47.00000  44.0%  17.9 5957s
 1914446 1023479   48.00000   69  180   84.00000   47.00000  44.0%  17.9 5994s
 1930721 1023758   64.00000   67  180   84.00000   47.00000  44.0%  17.9 6004s
 1931220 1024094   73.00000   82  147   84.00000   47.00000  44.0%  17.9 6007s
 1931753 1024465   73.00000   96  113   84.00000   47.00000  44.0%  17.9 6012s
 1932378 1025677   47.00000   83  199   84.00000   47.00000  44.0%  17.9 6018s
 1934347 1026073   77.00000   76  139   84.00000   47.00000  44.0%  17.9 6024s
 1935028 1028557   83.00000  103  119   84.00000   47.00000  44.0%  17.9 6035s
 1939291 1029022 infeasible   97        84.00000   47.00000  44.0%  17.9 6040s
 1939964 1039365   78.00000  116   81   84.00000   47.00000  44.0%  17.9 6080s
 1957386 1039662   74.00000   84  125   84.00000   47.00000  44.0%  17.9 6091s
 1957899 1039940   74.00000   98  100   84.00000   47.00000  44.0%  17.9 6095s
 1958962 1040660   62.00000   99  116   84.00000   47.00000  44.0%  17.9 6104s
 1959537 1042926   62.00000  107  125   84.00000   47.00000  44.0%  17.9 6115s
 1963372 1043668 infeasible   71        84.00000   47.00000  44.0%  17.9 6122s
 1964722 1049056 infeasible   68        84.00000   47.00000  44.0%  17.9 6144s
 1974049 1049348   80.00000   76  162   84.00000   47.00000  44.0%  17.9 6150s
 1975102 1051604   77.00000   74  128   84.00000   47.00000  44.0%  17.9 6161s
 1978910 1051960   66.00000   57  224   84.00000   47.00000  44.0%  17.9 6165s
 1979448 1054241   81.00000   73  115   84.00000   47.00000  44.0%  17.9 6173s
 1983527 1054532 infeasible   99        84.00000   47.00000  44.0%  17.9 6179s
 1984047 1056899   81.00000   80  128   84.00000   47.00000  44.0%  17.9 6187s
 1988033 1057275 infeasible   75        84.00000   47.00000  44.0%  17.9 6194s
 1988723 1066999   83.00000  100   67   84.00000   47.00000  44.0%  17.9 6236s
 2005444 1067337   79.00000   82   84   84.00000   47.00000  44.0%  17.9 6245s
 2006482 1068005     cutoff   65        84.00000   47.00000  44.0%  17.9 6253s
 2007018 1068358 infeasible   76        84.00000   47.00000  44.0%  17.9 6258s
 2007629 1071214   83.00000   93   85   84.00000   47.00000  44.0%  17.9 6267s
 2012202 1071639     cutoff  117        84.00000   47.00000  44.0%  17.9 6274s
 2012887 1081892   79.00000   87  138   84.00000   47.00000  44.0%  17.9 6321s
 2030076 1082143   77.00000   88  151   84.00000   47.00000  44.0%  17.9 6331s
 2030553 1082418   79.00000   96  113   84.00000   47.00000  44.0%  17.9 6335s
 2031683 1083144   82.00000   98  175   84.00000   47.00000  44.0%  17.9 6343s
 2032296 1085891   69.00000   76  203   84.00000   47.00000  44.0%  17.9 6352s
 2036641 1086309 infeasible  118        84.00000   47.00000  44.0%  17.9 6358s
 2037346 1095942   83.00000   88  159   84.00000   47.00000  44.0%  17.9 6398s
 2054807 1096192 infeasible   79        84.00000   47.00000  44.0%  17.9 6407s
 2055271 1096439   81.00000   86  110   84.00000   47.00000  44.0%  17.9 6412s
 2055762 1096770   52.00000   79  179   84.00000   47.00000  44.0%  17.9 6416s
 2056305 1097065   83.00000   95   97   84.00000   47.00000  44.0%  17.9 6421s
 2056892 1099293   79.00000   78  163   84.00000   47.00000  44.0%  17.9 6433s
 2060793 1099632 infeasible  113        84.00000   47.00000  44.0%  17.9 6440s
 2061474 1109816   62.00000   75  142   84.00000   47.00000  44.0%  17.9 6480s
 2079475 1110089 infeasible   93        84.00000   47.00000  44.0%  17.9 6490s
 2080545 1110735   83.00000   83  106   84.00000   47.00000  44.0%  17.9 6498s
 2081095 1111009   83.00000   75  144   84.00000   47.00000  44.0%  17.9 6502s
 2081655 1113373   78.00000   75  102   84.00000   47.00000  44.0%  17.9 6511s
 2086002 1113708 infeasible  111        84.00000   47.00000  44.0%  17.9 6518s
 2086613 1123837   71.00000   80  143   84.00000   47.00000  44.0%  17.9 6564s
 2104631 1124088 infeasible   76        84.00000   47.00000  44.0%  17.8 6574s
 2105116 1124309   77.00000   71  141   84.00000   47.00000  44.0%  17.8 6578s
 2105627 1124600   55.00000   91  216   84.00000   47.00000  44.0%  17.9 6581s
 2106172 1124887 infeasible   95        84.00000   47.00000  44.0%  17.9 6585s
 2106725 1126181   70.00000   79  142   84.00000   47.00000  44.0%  17.9 6592s
 2108949 1126509   80.00000  102  155   84.00000   47.00000  44.0%  17.9 6597s
 2109574 1136337   69.00000   55  134   84.00000   47.00000  44.0%  17.9 6638s
 2127592 1136575 infeasible   62        84.00000   47.00000  44.0%  17.9 6649s
 2128066 1136892   64.00000   67  243   84.00000   47.00000  44.0%  17.9 6653s
 2128567 1137173   80.00000   89   96   84.00000   47.00000  44.0%  17.9 6658s
 2129109 1137491   80.00000   77  114   84.00000   47.00000  44.0%  17.9 6663s
 2129645 1140022   79.00000   47  174   84.00000   47.00000  44.0%  17.9 6672s
 2134070 1140419 infeasible  109        84.00000   47.00000  44.0%  17.9 6679s
 2134751 1150242   82.00000   83  132   84.00000   47.00000  44.0%  17.9 6722s
 2152601 1150449 infeasible   87        84.00000   47.00000  44.0%  17.8 6732s
 2153058 1150657   63.00000   90  166   84.00000   47.00000  44.0%  17.9 6736s
 2153548 1150945   65.00000   72  143   84.00000   47.00000  44.0%  17.9 6740s
 2154668 1153605   66.00000  101  107   84.00000   47.00000  44.0%  17.9 6753s
 2158971 1153940 infeasible   87        84.00000   47.00000  44.0%  17.9 6760s
 2159616 1163972   81.00000  102   68   84.00000   47.00000  44.0%  17.9 6802s
 2177549 1164206 infeasible   65        84.00000   47.00000  44.0%  17.8 6812s
 2177977 1164460   78.00000   77  130   84.00000   47.00000  44.0%  17.8 6816s
 2178447 1164723   78.00000   87  106   84.00000   47.00000  44.0%  17.8 6820s
 2178966 1165016   67.00000   76  204   84.00000   47.00000  44.0%  17.9 6825s
 2180086 1167554   81.00000  103   84   84.00000   47.00000  44.0%  17.9 6842s
 2184012 1167903 infeasible  113        84.00000   47.00000  44.0%  17.9 6848s
 2184750 1176337   73.00000   81  167   84.00000   47.00000  44.0%  17.9 6882s
 2199326 1176543   77.00000   83  145   84.00000   47.00000  44.0%  17.8 6890s
 2200229 1177089   64.00000   55  215   84.00000   47.00000  44.0%  17.9 6898s
 2200748 1177446   82.00000   78   51   84.00000   47.00000  44.0%  17.9 6901s
 2201269 1179387   70.00000   70  176   84.00000   47.00000  44.0%  17.9 6908s
 2204748 1181249   81.00000  108  159   84.00000   47.00000  44.0%  17.9 6916s
 2208071 1181564   79.00000   63  150   84.00000   47.00000  44.0%  17.9 6922s
 2208600 1191626   83.00000   71   91   84.00000   47.00000  44.0%  17.9 6964s
 2226447 1191878 infeasible  103        84.00000   47.00000  44.0%  17.8 6974s
 2226833 1192104   75.00000   87  111   84.00000   47.00000  44.0%  17.8 6977s
 2227247 1192338   83.00000   81  130   84.00000   47.00000  44.0%  17.8 6981s
 2227663 1192546 infeasible  102        84.00000   47.00000  44.0%  17.8 6985s
 2228513 1195014   76.00000   82  158   84.00000   47.00000  44.0%  17.8 6996s
 2232138 1195255   54.00000  111  165   84.00000   47.00000  44.0%  17.8 7001s
 2232664 1204333   58.00000  114  189   84.00000   47.00000  44.0%  17.8 7042s
 2248801 1204494 infeasible   93        84.00000   47.00000  44.0%  17.8 7051s
 2249587 1204958 infeasible   81        84.00000   47.00000  44.0%  17.8 7057s
 2250011 1205161 infeasible   88        84.00000   47.00000  44.0%  17.8 7060s
 2250825 1207392   80.00000   66  124   84.00000   47.00000  44.0%  17.8 7069s
 2254198 1207598 infeasible   79        84.00000   47.00000  44.0%  17.8 7074s
 2254680 1215908   66.00000   88  170   84.00000   47.00000  44.0%  17.8 7108s
 2269763 1216045 infeasible   69        84.00000   47.00000  44.0%  17.8 7116s
 2270392 1216401     cutoff   91        84.00000   47.00000  44.0%  17.8 7121s
 2271067 1216752   77.00000   68  112   84.00000   47.00000  44.0%  17.8 7127s
 2271457 1218032   82.00000   80   64   84.00000   47.00000  44.0%  17.8 7135s
 2274838 1219960   74.00000   77  182   84.00000   47.00000  44.0%  17.8 7144s
 2277529 1220200 infeasible   89        84.00000   47.00000  44.0%  17.8 7148s
 2278027 1226769   56.00000   60  218   84.00000   47.00000  44.0%  17.8 7174s
 2289226 1227096   63.00000   73  137   84.00000   48.00000  42.9%  17.8 7182s
 2289782 1227400   70.00000   79  160   84.00000   48.00000  42.9%  17.8 7186s
 2290354 1227728   83.00000  103  106   84.00000   48.00000  42.9%  17.8 7192s
 2290958 1230040   81.00000   55  151   84.00000   48.00000  42.9%  17.8 7201s
 2294909 1230372 infeasible   90        84.00000   48.00000  42.9%  17.8 7206s
 2295507 1232592   81.00000  105  128   84.00000   48.00000  42.9%  17.8 7217s
 2299210 1232970 infeasible   95        84.00000   48.00000  42.9%  17.8 7224s
 2299878 1243340   77.00000   77  153   84.00000   48.00000  42.9%  17.8 7265s
 2317640 1243683 infeasible   92        84.00000   48.00000  42.9%  17.8 7275s
 2318749 1244233   83.00000   80  123   84.00000   48.00000  42.9%  17.8 7284s
 2319297 1244593     cutoff   98        84.00000   48.00000  42.9%  17.8 7288s
 2319907 1247041   83.00000   80  124   84.00000   48.00000  42.9%  17.8 7301s
 2323888 1247492   80.00000   90  185   84.00000   48.00000  42.9%  17.8 7307s
 2324621 1257031   80.00000  121  114   84.00000   48.00000  42.9%  17.8 7346s
 2341103 1257236   83.00000   96   98   84.00000   48.00000  42.9%  17.8 7356s
 2341532 1257569   58.00000   47  117   84.00000   48.00000  42.9%  17.8 7360s
 2342746 1258241   73.00000  114   71   84.00000   48.00000  42.9%  17.8 7368s
 2343295 1260389   77.00000   42  156   84.00000   48.00000  42.9%  17.8 7379s
 2347082 1260813   48.00000   42  187   84.00000   48.00000  42.9%  17.8 7385s
 2347760 1271226   80.00000   88   71   84.00000   48.00000  42.9%  17.8 7424s
 2365182 1271576 infeasible   77        84.00000   48.00000  42.9%  17.8 7435s
 2366298 1272360     cutoff   81        84.00000   48.00000  42.9%  17.8 7444s
 2366856 1272752     cutoff   83        84.00000   48.00000  42.9%  17.8 7449s
 2367470 1275410     cutoff   88        84.00000   48.00000  42.9%  17.9 7458s
 2371849 1275894 infeasible   87        84.00000   48.00000  42.9%  17.8 7466s
 2372607 1285174   78.00000   75  169   84.00000   48.00000  42.9%  17.9 7503s
 2388119 1285452   71.00000   81  134   84.00000   48.00000  42.9%  17.8 7513s
 2388610 1285714   48.00000   73  132   84.00000   48.00000  42.9%  17.8 7518s
 2389158 1286042 infeasible  102        84.00000   48.00000  42.9%  17.8 7522s
 2389680 1288341   83.00000   65  118   84.00000   48.00000  42.9%  17.9 7531s
 2393644 1288724 infeasible   91        84.00000   48.00000  42.9%  17.9 7537s
 2394322 1298919   82.00000   97  150   84.00000   48.00000  42.9%  17.9 7577s
 2411734 1299101   48.00000   60  143   84.00000   48.00000  42.9%  17.8 7588s
 2412160 1299369   81.00000   80   58   84.00000   48.00000  42.9%  17.8 7592s
 2412658 1299626   83.00000   82   55   84.00000   48.00000  42.9%  17.8 7597s
 2413203 1299973   76.00000   87  124   84.00000   48.00000  42.9%  17.9 7601s
 2413764 1300355   48.00000   64  149   84.00000   48.00000  42.9%  17.9 7607s
 2414466 1302919   66.00000   44  120   84.00000   48.00000  42.9%  17.9 7622s
 2418902 1303223 infeasible   71        84.00000   48.00000  42.9%  17.9 7628s
 2419608 1312291   64.00000   89  138   84.00000   48.00000  42.9%  17.9 7666s
 2436601 1312584 infeasible   74        84.00000   48.00000  42.9%  17.9 7676s
 2437562 1313145   78.00000   83  126   84.00000   48.00000  42.9%  17.9 7683s
 2438085 1313380 infeasible   98        84.00000   48.00000  42.9%  17.9 7688s
 2438621 1315343   48.00000   92  175   84.00000   48.00000  42.9%  17.9 7698s
 2442360 1315611 infeasible   74        84.00000   48.00000  42.9%  17.9 7705s
 2442975 1325118   80.00000   92  137   84.00000   48.00000  42.9%  17.9 7744s
 2446979 1325118   77.00000   77  152   84.00000   48.00000  42.9%  17.9 7745s
 2460993 1325235 infeasible  101        84.00000   48.00000  42.9%  17.9 7754s
 2461413 1325469   83.00000  101  174   84.00000   48.00000  42.9%  17.9 7758s
 2461888 1325708 infeasible  114        84.00000   48.00000  42.9%  17.9 7763s
 2462355 1325960   77.00000   83  145   84.00000   48.00000  42.9%  17.9 7767s
 2462901 1328040   73.00000   73  184   84.00000   48.00000  42.9%  17.9 7780s
 2466853 1328331 infeasible  114        84.00000   48.00000  42.9%  17.9 7786s
 2467526 1337500   77.00000  105  101   84.00000   48.00000  42.9%  17.9 7826s
 2485457 1337748   59.00000   52  148   84.00000   48.00000  42.9%  17.9 7836s
 2485923 1337945   83.00000   84   91   84.00000   48.00000  42.9%  17.9 7840s
 2486949 1338529   60.00000   53  148   84.00000   48.00000  42.9%  17.9 7848s
 2487522 1338918   83.00000   93  132   84.00000   48.00000  42.9%  17.9 7853s
 2488206 1341235   66.00000   82  170   84.00000   48.00000  42.9%  17.9 7866s
 2492594 1341495   62.00000   60  154   84.00000   48.00000  42.9%  17.9 7872s
 2493224 1350405   83.00000   97   28   84.00000   48.00000  42.9%  17.9 7913s
 2511242 1350602   83.00000   57  170   84.00000   48.00000  42.9%  17.9 7923s
 2511689 1350831   83.00000   73  107   84.00000   48.00000  42.9%  17.9 7927s
 2512210 1351057   79.00000   87  126   84.00000   48.00000  42.9%  17.9 7931s
 2512742 1351222 infeasible  100        84.00000   48.00000  42.9%  17.9 7935s
 2513251 1353156   75.00000  109  180   84.00000   48.00000  42.9%  17.9 7947s
 2517004 1353369 infeasible  138        84.00000   48.00000  42.9%  17.9 7953s
 2517629 1362026   82.00000  107   70   84.00000   48.00000  42.9%  17.9 7991s
 2535647 1362114 infeasible  146        84.00000   48.00000  42.9%  17.9 8000s
 2536545 1362534   72.00000   76  175   84.00000   48.00000  42.9%  17.9 8006s
 2537529 1362949   72.00000  102  126   84.00000   48.00000  42.9%  17.9 8014s
 2538117 1365079   72.00000  119   87   84.00000   48.00000  42.9%  17.9 8027s
 2542275 1365188   57.00000   67  178   84.00000   48.00000  42.9%  17.9 8033s
 2542792 1373023   66.00000  102  170   84.00000   48.00000  42.9%  17.9 8073s
 2560810 1373056 infeasible  115        84.00000   48.00000  42.9%  17.9 8082s
 2561177 1373152   60.00000  103  151   84.00000   48.00000  42.9%  17.9 8085s
 2561925 1373312   48.00000   96  247   84.00000   48.00000  42.9%  17.9 8092s
 2562301 1373467   62.00000  100  204   84.00000   48.00000  42.9%  17.9 8096s
 2562732 1375371   76.00000  106  145   84.00000   48.00000  42.9%  17.9 8107s
 2566505 1375561   50.00000   92  211   84.00000   48.00000  42.9%  17.9 8113s
 2567141 1383434   79.00000  103  114   84.00000   48.00000  42.9%  17.9 8152s
 2585142 1383480   71.00000  104  151   84.00000   48.00000  42.9%  17.9 8161s
 2585798 1383639 infeasible   92        84.00000   48.00000  42.9%  17.9 8168s
 2586117 1383714 infeasible  112        84.00000   48.00000  42.9%  17.9 8171s
 2586446 1385311   71.00000  103  182   84.00000   48.00000  42.9%  17.9 8183s
 2590119 1385343 infeasible  100        84.00000   48.00000  42.9%  17.9 8188s
 2590611 1393043   77.00000  116  102   84.00000   48.00000  42.9%  17.9 8227s
 2606627 1393043   65.00000  109  172   84.00000   48.00000  42.9%  17.9 8232s
 2608629 1393016 infeasible  135        84.00000   48.00000  42.9%  17.9 8237s
 2608974 1393062 infeasible  122        84.00000   48.00000  42.9%  17.9 8240s
 2609567 1393138   78.00000  107  194   84.00000   48.00000  42.9%  17.9 8247s
 2609912 1393272   59.00000  126  178   84.00000   48.00000  42.9%  17.9 8251s
 2610336 1394933   61.00000  111  147   84.00000   48.00000  42.9%  17.9 8263s
 2614298 1394960 infeasible  103        84.00000   48.00000  42.9%  17.9 8268s
 2614717 1401815   80.00000  111  131   84.00000   48.00000  42.9%  17.9 8308s
 2632735 1401973 infeasible   77        84.00000   48.00000  42.9%  17.9 8317s
 2633153 1402091 infeasible  107        84.00000   48.00000  42.9%  17.9 8321s
 2633878 1402226     cutoff  113        84.00000   48.00000  42.9%  17.9 8328s
 2634202 1403623   66.00000  112  172   84.00000   48.00000  42.9%  17.9 8338s
 2637889 1403661 infeasible  137        84.00000   48.00000  42.9%  17.9 8343s
 2638357 1410640   54.00000  108  232   84.00000   48.00000  42.9%  17.9 8383s
 2656375 1410632 infeasible  125        84.00000   48.00000  42.9%  17.9 8392s
 2656643 1410661 infeasible  100        84.00000   48.00000  42.9%  17.9 8395s
 2657240 1410794   48.00000  122  186   84.00000   48.00000  42.9%  17.9 8401s
 2657569 1412198   64.00000  119  202   84.00000   48.00000  42.9%  17.9 8413s
 2661310 1412179 infeasible  137        84.00000   48.00000  42.9%  17.9 8418s
 2661739 1418324   48.00000  128  161   84.00000   48.00000  42.9%  18.0 8458s
 2672750 1418324   78.00000  122  115   84.00000   48.00000  42.9%  17.9 8460s
 2679757 1418270 infeasible  135        84.00000   48.00000  42.9%  17.9 8467s
 2680053 1418233 infeasible  117        84.00000   48.00000  42.9%  17.9 8470s
 2680652 1418209   82.00000  119  133   84.00000   48.00000  42.9%  18.0 8477s
 2680970 1418237 infeasible  118        84.00000   48.00000  42.9%  18.0 8481s
 2681308 1419648   62.00000  121  174   84.00000   48.00000  42.9%  18.0 8492s
 2685158 1419579 infeasible  128        84.00000   48.00000  42.9%  18.0 8498s
 2685579 1425701   71.00000  110  206   84.00000   48.00000  42.9%  18.0 8544s
 2686580 1425701   48.00000  108  253   84.00000   48.00000  42.9%  18.0 8545s
 2703597 1425622 infeasible  119        84.00000   48.00000  42.9%  18.0 8553s
 2703880 1425602 infeasible  151        84.00000   48.00000  42.9%  18.0 8556s
 2704458 1425554   59.00000  136  164   84.00000   48.00000  42.9%  18.0 8562s
 2704770 1425556   56.00000  113  174   84.00000   48.00000  42.9%  18.0 8566s
 2705106 1427033   76.00000  119  162   84.00000   48.00000  42.9%  18.0 8576s
 2709481 1428292   59.00000  127  216   84.00000   48.00000  42.9%  18.0 8587s
 2714021 1428161 infeasible  152        84.00000   48.00000  42.9%  18.0 8591s
 2714522 1429375   61.00000  131  166   84.00000   48.00000  42.9%  18.0 8602s
 2718243 1429288 infeasible  148        84.00000   48.00000  42.9%  18.0 8606s
 2718520 1430504   60.00000  129  189   84.00000   48.00000  42.9%  18.0 8614s
 2722115 1430419 infeasible  131        84.00000   48.00000  42.9%  18.0 8618s
 2722440 1431629   83.00000   89  116   84.00000   48.00000  42.9%  18.0 8628s
 2725796 1431577 infeasible  134        84.00000   48.00000  42.9%  18.0 8632s
 2726116 1432772   75.00000  132  137   84.00000   48.00000  42.9%  18.0 8641s
 2729743 1432659 infeasible  136        84.00000   48.00000  42.9%  18.0 8645s
 2730052 1433969   48.00000  126  175   84.00000   48.00000  42.9%  18.0 8653s
 2733752 1433873 infeasible  134        84.00000   48.00000  42.9%  18.0 8658s
 2734156 1439760   61.00000  108  228   84.00000   48.00000  42.9%  18.0 8700s
 2752174 1439712 infeasible  140        84.00000   48.00000  42.9%  18.0 8709s
 2752458 1439663 infeasible  131        84.00000   48.00000  42.9%  18.0 8712s
 2752739 1439617   60.00000  113  188   84.00000   48.00000  42.9%  18.0 8716s
 2753254 1439623   81.00000  110  152   84.00000   48.00000  42.9%  18.1 8723s
 2753587 1440893   81.00000  115  151   84.00000   48.00000  42.9%  18.1 8734s
 2757488 1440774 infeasible  156        84.00000   48.00000  42.9%  18.1 8739s
 2757909 1446579   74.00000  118  190   84.00000   48.00000  42.9%  18.1 8778s
 2775927 1446531   48.00000  106  227   84.00000   48.00000  42.9%  18.1 8787s
 2776205 1446523 infeasible  119        84.00000   48.00000  42.9%  18.1 8790s
 2776790 1446520   79.00000  120  133   84.00000   48.00000  42.9%  18.1 8797s
 2777132 1446455 infeasible  123        84.00000   48.00000  42.9%  18.1 8800s
 2777459 1447839   48.00000  122  212   84.00000   48.00000  42.9%  18.1 8813s
 2781475 1447727 infeasible  125        84.00000   48.00000  42.9%  18.1 8818s
 2781883 1453796   77.00000  117  168   84.00000   48.00000  42.9%  18.1 8858s
 2799901 1453732   48.00000  107  234   84.00000   48.00000  42.9%  18.1 8867s
 2800191 1453739   48.00000  110  238   84.00000   48.00000  42.9%  18.1 8870s
 2800778 1453778 infeasible  115        84.00000   48.00000  42.9%  18.1 8877s
 2801085 1454950   50.00000  108  217   84.00000   48.00000  42.9%  18.1 8888s
 2804758 1454876 infeasible  117        84.00000   48.00000  42.9%  18.1 8894s
 2805163 1460199   79.00000  135  108   84.00000   48.00000  42.9%  18.1 8942s
 2823181 1460117   71.00000  107  135   84.00000   48.00000  42.9%  18.1 8951s
 2823804 1460223 infeasible  134        84.00000   48.00000  42.9%  18.1 8957s
 2824148 1460266   51.00000   61  181   84.00000   48.00000  42.9%  18.1 8961s
 2824507 1460290   83.00000   94  107   84.00000   48.00000  42.9%  18.1 8965s
 2824869 1461888   79.00000  108  156   84.00000   48.00000  42.9%  18.1 8975s
 2829295 1461803 infeasible  119        84.00000   48.00000  42.9%  18.1 8980s
 2829722 1467679   75.00000  119  154   84.00000   48.00000  42.9%  18.1 9022s
 2847740 1467584 infeasible  153        84.00000   48.00000  42.9%  18.1 9031s
 2848323 1467630 infeasible  120        84.00000   48.00000  42.9%  18.1 9037s
 2848635 1467626   71.00000  128  167   84.00000   48.00000  42.9%  18.1 9040s
 2849300 1469147   71.00000  120  172   84.00000   48.00000  42.9%  18.2 9053s
 2853430 1469258 infeasible  109        84.00000   48.00000  42.9%  18.2 9058s
 2854007 1474887   60.00000  104  221   84.00000   48.00000  42.9%  18.2 9099s
 2856009 1474887   77.00000  106  154   84.00000   48.00000  42.9%  18.2 9100s
 2872025 1474829 infeasible  128        84.00000   48.00000  42.9%  18.1 9108s
 2872321 1474831   63.00000  120  176   84.00000   48.00000  42.9%  18.1 9111s
 2872567 1474773   71.00000  116  154   84.00000   48.00000  42.9%  18.2 9115s
 2873198 1476093   48.00000  125  179   84.00000   48.00000  42.9%  18.2 9129s
 2876919 1476042 infeasible  135        84.00000   48.00000  42.9%  18.2 9134s
 2876999 1476042 infeasible  100        84.00000   48.00000  42.9%  18.2 9135s
 2877360 1481910   76.00000  104  165   84.00000   48.00000  42.9%  18.2 9181s
 2895378 1481756 infeasible  122        84.00000   48.00000  42.9%  18.2 9190s
 2896038 1481733   82.00000   82  128   84.00000   48.00000  42.9%  18.2 9197s
 2896367 1481766 infeasible  115        84.00000   48.00000  42.9%  18.2 9201s
 2896700 1481808   48.00000  116  181   84.00000   48.00000  42.9%  18.2 9205s
 2897068 1483159   77.00000  124  170   84.00000   48.00000  42.9%  18.2 9215s
 2901401 1483083     cutoff  124        84.00000   48.00000  42.9%  18.2 9220s
 2901843 1488005   71.00000  126  157   84.00000   48.00000  42.9%  18.2 9268s
 2919103 1487964 infeasible  118        84.00000   48.00000  42.9%  18.2 9279s
 2919520 1488090   74.00000  105  185   84.00000   48.00000  42.9%  18.2 9284s
 2920012 1488210 infeasible   69        84.00000   48.00000  42.9%  18.2 9290s
 2920554 1490334   49.00000  125  182   84.00000   48.00000  42.9%  18.3 9308s
 2926321 1490311 infeasible  102        84.00000   48.00000  42.9%  18.3 9314s
 2926702 1497045   60.00000  102  193   84.00000   48.00000  42.9%  18.3 9355s
 2944720 1497060 infeasible  135        84.00000   48.00000  42.9%  18.2 9365s
 2945393 1497159   78.00000   82  132   84.00000   48.00000  42.9%  18.3 9372s
 2945750 1497192   78.00000  103  140   84.00000   48.00000  42.9%  18.3 9376s
 2946087 1497156 infeasible  118        84.00000   48.00000  42.9%  18.3 9380s
 2946489 1498630   48.00000  136  198   84.00000   48.00000  42.9%  18.3 9393s
 2950454 1498583 infeasible  110        84.00000   48.00000  42.9%  18.3 9398s
 2950863 1505183   69.21951  122  146   84.00000   48.00000  42.9%  18.3 9438s
 2960873 1505183   71.00000  122  183   84.00000   48.00000  42.9%  18.3 9440s
 2968881 1505118 infeasible  123        84.00000   48.00000  42.9%  18.3 9448s
 2969184 1505120 infeasible  117        84.00000   48.00000  42.9%  18.3 9451s
 2969739 1505090 infeasible  106        84.00000   48.00000  42.9%  18.3 9458s
 2970066 1505069   75.00000  110  133   84.00000   48.00000  42.9%  18.3 9461s
 2970381 1506606   77.00000  120  161   84.00000   48.00000  42.9%  18.3 9473s
 2974191 1506567 infeasible  128        84.00000   48.00000  42.9%  18.3 9479s
 2974634 1513013   61.00000  107  237   84.00000   48.00000  42.9%  18.3 9530s
 2992652 1512970 infeasible  124        84.00000   48.00000  42.9%  18.3 9540s
 2993286 1513016 infeasible  117        84.00000   48.00000  42.9%  18.3 9548s
 2993663 1513086   57.00000  138  163   84.00000   48.00000  42.9%  18.3 9551s
 2994077 1513102   65.00000  105  209   84.00000   48.00000  42.9%  18.3 9555s
 2994453 1514691   70.00000  111  164   84.00000   48.00000  42.9%  18.3 9565s
 2998778 1514685 infeasible  130        84.00000   48.00000  42.9%  18.3 9571s
 2999262 1521203   80.00000  114  124   84.00000   48.00000  42.9%  18.3 9612s
 3017280 1521158 infeasible  162        84.00000   48.00000  42.9%  18.3 9621s
 3017579 1521109 infeasible  116        84.00000   48.00000  42.9%  18.3 9625s
 3018214 1521151   48.00000  116  193   84.00000   48.00000  42.9%  18.3 9631s
 3018574 1521125 infeasible  115        84.00000   48.00000  42.9%  18.3 9635s
 3018930 1522706   83.00000  116  135   84.00000   48.00000  42.9%  18.3 9645s
 3023161 1522620 infeasible  122        84.00000   48.00000  42.9%  18.3 9651s
 3023585 1528564     cutoff  119        84.00000   48.00000  42.9%  18.3 9692s
 3041603 1528466 infeasible  136        84.00000   48.00000  42.9%  18.3 9701s
 3042203 1528469   71.00000  107  174   84.00000   48.00000  42.9%  18.4 9708s
 3042490 1528456     cutoff  114        84.00000   48.00000  42.9%  18.4 9712s
 3042809 1528504   48.00000  127  188   84.00000   48.00000  42.9%  18.4 9716s
 3043175 1529855   66.00000  123  184   84.00000   48.00000  42.9%  18.4 9729s
 3047230 1529750 infeasible  126        84.00000   48.00000  42.9%  18.4 9734s
 3047649 1536292   78.00000  118  163   84.00000   48.00000  42.9%  18.4 9776s
 3065667 1536258 infeasible  104        84.00000   48.00000  42.9%  18.4 9786s
 3066247 1536283 infeasible  108        84.00000   48.00000  42.9%  18.4 9793s
 3066544 1536304   74.00000  112  130   84.00000   48.00000  42.9%  18.4 9797s
 3066891 1536306 infeasible  129        84.00000   48.00000  42.9%  18.4 9801s
 3067261 1537982   48.00000  114  196   84.00000   48.00000  42.9%  18.4 9814s
 3071256 1538005 infeasible  123        84.00000   48.00000  42.9%  18.4 9820s
 3071665 1544178   79.00000  115  128   84.00000   48.00000  42.9%  18.4 9862s
 3089683 1544091 infeasible  108        84.00000   48.00000  42.9%  18.4 9871s
 3090002 1544043   57.00000  112  197   84.00000   48.00000  42.9%  18.4 9875s
 3090615 1544092 infeasible  132        84.00000   48.00000  42.9%  18.4 9882s
 3090975 1544107 infeasible   99        84.00000   48.00000  42.9%  18.4 9887s
 3091358 1544122   48.00000  123  211   84.00000   48.00000  42.9%  18.4 9891s
 3091775 1545397   48.00000  125  214   84.00000   48.00000  42.9%  18.4 9904s
 3095979 1545298 infeasible  117        84.00000   48.00000  42.9%  18.4 9910s
 3096398 1551619   54.00000  116  214   84.00000   48.00000  42.9%  18.5 9962s
 3114416 1551490 infeasible  122        84.00000   48.00000  42.9%  18.4 9972s
 3114781 1551509 infeasible  111        84.00000   48.00000  42.9%  18.4 9976s
 3115444 1551505   48.00000  113  172   84.00000   48.00000  42.9%  18.5 9984s
 3115776 1551535   82.00000  124  102   84.00000   48.00000  42.9%  18.5 9988s
 3116208 1553332   80.00000   97  121   84.00000   48.00000  42.9%  18.5 9998s
 3120732 1553327 infeasible  104        84.00000   48.00000  42.9%  18.5 10003s
 3121149 1560316   61.00000  101  225   84.00000   48.00000  42.9%  18.5 10045s
 3139167 1560315 infeasible  115        84.00000   48.00000  42.9%  18.5 10054s
 3139478 1560335   81.00000  115  142   84.00000   48.00000  42.9%  18.5 10058s
 3139804 1560366 infeasible  121        84.00000   48.00000  42.9%  18.5 10061s
 3140449 1560431 infeasible  104        84.00000   48.00000  42.9%  18.5 10069s
 3140832 1560506 infeasible  110        84.00000   48.00000  42.9%  18.5 10073s
 3141229 1562407   48.00000   90  202   84.00000   48.00000  42.9%  18.5 10084s
 3145812 1562459 infeasible  138        84.00000   48.00000  42.9%  18.5 10089s
 3146220 1569679   80.00000   92  111   84.00000   48.00000  42.9%  18.5 10131s
 3164238 1569709 infeasible  132        84.00000   48.00000  42.9%  18.5 10141s
 3164572 1569769   83.00000   92  140   84.00000   48.00000  42.9%  18.5 10145s
 3165320 1569881 infeasible  107        84.00000   48.00000  42.9%  18.5 10154s
 3165752 1569974   66.00000  117  241   84.00000   48.00000  42.9%  18.5 10159s
 3166183 1571739   78.00000  106  196   84.00000   48.00000  42.9%  18.5 10172s
 3170313 1571681 infeasible  124        84.00000   48.00000  42.9%  18.5 10177s
 3170757 1578706   59.00000  119  207   84.00000   48.00000  42.9%  18.5 10220s
 3188775 1578713 infeasible  105        84.00000   48.00000  42.9%  18.5 10230s
 3189433 1578793   75.00000  119  134   84.00000   48.00000  42.9%  18.5 10238s
 3189820 1578843 infeasible  107        84.00000   48.00000  42.9%  18.6 10241s
 3190232 1578910   61.00000  102  178   84.00000   48.00000  42.9%  18.6 10246s
 3190655 1580467   65.00000  109  152   84.00000   48.00000  42.9%  18.6 10259s
 3194819 1580444 infeasible  112        84.00000   48.00000  42.9%  18.6 10265s
 3195287 1582385   75.00000  102  160   84.00000   48.00000  42.9%  18.6 10303s
 3203301 1586526   55.00000  131  219   84.00000   48.00000  42.9%  18.6 10336s
 3212481 1586615 infeasible  122        84.00000   48.00000  42.9%  18.6 10345s
 3213098 1586794   75.00000   82  151   84.00000   48.00000  42.9%  18.6 10351s
 3213775 1589791   70.00000   90  166   84.00000   48.00000  42.9%  18.6 10367s
 3220395 1589926 infeasible  124        84.00000   48.00000  42.9%  18.6 10374s
 3220984 1597637   62.00000   91  129   84.00000   48.00000  42.9%  18.6 10416s
 3239002 1597731 infeasible  146        84.00000   48.00000  42.9%  18.6 10426s
 3239450 1597860 infeasible  113        84.00000   48.00000  42.9%  18.6 10430s
 3240202 1597959 infeasible   95        84.00000   48.00000  42.9%  18.6 10435s
 3240806 1598231   62.00000  108  148   84.00000   48.00000  42.9%  18.6 10444s
 3241345 1600077   60.00000  122  184   84.00000   48.00000  42.9%  18.6 10458s
 3245581 1600229 infeasible  153        84.00000   48.00000  42.9%  18.6 10464s
 3246197 1607512   81.00000   93   86   84.00000   48.00000  42.9%  18.6 10507s
 3264215 1607593 infeasible  123        84.00000   48.00000  42.9%  18.6 10517s
 3264634 1607697   72.00000   82  164   84.00000   48.00000  42.9%  18.6 10520s
 3265051 1607781   58.00000  132  218   84.00000   48.00000  42.9%  18.6 10525s
 3265503 1608016   82.00000   80  176   84.00000   48.00000  42.9%  18.6 10530s
 3265986 1608228 infeasible  129        84.00000   48.00000  42.9%  18.6 10535s
 3266511 1610135   73.00000   99  149   84.00000   48.00000  42.9%  18.6 10548s
 3270809 1610216   69.00000  100  226   84.00000   48.00000  42.9%  18.6 10555s
 3271436 1617073   48.00000  114  223   84.00000   48.00000  42.9%  18.6 10597s
 3281446 1617073   77.00000  113  166   84.00000   48.00000  42.9%  18.6 10600s
 3289454 1617161 infeasible  127        84.00000   48.00000  42.9%  18.6 10607s
 3289929 1617380 infeasible   99        84.00000   48.00000  42.9%  18.6 10611s
 3290383 1617555   83.00000   75  112   84.00000   48.00000  42.9%  18.6 10616s
 3290909 1617668   69.21951  103  214   84.00000   48.00000  42.9%  18.6 10620s
 3291356 1617783   80.00000   75  127   84.00000   48.00000  42.9%  18.6 10625s
 3291833 1619501   48.00000   91  228   84.00000   48.00000  42.9%  18.6 10639s
 3295956 1619697   77.00000  110  161   84.00000   48.00000  42.9%  18.6 10645s
 3296548 1627203   70.00000  102  134   84.00000   48.00000  42.9%  18.6 10687s
 3314566 1627227 infeasible  138        84.00000   48.00000  42.9%  18.6 10697s
 3314980 1627364   83.00000  115   67   84.00000   48.00000  42.9%  18.6 10701s
 3315405 1627516 infeasible  102        84.00000   48.00000  42.9%  18.6 10706s
 3315895 1627724   61.00000   75  175   84.00000   48.00000  42.9%  18.6 10711s
 3316417 1627955   75.00000  107  168   84.00000   48.00000  42.9%  18.6 10716s
 3316970 1629993   75.00000  118  131   84.00000   48.00000  42.9%  18.6 10729s
 3321337 1630212 infeasible  127        84.00000   48.00000  42.9%  18.6 10736s
 3322012 1638053   66.00000   93  170   84.00000   48.00000  42.9%  18.6 10778s
 3338028 1638053   81.00000   91  107   84.00000   48.00000  42.9%  18.6 10784s
 3339971 1638124 infeasible   92        84.00000   48.00000  42.9%  18.6 10789s
 3340388 1638236   59.00000  105  172   84.00000   48.00000  42.9%  18.6 10793s
 3340807 1638380 infeasible  136        84.00000   48.00000  42.9%  18.6 10798s
 3341273 1638446   68.00000   89  192   84.00000   48.00000  42.9%  18.6 10800s

Explored 3341415 nodes (62144262 simplex iterations) in 10800.23 seconds (263.56 work units)
Thread count was 18 (of 36 available processors)

Solution count 10: 84 85 86 ... 94

Time limit reached
Best objective 8.400000000000e+01, best bound 4.800000000000e+01, gap 42.8571%
