
Gurobi 11.0.0 (win64) logging started Wed May  8 18:49:05 2024

Set parameter LogFile to value "./Results/StripPacking-CutHeurRuns/Logs/RU-011-StripPacking-25.log"
Set parameter TimeLimit to value 10800
Set parameter Cuts to value 0
Set parameter Presolve to value 1
Set parameter Heuristics to value 1
Set parameter LPWarmStart to value 2
Gurobi Optimizer version 11.0.0 build v11.0.0rc2 (win64 - Windows 10.0 (19045.2))

CPU model: Intel(R) Core(TM) i9-10980XE CPU @ 3.00GHz, instruction set [SSE2|AVX|AVX2|AVX512]
Thread count: 18 physical cores, 36 logical processors, using up to 18 threads

Optimize a model with 4525 rows, 1251 columns and 12050 nonzeros
Model fingerprint: 0x632a4b52
Variable types: 51 continuous, 1200 integer (1200 binary)
Coefficient statistics:
  Matrix range     [1e+00, 1e+04]
  Objective range  [1e+00, 1e+00]
  Bounds range     [1e+00, 1e+04]
  RHS range        [1e+00, 1e+04]

Warning: Completing partial solution with 1200 unfixed non-continuous variables out of 1200
User MIP start produced solution with objective 102.2 (0.01s)
Loaded user MIP start with objective 102.2

Presolve removed 600 rows and 0 columns
Presolve time: 0.03s
Presolved: 3925 rows, 1251 columns, 10850 nonzeros
Variable types: 51 continuous, 1200 integer (1200 binary)

Root relaxation: objective 3.500000e+01, 697 iterations, 0.02 seconds (0.02 work units)

    Nodes    |    Current Node    |     Objective Bounds      |     Work
 Expl Unexpl |  Obj  Depth IntInf | Incumbent    BestBd   Gap | It/Node Time

     0     0   35.00000    0  133  102.20000   35.00000  65.8%     -    0s
     0     0   35.00000    0  107  102.20000   35.00000  65.8%     -    0s
H    0     0                      98.0000000   35.00000  64.3%     -    0s
     0     2   35.00000    0  100   98.00000   35.00000  64.3%     -    0s
H   89   104                      97.0000000   35.00000  63.9%  33.6    2s
H  103   122                      94.0000000   35.00000  62.8%  31.9    8s
H  104   122                      91.0000000   35.00000  61.5%  32.3    8s
   215   373   35.00000   14  156   91.00000   35.00000  61.5%  23.4   11s
H  242   373                      89.0000000   35.00000  60.7%  24.7   11s
H  374   432                      88.0000000   35.00000  60.2%  24.7   14s
H  385   432                      85.0000000   35.00000  58.8%  24.4   14s
H  435   507                      84.0000000   35.00000  58.3%  24.6   20s
H  471   507                      83.0000000   35.00000  57.8%  25.4   20s
H  510   525                      82.0000000   35.00000  57.3%  25.4   37s
   528  1266   35.00000   17  156   82.00000   35.00000  57.3%  25.4   46s
  1287  1739   35.00000   62  212   82.00000   35.00000  57.3%  27.5   51s
  1834  1987   62.00000  127  213   82.00000   35.00000  57.3%  26.7   56s
  2133  3718   68.42105  127  179   82.00000   35.00000  57.3%  26.6   68s
  4251  3732   74.00000   97  119   82.00000   35.00000  57.3%  24.1   78s
  4293  3763   35.00000   14  107   82.00000   35.00000  57.3%  25.7   80s
  4494  3898   37.00000   21  163   82.00000   35.00000  57.3%  27.6   90s
  4603  3970   37.00000   24  179   82.00000   35.00000  57.3%  28.1   98s
H 4608  3782                      81.0000000   35.00000  56.8%  28.1   98s
  4621  3795   37.00000   25  187   81.00000   35.00000  56.8%  28.2  108s
  4738  3906   37.00000   28  172   81.00000   35.00000  56.8%  28.9  112s
  4790  3909   37.00000   29  183   81.00000   35.00000  56.8%  29.1  115s
  4938  4022   52.00000   33  158   81.00000   35.00000  56.8%  29.9  123s
  5096  4096   37.00000   36  211   81.00000   35.00000  56.8%  30.9  130s
  5115  4109   37.00000   36  214   81.00000   35.00000  56.8%  31.0  137s
  5227  4261   37.00000   40  199   81.00000   35.00000  56.8%  31.5  141s
  5625  4448   54.00000   48  154   81.00000   35.00000  56.8%  33.9  147s
  5936  4591   67.00000   59  141   81.00000   35.00000  56.8%  35.3  155s
  5957  4591   67.00000   60  143   81.00000   35.00000  56.8%  35.4  164s
  5992  4664   67.00000   61  135   81.00000   35.00000  56.8%  35.6  165s
  6325  4778   67.00000   68  122   81.00000   35.00000  56.8%  36.3  171s
  6716  4942 infeasible   75        81.00000   35.00000  56.8%  37.6  182s
  6932  5032     cutoff   78        81.00000   35.00000  56.8%  38.0  188s
  6994  5389   77.00000   77  120   81.00000   35.00000  56.8%  38.2  190s
  7725  5680   39.00000   27  166   81.00000   35.00000  56.8%  40.3  196s
  8160  5555   47.00000   40  172   81.00000   35.00000  56.8%  42.4  209s
  8190  5945   47.00000   41  172   81.00000   35.00000  56.8%  42.5  211s
  8646  5808 infeasible   50        81.00000   35.00000  56.8%  42.9  220s
  8667  6422   72.00000   51  134   81.00000   35.00000  56.8%  43.0  225s
  9480  6203   62.00000   47  146   81.00000   35.00000  56.8%  45.0  231s
  9542  6791   49.00000   46  183   81.00000   35.00000  56.8%  45.3  236s
 10209  6639   58.00000   72  133   81.00000   35.00000  56.8%  46.2  243s
H10315  6425                      81.0000000   35.00000  56.8%  46.6  243s
 10327  6436   58.00000   73  133   81.00000   35.00000  56.8%  46.5  258s
 10348  6736   58.00000   74  132   81.00000   35.00000  56.8%  46.6  262s
 10785  6820   58.00000   75  137   81.00000   35.00000  56.8%  46.8  267s
 11116  7177   58.00000   76  143   81.00000   35.00000  56.8%  47.2  272s
 11745  7578   72.00000   90  103   81.00000   35.00000  56.8%  47.5  280s
 12635  7312 infeasible  104        81.00000   35.00000  56.8%  48.4  294s
 12672  7411   79.00000  105   49   81.00000   35.00000  56.8%  48.5  298s
 12835  8331   68.00000   50  128   81.00000   35.00000  56.8%  48.7  313s
 14272  7929 infeasible   89        81.00000   35.00000  56.8%  48.6  318s
 14385  8716   35.00000   23  126   81.00000   35.00000  56.8%  48.7  331s
 15545  8726   78.00000   48  104   81.00000   35.00000  56.8%  49.1  349s
 15569  9509   78.00000   49  107   81.00000   35.00000  56.8%  49.1  358s
 16559  9650   77.00000   67  115   81.00000   35.00000  56.8%  48.8  364s
 16788  9752   79.00000   72   43   81.00000   35.00000  56.8%  49.0  377s
 16938 10258   55.00000   37  161   81.00000   35.00000  56.8%  49.2  387s
 17646 11301   48.40900   52  210   81.00000   35.00000  56.8%  49.4  400s
 19092 11311   74.00000   86   97   81.00000   35.00000  56.8%  50.2  420s
 19118 12641   76.00000   87   88   81.00000   35.00000  56.8%  50.2  437s
 20955 13177   80.00000   52  142   81.00000   35.00000  56.8%  50.6  452s
 21699 13444 infeasible   67        81.00000   35.00000  56.8%  50.6  469s
 22139 17029   80.00000   59  122   81.00000   35.00000  56.8%  50.7  512s
 26981 18194   64.00000   80  142   81.00000   35.00000  56.8%  52.3  528s
 28645 18208   80.00000   53  101   81.00000   35.00000  56.8%  52.6  547s
 28667 18470   80.00000   54   89   81.00000   35.00000  56.8%  52.6  567s
 29017 18488   80.00000   54  122   81.00000   35.00000  56.8%  52.6  582s
 29037 18652   80.00000   55   73   81.00000   35.00000  56.8%  52.6  600s
 29259 18667   80.00000   54  106   81.00000   35.00000  56.8%  52.7  630s
 29280 19697   80.00000   55  105   81.00000   35.00000  56.8%  52.7  640s
 30573 19711   65.00000   47  188   81.00000   35.00000  56.8%  52.9  660s
 30595 21181   58.00000   48  158   81.00000   35.00000  56.8%  52.9  679s
 31511 21181     cutoff   76        81.00000   35.00000  56.8%  53.1  680s
 32714 21195   77.00000   40  138   81.00000   35.00000  56.8%  53.5  702s
 32736 22704   77.00000   41  113   81.00000   35.00000  56.8%  53.5  724s
 34987 22722   63.00000   37  125   81.00000   35.00000  56.8%  53.6  743s
 35009 23680   63.00000   38  126   81.00000   35.00000  56.8%  53.6  762s
 36187 23983   68.00000   68  131   81.00000   35.00000  56.8%  53.6  778s
 36592 24881   77.00000   84   57   81.00000   35.00000  56.8%  53.7  797s
 37776 25095   62.00000   80  105   81.00000   35.00000  56.8%  54.0  814s
 38074 26483 infeasible   82        81.00000   35.00000  56.8%  54.1  832s
 39967 26911   76.00000   95   55   81.00000   35.00000  56.8%  54.6  849s
 40702 28413   40.00000   32  223   81.00000   35.00000  56.8%  54.7  867s
 43085 28631 infeasible   78        81.00000   35.00000  56.8%  54.7  888s
 43405 36309 infeasible   79        81.00000   35.00000  56.8%  54.7  989s
 50758 36309   71.00000   89  113   81.00000   35.00000  56.8%  55.4  990s
 54333 36316   73.00000   73  125   81.00000   35.00000  56.8%  55.6 1024s
 54362 36584   73.00000   74  125   81.00000   35.00000  56.8%  55.6 1047s
 54768 36816 infeasible   87        81.00000   35.00000  56.8%  55.7 1071s
H54963 33523                      80.0000000   35.00000  56.2%  55.7 1071s
 55248 35271   35.00000   32  222   80.00000   35.00000  56.2%  55.8 1097s
 58085 35273 infeasible   85        80.00000   35.00000  56.2%  56.0 1130s
 58116 36989   39.00000   48  178   80.00000   35.00000  56.2%  56.0 1156s
 60830 37068   50.00000   33  192   80.00000   35.00000  56.2%  56.3 1184s
 60947 38892   50.00000   34  186   80.00000   35.00000  56.2%  56.3 1208s
H61937 38892                      80.0000000   35.00000  56.2%  56.2 1208s
 63587 39011 infeasible   82        80.00000   35.00000  56.2%  56.3 1230s
 63766 40656   71.00000   82  108   80.00000   35.00000  56.2%  56.3 1254s
H63791 37551                      79.0000000   35.00000  55.7%  56.4 1254s
 66138 38516 infeasible  102        79.00000   35.00000  55.7%  56.4 1306s
H66459 35591                      78.0000000   35.00000  55.1%  56.4 1306s
 67911 44781 infeasible   57        78.00000   35.00000  55.1%  56.5 1446s
 82080 44790     cutoff   58        78.00000   35.00000  55.1%  58.1 1495s
H82083 44788                      78.0000000   35.00000  55.1%  58.1 1495s
 82107 45048   77.00000   59  100   78.00000   35.00000  55.1%  58.2 1517s
 82529 45062   62.00000   67  166   78.00000   35.00000  55.1%  58.2 1553s
 82551 46307 infeasible   68        78.00000   35.00000  55.1%  58.2 1576s
 84489 46401     cutoff   93        78.00000   35.00000  55.1%  58.3 1607s
 84661 47569   62.00000   53  142   78.00000   35.00000  55.1%  58.3 1636s
 86437 47580   69.00000   38  153   78.00000   35.00000  55.1%  58.4 1670s
 86461 48608   69.00000   39  152   78.00000   35.00000  55.1%  58.4 1694s
 87900 49572   48.00000   40  196   78.00000   35.00000  55.1%  58.5 1742s
 89428 57844   62.00000   60  138   78.00000   35.00000  55.1%  58.5 1879s
 93421 57844 infeasible   62        78.00000   35.00000  55.1%  58.8 1880s
 102262 57856   44.00000   40  193   78.00000   35.00000  55.1%  58.9 1924s
 102286 58118   44.00000   41  192   78.00000   35.00000  55.1%  58.9 1951s
 102649 58130   67.00000   50  165   78.00000   35.00000  55.1%  59.0 2017s
 102673 59218   67.00000   51  171   78.00000   35.00000  55.1%  59.0 2042s
 104372 59408   54.00000   44  183   78.00000   35.00000  55.1%  59.0 2074s
 104663 61129   55.00000   45  184   78.00000   35.00000  55.1%  59.0 2102s
 107142 61145   72.00000   62  111   78.00000   35.00000  55.1%  59.1 2160s
 107162 62800   72.00000   63  113   78.00000   35.00000  55.1%  59.1 2193s
 109775 63242   77.00000   41  118   78.00000   35.00000  55.1%  59.1 2245s
 110526 74930   77.00000   42  116   78.00000   35.00000  55.1%  59.1 2432s
 125541 74930   47.62941   41  179   78.00000   35.00000  55.1%  59.4 2435s
 128544 74947 infeasible   79        78.00000   35.00000  55.1%  59.4 2536s
 128563 76175   75.00000   79   67   78.00000   35.00000  55.1%  59.4 2558s
 130513 76184   76.00000   75  102   78.00000   35.00000  55.1%  59.5 2614s
 130540 77442   76.00000   76  100   78.00000   35.00000  55.1%  59.5 2633s
 132221 77542   70.00000   49  138   78.00000   35.00000  55.1%  59.7 2683s
 132389 88964   70.00000   49  132   78.00000   35.00000  55.1%  59.6 2858s
 148405 88964 infeasible   77        78.00000   35.68052  54.3%  60.0 2861s
 150407 88979   69.00000   59  177   78.00000   37.00000  52.6%  60.0 2923s
 150428 89422   69.00000   60  162   78.00000   37.00000  52.6%  60.0 2955s
 151081 89651   51.00000   38  169   78.00000   37.00000  52.6%  60.0 2997s
 151534 91771   77.00000   63  123   78.00000   37.00000  52.6%  60.0 3034s
 154833 91784   56.00000   52  182   78.00000   37.00000  52.6%  59.9 3133s
 154856 103588   54.00000   52  169   78.00000   37.00000  52.6%  59.9 3346s
 172874 103595   76.00000   82   34   78.00000   37.00000  52.6%  60.0 3410s
 172903 105339 infeasible   83        78.00000   37.00000  52.6%  60.0 3446s
 175793 105352     cutoff   70        78.00000   37.00000  52.6%  59.9 3512s
 175816 107171 infeasible   71        78.00000   37.00000  52.6%  59.9 3547s
 178623 107891   49.00000   66  166   78.00000   37.00000  52.6%  59.9 3613s
 179900 119364   56.00000   50  149   78.00000   37.00000  52.6%  59.9 3821s
 197670 119367 infeasible   94        78.00000   37.00000  52.6%  59.8 3890s
 197703 119758   37.00000   55  201   78.00000   37.00000  52.6%  59.8 3922s
 198272 119826 infeasible   80        78.00000   37.00000  52.6%  59.8 3975s
 198382 121642   38.03695   54  179   78.00000   37.00000  52.6%  59.8 4010s
 201156 121648   73.00000   50  130   78.00000   37.00000  52.6%  59.8 4111s
 201188 133358   73.00000   51  130   78.00000   37.00000  52.6%  59.8 4308s
 209196 133358 infeasible   66        78.00000   37.00000  52.6%  59.8 4310s
 219206 133371   64.00000   36  161   78.00000   37.00000  52.6%  59.6 4369s
 219229 134144   64.00000   37  173   78.00000   37.00000  52.6%  59.6 4393s
 220465 134154   57.00000   40  152   78.00000   37.00000  52.6%  59.6 4444s
 220491 135108   57.00000   41  139   78.00000   37.00000  52.6%  59.6 4471s
 221802 135122   75.00000   66   80   78.00000   37.00000  52.6%  59.6 4520s
 221824 136235   75.00000   67   66   78.00000   37.00000  52.6%  59.6 4547s
 223425 136511   77.00000   56   64   78.00000   37.00000  52.6%  59.6 4604s
 223897 147924 infeasible   57        78.00000   37.00000  52.6%  59.6 4869s
 241915 148038   39.00000   36  243   78.00000   37.00000  52.6%  59.5 4928s
 242087 148364   67.00000   46  160   78.00000   37.00000  52.6%  59.5 4962s
 242525 148587   67.00000   50  164   78.00000   37.00000  52.6%  59.5 5010s
 243017 150472   71.00000   64   93   78.00000   37.00000  52.6%  59.5 5051s
 246171 150485   62.00000   46  167   78.00000   37.00000  52.6%  59.6 5157s
 246194 161859   64.00000   47  157   78.00000   37.00000  52.6%  59.6 5363s
 257205 161859   75.00000   65  118   78.00000   37.00000  52.6%  59.6 5366s
 264212 161872   76.00000   48  106   78.00000   37.00000  52.6%  59.6 5433s
 264235 162940   76.00000   49   98   78.00000   37.00000  52.6%  59.6 5461s
 266092 162952     cutoff   60        78.00000   37.00000  52.6%  59.6 5514s
 266116 163980   74.00000   61  129   78.00000   37.00000  52.6%  59.6 5538s
 267883 164430     cutoff   66        78.00000   37.00000  52.6%  59.7 5597s
 268619 176199   76.00000   68   74   78.00000   37.00000  52.6%  59.7 5824s
 272623 176199   71.00000   61  123   78.00000   37.00000  52.6%  59.7 5825s
 286637 176215   37.00000   30  168   78.00000   37.00000  52.6%  59.8 5893s
 286657 176582   61.00000   31  152   78.00000   37.00000  52.6%  59.8 5923s
 287160 176594     cutoff   62        78.00000   37.00000  52.6%  59.8 5971s
 287184 178031   75.00000   63  129   78.00000   37.00000  52.6%  59.8 6001s
 289266 178084     cutoff   64        78.00000   37.00000  52.6%  59.7 6060s
 289383 180194   46.00000   19  140   78.00000   37.00000  52.6%  59.7 6098s
 292325 180212   70.00000   64  106   78.00000   37.00000  52.6%  59.8 6171s
 292357 192013   70.00000   65  104   78.00000   37.00000  52.6%  59.8 6385s
 310375 192019   77.00000   77   40   78.00000   37.00000  52.6%  59.8 6469s
 310405 193299   77.00000   78   32   78.00000   37.00000  52.6%  59.8 6497s
 312396 193310   64.00000   59  162   78.00000   37.00000  52.6%  59.8 6562s
 312421 194565   64.00000   60  158   78.00000   37.00000  52.6%  59.8 6588s
 314244 194645   71.00000   68   76   78.00000   37.00000  52.6%  59.8 6657s
 314351 205959   76.00000   67  101   78.00000   37.00000  52.6%  59.8 6881s
 332369 205972   77.00000   77   74   78.00000   37.00000  52.6%  59.9 7014s
H332384 186513                      77.0000000   37.00000  51.9%  59.9 7014s
 332392 187806     cutoff   77        77.00000   37.00000  51.9%  59.9 7043s
 334358 187871   75.00000   58  111   77.00000   37.00000  51.9%  60.0 7108s
 334466 189042   69.00000   61  135   77.00000   37.00000  51.9%  60.0 7135s
 336308 189171   72.00000   58  122   77.00000   37.00000  51.9%  60.0 7211s
 336537 200152 infeasible   59        77.00000   37.00000  51.9%  60.0 7438s
 354555 200167   75.00000   53   90   77.00000   37.00000  51.9%  60.5 7518s
H354574 200167                      77.0000000   37.00000  51.9%  60.5 7518s
 354575 200362   75.00000   54   86   77.00000   37.00000  51.9%  60.5 7549s
 354970 200621 infeasible   55        77.00000   37.00000  51.9%  60.5 7599s
 355420 201367   56.00000   63  134   77.00000   37.00000  51.9%  60.5 7620s
 356512 201380   58.00000   39  155   77.00000   37.00000  51.9%  60.5 7696s
 356535 202939   64.00000   40  154   77.00000   37.00000  51.9%  60.5 7729s
 358889 203099   76.00000   42  156   77.00000   37.00000  51.9%  60.5 7792s
 359213 213927   74.00000   43  145   77.00000   37.00000  51.9%  60.6 8021s
 377231 213940   67.00000   74  128   77.00000   37.00000  51.9%  60.8 8105s
 377254 214355   75.00000   74  105   77.00000   37.00000  51.9%  60.8 8141s
 377851 214365   62.00000   61  155   77.00000   37.00000  51.9%  60.8 8205s
 377876 215173   62.00000   62  161   77.00000   37.00000  51.9%  60.8 8232s
 379065 215242 infeasible   59        77.00000   37.00000  51.9%  60.8 8281s
 379207 215903 infeasible   59        77.00000   37.00000  51.9%  60.8 8303s
 380159 215919   68.00000   56  142   77.00000   37.00000  51.9%  60.8 8365s
 380179 216806   72.00000   56  138   77.00000   37.00000  51.9%  60.8 8397s
 381699 216910 infeasible   53        77.00000   37.00000  51.9%  60.9 8463s
 381887 227997   54.00000   52  209   77.00000   37.00000  51.9%  60.9 8722s
 399905 228090   75.00000   57  128   77.00000   37.00000  51.9%  61.0 8782s
 400085 228324   75.00000   58  126   77.00000   37.00000  51.9%  61.0 8814s
 400460 228330   68.00000   52  147   77.00000   37.00000  51.9%  61.0 8873s
 400490 228542   68.00000   53  125   77.00000   37.00000  51.9%  61.0 8901s
 400802 228558   68.00000   54  128   77.00000   37.00000  51.9%  61.0 8960s
 400822 229342   68.00000   55  134   77.00000   37.00000  51.9%  61.0 8986s
 402069 229568   74.00000   73   99   77.00000   37.00000  51.9%  61.0 9040s
 402400 229704   74.00000   75  109   77.00000   37.00000  51.9%  61.0 9073s
 402595 229718   76.00000   70  156   77.00000   37.00000  51.9%  61.0 9142s
 402617 230933   76.00000   71  154   77.00000   37.00000  51.9%  61.0 9171s
 404580 230945 infeasible   83        77.00000   37.00000  51.9%  61.0 9250s
 404604 241707 infeasible   80        77.00000   37.61085  51.2%  61.0 9497s
 422622 241719 infeasible   69        77.00000   38.00000  50.6%  61.3 9588s
 422646 241989   62.00000   60  144   77.00000   38.00000  50.6%  61.3 9617s
 423053 242183   64.00000   83  150   77.00000   38.00000  50.6%  61.3 9684s
 423437 242663   38.00000   47  206   77.00000   38.00000  50.6%  61.3 9717s
 424220 242667   68.00000   64  125   77.00000   38.00000  50.6%  61.3 9789s
 424252 243931     cutoff   65        77.00000   38.00000  50.6%  61.3 9822s
 426365 243943   48.00000   52  218   77.00000   38.00000  50.6%  61.4 9949s
 426389 254687   55.00000   53  196   77.00000   38.00000  50.6%  61.4 10208s
 444407 254757   71.00000   44  194   77.00000   38.00000  50.6%  61.6 10293s
 444523 255286   76.00000   44  162   77.00000   38.00000  50.6%  61.6 10316s
 445396 255300     cutoff   59        77.00000   38.00000  50.6%  61.7 10379s
 445417 256138   76.00000   60   70   77.00000   38.00000  50.6%  61.7 10402s
 446661 256213   38.00000   38  197   77.00000   38.00000  50.6%  61.7 10459s
 446818 256943   76.00000   60   99   77.00000   38.00000  50.6%  61.7 10481s
 447794 256956   38.00000   55  238   77.00000   38.00000  50.6%  61.7 10556s
 447817 257606   38.00000   56  213   77.00000   38.00000  50.6%  61.7 10583s
 449302 257615   38.00000   30  216   77.00000   38.00000  50.6%  61.7 10714s
 449329 260332   38.00000   31  219   77.00000   38.00000  50.6%  61.7 10800s

Explored 454227 nodes (28061591 simplex iterations) in 10801.11 seconds (1163.86 work units)
Thread count was 18 (of 36 available processors)

Solution count 10: 77 77 78 ... 82

Time limit reached
Best objective 7.699999998430e+01, best bound 3.800000000000e+01, gap 50.6494%
