
Gurobi 11.0.0 (win64) logging started Sat May  4 19:47:33 2024

Set parameter LogFile to value "./Results/StripPacking-CutHeurRuns/Logs/RU-011-StripPacking-15.log"
Set parameter TimeLimit to value 10800
Set parameter Cuts to value 0
Set parameter Presolve to value 1
Set parameter Heuristics to value 1
Set parameter LPWarmStart to value 2
Gurobi Optimizer version 11.0.0 build v11.0.0rc2 (win64 - Windows 10.0 (19045.2))

CPU model: Intel(R) Core(TM) i9-10980XE CPU @ 3.00GHz, instruction set [SSE2|AVX|AVX2|AVX512]
Thread count: 18 physical cores, 36 logical processors, using up to 18 threads

Optimize a model with 1590 rows, 451 columns and 4230 nonzeros
Model fingerprint: 0xa9aecb72
Variable types: 31 continuous, 420 integer (420 binary)
Coefficient statistics:
  Matrix range     [1e+00, 1e+04]
  Objective range  [1e+00, 1e+00]
  Bounds range     [1e+00, 1e+04]
  RHS range        [1e+00, 1e+04]

Warning: Completing partial solution with 420 unfixed non-continuous variables out of 420
User MIP start produced solution with objective 71.5 (0.00s)
Loaded user MIP start with objective 71.5

Presolve removed 210 rows and 0 columns
Presolve time: 0.02s
Presolved: 1380 rows, 451 columns, 4382 nonzeros
Variable types: 31 continuous, 420 integer (420 binary)

Root relaxation: objective 3.300000e+01, 374 iterations, 0.00 seconds (0.01 work units)

    Nodes    |    Current Node    |     Objective Bounds      |     Work
 Expl Unexpl |  Obj  Depth IntInf | Incumbent    BestBd   Gap | It/Node Time

     0     0   33.00000    0   21   71.50000   33.00000  53.8%     -    0s
H    0     0                      69.0000000   33.00000  52.2%     -    0s
     0     0   33.00000    0   21   69.00000   33.00000  52.2%     -    0s
H    0     0                      66.0000000   33.00000  50.0%     -    0s
H    0     0                      65.0000000   33.00000  49.2%     -    0s
H    0     2                      62.0000000   33.00000  46.8%     -    0s
     0     2   33.00000    0   20   62.00000   33.00000  46.8%     -    0s
H   31    50                      61.0000000   33.00000  45.9%  20.5    0s
H  142   172                      57.0000000   33.00000  42.1%  12.6    1s
   207   224   33.00000   13   34   57.00000   33.00000  42.1%  11.8    5s
H  215   224                      55.0000000   33.00000  40.0%  11.9    5s
   444   437   33.00000   23   68   55.00000   33.00000  40.0%  12.7   12s
H  460   437                      54.0000000   33.00000  38.9%  12.6   12s
   462   464   33.00000   24   66   54.00000   33.00000  38.9%  12.7   15s
H  479   464                      54.0000000   33.00000  38.9%  13.2   15s
  1209   970   46.00000   48   44   54.00000   33.00000  38.9%  13.2   24s
H 1218   970                      52.0000000   33.00000  36.5%  13.2   24s
  1230  1315   42.00000   48   45   52.00000   33.00000  36.5%  13.1   25s
  3495  2232   33.00000   21   52   52.00000   33.00000  36.5%  13.2   35s
H 3734  2247                      52.0000000   33.00000  36.5%  14.3   39s
  3748  2254   33.00000   26   49   52.00000   33.00000  36.5%  14.4   40s
  3869  2265   39.00000   29   45   52.00000   33.00000  36.5%  14.9   47s
  4322  2353 infeasible   43        52.00000   33.00000  36.5%  17.3   50s
  4600  2370   34.00000   29   45   52.00000   33.00000  36.5%  18.4   57s
  4710  2552   34.00000   30   41   52.00000   33.00000  36.5%  18.8   60s
* 4975  2364              47      51.0000000   33.00000  35.3%  19.8   60s
  5227  2280   34.00000   36   54   51.00000   33.00000  35.3%  21.1   66s
  5609  2313   47.00000   31   43   51.00000   33.00000  35.3%  22.5   72s
H 5721  2181                      51.0000000   33.00000  35.3%  23.2   72s
H 5967  2046                      50.0000000   33.00000  34.0%  23.7   73s
  6145  2020   40.00000   27   24   50.00000   33.00000  34.0%  23.9   78s
H 6272  1891                      50.0000000   33.00000  34.0%  24.4   78s
  7140  1957   37.00000   41   43   50.00000   33.00000  34.0%  26.9   83s
  7231  2079   37.00000   42   41   50.00000   33.00000  34.0%  27.2   85s
  7621  1951 infeasible   50        50.00000   33.00000  34.0%  28.0   91s
  8883  2265   33.00000   27   50   50.00000   33.00000  34.0%  30.2   97s
  9037  2447   44.00000   27   36   50.00000   33.00000  34.0%  30.5  103s
  9582  2627   46.00000   20   32   50.00000   33.00000  34.0%  31.4  106s
 10068  2833     cutoff   30        50.00000   33.00000  34.0%  31.9  110s
 10968  2943   38.00000   36   46   50.00000   33.00000  34.0%  33.1  116s
 11344  3181     cutoff   40        50.00000   33.00000  34.0%  33.5  122s
 12139  3367     cutoff   51        50.00000   33.00000  34.0%  34.3  126s
 12834  3628   46.00000   41   51   50.00000   33.00000  34.0%  35.0  133s
 13707  3683   46.00000   33   51   50.00000   33.00000  34.0%  35.8  142s
 13936  4147   49.00000   34   46   50.00000   33.00000  34.0%  36.0  146s
 15685  4204     cutoff   37        50.00000   33.00000  34.0%  37.0  153s
 15873  4543   42.00000   29   40   50.00000   33.00000  34.0%  37.1  158s
 16851  4771   46.00000   37   45   50.00000   33.00000  34.0%  37.3  162s
 17594  5100   33.00000   28   26   50.00000   33.00000  34.0%  37.6  169s
 18941  5374   47.00000   43   42   50.00000   33.00000  34.0%  38.3  176s
 19911  5423   49.00000   33   26   50.00000   33.00000  34.0%  38.5  190s
 20018  5433   47.00000   33   42   50.00000   33.00000  34.0%  38.5  202s
 20044  5576   47.00000   34   32   50.00000   33.00000  34.0%  38.5  212s
 20694  5812   49.00000   37   48   50.00000   33.00000  34.0%  38.7  218s
 21501  6322   42.00000   30   45   50.00000   33.00000  34.0%  38.9  223s
 23558  6757   33.00000   34   48   50.00000   33.00000  34.0%  39.6  231s
 25232  7322   46.00000   34   25   50.00000   33.00000  34.0%  40.0  236s
 28010  7331   33.00000   33   59   50.00000   33.00000  34.0%  40.6  248s
 28038  7634 infeasible   34        50.00000   33.00000  34.0%  40.6  252s
 29510  7728 infeasible   44        50.00000   33.00000  34.0%  40.8  256s
 29941  7985   46.00000   41   42   50.00000   33.00000  34.0%  40.9  261s
 31394  8081   49.00000   31   33   50.00000   33.00000  34.0%  41.1  266s
 31898  8372   49.00000   32   30   50.00000   33.00000  34.0%  41.2  271s
 33090  8516     cutoff   39        50.00000   33.00000  34.0%  41.4  277s
 33777  8867     cutoff   38        50.00000   33.00000  34.0%  41.5  281s
 35426  8878 infeasible   48        50.00000   33.00000  34.0%  41.8  287s
 35472  8960 infeasible   45        50.00000   33.00000  34.0%  41.9  296s
 35951  9088   47.00000   32   38   50.00000   33.00000  34.0%  41.9  302s
 36449  9519 infeasible   41        50.00000   33.00000  34.0%  41.9  306s
 39057  9648   44.00000   34   24   50.00000   34.00000  32.0%  42.2  311s
 39844  9873 infeasible   33        50.00000   36.00000  28.0%  42.4  318s
 41173 10179 infeasible   42        50.00000   37.00000  26.0%  42.5  323s
 43266 10369   45.00000   32   42   50.00000   37.00000  26.0%  42.6  329s
 44259 10397   45.00000   33   40   50.00000   37.00000  26.0%  42.6  343s
 44445 10532   49.00000   35   36   50.00000   37.00000  26.0%  42.7  351s
 48541 11869   38.00000   40   46   50.00000   37.00000  26.0%  43.0  360s
 53604 12003 infeasible   40        50.00000   38.00000  24.0%  43.4  365s
 54967 12043   46.00000   32   40   50.00000   38.00000  24.0%  43.6  370s
 57593 12486   46.00000   40   24   50.00000   39.00000  22.0%  44.0  378s
 58436 12680     cutoff   42        50.00000   39.00000  22.0%  44.0  383s
 59702 12989   47.00000   34   51   50.00000   39.00000  22.0%  44.1  387s
 61874 13051 infeasible   38        50.00000   40.00000  20.0%  44.3  392s
 62354 13148   46.00000   35   24   50.00000   40.00000  20.0%  44.3  403s
 63195 13227 infeasible   35        50.00000   40.00000  20.0%  44.3  410s
 63881 13443   41.00000   34   37   50.00000   40.00000  20.0%  44.4  415s
 67102 13533 infeasible   39        50.00000   41.00000  18.0%  44.5  420s
 72310 13829   46.00000   29   36   50.00000   41.00000  18.0%  44.7  430s
 80300 14215 infeasible   34        50.00000   42.00000  16.0%  45.0  444s
 80331 14514   42.00000   27   38   50.00000   42.00000  16.0%  45.0  447s
 82074 14542   47.00000   43   20   50.00000   42.00000  16.0%  44.9  454s
 82708 14756 infeasible   49        50.00000   42.00000  16.0%  44.9  457s
 84747 14805   46.00000   33   45   50.00000   42.00000  16.0%  45.0  463s
 85051 15159 infeasible   34        50.00000   42.00000  16.0%  45.0  467s
 87913 15161   44.00000   39   56   50.00000   42.00000  16.0%  45.1  476s
 90742 15438   49.00000   31   37   50.00000   42.00000  16.0%  45.2  486s
 93437 15780   47.00000   38   39   50.00000   42.00000  16.0%  45.3  492s
 93854 15861   47.00000   39   32   50.00000   42.00000  16.0%  45.3  497s
 95118 16167     cutoff   38        50.00000   42.00000  16.0%  45.4  504s
 99161 16268   44.00000   31   43   50.00000   42.00000  16.0%  45.5  511s
 100001 16392   44.00000   32   43   50.00000   43.00000  14.0%  45.5  520s
 100616 16479 infeasible   31        50.00000   43.00000  14.0%  45.5  527s
 101809 16667 infeasible   31        50.00000   43.00000  14.0%  45.5  532s
 103924 16809     cutoff   34        50.00000   43.00000  14.0%  45.6  539s
 105911 17089     cutoff   39        50.00000   43.00000  14.0%  45.6  545s
 108326 17109   46.00000   39   31   50.00000   43.00000  14.0%  45.5  554s
 108540 17396   43.00000   36   28   50.00000   43.00000  14.0%  45.5  557s
 111749 17616     cutoff   34        50.00000   44.00000  12.0%  45.5  563s
 114337 18060   46.00000   41   25   50.00000   44.00000  12.0%  45.5  569s
 118180 18348   47.00000   41   41   50.00000   44.00000  12.0%  45.4  575s
 125342 18453   44.00000   30   47   50.00000   44.00000  12.0%  45.5  580s
 127292 18455   44.00000   35   31   50.00000   44.00000  12.0%  45.5  590s
 130253 18655 infeasible   35        50.00000   44.00000  12.0%  45.5  599s
 130703 18895 infeasible   36        50.00000   44.00000  12.0%  45.5  604s
 133215 19001 infeasible   36        50.00000   44.00000  12.0%  45.5  608s
 135342 19084   46.00000   36   20   50.00000   44.00000  12.0%  45.6  615s
 136428 19211   46.00000   37   34   50.00000   44.00000  12.0%  45.6  620s
 140432 19343   49.00000   45   21   50.00000   44.00000  12.0%  45.7  625s
 140597 19468   44.00000   34   38   50.00000   44.00000  12.0%  45.7  630s
 140760 19569   44.00000   40   30   50.00000   44.00000  12.0%  45.6  636s
 140857 19620   44.00000   42   41   50.00000   44.00000  12.0%  45.6  644s
 140933 19657   47.00000   43   35   50.00000   44.00000  12.0%  45.6  645s
 141035 19675   44.00000   46   35   50.00000   44.00000  12.0%  45.6  651s
 141372 19697   44.00000   33   40   50.00000   44.00000  12.0%  45.6  659s
 141477 19712   44.00000   39   55   50.00000   44.00000  12.0%  45.6  662s
 141503 19712   44.00000   40   52   50.00000   44.00000  12.0%  45.6  665s
 141623 19764   44.00000   43   61   50.00000   44.00000  12.0%  45.6  670s
 142551 19863   46.00000   48   45   50.00000   44.00000  12.0%  45.6  678s
 143112 19880   46.00000   54   39   50.00000   44.00000  12.0%  45.6  687s
 143174 20000 infeasible   55        50.00000   44.00000  12.0%  45.6  691s
 143673 20006   44.00000   46   38   50.00000   44.00000  12.0%  45.6  695s
 144217 19920   44.00000   42   50   50.00000   44.00000  12.0%  45.7  700s
 144637 20021   44.00000   47   26   50.00000   44.00000  12.0%  45.7  705s
 145957 19942   44.00000   51   39   50.00000   44.00000  12.0%  45.8  714s
 146819 19664   46.00000   43   28   50.00000   44.00000  12.0%  45.8  724s
 146862 19829 infeasible   44        50.00000   44.00000  12.0%  45.9  727s
 147503 19665   44.00000   54   49   50.00000   44.00000  12.0%  45.9  734s
 147770 19735   44.00000   55   41   50.00000   44.00000  12.0%  45.9  740s
 148398 19713 infeasible   56        50.00000   44.00000  12.0%  46.0  746s
 149968 19519   44.00000   55   51   50.00000   44.00000  12.0%  46.1  750s
 150156 19536   47.00000   54   28   50.00000   44.00000  12.0%  46.1  755s
 150484 19447 infeasible   55        50.00000   44.00000  12.0%  46.2  762s
 150597 19526   44.00000   51   52   50.00000   44.00000  12.0%  46.2  768s
 151349 19505 infeasible   58        50.00000   44.00000  12.0%  46.2  773s
 152245 19289 infeasible   61        50.00000   44.00000  12.0%  46.3  780s
 153734 19161     cutoff   55        50.00000   44.00000  12.0%  46.4  787s
 154172 19154   44.00000   44   36   50.00000   44.00000  12.0%  46.4  792s
 155051 18872 infeasible   52        50.00000   44.00000  12.0%  46.5  802s
 155132 19239 infeasible   52        50.00000   44.00000  12.0%  46.5  805s
 156962 18746   48.00000   42   44   50.00000   44.00000  12.0%  46.6  811s
 157483 18901   44.00000   47   51   50.00000   44.00000  12.0%  46.6  816s
 158747 18704   44.00000   40   42   50.00000   44.00000  12.0%  46.6  821s
 159606 18911   46.00000   53   34   50.00000   44.00000  12.0%  46.6  825s
 161523 18754 infeasible   59        50.00000   44.00000  12.0%  46.7  830s
 163417 19391   46.00000   38   63   50.00000   44.00000  12.0%  46.7  835s
 168124 17833   44.00000   50   33   50.00000   44.00000  12.0%  46.8  845s
 168685 17996   44.00000   39   64   50.00000   44.00000  12.0%  46.8  853s
 169635 17847   44.00000   54   52   50.00000   44.00000  12.0%  46.8  856s
 172498 17428 infeasible   43        50.00000   44.00000  12.0%  46.8  869s
 172582 17860 infeasible   44        50.00000   44.00000  12.0%  46.8  872s
 174716 17336   47.00000   42   55   50.00000   44.00000  12.0%  46.9  876s
 177970 16865   44.00000   46   56   50.00000   44.00000  12.0%  47.0  886s
 180693 16567 infeasible   52        50.00000   44.00000  12.0%  47.0  892s
 181597 16613   44.00000   46   59   50.00000   44.00000  12.0%  47.1  898s
 183731 15910 infeasible   53        50.00000   44.00000  12.0%  47.2  911s
 185765 16395   46.00000   46   38   50.00000   44.00000  12.0%  47.2  921s
 192791 14902 infeasible   46        50.00000   44.00000  12.0%  47.5  928s
 193514 15304 infeasible   46        50.00000   44.00000  12.0%  47.5  930s
 196037 14474 infeasible   47        50.00000   44.00000  12.0%  47.6  939s
 196124 14860   44.00000   43   51   50.00000   44.00000  12.0%  47.6  942s
 198060 14438   44.00000   47   49   50.00000   44.00000  12.0%  47.7  948s
 199069 14664   44.00000   46   66   50.00000   44.00000  12.0%  47.7  951s
 200998 14774   49.00000   54   39   50.00000   44.00000  12.0%  47.7  955s
 203689 15307 infeasible   50        50.00000   44.00000  12.0%  47.9  962s
 204995 15630 infeasible   50        50.00000   44.00000  12.0%  47.9  966s
 207178 15823 infeasible   61        50.00000   44.00000  12.0%  48.0  971s
 208451 15961 infeasible   48        50.00000   44.00000  12.0%  48.1  986s
 209027 18689 infeasible   57        50.00000   44.00000  12.0%  48.1  995s
 227045 18784   49.00000   51   48   50.00000   44.00000  12.0%  48.6 1005s
 227376 19000   49.00000   51   47   50.00000   44.00000  12.0%  48.6 1012s
 228490 19212 infeasible   49        50.00000   44.00000  12.0%  48.6 1019s
 229340 19444   49.00000   50   29   50.00000   44.00000  12.0%  48.7 1022s
 230836 19548 infeasible   47        50.00000   44.00000  12.0%  48.7 1039s
 231498 22104 infeasible   42        50.00000   44.00000  12.0%  48.7 1049s
 249498 22108   49.00000   48   62   50.00000   44.00000  12.0%  49.0 1061s
 250889 22374 infeasible   56        50.00000   44.00000  12.0%  49.0 1083s
 250921 22545 infeasible   54        50.00000   44.00000  12.0%  49.0 1086s
 252481 22790   49.00000   50   42   50.00000   44.00000  12.0%  49.1 1094s
 254989 22980 infeasible   45        50.00000   44.00000  12.0%  49.1 1100s
 257357 23130   49.00000   49   26   50.00000   44.00000  12.0%  49.1 1110s
 258148 23445 infeasible   50        50.00000   44.00000  12.0%  49.1 1115s
 261082 23559   46.00000   50   48   50.00000   44.00000  12.0%  49.1 1126s
 261912 23561 infeasible   52        50.00000   44.00000  12.0%  49.1 1144s
 262108 23693 infeasible   46        50.00000   44.00000  12.0%  49.1 1151s
 263884 23892   44.00000   48   50   50.00000   44.00000  12.0%  49.1 1157s
 265526 24050 infeasible   49        50.00000   44.00000  12.0%  49.1 1165s
 267388 24238   46.00000   51   55   50.00000   44.00000  12.0%  49.2 1170s
 269811 24291 infeasible   48        50.00000   44.00000  12.0%  49.2 1181s
 270805 24475 infeasible   47        50.00000   44.00000  12.0%  49.2 1185s
 273163 24687 infeasible   47        50.00000   44.00000  12.0%  49.3 1192s
 275749 24834   44.00000   41   55   50.00000   44.00000  12.0%  49.3 1204s
 279231 24939   46.00000   51   45   50.00000   44.00000  12.0%  49.4 1211s
 280976 25186   46.00000   54   46   50.00000   44.00000  12.0%  49.4 1218s
 284703 25249   44.00000   47   55   50.00000   44.00000  12.0%  49.5 1224s
 285655 25448 infeasible   58        50.00000   44.00000  12.0%  49.6 1228s
 288115 25436   44.00000   57   32   50.00000   44.00000  12.0%  49.6 1246s
 290750 25865 infeasible   46        50.00000   44.00000  12.0%  49.6 1256s
 293426 26044 infeasible   53        50.00000   44.00000  12.0%  49.7 1266s
 294034 26156   49.00000   40   27   50.00000   44.00000  12.0%  49.7 1271s
 295505 26419   48.00000   44   44   50.00000   44.00000  12.0%  49.7 1279s
 298959 26549     cutoff   54        50.00000   44.00000  12.0%  49.8 1292s
 300252 27963 infeasible   52        50.00000   44.00000  12.0%  49.8 1301s
 315328 27987 infeasible   48        50.00000   44.00000  12.0%  50.0 1314s
 315512 28209   44.00000   43   31   50.00000   44.00000  12.0%  50.0 1317s
 317899 28214   46.00000   47   42   50.00000   44.00000  12.0%  50.1 1331s
 320338 28563   46.00000   48   30   50.00000   44.00000  12.0%  50.1 1344s
 320809 29257   46.00000   47   47   50.00000   44.00000  12.0%  50.1 1349s
 326024 29257   48.00000   41   42   50.00000   44.00000  12.0%  50.1 1358s
 326060 29424   49.00000   42   34   50.00000   44.00000  12.0%  50.1 1361s
 327709 29424   49.00000   52   26   50.00000   44.00000  12.0%  50.2 1378s
 327749 29696   49.00000   54   14   50.00000   44.00000  12.0%  50.2 1381s
 329160 29733 infeasible   60        50.00000   44.00000  12.0%  50.1 1387s
 332341 29965 infeasible   54        50.00000   44.00000  12.0%  50.2 1397s
 332427 30314   47.00000   54   35   50.00000   44.00000  12.0%  50.2 1400s
 334388 30395   46.00000   52   37   50.00000   44.00000  12.0%  50.2 1408s
 334735 30637   44.00000   57   36   50.00000   44.00000  12.0%  50.2 1414s
 336117 30648   46.00000   48   31   50.00000   44.00000  12.0%  50.2 1431s
 338728 31542   44.00000   38   32   50.00000   44.00000  12.0%  50.2 1444s
 340135 32144   48.00000   46   24   50.00000   44.00000  12.0%  50.2 1450s
 343179 32950 infeasible   44        50.00000   44.00000  12.0%  50.3 1456s
 347954 33329 infeasible   39        50.00000   44.00000  12.0%  50.3 1463s
 350048 33405 infeasible   40        50.00000   44.00000  12.0%  50.4 1478s
 350571 33947   44.00000   40   27   50.00000   44.00000  12.0%  50.4 1485s
 353440 34420   46.00000   46   24   50.00000   44.00000  12.0%  50.4 1491s
 356169 34639 infeasible   46        50.00000   44.00000  12.0%  50.4 1501s
 357705 35200   46.00000   57   33   50.00000   44.00000  12.0%  50.5 1505s
 362096 35267   44.00000   40   40   50.00000   44.00000  12.0%  50.6 1515s
 362645 35734 infeasible   43        50.00000   44.00000  12.0%  50.6 1520s
 366543 35744   44.00000   42   47   50.00000   44.00000  12.0%  50.6 1542s
 366619 37619   44.00000   44   41   50.00000   44.00000  12.0%  50.6 1551s
 384637 37661   46.00000   58   67   50.00000   44.00000  12.0%  50.8 1560s
 385195 37777 infeasible   59        50.00000   44.00000  12.0%  50.8 1566s
 386559 37850 infeasible   47        50.00000   44.00000  12.0%  50.8 1575s
 387782 37935 infeasible   52        50.00000   44.00000  12.0%  50.9 1585s
 388726 37975   44.00000   43   52   50.00000   44.00000  12.0%  50.9 1599s
 390316 37931 infeasible   49        50.00000   44.00000  12.0%  50.9 1614s
 393828 37993   44.00000   42   59   50.00000   44.00000  12.0%  50.9 1621s
 397219 38000   46.00000   39   36   50.00000   44.00000  12.0%  51.0 1628s
 397858 38095   44.00000   46   29   50.00000   44.00000  12.0%  51.0 1635s
 400075 38077 infeasible   52        50.00000   44.00000  12.0%  51.0 1656s
 400547 38273   48.00000   44   28   50.00000   44.00000  12.0%  51.0 1660s
 405248 38330   46.00000   47   35   50.00000   44.00000  12.0%  51.0 1673s
 406879 38451   47.00000   51   40   50.00000   44.00000  12.0%  51.0 1680s
 410759 38592   48.00000   44   20   50.00000   44.00000  12.0%  51.1 1691s
 414791 38704 infeasible   55        50.00000   44.00000  12.0%  51.1 1695s
 417989 38745 infeasible   52        50.00000   44.00000  12.0%  51.2 1707s
 419297 38753   44.00000   50   50   50.00000   44.00000  12.0%  51.2 1731s
 419429 38903   44.00000   52   58   50.00000   44.00000  12.0%  51.2 1739s
 422562 38902 infeasible   50        50.00000   44.00000  12.0%  51.2 1748s
 424566 39029   47.00000   53   42   50.00000   44.00000  12.0%  51.2 1759s
 427222 39151 infeasible   49        50.00000   44.00000  12.0%  51.2 1767s
 430766 39216 infeasible   55        50.00000   44.00000  12.0%  51.3 1776s
 433111 39295 infeasible   55        50.00000   44.00000  12.0%  51.3 1786s
 435344 39482   44.00000   45   53   50.00000   44.00000  12.0%  51.3 1793s
 440413 39484 infeasible   48        50.00000   44.00000  12.0%  51.4 1811s
 440455 39556   47.00000   50   34   50.00000   44.00000  12.0%  51.4 1818s
 442787 39557 infeasible   57        50.00000   44.00000  12.0%  51.4 1826s
 444943 39621   49.00000   53   34   50.00000   44.00000  12.0%  51.4 1838s
 445886 39735   46.00000   48   39   50.00000   44.00000  12.0%  51.4 1844s
 448859 39828   47.00000   57   45   50.00000   44.00000  12.0%  51.5 1855s
 450114 39842 infeasible   43        50.00000   44.00000  12.0%  51.5 1874s
 450507 39922   44.00000   51   25   50.00000   44.00000  12.0%  51.5 1881s
 453350 39963 infeasible   51        50.00000   44.00000  12.0%  51.5 1893s
 455643 40015 infeasible   52        50.00000   44.00000  12.0%  51.5 1901s
 459150 40187 infeasible   53        50.00000   44.00000  12.0%  51.5 1912s
 463112 40392   44.00000   45   40   50.00000   44.00000  12.0%  51.6 1919s
 465652 40388   48.00000   49   52   50.00000   44.00000  12.0%  51.6 1942s
 465867 40658   48.00000   50   40   50.00000   44.00000  12.0%  51.6 1945s
 470171 40726   47.00000   55   38   50.00000   44.00000  12.0%  51.6 1958s
 470769 40854   47.00000   56   30   50.00000   44.00000  12.0%  51.6 1963s
 474940 40868   46.00000   57   28   50.00000   44.00000  12.0%  51.6 1976s
 479123 41076 infeasible   54        50.00000   44.00000  12.0%  51.6 1989s
 479978 41130 infeasible   55        50.00000   44.00000  12.0%  51.6 2007s
 480692 41167 infeasible   54        50.00000   44.00000  12.0%  51.6 2019s
 481999 41443   44.00000   49   36   50.00000   44.00000  12.0%  51.6 2023s
 487813 41446   48.00000   47   44   50.00000   44.00000  12.0%  51.7 2036s
 487996 41636 infeasible   48        50.00000   44.00000  12.0%  51.7 2040s
 490187 41640   48.00000   43   54   50.00000   44.00000  12.0%  51.7 2049s
 491029 41814   46.00000   58   57   50.00000   44.00000  12.0%  51.7 2054s
 494244 41849 infeasible   54        50.00000   44.00000  12.0%  51.7 2062s
 495032 41899 infeasible   41        50.00000   44.00000  12.0%  51.7 2077s
 495868 41990   44.00000   41   46   50.00000   44.00000  12.0%  51.7 2087s
 497187 42161 infeasible   54        50.00000   44.00000  12.0%  51.7 2095s
 500403 42252   46.00000   51   41   50.00000   44.00000  12.0%  51.7 2103s
 503712 42349   44.00000   50   53   50.00000   44.00000  12.0%  51.7 2115s
 507168 42430 infeasible   49        50.00000   44.00000  12.0%  51.8 2123s
 509221 42435 infeasible   49        50.00000   44.00000  12.0%  51.8 2144s
 509388 42493   46.00000   52   45   50.00000   44.00000  12.0%  51.8 2154s
 511696 42594     cutoff   60        50.00000   44.00000  12.0%  51.8 2161s
 514499 42658 infeasible   48        50.00000   44.00000  12.0%  51.8 2167s
 516768 42758   49.00000   50   45   50.00000   44.00000  12.0%  51.8 2179s
 517951 42787   49.00000   60   54   50.00000   44.00000  12.0%  51.8 2186s
 520435 42742   48.00000   50   37   50.00000   44.00000  12.0%  51.9 2190s
 522850 42731 infeasible   45        50.00000   44.00000  12.0%  51.9 2213s
 522897 42808 infeasible   45        50.00000   44.00000  12.0%  51.9 2218s
 525081 42756   49.00000   50   33   50.00000   44.00000  12.0%  51.9 2225s
 525853 42655   44.00000   65   47   50.00000   44.00000  12.0%  51.9 2230s
 528197 42774 infeasible   55        50.00000   45.00000  10.0%  51.9 2240s
 530461 42968 infeasible   55        50.00000   45.00000  10.0%  52.0 2249s
 535023 42994   49.00000   52   45   50.00000   45.00000  10.0%  52.0 2256s
 536103 42996 infeasible   51        50.00000   45.00000  10.0%  52.0 2274s
 536335 43075   45.00000   36   46   50.00000   45.00000  10.0%  52.0 2284s
 537888 43171   46.00000   39   14   50.00000   45.00000  10.0%  52.0 2289s
 541295 43265 infeasible   52        50.00000   45.00000  10.0%  52.1 2299s
 542675 43556 infeasible   47        50.00000   45.00000  10.0%  52.1 2307s
 545925 43680     cutoff   58        50.00000   45.00000  10.0%  52.1 2318s
 546993 43848   45.00000   57   39   50.00000   45.00000  10.0%  52.1 2324s
 549454 44029   46.00000   48   49   50.00000   45.00000  10.0%  52.1 2331s
 552180 44217   47.00000   54   46   50.00000   45.00000  10.0%  52.1 2345s
 553594 44271   45.00000   42   44   50.00000   45.00000  10.0%  52.1 2373s
 553918 44953 infeasible   46        50.00000   45.00000  10.0%  52.1 2384s
 561547 45083   49.00000   50   53   50.00000   45.00000  10.0%  52.1 2391s
 563145 45137   46.00000   37   43   50.00000   45.00000  10.0%  52.1 2398s
 565025 45172   46.00000   41   58   50.00000   45.00000  10.0%  52.1 2407s
 566146 45209   46.00000   43   44   50.00000   45.00000  10.0%  52.1 2412s
 568654 45177   47.00000   58   46   50.00000   45.00000  10.0%  52.1 2420s
 569890 45138 infeasible   59        50.00000   45.00000  10.0%  52.1 2425s
 571244 45111 infeasible   53        50.00000   45.00000  10.0%  52.1 2432s
 573423 45172 infeasible   53        50.00000   46.00000  8.00%  52.1 2444s
 575586 45149   46.00000   49   42   50.00000   46.00000  8.00%  52.2 2450s
 581059 45149 infeasible   54        50.00000   46.00000  8.00%  52.2 2460s
 581277 45105   47.00000   53   24   50.00000   46.00000  8.00%  52.2 2465s
 583930 45092   46.00000   50   54   50.00000   46.00000  8.00%  52.2 2476s
 584477 45089 infeasible   51        50.00000   46.00000  8.00%  52.2 2493s
 584746 45118   46.00000   44   48   50.00000   46.00000  8.00%  52.2 2504s
 585776 45162   46.00000   51   24   50.00000   46.00000  8.00%  52.2 2509s
 589589 45153 infeasible   52        50.00000   46.00000  8.00%  52.2 2520s
 590634 45143 infeasible   52        50.00000   46.00000  8.00%  52.3 2525s
 594008 45123   46.00000   44   19   50.00000   46.00000  8.00%  52.3 2533s
 596104 45202   46.00000   46   42   50.00000   46.00000  8.00%  52.3 2541s
 598955 45315 infeasible   56        50.00000   46.00000  8.00%  52.3 2553s
 603694 45348   47.00000   42   48   50.00000   46.00000  8.00%  52.3 2559s
 605299 45369   46.00000   47   54   50.00000   46.00000  8.00%  52.3 2565s
 608096 45346     cutoff   42        50.00000   46.00000  8.00%  52.3 2583s
 608355 45327     cutoff   40        50.00000   46.00000  8.00%  52.3 2592s
 610089 45388 infeasible   41        50.00000   46.00000  8.00%  52.3 2599s
 613551 45467 infeasible   47        50.00000   46.00000  8.00%  52.3 2610s
 615768 45404   49.00000   52   28   50.00000   46.00000  8.00%  52.2 2617s
 619245 45459 infeasible   62        50.00000   46.00000  8.00%  52.2 2625s
 621388 45586   46.00000   42   65   50.00000   46.00000  8.00%  52.2 2633s
 625820 45600 infeasible   55        50.00000   46.00000  8.00%  52.2 2641s
 627938 45612   49.00000   53   39   50.00000   46.00000  8.00%  52.2 2658s
 628066 45659 infeasible   54        50.00000   46.00000  8.00%  52.2 2669s
 630626 45643   46.00000   51   32   50.00000   46.00000  8.00%  52.2 2681s
 632544 45639   46.00000   45   37   50.00000   46.00000  8.00%  52.2 2687s
 636452 45589   46.00000   46   41   50.00000   46.00000  8.00%  52.2 2695s
 638425 45674   46.00000   42   35   50.00000   46.00000  8.00%  52.2 2705s
 640709 45618   46.00000   55   43   50.00000   46.00000  8.00%  52.2 2714s
 643780 45626   47.00000   51   39   50.00000   46.00000  8.00%  52.2 2721s
 646707 45642   49.00000   51   32   50.00000   46.00000  8.00%  52.2 2748s
 646811 45702   46.00000   46   28   50.00000   46.00000  8.00%  52.2 2759s
 654819 45702 infeasible   49        50.00000   46.00000  8.00%  52.2 2760s
 664569 45728 infeasible   53        50.00000   46.00000  8.00%  52.2 2771s
 665303 45756   49.00000   43   33   50.00000   46.00000  8.00%  52.2 2782s
 666651 45779 infeasible   48        50.00000   46.00000  8.00%  52.2 2791s
 668563 45883   46.00000   47   48   50.00000   46.00000  8.00%  52.2 2801s
 673724 45901   47.00000   52   30   50.00000   46.00000  8.00%  52.2 2814s
 674678 45915   46.00000   48   31   50.00000   46.00000  8.00%  52.2 2826s
 675866 45943 infeasible   47        50.00000   46.00000  8.00%  52.2 2834s
 679014 46024 infeasible   48        50.00000   46.00000  8.00%  52.2 2843s
 682091 46134   48.00000   49   29   50.00000   46.00000  8.00%  52.2 2853s
 684485 46156 infeasible   50        50.00000   46.00000  8.00%  52.2 2861s
 686934 46117 infeasible   49        50.00000   46.00000  8.00%  52.2 2867s
 690665 46121   46.00000   56   60   50.00000   46.00000  8.00%  52.2 2890s
 690707 46153 infeasible   57        50.00000   46.00000  8.00%  52.2 2895s
 696131 46188   46.00000   53   40   50.00000   46.00000  8.00%  52.2 2907s
 697106 46256     cutoff   54        50.00000   46.00000  8.00%  52.2 2915s
 699998 46287   46.00000   43   38   50.00000   46.00000  8.00%  52.2 2927s
 700963 46397 infeasible   55        50.00000   46.00000  8.00%  52.2 2934s
 704021 46376   46.00000   58   54   50.00000   46.00000  8.00%  52.2 2952s
 704344 46441 infeasible   59        50.00000   46.00000  8.00%  52.2 2956s
 707889 46507 infeasible   63        50.00000   46.00000  8.00%  52.2 2969s
 709093 46519 infeasible   46        50.00000   46.00000  8.00%  52.3 2976s
 712771 46601 infeasible   51        50.00000   46.00000  8.00%  52.3 2989s
 716020 46694 infeasible   52        50.00000   46.00000  8.00%  52.3 2995s
 720260 46696   46.00000   55   40   50.00000   46.00000  8.00%  52.3 3017s
 720312 46797   46.00000   42   38   50.00000   46.00000  8.00%  52.3 3021s
 723790 46825   46.00000   60   31   50.00000   46.00000  8.00%  52.3 3032s
 724680 46878 infeasible   55        50.00000   46.00000  8.00%  52.3 3041s
 727887 46903   46.00000   50   30   50.00000   46.00000  8.00%  52.3 3054s
 729372 47011   47.00000   47   51   50.00000   46.00000  8.00%  52.3 3060s
 732243 47067   46.00000   64   25   50.00000   46.00000  8.00%  52.3 3069s
 734566 47056   47.00000   56   43   50.00000   46.00000  8.00%  52.3 3094s
 734919 47169   46.00000   52   40   50.00000   46.00000  8.00%  52.3 3115s
 752937 47220 infeasible   58        50.00000   46.00000  8.00%  52.3 3126s
 753634 47276 infeasible   59        50.00000   46.00000  8.00%  52.3 3131s
 756346 47328   49.00000   48   34   50.00000   46.00000  8.00%  52.3 3146s
 758914 47448   46.00000   56   45   50.00000   46.00000  8.00%  52.3 3154s
 764603 47453   46.00000   48   42   50.00000   46.00000  8.00%  52.3 3173s
 764646 47526   46.00000   50   41   50.00000   46.00000  8.00%  52.3 3178s
 767533 47570 infeasible   44        50.00000   46.00000  8.00%  52.4 3188s
 768971 47590 infeasible   51        50.00000   46.00000  8.00%  52.4 3196s
 771361 47621 infeasible   54        50.00000   46.00000  8.00%  52.4 3210s
 772697 47710 infeasible   46        50.00000   46.00000  8.00%  52.4 3215s
 776884 47704 infeasible   49        50.00000   46.00000  8.00%  52.4 3241s
 776928 47723 infeasible   52        50.00000   46.00000  8.00%  52.4 3245s
 780714 47852 infeasible   53        50.00000   46.00000  8.00%  52.4 3256s
 783133 47827 infeasible   55        50.00000   46.00000  8.00%  52.4 3265s
 788514 47872 infeasible   53        50.00000   46.00000  8.00%  52.4 3278s
 789761 47896   46.00000   55   23   50.00000   46.00000  8.00%  52.4 3286s
 792977 47930   47.00000   54   48   50.00000   46.00000  8.00%  52.4 3299s
 793745 47962   46.00000   49   57   50.00000   46.00000  8.00%  52.4 3318s
 794557 47998   49.00000   54   48   50.00000   46.00000  8.00%  52.4 3330s
 796131 48152   48.00000   43   41   50.00000   46.00000  8.00%  52.4 3341s
 799070 48299 infeasible   48        50.00000   46.00000  8.00%  52.4 3348s
 803745 48381 infeasible   62        50.00000   46.00000  8.00%  52.5 3362s
 806201 48434   47.00000   52   29   50.00000   46.00000  8.00%  52.5 3369s
 811475 48449 infeasible   53        50.00000   46.00000  8.00%  52.5 3382s
 813000 48491   46.00000   41   55   50.00000   46.00000  8.00%  52.5 3400s
 813497 48548 infeasible   46        50.00000   46.00000  8.00%  52.5 3416s
 814930 48725 infeasible   51        50.00000   46.00000  8.00%  52.5 3424s
 818984 48796 infeasible   54        50.00000   46.00000  8.00%  52.5 3432s
 821718 48942 infeasible   54        50.00000   46.00000  8.00%  52.5 3446s
 824395 49099 infeasible   59        50.00000   46.00000  8.00%  52.5 3456s
 827659 49213   46.00000   56   56   50.00000   46.00000  8.00%  52.5 3470s
 830581 49343 infeasible   45        50.00000   46.00000  8.00%  52.5 3478s
 834969 49350   47.00000   49   39   50.00000   46.00000  8.00%  52.5 3499s
 834998 49627   47.00000   50   35   50.00000   46.00000  8.00%  52.5 3502s
 838104 49669   46.00000   50   33   50.00000   46.00000  8.00%  52.5 3515s
 838684 49766 infeasible   53        50.00000   46.00000  8.00%  52.5 3520s
 842178 49767 infeasible   50        50.00000   46.00000  8.00%  52.5 3531s
 843435 49761   49.00000   63   37   50.00000   46.00000  8.00%  52.5 3553s
 843559 49815     cutoff   64        50.00000   46.00000  8.00%  52.5 3563s
 845975 49807 infeasible   52        50.00000   46.00000  8.00%  52.5 3574s
 848589 49847   47.00000   54   18   50.00000   46.00000  8.00%  52.6 3583s
 851561 49919   49.00000   54   61   50.00000   46.00000  8.00%  52.6 3590s
 856127 49942   49.00000   55   22   50.00000   46.00000  8.00%  52.6 3604s
 856438 50031 infeasible   56        50.00000   46.00000  8.00%  52.6 3608s
 859547 50044   47.00000   48   32   50.00000   46.00000  8.00%  52.6 3631s
 859578 50164 infeasible   49        50.00000   46.00000  8.00%  52.6 3636s
 862884 50227   46.00000   46   30   50.00000   46.00000  8.00%  52.6 3645s
 864864 50247 infeasible   51        50.00000   46.00000  8.00%  52.6 3656s
 865586 50294 infeasible   51        50.00000   46.00000  8.00%  52.6 3662s
 868824 50329 infeasible   52        50.00000   46.00000  8.00%  52.6 3673s
 870053 50368 infeasible   47        50.00000   46.00000  8.00%  52.6 3681s
 873154 50399 infeasible   50        50.00000   46.00000  8.00%  52.6 3690s
 875088 50425 infeasible   49        50.00000   46.00000  8.00%  52.6 3720s
 875200 50905   46.00000   44   41   50.00000   46.00000  8.00%  52.6 3733s
 893218 50957 infeasible   52        50.00000   46.00000  8.00%  52.6 3745s
 893708 51054   46.00000   45   43   50.00000   46.00000  8.00%  52.6 3753s
 895621 51128 infeasible   59        50.00000   46.00000  8.00%  52.6 3763s
 896289 51229 infeasible   51        50.00000   46.00000  8.00%  52.6 3772s
 898716 51431   46.00000   51   34   50.00000   46.00000  8.00%  52.6 3787s
 901304 51795 infeasible   49        50.00000   46.00000  8.00%  52.6 3792s
 907225 51802 infeasible   48        50.00000   46.00000  8.00%  52.6 3819s
 907254 52005   47.00000   49   38   50.00000   46.00000  8.00%  52.6 3823s
 909699 52055   46.00000   45   56   50.00000   46.00000  8.00%  52.6 3834s
 909895 52055 infeasible   49        50.00000   46.00000  8.00%  52.6 3835s
 910767 52164   46.00000   58   44   50.00000   46.00000  8.00%  52.6 3842s
 913636 52234   46.00000   52   41   50.00000   46.00000  8.00%  52.6 3852s
 915283 52285 infeasible   47        50.00000   46.00000  8.00%  52.6 3858s
 918246 52390   46.00000   46   42   50.00000   46.00000  8.00%  52.6 3869s
 920294 52393   46.00000   56   46   50.00000   46.00000  8.00%  52.6 3893s
 920379 52511   46.00000   57   40   50.00000   46.00000  8.00%  52.6 3902s
 925206 52545   46.00000   49   28   50.00000   46.00000  8.00%  52.6 3913s
 926058 52602   49.00000   57   25   50.00000   46.00000  8.00%  52.7 3922s
 927793 52682 infeasible   50        50.00000   46.00000  8.00%  52.7 3931s
 930350 52696 infeasible   49        50.00000   46.00000  8.00%  52.7 3942s
 932965 52788   49.00000   51   37   50.00000   46.00000  8.00%  52.7 3955s
 939030 52943 infeasible   49        50.00000   46.00000  8.00%  52.7 3968s
 940449 52962 infeasible   53        50.00000   46.00000  8.00%  52.7 3990s
 940752 53115   46.00000   46   41   50.00000   46.00000  8.00%  52.7 3996s
 944074 53190   46.00000   55   38   50.00000   46.00000  8.00%  52.7 4013s
 946347 53388   46.00000   44   46   50.00000   46.00000  8.00%  52.7 4021s
 952668 53405 infeasible   58        50.00000   46.00000  8.00%  52.7 4027s
 954475 53464 infeasible   54        50.00000   46.00000  8.00%  52.7 4038s
 955641 53663   47.00000   53   30   50.00000   46.00000  8.00%  52.7 4042s
 959285 53652 infeasible   60        50.00000   46.00000  8.00%  52.7 4057s
 959348 53697 infeasible   46        50.00000   46.00000  8.00%  52.7 4061s
 962721 53778 infeasible   48        50.00000   46.00000  8.00%  52.7 4071s
 964008 53836   46.00000   52   60   50.00000   46.00000  8.00%  52.7 4082s
 966484 53929   46.00000   53   50   50.00000   46.00000  8.00%  52.7 4090s
 970396 54005   46.00000   55   35   50.00000   46.00000  8.00%  52.7 4100s
 972543 54063 infeasible   54        50.00000   46.00000  8.00%  52.7 4111s
 973998 54172 infeasible   51        50.00000   46.00000  8.00%  52.7 4119s
 977191 54168   49.00000   50   44   50.00000   46.00000  8.00%  52.7 4141s
 977253 54307 infeasible   51        50.00000   46.00000  8.00%  52.7 4148s
 980883 54380 infeasible   52        50.00000   46.00000  8.00%  52.8 4158s
 982922 54502 infeasible   46        50.00000   46.00000  8.00%  52.8 4163s
 986188 54576   46.00000   46   42   50.00000   46.00000  8.00%  52.8 4176s
 987413 54697     cutoff   50        50.00000   46.00000  8.00%  52.8 4181s
 991574 54687 infeasible   50        50.00000   46.00000  8.00%  52.8 4196s
 993760 54717   46.00000   59   28   50.00000   46.00000  8.00%  52.8 4223s
 994496 54853   46.00000   59   46   50.00000   46.00000  8.00%  52.8 4236s
 1001381 55109   47.00000   52   28   50.00000   46.00000  8.00%  52.8 4244s
 1004599 55201   48.00000   54   40   50.00000   46.00000  8.00%  52.8 4253s
 1007225 55299   46.00000   56   42   50.00000   46.00000  8.00%  52.8 4265s
 1009727 55341 infeasible   48        50.00000   46.00000  8.00%  52.8 4273s
 1013215 55456   47.00000   57   28   50.00000   46.00000  8.00%  52.8 4283s
 1016421 55501 infeasible   59        50.00000   46.00000  8.00%  52.9 4296s
 1019119 55596   49.00000   58   13   50.00000   46.00000  8.00%  52.9 4305s
 1022388 55626   46.00000   45   22   50.00000   46.00000  8.00%  52.9 4316s
 1024421 55643   46.00000   45   64   50.00000   46.00000  8.00%  52.9 4337s
 1024700 55668   46.00000   44   46   50.00000   46.00000  8.00%  52.9 4348s
 1026491 55767   46.00000   42   48   50.00000   46.00000  8.00%  52.9 4354s
 1030299 55847 infeasible   51        50.00000   46.00000  8.00%  52.9 4364s
 1032887 55918   46.00000   55   50   50.00000   46.00000  8.00%  52.9 4374s
 1035960 56020 infeasible   56        50.00000   46.00000  8.00%  52.9 4385s
 1038874 56081   49.00000   52   48   50.00000   46.00000  8.00%  52.9 4395s
 1042196 56149   46.00000   55   46   50.00000   46.00000  8.00%  53.0 4407s
 1045330 56143 infeasible   51        50.00000   46.00000  8.00%  53.0 4418s
 1046591 56147 infeasible   55        50.00000   46.00000  8.00%  53.0 4442s
 1046861 56196   46.00000   55   48   50.00000   46.00000  8.00%  53.0 4452s
 1048842 56243   46.00000   50   22   50.00000   46.00000  8.00%  53.0 4456s
 1053706 56239 infeasible   46        50.00000   46.00000  8.00%  53.0 4471s
 1054922 56355 infeasible   45        50.00000   46.00000  8.00%  53.0 4475s
 1058939 56437   46.00000   47   73   50.00000   46.00000  8.00%  53.0 4490s
 1067385 56520     cutoff   54        50.00000   46.00000  8.00%  53.0 4508s
 1067855 56636   47.00000   42   56   50.00000   46.00000  8.00%  53.0 4513s
 1071379 56630   46.00000   48   57   50.00000   46.00000  8.00%  53.0 4536s
 1071421 56680     cutoff   49        50.00000   46.00000  8.00%  53.0 4541s
 1074779 56665   49.00000   54   44   50.00000   46.00000  8.00%  53.0 4554s
 1075402 56692 infeasible   55        50.00000   46.00000  8.00%  53.0 4557s
 1078806 56685 infeasible   65        50.00000   46.00000  8.00%  53.0 4567s
 1080475 56768   49.00000   49   54   50.00000   46.00000  8.00%  53.0 4578s
 1082616 56874 infeasible   51        50.00000   46.00000  8.00%  53.0 4590s
 1086195 56974   46.00000   56   41   50.00000   46.00000  8.00%  53.0 4597s
 1089337 56972   49.00000   62   22   50.00000   46.00000  8.00%  53.0 4620s
 1093212 57145   46.00000   51   41   50.00000   46.00000  8.00%  53.0 4635s
 1097231 57346   46.00000   46   48   50.00000   46.00000  8.00%  53.0 4653s
 1097527 57436   46.00000   47   51   50.00000   46.00000  8.00%  53.0 4664s
 1099075 57488   49.00000   54   44   50.00000   46.00000  8.00%  53.0 4680s
 1099987 57600   49.00000   51   46   50.00000   46.00000  8.00%  53.0 4685s
 1104176 57617   46.00000   59   30   50.00000   46.00000  8.00%  53.0 4696s
 1105249 57763   46.00000   60   20   50.00000   46.00000  8.00%  53.0 4701s
 1110900 57769   47.00000   52   39   50.00000   46.00000  8.00%  53.0 4726s
 1110930 57864 infeasible   53        50.00000   46.00000  8.00%  53.0 4733s
 1112878 57936   46.00000   46   39   50.00000   46.00000  8.00%  53.0 4742s
 1114114 58034   48.00000   49   39   50.00000   46.00000  8.00%  53.0 4750s
 1115746 58062 infeasible   53        50.00000   46.00000  8.00%  53.0 4757s
 1117401 58220 infeasible   50        50.00000   46.00000  8.00%  53.0 4766s
 1120178 58255 infeasible   48        50.00000   46.00000  8.00%  53.0 4778s
 1121467 58352   46.00000   54   57   50.00000   46.00000  8.00%  53.0 4789s
 1123686 58417   47.00000   51   55   50.00000   46.00000  8.00%  53.0 4801s
 1125427 58639 infeasible   46        50.00000   46.00000  8.00%  53.0 4807s
 1129445 58643   47.00000   47   43   50.00000   46.00000  8.00%  53.0 4835s
 1129489 59230   47.00000   48   39   50.00000   46.00000  8.00%  53.0 4847s
 1147507 59250 infeasible   55        50.00000   46.00000  8.00%  53.0 4858s
 1147959 59309   46.00000   52   32   50.00000   46.00000  8.00%  53.0 4866s
 1149539 59362 infeasible   47        50.00000   46.00000  8.00%  53.0 4876s
 1151114 59481 infeasible   53        50.00000   46.00000  8.00%  53.0 4888s
 1154809 59478   49.00000   60   44   50.00000   46.00000  8.00%  53.0 4907s
 1154956 59595 infeasible   61        50.00000   46.00000  8.00%  53.0 4921s
 1156924 59754 infeasible   56        50.00000   46.00000  8.00%  53.0 4928s
 1160598 59787   47.00000   52   65   50.00000   46.00000  8.00%  53.0 4939s
 1163458 59838   46.00000   45   50   50.00000   46.00000  8.00%  53.0 4954s
 1165521 59890     cutoff   59        50.00000   46.00000  8.00%  53.0 4965s
 1168145 59994   47.00000   59   28   50.00000   46.00000  8.00%  53.0 4978s
 1169987 60024 infeasible   50        50.00000   46.00000  8.00%  53.0 4983s
 1174498 59996   46.00000   49   33   50.00000   46.00000  8.00%  53.0 4994s
 1175664 60007 infeasible   51        50.00000   46.00000  8.00%  53.0 5019s
 1176039 60068   48.00000   50   21   50.00000   46.00000  8.00%  53.0 5033s
 1178544 60062 infeasible   47        50.00000   46.00000  8.00%  53.0 5043s
 1183630 60071 infeasible   47        50.00000   46.00000  8.00%  53.0 5053s
 1185922 60123 infeasible   47        50.00000   46.00000  8.00%  53.0 5060s
 1188565 60232 infeasible   63        50.00000   46.00000  8.00%  53.0 5073s
 1190612 60261 infeasible   63        50.00000   46.00000  8.00%  53.0 5084s
 1192995 60315   46.00000   50   43   50.00000   46.00000  8.00%  53.0 5090s
 1196522 60318 infeasible   57        50.00000   46.00000  8.00%  53.0 5109s
 1196816 60483 infeasible   49        50.00000   46.00000  8.00%  53.0 5115s
 1200107 60535   46.00000   50   23   50.00000   46.00000  8.00%  53.0 5124s
 1203251 60509   49.00000   52   47   50.00000   46.00000  8.00%  53.0 5133s
 1206821 60530   49.00000   51   34   50.00000   46.00000  8.00%  53.0 5145s
 1209009 60510   46.00000   38   48   50.00000   46.00000  8.00%  53.0 5157s
 1210573 60508 infeasible   47        50.00000   46.00000  8.00%  53.0 5165s
 1214002 60590     cutoff   55        50.00000   46.00000  8.00%  53.0 5178s
 1215584 60620 infeasible   56        50.00000   46.00000  8.00%  53.0 5188s
 1219174 60625   46.00000   55   42   50.00000   46.00000  8.00%  53.0 5210s
 1219243 60730 infeasible   61        50.00000   46.00000  8.00%  53.0 5216s
*1219331 45656              60      49.0000000   46.00000  6.12%  53.0 5216s
 1223098 45538     cutoff   38        49.00000   46.00000  6.12%  53.0 5227s
 1225487 45498 infeasible   58        49.00000   46.00000  6.12%  53.0 5236s
 1230740 45472   48.00000   48   52   49.00000   46.00000  6.12%  53.0 5248s
 1231905 45425   46.00000   48   60   49.00000   46.00000  6.12%  53.0 5254s
 1236000 45393     cutoff   49        49.00000   46.00000  6.12%  53.0 5263s
 1236944 45368     cutoff   48        49.00000   46.00000  6.12%  53.0 5287s
 1237171 45359   46.00000   54   24   49.00000   46.00000  6.12%  53.0 5293s
 1239328 45322   46.00000   50   26   49.00000   46.00000  6.12%  53.0 5300s
 1243258 45340 infeasible   50        49.00000   46.00000  6.12%  53.0 5314s
H1243482 45340                      49.0000000   46.00000  6.12%  53.0 5314s
 1244322 45302 infeasible   51        49.00000   46.00000  6.12%  53.0 5322s
 1247662 45307     cutoff   53        49.00000   46.00000  6.12%  53.0 5330s
 1250634 45322   46.00000   46   42   49.00000   46.00000  6.12%  53.0 5340s
 1253175 45367   46.00000   50   45   49.00000   46.00000  6.12%  53.0 5346s
 1258572 45358 infeasible   48        49.00000   46.00000  6.12%  53.0 5357s
 1258959 45403   46.00000   48   40   49.00000   46.00000  6.12%  53.0 5377s
 1259232 45396 infeasible   56        49.00000   46.00000  6.12%  53.0 5389s
 1260226 45320     cutoff   59        49.00000   46.00000  6.12%  53.0 5395s
 1264409 45289   46.00000   46   53   49.00000   46.00000  6.12%  53.0 5408s
 1265540 45251 infeasible   52        49.00000   46.00000  6.12%  53.0 5415s
 1269272 45207   47.00000   54   44   49.00000   46.00000  6.12%  53.0 5425s
 1271042 45127   47.00000   55   43   49.00000   46.00000  6.12%  53.0 5436s
 1274235 45147   46.00000   51   34   49.00000   46.00000  6.12%  53.0 5448s
 1276153 45144   46.00000   57   34   49.00000   46.00000  6.12%  53.0 5473s
 1276318 45092 infeasible   46        49.00000   46.00000  6.12%  53.0 5489s
 1292616 45092   46.00000   54   49   49.00000   46.00000  6.12%  52.9 5490s
 1293617 45086   46.00000   57   26   49.00000   46.00000  6.12%  52.9 5500s
 1294420 45039   46.00000   58   18   49.00000   46.00000  6.12%  52.9 5510s
 1296001 45050 infeasible   59        49.00000   46.00000  6.12%  52.9 5519s
 1297671 44985   46.00000   53   38   49.00000   46.00000  6.12%  52.9 5527s
 1300250 44984   46.00000   52   46   49.00000   46.00000  6.12%  52.9 5539s
 1301788 44966   46.00000   46   30   49.00000   46.00000  6.12%  52.9 5550s
 1304403 44955 infeasible   49        49.00000   46.00000  6.12%  52.9 5568s
 1304796 44892   46.00000   40   31   49.00000   46.00000  6.12%  52.9 5577s
 1308232 44836 infeasible   56        49.00000   46.00000  6.12%  52.9 5587s
 1310127 44804   46.00000   47   48   49.00000   46.00000  6.12%  52.9 5596s
 1314079 44703     cutoff   50        49.00000   46.00000  6.12%  52.9 5605s
 1317218 44659 infeasible   49        49.00000   46.00000  6.12%  52.9 5618s
 1319146 44615   48.00000   48   48   49.00000   46.00000  6.12%  52.9 5624s
 1322449 44607 infeasible   52        49.00000   46.00000  6.12%  52.9 5648s
 1322515 44529     cutoff   53        49.00000   46.00000  6.12%  52.9 5652s
 1326568 44472   46.00000   53   44   49.00000   46.00000  6.12%  52.9 5662s
 1327891 44472   48.00000   52   46   49.00000   46.00000  6.12%  52.9 5672s
 1331382 44478   46.00000   52   74   49.00000   46.00000  6.12%  52.9 5685s
 1332784 44458   46.00000   52   68   49.00000   46.00000  6.12%  52.9 5691s
 1336976 44459 infeasible   53        49.00000   46.00000  6.12%  52.9 5702s
 1338712 44466   46.00000   52   34   49.00000   46.00000  6.12%  52.8 5724s
 1338815 44437   47.00000   55   26   49.00000   46.00000  6.12%  52.8 5733s
 1342197 44447   46.00000   55   52   49.00000   46.00000  6.12%  52.8 5747s
 1343228 44462   46.00000   47   50   49.00000   46.00000  6.12%  52.8 5754s
 1346789 44451   46.00000   42   33   49.00000   46.00000  6.12%  52.8 5762s
 1349084 44412 infeasible   53        49.00000   46.00000  6.12%  52.8 5774s
 1351625 44382 infeasible   54        49.00000   46.00000  6.12%  52.8 5783s
 1354756 44351     cutoff   57        49.00000   46.00000  6.12%  52.8 5792s
 1356794 44347     cutoff   59        49.00000   46.00000  6.12%  52.8 5816s
 1356996 44334   46.00000   46   40   49.00000   46.00000  6.12%  52.8 5825s
 1360159 44301   46.00000   42   42   49.00000   46.00000  6.12%  52.8 5838s
 1363709 44288 infeasible   54        49.00000   46.00000  6.12%  52.8 5849s
 1366019 44181   46.00000   41   25   49.00000   46.00000  6.12%  52.8 5858s
 1369164 44187 infeasible   49        49.00000   46.00000  6.12%  52.8 5869s
 1370696 44139     cutoff   44        49.00000   46.00000  6.12%  52.8 5877s
 1374844 44142   46.00000   49   45   49.00000   46.00000  6.12%  52.8 5889s
 1376257 44046   47.00000   48   62   49.00000   46.00000  6.12%  52.8 5894s
 1380242 44043   46.00000   53   62   49.00000   46.00000  6.12%  52.8 5907s
 1382236 43927 infeasible   54        49.00000   46.00000  6.12%  52.8 5921s
 1384533 43920 infeasible   55        49.00000   46.00000  6.12%  52.8 5953s
 1385286 43917 infeasible   50        49.00000   46.00000  6.12%  52.8 5966s
 1391442 43745   48.00000   51   23   49.00000   46.00000  6.12%  52.7 5975s
 1396279 43706   46.00000   52   27   49.00000   46.00000  6.12%  52.7 5988s
 1397678 43575   46.00000   45   55   49.00000   46.00000  6.12%  52.7 5999s
 1400785 43488   46.00000   47   45   49.00000   46.00000  6.12%  52.7 6009s
 1403354 43450 infeasible   43        49.00000   46.00000  6.12%  52.7 6020s
 1406231 43366   46.00000   59   39   49.00000   46.00000  6.12%  52.7 6032s
 1409182 43311 infeasible   59        49.00000   46.00000  6.12%  52.7 6041s
 1412748 43285 infeasible   50        49.00000   46.00000  6.12%  52.7 6053s
 1414032 43243   46.00000   47   43   49.00000   46.00000  6.12%  52.7 6077s
 1414732 42995     cutoff   59        49.00000   46.00000  6.12%  52.7 6096s
 1432064 42983   46.00000   52   45   49.00000   46.00000  6.12%  52.6 6105s
 1434452 42956     cutoff   63        49.00000   46.00000  6.12%  52.6 6116s
 1436045 42925   46.00000   52   28   49.00000   46.00000  6.12%  52.6 6124s
 1437679 42845 infeasible   46        49.00000   46.00000  6.12%  52.6 6130s
 1441355 42810 infeasible   48        49.00000   46.00000  6.12%  52.6 6142s
 1442523 42818     cutoff   47        49.00000   46.00000  6.12%  52.6 6164s
 1442698 42707   46.00000   45   48   49.00000   46.00000  6.12%  52.6 6179s
 1445434 42595 infeasible   47        49.00000   46.00000  6.12%  52.6 6187s
 1450644 42628   46.00000   51   36   49.00000   46.00000  6.12%  52.6 6197s
 1452208 42515 infeasible   52        49.00000   46.00000  6.12%  52.6 6209s
 1454679 42497   48.00000   56   38   49.00000   46.00000  6.12%  52.6 6220s
 1456135 42437 infeasible   53        49.00000   46.00000  6.12%  52.6 6230s
 1459639 42413 infeasible   50        49.00000   46.00000  6.12%  52.6 6240s
 1461896 42391   46.00000   47   44   49.00000   46.00000  6.12%  52.6 6250s
 1464265 42306 infeasible   51        49.00000   46.00000  6.12%  52.6 6265s
 1466311 42254 infeasible   51        49.00000   46.00000  6.12%  52.6 6278s
 1468747 42175     cutoff   52        49.00000   46.00000  6.12%  52.6 6285s
 1473662 42122     cutoff   49        49.00000   46.00000  6.12%  52.5 6295s
 1474293 42097 infeasible   52        49.00000   46.00000  6.12%  52.5 6313s
 1474742 42047   48.00000   46   30   49.00000   46.00000  6.12%  52.5 6324s
 1476059 41973   46.00000   58   51   49.00000   46.00000  6.12%  52.5 6330s
 1480299 41927   48.00000   50   51   49.00000   46.00000  6.12%  52.5 6344s
 1481523 41952     cutoff   51        49.00000   46.00000  6.12%  52.5 6351s
 1485136 41990 infeasible   51        49.00000   46.00000  6.12%  52.5 6359s
 1486788 41953 infeasible   55        49.00000   46.00000  6.12%  52.5 6367s
 1490746 41988   47.00000   50   22   49.00000   46.00000  6.12%  52.5 6379s
 1492284 41998 infeasible   51        49.00000   46.00000  6.12%  52.5 6398s
 1492692 41986   46.00000   51   53   49.00000   46.00000  6.12%  52.5 6414s
 1494795 41904 infeasible   59        49.00000   46.00000  6.12%  52.5 6423s
 1501482 41879   46.00000   48   46   49.00000   46.00000  6.12%  52.5 6432s
 1502517 41790 infeasible   49        49.00000   46.00000  6.12%  52.5 6439s
 1505373 41748 infeasible   49        49.00000   46.00000  6.12%  52.5 6450s
 1507097 41759 infeasible   58        49.00000   46.00000  6.12%  52.5 6466s
 1507788 41818 infeasible   53        49.00000   46.00000  6.12%  52.5 6472s
 1511372 41801 infeasible   54        49.00000   46.00000  6.12%  52.5 6486s
 1512454 41687 infeasible   47        49.00000   46.00000  6.12%  52.5 6492s
 1516467 41725   46.00000   51   41   49.00000   46.00000  6.12%  52.5 6504s
 1518128 41669 infeasible   51        49.00000   46.00000  6.12%  52.5 6513s
 1521290 41720 infeasible   53        49.00000   46.00000  6.12%  52.5 6522s
 1522968 41731   48.00000   56   24   49.00000   46.00000  6.12%  52.5 6542s
 1523043 41715 infeasible   57        49.00000   46.00000  6.12%  52.5 6548s
 1525953 41740 infeasible   49        49.00000   46.00000  6.12%  52.5 6558s
 1526284 41769 infeasible   48        49.00000   46.00000  6.12%  52.5 6565s
 1528957 41770   46.00000   45   49   49.00000   46.00000  6.12%  52.5 6574s
 1530878 41757 infeasible   57        49.00000   46.00000  6.12%  52.5 6584s
 1532082 41819   46.00000   50   46   49.00000   46.00000  6.12%  52.5 6590s
 1533724 41856   47.00000   52   36   49.00000   46.00000  6.12%  52.5 6599s
 1535823 41854     cutoff   50        49.00000   46.00000  6.12%  52.5 6610s
 1536356 41875   48.00000   50   28   49.00000   46.00000  6.12%  52.5 6627s
 1536705 41894   46.00000   51   53   49.00000   46.00000  6.12%  52.5 6641s
 1537098 42061 infeasible   55        49.00000   46.00000  6.12%  52.5 6645s
 1541175 42139   47.00000   57   53   49.00000   46.00000  6.12%  52.5 6657s
 1542044 42850   47.00000   58   38   49.00000   46.00000  6.12%  52.5 6665s
 1550297 42888   47.00000   52   41   49.00000   47.00000  4.08%  52.4 6678s
 1550973 43105   47.00000   43   42   49.00000   47.00000  4.08%  52.4 6682s
 1554754 43103   48.00000   46   59   49.00000   47.00000  4.08%  52.4 6692s
 1555392 43122   48.00000   47   65   49.00000   47.00000  4.08%  52.4 6712s
 1555687 42969   48.00000   49   59   49.00000   47.00000  4.08%  52.4 6724s
 1557384 42486 infeasible   53        49.00000   47.00000  4.08%  52.4 6730s
 1560880 42247   47.00000   47   38   49.00000   47.00000  4.08%  52.4 6738s
 1563687 42164     cutoff   47        49.00000   47.00000  4.08%  52.4 6752s
 1564936 41890 infeasible   48        49.00000   47.00000  4.08%  52.4 6758s
 1568757 41831 infeasible   58        49.00000   47.00000  4.08%  52.4 6768s
 1570335 41653   48.00000   57   47   49.00000   47.00000  4.08%  52.4 6779s
 1572543 41397 infeasible   58        49.00000   47.00000  4.08%  52.4 6790s
 1575279 41418   47.00000   50   30   49.00000   47.00000  4.08%  52.4 6810s
 1575609 41284   48.00000   56   11   49.00000   47.00000  4.08%  52.4 6820s
 1578789 41208     cutoff   51        49.00000   47.00000  4.08%  52.4 6833s
 1581612 41032   47.00000   42   46   49.00000   47.00000  4.08%  52.4 6845s
 1584903 40985   47.00000   42   54   49.00000   47.00000  4.08%  52.4 6851s
 1588442 40902   47.00000   43   40   49.00000   47.00000  4.08%  52.4 6863s
 1591425 40723   47.00000   47   34   49.00000   47.00000  4.08%  52.4 6872s
 1596071 40714     cutoff   55        49.00000   47.00000  4.08%  52.4 6896s
 1596115 40929   47.00000   53   27   49.00000   47.00000  4.08%  52.4 6901s
 1598807 40925 infeasible   56        49.00000   47.00000  4.08%  52.3 6914s
 1599345 40736   47.00000   42   17   49.00000   47.00000  4.08%  52.3 6921s
 1602661 40642   47.00000   51   39   49.00000   47.00000  4.08%  52.3 6932s
 1603583 40149   47.00000   57   16   49.00000   47.00000  4.08%  52.3 6938s
 1608272 40086   47.00000   54   26   49.00000   47.00000  4.08%  52.3 6952s
 1608655 39444 infeasible   53        49.00000   47.00000  4.08%  52.3 6956s
 1613007 39434     cutoff   36        49.00000   47.00000  4.08%  52.3 6982s
 1613053 39215   47.00000   45   21   49.00000   47.00000  4.08%  52.3 6989s
 1616415 39090 infeasible   48        49.00000   47.00000  4.08%  52.3 6999s
 1617787 38973 infeasible   48        49.00000   47.00000  4.08%  52.3 7009s
 1620530 38939   47.00000   51   34   49.00000   47.00000  4.08%  52.3 7022s
 1621468 38737   47.00000   52   44   49.00000   47.00000  4.08%  52.3 7027s
 1625519 38721   47.00000   46   45   49.00000   47.00000  4.08%  52.3 7042s
 1626285 38632 infeasible   50        49.00000   47.00000  4.08%  52.3 7057s
 1627608 38590   47.00000   46   57   49.00000   47.00000  4.08%  52.3 7069s
 1629060 38402 infeasible   52        49.00000   47.00000  4.08%  52.3 7080s
 1633108 38288 infeasible   47        49.00000   47.00000  4.08%  52.3 7089s
 1636142 38173 infeasible   53        49.00000   47.00000  4.08%  52.3 7100s
 1639225 38016   47.00000   41   37   49.00000   47.00000  4.08%  52.3 7113s
 1640995 37974     cutoff   54        49.00000   47.00000  4.08%  52.3 7132s
 1642033 37896 infeasible   53        49.00000   47.00000  4.08%  52.3 7146s
 1644939 37760 infeasible   53        49.00000   47.00000  4.08%  52.3 7153s
 1649368 37683 infeasible   51        49.00000   47.00000  4.08%  52.3 7164s
 1651755 37622   47.00000   50   49   49.00000   47.00000  4.08%  52.3 7177s
 1654171 37418 infeasible   56        49.00000   47.00000  4.08%  52.3 7183s
 1658723 37419 infeasible   51        49.00000   47.00000  4.08%  52.3 7208s
 1658760 37228 infeasible   61        49.00000   47.00000  4.08%  52.3 7213s
 1663019 37125   47.00000   49   18   49.00000   47.00000  4.08%  52.3 7222s
 1664479 37075 infeasible   47        49.00000   47.00000  4.08%  52.3 7230s
 1666682 36930 infeasible   55        49.00000   47.00000  4.08%  52.3 7243s
 1669129 36673     cutoff   56        49.00000   47.00000  4.08%  52.3 7251s
 1672747 36508     cutoff   50        49.00000   47.00000  4.08%  52.3 7261s
 1674766 36500 infeasible   57        49.00000   47.00000  4.08%  52.3 7284s
 1674904 36379   47.00000   48   61   49.00000   47.00000  4.08%  52.3 7291s
 1677668 36183 infeasible   49        49.00000   47.00000  4.08%  52.3 7302s
 1680649 36034 infeasible   48        49.00000   47.00000  4.08%  52.3 7313s
 1683621 35907 infeasible   56        49.00000   47.00000  4.08%  52.3 7324s
 1685696 35845     cutoff   54        49.00000   47.00000  4.08%  52.3 7330s
 1689687 35765 infeasible   50        49.00000   47.00000  4.08%  52.3 7345s
 1690984 35620     cutoff   50        49.00000   47.00000  4.08%  52.3 7351s
 1695188 35579 infeasible   53        49.00000   47.00000  4.08%  52.2 7360s
 1697067 35588   47.00000   50   58   49.00000   47.00000  4.08%  52.2 7384s
 1697235 35631   47.00000   56   42   49.00000   47.00000  4.08%  52.2 7393s
 1698806 35515   47.00000   48   53   49.00000   47.00000  4.08%  52.2 7400s
 1703570 35441   47.00000   45   50   49.00000   47.00000  4.08%  52.2 7412s
 1705223 35287   47.00000   46   45   49.00000   47.00000  4.08%  52.2 7421s
 1708979 35201   47.00000   48   39   49.00000   47.00000  4.08%  52.2 7428s
 1712599 35109   47.00000   52   57   49.00000   47.00000  4.08%  52.2 7444s
 1714887 34949 infeasible   45        49.00000   47.00000  4.08%  52.2 7451s
 1720867 34944   48.00000   51   30   49.00000   47.00000  4.08%  52.2 7471s
 1720952 34894   47.00000   43   64   49.00000   47.00000  4.08%  52.2 7476s
 1724218 34873   47.00000   49   54   49.00000   47.00000  4.08%  52.2 7490s
 1728592 34685   47.00000   48   33   49.00000   47.00000  4.08%  52.2 7507s
 1729261 34459 infeasible   49        49.00000   47.00000  4.08%  52.2 7513s
 1733213 34390   47.00000   49   49   49.00000   47.00000  4.08%  52.2 7524s
 1734231 34286 infeasible   59        49.00000   47.00000  4.08%  52.2 7540s
 1735988 34182 infeasible   46        49.00000   47.00000  4.08%  52.2 7552s
 1738024 34011 infeasible   55        49.00000   47.00000  4.08%  52.2 7562s
 1740591 33812   47.00000   52   46   49.00000   47.00000  4.08%  52.2 7568s
 1744239 33774 infeasible   51        49.00000   47.00000  4.08%  52.2 7584s
 1745958 33768   47.00000   51   18   49.00000   47.00000  4.08%  52.2 7606s
 1746350 33719   47.00000   55   38   49.00000   47.00000  4.08%  52.2 7620s
 1748370 33566   47.00000   63   35   49.00000   47.00000  4.08%  52.2 7625s
 1752944 33445 infeasible   46        49.00000   47.00000  4.08%  52.2 7637s
 1755045 33247   47.00000   46   24   49.00000   47.00000  4.08%  52.2 7648s
 1758650 33166 infeasible   58        49.00000   47.00000  4.08%  52.2 7659s
 1761100 32979   47.00000   49   41   49.00000   47.00000  4.08%  52.2 7669s
 1764577 32805 infeasible   52        49.00000   47.00000  4.08%  52.2 7678s
 1767690 32797 infeasible   49        49.00000   47.00000  4.08%  52.2 7698s
 1767808 32692   47.00000   49   50   49.00000   47.00000  4.08%  52.2 7706s
 1771307 32496   47.00000   47   41   49.00000   47.00000  4.08%  52.1 7718s
 1773764 32397   47.00000   54   36   49.00000   47.00000  4.08%  52.1 7728s
 1775462 32281   47.00000   46   45   49.00000   47.00000  4.08%  52.1 7736s
 1778725 32121 infeasible   53        49.00000   47.00000  4.08%  52.1 7746s
 1781622 31982 infeasible   52        49.00000   47.00000  4.08%  52.1 7756s
 1783622 31685 infeasible   55        49.00000   47.00000  4.08%  52.1 7765s
 1787301 31685 infeasible   50        49.00000   47.00000  4.08%  52.1 7790s
 1787347 31442   47.00000   49   51   49.00000   47.00000  4.08%  52.1 7797s
 1791348 31392 infeasible   50        49.00000   47.00000  4.08%  52.1 7808s
 1792205 31125   47.00000   54   35   49.00000   47.00000  4.08%  52.1 7813s
 1796087 31047     cutoff   52        49.00000   47.00000  4.08%  52.1 7827s
 1797219 30959   48.00000   53   40   49.00000   47.00000  4.08%  52.1 7832s
 1800599 30881   47.00000   65   38   49.00000   47.00000  4.08%  52.1 7845s
 1801278 30758 infeasible   66        49.00000   47.00000  4.08%  52.1 7864s
 1802548 30676   47.00000   36   61   49.00000   47.00000  4.08%  52.1 7878s
 1803766 30380   47.00000   44   47   49.00000   47.00000  4.08%  52.1 7884s
 1808904 30269   47.00000   46   29   49.00000   47.00000  4.08%  52.1 7899s
 1810432 30016     cutoff   52        49.00000   47.00000  4.08%  52.1 7906s
 1814617 29954   47.00000   48   25   49.00000   47.00000  4.08%  52.1 7916s
 1815589 29958   47.00000   37   46   49.00000   47.00000  4.08%  52.1 7939s
 1815827 29799   47.00000   45   31   49.00000   47.00000  4.08%  52.1 7949s
 1817680 29705     cutoff   51        49.00000   47.00000  4.08%  52.1 7957s
 1821988 29663   47.00000   50   34   49.00000   47.00000  4.08%  52.1 7975s
 1823228 29392 infeasible   49        49.00000   47.00000  4.08%  52.1 7985s
 1835763 29403   47.00000   47   39   49.00000   47.00000  4.08%  52.1 7994s
 1836658 29419   47.00000   48   39   49.00000   47.00000  4.08%  52.1 8005s
 1837995 29355   47.00000   49   34   49.00000   47.00000  4.08%  52.1 8013s
 1839990 29361   47.00000   43   38   49.00000   47.00000  4.08%  52.1 8021s
 1841510 29260   47.00000   46   39   49.00000   47.00000  4.08%  52.1 8029s
 1844385 29189   47.00000   51   23   49.00000   47.00000  4.08%  52.1 8039s
 1846834 29194   47.00000   49   43   49.00000   47.00000  4.08%  52.1 8060s
 1846913 29300   47.00000   50   34   49.00000   47.00000  4.08%  52.1 8067s
 1850121 29277   47.00000   43   45   49.00000   47.00000  4.08%  52.0 8080s
 1852805 29095     cutoff   49        49.00000   47.00000  4.08%  52.0 8089s
 1857261 29095 infeasible   55        49.00000   47.00000  4.08%  52.0 8090s
 1857263 28986   47.00000   57   30   49.00000   47.00000  4.08%  52.0 8098s
 1860119 28884   47.00000   59   33   49.00000   47.00000  4.08%  52.0 8109s
 1861763 28734 infeasible   50        49.00000   47.00000  4.08%  52.0 8118s
 1865354 28728 infeasible   51        49.00000   47.00000  4.08%  52.0 8138s
 1865452 28674 infeasible   51        49.00000   47.00000  4.08%  52.0 8146s
 1868551 28583 infeasible   54        49.00000   47.00000  4.08%  52.0 8156s
 1870382 28443   47.00000   48   50   49.00000   47.00000  4.08%  52.0 8162s
 1874458 28409 infeasible   60        49.00000   47.00000  4.08%  52.0 8174s
 1875697 28235   47.00000   52   30   49.00000   47.00000  4.08%  52.0 8185s
 1878929 28239 infeasible   47        49.00000   47.00000  4.08%  52.0 8194s
 1881232 28248 infeasible   55        49.00000   47.00000  4.08%  52.0 8220s
 1881331 28148   47.00000   53   33   49.00000   47.00000  4.08%  52.0 8225s
 1884759 28077 infeasible   55        49.00000   47.00000  4.08%  52.0 8234s
 1886780 27928   47.00000   42   46   49.00000   47.00000  4.08%  52.0 8243s
 1890473 27810   47.00000   49   32   49.00000   47.00000  4.08%  52.0 8256s
 1892036 27676   47.00000   58   38   49.00000   47.00000  4.08%  52.0 8264s
 1895858 27658     cutoff   55        49.00000   47.00000  4.08%  52.0 8276s
 1897974 27457   47.00000   56   15   49.00000   47.00000  4.08%  52.0 8287s
 1902403 27418 infeasible   59        49.00000   47.00000  4.08%  52.0 8296s
 1903023 27418   47.00000   51   35   49.00000   47.00000  4.08%  52.0 8317s
 1903471 27347 infeasible   51        49.00000   47.00000  4.08%  52.0 8328s
 1905398 27092     cutoff   42        49.00000   47.00000  4.08%  52.0 8339s
 1909327 27035 infeasible   56        49.00000   47.00000  4.08%  52.0 8349s
 1911758 26974   47.00000   58   43   49.00000   47.00000  4.08%  52.0 8356s
 1914705 26813 infeasible   73        49.00000   47.00000  4.08%  52.0 8366s
 1918233 26781     cutoff   58        49.00000   47.00000  4.08%  52.0 8381s
 1919155 26618 infeasible   57        49.00000   47.00000  4.08%  52.0 8387s
 1923684 26617 infeasible   46        49.00000   47.00000  4.08%  52.0 8409s
 1923729 26360   47.00000   47   27   49.00000   47.00000  4.08%  52.0 8414s
 1927873 26355 infeasible   51        49.00000   47.00000  4.08%  52.0 8425s
 1928218 26158 infeasible   49        49.00000   47.00000  4.08%  52.0 8431s
 1931792 26046     cutoff   60        49.00000   47.00000  4.08%  52.0 8443s
 1933009 25848   48.00000   55   34   49.00000   47.00000  4.08%  52.0 8450s
 1936530 25802   47.00000   50   29   49.00000   47.00000  4.08%  52.0 8458s
 1937710 25799   47.00000   48   53   49.00000   47.00000  4.08%  52.0 8478s
 1937902 25778   47.00000   50   35   49.00000   47.00000  4.08%  52.0 8490s
 1939767 25634 infeasible   61        49.00000   47.00000  4.08%  52.0 8497s
 1943100 25454 infeasible   66        49.00000   47.00000  4.08%  52.0 8507s
 1946159 25408 infeasible   48        49.00000   47.00000  4.08%  52.0 8520s
 1947725 25268   47.00000   61   37   49.00000   47.00000  4.08%  52.0 8526s
 1951046 25065   47.00000   44   32   49.00000   47.00000  4.08%  52.0 8537s
 1954591 24963 infeasible   61        49.00000   47.00000  4.08%  52.0 8549s
 1956751 24868   47.00000   54   40   49.00000   47.00000  4.08%  52.0 8559s
 1959400 24799 infeasible   54        49.00000   47.00000  4.08%  52.0 8571s
 1962729 24797 infeasible   51        49.00000   47.00000  4.08%  52.0 8595s
 1966704 24666 infeasible   51        49.00000   47.00000  4.08%  52.0 8614s
 1967398 24473   47.00000   50   55   49.00000   47.00000  4.08%  52.0 8621s
 1971651 24442 infeasible   56        49.00000   47.00000  4.08%  52.0 8636s
 1972502 24248 infeasible   54        49.00000   47.00000  4.08%  52.0 8640s
 1976989 24243   47.00000   50   46   49.00000   47.00000  4.08%  52.0 8651s
 1977269 24046   47.00000   45   43   49.00000   47.00000  4.08%  52.0 8655s
 1980879 23998   47.00000   52   18   49.00000   47.00000  4.08%  52.0 8672s
 1981343 23838 infeasible   45        49.00000   47.00000  4.08%  52.0 8682s
 1983935 23716 infeasible   53        49.00000   47.00000  4.08%  52.0 8690s
 1986222 23599   47.00000   47   56   49.00000   47.00000  4.08%  52.0 8701s
 1987822 23402 infeasible   49        49.00000   47.00000  4.08%  52.0 8709s
 1991354 23310   47.00000   46   37   49.00000   47.00000  4.08%  52.0 8721s
 1992589 23290   47.00000   49   64   49.00000   47.00000  4.08%  52.0 8742s
 1993111 23231 infeasible   48        49.00000   47.00000  4.08%  52.0 8753s
 1995403 22975   47.00000   57   39   49.00000   47.00000  4.08%  52.0 8761s
 1998914 22760   48.00000   49   44   49.00000   47.00000  4.08%  52.0 8775s
 2001498 22472   47.00000   44   39   49.00000   47.00000  4.08%  52.0 8785s
 2005555 22243   47.00000   53   32   49.00000   47.00000  4.08%  52.0 8795s
 2007631 22072   47.00000   48   39   49.00000   47.00000  4.08%  52.0 8805s
 2010166 21927   47.00000   50   32   49.00000   47.00000  4.08%  52.0 8821s
 2012267 21817   47.00000   49   51   49.00000   47.00000  4.08%  52.0 8829s
 2014846 21481 infeasible   58        49.00000   47.00000  4.08%  52.0 8838s
 2018893 21339   47.00000   51   48   49.00000   47.00000  4.08%  52.0 8853s
 2020510 21332 infeasible   49        49.00000   47.00000  4.08%  52.0 8874s
 2020743 21111 infeasible   53        49.00000   47.00000  4.08%  52.0 8887s
 2023628 20803   47.00000   56   28   49.00000   47.00000  4.08%  52.0 8894s
 2027936 20784 infeasible   48        49.00000   47.00000  4.08%  52.0 8907s
 2029713 20522   48.00000   52   30   49.00000   47.00000  4.08%  52.0 8914s
 2034442 20508   47.00000   59   48   49.00000   47.00000  4.08%  52.0 8926s
 2034820 20260 infeasible   60        49.00000   47.00000  4.08%  52.0 8932s
 2038159 20191 infeasible   62        49.00000   47.00000  4.08%  52.0 8944s
 2039047 20145     cutoff   62        49.00000   47.00000  4.08%  52.0 8950s
 2041166 20059   47.00000   63   37   49.00000   47.00000  4.08%  52.0 8956s
 2043584 19957 infeasible   64        49.00000   47.00000  4.08%  51.9 8968s
 2045013 19825   47.00000   47   54   49.00000   47.00000  4.08%  51.9 8983s
 2047199 19728 infeasible   57        49.00000   47.00000  4.08%  51.9 8995s
 2048845 19437   47.00000   62   35   49.00000   47.00000  4.08%  51.9 9000s
 2053172 19399     cutoff   52        49.00000   47.00000  4.08%  51.9 9013s
 2054360 19425 infeasible   53        49.00000   47.00000  4.08%  51.9 9032s
 2054664 19336   47.00000   50   17   49.00000   47.00000  4.08%  51.9 9048s
 2056951 19019   47.00000   49   41   49.00000   47.00000  4.08%  51.9 9057s
 2062377 19006 infeasible   56        49.00000   47.00000  4.08%  51.9 9067s
 2063543 18870 infeasible   64        49.00000   47.00000  4.08%  51.9 9076s
 2066714 18746   47.00000   50   53   49.00000   47.00000  4.08%  51.9 9088s
 2068645 18643   47.00000   58   37   49.00000   47.00000  4.08%  51.9 9093s
 2072001 18648   47.00000   46   31   49.00000   47.00000  4.08%  51.9 9103s
 2073977 18667   47.00000   50   45   49.00000   47.00000  4.08%  51.9 9124s
 2074172 18729 infeasible   51        49.00000   47.00000  4.08%  51.9 9134s
 2075350 18525   47.00000   54   30   49.00000   47.00000  4.08%  51.9 9141s
 2079930 18512 infeasible   62        49.00000   47.00000  4.08%  51.9 9156s
 2080586 18447   47.00000   53   26   49.00000   47.00000  4.08%  51.9 9160s
 2084751 18440   47.00000   45   41   49.00000   47.00000  4.08%  51.9 9173s
 2086757 18472 infeasible   61        49.00000   47.00000  4.08%  51.9 9180s
 2091771 18466 infeasible   50        49.00000   47.00000  4.08%  51.9 9189s
 2092217 18506   47.00000   44   45   49.00000   47.00000  4.08%  51.9 9204s
 2092462 18510   47.00000   50   38   49.00000   47.00000  4.08%  51.9 9217s
 2092940 18548   47.00000   51   23   49.00000   47.00000  4.08%  51.9 9221s
 2096545 18556 infeasible   57        49.00000   47.00000  4.08%  51.9 9234s
 2097418 18610 infeasible   46        49.00000   47.00000  4.08%  51.9 9239s
 2101327 18596     cutoff   52        49.00000   47.00000  4.08%  51.9 9251s
 2101986 18665 infeasible   50        49.00000   47.00000  4.08%  51.9 9256s
 2105298 18660     cutoff   57        49.00000   47.00000  4.08%  51.9 9269s
 2106129 18602 infeasible   48        49.00000   47.00000  4.08%  51.9 9277s
 2109882 18619   47.00000   43   53   49.00000   47.00000  4.08%  51.9 9290s
 2109983 18635   47.00000   44   36   49.00000   47.00000  4.08%  51.9 9306s
 2110365 18629   47.00000   51   44   49.00000   47.00000  4.08%  51.9 9318s
 2111517 18672   47.00000   42   37   49.00000   47.00000  4.08%  51.9 9326s
 2122258 18676   48.00000   57   23   49.00000   47.00000  4.08%  51.9 9340s
 2122324 18710 infeasible   58        49.00000   47.00000  4.08%  51.9 9345s
 2124266 18696   48.00000   49   21   49.00000   47.00000  4.08%  51.9 9355s
 2124862 18705   48.00000   50   15   49.00000   47.00000  4.08%  51.9 9366s
 2125315 18712   47.00000   50   47   49.00000   47.00000  4.08%  51.9 9373s
 2128145 18710 infeasible   51        49.00000   47.00000  4.08%  51.9 9386s
 2131366 18743 infeasible   47        49.00000   47.00000  4.08%  51.9 9399s
 2131642 18861   47.00000   55   41   49.00000   47.00000  4.08%  51.9 9406s
 2134076 18860   47.00000   45   49   49.00000   47.00000  4.08%  51.9 9429s
 2134143 18465   47.00000   50   34   49.00000   47.00000  4.08%  51.9 9441s
 2151012 18461 infeasible   54        49.00000   47.00000  4.08%  51.8 9454s
 2151217 18446     cutoff   44        49.00000   47.00000  4.08%  51.8 9456s
 2152922 18438     cutoff   49        49.00000   47.00000  4.08%  51.8 9468s
 2153158 18436   47.00000   51   36   49.00000   47.00000  4.08%  51.8 9471s
 2155063 18428 infeasible   46        49.00000   47.00000  4.08%  51.8 9485s
 2155141 18352   47.00000   52   51   49.00000   47.00000  4.08%  51.8 9491s
 2156252 18343   48.00000   47   43   49.00000   47.00000  4.08%  51.8 9503s
 2156301 18348   48.00000   48   27   49.00000   47.00000  4.08%  51.8 9516s
 2156618 18285 infeasible   51        49.00000   47.00000  4.08%  51.8 9529s
 2157135 18015   47.00000   45   53   49.00000   47.00000  4.08%  51.8 9534s
 2159925 18021 infeasible   65        49.00000   47.00000  4.08%  51.8 9545s
 2160429 17706 infeasible   57        49.00000   47.00000  4.08%  51.8 9550s
 2162942 17704 infeasible   49        49.00000   47.00000  4.08%  51.8 9562s
 2162984 17389 infeasible   49        49.00000   47.00000  4.08%  51.8 9567s
 2165632 17386   48.00000   45   70   49.00000   47.00000  4.08%  51.8 9590s
 2168205 17135 infeasible   55        49.00000   47.00000  4.08%  51.8 9606s
 2168288 17007   47.00000   50   43   49.00000   47.00000  4.08%  51.8 9611s
 2169984 16976 infeasible   57        49.00000   48.00000  2.04%  51.8 9623s
 2170181 16496 infeasible   50        49.00000   48.00000  2.04%  51.8 9627s
 2174290 16406     cutoff   58        49.00000   48.00000  2.04%  51.8 9640s
 2175029 15956   48.00000   48   36   49.00000   48.00000  2.04%  51.8 9648s
 2178656 15824 infeasible   51        49.00000   48.00000  2.04%  51.8 9658s
 2179571 15792   48.00000   66   27   49.00000   48.00000  2.04%  51.8 9679s
 2179989 15552 infeasible   52        49.00000   48.00000  2.04%  51.8 9692s
 2181739 15129   48.00000   53   33   49.00000   48.00000  2.04%  51.8 9701s
 2185346 14816   48.00000   49   18   49.00000   48.00000  2.04%  51.8 9713s
 2188143 14290 infeasible   48        49.00000   48.00000  2.04%  51.8 9721s
 2192847 14107   48.00000   47   22   49.00000   48.00000  2.04%  51.8 9733s
 2194497 13503 infeasible   48        49.00000   48.00000  2.04%  51.8 9742s
 2199409 13404   48.00000   46   38   49.00000   48.00000  2.04%  51.8 9756s
 2200443 13178 infeasible   54        49.00000   48.00000  2.04%  51.8 9760s
 2203964 12973   48.00000   57   30   49.00000   48.00000  2.04%  51.8 9771s
 2206925 12970   48.00000   57   37   49.00000   48.00000  2.04%  51.8 9794s
 2207056 12712 infeasible   58        49.00000   48.00000  2.04%  51.8 9799s
 2211926 12598 infeasible   48        49.00000   48.00000  2.04%  51.8 9813s
 2213044 12396 infeasible   45        49.00000   48.00000  2.04%  51.8 9820s
 2216956 12203   48.00000   47   26   49.00000   48.00000  2.04%  51.8 9834s
 2219272 11946 infeasible   59        49.00000   48.00000  2.04%  51.8 9844s
 2222541 11728 infeasible   68        49.00000   48.00000  2.04%  51.8 9853s
 2226096 11705 infeasible   57        49.00000   48.00000  2.04%  51.8 9875s
 2226269 11351 infeasible   56        49.00000   48.00000  2.04%  51.8 9883s
 2230647 11215   48.00000   46   45   49.00000   48.00000  2.04%  51.8 9892s
 2232560 10886   48.00000   49   40   49.00000   48.00000  2.04%  51.8 9903s
 2236150 10669   48.00000   54   32   49.00000   48.00000  2.04%  51.8 9911s
 2238969 10468 infeasible   52        49.00000   48.00000  2.04%  51.7 9922s
 2241557 10161 infeasible   41        49.00000   48.00000  2.04%  51.7 9929s
 2246229 10158   48.00000   54   46   49.00000   48.00000  2.04%  51.7 9956s
 2246270  9876 infeasible   55        49.00000   48.00000  2.04%  51.7 9960s
 2250448  9779   48.00000   45   42   49.00000   48.00000  2.04%  51.7 9973s
 2251189  9459 infeasible   46        49.00000   48.00000  2.04%  51.7 9979s
 2255080  9236   48.00000   46   41   49.00000   48.00000  2.04%  51.7 9989s
 2257721  9162   48.00000   60   36   49.00000   48.00000  2.04%  51.7 10001s
 2259176  8793   48.00000   61   34   49.00000   48.00000  2.04%  51.7 10010s
 2263523  8790 infeasible   52        49.00000   48.00000  2.04%  51.7 10030s
 2263602  8585   48.00000   47   37   49.00000   48.00000  2.04%  51.7 10040s
 2266080  8268   48.00000   55   52   49.00000   48.00000  2.04%  51.7 10046s
 2270588  8223 infeasible   59        49.00000   48.00000  2.04%  51.7 10059s
 2270959  8150 infeasible   48        49.00000   48.00000  2.04%  51.7 10063s
 2275129  7944   48.00000   59   43   49.00000   48.00000  2.04%  51.7 10081s
 2277886  7531   48.00000   55   30   49.00000   48.00000  2.04%  51.7 10088s
 2284774  7453 infeasible   51        49.00000   48.00000  2.04%  51.7 10098s
 2286132  7463   48.00000   50   28   49.00000   48.00000  2.04%  51.7 10121s
 2286206  7321   48.00000   52   42   49.00000   48.00000  2.04%  51.7 10132s
 2288966  7041 infeasible   60        49.00000   48.00000  2.04%  51.7 10140s
 2292484  6909     cutoff   50        49.00000   48.00000  2.04%  51.7 10150s
 2294160  6607   48.00000   41   41   49.00000   48.00000  2.04%  51.7 10155s
 2298299  6409 infeasible   56        49.00000   48.00000  2.04%  51.7 10167s
 2300276  6140 infeasible   50        49.00000   48.00000  2.04%  51.7 10174s
 2304507  6132     cutoff   53        49.00000   48.00000  2.04%  51.7 10196s
 2304579  5895   48.00000   54   27   49.00000   48.00000  2.04%  51.7 10201s
 2308631  5782     cutoff   44        49.00000   48.00000  2.04%  51.7 10214s
 2310256  5545 infeasible   55        49.00000   48.00000  2.04%  51.7 10222s
 2313653  5261     cutoff   41        49.00000   48.00000  2.04%  51.7 10231s
 2317107  5158   48.00000   54   28   49.00000   48.00000  2.04%  51.7 10245s
 2318064  4915 infeasible   45        49.00000   48.00000  2.04%  51.7 10259s
 2320320  4729 infeasible   55        49.00000   48.00000  2.04%  51.7 10271s
 2322368  4376   48.00000   49   27   49.00000   48.00000  2.04%  51.7 10277s
 2327553  4302   48.00000   51   44   49.00000   48.00000  2.04%  51.7 10290s
 2328474  4159     cutoff   52        49.00000   48.00000  2.04%  51.7 10307s
 2330550  3944 infeasible   58        49.00000   48.00000  2.04%  51.7 10321s
 2333356  3700 infeasible   53        49.00000   48.00000  2.04%  51.7 10329s
 2337431  3494   48.00000   53   34   49.00000   48.00000  2.04%  51.7 10341s
 2340742  3332 infeasible   52        49.00000   48.00000  2.04%  51.7 10350s
 2344422  3351     cutoff   59        49.00000   48.00000  2.04%  51.7 10373s
 2344531  3103 infeasible   47        49.00000   48.00000  2.04%  51.7 10382s
 2348724  3005 infeasible   56        49.00000   48.00000  2.04%  51.7 10393s
 2349540  2665 infeasible   48        49.00000   48.00000  2.04%  51.7 10397s
 2354510  2574 infeasible   53        49.00000   48.00000  2.04%  51.7 10411s
 2356086  2504   48.00000   55   29   49.00000   48.00000  2.04%  51.7 10418s
 2359280  2384 infeasible   57        49.00000   48.00000  2.04%  51.7 10431s
 2361694  2214 infeasible   53        49.00000   48.00000  2.04%  51.7 10438s
 2365569  2149   48.00000   45   49   49.00000   48.00000  2.04%  51.7 10449s
 2367486  1967 infeasible   66        49.00000   48.00000  2.04%  51.7 10454s
 2372321  1964 infeasible   48        49.00000   48.00000  2.04%  51.7 10479s
 2372366  1931   48.00000   46   67   49.00000   48.00000  2.04%  51.7 10485s
 2376444  1913     cutoff   50        49.00000   48.00000  2.04%  51.6 10495s
 2379282  1859   48.00000   45   61   49.00000   48.00000  2.04%  51.6 10503s
 2385752  1856     cutoff   46        49.00000   48.00000  2.04%  51.6 10514s
 2386263  1772 infeasible   56        49.00000   48.00000  2.04%  51.6 10520s
 2389842  1699   48.00000   49   47   49.00000   48.00000  2.04%  51.6 10529s
 2391896  1690   48.00000   50   45   49.00000   48.00000  2.04%  51.6 10544s
 2392589  1602 infeasible   54        49.00000   48.00000  2.04%  51.6 10552s
 2395944  1630 infeasible   48        49.00000   48.00000  2.04%  51.6 10562s
 2397530  1453 infeasible   47        49.00000   48.00000  2.04%  51.6 10572s
 2400521   986 infeasible   48        49.00000   48.00000  2.04%  51.6 10580s
 2404660   867 infeasible   51        49.00000   48.00000  2.04%  51.6 10590s
 2405344   319 infeasible   44        49.00000   48.00000  2.04%  51.6 10596s
 2407741   321 infeasible   48        49.00000   48.00000  2.04%  51.6 10614s
 2407843    83   48.00000   35   42   49.00000   48.00000  2.04%  51.6 10616s
 2409003     8   48.00000   54   44   49.00000   48.00000  2.04%  51.6 10621s

Explored 2409126 nodes (124326936 simplex iterations) in 10621.25 seconds (1325.63 work units)
Thread count was 18 (of 36 available processors)

Solution count 10: 49 49 50 ... 55

Optimal solution found (tolerance 1.00e-04)
Best objective 4.900000000000e+01, best bound 4.900000000000e+01, gap 0.0000%
