
Gurobi 11.0.0 (win64) logging started Sun May  5 07:44:38 2024

Set parameter LogFile to value "./Results/StripPacking-CutHeurRuns/Logs/RU-010-StripPacking-15.log"
Set parameter TimeLimit to value 10800
Set parameter Cuts to value 0
Set parameter Presolve to value 1
Set parameter Heuristics to value 0
Set parameter LPWarmStart to value 2
Gurobi Optimizer version 11.0.0 build v11.0.0rc2 (win64 - Windows 10.0 (19045.2))

CPU model: Intel(R) Core(TM) i9-10980XE CPU @ 3.00GHz, instruction set [SSE2|AVX|AVX2|AVX512]
Thread count: 18 physical cores, 36 logical processors, using up to 18 threads

Optimize a model with 1590 rows, 451 columns and 4230 nonzeros
Model fingerprint: 0xa9aecb72
Variable types: 31 continuous, 420 integer (420 binary)
Coefficient statistics:
  Matrix range     [1e+00, 1e+04]
  Objective range  [1e+00, 1e+00]
  Bounds range     [1e+00, 1e+04]
  RHS range        [1e+00, 1e+04]

Warning: Completing partial solution with 420 unfixed non-continuous variables out of 420
User MIP start produced solution with objective 71.5 (0.00s)
Loaded user MIP start with objective 71.5

Presolve removed 210 rows and 0 columns
Presolve time: 0.03s
Presolved: 1380 rows, 451 columns, 4382 nonzeros
Variable types: 31 continuous, 420 integer (420 binary)

Root relaxation: objective 3.300000e+01, 374 iterations, 0.02 seconds (0.01 work units)

    Nodes    |    Current Node    |     Objective Bounds      |     Work
 Expl Unexpl |  Obj  Depth IntInf | Incumbent    BestBd   Gap | It/Node Time

     0     0   33.00000    0   21   71.50000   33.00000  53.8%     -    0s
     0     0   33.00000    0   21   71.50000   33.00000  53.8%     -    0s
     0     2   33.00000    0   20   71.50000   33.00000  53.8%     -    0s
* 1434  1565              72      71.0000000   33.00000  53.5%  12.2    0s
* 1574  1532              95      70.0000000   33.00000  52.9%  11.9    0s
* 1801  1469              79      66.0000000   33.00000  50.0%  11.9    0s
* 2989  2008              96      63.0000000   33.00000  47.6%  12.8    0s
* 3886  2368              59      61.0000000   33.00000  45.9%  14.7    1s
* 4044  2364              52      60.0000000   33.00000  45.0%  14.9    1s
* 4147  2389              53      57.0000000   33.00000  42.1%  15.2    1s
* 4410  2272              57      53.0000000   33.00000  37.7%  15.7    1s
* 7586  1649              52      52.0000000   33.00000  36.5%  21.1    2s
*11458  2875              47      51.0000000   33.00000  35.3%  22.5    4s
*11847  2586              46      50.0000000   33.00000  34.0%  23.1    4s
 12140  2683   49.00000   37   28   50.00000   33.00000  34.0%  23.6    5s
*19819  5643              47      50.0000000   33.00000  34.0%  26.7    9s
 21469  5701 infeasible   51        50.00000   33.00000  34.0%  26.2   10s
 32984  6539   44.00000   50   42   50.00000   33.00000  34.0%  28.6   15s
 45210  8338   33.00000   44   58   50.00000   33.00000  34.0%  30.4   22s
 53264  9519   44.00000   41   38   50.00000   35.00000  30.0%  30.7   25s
 64427 11850   44.00000   40   70   50.00000   38.00000  24.0%  30.3   31s
 71865 15148   42.00000   57   63   50.00000   38.00000  24.0%  30.3   39s
 82955 15122 infeasible   54        50.00000   38.00000  24.0%  28.1   40s
 90230 17505   49.00000   59   33   50.00000   39.00000  22.0%  29.9   46s
 102390 18327   48.00000   43   25   50.00000   40.00000  20.0%  31.0   51s
 107041 21159   41.00000   46   43   50.00000   41.00000  18.0%  31.5   59s
 118045 21173 infeasible   57        50.00000   41.00000  18.0%  29.9   60s
 127478 23743 infeasible   45        50.00000   41.00000  18.0%  31.8   69s
 139494 23531 infeasible   55        50.00000   41.00000  18.0%  30.2   70s
 148707 23928   42.00000   44   57   50.00000   42.00000  16.0%  31.6   75s
 151299 27164   46.00000   47   51   50.00000   42.00000  16.0%  32.1   87s
 169109 26952 infeasible   44        50.00000   42.00000  16.0%  30.5   90s
 178407 27013   43.00000   46   62   50.00000   42.00000  16.0%  31.7   95s
 184871 29122   43.00000   58   43   50.00000   43.00000  14.0%  32.4  107s
 199906 28380 infeasible   58        50.00000   43.00000  14.0%  31.2  110s
 209156 27074 infeasible   59        50.00000   44.00000  12.0%  32.1  115s
 217547 27082     cutoff   51        50.00000   44.00000  12.0%  32.8  125s
 232432 28433   44.00000   48   35   50.00000   44.00000  12.0%  33.0  143s
 250162 28163 infeasible   60        50.00000   44.00000  12.0%  31.5  145s
 256972 27405   47.00000   47   39   50.00000   44.00000  12.0%  32.1  150s
 264530 27429   47.00000   46   32   50.00000   44.00000  12.0%  32.7  155s
 269560 28261   49.00000   48   54   50.00000   44.00000  12.0%  32.9  163s
 280182 28039 infeasible   50        50.00000   44.00000  12.0%  32.2  165s
 290168 26521 infeasible   53        50.00000   45.00000  10.0%  32.9  171s
 295599 25806   47.00000   45   16   50.00000   46.00000  8.00%  33.2  177s
 298367 26312   46.00000   54   55   50.00000   46.00000  8.00%  33.4  187s
 312172 25649 infeasible   52        50.00000   46.00000  8.00%  32.7  192s
 317621 25150 infeasible   57        50.00000   46.00000  8.00%  33.1  195s
 326211 26922   48.00000   51   27   50.00000   46.00000  8.00%  33.6  215s
 347826 26638   46.00000   52   38   50.00000   46.00000  8.00%  32.7  221s
 356031 26726 infeasible   55        50.00000   46.00000  8.00%  33.2  226s
 361384 28469   49.00000   51   36   50.00000   46.00000  8.00%  33.5  242s
 379358 28296 infeasible   52        50.00000   46.00000  8.00%  32.4  245s
 383756 28233 infeasible   57        50.00000   46.00000  8.00%  32.6  250s
 391835 28320   46.00000   51   45   50.00000   46.00000  8.00%  33.0  256s
 394944 30205   48.00000   49   27   50.00000   46.00000  8.00%  33.1  269s
 395945 30205   46.00000   61   39   50.00000   46.00000  8.00%  33.0  270s
 414659 30032   46.00000   53   36   50.00000   46.00000  8.00%  32.1  275s
 422740 29838   49.00000   59   18   50.00000   46.00000  8.00%  32.5  282s
 425378 31412   46.00000   58   51   50.00000   46.00000  8.00%  32.6  298s
 443349 31265     cutoff   61        50.00000   46.00000  8.00%  31.7  300s
 450254 30916   46.00000   52   36   50.00000   46.00000  8.00%  32.0  305s
 458286 32633   46.00000   53   42   50.00000   46.00000  8.00%  32.3  325s
 477985 32357   46.00000   49   35   50.00000   46.00000  8.00%  31.6  331s
 485807 31947 infeasible   56        50.00000   46.00000  8.00%  31.9  337s
 491257 33345 infeasible   63        50.00000   46.00000  8.00%  32.1  356s
 510914 33091   46.00000   53   16   50.00000   46.00000  8.00%  31.4  361s
 516085 32830 infeasible   52        50.00000   46.00000  8.00%  31.5  366s
 524082 34221   47.00000   44   54   50.00000   46.00000  8.00%  31.8  386s
 543690 33721   46.00000   42   33   50.00000   46.00000  8.00%  31.1  391s
 548983 33351   46.00000   59   57   50.00000   46.00000  8.00%  31.3  395s
 557043 34774   46.00000   53   39   50.00000   46.00000  8.00%  31.6  416s
 576505 34424 infeasible   54        50.00000   46.00000  8.00%  30.9  422s
 581695 34033   46.00000   52   53   50.00000   46.00000  8.00%  31.1  426s
 589606 34867   46.00000   44   44   50.00000   46.00000  8.00%  31.4  442s
 605073 34686   46.00000   41   34   50.00000   46.00000  8.00%  31.0  446s
 607725 34537 infeasible   47        50.00000   46.00000  8.00%  31.1  451s
 613349 34416   46.00000   39   21   50.00000   46.00000  8.00%  31.3  457s
 616174 36037   46.00000   54   25   50.00000   46.00000  8.00%  31.4  471s
 635233 35625   46.00000   50   34   50.00000   46.00000  8.00%  30.9  476s
 640513 35400 infeasible   46        50.00000   46.00000  8.00%  31.1  480s
 648699 36687   46.00000   68   20   50.00000   46.00000  8.00%  31.3  499s
 666714 36569   46.00000   43   30   50.00000   46.00000  8.00%  30.7  502s
 670819 36112   46.00000   61   24   50.00000   46.00000  8.00%  30.9  507s
 673460 36037   48.00000   54   26   50.00000   46.00000  8.00%  31.0  511s
 676230 35900 infeasible   57        50.00000   46.00000  8.00%  31.0  515s
 678962 36004   46.00000   55   44   50.00000   46.00000  8.00%  31.1  520s
 685953 37473   47.00000   61   32   50.00000   46.00000  8.00%  31.2  536s
 704436 37287   46.00000   54   22   50.00000   46.00000  8.00%  30.8  542s
 709561 37079   47.00000   58   36   50.00000   46.00000  8.00%  30.9  547s
 712383 37013   46.00000   52   28   50.00000   46.00000  8.00%  31.0  550s
 717723 37953   46.00000   56   33   50.00000   46.00000  8.00%  31.1  565s
 736250 37846   46.00000   51   42   50.00000   46.00000  8.00%  30.9  572s
 739177 37784 infeasible   53        50.00000   46.00000  8.00%  30.9  575s
 741965 39322   46.00000   51   66   50.00000   46.00000  8.00%  31.0  592s
 759583 39096     cutoff   77        50.00000   46.00000  8.00%  30.5  595s
 766296 38664   46.00000   52   50   50.00000   46.00000  8.00%  30.7  601s
 771577 38373   48.00000   56   25   50.00000   46.00000  8.00%  30.8  606s
 774257 39522   46.00000   57   35   50.00000   46.00000  8.00%  30.9  624s
 792234 39330     cutoff   64        50.00000   46.00000  8.00%  30.4  627s
 796364 39058   47.00000   54   33   50.00000   46.00000  8.00%  30.5  632s
 801627 38795 infeasible   52        50.00000   46.00000  8.00%  30.6  636s
 804226 38733 infeasible   45        50.00000   46.00000  8.00%  30.7  640s
 807268 40197   46.00000   46   33   50.00000   46.00000  8.00%  30.7  657s
 824901 39936 infeasible   66        50.00000   46.00000  8.00%  30.3  660s
 831780 39340   48.00000   67   20   50.00000   46.00000  8.00%  30.4  665s
 839635 40558   46.00000   43   70   50.00000   46.00000  8.00%  30.6  686s
 859181 40106   47.00000   56   57   50.00000   46.00000  8.00%  30.2  692s
 861934 39895 infeasible   60        50.00000   46.00000  8.00%  30.3  695s
 867308 39696 infeasible   51        50.00000   46.00000  8.00%  30.4  700s
 870003 41048   46.00000   57   29   50.00000   46.00000  8.00%  30.5  716s
 886405 40846   46.00000   49   56   50.00000   46.00000  8.00%  30.1  720s
 890633 40398   46.00000   50   37   50.00000   46.00000  8.00%  30.2  725s
 896052 40086   46.00000   50   40   50.00000   46.00000  8.00%  30.3  730s
 901186 41492   48.00000   50   24   50.00000   46.00000  8.00%  30.4  749s
 919092 41237 infeasible   47        50.00000   46.00000  8.00%  30.0  752s
 920605 40945   46.00000   50   38   50.00000   46.00000  8.00%  30.1  755s
 926029 40442   46.00000   50   34   50.00000   46.00000  8.00%  30.2  760s
 933627 41431   47.00000   51   42   50.00000   46.00000  8.00%  30.4  778s
 949262 41226 infeasible   75        50.00000   46.00000  8.00%  30.1  781s
 954913 40879 infeasible   53        50.00000   46.00000  8.00%  30.2  785s
 960432 41389 infeasible   68        50.00000   46.00000  8.00%  30.3  793s
 964617 41452 infeasible   48        50.00000   46.00000  8.00%  30.3  795s
 973294 39104   47.00000   53   24   50.00000   47.00000  6.00%  30.3  802s
 975935 38460 infeasible   49        50.00000   47.00000  6.00%  30.4  805s
 981322 37439 infeasible   55        50.00000   47.00000  6.00%  30.4  812s
 983667 37005 infeasible   53        50.00000   47.00000  6.00%  30.5  817s
 986276 36602 infeasible   60        50.00000   47.00000  6.00%  30.5  821s
 989076 36905   47.00000   49   48   50.00000   47.00000  6.00%  30.6  833s
 1002788 36635   48.00000   57   11   50.00000   47.00000  6.00%  30.4  836s
 1007514 35716 infeasible   54        50.00000   47.00000  6.00%  30.4  842s
 1013670 35040 infeasible   55        50.00000   47.00000  6.00%  30.6  849s
 1016700 34697   47.00000   58   45   50.00000   47.00000  6.00%  30.6  853s
 1019886 35744   48.00000   58   24   50.00000   47.00000  6.00%  30.7  869s
 1037902 35468 infeasible   67        50.00000   47.00000  6.00%  30.3  873s
 1039710 35048 infeasible   57        50.00000   47.00000  6.00%  30.4  877s
 1042824 34727     cutoff   64        50.00000   47.00000  6.00%  30.4  880s
 1048841 34014 infeasible   47        50.00000   47.00000  6.00%  30.5  885s
 1054977 33546     cutoff   52        50.00000   47.00000  6.00%  30.6  894s
 1057946 34476   47.00000   57   28   50.00000   47.00000  6.00%  30.7  909s
 1075899 34139 infeasible   62        50.00000   47.00000  6.00%  30.3  913s
 1077794 33659 infeasible   50        50.00000   47.00000  6.00%  30.4  917s
 1080805 33142 infeasible   50        50.00000   47.00000  6.00%  30.4  922s
 1084012 32742   47.00000   47   25   50.00000   47.00000  6.00%  30.5  926s
 1090015 32389 infeasible   61        50.00000   47.00000  6.00%  30.6  932s
 1092950 32177 infeasible   57        50.00000   47.00000  6.00%  30.6  935s
 1095969 33034   49.00000   61   34   50.00000   47.00000  6.00%  30.6  950s
 1112976 32523 infeasible   60        50.00000   47.00000  6.00%  30.4  958s
 1116007 32310   47.00000   65   16   50.00000   47.00000  6.00%  30.5  961s
 1122079 32488   47.00000   57   31   50.00000   47.00000  6.00%  30.6  977s
 1136587 32372 infeasible   53        50.00000   47.00000  6.00%  30.3  980s
 1141211 31654 infeasible   43        50.00000   47.00000  6.00%  30.4  986s
 1147297 31298 infeasible   57        50.00000   47.00000  6.00%  30.5  992s
 1150271 32582   47.00000   47   46   50.00000   47.00000  6.00%  30.6 1009s
 1168289 32373 infeasible   49        50.00000   47.00000  6.00%  30.3 1012s
 1170067 32205   47.00000   51   23   50.00000   47.00000  6.00%  30.3 1015s
 1176304 31733 infeasible   45        50.00000   47.00000  6.00%  30.4 1021s
 1182085 32665   47.00000   45   34   50.00000   47.00000  6.00%  30.5 1039s
 1200103 32396 infeasible   78        50.00000   47.00000  6.00%  30.2 1043s
 1201868 32058   49.00000   50   12   50.00000   47.00000  6.00%  30.2 1047s
 1204758 31737   47.00000   47   42   50.00000   47.00000  6.00%  30.2 1051s
 1210725 30930 infeasible   53        50.00000   47.00000  6.00%  30.3 1056s
 1213618 32136   47.00000   59   47   50.00000   47.00000  6.00%  30.4 1072s
 1231636 31815 infeasible   67        50.00000   47.00000  6.00%  30.1 1075s
 1236289 31083 infeasible   54        50.00000   47.00000  6.00%  30.2 1082s
 1242277 30370   47.00000   53   26   50.00000   47.00000  6.00%  30.3 1088s
 1245199 29945   47.00000   51   52   50.00000   47.00000  6.00%  30.3 1092s
 1248377 29542   47.00000   50   54   50.00000   47.00000  6.00%  30.4 1095s
 1251439 30532   49.00000   54   40   50.00000   47.00000  6.00%  30.4 1110s
 1271328 29890   47.00000   51   40   50.00000   47.00000  6.00%  30.1 1118s
 1274065 29830 infeasible   54        50.00000   47.00000  6.00%  30.2 1121s
 1278858 30027 infeasible   50        50.00000   47.00000  6.00%  30.2 1126s
 1283766 32069 infeasible   57        50.00000   47.00000  6.00%  30.3 1143s
 1301728 31996 infeasible   59        50.00000   47.00000  6.00%  30.1 1147s
 1303616 32012   47.00000   46   28   50.00000   47.00000  6.00%  30.1 1150s
 1309112 32192   47.00000   45   35   50.00000   47.00000  6.00%  30.2 1155s
 1314857 32307   47.00000   45   37   50.00000   47.00000  6.00%  30.3 1161s
 1317781 34262   49.00000   52   38   50.00000   47.00000  6.00%  30.3 1177s
 1335799 34250 infeasible   57        50.00000   47.00000  6.00%  30.1 1180s
 1340214 34324 infeasible   52        50.00000   47.00000  6.00%  30.1 1187s
 1346221 34434 infeasible   51        50.00000   47.00000  6.00%  30.2 1192s
 1352224 36055   49.00000   47   40   50.00000   47.00000  6.00%  30.3 1209s
 1370242 35926 infeasible   51        50.00000   47.00000  6.00%  30.0 1212s
 1372008 35882   47.00000   47   63   50.00000   47.00000  6.00%  30.1 1216s
 1374741 35790 infeasible   54        50.00000   47.00000  6.00%  30.1 1220s
 1380611 35825     cutoff   46        50.00000   47.00000  6.00%  30.2 1229s
 1383507 36995   47.00000   50   51   50.00000   47.00000  6.00%  30.2 1245s
 1402499 37029 infeasible   52        50.00000   47.00000  6.00%  30.1 1251s
 1404162 36944   47.00000   50   33   50.00000   47.00000  6.00%  30.1 1255s
 1409924 36932 infeasible   52        50.00000   47.00000  6.00%  30.2 1262s
 1412846 38744   47.00000   50   43   50.00000   47.00000  6.00%  30.2 1278s
 1430864 38648 infeasible   53        50.00000   47.00000  6.00%  30.0 1282s
 1432553 38668 infeasible   49        50.00000   47.00000  6.00%  30.0 1285s
 1438264 38580 infeasible   54        50.00000   47.00000  6.00%  30.1 1290s
 1444100 38616 infeasible   49        50.00000   47.00000  6.00%  30.2 1298s
 1447051 40496   47.00000   53   32   50.00000   47.00000  6.00%  30.2 1315s
 1466787 40340 infeasible   45        50.00000   47.00000  6.00%  30.0 1322s
 1469484 40359   47.00000   49   30   50.00000   47.00000  6.00%  30.0 1325s
 1475258 40348   48.00000   40   38   50.00000   47.00000  6.00%  30.1 1331s
 1478137 41267   47.00000   43   45   50.00000   47.00000  6.00%  30.1 1346s
 1492452 41345 infeasible   48        50.00000   47.00000  6.00%  30.0 1350s
 1499727 42997   47.00000   51   45   50.00000   47.00000  6.00%  30.1 1372s
 1517745 42978 infeasible   56        50.00000   47.00000  6.00%  29.9 1375s
 1525026 42915   47.00000   59   38   50.00000   47.00000  6.00%  30.0 1381s
 1530632 44175   48.00000   46   28   50.00000   47.00000  6.00%  30.1 1398s
 1547464 44145 infeasible   53        50.00000   47.00000  6.00%  29.9 1402s
 1549074 44065     cutoff   49        50.00000   47.00000  6.00%  29.9 1406s
 1551749 44084 infeasible   57        50.00000   47.00000  6.00%  29.9 1410s
 1557458 44045   47.00000   46   41   50.00000   47.00000  6.00%  30.0 1417s
 1560371 45123   49.00000   52   32   50.00000   47.00000  6.00%  30.1 1432s
 1575337 45013   47.00000   57   36   50.00000   47.00000  6.00%  29.9 1435s
 1579706 44885     cutoff   51        50.00000   47.00000  6.00%  30.0 1442s
 1582575 44816 infeasible   56        50.00000   47.00000  6.00%  30.0 1446s
 1585421 46275   49.00000   52   15   50.00000   47.00000  6.00%  30.0 1461s
 1605019 45967   47.00000   44   27   50.00000   47.00000  6.00%  29.8 1467s
 1610812 45516 infeasible   48        50.00000   47.00000  6.00%  29.9 1471s
 1616581 47017   47.00000   48   43   50.00000   47.00000  6.00%  30.0 1486s
 1636185 46626 infeasible   45        50.00000   47.00000  6.00%  29.8 1490s
 1641783 46194 infeasible   47        50.00000   47.00000  6.00%  29.9 1495s
 1647364 45847   47.00000   51   28   50.00000   47.00000  6.00%  29.9 1502s
 1650286 47138   47.00000   56   61   50.00000   47.00000  6.00%  30.0 1520s
 1669964 46853   47.00000   40   39   50.00000   47.00000  6.00%  29.8 1525s
 1672571 46641   49.00000   51   35   50.00000   47.00000  6.00%  29.8 1530s
 1675317 46517 infeasible   57        50.00000   47.00000  6.00%  29.9 1535s
 1678070 46380   47.00000   47   48   50.00000   47.00000  6.00%  29.9 1540s
 1680903 46245 infeasible   52        50.00000   47.00000  6.00%  29.9 1546s
 1686738 47603   47.00000   47   46   50.00000   47.00000  6.00%  30.0 1564s
 1704756 47541 infeasible   65        50.00000   47.00000  6.00%  29.8 1567s
 1706352 47412 infeasible   53        50.00000   47.00000  6.00%  29.8 1570s
 1711801 47148   47.00000   47   34   50.00000   47.00000  6.00%  29.9 1579s
 1714495 47099 infeasible   50        50.00000   47.00000  6.00%  29.9 1582s
 1717336 47010 infeasible   57        50.00000   47.00000  6.00%  30.0 1587s
 1720163 48562   49.00000   46   57   50.00000   47.00000  6.00%  30.0 1603s
 1738181 48426 infeasible   48        50.00000   47.00000  6.00%  29.8 1607s
 1739809 48295 infeasible   59        50.00000   47.00000  6.00%  29.8 1611s
 1742389 48133 infeasible   68        50.00000   47.00000  6.00%  29.8 1615s
 1747912 47842 infeasible   45        50.00000   47.00000  6.00%  29.9 1621s
 1753321 49255   47.00000   59   47   50.00000   47.00000  6.00%  30.0 1638s
 1771339 49062 infeasible   63        50.00000   47.00000  6.00%  29.8 1642s
 1772998 48886   47.00000   57   23   50.00000   47.00000  6.00%  29.8 1646s
 1775468 48718 infeasible   54        50.00000   47.00000  6.00%  29.8 1650s
 1781186 48346 infeasible   61        50.00000   47.00000  6.00%  29.9 1658s
 1783913 48803     cutoff   58        50.00000   47.00000  6.00%  30.0 1666s
 1794628 48531 infeasible   49        50.00000   47.00000  6.00%  29.9 1672s
 1797479 48434 infeasible   52        50.00000   47.00000  6.00%  29.9 1677s
 1800209 49733 infeasible   47        50.00000   47.00000  6.00%  30.0 1693s
 1818227 49603   47.00000   49   25   50.00000   47.00000  6.00%  29.8 1697s
 1822482 49344   47.00000   44   25   50.00000   47.00000  6.00%  29.8 1702s
 1825145 49220 infeasible   58        50.00000   47.00000  6.00%  29.9 1706s
 1827915 49091 infeasible   53        50.00000   47.00000  6.00%  29.9 1710s
 1833348 50366   47.00000   52   28   50.00000   47.00000  6.00%  30.0 1731s
 1852941 50080 infeasible   54        50.00000   47.00000  6.00%  29.8 1737s
 1855641 49901   47.00000   48   34   50.00000   47.00000  6.00%  29.8 1741s
 1861105 49625   47.00000   43   44   50.00000   47.00000  6.00%  29.9 1747s
 1863981 50919   48.00000   57   33   50.00000   47.00000  6.00%  29.9 1764s
 1881972 50793   48.00000   51   42   50.00000   47.00000  6.00%  29.7 1767s
 1883545 50622   47.00000   57   28   50.00000   47.00000  6.00%  29.7 1771s
 1886143 50347   47.00000   48   44   50.00000   47.00000  6.00%  29.7 1775s
 1891713 50130 infeasible   46        50.00000   47.00000  6.00%  29.8 1782s
 1894437 50025 infeasible   54        50.00000   47.00000  6.00%  29.8 1787s
 1897087 51537   47.00000   50   43   50.00000   47.00000  6.00%  29.9 1802s
 1915105 51392 infeasible   52        50.00000   47.00000  6.00%  29.7 1807s
 1916706 51201   47.00000   47   26   50.00000   47.00000  6.00%  29.7 1810s
 1919239 51050 infeasible   58        50.00000   47.00000  6.00%  29.7 1815s
 1921930 50973   47.00000   57   35   50.00000   47.00000  6.00%  29.8 1820s
 1927492 52300   48.00000   44   37   50.00000   47.00000  6.00%  29.8 1840s
 1946786 51960 infeasible   47        50.00000   47.00000  6.00%  29.6 1848s
 1949464 51674 infeasible   55        50.00000   47.00000  6.00%  29.7 1853s
 1952165 51487   47.00000   52   40   50.00000   47.00000  6.00%  29.7 1857s
 1954799 51441     cutoff   44        50.00000   47.00000  6.00%  29.7 1861s
 1960120 52035   47.00000   49   16   50.00000   47.00000  6.00%  29.8 1875s
 1973454 51928   48.00000   54   38   50.00000   47.00000  6.00%  29.7 1882s
 1976175 51858 infeasible   49        50.00000   47.00000  6.00%  29.7 1887s
 1978843 51774 infeasible   52        50.00000   47.00000  6.00%  29.8 1892s
 1982183 52469 infeasible   51        50.00000   47.00000  6.00%  29.8 1903s
 1993095 52459 infeasible   45        50.00000   47.00000  6.00%  29.7 1906s
 1995727 52330 infeasible   52        50.00000   47.00000  6.00%  29.7 1911s
 1998881 52201   48.00000   59   22   50.00000   47.00000  6.00%  29.8 1916s
 2002554 53564   48.00000   51   28   50.00000   47.00000  6.00%  29.8 1931s
 2018352 53292 infeasible   48        50.00000   47.00000  6.00%  29.7 1936s
 2020880 53153 infeasible   52        50.00000   47.00000  6.00%  29.7 1941s
 2026174 52803   49.00000   56   41   50.00000   47.00000  6.00%  29.8 1948s
 2028878 54498   47.00000   54   38   50.00000   47.00000  6.00%  29.8 1965s
 2048409 54168   49.00000   56   28   50.00000   47.00000  6.00%  29.7 1973s
 2053802 53871   47.00000   46   27   50.00000   47.00000  6.00%  29.7 1977s
 2056465 53797 infeasible   48        50.00000   47.00000  6.00%  29.7 1981s
 2061789 55403   49.00000   52   25   50.00000   47.00000  6.00%  29.8 2001s
 2079807 55220 infeasible   66        50.00000   47.00000  6.00%  29.6 2005s
 2084005 54941 infeasible   53        50.00000   47.00000  6.00%  29.6 2011s
 2086544 54897 infeasible   56        50.00000   47.00000  6.00%  29.7 2015s
 2091844 54786   47.00000   54   40   50.00000   47.00000  6.00%  29.7 2022s
 2094378 56191   47.00000   52   24   50.00000   47.00000  6.00%  29.8 2040s
 2114033 56003   47.00000   51   32   50.00000   47.00000  6.00%  29.6 2045s
 2119207 55781   47.00000   48   43   50.00000   47.00000  6.00%  29.6 2053s
 2121855 55695   47.00000   59   49   50.00000   47.00000  6.00%  29.7 2056s
 2124608 55941   47.00000   49   33   50.00000   47.00000  6.00%  29.7 2067s
 2134375 56008 infeasible   61        50.00000   47.00000  6.00%  29.7 2071s
 2135815 55928 infeasible   54        50.00000   47.00000  6.00%  29.7 2075s
 2138609 57410   47.00000   50   52   50.00000   47.00000  6.00%  29.7 2092s
 2156527 57203 infeasible   62        50.00000   47.00000  6.00%  29.5 2096s
 2158076 57043 infeasible   56        50.00000   47.00000  6.00%  29.6 2101s
 2163382 56729     cutoff   51        50.00000   47.00000  6.00%  29.6 2106s
 2168441 58111   47.00000   58   36   50.00000   47.00000  6.00%  29.7 2125s
 2187663 57573 infeasible   52        50.00000   47.00000  6.00%  29.5 2131s
 2193110 57381 infeasible   59        50.00000   47.00000  6.00%  29.6 2138s
 2195563 57219   49.00000   42   36   50.00000   47.00000  6.00%  29.6 2140s
 2197816 58204   48.00000   53   42   50.00000   47.00000  6.00%  29.6 2154s
 2214318 57829 infeasible   66        50.00000   47.00000  6.00%  29.5 2158s
 2215776 57414 infeasible   47        50.00000   47.00000  6.00%  29.5 2160s
 2221358 54930   47.00000   66   20   50.00000   47.00000  6.00%  29.5 2165s
 2225981 52156 infeasible   55        50.00000   48.00000  4.00%  29.5 2170s
 2231950 49225 infeasible   50        50.00000   48.00000  4.00%  29.5 2177s
 2238465 47103 infeasible   57        50.00000   48.00000  4.00%  29.5 2184s
 2241817 45381     cutoff   58        50.00000   48.00000  4.00%  29.5 2188s
 2245580 43850 infeasible   53        50.00000   48.00000  4.00%  29.6 2194s
 2249467 42270   48.00000   52   28   50.00000   48.00000  4.00%  29.6 2200s
 2253447 41358   48.00000   55   20   50.00000   48.00000  4.00%  29.6 2207s
 2256941 40478   48.00000   52   28   50.00000   48.00000  4.00%  29.6 2213s
 2260463 39833   48.00000   48   28   50.00000   48.00000  4.00%  29.6 2219s
 2263834 39134 infeasible   60        50.00000   48.00000  4.00%  29.7 2223s
 2267405 38445   48.00000   47   27   50.00000   48.00000  4.00%  29.7 2229s
 2271329 37614   48.00000   55   32   50.00000   48.00000  4.00%  29.7 2233s
 2275179 37185   48.00000   60    9   50.00000   48.00000  4.00%  29.7 2239s
 2279048 36683     cutoff   51        50.00000   48.00000  4.00%  29.8 2247s
 2283070 35966   48.00000   50   28   50.00000   48.00000  4.00%  29.8 2254s
 2287050 36713 infeasible   56        50.00000   48.00000  4.00%  29.8 2270s
 2305068 36313 infeasible   73        50.00000   48.00000  4.00%  29.7 2275s
 2307532 35823   48.00000   63   28   50.00000   48.00000  4.00%  29.7 2282s
 2311554 35073 infeasible   50        50.00000   48.00000  4.00%  29.7 2288s
 2315738 34388     cutoff   57        50.00000   48.00000  4.00%  29.8 2294s
 2319831 33822 infeasible   57        50.00000   48.00000  4.00%  29.8 2298s
 2323989 34403 infeasible   56        50.00000   48.00000  4.00%  29.8 2315s
 2342007 34052 infeasible   57        50.00000   48.00000  4.00%  29.7 2320s
 2344584 33563 infeasible   48        50.00000   48.00000  4.00%  29.7 2327s
 2348433 33085   48.00000   56   31   50.00000   48.00000  4.00%  29.7 2331s
 2352418 32814 infeasible   63        50.00000   48.00000  4.00%  29.7 2343s
 2361766 32519 infeasible   57        50.00000   48.00000  4.00%  29.7 2348s
 2364640 32355 infeasible   54        50.00000   48.00000  4.00%  29.7 2352s
 2367466 33307 infeasible   52        50.00000   48.00000  4.00%  29.7 2370s
 2385484 32769 infeasible   82        50.00000   48.00000  4.00%  29.6 2375s
 2387797 31996 infeasible   64        50.00000   48.00000  4.00%  29.6 2382s
 2392077 31326   49.00000   48   28   50.00000   48.00000  4.00%  29.6 2389s
 2396246 30653 infeasible   56        50.00000   48.00000  4.00%  29.7 2394s
 2400155 29661   49.00000   51   31   50.00000   48.00000  4.00%  29.7 2398s
 2403085 27156   49.00000   45   36   50.00000   48.00000  4.00%  29.7 2400s
 2410188 21653 infeasible   62        50.00000   49.00000  2.00%  29.7 2407s
 2415130 19565 infeasible   52        50.00000   49.00000  2.00%  29.7 2414s
 2419943 17949 infeasible   53        50.00000   49.00000  2.00%  29.7 2421s
 2424690 17369   49.00000   47   45   50.00000   49.00000  2.00%  29.7 2427s
 2428907 16973 infeasible   55        50.00000   49.00000  2.00%  29.7 2433s
 2433272 16636 infeasible   62        50.00000   49.00000  2.00%  29.8 2442s
 2438355 16172 infeasible   44        50.00000   49.00000  2.00%  29.8 2449s
 2441955 15908   49.00000   42   46   50.00000   49.00000  2.00%  29.8 2458s
 2447135 16507   49.00000   47   39   50.00000   49.00000  2.00%  29.8 2473s
 2465153 16433   49.00000   66   47   50.00000   49.00000  2.00%  29.7 2476s
 2468490 16286 infeasible   46        50.00000   49.00000  2.00%  29.7 2482s
 2470630 16165   49.00000   47   30   50.00000   49.00000  2.00%  29.7 2486s
 2475945 16729   49.00000   43   34   50.00000   49.00000  2.00%  29.8 2505s
 2495446 16596   49.00000   54   28   50.00000   49.00000  2.00%  29.6 2511s
 2498956 16465   49.00000   45   24   50.00000   49.00000  2.00%  29.6 2518s
 2501072 16541 infeasible   48        50.00000   49.00000  2.00%  29.7 2522s
 2506946 16702   49.00000   56   52   50.00000   49.00000  2.00%  29.7 2531s
 2514522 16647 infeasible   43        50.00000   49.00000  2.00%  29.7 2535s
 2519597 17147   49.00000   67   30   50.00000   49.00000  2.00%  29.7 2557s
 2537372 17148 infeasible   42        50.00000   49.00000  2.00%  29.6 2561s
 2542020 17034   49.00000   43   25   50.00000   49.00000  2.00%  29.6 2572s
 2547254 17057 infeasible   48        50.00000   49.00000  2.00%  29.6 2582s
 2552899 17769   49.00000   51   40   50.00000   49.00000  2.00%  29.7 2599s
 2570917 17740 infeasible   58        50.00000   49.00000  2.00%  29.5 2604s
 2574033 17718   49.00000   49   27   50.00000   49.00000  2.00%  29.6 2614s
 2579612 18590   49.00000   51   34   50.00000   49.00000  2.00%  29.6 2632s
 2597630 18272 infeasible   68        50.00000   49.00000  2.00%  29.4 2637s
 2600834 18161 infeasible   42        50.00000   49.00000  2.00%  29.5 2646s
 2606076 18055   49.00000   42   48   50.00000   49.00000  2.00%  29.5 2656s
 2611544 18773   49.00000   52   38   50.00000   49.00000  2.00%  29.5 2673s
 2629562 18525 infeasible   57        50.00000   49.00000  2.00%  29.4 2678s
 2632720 18409 infeasible   49        50.00000   49.00000  2.00%  29.4 2688s
 2637912 18213   49.00000   54   38   50.00000   49.00000  2.00%  29.5 2698s
 2643142 19003   49.00000   48   39   50.00000   49.00000  2.00%  29.5 2714s
 2661160 18696   49.00000   44   34   50.00000   49.00000  2.00%  29.4 2719s
 2664210 18549 infeasible   56        50.00000   49.00000  2.00%  29.4 2727s
 2669455 18358 infeasible   47        50.00000   49.00000  2.00%  29.4 2735s
 2675083 19153   49.00000   46   51   50.00000   49.00000  2.00%  29.5 2753s
 2693101 18979 infeasible   65        50.00000   49.00000  2.00%  29.3 2760s
 2696291 18830   49.00000   50   41   50.00000   49.00000  2.00%  29.3 2767s
 2701462 19187   49.00000   48   39   50.00000   49.00000  2.00%  29.4 2786s
 2719346 19060 infeasible   54        50.00000   49.00000  2.00%  29.3 2791s
 2722363 18869 infeasible   44        50.00000   49.00000  2.00%  29.3 2800s
 2728017 18744 infeasible   52        50.00000   49.00000  2.00%  29.3 2811s
 2733102 19436   49.00000   60   32   50.00000   49.00000  2.00%  29.4 2829s
 2751120 19258 infeasible   61        50.00000   49.00000  2.00%  29.2 2833s
 2754109 19019 infeasible   44        50.00000   49.00000  2.00%  29.3 2844s
 2759403 18725 infeasible   61        50.00000   49.00000  2.00%  29.3 2856s
 2764695 19278   49.00000   44   40   50.00000   49.00000  2.00%  29.3 2872s
 2782713 19101 infeasible   65        50.00000   49.00000  2.00%  29.2 2877s
 2785670 18846 infeasible   53        50.00000   49.00000  2.00%  29.2 2884s
 2791306 19321 infeasible   51        50.00000   49.00000  2.00%  29.3 2901s
 2809324 19026 infeasible   47        50.00000   49.00000  2.00%  29.1 2906s
 2812483 18751 infeasible   52        50.00000   49.00000  2.00%  29.2 2914s
 2817341 18583 infeasible   63        50.00000   49.00000  2.00%  29.2 2924s
 2822652 19211   49.00000   54   39   50.00000   49.00000  2.00%  29.2 2940s
 2843931 18859 infeasible   58        50.00000   49.00000  2.00%  29.1 2953s
 2848877 18618 infeasible   57        50.00000   49.00000  2.00%  29.1 2963s
 2854197 19176   49.00000   59   37   50.00000   49.00000  2.00%  29.2 2979s
 2869212 19176   49.00000   47   51   50.00000   49.00000  2.00%  29.1 2980s
 2873835 18973 infeasible   55        50.00000   49.00000  2.00%  29.1 2986s
 2875614 18875 infeasible   47        50.00000   49.00000  2.00%  29.1 2990s
 2880444 18765   49.00000   52   19   50.00000   49.00000  2.00%  29.1 2998s
 2883447 18923   49.00000   45   32   50.00000   49.00000  2.00%  29.1 3013s
 2895129 18810 infeasible   57        50.00000   49.00000  2.00%  29.1 3018s
 2898114 18732 infeasible   50        50.00000   49.00000  2.00%  29.1 3023s
 2901560 19344   49.00000   52   43   50.00000   49.00000  2.00%  29.1 3039s
 2919578 19145 infeasible   59        50.00000   49.00000  2.00%  29.0 3043s
 2922617 19010 infeasible   49        50.00000   49.00000  2.00%  29.0 3054s
 2928052 18736 infeasible   47        50.00000   49.00000  2.00%  29.1 3063s
 2933719 19229   49.00000   49   44   50.00000   49.00000  2.00%  29.1 3080s
 2951737 18976 infeasible   68        50.00000   49.00000  2.00%  29.0 3087s
 2954952 18757 infeasible   49        50.00000   49.00000  2.00%  29.0 3094s
 2959976 18412 infeasible   59        50.00000   49.00000  2.00%  29.0 3104s
 2965248 18952   49.00000   45   64   50.00000   49.00000  2.00%  29.0 3122s
 2983266 18799 infeasible   53        50.00000   49.00000  2.00%  28.9 3127s
 2986425 18539 infeasible   57        50.00000   49.00000  2.00%  28.9 3135s
 2991429 18604   49.00000   49   32   50.00000   49.00000  2.00%  29.0 3154s
 3008657 18449 infeasible   51        50.00000   49.00000  2.00%  28.9 3161s
 3011652 18193 infeasible   48        50.00000   49.00000  2.00%  28.9 3171s
 3016914 18892   49.00000   55   27   50.00000   49.00000  2.00%  28.9 3187s
 3034932 18802 infeasible   45        50.00000   49.00000  2.00%  28.8 3190s
 3038301 18539 infeasible   62        50.00000   49.00000  2.00%  28.8 3196s
 3042582 18231 infeasible   47        50.00000   49.00000  2.00%  28.9 3201s
 3045334 18437   49.00000   46   33   50.00000   49.00000  2.00%  28.9 3214s
 3056695 18255 infeasible   67        50.00000   49.00000  2.00%  28.8 3219s
 3059675 17904 infeasible   55        50.00000   49.00000  2.00%  28.9 3227s
 3065038 18344   49.00000   47   44   50.00000   49.00000  2.00%  28.9 3245s
 3085944 17746 infeasible   49        50.00000   49.00000  2.00%  28.8 3255s
 3091500 17721   49.00000   48   39   50.00000   49.00000  2.00%  28.8 3268s
 3098343 18227   49.00000   41   43   50.00000   49.00000  2.00%  28.8 3286s
 3119343 17683 infeasible   48        50.00000   49.00000  2.00%  28.7 3298s
 3124597 17528 infeasible   46        50.00000   49.00000  2.00%  28.8 3305s
 3129959 18444   49.00000   50   21   50.00000   49.00000  2.00%  28.8 3322s
 3147977 18151 infeasible   56        50.00000   49.00000  2.00%  28.7 3328s
 3151158 17815   49.00000   52   37   50.00000   49.00000  2.00%  28.7 3337s
 3156175 17749   49.00000   58   45   50.00000   49.00000  2.00%  28.7 3354s
 3168208 17600 infeasible   50        50.00000   49.00000  2.00%  28.7 3358s
 3171354 17433   49.00000   46   30   50.00000   49.00000  2.00%  28.7 3363s
 3175001 18072   49.00000   53   39   50.00000   49.00000  2.00%  28.7 3380s
 3193019 17769 infeasible   58        50.00000   49.00000  2.00%  28.6 3385s
 3195968 17283   49.00000   60   38   50.00000   49.00000  2.00%  28.6 3391s
 3201271 17158 infeasible   55        50.00000   49.00000  2.00%  28.7 3400s
 3206525 17822   49.00000   52   53   50.00000   49.00000  2.00%  28.7 3419s
 3224543 17635   49.00000   47   25   50.00000   49.00000  2.00%  28.6 3422s
 3227654 17415 infeasible   52        50.00000   49.00000  2.00%  28.6 3430s
 3232769 17233     cutoff   51        50.00000   49.00000  2.00%  28.6 3438s
 3237924 18144   49.00000   53   39   50.00000   49.00000  2.00%  28.7 3456s
 3255942 17759 infeasible   59        50.00000   49.00000  2.00%  28.6 3461s
 3258864 17595   49.00000   52   46   50.00000   49.00000  2.00%  28.6 3467s
 3264094 17488   49.00000   46   56   50.00000   49.00000  2.00%  28.6 3484s
 3277123 17336 infeasible   53        50.00000   49.00000  2.00%  28.6 3490s
 3283578 17735   49.00000   45   42   50.00000   49.00000  2.00%  28.6 3510s
 3301596 17472 infeasible   55        50.00000   49.00000  2.00%  28.5 3515s
 3304606 17027 infeasible   46        50.00000   49.00000  2.00%  28.5 3524s
 3309663 16758   49.00000   40   50   50.00000   49.00000  2.00%  28.5 3531s
 3314770 17463   49.00000   54   26   50.00000   49.00000  2.00%  28.6 3547s
 3332788 17143 infeasible   62        50.00000   49.00000  2.00%  28.5 3552s
 3335733 16852   49.00000   40   32   50.00000   49.00000  2.00%  28.5 3561s
 3340788 16542   49.00000   57   32   50.00000   49.00000  2.00%  28.5 3568s
 3346720 17283   49.00000   54   36   50.00000   49.00000  2.00%  28.5 3586s
 3364738 17090 infeasible   64        50.00000   49.00000  2.00%  28.4 3592s
 3367725 16669 infeasible   56        50.00000   49.00000  2.00%  28.5 3599s
 3372977 16397   49.00000   51   34   50.00000   49.00000  2.00%  28.5 3605s
 3378109 16854   49.00000   49   30   50.00000   49.00000  2.00%  28.5 3623s
 3396127 16724 infeasible   59        50.00000   49.00000  2.00%  28.4 3628s
 3399040 16467 infeasible   55        50.00000   49.00000  2.00%  28.4 3633s
 3404203 17020   49.00000   56   53   50.00000   49.00000  2.00%  28.4 3651s
 3422221 16820 infeasible   62        50.00000   49.00000  2.00%  28.3 3657s
 3425247 16506   49.00000   53   36   50.00000   49.00000  2.00%  28.4 3663s
 3430173 16095   49.00000   52   42   50.00000   49.00000  2.00%  28.4 3671s
 3437163 15912   49.00000   57   42   50.00000   49.00000  2.00%  28.4 3680s
 3442465 16628   49.00000   46   45   50.00000   49.00000  2.00%  28.4 3697s
 3460483 16328 infeasible   65        50.00000   49.00000  2.00%  28.3 3703s
 3463405 16007   49.00000   48   51   50.00000   49.00000  2.00%  28.3 3713s
 3468407 15790   49.00000   51   30   50.00000   49.00000  2.00%  28.4 3721s
 3473450 16376   49.00000   60   29   50.00000   49.00000  2.00%  28.4 3737s
 3493131 16070   49.00000   48   36   50.00000   49.00000  2.00%  28.3 3742s
 3494976 15926 infeasible   52        50.00000   49.00000  2.00%  28.3 3746s
 3497262 15869   49.00000   48   54   50.00000   49.00000  2.00%  28.3 3750s
 3499930 16512   49.00000   47   39   50.00000   49.00000  2.00%  28.3 3767s
 3517948 16162 infeasible   58        50.00000   49.00000  2.00%  28.2 3771s
 3520931 15879 infeasible   48        50.00000   49.00000  2.00%  28.3 3779s
 3526028 15636 infeasible   40        50.00000   49.00000  2.00%  28.3 3787s
 3531263 16111   49.00000   53   11   50.00000   49.00000  2.00%  28.3 3804s
 3549281 15911 infeasible   62        50.00000   49.00000  2.00%  28.2 3809s
 3552191 15603 infeasible   48        50.00000   49.00000  2.00%  28.2 3818s
 3557280 15622   49.00000   47   40   50.00000   49.00000  2.00%  28.2 3834s
 3571691 15504 infeasible   55        50.00000   49.00000  2.00%  28.2 3838s
 3574500 15239   49.00000   56   26   50.00000   49.00000  2.00%  28.2 3842s
 3577778 15157   49.00000   53   24   50.00000   49.00000  2.00%  28.2 3855s
 3587067 14995 infeasible   49        50.00000   49.00000  2.00%  28.2 3860s
 3592949 15185   49.00000   46   51   50.00000   49.00000  2.00%  28.2 3881s
 3610967 14913 infeasible   72        50.00000   49.00000  2.00%  28.2 3885s
 3613863 14450 infeasible   63        50.00000   49.00000  2.00%  28.2 3893s
 3619038 14036 infeasible   48        50.00000   49.00000  2.00%  28.2 3899s
 3624041 14505   49.00000   49   43   50.00000   49.00000  2.00%  28.2 3916s
 3642059 14204 infeasible   58        50.00000   49.00000  2.00%  28.1 3921s
 3644932 13840     cutoff   46        50.00000   49.00000  2.00%  28.1 3930s
 3650196 13417 infeasible   49        50.00000   49.00000  2.00%  28.2 3936s
 3655421 13849   49.00000   58   38   50.00000   49.00000  2.00%  28.2 3954s
 3670436 13849   49.00000   54   50   50.00000   49.00000  2.00%  28.1 3955s
 3676352 13403 infeasible   54        50.00000   49.00000  2.00%  28.1 3963s
 3681243 13124 infeasible   52        50.00000   49.00000  2.00%  28.1 3969s
 3686615 13690 infeasible   57        50.00000   49.00000  2.00%  28.2 3988s
 3704633 13503 infeasible   56        50.00000   49.00000  2.00%  28.1 3992s
 3707630 13222   49.00000   60   46   50.00000   49.00000  2.00%  28.1 4001s
 3712821 13812   49.00000   54   37   50.00000   49.00000  2.00%  28.1 4019s
 3730839 13591 infeasible   66        50.00000   49.00000  2.00%  28.0 4022s
 3733682 13360 infeasible   51        50.00000   49.00000  2.00%  28.0 4031s
 3738743 13111   49.00000   43   43   50.00000   49.00000  2.00%  28.0 4037s
 3743685 13642   49.00000   52   38   50.00000   49.00000  2.00%  28.1 4055s
 3761703 13370 infeasible   55        50.00000   49.00000  2.00%  28.0 4060s
 3764525 13089   49.00000   52   38   50.00000   49.00000  2.00%  28.0 4069s
 3769493 13346   49.00000   41   43   50.00000   49.00000  2.00%  28.0 4087s
 3789286 13121 infeasible   53        50.00000   49.00000  2.00%  27.9 4091s
 3791386 13040   49.00000   53   34   50.00000   49.00000  2.00%  28.0 4095s
 3796536 12810 infeasible   55        50.00000   49.00000  2.00%  28.0 4103s
 3799580 13317   49.00000   54   19   50.00000   49.00000  2.00%  28.0 4121s
 3820474 12832   49.00000   55   34   50.00000   49.00000  2.00%  27.9 4133s
 3825391 12645   49.00000   51   12   50.00000   49.00000  2.00%  27.9 4144s
 3833053 12535 infeasible   51        50.00000   49.00000  2.00%  28.0 4151s
 3837245 13103   49.00000   52   26   50.00000   49.00000  2.00%  28.0 4167s
 3855263 12918 infeasible   61        50.00000   49.00000  2.00%  27.9 4172s
 3858109 12700   49.00000   44   27   50.00000   49.00000  2.00%  27.9 4182s
 3862953 12612   49.00000   48   30   50.00000   49.00000  2.00%  27.9 4192s
 3870787 12542   49.00000   51   38   50.00000   49.00000  2.00%  27.9 4202s
 3876391 13128   49.00000   56   41   50.00000   49.00000  2.00%  27.9 4220s
 3897324 12819 infeasible   49        50.00000   49.00000  2.00%  27.9 4231s
 3902459 12635 infeasible   63        50.00000   49.00000  2.00%  27.9 4240s
 3907515 13248   49.00000   58   32   50.00000   49.00000  2.00%  27.9 4257s
 3925533 13073 infeasible   58        50.00000   49.00000  2.00%  27.8 4260s
 3928420 12908 infeasible   63        50.00000   49.00000  2.00%  27.8 4267s
 3933355 13558   49.00000   56   25   50.00000   49.00000  2.00%  27.9 4285s
 3954370 13123   49.00000   46   53   50.00000   49.00000  2.00%  27.8 4293s
 3958933 12889 infeasible   40        50.00000   49.00000  2.00%  27.8 4301s
 3963809 13401   49.00000   47   48   50.00000   49.00000  2.00%  27.8 4319s
 3981827 13189   49.00000   50   38   50.00000   49.00000  2.00%  27.7 4322s
 3984623 13003     cutoff   47        50.00000   49.00000  2.00%  27.8 4329s
 3989857 12807 infeasible   63        50.00000   49.00000  2.00%  27.8 4339s
 3997014 13424   49.00000   46   37   50.00000   49.00000  2.00%  27.8 4357s
 4014958 13200 infeasible   60        50.00000   49.00000  2.00%  27.7 4360s
 4017780 12943 infeasible   55        50.00000   49.00000  2.00%  27.7 4365s
 4022734 12812   49.00000   48   35   50.00000   49.00000  2.00%  27.7 4372s
 4027743 13257   49.00000   48   34   50.00000   49.00000  2.00%  27.8 4390s
 4048546 12690 infeasible   49        50.00000   49.00000  2.00%  27.7 4398s
 4053217 12617   49.00000   42   47   50.00000   49.00000  2.00%  27.7 4418s
 4066840 12492 infeasible   54        50.00000   49.00000  2.00%  27.7 4423s
 4069716 12363 infeasible   48        50.00000   49.00000  2.00%  27.7 4428s
 4072975 12926   49.00000   47   23   50.00000   49.00000  2.00%  27.7 4443s
 4090993 12732 infeasible   60        50.00000   49.00000  2.00%  27.6 4449s
 4093713 12423 infeasible   46        50.00000   49.00000  2.00%  27.7 4458s
 4098674 12328   49.00000   48   25   50.00000   49.00000  2.00%  27.7 4478s
 4116276 12162 infeasible   57        50.00000   49.00000  2.00%  27.6 4481s
 4118578 11911 infeasible   45        50.00000   49.00000  2.00%  27.6 4485s
 4121170 11766   49.00000   48   28   50.00000   49.00000  2.00%  27.6 4491s
 4124225 11905   49.00000   56   30   50.00000   49.00000  2.00%  27.7 4502s
 4135937 11850   49.00000   44   54   50.00000   49.00000  2.00%  27.6 4505s
 4140592 11584 infeasible   56        50.00000   49.00000  2.00%  27.6 4517s
 4145514 12218   49.00000   52   46   50.00000   49.00000  2.00%  27.7 4534s
 4163532 12102 infeasible   52        50.00000   49.00000  2.00%  27.6 4539s
 4166197 11912   49.00000   53   41   50.00000   49.00000  2.00%  27.6 4549s
 4171281 12584   49.00000   48   40   50.00000   49.00000  2.00%  27.6 4565s
 4192254 12350 infeasible   55        50.00000   49.00000  2.00%  27.6 4575s
 4197085 12134     cutoff   53        50.00000   49.00000  2.00%  27.6 4583s
 4202073 12888   49.00000   43   30   50.00000   49.00000  2.00%  27.6 4601s
 4220091 12638 infeasible   61        50.00000   49.00000  2.00%  27.5 4605s
 4222818 12253 infeasible   52        50.00000   49.00000  2.00%  27.5 4613s
 4227959 12156   49.00000   60   20   50.00000   49.00000  2.00%  27.6 4622s
 4232785 12900   49.00000   59   45   50.00000   49.00000  2.00%  27.6 4639s
 4250803 12625 infeasible   57        50.00000   49.00000  2.00%  27.5 4643s
 4253587 12496 infeasible   52        50.00000   49.00000  2.00%  27.5 4650s
 4258244 13028   49.00000   49   30   50.00000   49.00000  2.00%  27.5 4666s
 4276262 12846 infeasible   67        50.00000   49.00000  2.00%  27.5 4671s
 4279112 12616   49.00000   52   66   50.00000   49.00000  2.00%  27.5 4679s
 4283655 12518   49.00000   40   35   50.00000   49.00000  2.00%  27.5 4686s
 4288468 13276   49.00000   53   39   50.00000   49.00000  2.00%  27.5 4702s
 4306486 13132 infeasible   61        50.00000   49.00000  2.00%  27.4 4706s
 4309272 13124 infeasible   58        50.00000   49.00000  2.00%  27.4 4714s
 4314146 13750   49.00000   58   23   50.00000   49.00000  2.00%  27.5 4732s
 4333628 13575 infeasible   58        50.00000   49.00000  2.00%  27.4 4736s
 4337233 13530 infeasible   50        50.00000   49.00000  2.00%  27.4 4741s
 4342357 14114   49.00000   52   35   50.00000   49.00000  2.00%  27.4 4761s
 4360375 13943 infeasible   65        50.00000   49.00000  2.00%  27.3 4765s
 4363088 13811 infeasible   53        50.00000   49.00000  2.00%  27.4 4772s
 4367938 13715 infeasible   53        50.00000   49.00000  2.00%  27.4 4780s
 4372994 14482   49.00000   62   45   50.00000   49.00000  2.00%  27.4 4797s
 4391012 14218 infeasible   63        50.00000   49.00000  2.00%  27.3 4800s
 4398856 14787   49.00000   58   41   50.00000   49.00000  2.00%  27.4 4823s
 4416874 14620 infeasible   61        50.00000   49.00000  2.00%  27.3 4827s
 4419525 14448 infeasible   53        50.00000   49.00000  2.00%  27.3 4833s
 4424415 14997   49.00000   50   43   50.00000   49.00000  2.00%  27.3 4851s
 4442433 14804 infeasible   68        50.00000   49.00000  2.00%  27.2 4855s
 4445262 14499 infeasible   57        50.00000   49.00000  2.00%  27.2 4862s
 4449962 14244 infeasible   49        50.00000   49.00000  2.00%  27.3 4868s
 4454823 14790   49.00000   51   40   50.00000   49.00000  2.00%  27.3 4886s
 4472841 14552 infeasible   74        50.00000   49.00000  2.00%  27.2 4890s
 4475394 14356   49.00000   45   38   50.00000   49.00000  2.00%  27.2 4897s
 4480631 15059   49.00000   52   20   50.00000   49.00000  2.00%  27.2 4916s
 4501358 14554 infeasible   61        50.00000   49.00000  2.00%  27.2 4923s
 4506023 14300 infeasible   52        50.00000   49.00000  2.00%  27.2 4930s
 4511339 15285   49.00000   53   36   50.00000   49.00000  2.00%  27.2 4948s
 4529357 14988   49.00000   48   32   50.00000   49.00000  2.00%  27.2 4953s
 4531839 14695   49.00000   51   29   50.00000   49.00000  2.00%  27.2 4962s
 4536893 14582   49.00000   49   46   50.00000   49.00000  2.00%  27.2 4974s
 4545959 14385   49.00000   46   42   50.00000   49.00000  2.00%  27.2 4981s
 4549583 14844   49.00000   44   46   50.00000   49.00000  2.00%  27.2 4998s
 4567601 14577 infeasible   56        50.00000   49.00000  2.00%  27.1 5001s
 4570235 14233 infeasible   50        50.00000   49.00000  2.00%  27.1 5006s
 4575122 14708   49.00000   48   32   50.00000   49.00000  2.00%  27.2 5024s
 4593140 14470 infeasible   59        50.00000   49.00000  2.00%  27.1 5027s
 4595700 14206   49.00000   53   32   50.00000   49.00000  2.00%  27.1 5032s
 4600644 13828   49.00000   45   52   50.00000   49.00000  2.00%  27.1 5039s
 4605460 14307   49.00000   47   53   50.00000   49.00000  2.00%  27.1 5057s
 4623478 14070 infeasible   62        50.00000   49.00000  2.00%  27.1 5061s
 4626101 13755 infeasible   49        50.00000   49.00000  2.00%  27.1 5067s
 4631065 14408   49.00000   56   42   50.00000   49.00000  2.00%  27.1 5085s
 4650506 14129 infeasible   52        50.00000   49.00000  2.00%  27.0 5091s
 4653976 13782   49.00000   56   39   50.00000   49.00000  2.00%  27.1 5095s
 4658525 13811   49.00000   56   39   50.00000   49.00000  2.00%  27.1 5112s
 4674620 13564 infeasible   62        50.00000   49.00000  2.00%  27.0 5117s
 4677195 13161 infeasible   53        50.00000   49.00000  2.00%  27.0 5125s
 4682235 12977 infeasible   59        50.00000   49.00000  2.00%  27.0 5132s
 4686988 13451   49.00000   56   30   50.00000   49.00000  2.00%  27.1 5149s
 4705006 13249 infeasible   62        50.00000   49.00000  2.00%  27.0 5154s
 4707712 13030   49.00000   41   52   50.00000   49.00000  2.00%  27.0 5162s
 4712389 13487   49.00000   47   28   50.00000   49.00000  2.00%  27.0 5178s
 4730407 13189 infeasible   60        50.00000   49.00000  2.00%  26.9 5182s
 4733041 12828 infeasible   51        50.00000   49.00000  2.00%  27.0 5188s
 4737823 12681   49.00000   53   38   50.00000   49.00000  2.00%  27.0 5208s
 4754364 12470   49.00000   46   40   50.00000   49.00000  2.00%  26.9 5213s
 4756647 12344 infeasible   60        50.00000   49.00000  2.00%  27.0 5217s
 4759166 12229 infeasible   56        50.00000   49.00000  2.00%  27.0 5221s
 4762037 12668   49.00000   56   47   50.00000   49.00000  2.00%  27.0 5236s
 4781397 12386 infeasible   54        50.00000   49.00000  2.00%  26.9 5240s
 4786350 12035 infeasible   55        50.00000   49.00000  2.00%  26.9 5246s
 4791323 12490   49.00000   47   47   50.00000   49.00000  2.00%  26.9 5265s
 4810689 12252 infeasible   52        50.00000   49.00000  2.00%  26.9 5270s
 4813844 11978 infeasible   64        50.00000   49.00000  2.00%  26.9 5275s
 4818137 11691 infeasible   54        50.00000   49.00000  2.00%  26.9 5282s
 4820660 12256   49.00000   57   30   50.00000   49.00000  2.00%  26.9 5299s
 4838648 12121 infeasible   67        50.00000   49.00000  2.00%  26.9 5301s
 4841468 11918   49.00000   56   38   50.00000   49.00000  2.00%  26.9 5306s
 4845192 11583   49.00000   47   47   50.00000   49.00000  2.00%  26.9 5312s
 4847614 11522 infeasible   48        50.00000   49.00000  2.00%  26.9 5317s
 4851010 12177   49.00000   55   34   50.00000   49.00000  2.00%  26.9 5333s
 4869351 11945   49.00000   52   52   50.00000   49.00000  2.00%  26.8 5335s
 4872306 11640   49.00000   53   40   50.00000   49.00000  2.00%  26.9 5340s
 4877022 11384 infeasible   55        50.00000   49.00000  2.00%  26.9 5345s
 4879009 11890   49.00000   52   44   50.00000   49.00000  2.00%  26.9 5363s
 4896338 11707 infeasible   65        50.00000   49.00000  2.00%  26.8 5365s
 4898952 11523   49.00000   53   60   50.00000   49.00000  2.00%  26.8 5371s
 4903679 11246 infeasible   54        50.00000   49.00000  2.00%  26.8 5379s
 4908479 11887 infeasible   56        50.00000   49.00000  2.00%  26.9 5397s
 4926497 11742 infeasible   60        50.00000   49.00000  2.00%  26.8 5400s
 4929077 11528   49.00000   58   28   50.00000   49.00000  2.00%  26.8 5405s
 4933864 12058   49.00000   46   59   50.00000   49.00000  2.00%  26.8 5423s
 4951882 11836 infeasible   54        50.00000   49.00000  2.00%  26.8 5427s
 4954445 11515 infeasible   63        50.00000   49.00000  2.00%  26.8 5432s
 4959091 11232 infeasible   48        50.00000   49.00000  2.00%  26.8 5436s
 4963903 12020   49.00000   49   42   50.00000   49.00000  2.00%  26.8 5455s
 4984431 11357 infeasible   51        50.00000   49.00000  2.00%  26.8 5463s
 4989191 11174   49.00000   60   46   50.00000   49.00000  2.00%  26.8 5472s
 4997138 10897 infeasible   48        50.00000   49.00000  2.00%  26.8 5479s
 5000920 11549   49.00000   54   43   50.00000   49.00000  2.00%  26.8 5496s
 5018938 11310 infeasible   58        50.00000   49.00000  2.00%  26.7 5500s
 5021461 10957 infeasible   51        50.00000   49.00000  2.00%  26.7 5509s
 5026169 10708   49.00000   56   31   50.00000   49.00000  2.00%  26.8 5522s
 5033489 10476 infeasible   46        50.00000   49.00000  2.00%  26.8 5528s
 5037510 11177   49.00000   53   44   50.00000   49.00000  2.00%  26.8 5545s
 5058126 10465   49.00000   44   49   50.00000   49.00000  2.00%  26.7 5553s
 5062703 10314   49.00000   52   46   50.00000   49.00000  2.00%  26.7 5559s
 5067293 10843   49.00000   62   28   50.00000   49.00000  2.00%  26.8 5575s
 5085311 10611 infeasible   60        50.00000   49.00000  2.00%  26.7 5580s
 5087831 10262   49.00000   50   46   50.00000   49.00000  2.00%  26.7 5586s
 5092482 10060   49.00000   41   47   50.00000   49.00000  2.00%  26.7 5597s
 5101327  9745 infeasible   50        50.00000   49.00000  2.00%  26.7 5601s
 5104822 10237   49.00000   44   54   50.00000   49.00000  2.00%  26.7 5619s
 5122840  9959 infeasible   58        50.00000   49.00000  2.00%  26.7 5623s
 5125458  9643 infeasible   58        50.00000   49.00000  2.00%  26.7 5629s
 5130020  9524 infeasible   64        50.00000   49.00000  2.00%  26.7 5635s
 5134950 10322   49.00000   48   32   50.00000   49.00000  2.00%  26.7 5653s
 5152968 10173 infeasible   66        50.00000   49.00000  2.00%  26.7 5656s
 5155535  9930 infeasible   62        50.00000   49.00000  2.00%  26.7 5662s
 5160145 10494   49.00000   44   35   50.00000   49.00000  2.00%  26.7 5678s
 5178163 10332 infeasible   45        50.00000   49.00000  2.00%  26.6 5682s
 5180671 10192 infeasible   45        50.00000   49.00000  2.00%  26.6 5689s
 5185382 10019   49.00000   53   34   50.00000   49.00000  2.00%  26.7 5698s
 5190505 10726   49.00000   57   59   50.00000   49.00000  2.00%  26.7 5714s
 5192507 10726   49.00000   52   42   50.00000   49.00000  2.00%  26.7 5715s
 5208523 10515     cutoff   51        50.00000   49.00000  2.00%  26.6 5720s
 5211136 10343   49.00000   49   40   50.00000   49.00000  2.00%  26.6 5726s
 5215872 10157 infeasible   58        50.00000   49.00000  2.00%  26.6 5733s
 5220911 10869   49.00000   60   14   50.00000   49.00000  2.00%  26.7 5751s
 5238929 10651 infeasible   62        50.00000   49.00000  2.00%  26.6 5755s
 5241591 10537 infeasible   46        50.00000   49.00000  2.00%  26.6 5762s
 5246253 11182   49.00000   51   45   50.00000   49.00000  2.00%  26.6 5778s
 5264271 10983 infeasible   70        50.00000   49.00000  2.00%  26.6 5782s
 5267277 10801   49.00000   45   62   50.00000   49.00000  2.00%  26.6 5787s
 5269019 10741 infeasible   53        50.00000   49.00000  2.00%  26.6 5790s
 5273561 10735 infeasible   41        50.00000   49.00000  2.00%  26.6 5796s
 5276231 11689   49.00000   41   18   50.00000   49.00000  2.00%  26.6 5814s
 5294249 11463 infeasible   53        50.00000   49.00000  2.00%  26.5 5816s
 5296514 11255 infeasible   53        50.00000   49.00000  2.00%  26.5 5820s
 5300759 11066 infeasible   50        50.00000   49.00000  2.00%  26.5 5826s
 5304807 10906 infeasible   45        50.00000   49.00000  2.00%  26.6 5831s
 5307510 11527 infeasible   59        50.00000   49.00000  2.00%  26.6 5848s
 5325456 11397 infeasible   54        50.00000   49.00000  2.00%  26.5 5854s
 5328321 11169   49.00000   52   29   50.00000   49.00000  2.00%  26.5 5860s
 5337004 11604   49.00000   51   32   50.00000   49.00000  2.00%  26.5 5882s
 5355022 11386 infeasible   51        50.00000   49.00000  2.00%  26.5 5887s
 5357770 11140   49.00000   51   31   50.00000   49.00000  2.00%  26.5 5894s
 5362182 10892 infeasible   51        50.00000   49.00000  2.00%  26.5 5899s
 5366781 11547   49.00000   46   41   50.00000   49.00000  2.00%  26.5 5917s
 5384799 11336 infeasible   67        50.00000   49.00000  2.00%  26.5 5922s
 5387290 11188   49.00000   51   20   50.00000   49.00000  2.00%  26.5 5930s
 5392224 10916 infeasible   50        50.00000   49.00000  2.00%  26.5 5937s
 5397062 11646 infeasible   58        50.00000   49.00000  2.00%  26.5 5954s
 5415080 11391 infeasible   56        50.00000   49.00000  2.00%  26.4 5959s
 5417701 11176 infeasible   62        50.00000   49.00000  2.00%  26.4 5964s
 5422354 10959   49.00000   58   30   50.00000   49.00000  2.00%  26.5 5975s
 5430942 10761 infeasible   45        50.00000   49.00000  2.00%  26.5 5982s
 5434405 11416   49.00000   46   39   50.00000   49.00000  2.00%  26.5 5998s
 5452423 11179 infeasible   65        50.00000   49.00000  2.00%  26.4 6002s
 5455044 10973   49.00000   54   40   50.00000   49.00000  2.00%  26.4 6008s
 5459701 10778 infeasible   52        50.00000   49.00000  2.00%  26.4 6018s
 5464606 11375   49.00000   53   46   50.00000   49.00000  2.00%  26.4 6035s
 5485424 10917   49.00000   47   44   50.00000   49.00000  2.00%  26.4 6046s
 5489745 11236   49.00000   55   44   50.00000   49.00000  2.00%  26.4 6062s
 5507763 11165 infeasible   45        50.00000   49.00000  2.00%  26.3 6065s
 5511270 10901 infeasible   52        50.00000   49.00000  2.00%  26.4 6070s
 5515789 10660 infeasible   63        50.00000   49.00000  2.00%  26.4 6079s
 5518609 11276   49.00000   59   21   50.00000   49.00000  2.00%  26.4 6097s
 5536627 11075 infeasible   54        50.00000   49.00000  2.00%  26.3 6101s
 5539202 10892   49.00000   52   40   50.00000   49.00000  2.00%  26.3 6110s
 5543830 10579 infeasible   47        50.00000   49.00000  2.00%  26.3 6119s
 5548375 11026   49.00000   48   33   50.00000   49.00000  2.00%  26.3 6135s
 5566393 10848   49.00000   50   40   50.00000   49.00000  2.00%  26.3 6140s
 5569071 10561   49.00000   54   37   50.00000   49.00000  2.00%  26.3 6148s
 5573840 10358 infeasible   49        50.00000   49.00000  2.00%  26.3 6157s
 5578491 10906   49.00000   59   32   50.00000   49.00000  2.00%  26.3 6174s
 5596509 10776 infeasible   66        50.00000   49.00000  2.00%  26.3 6178s
 5599070 10512   49.00000   55   36   50.00000   49.00000  2.00%  26.3 6184s
 5603927 10218 infeasible   43        50.00000   49.00000  2.00%  26.3 6193s
 5608467 10741   49.00000   49   32   50.00000   49.00000  2.00%  26.3 6209s
 5625484 10741   49.00000   45   41   50.00000   49.00000  2.00%  26.2 6210s
 5629219 10323 infeasible   49        50.00000   49.00000  2.00%  26.2 6220s
 5633684 10928   49.00000   54   36   50.00000   49.00000  2.00%  26.3 6237s
 5651702 10728 infeasible   69        50.00000   49.00000  2.00%  26.2 6241s
 5654364 10489 infeasible   61        50.00000   49.00000  2.00%  26.2 6246s
 5658971 10280 infeasible   52        50.00000   49.00000  2.00%  26.2 6254s
 5663527 10774   49.00000   52   49   50.00000   49.00000  2.00%  26.2 6270s
 5681545 10610 infeasible   58        50.00000   49.00000  2.00%  26.2 6275s
 5684194 10389   49.00000   50   35   50.00000   49.00000  2.00%  26.2 6283s
 5688851 10289   49.00000   61   39   50.00000   49.00000  2.00%  26.2 6299s
 5702233 10219 infeasible   50        50.00000   49.00000  2.00%  26.2 6302s
 5707610 10340   49.00000   54   22   50.00000   49.00000  2.00%  26.2 6317s
 5720499 10224 infeasible   45        50.00000   49.00000  2.00%  26.1 6320s
 5722975  9988 infeasible   52        50.00000   49.00000  2.00%  26.2 6329s
 5727915 10561   49.00000   54   32   50.00000   49.00000  2.00%  26.2 6345s
 5745933 10415 infeasible   47        50.00000   49.00000  2.00%  26.1 6350s
 5748547 10179 infeasible   48        50.00000   49.00000  2.00%  26.1 6359s
 5753268  9994 infeasible   54        50.00000   49.00000  2.00%  26.1 6364s
 5757921 10513   49.00000   54   48   50.00000   49.00000  2.00%  26.1 6380s
 5778543 10056 infeasible   48        50.00000   49.00000  2.00%  26.1 6393s
 5783188  9769 infeasible   50        50.00000   49.00000  2.00%  26.1 6401s
 5787771 10411   49.00000   43   34   50.00000   49.00000  2.00%  26.1 6419s
 5790774 10411   49.00000   50   36   50.00000   49.00000  2.00%  26.1 6420s
 5808380  9914   49.00000   53   38   50.00000   49.00000  2.00%  26.1 6429s
 5813051 10398 infeasible   55        50.00000   49.00000  2.00%  26.1 6446s
 5831069 10159 infeasible   64        50.00000   49.00000  2.00%  26.0 6451s
 5834040  9865   49.00000   43   54   50.00000   49.00000  2.00%  26.0 6459s
 5838438  9619   49.00000   47   30   50.00000   49.00000  2.00%  26.0 6464s
 5842800 10256   49.00000   47   37   50.00000   49.00000  2.00%  26.0 6481s
 5860818 10019   49.00000   45   39   50.00000   49.00000  2.00%  26.0 6485s
 5863527  9765 infeasible   42        50.00000   49.00000  2.00%  26.0 6492s
 5867723  9485   49.00000   57   38   50.00000   49.00000  2.00%  26.0 6498s
 5872597  9966   49.00000   56   46   50.00000   49.00000  2.00%  26.0 6515s
 5890615  9781 infeasible   50        50.00000   49.00000  2.00%  26.0 6520s
 5893280  9539 infeasible   56        50.00000   49.00000  2.00%  26.0 6527s
 5898004  9248 infeasible   55        50.00000   49.00000  2.00%  26.0 6532s
 5902739  9840   49.00000   58   29   50.00000   49.00000  2.00%  26.0 6549s
 5920757  9510 infeasible   77        50.00000   49.00000  2.00%  25.9 6553s
 5923483  9237   49.00000   48   39   50.00000   49.00000  2.00%  25.9 6560s
 5927943  9036 infeasible   76        50.00000   49.00000  2.00%  25.9 6565s
 5932471  9538   49.00000   61   41   50.00000   49.00000  2.00%  25.9 6583s
 5950489  9200 infeasible   64        50.00000   49.00000  2.00%  25.9 6588s
 5953123  8914   49.00000   50   33   50.00000   49.00000  2.00%  25.9 6596s
 5957725  8655 infeasible   45        50.00000   49.00000  2.00%  25.9 6601s
 5962338  9175   49.00000   57   39   50.00000   49.00000  2.00%  25.9 6619s
 5980356  8857 infeasible   73        50.00000   49.00000  2.00%  25.9 6622s
 5983546  8619     cutoff   51        50.00000   49.00000  2.00%  25.9 6626s
 5987624  8289 infeasible   57        50.00000   49.00000  2.00%  25.9 6632s
 5990107  8713   49.00000   56   39   50.00000   49.00000  2.00%  25.9 6648s
 6007630  8516 infeasible   65        50.00000   49.00000  2.00%  25.8 6652s
 6010197  8329 infeasible   50        50.00000   49.00000  2.00%  25.8 6660s
 6014786  8164     cutoff   54        50.00000   49.00000  2.00%  25.9 6666s
 6019435  8717   49.00000   51   32   50.00000   49.00000  2.00%  25.9 6682s
 6037453  8504 infeasible   63        50.00000   49.00000  2.00%  25.8 6685s
 6039998  8213 infeasible   54        50.00000   49.00000  2.00%  25.8 6692s
 6044541  8035 infeasible   61        50.00000   49.00000  2.00%  25.8 6699s
 6049180  8744   49.00000   46   43   50.00000   49.00000  2.00%  25.8 6717s
 6067198  8488 infeasible   59        50.00000   49.00000  2.00%  25.8 6720s
 6072293  8305   49.00000   59   28   50.00000   49.00000  2.00%  25.8 6725s
 6077002  8090 infeasible   68        50.00000   49.00000  2.00%  25.8 6730s
 6079745  8973 infeasible   62        50.00000   49.00000  2.00%  25.8 6748s
 6097763  8668 infeasible   57        50.00000   49.00000  2.00%  25.8 6753s
 6100314  8467 infeasible   59        50.00000   49.00000  2.00%  25.8 6760s
 6104753  8209   49.00000   47   42   50.00000   49.00000  2.00%  25.8 6765s
 6109252  7911 infeasible   53        50.00000   49.00000  2.00%  25.8 6772s
 6113582  8661   49.00000   48   28   50.00000   49.00000  2.00%  25.8 6789s
 6131600  8470 infeasible   56        50.00000   49.00000  2.00%  25.8 6793s
 6134033  8242 infeasible   46        50.00000   49.00000  2.00%  25.8 6798s
 6138604  8095 infeasible   60        50.00000   49.00000  2.00%  25.8 6806s
 6142908  8127   49.00000   61   18   50.00000   49.00000  2.00%  25.8 6824s
 6156083  8053   49.00000   54   16   50.00000   49.00000  2.00%  25.8 6828s
 6158769  7973   49.00000   46   30   50.00000   49.00000  2.00%  25.8 6831s
 6161797  8895   49.00000   56   44   50.00000   49.00000  2.00%  25.8 6847s
 6179815  8687 infeasible   72        50.00000   49.00000  2.00%  25.7 6851s
 6182283  8537 infeasible   50        50.00000   49.00000  2.00%  25.7 6857s
 6186785  8282 infeasible   47        50.00000   49.00000  2.00%  25.8 6865s
 6191238  8277   49.00000   50   27   50.00000   49.00000  2.00%  25.8 6878s
 6200989  8176   49.00000   50   21   50.00000   49.00000  2.00%  25.8 6885s
 6204178  8092   49.00000   44   37   50.00000   49.00000  2.00%  25.8 6894s
 6210616  8016 infeasible   46        50.00000   49.00000  2.00%  25.8 6898s
 6213572  8797 infeasible   64        50.00000   49.00000  2.00%  25.8 6914s
 6231590  8619 infeasible   61        50.00000   49.00000  2.00%  25.7 6917s
 6234465  8493   49.00000   55   35   50.00000   49.00000  2.00%  25.7 6921s
 6236257  8402 infeasible   47        50.00000   49.00000  2.00%  25.7 6925s
 6240729  8232 infeasible   56        50.00000   49.00000  2.00%  25.8 6931s
 6243253  8244   49.00000   55   24   50.00000   49.00000  2.00%  25.8 6938s
 6250306  8121 infeasible   51        50.00000   49.00000  2.00%  25.8 6942s
 6252687  8006   49.00000   49   32   50.00000   49.00000  2.00%  25.8 6951s
 6257466  8544   49.00000   46   28   50.00000   49.00000  2.00%  25.8 6967s
 6275484  8379 infeasible   47        50.00000   49.00000  2.00%  25.7 6970s
 6278189  8179 infeasible   58        50.00000   49.00000  2.00%  25.7 6976s
 6280746  7901 infeasible   47        50.00000   49.00000  2.00%  25.7 6984s
 6284871  8353   49.00000   54   43   50.00000   49.00000  2.00%  25.7 7001s
 6302889  8047 infeasible   64        50.00000   49.00000  2.00%  25.7 7006s
 6305414  7684 infeasible   46        50.00000   49.00000  2.00%  25.7 7012s
 6309580  7409 infeasible   55        50.00000   49.00000  2.00%  25.7 7021s
 6314099  7062 infeasible   67        50.00000   49.00000  2.00%  25.7 7028s
 6318661  7678     cutoff   70        50.00000   49.00000  2.00%  25.7 7046s
 6336679  7469 infeasible   58        50.00000   49.00000  2.00%  25.7 7051s
 6339155  7151   49.00000   43   27   50.00000   49.00000  2.00%  25.7 7058s
 6343576  7012   49.00000   51   39   50.00000   49.00000  2.00%  25.7 7063s
 6347741  7754   49.00000   50   35   50.00000   49.00000  2.00%  25.7 7081s
 6368130  7270   49.00000   51   44   50.00000   49.00000  2.00%  25.7 7090s
 6372569  7006 infeasible   57        50.00000   49.00000  2.00%  25.7 7096s
 6376679  6777 infeasible   50        50.00000   49.00000  2.00%  25.7 7101s
 6381207  7386   49.00000   44   42   50.00000   49.00000  2.00%  25.7 7119s
 6398224  7386   49.00000   52   32   50.00000   49.00000  2.00%  25.7 7120s
 6402321  7021 infeasible   47        50.00000   49.00000  2.00%  25.7 7127s
 6404293  6866   49.00000   43   52   50.00000   49.00000  2.00%  25.7 7130s
 6411357  7342   49.00000   50   30   50.00000   49.00000  2.00%  25.7 7150s
 6431632  7033   49.00000   52   36   50.00000   49.00000  2.00%  25.7 7159s
 6435815  6896   49.00000   52   26   50.00000   49.00000  2.00%  25.7 7165s
 6440348  6836   49.00000   52   24   50.00000   49.00000  2.00%  25.7 7172s
 6446440  7552   49.00000   45   38   50.00000   49.00000  2.00%  25.7 7191s
 6465850  7288 infeasible   45        50.00000   49.00000  2.00%  25.7 7195s
 6471099  7013   49.00000   47   50   50.00000   49.00000  2.00%  25.7 7201s
 6475806  6845 infeasible   59        50.00000   49.00000  2.00%  25.7 7206s
 6478004  7604   49.00000   60   44   50.00000   49.00000  2.00%  25.7 7224s
 6496022  7469 infeasible   78        50.00000   49.00000  2.00%  25.7 7226s
 6499141  7357 infeasible   52        50.00000   49.00000  2.00%  25.7 7230s
 6503323  7047 infeasible   52        50.00000   49.00000  2.00%  25.7 7235s
 6507559  6931 infeasible   56        50.00000   49.00000  2.00%  25.7 7242s
 6510091  7618   49.00000   46   46   50.00000   49.00000  2.00%  25.7 7259s
 6528033  7521 infeasible   57        50.00000   49.00000  2.00%  25.7 7262s
 6530302  7388   49.00000   53   27   50.00000   49.00000  2.00%  25.7 7266s
 6534433  7275   49.00000   49   44   50.00000   49.00000  2.00%  25.7 7270s
 6538693  8603   49.00000   49   35   50.00000   49.00000  2.00%  25.7 7288s
 6556711  8291 infeasible   59        50.00000   49.00000  2.00%  25.7 7292s
*6558476  2314              55      49.0000000   49.00000  0.00%  25.7 7293s

Explored 6558891 nodes (168420231 simplex iterations) in 7293.61 seconds (671.28 work units)
Thread count was 18 (of 36 available processors)

Solution count 10: 49 49 50 ... 61

Optimal solution found (tolerance 1.00e-04)
Best objective 4.900000000000e+01, best bound 4.900000000000e+01, gap 0.0000%
