
Gurobi 11.0.0 (win64) logging started Mon May  6 18:47:06 2024

Set parameter LogFile to value "./Results/StripPacking-CutHeurRuns/Logs/RU-011-StripPacking-20.log"
Set parameter TimeLimit to value 10800
Set parameter Cuts to value 0
Set parameter Presolve to value 1
Set parameter Heuristics to value 1
Set parameter LPWarmStart to value 2
Gurobi Optimizer version 11.0.0 build v11.0.0rc2 (win64 - Windows 10.0 (19045.2))

CPU model: Intel(R) Core(TM) i9-10980XE CPU @ 3.00GHz, instruction set [SSE2|AVX|AVX2|AVX512]
Thread count: 18 physical cores, 36 logical processors, using up to 18 threads

Optimize a model with 4525 rows, 1251 columns and 12050 nonzeros
Model fingerprint: 0xb2469033
Variable types: 51 continuous, 1200 integer (1200 binary)
Coefficient statistics:
  Matrix range     [1e+00, 1e+04]
  Objective range  [1e+00, 1e+00]
  Bounds range     [1e+00, 1e+04]
  RHS range        [1e+00, 1e+04]

Warning: Completing partial solution with 1200 unfixed non-continuous variables out of 1200
User MIP start produced solution with objective 104.8 (0.03s)
Loaded user MIP start with objective 104.8

Presolve removed 600 rows and 0 columns
Presolve time: 0.03s
Presolved: 3925 rows, 1251 columns, 10850 nonzeros
Variable types: 51 continuous, 1200 integer (1200 binary)

Root relaxation: objective 3.600000e+01, 732 iterations, 0.02 seconds (0.02 work units)

    Nodes    |    Current Node    |     Objective Bounds      |     Work
 Expl Unexpl |  Obj  Depth IntInf | Incumbent    BestBd   Gap | It/Node Time

     0     0   36.00000    0   77  104.80000   36.00000  65.6%     -    0s
     0     0   36.00000    0   77  104.80000   36.00000  65.6%     -    0s
H    0     0                     103.0000000   36.00000  65.0%     -    0s
     0     2   36.00000    0   77  103.00000   36.00000  65.0%     -    0s
H  119   123                     100.0000000   36.00000  64.0%  26.1    3s
H  198   244                      99.0000000   36.00000  63.6%  28.8    4s
H  199   244                      96.0000000   36.00000  62.5%  28.9    4s
H  243   264                      95.0000000   36.00000  62.1%  27.1    5s
H  263   291                      93.0000000   36.00000  61.3%  27.1    7s
H  281   291                      91.0000000   36.00000  60.4%  27.0    7s
H  312   375                      90.0000000   36.00000  60.0%  29.6    7s
H  352   375                      89.0000000   36.00000  59.6%  28.7    7s
   374   393   45.00000   18  101   89.00000   36.00000  59.6%  27.9   11s
H  387   393                      87.0000000   36.00000  58.6%  27.8   11s
H  392   431                      86.0000000   36.00000  58.1%  27.6   16s
   824  1152   45.00000   52  122   86.00000   36.00000  58.1%  32.5   28s
H  864  1152                      85.0000000   36.00000  57.6%  32.0   28s
  1175  1559   65.00000   66  155   85.00000   36.00000  57.6%  31.0   33s
H 1224  1559                      85.0000000   36.00000  57.6%  30.9   33s
H 1273  1559                      84.0000000   36.00000  57.1%  30.5   33s
  1610  1775   48.00000   66  138   84.00000   36.00000  57.1%  29.6   41s
H 1611  1717                      83.0000000   36.00000  56.6%  29.6   41s
H 1886  1717                      83.0000000   36.00000  56.6%  28.7   41s
  1891  2148   48.00000   67  141   83.00000   36.00000  56.6%  28.9   45s
  2360  2307   61.00000   91  145   83.00000   36.00000  56.6%  29.3   53s
  2566  3165   61.00000   92  146   83.00000   36.00000  56.6%  29.1   61s
H 3566  3123                      82.0000000   36.00000  56.1%  32.7   61s
  3587  3737   53.00000   12  191   82.00000   36.00000  56.1%  33.0   67s
  4414  5614   72.00000   67  184   82.00000   36.00000  56.1%  31.7   80s
  6901  5770   48.00000   20  178   82.00000   36.00000  56.1%  32.7   86s
  6970  5816   48.00000   21  161   82.00000   36.00000  56.1%  33.1  102s
  7062  5877   48.00000   24  142   82.00000   36.00000  56.1%  33.5  106s
  7227  5985   48.00000   29  126   82.00000   36.00000  56.1%  34.2  110s
  7581  6211   56.00000   42  152   82.00000   36.00000  56.1%  35.5  127s
  7991  6458   56.00000   51  134   82.00000   36.00000  56.1%  36.5  131s
  8536  6749   72.00000   64  121   82.00000   36.00000  56.1%  37.8  136s
  8839  6861   79.00000   70   68   82.00000   36.00000  56.1%  38.4  150s
  9192  7053   72.00000   34  132   82.00000   36.00000  56.1%  39.6  155s
  9798  7305 infeasible   54        82.00000   36.00000  56.1%  40.6  162s
  9913  7290   36.00000   36  214   82.00000   36.00000  56.1%  41.0  181s
 10355  7698   78.00000   56  141   82.00000   36.00000  56.1%  41.6  185s
H10641  7336                      82.0000000   36.00000  56.1%  41.7  188s
 10643  7626   79.00000   74  112   82.00000   36.00000  56.1%  41.7  191s
 11082  7832   61.00000   24  157   82.00000   36.00000  56.1%  41.9  195s
 11517  7943   72.00000   50  172   82.00000   36.00000  56.1%  42.2  200s
 11833  8103   72.00000   51  170   82.00000   36.00000  56.1%  42.4  206s
 12242  8030   77.00000   76  116   82.00000   36.00000  56.1%  42.9  218s
 12315  8386   77.00000   77  114   82.00000   36.00000  56.1%  43.0  222s
 12780  8506 infeasible   96        82.00000   36.00000  56.1%  43.2  226s
 13193  8603   71.00000   33  222   82.00000   36.00000  56.1%  43.8  234s
 13551  8664   79.00000   55  159   82.00000   36.00000  56.1%  44.1  237s
 13814  8589   80.00000   57  133   82.00000   36.00000  56.1%  44.4  250s
 13838  9114   80.00000   58  129   82.00000   36.00000  56.1%  44.4  255s
 14565  9450   61.00000   47  218   82.00000   36.00000  56.1%  45.3  264s
 15362  9411   50.00000   31  150   82.00000   36.00000  56.1%  46.3  270s
 15677  9936   78.00000   49  136   82.00000   36.00000  56.1%  46.8  276s
 16524  9670   70.00000   51  140   82.00000   36.00000  56.1%  47.3  286s
 16553  9792   70.00000   52  136   82.00000   36.00000  56.1%  47.3  291s
 16736 10465   70.00000   62  156   82.00000   36.00000  56.1%  47.3  299s
 17741 10192     cutoff  114        82.00000   36.00000  56.1%  47.7  304s
 17837 10485   45.00000   30  180   82.00000   36.00000  56.1%  47.7  322s
 18260 11140   61.00000   53  139   82.00000   36.00000  56.1%  48.2  330s
 19308 10827   78.00000   53  126   82.00000   36.00000  56.1%  48.9  335s
 19373 11424   78.00000   58  112   82.00000   36.00000  56.1%  48.9  345s
 20243 11145   75.00000   64  169   82.00000   36.00000  56.1%  49.4  363s
 20268 11691   75.00000   65  165   82.00000   36.00000  56.1%  49.4  369s
 20994 11646   71.00000   32  132   82.00000   36.00000  56.1%  49.9  374s
 21262 12498   71.00000   38  127   82.00000   36.00000  56.1%  50.1  383s
 22543 12088   79.00000   66   73   82.00000   36.00000  56.1%  50.8  401s
 22562 14627   80.00000   68   62   82.00000   36.00000  56.1%  50.8  426s
 25928 14594   61.00000   65  117   82.00000   36.00000  56.1%  52.2  433s
 25948 14612   61.00000   66  115   82.00000   36.00000  56.1%  52.2  436s
 25966 14624   61.00000   67  118   82.00000   36.00000  56.1%  52.2  453s
 25990 14755   61.00000   68  116   82.00000   36.00000  56.1%  52.3  461s
 26141 14773   61.00000   72  112   82.00000   36.00000  56.1%  52.3  479s
 26161 14788 infeasible   73        82.00000   36.00000  56.1%  52.3  485s
 26182 15139   61.00000   74  106   82.00000   36.00000  56.1%  52.3  503s
 26668 15460   50.00000   28  148   82.00000   36.00000  56.1%  52.7  510s
 27124 16210   80.00000   53  172   82.00000   36.00000  56.1%  52.9  520s
 28307 16220 infeasible   84        82.00000   36.00000  56.1%  53.4  539s
 28333 16829   66.00000   33  125   82.00000   36.00000  56.1%  53.5  549s
 29265 16841   56.00000   65  216   82.00000   36.00000  56.1%  53.9  563s
 29289 17180   61.00000   66  209   82.00000   36.00000  56.1%  54.0  575s
 29758 17184   81.00000   82   89   82.00000   36.00000  56.1%  54.2  591s
 29790 17756   81.00000   83   84   82.00000   36.00000  56.1%  54.3  600s
 30560 17829   68.00000   50  155   82.00000   36.00000  56.1%  54.7  614s
 30675 18390   66.00000   52  160   82.00000   36.00000  56.1%  54.8  623s
 31476 18677   71.00000   77  106   82.00000   36.00000  56.1%  55.4  638s
 31938 19315 infeasible   87        82.00000   36.00000  56.1%  55.7  650s
 32915 19329   67.00000   67  158   82.00000   36.00000  56.1%  56.3  667s
 32937 20281   79.00000   68  115   82.00000   36.00000  56.1%  56.4  683s
 34384 20290   81.00000   56  100   82.00000   36.00000  56.1%  56.7  697s
 34409 20927   81.00000   57   78   82.00000   36.00000  56.1%  56.7  711s
 35375 21070   68.00000   77  112   82.00000   36.00000  56.1%  56.7  724s
 35606 22175 infeasible   78        82.00000   36.00000  56.1%  56.8  743s
 37306 22337   81.00000   82    4   82.00000   36.00000  56.1%  57.0  756s
 37543 23657 infeasible   83        82.00000   37.00000  54.9%  57.0  778s
 39511 23671   70.00000   48  112   82.00000   37.00000  54.9%  57.1  827s
 39533 25179   70.00000   49  110   82.00000   37.00000  54.9%  57.1  850s
 41755 25194   78.00000   47  151   82.00000   39.00000  52.4%  57.3  877s
 41776 26675   78.00000   48  142   82.00000   39.00000  52.4%  57.3  899s
 43886 26684   79.00000   67  151   82.00000   39.00000  52.4%  57.2  921s
 43913 27936   79.00000   68  158   82.00000   40.00000  51.2%  57.2  942s
 45698 30817   79.00000   68  130   82.00000   42.00000  48.8%  57.1  990s
 49798 33448   72.00000   59  135   82.00000   42.00000  48.8%  57.2 1029s
 53400 33462   71.00000   82   85   82.00000   42.00000  48.8%  57.5 1064s
 53422 35029   64.00000   80   96   82.00000   42.00000  48.8%  57.5 1091s
 55744 35459   77.00000   65  118   82.00000   42.00000  48.8%  57.4 1116s
 56375 37109   77.00000   82   84   82.00000   42.00000  48.8%  57.4 1142s
 58764 37320   77.00000   30  147   82.00000   45.00000  45.1%  57.2 1157s
 59041 37756   77.00000   31  137   82.00000   45.00000  45.1%  57.2 1185s
 59623 38038   81.00000   68   52   82.00000   45.00000  45.1%  57.1 1206s
 60032 40756   67.00000   32  141   82.00000   45.00000  45.1%  57.1 1243s
 63770 40766   74.00000   48  214   82.00000   45.00000  45.1%  57.4 1261s
 63796 42675   74.00000   49  228   82.00000   45.00000  45.1%  57.4 1291s
 66780 42684   79.00000   51  121   82.00000   45.00000  45.1%  57.4 1331s
 66805 43700   79.00000   52  116   82.00000   45.00000  45.1%  57.4 1349s
 68394 47339 infeasible   73        82.00000   46.00000  43.9%  57.4 1419s
 72967 47339   64.00000   53  171   82.00000   46.00000  43.9%  57.8 1420s
 74006 50015   79.00000   73  117   82.00000   46.00000  43.9%  57.8 1469s
 78157 50211   59.00000   57  203   82.00000   46.00000  43.9%  57.9 1499s
 78423 51779   59.00000   56  167   82.00000   46.00000  43.9%  57.9 1526s
 80832 51794   75.00000   60  134   82.00000   46.00000  43.9%  58.1 1545s
 80853 54042 infeasible   61        82.00000   46.00000  43.9%  58.1 1580s
 84178 54051   57.00000   37  139   82.00000   46.00000  43.9%  58.0 1608s
 84205 55545   57.00000   38  139   82.00000   46.00000  43.9%  58.0 1637s
 86864 55553   74.00000   39  115   82.00000   46.00000  43.9%  58.0 1674s
 86892 57366   74.00000   40  115   82.00000   46.00000  43.9%  58.0 1703s
 89633 57510   75.00000   68  112   82.00000   46.00000  43.9%  57.9 1722s
 89851 58975 infeasible   69        82.00000   46.00000  43.9%  57.9 1752s
 92170 62070   48.00000   32  163   82.00000   46.00000  43.9%  57.9 1812s
 96674 64162   63.00000   85  162   82.00000   46.00000  43.9%  58.2 1851s
 99890 64344 infeasible   63        82.00000   46.00000  43.9%  58.3 1881s
 100161 66155   46.00000   50  180   82.00000   46.00000  43.9%  58.3 1915s
 102852 66189   80.00000   57   95   82.00000   46.00000  43.9%  58.5 1937s
 102912 66477   80.00000   60   89   82.00000   46.00000  43.9%  58.5 1961s
 103387 66493 infeasible   61        82.00000   46.00000  43.9%  58.5 1985s
 103407 68677   50.00000   51  195   82.00000   46.00000  43.9%  58.5 2019s
 106823 68689   75.00000   60  148   82.00000   46.00000  43.9%  58.5 2046s
 106847 69984   75.00000   61  146   82.00000   46.00000  43.9%  58.5 2075s
 108881 70066   55.00000   50  150   82.00000   46.00000  43.9%  58.6 2103s
 108987 72023   56.00000   51  144   82.00000   46.00000  43.9%  58.6 2137s
 112078 72040   81.00000   74   82   82.00000   46.00000  43.9%  58.7 2194s
 112097 73836 infeasible   75        82.00000   46.00000  43.9%  58.7 2224s
 114863 75564   81.00000   53  142   82.00000   46.00000  43.9%  58.8 2283s
 117629 79540   77.00000   52  193   82.00000   46.00000  43.9%  58.9 2354s
 123860 79554   78.00000   81   88   82.00000   46.00000  43.9%  58.9 2389s
 123882 80729   81.00000   82   70   82.00000   46.00000  43.9%  58.9 2417s
 125734 80892     cutoff   57        82.00000   46.00000  43.9%  58.8 2437s
 126003 82346   81.00000   56   78   82.00000   46.00000  43.9%  58.8 2467s
 128313 82388   81.00000   53   30   82.00000   46.00000  43.9%  58.7 2488s
 128367 83285   81.00000   54   32   82.00000   46.00000  43.9%  58.7 2514s
 129724 83774   48.00000   16  128   82.00000   46.00000  43.9%  58.6 2531s
 130352 85888   48.00000   39  159   82.00000   46.00000  43.9%  58.6 2562s
 133853 85899   78.00000   43  155   82.00000   46.00000  43.9%  58.5 2622s
 133878 87632   78.00000   44  157   82.00000   46.00000  43.9%  58.5 2654s
 136316 87639 infeasible   47        82.00000   46.00000  43.9%  58.4 2683s
 136345 89309   46.00000   47  221   82.00000   46.00000  43.9%  58.4 2712s
 138759 90637     cutoff   69        82.00000   46.00000  43.9%  58.3 2753s
 140679 95264   81.00000   73  106   82.00000   46.00000  43.9%  58.3 2827s
 147280 95393 infeasible   63        82.00000   46.00000  43.9%  58.5 2853s
 147501 96751   81.00000   63   95   82.00000   46.00000  43.9%  58.5 2881s
 149443 97215   81.00000   79   99   82.00000   46.00000  43.9%  58.5 2901s
 150139 98807   77.00000   53  157   82.00000   46.00000  43.9%  58.4 2931s
 152613 98822   77.00000   52  125   82.00000   46.00000  43.9%  58.3 2986s
 152634 100300 infeasible   53        82.00000   46.00000  43.9%  58.3 3016s
 155138 100313   79.00000   62  124   82.00000   47.00000  42.7%  58.3 3043s
 155161 102073   79.00000   63  115   82.00000   47.00000  42.7%  58.3 3077s
 157982 102087   81.00000   67   88   82.00000   47.00000  42.7%  58.3 3104s
 158004 103159   81.00000   68   92   82.00000   47.00000  42.7%  58.4 3127s
 159512 103273   59.00000   36  195   82.00000   47.00000  42.7%  58.4 3151s
 159698 105050   60.00000   37  207   82.00000   47.00000  42.7%  58.4 3185s
 162431 106676   80.00000   49  140   82.00000   47.00000  42.7%  58.5 3238s
 164913 111052   74.00000   67  154   82.00000   47.00000  42.7%  58.5 3320s
 171788 111147   78.00000   42  151   82.00000   47.00000  42.7%  58.7 3350s
 171915 111389   78.00000   43  134   82.00000   47.00000  42.7%  58.7 3382s
 172293 111443     cutoff   44        82.00000   47.00000  42.7%  58.7 3407s
 172411 112831   57.00000   42  158   82.00000   47.00000  42.7%  58.7 3440s
 174865 113211   81.00000   67   92   82.00000   47.00000  42.7%  58.7 3470s
 175479 113581 infeasible   72        82.00000   47.00000  42.7%  58.7 3506s
 176025 113791   80.00000   65   99   82.00000   47.00000  42.7%  58.7 3529s
 176370 116055   74.00000   54   96   82.00000   47.00000  42.7%  58.7 3573s
 179916 116150 infeasible   48        82.00000   47.00000  42.7%  58.6 3600s
 180061 118200   78.00000   49  127   82.00000   47.00000  42.7%  58.6 3640s
 183140 118215   76.00000   36  217   82.00000   47.00000  42.7%  58.6 3693s
 183161 119951   76.00000   37  244   82.00000   47.00000  42.7%  58.6 3727s
 185706 121903   70.00000   67  137   82.00000   47.00000  42.7%  58.6 3773s
 188682 124534   75.00000   61  153   82.00000   47.00000  42.7%  58.7 3822s
 192810 124546   77.00000   57  146   82.00000   47.00000  42.7%  58.8 3865s
 192834 126088   77.00000   58  130   82.00000   47.00000  42.7%  58.8 3899s
 195122 126103   63.00000   24  103   82.00000   47.00000  42.7%  58.8 3931s
 195143 127816   63.00000   25  101   82.00000   47.00000  42.7%  58.8 3963s
 197610 127945 infeasible   49        82.00000   47.00000  42.7%  58.8 3990s
 197803 129064   64.00000   33  147   82.00000   47.00000  42.7%  58.8 4018s
 199377 129077     cutoff   66        82.00000   47.00000  42.7%  58.8 4072s
 199400 130780   64.00000   32  198   82.00000   47.00000  42.7%  58.8 4106s
 201683 130834   75.00000   54  135   82.00000   47.00000  42.7%  58.8 4129s
 201755 132458   75.00000   55  133   82.00000   47.00000  42.7%  58.8 4166s
 204158 132821 infeasible   94        82.00000   47.00000  42.7%  58.8 4194s
 204685 134701   64.00000   38  135   82.00000   47.00000  42.7%  58.8 4228s
 207313 134706   69.00000   79   92   82.00000   47.00000  42.7%  58.7 4259s
 207344 139014   79.00000   80   89   82.00000   47.00000  42.7%  58.7 4339s
 214225 139029   78.00000   53  174   82.00000   48.00000  41.5%  58.8 4375s
 214246 140071   78.00000   54  168   82.00000   48.00000  41.5%  58.8 4407s
 215722 140086   59.00000   70  161   82.00000   48.00000  41.5%  58.8 4466s
 215743 141475   59.00000   71  162   82.00000   48.00000  41.5%  58.8 4497s
 217894 142079   80.00000   71   72   82.00000   48.00000  41.5%  58.7 4530s
*218093 127957              99      81.0000000   48.00000  40.7%  58.7 4530s
 218827 130086 infeasible   72        81.00000   48.00000  40.7%  58.7 4573s
 222188 130355 infeasible   71        81.00000   48.00000  40.7%  58.8 4617s
H222485 130355                      81.0000000   48.00000  40.7%  58.8 4617s
 222676 132766   80.00000   37  120   81.00000   48.00000  40.7%  58.8 4664s
H223335 122271                      80.0000000   48.00000  40.0%  58.8 4664s
 226276 122236     cutoff   64        80.00000   48.00000  40.0%  58.9 4697s
H226321 122236                      80.0000000   48.00000  40.0%  58.9 4697s
 226722 124575   70.00000   39  186   80.00000   48.00000  40.0%  58.9 4742s
 230298 127121 infeasible   65        80.00000   48.00000  40.0%  58.9 4824s
 234351 130653   76.00000   68  169   80.00000   48.00000  40.0%  58.9 4892s
H236184 120177                      79.0000000   48.00000  39.2%  59.0 4892s
 240411 119860     cutoff   57        79.00000   48.00000  39.2%  59.0 4933s
 240633 122712   48.00000   46  170   79.00000   48.00000  39.2%  59.0 4985s
 244975 122727   76.00000   57  135   79.00000   48.00000  39.2%  59.1 5031s
 244996 125376   76.00000   58  129   79.00000   48.00000  39.2%  59.1 5081s
 249223 125392   64.00000   36  137   79.00000   48.00000  39.2%  59.3 5136s
 249243 125747   64.00000   37  138   79.00000   48.00000  39.2%  59.3 5182s
H249558 125747                      79.0000000   48.00000  39.2%  59.3 5182s
 249814 125760   76.00000   71  121   79.00000   48.00000  39.2%  59.3 5218s
 249841 128128   76.00000   72  148   79.00000   48.00000  39.2%  59.3 5266s
 253910 129579   78.00000   62  165   79.00000   48.00000  39.2%  59.2 5332s
 256126 137682   76.00000   53  158   79.00000   48.00000  39.2%  59.3 5482s
 269297 137695   76.00000   49  155   79.00000   48.00000  39.2%  59.4 5541s
 269320 139544   76.00000   50  150   79.00000   48.00000  39.2%  59.4 5575s
 272440 139560   78.00000   68  114   79.00000   48.00000  39.2%  59.4 5622s
 272460 141516   78.00000   69  104   79.00000   48.00000  39.2%  59.4 5657s
 275691 143992   78.00000   61  115   79.00000   48.00000  39.2%  59.5 5726s
 279538 147318   77.00000   51  131   79.00000   48.00000  39.2%  59.5 5788s
 285107 147335   77.00000   62  132   79.00000   48.00000  39.2%  59.6 5867s
 285126 149998   77.00000   63  127   79.00000   48.00000  39.2%  59.6 5920s
 289957 150354   71.00000   73  173   79.00000   48.00000  39.2%  59.6 5961s
 290476 152862   78.00000   60  146   79.00000   48.00000  39.2%  59.6 6011s
 294602 152877   78.00000   68   91   79.00000   48.00000  39.2%  59.6 6058s
 294623 155075   78.00000   69   89   79.00000   48.00000  39.2%  59.6 6102s
 298524 156263 infeasible   58        79.00000   48.00000  39.2%  59.6 6170s
 300474 165450   68.00000   64  186   79.00000   48.00000  39.2%  59.7 6315s
 316341 165463   78.00000   71  107   79.00000   48.00000  39.2%  59.9 6377s
 316364 165640 infeasible   72        79.00000   48.00000  39.2%  59.9 6412s
 316748 165653   77.00000   48  187   79.00000   48.00000  39.2%  59.9 6461s
 316771 167473   65.00000   48  205   79.00000   48.00000  39.2%  59.9 6499s
 319798 167531 infeasible   62        79.00000   48.00000  39.2%  59.9 6550s
 319911 169236   68.00000   43  159   79.00000   48.00000  39.2%  59.9 6591s
 323023 169248     cutoff   71        79.00000   48.00000  39.2%  60.0 6692s
 323049 179294   65.00000   47  228   79.00000   48.00000  39.2%  60.0 6867s
 339065 179294   61.00000   54  208   79.00000   48.00000  39.2%  60.1 6870s
 341067 179310   78.00000   54  147   79.00000   48.00000  39.2%  60.1 6940s
 341087 180663   78.00000   55  148   79.00000   48.00000  39.2%  60.1 6971s
*343350 159623              97      78.0000000   48.00000  38.5%  60.2 6972s
 343425 159553 infeasible   68        78.00000   48.00000  38.5%  60.2 7014s
 343815 161030   68.00000   59  181   78.00000   48.00000  38.5%  60.2 7046s
 346251 161488 infeasible   65        78.00000   48.00000  38.5%  60.3 7125s
H346271 161488                      78.0000000   48.00000  38.5%  60.3 7125s
 347219 170180   64.00000   48  240   78.00000   48.00000  38.5%  60.3 7289s
 356228 170180   77.00000   63   66   78.00000   48.00000  38.5%  60.4 7290s
 365237 170259   71.00000   49  180   78.00000   48.00000  38.5%  60.7 7363s
 365407 170617   49.00000   51  233   78.00000   48.00000  38.5%  60.7 7410s
 366107 170630   75.00000   79  124   78.00000   48.00000  38.5%  60.7 7475s
 366130 172119   72.00000   81  127   78.00000   48.00000  38.5%  60.7 7517s
 369029 172126 infeasible   79        78.00000   48.00000  38.5%  60.7 7630s
 369060 180627 infeasible   78        78.00000   48.00000  38.5%  60.7 7782s
 387078 180638 infeasible   54        78.00000   48.00000  38.5%  61.0 7864s
 387103 182191   77.00000   55  131   78.00000   48.00000  38.5%  61.0 7898s
 389945 182201   74.00000   47  190   78.00000   48.00000  38.5%  61.0 7968s
 389971 183400   74.00000   48  184   78.00000   48.00000  38.5%  61.0 7999s
 392131 184561   76.00000   59  108   78.00000   48.00000  38.5%  61.0 8083s
 393966 192094   72.00000   50  152   78.00000   48.00000  38.5%  60.9 8255s
 406261 192103 infeasible   84        78.00000   48.00000  38.5%  61.0 8324s
 406288 192471   67.00000   83  132   78.00000   48.00000  38.5%  61.0 8371s
 406932 192473     cutoff   63        78.00000   48.00000  38.5%  61.0 8440s
 406966 194596   77.00000   64   91   78.00000   48.00000  38.5%  61.0 8485s
 410588 194608   66.00000   59  121   78.00000   48.00000  38.5%  61.0 8560s
 410612 195041   66.00000   60  124   78.00000   48.00000  38.5%  61.0 8611s
 411399 195107   66.00000   63  116   78.00000   48.00000  38.5%  61.0 8682s
 411533 197500   70.00000   67  120   78.00000   48.00000  38.5%  61.0 8741s
 415904 197988     cutoff   54        78.00000   48.00000  38.5%  61.1 8822s
 416811 208488   74.00000   55  136   78.00000   48.00000  38.5%  61.1 9038s
 434829 208505   77.00000   52  130   78.00000   48.00000  38.5%  61.3 9193s
 434848 209697   77.00000   53  128   78.00000   48.00000  38.5%  61.3 9225s
 436763 209706     cutoff   62        78.00000   48.00000  38.5%  61.3 9301s
 436790 211313     cutoff   60        78.00000   48.00000  38.5%  61.3 9336s
 439164 212351   77.00000   62  100   78.00000   48.00000  38.5%  61.3 9418s
 440998 219945   75.00000   76   86   78.00000   48.00000  38.5%  61.3 9581s
 454010 219960   62.00000   53  219   78.00000   48.00000  38.5%  61.4 9657s
 454031 221480   62.00000   54  217   78.00000   48.00000  38.5%  61.4 9701s
 456513 221493   71.00000   57   93   78.00000   48.00000  38.5%  61.5 9817s
 456542 223185   71.00000   58   92   78.00000   48.00000  38.5%  61.5 9863s
 459585 223198   74.00000   46  200   78.00000   48.00000  38.5%  61.5 9940s
 459608 224826   74.00000   47  198   78.00000   48.00000  38.5%  61.5 9985s
 462301 225699   75.00000   62  106   78.00000   48.00000  38.5%  61.5 10066s
 463909 234483   77.00000   69  114   78.00000   48.00000  38.5%  61.5 10260s
 479515 234496 infeasible   52        78.00000   48.00000  38.5%  61.6 10341s
 479538 235941   75.00000   53  132   78.00000   48.00000  38.5%  61.6 10380s
 481819 235949   77.00000   45  151   78.00000   48.00000  38.5%  61.7 10452s
 481847 237354   77.00000   46  149   78.00000   48.00000  38.5%  61.7 10490s
 484366 237362 infeasible   67        78.00000   48.00000  38.5%  61.7 10624s
 484394 243514   48.00000   38  200   78.00000   48.00000  38.5%  61.7 10800s

Explored 495155 nodes (30588611 simplex iterations) in 10802.25 seconds (1231.88 work units)
Thread count was 18 (of 36 available processors)

Solution count 10: 78 78 79 ... 83

Time limit reached
Best objective 7.799999999210e+01, best bound 4.800000000000e+01, gap 38.4615%
