
Gurobi 11.0.0 (win64) logging started Wed May  8 06:48:37 2024

Set parameter LogFile to value "./Results/StripPacking-CutHeurRuns/Logs/RU-110-StripPacking-25.log"
Set parameter TimeLimit to value 10800
Set parameter Cuts to value 1
Set parameter Presolve to value 1
Set parameter Heuristics to value 0
Set parameter LPWarmStart to value 2
Gurobi Optimizer version 11.0.0 build v11.0.0rc2 (win64 - Windows 10.0 (19045.2))

CPU model: Intel(R) Core(TM) i9-10980XE CPU @ 3.00GHz, instruction set [SSE2|AVX|AVX2|AVX512]
Thread count: 18 physical cores, 36 logical processors, using up to 18 threads

Optimize a model with 4525 rows, 1251 columns and 12050 nonzeros
Model fingerprint: 0x632a4b52
Variable types: 51 continuous, 1200 integer (1200 binary)
Coefficient statistics:
  Matrix range     [1e+00, 1e+04]
  Objective range  [1e+00, 1e+00]
  Bounds range     [1e+00, 1e+04]
  RHS range        [1e+00, 1e+04]

Warning: Completing partial solution with 1200 unfixed non-continuous variables out of 1200
User MIP start produced solution with objective 102.2 (0.02s)
Loaded user MIP start with objective 102.2

Presolve removed 600 rows and 0 columns
Presolve time: 0.03s
Presolved: 3925 rows, 1251 columns, 10850 nonzeros
Variable types: 51 continuous, 1200 integer (1200 binary)

Root relaxation: objective 3.500000e+01, 697 iterations, 0.02 seconds (0.02 work units)

    Nodes    |    Current Node    |     Objective Bounds      |     Work
 Expl Unexpl |  Obj  Depth IntInf | Incumbent    BestBd   Gap | It/Node Time

     0     0   35.00000    0  133  102.20000   35.00000  65.8%     -    0s
     0     0   35.00000    0  168  102.20000   35.00000  65.8%     -    0s
     0     0   35.00000    0  166  102.20000   35.00000  65.8%     -    0s
     0     0   35.00000    0  108  102.20000   35.00000  65.8%     -    1s
     0     0   35.00000    0  147  102.20000   35.00000  65.8%     -    1s
     0     0   35.00000    0  172  102.20000   35.00000  65.8%     -    1s
     0     0   35.00000    0  205  102.20000   35.00000  65.8%     -    1s
     0     0   35.00000    0  124  102.20000   35.00000  65.8%     -    1s
     0     0   35.00000    0  140  102.20000   35.00000  65.8%     -    2s
     0     0   35.00000    0  118  102.20000   35.00000  65.8%     -    2s
     0     0   35.00000    0  118  102.20000   35.00000  65.8%     -    2s
     0     2   35.00000    0  106  102.20000   35.00000  65.8%     -    2s
  2545  2375   35.34649   14  224  102.20000   35.00000  65.8%  31.4    5s
  4016  3635   62.00000   37  155  102.20000   35.00000  65.8%  54.4   10s
* 4743  3653             124     101.0000000   35.00000  65.3%  55.8   10s
  6239  4688   64.00000   39  162  101.00000   35.00000  65.3%  53.0   15s
* 7024  4569             124      99.0000000   35.00000  64.6%  51.0   16s
* 7554  4552             140      98.0000000   35.00000  64.3%  50.8   17s
  7654  5499   77.00000   49  145   98.00000   35.00000  64.3%  50.7   20s
 10670  6466   67.00000   50  181   98.00000   35.00000  64.3%  45.2   26s
 12286  7637   46.00000   31  211   98.00000   35.00000  64.3%  44.2   30s
 13899  8971   37.00000   43  128   98.00000   35.00000  64.3%  44.1   35s
 16065 10727 infeasible   80        98.00000   35.00000  64.3%  48.6   40s
*16765 10596             109      96.0000000   35.00000  63.5%  50.9   41s
 16940 11968   60.00000   59  223   96.00000   35.00000  63.5%  51.5   46s
 19608 14280   37.00000   44  176   96.00000   35.00000  63.5%  50.8   54s
 22046 14990 infeasible  112        96.00000   35.00000  63.5%  48.6   57s
 22906 18381   81.00000   56  177   96.00000   35.00000  63.5%  49.1   68s
 27563 18977 infeasible   73        96.00000   35.00000  63.5%  46.9   72s
*27960 18393             117      95.0000000   35.00000  63.2%  47.1   72s
 28318 19098     cutoff   76        95.00000   35.00000  63.2%  47.4   77s
*28446 18417             106      94.0000000   35.00000  62.8%  47.4   77s
 29299 19008     cutoff   96        94.00000   35.00000  62.8%  47.8   82s
*29441 18560             122      93.0000000   35.00000  62.4%  47.8   82s
*29999 18223              99      92.0000000   35.00000  62.0%  48.0   82s
 30241 19079   57.00000   27  184   92.00000   35.00000  62.0%  48.1   89s
 31478 21665   80.00000   66  183   92.00000   35.00000  62.0%  48.4   97s
*32632 21121             184      91.0000000   35.00000  61.5%  47.9   97s
 34945 21857   45.00000   44  143   91.00000   35.00000  61.5%  47.0  102s
*35307 21404              92      90.0000000   35.00000  61.1%  47.2  102s
 36199 22231   35.00000   40  161   90.00000   35.00000  61.1%  47.3  106s
*36325 21657             143      89.0000000   35.00000  60.7%  47.5  106s
*36739 21212             129      88.0000000   35.00000  60.2%  47.8  107s
 37367 22957   35.00000   40  141   88.00000   35.00000  60.2%  48.2  118s
 39755 23887   45.00000   48  148   88.00000   35.00000  60.2%  48.7  123s
*40355 23436             114      87.0000000   35.00000  59.8%  49.1  123s
 41036 24334   61.00000   86  136   87.00000   35.00000  59.8%  49.5  128s
*41280 23621              91      86.0000000   35.00000  59.3%  49.6  128s
 42401 26421   83.00000   69   92   86.00000   35.00000  59.3%  50.3  142s
 46292 27562   35.00000   33  182   86.00000   35.00000  59.3%  49.9  149s
*46815 27014              88      85.0000000   35.00000  58.8%  50.2  149s
 47759 28666     cutoff   66        85.00000   35.00000  58.8%  50.5  165s
*48365 27870              99      84.0000000   35.00000  58.3%  50.6  165s
 50223 32593   72.00000   55  142   84.00000   35.00000  58.3%  51.3  193s
 57071 33823 infeasible   57        84.00000   35.00000  58.3%  51.1  202s
 58556 34838   68.00000   54  203   84.00000   35.00000  58.3%  51.6  211s
 59974 36022 infeasible   59        84.00000   35.00000  58.3%  52.1  224s
*60343 35198              88      83.0000000   35.00000  57.8%  52.3  224s
 61676 37323   81.00000   70  134   83.00000   35.00000  57.8%  52.8  241s
 64801 38607   35.05106   38  234   83.00000   35.00000  57.8%  52.8  254s
 66584 42339   82.00000   71   76   83.00000   35.00000  57.8%  53.4  275s
 72066 43319   81.00000   73  123   83.00000   35.00000  57.8%  52.0  288s
 73516 45149   35.00000   37  177   83.00000   35.00000  57.8%  52.5  305s
 75936 47214 infeasible   56        83.00000   35.00000  57.8%  53.6  329s
 78969 52320   68.00000   48  162   83.00000   35.00000  57.8%  54.3  364s
 86459 53485   77.00000   68  148   83.00000   35.00000  57.8%  53.2  378s
 87982 54727   64.00000   69  143   83.00000   35.00000  57.8%  53.7  392s
 89687 56058   81.00000   52  166   83.00000   35.00000  57.8%  54.2  407s
 91591 57455 infeasible   90        83.00000   35.00000  57.8%  54.5  426s
 93537 61420   66.00000   69  172   83.00000   35.00000  57.8%  55.0  454s
 99020 62513   35.90879   44  245   83.00000   35.00000  57.8%  54.3  469s
 100558 64351   62.00000   67  204   83.00000   35.00000  57.8%  54.7  489s
 103348 66181   62.00000   64  215   83.00000   35.00000  57.8%  55.2  517s
*103826 62925             102      82.0000000   35.00000  57.3%  55.3  517s
 105960 67933   35.09425   29  211   82.00000   35.00000  57.3%  55.6  555s
 113206 69117   63.00000   63  168   82.00000   35.00000  57.3%  54.7  571s
*113536 66245              93      81.0000000   35.00000  56.8%  54.7  571s
 114883 67395     cutoff   60        81.00000   35.00000  56.8%  54.9  587s
 116630 68751   54.00000   43  176   81.00000   35.00000  56.8%  55.4  605s
 118442 69976 infeasible   80        81.00000   35.00000  56.8%  55.7  624s
*119574 67815              77      80.0000000   35.00000  56.3%  55.9  625s
 120365 69838   76.00000   51  175   80.00000   35.00000  56.3%  56.0  649s
 123365 70719     cutoff   49        80.00000   35.00000  56.3%  56.1  662s
 124881 72664   73.00000   47  196   80.00000   35.00000  56.3%  56.5  690s
 127672 77777   51.00000   45  243   80.00000   35.00000  56.3%  57.0  727s
 135110 78874   54.00000   65  200   80.00000   35.00000  56.3%  56.2  742s
 136659 80022   35.63094   34  205   80.00000   35.00000  56.3%  56.4  756s
 138128 81045 infeasible   95        80.00000   35.00000  56.3%  56.7  772s
 139747 82135 infeasible   62        80.00000   35.00000  56.3%  56.9  790s
 141559 83607   62.00000   29  163   80.00000   35.00000  56.3%  57.2  811s
 143589 85120   78.00000   55  121   80.00000   35.00000  56.3%  57.5  831s
 145616 88158   79.00000   64  112   80.00000   35.00000  56.3%  57.8  854s
 150257 88780   66.00000   59  213   80.00000   35.00000  56.3%  57.3  861s
 151188 89609   58.00000   38  240   80.00000   35.00000  56.3%  57.4  872s
 152382 90663   79.00000   73  135   80.00000   35.00000  56.3%  57.6  884s
 153760 91659 infeasible   61        80.00000   35.00000  56.3%  57.8  900s
 155339 92897   78.00000   77   38   80.00000   35.00000  56.3%  58.0  919s
 157109 95607   44.00000   41  165   80.00000   35.00000  56.3%  58.2  943s
 161444 96437 infeasible  101        80.00000   35.00000  56.3%  57.7  958s
 162926 97539   55.00000   38  152   80.00000   35.00000  56.3%  57.9  971s
 164626 98753   35.20647   37  229   80.00000   35.00000  56.3%  58.1  991s
 166316 100063     cutoff   62        80.00000   35.00000  56.3%  58.3 1011s
 168160 101164   79.00000   43  215   80.00000   35.00000  56.3%  58.5 1028s
 169778 105844   61.00000   46  213   80.00000   35.00000  56.3%  58.8 1069s
 176473 106718   73.00000   43  222   80.00000   35.00000  56.3%  58.2 1084s
 177781 107721 infeasible   70        80.00000   35.00000  56.3%  58.4 1098s
 179255 109104   58.00000   40  150   80.00000   35.00000  56.3%  58.6 1114s
 180957 110174   69.00000   67  172   80.00000   35.00000  56.3%  58.8 1133s
 182611 111579   58.00000   42  259   80.00000   35.00000  56.3%  59.0 1156s
 184366 112884   78.00000   66  127   80.00000   35.00000  56.3%  59.2 1178s
 186312 114567   77.00000   57  123   80.00000   35.00000  56.3%  59.4 1205s
 188633 117621   64.00000   53  176   80.00000   35.00000  56.3%  59.6 1238s
 193041 118781   46.00000   27  169   80.00000   35.00000  56.3%  59.3 1258s
 194744 120683   64.00000   39  190   80.00000   35.00000  56.3%  59.5 1283s
 197373 122654   72.00000   64  181   80.00000   35.00000  56.3%  59.7 1317s
 200129 127487   74.00000   59  138   80.00000   35.00000  56.3%  59.9 1359s
 207442 128352 infeasible   80        80.00000   35.00000  56.3%  59.2 1380s
 208865 129446 infeasible   73        80.00000   35.00000  56.3%  59.4 1397s
 210545 130742   35.20929   39  233   80.00000   35.00000  56.3%  59.6 1420s
 212486 131920 infeasible   60        80.00000   35.00000  56.3%  59.7 1445s
 214378 133308   44.00000   47  191   80.00000   35.00000  56.3%  59.9 1474s
 216423 134454   64.00000   80  178   80.00000   35.00000  56.3%  60.2 1497s
 218111 136268   78.00000   56  234   80.00000   35.00000  56.3%  60.3 1534s
 220752 138001   77.00000   75  102   80.00000   35.00000  56.3%  60.6 1571s
 223314 139843   35.37986   42  235   80.00000   35.00000  56.3%  60.8 1611s
 226041 144743   35.69284   35  208   80.00000   35.00000  56.3%  61.0 1660s
 232973 146292   62.00000   42  212   80.00000   35.00000  56.3%  60.6 1685s
 235031 147652   79.00000   48  158   80.00000   35.00000  56.3%  60.7 1710s
 237033 149089   49.00000   35  192   80.00000   35.00000  56.3%  60.8 1735s
 239139 150170   55.00000   49  213   80.00000   35.00000  56.3%  61.0 1759s
 240887 151989   69.00000   47  164   80.00000   35.00000  56.3%  61.1 1797s
 243576 153583 infeasible   64        80.00000   35.00000  56.3%  61.3 1835s
 246256 155298   71.00000   57  190   80.00000   35.00000  56.3%  61.5 1873s
 248793 157064   49.00000   49  243   80.00000   35.00000  56.3%  61.7 1913s
 251358 159285   76.00000   56  128   80.00000   35.00000  56.3%  61.9 1952s
 254396 161156   35.00000   33  232   80.00000   35.00000  56.3%  62.1 1991s
 257069 165984   79.00000   58   98   80.00000   35.00000  56.3%  62.3 2028s
 263505 165984   57.00000   38  176   80.00000   35.00000  56.3%  61.8 2030s
 264352 167206 infeasible   57        80.00000   35.00000  56.3%  61.7 2057s
 266097 169014   40.52532   39  225   80.00000   35.00000  56.3%  61.8 2096s
 268819 171040   67.00000   49  172   80.00000   35.00000  56.3%  62.0 2137s
 271595 173064   49.00000   34  163   80.00000   35.00000  56.3%  62.1 2174s
 274134 174833   74.00000   56  128   80.00000   35.00000  56.3%  62.4 2215s
 276896 176567   35.23185   38  281   80.00000   35.00000  56.3%  62.5 2254s
 278057 176567   39.00000   31  211   80.00000   35.00000  56.3%  62.6 2255s
 279425 181127   49.00000   26  203   80.00000   35.00000  56.3%  62.7 2306s
 286193 182357   39.00000   28  190   80.00000   35.00000  56.3%  62.2 2328s
 287991 184266   62.00000   30  179   80.00000   35.00000  56.3%  62.4 2359s
 290104 184266   57.00000   51  188   80.00000   35.00000  56.3%  62.5 2360s
 290756 186088   71.00000   41  149   80.00000   35.00000  56.3%  62.5 2399s
 293407 187999   35.00000   36  205   80.00000   35.00000  56.3%  62.6 2438s
 296134 189996   64.00000   51  223   80.00000   35.00000  56.3%  62.8 2478s
 298901 191701   35.33687   30  236   80.00000   35.00000  56.3%  62.9 2511s
 301602 193715   72.00000   42  177   80.00000   35.00000  56.3%  63.0 2550s
 304292 198213   40.00000   31  186   80.00000   35.00000  56.3%  63.2 2603s
 311154 199485 infeasible   84        80.00000   35.00000  56.3%  62.7 2629s
 312917 201499 infeasible   79        80.00000   35.00000  56.3%  62.8 2663s
 315725 203249   64.00000   48  160   80.00000   35.00000  56.3%  63.0 2707s
 318358 205004   37.00000   44  187   80.00000   35.00000  56.3%  63.1 2750s
 321079 206877   77.00000   46  201   80.00000   35.00000  56.3%  63.2 2794s
 323805 208936   79.00000   57  187   80.00000   35.00000  56.3%  63.3 2838s
 326564 213409   50.00000   36  208   80.00000   35.00000  56.3%  63.4 2881s
 333396 214497   78.00000   62  196   80.00000   35.00000  56.3%  62.9 2913s
 335204 216390 infeasible   57        80.00000   35.00000  56.3%  63.0 2957s
 337938 218382   71.00000   54  172   80.00000   35.00000  56.3%  63.1 3003s
 340676 220261   49.00000   45  219   80.00000   35.00000  56.3%  63.3 3049s
 343386 222154   35.38786   38  244   80.00000   35.00000  56.3%  63.4 3096s
 346075 224288   58.00000   47  233   80.00000   35.00000  56.3%  63.5 3142s
 348960 226232   35.16100   34  281   80.00000   35.00000  56.3%  63.6 3181s
 351728 228253   78.00000   50  206   80.00000   35.00000  56.3%  63.7 3225s
 354422 232842   41.00000   47  219   80.00000   35.00000  56.3%  63.8 3285s
 361308 234169 infeasible   87        80.00000   35.00000  56.3%  63.4 3312s
 363179 236141   58.00000   33  200   80.00000   35.00000  56.3%  63.4 3350s
 365884 237964   36.11878   48  226   80.00000   35.00000  56.3%  63.6 3396s
 368474 240013   77.00000   61  161   80.00000   35.00000  56.3%  63.6 3443s
 371144 241969   70.00000   92  109   80.00000   35.00000  56.3%  63.8 3482s
 373848 244026   46.00000   35  227   80.00000   35.00000  56.3%  63.9 3526s
 376538 245805 infeasible   86        80.00000   35.00000  56.3%  64.1 3573s
 379259 250398   65.00000   52  209   80.00000   35.00000  56.3%  64.1 3636s
 386357 251791   59.00000   55  199   80.00000   35.00000  56.3%  63.7 3665s
 388274 253620   76.00000   52  137   80.00000   35.00000  56.3%  63.7 3704s
 390811 255434   35.37030   40  290   80.00000   35.00000  56.3%  63.9 3746s
 393469 257272   68.00000   53  188   80.00000   35.00000  56.3%  63.9 3795s
 396045 258933   58.00000   78  168   80.00000   35.00000  56.3%  64.1 3846s
 398532 260992   51.00000   49  240   80.00000   35.00000  56.3%  64.2 3897s
 401345 262906   75.00000   45  186   80.00000   35.00000  56.3%  64.3 3947s
 404072 264872   75.00000   73  248   80.00000   35.00000  56.3%  64.4 3996s
 406745 266863   51.00000   42  178   80.00000   35.00000  56.3%  64.5 4048s
 409538 270164   75.00000   54  183   80.00000   35.00000  56.3%  64.6 4080s
 414487 270921 infeasible   57        80.00000   35.00000  56.3%  64.3 4099s
 415474 271787   51.00000   40  203   80.00000   35.00000  56.3%  64.4 4122s
 416674 272813   71.00000   59  235   80.00000   35.00000  56.3%  64.4 4148s
 418098 273961   35.56279   38  227   80.00000   35.00000  56.3%  64.5 4176s
 419600 275151   65.00000   98  119   80.00000   35.00000  56.3%  64.5 4208s
 421341 276270   79.00000   58  120   80.00000   35.00000  56.3%  64.6 4241s
 422983 277737   77.00000   56  177   80.00000   35.00000  56.3%  64.7 4277s
 424924 279238   60.00000   40  231   80.00000   35.00000  56.3%  64.7 4310s
 427041 280478   64.00000   37  202   80.00000   35.00000  56.3%  64.8 4348s
 429092 281920   35.18151   32  211   80.00000   35.00000  56.3%  64.9 4391s
 431361 283157   72.00000   63  152   80.00000   35.00000  56.3%  65.0 4428s
 433143 285149   62.00000   54  129   80.00000   35.00000  56.3%  65.1 4482s
 435985 289067   75.00000   58  163   80.00000   35.00000  56.3%  65.2 4548s
 441702 290292   48.00000   38  174   80.00000   35.00000  56.3%  64.9 4579s
 442918 290292   79.00000   72  113   80.00000   35.00000  56.3%  64.9 4580s
 443498 291790   41.00000   32  207   80.00000   35.00000  56.3%  65.0 4610s
 445502 293243   55.00000   57  215   80.00000   35.00000  56.3%  65.0 4642s
 447634 294717   37.22018   33  248   80.00000   35.00000  56.3%  65.1 4684s
 449780 296261   77.00000   55  173   80.00000   35.00000  56.3%  65.2 4724s
 451059 296261 infeasible   57        80.00000   35.00000  56.3%  65.2 4725s
 452046 297974   79.00000   43  154   80.00000   35.00000  56.3%  65.2 4767s
 454532 299145   35.00000   32  166   80.00000   35.00000  56.3%  65.3 4803s
 456439 301102 infeasible   64        80.00000   35.00000  56.3%  65.3 4839s
 459256 302952   47.00000   43  164   80.00000   35.00000  56.3%  65.4 4884s
 461833 304865 infeasible   84        80.00000   35.00000  56.3%  65.5 4934s
 464564 306561   57.00000   48  190   80.00000   35.00000  56.3%  65.5 4986s
 467169 308490     cutoff   54        80.00000   35.00000  56.3%  65.6 5034s
 469786 310320   65.00000   57  214   80.00000   35.00000  56.3%  65.7 5083s
 472407 314462   60.00000   25  174   80.00000   35.00000  56.3%  65.8 5129s
 478108 315876 infeasible   70        80.00000   35.00000  56.3%  65.6 5169s
 479988 315876   44.00000   44  166   80.00000   35.00000  56.3%  65.6 5170s
 480094 317805   79.00000   49  192   80.00000   35.00000  56.3%  65.7 5223s
 482929 319400   62.00000   39  209   80.00000   35.00000  56.3%  65.7 5270s
 485493 321447   71.00000   42  201   80.00000   35.00000  56.3%  65.7 5322s
 488190 323018     cutoff   68        80.00000   35.00000  56.3%  65.8 5363s
 490705 324680   75.00000   53  161   80.00000   35.00000  56.3%  65.9 5414s
 493416 326653   78.00000   56  125   80.00000   35.00000  56.3%  65.9 5465s
 496212 328407   38.00000   32  221   80.00000   35.00000  56.3%  66.0 5516s
 498833 330213   77.00000   66  137   80.00000   35.00000  56.3%  66.0 5569s
 501450 331691   79.00000   69  153   80.00000   35.00000  56.3%  66.1 5601s
 503476 333547   78.00000   71  111   80.00000   35.00000  56.3%  66.1 5653s
*505637 306613              93      79.0000000   35.00000  55.7%  66.1 5654s
 506148 311032   75.00000   50  221   79.00000   35.00000  55.7%  66.1 5724s
 510733 311032   78.00000   60  129   79.00000   35.00000  55.7%  65.9 5726s
 513105 312144 infeasible  119        79.00000   35.00000  55.7%  65.8 5752s
 514616 313337   77.00000   75  151   79.00000   35.00000  55.7%  65.8 5778s
 516325 314722   62.00000   46  138   79.00000   35.00000  55.7%  65.8 5806s
 518153 316158   74.00000   64  113   79.00000   35.00000  55.7%  65.9 5835s
 520038 317388   45.00000   44  194   79.00000   35.00000  55.7%  65.9 5874s
 521833 318788   75.00000   59  182   79.00000   35.00000  55.7%  66.0 5916s
 523849 320033   58.00000   42  198   79.00000   35.00000  55.7%  66.0 5956s
 525697 321845   78.00000   62  122   79.00000   35.00000  55.7%  66.1 6011s
 528536 323694   74.00000   64  131   79.00000   35.00000  55.7%  66.2 6058s
 531259 325631   48.00000   45  215   79.00000   35.00000  55.7%  66.2 6114s
 534050 327670 infeasible   49        79.00000   35.00000  55.7%  66.3 6168s
 536870 329405     cutoff   76        79.00000   35.00000  55.7%  66.4 6223s
 539402 331183   62.00000   45  230   79.00000   35.00000  55.7%  66.4 6278s
 542044 333301   75.00000   82  112   79.00000   35.00000  55.7%  66.5 6328s
 544834 335222   77.00000   57  188   79.00000   35.00000  55.7%  66.6 6384s
 547573 336676 infeasible   75        79.00000   35.00000  55.7%  66.6 6425s
 549586 338683   75.00000   61  106   79.00000   35.00000  55.7%  66.7 6468s
 552352 340448   35.04154   33  209   79.00000   35.00000  55.7%  66.7 6520s
 554999 342391   54.00000   41  176   79.00000   35.00000  55.7%  66.8 6571s
 557656 345271   61.00000   43  232   79.00000   35.00000  55.7%  66.9 6631s
 561931 346876   78.00000   54  120   79.00000   35.00000  55.7%  66.7 6670s
 564285 348374   67.00000   47  184   79.00000   35.00000  55.7%  66.8 6719s
 564688 348374   37.61288   34  247   79.00000   35.00000  55.7%  66.8 6720s
 566500 350131   76.00000   61  171   79.00000   35.00000  55.7%  66.8 6770s
 569064 351835   69.00000   41  294   79.00000   35.00000  55.7%  66.9 6812s
 571551 353253 infeasible   56        79.00000   35.00000  55.7%  66.9 6854s
 573595 355278   78.00000   74   48   79.00000   35.00000  55.7%  66.9 6905s
 576204 357145   37.00000   30  181   79.00000   35.00000  55.7%  67.0 6960s
 578873 360432   72.00000   61  124   79.00000   35.00000  55.7%  67.1 7004s
 582589 360432   78.00000   81   74   79.00000   35.00000  55.7%  67.0 7006s
 583631 361958   55.00000   30  159   79.00000   35.00000  55.7%  66.9 7050s
 585883 363418   68.00000   65  162   79.00000   35.00000  55.7%  67.0 7093s
 588089 365010   57.00000   35  131   79.00000   35.00000  55.7%  67.0 7141s
 590286 366714   74.00000   86  128   79.00000   35.00000  55.7%  67.0 7189s
 592732 368520 infeasible   54        79.00000   35.00000  55.7%  67.1 7226s
 595184 370030   78.00000   63  144   79.00000   35.00000  55.7%  67.2 7267s
 597219 371823   47.00000   49  181   79.00000   35.00000  55.7%  67.2 7321s
 599887 373948 infeasible   92        79.00000   35.00000  55.7%  67.2 7374s
 602747 378792   74.00000   54  158   79.00000   35.00000  55.7%  67.3 7429s
 610222 380033   35.00000   33  167   79.00000   35.00000  55.7%  66.9 7457s
 611857 381251   35.41350   31  224   79.00000   35.00000  55.7%  67.0 7487s
 613597 382481   62.00000   34  183   79.00000   35.00000  55.7%  67.0 7526s
 615376 383744     cutoff   60        79.00000   35.00000  55.7%  67.0 7566s
 617251 384908   78.00000   61  106   79.00000   35.00000  55.7%  67.1 7607s
 619225 387076   77.00000   65  105   79.00000   35.00000  55.7%  67.1 7663s
 622052 388895   36.19333   26  223   79.00000   35.00000  55.7%  67.2 7708s
 624755 390853   35.00000   25  188   79.00000   35.00000  55.7%  67.2 7764s
 627472 392947   35.00000   32  203   79.00000   35.00000  55.7%  67.2 7817s
 630137 394704 infeasible   67        79.00000   35.00000  55.7%  67.3 7873s
 632713 396387   58.00000   33  216   79.00000   35.00000  55.7%  67.4 7929s
 635143 398390   50.00000   27  160   79.00000   35.00000  55.7%  67.4 7980s
 637854 400425   78.00000   50  147   79.00000   35.00000  55.7%  67.5 8035s
 640592 401926   35.67006   25  234   79.00000   35.00000  55.7%  67.6 8079s
 642659 403878 infeasible   70        79.00000   35.00000  55.7%  67.6 8133s
 645348 405636 infeasible   67        79.00000   35.00000  55.7%  67.6 8179s
 647886 405636     cutoff   47        79.00000   35.00000  55.7%  67.7 8180s
 648021 407582   78.00000   61  116   79.00000   35.00000  55.7%  67.7 8236s
 650770 409388   60.00000   39  156   79.00000   35.00000  55.7%  67.7 8297s
 653442 411213   74.00000   55  194   79.00000   35.00000  55.7%  67.8 8356s
 656199 412923     cutoff   89        79.00000   35.00000  55.7%  67.8 8405s
 658673 414985   77.00000   60  138   79.00000   35.00000  55.7%  67.8 8463s
 661349 416935   75.00000   51  222   79.00000   35.00000  55.7%  67.9 8524s
 664122 418277   68.00000   42  182   79.00000   35.00000  55.7%  67.9 8570s
 666145 420303   48.00000   39  199   79.00000   35.00000  55.7%  68.0 8620s
 668992 422175   78.00000   82   80   79.00000   35.00000  55.7%  68.0 8679s
 670058 422175   76.00000   70  106   79.00000   35.00000  55.7%  68.0 8680s
 671685 423937 infeasible   66        79.00000   35.00000  55.7%  68.0 8736s
 674299 426047   37.52172   37  232   79.00000   35.00000  55.7%  68.1 8794s
 677059 428367   73.00000   43  235   79.00000   35.00000  55.7%  68.1 8851s
 680172 430130   71.00000  101  111   79.00000   35.00000  55.7%  68.2 8897s
 682724 431886   39.00000   31  183   79.00000   35.00000  55.7%  68.2 8955s
 685310 433710   57.00000   46  186   79.00000   35.00000  55.7%  68.2 9013s
 687900 435292   69.00000   39  181   79.00000   35.00000  55.7%  68.2 9059s
 690033 437286   47.00000   34  197   79.00000   35.00000  55.7%  68.3 9102s
 692821 441098   76.00000   66   89   79.00000   35.00000  55.7%  68.3 9171s
 698719 442200 infeasible   83        79.00000   35.00000  55.7%  68.1 9203s
 700359 443415   78.00000   59  162   79.00000   35.00000  55.7%  68.1 9237s
 702155 444994   78.00000   74   70   79.00000   35.00000  55.7%  68.1 9281s
 704207 446433   35.54318   43  252   79.00000   35.00000  55.7%  68.1 9316s
 706275 447726 infeasible   76        79.00000   35.00000  55.7%  68.2 9363s
 708338 449260   50.00000   38  180   79.00000   35.00000  55.7%  68.2 9415s
 710566 450698   62.00000   47  189   79.00000   35.00000  55.7%  68.2 9465s
 712605 452438   76.00000   88  126   79.00000   35.00000  55.7%  68.2 9515s
 715267 454514   71.00000   48  159   79.00000   35.00000  55.7%  68.3 9574s
 717974 456287 infeasible   71        79.00000   35.00000  55.7%  68.4 9636s
 720593 458254   73.00000   58  114   79.00000   35.00000  55.7%  68.4 9696s
 723371 460110   64.00000   69  158   79.00000   35.00000  55.7%  68.4 9760s
 726099 462029   37.21458   35  176   79.00000   35.00000  55.7%  68.5 9812s
 728853 463876   76.00000   47  155   79.00000   35.00000  55.7%  68.5 9875s
 731608 465712   74.00000   52  199   79.00000   35.00000  55.7%  68.5 9939s
 734207 467300   50.00000   40  189   79.00000   35.00000  55.7%  68.6 9986s
 736290 469105   70.00000   39  169   79.00000   35.00000  55.7%  68.6 10045s
 738888 471111   78.00000   63  148   79.00000   35.00000  55.7%  68.7 10096s
 741673 473031 infeasible   61        79.00000   35.00000  55.7%  68.7 10156s
 744253 474810   72.00000   62  171   79.00000   35.00000  55.7%  68.7 10218s
 747038 476913   76.00000   74  110   79.00000   35.00000  55.7%  68.8 10280s
 749798 478822   67.00000   83   98   79.00000   35.00000  55.7%  68.8 10330s
 752478 480786     cutoff   77        79.00000   35.00000  55.7%  68.9 10395s
 755258 482929   35.00000   28  171   79.00000   35.00000  55.7%  68.9 10453s
 757825 484133   64.00000   65  171   79.00000   35.00000  55.7%  69.0 10497s
 759659 486320 infeasible   64        79.00000   35.00000  55.7%  69.0 10567s
 762723 488438   76.00000   46  180   79.00000   35.00000  55.7%  69.0 10614s
 765558 490218   53.00000   73  189   79.00000   35.00000  55.7%  69.1 10677s
 768188 492287   35.19977   34  282   79.00000   35.00000  55.7%  69.1 10740s
 770969 494122   78.00000   46  120   79.00000   35.00000  55.7%  69.2 10800s

Cutting planes:
  Learned: 8847
  Gomory: 51
  Cover: 77
  Implied bound: 4
  MIR: 361
  StrongCG: 2
  Flow cover: 885
  GUB cover: 21
  Inf proof: 1
  Zero half: 10
  Relax-and-lift: 96

Explored 773567 nodes (53531037 simplex iterations) in 10802.00 seconds (646.38 work units)
Thread count was 18 (of 36 available processors)

Solution count 10: 79 80 81 ... 88

Time limit reached
Best objective 7.900000000000e+01, best bound 3.500000000000e+01, gap 55.6962%
