
Gurobi 11.0.0 (win64) logging started Fri May  3 19:47:18 2024

Set parameter LogFile to value "./Results/StripPacking-CutHeurRuns/Logs/RU-111-StripPacking-15.log"
Set parameter TimeLimit to value 10800
Set parameter Cuts to value 1
Set parameter Presolve to value 1
Set parameter Heuristics to value 1
Set parameter LPWarmStart to value 2
Gurobi Optimizer version 11.0.0 build v11.0.0rc2 (win64 - Windows 10.0 (19045.2))

CPU model: Intel(R) Core(TM) i9-10980XE CPU @ 3.00GHz, instruction set [SSE2|AVX|AVX2|AVX512]
Thread count: 18 physical cores, 36 logical processors, using up to 18 threads

Optimize a model with 1590 rows, 451 columns and 4230 nonzeros
Model fingerprint: 0xa9aecb72
Variable types: 31 continuous, 420 integer (420 binary)
Coefficient statistics:
  Matrix range     [1e+00, 1e+04]
  Objective range  [1e+00, 1e+00]
  Bounds range     [1e+00, 1e+04]
  RHS range        [1e+00, 1e+04]

Warning: Completing partial solution with 420 unfixed non-continuous variables out of 420
User MIP start produced solution with objective 71.5 (0.00s)
Loaded user MIP start with objective 71.5

Presolve removed 210 rows and 0 columns
Presolve time: 0.00s
Presolved: 1380 rows, 451 columns, 4382 nonzeros
Variable types: 31 continuous, 420 integer (420 binary)

Root relaxation: objective 3.300000e+01, 374 iterations, 0.01 seconds (0.01 work units)

    Nodes    |    Current Node    |     Objective Bounds      |     Work
 Expl Unexpl |  Obj  Depth IntInf | Incumbent    BestBd   Gap | It/Node Time

     0     0   33.00000    0   21   71.50000   33.00000  53.8%     -    0s
H    0     0                      69.0000000   33.00000  52.2%     -    0s
     0     0   33.00000    0   34   69.00000   33.00000  52.2%     -    0s
     0     0   33.00000    0   30   69.00000   33.00000  52.2%     -    0s
     0     0   33.00000    0   28   69.00000   33.00000  52.2%     -    0s
     0     0   33.00000    0   28   69.00000   33.00000  52.2%     -    0s
     0     0   33.00000    0   27   69.00000   33.00000  52.2%     -    0s
     0     0   33.00000    0   36   69.00000   33.00000  52.2%     -    0s
     0     0   33.00000    0   22   69.00000   33.00000  52.2%     -    0s
H    0     0                      68.0000000   33.00000  51.5%     -    0s
     0     0   33.00000    0   25   68.00000   33.00000  51.5%     -    0s
     0     0   33.00000    0   23   68.00000   33.00000  51.5%     -    0s
     0     0   33.00000    0   23   68.00000   33.00000  51.5%     -    0s
H    0     0                      66.0000000   33.00000  50.0%     -    0s
     0     2   33.00000    0   23   66.00000   33.00000  50.0%     -    0s
H   70    83                      63.0000000   33.00000  47.6%  27.6    0s
H   85   100                      61.0000000   33.00000  45.9%  25.6    0s
H  157   171                      59.0000000   33.00000  44.1%  22.5    1s
H  210   239                      57.0000000   33.00000  42.1%  20.4    1s
H  308   308                      56.0000000   33.00000  41.1%  19.7    3s
H  321   308                      55.0000000   33.00000  40.0%  19.7    3s
H  397   367                      55.0000000   33.00000  40.0%  19.2    6s
H  421   385                      52.0000000   33.00000  36.5%  19.3    7s
H  509   463                      52.0000000   33.00000  36.5%  19.7    7s
H  540   478                      51.0000000   33.00000  35.3%  19.7    9s
   843   684   33.00000    6   34   51.00000   33.00000  35.3%  18.0   11s
H 1225   934                      51.0000000   33.00000  35.3%  16.5   14s
  1276  1244   50.00000   18   50   51.00000   33.00000  35.3%  16.7   15s
  2167  1541   50.00000   30   48   51.00000   33.00000  35.3%  15.6   20s
  2820  1805   45.00000   26   40   51.00000   33.00000  35.3%  15.7   26s
H 3140  1711                      50.0000000   33.00000  34.0%  15.5   27s
  3465  1877   35.13559   25   36   50.00000   33.00000  34.0%   3.6   32s
  3626  1954   48.00000   30   51   50.00000   33.00000  34.0%   5.1   35s
  3800  1955     cutoff   33        50.00000   33.00000  34.0%   6.8   41s
  4369  2072 infeasible   33        50.00000   33.00000  34.0%  12.7   47s
  4426  2116   46.00000   34   33   50.00000   33.00000  34.0%  13.3   50s
  4904  2204   46.00000   44   32   50.00000   33.00000  34.0%  16.9   55s
  6049  2402   46.00000   30   33   50.00000   33.00000  34.0%  24.3   61s
  7152  2425   44.00000   45   48   50.00000   33.00000  34.0%  29.4   65s
  8515  2591   44.00000   34   34   50.00000   33.00000  34.0%  33.8   70s
  9865  3025   46.00000   41   34   50.00000   33.00000  34.0%  37.1   75s
 10597  3489   47.00000   54   64   50.00000   33.00000  34.0%  38.0   80s
 12404  4081   33.60561   39   55   50.00000   33.00000  34.0%  41.8   87s
 13565  4594   34.73148   34   52   50.00000   33.00000  34.0%  43.2   91s
 14178  5020   44.00000   37   32   50.00000   33.00000  34.0%  44.1   96s
 15761  5578 infeasible   38        50.00000   33.00000  34.0%  45.7  102s
 17028  5555   44.00000   31   38   50.00000   33.00000  34.0%  46.8  105s
 17124  5597   46.00000   37   43   50.00000   33.00000  34.0%  46.9  113s
 17226  5616   46.00000   38   44   50.00000   33.00000  34.0%  47.0  115s
 17946  5998   46.00000   42   25   50.00000   33.00000  34.0%  47.6  121s
 18481  6297   47.00000   36   48   50.00000   33.00000  34.0%  47.7  125s
 20286  6956   33.00000   37   48   50.00000   33.00000  34.0%  48.9  131s
 21147  7016 infeasible   38        50.00000   33.00000  34.0%  49.6  135s
 22058  7983   47.00000   32   45   50.00000   33.00000  34.0%  49.8  142s
 24062  8198   47.00000   33   42   50.00000   33.00000  34.0%  51.3  145s
 25954  8710   33.62236   32   79   50.00000   33.00000  34.0%  52.1  151s
 26598  9161 infeasible   33        50.00000   33.00000  34.0%  52.4  155s
 28069  9336   48.00000   46   61   50.00000   33.00000  34.0%  52.6  161s
 28578 10065   44.00000   35   67   50.00000   33.00000  34.0%  52.7  167s
 31385 10047   46.00000   37   42   50.00000   33.00000  34.0%  53.1  171s
 31445 10444   46.00000   38   41   50.00000   33.00000  34.0%  53.1  175s
 32754 10550   46.00000   39   38   50.00000   33.00000  34.0%  53.1  180s
 34875 11061 infeasible   38        50.00000   35.00000  30.0%  53.2  189s
 34990 12019   49.00000   38   25   50.00000   35.00000  30.0%  53.2  195s
 38035 12109   48.00000   33   33   50.00000   35.00000  30.0%  53.7  202s
 38418 12450 infeasible   33        50.00000   35.00000  30.0%  53.8  206s
 39428 12742   46.00000   33   52   50.00000   35.00000  30.0%  53.9  211s
*40014 11552              39      49.0000000   35.00000  28.6%  53.9  211s
 40498 11837     cutoff   34        49.00000   35.00000  28.6%  54.1  218s
H40876 11837                      49.0000000   35.00000  28.6%  54.1  218s
 42832 11995   46.00000   39   62   49.00000   35.00000  28.6%  54.4  225s
 44120 12557 infeasible   40        49.00000   35.00000  28.6%  54.5  238s
 49132 12935 infeasible   34        49.00000   35.00000  28.6%  54.7  244s
 51438 12942 infeasible   30        49.00000   37.00000  24.5%  54.8  251s
 51465 13439   46.00000   34   43   49.00000   37.00000  24.5%  54.8  262s
 53545 13502   46.00000   39   31   49.00000   38.00000  22.4%  54.7  269s
 53938 13542   39.00000   33   43   49.00000   39.00000  20.4%  54.8  273s
 54028 13743   46.00000   36   43   49.00000   39.00000  20.4%  54.7  279s
 55378 13984   42.00000   42   57   49.00000   39.00000  20.4%  54.9  287s
 57447 14145 infeasible   40        49.00000   39.00000  20.4%  55.1  294s
 58745 14125   44.00000   43   52   49.00000   39.00000  20.4%  55.3  299s
 58831 14159 infeasible   44        49.00000   39.00000  20.4%  55.3  303s
 60477 14163     cutoff   33        49.00000   39.00000  20.4%  55.3  308s
 60515 14317     cutoff   34        49.00000   39.00000  20.4%  55.3  315s
 62211 14302   40.00000   33   57   49.00000   40.00000  18.4%  55.4  320s
 64268 14371   40.00000   34   50   49.00000   40.00000  18.4%  55.5  326s
 64928 14542   48.00000   37   46   49.00000   41.00000  16.3%  55.5  339s
 69361 14611 infeasible   32        49.00000   41.00000  16.3%  55.9  351s
 72299 15297   47.00000   39   48   49.00000   41.00000  16.3%  56.3  372s
 76361 15354 infeasible   46        49.00000   42.00000  14.3%  56.2  379s
 76968 15380 infeasible   41        49.00000   42.00000  14.3%  56.2  385s
 77187 15321 infeasible   47        49.00000   42.00000  14.3%  56.2  391s
 78800 15495   43.00000   41   55   49.00000   42.00000  14.3%  56.2  399s
 81605 15588     cutoff   42        49.00000   42.00000  14.3%  56.5  405s
 83461 15707 infeasible   37        49.00000   42.00000  14.3%  56.8  413s
 84753 16222 infeasible   39        49.00000   42.00000  14.3%  56.9  429s
 90880 16226 infeasible   34        49.00000   42.00000  14.3%  57.3  435s
 90912 16709 infeasible   35        49.00000   42.00000  14.3%  57.3  446s
 94962 16788   43.00000   33   62   49.00000   42.00000  14.3%  57.4  452s
 95587 18226 infeasible   34        49.00000   42.00000  14.3%  57.4  562s
 113605 18221 infeasible   33        49.00000   43.00000  12.2%  57.7  574s
 113646 18470   48.00000   34   41   49.00000   43.00000  12.2%  57.7  579s
 114781 18478   47.00000   41   40   49.00000   43.00000  12.2%  57.7  584s
 114809 18498 infeasible   42        49.00000   43.00000  12.2%  57.7  594s
 116404 18487 infeasible   34        49.00000   43.00000  12.2%  57.7  600s
 116451 18437   46.00000   30   45   49.00000   44.00000  10.2%  57.7  606s
 118098 18450 infeasible   45        49.00000   44.00000  10.2%  57.7  625s
 121823 18756   44.00000   39   33   49.00000   44.00000  10.2%  57.9  645s
 126433 18735   44.00000   39   31   49.00000   44.00000  10.2%  57.8  655s
 128326 18731   44.00000   41   43   49.00000   44.00000  10.2%  57.8  662s
 128454 18435 infeasible   44        49.00000   44.00000  10.2%  57.8  670s
 132005 18473   48.00000   44   47   49.00000   44.00000  10.2%  57.7  679s
 133238 18503   48.00000   45   45   49.00000   44.00000  10.2%  57.8  715s
 139208 18499   44.00000   33   66   49.00000   44.00000  10.2%  58.1  723s
 139565 18597     cutoff   34        49.00000   44.00000  10.2%  58.1  754s
 143169 18597 infeasible   31        49.00000   44.00000  10.2%  58.1  755s
 145016 18595   44.00000   40   52   49.00000   44.00000  10.2%  58.2  762s
 145231 18587 infeasible   41        49.00000   44.00000  10.2%  58.2  777s
 149351 18588 infeasible   43        49.00000   44.00000  10.2%  58.3  784s
 149651 18588   44.00000   41   42   49.00000   44.00000  10.2%  58.3  785s
 149772 18837   46.00000   39   39   49.00000   44.00000  10.2%  58.3  797s
 153159 18862     cutoff   41        49.00000   44.00000  10.2%  58.2  806s
 155886 19026   44.00000   45   49   49.00000   44.00000  10.2%  58.3  846s
 163854 19017   44.00000   36   50   49.00000   44.00000  10.2%  58.6  856s
 163907 19198   46.00000   37   51   49.00000   44.00000  10.2%  58.6  879s
 168584 19208   46.00000   44   29   49.00000   44.00000  10.2%  58.6  886s
 168658 19242 infeasible   45        49.00000   44.00000  10.2%  58.6  893s
 171265 19245   44.00000   40   53   49.00000   44.00000  10.2%  58.6  899s
 171497 19215 infeasible   41        49.00000   44.00000  10.2%  58.6  907s
 173855 19211   46.00000   30   48   49.00000   44.00000  10.2%  58.7  916s
 173913 19405 infeasible   31        49.00000   44.00000  10.2%  58.7  925s
 176158 19533   44.00000   36   53   49.00000   44.00000  10.2%  58.7  973s
 183546 19534 infeasible   36        49.00000   44.00000  10.2%  58.8  981s
 183581 19577   46.00000   36   37   49.00000   44.00000  10.2%  58.8  986s
 185680 19586   45.00000   39   29   49.00000   44.00000  10.2%  58.8  995s
 187079 19628   47.00000   39   45   49.00000   44.00000  10.2%  58.7 1005s
 188186 19599 infeasible   40        49.00000   44.00000  10.2%  58.7 1016s
 188685 19626 infeasible   40        49.00000   44.00000  10.2%  58.7 1021s
 189476 19560   46.00000   35   34   49.00000   44.00000  10.2%  58.7 1027s
 190344 19558     cutoff   40        49.00000   44.00000  10.2%  58.7 1032s
 191189 19548 infeasible   43        49.00000   44.00000  10.2%  58.7 1037s
 191330 19563   46.00000   33   46   49.00000   44.00000  10.2%  58.7 1044s
 193518 19578   46.00000   34   36   49.00000   44.00000  10.2%  58.5 1049s
 194081 19569   46.00000   35   39   49.00000   44.00000  10.2%  58.5 1074s
 198453 19603 infeasible   39        49.00000   44.00000  10.2%  58.6 1082s
 199408 20512 infeasible   39        49.00000   44.00000  10.2%  58.6 1201s
 216119 20513   47.00000   31   42   49.00000   45.00000  8.16%  58.4 1212s
 216154 20835   47.00000   32   39   49.00000   45.00000  8.16%  58.4 1222s
 218296 20850 infeasible   30        49.00000   45.00000  8.16%  58.3 1227s
 218343 20880 infeasible   31        49.00000   45.00000  8.16%  58.3 1232s
 218509 21049 infeasible   32        49.00000   45.00000  8.16%  58.3 1240s
 219599 21338   45.00000   30   62   49.00000   45.00000  8.16%  58.3 1249s
 221705 21433   47.00000   34   46   49.00000   45.00000  8.16%  58.3 1256s
 223323 22412   45.00000   35   69   49.00000   45.00000  8.16%  58.3 1313s
 233075 22415 infeasible   37        49.00000   45.00000  8.16%  58.2 1320s
 233108 22563   45.00000   31   40   49.00000   45.00000  8.16%  58.2 1328s
 234878 22566   45.00000   31   59   49.00000   45.00000  8.16%  58.3 1333s
 234927 22604   45.00000   32   56   49.00000   45.00000  8.16%  58.3 1339s
 235808 22641   46.00000   33   46   49.00000   45.00000  8.16%  58.3 1346s
 236534 22721   46.00000   35   46   49.00000   45.00000  8.16%  58.3 1352s
 237504 22766 infeasible   46        49.00000   45.00000  8.16%  58.3 1362s
 238288 22839 infeasible   37        49.00000   45.00000  8.16%  58.3 1370s
 239824 22831 infeasible   31        49.00000   45.00000  8.16%  58.3 1377s
 240372 22832   46.00000   35   27   49.00000   45.00000  8.16%  58.3 1383s
 240577 22823 infeasible   41        49.00000   45.00000  8.16%  58.3 1389s
 242050 22830 infeasible   39        49.00000   45.00000  8.16%  58.2 1397s
 243021 22793 infeasible   43        49.00000   45.00000  8.16%  58.2 1406s
 245362 22939   46.00000   32   57   49.00000   46.00000  6.12%  58.1 1421s
 248113 22986   46.00000   33   46   49.00000   46.00000  6.12%  58.1 1476s
 256583 22984   46.00000   40   42   49.00000   46.00000  6.12%  58.1 1485s
 256796 22988   46.00000   41   42   49.00000   46.00000  6.12%  58.1 1492s
 256980 23011   46.00000   43   40   49.00000   46.00000  6.12%  58.1 1503s
 257525 23113 infeasible   44        49.00000   46.00000  6.12%  58.1 1517s
 260229 23117 infeasible   39        49.00000   46.00000  6.12%  58.0 1526s
 260261 23235   47.00000   36   40   49.00000   46.00000  6.12%  58.0 1549s
 263727 23255   48.00000   40   32   49.00000   46.00000  6.12%  58.0 1558s
 264019 23188 infeasible   41        49.00000   46.00000  6.12%  58.0 1568s
 266476 23202   46.00000   42   36   49.00000   46.00000  6.12%  57.9 1576s
 266881 23223   46.00000   43   30   49.00000   46.00000  6.12%  57.9 1585s
 267082 23246 infeasible   45        49.00000   46.00000  6.12%  57.9 1596s
 269256 23250   46.00000   44   53   49.00000   46.00000  6.12%  57.9 1612s
 271311 23277   46.00000   32   29   49.00000   46.00000  6.12%  57.9 1625s
 275703 23330   46.00000   42   53   49.00000   46.00000  6.12%  57.6 1643s
 277842 23443 infeasible   43        49.00000   46.00000  6.12%  57.6 1678s
 282725 23467 infeasible   42        49.00000   46.00000  6.12%  57.6 1690s
 283725 23543 infeasible   43        49.00000   46.00000  6.12%  57.6 1709s
 287229 23544   46.00000   40   26   49.00000   46.00000  6.12%  57.6 1725s
 287286 23673     cutoff   41        49.00000   46.00000  6.12%  57.6 1766s
 292884 23680 infeasible   41        49.00000   46.00000  6.12%  57.6 1777s
 293249 23733 infeasible   36        49.00000   46.00000  6.12%  57.6 1847s
 301415 23732 infeasible   31        49.00000   46.00000  6.12%  57.7 1857s
 301510 23830 infeasible   35        49.00000   46.00000  6.12%  57.7 1874s
 304197 23837   46.00000   35   23   49.00000   46.00000  6.12%  57.8 1882s
 304228 23964   46.00000   36   20   49.00000   46.00000  6.12%  57.8 1890s
 305329 23973 infeasible   35        49.00000   46.00000  6.12%  57.7 1900s
 305356 23846 infeasible   35        49.00000   46.00000  6.12%  57.7 1905s
 306421 23830   46.00000   43   58   49.00000   46.00000  6.12%  57.7 1913s
 307155 23755   46.00000   44   48   49.00000   46.00000  6.12%  57.7 1923s
 308484 23754 infeasible   29        49.00000   46.00000  6.12%  57.6 1933s
 308687 23784 infeasible   33        49.00000   46.00000  6.12%  57.6 1943s
 310649 23833   46.00000   39   60   49.00000   46.00000  6.12%  57.5 1953s
 312678 23942   47.00000   40   48   49.00000   46.00000  6.12%  57.5 1975s
 315579 23992   48.00000   34   44   49.00000   46.00000  6.12%  57.6 1985s
 316319 23824 infeasible   35        49.00000   46.00000  6.12%  57.6 2032s
 323460 23826 infeasible   37        49.00000   46.00000  6.12%  57.6 2048s
 323498 23967   46.00000   33   45   49.00000   46.00000  6.12%  57.6 2058s
 324549 23973 infeasible   45        49.00000   46.00000  6.12%  57.5 2067s
 325177 23893   46.00000   38   13   49.00000   46.00000  6.12%  57.5 2077s
 326636 23921   48.00000   35   40   49.00000   46.00000  6.12%  57.5 2107s
 329776 23979   46.00000   44   35   49.00000   46.00000  6.12%  57.5 2122s
 331153 24002 infeasible   43        49.00000   46.00000  6.12%  57.5 2146s
 334931 24021   46.00000   40   27   49.00000   46.00000  6.12%  57.5 2155s
 335320 24096 infeasible   45        49.00000   46.00000  6.12%  57.5 2191s
 340377 24121 infeasible   45        49.00000   46.00000  6.12%  57.5 2204s
 340466 23945 infeasible   31        49.00000   46.00000  6.12%  57.5 2339s
 344881 23945   48.00000   38   38   49.00000   46.00000  6.12%  57.5 2340s
 357177 23949   48.00000   34   26   49.00000   46.00000  6.12%  57.4 2352s
 358273 23994 infeasible   35        49.00000   46.00000  6.12%  57.4 2361s
 359445 23969     cutoff   27        49.00000   46.00000  6.12%  57.4 2373s
 361731 23963     cutoff   28        49.00000   46.00000  6.12%  57.4 2381s
 362133 23938   46.00000   36   45   49.00000   46.00000  6.12%  57.4 2417s
 367122 23956 infeasible   37        49.00000   46.00000  6.12%  57.4 2426s
 368076 24087 infeasible   36        49.00000   46.00000  6.12%  57.4 2482s
 375669 24090 infeasible   45        49.00000   46.00000  6.12%  57.5 2492s
 375823 24143   46.00000   38   51   49.00000   46.00000  6.12%  57.5 2513s
 378987 24132     cutoff   33        49.00000   46.00000  6.12%  57.5 2520s
 379230 24276 infeasible   43        49.00000   46.00000  6.12%  57.5 2541s
 381672 24275 infeasible   40        49.00000   46.00000  6.12%  57.5 2549s
 381990 24437   47.00000   40   30   49.00000   46.00000  6.12%  57.5 2582s
 385923 24440   46.00000   46   32   49.00000   46.00000  6.12%  57.5 2589s
 385958 24502   46.00000   47   38   49.00000   46.00000  6.12%  57.5 2601s
 387485 24625 infeasible   44        49.00000   46.00000  6.12%  57.5 2613s
 389709 24825   46.00000   34   40   49.00000   46.00000  6.12%  57.6 2628s
 390844 24927 infeasible   47        49.00000   46.00000  6.12%  57.5 2665s
 395705 25011   46.00000   37   58   49.00000   46.00000  6.12%  57.6 2687s
 398158 25035 infeasible   35        49.00000   46.00000  6.12%  57.6 2707s
 400802 25052   48.00000   34   22   49.00000   46.00000  6.12%  57.6 2718s
 402508 25207   48.00000   41   26   49.00000   46.00000  6.12%  57.7 2755s
 406881 25287 infeasible   32        49.00000   46.00000  6.12%  57.6 2766s
 408075 25468   48.00000   32   25   49.00000   46.00000  6.12%  57.7 2814s
 412364 25468 infeasible   43        49.00000   46.00000  6.12%  57.7 2815s
 414092 25465     cutoff   43        49.00000   46.00000  6.12%  57.7 2827s
 414131 25670 infeasible   44        49.00000   46.00000  6.12%  57.7 2872s
 419479 25718   46.00000   28   30   49.00000   46.00000  6.12%  57.8 2887s
 421606 25962   46.00000   42   40   49.00000   46.00000  6.12%  57.8 2972s
 431876 26030   46.00000   35   26   49.00000   46.00000  6.12%  57.9 2985s
 433183 26047     cutoff   32        49.00000   46.00000  6.12%  57.9 2992s
 433444 26184 infeasible   40        49.00000   46.00000  6.12%  57.9 3007s
 435220 26186   47.00000   33   37   49.00000   46.00000  6.12%  57.9 3016s
 435454 26223   47.00000   34   36   49.00000   46.00000  6.12%  57.9 3030s
 435975 26236   47.00000   43   34   49.00000   46.00000  6.12%  57.9 3043s
 437959 26231 infeasible   40        49.00000   46.00000  6.12%  57.9 3063s
 440514 26286 infeasible   37        49.00000   46.00000  6.12%  57.9 3071s
 441391 26402   46.00000   36   36   49.00000   46.00000  6.12%  57.9 3128s
 447296 26447     cutoff   40        49.00000   46.00000  6.12%  58.0 3138s
 448509 26462   46.00000   34   50   49.00000   46.00000  6.12%  58.0 3148s
 448606 26362 infeasible   35        49.00000   46.00000  6.12%  58.0 3158s
 451304 26359 infeasible   42        49.00000   46.00000  6.12%  57.9 3166s
 451851 26435   46.00000   27   45   49.00000   46.00000  6.12%  57.9 3190s
 454232 26504   46.00000   44   47   49.00000   46.00000  6.12%  58.0 3204s
 456013 26453   46.00000   45   51   49.00000   46.00000  6.12%  58.0 3215s
 458325 26465   46.00000   45   41   49.00000   46.00000  6.12%  57.9 3224s
 459384 26553 infeasible   46        49.00000   46.00000  6.12%  57.9 3283s
 465483 26594 infeasible   28        49.00000   46.00000  6.12%  58.0 3294s
 466812 26657 infeasible   35        49.00000   46.00000  6.12%  58.0 3306s
 467288 26672   46.00000   35   23   49.00000   46.00000  6.12%  58.0 3442s
 484155 26699 infeasible   46        49.00000   46.00000  6.12%  57.8 3455s
 484668 26774     cutoff   27        49.00000   46.00000  6.12%  57.8 3474s
 485244 26774   47.00000   40   36   49.00000   46.00000  6.12%  57.8 3475s
 487520 26817   46.00000   37   32   49.00000   46.00000  6.12%  57.9 3482s
 487877 26923   46.00000   38   32   49.00000   46.00000  6.12%  57.9 3527s
 492925 26921 infeasible   42        49.00000   46.00000  6.12%  57.8 3534s
 493278 26978   46.00000   35   42   49.00000   46.00000  6.12%  57.9 3566s
 496528 26992   46.00000   34   41   49.00000   46.00000  6.12%  57.9 3579s
 496648 27202 infeasible   35        49.00000   46.00000  6.12%  57.9 3651s
 503831 27219   47.00000   37   40   49.00000   46.00000  6.12%  57.9 3662s
 504141 27351   47.00000   38   38   49.00000   46.00000  6.12%  57.9 3680s
 506910 27353 infeasible   55        49.00000   46.00000  6.12%  57.9 3689s
 506944 27422 infeasible   55        49.00000   46.00000  6.12%  57.9 3718s
 510542 27418   46.00000   40   30   49.00000   46.00000  6.12%  57.9 3732s
 510582 27702   46.00000   41   28   49.00000   46.00000  6.12%  57.9 3758s
 513809 27707 infeasible   36        49.00000   46.00000  6.12%  57.8 3770s
 514129 27808 infeasible   35        49.00000   46.00000  6.12%  57.8 3801s
 518233 27842   46.00000   42   30   49.00000   46.00000  6.12%  57.9 3810s
 518455 27992   46.00000   42   26   49.00000   46.00000  6.12%  57.9 3881s
 525462 27998     cutoff   43        49.00000   46.00000  6.12%  57.9 3889s
 525644 28009     cutoff   43        49.00000   46.00000  6.12%  57.9 3896s
 525901 28070   46.00000   46   19   49.00000   46.00000  6.12%  57.9 3907s
 527255 28171 infeasible   38        49.00000   46.00000  6.12%  57.9 3934s
 530533 28181   46.00000   35   29   49.00000   46.00000  6.12%  57.9 3943s
 530559 28263 infeasible   36        49.00000   46.00000  6.12%  57.9 3988s
 535332 28286   46.00000   36   42   49.00000   46.00000  6.12%  57.9 3999s
 535982 28366   46.00000   37   38   49.00000   46.00000  6.12%  57.9 4015s
 538401 28393   46.00000   35   44   49.00000   46.00000  6.12%  58.0 4030s
 538491 28592   48.00000   48   16   49.00000   46.00000  6.12%  57.9 4049s
 541450 28615   46.00000   42   30   49.00000   46.00000  6.12%  57.9 4063s
 543282 28729     cutoff   46        49.00000   46.00000  6.12%  57.9 4233s
 558808 28738   46.00000   39   24   49.00000   46.00000  6.12%  57.9 4245s
 559043 28743   46.00000   40   22   49.00000   46.00000  6.12%  58.0 4253s
 559100 28745   46.00000   41   23   49.00000   46.00000  6.12%  58.0 4273s
 561439 28745     cutoff   38        49.00000   46.00000  6.12%  58.0 4284s
 561616 28754     cutoff   39        49.00000   46.00000  6.12%  58.0 4313s
 565083 28746 infeasible   44        49.00000   46.00000  6.12%  58.0 4323s
 565956 28359   46.00000   43   46   49.00000   46.00000  6.12%  58.0 4490s
 582799 28373   46.00000   40   37   49.00000   46.00000  6.12%  58.1 4505s
 582964 28394   46.00000   41   37   49.00000   46.00000  6.12%  58.1 4513s
 583115 28405 infeasible   43        49.00000   46.00000  6.12%  58.1 4525s
 583782 28433   46.00000   49   17   49.00000   46.00000  6.12%  58.1 4540s
 585830 28453 infeasible   38        49.00000   46.00000  6.12%  58.1 4553s
 586497 28607   46.00000   39   38   49.00000   46.00000  6.12%  58.0 4594s
 590831 28685   46.00000   29   47   49.00000   46.00000  6.12%  58.1 4609s
 592747 29268   46.00000   39   46   49.00000   46.00000  6.12%  58.1 4778s
 607942 29272   47.00000   30   24   49.00000   46.00000  6.12%  58.1 4794s
 607972 29458   47.00000   31   22   49.00000   46.00000  6.12%  58.1 4816s
 609823 29471   47.00000   35   18   49.00000   46.00000  6.12%  58.1 4826s
 609944 29553 infeasible   35        49.00000   46.00000  6.12%  58.1 4852s
 612511 29653   48.00000   32   48   49.00000   46.00000  6.12%  58.1 4874s
 614894 30224   46.00000   29   52   49.00000   46.00000  6.12%  58.1 5002s
 625667 30369 infeasible   44        49.00000   46.00000  6.12%  58.1 5017s
 626528 30387   48.00000   44   36   49.00000   46.00000  6.12%  58.1 5027s
 627528 30409 infeasible   45        49.00000   46.00000  6.12%  58.1 5036s
 627708 30477   47.00000   40   57   49.00000   46.00000  6.12%  58.1 5054s
 629255 30601 infeasible   47        49.00000   46.00000  6.12%  58.1 5069s
 631289 30737   46.00000   40   34   49.00000   46.00000  6.12%  58.1 5105s
 634469 31009   46.00000   41   34   49.00000   46.00000  6.12%  58.1 5137s
 638478 31096 infeasible   42        49.00000   46.00000  6.12%  58.1 5171s
 640801 31276 infeasible   43        49.00000   46.00000  6.12%  58.2 5232s
 646757 31298 infeasible   40        49.00000   46.00000  6.12%  58.2 5244s
 647119 31648   46.00000   39   30   49.00000   46.00000  6.12%  58.2 5289s
 651100 31642 infeasible   42        49.00000   46.00000  6.12%  58.2 5306s
 651142 31658     cutoff   28        49.00000   46.00000  6.12%  58.2 5327s
 653267 31667   47.00000   38   51   49.00000   46.00000  6.12%  58.2 5340s
 653693 31695 infeasible   39        49.00000   46.00000  6.12%  58.2 5373s
 657149 31825 infeasible   39        49.00000   46.00000  6.12%  58.1 5393s
 659214 32282   46.00000   24   46   49.00000   46.00000  6.12%  58.1 5530s
 670586 32295   46.00000   33   43   49.00000   46.00000  6.12%  58.2 5550s
 670610 32553   46.00000   34   34   49.00000   46.00000  6.12%  58.2 5573s
 672514 32557   46.00000   41   31   49.00000   46.00000  6.12%  58.2 5581s
 672955 32706   46.00000   42   31   49.00000   46.00000  6.12%  58.2 5608s
 675447 32857 infeasible   48        49.00000   46.00000  6.12%  58.2 5636s
 677812 32853 infeasible   46        49.00000   46.00000  6.12%  58.2 5644s
 677868 32874   46.00000   31   37   49.00000   46.00000  6.12%  58.2 5664s
 680706 32917   47.00000   39   26   49.00000   46.00000  6.12%  58.2 5673s
 681334 33267 infeasible   40        49.00000   46.00000  6.12%  58.2 5755s
 689590 33288 infeasible   47        49.00000   46.00000  6.12%  58.2 5766s
 689812 33490   46.00000   33   51   49.00000   46.00000  6.12%  58.2 5784s
 691398 33517 infeasible   48        49.00000   46.00000  6.12%  58.2 5795s
 691619 33625   46.00000   48   39   49.00000   46.00000  6.12%  58.2 5830s
 694761 33625     cutoff   49        49.00000   46.00000  6.12%  58.2 5838s
 694797 33625   47.00000   35   40   49.00000   46.00000  6.12%  58.2 5861s
 697327 33639   47.00000   34   51   49.00000   46.00000  6.12%  58.2 5873s
 697349 33782   47.00000   35   51   49.00000   46.00000  6.12%  58.2 5896s
 699273 33791 infeasible   36        49.00000   46.00000  6.12%  58.1 5905s
 699300 33942   46.00000   38   16   49.00000   46.00000  6.12%  58.1 5932s
 702257 33952   47.00000   37   28   49.00000   46.00000  6.12%  58.1 5941s
 702381 34052   47.00000   38   24   49.00000   46.00000  6.12%  58.1 5983s
 706090 34084   46.00000   44   29   49.00000   46.00000  6.12%  58.1 5993s
 706614 34567 infeasible   45        49.00000   46.00000  6.12%  58.1 6213s
 715623 34567 infeasible   35        49.00000   46.00000  6.12%  58.2 6215s
 724632 34574   46.00000   34   40   49.00000   46.00000  6.12%  58.2 6227s
 724660 34594 infeasible   35        49.00000   46.00000  6.12%  58.2 6240s
 724896 34681   46.00000   41   28   49.00000   46.00000  6.12%  58.2 6253s
 725330 34775   46.00000   36   64   49.00000   46.00000  6.12%  58.2 6264s
 725989 34775   47.00000   33   43   49.00000   46.00000  6.12%  58.2 6265s
 726098 34827   48.00000   31   32   49.00000   46.00000  6.12%  58.2 6292s
 727913 34793 infeasible   43        49.00000   46.00000  6.12%  58.2 6325s
 731419 34820   46.00000   37   43   49.00000   46.00000  6.12%  58.2 6335s
 731836 34887 infeasible   38        49.00000   46.00000  6.12%  58.2 6357s
 732284 35197 infeasible   36        49.00000   46.00000  6.12%  58.2 6421s
 737683 35324   46.00000   38   31   49.00000   46.00000  6.12%  58.2 6458s
 741087 35400     cutoff   33        49.00000   46.00000  6.12%  58.2 6491s
 743767 35302   46.00000   27   22   49.00000   46.00000  6.12%  58.2 6514s
 746565 35324   47.00000   30   37   49.00000   46.00000  6.12%  58.2 6533s
 748917 35376   46.00000   28   38   49.00000   46.00000  6.12%  58.2 6581s
 753206 35461   48.00000   36   37   49.00000   46.00000  6.12%  58.2 6620s
 756407 35510 infeasible   38        49.00000   46.00000  6.12%  58.2 6689s
 760439 35510 infeasible   44        49.00000   46.00000  6.12%  58.2 6690s
 762077 35586 infeasible   39        49.00000   46.00000  6.12%  58.3 6712s
 763544 35644   46.00000   36   32   49.00000   46.00000  6.12%  58.3 6730s
 764313 35646   46.00000   39   42   49.00000   46.00000  6.12%  58.3 6745s
 765443 35691   46.00000   38   48   49.00000   46.00000  6.12%  58.3 6775s
 768972 35754 infeasible   40        49.00000   46.00000  6.12%  58.2 6792s
 770699 35858     cutoff   41        49.00000   46.00000  6.12%  58.2 6850s
 775035 35960   46.00000   39   40   49.00000   46.00000  6.12%  58.2 6906s
 780560 35959 infeasible   45        49.00000   46.00000  6.12%  58.3 6924s
 780597 36025   46.00000   46   38   49.00000   46.00000  6.12%  58.3 6945s
 782271 36028   46.00000   42   38   49.00000   46.00000  6.12%  58.3 6953s
 782304 35854 infeasible   43        49.00000   46.00000  6.12%  58.3 6973s
 784071 35842   47.00000   34   26   49.00000   46.00000  6.12%  58.3 7001s
 786587 35872   46.00000   32   57   49.00000   46.00000  6.12%  58.3 7014s
 786960 35872   46.00000   39   48   49.00000   46.00000  6.12%  58.3 7015s
 787548 35695 infeasible   49        49.00000   46.00000  6.12%  58.3 7047s
 790924 35748 infeasible   45        49.00000   46.00000  6.12%  58.3 7064s
 792053 35849   46.00000   27   56   49.00000   46.00000  6.12%  58.2 7129s
 797356 35840   46.00000   36   39   49.00000   46.00000  6.12%  58.3 7152s
 797413 36365 infeasible   37        49.00000   46.00000  6.12%  58.3 7346s
 815431 36375   46.00000   37   37   49.00000   46.00000  6.12%  58.1 7360s
 815491 36404     cutoff   38        49.00000   46.00000  6.12%  58.1 7391s
 818162 36410   46.00000   51   37   49.00000   46.00000  6.12%  58.0 7401s
 818296 36434 infeasible   52        49.00000   46.00000  6.12%  58.0 7431s
 820721 36457 infeasible   40        49.00000   46.00000  6.12%  58.0 7474s
 824669 36503   46.00000   46   12   49.00000   46.00000  6.12%  58.0 7507s
 828342 36472   46.00000   47   19   49.00000   46.00000  6.12%  58.1 7530s
 830112 36488   46.00000   48   18   49.00000   46.00000  6.12%  58.1 7545s
 830305 36632   46.00000   49   16   49.00000   46.00000  6.12%  58.1 7607s
 835606 36684   46.00000   32   34   49.00000   46.00000  6.12%  58.1 7624s
 835847 36684   48.00000   38   44   49.00000   46.00000  6.12%  58.1 7625s
 836911 36739 infeasible   40        49.00000   46.00000  6.12%  58.1 7674s
 841317 36781   46.00000   35   43   49.00000   46.00000  6.12%  58.1 7696s
 842646 36873 infeasible   36        49.00000   46.00000  6.12%  58.1 7767s
 847582 36935   46.00000   41   47   49.00000   46.00000  6.12%  58.1 7797s
 849922 36996   47.00000   44   37   49.00000   46.00000  6.12%  58.1 7820s
 852152 37159 infeasible   45        49.00000   46.00000  6.12%  58.1 7867s
 856297 37150   46.00000   32   34   49.00000   46.00000  6.12%  58.1 7880s
 856733 37173   46.00000   33   38   49.00000   46.00000  6.12%  58.1 7926s
 860522 37170   47.00000   36   41   49.00000   46.00000  6.12%  58.1 7944s
 860585 36930 infeasible   37        49.00000   46.00000  6.12%  58.1 7972s
 862546 36919   47.00000   38   42   49.00000   46.00000  6.12%  58.1 8008s
 866006 36900 infeasible   41        49.00000   46.00000  6.12%  58.1 8052s
 869272 37026 infeasible   43        49.00000   46.00000  6.12%  58.1 8088s
 872599 37009 infeasible   45        49.00000   46.00000  6.12%  58.1 8108s
 873748 36944 infeasible   38        49.00000   46.00000  6.12%  58.1 8126s
 875709 36948   46.00000   39   30   49.00000   46.00000  6.12%  58.1 8145s
 875779 36937 infeasible   40        49.00000   46.00000  6.12%  58.1 8180s
 879198 36942     cutoff   37        49.00000   46.00000  6.12%  58.0 8190s
 879360 37119   47.00000   36   43   49.00000   46.00000  6.12%  58.0 8239s
 883055 37144 infeasible   44        49.00000   46.00000  6.12%  58.0 8259s
 883593 37258   47.00000   35   53   49.00000   46.00000  6.12%  58.0 8297s
 887232 37275 infeasible   46        49.00000   46.00000  6.12%  58.0 8308s
 887392 37227 infeasible   37        49.00000   46.00000  6.12%  58.0 8334s
 889420 37237   47.00000   38   47   49.00000   47.00000  4.08%  58.0 8350s
 889458 37036 infeasible   39        49.00000   47.00000  4.08%  58.0 8380s
 892790 37022 infeasible   39        49.00000   47.00000  4.08%  57.9 8398s
 893453 36949 infeasible   39        49.00000   47.00000  4.08%  57.9 8462s
 897710 36858 infeasible   49        49.00000   47.00000  4.08%  57.9 8499s
 900649 36706 infeasible   39        49.00000   47.00000  4.08%  57.9 8549s
 901334 36706 infeasible   44        49.00000   47.00000  4.08%  57.9 8550s
 905123 36726   48.00000   30   28   49.00000   47.00000  4.08%  57.9 8568s
 905183 36096 infeasible   32        49.00000   47.00000  4.08%  57.9 8617s
 909743 36085   47.00000   46   26   49.00000   47.00000  4.08%  57.9 8630s
 910213 36014   47.00000   47   24   49.00000   47.00000  4.08%  57.9 8674s
 913221 36005   48.00000   41   34   49.00000   47.00000  4.08%  57.9 8698s
 914529 35721 infeasible   41        49.00000   47.00000  4.08%  57.9 8770s
 920901 35701   47.00000   41   33   49.00000   47.00000  4.08%  57.9 8785s
 921275 35739 infeasible   42        49.00000   47.00000  4.08%  57.9 8820s
 922486 35524 infeasible   48        49.00000   47.00000  4.08%  57.9 8834s
 923973 35148   47.00000   36   48   49.00000   47.00000  4.08%  57.9 8883s
 927931 35125   48.00000   39   42   49.00000   47.00000  4.08%  57.8 8914s
 931122 34987     cutoff   35        49.00000   47.00000  4.08%  57.8 8946s
 933725 34466   47.00000   34   35   49.00000   47.00000  4.08%  57.8 9077s
 943830 34465   48.00000   32   40   49.00000   47.00000  4.08%  57.8 9103s
 943867 34330 infeasible   33        49.00000   47.00000  4.08%  57.8 9128s
 946188 34318   47.00000   30   24   49.00000   47.00000  4.08%  57.8 9149s
 946750 34143   47.00000   43   41   49.00000   47.00000  4.08%  57.8 9186s
 949794 34026   47.00000   36   31   49.00000   47.00000  4.08%  57.8 9213s
 951312 33768 infeasible   37        49.00000   47.00000  4.08%  57.8 9234s
 951475 33768   47.00000   40   22   49.00000   47.00000  4.08%  57.8 9235s
 953485 33782   47.00000   36   34   49.00000   47.00000  4.08%  57.7 9256s
 953535 33660 infeasible   37        49.00000   47.00000  4.08%  57.7 9290s
 956241 33672   47.00000   39   49   49.00000   47.00000  4.08%  57.7 9303s
 957469 33495   47.00000   40   57   49.00000   47.00000  4.08%  57.7 9394s
 965151 33483 infeasible   42        49.00000   47.00000  4.08%  57.7 9407s
 965417 33429   47.00000   38   42   49.00000   47.00000  4.08%  57.7 9433s
 967284 33378   47.00000   38   25   49.00000   47.00000  4.08%  57.7 9445s
 967796 33337 infeasible   39        49.00000   47.00000  4.08%  57.7 9474s
 968253 33310 infeasible   47        49.00000   47.00000  4.08%  57.7 9484s
 968316 33059   47.00000   43   38   49.00000   47.00000  4.08%  57.7 9521s
 971777 33069 infeasible   31        49.00000   47.00000  4.08%  57.7 9537s
 972164 32929   47.00000   32   32   49.00000   47.00000  4.08%  57.7 9576s
 975293 32918   47.00000   42   22   49.00000   47.00000  4.08%  57.6 9593s
 975812 32659 infeasible   43        49.00000   47.00000  4.08%  57.6 9674s
 982370 32663 infeasible   43        49.00000   47.00000  4.08%  57.6 9694s
 982408 32500 infeasible   43        49.00000   47.00000  4.08%  57.6 9747s
 987321 32499 infeasible   37        49.00000   47.00000  4.08%  57.6 9760s
 987653 32214 infeasible   36        49.00000   47.00000  4.08%  57.6 9790s
 990358 32186 infeasible   44        49.00000   47.00000  4.08%  57.6 9811s
 990810 32097   47.00000   31   36   49.00000   47.00000  4.08%  57.6 9871s
 995281 32099 infeasible   40        49.00000   47.00000  4.08%  57.6 9888s
 995457 32074 infeasible   39        49.00000   47.00000  4.08%  57.6 9930s
 999214 32080 infeasible   50        49.00000   47.00000  4.08%  57.5 9953s
 999250 31122 infeasible   49        49.00000   47.00000  4.08%  57.5 10121s
 1012808 31125   47.00000   38   46   49.00000   47.00000  4.08%  57.5 10138s
 1012936 31043   47.00000   39   38   49.00000   47.00000  4.08%  57.5 10177s
 1015226 30997 infeasible   48        49.00000   47.00000  4.08%  57.5 10194s
 1015748 30864   47.00000   38   47   49.00000   47.00000  4.08%  57.5 10231s
 1018447 30795 infeasible   43        49.00000   47.00000  4.08%  57.5 10252s
 1019631 30795   48.00000   42   45   49.00000   47.00000  4.08%  57.5 10269s
 1019721 30796 infeasible   42        49.00000   47.00000  4.08%  57.5 10299s
 1021645 30744 infeasible   37        49.00000   47.00000  4.08%  57.5 10315s
 1022884 30477   47.00000   35   31   49.00000   47.00000  4.08%  57.5 10376s
 1028199 30460   47.00000   46   24   49.00000   47.00000  4.08%  57.5 10398s
 1029098 30377   47.00000   47   22   49.00000   47.00000  4.08%  57.5 10454s
 1033517 30288     cutoff   33        49.00000   47.00000  4.08%  57.5 10479s
 1034908 30295 infeasible   34        49.00000   47.00000  4.08%  57.5 10511s
 1035034 30277 infeasible   41        49.00000   47.00000  4.08%  57.5 10525s
 1036030 29863 infeasible   45        49.00000   47.00000  4.08%  57.5 10572s
 1040137 29889   47.00000   39   37   49.00000   47.00000  4.08%  57.4 10584s
 1040657 29820   47.00000   40   26   49.00000   47.00000  4.08%  57.4 10653s
 1045559 29826 infeasible   41        49.00000   47.00000  4.08%  57.4 10677s
 1045599 29331 infeasible   38        49.00000   47.00000  4.08%  57.4 10715s
 1050022 29352   47.00000   35   54   49.00000   47.00000  4.08%  57.4 10728s
 1050268 29154 infeasible   36        49.00000   47.00000  4.08%  57.4 10790s
 1055408 29157   47.00000   32   38   49.00000   47.00000  4.08%  57.4 10800s

Cutting planes:
  Learned: 4545
  Gomory: 16
  Cover: 22
  Implied bound: 10
  Clique: 4
  MIR: 174
  StrongCG: 11
  Flow cover: 389
  GUB cover: 15
  Inf proof: 2
  RLT: 1
  Relax-and-lift: 88

Explored 1056059 nodes (60635404 simplex iterations) in 10800.44 seconds (2615.76 work units)
Thread count was 18 (of 36 available processors)

Solution count 10: 49 49 50 ... 56

Time limit reached
Best objective 4.899999999500e+01, best bound 4.700000000000e+01, gap 4.0816%
