
Gurobi 11.0.0 (win64) logging started Tue May  7 18:48:14 2024

Set parameter LogFile to value "./Results/StripPacking-CutHeurRuns/Logs/RU-111-StripPacking-25.log"
Set parameter TimeLimit to value 10800
Set parameter Cuts to value 1
Set parameter Presolve to value 1
Set parameter Heuristics to value 1
Set parameter LPWarmStart to value 2
Gurobi Optimizer version 11.0.0 build v11.0.0rc2 (win64 - Windows 10.0 (19045.2))

CPU model: Intel(R) Core(TM) i9-10980XE CPU @ 3.00GHz, instruction set [SSE2|AVX|AVX2|AVX512]
Thread count: 18 physical cores, 36 logical processors, using up to 18 threads

Optimize a model with 4525 rows, 1251 columns and 12050 nonzeros
Model fingerprint: 0x632a4b52
Variable types: 51 continuous, 1200 integer (1200 binary)
Coefficient statistics:
  Matrix range     [1e+00, 1e+04]
  Objective range  [1e+00, 1e+00]
  Bounds range     [1e+00, 1e+04]
  RHS range        [1e+00, 1e+04]

Warning: Completing partial solution with 1200 unfixed non-continuous variables out of 1200
User MIP start produced solution with objective 102.2 (0.02s)
Loaded user MIP start with objective 102.2

Presolve removed 600 rows and 0 columns
Presolve time: 0.03s
Presolved: 3925 rows, 1251 columns, 10850 nonzeros
Variable types: 51 continuous, 1200 integer (1200 binary)

Root relaxation: objective 3.500000e+01, 697 iterations, 0.02 seconds (0.02 work units)

    Nodes    |    Current Node    |     Objective Bounds      |     Work
 Expl Unexpl |  Obj  Depth IntInf | Incumbent    BestBd   Gap | It/Node Time

     0     0   35.00000    0  133  102.20000   35.00000  65.8%     -    0s
     0     0   35.00000    0  168  102.20000   35.00000  65.8%     -    0s
H    0     0                     100.0000000   35.00000  65.0%     -    0s
     0     0   35.00000    0  173  100.00000   35.00000  65.0%     -    0s
     0     0   35.00000    0  106  100.00000   35.00000  65.0%     -    1s
     0     0   35.00000    0  119  100.00000   35.00000  65.0%     -    1s
     0     0   35.00000    0  137  100.00000   35.00000  65.0%     -    1s
     0     0   35.00000    0  138  100.00000   35.00000  65.0%     -    1s
H    0     0                      99.0000000   35.00000  64.6%     -    1s
     0     0   35.00000    0  127   99.00000   35.00000  64.6%     -    2s
H    0     0                      98.0000000   35.00000  64.3%     -    2s
     0     0   35.00000    0  135   98.00000   35.00000  64.3%     -    2s
     0     0   35.00000    0  121   98.00000   35.00000  64.3%     -    2s
     0     0   35.00000    0   94   98.00000   35.00000  64.3%     -    2s
     0     2   35.00000    0   94   98.00000   35.00000  64.3%     -    3s
H  103   121                      98.0000000   35.00000  64.3%  71.4    8s
H  105   121                      97.0000000   35.00000  63.9%  70.4    8s
H  164   175                      89.0000000   35.00000  60.7%  59.4    9s
H  332   350                      89.0000000   35.00000  60.7%  48.7   19s
H  333   350                      88.0000000   35.00000  60.2%  48.8   19s
   350   736   35.00000   18  170   88.00000   35.00000  60.2%  49.0   23s
H  411   736                      86.0000000   35.00000  59.3%  52.2   23s
   737   754   35.00000   31  183   86.00000   35.00000  59.3%  56.6   32s
H  739   754                      85.0000000   35.00000  58.8%  56.5   32s
H  740   754                      84.0000000   35.00000  58.3%  56.5   32s
   756  2021   35.00000   32  194   84.00000   35.00000  58.3%  56.2   40s
H 1121  2021                      84.0000000   35.00000  58.3%  52.1   40s
H 2233  2036                      83.0000000   35.00000  57.8%  47.1   54s
  2253  2429   36.40000   80  229   83.00000   35.00000  57.8%  47.5   61s
H 2538  2429                      83.0000000   35.00000  57.8%  51.0   61s
  2721  4402   37.33333  103  258   83.00000   35.00000  57.8%  51.8   72s
  5300  4418   62.00000  104  267   83.00000   35.00000  57.8%  43.2   91s
  5340  4432   70.00000   98  111   83.00000   35.00000  57.8%  43.0   95s
  5529  4595   35.00000   19  192   83.00000   35.00000  57.8%  52.2  102s
  5565  4601   35.00000   20  195   83.00000   35.00000  57.8%  52.6  105s
  5736  4715   44.00000   25  158   83.00000   35.00000  57.8%  55.0  117s
  5754  4852   44.00000   25  154   83.00000   35.00000  57.8%  55.0  123s
  5898  5287   44.00000   29  140   83.00000   35.00000  57.8%  56.2  127s
  6403  5154   74.00000   45   98   83.00000   35.00000  57.8%  56.7  137s
  6439  5160   64.00000   46  121   83.00000   35.00000  57.8%  56.7  147s
  6457  5793   48.00000   47  131   83.00000   35.00000  57.8%  56.7  152s
  7122  5632   60.00000   65  143   83.00000   35.00000  57.8%  56.1  166s
  7193  5948   60.00000   66  142   83.00000   35.00000  57.8%  56.0  176s
  8071  6004   39.00000   16  153   83.00000   35.00000  57.8%  57.0  190s
  8100  6152   56.00000   17  171   83.00000   35.00000  57.8%  57.1  199s
H 8317  5840                      82.0000000   35.00000  57.3%  56.8  199s
H 8343  6484                      81.0000000   35.00000  56.8%  56.8  208s
  9644  5968   36.46767   19  168   81.00000   35.00000  56.8%  58.0  231s
H 9683  6167                      81.0000000   35.00000  56.8%  58.3  238s
 10148  6451   74.50000   47  130   81.00000   35.00000  56.8%  58.4  250s
 10704  6630 infeasible   69        81.00000   35.00000  56.8%  58.1  261s
 11142  6569 infeasible   68        81.00000   35.00000  56.8%  58.2  279s
 11244  6835   35.00000   22  203   81.00000   35.00000  56.8%  58.2  292s
 11653  7732   64.00000   42  153   81.00000   35.00000  56.8%  58.5  306s
 13041  7284   64.00000   43  166   81.00000   35.00000  56.8%  59.6  311s
 13063  7779   64.00000   44  166   81.00000   35.00000  56.8%  59.6  321s
 13726  7913   67.00000   49  124   81.00000   35.00000  56.8%  59.7  334s
 14173  8115   77.00000   50  139   81.00000   35.00000  56.8%  60.5  345s
 14647  9293   80.00000   74   45   81.00000   35.00000  56.8%  61.0  365s
 16478  8701   71.00000   44  154   81.00000   35.00000  56.8%  61.6  387s
 16496  9340   71.00000   45  145   81.00000   35.00000  56.8%  61.6  398s
 17294 10198   73.00000   71  103   81.00000   35.00000  56.8%  61.7  414s
 18510 10538   73.00000   72  103   81.00000   35.00000  56.8%  61.6  423s
 18980 11327   35.02167   33  191   81.00000   35.00000  56.8%  61.8  441s
 19995 12825   35.02167   34  180   81.00000   35.00000  56.8%  62.1  453s
 21951 13578   80.00000   83   55   81.00000   35.00000  56.8%  62.7  484s
 22937 17652   63.00000   31  156   81.00000   35.00000  56.8%  63.3  541s
 28355 17669   69.00000   34  172   81.00000   35.00000  56.8%  64.9  572s
 28373 17899   74.00000   36  168   81.00000   35.00000  56.8%  64.9  593s
 28617 17915   74.00000   42  175   81.00000   35.00000  56.8%  65.0  634s
 28636 18166   74.00000   42  175   81.00000   35.00000  56.8%  65.0  657s
 28908 18183   74.00000   45  166   81.00000   35.00000  56.8%  64.8  705s
H28915 17084                      80.0000000   35.00000  56.3%  64.8  705s
 28926 17669   74.00000   45  162   80.00000   35.00000  56.3%  64.8  717s
H29315 17669                      80.0000000   35.00000  56.2%  64.7  717s
 29657 17680   74.00000   48  184   80.00000   35.00000  56.2%  64.7  751s
 29677 18394   74.00000   49  201   80.00000   35.00000  56.2%  64.7  778s
 30642 18870   76.00000   57  147   80.00000   35.00000  56.2%  64.8  807s
 31353 20097   61.00000   31  177   80.00000   35.00000  56.2%  64.9  843s
 33191 20447   35.07522   24  250   80.00000   35.00000  56.2%  64.9  871s
 33689 21805   78.00000   51  148   80.00000   35.00000  56.2%  64.8  900s
 35618 22169   47.00000   41  215   80.00000   35.00000  56.2%  64.9  932s
 36182 24008   79.00000   68  113   80.00000   35.00000  56.2%  64.9  974s
 36988 24008   78.00000   37  120   80.00000   35.00000  56.2%  65.3  975s
 38747 24437     cutoff   52        80.00000   35.00000  56.2%  66.0 1018s
 39324 27427   78.00000   35  191   80.00000   35.00000  56.2%  66.2 1076s
 43806 31887   73.00000   59  165   80.00000   35.00000  56.2%  66.4 1200s
 49950 32141   74.00000   46  136   80.00000   35.00000  56.2%  67.2 1259s
 50294 32161   74.00000   46  120   80.00000   35.00000  56.2%  67.4 1288s
 50314 34850   74.00000   47  121   80.00000   35.00000  56.2%  67.4 1356s
 54078 35120   78.00000   65   73   80.00000   35.00000  56.2%  68.0 1414s
 54446 39506 infeasible   66        80.00000   35.00000  56.2%  68.1 1508s
 60437 39524   57.00000   46  187   80.00000   35.00000  56.2%  70.1 1584s
 60455 41717   57.00000   46  157   80.00000   35.00000  56.2%  70.1 1641s
 63691 41831   59.00000   60  157   80.00000   35.00000  56.2%  70.4 1716s
 63837 44511   59.00000   60  146   80.00000   35.00000  56.2%  70.5 1784s
 64121 44511   62.00000   76  103   80.00000   35.00000  56.2%  70.5 1785s
 67535 48143   65.00000   74   86   80.00000   35.00000  56.2%  71.1 1898s
 72636 48299   78.00000   55  113   80.00000   35.00000  56.2%  71.9 1949s
 72836 49506   78.00000   59  117   80.00000   35.00000  56.2%  72.0 2005s
 74623 53504   67.00000   31  194   80.00000   35.00000  56.2%  72.2 2107s
 80097 54383     cutoff   81        80.00000   35.00000  56.2%  73.0 2165s
 81428 56291   56.00000   76  189   80.00000   35.00000  56.2%  73.3 2223s
 84063 60211   67.00000   74  183   80.00000   35.00000  56.2%  73.6 2326s
 89819 60754   69.00000   57  186   80.00000   35.00000  56.2%  73.9 2426s
 90607 73098     cutoff   72        80.00000   35.00000  56.2%  73.9 2691s
*98208 69130              87      79.0000000   35.00000  55.7%  74.5 2693s
 104621 69130   78.00000   59  164   79.00000   35.00000  55.7%  74.7 2696s
 108625 68389   77.00000   67  121   79.00000   35.00000  55.7%  74.9 2943s
H108631 68388                      79.0000000   35.00000  55.7%  74.9 2943s
 108651 69652   77.00000   68  123   79.00000   35.00000  55.7%  74.9 2990s
 110589 69955   35.30740   46  332   79.00000   35.00000  55.7%  75.1 3072s
 111066 71558   35.00000   47  215   79.00000   35.00000  55.7%  75.2 3130s
 113459 71706   50.00000   45  151   79.00000   35.00000  55.7%  75.2 3233s
 113671 83855   50.00000   46  193   79.00000   35.00000  55.7%  75.2 3523s
 131689 83859   78.00000   88  108   79.00000   35.00000  55.7%  76.6 3624s
 131721 85490   52.00000   90  168   79.00000   35.00000  55.7%  76.6 3678s
 134018 85498 infeasible   67        79.00000   35.00000  55.7%  76.9 3818s
 134046 87454   49.00000   45  162   79.00000   35.00000  55.7%  76.9 3872s
 136929 87469   68.00000   41  151   79.00000   35.00000  55.7%  77.1 4028s
 136950 99276   68.00000   42  159   79.00000   35.00000  55.7%  77.1 4290s
 154968 99287   36.00000   41  161   79.00000   35.00000  55.7%  77.9 4448s
 154993 100231   55.00000   42  149   79.00000   35.00000  55.7%  77.9 4495s
 156349 100998   61.00000   66  176   79.00000   35.00000  55.7%  78.0 4557s
 157484 101161   69.00000   74  150   79.00000   35.00000  55.7%  78.1 4638s
 157711 102597   62.00000   74  182   79.00000   35.00000  55.7%  78.1 4695s
 159889 103120   76.00000   86   69   79.00000   35.00000  55.7%  78.2 4804s
 160803 115138   63.00000   94  164   79.00000   35.00000  55.7%  78.2 5092s
 170813 115138   78.00000   49  113   79.00000   35.00000  55.7%  78.7 5095s
 178821 115154   47.00000   44  240   79.00000   35.00000  55.7%  79.0 5263s
 178841 115325   67.00000   45  240   79.00000   35.00000  55.7%  79.0 5323s
 179091 115419   67.00000   67  178   79.00000   35.00000  55.7%  79.0 5480s
 179257 115869   67.00000   68  176   79.00000   35.00000  55.7%  79.0 5545s
 179936 115891 infeasible   72        79.00000   35.00000  55.7%  79.0 5686s
 179984 118451   35.05260   50  254   79.00000   35.00000  55.7%  79.0 5769s
 183867 118451   55.00000   64  221   79.00000   35.00000  55.7%  79.0 5770s
 183894 119224   36.40875   37  222   79.00000   35.00000  55.7%  79.0 5933s
 185097 131267   77.00000   63  133   79.00000   35.00000  55.7%  79.1 6213s
*191580 122169              87      78.0000000   35.00000  55.1%  79.1 6215s
H202995 121214                      78.0000000   35.00000  55.1%  79.3 6357s
 203244 121741   51.00000   53  171   78.00000   35.00000  55.1%  79.3 6447s
 204012 122356   77.00000   72   99   78.00000   35.00000  55.1%  79.3 6545s
 204909 122998   64.00000   79  178   78.00000   35.00000  55.1%  79.3 6625s
 205925 126161   64.00000   80  149   78.00000   35.00000  55.1%  79.3 6765s
 210727 126169 infeasible   93        78.00000   35.00000  55.1%  79.4 6954s
 210755 127818   35.68198   37  273   78.00000   35.00000  55.1%  79.4 7052s
 213243 127826   69.00000   82  175   78.00000   35.00000  55.1%  79.6 7240s
 213271 129190   69.00000   81  144   78.00000   35.00000  55.1%  79.6 7323s
 215172 129725   36.34749   57  224   78.00000   35.00000  55.1%  79.6 7469s
 215957 132860   64.00000   74  168   78.00000   35.00000  55.1%  79.7 7600s
 220887 132874 infeasible   77        78.00000   35.00000  55.1%  79.7 7950s
 220909 135300   45.00000   51  182   78.00000   35.00000  55.1%  79.7 8055s
 224321 135382   62.00000   58  202   78.00000   35.00000  55.1%  79.8 8266s
 224461 139368   62.00000   59  203   78.00000   35.00000  55.1%  79.8 8397s
 230396 139381   77.00000   65  161   78.00000   35.00000  55.1%  79.9 8806s
 230418 151337   77.00000   66  146   78.00000   35.00000  55.1%  79.9 9171s
 241429 151337   64.00000   84  125   78.00000   35.00000  55.1%  80.1 9175s
 248436 151350   75.00000   67   91   78.00000   35.00000  55.1%  80.2 9419s
 248459 153378   75.00000   68   97   78.00000   35.00000  55.1%  80.3 9492s
 251563 153400   35.93163   45  219   78.00000   35.00000  55.1%  80.2 9699s
 251609 155258   44.00000   46  173   78.00000   35.00000  55.1%  80.2 9761s
 254386 155310   77.00000   57  167   78.00000   35.00000  55.1%  80.3 9987s
 254464 166894   77.00000   58  163   78.00000   35.00000  55.1%  80.3 10303s
 272482 166910   45.00000   47  171   78.00000   35.00000  55.1%  80.5 10588s
 272502 167120 infeasible   47        78.00000   35.00000  55.1%  80.5 10667s
 272781 167135   57.00000   56  121   78.00000   35.00000  55.1%  80.5 10801s

Cutting planes:
  Learned: 9488
  Gomory: 36
  Cover: 71
  Implied bound: 5
  MIR: 446
  StrongCG: 1
  Flow cover: 1039
  GUB cover: 33
  Inf proof: 1
  Zero half: 4
  Relax-and-lift: 85

Explored 272802 nodes (21980457 simplex iterations) in 10801.42 seconds (1618.21 work units)
Thread count was 18 (of 36 available processors)

Solution count 10: 78 78 79 ... 83

Time limit reached
Best objective 7.799999999210e+01, best bound 3.500000000000e+01, gap 55.1282%
