
Gurobi 11.0.0 (win64) logging started Sat May  4 07:47:25 2024

Set parameter LogFile to value "./Results/StripPacking-CutHeurRuns/Logs/RU-110-StripPacking-15.log"
Set parameter TimeLimit to value 10800
Set parameter Cuts to value 1
Set parameter Presolve to value 1
Set parameter Heuristics to value 0
Set parameter LPWarmStart to value 2
Gurobi Optimizer version 11.0.0 build v11.0.0rc2 (win64 - Windows 10.0 (19045.2))

CPU model: Intel(R) Core(TM) i9-10980XE CPU @ 3.00GHz, instruction set [SSE2|AVX|AVX2|AVX512]
Thread count: 18 physical cores, 36 logical processors, using up to 18 threads

Optimize a model with 1590 rows, 451 columns and 4230 nonzeros
Model fingerprint: 0xa9aecb72
Variable types: 31 continuous, 420 integer (420 binary)
Coefficient statistics:
  Matrix range     [1e+00, 1e+04]
  Objective range  [1e+00, 1e+00]
  Bounds range     [1e+00, 1e+04]
  RHS range        [1e+00, 1e+04]

Warning: Completing partial solution with 420 unfixed non-continuous variables out of 420
User MIP start produced solution with objective 71.5 (0.00s)
Loaded user MIP start with objective 71.5

Presolve removed 210 rows and 0 columns
Presolve time: 0.02s
Presolved: 1380 rows, 451 columns, 4382 nonzeros
Variable types: 31 continuous, 420 integer (420 binary)

Root relaxation: objective 3.300000e+01, 374 iterations, 0.02 seconds (0.01 work units)

    Nodes    |    Current Node    |     Objective Bounds      |     Work
 Expl Unexpl |  Obj  Depth IntInf | Incumbent    BestBd   Gap | It/Node Time

     0     0   33.00000    0   21   71.50000   33.00000  53.8%     -    0s
     0     0   33.00000    0   34   71.50000   33.00000  53.8%     -    0s
     0     0   33.00000    0   32   71.50000   33.00000  53.8%     -    0s
     0     0   33.00000    0   24   71.50000   33.00000  53.8%     -    0s
     0     0   33.00000    0   24   71.50000   33.00000  53.8%     -    0s
     0     0   33.00000    0   26   71.50000   33.00000  53.8%     -    0s
     0     0   33.00000    0   25   71.50000   33.00000  53.8%     -    0s
     0     0   33.00000    0   22   71.50000   33.00000  53.8%     -    0s
     0     0   33.00000    0   21   71.50000   33.00000  53.8%     -    0s
     0     2   33.00000    0   21   71.50000   33.00000  53.8%     -    0s
* 1071  1152              61      68.0000000   33.00000  51.5%  16.0    0s
* 1451  1382              64      67.0000000   33.00000  50.7%  14.5    0s
* 1452  1378              64      66.0000000   33.00000  50.0%  14.5    0s
* 1913  1613              77      62.0000000   33.00000  46.8%  14.0    1s
* 2362  1565              74      60.0000000   33.00000  45.0%  13.9    1s
H 3212  1763                      59.0000000   33.00000  44.1%  13.6    2s
H 3212  1674                      58.0000000   33.00000  43.1%  13.6    2s
H 3216  1592                      56.0000000   33.00000  41.1%  13.6    3s
H 3216  1512                      55.0000000   33.00000  40.0%  13.6    3s
H 3219  1438                      53.0000000   33.00000  37.7%  13.6    3s
  4647  2028 infeasible   50        53.00000   33.00000  37.7%  20.8    5s
*12092  3050              39      51.0000000   33.00000  35.3%  25.0    9s
 12702  3243 infeasible   29        51.00000   33.00000  35.3%  25.8   10s
*13673  3182              44      50.0000000   33.00000  34.0%  27.4   10s
 20833  5825   47.00000   46   33   50.00000   33.00000  34.0%  33.9   15s
 25802  7149   33.00000   49   51   50.00000   33.00000  34.0%  35.9   20s
 32986  6621   41.00000   45   54   50.00000   33.00000  34.0%  39.3   25s
 37564  6444   47.00000   46   47   50.00000   33.00000  34.0%  42.0   31s
 39532  6320 infeasible   49        50.00000   33.00000  34.0%  42.9   35s
 41668  6899   34.26970   45   74   50.00000   33.00000  34.0%  43.7   40s
 45099  7818 infeasible   54        50.00000   33.00000  34.0%  45.0   49s
 46496  8218     cutoff   44        50.00000   33.00000  34.0%  45.5   54s
 48058  8692   46.00000   44   40   50.00000   33.00000  34.0%  46.0   59s
 49592  8692   46.00000   43   62   50.00000   33.00000  34.0%  46.4   60s
 51407  9448   33.00000   53   45   50.00000   33.00000  34.0%  47.0   69s
 53176  9940   33.22500   39   72   50.00000   33.00000  34.0%  47.4   75s
 54879 10489   37.00000   52   70   50.00000   33.00000  34.0%  47.9   84s
 56719 10985 infeasible   48        50.00000   33.00000  34.0%  48.2   93s
 58620 11486 infeasible   52        50.00000   33.00000  34.0%  48.6  100s
 60531 12013 infeasible   50        50.00000   33.00000  34.0%  49.0  110s
 62471 12395 infeasible   50        50.00000   33.00000  34.0%  49.5  120s
 64356 12852 infeasible   51        50.00000   33.00000  34.0%  49.9  129s
 66370 13323 infeasible   60        50.00000   33.00000  34.0%  50.4  136s
 68212 13851   46.00000   49   40   50.00000   33.00000  34.0%  50.8  149s
 70313 14337   46.00000   49   37   50.00000   33.00000  34.0%  51.2  160s
 72375 14864   46.00000   49   39   50.00000   33.00000  34.0%  51.6  169s
 73660 14864   33.00000   41   63   50.00000   33.00000  34.0%  51.8  170s
 74669 15215 infeasible   52        50.00000   33.00000  34.0%  51.9  181s
 76708 15534   46.00000   53   46   50.00000   33.00000  34.0%  52.3  192s
 78774 15920   47.00000   52   45   50.00000   33.00000  34.0%  52.6  197s
 80706 16304   46.00000   51   33   50.00000   33.00000  34.0%  52.9  204s
 82544 16730 infeasible   44        50.00000   33.00000  34.0%  53.1  212s
 84428 17111   47.00000   51   25   50.00000   33.00000  34.0%  53.4  220s
 86233 17385   44.00000   51   51   50.00000   33.00000  34.0%  53.6  229s
 88063 17639   41.00000   43   64   50.00000   33.03227  33.9%  53.8  237s
 89715 17856   49.00000   48   33   50.00000   33.26520  33.5%  54.0  245s
 91573 18117   43.00000   54   46   50.00000   33.33898  33.3%  54.1  254s
 93429 18349   47.00000   58   56   50.00000   33.61384  32.8%  54.1  261s
 95319 18907 infeasible   52        50.00000   33.93886  32.1%  54.3  269s
 97185 19541   41.00000   43   56   50.00000   34.00000  32.0%  54.3  279s
 99233 20130   34.00000   51   54   50.00000   34.00000  32.0%  54.3  290s
 101254 20648   48.00000   46   45   50.00000   34.00000  32.0%  54.4  298s
 103453 21268   46.00000   39   48   50.00000   34.00000  32.0%  54.6  309s
 105644 21725   44.00000   52   22   50.00000   34.00000  32.0%  54.6  320s
 107913 22235 infeasible   39        50.00000   34.00000  32.0%  54.8  331s
 110118 22708     cutoff   56        50.00000   34.00000  32.0%  54.9  341s
 112184 23185 infeasible   50        50.00000   34.00000  32.0%  55.0  353s
 114392 23801   49.00000   44   50   50.00000   34.00000  32.0%  55.1  365s
 116772 24496   46.00000   52   40   50.00000   34.00000  32.0%  55.2  379s
 119218 24981 infeasible   48        50.00000   34.00000  32.0%  55.3  395s
 121379 25514   49.00000   59   29   50.00000   34.00000  32.0%  55.3  406s
 123717 25975 infeasible   47        50.00000   34.00000  32.0%  55.4  419s
 125916 26443   34.00000   50   58   50.00000   34.00000  32.0%  55.4  432s
 128348 26893 infeasible   47        50.00000   34.00000  32.0%  55.5  445s
 130672 27405     cutoff   45        50.00000   34.00000  32.0%  55.5  459s
 132951 27872 infeasible   51        50.00000   34.00000  32.0%  55.6  469s
 134898 28308 infeasible   48        50.00000   34.00000  32.0%  55.7  483s
 137119 28855   46.00000   66   51   50.00000   34.00000  32.0%  55.7  496s
 139369 29135   49.00000   57   30   50.00000   34.00000  32.0%  55.7  508s
 141335 29604   46.00000   49   54   50.00000   34.00000  32.0%  55.8  522s
 143447 30088   49.00000   46   56   50.00000   34.00000  32.0%  55.8  533s
 145490 30422   34.00000   42   68   50.00000   34.00000  32.0%  55.9  546s
 147432 30690 infeasible   50        50.00000   34.00000  32.0%  55.9  557s
 149217 30873 infeasible   53        50.00000   34.00000  32.0%  56.0  570s
 151039 31134   34.00000   52   62   50.00000   34.00000  32.0%  56.1  583s
 152898 31563   46.00000   46   37   50.00000   34.66373  30.7%  56.2  595s
 154787 31836   46.00000   48   47   50.00000   35.00000  30.0%  56.2  606s
 156392 32130   48.00000   52   28   50.00000   35.00000  30.0%  56.3  618s
 158350 32456 infeasible   50        50.00000   35.00000  30.0%  56.4  631s
 160236 32750   47.00000   45   53   50.00000   35.00000  30.0%  56.5  646s
 161919 33207   44.00000   51   59   50.00000   35.00000  30.0%  56.5  657s
 163960 33678   41.00000   53   37   50.00000   35.00000  30.0%  56.5  670s
 165966 34178     cutoff   51        50.00000   36.00000  28.0%  56.5  683s
 168035 34719 infeasible   40        50.00000   36.00000  28.0%  56.6  694s
 170211 35134   39.00000   51   56   50.00000   36.00000  28.0%  56.6  708s
 172338 35574 infeasible   47        50.00000   36.00000  28.0%  56.6  720s
 174457 36000   38.00000   48   61   50.00000   36.00000  28.0%  56.6  732s
 176528 36336     cutoff   44        50.00000   36.00000  28.0%  56.6  744s
 178250 36710   46.00000   44   53   50.00000   36.00000  28.0%  56.7  755s
 180360 37058   46.00000   56   35   50.00000   36.00000  28.0%  56.7  768s
 182362 37361   42.00000   49   45   50.00000   36.00000  28.0%  56.7  781s
 184285 37523     cutoff   50        50.00000   36.00000  28.0%  56.7  791s
 186046 37755   46.00000   55   45   50.00000   36.00000  28.0%  56.8  803s
 187935 38185   49.00000   51   29   50.00000   37.00000  26.0%  56.9  818s
 190105 38598   44.00000   41   48   50.00000   37.00000  26.0%  56.9  830s
 192315 38900 infeasible   47        50.00000   37.00000  26.0%  57.0  847s
 194391 39169 infeasible   47        50.00000   37.00000  26.0%  57.0  861s
 196494 39377 infeasible   40        50.00000   37.00000  26.0%  57.1  874s
 198418 39627 infeasible   46        50.00000   37.00000  26.0%  57.2  887s
 200120 39871   47.00000   52   34   50.00000   37.00000  26.0%  57.2  900s
 202019 40088 infeasible   41        50.00000   37.00000  26.0%  57.3  914s
 203890 40307   38.00000   42   45   50.00000   37.00000  26.0%  57.3  928s
 205764 40510 infeasible   53        50.00000   37.00000  26.0%  57.4  941s
 207669 40986   49.00000   39   41   50.00000   38.00000  24.0%  57.4  962s
 210538 41472   38.00000   40   70   50.00000   38.00000  24.0%  57.4  980s
 213407 41847 infeasible   48        50.00000   38.00000  24.0%  57.5 1000s
 215794 42235   48.00000   41   42   50.00000   38.00000  24.0%  57.5 1019s
 218177 42485   49.00000   50   47   50.00000   38.00000  24.0%  57.5 1036s
 220567 42791   43.00000   44   48   50.00000   38.00000  24.0%  57.5 1052s
 222687 43215   47.00000   41   53   50.00000   38.00000  24.0%  57.5 1067s
 224959 43497 infeasible   43        50.00000   38.00000  24.0%  57.5 1082s
 227007 43786 infeasible   52        50.00000   38.00000  24.0%  57.6 1096s
 228974 44018   47.00000   42   40   50.00000   38.00000  24.0%  57.6 1109s
 230897 44263 infeasible   48        50.00000   38.00000  24.0%  57.6 1123s
 232757 44500 infeasible   46        50.00000   38.00000  24.0%  57.7 1137s
 234551 44858     cutoff   53        50.00000   38.00000  24.0%  57.7 1151s
 236477 45274 infeasible   39        50.00000   39.00000  22.0%  57.7 1169s
 239100 45655     cutoff   42        50.00000   39.00000  22.0%  57.7 1191s
 241593 46122   46.00000   55   38   50.00000   39.00000  22.0%  57.8 1209s
 243278 46122   39.00000   37   37   50.00000   39.00000  22.0%  57.8 1210s
 244330 46464 infeasible   41        50.00000   39.00000  22.0%  57.8 1227s
 246737 46831   39.00000   43   36   50.00000   39.00000  22.0%  57.8 1244s
 249016 47270   46.00000   50   30   50.00000   39.00000  22.0%  57.8 1264s
 251718 47681 infeasible   45        50.00000   39.00000  22.0%  57.8 1282s
 254225 47978   46.00000   45   38   50.00000   39.00000  22.0%  57.8 1299s
 256676 48375   49.00000   43   20   50.00000   39.00000  22.0%  57.9 1313s
 259110 48746   46.00000   47   47   50.00000   39.00000  22.0%  57.9 1326s
 261468 49119 infeasible   47        50.00000   39.00000  22.0%  57.9 1341s
 263819 49488   48.00000   38   47   50.00000   39.00000  22.0%  57.9 1360s
 265970 49871   39.00000   50   55   50.00000   39.00000  22.0%  57.9 1375s
 268068 50198   44.00000   45   37   50.00000   39.00000  22.0%  57.9 1392s
 270240 50595   46.00000   51   37   50.00000   39.00000  22.0%  58.0 1406s
 272312 51057   48.00000   35   43   50.00000   39.00000  22.0%  58.0 1424s
 274549 51429 infeasible   50        50.00000   39.00000  22.0%  58.0 1442s
 276636 51801 infeasible   48        50.00000   39.00000  22.0%  58.1 1458s
 278821 52097 infeasible   43        50.00000   39.00000  22.0%  58.1 1473s
 280880 52493 infeasible   52        50.00000   39.00000  22.0%  58.1 1491s
 282998 52786 infeasible   45        50.00000   39.00000  22.0%  58.1 1504s
 284991 53050   46.00000   48   40   50.00000   39.00000  22.0%  58.1 1516s
 286757 53132 infeasible   54        50.00000   39.00000  22.0%  58.1 1530s
 288422 53199   46.00000   48   34   50.00000   39.00000  22.0%  58.2 1543s
 290004 53389   40.00000   50   49   50.00000   40.00000  20.0%  58.2 1565s
 292472 53604   47.00000   48   57   50.00000   40.00000  20.0%  58.3 1585s
 294904 53883   40.00000   46   57   50.00000   40.00000  20.0%  58.3 1604s
 297213 54277   49.00000   51   42   50.00000   40.00000  20.0%  58.3 1625s
 299709 54828   40.00000   38   39   50.00000   40.00000  20.0%  58.3 1641s
 302170 55368   47.00000   47   32   50.00000   40.00000  20.0%  58.3 1661s
 304610 55780   49.00000   51   40   50.00000   40.00000  20.0%  58.3 1680s
 306745 56127   41.00000   35   40   50.00000   40.00000  20.0%  58.3 1698s
 308984 56391 infeasible   43        50.00000   40.00000  20.0%  58.3 1716s
 311115 56674   44.00000   48   30   50.00000   40.00000  20.0%  58.4 1730s
 312920 57115   42.00000   40   43   50.00000   40.00000  20.0%  58.3 1748s
 315136 57633   46.00000   39   46   50.00000   40.00000  20.0%  58.4 1763s
 317343 58035   40.00000   34   55   50.00000   40.00000  20.0%  58.3 1781s
 319448 58419 infeasible   62        50.00000   40.00000  20.0%  58.4 1797s
 321694 58870     cutoff   42        50.00000   40.00000  20.0%  58.3 1814s
 323926 59206   48.00000   41   58   50.00000   40.00000  20.0%  58.3 1830s
 325987 59467 infeasible   47        50.00000   40.00000  20.0%  58.3 1847s
 328031 59689   41.00000   45   48   50.00000   40.00000  20.0%  58.3 1864s
 329757 60012   47.00000   46   54   50.00000   40.00000  20.0%  58.4 1879s
 331653 60339 infeasible   50        50.00000   40.00000  20.0%  58.4 1896s
 333683 60608   40.00000   53   57   50.00000   40.00000  20.0%  58.4 1910s
 335449 60781 infeasible   39        50.00000   40.00000  20.0%  58.4 1926s
 337203 61008   46.00000   46   46   50.00000   41.00000  18.0%  58.4 1947s
 339838 61282 infeasible   46        50.00000   41.00000  18.0%  58.4 1970s
 342589 61540   41.00000   37   51   50.00000   41.00000  18.0%  58.4 1995s
 345318 61819   46.00000   51   28   50.00000   41.00000  18.0%  58.5 2018s
 347991 62019   41.00000   44   38   50.00000   41.00000  18.0%  58.5 2046s
 350505 62214   41.00000   48   38   50.00000   41.00000  18.0%  58.5 2068s
 353229 62431   41.00000   45   39   50.00000   41.00000  18.0%  58.6 2094s
 356004 62673     cutoff   45        50.00000   41.00000  18.0%  58.6 2115s
 358271 62969   41.00000   46   43   50.00000   41.00000  18.0%  58.6 2139s
 361173 63258   47.00000   45   31   50.00000   41.00000  18.0%  58.6 2164s
 363879 63481   49.00000   50   51   50.00000   41.00000  18.0%  58.7 2189s
 366575 63741   43.00000   44   46   50.00000   41.00000  18.0%  58.7 2213s
 369399 64056 infeasible   45        50.00000   41.00000  18.0%  58.7 2237s
 372193 64342 infeasible   48        50.00000   41.00000  18.0%  58.8 2264s
 374726 64630   46.00000   46   50   50.00000   41.00000  18.0%  58.8 2288s
 377469 64913   41.00000   48   68   50.00000   41.00000  18.0%  58.8 2312s
 380287 65174   43.00000   54   50   50.00000   41.00000  18.0%  58.8 2333s
 382520 65426   41.00000   44   32   50.00000   41.00000  18.0%  58.9 2360s
 385423 65691   41.00000   48   45   50.00000   41.00000  18.0%  58.9 2387s
 388213 66057   46.00000   43   52   50.00000   41.00000  18.0%  58.9 2411s
 391024 66320 infeasible   43        50.00000   41.00000  18.0%  59.0 2434s
 393783 66524   41.00000   37   35   50.00000   41.00000  18.0%  59.0 2460s
 396415 66771   41.00000   47   34   50.00000   41.00000  18.0%  59.0 2486s
 398973 67036 infeasible   41        50.00000   41.00000  18.0%  59.1 2512s
 401764 67279   44.00000   47   55   50.00000   41.00000  18.0%  59.1 2536s
 404502 67587   41.00000   42   67   50.00000   41.00000  18.0%  59.2 2558s
 407000 67870   49.00000   43   43   50.00000   41.00000  18.0%  59.2 2583s
 409633 68115   46.00000   45   46   50.00000   41.00000  18.0%  59.2 2605s
 412232 68434   47.00000   47   33   50.00000   41.00000  18.0%  59.2 2630s
 414907 68647   46.00000   54   35   50.00000   41.00000  18.0%  59.2 2655s
 417539 68968   41.00000   43   51   50.00000   41.00000  18.0%  59.3 2679s
 420168 69260   45.00000   47   35   50.00000   41.00000  18.0%  59.3 2704s
 422926 69429     cutoff   46        50.00000   41.00000  18.0%  59.3 2730s
 425411 69657 infeasible   39        50.00000   41.00000  18.0%  59.3 2757s
 428138 69889 infeasible   55        50.00000   41.00000  18.0%  59.4 2777s
 430514 70237   43.00000   49   48   50.00000   41.00000  18.0%  59.4 2802s
 433392 70599   46.00000   48   37   50.00000   41.00000  18.0%  59.4 2828s
 436101 71121   47.00000   53   18   50.00000   41.00000  18.0%  59.4 2851s
 438911 71526   41.00000   45   52   50.00000   41.00000  18.0%  59.4 2874s
 441513 71898   44.00000   45   18   50.00000   41.00000  18.0%  59.4 2899s
 444196 72186   47.00000   41   28   50.00000   41.00000  18.0%  59.4 2924s
 446811 72484 infeasible   47        50.00000   41.00000  18.0%  59.4 2950s
 449505 72761   41.00000   48   55   50.00000   41.00000  18.0%  59.4 2975s
 452073 73022   46.00000   44   47   50.00000   41.00000  18.0%  59.4 2998s
 454484 73434   41.00000   44   54   50.00000   41.00000  18.0%  59.5 3022s
 457224 73823 infeasible   47        50.00000   41.00000  18.0%  59.5 3047s
 460030 74179   41.00000   49   42   50.00000   41.00000  18.0%  59.5 3073s
 462733 74530   46.00000   45   18   50.00000   41.00000  18.0%  59.5 3099s
 465480 74964 infeasible   49        50.00000   41.00000  18.0%  59.5 3123s
 468233 75285 infeasible   59        50.00000   41.00000  18.0%  59.5 3147s
 470914 75671   41.00000   44   62   50.00000   41.00000  18.0%  59.5 3171s
 473367 76018   42.00000   39   64   50.00000   41.00000  18.0%  59.5 3196s
 476218 76337 infeasible   49        50.00000   41.00000  18.0%  59.5 3220s
 478512 76703 infeasible   54        50.00000   41.00000  18.0%  59.5 3248s
 481353 77149 infeasible   53        50.00000   41.00000  18.0%  59.6 3274s
 484213 77530   46.00000   47   40   50.00000   41.00000  18.0%  59.6 3299s
 486921 77950 infeasible   49        50.00000   41.00000  18.0%  59.6 3324s
 489707 78431 infeasible   42        50.00000   41.00000  18.0%  59.6 3349s
 492540 78779 infeasible   44        50.00000   41.00000  18.0%  59.6 3372s
 495266 79137   44.00000   44   61   50.00000   41.00000  18.0%  59.6 3396s
 497917 79492   41.00000   37   56   50.00000   41.00000  18.0%  59.6 3420s
 500344 79798   44.00000   48   39   50.00000   41.00000  18.0%  59.6 3445s
 502977 80132   41.00000   45   61   50.00000   41.00000  18.0%  59.6 3471s
 505725 80590   48.00000   47   41   50.00000   41.00000  18.0%  59.6 3497s
 508496 80897   41.00000   49   48   50.00000   41.00000  18.0%  59.6 3523s
 511318 81273   48.00000   45   43   50.00000   41.00000  18.0%  59.7 3549s
 513089 81273   41.00000   33   54   50.00000   41.00000  18.0%  59.7 3550s
 514140 81657 infeasible   44        50.00000   41.00000  18.0%  59.6 3574s
 517000 81968   41.00000   47   39   50.00000   41.00000  18.0%  59.6 3598s
 519578 82316   46.00000   50   46   50.00000   41.00000  18.0%  59.7 3622s
 522013 82595   49.00000   57   42   50.00000   41.00000  18.0%  59.7 3647s
 524621 82962 infeasible   50        50.00000   41.00000  18.0%  59.7 3673s
 527388 83366 infeasible   53        50.00000   41.00000  18.0%  59.7 3700s
 530039 83738   46.00000   50   63   50.00000   41.00000  18.0%  59.7 3726s
 532698 84126 infeasible   46        50.00000   41.00000  18.0%  59.7 3752s
 535470 84538 infeasible   48        50.00000   41.00000  18.0%  59.7 3778s
 538289 84783   42.00000   31   29   50.00000   41.00000  18.0%  59.7 3802s
 540860 85155   47.00000   43   41   50.00000   41.00000  18.0%  59.7 3825s
 543465 85517   42.00000   38   31   50.00000   41.00000  18.0%  59.7 3848s
 545743 85862 infeasible   43        50.00000   41.00000  18.0%  59.7 3867s
 548095 86231 infeasible   40        50.00000   41.00000  18.0%  59.7 3890s
 550435 86519     cutoff   60        50.00000   41.00000  18.0%  59.7 3909s
 551453 86519   42.00000   48   67   50.00000   41.00000  18.0%  59.7 3910s
 552760 86785 infeasible   49        50.00000   41.00000  18.0%  59.7 3930s
 554958 87005   46.00000   42   32   50.00000   41.00000  18.0%  59.7 3953s
 556981 87168 infeasible   51        50.00000   41.00000  18.0%  59.7 3973s
 559026 87527   49.00000   48   65   50.00000   41.00000  18.0%  59.7 3994s
 561103 87843   46.00000   42   53   50.00000   41.00000  18.0%  59.7 4012s
 563128 88166   46.00000   46   38   50.00000   41.00000  18.0%  59.7 4032s
 565132 88462     cutoff   50        50.00000   41.00000  18.0%  59.7 4050s
 567108 88803   46.00000   44   48   50.00000   41.00000  18.0%  59.7 4068s
 569028 89115 infeasible   42        50.00000   41.00000  18.0%  59.7 4087s
 571025 89397   41.00000   45   85   50.00000   41.00000  18.0%  59.7 4105s
 573113 89665 infeasible   54        50.00000   41.00000  18.0%  59.7 4125s
 575094 89841 infeasible   40        50.00000   41.00000  18.0%  59.7 4144s
 577002 89939   47.00000   61   41   50.00000   41.00000  18.0%  59.7 4162s
 578616 89961   44.00000   44   35   50.00000   41.00000  18.0%  59.7 4180s
 580409 90148 infeasible   47        50.00000   42.00000  16.0%  59.7 4208s
 583161 90247   46.00000   42   30   50.00000   42.00000  16.0%  59.7 4234s
 585802 90354   42.00000   45   41   50.00000   42.00000  16.0%  59.7 4263s
 588573 90413   42.00000   46   45   50.00000   42.00000  16.0%  59.7 4289s
 590967 90568   42.00000   51   46   50.00000   42.00000  16.0%  59.7 4317s
 593659 90795 infeasible   52        50.00000   42.00000  16.0%  59.7 4344s
 596638 90958   48.00000   52   39   50.00000   42.00000  16.0%  59.7 4373s
 599196 91126   46.00000   59   32   50.00000   42.00000  16.0%  59.8 4400s
 601955 91360 infeasible   52        50.00000   42.00000  16.0%  59.8 4429s
 604807 91608   46.00000   50   49   50.00000   42.00000  16.0%  59.8 4456s
 607529 91795   49.00000   42   27   50.00000   42.00000  16.0%  59.8 4484s
 610322 91927     cutoff   43        50.00000   42.00000  16.0%  59.8 4508s
 612813 92114   47.00000   54   48   50.00000   42.00000  16.0%  59.8 4534s
 615481 92346   46.00000   48   45   50.00000   42.00000  16.0%  59.8 4563s
 618248 92533   42.00000   52   46   50.00000   42.00000  16.0%  59.8 4590s
 620905 92639   46.00000   51   39   50.00000   42.00000  16.0%  59.8 4617s
 623657 92798   46.00000   54   45   50.00000   42.00000  16.0%  59.8 4645s
 626108 92979 infeasible   49        50.00000   42.00000  16.0%  59.8 4672s
 628890 93153 infeasible   43        50.00000   42.00000  16.0%  59.8 4699s
 631515 93427   42.00000   49   40   50.00000   42.00000  16.0%  59.8 4728s
 634335 93587   46.00000   44   28   50.00000   42.00000  16.0%  59.9 4753s
 636666 93777 infeasible   44        50.00000   42.00000  16.0%  59.9 4782s
 639438 93997   42.00000   43   48   50.00000   42.00000  16.0%  59.9 4811s
 642218 94161 infeasible   47        50.00000   42.00000  16.0%  59.9 4839s
 645014 94399   49.00000   47   41   50.00000   42.00000  16.0%  59.9 4868s
 648031 94688 infeasible   48        50.00000   42.00000  16.0%  59.9 4897s
 650913 94885   42.00000   45   49   50.00000   42.00000  16.0%  59.9 4928s
 653487 94971 infeasible   56        50.00000   42.00000  16.0%  59.9 4955s
 656200 95059   42.00000   53   37   50.00000   42.00000  16.0%  59.9 4980s
 658616 95260 infeasible   50        50.00000   42.00000  16.0%  59.9 5007s
 661362 95401     cutoff   51        50.00000   42.00000  16.0%  59.9 5037s
 664027 95672   49.00000   51   41   50.00000   42.00000  16.0%  59.9 5065s
 666932 95930   42.00000   44   48   50.00000   42.00000  16.0%  59.9 5094s
 669665 96243 infeasible   57        50.00000   42.00000  16.0%  60.0 5121s
 672426 96520   44.00000   43   27   50.00000   42.00000  16.0%  60.0 5148s
 675073 96804   46.00000   53   46   50.00000   42.00000  16.0%  60.0 5174s
 677758 96984   46.00000   51   42   50.00000   42.00000  16.0%  60.0 5201s
 680153 97152   43.00000   51   52   50.00000   42.00000  16.0%  60.0 5225s
 682361 97366 infeasible   47        50.00000   42.00000  16.0%  60.0 5249s
 684786 97627 infeasible   47        50.00000   42.00000  16.0%  60.0 5274s
 687292 97925   47.00000   51   43   50.00000   42.00000  16.0%  60.0 5297s
 689668 98267   43.00000   45   40   50.00000   42.00000  16.0%  60.0 5318s
 691832 98513 infeasible   59        50.00000   42.00000  16.0%  60.0 5338s
 694009 98617 infeasible   39        50.00000   42.00000  16.0%  60.0 5357s
 695719 98841   46.00000   40   38   50.00000   43.00000  14.0%  60.0 5384s
 698465 98976   43.00000   41   33   50.00000   43.00000  14.0%  60.0 5412s
 701173 99047   47.00000   51   36   50.00000   43.00000  14.0%  60.0 5439s
 703607 99047 infeasible   60        50.00000   43.00000  14.0%  60.0 5440s
 703933 99147 infeasible   48        50.00000   43.00000  14.0%  60.0 5467s
 706197 99256   46.00000   47   58   50.00000   43.00000  14.0%  60.0 5497s
 709136 99404   43.00000   46   44   50.00000   43.00000  14.0%  60.0 5529s
 711043 99404   44.00000   42   42   50.00000   43.00000  14.0%  60.0 5530s
 712005 99574   43.00000   49   41   50.00000   43.00000  14.0%  60.0 5558s
 714691 99724   43.00000   49   64   50.00000   43.00000  14.0%  60.0 5588s
 717646 99845   43.00000   48   39   50.00000   43.00000  14.0%  60.0 5616s
 720420 100028     cutoff   46        50.00000   43.00000  14.0%  60.0 5647s
 723224 100164 infeasible   42        50.00000   43.00000  14.0%  60.0 5676s
 725960 100365   46.00000   51   48   50.00000   43.00000  14.0%  60.0 5701s
 728357 100620   47.00000   44   39   50.00000   43.00000  14.0%  60.1 5730s
 731274 100842 infeasible   59        50.00000   43.00000  14.0%  60.1 5761s
 733696 101035   48.00000   54   40   50.00000   43.00000  14.0%  60.1 5790s
 736556 101237   43.00000   51   51   50.00000   43.00000  14.0%  60.1 5819s
 739433 101449 infeasible   49        50.00000   43.00000  14.0%  60.1 5848s
 742336 101745 infeasible   54        50.00000   43.00000  14.0%  60.1 5875s
 745045 102178   48.00000   41   48   50.00000   43.00000  14.0%  60.1 5902s
 747839 102359     cutoff   50        50.00000   43.00000  14.0%  60.1 5929s
 750247 102590 infeasible   52        50.00000   43.00000  14.0%  60.1 5959s
 753038 102723     cutoff   44        50.00000   43.00000  14.0%  60.1 5988s
 755864 102962   45.00000   51   45   50.00000   43.00000  14.0%  60.1 6014s
 758429 103122 infeasible   47        50.00000   43.00000  14.0%  60.1 6044s
 760975 103264   43.00000   48   39   50.00000   43.00000  14.0%  60.1 6071s
 763541 103457     cutoff   54        50.00000   43.00000  14.0%  60.1 6096s
 765947 103659   43.00000   42   49   50.00000   43.00000  14.0%  60.1 6121s
 768400 103847   45.00000   49   34   50.00000   43.00000  14.0%  60.1 6144s
 770443 103847 infeasible   46        50.00000   43.00000  14.0%  60.1 6145s
 770671 103906 infeasible   55        50.00000   43.00000  14.0%  60.1 6165s
 772553 104161   48.00000   45   31   50.00000   43.00000  14.0%  60.1 6189s
 774737 104350 infeasible   51        50.00000   43.00000  14.0%  60.1 6210s
 776859 104577 infeasible   52        50.00000   43.00000  14.0%  60.1 6232s
 779014 104751   46.00000   48   41   50.00000   43.00000  14.0%  60.1 6254s
 781123 104889 infeasible   53        50.00000   43.00000  14.0%  60.1 6275s
 783066 104985 infeasible   46        50.00000   43.00000  14.0%  60.2 6296s
 784860 105071   46.00000   47   47   50.00000   43.00000  14.0%  60.2 6316s
 786810 105149   49.00000   52   48   50.00000   43.00000  14.0%  60.2 6335s
 788732 105493   44.00000   49   54   50.00000   44.00000  12.0%  60.2 6365s
 791724 105940   44.00000   52   23   50.00000   44.00000  12.0%  60.1 6396s
 794640 106239   46.00000   43   18   50.00000   44.00000  12.0%  60.1 6422s
 797303 106442 infeasible   46        50.00000   44.00000  12.0%  60.1 6447s
 799767 106648   49.00000   45   23   50.00000   44.00000  12.0%  60.1 6475s
 802273 106914 infeasible   45        50.00000   44.00000  12.0%  60.1 6503s
 805005 107085 infeasible   49        50.00000   44.00000  12.0%  60.1 6535s
 807521 107277   44.00000   47   33   50.00000   44.00000  12.0%  60.2 6564s
 810291 107443 infeasible   57        50.00000   44.00000  12.0%  60.2 6595s
 813068 107610   44.00000   58   49   50.00000   44.00000  12.0%  60.2 6627s
 815823 107716 infeasible   40        50.00000   44.00000  12.0%  60.2 6657s
 818626 107877 infeasible   48        50.00000   44.00000  12.0%  60.2 6684s
 821127 108007   44.00000   55   47   50.00000   44.00000  12.0%  60.2 6712s
 823741 108115 infeasible   41        50.00000   44.00000  12.0%  60.2 6740s
 826279 108220 infeasible   48        50.00000   44.00000  12.0%  60.2 6770s
 829073 108354   49.00000   53   16   50.00000   44.00000  12.0%  60.2 6801s
 831859 108506 infeasible   51        50.00000   44.00000  12.0%  60.2 6833s
 834444 108636     cutoff   39        50.00000   44.00000  12.0%  60.2 6863s
 837183 108707 infeasible   49        50.00000   44.00000  12.0%  60.2 6896s
 840100 108885   48.00000   49   60   50.00000   44.00000  12.0%  60.2 6927s
 842988 108936 infeasible   53        50.00000   44.00000  12.0%  60.2 6954s
 845488 109021   46.00000   47   36   50.00000   44.00000  12.0%  60.2 6982s
 848157 109111   49.00000   47   22   50.00000   44.00000  12.0%  60.2 7011s
 850734 109210   46.00000   49   51   50.00000   44.00000  12.0%  60.2 7041s
 853522 109286 infeasible   46        50.00000   44.00000  12.0%  60.2 7070s
 856172 109334   46.00000   53   39   50.00000   44.00000  12.0%  60.3 7100s
 858835 109450 infeasible   44        50.00000   44.00000  12.0%  60.3 7132s
 861677 109547   49.00000   46   35   50.00000   44.00000  12.0%  60.3 7163s
 864203 109626   46.00000   43   43   50.00000   44.00000  12.0%  60.3 7195s
 866963 109730 infeasible   43        50.00000   44.00000  12.0%  60.3 7222s
 869324 109883   44.00000   44   37   50.00000   44.00000  12.0%  60.3 7253s
 872215 110006 infeasible   49        50.00000   44.00000  12.0%  60.3 7283s
 874929 110193   44.00000   46   46   50.00000   44.00000  12.0%  60.3 7312s
 877776 110299 infeasible   48        50.00000   44.00000  12.0%  60.3 7335s
 880542 110366 infeasible   54        50.00000   44.00000  12.0%  60.3 7359s
 881607 110366 infeasible   49        50.00000   44.00000  12.0%  60.3 7360s
 883253 110523 infeasible   50        50.00000   44.00000  12.0%  60.3 7384s
 886037 110654 infeasible   49        50.00000   44.00000  12.0%  60.3 7413s
 888771 110668 infeasible   53        50.00000   44.00000  12.0%  60.3 7442s
 891014 110836   47.00000   41   35   50.00000   44.00000  12.0%  60.3 7474s
 892711 110836   49.00000   50   44   50.00000   44.00000  12.0%  60.3 7475s
 893935 110906   44.00000   51   36   50.00000   44.00000  12.0%  60.3 7506s
 896808 110994   46.00000   44   43   50.00000   44.00000  12.0%  60.3 7537s
 899753 111069 infeasible   54        50.00000   44.00000  12.0%  60.3 7567s
 902447 111184   44.00000   51   40   50.00000   44.00000  12.0%  60.3 7598s
 905231 111227   44.00000   49   33   50.00000   44.00000  12.0%  60.3 7629s
 907930 111333 infeasible   49        50.00000   44.00000  12.0%  60.3 7657s
 910672 111475   44.00000   47   36   50.00000   44.00000  12.0%  60.3 7685s
 913158 111673   44.00000   35   28   50.00000   44.00000  12.0%  60.4 7715s
 915724 111730   44.00000   54   52   50.00000   44.00000  12.0%  60.4 7747s
 918478 111841 infeasible   45        50.00000   44.00000  12.0%  60.4 7776s
 921084 111905 infeasible   57        50.00000   44.00000  12.0%  60.4 7807s
 923845 111936 infeasible   48        50.00000   44.00000  12.0%  60.4 7837s
 926678 112022 infeasible   44        50.00000   44.00000  12.0%  60.4 7869s
 929485 112175 infeasible   45        50.00000   44.00000  12.0%  60.4 7899s
 932194 112237 infeasible   49        50.00000   44.00000  12.0%  60.4 7932s
 934869 112287     cutoff   57        50.00000   44.00000  12.0%  60.4 7960s
 937337 112364 infeasible   46        50.00000   44.00000  12.0%  60.4 7990s
 940081 112483   44.00000   50   45   50.00000   44.00000  12.0%  60.4 8020s
 942718 112574 infeasible   42        50.00000   44.00000  12.0%  60.4 8053s
 945265 112638 infeasible   50        50.00000   44.00000  12.0%  60.4 8084s
 947920 112755   44.00000   52   53   50.00000   44.00000  12.0%  60.4 8115s
 950711 112896 infeasible   42        50.00000   44.00000  12.0%  60.4 8146s
 953563 113048   44.00000   44   45   50.00000   44.00000  12.0%  60.4 8175s
 956364 113127 infeasible   54        50.00000   44.00000  12.0%  60.4 8206s
 959139 113137   49.00000   40   38   50.00000   44.00000  12.0%  60.4 8234s
 961041 113137   44.00000   36   38   50.00000   44.00000  12.0%  60.4 8235s
 961546 113278   46.00000   53   26   50.00000   44.00000  12.0%  60.4 8267s
 964376 113399   47.00000   44   45   50.00000   44.00000  12.0%  60.4 8299s
 967172 113575   44.00000   39   20   50.00000   44.00000  12.0%  60.4 8331s
 970071 113658 infeasible   52        50.00000   44.00000  12.0%  60.4 8362s
 972605 113781 infeasible   47        50.00000   44.00000  12.0%  60.4 8395s
 975429 113982   49.00000   41   28   50.00000   44.00000  12.0%  60.4 8427s
 978252 114114   46.00000   59   29   50.00000   44.00000  12.0%  60.4 8458s
 981047 114281   49.00000   52   31   50.00000   44.00000  12.0%  60.4 8486s
 983598 114451 infeasible   44        50.00000   44.00000  12.0%  60.4 8516s
 986383 114584   49.00000   50   32   50.00000   44.00000  12.0%  60.4 8545s
 989004 114724 infeasible   46        50.00000   44.00000  12.0%  60.4 8575s
 991616 114866   44.00000   51   42   50.00000   44.00000  12.0%  60.4 8604s
 992874 114866   49.00000   51   33   50.00000   44.00000  12.0%  60.4 8605s
 994439 115002   47.00000   49   39   50.00000   44.00000  12.0%  60.4 8636s
 997186 115086 infeasible   48        50.00000   44.00000  12.0%  60.4 8666s
 999802 115133   44.00000   50   64   50.00000   44.00000  12.0%  60.4 8698s
 1002211 115261   48.00000   41   61   50.00000   44.00000  12.0%  60.4 8730s
 1004990 115367 infeasible   57        50.00000   44.00000  12.0%  60.4 8759s
 1007354 115485 infeasible   45        50.00000   44.00000  12.0%  60.4 8790s
 1010203 115497   49.00000   53   43   50.00000   44.00000  12.0%  60.4 8821s
 1012875 115536   46.00000   52   48   50.00000   44.00000  12.0%  60.4 8852s
 1015645 115549   44.00000   36   42   50.00000   44.00000  12.0%  60.4 8884s
 1018321 115576   48.00000   51   23   50.00000   44.00000  12.0%  60.4 8915s
 1021113 115558   44.00000   48   29   50.00000   44.00000  12.0%  60.4 8948s
 1023762 115632   44.00000   44   42   50.00000   44.00000  12.0%  60.4 8979s
 1026445 115632   49.00000   44   38   50.00000   44.00000  12.0%  60.4 8980s
 1026582 115656 infeasible   49        50.00000   44.00000  12.0%  60.4 9011s
 1029092 115702   47.00000   58   38   50.00000   44.00000  12.0%  60.4 9037s
 1031516 115770 infeasible   52        50.00000   44.00000  12.0%  60.5 9069s
 1034263 115841   44.00000   42   30   50.00000   44.00000  12.0%  60.5 9100s
 1037030 115929   44.00000   50   48   50.00000   44.00000  12.0%  60.5 9132s
 1039600 116034   46.00000   44   41   50.00000   44.00000  12.0%  60.5 9165s
 1042380 116067     cutoff   49        50.00000   44.00000  12.0%  60.5 9196s
 1045114 116142   44.00000   42   41   50.00000   44.00000  12.0%  60.5 9228s
 1047973 116222   46.00000   47   28   50.00000   44.00000  12.0%  60.5 9261s
 1050768 116294 infeasible   47        50.00000   44.00000  12.0%  60.5 9290s
 1053263 116318   44.00000   42   56   50.00000   44.00000  12.0%  60.5 9322s
 1055724 116513 infeasible   48        50.00000   44.00000  12.0%  60.5 9354s
 1058579 116649   44.00000   44   43   50.00000   44.00000  12.0%  60.5 9385s
 1061373 116721   44.00000   41   49   50.00000   44.00000  12.0%  60.5 9415s
 1064060 116809 infeasible   46        50.00000   44.00000  12.0%  60.5 9446s
 1066850 116827 infeasible   44        50.00000   44.00000  12.0%  60.5 9476s
 1069558 116893   44.00000   52   39   50.00000   44.00000  12.0%  60.5 9507s
 1072333 116944   44.00000   42   44   50.00000   44.00000  12.0%  60.5 9539s
 1075025 117149     cutoff   58        50.00000   44.00000  12.0%  60.5 9567s
 1077614 117400 infeasible   51        50.00000   44.00000  12.0%  60.5 9597s
 1080333 117675   46.00000   47   44   50.00000   44.00000  12.0%  60.4 9627s
 1082819 117976 infeasible   52        50.00000   44.00000  12.0%  60.4 9657s
 1085576 118165   44.00000   46   67   50.00000   44.00000  12.0%  60.4 9686s
 1088176 118281 infeasible   55        50.00000   44.00000  12.0%  60.4 9716s
 1090777 118421   45.00000   42   29   50.00000   44.00000  12.0%  60.5 9747s
 1093560 118612 infeasible   48        50.00000   44.00000  12.0%  60.5 9779s
 1096329 118692     cutoff   53        50.00000   44.00000  12.0%  60.5 9810s
 1098991 118918   46.00000   50   35   50.00000   44.00000  12.0%  60.5 9838s
 1101485 119103   49.00000   53   29   50.00000   44.00000  12.0%  60.5 9868s
 1104153 119345 infeasible   45        50.00000   44.00000  12.0%  60.5 9899s
 1106920 119521   44.00000   44   58   50.00000   44.00000  12.0%  60.5 9930s
 1109686 119629   48.00000   54   24   50.00000   44.00000  12.0%  60.5 9964s
 1112313 119857 infeasible   53        50.00000   44.00000  12.0%  60.5 9996s
 1115232 120073   44.00000   53   70   50.00000   44.00000  12.0%  60.5 10028s
 1117899 120203 infeasible   46        50.00000   44.00000  12.0%  60.5 10057s
 1120600 120353     cutoff   38        50.00000   44.00000  12.0%  60.5 10089s
 1123363 120453   44.00000   48   44   50.00000   44.00000  12.0%  60.5 10116s
 1125808 120522 infeasible   47        50.00000   44.00000  12.0%  60.5 10150s
 1128492 120659   45.00000   49   28   50.00000   44.00000  12.0%  60.5 10182s
 1131328 120829 infeasible   46        50.00000   44.00000  12.0%  60.5 10214s
 1134159 121031   44.00000   45   31   50.00000   44.00000  12.0%  60.5 10246s
 1136908 121226 infeasible   49        50.00000   44.00000  12.0%  60.5 10276s
 1139705 121467 infeasible   41        50.00000   44.00000  12.0%  60.5 10310s
 1142346 121520 infeasible   46        50.00000   44.00000  12.0%  60.5 10342s
 1145006 121667   44.00000   40   54   50.00000   44.00000  12.0%  60.5 10370s
 1147467 121905 infeasible   49        50.00000   44.00000  12.0%  60.5 10401s
 1150230 122099   49.00000   50   40   50.00000   44.00000  12.0%  60.5 10434s
 1152967 122201   49.00000   49   55   50.00000   44.00000  12.0%  60.5 10465s
 1155712 122391   44.00000   42   49   50.00000   44.00000  12.0%  60.5 10497s
 1158386 122582   47.00000   52   64   50.00000   44.00000  12.0%  60.5 10529s
 1161133 122706     cutoff   55        50.00000   44.00000  12.0%  60.5 10562s
 1163964 122828 infeasible   41        50.00000   44.00000  12.0%  60.5 10593s
 1166550 122985 infeasible   50        50.00000   44.00000  12.0%  60.5 10624s
 1167142 122985 infeasible   47        50.00000   44.00000  12.0%  60.5 10625s
 1169302 123091 infeasible   51        50.00000   44.00000  12.0%  60.5 10655s
 1171633 123186   48.00000   45   45   50.00000   44.00000  12.0%  60.5 10689s
 1174460 123316 infeasible   51        50.00000   44.00000  12.0%  60.5 10722s
 1177256 123445 infeasible   58        50.00000   44.00000  12.0%  60.5 10756s
 1180018 123602   47.00000   41   57   50.00000   44.00000  12.0%  60.5 10790s
 1182913 123644   44.00000   57   35   50.00000   44.00000  12.0%  60.5 10800s

Cutting planes:
  Learned: 4487
  Gomory: 17
  Cover: 31
  Implied bound: 11
  Clique: 16
  MIR: 267
  StrongCG: 9
  Flow cover: 641
  GUB cover: 22
  Mod-K: 2
  RLT: 1
  Relax-and-lift: 194

Explored 1183746 nodes (71658581 simplex iterations) in 10800.30 seconds (555.80 work units)
Thread count was 18 (of 36 available processors)

Solution count 10: 50 51 53 ... 66

Time limit reached
Best objective 5.000000000000e+01, best bound 4.400000000000e+01, gap 12.0000%
