
Gurobi 11.0.0 (win64) logging started Sun May  5 18:46:21 2024

Set parameter LogFile to value "./Results/StripPacking-CutHeurRuns/Logs/RU-111-StripPacking-20.log"
Set parameter TimeLimit to value 10800
Set parameter Cuts to value 1
Set parameter Presolve to value 1
Set parameter Heuristics to value 1
Set parameter LPWarmStart to value 2
Gurobi Optimizer version 11.0.0 build v11.0.0rc2 (win64 - Windows 10.0 (19045.2))

CPU model: Intel(R) Core(TM) i9-10980XE CPU @ 3.00GHz, instruction set [SSE2|AVX|AVX2|AVX512]
Thread count: 18 physical cores, 36 logical processors, using up to 18 threads

Optimize a model with 4525 rows, 1251 columns and 12050 nonzeros
Model fingerprint: 0xb2469033
Variable types: 51 continuous, 1200 integer (1200 binary)
Coefficient statistics:
  Matrix range     [1e+00, 1e+04]
  Objective range  [1e+00, 1e+00]
  Bounds range     [1e+00, 1e+04]
  RHS range        [1e+00, 1e+04]

Warning: Completing partial solution with 1200 unfixed non-continuous variables out of 1200
User MIP start produced solution with objective 104.8 (0.00s)
Loaded user MIP start with objective 104.8

Presolve removed 600 rows and 0 columns
Presolve time: 0.02s
Presolved: 3925 rows, 1251 columns, 10850 nonzeros
Variable types: 51 continuous, 1200 integer (1200 binary)

Root relaxation: objective 3.600000e+01, 732 iterations, 0.03 seconds (0.02 work units)

    Nodes    |    Current Node    |     Objective Bounds      |     Work
 Expl Unexpl |  Obj  Depth IntInf | Incumbent    BestBd   Gap | It/Node Time

     0     0   36.00000    0   77  104.80000   36.00000  65.6%     -    0s
     0     0   36.00000    0  138  104.80000   36.00000  65.6%     -    0s
     0     0   36.00000    0  146  104.80000   36.00000  65.6%     -    0s
H    0     0                     103.0000000   36.00000  65.0%     -    0s
     0     0   36.00000    0  138  103.00000   36.00000  65.0%     -    0s
     0     0   36.00000    0  147  103.00000   36.00000  65.0%     -    0s
H    0     0                     102.0000000   36.00000  64.7%     -    0s
     0     0   36.00000    0  132  102.00000   36.00000  64.7%     -    1s
     0     0   36.00000    0  151  102.00000   36.00000  64.7%     -    1s
     0     0   36.00000    0  118  102.00000   36.00000  64.7%     -    1s
     0     0   36.00000    0  118  102.00000   36.00000  64.7%     -    1s
     0     0   36.00000    0  104  102.00000   36.00000  64.7%     -    1s
     0     0   36.00000    0   92  102.00000   36.00000  64.7%     -    1s
     0     2   36.00000    0   92  102.00000   36.00000  64.7%     -    2s
H   87   104                     100.0000000   36.00000  64.0%   111    2s
H  103   122                      99.0000000   36.00000  63.6%   102    4s
H  104   122                      97.0000000   36.00000  62.9%   102    4s
H  115   122                      96.0000000   36.00000  62.5%   104    4s
H  119   122                      94.0000000   36.00000  61.7%   101    4s
   152   172   36.00000   11  142   94.00000   36.00000  61.7%  90.8    5s
H  153   172                      93.0000000   36.00000  61.3%  90.2    5s
H  154   172                      92.0000000   36.00000  60.9%  89.7    5s
H  255   274                      91.0000000   36.00000  60.4%  78.3   10s
H  268   274                      90.0000000   36.00000  60.0%  78.3   10s
H  447   466                      88.0000000   36.00000  59.1%  81.3   16s
H  451   466                      87.0000000   36.00000  58.6%  81.0   16s
   465   522   36.00000   20  150   87.00000   36.00000  58.6%  79.7   22s
H  466   522                      86.0000000   36.00000  58.1%  79.6   22s
   523   774   36.00000   21  154   86.00000   36.00000  58.1%  77.9   28s
   787  1171   36.00000   41  197   86.00000   36.00000  58.1%  77.7   35s
  1192  1682   36.00000   50  183   86.00000   36.00000  58.1%  69.3   41s
  1794  2195   70.00000   71  177   86.00000   36.00000  58.1%  64.3   46s
H 2113  2195                      86.0000000   36.00000  58.1%  59.0   46s
  2436  3262   48.00000   34  162   86.00000   36.00000  58.1%  55.8   51s
  3763  3376   61.00000   60  169   86.00000   36.00000  58.1%  46.9   60s
  4029  3464   36.60226   17  300   86.00000   36.00000  58.1%  55.8   65s
  4141  3539   37.00000   20  265   86.00000   36.00000  58.1%  56.1   77s
  4184  3567   46.00000   21  284   86.00000   36.00000  58.1%  56.7   82s
  4262  3619   53.00000   23  229   86.00000   36.00000  58.1%  57.2   91s
H 4269  3447                      85.0000000   36.00000  57.6%  57.2   91s
H 4333  3336                      84.0000000   36.00000  57.1%  57.0   99s
  4351  3352   42.00000   26  244   84.00000   36.00000  57.1%  57.2  100s
  4439  3405   42.00000   28  238   84.00000   36.00000  57.1%  57.3  109s
H 4450  3248                      84.0000000   36.00000  57.1%  57.3  109s
  4457  3263   42.00000   29  236   84.00000   36.00000  57.1%  57.3  114s
  4561  3360   48.00000   32  211   84.00000   36.00000  57.1%  57.4  115s
  4658  3395   53.00000   36  183   84.00000   36.00000  57.1%  57.4  127s
  4858  3520   61.00000   43  201   84.00000   36.00000  57.1%  56.9  134s
  4951  3647   61.00000   46  190   84.00000   36.00000  57.1%  56.7  136s
  5056  3629   61.00000   49  188   84.00000   36.00000  57.1%  56.5  144s
  5075  3672   61.00000   50  186   84.00000   36.00000  57.1%  56.5  147s
  5148  3739   61.00000   50  171   84.00000   36.00000  57.1%  56.5  150s
  5336  3779   61.00000   57  147   84.00000   36.00000  57.1%  57.0  163s
  5354  3792   61.00000   58  149   84.00000   36.00000  57.1%  56.9  169s
  5375  3923   61.00000   58  121   84.00000   36.00000  57.1%  56.9  170s
  5523  3965   61.00000   64  129   84.00000   36.00000  57.1%  56.9  175s
  5616  3949   61.00000   67  121   84.00000   36.00000  57.1%  56.8  182s
  5636  3956   61.00000   68  119   84.00000   36.00000  57.1%  57.0  188s
  5845  4230   61.00000   73  107   84.00000   36.00000  57.1%  56.9  192s
  6023  4187   78.00000   79  111   84.00000   36.00000  57.1%  57.1  200s
  6042  4195   61.00000   79   98   84.00000   36.00000  57.1%  57.1  206s
H 6255  4228                      83.0000000   36.00000  56.6%  57.3  214s
  6426  4156   62.00000   84   95   83.00000   36.00000  56.6%  57.2  223s
  6782  4455   49.00000   30  163   83.00000   36.00000  56.6%  57.9  229s
H 6846  4296                      83.0000000   36.00000  56.6%  57.7  229s
  7051  4271   77.00000   62  110   83.00000   36.00000  56.6%  58.0  244s
  7098  4562   77.00000   63  110   83.00000   36.00000  56.6%  58.0  247s
  7504  4812   80.00000   68   99   83.00000   36.00000  56.6%  58.2  252s
  8069  4631   48.00000   23  196   83.00000   36.00000  56.6%  58.2  268s
  8325  4787     cutoff   47        83.00000   36.00000  56.6%  58.7  270s
  8464  5044   71.00000   47  118   83.00000   36.00000  56.6%  58.7  275s
  8839  5051   73.00000   61  129   83.00000   36.00000  56.6%  58.6  283s
  9020  5005   73.00000   71   93   83.00000   36.00000  56.6%  58.4  293s
  9041  5327 infeasible   72        83.00000   36.00000  56.6%  58.3  295s
  9483  5239   72.00000   35  198   83.00000   36.00000  56.6%  58.6  303s
  9552  5538   72.00000   40  157   83.00000   36.16670  56.4%  58.6  312s
  9968  6089   59.00000   32  218   83.00000   36.19682  56.4%  58.6  321s
 10866  5878   39.28608   18  205   83.00000   39.28608  52.7%  59.0  328s
 10986  6164   41.79545   19  195   83.00000   40.00000  51.8%  59.1  336s
 11415  6719   57.00000   34  146   83.00000   40.00000  51.8%  59.2  341s
 12345  6605   77.00000   48  137   83.00000   42.00000  49.4%  58.7  351s
 12365  6970   77.00000   49  134   83.00000   42.00000  49.4%  58.7  357s
 12834  8236   60.00000   36  175   83.00000   42.00000  49.4%  58.6  368s
 14476  8247   78.00000   86  187   83.00000   42.00000  49.4%  57.9  380s
 14500  9102   78.00000   87  187   83.00000   42.00000  49.4%  57.9  392s
 15682  9118   46.00000   26  178   83.00000   42.00000  49.4%  57.6  406s
 15702  9688   46.00000   27  178   83.00000   42.00000  49.4%  57.7  411s
 16456  9821   63.00000   54  213   83.00000   42.00000  49.4%  58.1  417s
 16621  9835   67.00000   58  194   83.00000   42.00000  49.4%  58.2  428s
 16643 11208   67.00000   59  190   83.00000   42.00000  49.4%  58.2  446s
 18685 11216   82.00000   45  168   83.00000   42.00000  49.4%  58.4  463s
 18713 12523   82.00000   46  166   83.00000   42.00000  49.4%  58.4  484s
*19614 11678             111      82.0000000   42.00000  48.8%  58.4  484s
 20558 11492     cutoff   67        82.00000   42.00000  48.8%  58.4  503s
H20562 11492                      82.0000000   42.00000  48.8%  58.4  503s
 20589 11962   48.00000   31  221   82.00000   42.00000  48.8%  58.5  509s
 21180 12178 infeasible   56        82.00000   42.00000  48.8%  58.7  517s
 21470 12196   57.00000   27  219   82.00000   42.00000  48.8%  58.8  531s
 21488 13433   57.00000   28  201   82.00000   42.00000  48.8%  58.9  552s
 23207 13448   69.00000   46  235   82.00000   42.00000  48.8%  59.6  575s
 23228 16062   69.00000   47  221   82.00000   42.00000  48.8%  59.6  599s
 27098 16077   67.00000   55  153   82.00000   42.00000  48.8%  60.3  623s
 27119 17699   79.00000   56  157   82.00000   42.00000  48.8%  60.3  650s
 29358 17712   75.00000   67   97   82.00000   42.00000  48.8%  61.1  677s
 29381 19038     cutoff   68        82.00000   43.00000  47.6%  61.1  700s
 31310 19344   46.00000   31  142   82.00000   43.00000  47.6%  61.4  724s
 31768 19361     cutoff   55        82.00000   43.00000  47.6%  61.4  743s
 31787 20640   77.00000   56  102   82.00000   43.00000  47.6%  61.4  768s
 33672 20651   54.00000   49  166   82.00000   45.00000  45.1%  61.8  791s
 33697 20898   65.00000   50  159   82.00000   45.00000  45.1%  61.8  819s
 34058 20916   72.00000   55  154   82.00000   45.00000  45.1%  61.8  858s
 34076 21167   72.00000   56  153   82.00000   45.00000  45.1%  61.8  888s
 34395 21180   80.00000   72  111   82.00000   45.00000  45.1%  61.8  918s
 34417 21396   80.00000   73  107   82.00000   45.00000  45.1%  61.8  949s
 34740 21412   52.00000   41  153   82.00000   45.00000  45.1%  61.9  977s
 34758 21429   54.00000   42  158   82.00000   45.00000  45.1%  61.9  986s
 34777 21445   59.00000   43  155   82.00000   45.00000  45.1%  61.9 1002s
 34798 22567   59.00000   44  158   82.00000   45.00000  45.1%  61.9 1032s
 36483 22576   73.00000   36  174   82.00000   45.00000  45.1%  62.0 1060s
 36510 24342   73.00000   37  172   82.00000   45.00000  45.1%  62.0 1103s
*39287 23043             100      81.0000000   46.00000  43.2%  62.2 1103s
 39309 23030 infeasible   67        81.00000   46.00000  43.2%  62.3 1126s
H39607 23030                      81.0000000   46.00000  43.2%  62.3 1126s
 39797 23380   75.00000   60  129   81.00000   46.00000  43.2%  62.3 1138s
 40251 24401   46.00000   38  204   81.00000   46.00000  43.2%  62.3 1159s
 41808 24549   78.00000   53  118   81.00000   46.00000  43.2%  62.6 1183s
 42050 25530   78.00000   54  106   81.00000   46.00000  43.2%  62.6 1201s
 43532 25547   79.00000   76   66   81.00000   46.00000  43.2%  62.8 1237s
 43551 27545 infeasible   76        81.00000   46.00000  43.2%  62.9 1288s
 46428 33038   78.00000   46  130   81.00000   46.00000  43.2%  62.8 1407s
 55007 35055 infeasible   93        81.00000   46.00000  43.2%  63.4 1459s
 57977 35063     cutoff   59        81.00000   46.00000  43.2%  63.4 1526s
 58005 35340   64.00000   40  226   81.00000   46.00000  43.2%  63.4 1549s
 58478 37903 infeasible   63        81.00000   46.00000  43.2%  63.5 1607s
 62438 37911 infeasible   56        81.00000   46.00000  43.2%  63.8 1662s
 62466 40698   64.00000   56  123   81.00000   46.00000  43.2%  63.8 1716s
 66149 40707   64.00000   56  156   81.00000   46.00000  43.2%  64.3 1773s
 66176 42912   69.00000   57  146   81.00000   46.00000  43.2%  64.3 1819s
 69203 44189   71.00000   69  118   81.00000   46.00000  43.2%  64.4 1889s
 71275 53911   73.00000   49  166   81.00000   46.00000  43.2%  64.4 2068s
 82977 53911   80.00000   77   55   81.00000   46.00000  43.2%  64.9 2071s
 86306 53924   67.00000   43  141   81.00000   47.00000  42.0%  65.1 2153s
 86329 55070   60.00000   43  156   81.00000   47.00000  42.0%  65.1 2187s
 88053 55080   60.00000   57  160   81.00000   47.00000  42.0%  65.2 2244s
 88078 55725   60.00000   57  160   81.00000   47.00000  42.0%  65.2 2268s
 89206 55948   60.00000   70  125   81.00000   47.00000  42.0%  65.2 2308s
 89571 56015   60.00000   71  124   81.00000   47.00000  42.0%  65.2 2335s
 89669 56027   79.00000   73  108   81.00000   47.00000  42.0%  65.2 2405s
 89693 57063   79.00000   73  111   81.00000   47.00000  42.0%  65.2 2443s
 91229 57611   47.00000   42  206   81.00000   47.00000  42.0%  65.2 2515s
 92196 68501   47.00000   43  198   81.00000   47.00000  42.0%  65.4 2719s
 98202 68501     cutoff   62        81.00000   47.00000  42.0%  65.9 2720s
 110214 68514 infeasible   69        81.00000   47.00000  42.0%  66.6 2831s
 110237 68665   72.00000   69  127   81.00000   47.00000  42.0%  66.6 2872s
 110462 68673   57.00000   47  143   81.00000   47.00000  42.0%  66.6 2932s
 110490 68977   57.00000   48  144   81.00000   47.00000  42.0%  66.6 2969s
 110964 69085   75.00000   50  155   81.00000   47.00000  42.0%  66.6 3008s
 111114 69218     cutoff   55        81.00000   47.00000  42.0%  66.6 3072s
 111315 69254 infeasible   57        81.00000   47.00000  42.0%  66.6 3110s
 111373 70565   76.00000   57  172   81.00000   47.00000  42.0%  66.6 3157s
 113676 73411   57.00000   40  198   81.00000   48.00000  40.7%  66.5 3295s
 118021 78521   72.00000   70   95   81.00000   48.00000  40.7%  66.5 3441s
 125885 78535   77.00000   43  130   81.00000   48.00000  40.7%  66.7 3590s
 125907 79297   77.00000   44  132   81.00000   48.00000  40.7%  66.7 3644s
 127003 79303   74.00000   76  155   81.00000   48.00000  40.7%  66.7 3738s
 127033 80517   74.00000   77  153   81.00000   48.00000  40.7%  66.7 3805s
 128980 80752   79.00000   64  135   81.00000   48.00000  40.7%  66.8 3901s
 129363 82193   79.00000   65  137   81.00000   48.00000  40.7%  66.8 3981s
 131513 82453   68.00000   53  156   81.00000   48.00000  40.7%  66.9 4078s
 131928 84876   68.00000   54  137   81.00000   48.00000  40.7%  66.9 4177s
 135819 89543   80.00000   59   61   81.00000   48.00000  40.7%  66.9 4378s
 143315 89627   67.00000   52  177   81.00000   48.00000  40.7%  67.1 4465s
 143447 89953   80.00000   55  118   81.00000   48.00000  40.7%  67.1 4564s
 143580 89953   74.00000   75  124   81.00000   48.00000  40.7%  67.1 4565s
 143923 90289   48.00000   32  181   81.00000   48.00000  40.7%  67.1 4641s
 144411 90517   56.00000   43  184   81.00000   48.00000  40.7%  67.1 4734s
 144789 93385   56.00000   44  179   81.00000   48.00000  40.7%  67.1 4850s
 149349 93649   68.00000   47  149   81.00000   48.00000  40.7%  67.2 4977s
 149783 94988   80.00000   50  153   81.00000   48.00000  40.7%  67.2 5073s
 151767 94999   72.00000   51  147   81.00000   48.00000  40.7%  67.2 5306s
 151792 97688   72.00000   52  165   81.00000   48.00000  40.7%  67.2 5424s
 156224 97741 infeasible   61        81.00000   48.00000  40.7%  67.2 5551s
 156319 99992   56.00000   45  161   81.00000   48.00000  40.7%  67.2 5655s
 159912 102014   73.00000   52  183   81.00000   48.00000  40.7%  67.2 5838s
 163207 107309   80.00000   69   96   81.00000   48.00000  40.7%  67.4 6027s
 171463 107454 infeasible   60        81.00000   48.00000  40.7%  67.7 6161s
 171696 110409   67.00000   61  200   81.00000   48.00000  40.7%  67.7 6260s
 176389 110423   78.00000   56  127   81.00000   48.00000  40.7%  67.8 6435s
 176411 112993   78.00000   57  134   81.00000   48.00000  40.7%  67.8 6524s
 177736 112993   48.00000   46  162   81.00000   48.00000  40.7%  67.8 6525s
 180605 113000   77.00000   57  130   81.00000   48.00000  40.7%  67.8 6817s
 180634 114447   77.00000   58  157   81.00000   48.00000  40.7%  67.8 6887s
 182926 115940 infeasible   84        81.00000   48.00000  40.7%  67.9 7065s
 185459 125648   80.00000   65   60   81.00000   48.00000  40.7%  68.0 7338s
 201408 125664   77.00000   67  134   81.00000   48.00000  40.7%  68.2 7545s
 201428 127741   77.00000   68  147   81.00000   48.00000  40.7%  68.2 7612s
 204578 127955 infeasible   56        81.00000   48.00000  40.7%  68.3 7831s
 204922 138490   78.00000   59  148   81.00000   48.00000  40.7%  68.3 8123s
 209927 138490 infeasible   70        81.00000   48.00000  40.7%  68.4 8125s
 222940 138503   79.00000   71   90   81.00000   48.00000  40.7%  68.8 8521s
 222963 139873   80.00000   72   63   81.00000   48.00000  40.7%  68.8 8579s
 225373 139886   79.00000   53  134   81.00000   48.00000  40.7%  68.8 8752s
 225396 141123   79.00000   54  126   81.00000   48.00000  40.7%  68.8 8811s
 227436 141281 infeasible   70        81.00000   48.00000  40.7%  68.8 9036s
 227698 151696   67.00000   49  164   81.00000   48.00000  40.7%  68.8 9359s
*232188 138969              81      80.0000000   48.00000  40.0%  68.9 9360s
H245716 137706                      80.0000000   48.00000  40.0%  69.3 9558s
 245758 138529   79.00000   64  113   80.00000   48.00000  40.0%  69.3 9630s
 246992 138849   78.00000   57  126   80.00000   48.00000  40.0%  69.3 9713s
 247605 139110   78.00000   40  151   80.00000   48.00000  40.0%  69.3 9782s
 248004 140574   79.00000   62  104   80.00000   48.00000  40.0%  69.3 9859s
 250826 140867   79.00000   63  119   80.00000   48.00000  40.0%  69.5 10115s
 251323 150813   79.00000   64  113   80.00000   48.00000  40.0%  69.5 10418s
*261591 139662              92      79.0000000   48.00000  39.2%  69.7 10421s
 269341 138830 infeasible   64        79.00000   48.00000  39.2%  70.0 10684s
H269358 138823                      79.0000000   48.00000  39.2%  70.0 10684s
 269373 139367 infeasible   63        79.00000   48.00000  39.2%  70.0 10734s
 270348 139811   68.00000   60  170   79.00000   48.00000  39.2%  70.1 10800s
H270548 125269                      78.0000000   48.00000  38.5%  70.1 10800s

Cutting planes:
  Learned: 7285
  Gomory: 25
  Cover: 139
  Implied bound: 6
  MIR: 323
  StrongCG: 2
  Flow cover: 898
  GUB cover: 55
  Inf proof: 2
  Zero half: 20
  RLT: 1
  Relax-and-lift: 56

Explored 271096 nodes (19014051 simplex iterations) in 10801.31 seconds (1606.99 work units)
Thread count was 18 (of 36 available processors)

Solution count 10: 78 79 79 ... 83

Time limit reached
Best objective 7.800000000000e+01, best bound 4.800000000000e+01, gap 38.4615%
