
Gurobi 11.0.0 (win64) logging started Mon May  6 06:46:44 2024

Set parameter LogFile to value "./Results/StripPacking-CutHeurRuns/Logs/RU-110-StripPacking-20.log"
Set parameter TimeLimit to value 10800
Set parameter Cuts to value 1
Set parameter Presolve to value 1
Set parameter Heuristics to value 0
Set parameter LPWarmStart to value 2
Gurobi Optimizer version 11.0.0 build v11.0.0rc2 (win64 - Windows 10.0 (19045.2))

CPU model: Intel(R) Core(TM) i9-10980XE CPU @ 3.00GHz, instruction set [SSE2|AVX|AVX2|AVX512]
Thread count: 18 physical cores, 36 logical processors, using up to 18 threads

Optimize a model with 4525 rows, 1251 columns and 12050 nonzeros
Model fingerprint: 0xb2469033
Variable types: 51 continuous, 1200 integer (1200 binary)
Coefficient statistics:
  Matrix range     [1e+00, 1e+04]
  Objective range  [1e+00, 1e+00]
  Bounds range     [1e+00, 1e+04]
  RHS range        [1e+00, 1e+04]

Warning: Completing partial solution with 1200 unfixed non-continuous variables out of 1200
User MIP start produced solution with objective 104.8 (0.01s)
Loaded user MIP start with objective 104.8

Presolve removed 600 rows and 0 columns
Presolve time: 0.03s
Presolved: 3925 rows, 1251 columns, 10850 nonzeros
Variable types: 51 continuous, 1200 integer (1200 binary)

Root relaxation: objective 3.600000e+01, 732 iterations, 0.01 seconds (0.02 work units)

    Nodes    |    Current Node    |     Objective Bounds      |     Work
 Expl Unexpl |  Obj  Depth IntInf | Incumbent    BestBd   Gap | It/Node Time

     0     0   36.00000    0   77  104.80000   36.00000  65.6%     -    0s
     0     0   36.00000    0  138  104.80000   36.00000  65.6%     -    0s
     0     0   36.00000    0  146  104.80000   36.00000  65.6%     -    0s
     0     0   36.00000    0  130  104.80000   36.00000  65.6%     -    1s
     0     0   36.00000    0  142  104.80000   36.00000  65.6%     -    1s
     0     0   36.00000    0  102  104.80000   36.00000  65.6%     -    1s
     0     0   36.00000    0  144  104.80000   36.00000  65.6%     -    1s
     0     0   36.00000    0  143  104.80000   36.00000  65.6%     -    2s
     0     0   36.00000    0  174  104.80000   36.00000  65.6%     -    2s
     0     0   36.00000    0   90  104.80000   36.00000  65.6%     -    2s
     0     0   36.00000    0   90  104.80000   36.00000  65.6%     -    2s
     0     2   36.00000    0   90  104.80000   36.00000  65.6%     -    2s
  2364  2412   52.00000   62  166  104.80000   36.00000  65.6%  42.1    5s
  3874  3396   55.00000   22  165  104.80000   36.00000  65.6%  57.1   10s
* 5118  3962             119     103.0000000   36.00000  65.0%  59.1   11s
* 5667  4080             125     102.0000000   36.00000  64.7%  56.0   11s
* 5783  3954             129     101.0000000   36.00000  64.4%  56.6   11s
* 6990  4337             113     100.0000000   36.00000  64.0%  53.6   13s
* 7214  4168             129      97.0000000   36.00000  62.9%  53.6   14s
  7756  4396   36.00000   18  241   97.00000   36.00000  62.9%  52.7   15s
  9545  5589   59.00000   30  156   97.00000   36.00000  62.9%  56.6   20s
 11614  6658   53.00000   42  187   97.00000   36.00000  62.9%  55.2   25s
 13337  7987   48.00000   48  290   97.00000   36.00000  62.9%  54.5   30s
 15255 10020   49.00000   42  230   97.00000   36.00000  62.9%  55.2   35s
 18619 12343   84.00000   49  140   97.00000   36.00000  62.9%  53.3   40s
 20507 13803 infeasible  106        97.00000   36.00000  62.9%  52.8   45s
 22659 15254   71.00000   50  157   97.00000   36.00000  62.9%  51.9   50s
 23114 16600   82.00000   80  116   97.00000   36.00000  62.9%  52.2   57s
*23168 15847             113      96.0000000   36.00000  62.5%  52.2   57s
 24982 18347   86.00000   80  110   96.00000   36.00000  62.5%  52.8   68s
 28465 19020 infeasible   93        96.00000   36.00000  62.5%  50.8   71s
*28589 18186              94      95.0000000   36.00000  62.1%  50.8   71s
 29529 18800   92.00000  115   20   95.00000   36.00000  62.1%  51.4   75s
*29833 18299             108      94.0000000   36.00000  61.7%  51.7   75s
*29842 17459             108      93.0000000   36.00000  61.3%  51.7   75s
 31005 20152   90.00000   94  130   93.00000   36.00000  61.3%  52.7   88s
 33815 20710 infeasible   69        93.00000   36.00000  61.3%  51.6   90s
*34651 20813              94      92.0000000   36.00000  60.9%  51.9   93s
 35688 21585   36.00000   32  290   92.00000   36.00000  60.9%  52.0  101s
*36395 20208             105      90.0000000   36.00000  60.0%  52.1  101s
*36407 19385             108      89.0000000   36.00000  59.6%  52.1  101s
 36862 21087   76.00000   89  191   89.00000   36.00000  59.6%  52.3  110s
 39706 21932 infeasible  105        89.00000   36.00000  59.6%  51.5  117s
*40598 20988              76      88.0000000   36.00000  59.1%  51.9  118s
 40795 21851   36.46101   24  267   88.00000   36.00000  59.1%  52.1  127s
 41987 22884   36.00000   27  228   88.00000   36.00000  59.1%  52.8  134s
 43220 25521   66.00000   58  127   88.00000   36.00000  59.1%  53.5  146s
 47037 26360   86.00000   75  167   88.00000   36.00000  59.1%  52.1  155s
 48149 28414   62.00000   43  146   88.00000   36.00000  59.1%  52.6  172s
*48591 27499              92      87.0000000   36.00000  58.6%  52.7  172s
 50926 29110 infeasible   71        87.00000   36.00000  58.6%  53.8  190s
*51483 28114              93      86.0000000   36.00000  58.1%  54.0  190s
 53226 32354   60.00000   39  180   86.00000   36.00000  58.1%  54.7  215s
 59152 33600   65.00000   40  175   86.00000   36.00000  58.1%  53.8  227s
 60723 34522   64.00000   60  108   86.00000   36.00000  58.1%  54.5  235s
 61949 35704   82.00000   45  208   86.00000   36.00000  58.1%  55.0  244s
 63560 37100 infeasible   63        86.00000   36.00000  58.1%  55.7  260s
*64048 35281             123      85.0000000   36.00000  57.6%  55.8  260s
*64050 33502             122      84.0000000   36.00000  57.1%  55.8  260s
 65437 34415   54.00000   49  184   84.00000   36.00000  57.1%  56.3  275s
 67176 35806   36.06177   23  253   84.00000   36.00000  57.1%  57.1  291s
 69077 36956   69.00000   39  149   84.00000   36.00000  57.1%  57.8  302s
 70516 40623   54.00000   48  215   84.00000   36.00000  57.1%  58.4  326s
 75801 41327   83.00000   53   83   84.00000   36.00000  57.1%  57.9  336s
 76855 42273   83.00000   53  160   84.00000   36.00000  57.1%  58.1  344s
 78219 43336 infeasible   67        84.00000   36.00000  57.1%  58.4  355s
 79721 44531   78.00000   86   83   84.00000   36.00000  57.1%  58.9  370s
 81412 45687   80.00000   38  170   84.00000   36.00000  57.1%  59.1  387s
 83211 46956   37.15727   25  350   84.00000   36.00000  57.1%  59.4  405s
*83864 43736              75      83.0000000   36.00000  56.6%  59.6  405s
 84907 44873   77.00000   24  156   83.00000   36.00000  56.6%  59.8  424s
 86668 46193   36.90757   26  316   83.00000   36.00000  56.6%  60.3  443s
 88517 47252   59.00000   27  200   83.00000   36.00000  56.6%  60.7  458s
 90074 48787   56.00000   27  180   83.00000   36.00000  56.6%  61.2  479s
 91976 49888   65.00000   26  152   83.00000   36.00000  56.6%  61.8  496s
 93499 51505   82.00000   67  168   83.00000   36.00000  56.6%  62.1  520s
 95773 55075   59.00000   29  203   83.00000   36.00000  56.6%  62.6  552s
 101207 56229   61.00000   26  178   83.00000   36.00000  56.6%  61.5  566s
 102660 57304   65.00000   57  146   83.00000   36.00000  56.6%  61.8  580s
 104076 58541   61.00000   36  205   83.00000   36.00000  56.6%  62.0  594s
 105664 59665   80.00000   58  128   83.00000   36.00000  56.6%  62.2  610s
 107184 60938   57.00000   41  184   83.00000   36.00000  56.6%  62.5  628s
 108821 62100   69.00000   37  203   83.00000   36.00000  56.6%  62.8  646s
 110551 63315   50.00000   37  171   83.00000   36.00000  56.6%  63.0  664s
 112245 64556     cutoff   66        83.00000   36.00000  56.6%  63.2  684s
 113994 65474   81.00000   75   71   83.00000   36.00000  56.6%  63.5  703s
 115384 66890   46.00000   21  192   83.00000   36.00000  56.6%  63.8  730s
 117539 68320   76.00000   31  167   83.00000   36.00000  56.6%  64.2  757s
 119694 69664   66.00000   65  165   83.00000   36.00000  56.6%  64.7  777s
 121734 71512   57.00000   34  261   83.00000   36.00000  56.6%  65.1  806s
 124102 72751   59.00000   29  168   83.00000   36.00000  56.6%  65.4  834s
 125980 74274   69.00000   48  186   83.00000   36.00000  56.6%  65.7  861s
 128128 76749   82.00000   71   57   83.00000   36.00000  56.6%  66.0  892s
 131683 78033   77.00000   66  144   83.00000   36.00000  56.6%  65.7  909s
 133488 79288   54.00000   37  239   83.00000   36.00000  56.6%  65.9  934s
 135009 79288   80.00000   84   83   83.00000   36.00000  56.6%  66.1  935s
 135289 80488   57.00000   37  204   83.00000   36.00000  56.6%  66.1  954s
 137025 81583   59.00000   36  146   83.00000   36.00000  56.6%  66.4  972s
 138405 82845   70.00000   39  209   83.00000   36.00000  56.6%  66.6 1000s
 140287 84457   78.00000   42  160   83.00000   36.00000  56.6%  66.9 1029s
 142383 85847   76.00000   42  208   83.00000   36.00000  56.6%  67.1 1057s
 144296 87554   70.00000   57  111   83.00000   36.00000  56.6%  67.3 1078s
 146555 90812   70.00000   28  162   83.00000   36.00000  56.6%  67.5 1117s
 151325 91815   37.30299   31  254   83.00000   36.00000  56.6%  66.7 1137s
 152806 92892   82.00000   61  113   83.00000   36.00000  56.6%  66.9 1155s
 154309 93901   36.96938   29  284   83.00000   36.00000  56.6%  67.0 1180s
 155807 94946   61.00000   48  261   83.00000   36.00000  56.6%  67.2 1204s
 156055 94946   80.00000   49  212   83.00000   36.00000  56.6%  67.2 1205s
 157399 96101   75.00000   51  161   83.00000   36.00000  56.6%  67.4 1232s
*158694 88913              89      82.0000000   36.00000  56.1%  67.5 1232s
 159042 89635     cutoff   57        82.00000   36.00000  56.1%  67.5 1247s
 160290 90837   36.04038   27  276   82.00000   36.00000  56.1%  67.8 1277s
 162194 92078   80.00000   58   99   82.00000   36.00000  56.1%  68.0 1310s
 163997 93363   79.00000   42  173   82.00000   36.00000  56.1%  68.2 1342s
 165923 94684   36.55074   35  220   82.00000   36.00000  56.1%  68.4 1369s
 167768 96035 infeasible   77        82.00000   36.00000  56.1%  68.7 1403s
 169709 97402   78.00000   39  220   82.00000   36.00923  56.1%  68.8 1435s
 171660 98567   77.00000   44  193   82.00000   36.03399  56.1%  68.9 1467s
 173528 99853   79.00000   48  197   82.00000   36.06044  56.0%  69.0 1498s
 175481 101175   71.00000   34  218   82.00000   36.07859  56.0%  69.1 1530s
 177413 102573   65.00000   46  225   82.00000   36.09599  56.0%  69.2 1561s
 179341 103694   80.00000   48  127   82.00000   36.13703  55.9%  69.3 1587s
 181055 104500     cutoff   79        82.00000   36.15202  55.9%  69.4 1610s
 182384 105749   64.00000   49  171   82.00000   36.15988  55.9%  69.5 1641s
*183339 98367              82      81.0000000   36.17256  55.3%  69.5 1641s
 184231 99402   61.00000   38  147   81.00000   36.17398  55.3%  69.6 1674s
 186149 100685   38.26719   33  262   81.00000   36.19512  55.3%  69.7 1699s
 187934 102016   50.00000   26  236   81.00000   36.21289  55.3%  69.8 1728s
 189689 103039   59.00000   34  233   81.00000   36.23016  55.3%  70.0 1756s
 191584 104216 infeasible   81        81.00000   36.23673  55.3%  70.1 1787s
 193361 105264   54.00000   87  144   81.00000   36.24277  55.3%  70.2 1813s
 195031 106556   70.00000  113  128   81.00000   36.25893  55.2%  70.4 1843s
 196822 107715 infeasible   61        81.00000   36.26772  55.2%  70.5 1868s
 198617 108828   53.00000   35  186   81.00000   36.30120  55.2%  70.6 1900s
 200345 110102   38.58257   25  227   81.00000   36.32709  55.2%  70.8 1932s
 202206 111418   80.00000   54  111   81.00000   36.37390  55.1%  70.8 1966s
 204135 112241   67.00000   31  203   81.00000   36.41464  55.0%  70.9 1985s
 205519 113574   79.00000   55  125   81.00000   36.44669  55.0%  71.0 2017s
*205547 106452              71      80.0000000   36.44669  54.4%  70.9 2017s
 207410 107403   77.00000   65   88   80.00000   36.46261  54.4%  71.1 2048s
 209097 108652   51.00000   28  262   80.00000   36.53431  54.3%  71.3 2083s
 210923 110017   79.00000   51  116   80.00000   36.59622  54.3%  71.3 2108s
 212876 110965   68.00000   43  196   80.00000   36.64243  54.2%  71.4 2140s
 214424 112014   65.00000   52  153   80.00000   36.71096  54.1%  71.5 2173s
 216245 113179   79.00000   51  183   80.00000   36.75026  54.1%  71.6 2207s
 218058 114418   61.00000   34  170   80.00000   36.79129  54.0%  71.7 2241s
 219895 115629   65.00000   63  170   80.00000   36.84022  53.9%  71.8 2268s
 221665 116748   57.00000   36  228   80.00000   36.87959  53.9%  72.0 2301s
 223452 118032   77.00000   40  160   80.00000   36.95184  53.8%  72.0 2335s
 225233 119221   61.00000   33  187   80.00000   36.96761  53.8%  72.2 2367s
 226915 120028   73.00000   39  164   80.00000   37.00000  53.8%  72.3 2392s
 228189 120985   37.47815   29  234   80.00000   37.00000  53.8%  72.4 2426s
 230024 122183   67.00000   36  186   80.00000   37.00000  53.8%  72.5 2457s
 231971 123317   61.00000   44  136   80.00000   37.05710  53.7%  72.6 2492s
 233802 124523   38.85171   29  229   80.00000   37.10664  53.6%  72.8 2528s
 235781 125645   77.00000   50  142   80.00000   37.15727  53.6%  72.8 2563s
 237532 126967   77.00000   38  141   80.00000   37.21394  53.5%  72.9 2598s
 239379 128492   64.00000   42  170   80.00000   37.27043  53.4%  73.1 2625s
 241413 129637   76.00000   57  195   80.00000   37.30075  53.4%  73.1 2660s
 243195 130922   64.00000   32  177   80.00000   37.33676  53.3%  73.2 2698s
 245102 131999   78.00000   57  100   80.00000   37.38170  53.3%  73.3 2734s
 247033 132987   53.00000   30  240   80.00000   37.43055  53.2%  73.3 2762s
 248739 133939   72.00000   43  183   80.00000   37.52309  53.1%  73.4 2791s
 250176 135065   57.00000   35  185   80.00000   37.58705  53.0%  73.4 2826s
 251955 136171 infeasible   61        80.00000   37.63428  53.0%  73.5 2862s
 253673 137393     cutoff   65        80.00000   37.70356  52.9%  73.6 2891s
 255527 138707   59.00000   40  165   80.00000   37.76171  52.8%  73.7 2929s
 257451 139926   51.00000   27  216   80.00000   37.86187  52.7%  73.7 2964s
 259230 140955     cutoff   46        80.00000   37.90950  52.6%  73.8 3001s
 260914 142110   72.00000   41  270   80.00000   38.00000  52.5%  73.9 3037s
 262653 143385   72.00000   36  155   80.00000   38.00000  52.5%  74.0 3067s
 264431 144574   52.00000   45  290   80.00000   38.00000  52.5%  74.1 3105s
 266304 145746   68.00000   54  165   80.00000   38.06304  52.4%  74.1 3143s
 268164 146971   69.00000   35  176   80.00000   38.24637  52.2%  74.1 3180s
 269980 148353   78.00000   46  174   80.00000   38.29197  52.1%  74.2 3209s
 271952 149189   78.00000   59   79   80.00000   38.39575  52.0%  74.3 3239s
 273316 150419   79.00000   48  166   80.00000   38.49961  51.9%  74.3 3277s
 275235 151580   64.00000   46  190   80.00000   38.52893  51.8%  74.4 3316s
 277096 152777   61.00000   48  151   80.00000   38.67146  51.7%  74.4 3345s
 278919 154031   42.00000   28  258   80.00000   38.82165  51.5%  74.5 3379s
 280770 154934   79.00000   58   42   80.00000   38.88422  51.4%  74.6 3413s
 282478 156010   71.00000   51  148   80.00000   38.95867  51.3%  74.6 3449s
 284299 157160   59.00000   27  147   80.00000   39.00000  51.2%  74.6 3478s
 286102 158331   71.00000   31  238   80.00000   39.10577  51.1%  74.7 3517s
 287929 159654 infeasible   52        80.00000   39.29542  50.9%  74.8 3554s
 289815 160953   61.00000   50  163   80.00000   39.50877  50.6%  74.9 3593s
 291690 162205   67.00000   41  168   80.00000   39.65516  50.4%  74.9 3623s
 293562 163415   76.00000   48  193   80.00000   39.86046  50.2%  74.9 3661s
*294477 152204              80      79.0000000   39.95642  49.4%  74.9 3661s
 295405 152971   64.00000   31  233   79.00000   40.00000  49.4%  74.9 3697s
 297022 154421 infeasible   39        79.00000   40.00000  49.4%  75.0 3743s
 299252 155743   41.00000   27  245   79.00000   40.00000  49.4%  75.2 3791s
 301387 157162   75.00000   35  295   79.00000   40.00000  49.4%  75.2 3830s
 303701 158722   78.00000   51  186   79.00000   40.00000  49.4%  75.3 3879s
 305957 160115 infeasible   66        79.00000   40.00000  49.4%  75.4 3926s
 308177 161585   74.00000   49  192   79.00000   40.00000  49.4%  75.5 3973s
 310355 162774 infeasible   57        79.00000   40.00000  49.4%  75.5 4017s
 312388 164280     cutoff   42        79.00000   40.00000  49.4%  75.6 4053s
 314691 165535   78.00000   56   98   79.00000   40.00000  49.4%  75.6 4099s
 316801 166911   78.00000   61  108   79.00000   40.00000  49.4%  75.7 4142s
 318863 167755   78.00000   69   95   79.00000   40.00000  49.4%  75.8 4177s
 320238 169205   72.00000   48  166   79.00000   40.00000  49.4%  75.8 4225s
 322384 170557   65.00000   41  195   79.00000   40.00000  49.4%  76.0 4265s
 324472 171810   61.00000   29  155   79.00000   40.00000  49.4%  76.0 4309s
 326503 173249   77.00000   51  166   79.00000   40.00000  49.4%  76.1 4354s
 328511 174516   75.00000   60   88   79.00000   40.00000  49.4%  76.2 4396s
 330555 175750 infeasible   50        79.00000   40.00000  49.4%  76.3 4431s
 332580 176995   76.00000   41  152   79.00000   40.00000  49.4%  76.3 4474s
 334399 178227   64.00000   41  168   79.00000   40.00000  49.4%  76.4 4515s
 336299 179361 infeasible   61        79.00000   40.00000  49.4%  76.4 4555s
 338086 180461   77.00000   63  159   79.00000   40.00000  49.4%  76.5 4595s
 339791 181567   62.00000   83  138   79.00000   40.00000  49.4%  76.6 4626s
 341622 182422   77.00000   47  166   79.00000   40.00000  49.4%  76.7 4656s
 342978 183674   78.00000   41  155   79.00000   40.58758  48.6%  76.7 4698s
 344924 184730   76.00000   40  221   79.00000   40.87171  48.3%  76.8 4738s
 346705 185940   70.00000   45  172   79.00000   41.00000  48.1%  76.8 4781s
 348634 187227   76.00000   36  199   79.00000   41.00000  48.1%  76.9 4824s
 350627 188321   51.00000   35  226   79.00000   41.00000  48.1%  77.0 4860s
 352513 189462   77.00000   63  217   79.00000   41.00000  48.1%  77.0 4902s
 354442 190476 infeasible   46        79.00000   41.00000  48.1%  77.1 4942s
 356277 191342   71.00000   44  148   79.00000   41.00000  48.1%  77.2 4976s
 358135 192506   68.00000   47  128   79.00000   41.00000  48.1%  77.3 5017s
 360035 193652   75.00000   46  117   79.00000   41.00000  48.1%  77.3 5059s
 361931 194791   64.00000   43  246   79.00000   41.00000  48.1%  77.4 5093s
 363832 195634   71.00000   52  246   79.00000   41.48368  47.5%  77.4 5124s
 365203 197269   76.00000   39  207   79.00000   42.00000  46.8%  77.5 5174s
 367642 198632   77.00000   44  190   79.00000   42.00000  46.8%  77.5 5222s
 369778 199972   54.00000   31  221   79.00000   42.00000  46.8%  77.6 5272s
 372000 201373   78.00000   48  130   79.00000   42.00000  46.8%  77.7 5311s
 374278 202645   64.00000   47  204   79.00000   42.00000  46.8%  77.7 5359s
 376501 203920   76.00000   49  196   79.00000   42.00000  46.8%  77.8 5407s
 378695 205283   59.00000   29  156   79.00000   42.00000  46.8%  77.8 5455s
 380845 206518   73.00000   50  157   79.00000   42.00000  46.8%  77.9 5501s
 383047 207888 infeasible   55        79.00000   42.00000  46.8%  77.9 5537s
 385125 209372   69.00000   38  184   79.00000   42.00000  46.8%  78.0 5582s
 387240 210225 infeasible   84        79.00000   42.00000  46.8%  78.1 5618s
 388744 211674   48.00000   33  189   79.00000   42.00000  46.8%  78.1 5667s
 390936 212837   59.00000   40  148   79.00000   42.00000  46.8%  78.1 5711s
 392899 214171   69.00000   45  147   79.00000   42.00000  46.8%  78.2 5747s
 394861 215454   77.00000   66   40   79.00000   42.00000  46.8%  78.3 5790s
 396810 216623   46.00000   29  161   79.00000   42.00000  46.8%  78.3 5832s
 398702 217940   59.00000   41  184   79.00000   42.00000  46.8%  78.4 5874s
 400648 218904   62.00000   81  144   79.00000   42.00000  46.8%  78.4 5914s
 402490 219996   76.00000   40  127   79.00000   42.00000  46.8%  78.5 5954s
 404193 221140 infeasible   61        79.00000   42.13476  46.7%  78.5 5988s
 406112 222447   71.00000   34  128   79.00000   43.00000  45.6%  78.5 6035s
 408237 223557   78.00000   53  155   79.00000   43.00000  45.6%  78.6 6078s
 410311 224608   78.00000   67  117   79.00000   43.00000  45.6%  78.6 6116s
 412116 225911   60.00000   46  251   79.00000   43.00000  45.6%  78.6 6160s
 414065 227057   78.00000   28  152   79.00000   43.00000  45.6%  78.6 6192s
 415903 228237   71.00000   28  215   79.00000   43.00000  45.6%  78.6 6235s
 417746 229487   51.00000   38  176   79.00000   43.00000  45.6%  78.6 6275s
 419566 230761   65.00000   51  171   79.00000   43.00000  45.6%  78.6 6308s
 421406 231943   76.00000   47  128   79.00000   43.00000  45.6%  78.6 6351s
 423278 233190   78.00000   41  172   79.00000   43.00000  45.6%  78.6 6395s
 425219 234452   54.00000   33  127   79.00000   43.00000  45.6%  78.6 6430s
 427137 235815   78.00000   47  181   79.00000   43.00000  45.6%  78.6 6472s
 429056 236948 infeasible   63        79.00000   43.00000  45.6%  78.6 6513s
 430941 238138   78.00000   66   89   79.00000   43.00000  45.6%  78.6 6544s
 432734 239128   78.00000   48   96   79.00000   43.00000  45.6%  78.6 6580s
 434278 240214   63.00000   44  213   79.00000   43.85631  44.5%  78.6 6621s
 436003 241591   59.00000   38  149   79.00000   44.00000  44.3%  78.6 6667s
 438029 242847   44.00000   23  161   79.00000   44.00000  44.3%  78.7 6708s
 439989 244337   69.00000   35  133   79.00000   44.00000  44.3%  78.7 6753s
 442026 245680   57.00000   49  137   79.00000   44.00000  44.3%  78.7 6798s
 444063 246942     cutoff   55        79.00000   44.00000  44.3%  78.7 6834s
 446051 248211   68.00000   47  154   79.00000   44.00000  44.3%  78.7 6878s
 447959 249541   59.00000   35  179   79.00000   44.00000  44.3%  78.8 6923s
 449940 250710   78.00000   44  200   79.00000   44.00000  44.3%  78.8 6967s
 451805 251945   78.00000   61   78   79.00000   44.00000  44.3%  78.8 6999s
 452245 251945   67.00000   38  121   79.00000   44.00000  44.3%  78.8 7000s
 453674 252960   46.00000   33  182   79.00000   44.00000  44.3%  78.8 7041s
 455435 253792   69.00000   40  166   79.00000   44.00000  44.3%  78.9 7076s
 456779 255007   72.00000   33  189   79.00000   44.00000  44.3%  78.9 7123s
 458668 256283 infeasible   52        79.00000   45.00000  43.0%  79.0 7175s
 460869 257511   77.00000   53  183   79.00000   45.00000  43.0%  79.0 7214s
 462834 258622   73.00000   65  137   79.00000   45.00000  43.0%  79.1 7262s
 464912 259931     cutoff   58        79.00000   45.00000  43.0%  79.1 7310s
 467028 261137   71.00000   44  136   79.00000   45.00000  43.0%  79.1 7356s
 468940 262420   69.00000   41  144   79.00000   45.00000  43.0%  79.2 7400s
 470903 263430   69.00000   54  173   79.00000   45.00000  43.0%  79.3 7442s
 472813 264565 infeasible   77        79.00000   45.00000  43.0%  79.3 7490s
 474733 265756   48.00000   33  202   79.00000   45.00000  43.0%  79.3 7526s
 476714 266750   76.00000   67   84   79.00000   45.00000  43.0%  79.4 7569s
 478642 267722   70.00000   47  146   79.00000   45.00000  43.0%  79.4 7606s
 480180 268894   45.00000   46  207   79.00000   45.00000  43.0%  79.4 7650s
 482070 270527   67.00000   49  160   79.00000   46.00000  41.8%  79.3 7697s
 484622 272052   68.00000   47  173   79.00000   46.00000  41.8%  79.4 7755s
 487149 273774   46.00000   30  213   79.00000   46.00000  41.8%  79.5 7819s
 489913 275411 infeasible   59        79.00000   46.00000  41.8%  79.5 7880s
 492613 277328   53.00000   35  195   79.00000   46.00000  41.8%  79.5 7928s
 495476 278945   76.00000   49  201   79.00000   46.00000  41.8%  79.5 7989s
 497997 280684   46.00000   23  143   79.00000   46.00000  41.8%  79.5 8051s
 500772 282160     cutoff   48        79.00000   46.00000  41.8%  79.5 8101s
 502995 283915 infeasible   87        79.00000   46.00000  41.8%  79.5 8149s
 505784 285679   62.00000   55  178   79.00000   46.00000  41.8%  79.6 8209s
 508490 287286   78.00000   56  125   79.00000   46.00000  41.8%  79.6 8268s
 511279 288887 infeasible   53        79.00000   46.00000  41.8%  79.6 8329s
 513915 290604   78.00000   63   86   79.00000   46.00000  41.8%  79.6 8378s
 516541 292304   76.00000   56  140   79.00000   46.00000  41.8%  79.6 8440s
 519295 293663   64.00000   36  268   79.00000   46.00000  41.8%  79.6 8501s
 521824 295447   65.00000   55  209   79.00000   46.00000  41.8%  79.6 8566s
 524652 296834   75.00000   56  148   79.00000   46.00000  41.8%  79.6 8609s
 525216 296834   78.00000   65  107   79.00000   46.00000  41.8%  79.6 8610s
 526818 298696   75.00000   66  110   79.00000   46.00000  41.8%  79.6 8676s
 529690 300343 infeasible   47        79.00000   46.00000  41.8%  79.7 8740s
 532415 302030   70.00000   50  241   79.00000   46.00000  41.8%  79.7 8804s
 535040 303916   46.00000   31  210   79.00000   46.00000  41.8%  79.7 8854s
 537813 305501   59.00000   49  233   79.00000   46.00000  41.8%  79.7 8921s
 540587 307202   71.00000   52  179   79.00000   46.00000  41.8%  79.7 8987s
 543364 308807   77.00000   68  123   79.00000   46.00000  41.8%  79.7 9046s
 545999 310307 infeasible   81        79.00000   46.00000  41.8%  79.7 9112s
 548453 311758   46.00000   39  191   79.00000   46.00000  41.8%  79.8 9170s
 550780 313188 infeasible   47        79.00000   46.00000  41.8%  79.8 9223s
 553361 314778   77.00000   44  140   79.00000   46.00000  41.8%  79.8 9293s
 556064 316304   78.00000   57  154   79.00000   46.00000  41.8%  79.8 9362s
 558806 318001   76.00000   59  151   79.00000   46.00000  41.8%  79.8 9430s
 561540 319745   65.00000   37  205   79.00000   46.00000  41.8%  79.8 9483s
 564422 321334   60.00000   61  125   79.00000   46.00000  41.8%  79.8 9550s
 567019 323084 infeasible   48        79.00000   46.00000  41.8%  79.8 9618s
 569731 324602   59.00000   38  158   79.00000   46.00000  41.8%  79.8 9686s
 572283 325919   75.00000   38  331   79.00000   46.00000  41.8%  79.8 9732s
 574551 327542   57.00000   51  203   79.00000   46.00000  41.8%  79.8 9800s
 577239 329165   61.00000   44  120   79.00000   46.00000  41.8%  79.8 9867s
 579888 330770   74.00000   72   89   79.00000   46.00000  41.8%  79.9 9939s
 582677 332475   76.00000   48  167   79.00000   46.00000  41.8%  79.9 9995s
 585556 334314   64.00000   41  181   79.00000   46.00000  41.8%  79.9 10065s
 588470 335910   73.00000   58  112   79.00000   46.00000  41.8%  79.8 10134s
 591173 337431   69.00000   58  158   79.00000   46.00000  41.8%  79.8 10189s
 593836 339169     cutoff   55        79.00000   46.00000  41.8%  79.8 10255s
 596508 340556   68.00000   49  138   79.00000   46.00000  41.8%  79.9 10313s
 598852 342059   68.00000   50  219   79.00000   46.00000  41.8%  79.9 10377s
 601334 343548   78.00000   56   88   79.00000   46.00000  41.8%  79.9 10444s
 604047 345294   74.00000   54  146   79.00000   46.00000  41.8%  79.9 10502s
 606868 346960   51.00000   35  242   79.00000   46.00000  41.8%  79.9 10571s
 609561 348661   75.00000   43  225   79.00000   46.00000  41.8%  79.9 10641s
 612277 350194   74.00000   62  160   79.00000   46.00000  41.8%  79.9 10708s
 614954 351770   76.00000   62  153   79.00000   46.00000  41.8%  79.9 10765s
 617701 352482 infeasible   56        79.00000   46.00000  41.8%  79.9 10800s

Cutting planes:
  Learned: 12757
  Gomory: 28
  Cover: 123
  Implied bound: 7
  MIR: 485
  StrongCG: 7
  Flow cover: 1346
  GUB cover: 51
  Inf proof: 6
  Zero half: 13
  Relax-and-lift: 118

Explored 618961 nodes (49494985 simplex iterations) in 10801.19 seconds (695.07 work units)
Thread count was 18 (of 36 available processors)

Solution count 10: 79 80 81 ... 88

Time limit reached
Best objective 7.900000000000e+01, best bound 4.600000000000e+01, gap 41.7722%
