
Gurobi 11.0.0 (win64) logging started Wed May  8 21:49:08 2024

Set parameter LogFile to value "./Results/StripPacking-CutHeurRuns/Logs/SBL-011-StripPacking-25.log"
Set parameter TimeLimit to value 10800
Set parameter Cuts to value 0
Set parameter Presolve to value 1
Set parameter Heuristics to value 1
Set parameter LPWarmStart to value 2
Gurobi Optimizer version 11.0.0 build v11.0.0rc2 (win64 - Windows 10.0 (19045.2))

CPU model: Intel(R) Core(TM) i9-10980XE CPU @ 3.00GHz, instruction set [SSE2|AVX|AVX2|AVX512]
Thread count: 18 physical cores, 36 logical processors, using up to 18 threads

Optimize a model with 3625 rows, 651 columns and 12050 nonzeros
Model fingerprint: 0x42a1f42f
Variable types: 51 continuous, 600 integer (600 binary)
Coefficient statistics:
  Matrix range     [1e+00, 1e+04]
  Objective range  [1e+00, 1e+00]
  Bounds range     [1e+00, 1e+04]
  RHS range        [5e-01, 1e+04]

Warning: Completing partial solution with 600 unfixed non-continuous variables out of 600
User MIP start produced solution with objective 102.2 (0.02s)
Loaded user MIP start with objective 102.2

Presolve removed 600 rows and 0 columns
Presolve time: 0.03s
Presolved: 3025 rows, 651 columns, 10250 nonzeros
Variable types: 51 continuous, 600 integer (600 binary)

Root relaxation: objective 3.500000e+01, 357 iterations, 0.02 seconds (0.02 work units)

    Nodes    |    Current Node    |     Objective Bounds      |     Work
 Expl Unexpl |  Obj  Depth IntInf | Incumbent    BestBd   Gap | It/Node Time

     0     0   35.00000    0   68  102.20000   35.00000  65.8%     -    0s
H    0     0                     101.0000000   35.00000  65.3%     -    0s
     0     0   35.00000    0   63  101.00000   35.00000  65.3%     -    0s
H    0     0                      99.0000000   35.00000  64.6%     -    0s
H    0     2                      96.0000000   35.00000  63.5%     -    0s
     0     2   35.00000    0   52   96.00000   35.00000  63.5%     -    0s
H   85   104                      95.0000000   35.00000  63.2%  32.9    4s
H   90   104                      91.0000000   35.00000  61.5%  31.3    4s
H  103   140                      90.0000000   35.00000  61.1%  29.0    4s
   139   193   35.00000   11   78   90.00000   35.00000  61.1%  26.3    8s
H  149   193                      89.0000000   35.00000  60.7%  25.1    8s
H  160   193                      88.0000000   35.00000  60.2%  24.2    8s
   192   470   35.00000   12   78   88.00000   35.00000  60.2%  22.7   10s
   469   552   35.00000   28   82   88.00000   35.00000  60.2%  19.9   20s
H  500   552                      85.0000000   35.00000  58.8%  19.1   20s
H  508   552                      82.0000000   35.00000  57.3%  19.0   20s
   551  1266   44.00000   57   64   82.00000   35.00000  57.3%  19.3   27s
  1278  1378   35.00000   58   84   82.00000   35.00000  57.3%  21.5   50s
H 1390  1378                      82.0000000   35.00000  57.3%  22.1   50s
  1392  3320   35.00000   59   82   82.00000   35.00000  57.3%  22.1   60s
H 2641  3320                      81.0000000   35.00000  56.8%  18.6   60s
H 3641  3269                      80.0000000   35.00000  56.3%  18.6   82s
  3661  5124   44.00000   41   60   80.00000   35.00000  56.3%  18.6   97s
  5935  5378   80.00000  120   26   80.00000   35.00000  56.3%  15.8  106s
  6327  5469   35.00000   18   83   80.00000   35.00000  56.3%  16.5  112s
  6523  5653   35.00000   24  105   80.00000   35.00000  56.3%  17.1  120s
H 6538  5378                      79.0000000   35.00000  55.7%  17.1  120s
  6594  5377   35.00000   25  101   79.00000   35.00000  55.7%  17.4  132s
  6612  5714   35.00000   25  106   79.00000   35.00000  55.7%  17.5  137s
H 6860  5377                      78.0000000   35.00000  55.1%  18.0  137s
  6971  6096   47.00000   45   96   78.00000   35.00000  55.1%  18.4  140s
  7798  5819   77.00000   77   28   78.00000   35.00000  55.1%  20.4  157s
  8523  6149   54.00000   51   82   78.00000   35.00000  55.1%  21.6  179s
H 8536  5831                      77.0000000   35.00000  54.5%  21.6  179s
  9293  6142     cutoff  127        77.00000   35.00000  54.5%  22.3  191s
  9336  6392     cutoff  133        77.00000   35.00000  54.5%  22.3  197s
  9794  6218   50.00000   34   82   77.00000   35.00000  54.5%  22.8  213s
 10859  6754   66.00000  123   46   77.00000   35.00000  54.5%  23.3  231s
 12136  7153 infeasible  116        77.00000   35.00000  54.5%  24.0  250s
 12156  8319   76.00000  117   27   77.00000   35.00000  54.5%  23.9  256s
 13646  7838     cutoff   55        77.00000   35.00000  54.5%  25.2  270s
 13667  9084     cutoff   54        77.00000   35.00000  54.5%  25.2  275s
 15187  8595   72.00000   64   40   77.00000   35.00000  54.5%  26.8  281s
 15205  8602   72.00000   65   39   77.00000   35.00000  54.5%  26.8  294s
 15228  9380   72.00000   65   40   77.00000   35.00000  54.5%  26.8  313s
 16294  9123     cutoff   73        77.00000   35.00000  54.5%  27.0  321s
 16450  9822   55.00000   29   74   77.00000   35.00000  54.5%  27.0  338s
 17553  9878   76.00000   64   44   77.00000   35.00000  54.5%  27.4  345s
 18119 10001   76.00000   43   39   77.00000   35.00000  54.5%  27.7  361s
 18576 11293   76.00000   44   39   77.00000   35.00000  54.5%  27.8  383s
 20459 12040   35.00000   28  107   77.00000   35.00000  54.5%  28.8  407s
 22278 16888   76.00000   50   63   77.00000   35.00000  54.5%  29.0  455s
 29071 16920   64.00000   43   75   77.00000   35.00000  54.5%  29.5  472s
 29121 16937   64.00000   44   74   77.00000   35.00000  54.5%  29.5  482s
 29144 16949   64.00000   45   74   77.00000   35.00000  54.5%  29.5  506s
 29168 17475   64.00000   46   72   77.00000   35.00000  54.5%  29.5  536s
 29968 17491   54.00000   37   65   77.00000   35.00000  54.5%  29.6  558s
 29988 18492   54.00000   38   65   77.00000   35.00000  54.5%  29.6  578s
 31450 18508   67.00000   53   51   77.00000   35.00000  54.5%  29.7  596s
 31470 19618   74.00000   54   48   77.00000   35.00000  54.5%  29.7  634s
 32996 19679   75.00000   36   49   77.00000   35.00000  54.5%  30.1  654s
 33107 20014   75.00000   35   80   77.00000   35.00000  54.5%  30.0  672s
 33587 20029     cutoff   37        77.00000   35.00000  54.5%  30.1  702s
 33607 21235   75.00000   37   47   77.00000   35.00000  54.5%  30.1  725s
 35294 21355   35.00000   24  113   77.00000   35.00000  54.5%  30.1  742s
 35451 23319   35.00000   24  101   77.00000   35.00000  54.5%  30.1  764s
 38112 23462   59.00000   71   85   77.00000   35.00000  54.5%  30.3  794s
 38319 24618   59.00000   71   88   77.00000   35.00000  54.5%  30.3  841s
 40200 24977   35.00000   41  132   77.00000   35.00000  54.5%  30.3  861s
 40847 26609   35.92429   42  128   77.00000   35.00000  54.5%  30.3  916s
 42926 27507 infeasible   89        77.00000   35.00000  54.5%  30.6  938s
 44167 39212   74.00000   71   54   77.00000   35.00000  54.5%  30.7 1053s
 61150 39228   76.00000   56   43   77.00000   35.00000  54.5%  30.8 1104s
 61170 40690   76.00000   57   40   77.00000   35.00000  54.5%  30.8 1127s
 63519 40705   61.00000   47   63   77.00000   35.00000  54.5%  30.7 1158s
 63540 41652   61.00000   48   63   77.00000   35.00000  54.5%  30.7 1181s
 64983 41627   76.00000   88   52   77.00000   35.00000  54.5%  30.6 1197s
 65044 42280   76.00000   88   50   77.00000   35.00000  54.5%  30.6 1215s
 65949 44007   76.00000   46   65   77.00000   35.00000  54.5%  30.8 1258s
 68755 52720     cutoff   61        77.00000   35.00000  54.5%  30.8 1352s
 81670 52737   75.00000   51   33   77.00000   35.00000  54.5%  30.9 1406s
 81689 54697   75.00000   52   37   77.00000   35.00000  54.5%  30.9 1432s
 84461 54712   67.00000   57   53   77.00000   35.00000  54.5%  31.0 1453s
 84482 56330   67.00000   58   53   77.00000   35.00000  54.5%  31.0 1475s
 86782 56448   76.00000   80   29   77.00000   35.00000  54.5%  30.9 1496s
 86926 56899   76.00000   81   29   77.00000   35.00000  54.5%  30.9 1524s
H87343 56899                      77.0000000   35.00000  54.5%  31.0 1524s
 87577 57065   51.00000   43   75   77.00000   35.00000  54.5%  31.0 1539s
 87831 66134   57.00000   55   73   77.00000   35.00000  54.5%  31.0 1624s
 100668 66149   69.00000   54   74   77.00000   35.00000  54.5%  31.0 1659s
 100689 67545   69.00000   54   78   77.00000   35.00000  54.5%  31.1 1679s
 102624 67561   35.17184   32  111   77.00000   35.00000  54.5%  31.1 1696s
 102644 69059   35.17184   33  119   77.00000   35.00000  54.5%  31.1 1722s
 104624 69074   70.00000   79   44   77.00000   35.00000  54.5%  31.1 1738s
 104645 69988   70.00000   79   35   77.00000   35.00000  54.5%  31.1 1780s
 106011 70057 infeasible  110        77.00000   35.00000  54.5%  31.1 1799s
 106140 70977   48.00000   43   39   77.00000   35.00000  54.5%  31.1 1838s
 107469 71407   58.00000   55   39   77.00000   35.00000  54.5%  31.1 1862s
 108052 72737   58.00000   56   44   77.00000   35.00000  54.5%  31.1 1883s
 109929 72772   49.00000   28   79   77.00000   35.00000  54.5%  31.1 1929s
 109974 84800   70.00000   30   58   77.00000   35.00000  54.5%  31.1 2054s
 127992 84811   55.00000   28   49   77.00000   35.00000  54.5%  31.2 2091s
 128017 86144   55.00000   29   51   77.00000   35.00000  54.5%  31.2 2115s
 129986 86160   55.00000   36   79   77.00000   35.00000  54.5%  31.2 2136s
 130006 87202   55.00000   37   80   77.00000   35.00000  54.5%  31.2 2162s
 131464 87220   55.00000   42   65   77.00000   35.00000  54.5%  31.2 2184s
 131482 88432   55.00000   43   60   77.00000   35.00000  54.5%  31.2 2208s
 133012 90253   72.00000   35   66   77.00000   35.00000  54.5%  31.3 2259s
 135864 93005   75.00000   62   38   77.00000   35.00000  54.5%  31.3 2344s
 140080 94266   73.00000   68   51   77.00000   35.00000  54.5%  31.3 2388s
 142012 98569   70.00000   43   68   77.00000   35.00000  54.5%  31.2 2433s
 148243 98709   75.00000   82   38   77.00000   35.00000  54.5%  31.1 2468s
 148489 100332   75.00000   83   37   77.00000   35.00000  54.5%  31.1 2526s
 150862 101335   76.00000   91   49   77.00000   35.00000  54.5%  31.2 2561s
 152388 104390   76.00000   68   54   77.00000   35.00000  54.5%  31.2 2626s
 156942 105650   75.00000   81   35   77.00000   35.00000  54.5%  31.2 2666s
 158737 117234   56.00000   33   95   77.00000   35.00000  54.5%  31.2 2791s
 176232 117249   57.00000   43  106   77.00000   35.00000  54.5%  31.2 2855s
 176253 118515   57.00000   44  106   77.00000   35.00000  54.5%  31.2 2885s
 178226 118529   35.00000   33  140   77.00000   35.00000  54.5%  31.2 2905s
 178248 119408   35.00000   34  144   77.00000   35.00000  54.5%  31.2 2949s
 179515 121130   74.00000   62   41   77.00000   35.00000  54.5%  31.2 2995s
 182151 129049   54.00000   40  106   77.00000   35.00000  54.5%  31.2 3084s
 194285 129062   68.00000   78   46   77.00000   35.00000  54.5%  31.2 3136s
 194308 130049   59.00000   78   50   77.00000   35.00000  54.5%  31.2 3158s
 195953 130210   76.00000   37   50   77.00000   35.00000  54.5%  31.1 3178s
 196214 130352   76.00000   38   48   77.00000   35.00000  54.5%  31.1 3199s
 196512 130894 infeasible   61        77.00000   35.00000  54.5%  31.1 3218s
 197381 130905 infeasible   60        77.00000   35.00000  54.5%  31.1 3264s
 197406 132279   69.00000   61   40   77.00000   35.00000  54.5%  31.1 3289s
 199558 132378   64.00000   52   70   77.00000   35.00000  54.5%  31.1 3310s
 199683 133615   61.00000   60   84   77.00000   35.00000  54.5%  31.1 3336s
 201610 135154   40.00000   46   98   77.00000   35.00000  54.5%  31.1 3381s
 204261 137208   68.00000   48   59   77.00000   35.00000  54.5%  31.2 3471s
 207296 139940   75.00000   76   37   77.00000   35.00000  54.5%  31.2 3524s
 211573 146176   74.00000   94   41   77.00000   35.00000  54.5%  31.2 3591s
 221196 146191   35.00000   32   84   77.00000   35.00000  54.5%  31.2 3629s
 221217 147745   35.00000   33   87   77.00000   35.00000  54.5%  31.2 3678s
 223470 149173   62.00000   34   64   77.00000   35.00000  54.5%  31.2 3727s
 225574 157103   43.00000   29  102   77.00000   35.00000  54.5%  31.2 3806s
 237295 157116   73.00000   57   59   77.00000   35.00000  54.5%  31.2 3861s
 237318 159489   73.00000   58   57   77.00000   35.00000  54.5%  31.2 3892s
 241023 159527 infeasible   70        77.00000   35.00000  54.5%  31.1 3916s
 241075 161092   75.00000   70   29   77.00000   35.00000  54.5%  31.1 3942s
 243422 161108   73.00000   51   59   77.00000   35.00000  54.5%  31.1 3987s
 243442 162971   73.00000   53   57   77.00000   35.00000  54.5%  31.1 4019s
 246749 164281   62.00000   46   75   77.00000   35.00000  54.5%  31.1 4063s
 248838 175729 infeasible   63        77.00000   35.00000  54.5%  31.1 4194s
 252842 175729   53.00000   52   72   77.00000   35.00000  54.5%  31.1 4195s
 266232 175742   76.00000   78   60   77.00000   35.00000  54.5%  31.1 4238s
 266255 176905   76.00000   79   54   77.00000   35.00000  54.5%  31.1 4273s
 267896 176921   74.00000   63   62   77.00000   35.00000  54.5%  31.1 4307s
 267916 176941   74.00000   64   52   77.00000   35.00000  54.5%  31.1 4325s
 268002 178233   74.00000   65   50   77.00000   35.00000  54.5%  31.1 4352s
 269950 179304   65.00000   47   68   77.00000   35.00000  54.5%  31.1 4386s
 271643 191256   72.00000   55   67   77.00000   35.00000  54.5%  31.1 4524s
 280652 191256   69.00000   61   52   77.00000   35.00000  54.5%  31.1 4525s
 289661 191269   63.00000   74   80   77.00000   35.00000  54.5%  31.1 4593s
 289684 192617   63.00000   75   71   77.00000   35.00000  54.5%  31.1 4621s
 291888 193918   72.00000   48   57   77.00000   35.00000  54.5%  31.1 4662s
 293939 203312 infeasible   69        77.00000   35.00000  54.5%  31.1 4768s
 308690 203325   65.00000   39   77   77.00000   35.00000  54.5%  31.1 4813s
 308713 204374   69.00000   40   74   77.00000   35.00000  54.5%  31.1 4859s
 310397 204392   53.00000   45   63   77.00000   35.00000  54.5%  31.1 4898s
 310415 205266   62.00000   46   55   77.00000   35.00000  54.5%  31.1 4928s
 312000 205279   53.00000   45   89   77.00000   35.00000  54.5%  31.1 4950s
 312023 206200   72.00000   46   71   77.00000   35.00000  54.5%  31.1 4978s
 313530 207437   43.00000   48  117   77.00000   35.00000  54.5%  31.1 5024s
 315267 218778 infeasible   97        77.00000   35.00000  54.5%  31.1 5156s
 332402 218794   61.00000   53   74   77.00000   35.00000  54.5%  31.1 5202s
 332422 219851   61.00000   54   74   77.00000   35.00000  54.5%  31.1 5254s
 334127 219866   75.00000   54   29   77.00000   35.00000  54.5%  31.1 5293s
 334148 221031   75.00000   55   29   77.00000   35.00000  54.5%  31.1 5319s
 334645 221031   53.00000   39   51   77.00000   35.00000  54.5%  31.0 5320s
 335797 222204   72.00000   65   47   77.00000   35.00000  54.5%  31.0 5370s
 337807 233140   74.00000   95   47   77.00000   35.00000  54.5%  31.0 5500s
 355068 233145 infeasible   67        77.00000   35.00000  54.5%  31.1 5571s
 355099 234579   75.00000   66   51   77.00000   35.00000  54.5%  31.1 5600s
 357112 234639   73.00000   72   76   77.00000   35.00000  54.5%  31.1 5621s
 357208 235057   63.00000   72   87   77.00000   35.00000  54.5%  31.1 5647s
 357746 240434 infeasible   90        77.00000   35.00000  54.5%  31.1 5713s
 366182 240449   62.00000   51   53   77.00000   35.00000  54.5%  31.1 5769s
 366203 241821   62.00000   52   53   77.00000   35.00000  54.5%  31.1 5799s
 368367 241826   44.00000   35  114   77.00000   35.00000  54.5%  31.1 5824s
 368398 242964   44.00000   36  112   77.00000   35.00000  54.5%  31.1 5854s
 369967 242982   53.00000   39   84   77.00000   35.00000  54.5%  31.1 5879s
 369993 244156   53.00000   39   81   77.00000   35.00000  54.5%  31.1 5924s
 371645 244168   76.00000   77   46   77.00000   35.00000  54.5%  31.1 5948s
 371668 245419   76.00000   77   49   77.00000   35.00000  54.5%  31.1 5980s
 373433 245430   75.00000   43   57   77.00000   35.00000  54.5%  31.1 6021s
 373458 246529   75.00000   43   50   77.00000   35.00000  54.5%  31.1 6043s
 375018 246546   35.00000   34  113   77.00000   35.00000  54.5%  31.1 6093s
 375037 247964   35.00000   35  117   77.00000   35.00000  54.5%  31.1 6124s
 377275 247978   72.00000   49   48   77.00000   35.00000  54.5%  31.1 6168s
 377297 249163   72.00000   50   53   77.00000   35.00000  54.5%  31.1 6228s
 379129 249815   64.00000   50   68   77.00000   35.00000  54.5%  31.1 6268s
 380108 253406   75.00000   95   37   77.00000   35.00000  54.5%  31.1 6315s
 385507 253424   75.00000   29   48   77.00000   35.00000  54.5%  31.1 6359s
 385525 254752   75.00000   30   50   77.00000   35.00000  54.5%  31.1 6412s
 387295 254819   43.00000   37   57   77.00000   35.00000  54.5%  31.1 6444s
 387400 256582   62.00000   38   36   77.00000   35.00000  54.5%  31.1 6475s
 389973 256607   54.00000   42   98   77.00000   35.00000  54.5%  31.1 6523s
 390014 259117   54.00000   43   98   77.00000   35.00000  54.5%  31.1 6560s
 394155 259123 infeasible   75        77.00000   35.00000  54.5%  31.1 6600s
 394185 261302   43.00000   37   85   77.00000   35.00000  54.5%  31.1 6632s
 397422 261451   62.00000   42   72   77.00000   35.00000  54.5%  31.1 6663s
 397644 262682   56.00000   41  110   77.00000   35.00000  54.5%  31.1 6714s
 398016 262682   35.00000   42  110   77.00000   35.00000  54.5%  31.1 6715s
 399558 263302   53.00000   40  102   77.00000   35.00000  54.5%  31.1 6748s
 400473 267277   53.00000   41  100   77.00000   35.00000  54.5%  31.1 6802s
 406487 267300   64.00000   63   75   77.00000   35.00000  54.5%  31.0 6862s
 406514 279423 infeasible   64        77.00000   35.00000  54.5%  31.0 7009s
 424532 279440   75.00000   66   50   77.00000   35.00000  54.5%  31.0 7067s
 424551 280450   75.00000   67   49   77.00000   35.00000  54.5%  31.0 7103s
 426150 280458   54.00000   33   51   77.00000   35.00000  54.5%  31.0 7151s
 426178 281621   54.00000   34   51   77.00000   35.00000  54.5%  31.0 7182s
 428054 281637     cutoff   76        77.00000   35.00000  54.5%  31.0 7230s
 428074 282712   76.00000   77   34   77.00000   35.00000  54.5%  31.0 7262s
 429537 283800   55.00000   33   88   77.00000   35.00000  54.5%  31.0 7318s
 431313 295483   37.00000   43   69   77.00000   35.00000  54.5%  31.0 7468s
 449331 295497   59.00000   57   48   77.00000   35.00000  54.5%  31.0 7545s
 449353 296677   59.00000   58   50   77.00000   35.00000  54.5%  31.0 7578s
 451098 296739 infeasible   85        77.00000   35.00000  54.5%  31.0 7606s
 451225 302366   75.00000   86   25   77.00000   35.00000  54.5%  31.0 7682s
 459573 302384   67.00000   47   83   77.00000   35.00000  54.5%  31.0 7742s
 459591 303509   54.00000   46  108   77.00000   35.00000  54.5%  31.0 7777s
 461340 303893   76.00000   52   59   77.00000   35.00000  54.5%  31.0 7797s
 461994 303989   76.00000   53   58   77.00000   35.00000  54.5%  31.0 7826s
 462136 304491   76.00000   54   59   77.00000   35.00000  54.5%  31.0 7843s
 462812 304561   76.00000   78   40   77.00000   35.00000  54.5%  31.0 7869s
 462902 304588   76.00000   79   34   77.00000   35.00000  54.5%  31.0 7899s
 462937 305661   76.00000   81   30   77.00000   35.00000  54.5%  31.0 7930s
 464576 305680   50.00000   46   80   77.00000   35.00000  54.5%  31.0 7950s
 464617 306714   50.00000   47   82   77.00000   35.00000  54.5%  31.0 7969s
 465930 306967   61.00000   48   74   77.00000   35.00000  54.5%  31.0 7990s
 466282 308541   76.00000   73   44   77.00000   35.00000  54.5%  31.0 8024s
 469040 309045   64.00000   30   76   77.00000   35.00000  54.5%  31.0 8062s
 470025 313738   64.00000   52   76   77.00000   35.00000  54.5%  31.0 8126s
 477480 314481   75.00000   73   57   77.00000   35.00000  54.5%  31.0 8176s
 478605 326574   75.00000   74   54   77.00000   35.00000  54.5%  31.0 8328s
 496623 326583   44.00000   40  101   77.00000   35.00000  54.5%  31.0 8400s
 496650 327784   44.00000   41   98   77.00000   35.00000  54.5%  31.0 8434s
 498472 327795   62.00000   56   60   77.00000   35.00000  54.5%  30.9 8461s
 498497 328970   62.00000   57   59   77.00000   35.00000  54.5%  30.9 8495s
 500229 329000   55.00000   36   77   77.00000   35.00000  54.5%  30.9 8552s
 500281 340489   55.00000   38   81   77.00000   35.00000  54.5%  30.9 8705s
 518299 340502   54.00000   44   87   77.00000   35.00000  54.5%  30.9 8760s
 518322 341756   54.00000   44   88   77.00000   35.00000  54.5%  30.9 8793s
 520199 341767   37.00000   36  106   77.00000   35.00000  54.5%  30.9 8821s
 520224 343058   37.00000   37  105   77.00000   35.00000  54.5%  30.9 8852s
 522295 343621   41.00000   37   90   77.00000   35.00000  54.5%  30.9 8898s
 523118 355835   46.00000   38   83   77.00000   35.00000  54.5%  30.9 9086s
 541136 355850   37.00000   30  114   77.00000   35.00000  54.5%  30.9 9141s
 541157 357017   45.00000   31   99   77.00000   35.00000  54.5%  30.9 9176s
 542979 357028   76.00000   73   48   77.00000   35.00000  54.5%  30.9 9223s
 543004 358434 infeasible   74        77.00000   35.00000  54.5%  30.9 9255s
 545086 359458   76.00000   74   25   77.00000   35.00000  54.5%  30.9 9313s
 546936 371194   55.00000   50   58   77.00000   35.00000  54.5%  30.9 9476s
 564744 371204 infeasible   65        77.00000   35.00000  54.5%  30.9 9529s
 564770 372322   75.00000   65   64   77.00000   35.00000  54.5%  31.0 9566s
 566389 372333   65.00000   41   69   77.00000   35.00000  54.5%  31.0 9638s
 566414 373750   65.00000   41   69   77.00000   35.00000  54.5%  31.0 9672s
 568493 375068   65.00000   55   92   77.00000   35.00000  54.5%  30.9 9725s
 570464 385466   76.00000   51   49   77.00000   35.00000  54.5%  30.9 9864s
 575558 385466   60.00000   54   92   77.00000   35.00000  54.5%  30.9 9865s
 586239 385484   73.00000   62   59   77.00000   35.00000  54.5%  31.0 9914s
 586257 386588   73.00000   63   57   77.00000   35.00000  54.5%  31.0 9964s
 587869 386602 infeasible   72        77.00000   35.00000  54.5%  31.0 9992s
 587891 387408   37.29642   36   96   77.00000   35.00000  54.5%  31.0 10039s
 589289 387432   76.00000  103   26   77.00000   35.00000  54.5%  31.0 10065s
 589323 388619   76.00000  104   25   77.00000   35.00000  54.5%  31.0 10100s
 591157 388637   35.00000   26  126   77.00000   35.00000  54.5%  31.0 10154s
 591191 400840   35.00000   28  123   77.00000   35.00000  54.5%  31.0 10318s
 598198 400840   73.00000   67   48   77.00000   35.00000  54.5%  30.9 10320s
 609209 400852   51.00000   40   79   77.00000   35.00000  54.5%  31.0 10378s
 609233 402086   53.00000   41   78   77.00000   35.00000  54.5%  31.0 10413s
 611211 402092   76.00000   84   34   77.00000   35.00000  54.5%  31.0 10445s
 611241 402919 infeasible   85        77.00000   35.00000  54.5%  31.0 10487s
 612659 402941   63.00000   40  100   77.00000   35.00000  54.5%  30.9 10518s
 612685 403842   63.00000   41   99   77.00000   35.00000  54.5%  30.9 10553s
 614173 403864   48.00000   47   84   77.00000   35.00000  54.5%  30.9 10614s
 614199 415812   48.00000   49   87   77.00000   35.00000  54.5%  30.9 10782s
 628213 415812   50.00000   38   92   77.00000   35.00000  54.5%  31.0 10785s
 632217 415830   69.00000   44   78   77.00000   35.00000  54.5%  31.0 10800s

Explored 632235 nodes (19585736 simplex iterations) in 10800.30 seconds (926.81 work units)
Thread count was 18 (of 36 available processors)

Solution count 10: 77 77 78 ... 88

Time limit reached
Best objective 7.699999999220e+01, best bound 3.500000000000e+01, gap 54.5455%
