
Gurobi 11.0.0 (win64) logging started Wed May  8 09:48:46 2024

Set parameter LogFile to value "./Results/StripPacking-CutHeurRuns/Logs/SBL-110-StripPacking-25.log"
Set parameter TimeLimit to value 10800
Set parameter Cuts to value 1
Set parameter Presolve to value 1
Set parameter Heuristics to value 0
Set parameter LPWarmStart to value 2
Gurobi Optimizer version 11.0.0 build v11.0.0rc2 (win64 - Windows 10.0 (19045.2))

CPU model: Intel(R) Core(TM) i9-10980XE CPU @ 3.00GHz, instruction set [SSE2|AVX|AVX2|AVX512]
Thread count: 18 physical cores, 36 logical processors, using up to 18 threads

Optimize a model with 3625 rows, 651 columns and 12050 nonzeros
Model fingerprint: 0x42a1f42f
Variable types: 51 continuous, 600 integer (600 binary)
Coefficient statistics:
  Matrix range     [1e+00, 1e+04]
  Objective range  [1e+00, 1e+00]
  Bounds range     [1e+00, 1e+04]
  RHS range        [5e-01, 1e+04]

Warning: Completing partial solution with 600 unfixed non-continuous variables out of 600
User MIP start produced solution with objective 102.2 (0.02s)
Loaded user MIP start with objective 102.2

Presolve removed 600 rows and 0 columns
Presolve time: 0.03s
Presolved: 3025 rows, 651 columns, 10250 nonzeros
Variable types: 51 continuous, 600 integer (600 binary)

Root relaxation: objective 3.500000e+01, 357 iterations, 0.02 seconds (0.02 work units)

    Nodes    |    Current Node    |     Objective Bounds      |     Work
 Expl Unexpl |  Obj  Depth IntInf | Incumbent    BestBd   Gap | It/Node Time

     0     0   35.00000    0   68  102.20000   35.00000  65.8%     -    0s
     0     0   35.00000    0  139  102.20000   35.00000  65.8%     -    0s
     0     0   35.00000    0  120  102.20000   35.00000  65.8%     -    0s
     0     0   35.00000    0   69  102.20000   35.00000  65.8%     -    0s
     0     0   35.00000    0   93  102.20000   35.00000  65.8%     -    0s
     0     0   35.00000    0   73  102.20000   35.00000  65.8%     -    0s
     0     0   35.00000    0   79  102.20000   35.00000  65.8%     -    1s
     0     0   35.00000    0   82  102.20000   35.00000  65.8%     -    1s
     0     0   35.00000    0   88  102.20000   35.00000  65.8%     -    1s
     0     0   35.00000    0   76  102.20000   35.00000  65.8%     -    1s
     0     0   35.00000    0   76  102.20000   35.00000  65.8%     -    1s
     0     2   35.00000    0   70  102.20000   35.00000  65.8%     -    1s
  1602  1850   39.00000   56   75  102.20000   35.00000  65.8%  35.4    5s
  5053  5208   80.00000  114   35  102.20000   35.00000  65.8%  24.3   11s
* 5122  4692             183      97.0000000   35.00000  63.9%  24.1   11s
H 5979  4261                      95.0000000   35.00000  63.2%  23.1   13s
  6351  4641   38.00000   25  108   95.00000   35.00000  63.2%  29.5   15s
  9031  6464   94.00000  129   12   95.00000   35.00000  63.2%  29.5   20s
* 9668  6245             141      93.0000000   35.00000  62.4%  29.3   21s
*10325  6233             153      92.0000000   35.00000  62.0%  29.0   23s
*10662  5972             132      90.0000000   35.00000  61.1%  29.1   24s
 10725  6244   78.00000   54   36   90.00000   35.00000  61.1%  29.2   26s
 11999  6784   78.00000   76   39   90.00000   35.00000  61.1%  28.8   30s
*12677  6570             149      89.0000000   35.00000  60.7%  28.7   31s
 13706  7102   37.18389   20  122   89.00000   35.00000  60.7%  28.7   35s
 15264  8026   35.00000   23  148   89.00000   35.00000  60.7%  28.5   40s
 16611  8632   88.00000   95   28   89.00000   35.00000  60.7%  28.0   45s
 18024  9606   85.00000   63   38   89.00000   35.00000  60.7%  27.6   50s
 19382 10789   69.00000   49   69   89.00000   35.00000  60.7%  27.4   55s
 20922 12161   44.00000   28   86   89.00000   35.00000  60.7%  27.4   62s
*21908 11269             145      88.0000000   35.00000  60.2%  27.0   62s
 21959 11951   44.00000   43   86   88.00000   35.00000  60.2%  27.0   66s
 23789 13283   75.00000   89   44   88.00000   35.00000  60.2%  26.6   73s
 24585 14043   80.00000  113   30   88.00000   35.00000  60.2%  26.6   77s
 25510 14722   54.00000   26   68   88.00000   35.00000  60.2%  26.6   82s
 26326 15477   48.00000   29   60   88.00000   35.00000  60.2%  26.7   86s
 27332 16315   70.00000   58   25   88.00000   35.00000  60.2%  26.7   91s
 28401 17023   86.00000   98   24   88.00000   35.00000  60.2%  26.6   96s
 29408 17950   57.00000   33   68   88.00000   35.00000  60.2%  26.7  102s
 30448 19018   58.00000   70   62   88.00000   35.00000  60.2%  26.8  108s
 31737 20151   77.00000  112   28   88.00000   35.00000  60.2%  26.7  113s
*31943 19162             136      87.0000000   35.00000  59.8%  26.7  114s
 33115 20109     cutoff  144        87.00000   35.00000  59.8%  26.6  120s
 34498 21070   84.00000   79   32   87.00000   35.00000  59.8%  26.5  127s
*35130 19184             147      86.0000000   35.00000  59.3%  26.5  127s
 35902 19995   83.00000   49   58   86.00000   35.00000  59.3%  26.4  136s
 37357 21124   74.00000   62   54   86.00000   35.00000  59.3%  26.5  144s
 38881 22492   55.00000   26   57   86.00000   35.00000  59.3%  26.5  152s
 40665 23554   57.00000   25   81   86.00000   35.00000  59.3%  26.4  162s
 42106 24892 infeasible  110        86.00000   35.00000  59.3%  26.4  171s
 43925 26334   85.00000   98   37   86.00000   35.00000  59.3%  26.4  183s
 45872 27688   85.00000   80   38   86.00000   35.00000  59.3%  26.3  193s
 47658 28942   85.00000  132   12   86.00000   35.00000  59.3%  26.3  204s
 49503 30357   85.00000   84   18   86.00000   35.00000  59.3%  26.3  218s
 51608 32224   83.00000   85   27   86.00000   35.00000  59.3%  26.3  230s
 53871 33775   85.00000  107   32   86.00000   35.00000  59.3%  26.3  242s
 56021 35315   62.00000   54   73   86.00000   35.00000  59.3%  26.3  256s
*57096 32117             121      85.0000000   35.00000  58.8%  26.3  256s
 58197 33700     cutoff   55        85.00000   35.00000  58.8%  26.3  268s
 60535 35378   62.00000   35   53   85.00000   35.00000  58.8%  26.2  280s
 62828 36785   83.00000   61   68   85.00000   35.00000  58.8%  26.2  292s
 64685 38441 infeasible   88        85.00000   35.00000  58.8%  26.3  303s
 66751 39922   55.00000   28   83   85.00000   35.00000  58.8%  26.4  316s
 68731 41664   84.00000   75   48   85.00000   35.00000  58.8%  26.3  329s
 71085 43424   84.00000   95   17   85.00000   35.00000  58.8%  26.3  340s
 73295 45234   71.00000   66   38   85.00000   35.00000  58.8%  26.4  355s
 75527 46789   83.00000   69   45   85.00000   35.00000  58.8%  26.3  367s
 77802 48390   79.00000   69   55   85.00000   35.00000  58.8%  26.3  382s
 79876 49898   84.00000   46   61   85.00000   35.00000  58.8%  26.4  393s
 82092 51605   50.00000   42   87   85.00000   35.00000  58.8%  26.4  406s
 84406 53359   82.00000   57   71   85.00000   35.00000  58.8%  26.4  422s
 86531 55301   55.00000   53   90   85.00000   35.00000  58.8%  26.5  436s
 88940 56696   80.00000  107   33   85.00000   35.00000  58.8%  26.4  448s
 90958 58263     cutoff   94        85.00000   35.00000  58.8%  26.4  465s
 93119 59658   35.52818   32  118   85.00000   35.00000  58.8%  26.5  478s
 95100 61467 infeasible   78        85.00000   35.00000  58.8%  26.5  491s
*96225 54104             133      84.0000000   35.00000  58.3%  26.5  491s
 97576 55773     cutoff   58        84.00000   35.00000  58.3%  26.6  509s
 100000 57535   83.00000   84   46   84.00000   35.00000  58.3%  26.5  521s
 102489 59409   81.00000   58   50   84.00000   35.00000  58.3%  26.5  534s
 104813 60998   75.00000   75   46   84.00000   35.00000  58.3%  26.5  550s
 107032 62812   83.00000   97   36   84.00000   35.00000  58.3%  26.5  563s
 109539 64521   69.00000   43   54   84.00000   35.00000  58.3%  26.4  574s
 111744 66166   36.12154   32  107   84.00000   35.00000  58.3%  26.5  587s
 113717 67707   83.00000   86   34   84.00000   35.00000  58.3%  26.4  597s
 115762 69437   79.00000   62   53   84.00000   35.00000  58.3%  26.4  610s
 118224 70936   62.00000   44   45   84.00000   35.00000  58.3%  26.3  625s
*120297 65179             124      83.0000000   35.00000  57.8%  26.4  625s
 120350 66462     cutoff   78        83.00000   35.00000  57.8%  26.4  637s
 122560 68132     cutoff   54        83.00000   35.00000  57.8%  26.4  649s
 124706 69692   72.00000   80   50   83.00000   35.00000  57.8%  26.5  663s
 126868 71281   78.00000   58   70   83.00000   35.00000  57.8%  26.5  676s
 129202 73021   35.15367   33  138   83.00000   35.00000  57.8%  26.5  687s
 131355 74579     cutoff  118        83.00000   35.00000  57.8%  26.5  702s
 133366 76322   35.20257   29  128   83.00000   35.00000  57.8%  26.5  715s
 135727 77688   75.00000   67   43   83.00000   35.00000  57.8%  26.5  723s
 137481 79116   80.00000   66   38   83.00000   35.00000  57.8%  26.6  740s
 139813 80860 infeasible  107        83.00000   35.00000  57.8%  26.6  753s
 142213 82672   77.00000   73   37   83.00000   35.00000  57.8%  26.6  770s
 144443 84164   54.00000   73   63   83.00000   35.00000  57.8%  26.6  781s
 146465 85718   73.00000   54   49   83.00000   35.00000  57.8%  26.6  793s
 148774 87414   70.00000   38   58   83.00000   35.00000  57.8%  26.6  809s
 151166 89125   62.00000   44   74   83.00000   35.00000  57.8%  26.6  819s
 153513 90765   72.00000   59  101   83.00000   35.00000  57.8%  26.6  835s
 155623 92455   67.00000   75   61   83.00000   35.00000  57.8%  26.6  847s
 157945 93984   76.00000   88   47   83.00000   35.00000  57.8%  26.6  857s
 159926 95248   78.00000   84   46   83.00000   35.00000  57.8%  26.6  872s
 161914 96865   64.00000   43   48   83.00000   35.00000  57.8%  26.7  882s
 164160 98453   62.00000   33   50   83.00000   35.00000  57.8%  26.7  894s
 166428 100165   77.00000   57   72   83.00000   35.00000  57.8%  26.7  911s
 168633 101691 infeasible   99        83.00000   35.00000  57.8%  26.7  922s
 170883 103244   81.00000   98   36   83.00000   35.00000  57.8%  26.7  934s
 173113 104689   36.68435   39  112   83.00000   35.00000  57.8%  26.7  950s
 175379 106390   82.00000   92   31   83.00000   35.00000  57.8%  26.7  961s
 177478 107889   82.00000   81   39   83.00000   35.00000  57.8%  26.7  973s
 179708 109151   35.00000   28  116   83.00000   35.00000  57.8%  26.7  983s
 181516 110790   62.00000   40   45   83.00000   35.00000  57.8%  26.7  998s
 183556 112237   60.00000   50   65   83.00000   35.00000  57.8%  26.7 1010s
 185764 113885   82.00000  102   18   83.00000   35.00000  57.8%  26.7 1021s
 188159 115476   82.00000   85   51   83.00000   35.00000  57.8%  26.7 1038s
 190326 117021   82.00000  100   21   83.00000   35.00000  57.8%  26.7 1050s
 192658 118574   35.49987   22  115   83.00000   35.00000  57.8%  26.7 1063s
*193407 105706             115      82.0000000   35.00000  57.3%  26.7 1063s
 194821 106903   35.34909   30  121   82.00000   35.00000  57.3%  26.7 1077s
 196754 108574 infeasible   84        82.00000   35.00000  57.3%  26.7 1088s
 198963 110095   54.00000   40   71   82.00000   35.00000  57.3%  26.7 1103s
 200815 111603   65.00000   81   50   82.00000   35.00000  57.3%  26.8 1115s
 202951 112705   35.00000   32  129   82.00000   35.00000  57.3%  26.8 1126s
 204539 114283   81.00000  119   21   82.00000   35.00000  57.3%  26.8 1145s
 206882 115829 infeasible   88        82.00000   35.00000  57.3%  26.8 1159s
 209145 117449   52.00000   26   43   82.00000   35.00000  57.3%  26.8 1171s
 211247 119090   80.00000   83   31   82.00000   35.00000  57.3%  26.8 1189s
 213555 120504   79.00000   71   42   82.00000   35.00000  57.3%  26.8 1202s
 215715 122233   36.00766   29  157   82.00000   35.00000  57.3%  26.8 1214s
 218046 123802   55.00000   83   69   82.00000   35.00000  57.3%  26.8 1230s
 220177 125205   54.00000   31   58   82.00000   35.00000  57.3%  26.8 1243s
 222373 126694   80.00000   78   39   82.00000   35.00000  57.3%  26.8 1261s
 224413 128196 infeasible   47        82.00000   35.00000  57.3%  26.8 1275s
 226749 129252   81.00000  108   15   82.00000   35.00000  57.3%  26.8 1286s
 228515 130482   80.00000  112   41   82.00000   35.00000  57.3%  26.8 1299s
 230405 131990   81.00000   58   52   82.00000   35.00000  57.3%  26.8 1310s
 232471 133466   70.00000   43   55   82.00000   35.00000  57.3%  26.8 1330s
 234616 135020   36.22338   34  136   82.00000   35.00000  57.3%  26.8 1344s
 236927 136587   67.00000   51   49   82.00000   35.00000  57.3%  26.8 1358s
 239149 137868   81.00000   95   10   82.00000   35.00000  57.3%  26.8 1376s
 241048 139383   78.00000   84   34   82.00000   35.00000  57.3%  26.8 1387s
 243119 140967   78.00000   69   37   82.00000   35.00000  57.3%  26.9 1401s
 245325 142251   81.00000   59   51   82.00000   35.00000  57.3%  26.8 1419s
 246852 142251   81.00000   96   42   82.00000   35.00000  57.3%  26.8 1420s
 247389 143517   81.00000   72   46   82.00000   35.00000  57.3%  26.8 1432s
 249042 144958   58.00000   53   60   82.00000   35.00000  57.3%  26.8 1442s
 250742 146169   77.00000  103   24   82.00000   35.00000  57.3%  26.8 1457s
 252384 147691   78.00000   57   59   82.00000   35.00000  57.3%  26.9 1470s
 254573 149113   81.00000   84   30   82.00000   35.00000  57.3%  26.8 1490s
 256624 150762   77.00000   46   70   82.00000   35.00000  57.3%  26.8 1505s
 258946 152287 infeasible   87        82.00000   35.00000  57.3%  26.8 1518s
 260981 153744   36.00000   33  125   82.00000   35.00000  57.3%  26.8 1538s
 263022 155311   39.04447   25   92   82.00000   35.00000  57.3%  26.8 1552s
 265125 156753   81.00000   63   38   82.00000   35.00000  57.3%  26.8 1565s
 267133 158374   62.00000   34   78   82.00000   35.00000  57.3%  26.8 1584s
 269120 159879   35.24796   30  137   82.00000   35.00000  57.3%  26.8 1598s
 271227 160987   79.00000   89   35   82.00000   35.00000  57.3%  26.8 1608s
 272765 162272 infeasible   87        82.00000   35.00000  57.3%  26.8 1621s
 274729 163905   81.00000   80   26   82.00000   35.00000  57.3%  26.8 1641s
 276815 165331   63.00000  104   38   82.00000   35.00000  57.3%  26.8 1655s
 278848 166879   63.00000  144   47   82.00000   35.00000  57.3%  26.8 1668s
 280867 168315   68.00000   84   46   82.00000   35.00000  57.3%  26.9 1687s
 282872 169818   69.00000   42   64   82.00000   35.00000  57.3%  26.9 1699s
 284752 171161   79.00000   55   42   82.00000   35.00000  57.3%  26.9 1713s
 286497 172256 infeasible  107        82.00000   35.00000  57.3%  26.9 1731s
 288262 173782   81.00000   67   45   82.00000   35.00000  57.3%  26.9 1746s
 290432 175162 infeasible   89        82.00000   35.00000  57.3%  26.9 1759s
 292490 176497   62.00000   41   78   82.00000   35.00000  57.3%  26.9 1780s
 294451 177476   74.00000   64   44   82.00000   35.00000  57.3%  26.9 1789s
 295776 179136   35.00000   22  107   82.00000   35.00000  57.3%  26.9 1804s
 298060 180478   81.00000   69   29   82.00000   35.00000  57.3%  26.9 1823s
 300064 181868   81.00000   98   24   82.00000   35.00000  57.3%  26.9 1838s
 302041 183293   51.00000   42   91   82.00000   35.00000  57.3%  26.9 1853s
 304151 184751   80.00000   93   43   82.00000   35.00000  57.3%  26.9 1874s
 306118 186288   53.00000   29   61   82.00000   35.00000  57.3%  26.9 1887s
 307976 187450   65.00000   75   41   82.00000   35.00000  57.3%  26.9 1901s
 309839 188583   65.00000  114   26   82.00000   35.00000  57.3%  26.9 1921s
 311665 189962   81.00000  141   11   82.00000   35.00000  57.3%  26.9 1936s
 313590 191253   79.00000   56   63   82.00000   35.00000  57.3%  26.9 1949s
 315351 192787   80.00000   64   44   82.00000   35.00000  57.3%  26.9 1969s
 317269 193683   75.00000   43   32   82.00000   35.00000  57.3%  26.9 1980s
 318764 195088   46.00000   41  102   82.00000   35.00000  57.3%  26.9 1995s
 320729 196243   69.00000   43   81   82.00000   35.00000  57.3%  26.9 2015s
 322448 197668   75.00000   68   61   82.00000   35.00000  57.3%  26.9 2027s
 324176 198939   67.00000   61   55   82.00000   35.00000  57.3%  26.9 2040s
 325936 200082   35.23841   38  124   82.00000   35.00000  57.3%  26.9 2058s
 327621 201537   78.00000   51   39   82.00000   35.00000  57.3%  26.9 2072s
 329519 202748   58.00000   53   60   82.00000   35.00000  57.3%  26.9 2086s
 331133 203910   81.00000  101   23   82.00000   35.00000  57.3%  26.9 2106s
 332968 205216   61.00000   44   78   82.00000   35.00000  57.3%  26.9 2120s
 334831 206537   80.00000   94   28   82.00000   35.00000  57.3%  26.9 2142s
 336723 207950   79.00000   54   43   82.00000   35.00000  57.3%  26.9 2157s
 338759 209466   40.00000   39   99   82.00000   35.00000  57.3%  26.9 2172s
 340764 210418   35.82298   35  113   82.00000   35.00000  57.3%  26.9 2187s
 342029 211989   57.00000   61   74   82.00000   35.00000  57.3%  26.9 2203s
 344150 213192   81.00000  109   41   82.00000   35.00000  57.3%  26.9 2223s
 346084 214497   81.00000   90   26   82.00000   35.00000  57.3%  26.9 2239s
 347930 215876   81.00000   96   25   82.00000   35.01989  57.3%  26.9 2255s
 349940 217138   80.00000  118   15   82.00000   35.03235  57.3%  26.9 2278s
 351705 218443 infeasible   89        82.00000   35.03235  57.3%  26.9 2291s
 353488 219830 infeasible   62        82.00000   35.03789  57.3%  26.9 2305s
 355285 221216   56.00000   55   82   82.00000   35.03789  57.3%  26.9 2328s
 357249 222643   79.00000  124   29   82.00000   35.03789  57.3%  26.8 2343s
 359227 223907     cutoff   80        82.00000   35.04143  57.3%  26.8 2358s
 361032 225093   72.00000   36   64   82.00000   35.04143  57.3%  26.8 2379s
 362620 226058   64.17476   36   61   82.00000   35.04143  57.3%  26.9 2389s
 363985 227344   78.00000   64   38   82.00000   35.04347  57.3%  26.9 2404s
 365932 228749   81.00000  105   17   82.00000   35.04606  57.3%  26.9 2425s
 367686 230105   37.69866   30  125   82.00000   35.04606  57.3%  26.9 2441s
 369728 231509   81.00000   62   52   82.00000   35.05114  57.3%  26.9 2457s
 371754 233004 infeasible   95        82.00000   35.05784  57.2%  26.8 2479s
 373627 234199   65.00000   84   63   82.00000   35.05789  57.2%  26.8 2493s
 375174 235533   73.00000  130   42   82.00000   35.05789  57.2%  26.8 2508s
 377148 236870   70.00000   46   64   82.00000   35.06315  57.2%  26.8 2525s
 379059 238131   69.00000   52   45   82.00000   35.06626  57.2%  26.8 2540s
 380926 239347   74.00000   47   79   82.00000   35.06751  57.2%  26.8 2564s
 382666 240842   81.00000   65   34   82.00000   35.06751  57.2%  26.8 2579s
 384643 241778   81.00000   94   17   82.00000   35.06751  57.2%  26.8 2592s
 386146 243039   81.00000  104   30   82.00000   35.06751  57.2%  26.8 2616s
 388016 244338   74.00000   48   67   82.00000   35.07364  57.2%  26.8 2631s
 389764 245823   67.00000   55   69   82.00000   35.07364  57.2%  26.8 2644s
 391629 247048   68.00000  116   62   82.00000   35.07364  57.2%  26.8 2667s
 393312 248291   69.00000   56   65   82.00000   35.07364  57.2%  26.8 2681s
 395119 249602 infeasible  110        82.00000   35.07364  57.2%  26.8 2695s
 396821 250758 infeasible   95        82.00000   35.07364  57.2%  26.8 2716s
 398554 252126     cutoff  100        82.00000   35.07364  57.2%  26.8 2733s
 400486 253546   75.00000   53   43   82.00000   35.07364  57.2%  26.8 2749s
 402439 254780   81.00000   93   62   82.00000   35.08299  57.2%  26.7 2774s
 404293 256045   62.00000   26   75   82.00000   35.08299  57.2%  26.7 2789s
 405939 257454   78.00000   43   54   82.00000   35.08299  57.2%  26.8 2803s
 407806 258341   81.00000  102   14   82.00000   35.08305  57.2%  26.7 2816s
 409265 259317   81.00000   92   45   82.00000   35.08395  57.2%  26.7 2840s
 411034 260409 infeasible   95        82.00000   35.08395  57.2%  26.7 2857s
 412993 261674   81.00000   85   33   82.00000   35.08395  57.2%  26.8 2882s
 414816 262954   72.00000   54   38   82.00000   35.08395  57.2%  26.7 2899s
 416704 264358   64.00000   50   45   82.00000   35.08395  57.2%  26.7 2915s
 418568 265558   80.00000   66   48   82.00000   35.09474  57.2%  26.8 2932s
 420295 266810   78.00000   56   53   82.00000   35.09474  57.2%  26.8 2954s
 421825 268147   78.00000   48   72   82.00000   35.09887  57.2%  26.8 2971s
 423797 269561   80.00000   80   42   82.00000   35.09887  57.2%  26.7 2988s
*424947 233290             122      81.0000000   35.09887  56.7%  26.7 2988s
 425798 234370 infeasible   90        81.00000   35.09887  56.7%  26.7 3013s
 427664 235799   69.00000   91   54   81.00000   35.10262  56.7%  26.7 3028s
 429542 236878   78.00000   59   30   81.00000   35.10262  56.7%  26.7 3042s
 431147 237949     cutoff   92        81.00000   35.10262  56.7%  26.7 3055s
 432680 239080   74.00000   66   38   81.00000   35.10445  56.7%  26.7 3078s
 434259 240468   39.00000   35  137   81.00000   35.10451  56.7%  26.7 3094s
 436194 241650   77.00000   62   43   81.00000   35.10451  56.7%  26.8 3112s
 438088 243168   47.00000   34   94   81.00000   35.10451  56.7%  26.8 3138s
 440029 244421   68.00000   75   67   81.00000   35.10451  56.7%  26.7 3155s
 442006 245790   45.00000   36   89   81.00000   35.11909  56.6%  26.7 3173s
 443937 247084   78.00000   69   33   81.00000   35.11946  56.6%  26.7 3199s
 445799 248492   62.00000   44   82   81.00000   35.11946  56.6%  26.7 3216s
 447809 249768   80.00000   86   39   81.00000   35.11946  56.6%  26.7 3234s
 449693 251133   67.00000   53   66   81.00000   35.11946  56.6%  26.7 3250s
 451631 252159   71.00000   54   79   81.00000   35.14596  56.6%  26.7 3272s
 453209 253356 infeasible   99        81.00000   35.15462  56.6%  26.7 3288s
 454983 254515   45.00000   37  107   81.00000   35.16247  56.6%  26.7 3305s
 456758 255566 infeasible   82        81.00000   35.16247  56.6%  26.7 3329s
 458263 257107   62.00000   41  103   81.00000   35.16247  56.6%  26.7 3345s
 460157 258232 infeasible   71        81.00000   35.16630  56.6%  26.7 3368s
 461971 259460   78.00000  110   21   81.00000   35.17817  56.6%  26.7 3386s
 463849 260662   79.00000   97   41   81.00000   35.17869  56.6%  26.7 3404s
 465705 262070   39.00000   41   91   81.00000   35.17869  56.6%  26.7 3428s
 467449 263285   75.00000   89   25   81.00000   35.19271  56.6%  26.7 3445s
 469291 264660   69.00000   64   52   81.00000   35.19726  56.5%  26.7 3463s
 471264 265858   80.00000   76   28   81.00000   35.19943  56.5%  26.7 3483s
 473126 267291   73.00000   56   54   81.00000   35.19943  56.5%  26.7 3500s
 475050 268365   77.00000   67   48   81.00000   35.19943  56.5%  26.7 3520s
 476489 269731   67.00000   56   62   81.00000   35.21033  56.5%  26.7 3539s
 478581 271033   79.00000   73   40   81.00000   35.21181  56.5%  26.7 3555s
 480459 272310   79.00000   95   22   81.00000   35.21181  56.5%  26.7 3581s
 482232 273606   72.00000   42   73   81.00000   35.21181  56.5%  26.7 3598s
 484114 274972   80.00000   85   36   81.00000   35.21279  56.5%  26.7 3614s
 485918 276094   79.00000   95   30   81.00000   35.21908  56.5%  26.6 3637s
 487647 277260     cutoff   84        81.00000   35.21908  56.5%  26.6 3653s
 489396 278538   79.00000   51   59   81.00000   35.23197  56.5%  26.6 3671s
 491320 279750 infeasible   88        81.00000   35.23694  56.5%  26.6 3696s
 493052 281124   66.00000   48   66   81.00000   35.23694  56.5%  26.6 3712s
 494886 282348   78.00000  106   24   81.00000   35.24639  56.5%  26.6 3729s
 496649 283687     cutoff   93        81.00000   35.25287  56.5%  26.6 3749s
 498348 284506   79.00000  100   20   81.00000   35.25287  56.5%  26.6 3763s
 499604 285883   79.00000   85   32   81.00000   35.25287  56.5%  26.6 3792s
 501691 287301   78.00000   39   61   81.00000   35.25287  56.5%  26.6 3812s
 503767 288622   78.00000   62   55   81.00000   35.26568  56.5%  26.6 3828s
 505541 289966   54.00000   58   64   81.00000   35.27347  56.5%  26.6 3854s
 507400 291131   78.00000  122   20   81.00000   35.27631  56.4%  26.6 3872s
 509421 292426   79.00000   70   49   81.00000   35.28980  56.4%  26.6 3887s
 511111 293771   80.00000   64   33   81.00000   35.28980  56.4%  26.6 3902s
 512992 294966   36.74380   31  113   81.00000   35.28980  56.4%  26.6 3930s
 514848 296302   80.00000   51   59   81.00000   35.29561  56.4%  26.6 3949s
 516843 297554   75.00000   69   82   81.00000   35.30319  56.4%  26.6 3966s
 518735 298600     cutoff  101        81.00000   35.30319  56.4%  26.6 3993s
 520618 299520   35.77911   36  131   81.00000   35.30319  56.4%  26.6 4008s
 522134 300807   80.00000  117   24   81.00000   35.30319  56.4%  26.6 4025s
 524065 301956   54.00000   40   84   81.00000   35.30319  56.4%  26.6 4052s
 525871 303371   80.00000   78   25   81.00000   35.34342  56.4%  26.6 4069s
 527722 304607   77.00000   78   37   81.00000   35.35359  56.4%  26.6 4085s
 529558 305792   77.00000   69   38   81.00000   35.35359  56.4%  26.6 4109s
 531214 307209   64.00000   53   52   81.00000   35.35359  56.4%  26.6 4126s
 533222 308330   79.00000  110   11   81.00000   35.35359  56.4%  26.6 4143s
 534962 309602   71.00000   49   80   81.00000   35.36384  56.3%  26.6 4169s
 536745 310783   73.00000   65   48   81.00000   35.36384  56.3%  26.5 4185s
 538284 311947   74.00000   94   47   81.00000   35.36384  56.3%  26.5 4200s
 540123 313154   78.00000   91   40   81.00000   35.37319  56.3%  26.5 4225s
 541943 314537   62.00000   47   45   81.00000   35.37319  56.3%  26.5 4242s
 543787 315560   76.00000   71   29   81.00000   35.37573  56.3%  26.5 4256s
 545303 316761   55.00000   26   58   81.00000   35.37573  56.3%  26.5 4280s
 547028 318187   69.00000   38   53   81.00000   35.37573  56.3%  26.5 4295s
 548863 319434   73.00000   89   31   81.00000   35.37573  56.3%  26.5 4312s
 550695 320720   72.00000   57   66   81.00000   35.37854  56.3%  26.5 4341s
 552633 322016 infeasible  100        81.00000   35.37854  56.3%  26.5 4357s
 554314 323413   75.00000   78   31   81.00000   35.40333  56.3%  26.5 4373s
 556184 324799   77.00000   71   65   81.00000   35.41100  56.3%  26.5 4396s
 558091 326203   35.83484   27  152   81.00000   35.41327  56.3%  26.5 4414s
 559255 326203 infeasible   97        81.00000   35.41327  56.3%  26.5 4415s
 560102 327385   72.00000   48   54   81.00000   35.41327  56.3%  26.5 4441s
 561847 328738     cutoff   70        81.00000   35.41428  56.3%  26.5 4459s
 563737 329952 infeasible   93        81.00000   35.42539  56.3%  26.5 4478s
 565617 330975   47.00000   26   80   81.00000   35.42631  56.3%  26.5 4500s
 567098 332252   80.00000   50   58   81.00000   35.42631  56.3%  26.5 4519s
 569021 333742   36.90463   41  118   81.00000   35.43738  56.3%  26.5 4535s
 570857 334842 infeasible   77        81.00000   35.43738  56.3%  26.5 4558s
 572510 336218   64.00000   64   50   81.00000   35.43738  56.3%  26.5 4575s
 574423 337437   49.00000   40   76   81.00000   35.43738  56.3%  26.5 4593s
 576228 338331   80.00000  107   35   81.00000   35.44348  56.2%  26.5 4619s
 577702 339766   80.00000   91   40   81.00000   35.44543  56.2%  26.5 4638s
 579801 340968   79.00000   67   45   81.00000   35.44960  56.2%  26.5 4667s
 581593 342132   80.00000   88   35   81.00000   35.45734  56.2%  26.5 4685s
 583499 343107   36.47789   39  134   81.00000   35.45734  56.2%  26.5 4703s
 585359 344246     cutoff   97        81.00000   35.45734  56.2%  26.5 4731s
 587104 345637   56.00000   30   79   81.00000   35.46732  56.2%  26.5 4749s
 589046 346752   69.00000   46   65   81.00000   35.46732  56.2%  26.5 4764s
 590596 348069   78.00000   84   43   81.00000   35.46732  56.2%  26.5 4789s
 592366 349383   62.00000   67   69   81.00000   35.47462  56.2%  26.5 4807s
 594344 350452   45.00000   45  116   81.00000   35.47462  56.2%  26.5 4823s
 595906 351536   69.00000   36   62   81.00000   35.48602  56.2%  26.5 4846s
 597459 352857   79.00000   69   27   81.00000   35.48731  56.2%  26.5 4866s
 599487 354066 infeasible   68        81.00000   35.48731  56.2%  26.5 4885s
 601339 355190   44.00000   36  102   81.00000   35.50649  56.2%  26.5 4913s
 603088 356401   62.00000   42   75   81.00000   35.51048  56.2%  26.5 4931s
 604912 357717   80.00000   86   42   81.00000   35.51392  56.2%  26.5 4950s
 606870 359081   69.00000   49   70   81.00000   35.51392  56.2%  26.5 4978s
 608671 360315   68.00000   51   72   81.00000   35.52946  56.1%  26.5 4996s
 610595 361546   70.00000   48   81   81.00000   35.53670  56.1%  26.5 5015s
 612516 362508   78.00000   77   39   81.00000   35.53670  56.1%  26.5 5039s
 613979 363841     cutoff   43        81.00000   35.53670  56.1%  26.5 5057s
 615872 365014   78.00000   91   39   81.00000   35.55398  56.1%  26.5 5077s
 617555 366267   78.00000   65   64   81.00000   35.56024  56.1%  26.5 5102s
 619232 367631   75.00000   61   70   81.00000   35.56928  56.1%  26.5 5120s
 621200 368911   78.00000   99   33   81.00000   35.56959  56.1%  26.5 5147s
 623164 370246   63.00000   55   64   81.00000   35.57850  56.1%  26.5 5168s
 625164 371833   76.00000   76   34   81.00000   35.57850  56.1%  26.5 5186s
 627162 373313   80.00000   81   37   81.00000   35.60172  56.0%  26.5 5212s
 628975 374322   67.00000   47   79   81.00000   35.60814  56.0%  26.5 5228s
 630797 375460   63.00000   63   64   81.00000   35.60814  56.0%  26.5 5245s
 632549 376673   80.00000  122   23   81.00000   35.60814  56.0%  26.5 5273s
 634330 377827   77.00000   53   45   81.00000   35.61197  56.0%  26.5 5288s
 635999 379076   51.00000   43   95   81.00000   35.62069  56.0%  26.5 5305s
*636779 304535             124      79.0000000   35.62069  54.9%  26.5 5305s
 637651 305569   54.00000   63   76   79.00000   35.62069  54.9%  26.5 5330s
 639311 306780   78.00000  115   29   79.00000   35.62069  54.9%  26.5 5349s
 641141 307938   77.00000   81   38   79.00000   35.63519  54.9%  26.5 5368s
 642970 308951   78.00000   93   31   79.00000   35.64169  54.9%  26.5 5395s
 644642 310068   78.00000   66   58   79.00000   35.64441  54.9%  26.5 5414s
 646224 310068   39.00000   35  100   79.00000   35.64706  54.9%  26.5 5415s
 646514 311449   56.00000   41   88   79.00000   35.65339  54.9%  26.5 5433s
 648510 312558   78.00000   41   50   79.00000   35.66096  54.9%  26.5 5461s
 650183 313760   62.00000   45   79   79.00000   35.66458  54.9%  26.5 5481s
 652111 315053   77.00000   71   40   79.00000   35.68006  54.8%  26.5 5499s
 653964 316133   78.00000   61   43   79.00000   35.68732  54.8%  26.5 5527s
 655692 317184 infeasible   84        79.00000   35.69324  54.8%  26.5 5546s
 657382 317981   54.00000   43   74   79.00000   35.69401  54.8%  26.5 5563s
 658611 319360   77.00000   75   46   79.00000   35.69623  54.8%  26.5 5598s
 660758 320909 infeasible  102        79.00000   35.70391  54.8%  26.5 5619s
 662903 322128   77.00000   97   27   79.00000   35.72154  54.8%  26.5 5638s
 664696 323386   62.00000   27   73   79.00000   35.72154  54.8%  26.5 5667s
 666548 324661   72.00000   56   57   79.00000   35.72154  54.8%  26.5 5686s
 668380 326056   41.00000   40   94   79.00000   35.72154  54.8%  26.5 5705s
 670345 327282   73.00000   94   43   79.00000   35.73775  54.8%  26.5 5734s
 672180 328730   78.00000  106   38   79.00000   35.75067  54.7%  26.5 5753s
 674202 330022   78.00000   74   45   79.00000   35.75135  54.7%  26.5 5771s
 675956 331245   78.00000   72   83   79.00000   35.76453  54.7%  26.5 5796s
 677656 332630   65.00000   60   90   79.00000   35.77275  54.7%  26.5 5816s
 679688 333510   74.00000   61   40   79.00000   35.77275  54.7%  26.5 5832s
 681092 334834   76.00000   80   39   79.00000   35.78689  54.7%  26.5 5862s
 683001 336362   73.00000   66   55   79.00000   35.78828  54.7%  26.5 5880s
 684983 337481 infeasible   68        79.00000   35.79391  54.7%  26.5 5900s
 686794 338696   54.00000   55   59   79.00000   35.80256  54.7%  26.5 5929s
 688345 340014   54.00000   40   71   79.00000   35.80447  54.7%  26.5 5948s
 690358 341338   77.00000   39   77   79.00000   35.81151  54.7%  26.5 5969s
 692283 342783   78.00000   50   55   79.00000   35.82033  54.7%  26.5 5998s
 694224 344051   76.00000   87   32   79.00000   35.84629  54.6%  26.5 6018s
 696143 345219   52.00000   39   83   79.00000   35.84719  54.6%  26.5 6037s
 697916 346328   78.00000   66   42   79.00000   35.85714  54.6%  26.5 6064s
 699571 347677   44.00000   35   86   79.00000   35.85714  54.6%  26.5 6081s
 701410 348639   74.00000   84   36   79.00000   35.85714  54.6%  26.5 6097s
 702818 349870 infeasible   89        79.00000   35.86595  54.6%  26.5 6129s
 704774 351096   78.00000   44   47   79.00000   35.88235  54.6%  26.5 6149s
 706648 352265   76.00000   83   38   79.00000   35.88889  54.6%  26.5 6169s
 708493 353471   46.00000   31   89   79.00000   35.88889  54.6%  26.5 6195s
 710396 354836   78.00000   65   44   79.00000   35.90680  54.5%  26.5 6215s
 712432 356104   55.00000   42   59   79.00000   35.91417  54.5%  26.5 6243s
 714130 357386   64.00000   56   63   79.00000   35.92129  54.5%  26.5 6262s
 716017 358514   75.00000   58   37   79.00000   35.92715  54.5%  26.5 6279s
 717618 359630 infeasible   59        79.00000   35.93305  54.5%  26.5 6307s
 719360 360845   69.00000   28   64   79.00000   35.93940  54.5%  26.5 6327s
 721271 362069   78.00000   98   36   79.00000   35.94737  54.5%  26.5 6346s
 722999 363227   55.00000   37   97   79.00000   35.95337  54.5%  26.5 6375s
 724807 364285   77.00000   72   28   79.00000   35.95706  54.5%  26.5 6391s
 726236 365414 infeasible   71        79.00000   35.96429  54.5%  26.5 6411s
 727905 366699   77.00000   60   42   79.00000   35.96463  54.5%  26.5 6434s
 730006 367885   54.00000   46   71   79.00000   35.96817  54.5%  26.5 6465s
 731872 369249 infeasible  108        79.00000   35.97455  54.5%  26.5 6486s
 733855 370649 infeasible  100        79.00000   36.00000  54.4%  26.5 6509s
 735991 371984   62.00000   29   64   79.00000   36.00000  54.4%  26.5 6542s
 737925 373262   71.00000   41   53   79.00000   36.00000  54.4%  26.5 6563s
 739899 374664   38.00000   22  114   79.00000   36.00000  54.4%  26.5 6583s
 741750 375890   76.00000   45   54   79.00000   36.00000  54.4%  26.6 6613s
 743682 377039   78.00000   89   30   79.00000   36.00000  54.4%  26.5 6634s
 745514 378395   78.00000   69   41   79.00000   36.00000  54.4%  26.6 6653s
 747404 379261   78.00000   56   40   79.00000   36.00000  54.4%  26.6 6677s
 748788 380747   47.00000   35   88   79.00000   36.00000  54.4%  26.6 6698s
 750787 382048 infeasible   65        79.00000   36.00000  54.4%  26.6 6727s
 752834 383172 infeasible   94        79.00000   36.00000  54.4%  26.6 6746s
 754665 384456   78.00000   65   53   79.00000   36.00000  54.4%  26.6 6766s
 756567 385671   43.00000   36  109   79.00000   36.00000  54.4%  26.6 6798s
 758478 386783   72.00000  107   32   79.00000   36.00000  54.4%  26.6 6819s
 760471 388132   75.00000   64   43   79.00000   36.00000  54.4%  26.6 6838s
 762279 389444     cutoff   71        79.00000   36.00000  54.4%  26.6 6866s
 764041 390664 infeasible   56        79.00000   36.00000  54.4%  26.6 6885s
 765985 391897   62.00000   34   59   79.00000   36.00000  54.4%  26.6 6907s
 767923 393218   78.00000   78   18   79.00000   36.00000  54.4%  26.6 6940s
 769869 394011   62.00000   43   69   79.00000   36.00000  54.4%  26.6 6957s
 771056 395499   70.00000   55   52   79.00000   36.02750  54.4%  26.6 6984s
 773411 396787   78.00000   80   40   79.00000   36.03389  54.4%  26.6 7018s
 775454 398124   70.00000   72   46   79.00000   36.04956  54.4%  26.6 7038s
 777347 399316   78.00000   59   52   79.00000   36.04956  54.4%  26.6 7059s
 779238 400477   75.00000   72   62   79.00000   36.06698  54.3%  26.6 7091s
 781054 401804   73.00000   52   46   79.00000   36.07847  54.3%  26.6 7112s
 783000 402971   78.00000   81   47   79.00000   36.07847  54.3%  26.6 7132s
 784894 404248   73.00000   62   80   79.00000   36.09956  54.3%  26.6 7164s
 786456 404248   36.25834   38  115   79.00000   36.13368  54.3%  26.6 7165s
 786738 405499 infeasible   75        79.00000   36.13703  54.3%  26.6 7184s
 788615 406851     cutoff   72        79.00000   36.13940  54.3%  26.6 7202s
 790347 408144   76.00000   80   30   79.00000   36.15532  54.2%  26.6 7230s
 792129 409201   54.00000   69   66   79.00000   36.15532  54.2%  26.6 7246s
 793662 410231 infeasible   54        79.00000   36.18622  54.2%  26.6 7265s
 795282 411447   62.00000   52   69   79.00000   36.18943  54.2%  26.6 7298s
 797182 412521   75.00000   78   36   79.00000   36.20714  54.2%  26.6 7319s
 798825 413656   76.00000   56   72   79.00000   36.22693  54.1%  26.6 7342s
 800842 414664   77.00000   48   57   79.00000   36.23853  54.1%  26.6 7373s
 802712 415894   77.00000   90   30   79.00000   36.25000  54.1%  26.6 7394s
 804670 417143   61.00000   38   78   79.00000   36.27423  54.1%  26.6 7415s
 806555 418531   78.00000   67   42   79.00000   36.28667  54.1%  26.6 7446s
 808400 419752 infeasible   63        79.00000   36.29642  54.1%  26.6 7468s
 810400 421029     cutoff   71        79.00000   36.30492  54.0%  26.6 7489s
 812310 422070   78.00000   85   51   79.00000   36.32708  54.0%  26.6 7515s
 813843 422986   78.00000   58   43   79.00000   36.34081  54.0%  26.6 7531s
 815223 424412   48.00000   41   87   79.00000   36.34411  54.0%  26.6 7554s
 817433 425598   77.00000   73   43   79.00000   36.35459  54.0%  26.6 7585s
 819232 426741   78.00000   68   50   79.00000   36.39675  53.9%  26.6 7605s
 821101 427992 infeasible  104        79.00000   36.41962  53.9%  26.6 7632s
 822877 429232   57.00000   45   52   79.00000   36.43590  53.9%  26.6 7652s
 824769 430364   78.00000   53   69   79.00000   36.45365  53.9%  26.6 7683s
 826519 431490   70.00000   45   56   79.00000   36.45458  53.9%  26.6 7704s
 827871 431490   37.34006   28  129   79.00000   36.47789  53.8%  26.6 7705s
 828341 432776   74.00000   46   74   79.00000   36.48122  53.8%  26.6 7725s
 830239 434166   37.52745   30   99   79.00000   36.51000  53.8%  26.6 7755s
 832028 435319   68.00000   53   49   79.00000   36.51000  53.8%  26.6 7774s
 833750 436650   75.00000   72   45   79.00000   36.54178  53.7%  26.6 7790s
 835559 437642   71.00000   68   42   79.00000   36.54616  53.7%  26.6 7815s
 836951 438833   78.00000   61   47   79.00000   36.56436  53.7%  26.6 7836s
 838902 439906   67.00000   61   77   79.00000   36.57859  53.7%  26.6 7857s
 840480 441143   71.00000   56   70   79.00000   36.59458  53.7%  26.6 7892s
 842471 442584   37.00000   38   99   79.00000   36.59768  53.7%  26.6 7914s
 843459 442584   78.00000   43   64   79.00000   36.62101  53.6%  26.6 7915s
 844510 443905   78.00000   83   28   79.00000   36.62857  53.6%  26.6 7937s
 846614 445080   78.00000   75   37   79.00000   36.65928  53.6%  26.6 7970s
 848353 446413   78.00000   60   52   79.00000   36.68144  53.6%  26.6 7992s
 850433 447741 infeasible   53        79.00000   36.69243  53.6%  26.6 8011s
 852286 448846   73.00000   72   51   79.00000   36.74965  53.5%  26.6 8041s
 854070 450063   72.00000   55   52   79.00000   36.75860  53.5%  26.6 8062s
 855926 451061 infeasible   82        79.00000   36.75860  53.5%  26.6 8086s
 857784 451847 infeasible   89        79.00000   36.80126  53.4%  26.6 8105s
 859323 452876   76.00000   86   45   79.00000   36.83865  53.4%  26.6 8136s
 861056 454241 infeasible   89        79.00000   36.83865  53.4%  26.6 8158s
 863114 455408 infeasible   67        79.00000   36.89172  53.3%  26.6 8178s
 864851 456724   62.00000   28   77   79.00000   36.91878  53.3%  26.6 8205s
 866523 457930 infeasible   74        79.00000   36.93648  53.2%  26.6 8222s
 868189 459191   77.00000   69   48   79.00000   36.93648  53.2%  26.6 8240s
 870067 460546   72.00000   49   55   79.00000   36.99432  53.2%  26.6 8271s
 871830 462232   67.00000   56   37   79.00000   37.00000  53.2%  26.6 8296s
 874331 463882   77.00000   59   50   79.00000   37.00000  53.2%  26.6 8337s
 876684 465589   54.00000   40   85   79.00000   37.00000  53.2%  26.6 8364s
 878231 465589   61.00000   42   55   79.00000   37.00000  53.2%  26.6 8365s
 879279 467016   67.00000   38   49   79.00000   37.00000  53.2%  26.6 8394s
 881410 468275 infeasible  130        79.00000   37.00000  53.2%  26.6 8428s
 883296 470125   62.00000   46   68   79.00000   37.00000  53.2%  26.6 8453s
 885795 471923   75.00000   54   73   79.00000   37.00000  53.2%  26.6 8481s
 888418 473505 infeasible  121        79.00000   37.00000  53.2%  26.6 8522s
 890760 475149   76.00000   91   31   79.00000   37.00000  53.2%  26.6 8549s
 893210 476588   77.00000   66   32   79.00000   37.00000  53.2%  26.6 8576s
 895686 478111   76.00000   66   56   79.00000   37.00000  53.2%  26.6 8618s
 897993 479686   55.00000   41   88   79.00000   37.00000  53.2%  26.6 8645s
 900290 481183   78.00000   63   56   79.00000   37.00000  53.2%  26.6 8669s
 902471 482721     cutoff   77        79.00000   37.00000  53.2%  26.6 8706s
 904679 483957 infeasible   93        79.00000   37.00000  53.2%  26.6 8727s
 906566 485569   78.00000   51   25   79.00000   37.00000  53.2%  26.6 8749s
 908699 486987   78.00000   71   42   79.00000   37.00000  53.2%  26.6 8790s
 910983 488592   62.00000   42   41   79.00000   37.00000  53.2%  26.6 8818s
 913398 490054 infeasible   49        79.00000   37.00000  53.2%  26.6 8844s
 915673 491566   78.00000  101   22   79.00000   37.00000  53.2%  26.6 8885s
 917928 493098   75.00000   63   44   79.00000   37.00000  53.2%  26.6 8912s
 920253 494641 infeasible   57        79.00000   37.00000  53.2%  26.6 8937s
 922496 496093   78.00000   88   38   79.00000   37.00000  53.2%  26.6 8975s
 924580 497541 infeasible   54        79.00000   37.00000  53.2%  26.6 9001s
 926806 498749     cutoff   66        79.00000   37.00000  53.2%  26.6 9022s
 928620 500085   74.00000   58   40   79.00000   37.00000  53.2%  26.6 9058s
 930606 501511     cutoff   53        79.00000   37.00000  53.2%  26.6 9083s
 932525 503148   69.00000   64   46   79.00000   37.00000  53.2%  26.6 9107s
 934902 504735   37.00000   28  124   79.00000   37.00000  53.2%  26.6 9147s
 937110 506116   37.00000   31  115   79.00000   37.00000  53.2%  26.6 9173s
 939401 507583   54.00000   23   65   79.00000   37.00000  53.2%  26.6 9198s
 941698 508979   44.00000   41   91   79.00000   37.00000  53.2%  26.6 9237s
 943761 510339   78.00000   75   51   79.00000   37.00000  53.2%  26.6 9262s
 945825 511782   75.00000   55   47   79.00000   37.00000  53.2%  26.6 9287s
 948041 513231 infeasible   86        79.00000   37.00000  53.2%  26.6 9327s
 950133 514349   69.00000   44   61   79.00000   37.00000  53.2%  26.6 9347s
 951846 515734 infeasible   69        79.00000   37.00000  53.2%  26.6 9370s
 953968 516976   78.00000   86   38   79.00000   37.00000  53.2%  26.6 9406s
 955851 518329   72.00000   37   59   79.00000   37.00000  53.2%  26.6 9429s
 957861 519685   74.00000   75   57   79.00000   37.00000  53.2%  26.6 9452s
 959903 520902   77.00000   64   60   79.00000   37.00000  53.2%  26.6 9488s
 961784 522282 infeasible   97        79.00000   37.00000  53.2%  26.6 9511s
 963853 523500   78.00000   57   44   79.00000   37.00000  53.2%  26.6 9534s
 965783 524767   78.00000   69   44   79.00000   37.00000  53.2%  26.6 9571s
 967730 525882     cutoff  102        79.00000   37.00000  53.2%  26.6 9593s
 969484 527240   62.00000   47   51   79.00000   37.00000  53.2%  26.6 9612s
 971383 528327 infeasible   75        79.00000   37.00000  53.2%  26.6 9644s
 973184 529374   77.00000   74   41   79.00000   37.00000  53.2%  26.6 9660s
 974589 530721   56.00000   34   77   79.00000   37.00000  53.2%  26.6 9682s
 976609 531819   75.00000  106   22   79.00000   37.00000  53.2%  26.6 9716s
 978221 533057   75.00000   41   70   79.00000   37.00000  53.2%  26.6 9736s
 980187 534299   54.00000   37   95   79.00000   37.00000  53.2%  26.6 9773s
 982108 535682   77.00000   61   50   79.00000   37.00000  53.2%  26.6 9797s
 984182 537044   77.00000   86   33   79.00000   37.00000  53.2%  26.6 9820s
 986249 538251   78.00000   66   67   79.00000   37.00000  53.2%  26.6 9857s
 988159 539647   78.00000   78   43   79.00000   37.00000  53.2%  26.6 9881s
 990257 540850   78.00000   92   38   79.00000   37.00000  53.2%  26.6 9902s
 992091 542150   48.00000   37  107   79.00000   37.00000  53.2%  26.6 9938s
 994006 543515   78.00000   80   59   79.00000   37.00000  53.2%  26.6 9956s
 995748 544535   74.00000   72   42   79.00000   37.00000  53.2%  26.6 9972s
 997283 545853   72.00000   58   56   79.00000   37.23737  52.9%  26.6 9996s
 999159 547092   76.00000   49   55   79.00000   37.28981  52.8%  26.6 10032s
 1001100 548189   69.00000   40   78   79.00000   37.34940  52.7%  26.6 10052s
 1002870 549219   78.00000   77   35   79.00000   37.36391  52.7%  26.6 10072s
 1004674 550359   62.00000   28   73   79.00000   37.36391  52.7%  26.6 10104s
 1005606 550359   76.00000   56   46   79.00000   37.36391  52.7%  26.6 10105s
 1006384 551642   78.00000   52   56   79.00000   37.40000  52.7%  26.6 10127s
 1008294 552817   78.00000   79   61   79.00000   37.50000  52.5%  26.6 10149s
 1010135 553991   69.00000   41   57   79.00000   37.60453  52.4%  26.6 10183s
 1012015 555205   78.00000   54   64   79.00000   37.65380  52.3%  26.6 10205s
 1013845 556553   68.00000   66   40   79.00000   37.72650  52.2%  26.6 10224s
 1014645 556553   75.00000   53   56   79.00000   37.75362  52.2%  26.6 10225s
 1015752 557443   78.00000   88   27   79.00000   37.75643  52.2%  26.6 10256s
 1017220 558793   77.00000   34   54   79.00000   37.90406  52.0%  26.6 10279s
 1019238 559785   77.00000   72   32   79.00000   37.99218  51.9%  26.6 10297s
 1020863 561310   58.00000   36   63   79.00000   38.00000  51.9%  26.6 10340s
 1023044 562926   75.00000   57   58   79.00000   38.00000  51.9%  26.6 10367s
 1025516 564339   77.00000   84   52   79.00000   38.00000  51.9%  26.6 10394s
 1027739 565911   78.00000   92   26   79.00000   38.00000  51.9%  26.6 10440s
 1030062 567367   78.00000   57   44   79.00000   38.00000  51.9%  26.6 10467s
 1032373 568918 infeasible   65        79.00000   38.00000  51.9%  26.6 10492s
 1034636 570317   38.00000   41  129   79.00000   38.00000  51.9%  26.6 10536s
 1036829 571790   73.00000   57   43   79.00000   38.00000  51.9%  26.6 10559s
 1038891 573273   58.00000   49   80   79.00000   38.00000  51.9%  26.6 10585s
 1041158 574630   74.00000   43   73   79.00000   38.00000  51.9%  26.6 10618s
 1043023 576012   78.00000   65   44   79.00000   38.00000  51.9%  26.6 10643s
 1045153 577546     cutoff   64        79.00000   38.00000  51.9%  26.6 10667s
 1047359 578771   65.00000   60   65   79.00000   38.00000  51.9%  26.6 10707s
 1049471 580400 infeasible   93        79.00000   38.00000  51.9%  26.6 10730s
 1051700 581806   76.00000   87   35   79.00000   38.00000  51.9%  26.6 10756s
 1053910 583199   72.00000   44   74   79.00000   38.00000  51.9%  26.6 10797s
 1056063 583231   78.00000   65   36   79.00000   38.00000  51.9%  26.6 10800s

Cutting planes:
  Learned: 12194
  Gomory: 27
  Cover: 95
  MIR: 387
  StrongCG: 5
  Flow cover: 1131
  RLT: 162

Explored 1056101 nodes (28051127 simplex iterations) in 10800.94 seconds (469.56 work units)
Thread count was 18 (of 36 available processors)

Solution count 10: 79 81 82 ... 89

Time limit reached
Best objective 7.900000000000e+01, best bound 3.800000000000e+01, gap 51.8987%
