
Gurobi 11.0.0 (win64) logging started Mon May  6 21:47:10 2024

Set parameter LogFile to value "./Results/StripPacking-CutHeurRuns/Logs/SBL-011-StripPacking-20.log"
Set parameter TimeLimit to value 10800
Set parameter Cuts to value 0
Set parameter Presolve to value 1
Set parameter Heuristics to value 1
Set parameter LPWarmStart to value 2
Gurobi Optimizer version 11.0.0 build v11.0.0rc2 (win64 - Windows 10.0 (19045.2))

CPU model: Intel(R) Core(TM) i9-10980XE CPU @ 3.00GHz, instruction set [SSE2|AVX|AVX2|AVX512]
Thread count: 18 physical cores, 36 logical processors, using up to 18 threads

Optimize a model with 3625 rows, 651 columns and 12050 nonzeros
Model fingerprint: 0x00092d0f
Variable types: 51 continuous, 600 integer (600 binary)
Coefficient statistics:
  Matrix range     [1e+00, 1e+04]
  Objective range  [1e+00, 1e+00]
  Bounds range     [1e+00, 1e+04]
  RHS range        [5e-01, 1e+04]

Warning: Completing partial solution with 600 unfixed non-continuous variables out of 600
User MIP start produced solution with objective 104.8 (0.01s)
Loaded user MIP start with objective 104.8

Presolve removed 600 rows and 0 columns
Presolve time: 0.05s
Presolved: 3025 rows, 651 columns, 10250 nonzeros
Variable types: 51 continuous, 600 integer (600 binary)

Root relaxation: objective 3.600000e+01, 394 iterations, 0.02 seconds (0.02 work units)

    Nodes    |    Current Node    |     Objective Bounds      |     Work
 Expl Unexpl |  Obj  Depth IntInf | Incumbent    BestBd   Gap | It/Node Time

     0     0   36.00000    0   55  104.80000   36.00000  65.6%     -    0s
     0     0   36.00000    0   55  104.80000   36.00000  65.6%     -    0s
H    0     0                     102.0000000   36.00000  64.7%     -    0s
H    0     2                      98.0000000   36.00000  63.3%     -    0s
     0     2   36.00000    0   55   98.00000   36.00000  63.3%     -    0s
H   39    50                      97.0000000   36.00000  62.9%  45.2    0s
H   85   104                      94.0000000   36.00000  61.7%  39.1    7s
H   88   104                      92.0000000   36.00000  60.9%  38.3    7s
H   93   104                      91.0000000   36.00000  60.4%  37.3    7s
   211   232   36.00000   11   92   91.00000   36.00000  60.4%  29.3   13s
H  214   232                      86.0000000   36.00000  58.1%  29.2   13s
   231   276   36.00000   12   94   86.00000   36.00000  58.1%  29.0   15s
H  235   276                      85.0000000   36.00000  57.6%  29.1   15s
   434   497   36.00000   19   93   85.00000   36.00000  57.6%  25.8   22s
H  435   497                      84.0000000   36.00000  57.1%  25.8   22s
   496   697   36.00000   20   92   84.00000   36.00000  57.1%  24.8   25s
   698   799   36.00000   21   97   84.00000   36.00000  57.1%  24.0   32s
H  772   799                      83.0000000   36.00000  56.6%  23.8   32s
   802  1195   36.00000   27   89   83.00000   36.00000  56.6%  23.4   36s
H  929  1195                      82.0000000   36.00000  56.1%  22.6   36s
  1226  1236   59.00000   45   53   82.00000   36.00000  56.1%  23.2   53s
H 1232  1236                      82.0000000   36.00000  56.1%  23.1   53s
  1283  2174   59.00000   46   49   82.00000   36.00000  56.1%  23.1   56s
  2363  2188   72.00000   92   46   82.00000   36.00000  56.1%  18.6   65s
  2877  2585   72.00000   94   45   82.00000   36.00000  56.1%  17.5   84s
  2910  3135   72.00000   95   43   82.00000   36.00000  56.1%  17.6   91s
  3614  3151   36.00000    8   81   82.00000   36.00000  56.1%  16.9   99s
  3726  3230   36.00000   17   86   82.00000   36.00000  56.1%  17.7  100s
  3913  3355   42.00000   23   87   82.00000   36.00000  56.1%  18.5  114s
  3932  3509   36.00000   23   90   82.00000   36.00000  56.1%  18.5  115s
  4691  3850   61.00000   46   51   82.00000   36.00000  56.1%  19.8  131s
  5235  4322   67.00000   60   64   82.00000   36.00000  56.1%  20.6  135s
  5420  4278   71.00000   65   54   82.00000   36.00000  56.1%  20.7  147s
  5582  4553   71.00000   69   50   82.00000   36.00000  56.1%  20.8  150s
  5828  4492   71.00000   75   54   82.00000   36.00000  56.1%  20.9  163s
  5867  4572   71.00000   75   52   82.00000   36.00000  56.1%  21.0  168s
  6266  4997   80.00000   82   43   82.00000   36.00000  56.1%  21.4  170s
  6838  4816   59.00000   22   46   82.00000   36.00000  56.1%  21.6  182s
  7273  5106   78.00000   52   54   82.00000   36.00000  56.1%  21.6  186s
  7404  5090   78.00000   59   39   82.00000   36.00000  56.1%  21.6  197s
  7874  5241 infeasible   82        82.00000   36.00000  56.1%  21.9  208s
  7902  5247     cutoff   82        82.00000   36.00000  56.1%  21.9  211s
  8452  5523   81.00000   91   24   82.00000   36.00000  56.1%  22.0  222s
  9002  5758   81.00000   46   48   82.00000   36.00000  56.1%  22.1  226s
  9024  5817   81.00000   47   53   82.00000   36.00000  56.1%  22.1  236s
  9554  5927   81.00000   61   37   82.00000   36.00000  56.1%  22.1  247s
  9586  5974   81.00000   62   36   82.00000   36.00000  56.1%  22.1  250s
  9678  6051   81.00000   66   34   82.00000   36.00000  56.1%  22.2  262s
 10661  6336     cutoff   55        82.00000   36.00000  56.1%  22.4  265s
 10685  6367   77.00000   56   55   82.00000   36.00000  56.1%  22.5  277s
 11588  6859   78.00000   47   33   82.00000   36.00000  56.1%  22.6  281s
 11791  7033   79.00000   57   25   82.00000   36.00000  56.1%  22.5  292s
 12135  7124   79.00000   58   24   82.00000   36.00000  56.1%  22.6  298s
 12408  7046   79.00000   59   26   82.00000   36.00000  56.1%  22.5  309s
 12431  7608 infeasible   60        82.00000   36.00000  56.1%  22.6  310s
*12464  6780              86      81.0000000   36.00000  55.6%  22.5  310s
 13248  6623   76.00000   44   49   81.00000   36.00000  55.6%  22.7  319s
 13283  7371   76.00000   45   48   81.00000   36.00000  55.6%  22.7  321s
 14386  7387   71.00000   62   36   81.00000   36.00000  55.6%  23.1  332s
 14406  8787   71.00000   63   36   81.00000   36.00000  55.6%  23.1  342s
 16290  9935   74.00000   53   35   81.00000   36.00000  55.6%  23.2  354s
 17943  9946 infeasible   87        81.00000   36.00000  55.6%  23.5  357s
 17968 11159   59.00000   24   67   81.00000   36.00000  55.6%  23.5  369s
 19573 11173   75.00000   92   21   81.00000   36.00000  55.6%  23.6  372s
 19595 12049 infeasible   93        81.00000   36.00000  55.6%  23.6  380s
 21026 12936   79.00000   69   40   81.00000   36.00000  55.6%  23.8  398s
 22109 15637   79.00000   84   32   81.00000   36.00000  55.6%  24.1  420s
H23149 15637                      81.0000000   36.00000  55.6%  24.2  420s
 25613 16027   74.00000   59   71   81.00000   36.00000  55.6%  24.3  440s
 26070 16823   76.00000   59   75   81.00000   36.00000  55.6%  24.3  445s
 27224 17119   80.00000   84   50   81.00000   36.00000  55.6%  24.3  463s
 27625 17904 infeasible   86        81.00000   36.00000  55.6%  24.3  467s
 28645 19061   78.00000   80   43   81.00000   36.00000  55.6%  24.3  482s
 30378 19884   78.00000   81   41   81.00000   36.00000  55.6%  24.3  505s
 31510 22542   57.00000   44   67   81.00000   36.00000  55.6%  24.3  526s
 35169 22801   75.00000   57   64   81.00000   36.00000  55.6%  24.2  543s
 35536 24524   48.00000   35   84   81.00000   36.00000  55.6%  24.2  564s
 37835 24559   59.00000   40   48   81.00000   36.00000  55.6%  24.3  579s
 37876 24554   59.00000   42   48   81.00000   36.00000  55.6%  24.3  604s
 37917 25430   59.00000   43   47   81.00000   36.00000  55.6%  24.3  632s
 39053 25442   75.00000   77   49   81.00000   36.00000  55.6%  24.3  655s
 39077 26272   65.00000   77   48   81.00000   36.00000  55.6%  24.3  682s
 40149 26287 infeasible   95        81.00000   36.00000  55.6%  24.2  705s
 40172 28026   72.00000   98   44   81.00000   36.00000  55.6%  24.2  716s
 42580 28047   72.00000   47   42   81.00000   36.00000  55.6%  24.2  746s
 42605 29707   72.00000   49   42   81.00000   36.00000  55.6%  24.2  767s
 44807 32333   68.00000   50   65   81.00000   36.00000  55.6%  24.4  806s
 48413 34845   60.00000   27   71   81.00000   36.00000  55.6%  24.5  832s
 51992 35096   80.00000   71   43   81.00000   36.00000  55.6%  24.6  848s
 52349 36077 infeasible   72        81.00000   36.00000  55.6%  24.5  876s
 53724 36102   64.00000   44   61   81.00000   36.00000  55.6%  24.6  899s
 53757 38271   64.00000   45   69   81.00000   36.00000  55.6%  24.6  920s
 56708 38284   64.00000   37   60   81.00000   36.00000  55.6%  24.5  946s
 56735 40019   64.00000   38   61   81.00000   36.00000  55.6%  24.5  964s
 59180 40343   79.00000  103   18   81.00000   36.00000  55.6%  24.5  984s
 59660 43222 infeasible  104        81.00000   36.00000  55.6%  24.5 1014s
 63634 43450   79.00000   59   51   81.00000   36.00000  55.6%  24.6 1027s
 63933 44966 infeasible   60        81.00000   36.00000  55.6%  24.6 1050s
 65930 45387   77.00000   55   72   81.00000   36.00000  55.6%  24.8 1066s
 66577 47150   77.00000   56   68   81.00000   36.00000  55.6%  24.8 1111s
 69132 47828   79.00000   73   55   81.00000   36.00000  55.6%  24.8 1138s
 70078 52499   79.00000   74   55   81.00000   36.00000  55.6%  24.8 1184s
 74189 52499 infeasible   76        81.00000   37.00000  54.3%  24.7 1185s
 76732 52516   80.00000   84   43   81.00000   37.00000  54.3%  24.7 1228s
 76753 54207     cutoff   85        81.00000   37.00000  54.3%  24.7 1245s
 79145 54262   80.00000   74   40   81.00000   39.00000  51.9%  24.7 1259s
 79239 54262   75.00000   23   69   81.00000   39.00000  51.9%  24.7 1260s
 79240 54931   80.00000   75   40   81.00000   39.00000  51.9%  24.7 1278s
 80241 55112 infeasible   78        81.00000   39.00000  51.9%  24.7 1306s
 80498 56835 infeasible   77        81.00000   39.00000  51.9%  24.7 1325s
 82904 56851   41.00000   37   93   81.00000   39.00000  51.9%  24.7 1355s
 82924 59227   53.00000   38   85   81.00000   40.00000  50.6%  24.7 1382s
 86351 59245   78.00000   62   52   81.00000   41.00000  49.4%  24.8 1399s
 86369 61803 infeasible   63        81.00000   41.00000  49.4%  24.8 1423s
 89983 64180   79.00000   56   57   81.00000   42.00000  48.1%  24.9 1463s
 93565 67406   66.00000   41   73   81.00000   42.00000  48.1%  24.8 1492s
 98166 67422   69.00000   34   48   81.00000   42.00000  48.1%  24.8 1511s
 98186 68330   69.00000   35   46   81.00000   42.00000  48.1%  24.8 1535s
 99475 68346   53.00000   35   71   81.00000   42.00000  48.1%  24.8 1559s
 99495 70659   75.00000   36   62   81.00000   42.00000  48.1%  24.8 1580s
 102621 70681   80.00000   80   40   81.00000   42.00000  48.1%  24.8 1618s
 102645 72249 infeasible   80        81.00000   42.00000  48.1%  24.8 1630s
 104910 72389   80.00000   88   26   81.00000   42.00000  48.1%  24.8 1647s
 105124 73282   80.00000   89   29   81.00000   42.00000  48.1%  24.8 1663s
 106424 73740   80.00000  101   40   81.00000   42.00000  48.1%  24.8 1681s
 107086 73840 infeasible  102        81.00000   43.00000  46.9%  24.8 1703s
 107253 74939   58.00000   48   76   81.00000   43.00000  46.9%  24.8 1718s
 108803 75452 infeasible   49        81.00000   43.00000  46.9%  24.8 1746s
 109500 75675 infeasible   95        81.00000   43.00000  46.9%  24.8 1765s
 109865 77326   76.00000   43   55   81.00000   43.00000  46.9%  24.7 1785s
 112092 77852   57.00000   32   56   81.00000   44.00000  45.7%  24.8 1818s
 112828 90172   57.00000   33   59   81.00000   44.00000  45.7%  24.8 1937s
 130846 90183 infeasible   77        81.00000   44.00000  45.7%  25.1 1968s
 130871 90695   76.00000   76   46   81.00000   44.00000  45.7%  25.1 1975s
 131628 90726   77.00000   58   56   81.00000   44.00000  45.7%  25.1 1989s
 131675 91112   77.00000   59   54   81.00000   44.00000  45.7%  25.1 2007s
 132241 91249   44.00000   32   91   81.00000   44.00000  45.7%  25.1 2018s
 132407 91863   44.00000   33   90   81.00000   44.00000  45.7%  25.1 2025s
 133312 91871   48.00000   47   74   81.00000   44.00000  45.7%  25.1 2059s
 133340 92410   48.00000   48   75   81.00000   44.00000  45.7%  25.1 2066s
 134047 92778   75.00000   85   67   81.00000   44.00000  45.7%  25.0 2095s
 134545 105529   78.00000   94   50   81.00000   44.00000  45.7%  25.0 2218s
 152563 105543   64.00000   40   74   81.00000   46.00000  43.2%  25.0 2247s
 152585 106098   64.00000   41   73   81.00000   46.00000  43.2%  25.0 2269s
 153377 106397   78.00000   52   41   81.00000   46.00000  43.2%  25.0 2286s
 153782 107331   78.00000   52   39   81.00000   46.00000  43.2%  25.0 2306s
 155153 107463   80.00000   64   51   81.00000   46.00000  43.2%  25.0 2329s
 155305 107804   80.00000   64   48   81.00000   46.00000  43.2%  24.9 2349s
 155756 110921 infeasible   73        81.00000   46.00000  43.2%  25.0 2423s
 159991 111238   78.00000   45   49   81.00000   46.00000  43.2%  25.0 2445s
 160404 116445   78.00000   72   43   81.00000   46.00000  43.2%  25.0 2494s
 167857 116445   60.00000   43   84   81.00000   46.00000  43.2%  25.0 2495s
 167957 116460   75.00000   37   67   81.00000   46.00000  43.2%  25.0 2515s
 167978 119023   61.00000   37   79   81.00000   46.00000  43.2%  25.0 2544s
 171705 119039   77.00000   78   58   81.00000   46.00000  43.2%  25.0 2561s
 171725 120177   77.00000   79   56   81.00000   46.00000  43.2%  25.0 2601s
 173281 120323   80.00000  120   19   81.00000   46.00000  43.2%  25.0 2616s
 173518 121937   77.00000  120   21   81.00000   46.00000  43.2%  25.0 2640s
 175863 122181   77.00000  121   20   81.00000   46.00000  43.2%  25.0 2673s
 176183 123556   77.00000  122   20   81.00000   46.00000  43.2%  25.0 2698s
 178231 129902   80.00000   96   64   81.00000   46.00000  43.2%  25.0 2762s
 187760 129916   78.00000   57   53   81.00000   46.00000  43.2%  24.9 2803s
 187782 131152   78.00000   58   59   81.00000   46.00000  43.2%  24.9 2823s
 189601 131742   76.00000   62   67   81.00000   46.00000  43.2%  24.9 2841s
 190421 132343   76.00000   63   67   81.00000   46.00000  43.2%  24.9 2855s
 191246 133912   76.00000   64   67   81.00000   46.00000  43.2%  24.9 2879s
 193571 133925 infeasible   77        81.00000   46.00000  43.2%  24.9 2906s
 193594 135590   78.00000   78   46   81.00000   46.00000  43.2%  24.9 2929s
 195702 135629   67.00000   57   58   81.00000   46.00000  43.2%  24.9 2957s
 195772 137138   67.00000   58   57   81.00000   46.00000  43.2%  24.9 2981s
 198005 137381   67.00000   62   55   81.00000   46.00000  43.2%  24.9 2997s
 198409 138175   67.00000   64   55   81.00000   46.00000  43.2%  24.9 3015s
 199515 139850   80.00000   84   31   81.00000   46.00000  43.2%  24.9 3042s
 201869 145074   77.00000   78   48   81.00000   46.00000  43.2%  24.9 3099s
 209206 145085   70.00000   93   39   81.00000   46.00000  43.2%  24.8 3139s
 209231 146338   70.00000   94   39   81.00000   46.00000  43.2%  24.8 3151s
 210996 146408     cutoff  112        81.00000   46.00000  43.2%  24.8 3166s
 211098 147596   79.00000  115   21   81.00000   46.00000  43.2%  24.8 3188s
 212746 148694   79.00000  116   20   81.00000   46.00000  43.2%  24.8 3213s
 214437 150928     cutoff  117        81.00000   46.00000  43.2%  24.8 3241s
 217780 150939   57.00000   27   66   81.00000   46.00000  43.2%  24.8 3271s
 217805 151758   64.00000   28   59   81.00000   46.00000  43.2%  24.8 3295s
 218894 152726   75.00000   82   32   81.00000   46.00000  43.2%  24.7 3321s
 220318 153727   75.00000   83   34   81.00000   46.00000  43.2%  24.7 3358s
 221792 154826     cutoff  106        81.00000   46.00000  43.2%  24.7 3384s
 222163 154826 infeasible   78        81.00000   46.00000  43.2%  24.7 3385s
 223407 157698   46.00000   25   74   81.00000   46.00000  43.2%  24.7 3417s
 227342 162310   77.00000   59   58   81.00000   46.00000  43.2%  24.7 3471s
 233952 162836   79.00000   92   26   81.00000   46.00000  43.2%  24.6 3492s
 234727 162863   73.00000   43   66   81.00000   46.00000  43.2%  24.7 3510s
 234759 164036   73.00000   45   68   81.00000   46.00000  43.2%  24.7 3531s
 236295 164466   66.00000   55   44   81.00000   46.00000  43.2%  24.7 3555s
 237008 166408   66.00000   56   62   81.00000   46.00000  43.2%  24.7 3578s
 239937 166916   76.00000  113   46   81.00000   46.00000  43.2%  24.6 3603s
 240622 169189   78.00000   53   52   81.00000   46.00000  43.2%  24.6 3629s
 244022 169420   79.00000   72   36   81.00000   46.00000  43.2%  24.6 3659s
 244360 172336   79.00000   73   33   81.00000   46.00000  43.2%  24.6 3690s
 248458 172546   80.00000   99   40   81.00000   46.00000  43.2%  24.6 3714s
 248747 173198 infeasible  100        81.00000   46.00000  43.2%  24.6 3743s
 249540 174649   52.00000   38   83   81.00000   46.00000  43.2%  24.6 3768s
 251645 180889   52.00000   37   85   81.00000   46.00000  43.2%  24.6 3829s
 258525 180889   66.00000   40   64   81.00000   46.00000  43.2%  24.5 3830s
 260657 180956   77.00000   72   60   81.00000   46.00000  43.2%  24.5 3856s
 260758 181512 infeasible   73        81.00000   46.00000  43.2%  24.5 3874s
 261679 181528   79.00000   71   49   81.00000   46.00000  43.2%  24.5 3904s
 261701 183492   79.00000   72   53   81.00000   46.00000  43.2%  24.5 3923s
 264539 183623   46.00000   29  100   81.00000   46.00000  43.2%  24.5 3951s
 264736 185664   57.00000   30   91   81.00000   46.00000  43.2%  24.5 3979s
 267754 185673   79.00000   56   60   81.00000   46.00000  43.2%  24.5 3994s
 267781 187083   79.00000   57   58   81.00000   46.00000  43.2%  24.5 4011s
 269747 187288   77.00000   51   56   81.00000   46.00000  43.2%  24.5 4028s
 270002 188723   78.00000   49   59   81.00000   46.00000  43.2%  24.5 4049s
 272089 192835   67.00000   51   68   81.00000   46.00000  43.2%  24.5 4099s
 275386 192835   64.00000   37   57   81.00000   46.00000  43.2%  24.5 4100s
 278026 193355   53.00000   37   81   81.00000   46.00000  43.2%  24.4 4118s
 278778 193373   53.00000   38   80   81.00000   46.00000  43.2%  24.4 4130s
 278798 195014   53.00000   39   80   81.00000   46.00000  43.2%  24.4 4154s
 279397 195014   72.00000   69   64   81.00000   46.00000  43.2%  24.4 4155s
 281007 195018   70.00000   52   55   81.00000   46.00000  43.2%  24.4 4173s
 281039 196382   70.00000   53   62   81.00000   46.00000  43.2%  24.4 4190s
 282905 196479   73.00000   37   52   81.00000   46.00000  43.2%  24.4 4209s
 283052 198067   73.00000   38   67   81.00000   46.00000  43.2%  24.4 4231s
 285310 198441   74.00000   37   76   81.00000   46.00000  43.2%  24.4 4256s
 285864 200803   74.00000   38   73   81.00000   46.00000  43.2%  24.4 4280s
 289023 200820   73.00000   63   50   81.00000   46.00000  43.2%  24.4 4317s
 289042 202800   73.00000   64   51   81.00000   46.00000  43.2%  24.4 4343s
 291865 202907 infeasible   74        81.00000   46.00000  43.2%  24.4 4360s
 292056 205377   76.00000   73   58   81.00000   46.00000  43.2%  24.4 4387s
 295560 205963   80.00000   83   40   81.00000   46.00000  43.2%  24.4 4418s
 296414 218566   74.00000   36   44   81.00000   46.00000  43.2%  24.4 4539s
 314432 218581   79.00000   60   65   81.00000   46.00000  43.2%  24.3 4601s
 314453 220045   79.00000   61   68   81.00000   46.00000  43.2%  24.3 4624s
 316714 220059   47.00000   48   82   81.00000   47.00000  42.0%  24.3 4648s
 316736 220510   66.00000   49   68   81.00000   47.00000  42.0%  24.3 4667s
 317352 223746   66.00000   50   68   81.00000   47.00000  42.0%  24.3 4712s
 322299 223755   66.00000   51   76   81.00000   47.00000  42.0%  24.3 4753s
 322326 225299     cutoff   52        81.00000   47.00000  42.0%  24.3 4777s
 324395 225547   70.00000   68   58   81.00000   47.00000  42.0%  24.3 4794s
 324709 226229   77.00000  115   20   81.00000   47.00000  42.0%  24.3 4812s
 325741 228566   78.00000  117   20   81.00000   47.00000  42.0%  24.3 4843s
 329343 228596   79.00000   84   36   81.00000   47.00000  42.0%  24.3 4864s
 329407 231501   79.00000   85   32   81.00000   47.00000  42.0%  24.3 4895s
 333962 231509   72.00000   42   89   81.00000   47.00000  42.0%  24.2 4944s
 333990 233083   72.00000   43   86   81.00000   47.00000  42.0%  24.2 4968s
 336142 233090   75.00000   97   37   81.00000   47.00000  42.0%  24.2 4983s
 336171 234290 infeasible   97        81.00000   47.00000  42.0%  24.2 5003s
 337911 234305   72.00000   59   80   81.00000   47.00000  42.0%  24.2 5018s
 337932 235400   71.00000   59   73   81.00000   47.00000  42.0%  24.2 5065s
 339466 236275   60.00000   54   82   81.00000   47.00000  42.0%  24.2 5086s
 340760 243270   59.00000   63   85   81.00000   47.00000  42.0%  24.2 5160s
 350852 243296   79.00000   72   52   81.00000   47.00000  42.0%  24.1 5203s
 350894 245266   79.00000   73   51   81.00000   47.00000  42.0%  24.1 5223s
 353659 245279   65.00000   81   44   81.00000   48.00000  40.7%  24.1 5241s
 353682 246151   76.00000   82   52   81.00000   48.00000  40.7%  24.1 5275s
 355071 246167   76.00000   64   57   81.00000   48.00000  40.7%  24.1 5294s
 355095 248864   76.00000   65   50   81.00000   48.00000  40.7%  24.1 5323s
 359183 249015 infeasible   87        81.00000   48.00000  40.7%  24.1 5344s
 359392 250793   73.00000   46   53   81.00000   48.00000  40.7%  24.1 5371s
 362043 251349   67.00000   48   75   81.00000   48.00000  40.7%  24.1 5432s
 362976 263460   67.00000   50   71   81.00000   48.00000  40.7%  24.0 5555s
 380994 263474   77.00000   72   36   81.00000   48.00000  40.7%  23.9 5597s
 381016 264834   77.00000   73   38   81.00000   48.00000  40.7%  23.9 5622s
 382921 264850   79.00000   84   50   81.00000   48.00000  40.7%  23.9 5646s
 382941 266100 infeasible   85        81.00000   48.00000  40.7%  23.9 5669s
 384801 266114   78.00000   78   53   81.00000   48.00000  40.7%  23.9 5717s
 384845 278340 infeasible   79        81.00000   48.00000  40.7%  23.9 5836s
 402863 278367   76.00000   42   62   81.00000   48.00000  40.7%  23.8 5881s
 402912 279901   76.00000   43   55   81.00000   48.00000  40.7%  23.8 5905s
 405106 280037 infeasible   65        81.00000   48.00000  40.7%  23.8 5926s
 405298 280685   80.00000   66   45   81.00000   48.00000  40.7%  23.8 5944s
 406241 281346   80.00000   78   25   81.00000   48.00000  40.7%  23.8 5969s
 407344 284334   80.00000   79   28   81.00000   48.00000  40.7%  23.8 6024s
 408040 284334   72.00000   59   43   81.00000   48.00000  40.7%  23.8 6025s
 411963 288486     cutoff   86        81.00000   48.00000  40.7%  23.8 6067s
 417855 288502   66.00000   66   60   81.00000   48.00000  40.7%  23.8 6127s
 417875 290704   66.00000   67   59   81.00000   48.00000  40.7%  23.8 6156s
 421011 290791   79.00000  114   22   81.00000   48.00000  40.7%  23.8 6197s
 421150 292517   77.00000  115   26   81.00000   48.00000  40.7%  23.8 6223s
 423727 292634   73.00000   85   66   81.00000   48.00000  40.7%  23.7 6246s
 423896 295776   73.00000   86   66   81.00000   48.00000  40.7%  23.7 6282s
 428651 295787   54.00000   39   59   81.00000   48.00000  40.7%  23.7 6335s
 428682 297505   62.00000   40   57   81.00000   48.00000  40.7%  23.7 6357s
 431119 300671   77.00000   61   55   81.00000   48.00000  40.7%  23.7 6413s
 435959 305681   79.00000  100   35   81.00000   48.00000  40.7%  23.7 6460s
 443664 305691     cutoff   98        81.00000   48.00000  40.7%  23.6 6499s
 443690 306645     cutoff   99        81.00000   48.00000  40.7%  23.6 6530s
 445032 306789   72.00000   68   53   81.00000   48.00000  40.7%  23.6 6568s
 445232 307384   67.00000   66   58   81.00000   48.00000  40.7%  23.6 6586s
 446041 307401   67.00000   67   61   81.00000   48.00000  40.7%  23.6 6634s
 446060 308971   67.00000   68   61   81.00000   48.00000  40.7%  23.6 6651s
 448281 309471   71.00000   64   67   81.00000   48.00000  40.7%  23.6 6677s
 449008 312132   71.00000   65   65   81.00000   48.00000  40.7%  23.6 6711s
 453215 312154   80.00000   88   52   81.00000   48.00000  40.7%  23.6 6760s
 453253 323990   80.00000   90   38   81.00000   48.00000  40.7%  23.6 6885s
 471271 324001   77.00000   66   47   81.00000   48.00000  40.7%  23.5 6922s
 471296 325526   77.00000   67   40   81.00000   48.00000  40.7%  23.5 6940s
 473593 325953   77.00000   56   61   81.00000   48.00000  40.7%  23.4 6963s
 474130 327542   79.00000   80   46   81.00000   48.00000  40.7%  23.4 6981s
 476372 333126 infeasible   88        81.00000   48.00000  40.7%  23.4 7053s
 484518 333444   73.00000   65   63   81.00000   48.00000  40.7%  23.4 7077s
 484971 333476   73.00000   66   58   81.00000   48.00000  40.7%  23.4 7095s
 485015 335856   73.00000   67   56   81.00000   48.00000  40.7%  23.4 7121s
 488620 335871   65.00000   65   49   81.00000   48.00000  40.7%  23.4 7142s
 488641 338505   65.00000   64   49   81.00000   48.00000  40.7%  23.4 7174s
 492997 338637   80.00000   81   35   81.00000   48.00000  40.7%  23.4 7209s
 493212 340190     cutoff   82        81.00000   48.00000  40.7%  23.4 7232s
 495490 340816   79.00000   72   32   81.00000   48.00000  40.7%  23.3 7254s
 496489 342499 infeasible   73        81.00000   48.00000  40.7%  23.3 7282s
 499234 347199   76.00000   62   75   81.00000   48.00000  40.7%  23.3 7353s
 506611 347376   80.00000   70   39   81.00000   48.00000  40.7%  23.3 7385s
 506947 347662   59.00000   51   40   81.00000   48.00000  40.7%  23.3 7412s
 507407 349471   77.00000   64   27   81.00000   48.00000  40.7%  23.3 7438s
 510022 349497   79.00000   75   46   81.00000   48.00000  40.7%  23.3 7478s
 510106 351438 infeasible   82        81.00000   48.00000  40.7%  23.3 7501s
 513086 351953   80.00000   55   52   81.00000   48.00000  40.7%  23.3 7525s
 513970 353507   78.00000   66   56   81.00000   48.00000  40.7%  23.3 7549s
 516335 355668   78.00000   67   60   81.00000   48.00000  40.7%  23.2 7589s
 519626 357986   63.00000   54   73   81.00000   48.00000  40.7%  23.2 7624s
 522948 362292   63.00000   55   70   81.00000   48.00000  40.7%  23.2 7684s
 528847 362701   61.00000   41   70   81.00000   48.00000  40.7%  23.2 7723s
 529462 364055   61.00000   43   76   81.00000   48.00000  40.7%  23.2 7762s
 531527 366805   61.00000   44   75   81.00000   48.00000  40.7%  23.2 7800s
 536077 367584   80.00000   90   66   81.00000   48.00000  40.7%  23.2 7831s
 537278 371330 infeasible   67        81.00000   48.00000  40.7%  23.2 7874s
 543012 371347   79.00000   75   65   81.00000   48.00000  40.7%  23.2 7915s
 543031 373740   79.00000   76   66   81.00000   48.00000  40.7%  23.2 7945s
 546535 375448 infeasible  101        81.00000   48.00000  40.7%  23.1 7991s
 549060 384318   79.00000   45   48   81.00000   48.00000  40.7%  23.1 8078s
 562264 384329   62.00000   47   53   81.00000   48.00000  40.7%  23.1 8115s
 562289 386317   62.00000   48   53   81.00000   48.00000  40.7%  23.1 8141s
 565334 386330   73.00000   90   40   81.00000   48.00000  40.7%  23.1 8181s
 565356 387609   73.00000   91   40   81.00000   48.00000  40.7%  23.1 8206s
 567405 387622   80.00000   93   48   81.00000   48.00000  40.7%  23.0 8228s
 567428 388696   80.00000   94   46   81.00000   48.00000  40.7%  23.0 8251s
 568932 390513   72.00000   66   69   81.00000   48.00000  40.7%  23.0 8300s
 571915 401206   77.00000   65   71   81.00000   48.00000  40.7%  23.0 8395s
 587580 401218   74.00000   53   50   81.00000   48.00000  40.7%  23.0 8456s
 587604 402602   74.00000   54   49   81.00000   48.00000  40.7%  23.0 8479s
 589766 402686 infeasible   85        81.00000   48.00000  40.7%  23.0 8505s
 589887 403918   79.00000   84   32   81.00000   48.00000  40.7%  23.0 8530s
 591615 405759   71.00000   68   67   81.00000   48.00000  40.7%  22.9 8578s
 594076 410892   64.00000   65   64   81.00000   48.00000  40.7%  23.0 8684s
 601881 410957     cutoff   81        81.00000   48.00000  40.7%  22.9 8721s
 601986 413937   76.00000   83   47   81.00000   48.00000  40.7%  22.9 8759s
 606508 414289   60.00000   80   58   81.00000   48.00000  40.7%  22.9 8784s
 606985 415876   60.00000   81   56   81.00000   48.00000  40.7%  22.9 8811s
 609341 415946   76.00000   86   58   81.00000   48.00000  40.7%  22.9 8850s
 609467 418492   62.00000   64   75   81.00000   48.00000  40.7%  22.9 8886s
 613427 420745 infeasible   64        81.00000   48.00000  40.7%  22.9 8936s
 616937 425520   79.00000   61   48   81.00000   48.00000  40.7%  22.9 8991s
 624222 425914   71.00000   32   60   81.00000   48.00000  40.7%  22.9 9020s
 624904 426528   55.00000   54   73   81.00000   48.00000  40.7%  22.9 9050s
 625781 426556   67.00000   54   55   81.00000   48.00000  40.7%  22.9 9079s
 625827 428619   59.00000   55   67   81.00000   48.00000  40.7%  22.9 9110s
 628884 428845   77.00000   64   50   81.00000   48.00000  40.7%  22.9 9136s
 629292 431568   78.00000   65   55   81.00000   48.00000  40.7%  22.9 9171s
 633379 433032   74.00000  133   35   81.00000   48.00000  40.7%  22.9 9199s
 635781 440767   80.00000  145   11   81.00000   48.00000  40.7%  22.8 9279s
 647438 440830 infeasible   95        81.00000   48.00000  40.7%  22.8 9317s
 647565 442208   80.00000   94   30   81.00000   48.00000  40.7%  22.8 9342s
 649690 442329   72.00000   90   59   81.00000   48.00000  40.7%  22.8 9367s
 649917 444041   72.00000   91   57   81.00000   48.00000  40.7%  22.8 9393s
 652662 444130   72.00000   51   64   81.00000   48.00000  40.7%  22.8 9414s
 652791 446321   72.00000   52   59   81.00000   48.00000  40.7%  22.8 9444s
 656166 446338 infeasible   63        81.00000   48.00000  40.7%  22.8 9482s
 656185 447456   80.00000   63   38   81.00000   48.00000  40.7%  22.8 9506s
 657912 448689   80.00000   72   37   81.00000   48.00000  40.7%  22.8 9551s
 659923 459807 infeasible   73        81.00000   48.00000  40.7%  22.8 9671s
 677230 459819   78.00000   60   61   81.00000   48.00000  40.7%  22.8 9711s
 677254 460870   78.00000   61   61   81.00000   48.00000  40.7%  22.8 9734s
 678806 460884   78.00000   87   71   81.00000   48.00000  40.7%  22.8 9762s
 678828 463182   78.00000   88   72   81.00000   48.00000  40.7%  22.8 9784s
 682332 463195     cutoff   61        81.00000   48.00000  40.7%  22.8 9847s
 682361 475238   78.00000   62   51   81.00000   48.00000  40.7%  22.8 9978s
 697376 475238   80.00000   75   41   81.00000   48.00000  40.7%  22.7 9981s
 700379 475253   75.00000   72   57   81.00000   48.00000  40.7%  22.7 10016s
 700400 477307   75.00000   73   59   81.00000   48.00000  40.7%  22.7 10045s
 703492 477318   76.00000   81   57   81.00000   48.00000  40.7%  22.7 10069s
 703517 479283   76.00000   82   56   81.00000   48.00000  40.7%  22.7 10095s
 706540 479299   48.00000   40   89   81.00000   48.00000  40.7%  22.7 10158s
 706560 491336   48.00000   41   87   81.00000   48.00000  40.7%  22.7 10291s
 724578 491348   76.00000   75   51   81.00000   48.00000  40.7%  22.7 10333s
 724602 492601   76.00000   75   53   81.00000   48.00000  40.7%  22.7 10358s
 726671 492617   63.00000   60   56   81.00000   48.00000  40.7%  22.7 10404s
 726691 494149   63.00000   62   58   81.00000   48.00000  40.7%  22.7 10426s
 729131 496005   78.00000   85   38   81.00000   48.00000  40.7%  22.7 10479s
 731742 506032   72.00000   37   59   81.00000   48.00000  40.7%  22.7 10583s
 746808 506086 infeasible   91        81.00000   48.00000  40.7%  22.6 10619s
 746924 508710 infeasible   90        81.00000   48.00000  40.7%  22.6 10645s
 750933 508725   77.00000   63   67   81.00000   48.00000  40.7%  22.6 10693s
 750956 518180   77.00000   64   65   81.00000   48.00000  40.7%  22.6 10800s

Explored 765904 nodes (17310970 simplex iterations) in 10803.19 seconds (972.33 work units)
Thread count was 18 (of 36 available processors)

Solution count 10: 81 81 82 ... 92

Time limit reached
Best objective 8.099999999180e+01, best bound 4.800000000000e+01, gap 40.7407%
