
Gurobi 11.0.0 (win64) logging started Fri May  3 22:47:19 2024

Set parameter LogFile to value "./Results/StripPacking-CutHeurRuns/Logs/SBL-111-StripPacking-15.log"
Set parameter TimeLimit to value 10800
Set parameter Cuts to value 1
Set parameter Presolve to value 1
Set parameter Heuristics to value 1
Set parameter LPWarmStart to value 2
Gurobi Optimizer version 11.0.0 build v11.0.0rc2 (win64 - Windows 10.0 (19045.2))

CPU model: Intel(R) Core(TM) i9-10980XE CPU @ 3.00GHz, instruction set [SSE2|AVX|AVX2|AVX512]
Thread count: 18 physical cores, 36 logical processors, using up to 18 threads

Optimize a model with 1275 rows, 241 columns and 4230 nonzeros
Model fingerprint: 0x615eaf91
Variable types: 31 continuous, 210 integer (210 binary)
Coefficient statistics:
  Matrix range     [1e+00, 1e+04]
  Objective range  [1e+00, 1e+00]
  Bounds range     [1e+00, 1e+04]
  RHS range        [5e-01, 1e+04]

Warning: Completing partial solution with 210 unfixed non-continuous variables out of 210
User MIP start produced solution with objective 71.5 (0.00s)
Loaded user MIP start with objective 71.5

Presolve removed 210 rows and 0 columns
Presolve time: 0.02s
Presolved: 1065 rows, 241 columns, 3600 nonzeros
Variable types: 31 continuous, 210 integer (210 binary)

Root relaxation: objective 3.300000e+01, 106 iterations, 0.00 seconds (0.00 work units)

    Nodes    |    Current Node    |     Objective Bounds      |     Work
 Expl Unexpl |  Obj  Depth IntInf | Incumbent    BestBd   Gap | It/Node Time

     0     0   33.00000    0   14   71.50000   33.00000  53.8%     -    0s
H    0     0                      68.0000000   33.00000  51.5%     -    0s
H    0     0                      66.0000000   33.00000  50.0%     -    0s
H    0     0                      65.0000000   33.00000  49.2%     -    0s
     0     0   33.00000    0   38   65.00000   33.00000  49.2%     -    0s
H    0     0                      59.0000000   33.00000  44.1%     -    0s
     0     0   33.00000    0   37   59.00000   33.00000  44.1%     -    0s
     0     0   33.00000    0   17   59.00000   33.00000  44.1%     -    0s
     0     0   33.00000    0   27   59.00000   33.00000  44.1%     -    0s
     0     0   33.00000    0   23   59.00000   33.00000  44.1%     -    0s
H    0     0                      58.0000000   33.00000  43.1%     -    0s
     0     0   33.00000    0   24   58.00000   33.00000  43.1%     -    0s
     0     0   33.00000    0   18   58.00000   33.00000  43.1%     -    0s
     0     0   33.00000    0   16   58.00000   33.00000  43.1%     -    0s
H    0     0                      57.0000000   33.00000  42.1%     -    0s
     0     2   33.00000    0   14   57.00000   33.00000  42.1%     -    0s
H  136   161                      56.0000000   33.00000  41.1%  14.4    2s
H  136   161                      55.0000000   33.00000  40.0%  14.4    2s
H  278   358                      54.0000000   33.00000  38.9%  13.4    4s
H  319   358                      53.0000000   33.00000  37.7%  12.9    4s
   399   374   37.00000   23   20   53.00000   33.00000  37.7%  12.3    8s
H  402   374                      52.0000000   33.00000  36.5%  12.2    8s
   419   481   37.00000   23   21   52.00000   33.00000  36.5%  12.4   10s
H  821   732                      52.0000000   33.00000  36.5%  11.3   14s
   955  1086   33.00000    6   25   52.00000   33.00000  36.5%  11.4   15s
  1573  1058   50.00000   25   15   52.00000   33.00000  36.5%  11.2   20s
  1596  1120   50.00000   26   15   52.00000   33.00000  36.5%  11.2   25s
  2346  1371   50.00000   16   23   52.00000   33.00000  36.5%  10.3   33s
  2392  1660   50.00000   18   22   52.00000   33.00000  36.5%  10.5   36s
  2836  1891   50.00000   19   21   52.00000   33.00000  36.5%  10.6   40s
  3386  1993   33.00000   17   35   52.00000   33.00000  36.5%  12.7   46s
  3872  2234   49.00000   34   10   52.00000   33.00000  36.5%  14.0   52s
  3896  2252   49.00000   34   12   52.00000   33.00000  36.5%  14.1   55s
* 4238  2207              46      51.0000000   33.00000  35.3%  14.8   59s
  4245  2199   33.00000   16   43   51.00000   33.00000  35.3%  14.8   64s
  4286  2374   33.00000   17   44   51.00000   33.00000  35.3%  14.8   65s
  4741  2358   42.00000   27   32   51.00000   33.00000  35.3%  15.7   70s
H 4897  2215                      50.0000000   33.00000  34.0%  16.0   70s
  5129  2240   33.29477   22   36   50.00000   33.00000  34.0%  16.3   78s
  5584  2237   47.00000   38   16   50.00000   33.00000  34.0%  17.3   80s
  6120  2124 infeasible   30        50.00000   33.00000  34.0%  17.8   85s
H 6344  2050                      50.0000000   33.00000  34.0%  18.1   88s
  6473  2212   38.00000   23   30   50.00000   33.00000  34.0%  18.2   91s
  6932  2085   48.00000   24   28   50.00000   33.00000  34.0%  18.5   97s
  7007  2192   49.00000   25   24   50.00000   33.00000  34.0%  18.6  100s
  8001  2121   49.00000   27   21   50.00000   33.00000  34.0%  19.1  107s
  8023  2211   49.00000   28   17   50.00000   33.00000  34.0%  19.1  114s
  8237  2650   49.00000   29   16   50.00000   33.00000  34.0%  19.2  117s
  9370  2666   47.00000   23   21   50.00000   33.00000  34.0%  19.9  121s
  9390  2828   47.00000   24   21   50.00000   33.00000  34.0%  20.0  127s
  9819  3324     cutoff   27        50.00000   33.00000  34.0%  20.2  131s
 11105  3337   33.00000   21   34   50.00000   33.00000  34.0%  21.0  136s
 13130  4183   49.00000   29   22   50.00000   33.00000  34.0%  21.6  141s
 13151  4577   49.00000   30   15   50.00000   33.00000  34.0%  21.6  145s
 14298  5212 infeasible   31        50.00000   33.00000  34.0%  22.0  150s
 15872  5730   47.00000   27   18   50.00000   33.00000  34.0%  21.9  156s
 17414  6250   47.00000   26   27   50.00000   33.00000  34.0%  22.2  160s
 19193  6405     cutoff   36        50.00000   33.00000  34.0%  22.7  166s
 19284  6406   49.00000   37   13   50.00000   33.00000  34.0%  22.8  171s
 19319  6476   49.00000   38   12   50.00000   33.00000  34.0%  22.8  177s
 19522  6481   47.00000   31   14   50.00000   33.00000  34.0%  22.9  181s
 22239  7403 infeasible   31        50.00000   33.00000  34.0%  23.4  191s
 22287  9537   49.00000   31   23   50.00000   33.00000  34.0%  23.4  201s
 27903  9546   44.00000   35   21   50.00000   33.00000  34.0%  23.7  205s
 27928 10124   47.00000   36   19   50.00000   33.00000  34.0%  23.7  210s
 29714 10717   49.00000   33   15   50.00000   33.00000  34.0%  23.7  218s
 31519 10730 infeasible   37        50.00000   33.00000  34.0%  23.9  224s
 31545 10749   46.00000   38   21   50.00000   33.00000  34.0%  23.9  227s
 31624 11140     cutoff   39        50.00000   33.00000  34.0%  23.9  234s
 33079 11207   44.00000   31   22   50.00000   33.00000  34.0%  24.0  239s
 33291 11727   46.00000   32   20   50.00000   33.00000  34.0%  24.0  249s
 35013 11826   46.00000   28   25   50.00000   33.00000  34.0%  24.0  259s
 35268 12421 infeasible   29        50.00000   33.00000  34.0%  24.0  267s
 37091 12448   33.78297   29   39   50.00000   33.00000  34.0%  24.1  276s
 37693 13248   46.00000   31   24   50.00000   33.00000  34.0%  24.2  286s
 39906 13494   40.00000   29   35   50.00000   33.00000  34.0%  24.4  295s
 40740 14260   40.00000   30   34   50.00000   33.00000  34.0%  24.4  304s
 43502 14425   46.00000   26   19   50.00000   33.00000  34.0%  24.6  310s
 44099 16591   46.00000   27   19   50.00000   33.00000  34.0%  24.7  338s
 51545 16630   45.00000   31   18   50.00000   33.00000  34.0%  25.1  346s
 51710 16652   42.00000   23   24   50.00000   33.00000  34.0%  25.1  357s
 51820 17289   49.00000   25   21   50.00000   33.00000  34.0%  25.1  368s
 53910 17455   48.00000   33   17   50.00000   33.00000  34.0%  25.2  374s
 54496 18129 infeasible   27        50.00000   33.00000  34.0%  25.2  384s
 57090 18366   42.00000   27   33   50.00000   33.00000  34.0%  25.2  392s
 57743 18740   44.00000   25   30   50.00000   33.00000  34.0%  25.2  405s
 58930 18984   46.00000   29   26   50.00000   33.00000  34.0%  25.2  412s
 59844 19325   46.00000   26   28   50.00000   33.00000  34.0%  25.2  423s
 61132 19336   47.00000   32   12   50.00000   33.00000  34.0%  25.2  438s
 61176 19720   47.00000   35   11   50.00000   33.00000  34.0%  25.2  443s
 62442 20394   47.00000   36   11   50.00000   33.00000  34.0%  25.2  460s
 65199 20580 infeasible   37        50.00000   33.00000  34.0%  25.2  467s
 65842 21894   36.00000   29   39   50.00000   33.00000  34.0%  25.1  488s
 71535 22016   47.00000   39    7   50.00000   33.24187  33.5%  25.2  495s
 71849 22219   47.00000   40    7   50.00000   33.25586  33.5%  25.2  501s
 72485 22244     cutoff   37        50.00000   33.27804  33.4%  25.2  506s
 72575 22431   47.00000   38   19   50.00000   33.29714  33.4%  25.2  512s
 73280 23062     cutoff   32        50.00000   33.37232  33.3%  25.2  524s
 75898 23183 infeasible   37        50.00000   33.58564  32.8%  25.2  528s
 76408 23232   48.00000   38   16   50.00000   33.58564  32.8%  25.2  534s
 76585 23432   48.00000   40   10   50.00000   33.58564  32.8%  25.2  538s
 77409 24328   48.00000   41   10   50.00000   33.66808  32.7%  25.1  553s
 80532 24389   46.00000   29   29   50.00000   33.93850  32.1%  25.1  558s
 80847 25095   46.00000   30   31   50.00000   34.00000  32.0%  25.1  569s
 83870 25333   46.00000   39   12   50.00000   34.09677  31.8%  25.1  573s
 84796 25855     cutoff   27        50.00000   34.09677  31.8%  25.1  584s
 87097 26169   35.00000   28   44   50.00000   34.15352  31.7%  25.1  590s
 88366 27671   35.00000   27   31   50.00000   34.15352  31.7%  25.1  608s
 93874 27686   44.00000   28   28   50.00000   34.54303  30.9%  25.1  616s
 93898 28201   44.00000   29   26   50.00000   34.96515  30.1%  25.1  622s
 95652 28352   49.00000   40   24   50.00000   35.00000  30.0%  25.1  627s
 96194 29022   47.00000   29   17   50.00000   35.00000  30.0%  25.1  632s
 98647 29117   45.00000   29   21   50.00000   35.00000  30.0%  25.1  637s
 99003 29166 infeasible   38        50.00000   35.00000  30.0%  25.0  642s
 99225 29273   49.00000   39   12   50.00000   35.00000  30.0%  25.0  646s
 99737 29723   49.00000   40   12   50.00000   35.00000  30.0%  25.0  653s
 101065 29994 infeasible   32        50.00000   36.00000  28.0%  25.0  659s
 102501 30199   42.00000   26   33   50.00000   36.00000  28.0%  25.0  665s
 103682 30798   48.00000   30   14   50.00000   36.00000  28.0%  25.0  678s
 107138 30805     cutoff   31        50.00000   36.00000  28.0%  25.0  686s
 107173 31503 infeasible   32        50.00000   36.00000  28.0%  25.0  705s
 110986 31757   47.00000   34   21   50.00000   36.00000  28.0%  24.9  710s
 112285 34739   44.00000   34   21   50.00000   36.00000  28.0%  24.9  774s
 126320 34743 infeasible   34        50.00000   37.00000  26.0%  24.8  781s
 126351 35002   46.00000   34   20   50.00000   37.00000  26.0%  24.8  787s
 127768 35013   48.00000   24   28   50.00000   37.00000  26.0%  24.8  793s
 127801 35035   46.00000   26   18   50.00000   38.00000  24.0%  24.8  796s
 127922 35110   46.00000   27   15   50.00000   38.00000  24.0%  24.8  800s
 128677 35526     cutoff   37        50.00000   38.00000  24.0%  24.7  809s
 129673 35537 infeasible   34        50.00000   38.00000  24.0%  24.7  814s
 129725 36063 infeasible   33        50.00000   38.00000  24.0%  24.7  824s
 131856 36071   49.00000   47   17   50.00000   39.00000  22.0%  24.7  828s
 131884 36689   49.00000   48   17   50.00000   39.00000  22.0%  24.7  840s
 134446 36961   45.00000   29   19   50.00000   39.00000  22.0%  24.7  847s
 135533 41361 infeasible   41        50.00000   39.00000  22.0%  24.7  933s
 148546 41361   49.00000   35   23   50.00000   39.00000  22.0%  24.5  935s
 153551 41372   46.00000   32   21   50.00000   39.00000  22.0%  24.4  941s
 153576 41430   46.00000   33   18   50.00000   39.00000  22.0%  24.4  946s
 153833 41469   46.00000   34   17   50.00000   39.00000  22.0%  24.4  952s
 154001 41608   46.00000   35   17   50.00000   39.00000  22.0%  24.4  956s
 154654 41619   49.00000   22   15   50.00000   39.00000  22.0%  24.4  961s
 154687 42102   49.00000   23   15   50.00000   39.00000  22.0%  24.4  970s
 156615 42120   49.00000   24   15   50.00000   39.00000  22.0%  24.4  975s
 156772 45901   49.00000   25   17   50.00000   39.00000  22.0%  24.4 1069s
 158774 45901 infeasible   43        50.00000   39.00000  22.0%  24.4 1070s
 174790 45907 infeasible   29        50.00000   39.00000  22.0%  24.2 1079s
 174819 46155 infeasible   28        50.00000   39.00000  22.0%  24.2 1087s
 176320 46223     cutoff   43        50.00000   39.00000  22.0%  24.2 1096s
 176751 46340   49.00000   38   10   50.00000   39.00000  22.0%  24.2 1102s
 177352 46363   41.00000   37   20   50.00000   41.00000  18.0%  24.2 1109s
 177461 46414   41.00000   38   17   50.00000   41.00000  18.0%  24.2 1114s
 177810 46631 infeasible   39        50.00000   41.00000  18.0%  24.2 1120s
 179057 47012   46.00000   26   31   50.00000   41.00000  18.0%  24.2 1131s
 181539 48475   49.00000   37   14   50.00000   41.00000  18.0%  24.2 1178s
 190526 48505   49.00000   43   22   50.00000   41.00000  18.0%  24.1 1184s
 190662 48529   49.00000   44   23   50.00000   41.00000  18.0%  24.1 1189s
 190882 48781 infeasible   45        50.00000   41.00000  18.0%  24.1 1201s
 192553 48788   42.00000   36   20   50.00000   41.00000  18.0%  24.1 1206s
 192627 49071   42.00000   37   23   50.00000   41.00000  18.0%  24.1 1222s
 195065 49198 infeasible   44        50.00000   41.00000  18.0%  24.1 1231s
 195717 49453   41.00000   34   30   50.00000   41.00000  18.0%  24.1 1238s
 197431 49488 infeasible   39        50.00000   41.00000  18.0%  24.0 1245s
 197836 49767   41.00000   40   19   50.00000   41.00000  18.0%  24.0 1259s
 199933 49988   42.00000   41   23   50.00000   41.00000  18.0%  24.0 1264s
 200953 49996   44.00000   42   21   50.00000   41.00000  18.0%  24.0 1274s
 201005 52901   46.00000   43   17   50.00000   41.00000  18.0%  24.0 1416s
 219023 52918   44.00000   31   21   50.00000   42.00000  16.0%  23.9 1429s
 219212 53008   44.00000   32   18   50.00000   42.00000  16.0%  23.9 1436s
 219907 53179 infeasible   30        50.00000   42.00000  16.0%  23.9 1446s
 221343 53258   48.00000   33   17   50.00000   42.00000  16.0%  23.9 1452s
 221608 53547   49.00000   38    9   50.00000   42.00000  16.0%  23.9 1462s
 223635 54066 infeasible   25        50.00000   42.00000  16.0%  23.9 1478s
 226546 54763   46.00000   29   20   50.00000   42.00000  16.0%  23.9 1507s
 230913 55291   47.00000   39   13   50.00000   42.00000  16.0%  23.9 1524s
 233942 55555   48.00000   45   10   50.00000   42.00000  16.0%  23.9 1544s
 235385 56751   47.00000   26   21   50.00000   42.00000  16.0%  23.9 1585s
 241511 57063   48.00000   35   15   50.00000   42.00000  16.0%  23.8 1606s
 243919 57087   48.00000   36   18   50.00000   42.00000  16.0%  23.8 1612s
 244052 57477   47.00000   24   24   50.00000   42.00000  16.0%  23.8 1626s
 246094 59107   46.00000   32   24   50.00000   42.00000  16.0%  23.8 1687s
 255427 59137   47.00000   27   21   50.00000   42.00000  16.0%  23.8 1695s
 255603 59345   47.00000   28   20   50.00000   42.00000  16.0%  23.8 1704s
 257142 59460   49.00000   42   20   50.00000   42.00000  16.0%  23.8 1711s
 257787 59881   49.00000   32   19   50.00000   42.00000  16.0%  23.8 1722s
 259886 60003     cutoff   33        50.00000   42.00000  16.0%  23.8 1735s
 260500 60336   49.00000   34   20   50.00000   42.00000  16.0%  23.8 1747s
 262549 60501   46.00000   28   20   50.00000   42.00000  16.0%  23.8 1755s
 263484 60926     cutoff   29        50.00000   42.00000  16.0%  23.8 1767s
 265860 61185   44.00000   35   20   50.00000   42.00000  16.0%  23.8 1774s
 266760 61194   47.00000   36   20   50.00000   42.00000  16.0%  23.7 1781s
 266803 62045 infeasible   37        50.00000   42.00000  16.0%  23.7 1810s
 271215 62090 infeasible   35        50.00000   42.00000  16.0%  23.7 1823s
 271852 64621   47.00000   35   15   50.00000   42.00000  16.0%  23.7 1970s
 289870 64629   47.00000   38   11   50.00000   42.00000  16.0%  23.7 1980s
 289898 64722 infeasible   39        50.00000   42.00000  16.0%  23.7 1992s
 290605 64800   42.00000   30   27   50.00000   42.00000  16.0%  23.7 1999s
 290995 64884     cutoff   38        50.00000   42.00000  16.0%  23.7 2007s
 291792 64998   46.00000   28   20   50.00000   42.00000  16.0%  23.7 2014s
 292274 65005   46.00000   29   16   50.00000   42.00000  16.0%  23.7 2022s
 292325 65077   46.00000   30   14   50.00000   42.00000  16.0%  23.7 2027s
 292919 65500   46.00000   31   13   50.00000   42.00000  16.0%  23.6 2061s
 297140 65536   46.00000   34   15   50.00000   43.00000  14.0%  23.6 2090s
 297343 65838 infeasible   34        50.00000   43.00000  14.0%  23.6 2099s
 298577 65908   47.00000   28   18   50.00000   43.00000  14.0%  23.6 2122s
 299191 66101   44.00000   25   11   50.00000   43.00000  14.0%  23.6 2132s
 300737 66460   46.00000   26    6   50.00000   43.00000  14.0%  23.6 2153s
 302893 66654   46.00000   27    8   50.00000   43.00000  14.0%  23.6 2165s
 304347 67065 infeasible   45        50.00000   43.00000  14.0%  23.6 2183s
 306679 67063   44.00000   43   18   50.00000   43.00000  14.0%  23.6 2196s
 306755 67752   44.00000   44   17   50.00000   43.00000  14.0%  23.6 2225s
 310316 67857   46.00000   47   14   50.00000   43.00000  14.0%  23.5 2280s
 310701 68460   46.00000   48   12   50.00000   43.00000  14.0%  23.5 2297s
 312683 69387   43.00000   41   14   50.00000   43.00000  14.0%  23.5 2331s
 317184 69452   44.00000   51   19   50.00000   43.00000  14.0%  23.5 2358s
 317513 72404   44.00000   52   18   50.00000   43.00000  14.0%  23.5 2522s
 335531 72421     cutoff   34        50.00000   44.00000  12.0%  23.4 2556s
 335614 72838   44.00000   30   15   50.00000   44.00000  12.0%  23.4 2577s
 338453 72841 infeasible   36        50.00000   44.00000  12.0%  23.4 2651s
 338484 73378     cutoff   37        50.00000   44.00000  12.0%  23.4 2672s
 341518 73680 infeasible   34        50.00000   44.00000  12.0%  23.3 2721s
 343520 75931   46.00000   42   11   50.00000   44.00000  12.0%  23.3 2834s
 347396 75931   47.00000   20   20   50.00000   44.00000  12.0%  23.3 2835s
 357945 76048     cutoff   24        50.00000   44.00000  12.0%  23.2 2846s
 358662 76225     cutoff   28        50.00000   44.00000  12.0%  23.2 2863s
 359878 76387 infeasible   35        50.00000   44.00000  12.0%  23.2 2878s
 361096 76795 infeasible   38        50.00000   44.00000  12.0%  23.2 2897s
 362930 76906   49.00000   33   13   50.00000   44.00000  12.0%  23.2 2920s
 363679 78350   47.00000   38   12   50.00000   44.00000  12.0%  23.2 2990s
 372625 78370 infeasible   42        50.00000   44.00000  12.0%  23.1 3006s
 372819 78357   47.00000   39   14   50.00000   44.00000  12.0%  23.1 3013s
 372892 78489     cutoff   40        50.00000   44.00000  12.0%  23.1 3020s
 373756 78523   49.00000   35   14   50.00000   44.00000  12.0%  23.1 3031s
 374141 78739   49.00000   36   12   50.00000   44.00000  12.0%  23.1 3046s
 376051 78774   49.00000   37   12   50.00000   44.00000  12.0%  23.1 3073s
 376355 79461     cutoff   44        50.00000   44.00000  12.0%  23.1 3098s
 379330 79502   47.00000   35    7   50.00000   44.00000  12.0%  23.1 3133s
 379757 79936   47.00000   36   13   50.00000   44.00000  12.0%  23.1 3159s
 383068 80064     cutoff   33        50.00000   44.00000  12.0%  23.1 3181s
 384253 80068   48.00000   34   10   50.00000   44.00000  12.0%  23.1 3191s
 384361 80584 infeasible   35        50.00000   44.00000  12.0%  23.1 3220s
 387568 81161 infeasible   35        50.00000   44.00000  12.0%  23.1 3255s
 390894 81849   44.00000   37   19   50.00000   44.00000  12.0%  23.0 3298s
 395610 82094 infeasible   47        50.00000   44.00000  12.0%  23.0 3315s
 397617 82672   48.00000   38   18   50.00000   44.00000  12.0%  23.0 3357s
 401899 82819   46.00000   36   10   50.00000   44.00000  12.0%  23.0 3385s
 403359 83255 infeasible   36        50.00000   44.00000  12.0%  23.0 3419s
 406847 83630   46.00000   37   13   50.00000   44.00000  12.0%  23.0 3447s
 409688 84164   47.00000   35   18   50.00000   44.00000  12.0%  23.0 3501s
 414001 84163 infeasible   34        50.00000   44.00000  12.0%  23.0 3518s
 414053 84438   47.00000   31   28   50.00000   44.00000  12.0%  23.0 3552s
 415811 84935   44.00000   34   15   50.00000   44.00000  12.0%  23.0 3582s
 418842 85075   49.00000   35   13   50.00000   44.00000  12.0%  23.0 3612s
 419666 86274   49.00000   36   14   50.00000   44.00000  12.0%  23.0 3670s
 425427 86434   46.00000   35   31   50.00000   44.00000  12.0%  22.9 3712s
 426738 86455   47.00000   38   23   50.00000   44.00000  12.0%  22.9 3726s
 426942 87067 infeasible   43        50.00000   44.00000  12.0%  22.9 3761s
 431142 87457     cutoff   35        50.00000   44.00000  12.0%  22.9 3792s
 433912 88368   44.00000   34   22   50.00000   44.00000  12.0%  22.9 3872s
 442074 88399     cutoff   40        50.00000   44.00000  12.0%  22.9 3905s
 442251 88664     cutoff   36        50.00000   44.00000  12.0%  22.9 3929s
 444471 88694   49.00000   38   21   50.00000   44.00000  12.0%  22.9 3978s
 444977 89137     cutoff   50        50.00000   44.00000  12.0%  22.9 4009s
 448608 89144   49.00000   39   24   50.00000   44.00000  12.0%  22.9 4055s
 448634 89550   49.00000   40   27   50.00000   44.00000  12.0%  22.9 4085s
 451432 89604   46.00000   30   15   50.00000   44.00000  12.0%  22.9 4132s
 451987 90150   46.00000   31   14   50.00000   44.00000  12.0%  22.9 4168s
 455963 90152   46.00000   40   20   50.00000   44.00000  12.0%  22.9 4229s
 456002 92513   46.00000   41   20   50.00000   44.00000  12.0%  22.9 4437s
 468014 92513 infeasible   41        50.00000   44.00000  12.0%  22.9 4440s
 474020 92518   47.00000   34    6   50.00000   44.00000  12.0%  22.9 4483s
 474049 93096   47.00000   35   14   50.00000   44.00000  12.0%  22.9 4504s
 476122 93109 infeasible   34        50.00000   44.00000  12.0%  22.9 4562s
 476145 93510 infeasible   35        50.00000   44.00000  12.0%  22.9 4587s
 479411 93516   46.00000   43   13   50.00000   44.00000  12.0%  22.9 4691s
 479440 95889   46.00000   44   12   50.00000   44.00000  12.0%  22.9 4873s
 486447 95889 infeasible   46        50.00000   44.00000  12.0%  22.9 4875s
 497458 95899   49.00000   43   16   50.00000   44.00000  12.0%  22.9 4914s
 497499 96022 infeasible   44        50.00000   44.00000  12.0%  22.9 4934s
 498781 96037     cutoff   37        50.00000   44.00000  12.0%  22.9 4967s
 498905 96211     cutoff   38        50.00000   44.00000  12.0%  22.9 4984s
 500333 96213   46.00000   38   16   50.00000   44.00000  12.0%  22.9 5023s
 500478 96691   47.00000   34   15   50.00000   44.00000  12.0%  22.9 5053s
 503531 96696   45.00000   28   26   50.00000   44.00000  12.0%  22.9 5123s
 503562 98984   45.00000   29   24   50.00000   44.00000  12.0%  22.9 5312s
 521580 98987 infeasible   40        50.00000   44.00000  12.0%  22.9 5371s
 521613 99119   46.00000   27    7   50.00000   44.00000  12.0%  22.9 5404s
 522585 99217   47.00000   33   13   50.00000   44.00000  12.0%  22.9 5426s
 523245 99511 infeasible   41        50.00000   44.00000  12.0%  22.9 5455s
 525562 99824   44.00000   39   13   50.00000   44.00000  12.0%  22.9 5505s
 527231 102080 infeasible   37        50.00000   44.00000  12.0%  22.9 5684s
 528924 102080 infeasible   49        50.00000   44.00000  12.0%  22.9 5685s
 543205 102087   46.00000   36   19   50.00000   44.00000  12.0%  23.0 5724s
 543248 102483     cutoff   37        50.00000   44.00000  12.0%  23.0 5753s
 545675 102504     cutoff   28        50.00000   44.00000  12.0%  22.9 5819s
 545833 103024   44.00000   35   12   50.00000   44.00000  12.0%  22.9 5847s
 548273 103027   44.00000   45   14   50.00000   44.00000  12.0%  22.9 5967s
 548306 105026   44.00000   46   12   50.00000   44.00000  12.0%  22.9 6184s
 549307 105026 infeasible   32        50.00000   44.00000  12.0%  22.9 6185s
 566324 105018 infeasible   44        50.00000   44.00000  12.0%  22.9 6249s
 566368 105214 infeasible   45        50.00000   44.00000  12.0%  22.9 6270s
 567971 105285   46.00000   32   13   50.00000   44.00000  12.0%  22.9 6326s
 568509 105511 infeasible   43        50.00000   44.00000  12.0%  22.9 6347s
 569950 105742 infeasible   40        50.00000   44.00000  12.0%  22.9 6406s
 571944 107326   47.00000   28   20   50.00000   44.00000  12.0%  22.9 6573s
 585463 107410   45.00000   35   17   50.00000   44.00000  12.0%  22.9 6629s
 586094 107416   49.00000   34   23   50.00000   44.00000  12.0%  22.9 6653s
 586155 107878   44.00000   27   16   50.00000   44.00000  12.0%  22.9 6692s
 589673 107941   44.00000   28   15   50.00000   44.00000  12.0%  22.9 6742s
 590024 108587   49.00000   29   14   50.00000   44.00000  12.0%  22.9 6787s
 593943 108855   46.00000   36   21   50.00000   44.00000  12.0%  22.9 6840s
 596101 109815 infeasible   37        50.00000   44.00000  12.0%  22.9 6955s
 604343 110026 infeasible   44        50.00000   44.00000  12.0%  22.9 6988s
 606132 110363   47.00000   44   13   50.00000   44.00000  12.0%  22.9 7035s
 608350 110421   47.00000   39    8   50.00000   44.00000  12.0%  22.9 7068s
 608759 111047   47.00000   41   18   50.00000   44.00000  12.0%  22.9 7125s
 612962 111889     cutoff   30        50.00000   44.00000  12.0%  22.9 7198s
 619430 111892 infeasible   31        50.00000   44.00000  12.0%  22.9 7267s
 619491 113897 infeasible   35        50.00000   44.00000  12.0%  22.9 7473s
 628500 113897   44.00000   35   22   50.00000   44.00000  12.0%  22.9 7475s
 637509 113915   47.00000   35   16   50.00000   44.00000  12.0%  22.9 7519s
 637621 114169   47.00000   36   17   50.00000   44.00000  12.0%  22.9 7543s
 639082 114275 infeasible   41        50.00000   44.00000  12.0%  22.9 7605s
 639767 114296   48.00000   37   14   50.00000   44.00000  12.0%  22.9 7633s
 639803 114645 infeasible   38        50.00000   44.00000  12.0%  22.9 7656s
 641087 114850   49.00000   34   15   50.00000   44.00000  12.0%  22.9 7710s
 642668 116685   47.00000   42   11   50.00000   44.00000  12.0%  22.9 7905s
 657173 116853 infeasible   42        50.00000   44.00000  12.0%  22.9 7947s
 658025 117116 infeasible   28        50.00000   44.00000  12.0%  22.9 7988s
 659598 117119 infeasible   37        50.00000   44.00000  12.0%  22.9 8035s
 659634 117497   45.00000   31   20   50.00000   44.00000  12.0%  22.9 8072s
 661920 117679   47.00000   28   11   50.00000   44.00000  12.0%  22.9 8128s
 663079 118496   44.00000   29   16   50.00000   44.00000  12.0%  22.9 8191s
 667419 118744 infeasible   35        50.00000   44.00000  12.0%  22.9 8237s
 669124 119080   46.00000   46   12   50.00000   44.00000  12.0%  22.9 8295s
 671541 119289   46.00000   34   23   50.00000   44.00000  12.0%  22.9 8350s
 673202 120028   44.00000   33   14   50.00000   44.00000  12.0%  22.9 8422s
 678113 120033   47.00000   45   11   50.00000   44.00000  12.0%  22.9 8471s
 678190 120686   44.00000   33   20   50.00000   44.00000  12.0%  22.9 8528s
 683032 121290 infeasible   38        50.00000   44.00000  12.0%  22.9 8597s
 686875 121594 infeasible   38        50.00000   44.00000  12.0%  22.9 8655s
 689051 123309   49.00000   30   16   50.00000   44.00000  12.0%  22.9 8792s
 701319 123304   49.00000   26   15   50.00000   44.00000  12.0%  22.9 8864s
 701391 123709   49.00000   27   14   50.00000   44.00000  12.0%  22.9 8889s
 702942 123839   48.00000   38   20   50.00000   44.00000  12.0%  22.9 8926s
 703661 123918   47.00000   43   24   50.00000   44.00000  12.0%  22.9 8961s
 704053 124224 infeasible   44        50.00000   44.00000  12.0%  22.9 8995s
 706400 124319   47.00000   38    9   50.00000   44.00000  12.0%  22.9 9059s
 707032 124686   44.00000   41   28   50.00000   44.00000  12.0%  22.9 9097s
 709712 125007   48.00000   43   11   50.00000   44.00000  12.0%  22.9 9157s
 711981 125058   48.00000   42   15   50.00000   44.00000  12.0%  22.9 9202s
 712297 126090     cutoff   44        50.00000   44.00000  12.0%  22.9 9328s
 720089 126652   47.00000   45   16   50.00000   44.00000  12.0%  22.9 9377s
 723703 126794     cutoff   43        50.00000   44.00000  12.0%  22.9 9443s
 724334 127392   47.00000   34   11   50.00000   44.00000  12.0%  22.9 9495s
 728366 127560   47.00000   29   22   50.00000   44.00000  12.0%  22.9 9574s
 729241 128146 infeasible   30        50.00000   44.00000  12.0%  22.9 9635s
 734011 128509     cutoff   32        50.00000   44.00000  12.0%  22.9 9706s
 736607 128652   44.00000   40   12   50.00000   44.00000  12.0%  22.9 9803s
 737771 131014   49.00000   41   11   50.00000   44.00000  12.0%  22.9 10011s
 754295 131014     cutoff   35        50.00000   44.00000  12.0%  22.9 10015s
 755286 131016 infeasible   34        50.00000   44.00000  12.0%  22.9 10085s
 755320 131407   47.00000   30   18   50.00000   44.00000  12.0%  22.9 10122s
 758192 131491 infeasible   45        50.00000   44.00000  12.0%  22.9 10191s
 758649 134002   44.00000   26   14   50.00000   44.00000  12.0%  22.9 10438s
 766657 134002 infeasible   32        50.00000   44.00000  12.0%  22.9 10440s
 776667 134010     cutoff   42        50.00000   44.00000  12.0%  22.9 10498s
 776698 134342     cutoff   41        50.00000   44.00000  12.0%  22.9 10532s
 778096 134414   47.00000   31   20   50.00000   44.00000  12.0%  22.9 10577s
 778663 134600   46.00000   31   22   50.00000   44.00000  12.0%  22.9 10618s
 779865 135039   46.00000   32   20   50.00000   44.00000  12.0%  22.9 10667s
 782458 135072   46.00000   32   18   50.00000   44.00000  12.0%  22.9 10706s
 782623 135523   46.00000   34   13   50.00000   44.00000  12.0%  22.9 10795s
 784689 135532   46.00000   34   17   50.00000   44.00000  12.0%  22.9 10800s

Cutting planes:
  Learned: 5903
  Gomory: 12
  Cover: 24
  MIR: 115
  StrongCG: 1
  Flow cover: 391
  RLT: 54

Explored 784715 nodes (18000063 simplex iterations) in 10800.42 seconds (1189.34 work units)
Thread count was 18 (of 36 available processors)

Solution count 10: 50 50 51 ... 57

Time limit reached
Best objective 4.999999999490e+01, best bound 4.400000000000e+01, gap 12.0000%
