
Gurobi 11.0.0 (win64) logging started Sat May  4 22:44:34 2024

Set parameter LogFile to value "./Results/StripPacking-CutHeurRuns/Logs/SBL-011-StripPacking-15.log"
Set parameter TimeLimit to value 10800
Set parameter Cuts to value 0
Set parameter Presolve to value 1
Set parameter Heuristics to value 1
Set parameter LPWarmStart to value 2
Gurobi Optimizer version 11.0.0 build v11.0.0rc2 (win64 - Windows 10.0 (19045.2))

CPU model: Intel(R) Core(TM) i9-10980XE CPU @ 3.00GHz, instruction set [SSE2|AVX|AVX2|AVX512]
Thread count: 18 physical cores, 36 logical processors, using up to 18 threads

Optimize a model with 1275 rows, 241 columns and 4230 nonzeros
Model fingerprint: 0x615eaf91
Variable types: 31 continuous, 210 integer (210 binary)
Coefficient statistics:
  Matrix range     [1e+00, 1e+04]
  Objective range  [1e+00, 1e+00]
  Bounds range     [1e+00, 1e+04]
  RHS range        [5e-01, 1e+04]

Warning: Completing partial solution with 210 unfixed non-continuous variables out of 210
User MIP start produced solution with objective 71.5 (0.00s)
Loaded user MIP start with objective 71.5

Presolve removed 210 rows and 0 columns
Presolve time: 0.00s
Presolved: 1065 rows, 241 columns, 3600 nonzeros
Variable types: 31 continuous, 210 integer (210 binary)

Root relaxation: objective 3.300000e+01, 106 iterations, 0.00 seconds (0.00 work units)

    Nodes    |    Current Node    |     Objective Bounds      |     Work
 Expl Unexpl |  Obj  Depth IntInf | Incumbent    BestBd   Gap | It/Node Time

     0     0   33.00000    0   14   71.50000   33.00000  53.8%     -    0s
H    0     0                      68.0000000   33.00000  51.5%     -    0s
H    0     0                      66.0000000   33.00000  50.0%     -    0s
     0     0   33.00000    0   13   66.00000   33.00000  50.0%     -    0s
H    0     0                      60.0000000   33.00000  45.0%     -    0s
     0     2   33.00000    0   13   60.00000   33.00000  45.0%     -    0s
H   92   104                      59.0000000   33.00000  44.1%  11.3    0s
H  103   140                      57.0000000   33.00000  42.1%  11.2    0s
H  357   580                      55.0000000   33.00000  40.0%  11.0    3s
   589   639   45.00000   36   15   55.00000   33.00000  40.0%  10.7   11s
H 1312  1249                      53.0000000   33.00000  37.7%   9.1   13s
  3454  2287   50.00000   41    7   53.00000   33.00000  37.7%   8.4   17s
H 3461  1940                      52.0000000   33.00000  36.5%   8.4   17s
  3584  2017   38.00000   17   16   52.00000   33.00000  36.5%   8.7   20s
  4048  2289   46.00000   32   12   52.00000   33.00000  36.5%   9.6   27s
  4470  2360   39.00000   34   36   52.00000   33.00000  36.5%  11.0   34s
  4535  2470   51.00000   39   27   52.00000   33.00000  36.5%  11.1   35s
  5110  2433   51.00000   34   15   52.00000   33.00000  36.5%  12.1   40s
  5665  2573   51.00000   32   15   52.00000   33.00000  36.5%  13.0   46s
  6330  2647   47.00000   38   21   52.00000   33.00000  36.5%  13.7   51s
  7260  2696   49.00000   39   12   52.00000   33.00000  36.5%  14.3   59s
  8368  2998   51.00000   45   10   52.00000   33.00000  36.5%  15.3   66s
* 8522  2577              46      51.0000000   33.00000  35.3%  15.4   66s
  9275  2330 infeasible   40        51.00000   33.00000  35.3%  15.7   71s
 10151  2772   46.00000   45   17   51.00000   33.00000  35.3%  15.9   76s
 10706  2908   49.00000   39   10   51.00000   33.00000  35.3%  16.5   90s
 11650  3316   50.00000   42   15   51.00000   33.00000  35.3%  16.9   97s
H11661  3316                      51.0000000   33.00000  35.3%  16.9   97s
 13228  3973   47.00000   32   20   51.00000   33.00000  35.3%  17.4  102s
 14172  4473   44.00000   40   20   51.00000   33.00000  35.3%  17.7  115s
*14287  4489              58      50.0000000   33.00000  34.0%  17.7  116s
 15793  4353   48.00000   42   23   50.00000   33.00000  34.0%  18.0  122s
 15914  4579 infeasible   50        50.00000   33.00000  34.0%  18.0  127s
 16469  4609   33.00000   39   23   50.00000   33.00000  34.0%  18.2  133s
 17182  5004 infeasible   51        50.00000   33.00000  34.0%  18.2  140s
 19021  5589   45.00000   52   18   50.00000   33.00000  34.0%  18.7  146s
 19559  6403   45.00000   53   18   50.00000   33.00000  34.0%  18.7  150s
 21722  8034   47.00000   43   25   50.00000   33.00000  34.0%  19.1  157s
 25964  8324   44.00000   41   21   50.00000   33.00000  34.0%  19.6  163s
 26801  8518   47.00000   38   14   50.00000   33.00000  34.0%  19.8  169s
H27367  8642                      50.0000000   33.00000  34.0%  19.8  180s
 27631  8633 infeasible   45        50.00000   33.00000  34.0%  19.9  188s
 27678  8992   38.00000   27   28   50.00000   33.00000  34.0%  19.9  196s
 28307  9006   42.00000   24   27   50.00000   33.00000  34.0%  19.9  217s
 28329 10003   33.00000   26   36   50.00000   33.00000  34.0%  19.9  220s
 31406 10009   49.00000   39   20   50.00000   33.00000  34.0%  20.2  234s
 31436 10512     cutoff   40        50.00000   33.00000  34.0%  20.2  235s
 33421 10621   49.00000   38   21   50.00000   33.00000  34.0%  20.3  246s
 33729 11624   49.00000   39   20   50.00000   33.00000  34.0%  20.3  251s
 36247 11837   49.00000   40   18   50.00000   33.00000  34.0%  20.4  261s
 36798 13176   46.00000   29   19   50.00000   33.00000  34.0%  20.4  266s
 40326 13367 infeasible   46        50.00000   33.00000  34.0%  20.5  274s
 40926 13418   46.00000   47   19   50.00000   33.00000  34.0%  20.6  286s
 41075 13541 infeasible   51        50.00000   33.00000  34.0%  20.6  297s
 41465 13764   41.00000   30   23   50.00000   33.00000  34.0%  20.6  306s
 42270 13916   46.00000   38   28   50.00000   33.00000  34.0%  20.6  314s
 42888 14558 infeasible   40        50.00000   33.00000  34.0%  20.7  321s
 45119 16026     cutoff   39        50.00000   33.00000  34.0%  20.8  336s
 49255 16330   44.00000   35   29   50.00000   33.00000  34.0%  20.9  348s
 49946 17088   45.00000   35   25   50.00000   33.00000  34.0%  20.9  359s
 52168 18103   47.00000   45   23   50.00000   33.00000  34.0%  21.0  366s
 56176 18192 infeasible   36        50.00000   33.00000  34.0%  21.2  374s
 56423 19155   46.00000   34   21   50.00000   33.00000  34.0%  21.2  382s
 59186 19163   46.00000   35   19   50.00000   33.00000  34.0%  21.3  395s
 63120 20656   49.00000   34   18   50.00000   33.00000  34.0%  21.5  406s
 63379 21890 infeasible   38        50.00000   33.00000  34.0%  21.5  411s
 67772 22530   45.00000   37   21   50.00000   33.00000  34.0%  21.6  426s
 70073 23836 infeasible   56        50.00000   33.00000  34.0%  21.6  434s
 75243 24041   37.00000   28   33   50.00000   33.00000  34.0%  21.8  442s
 75880 25058     cutoff   40        50.00000   33.00000  34.0%  21.9  448s
 79609 25090   46.00000   41   20   50.00000   35.00000  30.0%  21.9  460s
 81817 25454 infeasible   28        50.00000   36.00000  28.0%  22.0  471s
 85789 26522   48.00000   36   11   50.00000   37.00000  26.0%  22.1  497s
 88518 27193   48.00000   32   13   50.00000   38.00000  24.0%  22.1  509s
 88592 28624 infeasible   42        50.00000   38.00000  24.0%  22.1  511s
 93056 29595   47.00000   32   22   50.00000   38.00000  24.0%  22.1  525s
 96699 30952 infeasible   51        50.00000   38.00000  24.0%  22.1  530s
 101591 30964   44.00000   30   13   50.00000   38.00000  24.0%  22.2  539s
 101615 31929   44.00000   31   17   50.00000   38.00000  24.0%  22.2  543s
 104068 31926   46.00000   43   27   50.00000   38.00000  24.0%  22.2  552s
 104106 32737   46.00000   44   26   50.00000   38.00000  24.0%  22.2  556s
 106991 32749   49.00000   37   13   50.00000   38.00000  24.0%  22.3  574s
 107015 33062 infeasible   37        50.00000   38.00000  24.0%  22.3  577s
 108700 33085 infeasible   36        50.00000   38.00000  24.0%  22.3  588s
 108778 33809   49.00000   35   30   50.00000   38.00000  24.0%  22.3  593s
 111398 33844 infeasible   32        50.00000   38.00000  24.0%  22.3  605s
 114454 34780   46.00000   34   33   50.00000   38.00000  24.0%  22.4  618s
 114782 35604 infeasible   35        50.00000   38.00000  24.0%  22.4  622s
 120321 35611   48.00000   29   20   50.00000   39.00000  22.0%  22.5  640s
 122022 36288   47.00000   42    7   50.00000   39.00000  22.0%  22.5  655s
 124334 36782   44.00000   32   29   50.00000   39.00000  22.0%  22.6  666s
 126932 37270   49.00000   36   15   50.00000   40.00000  20.0%  22.6  677s
 129740 37849   48.00000   31   25   50.00000   40.00000  20.0%  22.7  694s
 129766 37990   48.00000   32   23   50.00000   40.00000  20.0%  22.7  702s
 130485 37973 infeasible   44        50.00000   40.00000  20.0%  22.8  715s
 132500 38243   49.00000   36   27   50.00000   40.00000  20.0%  22.8  727s
 132528 38818   49.00000   37   27   50.00000   40.00000  20.0%  22.8  731s
 135690 38816 infeasible   48        50.00000   40.00000  20.0%  22.8  746s
 137368 40446 infeasible   28        50.00000   41.00000  18.0%  22.9  762s
 142938 41853 infeasible   37        50.00000   41.00000  18.0%  22.9  766s
 149069 41907   47.00000   36   31   50.00000   41.00000  18.0%  23.0  775s
 152092 42897   46.00000   39   23   50.00000   41.00000  18.0%  22.9  788s
 152216 43307   46.00000   40   21   50.00000   41.00000  18.0%  22.9  797s
 154369 43323 infeasible   57        50.00000   41.00000  18.0%  22.9  806s
 158387 43900 infeasible   47        50.00000   41.00000  18.0%  22.9  818s
 158581 44770 infeasible   48        50.00000   41.00000  18.0%  23.0  820s
 162726 44890   49.00000   40   18   50.00000   41.00000  18.0%  23.0  838s
 163165 48744   49.00000   43   15   50.00000   41.00000  18.0%  23.0  845s
 181183 48957   44.00000   40   25   50.00000   41.00000  18.0%  23.2  856s
 182012 49311   44.00000   41   20   50.00000   41.00000  18.0%  23.2  863s
 183382 49387   45.00000   30   30   50.00000   41.00000  18.0%  23.2  870s
 183804 49989   45.00000   31   31   50.00000   41.00000  18.0%  23.2  876s
 186351 51090   47.00000   40   26   50.00000   41.00000  18.0%  23.2  888s
 191363 52323   46.00000   30   20   50.00000   41.00000  18.0%  23.3  892s
 197125 52329   46.00000   31   18   50.00000   41.00000  18.0%  23.3  912s
 197155 53000   46.00000   32   18   50.00000   41.00000  18.0%  23.3  915s
 200751 53068 infeasible   39        50.00000   41.00000  18.0%  23.3  926s
 201059 53787   44.00000   39   17   50.00000   41.00000  18.0%  23.3  931s
 204291 53942   49.00000   38   20   50.00000   41.00000  18.0%  23.4  940s
 208613 55724   41.00000   31   22   50.00000   41.00000  18.0%  23.4  955s
 213249 56510   47.00000   44   28   50.00000   41.00000  18.0%  23.5  963s
 216634 56800   49.00000   41   19   50.00000   41.00000  18.0%  23.5  973s
 217939 56841 infeasible   39        50.00000   41.00000  18.0%  23.5  989s
 218199 57611 infeasible   42        50.00000   41.00000  18.0%  23.5  997s
 222247 58074 infeasible   32        50.00000   41.00000  18.0%  23.6 1007s
 224202 59358   45.00000   37   25   50.00000   41.00000  18.0%  23.6 1012s
 230317 60070 infeasible   40        50.00000   41.00000  18.0%  23.6 1025s
 233638 61321 infeasible   39        50.00000   41.00000  18.0%  23.7 1030s
 239492 61333   41.00000   35   29   50.00000   41.00000  18.0%  23.7 1040s
 244798 62300   47.00000   40   22   50.00000   41.00000  18.0%  23.7 1055s
 248115 62940     cutoff   43        50.00000   41.00000  18.0%  23.8 1073s
 248156 63392   45.00000   31   34   50.00000   41.00000  18.0%  23.8 1078s
 250504 63418 infeasible   44        50.00000   41.00000  18.0%  23.8 1088s
 250629 63765   41.00000   38   28   50.00000   41.00000  18.0%  23.8 1094s
 252868 64620   44.00000   37   25   50.00000   41.00000  18.0%  23.9 1103s
 256966 65362     cutoff   40        50.00000   41.00000  18.0%  23.9 1109s
 260007 65369   42.00000   40   25   50.00000   41.00000  18.0%  23.9 1129s
 260036 65676 infeasible   41        50.00000   41.00000  18.0%  23.9 1132s
 262630 65715   46.00000   43   23   50.00000   41.00000  18.0%  23.9 1143s
 262757 66549   44.00000   39   26   50.00000   41.00000  18.0%  23.9 1145s
 267350 66555 infeasible   43        50.00000   41.00000  18.0%  23.9 1160s
 270378 67634   47.00000   41   20   50.00000   41.00000  18.0%  23.9 1175s
 270404 67777   47.00000   42   19   50.00000   41.00000  18.0%  23.9 1185s
 271295 67826 infeasible   49        50.00000   41.00000  18.0%  23.9 1197s
 271855 68061   48.00000   29   13   50.00000   41.00000  18.0%  23.9 1202s
 274260 68112   41.00000   34   31   50.00000   41.00000  18.0%  23.9 1208s
 274525 68981   41.00000   35   30   50.00000   41.00000  18.0%  23.9 1215s
 279439 69041 infeasible   47        50.00000   41.00000  18.0%  23.9 1224s
 279662 69191 infeasible   47        50.00000   41.00000  18.0%  23.9 1233s
 280344 69239     cutoff   41        50.00000   41.00000  18.0%  23.9 1240s
 280786 69546   42.00000   34   26   50.00000   41.00000  18.0%  23.9 1246s
 282974 69611   44.00000   34   17   50.00000   41.00000  18.0%  23.9 1261s
 283258 69866   44.00000   34   22   50.00000   41.00000  18.0%  23.9 1272s
 284080 69922   41.00000   37   33   50.00000   41.00000  18.0%  24.0 1282s
 284638 70418 infeasible   41        50.00000   41.00000  18.0%  24.0 1288s
 287844 70486   41.00000   30   21   50.00000   41.00000  18.0%  24.0 1299s
 288148 71300 infeasible   31        50.00000   41.00000  18.0%  24.0 1305s
 292370 71343 infeasible   35        50.00000   41.00000  18.0%  24.0 1318s
 292632 71988   47.00000   36   23   50.00000   41.00000  18.0%  24.0 1324s
 294664 72000   46.00000   29   13   50.00000   41.00000  18.0%  23.9 1340s
 294692 72166   46.00000   31   13   50.00000   41.00000  18.0%  23.9 1345s
 296952 72448 infeasible   53        50.00000   41.00000  18.0%  24.0 1356s
 299341 73445     cutoff   34        50.00000   41.00000  18.0%  24.0 1363s
 304756 73454 infeasible   29        50.00000   41.00000  18.0%  24.0 1372s
 304880 73807   41.00000   31   25   50.00000   41.00000  18.0%  24.0 1376s
 307378 73809   44.00000   39   21   50.00000   41.00000  18.0%  24.0 1395s
 308736 74115   49.00000   44   23   50.00000   41.00000  18.0%  24.0 1405s
 310147 74663 infeasible   45        50.00000   42.00000  16.0%  24.0 1413s
 313244 74784 infeasible   41        50.00000   42.00000  16.0%  24.0 1420s
 315005 75313   46.00000   32   22   50.00000   42.00000  16.0%  24.0 1430s
 317882 75633   46.00000   47   30   50.00000   42.00000  16.0%  24.0 1437s
 319777 76942   46.00000   40   18   50.00000   42.00000  16.0%  24.0 1444s
 328005 76953   47.00000   37   10   50.00000   42.00000  16.0%  24.0 1453s
 328030 77105   47.00000   38    9   50.00000   42.00000  16.0%  24.0 1460s
 328770 77249   47.00000   29   18   50.00000   42.00000  16.0%  24.0 1469s
 329615 77877   47.00000   38   22   50.00000   42.00000  16.0%  24.0 1474s
 332209 77876     cutoff   44        50.00000   42.00000  16.0%  24.0 1491s
 332245 77943   42.00000   44   13   50.00000   42.00000  16.0%  24.0 1497s
 334196 78017 infeasible   49        50.00000   42.00000  16.0%  24.0 1503s
 335074 78515   47.00000   49   18   50.00000   42.00000  16.0%  24.0 1509s
 338089 78619   49.00000   42   16   50.00000   42.00000  16.0%  24.0 1523s
 338633 79069 infeasible   43        50.00000   42.00000  16.0%  24.0 1529s
 341214 79208 infeasible   34        50.00000   42.00000  16.0%  24.0 1539s
 342219 79278     cutoff   39        50.00000   42.00000  16.0%  24.0 1566s
 342588 81556   49.00000   42   10   50.00000   42.00000  16.0%  24.0 1576s
 360606 82319   47.00000   32   18   50.00000   42.00000  16.0%  24.0 1583s
 364692 83189   47.00000   37   18   50.00000   42.00000  16.0%  24.0 1598s
 369271 84104 infeasible   49        50.00000   42.00000  16.0%  24.0 1604s
 374565 84182   48.00000   37    9   50.00000   42.00000  16.0%  24.0 1616s
 374918 85051   49.00000   38    8   50.00000   42.00000  16.0%  24.0 1621s
 379250 85107 infeasible   34        50.00000   42.00000  16.0%  23.9 1632s
 379699 85809 infeasible   44        50.00000   42.00000  16.0%  24.0 1637s
 383563 85824   47.00000   43   19   50.00000   42.00000  16.0%  23.9 1647s
 387693 86826   49.00000   41   13   50.00000   42.00000  16.0%  23.9 1662s
 389792 88295 infeasible   42        50.00000   42.00000  16.0%  23.9 1671s
 398577 88299   43.00000   33   23   50.00000   42.00000  16.0%  23.9 1693s
 398615 88922   45.00000   34   18   50.00000   42.00000  16.0%  23.9 1696s
 400424 88944   46.00000   50   16   50.00000   42.00000  16.0%  23.9 1709s
 400464 89321   49.00000   50   10   50.00000   42.00000  16.0%  23.9 1712s
 403775 89328   46.00000   47   25   50.00000   42.00000  16.0%  23.9 1724s
 403914 89493 infeasible   48        50.00000   42.00000  16.0%  23.9 1727s
 406081 89506   47.00000   56   11   50.00000   42.00000  16.0%  23.9 1749s
 406104 89735 infeasible   57        50.00000   42.00000  16.0%  23.9 1753s
 408198 89763   44.00000   33   18   50.00000   42.00000  16.0%  23.9 1763s
 408555 90041 infeasible   38        50.00000   42.00000  16.0%  23.9 1768s
 410628 90620   46.00000   50   23   50.00000   43.00000  14.0%  23.9 1782s
 415343 91408   44.00000   31   33   50.00000   43.00000  14.0%  23.9 1785s
 421702 91403   49.00000   38   21   50.00000   43.00000  14.0%  23.9 1799s
 421742 91447 infeasible   39        50.00000   43.00000  14.0%  23.9 1811s
 421995 91516   46.00000   39   20   50.00000   43.00000  14.0%  23.9 1821s
 422795 91930   46.00000   40   23   50.00000   43.00000  14.0%  23.9 1826s
 425379 92010 infeasible   44        50.00000   43.00000  14.0%  23.9 1832s
 425887 92572   47.00000   33   29   50.00000   43.00000  14.0%  23.9 1837s
 430264 92581 infeasible   36        50.00000   43.00000  14.0%  23.9 1850s
 430291 93033   43.00000   30   26   50.00000   43.00000  14.0%  23.9 1856s
 432528 93474   49.00000   46   11   50.00000   43.00000  14.0%  23.9 1865s
 436446 93589   45.00000   35   34   50.00000   43.00000  14.0%  23.9 1883s
 437025 94030     cutoff   41        50.00000   43.00000  14.0%  23.9 1892s
 439707 94768 infeasible   54        50.00000   43.00000  14.0%  23.9 1898s
 445716 94818   49.00000   35   28   50.00000   43.00000  14.0%  23.9 1909s
 446090 94981 infeasible   39        50.00000   43.00000  14.0%  23.9 1924s
 446978 95269   46.00000   41   15   50.00000   43.00000  14.0%  23.9 1932s
 448604 95939 infeasible   60        50.00000   43.00000  14.0%  23.9 1937s
 453819 95962   43.00000   31   19   50.00000   43.00000  14.0%  23.9 1951s
 454020 96954   43.00000   32   21   50.00000   43.00000  14.0%  23.9 1955s
 459653 97084     cutoff   36        50.00000   43.00000  14.0%  23.9 1970s
 460989 99478   44.00000   35   21   50.00000   43.00000  14.0%  24.0 1981s
 478782 99483   45.00000   37   23   50.00000   43.00000  14.0%  24.0 1996s
 478867 99548   45.00000   38   21   50.00000   43.00000  14.0%  24.0 2003s
 479159 99601   44.00000   50   13   50.00000   43.00000  14.0%  24.0 2013s
 479550 99862   44.00000   51   15   50.00000   43.00000  14.0%  24.0 2018s
 481389 100094 infeasible   41        50.00000   43.00000  14.0%  24.0 2029s
 483230 101161   43.00000   36   28   50.00000   43.00000  14.0%  24.0 2035s
 490663 101163 infeasible   44        50.00000   43.00000  14.0%  24.0 2055s
 492709 101476   43.00000   44   28   50.00000   43.00000  14.0%  24.1 2067s
 492958 101649   43.00000   45   28   50.00000   43.00000  14.0%  24.1 2070s
 494423 101652 infeasible   31        50.00000   43.00000  14.0%  24.1 2079s
 494456 101828   44.00000   31   15   50.00000   43.00000  14.0%  24.1 2083s
 496573 101921   44.00000   36   22   50.00000   43.00000  14.0%  24.1 2092s
 497192 102302   44.00000   32   22   50.00000   43.00000  14.0%  24.1 2097s
 498974 102278 infeasible   45        50.00000   43.00000  14.0%  24.1 2106s
 499040 102271     cutoff   40        50.00000   43.00000  14.0%  24.1 2110s
 500455 102284   45.00000   36   29   50.00000   44.00000  12.0%  24.1 2129s
 500482 102370 infeasible   37        50.00000   44.00000  12.0%  24.1 2136s
 503000 102625   44.00000   29   13   50.00000   44.00000  12.0%  24.0 2145s
 505362 103218 infeasible   42        50.00000   44.00000  12.0%  24.0 2156s
 511607 103375     cutoff   40        50.00000   44.00000  12.0%  24.0 2166s
 512881 103686   44.00000   41   24   50.00000   44.00000  12.0%  24.0 2171s
 515972 103777   47.00000   32   19   50.00000   44.00000  12.0%  24.0 2180s
 516585 104332   44.00000   51   20   50.00000   44.00000  12.0%  24.0 2186s
 521319 104329   46.00000   31   19   50.00000   44.00000  12.0%  24.0 2209s
 521360 104634   46.00000   32   24   50.00000   44.00000  12.0%  24.0 2213s
 522827 104691 infeasible   55        50.00000   44.00000  12.0%  24.0 2224s
 523375 105182   48.00000   38   15   50.00000   44.00000  12.0%  24.0 2229s
 527429 105474   46.00000   48   13   50.00000   44.00000  12.0%  24.0 2242s
 530830 105490   44.00000   36   27   50.00000   44.00000  12.0%  24.0 2250s
 535650 105593 infeasible   49        50.00000   44.00000  12.0%  24.0 2259s
 536647 105728 infeasible   50        50.00000   44.00000  12.0%  24.0 2273s
 538043 106034   48.00000   51   10   50.00000   44.00000  12.0%  24.0 2284s
 540875 106284   47.00000   42   15   50.00000   44.00000  12.0%  24.0 2292s
 544130 106634     cutoff   43        50.00000   44.00000  12.0%  24.0 2302s
 547371 106660 infeasible   44        50.00000   44.00000  12.0%  24.0 2322s
 547481 107222 infeasible   45        50.00000   44.00000  12.0%  24.0 2329s
 549415 107606   46.00000   57   18   50.00000   44.00000  12.0%  23.9 2343s
 553534 108058   46.00000   57   16   50.00000   44.00000  12.0%  23.9 2350s
 557823 108204   46.00000   58   18   50.00000   44.00000  12.0%  23.9 2359s
 559569 108281   46.00000   59   15   50.00000   44.00000  12.0%  23.9 2373s
 560311 108856   49.00000   41   12   50.00000   44.00000  12.0%  23.9 2383s
 565740 109027   47.00000   39   16   50.00000   44.00000  12.0%  23.9 2391s
 567518 109131   44.00000   38   28   50.00000   44.00000  12.0%  23.9 2399s
 569766 109525 infeasible   45        50.00000   44.00000  12.0%  23.9 2409s
 572634 110794 infeasible   46        50.00000   44.00000  12.0%  23.9 2417s
 582320 110791   46.00000   44   15   50.00000   44.00000  12.0%  23.9 2426s
 582358 110827 infeasible   45        50.00000   44.00000  12.0%  23.9 2433s
 582706 110835 infeasible   45        50.00000   44.00000  12.0%  23.9 2444s
 582897 110811 infeasible   39        50.00000   44.00000  12.0%  23.9 2447s
 583923 110846 infeasible   43        50.00000   44.00000  12.0%  23.9 2456s
 584304 111077   44.00000   47   27   50.00000   44.00000  12.0%  23.9 2461s
 585630 111075 infeasible   39        50.00000   44.00000  12.0%  23.9 2472s
 585682 111060     cutoff   36        50.00000   44.00000  12.0%  23.9 2476s
 588334 111071   44.00000   28   24   50.00000   44.00000  12.0%  23.9 2491s
 591344 111770   45.00000   51   15   50.00000   44.00000  12.0%  23.9 2504s
 591400 112178 infeasible   52        50.00000   44.00000  12.0%  23.9 2508s
 595607 112294   49.00000   41   18   50.00000   44.00000  12.0%  23.9 2525s
 614571 114701 infeasible   32        50.00000   44.00000  12.0%  23.9 2540s
 614807 114759   47.00000   36   22   50.00000   44.00000  12.0%  23.9 2551s
 615139 114781   46.00000   42   17   50.00000   44.00000  12.0%  23.9 2564s
 615366 115010   46.00000   43   17   50.00000   44.00000  12.0%  23.9 2569s
 617127 115093   44.00000   39   14   50.00000   44.00000  12.0%  23.9 2580s
 617569 116459   44.00000   40   20   50.00000   44.00000  12.0%  23.9 2587s
 627934 116451   44.00000   40   19   50.00000   44.00000  12.0%  23.8 2597s
 628026 116550   44.00000   40   20   50.00000   44.00000  12.0%  23.8 2603s
 628334 116577   47.00000   43   22   50.00000   44.00000  12.0%  23.8 2613s
 628509 116906 infeasible   45        50.00000   44.00000  12.0%  23.8 2618s
 630637 116996   48.00000   45   10   50.00000   44.00000  12.0%  23.8 2627s
 631177 117366   48.00000   52   14   50.00000   44.00000  12.0%  23.8 2633s
 633530 117366 infeasible   42        50.00000   44.00000  12.0%  23.8 2648s
 633568 117430 infeasible   42        50.00000   44.00000  12.0%  23.8 2655s
 634532 117456   46.00000   34   25   50.00000   44.00000  12.0%  23.8 2663s
 634961 117614   46.00000   35   24   50.00000   44.00000  12.0%  23.8 2670s
 636206 117765   48.00000   31   10   50.00000   44.00000  12.0%  23.8 2677s
 637667 118011   48.00000   32   10   50.00000   44.00000  12.0%  23.8 2684s
 640207 118961 infeasible   33        50.00000   44.00000  12.0%  23.8 2695s
 646836 119209   48.00000   34   11   50.00000   44.00000  12.0%  23.8 2703s
 648148 119398 infeasible   35        50.00000   44.00000  12.0%  23.8 2714s
 649399 119595 infeasible   36        50.00000   44.00000  12.0%  23.8 2721s
 651717 119601   47.00000   41   15   50.00000   44.00000  12.0%  23.8 2740s
 654078 120488 infeasible   37        50.00000   44.00000  12.0%  23.8 2745s
 656351 120605   47.00000   37   19   50.00000   44.00000  12.0%  23.8 2755s
 656892 121316   48.00000   41   16   50.00000   44.00000  12.0%  23.8 2763s
 661199 121443 infeasible   45        50.00000   44.00000  12.0%  23.8 2772s
 662307 121695     cutoff   37        50.00000   44.00000  12.0%  23.8 2779s
 666729 121705   44.00000   50   27   50.00000   44.00000  12.0%  23.8 2798s
 666767 122285   44.00000   51   23   50.00000   44.00000  12.0%  23.8 2802s
 670848 122309   48.00000   38   19   50.00000   44.00000  12.0%  23.8 2814s
 671263 122913 infeasible   39        50.00000   44.00000  12.0%  23.8 2819s
 675802 122966   44.00000   32   32   50.00000   44.00000  12.0%  23.8 2828s
H675813 122966                      49.9999990   44.00000  12.0%  23.8 2828s
 676137 123221   44.00000   33   26   50.00000   44.00000  12.0%  23.8 2835s
 678256 123463   49.00000   40   28   50.00000   44.00000  12.0%  23.8 2844s
 679773 123704   49.00000   41   27   50.00000   44.00000  12.0%  23.8 2852s
 682148 124038   46.00000   39   12   50.00000   44.00000  12.0%  23.8 2861s
 684480 125005     cutoff   42        50.00000   44.00000  12.0%  23.8 2868s
 691547 125083   48.00000   45   18   50.00000   44.00000  12.0%  23.8 2879s
 692064 125261   48.00000   46   18   50.00000   44.00000  12.0%  23.8 2889s
 692459 125273   44.00000   31   14   50.00000   44.00000  12.0%  23.8 2902s
 692576 125729   44.00000   32   14   50.00000   44.00000  12.0%  23.8 2907s
 695995 125737 infeasible   36        50.00000   44.00000  12.0%  23.8 2925s
 698284 126156 infeasible   62        50.00000   44.00000  12.0%  23.8 2939s
 698524 126549 infeasible   52        50.00000   44.00000  12.0%  23.8 2943s
 701670 126647   45.00000   36   35   50.00000   44.00000  12.0%  23.8 2954s
 702297 127153   45.00000   38   31   50.00000   44.00000  12.0%  23.8 2958s
 706500 127161   46.00000   44   20   50.00000   44.00000  12.0%  23.8 2981s
 706532 128637     cutoff   45        50.00000   44.00000  12.0%  23.8 2986s
 724550 128645   46.00000   43   20   50.00000   44.00000  12.0%  23.9 3002s
 724766 128916   47.00000   44   21   50.00000   44.00000  12.0%  23.9 3005s
 726871 128918   44.00000   27   23   50.00000   44.00000  12.0%  23.9 3026s
 726903 129276   44.00000   28   23   50.00000   44.00000  12.0%  23.9 3030s
 729533 129460 infeasible   35        50.00000   44.00000  12.0%  23.9 3044s
 730586 131783 infeasible   39        50.00000   44.00000  12.0%  23.9 3050s
 748604 131788   44.00000   30   28   50.00000   44.00000  12.0%  23.9 3067s
 748635 132169   44.00000   31   38   50.00000   44.00000  12.0%  23.9 3071s
 751193 132172   49.00000   35    9   50.00000   44.00000  12.0%  23.9 3096s
 751233 134707   49.00000   36   10   50.00000   44.00000  12.0%  23.9 3103s
 769251 134715 infeasible   37        50.00000   44.00000  12.0%  23.9 3121s
 771708 135029 infeasible   45        50.00000   44.00000  12.0%  23.9 3133s
 772110 135178 infeasible   46        50.00000   44.00000  12.0%  23.9 3141s
 773409 135964   44.00000   38   21   50.00000   44.00000  12.0%  23.9 3150s
 779288 136066     cutoff   38        50.00000   44.00000  12.0%  23.9 3162s
 779713 136129   47.00000   39   16   50.00000   44.00000  12.0%  23.9 3175s
 780058 136171   46.00000   38   35   50.00000   44.00000  12.0%  23.9 3187s
 780520 136875   47.00000   41   20   50.00000   44.00000  12.0%  23.9 3194s
 785716 136881   45.00000   61   22   50.00000   44.00000  12.0%  23.9 3205s
 786001 137197 infeasible   60        50.00000   44.00000  12.0%  23.9 3211s
 789081 137297   44.00000   34   21   50.00000   44.00000  12.0%  23.9 3224s
 789597 137828     cutoff   32        50.00000   44.00000  12.0%  23.9 3230s
 793871 137839   48.00000   43   17   50.00000   44.00000  12.0%  23.9 3253s
 793896 138510   46.00000   44   23   50.00000   44.00000  12.0%  23.9 3258s
 798785 138706 infeasible   37        50.00000   44.00000  12.0%  23.9 3272s
 800491 140464 infeasible   45        50.00000   44.00000  12.0%  23.9 3280s
 815369 140489     cutoff   46        50.00000   44.00000  12.0%  23.8 3294s
 815514 140546   44.00000   40   16   50.00000   44.00000  12.0%  23.8 3303s
 816023 140582 infeasible   40        50.00000   44.00000  12.0%  23.8 3313s
 816410 140931     cutoff   45        50.00000   44.00000  12.0%  23.8 3320s
 818729 140993   44.00000   45   27   50.00000   44.00000  12.0%  23.8 3330s
 819190 141579   47.00000   49   16   50.00000   44.00000  12.0%  23.8 3336s
 822620 142503   49.00000   31   18   50.00000   44.00000  12.0%  23.8 3345s
 828464 142699 infeasible   50        50.00000   44.00000  12.0%  23.8 3352s
 830630 142713   49.00000   39   18   50.00000   44.00000  12.0%  23.8 3368s
 830654 143099 infeasible   40        50.00000   44.00000  12.0%  23.8 3373s
 833313 143232   44.00000   44   24   50.00000   44.00000  12.0%  23.8 3384s
 834413 143738   47.00000   45   22   50.00000   44.00000  12.0%  23.8 3390s
 838215 143781   49.00000   40   20   50.00000   44.00000  12.0%  23.8 3402s
 838722 144563 infeasible   41        50.00000   44.00000  12.0%  23.8 3409s
 843378 144578   44.00000   47   28   50.00000   44.00000  12.0%  23.8 3429s
 843603 145148   44.00000   36   27   50.00000   44.00000  12.0%  23.8 3433s
 847145 145704   44.00000   49   22   50.00000   44.00000  12.0%  23.8 3446s
 850568 146423   44.00000   37   22   50.00000   44.00000  12.0%  23.8 3452s
 856730 146505   44.00000   34   31   50.00000   44.00000  12.0%  23.8 3463s
 857280 147292 infeasible   43        50.00000   44.00000  12.0%  23.8 3467s
 860705 147278   47.00000   45   13   50.00000   44.00000  12.0%  23.8 3486s
 860755 147565 infeasible   46        50.00000   44.00000  12.0%  23.8 3492s
 863720 147578   47.00000   34   23   50.00000   44.00000  12.0%  23.8 3502s
 863801 148077   47.00000   35   23   50.00000   44.00000  12.0%  23.8 3509s
 867339 148150 infeasible   40        50.00000   44.00000  12.0%  23.8 3520s
 868195 148395   47.00000   39   27   50.00000   44.00000  12.0%  23.8 3529s
 870622 148725 infeasible   44        50.00000   44.00000  12.0%  23.8 3542s
 873063 149618   46.00000   42   26   50.00000   44.00000  12.0%  23.8 3550s
 880335 149623 infeasible   30        50.00000   44.00000  12.0%  23.8 3571s
 880366 150511   49.00000   36   33   50.00000   44.00000  12.0%  23.8 3577s
 883467 150535   44.00000   52   21   50.00000   44.00000  12.0%  23.8 3592s
 883557 150839   44.00000   53   22   50.00000   44.00000  12.0%  23.8 3599s
 887048 151015     cutoff   39        50.00000   44.00000  12.0%  23.8 3607s
 888578 151059     cutoff   52        50.00000   44.00000  12.0%  23.8 3615s
 890902 151080   47.00000   33   19   50.00000   44.00000  12.0%  23.8 3634s
 891043 151100 infeasible   34        50.00000   44.00000  12.0%  23.8 3637s
 894043 151572   46.00000   33   29   50.00000   44.00000  12.0%  23.8 3648s
 897613 152070   48.00000   57   14   50.00000   44.00000  12.0%  23.8 3656s
 902126 152119   44.00000   39   32   50.00000   44.00000  12.0%  23.8 3668s
 902799 152645   46.00000   33   24   50.00000   44.00000  12.0%  23.8 3673s
 907562 152722   49.00000   42    8   50.00000   44.00000  12.0%  23.8 3684s
 908594 152853 infeasible   50        50.00000   44.00000  12.0%  23.8 3695s
 909893 152958     cutoff   37        50.00000   44.00000  12.0%  23.8 3703s
 911411 153531     cutoff   43        50.00000   44.00000  12.0%  23.7 3711s
 916460 153776 infeasible   56        50.00000   44.00000  12.0%  23.7 3724s
 918818 154455   48.00000   41   15   50.00000   44.00000  12.0%  23.7 3732s
 926660 154461   46.00000   35   23   50.00000   44.00000  12.0%  23.8 3752s
 926696 154800   46.00000   37   20   50.00000   44.00000  12.0%  23.8 3757s
 930105 154815   49.00000   43   19   50.00000   44.00000  12.0%  23.7 3768s
 930317 154895 infeasible   44        50.00000   44.00000  12.0%  23.7 3771s
 932431 154951   48.00000   38   10   50.00000   44.00000  12.0%  23.7 3782s
 932883 155476 infeasible   39        50.00000   44.00000  12.0%  23.7 3787s
 937251 155536   46.00000   49   17   50.00000   44.00000  12.0%  23.7 3800s
 941750 156591   44.00000   35   18   50.00000   44.00000  12.0%  23.7 3825s
 942859 156776   48.00000   36   21   50.00000   44.00000  12.0%  23.7 3833s
 960104 156804   49.00000   45   11   50.00000   44.00000  12.0%  23.7 3843s
 960532 156934   49.00000   46   10   50.00000   44.00000  12.0%  23.7 3849s
 962236 156943   46.00000   37   24   50.00000   44.00000  12.0%  23.7 3869s
 962265 157079   46.00000   38   24   50.00000   44.00000  12.0%  23.7 3876s
 964637 157332   44.00000   38   25   50.00000   44.00000  12.0%  23.7 3888s
 967638 158032   44.00000   44   15   50.00000   44.00000  12.0%  23.7 3895s
 974997 158089 infeasible   57        50.00000   44.00000  12.0%  23.7 3906s
 975401 158470   46.00000   55   22   50.00000   44.00000  12.0%  23.7 3911s
 978047 158528   48.00000   37   13   50.00000   44.00000  12.0%  23.7 3921s
 978391 158708   48.00000   38   11   50.00000   44.00000  12.0%  23.7 3931s
 980150 158711   48.00000   39    6   50.00000   44.00000  12.0%  23.7 3947s
 980233 158963 infeasible   40        50.00000   44.00000  12.0%  23.7 3956s
 982790 159084     cutoff   40        50.00000   44.00000  12.0%  23.7 3969s
 983714 159452   44.00000   30   20   50.00000   44.00000  12.0%  23.7 3979s
 986646 159824   47.00000   52   19   50.00000   44.00000  12.0%  23.6 3989s
 989817 159995     cutoff   46        50.00000   44.00000  12.0%  23.7 4009s
 990296 160484   46.00000   38   13   50.00000   44.00000  12.0%  23.7 4024s
 993937 161416   44.00000   35   26   50.00000   44.00000  12.0%  23.6 4031s
 1001303 161434   47.00000   46   18   50.00000   44.00000  12.0%  23.6 4052s
 1001351 162332   47.00000   47   23   50.00000   44.00000  12.0%  23.6 4057s
 1004547 162346   46.00000   52   17   50.00000   44.00000  12.0%  23.6 4068s
 1004857 162667   46.00000   51   22   50.00000   44.00000  12.0%  23.6 4074s
 1008589 163029   44.00000   37   24   50.00000   44.00000  12.0%  23.6 4086s
 1012451 163391   49.00000   37   25   50.00000   44.00000  12.0%  23.6 4093s
 1016500 163420 infeasible   32        50.00000   44.00000  12.0%  23.6 4102s
 1017178 163488 infeasible   30        50.00000   44.00000  12.0%  23.6 4118s
 1018106 163642 infeasible   48        50.00000   44.00000  12.0%  23.6 4131s
 1019591 164251 infeasible   49        50.00000   44.00000  12.0%  23.6 4136s
 1026430 164358   46.00000   43   19   50.00000   44.00000  12.0%  23.6 4148s
 1027449 164556   46.00000   44   14   50.00000   44.00000  12.0%  23.6 4161s
 1029013 164635   47.00000   36   16   50.00000   44.00000  12.0%  23.6 4172s
 1029808 165003   47.00000   37   18   50.00000   44.00000  12.0%  23.6 4186s
 1032799 165364   44.00000   40   25   50.00000   44.00000  12.0%  23.6 4199s
 1035891 165791 infeasible   36        50.00000   44.00000  12.0%  23.6 4212s
 1039001 166041   49.00000   45   10   50.00000   44.00000  12.0%  23.6 4223s
 1041550 166872   44.00000   44   29   50.00000   44.00000  12.0%  23.6 4234s
 1047743 167005   49.00000   42   30   50.00000   44.00000  12.0%  23.6 4242s
 1048751 167226   49.00000   45   18   50.00000   44.00000  12.0%  23.6 4259s
 1050330 167554     cutoff   42        50.00000   44.00000  12.0%  23.6 4270s
 1052654 168195 infeasible   41        50.00000   44.00000  12.0%  23.6 4275s
 1058320 168693   49.00000   48    7   50.00000   44.00000  12.0%  23.6 4288s
 1061931 169864   46.00000   41   18   50.00000   44.00000  12.0%  23.6 4295s
 1068238 169858   48.00000   42   19   50.00000   44.00000  12.0%  23.6 4318s
 1068281 170192     cutoff   43        50.00000   44.00000  12.0%  23.6 4323s
 1071536 170268   46.00000   46   13   50.00000   44.00000  12.0%  23.6 4331s
 1072095 170520   46.00000   47   16   50.00000   44.00000  12.0%  23.6 4338s
 1073905 170770 infeasible   50        50.00000   44.00000  12.0%  23.6 4348s
 1075889 171153   44.00000   39   35   50.00000   44.00000  12.0%  23.6 4356s
 1079016 171161   47.00000   40   28   50.00000   44.00000  12.0%  23.6 4370s
 1083425 171468   44.00000   41   39   50.00000   44.00000  12.0%  23.6 4390s
 1085090 172030   45.00000   37   31   50.00000   44.00000  12.0%  23.6 4422s
 1089535 172376 infeasible   45        50.00000   44.00000  12.0%  23.6 4438s
 1093081 173677 infeasible   49        50.00000   44.00000  12.0%  23.6 4445s
 1102130 173692   44.00000   33   28   50.00000   44.00000  12.0%  23.6 4460s
 1107712 174435 infeasible   49        50.00000   44.00000  12.0%  23.6 4479s
 1109647 176362 infeasible   42        50.00000   44.00000  12.0%  23.6 4484s
 1126226 176374   46.00000   38   24   50.00000   44.00000  12.0%  23.6 4499s
 1126371 176585   46.00000   39   22   50.00000   44.00000  12.0%  23.6 4502s
 1128102 176646   49.00000   44    9   50.00000   44.00000  12.0%  23.6 4510s
 1128681 176948   44.00000   49   19   50.00000   44.00000  12.0%  23.6 4515s
 1130854 177377   46.00000   45   19   50.00000   44.00000  12.0%  23.6 4524s
 1135067 177782   49.00000   60    6   50.00000   44.00000  12.0%  23.6 4533s
 1138181 177789   46.00000   44   16   50.00000   44.00000  12.0%  23.6 4560s
 1138210 178191 infeasible   45        50.00000   44.00000  12.0%  23.6 4565s
 1142002 178364   46.00000   44   19   50.00000   44.00000  12.0%  23.6 4572s
 1143124 178763 infeasible   36        50.00000   44.00000  12.0%  23.6 4579s
 1146460 178788   47.00000   46   14   50.00000   44.00000  12.0%  23.6 4595s
 1146747 179606   47.00000   47   14   50.00000   44.00000  12.0%  23.6 4600s
 1152272 179597   49.00000   43   16   50.00000   44.00000  12.0%  23.6 4615s
 1154541 179986   46.00000   38   24   50.00000   44.00000  12.0%  23.6 4627s
 1157484 180977 infeasible   38        50.00000   44.00000  12.0%  23.5 4632s
 1164303 181123   44.00000   42   22   50.00000   44.00000  12.0%  23.5 4640s
 1165236 181575   44.00000   33   21   50.00000   44.00000  12.0%  23.5 4645s
 1167770 181655   47.00000   39   28   50.00000   44.00000  12.0%  23.5 4658s
 1168773 181723   47.00000   40   27   50.00000   44.00000  12.0%  23.5 4672s
 1169158 181740   44.00000   35   24   50.00000   44.00000  12.0%  23.5 4685s
 1173096 182193     cutoff   44        50.00000   44.00000  12.0%  23.5 4704s
 1173405 183049 infeasible   45        50.00000   44.00000  12.0%  23.5 4707s
 1181260 183441 infeasible   55        50.00000   44.00000  12.0%  23.5 4722s
 1184283 184203     cutoff   35        50.00000   44.00000  12.0%  23.5 4731s
 1190444 184211   46.00000   40   21   50.00000   44.00000  12.0%  23.5 4753s
 1190473 184899     cutoff   41        50.00000   44.00000  12.0%  23.5 4756s
 1195442 184929 infeasible   48        50.00000   44.00000  12.0%  23.5 4771s
 1199553 185419   44.00000   52   20   50.00000   44.00000  12.0%  23.5 4786s
 1199826 185775   44.00000   53   20   50.00000   44.00000  12.0%  23.5 4792s
 1202877 185781     cutoff   46        50.00000   44.00000  12.0%  23.5 4810s
 1207281 186093   48.00000   38    9   50.00000   44.00000  12.0%  23.5 4826s
 1208347 186841 infeasible   52        50.00000   44.00000  12.0%  23.5 4833s
 1214176 186954   49.00000   44   19   50.00000   44.00000  12.0%  23.5 4842s
 1215002 187418 infeasible   45        50.00000   44.00000  12.0%  23.5 4848s
 1219426 187440   47.00000   45   13   50.00000   44.00000  12.0%  23.5 4860s
 1219689 187470   47.00000   46   12   50.00000   44.00000  12.0%  23.5 4872s
 1219963 187696 infeasible   47        50.00000   44.00000  12.0%  23.5 4880s
 1222120 187996     cutoff   50        50.00000   44.00000  12.0%  23.5 4888s
 1225072 188446 infeasible   42        50.00000   44.00000  12.0%  23.5 4901s
 1228081 189714   49.00000   41   15   50.00000   44.00000  12.0%  23.5 4908s
 1236604 189751 infeasible   46        50.00000   44.00000  12.0%  23.5 4919s
 1236929 190025   44.00000   44   23   50.00000   44.00000  12.0%  23.5 4925s
 1239283 190144   47.00000   43    8   50.00000   44.00000  12.0%  23.5 4933s
 1240296 190173 infeasible   44        50.00000   44.00000  12.0%  23.5 4947s
 1240519 190401   47.00000   45    9   50.00000   44.00000  12.0%  23.5 4954s
 1243389 190516   48.00000   50   17   50.00000   44.00000  12.0%  23.5 4966s
 1244909 190730 infeasible   51        50.00000   44.00000  12.0%  23.5 4971s
 1248315 190966 infeasible   31        50.00000   44.00000  12.0%  23.5 4986s
 1250708 192218   48.00000   35   18   50.00000   44.00000  12.0%  23.5 4995s
 1260510 192219 infeasible   35        50.00000   44.00000  12.0%  23.5 5013s
 1260546 192547 infeasible   35        50.00000   44.00000  12.0%  23.5 5017s
 1263595 192578 infeasible   51        50.00000   44.00000  12.0%  23.5 5027s
 1263871 193079 infeasible   50        50.00000   44.00000  12.0%  23.5 5032s
 1267063 193081   48.00000   40   20   50.00000   44.00000  12.0%  23.5 5050s
 1270697 193668   47.00000   27   22   50.00000   44.00000  12.0%  23.5 5071s
 1271792 195312 infeasible   28        50.00000   44.00000  12.0%  23.5 5079s
 1289810 195324 infeasible   46        50.00000   44.00000  12.0%  23.5 5093s
 1289939 195401   47.00000   43   11   50.00000   44.00000  12.0%  23.5 5103s
 1290112 195555 infeasible   49        50.00000   44.00000  12.0%  23.5 5112s
 1290643 195769   49.00000   41   15   50.00000   44.00000  12.0%  23.5 5118s
 1292227 195861   49.00000   42   15   50.00000   44.00000  12.0%  23.5 5127s
 1293240 195964   46.00000   41   23   50.00000   44.00000  12.0%  23.5 5146s
 1293756 198288     cutoff   38        50.00000   44.00000  12.0%  23.5 5159s
 1299762 198288   49.00000   49   15   50.00000   44.00000  12.0%  23.5 5160s
 1311774 198531 infeasible   37        50.00000   44.00000  12.0%  23.5 5166s
 1314439 198538   47.00000   48    8   50.00000   44.00000  12.0%  23.5 5186s
 1314470 198839   47.00000   49    9   50.00000   44.00000  12.0%  23.5 5191s
 1317340 199006     cutoff   35        50.00000   44.00000  12.0%  23.5 5207s
 1318633 201054 infeasible   43        50.00000   44.00000  12.0%  23.5 5213s
 1336267 201057 infeasible   45        50.00000   44.00000  12.0%  23.5 5229s
 1336322 201460   46.00000   30   18   50.00000   44.00000  12.0%  23.5 5231s
 1339734 201469 infeasible   38        50.00000   44.00000  12.0%  23.5 5256s
 1339765 204152     cutoff   44        50.00000   44.00000  12.0%  23.5 5262s
 1357783 204152   44.00000   41   27   50.00000   44.00000  12.0%  23.5 5276s
 1359799 204302 infeasible   40        50.00000   44.00000  12.0%  23.5 5290s
 1359835 204506   44.00000   39   28   50.00000   44.00000  12.0%  23.5 5295s
 1361418 204887 infeasible   50        50.00000   44.00000  12.0%  23.5 5306s
 1364103 206074   49.00000   37   12   50.00000   44.00000  12.0%  23.5 5313s
 1371450 206076   45.00000   41   13   50.00000   44.00000  12.0%  23.5 5335s
 1371485 206377     cutoff   42        50.00000   44.00000  12.0%  23.5 5341s
 1373611 206412   46.00000   46   15   50.00000   44.00000  12.0%  23.5 5350s
 1373855 206628   48.00000   39   21   50.00000   44.00000  12.0%  23.5 5359s
 1375342 206821   44.00000   27   23   50.00000   44.00000  12.0%  23.5 5368s
 1376595 207318 infeasible   27        50.00000   44.00000  12.0%  23.5 5375s
 1380348 207335   46.00000   36   14   50.00000   44.00000  12.0%  23.5 5391s
 1380381 207934   46.00000   36   15   50.00000   44.00000  12.0%  23.5 5398s
 1384320 208141 infeasible   42        50.00000   44.00000  12.0%  23.5 5412s
 1385589 210693   49.00000   55   22   50.00000   44.00000  12.0%  23.5 5419s
 1403250 210705   46.00000   39   20   50.00000   44.00000  12.0%  23.5 5433s
 1403274 211038   46.00000   40   22   50.00000   44.00000  12.0%  23.5 5437s
 1405514 211050 infeasible   41        50.00000   44.00000  12.0%  23.5 5446s
 1405557 211333   46.00000   40   12   50.00000   44.00000  12.0%  23.5 5453s
 1406993 211342 infeasible   42        50.00000   44.00000  12.0%  23.5 5475s
 1407063 214387     cutoff   41        50.00000   44.00000  12.0%  23.5 5485s
 1425081 214400 infeasible   41        50.00000   44.00000  12.0%  23.5 5497s
 1425171 214644   49.00000   42   19   50.00000   44.00000  12.0%  23.5 5500s
 1426695 214651 infeasible   46        50.00000   44.00000  12.0%  23.5 5520s
 1426723 214858   46.00000   37   15   50.00000   44.00000  12.0%  23.5 5525s
 1428162 214865   46.00000   41   24   50.00000   44.00000  12.0%  23.5 5534s
 1428219 215056   46.00000   42   20   50.00000   44.00000  12.0%  23.5 5541s
 1429501 215344     cutoff   31        50.00000   44.00000  12.0%  23.5 5554s
 1431353 217008   49.00000   25   23   50.00000   44.00000  12.0%  23.5 5561s
 1443183 217035   47.00000   33   24   50.00000   44.00000  12.0%  23.5 5572s
 1443324 217245   47.00000   34   23   50.00000   44.00000  12.0%  23.5 5579s
 1445336 217251   49.00000   45   20   50.00000   44.00000  12.0%  23.5 5598s
 1445366 217477 infeasible   46        50.00000   44.00000  12.0%  23.5 5603s
 1447206 217554   44.00000   37   21   50.00000   44.00000  12.0%  23.5 5612s
 1447609 217615 infeasible   42        50.00000   44.00000  12.0%  23.5 5618s
 1449263 217658   48.00000   41   25   50.00000   44.00000  12.0%  23.5 5630s
 1449433 218442 infeasible   42        50.00000   44.00000  12.0%  23.5 5635s
 1453649 218755   44.00000   36   19   50.00000   44.00000  12.0%  23.5 5647s
 1456575 219064   47.00000   34   22   50.00000   44.00000  12.0%  23.5 5655s
 1461112 219069 infeasible   35        50.00000   44.00000  12.0%  23.5 5675s
 1461145 219324   44.00000   36   18   50.00000   44.00000  12.0%  23.5 5681s
 1464468 219358 infeasible   41        50.00000   44.00000  12.0%  23.5 5694s
 1464835 220286   47.00000   35   21   50.00000   44.00000  12.0%  23.5 5700s
 1468884 220348 infeasible   28        50.00000   44.00000  12.0%  23.4 5711s
 1469558 220427 infeasible   50        50.00000   44.00000  12.0%  23.4 5717s
 1472971 220439   47.00000   46    9   50.00000   44.00000  12.0%  23.5 5740s
 1472994 220322 infeasible   47        50.00000   44.00000  12.0%  23.5 5746s
 1477127 220333   47.00000   34   16   50.00000   44.00000  12.0%  23.5 5759s
 1477162 220558   47.00000   35   14   50.00000   44.00000  12.0%  23.5 5765s
 1480739 220730   46.00000   31   26   50.00000   44.00000  12.0%  23.4 5776s
 1481995 221828   46.00000   32   22   50.00000   44.00000  12.0%  23.5 5787s
 1495319 221945   48.00000   47   16   50.00000   44.00000  12.0%  23.5 5796s
 1496033 221947 infeasible   48        50.00000   44.00000  12.0%  23.4 5806s
 1496150 222062   46.00000   38   27   50.00000   44.00000  12.0%  23.4 5814s
 1496874 222249   46.00000   39   19   50.00000   44.00000  12.0%  23.4 5821s
 1498271 222525   48.00000   43   33   50.00000   44.00000  12.0%  23.4 5827s
 1499773 222858 infeasible   48        50.00000   44.00000  12.0%  23.4 5834s
 1501169 223340 infeasible   43        50.00000   44.00000  12.0%  23.4 5839s
 1503875 223562   49.00000   43    9   50.00000   44.00000  12.0%  23.4 5850s
 1505571 223803   49.00000   44   13   50.00000   44.00000  12.0%  23.4 5866s
 1507261 223679   44.00000   37   27   50.00000   44.00000  12.0%  23.4 5876s
 1509751 224206   47.00000   42   25   50.00000   44.00000  12.0%  23.4 5883s
 1515435 224254     cutoff   47        50.00000   44.00000  12.0%  23.4 5896s
 1515710 224670   46.00000   37   27   50.00000   45.00000  10.0%  23.4 5901s
 1518345 224806     cutoff   41        50.00000   45.00000  10.0%  23.4 5912s
 1519678 225191   48.00000   42   10   50.00000   45.00000  10.0%  23.4 5922s
 1523352 225187 infeasible   43        50.00000   45.00000  10.0%  23.4 5942s
 1523397 225567 infeasible   43        50.00000   45.00000  10.0%  23.4 5946s
 1525602 226178   46.00000   32   17   50.00000   45.00000  10.0%  23.4 5957s
 1529561 226631   45.00000   35   43   50.00000   45.00000  10.0%  23.4 5965s
 1533578 226739 infeasible   62        50.00000   45.00000  10.0%  23.4 5971s
 1535019 227208   45.00000   46   16   50.00000   45.00000  10.0%  23.4 5979s
 1538871 227299 infeasible   45        50.00000   45.00000  10.0%  23.4 5991s
 1539528 227339 infeasible   44        50.00000   45.00000  10.0%  23.4 6005s
 1539749 227426 infeasible   40        50.00000   45.00000  10.0%  23.4 6013s
 1540596 227480   46.00000   46   18   50.00000   45.00000  10.0%  23.4 6019s
 1544114 227686   46.00000   44   18   50.00000   45.00000  10.0%  23.4 6029s
 1545973 227702 infeasible   48        50.00000   45.00000  10.0%  23.4 6043s
 1546318 227960   46.00000   41   13   50.00000   45.00000  10.0%  23.4 6054s
 1548913 228429   46.00000   45   19   50.00000   45.00000  10.0%  23.4 6065s
 1552830 228782   46.00000   41   23   50.00000   45.00000  10.0%  23.4 6072s
 1555451 228938   46.00000   51   28   50.00000   45.00000  10.0%  23.4 6085s
 1556651 229818   46.00000   38   13   50.00000   45.00000  10.0%  23.4 6091s
 1563450 229826 infeasible   42        50.00000   45.00000  10.0%  23.4 6112s
 1563477 230223   45.00000   35   29   50.00000   45.00000  10.0%  23.4 6115s
 1565543 230238   48.00000   37   17   50.00000   45.00000  10.0%  23.4 6127s
 1565590 230779   48.00000   38   17   50.00000   45.00000  10.0%  23.4 6131s
 1571050 230912 infeasible   40        50.00000   45.00000  10.0%  23.4 6144s
 1572780 232620   47.00000   36   28   50.00000   45.00000  10.0%  23.4 6149s
 1589951 232625   47.00000   48   23   50.00000   45.00000  10.0%  23.4 6170s
 1591949 232755   46.00000   41   33   50.00000   45.00000  10.0%  23.4 6184s
 1592025 232896   46.00000   42   28   50.00000   45.00000  10.0%  23.4 6187s
 1593850 233194 infeasible   37        50.00000   45.00000  10.0%  23.4 6198s
 1597057 233348   46.00000   41   23   50.00000   45.00000  10.0%  23.4 6213s
 1598757 233620     cutoff   46        50.00000   45.00000  10.0%  23.4 6226s
 1600965 234276   47.00000   42   25   50.00000   45.00000  10.0%  23.4 6231s
 1608404 234278   49.00000   25   16   50.00000   45.00000  10.0%  23.4 6246s
 1608717 234848   49.00000   26   15   50.00000   45.00000  10.0%  23.4 6251s
 1614015 234849 infeasible   33        50.00000   45.00000  10.0%  23.4 6271s
 1616441 235342 infeasible   49        50.00000   45.00000  10.0%  23.4 6287s
 1618255 236631   48.00000   32   20   50.00000   45.00000  10.0%  23.4 6291s
 1633266 236639   45.00000   30   32   50.00000   45.00000  10.0%  23.4 6305s
 1633403 236685   45.00000   31   32   50.00000   45.00000  10.0%  23.4 6314s
 1633681 236710 infeasible   35        50.00000   45.00000  10.0%  23.4 6323s
 1633867 236914   48.00000   34   17   50.00000   45.00000  10.0%  23.4 6328s
 1636107 236942   45.00000   40   28   50.00000   45.00000  10.0%  23.4 6336s
 1636446 237143 infeasible   41        50.00000   45.00000  10.0%  23.4 6341s
 1638817 237248   45.00000   41   24   50.00000   45.00000  10.0%  23.4 6355s
 1640451 238418   45.00000   44   13   50.00000   45.00000  10.0%  23.4 6362s
 1653808 238419 infeasible   44        50.00000   45.00000  10.0%  23.4 6382s
 1653842 238665   45.00000   29   27   50.00000   45.00000  10.0%  23.4 6387s
 1655999 238672 infeasible   33        50.00000   45.00000  10.0%  23.4 6395s
 1658782 238962   45.00000   48   18   50.00000   45.00000  10.0%  23.4 6410s
 1659235 239153 infeasible   49        50.00000   45.00000  10.0%  23.4 6416s
 1662342 239157 infeasible   32        50.00000   45.00000  10.0%  23.4 6436s
 1662410 239995   45.00000   33   31   50.00000   45.00000  10.0%  23.4 6442s
 1680428 240035   47.00000   36   11   50.00000   45.00000  10.0%  23.4 6454s
 1681065 240201   47.00000   37   11   50.00000   45.00000  10.0%  23.4 6460s
 1683325 240209   46.00000   38   19   50.00000   45.00000  10.0%  23.4 6468s
 1683836 240280   45.00000   40   37   50.00000   45.00000  10.0%  23.4 6483s
 1684099 240486   46.00000   42   34   50.00000   45.00000  10.0%  23.4 6494s
 1686300 241311 infeasible   50        50.00000   45.00000  10.0%  23.4 6500s
 1697058 241357   46.00000   37   16   50.00000   45.00000  10.0%  23.4 6512s
 1697436 241607   46.00000   38   17   50.00000   45.00000  10.0%  23.4 6517s
 1700198 241630   47.00000   41   13   50.00000   45.00000  10.0%  23.4 6533s
 1700376 241944 infeasible   42        50.00000   45.00000  10.0%  23.4 6536s
 1703363 241946     cutoff   46        50.00000   45.00000  10.0%  23.4 6558s
 1703395 242345   47.00000   45   19   50.00000   45.00000  10.0%  23.4 6561s
 1707751 242457 infeasible   50        50.00000   45.00000  10.0%  23.4 6576s
 1708860 244053   45.00000   28   17   50.00000   45.00000  10.0%  23.4 6582s
 1726878 244061   45.00000   35   24   50.00000   45.00000  10.0%  23.4 6598s
 1727015 244111   45.00000   36   26   50.00000   45.00000  10.0%  23.4 6606s
 1727369 244093 infeasible   38        50.00000   45.00000  10.0%  23.4 6618s
 1727500 244210 infeasible   39        50.00000   45.00000  10.0%  23.4 6626s
 1728959 244302   49.00000   49   26   50.00000   45.00000  10.0%  23.4 6634s
 1729615 244893 infeasible   41        50.00000   45.00000  10.0%  23.4 6641s
 1735269 244939   48.00000   31   43   50.00000   45.00000  10.0%  23.4 6653s
 1735551 245043   48.00000   32   42   50.00000   45.00000  10.0%  23.4 6664s
 1736217 245136   45.00000   38   37   50.00000   45.00000  10.0%  23.4 6673s
 1736991 245759 infeasible   39        50.00000   45.00000  10.0%  23.4 6680s
 1741835 245856   45.00000   45   18   50.00000   45.00000  10.0%  23.4 6692s
 1742391 246301   47.00000   45   19   50.00000   45.00000  10.0%  23.4 6698s
 1746106 246314   47.00000   43   22   50.00000   45.00000  10.0%  23.4 6720s
 1746129 246630     cutoff   45        50.00000   45.00000  10.0%  23.4 6726s
 1749028 246691   48.00000   44   14   50.00000   45.00000  10.0%  23.4 6736s
 1749489 247222     cutoff   45        50.00000   45.00000  10.0%  23.4 6742s
 1753529 247416   48.00000   47   14   50.00000   45.00000  10.0%  23.4 6756s
 1755269 248894 infeasible   48        50.00000   45.00000  10.0%  23.4 6764s
 1767769 248906   49.00000   38   24   50.00000   45.00000  10.0%  23.4 6773s
 1767818 248964   49.00000   39   21   50.00000   45.00000  10.0%  23.4 6783s
 1768219 248985 infeasible   50        50.00000   45.00000  10.0%  23.4 6794s
 1768335 249220 infeasible   43        50.00000   45.00000  10.0%  23.4 6798s
 1770751 249236 infeasible   40        50.00000   45.00000  10.0%  23.4 6805s
 1773371 249722   47.00000   51   14   50.00000   45.00000  10.0%  23.4 6818s
 1773888 249789   47.00000   52   17   50.00000   45.00000  10.0%  23.5 6830s
 1774493 249931   47.00000   53   16   50.00000   45.00000  10.0%  23.5 6838s
 1775434 250670   46.00000   35   15   50.00000   45.00000  10.0%  23.5 6845s
 1781296 250676   45.00000   37   25   50.00000   45.00000  10.0%  23.5 6860s
 1781325 250954 infeasible   38        50.00000   45.00000  10.0%  23.5 6869s
 1783040 250954   45.00000   41   26   50.00000   45.00000  10.0%  23.5 6881s
 1783076 251475   45.00000   42   26   50.00000   45.00000  10.0%  23.5 6885s
 1787083 251512   49.00000   46   13   50.00000   45.00000  10.0%  23.5 6896s
 1787409 251551 infeasible   46        50.00000   45.00000  10.0%  23.5 6908s
 1787765 251721   49.00000   42   20   50.00000   45.00000  10.0%  23.5 6921s
 1788460 251968     cutoff   42        50.00000   45.00000  10.0%  23.5 6929s
 1791261 252228   46.00000   42   22   50.00000   45.00000  10.0%  23.5 6937s
 1792610 252597   47.00000   59   14   50.00000   45.00000  10.0%  23.5 6943s
 1796369 252705   47.00000   55   11   50.00000   45.00000  10.0%  23.5 6954s
 1797009 253197   47.00000   56    9   50.00000   45.00000  10.0%  23.5 6963s
 1800524 253562   46.00000   52   20   50.00000   45.00000  10.0%  23.5 6973s
 1803054 254659   46.00000   39   15   50.00000   45.00000  10.0%  23.5 6981s
 1810770 254655 infeasible   56        50.00000   45.00000  10.0%  23.5 7001s
 1810813 254925   49.00000   44   34   50.00000   45.00000  10.0%  23.5 7005s
 1813340 255008   49.00000   41   17   50.00000   45.00000  10.0%  23.5 7013s
 1813919 255144   49.00000   42   16   50.00000   45.00000  10.0%  23.5 7022s
 1815277 255355   45.00000   36   29   50.00000   45.00000  10.0%  23.5 7030s
 1816512 255700   49.00000   37   19   50.00000   45.00000  10.0%  23.5 7035s
 1819993 255882 infeasible   40        50.00000   45.00000  10.0%  23.5 7045s
 1821227 255923 infeasible   41        50.00000   45.00000  10.0%  23.5 7061s
 1821833 256014   45.00000   36   28   50.00000   45.00000  10.0%  23.5 7073s
 1822666 256646 infeasible   51        50.00000   45.00000  10.0%  23.5 7080s
 1827794 256689   47.00000   41   20   50.00000   45.00000  10.0%  23.5 7089s
 1828219 257107   47.00000   42   14   50.00000   45.00000  10.0%  23.5 7095s
 1831581 257127 infeasible   40        50.00000   45.00000  10.0%  23.5 7103s
 1831752 257451 infeasible   45        50.00000   45.00000  10.0%  23.5 7109s
 1834985 257463   49.00000   37   34   50.00000   45.00000  10.0%  23.5 7122s
 1835023 258309     cutoff   39        50.00000   45.00000  10.0%  23.5 7125s
 1838773 258324   49.00000   47   23   50.00000   45.00000  10.0%  23.5 7136s
 1843346 258767 infeasible   52        50.00000   45.00000  10.0%  23.5 7149s
 1844081 258979     cutoff   44        50.00000   45.00000  10.0%  23.5 7157s
 1846848 259281   45.00000   49   19   50.00000   45.00000  10.0%  23.5 7169s
 1850088 259859 infeasible   50        50.00000   45.00000  10.0%  23.5 7174s
 1855569 259973     cutoff   49        50.00000   45.00000  10.0%  23.5 7188s
 1856316 260465   47.00000   49   24   50.00000   45.00000  10.0%  23.5 7192s
 1861122 260497   45.00000   39   19   50.00000   45.00000  10.0%  23.5 7203s
 1861448 260702   45.00000   40   17   50.00000   45.00000  10.0%  23.5 7211s
 1863908 260717 infeasible   45        50.00000   45.00000  10.0%  23.5 7225s
 1864059 261245   47.00000   50   12   50.00000   45.00000  10.0%  23.5 7233s
 1867422 261239 infeasible   44        50.00000   45.00000  10.0%  23.5 7246s
 1867498 261504   47.00000   41   31   50.00000   45.00000  10.0%  23.5 7253s
 1870261 261846   45.00000   38   32   50.00000   45.00000  10.0%  23.5 7266s
 1873876 262084   45.00000   39   32   50.00000   45.00000  10.0%  23.5 7271s
 1878108 262096   45.00000   40   33   50.00000   45.00000  10.0%  23.5 7296s
 1878133 262574   45.00000   41   25   50.00000   45.00000  10.0%  23.5 7300s
 1882078 262583   45.00000   40   16   50.00000   45.00000  10.0%  23.5 7313s
 1882707 262978   45.00000   41   22   50.00000   45.00000  10.0%  23.5 7317s
 1887053 263012   47.00000   40   23   50.00000   45.00000  10.0%  23.5 7331s
 1891732 263455   47.00000   43   14   50.00000   45.00000  10.0%  23.5 7357s
 1894642 264376 infeasible   47        50.00000   45.00000  10.0%  23.5 7370s
 1895980 265575   45.00000   28   27   50.00000   45.00000  10.0%  23.5 7378s
 1913765 265583 infeasible   48        50.00000   45.00000  10.0%  23.5 7395s
 1913793 265639   45.00000   47   20   50.00000   45.00000  10.0%  23.5 7401s
 1914338 265645   48.00000   46   19   50.00000   45.00000  10.0%  23.5 7414s
 1914796 265804   45.00000   35   22   50.00000   45.00000  10.0%  23.5 7417s
 1917507 265877 infeasible   39        50.00000   45.00000  10.0%  23.5 7433s
 1918550 267262   45.00000   43   18   50.00000   45.00000  10.0%  23.5 7447s
 1935908 267295   45.00000   37   16   50.00000   45.00000  10.0%  23.5 7462s
 1936056 267582     cutoff   38        50.00000   45.00000  10.0%  23.5 7465s
 1939299 267592   48.00000   38   14   50.00000   45.00000  10.0%  23.5 7492s
 1939325 269117   48.00000   39   13   50.00000   45.00000  10.0%  23.5 7497s
 1957343 269122   46.00000   37   16   50.00000   45.00000  10.0%  23.5 7508s
 1957374 269379 infeasible   38        50.00000   45.00000  10.0%  23.5 7511s
 1960075 269372   49.00000   45   14   50.00000   45.00000  10.0%  23.5 7525s
 1962728 269538   45.00000   40   26   50.00000   45.00000  10.0%  23.5 7546s
 1962758 270816     cutoff   41        50.00000   45.00000  10.0%  23.5 7558s
 1980776 270809   47.00000   51   22   50.00000   45.00000  10.0%  23.5 7570s
 1982543 270979   45.00000   33   25   50.00000   45.00000  10.0%  23.5 7585s
 1984676 271267   46.00000   38   23   50.00000   45.00000  10.0%  23.5 7603s
 1986316 272084   48.00000   39   13   50.00000   45.00000  10.0%  23.5 7607s
 2000867 272098 infeasible   48        50.00000   45.00000  10.0%  23.5 7630s
 2003687 272353   45.00000   35   30   50.00000   45.00000  10.0%  23.5 7647s
 2003869 272635   46.00000   36   30   50.00000   45.00000  10.0%  23.5 7650s
 2007934 272669   45.00000   38   30   50.00000   45.00000  10.0%  23.5 7666s
 2008860 274179   45.00000   39   31   50.00000   45.00000  10.0%  23.5 7690s
 2026878 274177 infeasible   50        50.00000   45.00000  10.0%  23.5 7705s
 2029291 274872 infeasible   40        50.00000   45.00000  10.0%  23.5 7720s
 2029348 274931   45.00000   41   15   50.00000   45.00000  10.0%  23.5 7727s
 2030995 275258   45.00000   42   13   50.00000   45.00000  10.0%  23.5 7733s
 2037256 275271   45.00000   34   24   50.00000   45.00000  10.0%  23.5 7745s
 2037437 275338   47.00000   35   22   50.00000   45.00000  10.0%  23.5 7756s
 2038011 275358   49.00000   40   15   50.00000   45.00000  10.0%  23.5 7767s
 2038423 275722   46.00000   49   20   50.00000   45.00000  10.0%  23.5 7772s
 2043270 275723 infeasible   36        50.00000   45.00000  10.0%  23.5 7783s
 2044018 275912 infeasible   37        50.00000   45.00000  10.0%  23.5 7787s
 2047922 275893   45.00000   34   21   50.00000   45.00000  10.0%  23.5 7802s
 2048123 276084 infeasible   35        50.00000   45.00000  10.0%  23.5 7806s
 2051531 276097   47.00000   41   17   50.00000   45.00000  10.0%  23.5 7819s
 2051572 276411   46.00000   49   27   50.00000   45.00000  10.0%  23.5 7826s
 2055330 276544   45.00000   40   24   50.00000   45.00000  10.0%  23.5 7838s
 2057451 277840   45.00000   44   21   50.00000   45.00000  10.0%  23.5 7845s
 2069485 277866   45.00000   40   34   50.00000   45.00000  10.0%  23.5 7856s
 2069708 277991   45.00000   41   34   50.00000   45.00000  10.0%  23.5 7861s
 2071626 277998   45.00000   39   22   50.00000   45.00000  10.0%  23.5 7869s
 2071654 278168   45.00000   40   19   50.00000   45.00000  10.0%  23.5 7874s
 2073491 278167 infeasible   45        50.00000   45.00000  10.0%  23.5 7892s
 2073526 278775   45.00000   40   17   50.00000   45.00000  10.0%  23.5 7897s
 2075426 278810   47.00000   44   22   50.00000   45.00000  10.0%  23.5 7907s
 2075775 278975 infeasible   45        50.00000   45.00000  10.0%  23.5 7914s
 2078070 279320 infeasible   48        50.00000   45.00000  10.0%  23.5 7927s
 2081445 279811   45.00000   43   24   50.00000   45.00000  10.0%  23.5 7933s
 2086729 279811   46.00000   45   24   50.00000   45.00000  10.0%  23.5 7943s
 2087311 280102 infeasible   46        50.00000   45.00000  10.0%  23.5 7950s
 2090380 280237   49.00000   58   21   50.00000   45.00000  10.0%  23.5 7960s
 2091383 280315   49.00000   59   26   50.00000   45.00000  10.0%  23.5 7975s
 2091809 280289 infeasible   60        50.00000   45.00000  10.0%  23.5 7985s
 2092497 280437 infeasible   45        50.00000   45.00000  10.0%  23.5 7992s
 2096625 280661 infeasible   53        50.00000   45.00000  10.0%  23.5 8000s
 2099690 280818     cutoff   46        50.00000   45.00000  10.0%  23.5 8011s
 2101286 281623   47.00000   51   18   50.00000   45.00000  10.0%  23.5 8017s
 2108733 281630   47.00000   37   17   50.00000   45.00000  10.0%  23.5 8028s
 2108761 281658   47.00000   39   14   50.00000   45.00000  10.0%  23.5 8036s
 2109192 281675   47.00000   37   24   50.00000   45.00000  10.0%  23.5 8047s
 2109275 282243 infeasible   46        50.00000   45.00000  10.0%  23.5 8050s
 2111487 282257   45.00000   28   25   50.00000   45.00000  10.0%  23.5 8062s
 2111647 282421   45.00000   29   25   50.00000   45.00000  10.0%  23.5 8068s
 2113971 282494   45.00000   52   16   50.00000   45.00000  10.0%  23.5 8074s
 2115205 282533 infeasible   49        50.00000   45.00000  10.0%  23.5 8086s
 2115764 282540 infeasible   49        50.00000   45.00000  10.0%  23.5 8096s
 2116319 282468 infeasible   47        50.00000   45.00000  10.0%  23.5 8102s
 2117999 282740   45.00000   43   18   50.00000   45.00000  10.0%  23.5 8110s
 2120778 283198   46.00000   51   29   50.00000   45.00000  10.0%  23.5 8117s
 2125376 283208 infeasible   52        50.00000   45.00000  10.0%  23.5 8140s
 2125412 283932 infeasible   51        50.00000   45.00000  10.0%  23.5 8145s
 2143405 283955   46.00000   58   13   50.00000   45.00000  10.0%  23.5 8160s
 2143559 284062   46.00000   59   12   50.00000   45.00000  10.0%  23.5 8165s
 2145551 284096   45.00000   33   27   50.00000   45.00000  10.0%  23.5 8173s
 2145962 284205   45.00000   34   28   50.00000   45.00000  10.0%  23.5 8179s
 2147775 284216     cutoff   38        50.00000   45.00000  10.0%  23.5 8203s
 2147843 285874   47.00000   37   21   50.00000   45.00000  10.0%  23.5 8208s
 2165861 285870   45.00000   33   26   50.00000   45.00000  10.0%  23.5 8222s
 2168700 286116 infeasible   49        50.00000   45.00000  10.0%  23.5 8234s
 2168778 286369 infeasible   49        50.00000   45.00000  10.0%  23.5 8237s
 2171063 286450   46.00000   41   19   50.00000   45.00000  10.0%  23.5 8251s
 2172086 287872 infeasible   42        50.00000   45.00000  10.0%  23.5 8257s
 2190104 287870 infeasible   52        50.00000   45.00000  10.0%  23.5 8282s
 2190141 288020   45.00000   42   41   50.00000   45.00000  10.0%  23.5 8285s
 2192826 288180   46.00000   46   21   50.00000   45.00000  10.0%  23.5 8300s
 2195044 289097     cutoff   46        50.00000   45.00000  10.0%  23.5 8305s
 2205255 289164     cutoff   46        50.00000   45.00000  10.0%  23.5 8317s
 2205729 289224 infeasible   46        50.00000   45.00000  10.0%  23.5 8330s
 2206220 289323   45.00000   43   15   50.00000   45.00000  10.0%  23.5 8338s
 2206971 289735   46.00000   44   15   50.00000   45.00000  10.0%  23.5 8345s
 2210792 289813 infeasible   39        50.00000   45.00000  10.0%  23.5 8354s
 2211584 290216 infeasible   36        50.00000   45.00000  10.0%  23.5 8361s
 2215266 290473   46.00000   35   17   50.00000   45.00000  10.0%  23.5 8373s
 2217974 291212   45.00000   45   32   50.00000   45.00000  10.0%  23.5 8379s
 2225568 291229   49.00000   32   27   50.00000   45.00000  10.0%  23.5 8399s
 2225634 291525   49.00000   33   20   50.00000   45.00000  10.0%  23.5 8404s
 2228772 291533   45.00000   42   27   50.00000   45.00000  10.0%  23.5 8412s
 2228929 291829   45.00000   43   31   50.00000   45.00000  10.0%  23.5 8420s
 2231234 292075   48.00000   58   12   50.00000   45.00000  10.0%  23.5 8428s
 2233148 292476 infeasible   35        50.00000   45.00000  10.0%  23.5 8436s
 2235935 292735   46.00000   51   17   50.00000   45.00000  10.0%  23.5 8443s
 2238299 293020   46.00000   41   15   50.00000   45.00000  10.0%  23.5 8457s
 2241366 293317   45.00000   49   20   50.00000   45.00000  10.0%  23.5 8467s
 2244275 293738 infeasible   40        50.00000   45.00000  10.0%  23.5 8477s
 2248372 293799   47.00000   44   22   50.00000   45.00000  10.0%  23.5 8497s
 2248826 294409   47.00000   44   25   50.00000   45.00000  10.0%  23.5 8507s
 2253837 294557 infeasible   42        50.00000   45.00000  10.0%  23.5 8517s
 2255733 294859   45.00000   40   24   50.00000   45.00000  10.0%  23.5 8524s
 2259793 295037   47.00000   44   14   50.00000   45.00000  10.0%  23.5 8532s
 2261184 295862   49.00000   41   17   50.00000   45.00000  10.0%  23.5 8538s
 2269603 295867     cutoff   42        50.00000   45.00000  10.0%  23.5 8560s
 2270557 296195   45.00000   54   14   50.00000   45.00000  10.0%  23.5 8572s
 2271088 296273     cutoff   50        50.00000   45.00000  10.0%  23.5 8578s
 2272316 296294 infeasible   53        50.00000   45.00000  10.0%  23.5 8586s
 2272634 296422   45.00000   34   39   50.00000   45.00000  10.0%  23.5 8595s
 2273869 296638   45.00000   42   28   50.00000   45.00000  10.0%  23.5 8602s
 2275712 296851 infeasible   46        50.00000   45.00000  10.0%  23.5 8611s
 2277976 297031   47.00000   35   25   50.00000   45.00000  10.0%  23.5 8622s
 2279613 297464 infeasible   44        50.00000   45.00000  10.0%  23.5 8627s
 2283836 297474   48.00000   42   16   50.00000   45.00000  10.0%  23.5 8649s
 2283864 299764   48.00000   43   14   50.00000   45.00000  10.0%  23.5 8656s
 2301882 299753 infeasible   52        50.00000   45.00000  10.0%  23.5 8669s
 2301993 299865 infeasible   61        50.00000   45.00000  10.0%  23.5 8671s
 2304255 299865   45.00000   47   29   50.00000   45.00000  10.0%  23.5 8685s
 2304291 299892   45.00000   48   21   50.00000   45.00000  10.0%  23.5 8695s
 2304467 299896   45.00000   49   21   50.00000   45.00000  10.0%  23.5 8705s
 2304498 300024 infeasible   50        50.00000   45.00000  10.0%  23.5 8711s
 2306151 300121     cutoff   44        50.00000   45.00000  10.0%  23.5 8722s
 2309026 300410     cutoff   42        50.00000   45.00000  10.0%  23.5 8730s
 2314460 300407 infeasible   35        50.00000   45.00000  10.0%  23.5 8751s
 2314501 300637 infeasible   35        50.00000   45.00000  10.0%  23.5 8757s
 2318390 300636   45.00000   40   19   50.00000   45.00000  10.0%  23.5 8767s
 2319013 300771   45.00000   41   19   50.00000   45.00000  10.0%  23.5 8773s
 2322420 300856 infeasible   42        50.00000   45.00000  10.0%  23.5 8781s
 2324281 301079 infeasible   44        50.00000   45.00000  10.0%  23.5 8793s
 2326599 301146   45.00000   42   24   50.00000   45.00000  10.0%  23.5 8809s
 2327595 301341   45.00000   44   20   50.00000   45.00000  10.0%  23.5 8820s
 2330291 301887   49.00000   48    9   50.00000   45.00000  10.0%  23.5 8827s
 2336601 301887 infeasible   44        50.00000   45.00000  10.0%  23.5 8839s
 2336902 302058 infeasible   51        50.00000   45.00000  10.0%  23.5 8842s
 2339662 302071 infeasible   40        50.00000   45.00000  10.0%  23.5 8859s
 2339845 302371 infeasible   37        50.00000   45.00000  10.0%  23.5 8862s
 2343674 302365 infeasible   37        50.00000   45.00000  10.0%  23.5 8879s
 2343716 302695   48.00000   31   13   50.00000   45.00000  10.0%  23.5 8882s
 2347317 302698   45.00000   45   40   50.00000   45.00000  10.0%  23.5 8893s
 2347730 302939 infeasible   44        50.00000   45.00000  10.0%  23.5 8897s
 2351079 302949   47.00000   40   14   50.00000   45.00000  10.0%  23.5 8907s
 2351104 303406   47.00000   41   13   50.00000   45.00000  10.0%  23.5 8910s
 2356170 303404   45.00000   42   17   50.00000   45.00000  10.0%  23.5 8936s
 2356220 304802   45.00000   43   15   50.00000   45.00000  10.0%  23.5 8940s
 2374238 304799   48.00000   29   28   50.00000   45.00000  10.0%  23.6 8957s
 2374276 305120   48.00000   30   25   50.00000   45.00000  10.0%  23.6 8961s
 2376901 305168   48.00000   34   25   50.00000   45.00000  10.0%  23.6 8974s
 2377221 305509     cutoff   35        50.00000   45.00000  10.0%  23.6 8978s
 2380355 305513   46.00000   45    6   50.00000   45.00000  10.0%  23.5 9002s
 2380393 307353 infeasible   46        50.00000   45.00000  10.0%  23.5 9006s
 2398411 307343   46.00000   35   12   50.00000   45.00000  10.0%  23.5 9021s
 2400078 307445 infeasible   43        50.00000   45.00000  10.0%  23.5 9037s
 2400126 307501   45.00000   44   24   50.00000   45.00000  10.0%  23.5 9040s
 2401537 307499 infeasible   43        50.00000   45.00000  10.0%  23.5 9061s
 2403896 307716   46.00000   46   22   50.00000   45.00000  10.0%  23.5 9073s
 2404693 309289   46.00000   48    9   50.00000   45.00000  10.0%  23.5 9078s
 2422701 309286 infeasible   40        50.00000   45.00000  10.0%  23.6 9096s
 2424405 309558 infeasible   34        50.00000   45.00000  10.0%  23.6 9120s
 2425812 309833 infeasible   46        50.00000   45.00000  10.0%  23.6 9133s
 2426309 310432   45.00000   53   14   50.00000   45.00000  10.0%  23.6 9141s
 2444275 310434   46.00000   45   16   50.00000   45.00000  10.0%  23.5 9156s
 2445840 310610 infeasible   47        50.00000   45.00000  10.0%  23.5 9178s
 2445877 310641   47.00000   40   17   50.00000   45.00000  10.0%  23.5 9181s
 2447531 310574     cutoff   42        50.00000   45.00000  10.0%  23.5 9192s
 2448197 310400   47.00000   40   11   50.00000   45.00000  10.0%  23.5 9199s
 2455004 310400   46.00000   44    6   50.00000   45.00000  10.0%  23.5 9200s
 2465702 310397 infeasible   53        50.00000   46.00000  8.00%  23.5 9215s
 2465813 310783 infeasible   39        50.00000   46.00000  8.00%  23.5 9220s
 2468122 310789   46.00000   48   17   50.00000   46.00000  8.00%  23.5 9239s
 2468152 310855   46.00000   49   10   50.00000   46.00000  8.00%  23.5 9246s
 2469752 310890   46.00000   40    9   50.00000   46.00000  8.00%  23.5 9260s
 2471522 311707 infeasible   51        50.00000   46.00000  8.00%  23.5 9269s
 2487681 311716   46.00000   45   13   50.00000   46.00000  8.00%  23.5 9287s
 2487707 311823   46.00000   46   15   50.00000   46.00000  8.00%  23.5 9291s
 2489895 311829   46.00000   32   10   50.00000   46.00000  8.00%  23.5 9308s
 2489929 312042   46.00000   33    8   50.00000   46.00000  8.00%  23.5 9313s
 2491416 312461 infeasible   46        50.00000   46.00000  8.00%  23.5 9330s
 2493220 315165 infeasible   47        50.00000   46.00000  8.00%  23.5 9335s
 2510161 315181   46.00000   41   19   50.00000   46.00000  8.00%  23.5 9353s
 2510181 315681     cutoff   42        50.00000   46.00000  8.00%  23.5 9355s
 2513011 315691 infeasible   41        50.00000   46.00000  8.00%  23.5 9373s
 2513039 315711 infeasible   41        50.00000   46.00000  8.00%  23.5 9378s
 2514478 315952   46.00000   39    9   50.00000   46.00000  8.00%  23.5 9394s
 2516194 317630   46.00000   47    9   50.00000   46.00000  8.00%  23.5 9402s
 2533187 317641   46.00000   40    8   50.00000   46.00000  8.00%  23.5 9418s
 2533303 317631 infeasible   41        50.00000   46.00000  8.00%  23.5 9427s
 2534018 317594     cutoff   50        50.00000   46.00000  8.00%  23.5 9438s
 2534114 317472 infeasible   36        50.00000   46.00000  8.00%  23.5 9442s
 2535636 317532   46.00000   46   11   50.00000   46.00000  8.00%  23.5 9455s
 2535996 317760   46.00000   47   10   50.00000   46.00000  8.00%  23.5 9462s
 2539157 317739   46.00000   38    8   50.00000   46.00000  8.00%  23.5 9487s
 2539222 319696   46.00000   39    8   50.00000   46.00000  8.00%  23.5 9494s
 2555238 319696   46.00000   27   12   50.00000   46.00000  8.00%  23.5 9495s
 2557240 319728   46.00000   42   13   50.00000   46.00000  8.00%  23.5 9509s
 2557550 320234 infeasible   43        50.00000   46.00000  8.00%  23.5 9515s
 2559821 320259 infeasible   43        50.00000   46.00000  8.00%  23.5 9525s
 2560128 320372   46.00000   53   13   50.00000   46.00000  8.00%  23.5 9537s
 2561589 320639 infeasible   47        50.00000   46.00000  8.00%  23.5 9548s
 2563645 321451   46.00000   50   10   50.00000   46.00000  8.00%  23.5 9559s
 2576082 321456   46.00000   32   10   50.00000   46.00000  8.00%  23.5 9585s
 2576113 321631   46.00000   33    8   50.00000   46.00000  8.00%  23.5 9590s
 2578612 321757 infeasible   46        50.00000   46.00000  8.00%  23.5 9599s
 2579199 321911 infeasible   61        50.00000   46.00000  8.00%  23.5 9606s
 2581918 321927   46.00000   43   18   50.00000   46.00000  8.00%  23.5 9620s
 2581996 322232     cutoff   42        50.00000   46.00000  8.00%  23.5 9626s
 2584617 322241 infeasible   48        50.00000   46.00000  8.00%  23.5 9648s
 2584656 323816 infeasible   48        50.00000   46.00000  8.00%  23.5 9660s
 2602674 323815 infeasible   59        50.00000   46.00000  8.00%  23.5 9679s
 2602711 324072   46.00000   47    7   50.00000   46.00000  8.00%  23.5 9687s
 2604593 324129   46.00000   50    9   50.00000   46.00000  8.00%  23.5 9696s
 2604890 324214   46.00000   50    9   50.00000   46.00000  8.00%  23.5 9705s
 2606058 324385   46.00000   51    9   50.00000   46.00000  8.00%  23.5 9715s
 2607038 324531   46.00000   52   10   50.00000   46.00000  8.00%  23.5 9736s
 2607657 327083 infeasible   54        50.00000   46.00000  8.00%  23.5 9756s
 2625675 327266   49.00000   43   12   50.00000   46.00000  8.00%  23.5 9767s
 2626456 327435   49.00000   44   13   50.00000   46.00000  8.00%  23.5 9774s
 2627333 327848   46.00000   39   17   50.00000   46.00000  8.00%  23.5 9781s
 2629652 328307 infeasible   40        50.00000   46.00000  8.00%  23.5 9794s
 2631918 329819 infeasible   55        50.00000   46.00000  8.00%  23.5 9800s
 2641405 329821   49.00000   47    8   50.00000   46.00000  8.00%  23.5 9813s
 2641441 330005 infeasible   48        50.00000   46.00000  8.00%  23.5 9825s
 2642347 330095 infeasible   50        50.00000   46.00000  8.00%  23.5 9836s
 2642755 330775     cutoff   51        50.00000   46.00000  8.00%  23.5 9843s
 2645645 330787 infeasible   51        50.00000   46.00000  8.00%  23.5 9867s
 2645671 331342 infeasible   52        50.00000   46.00000  8.00%  23.5 9873s
 2649220 331411 infeasible   56        50.00000   46.00000  8.00%  23.6 9883s
 2649811 331833   46.00000   51   22   50.00000   46.00000  8.00%  23.6 9891s
 2652910 332244   49.00000   45   12   50.00000   46.00000  8.00%  23.6 9902s
 2656557 332909   46.00000   52   22   50.00000   46.00000  8.00%  23.6 9907s
 2662243 332918   47.00000   32   15   50.00000   46.00000  8.00%  23.6 9929s
 2662272 333144   47.00000   33   13   50.00000   46.00000  8.00%  23.6 9936s
 2664312 333182 infeasible   44        50.00000   46.00000  8.00%  23.6 9946s
 2664562 333625   46.00000   45   10   50.00000   46.00000  8.00%  23.6 9953s
 2668268 333731   46.00000   40   14   50.00000   46.00000  8.00%  23.6 9963s
 2668899 334012     cutoff   41        50.00000   46.00000  8.00%  23.6 9969s
 2671963 334138 infeasible   42        50.00000   46.00000  8.00%  23.6 9984s
 2672674 334355   46.00000   49    9   50.00000   46.00000  8.00%  23.6 10001s
 2673294 334376   46.00000   54    7   50.00000   46.00000  8.00%  23.6 10021s
 2673437 335118 infeasible   55        50.00000   46.00000  8.00%  23.6 10026s
 2678678 335277   47.00000   44    8   50.00000   46.00000  8.00%  23.6 10042s
 2679591 337762   47.00000   45    8   50.00000   46.00000  8.00%  23.6 10049s
 2683595 337762   49.00000   44    8   50.00000   46.00000  8.00%  23.6 10050s
 2697609 337761 infeasible   47        50.00000   46.00000  8.00%  23.6 10068s
 2697646 337845 infeasible   50        50.00000   46.00000  8.00%  23.6 10077s
 2698569 337907   49.00000   52   13   50.00000   46.00000  8.00%  23.6 10091s
 2698777 338100     cutoff   53        50.00000   46.00000  8.00%  23.6 10097s
 2700767 338109   46.00000   38   11   50.00000   46.00000  8.00%  23.6 10119s
 2700816 339578   46.00000   38   14   50.00000   46.00000  8.00%  23.6 10127s
 2718834 339578   46.00000   35   16   50.00000   46.00000  8.00%  23.7 10144s
 2718870 339819   46.00000   36   15   50.00000   46.00000  8.00%  23.7 10148s
 2721354 339816   48.00000   42    9   50.00000   46.00000  8.00%  23.7 10162s
 2721440 340059   48.00000   43    9   50.00000   46.00000  8.00%  23.7 10167s
 2724305 340058   47.00000   47    8   50.00000   46.00000  8.00%  23.7 10193s
 2724436 341622 infeasible   48        50.00000   46.00000  8.00%  23.7 10200s
 2742454 341612 infeasible   44        50.00000   46.00000  8.00%  23.7 10215s
 2744605 341809   46.00000   35   28   50.00000   46.00000  8.00%  23.7 10232s
 2744638 341916     cutoff   36        50.00000   46.00000  8.00%  23.7 10235s
 2746655 341907   49.00000   57   16   50.00000   46.00000  8.00%  23.7 10259s
 2746704 343269   49.00000   58   14   50.00000   46.00000  8.00%  23.7 10267s
 2764722 343266 infeasible   58        50.00000   46.00000  8.00%  23.7 10284s
 2764759 343573 infeasible   58        50.00000   46.00000  8.00%  23.7 10287s
 2768038 343576 infeasible   40        50.00000   46.00000  8.00%  23.7 10303s
 2768147 343733   46.00000   46   11   50.00000   46.00000  8.00%  23.7 10308s
 2770865 343744   47.00000   41   18   50.00000   46.00000  8.00%  23.7 10333s
 2770896 344810 infeasible   42        50.00000   46.00000  8.00%  23.7 10338s
 2788914 344813 infeasible   48        50.00000   46.00000  8.00%  23.8 10354s
 2789001 344900   46.00000   49   16   50.00000   46.00000  8.00%  23.8 10358s
 2790986 344909   47.00000   49   15   50.00000   46.00000  8.00%  23.8 10368s
 2791109 345031 infeasible   50        50.00000   46.00000  8.00%  23.8 10374s
 2793029 345180     cutoff   61        50.00000   46.00000  8.00%  23.8 10387s
 2796472 345195 infeasible   59        50.00000   46.00000  8.00%  23.8 10406s
 2796649 345491 infeasible   52        50.00000   46.00000  8.00%  23.8 10414s
 2802963 345553   46.00000   40   17   50.00000   46.00000  8.00%  23.8 10431s
 2808821 345838   46.00000   39   14   50.00000   46.00000  8.00%  23.8 10451s
 2808857 346007 infeasible   40        50.00000   46.00000  8.00%  23.8 10455s
 2812388 346020   46.00000   60   13   50.00000   46.00000  8.00%  23.8 10475s
 2812410 346229   46.00000   61   14   50.00000   46.00000  8.00%  23.8 10480s
 2815772 346243   46.00000   47   10   50.00000   46.00000  8.00%  23.8 10499s
 2816410 347432 infeasible   48        50.00000   46.00000  8.00%  23.8 10505s
 2834428 347428   46.00000   35   18   50.00000   46.00000  8.00%  23.7 10522s
 2834507 347452 infeasible   36        50.00000   46.00000  8.00%  23.7 10531s
 2834911 347454 infeasible   46        50.00000   46.00000  8.00%  23.7 10541s
 2834942 347670   47.00000   46   12   50.00000   46.00000  8.00%  23.7 10546s
 2836358 347745   46.00000   60   13   50.00000   46.00000  8.00%  23.7 10557s
 2836906 347894   46.00000   49    8   50.00000   46.00000  8.00%  23.7 10563s
 2838882 347900   46.00000   50    9   50.00000   46.00000  8.00%  23.7 10584s
 2838944 348909   46.00000   51   10   50.00000   46.00000  8.00%  23.7 10593s
 2856962 348925 infeasible   47        50.00000   46.00000  8.00%  23.7 10605s
 2857255 349095   48.00000   47   18   50.00000   46.00000  8.00%  23.7 10612s
 2858922 349105 infeasible   53        50.00000   46.00000  8.00%  23.7 10623s
 2859011 349443 infeasible   54        50.00000   46.00000  8.00%  23.7 10629s
 2860385 349439 infeasible   55        50.00000   46.00000  8.00%  23.7 10636s
 2860520 349813 infeasible   56        50.00000   46.00000  8.00%  23.7 10644s
 2867553 349807   47.00000   37   19   50.00000   46.00000  8.00%  23.7 10667s
 2867595 349941   47.00000   38   17   50.00000   46.00000  8.00%  23.7 10672s
 2869302 349938 infeasible   52        50.00000   46.00000  8.00%  23.7 10684s
 2869356 350054 infeasible   43        50.00000   46.00000  8.00%  23.7 10691s
 2871707 350036 infeasible   42        50.00000   46.00000  8.00%  23.7 10704s
 2871984 349940   46.00000   41   33   50.00000   46.00000  8.00%  23.7 10711s
 2873709 349955   46.00000   43   14   50.00000   46.00000  8.00%  23.7 10728s
 2873732 350451   46.00000   44   12   50.00000   46.00000  8.00%  23.7 10735s
 2876021 350403 infeasible   53        50.00000   46.00000  8.00%  23.7 10745s
 2876793 350527     cutoff   54        50.00000   46.00000  8.00%  23.7 10753s
 2879365 350591 infeasible   45        50.00000   46.00000  8.00%  23.7 10767s
 2880024 350942 infeasible   42        50.00000   46.00000  8.00%  23.7 10771s
 2885403 350942   46.00000   34   20   50.00000   46.00000  8.00%  23.7 10800s

Explored 2885440 nodes (68484489 simplex iterations) in 10800.19 seconds (988.34 work units)
Thread count was 18 (of 36 available processors)

Solution count 10: 50 50 50 ... 59

Time limit reached
Best objective 4.999999900875e+01, best bound 4.600000000000e+01, gap 8.0000%
