
Gurobi 11.0.0 (win64) logging started Tue May  7 21:48:19 2024

Set parameter LogFile to value "./Results/StripPacking-CutHeurRuns/Logs/SBL-111-StripPacking-25.log"
Set parameter TimeLimit to value 10800
Set parameter Cuts to value 1
Set parameter Presolve to value 1
Set parameter Heuristics to value 1
Set parameter LPWarmStart to value 2
Gurobi Optimizer version 11.0.0 build v11.0.0rc2 (win64 - Windows 10.0 (19045.2))

CPU model: Intel(R) Core(TM) i9-10980XE CPU @ 3.00GHz, instruction set [SSE2|AVX|AVX2|AVX512]
Thread count: 18 physical cores, 36 logical processors, using up to 18 threads

Optimize a model with 3625 rows, 651 columns and 12050 nonzeros
Model fingerprint: 0x42a1f42f
Variable types: 51 continuous, 600 integer (600 binary)
Coefficient statistics:
  Matrix range     [1e+00, 1e+04]
  Objective range  [1e+00, 1e+00]
  Bounds range     [1e+00, 1e+04]
  RHS range        [5e-01, 1e+04]

Warning: Completing partial solution with 600 unfixed non-continuous variables out of 600
User MIP start produced solution with objective 102.2 (0.02s)
Loaded user MIP start with objective 102.2

Presolve removed 600 rows and 0 columns
Presolve time: 0.02s
Presolved: 3025 rows, 651 columns, 10250 nonzeros
Variable types: 51 continuous, 600 integer (600 binary)

Root relaxation: objective 3.500000e+01, 357 iterations, 0.02 seconds (0.02 work units)

    Nodes    |    Current Node    |     Objective Bounds      |     Work
 Expl Unexpl |  Obj  Depth IntInf | Incumbent    BestBd   Gap | It/Node Time

     0     0   35.00000    0   68  102.20000   35.00000  65.8%     -    0s
H    0     0                     101.0000000   35.00000  65.3%     -    0s
H    0     0                     100.0000000   35.00000  65.0%     -    0s
     0     0   35.00000    0  134  100.00000   35.00000  65.0%     -    0s
     0     0   35.00000    0  133  100.00000   35.00000  65.0%     -    0s
H    0     0                      98.0000000   35.00000  64.3%     -    0s
     0     0   35.00000    0   65   98.00000   35.00000  64.3%     -    0s
     0     0   35.00000    0   76   98.00000   35.00000  64.3%     -    0s
     0     0   35.00000    0   59   98.00000   35.00000  64.3%     -    0s
     0     0   35.00000    0   82   98.00000   35.00000  64.3%     -    0s
     0     0   35.00000    0   81   98.00000   35.00000  64.3%     -    1s
H    0     0                      95.0000000   35.00000  63.2%     -    1s
     0     0   35.00000    0   85   95.00000   35.00000  63.2%     -    1s
     0     0   35.00000    0   81   95.00000   35.00000  63.2%     -    1s
     0     0   35.00000    0   94   95.00000   35.00000  63.2%     -    1s
     0     0   35.00000    0   72   95.00000   35.00000  63.2%     -    2s
     0     0   35.00000    0   72   95.00000   35.00000  63.2%     -    2s
H    0     0                      90.0000000   35.00000  61.1%     -    2s
     0     2   35.00000    0   59   90.00000   35.00000  61.1%     -    2s
H   85   104                      84.0000000   35.00000  58.3%  94.2   15s
H  103   122                      84.0000000   35.00000  58.3%  86.9   29s
H  104   122                      83.0000000   35.00000  57.8%  86.4   29s
   245   769   35.00000   13  108   83.00000   35.00000  57.8%  64.0   31s
   768   838   35.00000   39  130   83.00000   35.00000  57.8%  44.1   49s
H  791   838                      83.0000000   35.00000  57.8%  44.8   49s
   837  1455   37.19765   44  116   83.00000   35.00000  57.8%  44.3   63s
H 1126  1455                      82.0000000   35.00000  57.3%  39.8   63s
  1494  2163   46.00000   21   71   82.00000   35.00000  57.3%  36.9   84s
H 2001  2163                      82.0000000   35.00000  57.3%  32.9   84s
  2314  2224   46.00000   35   87   82.00000   35.00000  57.3%  31.6  107s
  2383  3583   46.00000   36   83   82.00000   35.00000  57.3%  31.2  129s
  4148  3771   78.00000  121   47   82.00000   35.00000  57.3%  25.0  151s
  4425  3782   35.00000   26   73   82.00000   35.00000  57.3%  24.7  155s
  4534  3874   35.12368   18  131   82.00000   35.00000  57.3%  31.0  165s
  4981  4171   35.09901   27   98   82.00000   35.00000  57.3%  34.6  176s
  4999  4183   35.09901   28   93   82.00000   35.00000  57.3%  34.7  201s
  5017  4632   37.82882   28   91   82.00000   35.00000  57.3%  34.7  209s
  5483  4493   51.00000   42   68   82.00000   35.00000  57.3%  34.7  235s
  5502  4504   51.00000   42   68   82.00000   35.00000  57.3%  34.7  245s
  5521  4690   51.00000   43   68   82.00000   35.00000  57.3%  34.7  263s
  5733  4637   51.00000   47   62   82.00000   35.00000  57.3%  34.5  276s
  6561  5162   63.00000   70   66   82.00000   35.00000  57.3%  33.0  312s
  7166  5459   63.00000   85   49   82.00000   35.00000  57.3%  32.0  328s
  7189  5474   63.00000   86   53   82.00000   35.00000  57.3%  32.0  340s
  7233  5474   63.00000   87   47   82.00000   35.00000  57.3%  31.9  354s
  7254  5849   63.00000   87   49   82.00000   35.00000  57.3%  31.9  362s
  7791  5685   71.00000  101   49   82.00000   35.00000  57.3%  31.7  380s
H 7793  5420                      81.0000000   35.00000  56.8%  31.7  380s
  8424  5672   79.00000  114   28   81.00000   35.00000  56.8%  32.2  401s
  8454  5672   71.00000  115   37   81.00000   35.00000  56.8%  32.3  415s
  8486  5828   77.00000  115   30   81.00000   35.00000  56.8%  32.5  433s
  8706  5799 infeasible  121        81.00000   35.00000  56.8%  32.3  451s
  8780  6109   71.00000  122   35   81.00000   35.00000  56.8%  32.4  464s
  9244  5973   71.00000  132   30   81.00000   35.00000  56.8%  33.0  485s
  9262  7050 infeasible  133        81.00000   35.00000  56.8%  33.0  490s
 10644  6605   80.00000   76   48   81.00000   35.00000  56.8%  33.7  518s
H10652  6422                      81.0000000   35.00000  56.8%  33.7  518s
 10664  6935 infeasible   77        81.00000   35.00000  56.8%  33.8  521s
 11383  6706   66.00000   54   50   81.00000   35.00000  56.8%  33.5  533s
H11389  6231                      80.0000000   35.00000  56.3%  33.5  533s
 11409  6231   66.00000   55   49   80.00000   35.00000  56.3%  33.7  545s
H11430  6061                      80.0000000   35.00000  56.2%  33.8  546s
 11437  6124   66.00000   56   48   80.00000   35.00000  56.2%  33.8  556s
 11518  6113   66.00000   57   45   80.00000   35.00000  56.2%  33.8  569s
 11538  6482   69.00000   58   46   80.00000   35.00000  56.2%  33.8  597s
 12010  6338   36.77781   18  161   80.00000   35.00000  56.2%  33.9  610s
 12033  6431   38.15068   19  146   80.00000   35.00000  56.2%  33.9  626s
 12213  6385   55.00000   22   93   80.00000   35.00000  56.2%  33.8  639s
 12235  7327   55.00000   23   90   80.00000   35.00000  56.2%  33.8  644s
 13529  6913   35.03417   32  141   80.00000   35.00000  56.2%  35.2  674s
 13547  8281   35.03417   31  113   80.00000   35.00000  56.2%  35.3  689s
 15312  8259 infeasible   70        80.00000   35.00000  56.2%  35.4  698s
 15341  9355   78.00000   71   58   80.00000   35.00000  56.2%  35.5  716s
 16639  9372 infeasible   80        80.00000   35.00000  56.2%  35.0  734s
 16658 10515   79.00000   81   30   80.00000   35.00000  56.2%  35.0  751s
 18141 10532   79.00000   49   53   80.00000   35.00000  56.2%  34.6  804s
 18160 11638   79.00000   50   48   80.00000   35.00000  56.2%  34.7  826s
 19554 11652   45.00000   25   76   80.00000   35.00000  56.2%  34.8  854s
 19576 12734   45.00000   26   75   80.00000   35.00000  56.2%  34.8  872s
 21084 12748   76.00000   76   33   80.00000   35.00000  56.2%  34.6  907s
 21106 13793 infeasible   77        80.00000   35.00000  56.2%  34.6  925s
 22543 14858 infeasible   86        80.00000   35.00000  56.2%  34.6  985s
 23894 18761   79.00000   85   15   80.00000   35.00000  56.2%  34.8 1027s
 29096 18771   78.00000   57   28   80.00000   35.00000  56.2%  34.8 1138s
 29122 19253   78.00000   58   30   80.00000   35.00000  56.2%  34.8 1176s
 29667 19273   78.00000   60   32   80.00000   35.00000  56.2%  34.7 1203s
 29687 19409   78.00000   61   30   80.00000   35.00000  56.2%  34.7 1231s
 29871 19434     cutoff   66        80.00000   35.00000  56.2%  34.7 1261s
 29900 20529   35.36582   29  139   80.00000   35.00000  56.2%  34.7 1321s
 31365 20544   35.00178   28  174   80.00000   35.00000  56.2%  34.6 1365s
 31386 21368   35.00000   29  168   80.00000   35.00000  56.2%  34.6 1414s
 32411 21385   57.00000   59   81   80.00000   35.00000  56.2%  34.5 1475s
 32429 22971   57.00000   59   78   80.00000   35.00000  56.2%  34.5 1503s
 34457 23064   64.00000   62   51   80.00000   35.00000  56.2%  34.6 1560s
 34576 24407   64.00000   63   56   80.00000   35.00000  56.2%  34.6 1585s
 36396 24420 infeasible  103        80.00000   35.00000  56.2%  34.5 1688s
 36419 25572 infeasible  104        80.00000   35.00000  56.2%  34.5 1733s
 38061 25622   64.00000   32   71   80.00000   35.00000  56.2%  34.3 1814s
 38137 27170   64.00000   36   73   80.00000   35.00000  56.2%  34.3 1853s
 40155 27253   70.00000   49   53   80.00000   35.00000  56.2%  34.3 1925s
 40254 28348   70.00000   50   48   80.00000   35.00000  56.2%  34.3 1998s
 41706 28394   51.00000   30   72   80.00000   35.00000  56.2%  34.6 2064s
 41770 29849   51.00000   30   82   80.00000   35.00000  56.2%  34.7 2148s
H43710 25108                      78.0000000   35.00000  55.1%  34.4 2233s
 44145 29338     cutoff   71        78.00000   35.00000  55.1%  34.4 2327s
H46367 29338                      78.0000000   35.00000  55.1%  34.3 2328s
H47192 27958                      77.0000000   35.00000  54.5%  34.4 2328s
 50275 30537 infeasible   61        77.00000   35.00000  54.5%  34.5 2506s
 54456 34193   73.00000   76   36   77.00000   35.00000  54.5%  34.5 2611s
 59651 34898   76.00000   48   53   77.00000   35.00000  54.5%  34.6 2727s
 60648 35582   76.00000   49   54   77.00000   35.00000  54.5%  34.6 2838s
H60833 35576                      77.0000000   35.00000  54.5%  34.6 2838s
 61554 35592   51.00000   51   75   77.00000   35.00000  54.5%  34.6 2998s
 61576 38527   51.00000   52   75   77.00000   35.00000  54.5%  34.6 3110s
 65782 39086   76.00000   67   40   77.00000   35.00000  54.5%  34.7 3211s
 66552 41340   73.00000   49   31   77.00000   35.00000  54.5%  34.8 3319s
 69888 41933   76.00000   72   32   77.00000   35.00000  54.5%  34.8 3406s
 70910 43615   74.00000   74   40   77.00000   35.00000  54.5%  34.8 3511s
 73377 46709   58.00000   43   78   77.00000   35.00000  54.5%  34.8 3675s
 77842 46927   75.00000   48   48   77.00000   35.00000  54.5%  34.7 3765s
 78162 46963   62.00000   37   76   77.00000   35.00000  54.5%  34.7 3868s
H78177 43615                      76.0000000   35.00000  53.9%  34.7 3868s
 78212 48461   62.00000   39   70   76.00000   35.00000  53.9%  34.7 4015s
 85047 48477   35.09109   23  133   76.00000   35.00000  53.9%  34.9 4134s
H85060 48461                      76.0000000   35.00000  53.9%  34.9 4134s
 85066 50919   35.09109   24  132   76.00000   35.00000  53.9%  34.9 4219s
 88476 50931   62.00000   43   74   76.00000   35.00000  53.9%  35.0 4336s
 88500 54037   62.00000   44   72   76.00000   35.00000  53.9%  35.0 4443s
 93080 54053     cutoff   68        76.00000   35.00000  53.9%  35.0 4524s
 93100 56149   73.00000   69   47   76.00000   35.00000  53.9%  35.0 4608s
 96280 58484   75.00000   82   39   76.00000   35.00000  53.9%  34.9 4786s
 99771 63258 infeasible   70        76.00000   35.00000  53.9%  35.0 4944s
 103414 63258   39.00000   22   87   76.00000   35.00000  53.9%  35.0 4945s
 106878 63274   75.00000   46   44   76.00000   35.00000  53.9%  35.0 5103s
 106898 66996   75.00000   47   43   76.00000   35.00000  53.9%  35.0 5217s
 112377 67007   74.00000   58   28   76.00000   35.00000  53.9%  35.1 5368s
 112402 69178   74.00000   59   34   76.00000   35.00000  53.9%  35.1 5471s
 115384 69187   74.00000   62   52   76.00000   35.00000  53.9%  35.1 5610s
 115411 70890   74.00000   63   50   76.00000   35.00000  53.9%  35.1 5711s
 117914 70899   66.00000   53   59   76.00000   35.00000  53.9%  35.0 5798s
 117941 77707   66.00000   54   57   76.00000   35.00000  53.9%  35.0 6013s
 127567 77724   67.00000   46   54   76.00000   35.00000  53.9%  35.2 6128s
 127586 79525   67.00000   47   57   76.00000   35.00000  53.9%  35.2 6231s
 130281 79543   73.00000   51   57   76.00000   35.00000  53.9%  35.2 6347s
 130299 81072   73.00000   52   55   76.00000   35.00000  53.9%  35.2 6443s
 132691 81153   73.00000   62   61   76.00000   35.00000  53.9%  35.3 6516s
 132818 83131   73.00000   63   62   76.00000   35.00000  53.9%  35.3 6614s
 135417 83146   66.00000   82   33   76.00000   35.00000  53.9%  35.3 6681s
 135438 84113   66.00000   83   34   76.00000   35.00000  53.9%  35.3 6758s
 136900 84120   64.00000   57   43   76.00000   35.00000  53.9%  35.3 6852s
 136929 86322 infeasible   58        76.00000   35.00000  53.9%  35.3 6954s
 140091 87791   71.00000   75   35   76.00000   35.00000  53.9%  35.3 7120s
 142266 98871   62.00000   34   84   76.00000   35.00000  53.9%  35.3 7469s
 143267 98871     cutoff   63        76.00000   35.00000  53.9%  35.3 7470s
 158431 98924   75.00000   64   48   76.00000   35.00000  53.9%  35.3 7613s
 158506 99477   75.00000   65   49   76.00000   35.00000  53.9%  35.3 7698s
 159334 99499 infeasible   70        76.00000   35.00000  53.9%  35.3 7743s
 159380 99761   35.00000   24  162   76.00000   35.00000  53.9%  35.3 7793s
 159745 99891   43.00000   39  103   76.00000   35.00000  53.9%  35.3 7878s
 159939 99924   71.00000   62   40   76.00000   35.00000  53.9%  35.3 7947s
 159992 101730   35.92999   32  131   76.00000   35.00000  53.9%  35.3 8046s
 162509 102929   71.00000   52   65   76.00000   35.00000  53.9%  35.3 8216s
 164396 114792   44.00000   42   94   76.00000   35.00000  53.9%  35.2 8584s
 166398 114792   74.00000   64   44   76.00000   35.00000  53.9%  35.2 8585s
 182414 114809   75.00000   70   24   76.00000   35.00000  53.9%  35.1 8715s
 182433 116097   75.00000   71   24   76.00000   35.00000  53.9%  35.1 8812s
 184261 116161   62.00000   61   74   76.00000   35.00000  53.9%  35.1 8941s
 184386 128671   62.00000   62   73   76.00000   35.00000  53.9%  35.1 9333s
 202404 128685   68.00000   59   56   76.00000   35.00000  53.9%  35.1 9476s
 202426 130153   68.00000   60   56   76.00000   35.00000  53.9%  35.1 9583s
 204587 130196   69.00000   81   33   76.00000   35.00000  53.9%  35.1 9672s
 204668 130463   69.00000   81   33   76.00000   35.00000  53.9%  35.1 9781s
 205031 130480   69.00000   91   20   76.00000   35.00000  53.9%  35.1 9945s
 205050 131649   69.00000   92   18   76.00000   35.00000  53.9%  35.1 10086s
 206625 133148   36.75710   25  143   76.00000   35.00000  53.9%  35.1 10251s
 208850 140823   74.00000   66   71   76.00000   35.00000  53.9%  35.1 10553s
 213313 140823   62.00000   37   69   76.00000   35.00000  53.9%  35.1 10555s
 220126 140838   54.00000   44   85   76.00000   35.00000  53.9%  35.2 10732s
 220147 141915   63.00000   45   80   76.00000   35.00000  53.9%  35.2 10800s

Cutting planes:
  Learned: 9640
  Gomory: 19
  Cover: 100
  MIR: 379
  StrongCG: 8
  Flow cover: 1184
  RLT: 154

Explored 221609 nodes (7805857 simplex iterations) in 10801.05 seconds (1191.99 work units)
Thread count was 18 (of 36 available processors)

Solution count 10: 76 76 77 ... 81

Time limit reached
Best objective 7.599999999230e+01, best bound 3.500000000000e+01, gap 53.9474%
