
Gurobi 11.0.0 (win64) logging started Mon May  6 09:46:50 2024

Set parameter LogFile to value "./Results/StripPacking-CutHeurRuns/Logs/SBL-110-StripPacking-20.log"
Set parameter TimeLimit to value 10800
Set parameter Cuts to value 1
Set parameter Presolve to value 1
Set parameter Heuristics to value 0
Set parameter LPWarmStart to value 2
Gurobi Optimizer version 11.0.0 build v11.0.0rc2 (win64 - Windows 10.0 (19045.2))

CPU model: Intel(R) Core(TM) i9-10980XE CPU @ 3.00GHz, instruction set [SSE2|AVX|AVX2|AVX512]
Thread count: 18 physical cores, 36 logical processors, using up to 18 threads

Optimize a model with 3625 rows, 651 columns and 12050 nonzeros
Model fingerprint: 0x00092d0f
Variable types: 51 continuous, 600 integer (600 binary)
Coefficient statistics:
  Matrix range     [1e+00, 1e+04]
  Objective range  [1e+00, 1e+00]
  Bounds range     [1e+00, 1e+04]
  RHS range        [5e-01, 1e+04]

Warning: Completing partial solution with 600 unfixed non-continuous variables out of 600
User MIP start produced solution with objective 104.8 (0.02s)
Loaded user MIP start with objective 104.8

Presolve removed 600 rows and 0 columns
Presolve time: 0.05s
Presolved: 3025 rows, 651 columns, 10250 nonzeros
Variable types: 51 continuous, 600 integer (600 binary)

Root relaxation: objective 3.600000e+01, 394 iterations, 0.02 seconds (0.02 work units)

    Nodes    |    Current Node    |     Objective Bounds      |     Work
 Expl Unexpl |  Obj  Depth IntInf | Incumbent    BestBd   Gap | It/Node Time

     0     0   36.00000    0   55  104.80000   36.00000  65.6%     -    0s
     0     0   36.00000    0   99  104.80000   36.00000  65.6%     -    0s
     0     0   36.00000    0   93  104.80000   36.00000  65.6%     -    0s
     0     0   36.00000    0   80  104.80000   36.00000  65.6%     -    0s
     0     0   36.00000    0   77  104.80000   36.00000  65.6%     -    0s
     0     0   36.00000    0   78  104.80000   36.00000  65.6%     -    1s
     0     0   36.00000    0  105  104.80000   36.00000  65.6%     -    1s
     0     0   36.00000    0   71  104.80000   36.00000  65.6%     -    1s
     0     0   36.00000    0   97  104.80000   36.00000  65.6%     -    1s
     0     0   36.00000    0   71  104.80000   36.00000  65.6%     -    1s
     0     0   36.00000    0   71  104.80000   36.00000  65.6%     -    1s
     0     2   36.00000    0   65  104.80000   36.00000  65.6%     -    2s
   908  1627   70.00000   53   56  104.80000   36.00000  65.6%  53.5    5s
  5048  4427   36.88374   16   68  104.80000   36.00000  65.6%  24.2   10s
* 6472  5124             107     103.0000000   36.00000  65.0%  32.6   14s
  6511  5369   59.00000   43   63  103.00000   36.00000  65.0%  32.6   15s
* 8002  5809             104     102.0000000   36.00000  64.7%  30.8   17s
* 8448  6003             135     101.0000000   36.00000  64.4%  30.2   19s
  9060  6414   82.00000  113   36  101.00000   36.00000  64.4%  29.3   21s
* 9116  6139             132     100.0000000   36.00000  64.0%  29.2   21s
* 9382  5759             171      98.0000000   36.00000  63.3%  28.9   21s
* 9590  5693             164      97.0000000   36.00000  62.9%  28.6   21s
*10200  5607             145      96.0000000   36.00000  62.5%  28.8   24s
*10255  5196             177      93.0000000   36.00000  61.3%  28.9   24s
 10710  5646   40.00000   32  156   93.00000   36.00000  61.3%  29.9   25s
 12836  6609   71.00000   39   96   93.00000   36.00000  61.3%  29.5   30s
 14523  7521 infeasible  108        93.00000   36.00000  61.3%  29.2   35s
*15293  7209             124      92.0000000   36.00000  60.9%  29.3   38s
 15650  7585     cutoff   49        92.00000   36.00000  60.9%  29.4   40s
 16698  8480   50.00000   26   62   92.00000   36.00000  60.9%  29.6   45s
 18072  9511   57.00000   62   89   92.00000   36.00000  60.9%  29.5   51s
 19518 10745     cutoff   76        92.00000   36.00000  60.9%  29.8   58s
 20267 11420   91.00000   81   58   92.00000   36.00000  60.9%  30.0   62s
*20913 10615             135      91.0000000   36.00000  60.4%  29.8   62s
 21099 11126   86.00000  109   26   91.00000   36.00000  60.4%  29.7   65s
*21740 10243             156      90.0000000   36.00000  60.0%  29.4   65s
 22028 10771   36.97015   21  158   90.00000   36.00000  60.0%  29.5   70s
 23789 12259   36.00000   22  128   90.00000   36.00000  60.0%  30.0   79s
 24809 12965   78.00000   68   32   90.00000   36.00000  60.0%  30.0   84s
 25690 13795   36.00000   24  149   90.00000   36.00000  60.0%  30.1   91s
 26882 14592   59.00000   40   56   90.00000   36.00000  60.0%  30.1   96s
 28014 15584   85.00000   93   30   90.00000   36.00000  60.0%  30.0  102s
 29222 16717   51.00000   29   73   90.00000   36.00000  60.0%  30.0  108s
 30579 17579 infeasible  101        90.00000   36.00000  60.0%  29.8  113s
 31719 18539   89.00000   67   37   90.00000   36.00000  60.0%  29.9  121s
 33083 19495   71.00000   50   62   90.00000   36.00000  60.0%  29.8  128s
 34487 20490   57.00000   46  116   90.00000   36.00000  60.0%  29.8  135s
 35887 21435   36.65717   22  104   90.00000   36.00000  60.0%  29.8  143s
 37270 22547   59.00000   26   81   90.00000   36.00000  60.0%  29.9  152s
 38764 23659   89.00000  134   12   90.00000   36.00000  60.0%  30.0  158s
 40312 24950   89.00000   76   34   90.00000   36.00000  60.0%  30.0  167s
 41986 26317 infeasible  109        90.00000   36.00000  60.0%  30.0  174s
 43799 27812   82.00000   51   64   90.00000   36.00000  60.0%  29.8  180s
 45523 29066   89.00000   86   30   90.00000   36.00000  60.0%  29.7  191s
 47377 30449   80.00000   62   60   90.00000   36.00000  60.0%  29.6  199s
 49242 31960   36.82058   27  158   90.00000   36.00000  60.0%  29.6  213s
*50434 28392             137      89.0000000   36.00000  59.6%  29.6  213s
 51207 29712     cutoff   83        89.00000   36.00000  59.6%  29.5  224s
 53305 31089   87.00000   39   55   89.00000   36.00000  59.6%  29.6  234s
 55235 32719   36.16122   26  138   89.00000   36.00000  59.6%  29.7  249s
 57310 34228   75.00000   88   51   89.00000   36.00000  59.6%  29.7  260s
*57400 31375             131      88.0000000   36.00000  59.1%  29.6  260s
 59564 32583   78.00000   49   67   88.00000   36.00000  59.1%  29.6  274s
 61457 34176   87.00000   74   18   88.00000   36.00000  59.1%  29.7  285s
 63589 35661   79.00000  103   40   88.00000   36.00000  59.1%  29.6  295s
*63675 33156             171      87.0000000   36.00000  58.6%  29.6  295s
 65637 34245   72.00000   37   71   87.00000   36.00000  58.6%  29.6  307s
*67297 32238             103      86.0000000   36.00000  58.1%  29.7  307s
 67427 33935   84.00000   84   31   86.00000   36.00000  58.1%  29.7  318s
 69701 35437   84.00000   60   52   86.00000   36.00000  58.1%  29.7  332s
 71825 37126   83.00000   39   52   86.00000   36.00000  58.1%  29.5  343s
 73986 38593     cutoff   79        86.00000   36.00000  58.1%  29.5  353s
 75986 40090 infeasible   81        86.00000   36.00000  58.1%  29.6  367s
 77954 41528   79.00000   38   57   86.00000   36.00000  58.1%  29.7  378s
 80073 42885   37.35332   23  136   86.00000   36.00000  58.1%  29.7  392s
 81923 44583   84.00000  123   12   86.00000   36.00000  58.1%  29.8  401s
 84039 45954   79.00000   61   35   86.00000   36.00000  58.1%  29.8  411s
 85992 47324   81.00000   46   61   86.00000   36.00000  58.1%  29.8  425s
 88000 48699   78.00000   47   42   86.00000   36.00000  58.1%  29.8  434s
 89806 50089   84.00000   81   28   86.00000   36.00000  58.1%  29.8  445s
 91603 51689   85.00000  107   15   86.00000   36.00000  58.1%  29.8  459s
 93781 53213   46.00000   23   84   86.00000   36.00000  58.1%  29.7  469s
 95897 54723   36.08229   24  167   86.00000   36.00000  58.1%  29.7  479s
 97840 56103   85.00000   53   54   86.00000   36.00000  58.1%  29.8  493s
 99741 57499   58.00000   26   74   86.00000   36.00000  58.1%  29.7  502s
 101877 58882   85.00000   81   45   86.00000   36.00000  58.1%  29.7  514s
 102698 58882   85.00000   57   49   86.00000   36.00000  58.1%  29.7  515s
 103765 60229   49.00000   28   88   86.00000   36.00000  58.1%  29.7  525s
 105646 61698   37.00000   26  116   86.00000   36.00000  58.1%  29.8  538s
*106084 55428             104      85.0000000   36.00000  57.6%  29.8  538s
 107657 56694 infeasible   63        85.00000   36.00000  57.6%  29.8  548s
 109752 57949   83.00000   82   26   85.00000   36.00000  57.6%  29.7  557s
 111465 59265   83.00000   91   22   85.00000   36.00000  57.6%  29.7  571s
 113357 60501 infeasible   66        85.00000   36.00000  57.6%  29.7  582s
 115275 61695 infeasible   80        85.00000   36.00000  57.6%  29.7  592s
*117082 56403             108      84.0000000   36.00000  57.1%  29.7  592s
 117208 57930     cutoff   91        84.00000   36.00000  57.1%  29.7  606s
 119189 59218 infeasible  101        84.00000   36.00000  57.1%  29.7  616s
 121145 60466   82.00000   63   28   84.00000   36.00000  57.1%  29.7  626s
 123016 61888   83.00000  107   24   84.00000   36.00000  57.1%  29.7  635s
 124897 63105   81.00000   51   42   84.00000   36.00000  57.1%  29.8  650s
 126698 64416   61.00000   33   82   84.00000   36.00000  57.1%  29.8  660s
 128561 65519 infeasible  134        84.00000   36.00000  57.1%  29.8  673s
 129997 66935   83.00000   66   41   84.00000   36.00000  57.1%  29.9  684s
 131945 68013   78.00000   57   67   84.00000   36.00000  57.1%  29.9  696s
 133418 69407   72.00000   54   59   84.00000   36.00000  57.1%  29.9  704s
 135316 70663   78.00000  114   16   84.00000   36.00000  57.1%  29.9  715s
 137263 71886   80.00000   48   35   84.00000   36.00000  57.1%  29.9  730s
 139057 73177   71.00000   37   56   84.00000   36.00000  57.1%  29.9  741s
 140903 74466   77.00000   42   54   84.00000   36.00000  57.1%  29.9  757s
 142706 75722 infeasible   84        84.00000   36.00000  57.1%  30.0  767s
 144628 76788   50.00000   26   81   84.00000   36.00000  57.1%  30.0  777s
 146420 78012   83.00000   53   33   84.00000   36.00000  57.1%  30.0  793s
 148221 79374   81.00000   62   65   84.00000   36.00000  57.1%  30.0  802s
 150043 80570   60.00000   31   99   84.00000   36.00000  57.1%  30.0  814s
 151862 81940   82.00000   39   63   84.00000   36.00000  57.1%  30.0  830s
 153635 82883   83.00000  105   11   84.00000   36.03248  57.1%  30.0  838s
 155010 84282   72.00000   32   50   84.00000   36.07298  57.1%  30.0  850s
 156812 85390   82.00000   86   36   84.00000   36.07605  57.1%  30.0  866s
 158688 86643   57.00000   26   94   84.00000   36.07605  57.1%  30.0  879s
 160393 88018   68.00000   75   74   84.00000   36.09690  57.0%  30.0  891s
 162404 89542   59.00000   36   84   84.00000   36.15130  57.0%  30.0  907s
 164349 90977   76.00000   33   48   84.00000   36.15541  57.0%  30.0  918s
 166294 92274   81.00000   88   33   84.00000   36.15934  57.0%  30.0  930s
 168250 93470   83.00000   89   21   84.00000   36.16444  56.9%  30.0  946s
 170052 94649 infeasible   84        84.00000   36.17263  56.9%  30.0  958s
 171885 95907 infeasible   56        84.00000   36.17352  56.9%  30.0  969s
 173796 97182   53.00000   27   85   84.00000   36.19610  56.9%  30.0  987s
 175587 98260   83.00000   73   28   84.00000   36.22699  56.9%  30.0  997s
 177064 99461   65.00000   46   57   84.00000   36.23007  56.9%  30.0 1008s
 178847 100627 infeasible   68        84.00000   36.23007  56.9%  30.0 1025s
 180536 101967   51.00000   33  108   84.00000   36.24192  56.9%  30.1 1035s
 182382 103137   51.00000   47  123   84.00000   36.25966  56.8%  30.1 1049s
 184310 104321   83.00000   61   36   84.00000   36.26966  56.8%  30.1 1066s
 186041 105775   57.00000   29   70   84.00000   36.26966  56.8%  30.1 1077s
 188049 107058   83.00000   73   48   84.00000   36.26966  56.8%  30.1 1089s
 189632 107058   79.00000   74   29   84.00000   36.28333  56.8%  30.1 1090s
 189951 108229   79.00000   88   30   84.00000   36.28333  56.8%  30.1 1106s
 191758 109378   75.00000   29   61   84.00000   36.28401  56.8%  30.1 1119s
 193474 110706   82.00000   53   50   84.00000   36.28401  56.8%  30.1 1131s
 195367 111996   64.00000   30   90   84.00000   36.28401  56.8%  30.1 1146s
 196978 112985   83.00000   68   40   84.00000   36.29904  56.8%  30.2 1158s
 198461 114009 infeasible   80        84.00000   36.30960  56.8%  30.1 1169s
 199919 115295   51.00000   26   70   84.00000   36.30960  56.8%  30.2 1186s
 201640 116691   83.00000   64   48   84.00000   36.34585  56.7%  30.2 1196s
 203544 118021   82.00000   54   57   84.00000   36.35294  56.7%  30.2 1207s
 205405 119196   81.00000   51   63   84.00000   36.37866  56.7%  30.2 1224s
 207140 120436   74.00000   37   55   84.00000   36.37866  56.7%  30.2 1236s
 209082 121815   36.56349   22  156   84.00000   36.39265  56.7%  30.1 1249s
 210927 123024   83.00000   58   47   84.00000   36.40128  56.7%  30.2 1266s
 212627 124286   83.00000   68   51   84.00000   36.40407  56.7%  30.2 1279s
 214467 125597   60.00000   26   88   84.00000   36.42347  56.6%  30.2 1293s
 216341 127003   83.00000   77   46   84.00000   36.42347  56.6%  30.2 1310s
 218199 128220   75.00000   63   49   84.00000   36.45787  56.6%  30.2 1322s
 220040 129413   82.00000   67   61   84.00000   36.49346  56.6%  30.2 1334s
 221751 130343   39.66154   30  132   84.00000   36.50016  56.5%  30.2 1349s
 223139 131607   59.00000   28  119   84.00000   36.52398  56.5%  30.2 1362s
 225045 133002   83.00000   54   21   84.00000   36.54296  56.5%  30.2 1373s
 227057 134338   81.00000   56   88   84.00000   36.54296  56.5%  30.2 1391s
 228812 135497   73.00000   64   62   84.00000   36.55920  56.5%  30.2 1403s
 230501 136914   82.00000   59   55   84.00000   36.56735  56.5%  30.3 1415s
 232451 138260   72.00000   60   39   84.00000   36.57780  56.5%  30.3 1433s
 234246 139484   82.00000   70   45   84.00000   36.57780  56.5%  30.3 1444s
 235896 140551   83.00000   47   69   84.00000   36.59287  56.4%  30.3 1457s
 237407 141934   46.00000   27  140   84.00000   36.59287  56.4%  30.3 1478s
 239446 143194   81.00000   54   47   84.00000   36.62776  56.4%  30.3 1491s
 241286 144565   63.00000   29  101   84.00000   36.63041  56.4%  30.3 1502s
 243082 145725   83.00000   93   24   84.00000   36.63041  56.4%  30.3 1522s
 245003 146763   38.82264   28  112   84.00000   36.63041  56.4%  30.3 1532s
 246429 148229   72.00000   44   55   84.00000   36.63041  56.4%  30.3 1545s
 248297 149498   76.00000   56   62   84.00000   36.71099  56.3%  30.3 1565s
 250052 150764   53.00000   29   83   84.00000   36.73129  56.3%  30.4 1578s
 251948 152093   68.00000   61   77   84.00000   36.75184  56.2%  30.4 1592s
 253883 153333   78.00000   63   45   84.00000   36.75780  56.2%  30.4 1611s
 255659 154604   79.00000   39   49   84.00000   36.76954  56.2%  30.4 1624s
 257495 156224   71.00000   23   79   84.00000   36.77117  56.2%  30.4 1635s
 259456 157498   80.00000   85   21   84.00000   36.78638  56.2%  30.4 1653s
 261156 158902   60.00000   60   98   84.00000   36.80890  56.2%  30.4 1665s
 263069 160084   73.00000   59   67   84.00000   36.81427  56.2%  30.4 1684s
 264806 161381   42.00000   25  121   84.00000   36.81542  56.2%  30.4 1697s
 266620 162642   81.00000   67   64   84.00000   36.83953  56.1%  30.4 1710s
 268681 163737   39.61549   30  187   84.00000   36.84034  56.1%  30.4 1728s
 270190 164978 infeasible   87        84.00000   36.84034  56.1%  30.4 1740s
 272050 165786   82.00000   60   69   84.00000   36.84225  56.1%  30.4 1753s
 273452 167118   77.00000   56   52   84.00000   36.85418  56.1%  30.4 1773s
 275289 168459   58.00000   29   91   84.00000   36.85418  56.1%  30.4 1788s
 277228 169919   50.00000   33  135   84.00000   36.87137  56.1%  30.4 1800s
 279096 171242   42.67685   32   92   84.00000   36.87137  56.1%  30.4 1820s
 280875 172667   57.00000   50   77   84.00000   36.90314  56.1%  30.4 1831s
 282762 173995     cutoff  100        84.00000   36.90314  56.1%  30.4 1845s
 284531 175185   78.00000   37   61   84.00000   36.96774  56.0%  30.4 1865s
 286331 176544   60.00000   37   60   84.00000   36.98717  56.0%  30.4 1879s
 288376 178064   48.00000   30  106   84.00000   37.00000  56.0%  30.4 1894s
 290448 179057 infeasible   91        84.00000   37.00000  56.0%  30.4 1911s
 292085 180377   83.00000   63   49   84.00000   37.00000  56.0%  30.4 1925s
 294047 181467   77.00000   54   37   84.00000   37.00000  56.0%  30.4 1944s
 295761 182826   71.00000   39   56   84.00000   37.00000  56.0%  30.4 1957s
 297748 184124 infeasible  100        84.00000   37.00000  56.0%  30.4 1972s
 299745 185298   67.00000   77   75   84.00000   37.00000  56.0%  30.4 1990s
 301601 186620   77.00000  105   43   84.00000   37.00000  56.0%  30.4 2003s
 303566 187841   79.00000   86   24   84.00000   37.00000  56.0%  30.4 2024s
 305389 189068   79.00000   85   22   84.00000   37.00000  56.0%  30.3 2037s
 307303 190193   46.00000   26   81   84.00000   37.00000  56.0%  30.3 2052s
 308920 191403   83.00000   46   39   84.00000   37.00000  56.0%  30.3 2074s
 310781 192688 infeasible   87        84.00000   37.00000  56.0%  30.3 2087s
 312576 193688   75.00000   57   35   84.00000   37.00000  56.0%  30.3 2098s
 314103 195017   57.00000   34   72   84.00000   37.04494  55.9%  30.3 2116s
 315982 196238   77.00000   49   46   84.00000   37.04602  55.9%  30.3 2130s
 317783 197436   82.00000   46   53   84.00000   37.09295  55.8%  30.3 2150s
 319576 198739   57.00000   27   83   84.00000   37.12285  55.8%  30.3 2164s
 321515 199954   83.00000   67   46   84.00000   37.18196  55.7%  30.3 2178s
 323363 201221   81.00000   53   54   84.00000   37.26344  55.6%  30.3 2198s
 325180 202320   82.00000   88   26   84.00000   37.26344  55.6%  30.3 2212s
 326883 203598   80.00000   45   82   84.00000   37.30190  55.6%  30.3 2225s
 328712 204928   83.00000   75   53   84.00000   37.34252  55.5%  30.3 2245s
 330454 206124   83.00000   77   35   84.00000   37.38169  55.5%  30.3 2257s
 332161 207605   78.00000   53   52   84.00000   37.39075  55.5%  30.3 2268s
 334055 208891   79.00000   70   50   84.00000   37.39959  55.5%  30.3 2287s
 335764 209902   83.00000   75   34   84.00000   37.40476  55.5%  30.3 2299s
 337314 211161   64.00000   37   67   84.00000   37.41561  55.5%  30.3 2312s
 339161 212310   57.00000   28  121   84.00000   37.44828  55.4%  30.3 2333s
 340852 213700   82.00000   93   33   84.00000   37.52330  55.3%  30.3 2347s
 342802 214928   83.00000   58   66   84.00000   37.61798  55.2%  30.3 2361s
 344630 216286   79.00000   48   64   84.00000   37.61963  55.2%  30.3 2382s
 346520 217362   80.00000   60   51   84.00000   37.61963  55.2%  30.3 2397s
 348128 218819     cutoff   65        84.00000   37.79298  55.0%  30.2 2410s
 350006 220020   83.00000   60   34   84.00000   37.87197  54.9%  30.2 2428s
 351686 221370   83.00000  102    6   84.00000   37.87969  54.9%  30.2 2440s
 353606 222416   80.00000   74   45   84.00000   37.90168  54.9%  30.2 2454s
 355383 223565     cutoff   61        84.00000   38.00000  54.8%  30.2 2473s
 357113 224832   83.00000  104   23   84.00000   38.00000  54.8%  30.2 2486s
 358800 225802   83.00000   52   44   84.00000   38.00000  54.8%  30.2 2496s
 360183 227269   67.00000   53   89   84.00000   38.00000  54.8%  30.2 2518s
 362102 228420 infeasible  117        84.00000   38.00000  54.8%  30.2 2532s
 363907 229820   58.00000   28   80   84.00000   38.00000  54.8%  30.2 2548s
 365970 231287 infeasible   52        84.00000   38.06860  54.7%  30.2 2570s
 367785 232643   40.00000   21  132   84.00000   38.14866  54.6%  30.2 2584s
 369729 234069   79.00000   51   55   84.00000   38.23301  54.5%  30.2 2599s
 371829 235537   82.00000   71   27   84.00000   38.27027  54.4%  30.2 2619s
 373681 236873   79.00000   65   26   84.00000   38.39955  54.3%  30.2 2632s
 375584 238158   64.00000   45   79   84.00000   38.42699  54.3%  30.2 2647s
 377593 239340   83.00000   75   25   84.00000   38.55605  54.1%  30.1 2669s
 379382 240735   80.00000   60   40   84.00000   38.73606  53.9%  30.1 2682s
 381187 241843   59.00000   31   88   84.00000   38.88952  53.7%  30.1 2694s
 382833 243096   83.00000   63   55   84.00000   38.92688  53.7%  30.1 2714s
 384621 244181   82.00000   79   44   84.00000   39.00000  53.6%  30.1 2729s
 385468 244181   83.00000  102   11   84.00000   39.00000  53.6%  30.1 2730s
 386202 245330   63.00000   43   71   84.00000   39.00000  53.6%  30.1 2743s
 388016 246585   77.00000   78   45   84.00000   39.10702  53.4%  30.1 2766s
 389919 247916   62.00000   34   76   84.00000   39.24328  53.3%  30.0 2781s
 391853 248862     cutoff   72        84.00000   39.28332  53.2%  30.0 2795s
 393665 250197   70.00000   45   64   84.00000   39.59044  52.9%  30.0 2815s
 395441 251413 infeasible  110        84.00000   39.66154  52.8%  30.0 2830s
 397254 252616   76.00000   36   48   84.00000   39.66154  52.8%  30.0 2843s
 399063 254315   83.00000   92   28   84.00000   40.00000  52.4%  30.0 2874s
 401517 255938   66.00000   72   66   84.00000   40.00000  52.4%  30.0 2894s
 403944 257219 infeasible   62        84.00000   40.00000  52.4%  30.0 2910s
 405964 259117   83.00000   55   51   84.00000   40.00000  52.4%  30.0 2935s
 408490 260835   71.00000   94   85   84.00000   40.00000  52.4%  30.0 2954s
 410915 262457   64.00000   48   54   84.00000   40.00000  52.4%  30.0 2985s
 413422 264424   74.00000   46   78   84.00000   40.00000  52.4%  30.0 3002s
 416009 266103     cutoff   92        84.00000   40.00000  52.4%  30.0 3022s
 418450 267880   55.00000   36  100   84.00000   40.00000  52.4%  30.0 3050s
 420810 269550   71.00000   33  101   84.00000   40.00000  52.4%  30.0 3068s
 423265 271056   50.00000   29  122   84.00000   40.00000  52.4%  30.0 3089s
 425375 272506   79.00000   67   39   84.00000   40.00000  52.4%  30.0 3117s
 427595 273835     cutoff   84        84.00000   40.00000  52.4%  30.0 3133s
 429605 275517   70.00000   46   87   84.00000   40.00000  52.4%  30.0 3152s
 431987 277328   79.00000   63   69   84.00000   40.00000  52.4%  30.0 3179s
 434354 278912   78.00000   63   56   84.00000   40.00000  52.4%  30.0 3196s
 436607 280738   65.00000   32  100   84.00000   40.00000  52.4%  30.0 3212s
 438999 282261   72.00000   54   54   84.00000   40.00000  52.4%  30.0 3239s
 441180 283790   72.00000   30   64   84.00000   40.00000  52.4%  30.0 3258s
 443598 285194   77.00000   54   43   84.00000   40.00000  52.4%  29.9 3275s
 445834 286525   83.00000   88   36   84.00000   40.00000  52.4%  29.9 3302s
 447963 287975   72.00000   60   93   84.00000   40.00000  52.4%  29.9 3320s
 450073 289378   81.00000   51   64   84.00000   40.00000  52.4%  30.0 3333s
 451894 290961   66.00000   66   77   84.00000   40.00000  52.4%  29.9 3359s
 454006 292498   72.00000   47   58   84.00000   40.00000  52.4%  29.9 3378s
 456454 294138   77.00000   49   58   84.00000   40.00000  52.4%  29.9 3396s
 458722 295585   82.00000   66   40   84.00000   40.00000  52.4%  29.9 3425s
*458809 253877              97      83.0000000   40.00000  51.8%  29.9 3425s
 460968 254898   79.00000   43   70   83.00000   40.00000  51.8%  29.9 3442s
 463011 256333 infeasible   76        83.00000   40.00000  51.8%  29.9 3460s
 465258 257778   77.00000   56   55   83.00000   40.00000  51.8%  29.9 3484s
 467158 259208   82.00000   65   50   83.00000   40.00000  51.8%  29.9 3498s
 469110 260408   80.00000   89   38   83.00000   40.00000  51.8%  29.9 3516s
 470866 261908   48.00000   27   94   83.00000   40.00000  51.8%  29.9 3544s
 473048 263058   59.00000   42  124   83.00000   40.00000  51.8%  29.9 3556s
 474721 264379   81.00000   76   36   83.00000   40.00000  51.8%  29.8 3573s
 476849 265715   75.00000   46   60   83.00000   40.00000  51.8%  29.8 3598s
 478811 267265   46.00000   30  104   83.00000   40.00000  51.8%  29.8 3615s
 480963 268539   69.00000   93   60   83.00000   40.00000  51.8%  29.8 3631s
 482908 269962 infeasible   38        83.00000   40.00000  51.8%  29.8 3657s
 484845 271214   80.00000   74   44   83.00000   40.00000  51.8%  29.8 3673s
 486700 272529   73.00000   41   70   83.00000   40.00000  51.8%  29.8 3690s
 488693 273634     cutoff   64        83.00000   40.00000  51.8%  29.8 3714s
 490415 275083 infeasible   63        83.00000   40.00000  51.8%  29.8 3731s
 492569 276357   60.00000   36   67   83.00000   40.00000  51.8%  29.8 3746s
 494344 277663   76.00000   43   54   83.00000   40.00000  51.8%  29.9 3771s
 496199 278704   78.00000   36   87   83.00000   40.00000  51.8%  29.8 3784s
*496297 249606             118      82.0000000   40.00000  51.2%  29.8 3784s
 497778 250681   64.00000   26   70   82.00000   40.00000  51.2%  29.8 3800s
 499642 251985   60.00000   31  107   82.00000   40.00000  51.2%  29.8 3822s
 501275 253108   61.00000   61   85   82.00000   40.00000  51.2%  29.8 3837s
 503087 254633   81.00000  103   29   82.00000   40.00000  51.2%  29.8 3853s
 505059 255671     cutoff   84        82.00000   40.22037  51.0%  29.8 3875s
 506712 257010   78.00000   36   69   82.00000   40.33164  50.8%  29.9 3890s
 508651 258326   77.00000   52   59   82.00000   40.97143  50.0%  29.9 3911s
 510386 259539   59.00000   37   75   82.00000   40.97143  50.0%  29.9 3925s
 512340 260642   60.00000   35   70   82.00000   41.00000  50.0%  29.9 3947s
 514147 262003   51.00000   34   85   82.00000   41.69859  49.1%  29.9 3963s
 515884 263163   78.00000   54   47   82.00000   42.00000  48.8%  29.9 3987s
 517712 264669   77.00000   58   46   82.00000   42.00000  48.8%  29.9 4010s
 520445 266188   81.00000   63   34   82.00000   42.00000  48.8%  29.9 4040s
 522555 267827   81.00000   75   18   82.00000   42.00000  48.8%  29.9 4062s
 525088 269464   81.00000   78   39   82.00000   42.00000  48.8%  29.9 4085s
 527810 271026   81.00000   75   32   82.00000   42.00000  48.8%  29.9 4118s
 530149 272756   79.00000   38   44   82.00000   42.00000  48.8%  29.9 4141s
 532718 274459   60.00000   29   70   82.00000   42.00000  48.8%  29.9 4163s
 535232 276164   75.00000   34   88   82.00000   42.00000  48.8%  29.9 4194s
 535988 276164   61.00000   31   91   82.00000   42.00000  48.8%  29.9 4195s
 537501 277741   80.00000   63   38   82.00000   42.00000  48.8%  29.9 4216s
 539969 279489   75.00000   38   73   82.00000   42.00000  48.8%  29.9 4236s
 542481 280852   48.00000   31   82   82.00000   42.00000  48.8%  29.9 4264s
 544381 282724   66.00000   88   65   82.00000   42.00000  48.8%  29.9 4283s
 546772 284326   81.00000   74   48   82.00000   42.00000  48.8%  29.9 4312s
 549216 285704   55.00000   35   75   82.00000   42.00000  48.8%  29.9 4333s
 551515 287203   78.00000   54   49   82.00000   42.00000  48.8%  29.9 4354s
 553798 288641 infeasible   61        82.00000   42.00000  48.8%  29.9 4383s
 555695 289889   81.00000   66   58   82.00000   42.00000  48.8%  29.9 4403s
 558099 291381   46.00000   34   88   82.00000   42.00000  48.8%  29.9 4435s
 560453 293064 infeasible   69        82.00000   42.00000  48.8%  29.9 4455s
 562782 294762   48.00000   33  131   82.00000   42.00000  48.8%  29.9 4476s
 565232 296037   81.00000   68   55   82.00000   42.00000  48.8%  29.9 4503s
 567099 297685 infeasible   91        82.00000   42.00000  48.8%  29.9 4521s
 569286 299127 infeasible   79        82.00000   42.00000  48.8%  29.9 4538s
 571649 300381   67.00000   55   89   82.00000   42.00000  48.8%  29.9 4567s
 573710 301751   72.00000   72   61   82.00000   42.00000  48.8%  29.9 4585s
 575741 302908   81.00000   60   42   82.00000   42.00000  48.8%  29.9 4603s
 577888 304362   66.00000   41   86   82.00000   42.00000  48.8%  29.9 4631s
 579893 305662   79.00000   51   71   82.00000   42.00000  48.8%  29.9 4648s
 581950 307301   59.00000   31   75   82.00000   42.00000  48.8%  29.8 4663s
 584029 308526   79.00000   72   44   82.00000   42.00000  48.8%  29.8 4689s
 584799 308526   79.00000   66   50   82.00000   42.00000  48.8%  29.8 4690s
 585974 309864 infeasible   97        82.00000   42.00000  48.8%  29.8 4707s
 587966 311363   68.00000   60   51   82.00000   42.00000  48.8%  29.9 4722s
 589923 312472   79.00000   89   19   82.00000   42.00000  48.8%  29.8 4745s
 591599 313663   62.00000   37   91   82.00000   42.00000  48.8%  29.8 4761s
 593416 314847   80.00000   79   31   82.00000   42.00000  48.8%  29.8 4786s
 595022 316151   80.00000   69   49   82.00000   42.00000  48.8%  29.8 4803s
 597009 317481   76.00000   53   87   82.00000   42.00000  48.8%  29.8 4821s
 598945 318882   81.00000   96   13   82.00000   42.00000  48.8%  29.8 4850s
 600972 320292   57.00000   26   80   82.00000   42.00000  48.8%  29.8 4865s
 602845 321484   58.00000   33   74   82.00000   42.00000  48.8%  29.8 4878s
 604583 322715   77.00000   90   53   82.00000   42.00000  48.8%  29.8 4904s
 606425 323855   64.00000   45   79   82.00000   42.00000  48.8%  29.8 4920s
 608143 324995   79.00000   69   60   82.00000   42.00000  48.8%  29.8 4936s
 610074 325860   76.00000   62   54   82.00000   42.00000  48.8%  29.8 4958s
 611577 326904   80.00000   84   36   82.00000   42.00000  48.8%  29.8 4974s
 613552 328420   79.00000   51   57   82.00000   43.00000  47.6%  29.8 5001s
 615525 329729   71.00000   64   45   82.00000   43.00000  47.6%  29.8 5016s
 617318 331206   59.00000   51   81   82.00000   43.00000  47.6%  29.8 5031s
 619335 332432 infeasible  109        82.00000   43.00000  47.6%  29.8 5056s
 621160 334042   64.00000   52   87   82.00000   43.00000  47.6%  29.8 5072s
 623240 335330 infeasible   88        82.00000   43.00000  47.6%  29.8 5087s
 625011 336620   77.00000   79   40   82.00000   43.00000  47.6%  29.8 5112s
 626893 337878   79.00000   71   35   82.00000   43.00000  47.6%  29.8 5127s
 628742 338783   75.00000   57   50   82.00000   43.00000  47.6%  29.8 5140s
 630520 339711   60.00000   29   87   82.00000   43.00000  47.6%  29.8 5165s
 632085 340740   62.00000   35   68   82.00000   43.00000  47.6%  29.8 5179s
 632496 340740   78.00000   37   55   82.00000   43.00000  47.6%  29.8 5180s
 633662 342055   81.00000   65   34   82.00000   43.00000  47.6%  29.8 5197s
 635735 342993   78.00000   77   43   82.00000   44.00000  46.3%  29.7 5222s
 637447 344119   58.00000   31   80   82.00000   45.00000  45.1%  29.7 5237s
 639310 345259 infeasible   93        82.00000   45.00000  45.1%  29.7 5255s
 640907 346410   48.00000   35  109   82.00000   45.00000  45.1%  29.7 5270s
 642776 347786   64.00000   43   68   82.00000   45.00000  45.1%  29.7 5297s
 644669 349054   66.00000   44   79   82.00000   45.00000  45.1%  29.7 5312s
 646647 350307   72.00000   86   55   82.00000   45.00000  45.1%  29.7 5328s
 648633 351627   81.00000   57   76   82.00000   46.00000  43.9%  29.7 5353s
 650444 353210   78.00000   85   41   82.00000   46.00000  43.9%  29.7 5376s
 653293 355045 infeasible   71        82.00000   46.00000  43.9%  29.7 5413s
 655966 356559 infeasible   71        82.00000   46.00000  43.9%  29.6 5435s
 658360 358365 infeasible   70        82.00000   46.00000  43.9%  29.6 5460s
 661163 360256   79.00000   88   39   82.00000   46.00000  43.9%  29.6 5495s
 663658 362064   78.00000  101   43   82.00000   46.00000  43.9%  29.6 5518s
 666399 363979     cutoff   77        82.00000   46.00000  43.9%  29.6 5540s
 669161 365908   79.00000   79   40   82.00000   46.00000  43.9%  29.6 5570s
 671905 367720   81.00000   30   56   82.00000   46.00000  43.9%  29.6 5595s
 674265 369513 infeasible   74        82.00000   46.00000  43.9%  29.6 5631s
 676805 371418 infeasible   57        82.00000   46.00000  43.9%  29.6 5654s
 679662 373037   78.00000   58   65   82.00000   46.00000  43.9%  29.6 5673s
 681985 375074   81.00000   81   40   82.00000   46.00000  43.9%  29.6 5713s
 684753 376801   70.00000   80   74   82.00000   46.00000  43.9%  29.5 5734s
 687387 378526   77.00000   43   57   82.00000   46.00000  43.9%  29.5 5758s
 690194 380313 infeasible   63        82.00000   46.00000  43.9%  29.5 5794s
 692949 382156   81.00000   28   71   82.00000   46.00000  43.9%  29.5 5818s
 695849 384114   64.00000   64   87   82.00000   46.00000  43.9%  29.5 5839s
 698492 385815 infeasible   88        82.00000   46.00000  43.9%  29.5 5878s
 701229 387548   81.00000   65   31   82.00000   46.00000  43.9%  29.5 5902s
 703963 389170   78.00000   57   45   82.00000   46.00000  43.9%  29.5 5925s
 706483 390824   80.00000   62   62   82.00000   46.00000  43.9%  29.5 5962s
 709138 392382   72.00000   40   75   82.00000   46.00000  43.9%  29.4 5985s
 711760 394194 infeasible   73        82.00000   46.00000  43.9%  29.4 6008s
 714481 396020   81.00000   88   32   82.00000   46.00000  43.9%  29.4 6045s
 717079 397822   78.00000   67   49   82.00000   46.00000  43.9%  29.4 6067s
 719690 399858   48.00000   41  100   82.00000   46.00000  43.9%  29.4 6090s
 722539 401607   80.00000   65   39   82.00000   46.00000  43.9%  29.4 6126s
 725069 403108   75.00000   59   50   82.00000   46.00000  43.9%  29.4 6151s
 727312 404722   70.00000   29   55   82.00000   46.00000  43.9%  29.4 6173s
 729859 406439   75.00000   42   70   82.00000   46.00000  43.9%  29.4 6210s
 732471 408205   79.00000   82   41   82.00000   46.00000  43.9%  29.4 6232s
 735044 409899 infeasible   93        82.00000   46.00000  43.9%  29.3 6255s
 737623 411753   78.00000   65   68   82.00000   46.00000  43.9%  29.3 6296s
 740509 413542   78.00000   57   44   82.00000   46.00000  43.9%  29.3 6320s
 743277 415440   78.00000   82   41   82.00000   46.00000  43.9%  29.3 6343s
 746007 417263   70.00000   72   54   82.00000   46.00000  43.9%  29.3 6368s
 748618 419162 infeasible   83        82.00000   46.00000  43.9%  29.3 6408s
 751418 420554   80.00000   66   56   82.00000   46.00000  43.9%  29.3 6429s
 753900 422406   81.00000   60   48   82.00000   46.00000  43.9%  29.3 6451s
 756585 424191   69.00000   49   64   82.00000   46.00000  43.9%  29.2 6470s
 759010 425619   79.00000   71   31   82.00000   46.00000  43.9%  29.2 6505s
 761592 427484   78.00000   32   77   82.00000   46.00000  43.9%  29.2 6529s
 764365 429456   72.00000   48   63   82.00000   46.00000  43.9%  29.2 6561s
 767277 431170 infeasible   82        82.00000   46.00000  43.9%  29.2 6583s
 769779 432842   74.00000   58   64   82.00000   46.00000  43.9%  29.2 6623s
 772602 434482 infeasible   79        82.00000   46.00000  43.9%  29.2 6647s
 775366 436337   80.00000   97   34   82.00000   46.00000  43.9%  29.2 6667s
 777897 437912 infeasible   92        82.00000   46.00000  43.9%  29.1 6705s
 780438 439933 infeasible   65        82.00000   46.00000  43.9%  29.1 6725s
 783080 441455   60.00000   50   68   82.00000   46.00000  43.9%  29.1 6747s
 785675 443360   60.00000   60   64   82.00000   46.00000  43.9%  29.1 6788s
 788535 444879   46.00000   36   94   82.00000   46.00000  43.9%  29.1 6813s
 790662 446690   66.00000   92   56   82.00000   46.00000  43.9%  29.1 6837s
 793633 448590 infeasible   69        82.00000   46.00000  43.9%  29.1 6865s
 796499 450628 infeasible   81        82.00000   46.00000  43.9%  29.1 6902s
 799178 452156   72.00000   85   50   82.00000   46.00000  43.9%  29.0 6923s
 801527 454120 infeasible   88        82.00000   46.00000  43.9%  29.0 6948s
 804561 455882   78.00000   54   43   82.00000   46.00000  43.9%  29.0 6987s
 807187 457692   46.00000   37  107   82.00000   46.00000  43.9%  29.0 7009s
 808955 457692   70.00000   73   58   82.00000   46.00000  43.9%  29.0 7010s
 809862 459393   77.00000   34   62   82.00000   46.00000  43.9%  29.0 7030s
 812449 461105   81.00000   57   61   82.00000   46.00000  43.9%  29.0 7064s
 814887 462887   81.00000   68   59   82.00000   46.00000  43.9%  29.0 7089s
 817799 464722   78.00000   52   65   82.00000   46.00000  43.9%  28.9 7113s
 820516 466664 infeasible   94        82.00000   46.00000  43.9%  28.9 7151s
 823238 468234   68.00000   48   71   82.00000   46.00000  43.9%  28.9 7173s
 825704 470012   55.00000   38   85   82.00000   46.00000  43.9%  28.9 7197s
 828437 471799 infeasible   92        82.00000   46.00000  43.9%  28.9 7236s
 831061 473523   72.00000   40   70   82.00000   46.00000  43.9%  28.9 7259s
 833687 475366   71.00000   50   54   82.00000   46.00000  43.9%  28.9 7282s
 836516 477270 infeasible   72        82.00000   46.00000  43.9%  28.9 7317s
 839159 479158   49.00000   39   92   82.00000   46.00000  43.9%  28.9 7339s
 841811 480834 infeasible   98        82.00000   46.00000  43.9%  28.9 7363s
 844650 482554 infeasible   90        82.00000   46.00000  43.9%  28.8 7404s
 847292 483915   80.00000   60   56   82.00000   46.00000  43.9%  28.8 7429s
 849404 486026   78.00000   58   45   82.00000   46.00000  43.9%  28.8 7457s
 852693 487808   78.00000   65   77   82.00000   46.00000  43.9%  28.8 7499s
 855498 489540   81.00000   58   35   82.00000   46.00000  43.9%  28.8 7523s
 858102 491228   75.00000   60   60   82.00000   46.00000  43.9%  28.8 7545s
 860887 492940   81.00000  141    3   82.00000   46.00000  43.9%  28.8 7579s
 863537 494711   75.00000  101   46   82.00000   46.00000  43.9%  28.8 7603s
 866259 496761   61.00000   41   80   82.00000   46.00000  43.9%  28.8 7624s
 868926 498565   73.00000   66   49   82.00000   46.00000  43.9%  28.7 7664s
 871658 500087   81.00000  100   37   82.00000   46.00000  43.9%  28.7 7686s
 874094 501719   59.00000   42  104   82.00000   46.00000  43.9%  28.7 7709s
 876772 503322   79.00000   64   35   82.00000   46.00000  43.9%  28.7 7745s
 879314 505123   77.00000   44   49   82.00000   46.00000  43.9%  28.7 7770s
 882145 506943   80.00000   92   31   82.00000   46.00000  43.9%  28.7 7796s
 884997 508674   78.00000   76   42   82.00000   46.00000  43.9%  28.7 7838s
 887693 510564   60.00000   49   88   82.00000   46.00000  43.9%  28.7 7859s
 890342 512241 infeasible   82        82.00000   46.00000  43.9%  28.6 7883s
 893170 513746   79.00000   99   32   82.00000   46.00000  43.9%  28.6 7923s
 895837 515316   81.00000   81   41   82.00000   46.00000  43.9%  28.6 7945s
 898284 517177   80.00000   53   63   82.00000   46.00000  43.9%  28.6 7969s
 900941 518747 infeasible   77        82.00000   46.00000  43.9%  28.6 8006s
 903479 520275   74.00000   32   55   82.00000   46.00000  43.9%  28.6 8035s
 905855 522027   79.00000   67   87   82.00000   46.00000  43.9%  28.6 8060s
 908702 523878   46.00000   34   89   82.00000   46.00000  43.9%  28.6 8104s
 911601 525732   72.00000   40   88   82.00000   46.00000  43.9%  28.6 8128s
 914328 527495   56.00000   40   62   82.00000   46.00000  43.9%  28.6 8152s
 917048 529459   78.00000   77   49   82.00000   46.00000  43.9%  28.5 8193s
 919774 530926   78.00000   95   33   82.00000   46.00000  43.9%  28.5 8214s
 922076 532895 infeasible   91        82.00000   46.00000  43.9%  28.5 8240s
 925037 534644   81.00000   72   39   82.00000   46.00000  43.9%  28.5 8282s
 927721 536397   80.00000   53   54   82.00000   46.00000  43.9%  28.5 8305s
 930310 538330   79.00000   57   62   82.00000   46.00000  43.9%  28.5 8328s
 932987 540034   64.00000   56   75   82.00000   46.00000  43.9%  28.5 8369s
 935688 541877 infeasible   93        82.00000   46.00000  43.9%  28.5 8396s
 938553 543754 infeasible   87        82.00000   46.00000  43.9%  28.5 8423s
 941439 545328   80.00000   79   31   82.00000   46.00000  43.9%  28.5 8455s
 943687 547198 infeasible   72        82.00000   46.00000  43.9%  28.5 8478s
 946506 548966   81.00000   59   66   82.00000   46.00000  43.9%  28.5 8520s
 949212 550920   81.00000   51   55   82.00000   46.00000  43.9%  28.5 8544s
 950882 550920   80.00000   62   50   82.00000   46.00000  43.9%  28.5 8545s
 951986 552785   61.00000   59   76   82.00000   46.00000  43.9%  28.4 8571s
 954835 554634   81.00000   83   38   82.00000   46.00000  43.9%  28.4 8614s
 957578 556389   72.00000   54   67   82.00000   46.00000  43.9%  28.4 8637s
 960162 558216   57.00000   44   75   82.00000   46.00000  43.9%  28.4 8659s
 962901 559658   75.00000   64   50   82.00000   46.00000  43.9%  28.4 8700s
 965167 561247   77.00000   56   63   82.00000   46.00000  43.9%  28.4 8724s
 967600 563020   67.00000   53   78   82.00000   46.00000  43.9%  28.4 8748s
 970358 564734   81.00000   73   48   82.00000   46.00000  43.9%  28.4 8784s
 972603 564734   81.00000   93   31   82.00000   46.00000  43.9%  28.4 8785s
 972864 566538   78.00000   57   64   82.00000   46.00000  43.9%  28.4 8811s
 975708 568301   80.00000   71   59   82.00000   46.00000  43.9%  28.4 8852s
 978421 570069   78.00000   58   62   82.00000   46.00000  43.9%  28.4 8877s
 981172 571810   46.00000   41  113   82.00000   46.00000  43.9%  28.4 8903s
 983876 573269   72.00000   63   65   82.00000   46.00000  43.9%  28.4 8942s
 986550 575085   63.00000   51   75   82.00000   46.00000  43.9%  28.3 8968s
 989419 576743   49.00000   47  119   82.00000   46.00000  43.9%  28.3 8992s
 991955 578580 infeasible   69        82.00000   46.00000  43.9%  28.3 9030s
 994415 580425   81.00000   92   24   82.00000   46.00000  43.9%  28.3 9056s
 997303 582333 infeasible   67        82.00000   46.00000  43.9%  28.3 9081s
 1000054 583865   78.00000   56   38   82.00000   46.00000  43.9%  28.3 9118s
 1002530 585661   56.00000   54   82   82.00000   46.00000  43.9%  28.3 9143s
 1005361 587388   50.00000   41   85   82.00000   46.00000  43.9%  28.3 9168s
 1008121 589045 infeasible   79        82.00000   46.00000  43.9%  28.3 9209s
 1010719 591019   79.00000   67   45   82.00000   46.00000  43.9%  28.3 9233s
 1013534 592463   48.00000   30  114   82.00000   46.00000  43.9%  28.3 9256s
 1015945 594356   78.00000   86   43   82.00000   46.00000  43.9%  28.2 9297s
 1018619 596079   70.00000   71   71   82.00000   46.00000  43.9%  28.2 9319s
 1021118 597901   81.00000   86   34   82.00000   46.00000  43.9%  28.2 9345s
 1023957 599738 infeasible   72        82.00000   46.00000  43.9%  28.2 9389s
 1026833 601275   79.00000   60   58   82.00000   46.00000  43.9%  28.2 9417s
 1029147 603324   71.00000   78   57   82.00000   46.00000  43.9%  28.2 9442s
 1032046 605131   78.00000   65   56   82.00000   46.00000  43.9%  28.2 9481s
 1034736 607106   79.00000   88   48   82.00000   46.00000  43.9%  28.2 9505s
 1037449 608758   79.00000   56   56   82.00000   46.00000  43.9%  28.2 9528s
 1039929 610464   81.00000   83   28   82.00000   46.00000  43.9%  28.2 9570s
 1042644 612196   79.00000   80   38   82.00000   46.00000  43.9%  28.2 9595s
 1045248 613660   77.00000   71   45   82.00000   46.00000  43.9%  28.2 9616s
 1047654 615466 infeasible   64        82.00000   46.00000  43.9%  28.2 9652s
 1050099 617317   54.00000   53   79   82.00000   46.00000  43.9%  28.2 9678s
 1052931 619218   81.00000   61   50   82.00000   46.00000  43.9%  28.2 9707s
 1055910 620869   79.00000   69   51   82.00000   46.00000  43.9%  28.1 9748s
 1058547 622684   78.00000   27   66   82.00000   46.00000  43.9%  28.1 9775s
 1061380 624250   80.00000   74   44   82.00000   46.00000  43.9%  28.1 9798s
 1063789 625929   81.00000   47   82   82.00000   46.00000  43.9%  28.1 9835s
 1066344 628049   81.00000   74   31   82.00000   46.00000  43.9%  28.1 9858s
 1068981 629600   64.00000   72   51   82.00000   46.00000  43.9%  28.1 9883s
 1071682 631410   55.00000   38  115   82.00000   46.00000  43.9%  28.1 9925s
 1074401 633316   78.00000   77   52   82.00000   46.00000  43.9%  28.1 9953s
 1077369 635324   64.00000   46   65   82.00000   46.00000  43.9%  28.1 9976s
 1080087 637132   78.00000   57   52   82.00000   46.00000  43.9%  28.1 10019s
 1082781 638745   74.00000   56   66   82.00000   46.00000  43.9%  28.1 10048s
 1085225 640262   80.00000   68   39   82.00000   46.00000  43.9%  28.1 10072s
 1087687 642133   77.00000   72   47   82.00000   46.00000  43.9%  28.1 10116s
 1090476 643893   78.00000   66   49   82.00000   46.00000  43.9%  28.0 10143s
 1093261 645761   78.00000   70   53   82.00000   46.00000  43.9%  28.0 10170s
 1096070 647597   46.00000   34  108   82.00000   46.00000  43.9%  28.0 10212s
 1098757 649302 infeasible   87        82.00000   46.00000  43.9%  28.0 10234s
 1101228 650828 infeasible   93        82.00000   46.00000  43.9%  28.0 10257s
 1103704 652524   79.00000   48   53   82.00000   46.00000  43.9%  28.0 10298s
 1106372 654288   81.00000   88   34   82.00000   46.00000  43.9%  28.0 10322s
 1108921 655597   81.00000   64   39   82.00000   46.00000  43.9%  28.0 10345s
 1111358 657295   68.00000   56   54   82.00000   46.00000  43.9%  28.0 10388s
 1114058 659142 infeasible   87        82.00000   46.00000  43.9%  28.0 10415s
 1116917 660876     cutoff   73        82.00000   46.00000  43.9%  28.0 10439s
 1119490 662568   78.00000   61   57   82.00000   46.00000  43.9%  28.0 10479s
 1122119 664031 infeasible   95        82.00000   46.00000  43.9%  28.0 10504s
 1124660 665989 infeasible   48        82.00000   46.00000  43.9%  28.0 10529s
 1127491 667825 infeasible   62        82.00000   46.00000  43.9%  27.9 10570s
 1130136 669615   80.00000   83   31   82.00000   46.00000  43.9%  27.9 10597s
 1132970 671296 infeasible   59        82.00000   46.00000  43.9%  27.9 10623s
 1135541 672930 infeasible   91        82.00000   46.00000  43.9%  27.9 10661s
 1138141 674772   73.00000   52   64   82.00000   46.00000  43.9%  27.9 10687s
 1140888 676437   63.00000   50   82   82.00000   46.00000  43.9%  27.9 10714s
 1143498 678090   80.00000   49   46   82.00000   46.00000  43.9%  27.9 10753s
 1145976 679654   81.00000   66   44   82.00000   46.00000  43.9%  27.9 10779s
 1147896 679654   81.00000   73   44   82.00000   46.00000  43.9%  27.9 10780s
 1148167 680960   73.00000   62   63   82.00000   46.00000  43.9%  27.9 10800s

Cutting planes:
  Learned: 13774
  Gomory: 27
  Cover: 150
  MIR: 319
  StrongCG: 8
  Flow cover: 1115
  Network: 1
  RLT: 162

Explored 1150244 nodes (32092450 simplex iterations) in 10801.44 seconds (570.95 work units)
Thread count was 18 (of 36 available processors)

Solution count 10: 82 83 84 ... 91

Time limit reached
Best objective 8.200000000000e+01, best bound 4.600000000000e+01, gap 43.9024%
