
Gurobi 11.0.0 (win64) logging started Sat May  4 10:47:27 2024

Set parameter LogFile to value "./Results/StripPacking-CutHeurRuns/Logs/SBL-110-StripPacking-15.log"
Set parameter TimeLimit to value 10800
Set parameter Cuts to value 1
Set parameter Presolve to value 1
Set parameter Heuristics to value 0
Set parameter LPWarmStart to value 2
Gurobi Optimizer version 11.0.0 build v11.0.0rc2 (win64 - Windows 10.0 (19045.2))

CPU model: Intel(R) Core(TM) i9-10980XE CPU @ 3.00GHz, instruction set [SSE2|AVX|AVX2|AVX512]
Thread count: 18 physical cores, 36 logical processors, using up to 18 threads

Optimize a model with 1275 rows, 241 columns and 4230 nonzeros
Model fingerprint: 0x615eaf91
Variable types: 31 continuous, 210 integer (210 binary)
Coefficient statistics:
  Matrix range     [1e+00, 1e+04]
  Objective range  [1e+00, 1e+00]
  Bounds range     [1e+00, 1e+04]
  RHS range        [5e-01, 1e+04]

Warning: Completing partial solution with 210 unfixed non-continuous variables out of 210
User MIP start produced solution with objective 71.5 (0.00s)
Loaded user MIP start with objective 71.5

Presolve removed 210 rows and 0 columns
Presolve time: 0.02s
Presolved: 1065 rows, 241 columns, 3600 nonzeros
Variable types: 31 continuous, 210 integer (210 binary)

Root relaxation: objective 3.300000e+01, 106 iterations, 0.00 seconds (0.00 work units)

    Nodes    |    Current Node    |     Objective Bounds      |     Work
 Expl Unexpl |  Obj  Depth IntInf | Incumbent    BestBd   Gap | It/Node Time

     0     0   33.00000    0   14   71.50000   33.00000  53.8%     -    0s
     0     0   33.00000    0   38   71.50000   33.00000  53.8%     -    0s
     0     0   33.00000    0   37   71.50000   33.00000  53.8%     -    0s
     0     0   33.00000    0   21   71.50000   33.00000  53.8%     -    0s
     0     0   33.00000    0   27   71.50000   33.00000  53.8%     -    0s
     0     0   33.00000    0   18   71.50000   33.00000  53.8%     -    0s
     0     0   33.00000    0   28   71.50000   33.00000  53.8%     -    0s
     0     0   33.00000    0   15   71.50000   33.00000  53.8%     -    0s
     0     0   33.00000    0   38   71.50000   33.00000  53.8%     -    0s
     0     0   33.00000    0   17   71.50000   33.00000  53.8%     -    0s
     0     0   33.00000    0   17   71.50000   33.00000  53.8%     -    0s
     0     2   33.00000    0   12   71.50000   33.00000  53.8%     -    0s
*  675   699              40      71.0000000   33.00000  53.5%  20.1    0s
* 1141  1321              58      70.0000000   33.00000  52.9%  14.5    0s
* 1538  1700              58      62.0000000   33.00000  46.8%  13.8    0s
* 2008  1521              66      57.0000000   33.00000  42.1%  12.4    0s
* 4024  2211              50      56.0000000   33.00000  41.1%  15.7    2s
* 4577  2128              62      54.0000000   33.00000  38.9%  16.8    2s
* 6363  2388              58      53.0000000   33.00000  37.7%  17.7    3s
  8107  3294   51.00000   39   19   53.00000   33.00000  37.7%  18.5    5s
 13361  6349   44.00000   32   24   53.00000   33.00000  37.7%  19.0   10s
*14654  4299              52      51.0000000   33.00000  35.3%  19.2   11s
 18725  6157   50.00000   43   19   51.00000   33.00000  35.3%  19.9   15s
*19879  4845              45      50.0000000   33.00000  34.0%  20.1   16s
 22761  6201   47.00000   48   11   50.00000   33.00000  34.0%  20.6   20s
 26106  7674   44.00000   20   39   50.00000   33.00000  34.0%  20.9   25s
 29763  9226 infeasible   39        50.00000   33.00000  34.0%  21.1   30s
 33507 10812   47.00000   35   23   50.00000   33.00000  34.0%  21.3   37s
 35995 12017 infeasible   34        50.00000   33.00000  34.0%  21.4   42s
 37334 12610   46.00000   27   18   50.00000   33.00000  34.0%  21.5   45s
 40128 13785   49.00000   45    9   50.00000   33.00000  34.0%  21.6   52s
 41638 14391   49.00000   48   11   50.00000   33.00000  34.0%  21.6   57s
 43032 15069   49.00000   44   16   50.00000   33.00000  34.0%  21.6   61s
 45840 16268   48.00000   36   31   50.00000   33.19416  33.6%  21.7   68s
 47696 17140 infeasible   27        50.00000   33.38996  33.2%  21.8   74s
 49922 17831 infeasible   39        50.00000   33.58484  32.8%  21.8   80s
 51743 18492   47.00000   30   30   50.00000   33.77212  32.5%  21.8   86s
 53767 19110 infeasible   45        50.00000   33.91680  32.2%  21.8   93s
 55514 19923   49.00000   28   31   50.00000   34.30501  31.4%  21.8   97s
 57566 20557 infeasible   41        50.00000   35.00000  30.0%  21.8  103s
 59313 21374   49.00000   38   28   50.00000   35.00000  30.0%  21.8  109s
 61383 21980 infeasible   42        50.00000   35.00000  30.0%  21.8  115s
 63042 22554   48.00000   32   13   50.00000   35.00000  30.0%  21.8  122s
 64828 23014   46.00000   42   14   50.00000   36.00000  28.0%  21.8  129s
 66543 23467   49.00000   34   14   50.00000   36.00000  28.0%  21.8  133s
 68056 24145   47.00000   27   31   50.00000   36.00000  28.0%  21.8  140s
 70148 24728 infeasible   30        50.00000   37.00000  26.0%  21.7  148s
 72028 25253   47.00000   42   16   50.00000   37.00000  26.0%  21.7  155s
 73781 25713   47.00000   37   18   50.00000   38.00000  24.0%  21.7  161s
 75533 26243   44.00000   27   27   50.00000   38.00000  24.0%  21.8  167s
 77322 26768   47.00000   34   15   50.00000   39.00000  22.0%  21.8  173s
 79028 27372 infeasible   47        50.00000   40.00000  20.0%  21.8  182s
 81220 27932 infeasible   39        50.00000   40.00000  20.0%  21.8  188s
 83064 28789   47.00000   37   10   50.00000   41.00000  18.0%  21.7  198s
 85931 29466   49.00000   38   12   50.00000   41.00000  18.0%  21.6  205s
 88248 30229   48.00000   36   17   50.00000   41.00000  18.0%  21.6  214s
 90495 30855 infeasible   50        50.00000   41.00000  18.0%  21.5  222s
 92653 31710   44.00000   33   21   50.00000   41.00000  18.0%  21.5  233s
 95292 32439   49.00000   38   15   50.00000   41.00000  18.0%  21.5  241s
 97856 33045   47.00000   48   17   50.00000   41.00000  18.0%  21.4  250s
 99946 33868     cutoff   36        50.00000   41.00000  18.0%  21.5  257s
 102483 34502   47.00000   46   18   50.00000   41.00000  18.0%  21.4  265s
 104740 35142   47.00000   28   13   50.00000   41.00000  18.0%  21.4  274s
 107034 35753     cutoff   46        50.00000   41.00000  18.0%  21.4  282s
 109585 36370 infeasible   40        50.00000   41.00000  18.0%  21.4  291s
 115698 37537   49.00000   44   12   50.00000   41.00000  18.0%  21.9  295s
 120977 38318 infeasible   47        50.00000   41.00000  18.0%  22.4  300s
 123793 38578     cutoff   53        50.00000   41.00000  18.0%  22.6  305s
 126125 38796   46.00000   38   37   50.00000   41.00000  18.0%  22.8  310s
 128750 38938   46.00000   58   12   50.00000   41.00000  18.0%  23.0  317s
 130196 39022   49.00000   61   21   50.00000   41.00000  18.0%  23.1  321s
 131844 39023   41.00000   31   50   50.00000   41.00000  18.0%  23.2  325s
 134945 39245   41.00000   42   46   50.00000   41.00000  18.0%  23.4  334s
 136416 39538   41.00000   43   38   50.00000   41.00000  18.0%  23.5  341s
 138511 39413 infeasible   49        50.00000   41.00000  18.0%  23.7  350s
 140166 39687   47.00000   39   31   50.00000   41.00000  18.0%  23.8  359s
 142318 39841 infeasible   51        50.00000   41.00000  18.0%  23.9  367s
 144590 39678 infeasible   64        50.00000   41.00000  18.0%  24.1  375s
 146535 39858   45.00000   40   38   50.00000   41.00000  18.0%  24.2  385s
 148914 39763   41.00000   46   36   50.00000   41.00000  18.0%  24.4  394s
 151256 39767   41.00000   35   45   50.00000   41.00000  18.0%  24.5  405s
 153904 39878   49.00000   48   13   50.00000   41.00000  18.0%  24.6  415s
 156376 39951 infeasible   45        50.00000   41.00000  18.0%  24.7  425s
 158893 39994 infeasible   46        50.00000   41.00000  18.0%  24.9  432s
 161252 40308     cutoff   52        50.00000   41.00000  18.0%  25.0  444s
 164062 40087   49.00000   51    8   50.00000   41.00000  18.0%  25.1  456s
 166319 40286   49.00000   40   14   50.00000   41.00000  18.0%  25.2  466s
 169269 40163   41.00000   38   47   50.00000   41.00000  18.0%  25.3  478s
 171776 40320   49.00000   49   15   50.00000   41.00000  18.0%  25.4  490s
 174612 40344   49.00000   44   24   50.00000   41.00000  18.0%  25.5  499s
 177466 40107   46.00000   43   18   50.00000   41.00000  18.0%  25.6  511s
 179952 40173   46.00000   48   24   50.00000   41.00000  18.0%  25.7  523s
 182881 39960   47.00000   49   14   50.00000   41.00000  18.0%  25.8  533s
 185139 40134     cutoff   54        50.00000   41.00000  18.0%  25.8  546s
 188133 40145   41.00000   39   39   50.00000   41.00000  18.0%  25.9  557s
 190812 40150   44.00000   42   27   50.00000   41.00000  18.0%  26.0  568s
 193330 40378   46.00000   45   12   50.00000   41.00000  18.0%  26.1  581s
 196195 40482   41.00000   39   32   50.00000   41.00000  18.0%  26.1  593s
 198962 40465     cutoff   39        50.00000   41.00000  18.0%  26.2  603s
 201378 40503   49.00000   50   12   50.00000   41.00000  18.0%  26.3  615s
 204191 40335     cutoff   53        50.00000   41.00000  18.0%  26.4  627s
 206607 40333 infeasible   50        50.00000   41.00000  18.0%  26.5  637s
 209121 40326   47.00000   51   18   50.00000   41.00000  18.0%  26.5  650s
 211359 40538   49.00000   44   25   50.00000   41.00000  18.0%  26.6  663s
 214258 40426 infeasible   50        50.00000   41.00000  18.0%  26.6  675s
 216802 40539   41.00000   44   32   50.00000   41.00000  18.0%  26.7  689s
 219576 40392   45.00000   44   32   50.00000   41.00000  18.0%  26.8  701s
 222131 40851   46.00000   47   20   50.00000   41.00000  18.0%  26.8  715s
 224892 41787 infeasible   60        50.00000   41.00000  18.0%  26.9  728s
 227399 42672   44.00000   47   18   50.00000   41.00000  18.0%  27.0  740s
 230206 43473   41.00000   44   31   50.00000   41.00000  18.0%  27.0  752s
 232403 44288   49.00000   43   26   50.00000   41.00000  18.0%  27.1  764s
 234866 45321   49.00000   48   11   50.00000   41.00000  18.0%  27.1  778s
 237648 46135     cutoff   45        50.00000   41.00000  18.0%  27.2  793s
 240330 46955 infeasible   49        50.00000   41.00000  18.0%  27.2  804s
 242787 47892 infeasible   42        50.00000   41.00000  18.0%  27.3  818s
 245385 48851   41.00000   44   55   50.00000   41.00000  18.0%  27.3  830s
 247813 49638     cutoff   49        50.00000   41.00000  18.0%  27.4  843s
 250156 50520 infeasible   52        50.00000   41.00000  18.0%  27.4  856s
 252557 51065   41.00000   34   33   50.00000   41.00000  18.0%  27.5  868s
 254279 51932   49.00000   51   13   50.00000   41.00000  18.0%  27.5  882s
 256818 52685   41.00000   41   50   50.00000   41.00000  18.0%  27.6  894s
 259562 53603   43.00000   37   30   50.00000   41.00000  18.0%  27.6  907s
 261980 54311   42.00000   41   33   50.00000   41.00000  18.0%  27.6  918s
 264181 55127   48.00000   48   29   50.00000   41.00000  18.0%  27.6  931s
 266539 55764   47.00000   47   12   50.00000   41.00000  18.0%  27.7  943s
 268584 56594   44.00000   48   24   50.00000   41.00000  18.0%  27.7  954s
 270778 57158   46.00000   41   37   50.00000   41.00000  18.0%  27.7  966s
 272860 57763   41.00000   41   38   50.00000   41.00000  18.0%  27.8  977s
 274830 58317   49.00000   44   24   50.00000   41.00000  18.0%  27.8  986s
 276687 58849   46.00000   52   17   50.00000   41.00000  18.0%  27.8  997s
 278392 59549   49.00000   44   13   50.00000   41.00000  18.0%  27.8 1009s
 280441 60197     cutoff   59        50.00000   41.00000  18.0%  27.8 1019s
 282210 60991   41.00000   32   32   50.00000   41.00000  18.0%  27.8 1030s
 284235 61565   41.00000   34   42   50.00000   41.00000  18.0%  27.9 1041s
 285811 62377   49.00000   50    8   50.00000   41.00000  18.0%  27.9 1053s
 287856 62998 infeasible   49        50.00000   41.00000  18.0%  27.9 1063s
 289693 63748   46.00000   48   23   50.00000   41.00000  18.0%  27.9 1075s
 291722 64587   44.00000   49   20   50.00000   41.00000  18.0%  28.0 1086s
 293806 65268 infeasible   51        50.00000   41.00000  18.0%  28.0 1097s
 295625 66026   41.00000   38   51   50.00000   41.00000  18.0%  28.0 1109s
 297567 66615   41.00000   37   33   50.00000   41.00000  18.0%  28.0 1118s
 299245 67143   46.00000   46   24   50.00000   41.00000  18.0%  28.0 1127s
 300884 67689 infeasible   53        50.00000   41.00000  18.0%  28.1 1138s
 302992 68150 infeasible   54        50.00000   41.00000  18.0%  28.1 1149s
 304732 68742 infeasible   48        50.00000   41.00000  18.0%  28.1 1159s
 306639 69363 infeasible   47        50.00000   41.00000  18.0%  28.1 1170s
 308578 69710   49.00000   42   10   50.00000   41.00000  18.0%  28.1 1181s
 310110 70314   41.00000   37   35   50.00000   41.00000  18.0%  28.2 1193s
 312069 70915   41.00000   35   58   50.00000   41.00000  18.0%  28.2 1205s
 313857 71479   47.00000   49   22   50.00000   41.00000  18.0%  28.2 1217s
 315783 71931   46.00000   43   41   50.00000   41.00000  18.0%  28.2 1228s
 317370 72447     cutoff   46        50.00000   41.00000  18.0%  28.2 1241s
 319177 72995     cutoff   44        50.00000   41.00000  18.0%  28.3 1253s
 321062 73447   46.00000   42   24   50.00000   41.00000  18.0%  28.3 1263s
 322509 74017 infeasible   46        50.00000   41.00000  18.0%  28.3 1276s
 324570 74585   47.00000   51   32   50.00000   41.00000  18.0%  28.3 1288s
 326456 75149   41.00000   39   42   50.00000   41.00000  18.0%  28.3 1302s
 328385 75764 infeasible   42        50.00000   41.00000  18.0%  28.4 1315s
 330276 76315 infeasible   54        50.00000   41.00000  18.0%  28.4 1326s
 332099 76955   47.00000   50   31   50.00000   41.00000  18.0%  28.4 1339s
 334120 77440   46.00000   41   26   50.00000   41.00000  18.0%  28.4 1351s
 335804 78045   41.00000   45   33   50.00000   41.00000  18.0%  28.4 1363s
 337859 78674   49.00000   44   12   50.00000   41.00000  18.0%  28.4 1376s
 339818 79164   43.00000   39   17   50.00000   41.00000  18.0%  28.4 1388s
 341602 79800   49.00000   55   20   50.00000   41.00000  18.0%  28.4 1400s
 343575 80144   41.00000   41   33   50.00000   41.00000  18.0%  28.4 1411s
 344972 80733   41.00000   47   16   50.00000   41.00000  18.0%  28.5 1425s
 347099 81199 infeasible   55        50.00000   41.00000  18.0%  28.5 1438s
 348662 81721   49.00000   49    9   50.00000   41.00000  18.0%  28.5 1452s
 350755 82123 infeasible   47        50.00000   41.00000  18.0%  28.5 1463s
 352479 82753     cutoff   53        50.00000   41.00000  18.0%  28.6 1477s
 354517 83316   41.00000   37   69   50.00000   41.00000  18.0%  28.6 1490s
 356356 83864 infeasible   48        50.00000   41.00000  18.0%  28.6 1502s
 358287 84349   41.00000   42   26   50.00000   41.00000  18.0%  28.6 1514s
 360063 84981     cutoff   46        50.00000   41.00000  18.0%  28.7 1528s
 362183 85450   43.00000   41   33   50.00000   41.00000  18.0%  28.7 1540s
 363989 85953   41.00000   48   60   50.00000   41.00000  18.0%  28.7 1553s
 365876 86400 infeasible   59        50.00000   41.00000  18.0%  28.7 1563s
 367433 86811   46.00000   44   18   50.00000   41.00000  18.0%  28.7 1576s
 369121 87289   47.00000   46   12   50.00000   41.00000  18.0%  28.8 1590s
 371101 87724   42.00000   50   33   50.00000   41.00000  18.0%  28.8 1602s
 372791 88256   49.00000   63   11   50.00000   41.00000  18.0%  28.8 1616s
 374772 88747   41.00000   36   26   50.00000   41.00000  18.0%  28.8 1629s
 374956 88747   46.00000   39   28   50.00000   41.00000  18.0%  28.8 1630s
 376614 89157     cutoff   49        50.00000   41.00000  18.0%  28.8 1642s
 378362 89658 infeasible   60        50.00000   41.00000  18.0%  28.8 1657s
 380249 90209     cutoff   45        50.00000   41.00000  18.0%  28.8 1670s
 382253 90617   46.00000   46   27   50.00000   41.00000  18.0%  28.9 1684s
 384062 91229   48.00000   48   30   50.00000   41.00000  18.0%  28.9 1696s
 386044 91569   49.00000   43   43   50.00000   41.00000  18.0%  28.9 1709s
 387667 92008   46.00000   53   20   50.00000   41.00000  18.0%  28.9 1721s
 389292 92488   47.00000   43   21   50.00000   41.00000  18.0%  28.9 1732s
 391024 93070   47.00000   43   27   50.00000   41.00000  18.0%  28.9 1746s
 393134 93488     cutoff   51        50.00000   41.00000  18.0%  28.9 1759s
 394852 93962   49.00000   50   14   50.00000   41.00000  18.0%  28.9 1771s
 396720 94381   49.00000   43   39   50.00000   41.00000  18.0%  29.0 1784s
 398442 94954 infeasible   46        50.00000   41.00000  18.0%  29.0 1798s
 400456 95437   48.00000   55   17   50.00000   41.00000  18.0%  29.0 1811s
 402126 95867   46.00000   47   19   50.00000   41.00000  18.0%  29.0 1822s
 403811 96401   49.00000   45   16   50.00000   41.00000  18.0%  29.0 1835s
 405705 96749   42.00000   37   26   50.00000   41.00000  18.0%  29.0 1848s
 407332 97401   45.00000   37   27   50.00000   41.00000  18.0%  29.1 1861s
 409401 97806   46.00000   47   14   50.00000   41.00000  18.0%  29.1 1872s
 410906 98206 infeasible   52        50.00000   41.00000  18.0%  29.1 1886s
 412687 98728   41.00000   44   27   50.00000   41.00000  18.0%  29.1 1901s
 414767 99310   46.00000   47   21   50.00000   41.00000  18.0%  29.1 1915s
 416745 99763 infeasible   47        50.00000   41.00000  18.0%  29.1 1926s
 418521 100285   49.00000   47   19   50.00000   41.00000  18.0%  29.1 1940s
 420538 100739   48.00000   50   21   50.00000   41.00000  18.0%  29.1 1954s
 422359 101313   44.00000   46   24   50.00000   41.00000  18.0%  29.1 1968s
 424394 101789   45.00000   60   12   50.00000   41.00000  18.0%  29.1 1982s
 426229 102388   49.00000   48   16   50.00000   41.00000  18.0%  29.1 1994s
 428260 102856   46.00000   47   19   50.00000   41.00000  18.0%  29.1 2006s
 430041 103413   47.00000   53   17   50.00000   41.00000  18.0%  29.1 2022s
 432042 103858   41.00000   40   33   50.00000   41.00000  18.0%  29.1 2033s
 433679 104209   46.00000   43   30   50.00000   41.00000  18.0%  29.1 2046s
 435465 104772     cutoff   42        50.00000   41.00000  18.0%  29.1 2059s
 437420 105261   45.00000   44   27   50.00000   41.00000  18.0%  29.1 2071s
 439132 106033   41.00000   43   50   50.00000   41.00000  18.0%  29.2 2089s
 441833 106681     cutoff   44        50.00000   41.00000  18.0%  29.2 2108s
 444350 107445   46.00000   41   28   50.00000   41.00000  18.0%  29.2 2128s
 447250 107984 infeasible   50        50.00000   41.00000  18.0%  29.2 2149s
 449486 108623   49.00000   41   20   50.00000   41.00000  18.0%  29.2 2170s
 452163 109526   49.00000   36   38   50.00000   41.00000  18.0%  29.2 2193s
 455190 110149 infeasible   49        50.00000   41.00000  18.0%  29.2 2208s
 457456 110882   41.00000   38   49   50.00000   41.00000  18.0%  29.2 2229s
 460269 111562 infeasible   45        50.00000   41.00000  18.0%  29.2 2248s
 462715 112338   48.00000   51   13   50.00000   41.00000  18.0%  29.2 2267s
 465385 112981 infeasible   46        50.00000   41.00000  18.0%  29.2 2283s
 467650 113608   48.00000   51   23   50.00000   41.00000  18.0%  29.2 2301s
 470039 114109 infeasible   45        50.00000   41.00000  18.0%  29.2 2319s
 472246 114636   47.00000   46   14   50.00000   41.00000  18.0%  29.2 2336s
 474473 115278   48.00000   66    8   50.00000   41.00000  18.0%  29.3 2351s
 476766 115686 infeasible   59        50.00000   41.00000  18.0%  29.3 2365s
 478630 116075 infeasible   59        50.00000   41.00000  18.0%  29.3 2378s
 480177 116636 infeasible   58        50.00000   41.00000  18.0%  29.3 2395s
 482289 117086 infeasible   57        50.00000   41.00000  18.0%  29.3 2410s
 484089 117536   41.00000   45   45   50.00000   41.00000  18.0%  29.3 2425s
 486122 117939   47.00000   45   19   50.00000   41.00000  18.0%  29.3 2435s
 487942 118598   41.00000   42   62   50.00000   41.00000  18.0%  29.3 2451s
 490077 118956   49.00000   42   20   50.00000   41.00000  18.0%  29.3 2464s
 491884 119532   49.00000   47   26   50.00000   41.00000  18.0%  29.3 2478s
 493828 120260   48.00000   42   20   50.00000   41.00000  18.0%  29.3 2497s
 496564 121009   47.00000   48   20   50.00000   41.00000  18.0%  29.3 2520s
 499165 121866   46.00000   40   15   50.00000   41.00000  18.0%  29.3 2541s
 502146 122493   41.00000   42   45   50.00000   41.00000  18.0%  29.3 2561s
 504497 123449   46.00000   42   28   50.00000   41.00000  18.0%  29.3 2584s
 507553 124092   49.00000   46   16   50.00000   41.00000  18.0%  29.3 2600s
 510092 124916   49.00000   52   16   50.00000   41.00000  18.0%  29.3 2624s
 512998 125497   47.00000   44   44   50.00000   41.00000  18.0%  29.3 2645s
 515590 126268 infeasible   55        50.00000   41.00000  18.0%  29.3 2664s
 517045 126268   46.00000   45   30   50.00000   41.00000  18.0%  29.3 2665s
 518541 126961     cutoff   49        50.00000   41.00000  18.0%  29.3 2682s
 521178 127773   49.00000   46   19   50.00000   41.00000  18.0%  29.3 2703s
 523984 128352   49.00000   49   29   50.00000   41.00000  18.0%  29.3 2721s
 526266 129176   41.00000   39   34   50.00000   41.00000  18.0%  29.3 2745s
 529451 129698   47.00000   52   25   50.00000   41.00000  18.0%  29.3 2762s
 531909 130446   49.00000   45   18   50.00000   41.00000  18.0%  29.3 2783s
 534567 131072   49.00000   41   19   50.00000   41.00000  18.0%  29.3 2802s
 536998 131709   48.00000   50   19   50.00000   41.00000  18.0%  29.3 2823s
 539700 132313   46.00000   40   17   50.00000   41.00000  18.0%  29.3 2838s
 541943 133083   49.00000   49   11   50.00000   41.00000  18.0%  29.3 2858s
 544502 133597 infeasible   49        50.00000   41.00000  18.0%  29.3 2875s
 546715 134133 infeasible   40        50.00000   41.00000  18.0%  29.3 2891s
 548825 134684   47.00000   49   21   50.00000   41.00000  18.0%  29.3 2905s
 550745 135122 infeasible   59        50.00000   41.00000  18.0%  29.3 2922s
 552800 135657 infeasible   52        50.00000   41.00000  18.0%  29.3 2939s
 554866 136133   47.00000   47   19   50.00000   41.00000  18.0%  29.3 2954s
 556830 136519   46.00000   51   38   50.00000   41.00000  18.0%  29.3 2967s
 558966 136908 infeasible   45        50.00000   41.00000  18.0%  29.3 2982s
 560709 137429   47.00000   51   16   50.00000   41.00000  18.0%  29.3 2997s
 562737 137942   45.00000   48   30   50.00000   41.00000  18.0%  29.3 3019s
 565219 138583   41.00000   38   39   50.00000   41.00000  18.0%  29.3 3040s
 568009 139079   48.00000   58   12   50.00000   41.00000  18.0%  29.3 3059s
 570384 139566 infeasible   53        50.00000   41.00000  18.0%  29.3 3076s
 572704 139979     cutoff   54        50.00000   41.00000  18.0%  29.3 3094s
 574711 140464 infeasible   59        50.00000   41.00000  18.0%  29.3 3109s
 577015 140896   41.00000   46   30   50.00000   41.00000  18.0%  29.3 3125s
 578926 141400     cutoff   39        50.00000   41.00000  18.0%  29.3 3141s
 581073 141751 infeasible   46        50.00000   41.00000  18.0%  29.3 3155s
 582822 142124   47.00000   49   26   50.00000   41.00000  18.0%  29.3 3169s
 584687 142646     cutoff   46        50.00000   41.00000  18.0%  29.3 3186s
 586624 143076 infeasible   50        50.00000   41.00000  18.0%  29.3 3200s
 588402 143745   41.00000   40   39   50.00000   41.00000  18.0%  29.3 3224s
 590976 144268   44.00000   41   26   50.00000   41.00000  18.0%  29.3 3245s
 593684 144918   49.00000   55   18   50.00000   41.00000  18.0%  29.3 3265s
 596283 145571   41.00000   39   27   50.00000   41.00000  18.0%  29.3 3288s
 598812 146432   44.00000   52   12   50.00000   41.00000  18.0%  29.3 3312s
 601773 147048 infeasible   55        50.00000   41.00000  18.0%  29.2 3331s
 604446 147866   46.00000   46   27   50.00000   41.00000  18.0%  29.2 3355s
 607283 148537 infeasible   58        50.00000   41.00000  18.0%  29.2 3377s
 609894 149262   49.00000   60   10   50.00000   41.00000  18.0%  29.2 3400s
 612690 149754     cutoff   53        50.00000   41.00000  18.0%  29.2 3421s
 615246 150433 infeasible   49        50.00000   41.00000  18.0%  29.2 3444s
 618066 150983     cutoff   49        50.00000   41.00000  18.0%  29.2 3465s
 620347 151711 infeasible   56        50.00000   41.00000  18.0%  29.2 3491s
 623388 152305   49.00000   44   22   50.00000   41.00000  18.0%  29.2 3514s
 625944 152979   47.00000   41   26   50.00000   41.00000  18.0%  29.2 3536s
 628958 153480     cutoff   51        50.00000   41.00000  18.0%  29.2 3559s
 631519 154248   44.00000   41   29   50.00000   41.00000  18.0%  29.2 3585s
 634432 154812 infeasible   48        50.00000   41.00000  18.0%  29.2 3611s
 637204 155391 infeasible   58        50.00000   41.00000  18.0%  29.2 3635s
 639811 156029   47.00000   50   17   50.00000   41.00000  18.0%  29.2 3656s
 642341 156616   47.00000   51   10   50.00000   41.00000  18.0%  29.2 3677s
 645172 157117   49.00000   48   16   50.00000   41.00000  18.0%  29.2 3699s
 647337 157635   48.00000   57   18   50.00000   41.00000  18.0%  29.2 3723s
 650020 158396   44.00000   46   30   50.00000   41.00000  18.0%  29.2 3748s
 652891 158938   41.00000   36   35   50.00000   41.00000  18.0%  29.2 3773s
 655468 159694   46.00000   49   19   50.00000   41.00000  18.0%  29.2 3797s
 658394 160404   49.00000   50   13   50.00000   41.00000  18.0%  29.2 3820s
 661105 161170 infeasible   46        50.00000   41.00000  18.0%  29.2 3846s
 664058 161742   41.00000   41   25   50.00000   41.00000  18.0%  29.2 3867s
 666341 162415 infeasible   42        50.00000   41.00000  18.0%  29.2 3893s
 669233 163187   48.00000   47   24   50.00000   41.00000  18.0%  29.2 3919s
 670740 163187 infeasible   59        50.00000   41.00000  18.0%  29.2 3920s
 672187 163856     cutoff   43        50.00000   41.00000  18.0%  29.2 3940s
 674843 164566 infeasible   50        50.00000   41.00000  18.0%  29.2 3967s
 677889 165234   41.00000   39   38   50.00000   41.00000  18.0%  29.2 3992s
 680757 165949   49.00000   44   18   50.00000   41.00000  18.0%  29.2 4016s
 683433 166576   41.00000   36   20   50.00000   41.00000  18.0%  29.2 4039s
 685997 167176 infeasible   53        50.00000   41.00000  18.0%  29.2 4059s
 688548 167751 infeasible   62        50.00000   41.00000  18.0%  29.2 4082s
 691023 168321   49.00000   51   17   50.00000   41.00000  18.0%  29.2 4106s
 693536 169011   46.00000   51   31   50.00000   41.00000  18.0%  29.2 4134s
 696157 169566   41.00000   48   23   50.00000   41.00000  18.0%  29.2 4161s
 698718 170245   46.00000   50   19   50.00000   41.00000  18.0%  29.2 4184s
 701748 170879   48.00000   53   22   50.00000   41.00000  18.0%  29.2 4210s
 704466 171594   41.00000   40   24   50.00000   41.00000  18.0%  29.2 4235s
 707486 172106 infeasible   48        50.00000   41.00000  18.0%  29.2 4262s
 710044 172696   46.00000   42   27   50.00000   41.00000  18.0%  29.2 4286s
 712455 173300     cutoff   47        50.00000   41.00000  18.0%  29.2 4308s
 715094 174060   49.00000   43   21   50.00000   41.00000  18.0%  29.2 4335s
 718069 174579   44.00000   54   38   50.00000   41.00000  18.0%  29.2 4360s
 720516 175242   47.00000   44   24   50.00000   41.00000  18.0%  29.2 4387s
 723306 175812 infeasible   50        50.00000   41.00000  18.0%  29.2 4409s
 726074 176440   49.00000   50   14   50.00000   41.00000  18.0%  29.2 4436s
 728989 176986     cutoff   51        50.00000   41.00000  18.0%  29.2 4461s
 731552 177670 infeasible   51        50.00000   41.00000  18.0%  29.2 4489s
 733304 177670   47.00000   55   18   50.00000   41.00000  18.0%  29.2 4490s
 734480 178186 infeasible   43        50.00000   41.00000  18.0%  29.2 4509s
 736638 178689   49.00000   48   10   50.00000   41.00000  18.0%  29.2 4532s
 739189 179269     cutoff   46        50.00000   41.00000  18.0%  29.2 4557s
 741810 179811 infeasible   51        50.00000   41.00000  18.0%  29.2 4576s
 744140 180342 infeasible   55        50.00000   41.00000  18.0%  29.2 4598s
 746440 180776   49.00000   49   10   50.00000   41.00000  18.0%  29.2 4619s
 748315 181260 infeasible   53        50.00000   41.00000  18.0%  29.2 4639s
 750476 181774   49.00000   61   15   50.00000   41.00000  18.0%  29.2 4661s
 752707 182324 infeasible   55        50.00000   41.00000  18.0%  29.2 4677s
 754763 182866   49.00000   47   12   50.00000   41.00000  18.0%  29.2 4697s
 756926 183250     cutoff   53        50.00000   41.00000  18.0%  29.2 4713s
 758535 183663   49.00000   46   16   50.00000   41.00000  18.0%  29.2 4732s
 760486 184069   46.00000   43   18   50.00000   41.00000  18.0%  29.2 4756s
 763170 184634 infeasible   50        50.00000   41.00000  18.0%  29.2 4785s
 766304 185129   49.00000   50   18   50.00000   41.00000  18.0%  29.2 4811s
 768792 185751   46.00000   52   12   50.00000   41.00000  18.0%  29.2 4833s
 771650 186213   45.00000   50   30   50.00000   41.00000  18.0%  29.2 4860s
 774108 186749   46.00000   46   18   50.00000   41.00000  18.0%  29.2 4886s
 777106 187340   47.00000   49   28   50.00000   41.00000  18.0%  29.2 4912s
 779681 187767   47.00000   51   17   50.00000   41.00000  18.0%  29.2 4935s
 782185 188277 infeasible   44        50.00000   41.00000  18.0%  29.2 4962s
 784684 188828 infeasible   52        50.00000   41.00000  18.0%  29.3 4985s
 787438 189502   41.00000   39   36   50.00000   41.00000  18.0%  29.3 5013s
 790363 189994 infeasible   51        50.00000   41.00000  18.0%  29.2 5040s
 792896 190532     cutoff   46        50.00000   41.00000  18.0%  29.3 5068s
 795407 191063   47.00000   45   13   50.00000   41.00000  18.0%  29.3 5095s
 798097 191756   47.00000   51   12   50.00000   41.00000  18.0%  29.3 5120s
 801106 192265   49.00000   46   16   50.00000   41.00000  18.0%  29.3 5148s
 803673 192722   45.00000   47    8   50.00000   41.00000  18.0%  29.3 5172s
 806199 193133   45.00000   46   21   50.00000   41.00000  18.0%  29.3 5193s
 808694 193577   47.00000   50   18   50.00000   41.00000  18.0%  29.3 5220s
 811153 194144     cutoff   52        50.00000   41.00000  18.0%  29.3 5249s
 814225 194642 infeasible   51        50.00000   41.00000  18.0%  29.3 5277s
 816991 195146 infeasible   49        50.00000   41.00000  18.0%  29.3 5301s
 819603 195729   47.00000   57   19   50.00000   41.00000  18.0%  29.3 5329s
*820403 195705              69      50.0000000   41.00000  18.0%  29.3 5330s
 822602 196148   41.00000   48   32   50.00000   41.00000  18.0%  29.3 5358s
 825164 196874   46.00000   42   15   50.00000   41.00000  18.0%  29.3 5387s
 828202 197323   49.00000   55   15   50.00000   41.00000  18.0%  29.3 5408s
 830592 198031   49.00000   54   22   50.00000   41.00000  18.0%  29.3 5439s
 833543 198535   41.00000   42   29   50.00000   41.00000  18.0%  29.2 5468s
 836081 199173   44.00000   37   21   50.00000   41.00000  18.0%  29.2 5493s
 839102 199593   49.00000   45   16   50.00000   41.00000  18.0%  29.2 5520s
 841668 200107   47.00000   50   29   50.00000   41.00000  18.0%  29.2 5548s
 844339 200564   42.00000   49   27   50.00000   41.00000  18.0%  29.2 5577s
 847011 201080   46.00000   48   24   50.00000   41.00000  18.0%  29.2 5602s
 849525 201518     cutoff   43        50.00000   41.00000  18.0%  29.2 5629s
 851988 202030     cutoff   56        50.00000   41.00000  18.0%  29.2 5654s
 854349 202440   48.00000   50   20   50.00000   41.00000  18.0%  29.2 5678s
 856548 202956 infeasible   56        50.00000   41.00000  18.0%  29.2 5702s
 858930 203382 infeasible   66        50.00000   41.00000  18.0%  29.2 5725s
 861047 203941   46.00000   45   24   50.00000   41.00000  18.0%  29.2 5745s
 863467 204272 infeasible   48        50.00000   41.00000  18.0%  29.2 5765s
 865400 204845   46.00000   43   26   50.00000   41.00000  18.0%  29.2 5787s
 867563 205120 infeasible   53        50.00000   41.00000  18.0%  29.2 5805s
 869450 205461 infeasible   49        50.00000   41.00000  18.0%  29.2 5824s
 871295 205857 infeasible   46        50.00000   41.00000  18.0%  29.2 5843s
 873290 206602   46.00000   54   22   50.00000   41.00000  18.0%  29.2 5873s
 876306 206976   46.00000   60   16   50.00000   41.00000  18.0%  29.2 5898s
 878759 207455     cutoff   55        50.00000   41.00000  18.0%  29.2 5927s
 881360 208010   49.00000   56   14   50.00000   41.00000  18.0%  29.2 5960s
 884329 208486   46.00000   50   14   50.00000   41.00000  18.0%  29.2 5986s
 887121 209150   49.00000   49   20   50.00000   41.00000  18.0%  29.2 6018s
 890197 209659 infeasible   61        50.00000   41.00000  18.0%  29.1 6048s
 892791 210335   49.00000   47   25   50.00000   41.00000  18.0%  29.1 6078s
 895769 210860   49.00000   47   11   50.00000   41.00000  18.0%  29.1 6104s
 898504 211350   45.00000   49   22   50.00000   41.00000  18.0%  29.1 6129s
 900868 212060 infeasible   46        50.00000   41.00000  18.0%  29.1 6159s
 903783 212671   48.00000   50   22   50.00000   41.00000  18.0%  29.1 6181s
 906287 213232 infeasible   48        50.00000   41.00000  18.0%  29.1 6207s
 908498 213884 infeasible   39        50.00000   41.00000  18.0%  29.1 6234s
 911165 214364   44.00000   43   27   50.00000   41.00000  18.0%  29.1 6258s
 913479 214788   48.00000   47   15   50.00000   41.00000  18.0%  29.1 6279s
 915796 215426   45.00000   43   17   50.00000   41.00000  18.0%  29.1 6304s
 918204 215891   46.00000   59   21   50.00000   41.00000  18.0%  29.1 6326s
 920425 216356   44.00000   49   18   50.00000   41.00000  18.0%  29.0 6345s
 922647 216831 infeasible   48        50.00000   41.00000  18.0%  29.0 6366s
 924616 217373   49.00000   44   21   50.00000   41.00000  18.0%  29.0 6389s
 926847 217758     cutoff   56        50.00000   41.00000  18.0%  29.0 6406s
 928747 218262   48.00000   48   26   50.00000   41.00000  18.0%  29.0 6428s
 930867 218626   44.00000   45   16   50.00000   41.00000  18.0%  29.0 6448s
 932878 218914   42.00000   46   17   50.00000   41.00000  18.0%  29.0 6464s
 934747 219316 infeasible   48        50.00000   41.00000  18.0%  29.0 6486s
 936701 219669   49.00000   43   14   50.00000   41.00000  18.0%  29.0 6505s
 938410 220021 infeasible   53        50.00000   41.00000  18.0%  29.0 6528s
 940527 220387   41.00000   47   26   50.00000   41.00000  18.0%  29.0 6547s
 942392 220874   46.00000   53   17   50.00000   41.00000  18.0%  29.0 6576s
 945013 221509   49.00000   45   16   50.00000   41.00000  18.0%  29.0 6608s
 948001 222039 infeasible   53        50.00000   41.00000  18.0%  29.0 6631s
 950563 222505   44.00000   50   24   50.00000   41.00000  18.0%  29.0 6662s
 953119 223110   41.00000   48   24   50.00000   41.00000  18.0%  29.0 6696s
 956042 223546 infeasible   55        50.00000   41.00000  18.0%  29.0 6722s
 958649 224150 infeasible   51        50.00000   41.00000  18.0%  29.0 6753s
 961577 224591     cutoff   42        50.00000   41.00000  18.0%  28.9 6781s
 963695 225143 infeasible   49        50.00000   41.00000  18.0%  28.9 6811s
 966436 225727 infeasible   51        50.00000   41.00000  18.0%  28.9 6835s
 968973 226267   48.00000   59   16   50.00000   41.00000  18.0%  28.9 6867s
 971702 226732   44.00000   46   20   50.00000   41.00000  18.0%  28.9 6897s
 974375 227247   49.00000   52   15   50.00000   41.00000  18.0%  28.9 6928s
 977044 227809 infeasible   55        50.00000   41.00000  18.0%  28.9 6955s
 979831 228484   49.00000   48   25   50.00000   41.00000  18.0%  28.9 6989s
 982963 228983   49.00000   48   15   50.00000   41.00000  18.0%  28.9 7018s
 985577 229661   46.00000   40   23   50.00000   41.00000  18.0%  28.9 7046s
 988692 230134 infeasible   49        50.00000   41.00000  18.0%  28.9 7074s
 991115 230647 infeasible   50        50.00000   41.00000  18.0%  28.9 7107s
 993844 231387   46.00000   45   22   50.00000   41.00000  18.0%  28.9 7141s
 996946 231940   49.00000   47   19   50.00000   41.00000  18.0%  28.9 7168s
 999775 232510 infeasible   53        50.00000   41.00000  18.0%  28.9 7200s
 1002548 232997   48.00000   44    7   50.00000   41.00000  18.0%  28.8 7231s
 1005304 233620 infeasible   49        50.00000   41.00000  18.0%  28.8 7259s
 1008127 234080 infeasible   55        50.00000   41.00000  18.0%  28.8 7289s
 1010665 234615   44.00000   40   22   50.00000   41.00000  18.0%  28.8 7318s
 1013354 235106   49.00000   51   17   50.00000   41.00000  18.0%  28.8 7348s
 1016073 235323   49.00000   53   12   50.00000   41.00000  18.0%  28.8 7371s
 1018066 236027     cutoff   46        50.00000   41.00000  18.0%  28.8 7405s
 1021122 236497 infeasible   48        50.00000   41.00000  18.0%  28.8 7437s
 1023987 237039   48.00000   39   13   50.00000   41.00000  18.0%  28.8 7465s
 1026936 237607   49.00000   55   19   50.00000   41.00000  18.0%  28.8 7497s
 1029816 238002 infeasible   51        50.00000   41.00000  18.0%  28.8 7528s
 1032378 238499 infeasible   55        50.00000   41.00000  18.0%  28.8 7554s
 1035153 238920   41.00000   42   29   50.00000   41.00000  18.0%  28.8 7582s
 1037572 239295 infeasible   48        50.00000   41.00000  18.0%  28.8 7612s
 1040073 239772   41.00000   44   44   50.00000   41.00000  18.0%  28.7 7642s
 1042873 239966   46.00000   43   19   50.00000   41.00000  18.0%  28.7 7667s
 1045110 240475   45.00000   44   29   50.00000   41.00000  18.0%  28.7 7699s
 1048134 241005   41.00000   48   27   50.00000   41.00000  18.0%  28.7 7733s
 1050967 241497 infeasible   45        50.00000   41.00000  18.0%  28.7 7764s
 1053755 241975   49.00000   50   15   50.00000   41.00000  18.0%  28.7 7792s
 1056476 242448 infeasible   56        50.00000   41.00000  18.0%  28.7 7822s
 1059108 242849 infeasible   46        50.00000   41.00000  18.0%  28.7 7851s
 1061555 243227   49.00000   55   16   50.00000   41.00000  18.0%  28.7 7882s
 1064119 243738   42.00000   51   24   50.00000   41.00000  18.0%  28.7 7911s
 1067142 244160   43.00000   51   26   50.00000   41.00000  18.0%  28.7 7943s
 1069792 244575   41.00000   47   25   50.00000   41.00000  18.0%  28.7 7975s
 1072488 245087   41.00000   56   31   50.00000   41.00000  18.0%  28.7 8008s
 1075416 245481   44.00000   53   26   50.00000   41.00000  18.0%  28.7 8036s
 1078090 245933   49.00000   41   18   50.00000   41.00000  18.0%  28.7 8070s
 1080960 246247   47.00000   52   23   50.00000   41.00000  18.0%  28.7 8098s
 1083224 246684   48.00000   47   17   50.00000   41.00000  18.0%  28.7 8132s
 1086069 247234 infeasible   54        50.00000   41.00000  18.0%  28.7 8163s
 1089215 247584 infeasible   54        50.00000   41.00000  18.0%  28.7 8195s
 1091689 248093   45.00000   51   15   50.00000   41.00000  18.0%  28.7 8230s
 1094771 248561   42.00000   53   25   50.00000   41.00000  18.0%  28.7 8263s
 1097720 248983   48.00000   56   27   50.00000   41.00000  18.0%  28.6 8296s
 1100476 249520   49.00000   57   11   50.00000   41.00000  18.0%  28.6 8325s
 1103340 249847 infeasible   50        50.00000   41.00000  18.0%  28.6 8354s
 1104342 249847 infeasible   54        50.00000   41.00000  18.0%  28.6 8355s
 1105667 250395 infeasible   54        50.00000   41.00000  18.0%  28.6 8391s
 1108767 250746   44.00000   49   26   50.00000   41.00000  18.0%  28.6 8422s
 1111357 251320   47.00000   47   18   50.00000   41.00000  18.0%  28.6 8450s
 1114333 251779 infeasible   61        50.00000   41.00000  18.0%  28.6 8483s
 1117162 252074   46.00000   53   25   50.00000   41.00000  18.0%  28.6 8511s
 1119449 252533 infeasible   60        50.00000   41.00000  18.0%  28.6 8545s
 1122430 252813     cutoff   50        50.00000   41.00000  18.0%  28.6 8574s
 1124853 253303   47.00000   47   20   50.00000   41.00000  18.0%  28.6 8607s
 1127798 253776   46.00000   49   22   50.00000   41.00000  18.0%  28.6 8631s
 1130423 254202   45.00000   52   13   50.00000   41.00000  18.0%  28.6 8663s
 1133211 254715   47.00000   47   19   50.00000   41.00000  18.0%  28.6 8697s
 1136084 255147 infeasible   54        50.00000   41.00000  18.0%  28.6 8723s
 1138622 255598   45.00000   56   28   50.00000   41.00000  18.0%  28.6 8755s
 1141437 255882 infeasible   66        50.00000   41.00000  18.0%  28.6 8784s
 1143837 256397 infeasible   57        50.00000   41.00000  18.0%  28.6 8815s
 1146579 256698 infeasible   53        50.00000   41.00000  18.0%  28.6 8842s
 1149116 257150     cutoff   52        50.00000   41.00000  18.0%  28.6 8873s
 1151895 257459 infeasible   59        50.00000   41.00000  18.0%  28.6 8901s
 1154178 258015 infeasible   52        50.00000   41.00000  18.0%  28.6 8937s
 1157382 258362 infeasible   51        50.00000   41.00000  18.0%  28.6 8964s
 1159896 258757     cutoff   50        50.00000   41.00000  18.0%  28.6 8996s
 1162497 259323   46.00000   48   34   50.00000   41.00000  18.0%  28.6 9031s
 1165572 259692   47.00000   48   23   50.00000   41.00000  18.0%  28.5 9064s
 1168248 260168 infeasible   52        50.00000   41.00000  18.0%  28.5 9093s
 1171266 260634   48.00000   57   14   50.00000   41.00000  18.0%  28.5 9126s
 1173886 261048   41.00000   30   21   50.00000   41.00000  18.0%  28.5 9154s
 1176091 261657 infeasible   60        50.00000   41.00000  18.0%  28.5 9192s
 1179317 262042 infeasible   45        50.00000   41.00000  18.0%  28.5 9221s
 1182011 262509 infeasible   39        50.00000   41.00000  18.0%  28.5 9254s
 1184694 262996   49.00000   44   17   50.00000   41.00000  18.0%  28.5 9288s
 1187579 263183 infeasible   53        50.00000   41.00000  18.0%  28.5 9319s
 1189913 263770 infeasible   47        50.00000   41.00000  18.0%  28.5 9355s
 1192993 264394   44.00000   38   19   50.00000   41.00000  18.0%  28.5 9385s
 1196138 264879   49.00000   49   13   50.00000   41.00000  18.0%  28.5 9414s
 1198764 265331   48.00000   49   16   50.00000   41.00000  18.0%  28.5 9443s
 1201309 265681   44.00000   53   23   50.00000   41.00000  18.0%  28.5 9472s
 1203626 266266   49.00000   51   18   50.00000   41.00000  18.0%  28.5 9497s
 1206325 266708   45.00000   49   24   50.00000   41.00000  18.0%  28.5 9525s
 1208682 267229   44.00000   50   30   50.00000   41.00000  18.0%  28.5 9554s
 1211267 267657   47.00000   56   22   50.00000   41.00000  18.0%  28.5 9581s
 1213470 268205   42.00000   51   24   50.00000   41.00000  18.0%  28.5 9603s
 1215932 268585   46.00000   49    9   50.00000   41.00000  18.0%  28.5 9629s
 1218003 268951 infeasible   49        50.00000   41.00000  18.0%  28.5 9653s
 1219919 269317   48.00000   39   17   50.00000   41.00000  18.0%  28.5 9678s
 1222241 269937   49.00000   47   16   50.00000   41.00000  18.0%  28.5 9704s
 1224749 270268   47.00000   50   13   50.00000   41.00000  18.0%  28.5 9726s
 1226807 270597     cutoff   39        50.00000   41.00000  18.0%  28.5 9748s
 1228557 271005   46.00000   42   20   50.00000   41.00000  18.0%  28.5 9771s
 1230622 271370   41.00000   43   21   50.00000   41.00000  18.0%  28.4 9794s
 1232458 271772   47.00000   52   28   50.00000   41.00000  18.0%  28.5 9813s
 1234618 271904   46.00000   49   28   50.00000   41.00000  18.0%  28.4 9834s
 1236325 272172 infeasible   53        50.00000   41.00000  18.0%  28.4 9859s
 1238388 272593     cutoff   50        50.00000   42.00000  16.0%  28.4 9895s
 1241547 272954   42.00000   48   21   50.00000   42.00000  16.0%  28.4 9927s
 1244375 273406   42.00000   50   38   50.00000   42.00000  16.0%  28.4 9955s
 1247179 273492 infeasible   59        50.00000   42.00000  16.0%  28.4 9981s
 1249155 273929   49.00000   48   24   50.00000   42.00000  16.0%  28.4 10014s
 1252032 274311 infeasible   54        50.00000   42.00000  16.0%  28.4 10046s
 1254803 274802   49.00000   58   15   50.00000   42.00000  16.0%  28.4 10078s
 1257543 275177 infeasible   59        50.00000   42.00000  16.0%  28.4 10108s
 1260306 275668   49.00000   50   12   50.00000   42.00000  16.0%  28.4 10142s
 1263135 275792 infeasible   47        50.00000   42.00000  16.0%  28.4 10165s
 1265293 276186   45.00000   52   31   50.00000   42.00000  16.0%  28.4 10195s
 1267857 276643   42.00000   47   14   50.00000   42.00000  16.0%  28.4 10229s
 1270714 277006   48.00000   41   23   50.00000   42.00000  16.0%  28.3 10262s
 1273431 277342   42.00000   46   30   50.00000   42.00000  16.0%  28.3 10290s
 1275904 277737 infeasible   59        50.00000   42.00000  16.0%  28.3 10323s
 1278641 278088   42.00000   44   28   50.00000   42.00000  16.0%  28.3 10356s
 1281140 278526   44.00000   63   27   50.00000   42.00000  16.0%  28.3 10389s
 1284080 278707 infeasible   54        50.00000   42.00000  16.0%  28.3 10416s
 1286328 279285     cutoff   53        50.00000   42.00000  16.0%  28.3 10451s
 1289463 279696   46.00000   45   20   50.00000   42.00000  16.0%  28.3 10477s
 1292062 280118 infeasible   53        50.00000   42.00000  16.0%  28.3 10510s
 1294873 280564   47.00000   48   18   50.00000   42.00000  16.0%  28.3 10542s
 1297676 280991   44.00000   52   27   50.00000   42.00000  16.0%  28.3 10573s
 1300471 281324 infeasible   59        50.00000   42.00000  16.0%  28.3 10599s
 1302970 281792   49.00000   49   20   50.00000   42.00000  16.0%  28.3 10632s
 1305765 282079   44.00000   47   15   50.00000   42.00000  16.0%  28.3 10662s
 1308258 282498   42.00000   40   25   50.00000   42.00000  16.0%  28.3 10695s
 1311100 282724 infeasible   51        50.00000   42.00000  16.0%  28.3 10719s
 1313331 283258   45.00000   44   21   50.00000   42.00000  16.0%  28.3 10751s
 1315989 283797     cutoff   48        50.00000   42.00000  16.0%  28.3 10781s
 1318743 284136   49.00000   54   16   50.00000   42.00000  16.0%  28.2 10800s

Cutting planes:
  Learned: 6571
  Gomory: 18
  Cover: 38
  MIR: 134
  StrongCG: 4
  Flow cover: 498
  RLT: 63
  Relax-and-lift: 2

Explored 1320475 nodes (37294272 simplex iterations) in 10800.72 seconds (330.69 work units)
Thread count was 18 (of 36 available processors)

Solution count 10: 50 50 51 ... 71

Time limit reached
Best objective 4.999999999490e+01, best bound 4.200000000000e+01, gap 16.0000%
