
Gurobi 11.0.0 (win64) logging started Sun May  5 21:46:25 2024

Set parameter LogFile to value "./Results/StripPacking-CutHeurRuns/Logs/SBL-111-StripPacking-20.log"
Set parameter TimeLimit to value 10800
Set parameter Cuts to value 1
Set parameter Presolve to value 1
Set parameter Heuristics to value 1
Set parameter LPWarmStart to value 2
Gurobi Optimizer version 11.0.0 build v11.0.0rc2 (win64 - Windows 10.0 (19045.2))

CPU model: Intel(R) Core(TM) i9-10980XE CPU @ 3.00GHz, instruction set [SSE2|AVX|AVX2|AVX512]
Thread count: 18 physical cores, 36 logical processors, using up to 18 threads

Optimize a model with 3625 rows, 651 columns and 12050 nonzeros
Model fingerprint: 0x00092d0f
Variable types: 51 continuous, 600 integer (600 binary)
Coefficient statistics:
  Matrix range     [1e+00, 1e+04]
  Objective range  [1e+00, 1e+00]
  Bounds range     [1e+00, 1e+04]
  RHS range        [5e-01, 1e+04]

Warning: Completing partial solution with 600 unfixed non-continuous variables out of 600
User MIP start produced solution with objective 104.8 (0.02s)
Loaded user MIP start with objective 104.8

Presolve removed 600 rows and 0 columns
Presolve time: 0.02s
Presolved: 3025 rows, 651 columns, 10250 nonzeros
Variable types: 51 continuous, 600 integer (600 binary)

Root relaxation: objective 3.600000e+01, 394 iterations, 0.01 seconds (0.02 work units)

    Nodes    |    Current Node    |     Objective Bounds      |     Work
 Expl Unexpl |  Obj  Depth IntInf | Incumbent    BestBd   Gap | It/Node Time

     0     0   36.00000    0   55  104.80000   36.00000  65.6%     -    0s
H    0     0                     101.0000000   36.00000  64.4%     -    0s
     0     0   36.00000    0   99  101.00000   36.00000  64.4%     -    0s
     0     0   36.00000    0   89  101.00000   36.00000  64.4%     -    0s
H    0     0                      98.0000000   36.00000  63.3%     -    0s
     0     0   36.00000    0   84   98.00000   36.00000  63.3%     -    0s
     0     0   36.00000    0   78   98.00000   36.00000  63.3%     -    0s
     0     0   36.00000    0   70   98.00000   36.00000  63.3%     -    0s
     0     0   36.00000    0   77   98.00000   36.00000  63.3%     -    0s
     0     0   36.00000    0   70   98.00000   36.00000  63.3%     -    0s
     0     0   36.00000    0   81   98.00000   36.00000  63.3%     -    0s
     0     0   36.00000    0   68   98.00000   36.00000  63.3%     -    1s
     0     0   36.00000    0   63   98.00000   36.00000  63.3%     -    1s
     0     2   36.00000    0   63   98.00000   36.00000  63.3%     -    1s
H   91   104                      98.0000000   36.00000  63.3%   112    2s
H   98   104                      97.0000000   36.00000  62.9%   110    2s
   103   122   36.00000    9  113   97.00000   36.00000  62.9%   110   15s
H  104   122                      95.0000000   36.00000  62.1%   109   15s
H  105   122                      93.0000000   36.00000  61.3%   108   15s
H  108   122                      86.0000000   36.00000  58.1%   107   15s
  1385  1360   40.51020   35  117   86.00000   36.00000  58.1%  43.1   40s
  1403  1376   40.51020   35  115   86.00000   36.00000  58.1%  43.3   57s
  1423  2410   40.51020   36  111   86.00000   36.00000  58.1%  43.4   62s
  2648  2423   36.00000    9  129   86.00000   36.00000  58.1%  33.5   66s
  2671  3559   36.00000   10  117   86.00000   36.00000  58.1%  33.6   77s
  4151  3575   80.00000   85   54   86.00000   36.00000  58.1%  28.4  108s
  4174  3577   77.00000   85   68   86.00000   36.00000  58.1%  28.3  110s
  4294  3676   38.21705   18   78   86.00000   36.00000  58.1%  32.9  119s
  4347  3719   38.21705   20   87   86.00000   36.00000  58.1%  33.3  120s
  4540  3840   50.00000   26   52   86.00000   36.00000  58.1%  33.9  125s
  4558  3852   50.00000   26   55   86.00000   36.00000  58.1%  34.0  136s
  4677  3932   50.00000   30   64   86.00000   36.00000  58.1%  34.2  152s
  4953  4282   58.00000   38   66   86.00000   36.00000  58.1%  33.8  157s
  5143  4236   71.00000   43   46   86.00000   36.00000  58.1%  33.8  168s
  5492  4452   61.00000   54   49   86.00000   36.00000  58.1%  33.1  181s
  5511  4463   61.00000   54   48   86.00000   36.00000  58.1%  33.1  190s
  5846  4654   76.00000   62   38   86.00000   36.00000  58.1%  32.5  200s
  6094  4808   82.00000   69   28   86.00000   36.00000  58.1%  32.3  221s
  6284  4918   83.00000   75   23   86.00000   36.00000  58.1%  32.1  234s
  6456  5010   83.00000   81   19   86.00000   36.00000  58.1%  31.8  255s
  6474  5017   84.00000   81   19   86.00000   36.00000  58.1%  31.8  263s
  6676  5086   85.00000   88   14   86.00000   36.00000  58.1%  31.5  276s
  6702  5093   84.00000   88   24   86.00000   36.00000  58.1%  31.5  286s
  6919  5176   84.00000   97   13   86.00000   36.00000  58.1%  31.5  303s
  7182  5263   85.00000  105   15   86.00000   36.00000  58.1%  31.2  324s
H 7184  4968                      85.0000000   36.00000  57.6%  31.2  324s
  7206  4958     cutoff  106        85.00000   36.00000  57.6%  31.2  334s
  7244  4995   36.00000   17  137   85.00000   36.00000  57.6%  31.3  347s
  7314  4987   36.00000   18  139   85.00000   36.00000  57.6%  31.2  359s
  7332  5199   37.08488   19  126   85.00000   36.00000  57.6%  31.2  360s
  7602  5158   59.00000   26   57   85.00000   36.00000  57.6%  31.0  372s
  7653  5158   74.00000   41   53   85.00000   36.00000  57.6%  31.0  379s
  7672  5168   74.00000   42   51   85.00000   36.00000  57.6%  31.0  390s
  8275  5454   82.00000   71   54   85.00000   36.00000  57.6%  30.4  405s
H 8288  5279                      85.0000000   36.00000  57.6%  30.4  405s
  8682  5420   83.00000  105   11   85.00000   36.00000  57.6%  30.0  417s
  8806  5655     cutoff  128        85.00000   36.00000  57.6%  30.1  424s
  9151  5557   72.00000   31   57   85.00000   36.00000  57.6%  30.2  442s
H 9155  5115                      84.0000000   36.00000  57.1%  30.2  442s
  9612  5387   80.00000   57   26   84.00000   36.00000  57.1%  29.8  454s
  9653  5765   80.00000   58   27   84.00000   36.00000  57.1%  29.9  457s
 10139  5638   80.00000   81   26   84.00000   36.00000  57.1%  29.8  467s
 11077  5987   55.00000   33   64   84.00000   36.00000  57.1%  29.5  480s
 11100  6000   59.00000   34   62   84.00000   36.00000  57.1%  29.5  488s
 11132  6583   65.00000   35   64   84.00000   36.00000  57.1%  29.5  491s
 12030  6296 infeasible   88        84.00000   36.00000  57.1%  29.3  505s
 12597  6549   59.00000   41   56   84.00000   36.00000  57.1%  29.2  515s
 12655  6552   59.00000   42   66   84.00000   36.00000  57.1%  29.3  524s
 12682  7284   64.00000   43   60   84.00000   36.00000  57.1%  29.3  529s
 13704  7049   55.00000   33   82   84.00000   36.00000  57.1%  29.4  544s
 13730  7358   55.00000   34   80   84.00000   36.00000  57.1%  29.5  556s
 14114  7463   82.00000   55   45   84.00000   36.00000  57.1%  29.5  562s
 14243  7486   82.00000   61   48   84.00000   36.00000  57.1%  29.5  572s
 14280  7501   82.00000   62   49   84.00000   36.00000  57.1%  29.4  585s
 15111  8086   71.00000   25   55   84.00000   36.00000  57.1%  29.1  602s
 15129  8101   71.00000   26   54   84.00000   36.00000  57.1%  29.1  615s
 15150  9171   71.00000   27   55   84.00000   36.00000  57.1%  29.1  625s
H15771  9171                      84.0000000   36.00000  57.1%  29.0  625s
 16525  9180   36.00000   26  153   84.00000   36.00000  57.1%  28.9  638s
H16551  7429                      82.0000000   36.00000  56.1%  29.0  638s
 16552  7931   36.00000   27  155   82.00000   36.00000  56.1%  29.0  654s
H16665  7931                      82.0000000   36.00000  56.1%  29.0  654s
 17341  8015   58.00000   53   78   82.00000   36.00000  56.1%  29.1  663s
 17530  8048   58.00000   54   76   82.00000   36.00000  56.1%  29.1  674s
 17575  8977   58.00000   55   82   82.00000   36.00000  56.1%  29.1  687s
 18883  8993 infeasible   87        82.00000   36.00000  56.1%  29.2  699s
 18903  9867 infeasible   86        82.00000   36.00000  56.1%  29.2  705s
 19923  9884   73.00000   45   30   82.00000   36.00000  56.1%  28.9  719s
 19942 11006   73.00000   46   30   82.00000   36.00000  56.1%  28.9  728s
 21648 11786   80.00000   49   44   82.00000   36.00000  56.1%  29.1  743s
 22625 14155   77.00000   67   58   82.00000   36.00000  56.1%  29.1  760s
 25981 14169   46.00000   43   84   82.00000   36.00000  56.1%  28.7  782s
 26003 14906   46.00000   44   90   82.00000   36.00000  56.1%  28.7  796s
 27091 15008 infeasible   83        82.00000   36.00000  56.1%  28.5  806s
 27260 16929   36.00000   33  117   82.00000   36.00000  56.1%  28.5  826s
 29829 16943 infeasible   67        82.00000   36.00000  56.1%  28.4  838s
 29851 17846   39.75697   34   94   82.00000   36.00000  56.1%  28.4  865s
 31069 17860   80.00000   66   45   82.00000   36.00000  56.1%  28.4  889s
 31091 18607   80.00000   67   39   82.00000   36.53571  55.4%  28.4  912s
 32090 18625   74.00000   61   38   82.00000   36.62500  55.3%  28.3  927s
 32108 18643   74.00000   62   39   82.00000   36.62500  55.3%  28.3  932s
 32126 18664   74.00000   63   37   82.00000   36.62500  55.3%  28.3  941s
 32147 19433   74.00000   64   37   82.00000   36.62500  55.3%  28.3  974s
 33265 19445   55.00000   52   73   82.00000   36.62500  55.3%  28.5  999s
 33289 20674   55.00000   52   72   82.00000   36.62500  55.3%  28.5 1040s
 34670 20686 infeasible   91        82.00000   36.62500  55.3%  28.2 1056s
 34694 21641   81.00000   91   20   82.00000   36.62500  55.3%  28.2 1093s
 36045 21655   67.00000   44   48   82.00000   36.62500  55.3%  28.0 1112s
 36067 22938   67.00000   45   45   82.00000   37.00000  54.9%  28.0 1131s
 37876 22954   70.00000   50   64   82.00000   38.21053  53.4%  27.9 1143s
 37896 24700   70.00000   51   63   82.00000   38.40299  53.2%  27.9 1161s
 40319 24715   71.00000  102   52   82.00000   38.59522  52.9%  27.8 1173s
 40340 26170   73.00000  103   52   82.00000   39.77999  51.5%  27.8 1213s
 42424 26184   81.00000   60   29   82.00000   40.18555  51.0%  27.8 1229s
 42446 27443   81.00000   61   27   82.00000   41.00000  50.0%  27.8 1248s
 44350 27464   79.00000   67   38   82.00000   41.00000  50.0%  27.8 1286s
 44407 33309   79.00000   69   36   82.00000   41.00000  50.0%  27.8 1358s
 52723 33325   79.00000  102   43   82.00000   41.00000  50.0%  27.4 1378s
 52743 34756 infeasible  103        82.00000   41.00000  50.0%  27.4 1400s
 54561 34772   68.00000   69   65   82.00000   41.00000  50.0%  27.4 1418s
 54581 35882   68.00000   70   68   82.00000   41.00000  50.0%  27.4 1440s
 56055 35898   55.00000   42   97   82.00000   41.00000  50.0%  27.3 1475s
 56075 37041   55.00000   42   97   82.00000   41.00000  50.0%  27.3 1497s
 57349 37057   64.00000   76   73   82.00000   41.00000  50.0%  27.2 1516s
 57369 38039     cutoff   76        82.00000   41.00000  50.0%  27.2 1539s
 58888 38044   62.00000   36   77   82.00000   41.00000  50.0%  27.1 1576s
 58919 39818   62.00000   37   76   82.00000   41.11018  49.9%  27.1 1611s
 61322 39834   63.00000   39   80   82.00000   41.11018  49.9%  27.1 1651s
 61342 41667   63.00000   40   81   82.00000   42.00000  48.8%  27.1 1683s
 63875 41678   62.00000   31   83   82.00000   42.00000  48.8%  27.1 1720s
 63899 43034   62.00000   32   81   82.00000   42.00000  48.8%  27.1 1743s
*65383 39227             104      81.0000000   42.00000  48.1%  27.0 1743s
H65858 39097                      81.0000000   42.00000  48.1%  27.0 1803s
 65883 40525   79.00000   58   32   81.00000   42.00000  48.1%  27.0 1836s
H66829 37098                      80.0000000   42.00000  47.5%  26.9 1837s
 67889 46161   42.00000   32   81   80.00000   42.00000  47.5%  26.9 1998s
H67989 46155                      80.0000000   42.00000  47.5%  26.9 1998s
 80739 46166   75.00000   68   42   80.00000   42.00000  47.5%  26.9 2021s
 80760 46193   75.00000   69   40   80.00000   42.00000  47.5%  26.9 2038s
 80787 47241   75.00000   71   37   80.00000   42.00000  47.5%  26.9 2067s
 82327 47256   79.00000   32   60   80.00000   42.00000  47.5%  26.9 2096s
 82348 48002   79.00000   33   57   80.00000   42.00000  47.5%  26.9 2133s
 83490 48200   79.00000   61   20   80.00000   42.00000  47.5%  26.9 2153s
 83779 48448   79.00000   61   24   80.00000   42.00000  47.5%  26.9 2170s
 84129 49091   79.00000   62   22   80.00000   42.00000  47.5%  26.9 2195s
 85164 49121   79.00000   63   23   80.00000   42.00000  47.5%  26.9 2233s
 85224 49448 infeasible   62        80.00000   42.00000  47.5%  26.9 2247s
 85721 49978   64.00000   38   56   80.00000   42.00000  47.5%  26.8 2280s
 86480 51066   64.00000   41   58   80.00000   42.00000  47.5%  26.9 2302s
 88052 51504   73.00000   91   36   80.00000   42.00000  47.5%  26.9 2327s
 88703 52990   73.00000   92   35   80.00000   42.00000  47.5%  26.9 2364s
 90896 53063   78.00000   82   29   80.00000   42.00000  47.5%  26.9 2477s
 91003 65616   78.00000   84   28   80.00000   42.00000  47.5%  26.9 2691s
 104016 65616   64.00000   37   65   80.00000   42.00000  47.5%  26.8 2695s
 109021 65739   76.00000   49   34   80.00000   42.00000  47.5%  26.9 2731s
 109236 66052   76.00000   50   36   80.00000   42.00000  47.5%  26.9 2742s
 109709 67210   77.00000   76   38   80.00000   42.00000  47.5%  26.9 2777s
 111409 67255   77.00000   77   35   80.00000   42.00000  47.5%  26.9 2809s
 111484 67994   64.00000   34   69   80.00000   42.00000  47.5%  26.9 2835s
 112501 69395   78.00000   54   61   80.00000   42.00000  47.5%  26.9 2864s
 114027 69395   50.00000   26   75   80.00000   42.00000  47.5%  26.9 2865s
 114600 73670   78.00000   55   69   80.00000   42.00000  47.5%  26.9 2967s
 121358 76215 infeasible   65        80.00000   42.00000  47.5%  26.9 3018s
 125293 76230   78.00000   65   34   80.00000   42.00000  47.5%  26.9 3073s
 125314 77504   78.00000   66   34   80.00000   42.00000  47.5%  26.9 3119s
 127179 77522   79.00000   77   15   80.00000   43.00000  46.2%  26.9 3194s
 127197 78618 infeasible   78        80.00000   44.00000  45.0%  26.9 3245s
 128825 78631   55.00000   29   91   80.00000   44.00000  45.0%  26.8 3437s
 128848 79748   55.00000   30   88   80.00000   44.00000  45.0%  26.8 3490s
 130674 79762 infeasible   64        80.00000   44.00000  45.0%  26.9 3578s
 130696 81108   79.00000   65   42   80.00000   44.00000  45.0%  26.9 3636s
 133050 81124   78.00000   79   53   80.00000   44.00000  45.0%  27.0 3722s
 133070 82758   78.00000   80   53   80.00000   44.00000  45.0%  27.0 3779s
 135767 82773     cutoff  102        80.00000   44.00000  45.0%  27.0 3870s
 135788 83610   77.00000  102   51   80.00000   44.00000  45.0%  27.0 3928s
 136925 83772   66.00000   59   66   80.00000   44.00000  45.0%  27.0 4059s
 137157 95644   66.00000   59   65   80.00000   44.00000  45.0%  27.0 4312s
 155175 95659   74.00000   46   45   80.00000   45.00000  43.7%  26.9 4461s
 155196 97090   75.00000   47   47   80.00000   45.00000  43.7%  26.9 4499s
 157106 97456 infeasible   87        80.00000   45.00000  43.7%  26.9 4515s
 157557 97678   74.00000   36   62   80.00000   45.00000  43.7%  26.9 4546s
 157826 99969   75.00000   37   53   80.00000   45.00000  43.7%  26.9 4590s
 161197 100150   78.00000   67   45   80.00000   45.00000  43.7%  26.9 4670s
 161484 112017     cutoff   68        80.00000   45.00000  43.7%  26.9 4891s
 179502 112031   58.00000   53   93   80.00000   46.00000  42.5%  26.8 4999s
 179524 113796   58.00000   54   88   80.00000   46.00000  42.5%  26.8 5053s
 182065 113808   78.00000  106   32   80.00000   46.00000  42.5%  26.8 5157s
 182089 115424   79.00000  105   30   80.00000   46.00000  42.5%  26.8 5213s
 184270 115445   48.00000   47   68   80.00000   46.00000  42.5%  26.7 5325s
 184301 127159   48.26416   48   70   80.00000   46.00000  42.5%  26.7 5546s
 202319 127173   79.00000   72   47   80.00000   46.00000  42.5%  26.7 5637s
 202341 128243   79.00000   73   47   80.00000   46.00000  42.5%  26.7 5677s
 203988 128255   78.00000   66   69   80.00000   46.00000  42.5%  26.7 5734s
 204012 129420   78.00000   67   66   80.00000   46.00000  42.5%  26.7 5783s
 205788 129435   50.00000   29   73   80.00000   46.00000  42.5%  26.7 5849s
 205809 129957   59.00000   30   66   80.00000   46.00000  42.5%  26.7 5882s
 206616 130817   53.00000   44   99   80.00000   46.00000  42.5%  26.7 5972s
 207943 142531   71.00000   51   75   80.00000   46.00000  42.5%  26.6 6191s
 219955 142531   68.00000   55   44   80.00000   46.00000  42.5%  26.6 6195s
 225961 142548   77.00000   70   31   80.00000   46.00000  42.5%  26.5 6308s
 225980 144078   77.00000   71   29   80.00000   46.00000  42.5%  26.5 6356s
 228083 144092   70.00000   39   59   80.00000   46.00000  42.5%  26.5 6430s
 228105 145550   70.00000   40   56   80.00000   46.00000  42.5%  26.5 6484s
 228820 145550   67.00000  103   51   80.00000   46.00000  42.5%  26.5 6485s
 230121 146509   49.00000   43   91   80.00000   46.00000  42.5%  26.5 6588s
 231544 158393   49.00000   44   89   80.00000   46.00000  42.5%  26.5 6854s
 249562 158407   79.00000   92   37   80.00000   46.00000  42.5%  26.5 6979s
 249584 160816   79.00000   93   36   80.00000   46.00000  42.5%  26.5 7026s
 253427 161099   71.00000   58   41   80.00000   46.00000  42.5%  26.5 7119s
 253988 172693 infeasible   71        80.00000   46.00000  42.5%  26.5 7341s
 272006 172709   77.00000   63   51   80.00000   46.00000  42.5%  26.4 7423s
 272026 172881 infeasible   64        80.00000   46.00000  42.5%  26.4 7452s
 272351 172999 infeasible   79        80.00000   46.00000  42.5%  26.4 7486s
 272511 173151   77.00000   96   42   80.00000   46.00000  42.5%  26.4 7524s
 272787 173721 infeasible   97        80.00000   46.00000  42.5%  26.4 7565s
 273619 174035 infeasible   97        80.00000   46.00000  42.5%  26.4 7596s
 274087 174055   50.00000   34   71   80.00000   46.00000  42.5%  26.4 7652s
 274113 174434   66.00000   36   63   80.00000   46.00000  42.5%  26.4 7692s
 274732 174587   66.00000   36   64   80.00000   46.00000  42.5%  26.4 7735s
 275001 174775   66.00000   37   63   80.00000   46.00000  42.5%  26.4 7773s
 275249 175006   66.00000   37   65   80.00000   46.00000  42.5%  26.4 7876s
 275610 186948   66.00000   37   65   80.00000   46.00000  42.5%  26.4 8133s
 293628 186961 infeasible   74        80.00000   46.00000  42.5%  26.3 8303s
 293651 188444   79.00000   74   57   80.00000   46.00000  42.5%  26.3 8350s
 296063 188462   79.00000  107   29   80.00000   46.00000  42.5%  26.3 8442s
 296081 189788 infeasible  108        80.00000   46.00000  42.5%  26.3 8492s
 298290 189800   79.00000   97   21   80.00000   46.00000  42.5%  26.3 8610s
 298313 201456 infeasible   98        80.00000   46.00000  42.5%  26.3 8851s
 316331 201471 infeasible   83        80.00000   46.00000  42.5%  26.2 8988s
 316352 203365     cutoff   82        80.00000   46.00000  42.5%  26.2 9038s
 319361 203378   76.00000   77   72   80.00000   46.00000  42.5%  26.2 9240s
 319384 204932   76.00000   78   70   80.00000   46.00000  42.5%  26.2 9289s
 321964 205120   76.00000   67   42   80.00000   46.00000  42.5%  26.2 9392s
 322246 216826   76.00000   68   40   80.00000   46.00000  42.5%  26.2 9633s
 329253 216826   57.00000   43   88   80.00000   46.00000  42.5%  26.1 9635s
 340264 216837   79.00000   85   37   80.00000   46.00000  42.5%  26.1 9760s
 340289 217884   79.00000   86   38   80.00000   46.00000  42.5%  26.1 9812s
 342037 217894   75.00000   57   45   80.00000   46.00000  42.5%  26.1 9950s
 342063 218984   76.00000   58   41   80.00000   46.00000  42.5%  26.1 10010s
 343909 218991   48.00000   36   99   80.00000   46.00000  42.5%  26.1 10105s
 343938 230419   48.00000   37   96   80.00000   46.00000  42.5%  26.1 10346s
 361956 230435   75.00000   72   46   80.00000   46.00000  42.5%  26.0 10466s
 361976 231915   75.00000   73   44   80.00000   46.00000  42.5%  26.0 10517s
 364174 231928   79.00000   55   40   80.00000   46.00000  42.5%  26.0 10674s
 364197 232565   79.00000   56   37   80.00000   46.00000  42.5%  26.0 10711s
 365125 232749   79.00000   57   48   80.00000   46.00000  42.5%  26.0 10766s
 365455 232759 infeasible   71        80.00000   46.00000  42.5%  26.0 10790s
 365481 233054 infeasible   71        80.00000   46.00000  42.5%  26.0 10800s

Cutting planes:
  Learned: 5026
  Gomory: 5
  Cover: 90
  MIR: 170
  StrongCG: 1
  Flow cover: 452
  RLT: 114

Explored 365984 nodes (9519603 simplex iterations) in 10800.74 seconds (1291.79 work units)
Thread count was 18 (of 36 available processors)

Solution count 10: 80 80 81 ... 85

Time limit reached
Best objective 7.999999999190e+01, best bound 4.600000000000e+01, gap 42.5000%
