
Gurobi 11.0.0 (win64) logging started Sun May  5 01:44:35 2024

Set parameter LogFile to value "./Results/StripPacking-CutHeurRuns/Logs/SBM-011-StripPacking-15.log"
Set parameter TimeLimit to value 10800
Set parameter Cuts to value 0
Set parameter Presolve to value 1
Set parameter Heuristics to value 1
Set parameter LPWarmStart to value 2
Gurobi Optimizer version 11.0.0 build v11.0.0rc2 (win64 - Windows 10.0 (19045.2))

CPU model: Intel(R) Core(TM) i9-10980XE CPU @ 3.00GHz, instruction set [SSE2|AVX|AVX2|AVX512]
Thread count: 18 physical cores, 36 logical processors, using up to 18 threads

Optimize a model with 1905 rows, 346 columns and 5700 nonzeros
Model fingerprint: 0xad54b1e6
Variable types: 136 continuous, 210 integer (210 binary)
Coefficient statistics:
  Matrix range     [1e+00, 1e+04]
  Objective range  [1e+00, 1e+00]
  Bounds range     [1e+00, 1e+04]
  RHS range        [1e+00, 1e+04]

Warning: Completing partial solution with 210 unfixed non-continuous variables out of 210
User MIP start produced solution with objective 71.5 (0.00s)
Loaded user MIP start with objective 71.5

Presolve removed 525 rows and 0 columns
Presolve time: 0.00s
Presolved: 1380 rows, 346 columns, 4335 nonzeros
Variable types: 136 continuous, 210 integer (210 binary)

Root relaxation: objective 3.300000e+01, 123 iterations, 0.00 seconds (0.00 work units)

    Nodes    |    Current Node    |     Objective Bounds      |     Work
 Expl Unexpl |  Obj  Depth IntInf | Incumbent    BestBd   Gap | It/Node Time

     0     0   33.00000    0   26   71.50000   33.00000  53.8%     -    0s
     0     0   33.00000    0   19   71.50000   33.00000  53.8%     -    0s
H    0     0                      71.0000000   33.00000  53.5%     -    0s
H    0     0                      67.0000000   33.00000  50.7%     -    0s
     0     2   33.00000    0   19   67.00000   33.00000  50.7%     -    0s
H   12    16                      64.0000000   33.00000  48.4%  17.3    0s
H   85   104                      62.0000000   33.00000  46.8%  10.2    0s
H  189   226                      61.0000000   33.00000  45.9%   9.7    1s
H  288   539                      57.0000000   33.00000  42.1%  10.2    2s
H  460   539                      54.0000000   33.00000  38.9%  10.7    2s
H  838   876                      53.0000000   33.00000  37.7%  10.4    4s
  1016  1146   33.00000   30   40   53.00000   33.00000  37.7%  10.7    9s
H 1245  1146                      53.0000000   33.00000  37.7%  10.7    9s
  1380  1237   33.00000   47   45   53.00000   33.00000  37.7%  10.6   15s
  1643  1470   33.00000   48   45   53.00000   33.00000  37.7%  10.3   21s
H 1663  1425                      52.0000000   33.00000  36.5%  10.3   21s
  2003  2829   50.00000   50   30   52.00000   33.00000  36.5%  10.3   26s
  4361  2914   33.00000   19   23   52.00000   33.00000  36.5%  11.0   30s
  4566  3040   33.00000   26   29   52.00000   33.00000  36.5%  11.2   38s
  4949  3203   44.00000   37   25   52.00000   33.00000  36.5%  11.8   41s
  4971  3219   50.00000   37   17   52.00000   33.00000  36.5%  11.8   48s
  5502  3299   51.00000   56    6   52.00000   33.00000  36.5%  12.8   58s
H 5519  3151                      50.0000000   33.00000  34.0%  12.9   58s
  5919  3141 infeasible   37        50.00000   33.00000  34.0%  13.4   61s
  6427  3069   49.00000   31   24   50.00000   33.00000  34.0%  14.2   66s
  7189  3071   47.00000   40    8   50.00000   33.00000  34.0%  14.7   78s
  8043  3218   49.00000   34   14   50.00000   33.00000  34.0%  15.6   83s
  9614  3289 infeasible   44        50.00000   33.00000  34.0%  16.5   90s
H 9628  3148                      50.0000000   33.00000  34.0%  16.5   90s
  9648  3311 infeasible   44        50.00000   33.00000  34.0%  16.6   97s
 10163  3283 infeasible   37        50.00000   33.00000  34.0%  16.7  101s
 10502  3318 infeasible   38        50.00000   33.00000  34.0%  16.9  105s
 10959  3197     cutoff   45        50.00000   33.00000  34.0%  17.1  113s
 11044  3413   36.00000   31   18   50.00000   33.00000  34.0%  17.1  115s
 11654  3325 infeasible   44        50.00000   33.00000  34.0%  17.2  124s
 11947  3520   49.00000   45   12   50.00000   33.00000  34.0%  17.3  130s
 13706  4560   49.00000   37   24   50.00000   33.00000  34.0%  17.9  136s
 15172  4568     cutoff   38        50.00000   33.00000  34.0%  18.2  150s
 16911  5540 infeasible   44        50.00000   33.00000  34.0%  18.5  156s
 18006  5620   33.00000   40   26   50.00000   33.00000  34.0%  18.8  164s
 18226  6042   44.00000   41   18   50.00000   33.00000  34.0%  18.8  166s
 19235  6236   47.00000   38   23   50.00000   33.00000  34.0%  18.9  174s
 19779  6710     cutoff   39        50.00000   33.00000  34.0%  19.1  182s
 20940  7486 infeasible   34        50.00000   33.00000  34.0%  19.2  189s
 22905  8603   49.00000   35   12   50.00000   33.00000  34.0%  19.5  199s
 25939  8670   49.00000   50   12   50.00000   33.00000  34.0%  19.8  210s
 26161  8687   33.00000   31   27   50.00000   33.00000  34.0%  19.8  224s
 26190  8841   33.00000   32   27   50.00000   33.00000  34.0%  19.8  234s
 26645  8843   33.00000   34   23   50.00000   33.00000  34.0%  19.9  248s
 26695  9549   33.00000   35   24   50.00000   33.00000  34.0%  19.9  256s
 29019 10218 infeasible   38        50.00000   33.00000  34.0%  20.0  266s
 30971 10516 infeasible   47        50.00000   33.00000  34.0%  20.2  279s
 31739 11741   44.00000   37   19   50.00000   33.00000  34.0%  20.3  287s
 34687 12243   49.00000   40   21   50.00000   33.00000  34.0%  20.5  299s
 36300 13700   49.00000   43   18   50.00000   33.00000  34.0%  20.6  304s
 40092 14429 infeasible   45        50.00000   33.00000  34.0%  20.8  313s
 42162 16095   49.00000   43   25   50.00000   33.00000  34.0%  20.9  320s
 46860 18653   49.00000   46   12   50.00000   33.00000  34.0%  21.1  333s
 54234 18671 infeasible   43        50.00000   33.00000  34.0%  21.4  342s
 54358 19090 infeasible   51        50.00000   33.00000  34.0%  21.4  349s
 54675 19090   38.00000   36   24   50.00000   33.00000  34.0%  21.4  350s
 55497 19164 infeasible   42        50.00000   33.00000  34.0%  21.4  361s
 55686 19404   48.00000   40   13   50.00000   33.00000  34.0%  21.4  368s
 56301 20221   49.00000   52    8   50.00000   33.00000  34.0%  21.4  375s
 58633 20619   45.00000   40   24   50.00000   33.00000  34.0%  21.5  383s
 59672 21422 infeasible   47        50.00000   33.00000  34.0%  21.5  392s
 61791 21973   41.00000   38   25   50.00000   33.00000  34.0%  21.6  400s
 63510 22049   49.00000   37   21   50.00000   33.00000  34.0%  21.6  417s
 63805 22624     cutoff   34        50.00000   33.00000  34.0%  21.6  426s
 65791 23512 infeasible   39        50.00000   33.00000  34.0%  21.6  435s
 68184 24544 infeasible   57        50.00000   33.00000  34.0%  21.6  445s
 71209 26258   45.00000   47   31   50.00000   33.00000  34.0%  21.7  458s
 76748 26832 infeasible   36        50.00000   33.00000  34.0%  21.8  465s
 78412 26863   46.00000   30   23   50.00000   33.00000  34.0%  21.8  478s
 78522 27539   46.00000   32   23   50.00000   33.00000  34.0%  21.8  485s
 80399 28078   46.00000   33   21   50.00000   33.00000  34.0%  21.8  495s
 82011 28719   46.00000   34   21   50.00000   33.00000  34.0%  21.8  502s
 84285 29487   45.00000   41   24   50.00000   33.00000  34.0%  21.9  509s
 86594 29875   44.00000   38   22   50.00000   33.00000  34.0%  21.9  518s
 87941 30657   49.00000   39   20   50.00000   33.00000  34.0%  21.9  527s
 90347 30832   49.00000   40   22   50.00000   33.00000  34.0%  22.0  537s
 90781 31854   49.00000   41   21   50.00000   33.00000  34.0%  22.0  545s
 94012 32935     cutoff   54        50.00000   33.00000  34.0%  22.0  558s
 97452 32995 infeasible   47        50.00000   33.00000  34.0%  22.1  569s
 97680 33391     cutoff   39        50.00000   33.00000  34.0%  22.1  577s
 99185 33588     cutoff   50        50.00000   33.00000  34.0%  22.2  591s
 99867 33948   47.00000   47   14   50.00000   33.00000  34.0%  22.2  600s
 101290 35099 infeasible   48        50.00000   33.00000  34.0%  22.2  606s
 104905 35580   49.00000   43   16   50.00000   33.00000  34.0%  22.3  617s
 106647 36770   49.00000   54   17   50.00000   33.00000  34.0%  22.3  623s
 111090 36775   45.00000   31   19   50.00000   33.00000  34.0%  22.5  638s
 111125 37658   45.00000   32   21   50.00000   33.00000  34.0%  22.5  644s
 114115 37899   36.00000   35   30   50.00000   36.00000  28.0%  22.5  653s
 115098 38338   36.00000   36   29   50.00000   36.00000  28.0%  22.5  662s
 116661 39044   36.00000   40   25   50.00000   36.00000  28.0%  22.5  669s
 119570 39112   47.00000   41   21   50.00000   36.00000  28.0%  22.6  685s
 119800 39459   48.00000   42   23   50.00000   36.00000  28.0%  22.6  693s
 121597 39943     cutoff   55        50.00000   37.00000  26.0%  22.7  703s
 123259 39992   41.00000   34   30   50.00000   37.00000  26.0%  22.7  722s
 123414 40289   41.00000   35   28   50.00000   37.00000  26.0%  22.7  732s
 124434 42505   47.00000   33   27   50.00000   38.00000  24.0%  22.7  736s
 131276 42653   48.00000   48   16   50.00000   38.00000  24.0%  22.7  750s
 131750 43591   48.00000   49   14   50.00000   38.00000  24.0%  22.7  755s
 135081 43600   47.00000   36   23   50.00000   38.00000  24.0%  22.7  770s
 135110 44440   47.00000   37   20   50.00000   38.00000  24.0%  22.7  776s
 137414 44558   47.00000   50   18   50.00000   38.00000  24.0%  22.7  785s
 137842 45174 infeasible   46        50.00000   38.00000  24.0%  22.7  792s
 140023 46009 infeasible   46        50.00000   38.00000  24.0%  22.7  801s
 142998 46660   46.00000   41   18   50.00000   38.00000  24.0%  22.7  806s
 145541 46956 infeasible   53        50.00000   38.00000  24.0%  22.8  815s
 146442 47466   43.00000   32   19   50.00000   39.00000  22.0%  22.8  824s
 148238 47802   43.00000   33   25   50.00000   39.00000  22.0%  22.8  835s
 149413 48333   49.00000   41   17   50.00000   39.00000  22.0%  22.8  844s
 151355 49695   47.00000   33   17   50.00000   39.00000  22.0%  22.8  851s
 156591 50442 infeasible   41        50.00000   39.00000  22.0%  22.8  859s
 159322 50522 infeasible   51        50.00000   39.00000  22.0%  22.7  873s
 159718 51182   46.00000   39   11   50.00000   39.00000  22.0%  22.8  879s
 162357 52091 infeasible   40        50.00000   39.00000  22.0%  22.8  890s
 169029 52968   47.00000   38   19   50.00000   39.00000  22.0%  22.8  907s
 169088 53502   47.00000   39   21   50.00000   39.00000  22.0%  22.8  911s
 171423 53642   49.00000   49   11   50.00000   39.00000  22.0%  22.9  920s
 172132 54121 infeasible   50        50.00000   39.00000  22.0%  22.9  926s
 174103 54229 infeasible   45        50.00000   39.00000  22.0%  22.9  935s
 174768 54253 infeasible   50        50.00000   39.00000  22.0%  22.9  946s
 174922 54550   44.00000   46   18   50.00000   39.00000  22.0%  22.9  956s
 176141 54876 infeasible   47        50.00000   39.00000  22.0%  23.0  962s
 177798 55575     cutoff   46        50.00000   39.00000  22.0%  23.0  967s
 181136 55724   46.00000   44   22   50.00000   40.00000  20.0%  23.1  973s
 181887 56325 infeasible   43        50.00000   40.00000  20.0%  23.1  979s
 184227 57322 infeasible   41        50.00000   40.00000  20.0%  23.1  988s
 187808 57411 infeasible   38        50.00000   40.00000  20.0%  23.1  997s
 188224 58022 infeasible   39        50.00000   40.00000  20.0%  23.1 1004s
 190491 58299   40.00000   29   30   50.00000   40.00000  20.0%  23.1 1009s
 191747 58370     cutoff   36        50.00000   40.00000  20.0%  23.1 1022s
 191973 58496 infeasible   42        50.00000   40.00000  20.0%  23.1 1030s
 194607 59941     cutoff   48        50.00000   41.00000  18.0%  23.1 1045s
 199547 60674     cutoff   58        50.00000   41.00000  18.0%  23.1 1055s
 202690 61616   46.00000   37   19   50.00000   41.00000  18.0%  23.1 1063s
 207306 62835   46.00000   38   17   50.00000   41.00000  18.0%  23.1 1070s
 212631 63407 infeasible   40        50.00000   41.00000  18.0%  23.1 1077s
 215152 63415   47.00000   60    8   50.00000   41.00000  18.0%  23.2 1092s
 215192 64201   49.00000   61    3   50.00000   41.00000  18.0%  23.2 1098s
 218527 64677 infeasible   38        50.00000   41.00000  18.0%  23.2 1103s
 220595 65108   41.00000   34   28   50.00000   41.00000  18.0%  23.2 1110s
 222914 65873   44.00000   42   26   50.00000   41.00000  18.0%  23.2 1116s
 225964 66464   49.00000   47   24   50.00000   41.00000  18.0%  23.2 1125s
 228552 67093   47.00000   42   20   50.00000   41.00000  18.0%  23.2 1132s
 231131 68273   41.00000   46   30   50.00000   41.00000  18.0%  23.2 1145s
 236134 68678 infeasible   54        50.00000   41.00000  18.0%  23.2 1153s
 237830 69388   43.00000   51   22   50.00000   41.00000  18.0%  23.2 1161s
 241130 69521 infeasible   52        50.00000   41.00000  18.0%  23.2 1173s
 241714 70110 infeasible   52        50.00000   41.00000  18.0%  23.3 1182s
 244382 71104   47.00000   57   21   50.00000   41.00000  18.0%  23.3 1189s
 249040 71504   47.00000   31   18   50.00000   41.00000  18.0%  23.3 1199s
 251421 71898 infeasible   45        50.00000   41.00000  18.0%  23.3 1206s
 253654 73154   48.00000   39   13   50.00000   41.00000  18.0%  23.3 1218s
 258503 73180   44.00000   39   17   50.00000   41.00000  18.0%  23.3 1234s
 258580 74105   47.00000   40   13   50.00000   41.00000  18.0%  23.3 1237s
 263188 74182 infeasible   50        50.00000   41.00000  18.0%  23.3 1244s
 263566 74960 infeasible   44        50.00000   41.00000  18.0%  23.3 1250s
 266664 75155     cutoff   62        50.00000   41.00000  18.0%  23.3 1259s
 267538 76045   49.00000   57   15   50.00000   41.00000  18.0%  23.3 1264s
 270580 76047   49.00000   49   19   50.00000   41.00000  18.0%  23.3 1273s
 270632 77071   49.00000   44   10   50.00000   41.00000  18.0%  23.3 1276s
 275375 77625 infeasible   63        50.00000   41.00000  18.0%  23.3 1288s
 278400 79211   47.00000   31   25   50.00000   41.00000  18.0%  23.4 1294s
 286226 79346   43.00000   51   22   50.00000   41.00000  18.0%  23.4 1304s
 286800 80082   43.00000   52   22   50.00000   41.00000  18.0%  23.4 1308s
 290237 80163   47.00000   34   21   50.00000   41.00000  18.0%  23.4 1317s
 290553 80794   47.00000   35   22   50.00000   41.00000  18.0%  23.4 1322s
 293160 80819   48.00000   52   10   50.00000   41.00000  18.0%  23.4 1333s
 293240 81870     cutoff   52        50.00000   41.00000  18.0%  23.4 1338s
 298351 82466   49.00000   51   16   50.00000   41.00000  18.0%  23.4 1350s
 301211 84006   49.00000   53   14   50.00000   41.00000  18.0%  23.4 1358s
 308258 84252   48.00000   48   10   50.00000   41.00000  18.0%  23.4 1367s
 309504 84352   47.00000   48   10   50.00000   41.00000  18.0%  23.4 1381s
 310038 84801   41.00000   36   26   50.00000   41.00000  18.0%  23.4 1386s
 311311 85626 infeasible   55        50.00000   41.00000  18.0%  23.4 1394s
 314968 86066   46.00000   34   21   50.00000   41.00000  18.0%  23.4 1401s
 317273 86915 infeasible   38        50.00000   41.00000  18.0%  23.4 1408s
 321282 86963   42.00000   32   16   50.00000   41.00000  18.0%  23.4 1428s
 321487 90531   49.00000   44   14   50.00000   41.00000  18.0%  23.4 1452s
 339505 90743   42.00000   42   12   50.00000   41.00000  18.0%  23.5 1459s
 340657 90860   42.00000   41   21   50.00000   41.00000  18.0%  23.5 1465s
 342670 91155 infeasible   52        50.00000   41.00000  18.0%  23.5 1479s
 342875 91570   48.00000   44   25   50.00000   41.00000  18.0%  23.5 1482s
 344320 91863   47.00000   58   23   50.00000   41.00000  18.0%  23.5 1493s
 345940 93399   47.00000   53   11   50.00000   41.00000  18.0%  23.5 1500s
 353642 93405   49.00000   37   15   50.00000   41.00000  18.0%  23.5 1509s
 353746 93759     cutoff   38        50.00000   41.00000  18.0%  23.5 1513s
 355653 93877 infeasible   55        50.00000   41.00000  18.0%  23.5 1521s
 356079 94310   49.00000   40    9   50.00000   41.00000  18.0%  23.5 1525s
 358159 94435   49.00000   49   12   50.00000   42.00000  16.0%  23.5 1534s
 358649 95072   49.00000   50    8   50.00000   42.00000  16.0%  23.5 1540s
 362265 95071 infeasible   48        50.00000   42.00000  16.0%  23.5 1561s
 362302 95688 infeasible   47        50.00000   42.00000  16.0%  23.5 1566s
 365484 95825     cutoff   38        50.00000   42.00000  16.0%  23.5 1575s
 366066 97248   44.00000   38   25   50.00000   42.00000  16.0%  23.5 1581s
 374647 97267   49.00000   38   10   50.00000   42.00000  16.0%  23.5 1592s
 374784 97605   49.00000   39   10   50.00000   42.00000  16.0%  23.5 1598s
 376839 97681   46.00000   40   24   50.00000   42.00000  16.0%  23.5 1606s
 377452 97705 infeasible   56        50.00000   42.00000  16.0%  23.5 1618s
 377603 97916   49.00000   34   24   50.00000   42.00000  16.0%  23.5 1625s
 378671 98228     cutoff   50        50.00000   42.00000  16.0%  23.5 1632s
 380592 98477   49.00000   37   21   50.00000   42.00000  16.0%  23.5 1639s
 381517 99038   47.00000   36   27   50.00000   42.00000  16.0%  23.5 1646s
 384428 99410   42.00000   39   28   50.00000   42.00000  16.0%  23.5 1655s
 386138 99812 infeasible   46        50.00000   42.00000  16.0%  23.5 1665s
 388089 99965   47.00000   50   12   50.00000   42.00000  16.0%  23.5 1685s
 388755 103733   46.00000   50   15   50.00000   42.00000  16.0%  23.5 1705s
 406773 103954     cutoff   33        50.00000   42.00000  16.0%  23.6 1715s
 407940 104384   44.00000   46   14   50.00000   42.00000  16.0%  23.6 1723s
 409588 104769 infeasible   50        50.00000   42.00000  16.0%  23.6 1731s
 411520 105788   42.00000   36   27   50.00000   42.00000  16.0%  23.6 1743s
 415957 106084   49.00000   42   29   50.00000   42.00000  16.0%  23.6 1752s
 417583 106683   49.00000   38   18   50.00000   42.00000  16.0%  23.6 1762s
 420857 106700 infeasible   42        50.00000   42.00000  16.0%  23.6 1779s
 420930 107697   43.00000   40   28   50.00000   42.00000  16.0%  23.6 1787s
 425659 108113   42.00000   35   18   50.00000   42.00000  16.0%  23.6 1798s
 427469 108718   44.00000   36   16   50.00000   42.00000  16.0%  23.6 1806s
 429851 109641 infeasible   56        50.00000   42.00000  16.0%  23.6 1813s
 434202 110286 infeasible   52        50.00000   42.00000  16.0%  23.6 1828s
 436845 110644   47.00000   43   12   50.00000   42.00000  16.0%  23.6 1847s
 438535 111426 infeasible   36        50.00000   42.00000  16.0%  23.6 1864s
 442761 112749   42.00000   46   30   50.00000   42.00000  16.0%  23.6 1873s
 448956 112995   42.00000   32   36   50.00000   42.00000  16.0%  23.6 1887s
 450333 114032   42.00000   33   35   50.00000   42.00000  16.0%  23.6 1896s
 454557 114102   49.00000   50   27   50.00000   42.00000  16.0%  23.6 1909s
 455060 115245   49.00000   51   27   50.00000   42.00000  16.0%  23.6 1914s
 459851 115467   48.00000   46   12   50.00000   42.00000  16.0%  23.6 1929s
 460891 118714   48.00000   47   12   50.00000   42.00000  16.0%  23.6 1971s
 476961 118746 infeasible   66        50.00000   42.00000  16.0%  23.7 1985s
 477443 119539   49.00000   51   21   50.00000   42.00000  16.0%  23.7 1990s
 481644 120170   47.00000   30   16   50.00000   42.00000  16.0%  23.7 2004s
 484511 121534     cutoff   49        50.00000   42.00000  16.0%  23.7 2012s
 491632 121640   49.00000   47   17   50.00000   42.00000  16.0%  23.7 2025s
 492069 122174 infeasible   48        50.00000   42.00000  16.0%  23.7 2030s
 494382 122520 infeasible   46        50.00000   42.00000  16.0%  23.7 2043s
 495841 122865 infeasible   39        50.00000   42.00000  16.0%  23.7 2054s
 497970 123173   42.00000   36   26   50.00000   42.00000  16.0%  23.7 2065s
 499385 123865   42.00000   37   35   50.00000   42.00000  16.0%  23.7 2076s
 502640 124655 infeasible   49        50.00000   42.00000  16.0%  23.7 2086s
 506001 125472   42.00000   47   23   50.00000   42.00000  16.0%  23.7 2096s
 509867 125787 infeasible   47        50.00000   42.00000  16.0%  23.7 2111s
 511094 126409 infeasible   48        50.00000   42.00000  16.0%  23.7 2125s
 514243 126919   44.00000   49   21   50.00000   42.00000  16.0%  23.6 2139s
 515778 127421   49.00000   52   15   50.00000   42.00000  16.0%  23.6 2152s
 518677 128514   49.00000   39   18   50.00000   42.00000  16.0%  23.6 2163s
 524129 129132   46.00000   34   17   50.00000   42.00000  16.0%  23.7 2172s
 527474 129516   47.00000   35   13   50.00000   42.00000  16.0%  23.7 2186s
 529398 129575   49.00000   50   12   50.00000   42.00000  16.0%  23.7 2207s
 529637 132815   42.00000   45   15   50.00000   42.00000  16.0%  23.7 2232s
 547655 133185   48.00000   52   17   50.00000   42.00000  16.0%  23.7 2245s
 549069 133514   45.00000   32   20   50.00000   42.00000  16.0%  23.7 2254s
 550395 133526   49.00000   42   17   50.00000   42.00000  16.0%  23.7 2269s
 550433 134102   49.00000   41   20   50.00000   42.00000  16.0%  23.7 2275s
 553054 134918   46.00000   43   23   50.00000   42.00000  16.0%  23.7 2287s
 556854 135606   49.00000   48   26   50.00000   42.00000  16.0%  23.7 2297s
 560321 136073 infeasible   55        50.00000   42.00000  16.0%  23.7 2306s
 562207 136176   42.00000   46   32   50.00000   42.00000  16.0%  23.7 2325s
 562875 136980   42.00000   47   28   50.00000   42.00000  16.0%  23.7 2334s
 566728 137598 infeasible   50        50.00000   42.00000  16.0%  23.7 2345s
 570378 137604 infeasible   54        50.00000   42.00000  16.0%  23.7 2363s
 570508 138415   42.00000   53   22   50.00000   42.00000  16.0%  23.7 2371s
 573363 138875   44.00000   39   24   50.00000   42.00000  16.0%  23.7 2383s
 575408 140309 infeasible   51        50.00000   42.00000  16.0%  23.7 2391s
 582490 140380   43.00000   50   29   50.00000   42.00000  16.0%  23.7 2401s
 585103 140811 infeasible   51        50.00000   42.00000  16.0%  23.7 2415s
 585529 141312   49.00000   51   14   50.00000   42.00000  16.0%  23.7 2421s
 588344 141349   44.00000   37   23   50.00000   42.00000  16.0%  23.7 2432s
 588518 142000   44.00000   38   13   50.00000   42.00000  16.0%  23.7 2437s
 592276 142021   47.00000   43   22   50.00000   42.00000  16.0%  23.7 2447s
 592442 142587 infeasible   44        50.00000   42.00000  16.0%  23.7 2455s
 595592 142595 infeasible   52        50.00000   42.00000  16.0%  23.7 2471s
 595655 143312   49.00000   42   21   50.00000   42.00000  16.0%  23.7 2477s
 599245 143633   42.00000   38   32   50.00000   42.00000  16.0%  23.7 2491s
 601185 145523   46.00000   36   21   50.00000   42.00000  16.0%  23.7 2503s
 611046 145554 infeasible   44        50.00000   42.00000  16.0%  23.8 2518s
 611153 145769   44.00000   39   12   50.00000   42.00000  16.0%  23.8 2526s
 611732 145825   45.00000   48   23   50.00000   42.00000  16.0%  23.8 2539s
 612178 145872 infeasible   55        50.00000   42.00000  16.0%  23.8 2550s
 612422 146517   46.00000   36   20   50.00000   42.00000  16.0%  23.8 2556s
 615482 146550   49.00000   39   24   50.00000   42.00000  16.0%  23.8 2576s
 615678 147346 infeasible   40        50.00000   42.00000  16.0%  23.8 2584s
 619596 147809   42.00000   37   21   50.00000   42.00000  16.0%  23.8 2592s
 621950 148315   44.00000   38   19   50.00000   42.00000  16.0%  23.8 2607s
 624563 148975   49.00000   40   20   50.00000   42.00000  16.0%  23.8 2623s
 628334 149305   48.00000   45   23   50.00000   42.00000  16.0%  23.8 2636s
 630321 150562   44.00000   43   29   50.00000   42.00000  16.0%  23.8 2647s
 637219 150592   42.00000   41   24   50.00000   42.00000  16.0%  23.8 2659s
 637387 150919   42.00000   42   24   50.00000   42.00000  16.0%  23.8 2671s
 638442 151077   44.00000   44   22   50.00000   42.00000  16.0%  23.8 2683s
 639425 151992   46.00000   42   22   50.00000   42.00000  16.0%  23.8 2691s
 643844 152544     cutoff   54        50.00000   42.00000  16.0%  23.8 2704s
 646670 153151   49.00000   48   25   50.00000   42.00000  16.0%  23.8 2719s
 650012 153871   49.00000   49   25   50.00000   42.00000  16.0%  23.9 2730s
 653844 153870   44.00000   36   17   50.00000   42.00000  16.0%  23.9 2752s
 653900 154759   44.00000   37   17   50.00000   42.00000  16.0%  23.9 2758s
 657140 155344   48.00000   47    9   50.00000   42.00000  16.0%  23.9 2769s
 660000 155608   44.00000   45   33   50.00000   42.00000  16.0%  23.9 2784s
 661387 156496   44.00000   46   25   50.00000   42.00000  16.0%  23.9 2790s
 666736 156845   49.00000   60   22   50.00000   42.00000  16.0%  23.9 2803s
 669146 157055     cutoff   61        50.00000   42.00000  16.0%  23.9 2828s
 670362 158341   49.00000   53   10   50.00000   42.00000  16.0%  23.9 2843s
 678072 159025 infeasible   50        50.00000   42.00000  16.0%  24.0 2853s
 682025 159110     cutoff   40        50.00000   42.00000  16.0%  24.0 2868s
 682660 160022   49.00000   39   14   50.00000   42.00000  16.0%  24.0 2876s
 687821 160119   49.00000   53   15   50.00000   42.00000  16.0%  24.0 2890s
 688397 161058   49.00000   41    5   50.00000   42.00000  16.0%  24.1 2899s
 694407 161069   46.00000   33   22   50.00000   42.00000  16.0%  24.1 2913s
 694432 161633   46.00000   34   14   50.00000   42.00000  16.0%  24.1 2917s
 697494 161644   42.00000   39   27   50.00000   42.00000  16.0%  24.1 2936s
 697519 162095   42.00000   40   26   50.00000   42.00000  16.0%  24.1 2942s
 699867 162107 infeasible   51        50.00000   42.00000  16.0%  24.1 2954s
 699980 162585 infeasible   52        50.00000   42.00000  16.0%  24.1 2958s
 702750 162639 infeasible   42        50.00000   42.00000  16.0%  24.1 2968s
 703046 163045   44.00000   52   41   50.00000   42.00000  16.0%  24.1 2975s
 705278 163142   49.00000   49   17   50.00000   42.00000  16.0%  24.1 2991s
 705555 163885   47.00000   42   17   50.00000   42.00000  16.0%  24.1 2995s
 708552 163890   49.00000   53   27   50.00000   42.00000  16.0%  24.1 3010s
 708595 164459   49.00000   54   25   50.00000   42.00000  16.0%  24.1 3015s
 711914 164575   44.00000   43   14   50.00000   42.00000  16.0%  24.2 3030s
 713016 167625   44.00000   48   22   50.00000   42.00000  16.0%  24.2 3044s
 717020 167625   42.00000   40   24   50.00000   42.00000  16.0%  24.2 3045s
 730203 167629 infeasible   44        50.00000   42.00000  16.0%  24.2 3059s
 730243 167663 infeasible   44        50.00000   42.00000  16.0%  24.2 3067s
 730416 167902   49.00000   47    7   50.00000   42.00000  16.0%  24.2 3072s
 731591 167976   42.00000   49   22   50.00000   42.00000  16.0%  24.2 3082s
 732088 168455   49.00000   55   32   50.00000   42.00000  16.0%  24.2 3088s
 734323 169108   44.00000   47   16   50.00000   42.00000  16.0%  24.2 3097s
 737358 169838   47.00000   38   14   50.00000   42.00000  16.0%  24.2 3102s
 740593 169837     cutoff   45        50.00000   42.00000  16.0%  24.2 3121s
 743451 170462   49.00000   41    9   50.00000   42.00000  16.0%  24.2 3132s
 743911 170728 infeasible   42        50.00000   42.00000  16.0%  24.2 3136s
 745311 170974   47.00000   43   18   50.00000   42.00000  16.0%  24.2 3143s
 746205 171149   47.00000   47   18   50.00000   42.00000  16.0%  24.2 3152s
 747004 171460   49.00000   55   16   50.00000   42.00000  16.0%  24.2 3158s
 748695 171746   47.00000   52   17   50.00000   43.00000  14.0%  24.2 3167s
 750833 171919 infeasible   51        50.00000   43.00000  14.0%  24.2 3182s
 751676 172184 infeasible   41        50.00000   43.00000  14.0%  24.2 3193s
 753384 173083   49.00000   43   23   50.00000   43.00000  14.0%  24.2 3199s
 757643 173575   49.00000   47   23   50.00000   43.00000  14.0%  24.2 3210s
 761102 174056 infeasible   48        50.00000   43.00000  14.0%  24.2 3221s
 764636 174486   44.00000   51   16   50.00000   43.00000  14.0%  24.2 3232s
 767874 174510   44.00000   52   15   50.00000   43.00000  14.0%  24.2 3249s
 768056 174980   44.00000   53   14   50.00000   43.00000  14.0%  24.2 3259s
 770028 174980   47.00000   42   18   50.00000   43.00000  14.0%  24.2 3260s
 771070 175448   49.00000   37   19   50.00000   43.00000  14.0%  24.2 3268s
 774170 175967 infeasible   41        50.00000   43.00000  14.0%  24.2 3274s
 778190 175987   49.00000   45   23   50.00000   43.00000  14.0%  24.2 3289s
 778336 176436   46.00000   37   36   50.00000   43.00000  14.0%  24.2 3297s
 781215 177255     cutoff   38        50.00000   43.00000  14.0%  24.2 3305s
 786469 177634 infeasible   49        50.00000   43.00000  14.0%  24.2 3312s
 788930 177639   43.00000   38   25   50.00000   43.00000  14.0%  24.2 3326s
 789032 177821   43.00000   39   24   50.00000   43.00000  14.0%  24.2 3337s
 790322 178618   43.00000   40   25   50.00000   43.00000  14.0%  24.2 3343s
 795600 178716   43.00000   40   24   50.00000   43.00000  14.0%  24.2 3354s
 796373 179039   49.00000   41   15   50.00000   43.00000  14.0%  24.2 3363s
 798669 179293   47.00000   42   21   50.00000   43.00000  14.0%  24.2 3370s
 800709 179882     cutoff   49        50.00000   43.00000  14.0%  24.2 3378s
 804546 180282   49.00000   46   18   50.00000   43.00000  14.0%  24.2 3395s
 806537 181597 infeasible   35        50.00000   43.00000  14.0%  24.2 3403s
 816078 181600 infeasible   49        50.00000   43.00000  14.0%  24.2 3420s
 816134 182002   49.00000   50   19   50.00000   43.00000  14.0%  24.2 3425s
 817447 182058   45.00000   41   24   50.00000   43.00000  14.0%  24.2 3433s
 817946 182113 infeasible   48        50.00000   43.00000  14.0%  24.2 3445s
 818514 182176   49.00000   49   16   50.00000   43.00000  14.0%  24.2 3455s
 819464 182426 infeasible   49        50.00000   43.00000  14.0%  24.2 3463s
 822234 182448   43.00000   37   22   50.00000   43.00000  14.0%  24.2 3474s
 822400 183043   43.00000   38   19   50.00000   43.00000  14.0%  24.2 3477s
 826539 183069   49.00000   38   20   50.00000   43.00000  14.0%  24.2 3491s
 826924 185743   49.00000   39   14   50.00000   43.00000  14.0%  24.2 3516s
 844942 185742   47.00000   49   23   50.00000   44.00000  12.0%  24.2 3530s
 844978 185774 infeasible   50        50.00000   44.00000  12.0%  24.2 3537s
 845212 185826   48.00000   52   12   50.00000   44.00000  12.0%  24.2 3545s
 845693 186036   46.00000   47    8   50.00000   44.00000  12.0%  24.2 3551s
 846898 186238   48.00000   46   11   50.00000   44.00000  12.0%  24.2 3560s
 848106 186667   49.00000   40   11   50.00000   44.00000  12.0%  24.2 3567s
 850371 187329 infeasible   30        50.00000   44.00000  12.0%  24.2 3578s
 854929 187749 infeasible   44        50.00000   44.00000  12.0%  24.2 3587s
 857419 187753   47.00000   59   12   50.00000   44.00000  12.0%  24.2 3603s
 857498 188597   49.00000   60    8   50.00000   44.00000  12.0%  24.2 3607s
 862029 188709   47.00000   60    5   50.00000   44.00000  12.0%  24.2 3615s
 862705 189150   47.00000   37   10   50.00000   44.00000  12.0%  24.2 3624s
 865130 189685   46.00000   29   17   50.00000   44.00000  12.0%  24.2 3632s
 868396 189764 infeasible   40        50.00000   44.00000  12.0%  24.2 3647s
 869033 190752   47.00000   40   13   50.00000   44.00000  12.0%  24.2 3652s
 874643 190764 infeasible   54        50.00000   44.00000  12.0%  24.2 3673s
 874716 193875   44.00000   24   19   50.00000   44.00000  12.0%  24.2 3694s
 887729 193875   44.00000   23   13   50.00000   44.00000  12.0%  24.1 3695s
 892734 193879     cutoff   53        50.00000   44.00000  12.0%  24.1 3705s
 892936 193986     cutoff   53        50.00000   44.00000  12.0%  24.1 3712s
 893883 194097 infeasible   49        50.00000   44.00000  12.0%  24.1 3719s
 894588 194318   46.00000   46   11   50.00000   44.00000  12.0%  24.1 3726s
 896332 194646   44.00000   44   11   50.00000   44.00000  12.0%  24.1 3739s
 899665 194722   44.00000   34   14   50.00000   44.00000  12.0%  24.1 3759s
 900013 195710   44.00000   38   14   50.00000   44.00000  12.0%  24.1 3768s
 905671 196273   44.00000   47    9   50.00000   44.00000  12.0%  24.1 3776s
 909043 196439 infeasible   64        50.00000   44.00000  12.0%  24.0 3787s
 910120 197503 infeasible   64        50.00000   44.00000  12.0%  24.0 3795s
 914685 197625 infeasible   52        50.00000   44.00000  12.0%  24.0 3804s
 916442 198137   45.00000   53    9   50.00000   44.00000  12.0%  24.0 3811s
 919695 198157   48.00000   50   16   50.00000   44.00000  12.0%  24.0 3836s
 919851 200997   49.00000   54    9   50.00000   44.00000  12.0%  24.0 3860s
 937869 201028   44.00000   37   16   50.00000   44.00000  12.0%  24.0 3870s
 938129 201279   48.00000   44   23   50.00000   44.00000  12.0%  24.0 3876s
 939543 201422   49.00000   32   19   50.00000   44.00000  12.0%  24.0 3884s
 940311 201646 infeasible   47        50.00000   44.00000  12.0%  24.0 3890s
 941999 202197 infeasible   48        50.00000   44.00000  12.0%  24.0 3903s
 946254 202447   45.00000   55   14   50.00000   44.00000  12.0%  23.9 3911s
 947823 202831   44.00000   33   19   50.00000   44.00000  12.0%  23.9 3921s
 950544 202872   49.00000   39   11   50.00000   44.00000  12.0%  23.9 3938s
 950867 203466 infeasible   43        50.00000   44.00000  12.0%  24.0 3947s
 955460 203884   46.00000   56   13   50.00000   44.00000  12.0%  24.0 3959s
 958538 204847   44.00000   36   26   50.00000   44.00000  12.0%  24.0 3965s
 964373 205346     cutoff   34        50.00000   44.00000  12.0%  23.9 3977s
 967337 206702   49.00000   38    5   50.00000   44.00000  12.0%  23.9 3984s
 973554 206775 infeasible   53        50.00000   44.00000  12.0%  23.9 3998s
 974109 207591   44.00000   33   15   50.00000   44.00000  12.0%  23.9 4003s
 978880 207668 infeasible   53        50.00000   44.00000  12.0%  23.9 4013s
 979339 208262 infeasible   53        50.00000   44.00000  12.0%  23.9 4018s
 983549 208300   49.00000   52   12   50.00000   44.00000  12.0%  23.9 4036s
 983705 208764   49.00000   53   15   50.00000   44.00000  12.0%  23.9 4041s
 986819 209510 infeasible   50        50.00000   44.00000  12.0%  23.9 4053s
 992056 209829 infeasible   62        50.00000   44.00000  12.0%  23.9 4059s
 994827 210007   46.00000   57    9   50.00000   44.00000  12.0%  23.9 4070s
 996104 210310 infeasible   51        50.00000   44.00000  12.0%  23.9 4079s
 998625 210373 infeasible   52        50.00000   44.00000  12.0%  23.9 4094s
 998928 210704   49.00000   52    6   50.00000   44.00000  12.0%  23.9 4103s
 1001709 211076 infeasible   57        50.00000   44.00000  12.0%  23.9 4114s
 1004810 211510   44.00000   40   13   50.00000   44.00000  12.0%  23.9 4123s
 1007971 211645     cutoff   54        50.00000   44.00000  12.0%  23.9 4133s
 1009633 211936     cutoff   37        50.00000   44.00000  12.0%  23.9 4149s
 1012002 212570   47.00000   38   23   50.00000   44.00000  12.0%  23.9 4162s
 1016563 212972   47.00000   48   15   50.00000   44.00000  12.0%  23.9 4174s
 1020435 213387 infeasible   47        50.00000   44.00000  12.0%  23.9 4182s
 1024506 213624 infeasible   38        50.00000   44.00000  12.0%  23.9 4193s
 1025755 214274     cutoff   52        50.00000   44.00000  12.0%  23.9 4200s
 1029961 214296   44.00000   62   20   50.00000   44.00000  12.0%  23.9 4217s
 1030062 214647 infeasible   63        50.00000   44.00000  12.0%  23.9 4224s
 1031662 215324 infeasible   51        50.00000   44.00000  12.0%  23.9 4234s
 1036204 215433   46.00000   36   12   50.00000   44.00000  12.0%  23.9 4247s
 1036968 216178   46.00000   37   12   50.00000   44.00000  12.0%  23.9 4254s
 1043106 216183     cutoff   52        50.00000   44.00000  12.0%  23.9 4268s
 1043137 216520     cutoff   53        50.00000   44.00000  12.0%  23.9 4275s
 1045411 216593 infeasible   59        50.00000   44.00000  12.0%  23.9 4288s
 1045979 217089   47.00000   59    9   50.00000   44.00000  12.0%  23.9 4292s
 1049617 217183   49.00000   39   20   50.00000   44.00000  12.0%  23.9 4306s
 1050280 217428 infeasible   40        50.00000   44.00000  12.0%  23.9 4316s
 1052284 217434   49.00000   41   18   50.00000   44.00000  12.0%  23.9 4335s
 1052323 218042   49.00000   42   19   50.00000   44.00000  12.0%  23.9 4340s
 1056759 218293   44.00000   47   13   50.00000   44.00000  12.0%  23.9 4355s
 1058842 220199   48.00000   46   14   50.00000   44.00000  12.0%  23.9 4366s
 1072170 220223   46.00000   41   20   50.00000   44.00000  12.0%  23.9 4381s
 1072299 220713 infeasible   42        50.00000   44.00000  12.0%  23.9 4386s
 1074957 220742   46.00000   54    9   50.00000   44.00000  12.0%  23.9 4397s
 1075171 221033   46.00000   55    8   50.00000   44.00000  12.0%  23.9 4402s
 1077114 221186   44.00000   50    9   50.00000   44.00000  12.0%  23.9 4410s
 1078089 221566   46.00000   50    9   50.00000   44.00000  12.0%  23.9 4418s
 1080486 221577   45.00000   59    9   50.00000   44.00000  12.0%  23.9 4437s
 1080543 224468 infeasible   60        50.00000   44.00000  12.0%  23.9 4452s
 1098561 224560 infeasible   49        50.00000   44.00000  12.0%  23.8 4463s
 1099086 224870   49.00000   49   16   50.00000   44.00000  12.0%  23.8 4469s
 1101256 225010 infeasible   44        50.00000   44.00000  12.0%  23.8 4479s
 1101973 225346 infeasible   49        50.00000   44.00000  12.0%  23.8 4486s
 1105100 225357 infeasible   51        50.00000   44.00000  12.0%  23.8 4508s
 1105183 227884 infeasible   54        50.00000   44.00000  12.0%  23.8 4533s
 1123201 227884   47.00000   44    9   50.00000   44.00000  12.0%  23.8 4545s
 1125581 228241   47.00000   48   15   50.00000   44.00000  12.0%  23.8 4559s
 1125659 228502   47.00000   49   17   50.00000   44.00000  12.0%  23.8 4564s
 1127104 228515   49.00000   53   12   50.00000   44.00000  12.0%  23.8 4582s
 1127195 231357   49.00000   54   13   50.00000   44.00000  12.0%  23.8 4605s
 1145213 231500 infeasible   49        50.00000   44.00000  12.0%  23.8 4615s
 1145999 231647 infeasible   49        50.00000   44.00000  12.0%  23.8 4624s
 1146572 232233   48.00000   48   15   50.00000   44.00000  12.0%  23.8 4631s
 1148461 232325   44.00000   31   24   50.00000   44.00000  12.0%  23.8 4641s
 1148805 234217   44.00000   32   23   50.00000   44.00000  12.0%  23.8 4649s
 1156404 234281   47.00000   35   15   50.00000   44.00000  12.0%  23.7 4659s
 1156688 234584   47.00000   36   15   50.00000   44.00000  12.0%  23.7 4667s
 1157901 234664   47.00000   37   14   50.00000   44.00000  12.0%  23.7 4678s
 1158212 235110 infeasible   41        50.00000   44.00000  12.0%  23.7 4685s
 1160335 235449   49.00000   57   14   50.00000   44.00000  12.0%  23.7 4692s
 1161984 235586   48.00000   60    9   50.00000   44.00000  12.0%  23.7 4701s
 1162612 236117   48.00000   61    9   50.00000   44.00000  12.0%  23.7 4711s
 1165453 236659   44.00000   45   26   50.00000   44.00000  12.0%  23.7 4721s
 1168442 236666   46.00000   47   27   50.00000   44.00000  12.0%  23.7 4736s
 1168518 237236   46.00000   52   19   50.00000   44.00000  12.0%  23.7 4743s
 1170711 237978   44.00000   52   12   50.00000   44.00000  12.0%  23.7 4750s
 1175055 238379   47.00000   45   20   50.00000   44.00000  12.0%  23.7 4757s
 1177188 238730   48.00000   45   27   50.00000   44.00000  12.0%  23.7 4766s
 1178697 239188 infeasible   43        50.00000   44.00000  12.0%  23.7 4775s
 1181480 239904   47.00000   45   16   50.00000   44.00000  12.0%  23.7 4783s
 1186156 240190   46.00000   52   14   50.00000   44.00000  12.0%  23.7 4791s
 1187962 241181   47.00000   53    9   50.00000   44.00000  12.0%  23.7 4797s
 1193132 241534   49.00000   50   16   50.00000   44.00000  12.0%  23.7 4807s
 1196074 242015   49.00000   51   15   50.00000   44.00000  12.0%  23.7 4817s
 1199632 242055   47.00000   40   25   50.00000   44.00000  12.0%  23.7 4831s
 1199826 242859   44.00000   54    8   50.00000   44.00000  12.0%  23.7 4838s
 1204678 243042 infeasible   55        50.00000   44.00000  12.0%  23.7 4847s
 1205761 243213   46.00000   52   13   50.00000   44.00000  12.0%  23.7 4856s
 1206686 243415   46.00000   54    9   50.00000   44.00000  12.0%  23.7 4861s
 1208104 244628   44.00000   49   13   50.00000   44.00000  12.0%  23.7 4865s
 1214913 245230 infeasible   55        50.00000   44.00000  12.0%  23.7 4870s
 1222532 245727   49.00000   54   12   50.00000   44.00000  12.0%  23.7 4879s
 1222624 245960 infeasible   57        50.00000   44.00000  12.0%  23.7 4882s
 1224166 246161   49.00000   54   12   50.00000   44.00000  12.0%  23.6 4885s
 1226486 246522 infeasible   57        50.00000   44.00000  12.0%  23.6 4891s
 1228616 247058   45.00000   39   18   50.00000   44.00000  12.0%  23.6 4896s
 1232474 247303 infeasible   49        50.00000   44.00000  12.0%  23.6 4905s
 1234190 247718   49.00000   49   25   50.00000   44.00000  12.0%  23.6 4915s
 1237340 248608 infeasible   49        50.00000   44.00000  12.0%  23.6 4923s
 1243522 248627   49.00000   37   18   50.00000   44.00000  12.0%  23.6 4932s
 1243748 248935   49.00000   38   17   50.00000   44.00000  12.0%  23.6 4938s
 1245161 248945   49.00000   59   21   50.00000   44.00000  12.0%  23.6 4957s
 1245211 249171   49.00000   60   24   50.00000   44.00000  12.0%  23.6 4964s
 1247927 249199   44.00000   38   29   50.00000   44.00000  12.0%  23.6 4972s
 1248064 249357   44.00000   38   31   50.00000   44.00000  12.0%  23.6 4982s
 1249295 249712   44.00000   39   32   50.00000   44.00000  12.0%  23.6 4990s
 1252684 249950   46.00000   40   28   50.00000   44.00000  12.0%  23.6 4999s
 1254512 250036   44.00000   45   23   50.00000   44.00000  12.0%  23.6 5014s
 1255138 250175   47.00000   42   18   50.00000   44.00000  12.0%  23.6 5030s
 1256205 250774   47.00000   43   21   50.00000   44.00000  12.0%  23.6 5037s
 1261370 251124   49.00000   51   19   50.00000   44.00000  12.0%  23.6 5049s
 1264206 251953   49.00000   48   19   50.00000   44.00000  12.0%  23.6 5059s
 1269731 252205   45.00000   53   20   50.00000   44.00000  12.0%  23.6 5068s
 1272307 252311   49.00000   43    7   50.00000   44.00000  12.0%  23.6 5084s
 1272959 252819   49.00000   44    7   50.00000   44.00000  12.0%  23.6 5094s
 1276612 252968   44.00000   62   16   50.00000   44.00000  12.0%  23.6 5105s
 1278450 253244   49.00000   58   22   50.00000   44.00000  12.0%  23.6 5116s
 1281070 253703   44.00000   37   29   50.00000   44.00000  12.0%  23.6 5129s
 1284731 253823   44.00000   47   23   50.00000   44.00000  12.0%  23.6 5144s
 1286065 255696   47.00000   50   16   50.00000   44.00000  12.0%  23.6 5165s
 1301652 255725 infeasible   52        50.00000   44.00000  12.0%  23.6 5177s
 1301993 255730 infeasible   58        50.00000   44.00000  12.0%  23.6 5196s
 1302031 255978   44.00000   59   20   50.00000   44.00000  12.0%  23.6 5204s
 1304084 256138 infeasible   52        50.00000   44.00000  12.0%  23.6 5212s
 1305437 256345   44.00000   53   22   50.00000   44.00000  12.0%  23.6 5222s
 1307471 256933   44.00000   53    8   50.00000   44.00000  12.0%  23.6 5233s
 1311745 257218   48.00000   65    9   50.00000   44.00000  12.0%  23.6 5243s
 1314685 257299 infeasible   52        50.00000   44.00000  12.0%  23.5 5260s
 1315334 257691   49.00000   51   14   50.00000   44.00000  12.0%  23.5 5267s
 1317868 258107 infeasible   48        50.00000   44.00000  12.0%  23.5 5279s
 1321477 258532 infeasible   35        50.00000   44.00000  12.0%  23.5 5291s
 1324525 258844   49.00000   37   15   50.00000   44.00000  12.0%  23.5 5301s
 1327448 258851   44.00000   46   30   50.00000   44.00000  12.0%  23.5 5321s
 1327604 259499     cutoff   49        50.00000   44.00000  12.0%  23.5 5329s
 1333262 259498   46.00000   43   18   50.00000   44.00000  12.0%  23.5 5351s
 1333417 261099   46.00000   44   19   50.00000   44.00000  12.0%  23.5 5368s
 1351435 261120   49.00000   48   18   50.00000   44.00000  12.0%  23.5 5382s
 1351597 261350 infeasible   49        50.00000   44.00000  12.0%  23.5 5388s
 1353200 261346 infeasible   55        50.00000   44.00000  12.0%  23.5 5399s
 1353236 261719   49.00000   56   21   50.00000   44.00000  12.0%  23.5 5404s
 1354922 261729     cutoff   45        50.00000   44.00000  12.0%  23.5 5425s
 1354959 263493   44.00000   58   14   50.00000   44.00000  12.0%  23.5 5448s
 1372977 263556   49.00000   53   18   50.00000   44.00000  12.0%  23.5 5461s
 1373352 263677 infeasible   41        50.00000   44.00000  12.0%  23.5 5467s
 1374467 263786   47.00000   48   11   50.00000   44.00000  12.0%  23.5 5476s
 1375334 263831   44.00000   56   15   50.00000   44.00000  12.0%  23.5 5488s
 1375818 263950   44.00000   58   12   50.00000   44.00000  12.0%  23.5 5499s
 1376530 264460     cutoff   59        50.00000   44.00000  12.0%  23.5 5506s
 1379795 264738 infeasible   58        50.00000   44.00000  12.0%  23.5 5522s
 1381665 266419 infeasible   54        50.00000   44.00000  12.0%  23.5 5532s
 1394512 266420   44.00000   54   26   50.00000   44.00000  12.0%  23.5 5548s
 1394577 266636 infeasible   55        50.00000   44.00000  12.0%  23.5 5555s
 1396134 266701   49.00000   56    9   50.00000   44.00000  12.0%  23.5 5565s
 1396772 266980   48.00000   68   21   50.00000   44.00000  12.0%  23.5 5571s
 1398025 267111 infeasible   70        50.00000   44.00000  12.0%  23.5 5580s
 1398920 267116   46.00000   58   19   50.00000   44.00000  12.0%  23.5 5595s
 1399000 267476 infeasible   59        50.00000   44.00000  12.0%  23.5 5601s
 1401903 267907   44.00000   43   25   50.00000   44.00000  12.0%  23.5 5615s
 1404837 268552   44.00000   44   23   50.00000   44.00000  12.0%  23.5 5627s
 1409619 268941 infeasible   48        50.00000   44.00000  12.0%  23.5 5636s
 1412139 269321   47.00000   48   29   50.00000   44.00000  12.0%  23.5 5648s
 1414812 269840   47.00000   49   26   50.00000   44.00000  12.0%  23.5 5656s
 1417528 270168   44.00000   51   11   50.00000   44.00000  12.0%  23.5 5668s
 1420071 270532   47.00000   49   14   50.00000   44.00000  12.0%  23.5 5680s
 1422681 270986   47.00000   50   17   50.00000   44.00000  12.0%  23.5 5691s
 1425831 271035 infeasible   45        50.00000   44.00000  12.0%  23.5 5709s
 1426153 273437   49.00000   46   15   50.00000   44.00000  12.0%  23.5 5739s
 1444171 273602 infeasible   49        50.00000   44.00000  12.0%  23.5 5748s
 1445362 273615   44.00000   46   14   50.00000   44.00000  12.0%  23.5 5762s
 1445423 273812     cutoff   48        50.00000   44.00000  12.0%  23.5 5768s
 1447572 274102   46.00000   47   13   50.00000   44.00000  12.0%  23.5 5779s
 1449933 274959 infeasible   53        50.00000   44.00000  12.0%  23.5 5788s
 1457555 275018   47.00000   55   22   50.00000   44.00000  12.0%  23.5 5799s
 1457970 275316 infeasible   56        50.00000   44.00000  12.0%  23.5 5806s
 1460711 275424   47.00000   45   18   50.00000   44.00000  12.0%  23.5 5820s
 1461597 275886   47.00000   46   21   50.00000   44.00000  12.0%  23.5 5826s
 1464728 276037     cutoff   52        50.00000   44.00000  12.0%  23.5 5838s
 1465567 276399   49.00000   51   16   50.00000   44.00000  12.0%  23.5 5847s
 1469250 276407 infeasible   51        50.00000   44.00000  12.0%  23.5 5868s
 1469312 278562   49.00000   52   15   50.00000   44.00000  12.0%  23.5 5890s
 1487330 278578   49.00000   44   13   50.00000   44.00000  12.0%  23.4 5901s
 1487464 278682     cutoff   33        50.00000   44.00000  12.0%  23.4 5908s
 1488217 278694   48.00000   38   18   50.00000   44.00000  12.0%  23.4 5918s
 1488276 278694 infeasible   39        50.00000   44.00000  12.0%  23.4 5931s
 1490049 279195   44.00000   53   18   50.00000   44.00000  12.0%  23.4 5943s
 1490628 279298     cutoff   55        50.00000   44.00000  12.0%  23.4 5952s
 1492343 279303   47.00000   56   21   50.00000   44.00000  12.0%  23.4 5973s
 1492440 280872   47.00000   37   15   50.00000   44.00000  12.0%  23.4 5999s
 1510458 280924     cutoff   43        50.00000   44.00000  12.0%  23.4 6011s
 1510847 281136   44.00000   44   20   50.00000   44.00000  12.0%  23.4 6018s
 1512659 281144 infeasible   53        50.00000   44.00000  12.0%  23.4 6036s
 1512706 281297   49.00000   54   17   50.00000   44.00000  12.0%  23.4 6042s
 1514358 281703   44.00000   33   28   50.00000   44.00000  12.0%  23.4 6058s
 1518111 282042   44.00000   33   25   50.00000   44.00000  12.0%  23.4 6069s
 1520470 282089   44.00000   34   27   50.00000   44.00000  12.0%  23.4 6088s
 1520829 282296   44.00000   54    8   50.00000   44.00000  12.0%  23.4 6105s
 1523060 283288 infeasible   52        50.00000   44.00000  12.0%  23.4 6114s
 1532073 283393 infeasible   51        50.00000   44.00000  12.0%  23.4 6128s
 1532883 283738   44.00000   45   24   50.00000   44.00000  12.0%  23.4 6133s
 1536587 284035   46.00000   44   15   50.00000   44.00000  12.0%  23.4 6146s
 1538798 285018   44.00000   61   12   50.00000   44.00000  12.0%  23.4 6156s
 1548585 285081 infeasible   55        50.00000   44.00000  12.0%  23.4 6167s
 1549343 285330   49.00000   61    9   50.00000   44.00000  12.0%  23.4 6174s
 1551614 285344     cutoff   48        50.00000   44.00000  12.0%  23.4 6190s
 1551668 285579   44.00000   43   12   50.00000   44.00000  12.0%  23.4 6198s
 1553652 285843 infeasible   44        50.00000   44.00000  12.0%  23.4 6205s
 1556413 286018     cutoff   47        50.00000   44.00000  12.0%  23.4 6215s
 1558217 286256   44.00000   47   10   50.00000   44.00000  12.0%  23.4 6226s
 1560536 286858   47.00000   49   18   50.00000   44.00000  12.0%  23.4 6234s
 1565376 286895   46.00000   56    9   50.00000   44.00000  12.0%  23.4 6247s
 1565692 286970 infeasible   49        50.00000   44.00000  12.0%  23.4 6260s
 1566503 287169   47.00000   42   16   50.00000   44.00000  12.0%  23.4 6271s
 1568176 287530 infeasible   53        50.00000   44.00000  12.0%  23.4 6282s
 1571293 287872   49.00000   45   25   50.00000   44.00000  12.0%  23.4 6296s
 1574390 288231   49.00000   46   24   50.00000   44.00000  12.0%  23.4 6306s
 1577661 288238 infeasible   36        50.00000   44.00000  12.0%  23.4 6329s
 1577771 288641   44.00000   39   21   50.00000   44.00000  12.0%  23.4 6337s
 1581803 288988     cutoff   40        50.00000   44.00000  12.0%  23.4 6349s
 1584481 289486   45.00000   63   18   50.00000   44.00000  12.0%  23.4 6359s
 1588870 289653 infeasible   54        50.00000   44.00000  12.0%  23.4 6369s
 1590454 290166 infeasible   48        50.00000   44.00000  12.0%  23.4 6378s
 1593779 290598   49.00000   36   18   50.00000   44.00000  12.0%  23.4 6387s
 1596823 290642   49.00000   37   16   50.00000   44.00000  12.0%  23.4 6405s
 1597109 290969 infeasible   37        50.00000   44.00000  12.0%  23.4 6416s
 1599563 291190   49.00000   49   15   50.00000   44.00000  12.0%  23.4 6430s
 1601554 291527   44.00000   48   17   50.00000   44.00000  12.0%  23.4 6440s
 1603919 291607   48.00000   38   10   50.00000   44.00000  12.0%  23.4 6463s
 1604348 292027   46.00000   38   10   50.00000   44.00000  12.0%  23.4 6475s
 1607520 292648   47.00000   44   18   50.00000   44.00000  12.0%  23.4 6487s
 1612183 292913 infeasible   49        50.00000   44.00000  12.0%  23.4 6498s
 1614162 293229   49.00000   49   29   50.00000   44.00000  12.0%  23.4 6506s
 1616318 293227 infeasible   57        50.00000   44.00000  12.0%  23.4 6527s
 1616397 293716   44.00000   34   20   50.00000   44.00000  12.0%  23.4 6535s
 1619662 294138   47.00000   41   17   50.00000   44.00000  12.0%  23.3 6546s
 1621901 294332   44.00000   57    9   50.00000   44.00000  12.0%  23.3 6561s
 1623143 294741   44.00000   25   18   50.00000   44.00000  12.0%  23.4 6569s
 1626375 294999 infeasible   41        50.00000   44.00000  12.0%  23.4 6582s
 1629463 294988 infeasible   40        50.00000   44.00000  12.0%  23.4 6605s
 1629516 297038 infeasible   71        50.00000   44.00000  12.0%  23.4 6628s
 1647534 297044   44.00000   50   27   50.00000   44.00000  12.0%  23.4 6640s
 1647812 297102   44.00000   51   27   50.00000   44.00000  12.0%  23.4 6651s
 1648200 297232 infeasible   65        50.00000   44.00000  12.0%  23.4 6662s
 1648967 297324 infeasible   49        50.00000   44.00000  12.0%  23.4 6670s
 1650107 297456   44.00000   43   18   50.00000   44.00000  12.0%  23.4 6679s
 1651237 298058   44.00000   43   15   50.00000   44.00000  12.0%  23.4 6690s
 1656574 298056   44.00000   41   14   50.00000   44.00000  12.0%  23.4 6705s
 1656662 298160   44.00000   44   11   50.00000   44.00000  12.0%  23.4 6714s
 1657870 298402 infeasible   45        50.00000   44.00000  12.0%  23.4 6725s
 1659449 298510     cutoff   44        50.00000   44.00000  12.0%  23.4 6737s
 1660550 298885 infeasible   45        50.00000   44.00000  12.0%  23.4 6747s
 1663303 299338   44.00000   46   20   50.00000   44.00000  12.0%  23.4 6760s
 1666676 299918   47.00000   45   19   50.00000   44.00000  12.0%  23.4 6767s
 1670975 300267   46.00000   36   24   50.00000   44.00000  12.0%  23.4 6776s
 1674882 300288 infeasible   44        50.00000   44.00000  12.0%  23.4 6797s
 1675008 302482 infeasible   44        50.00000   44.00000  12.0%  23.4 6816s
 1693026 302509   49.00000   38   11   50.00000   44.00000  12.0%  23.4 6830s
 1693226 302711   49.00000   39   14   50.00000   44.00000  12.0%  23.4 6835s
 1694752 302860   44.00000   44   23   50.00000   44.00000  12.0%  23.4 6844s
 1695825 303011   44.00000   45   23   50.00000   44.00000  12.0%  23.4 6854s
 1696940 303536   44.00000   46   22   50.00000   44.00000  12.0%  23.4 6867s
 1700873 303775   49.00000   49   18   50.00000   44.00000  12.0%  23.4 6876s
 1703182 304188 infeasible   50        50.00000   44.00000  12.0%  23.4 6886s
 1706250 304523   49.00000   46   14   50.00000   44.00000  12.0%  23.4 6899s
 1708097 305404   44.00000   41   13   50.00000   44.00000  12.0%  23.4 6905s
 1713816 305744   49.00000   45   14   50.00000   44.00000  12.0%  23.4 6916s
 1715594 306160   44.00000   46   22   50.00000   44.00000  12.0%  23.4 6926s
 1718202 306170   49.00000   51   13   50.00000   44.00000  12.0%  23.4 6943s
 1718266 306727 infeasible   52        50.00000   44.00000  12.0%  23.4 6953s
 1721844 307074   46.00000   41   20   50.00000   44.00000  12.0%  23.4 6968s
 1724038 308914   47.00000   65   14   50.00000   44.00000  12.0%  23.4 6981s
 1734466 309099   49.00000   51    8   50.00000   44.00000  12.0%  23.4 6995s
 1735099 309132   44.00000   39   27   50.00000   44.00000  12.0%  23.4 7010s
 1735223 309585 infeasible   42        50.00000   44.00000  12.0%  23.4 7018s
 1737309 309774   44.00000   37   34   50.00000   44.00000  12.0%  23.4 7032s
 1738076 310823   45.00000   38   32   50.00000   44.00000  12.0%  23.4 7039s
 1742177 310951 infeasible   36        50.00000   44.00000  12.0%  23.4 7052s
 1742715 311505 infeasible   37        50.00000   44.00000  12.0%  23.4 7062s
 1745168 311938   44.00000   54   10   50.00000   44.00000  12.0%  23.4 7074s
 1747951 312751   44.00000   45   20   50.00000   44.00000  12.0%  23.4 7083s
 1753694 313114   44.00000   43   13   50.00000   44.00000  12.0%  23.4 7094s
 1756008 313115     cutoff   58        50.00000   44.00000  12.0%  23.4 7114s
 1756103 313548   48.00000   55    6   50.00000   44.00000  12.0%  23.4 7124s
 1759173 314070     cutoff   30        50.00000   44.00000  12.0%  23.4 7134s
 1762452 314229 infeasible   54        50.00000   44.00000  12.0%  23.4 7149s
 1763856 314984   49.00000   54   15   50.00000   44.00000  12.0%  23.4 7157s
 1769254 314994 infeasible   44        50.00000   44.00000  12.0%  23.4 7181s
 1769301 317996   46.00000   45   14   50.00000   44.00000  12.0%  23.4 7201s
 1787319 318039 infeasible   41        50.00000   44.00000  12.0%  23.4 7214s
 1787639 318413 infeasible   57        50.00000   44.00000  12.0%  23.4 7220s
 1789819 318502   44.00000   44   21   50.00000   44.00000  12.0%  23.4 7230s
 1790314 318896 infeasible   46        50.00000   44.00000  12.0%  23.4 7235s
 1792790 318913     cutoff   43        50.00000   44.00000  12.0%  23.4 7259s
 1792891 321590   44.00000   61   13   50.00000   44.00000  12.0%  23.4 7272s
 1810909 321591   46.00000   56   12   50.00000   44.00000  12.0%  23.4 7287s
 1810944 321884   49.00000   57    6   50.00000   44.00000  12.0%  23.4 7292s
 1812748 321929   47.00000   37   13   50.00000   44.00000  12.0%  23.4 7302s
 1813174 322192 infeasible   38        50.00000   44.00000  12.0%  23.4 7308s
 1815456 322359   49.00000   43   10   50.00000   44.00000  12.0%  23.4 7322s
 1817087 324037 infeasible   52        50.00000   44.00000  12.0%  23.4 7335s
 1829323 324062   49.00000   39    9   50.00000   44.00000  12.0%  23.4 7351s
 1829553 324137   45.00000   38   10   50.00000   44.00000  12.0%  23.4 7365s
 1829887 324169 infeasible   57        50.00000   44.00000  12.0%  23.4 7376s
 1830205 324737   48.00000   58   13   50.00000   44.00000  12.0%  23.4 7383s
 1834102 324752   49.00000   58   12   50.00000   44.00000  12.0%  23.4 7400s
 1834223 325184 infeasible   59        50.00000   44.00000  12.0%  23.4 7405s
 1837336 325410   49.00000   50   19   50.00000   44.00000  12.0%  23.4 7420s
 1839069 327309 infeasible   50        50.00000   44.00000  12.0%  23.4 7433s
 1852286 327333   47.00000   47   20   50.00000   44.00000  12.0%  23.3 7450s
 1852367 327546   49.00000   53   14   50.00000   44.00000  12.0%  23.3 7458s
 1853268 327604     cutoff   41        50.00000   44.00000  12.0%  23.3 7467s
 1853563 327623   44.00000   41   15   50.00000   44.00000  12.0%  23.3 7477s
 1853611 328014   44.00000   42   14   50.00000   44.00000  12.0%  23.3 7485s
 1856283 328086   48.00000   40   20   50.00000   44.00000  12.0%  23.3 7496s
 1856624 328204   48.00000   46   14   50.00000   44.00000  12.0%  23.3 7506s
 1857274 328218   44.00000   47   13   50.00000   44.00000  12.0%  23.3 7519s
 1857412 328764   44.00000   48   13   50.00000   44.00000  12.0%  23.3 7525s
 1861516 328926 infeasible   62        50.00000   44.00000  12.0%  23.3 7542s
 1862377 331403   44.00000   41   14   50.00000   44.00000  12.0%  23.3 7569s
 1878393 331403   47.00000   47   21   50.00000   44.00000  12.0%  23.3 7571s
 1880395 331408   46.00000   34   19   50.00000   44.00000  12.0%  23.3 7586s
 1880425 331458   46.00000   35   18   50.00000   44.00000  12.0%  23.3 7598s
 1880709 331461   48.00000   53   17   50.00000   44.00000  12.0%  23.3 7611s
 1880742 331579   48.00000   54   17   50.00000   44.00000  12.0%  23.3 7618s
 1882249 331661   47.00000   47   23   50.00000   44.00000  12.0%  23.3 7626s
 1883173 332101 infeasible   47        50.00000   44.00000  12.0%  23.3 7639s
 1887128 332127   44.00000   36   23   50.00000   44.00000  12.0%  23.3 7655s
 1887389 332523   44.00000   37   18   50.00000   44.00000  12.0%  23.3 7666s
 1890281 332611   44.00000   45   19   50.00000   44.00000  12.0%  23.3 7681s
 1891673 333083 infeasible   46        50.00000   44.00000  12.0%  23.3 7690s
 1896423 333377   47.00000   42   26   50.00000   44.00000  12.0%  23.3 7700s
 1899200 333692   47.00000   37   23   50.00000   44.00000  12.0%  23.3 7713s
 1901175 334404 infeasible   38        50.00000   44.00000  12.0%  23.3 7722s
 1905928 334671     cutoff   29        50.00000   44.00000  12.0%  23.3 7736s
 1908209 334855   44.00000   30   14   50.00000   44.00000  12.0%  23.3 7763s
 1910060 335569   48.00000   45   10   50.00000   44.00000  12.0%  23.3 7779s
 1918783 335970   44.00000   34   17   50.00000   44.00000  12.0%  23.3 7789s
 1922650 336127   44.00000   50   12   50.00000   44.00000  12.0%  23.3 7802s
 1923940 336501   44.00000   51   14   50.00000   44.00000  12.0%  23.3 7810s
 1927472 336625   49.00000   39    6   50.00000   44.00000  12.0%  23.3 7827s
 1928408 337315   49.00000   40    8   50.00000   44.00000  12.0%  23.3 7835s
 1934760 337325   44.00000   34   18   50.00000   44.00000  12.0%  23.3 7855s
 1934790 337524   46.00000   35   13   50.00000   44.00000  12.0%  23.3 7861s
 1937314 337578     cutoff   63        50.00000   44.00000  12.0%  23.3 7871s
 1937485 337852 infeasible   35        50.00000   44.00000  12.0%  23.2 7877s
 1940098 337949   44.00000   35   21   50.00000   44.00000  12.0%  23.2 7887s
 1940884 338196   46.00000   45   15   50.00000   44.00000  12.0%  23.2 7896s
 1943521 338272   44.00000   44   19   50.00000   44.00000  12.0%  23.2 7907s
 1944093 338714   49.00000   46   12   50.00000   44.00000  12.0%  23.2 7916s
 1946684 338715   44.00000   54   13   50.00000   44.00000  12.0%  23.2 7934s
 1946721 339055 infeasible   55        50.00000   44.00000  12.0%  23.2 7943s
 1949891 339182   44.00000   46   11   50.00000   44.00000  12.0%  23.2 7957s
 1950948 340039   44.00000   47   11   50.00000   44.00000  12.0%  23.2 7965s
 1958049 340048   44.00000   56   21   50.00000   44.00000  12.0%  23.2 7979s
 1958178 340214   44.00000   57   17   50.00000   44.00000  12.0%  23.2 7985s
 1961220 340210 infeasible   53        50.00000   44.00000  12.0%  23.2 8002s
 1961262 340565   44.00000   45    8   50.00000   44.00000  12.0%  23.2 8007s
 1963465 340577   44.00000   50    9   50.00000   44.00000  12.0%  23.2 8018s
 1963495 340568   44.00000   51    8   50.00000   44.00000  12.0%  23.2 8024s
 1966245 340616   44.00000   54   20   50.00000   44.00000  12.0%  23.2 8034s
 1967037 340745   44.00000   55   19   50.00000   44.00000  12.0%  23.2 8041s
 1969431 340796 infeasible   51        50.00000   44.00000  12.0%  23.2 8050s
 1969849 341153   48.00000   56   10   50.00000   44.00000  12.0%  23.2 8058s
 1973092 341159     cutoff   47        50.00000   44.00000  12.0%  23.2 8077s
 1973215 342973   48.00000   48   22   50.00000   44.00000  12.0%  23.2 8102s
 1991233 342997   46.00000   42   12   50.00000   44.00000  12.0%  23.2 8115s
 1991370 343144   46.00000   43   12   50.00000   44.00000  12.0%  23.2 8120s
 1993188 343155 infeasible   47        50.00000   44.00000  12.0%  23.2 8133s
 1993286 343384   49.00000   48   11   50.00000   44.00000  12.0%  23.2 8137s
 1995474 343922   47.00000   46   11   50.00000   44.00000  12.0%  23.1 8150s
 2000476 344148   47.00000   45   16   50.00000   44.00000  12.0%  23.1 8159s
 2002807 344178 infeasible   45        50.00000   44.00000  12.0%  23.1 8174s
 2002924 344360 infeasible   45        50.00000   44.00000  12.0%  23.1 8186s
 2004693 344574 infeasible   52        50.00000   44.00000  12.0%  23.1 8197s
 2006614 345056   46.00000   59   12   50.00000   44.00000  12.0%  23.1 8207s
 2010578 345206   49.00000   53   10   50.00000   44.00000  12.0%  23.1 8223s
 2011539 345331 infeasible   54        50.00000   44.00000  12.0%  23.1 8241s
 2012181 345656   48.00000   59    6   50.00000   44.00000  12.0%  23.1 8256s
 2014138 345991 infeasible   46        50.00000   44.00000  12.0%  23.1 8266s
 2017161 346236   47.00000   53   23   50.00000   44.00000  12.0%  23.1 8280s
 2019706 346664   48.00000   64    8   50.00000   44.00000  12.0%  23.1 8294s
 2023084 347372   46.00000   38   17   50.00000   44.00000  12.0%  23.1 8300s
 2028209 347507 infeasible   45        50.00000   44.00000  12.0%  23.1 8310s
 2029980 347873   44.00000   67   11   50.00000   44.00000  12.0%  23.1 8322s
 2033115 347999 infeasible   69        50.00000   44.00000  12.0%  23.1 8338s
 2033953 348182   46.00000   69    8   50.00000   44.00000  12.0%  23.1 8351s
 2035183 348790 infeasible   70        50.00000   44.00000  12.0%  23.1 8364s
 2040886 349279   49.00000   43   17   50.00000   44.00000  12.0%  23.1 8375s
 2045802 349281 infeasible   53        50.00000   44.00000  12.0%  23.1 8396s
 2045885 349643 infeasible   52        50.00000   44.00000  12.0%  23.1 8403s
 2048330 349874     cutoff   47        50.00000   44.00000  12.0%  23.1 8412s
 2050750 350225   48.00000   36   21   50.00000   44.00000  12.0%  23.1 8422s
 2053388 350484 infeasible   38        50.00000   44.00000  12.0%  23.1 8433s
 2055474 350595   47.00000   49   20   50.00000   44.00000  12.0%  23.1 8448s
 2056072 350747   49.00000   52    7   50.00000   44.00000  12.0%  23.1 8461s
 2057374 351344 infeasible   53        50.00000   44.00000  12.0%  23.1 8470s
 2061904 351669 infeasible   56        50.00000   44.00000  12.0%  23.1 8482s
 2064959 351729   49.00000   44   14   50.00000   44.00000  12.0%  23.1 8502s
 2065268 353755   49.00000   47   13   50.00000   44.00000  12.0%  23.1 8528s
 2083286 353832   49.00000   55   11   50.00000   44.00000  12.0%  23.1 8539s
 2083636 353871   49.00000   56    9   50.00000   44.00000  12.0%  23.1 8547s
 2083955 354053   49.00000   57    9   50.00000   44.00000  12.0%  23.1 8554s
 2085404 354169   47.00000   43   14   50.00000   44.00000  12.0%  23.1 8564s
 2086510 354267   47.00000   45   16   50.00000   44.00000  12.0%  23.1 8576s
 2087308 354982     cutoff   50        50.00000   44.00000  12.0%  23.1 8586s
 2093322 355140 infeasible   53        50.00000   44.00000  12.0%  23.1 8597s
 2094354 355387   47.00000   57   12   50.00000   44.00000  12.0%  23.1 8605s
 2096447 355424   48.00000   46    9   50.00000   44.00000  12.0%  23.1 8619s
 2096693 355912 infeasible   47        50.00000   44.00000  12.0%  23.1 8627s
 2099697 356263   44.00000   38   16   50.00000   44.00000  12.0%  23.1 8636s
 2101077 356609 infeasible   39        50.00000   44.00000  12.0%  23.1 8647s
 2103027 357277 infeasible   45        50.00000   44.00000  12.0%  23.1 8659s
 2105799 357661   48.00000   57    7   50.00000   44.00000  12.0%  23.1 8669s
 2107670 358420 infeasible   62        50.00000   44.00000  12.0%  23.1 8679s
 2112049 359110   45.00000   54   13   50.00000   44.00000  12.0%  23.1 8692s
 2115865 359116 infeasible   60        50.00000   44.00000  12.0%  23.1 8711s
 2115915 359781   49.00000   53    5   50.00000   44.00000  12.0%  23.1 8719s
 2120672 359858 infeasible   45        50.00000   44.00000  12.0%  23.1 8731s
 2121217 360299   48.00000   46   15   50.00000   44.00000  12.0%  23.1 8737s
 2124230 360409 infeasible   52        50.00000   44.00000  12.0%  23.1 8747s
 2125573 360697   44.00000   52   18   50.00000   44.00000  12.0%  23.1 8757s
 2128192 360858 infeasible   53        50.00000   44.00000  12.0%  23.1 8773s
 2129078 361207   46.00000   64    6   50.00000   44.00000  12.0%  23.1 8786s
 2130831 361982   46.00000   65    7   50.00000   44.00000  12.0%  23.1 8795s
 2135595 362508   44.00000   51   22   50.00000   44.00000  12.0%  23.1 8810s
 2138684 362546   44.00000   57   19   50.00000   44.00000  12.0%  23.1 8834s
 2138880 363259   46.00000   61   17   50.00000   44.00000  12.0%  23.1 8848s
 2143661 364080   47.00000   43   12   50.00000   44.00000  12.0%  23.1 8858s
 2148581 364500   47.00000   40   26   50.00000   44.00000  12.0%  23.0 8867s
 2151706 364799 infeasible   52        50.00000   44.00000  12.0%  23.0 8882s
 2153710 364816   47.00000   54   10   50.00000   44.00000  12.0%  23.0 8900s
 2153833 365010 infeasible   55        50.00000   44.00000  12.0%  23.0 8910s
 2156087 365688   48.00000   65   13   50.00000   44.00000  12.0%  23.0 8922s
 2159887 365725   47.00000   62   12   50.00000   44.00000  12.0%  23.0 8941s
 2160289 368071 infeasible   63        50.00000   44.00000  12.0%  23.0 8961s
 2178307 368254   47.00000   51   19   50.00000   44.00000  12.0%  23.0 8971s
 2179969 368325   47.00000   48   20   50.00000   44.00000  12.0%  23.0 8980s
 2180918 368873 infeasible   67        50.00000   44.00000  12.0%  23.0 8986s
 2184295 368880 infeasible   56        50.00000   44.00000  12.0%  23.0 9008s
 2184419 371082   49.00000   58   12   50.00000   44.00000  12.0%  23.0 9033s
 2202437 371084 infeasible   56        50.00000   44.00000  12.0%  23.0 9046s
 2202471 371236   46.00000   59   10   50.00000   44.00000  12.0%  23.0 9052s
 2204091 371317   47.00000   42    8   50.00000   44.00000  12.0%  23.0 9060s
 2204876 371472   44.00000   55   12   50.00000   44.00000  12.0%  23.0 9067s
 2206185 372040 infeasible   59        50.00000   44.00000  12.0%  23.0 9078s
 2210043 372143 infeasible   60        50.00000   44.00000  12.0%  23.0 9096s
 2210926 372677   44.00000   61   13   50.00000   44.00000  12.0%  23.0 9109s
 2215500 373391 infeasible   49        50.00000   44.00000  12.0%  23.0 9119s
 2220107 373459 infeasible   55        50.00000   44.00000  12.0%  23.0 9132s
 2220696 374142     cutoff   54        50.00000   44.00000  12.0%  23.0 9137s
 2226377 374141 infeasible   57        50.00000   44.00000  12.0%  23.0 9156s
 2226414 374295 infeasible   58        50.00000   44.00000  12.0%  23.0 9167s
 2227024 374323   45.00000   62   11   50.00000   44.00000  12.0%  23.0 9181s
 2227542 374560   45.00000   60    8   50.00000   44.00000  12.0%  23.0 9191s
 2229711 375271   45.00000   61   14   50.00000   44.00000  12.0%  23.0 9199s
 2234957 375464 infeasible   46        50.00000   44.00000  12.0%  23.0 9211s
 2236151 375678 infeasible   56        50.00000   44.00000  12.0%  23.0 9222s
 2237892 375743   46.00000   57   19   50.00000   44.00000  12.0%  23.0 9238s
 2238129 375882   46.00000   58   19   50.00000   44.00000  12.0%  23.0 9248s
 2239268 376330     cutoff   53        50.00000   44.00000  12.0%  23.0 9258s
 2243301 376491   46.00000   54   17   50.00000   44.00000  12.0%  23.0 9270s
 2244945 376544 infeasible   55        50.00000   44.00000  12.0%  23.0 9290s
 2245448 376978   46.00000   57   11   50.00000   44.00000  12.0%  23.0 9300s
 2248645 377356   46.00000   58   11   50.00000   44.00000  12.0%  23.0 9307s
 2253797 377793 infeasible   61        50.00000   44.00000  12.0%  23.0 9320s
 2257451 378090   46.00000   61   10   50.00000   44.00000  12.0%  23.0 9332s
 2260643 378389 infeasible   62        50.00000   44.00000  12.0%  23.0 9343s
 2262601 378689   46.00000   63    9   50.00000   44.00000  12.0%  23.0 9354s
 2265554 378728   46.00000   58   19   50.00000   44.00000  12.0%  23.0 9372s
 2265750 379197   46.00000   61   15   50.00000   44.00000  12.0%  23.0 9382s
 2269852 379398     cutoff   64        50.00000   44.00000  12.0%  23.0 9396s
 2271246 379708   46.00000   71   11   50.00000   44.00000  12.0%  23.0 9405s
 2274427 379991   47.00000   39   21   50.00000   44.00000  12.0%  23.0 9418s
 2276458 380015   47.00000   53   18   50.00000   44.00000  12.0%  23.0 9437s
 2276756 382034   47.00000   57   13   50.00000   44.00000  12.0%  23.0 9466s
 2294774 382246   44.00000   47   16   50.00000   44.00000  12.0%  23.1 9475s
 2297015 382269   44.00000   52   17   50.00000   44.00000  12.0%  23.1 9492s
 2297258 382634   44.00000   53   17   50.00000   44.00000  12.0%  23.1 9497s
 2300399 382642   49.00000   41   12   50.00000   44.00000  12.0%  23.1 9525s
 2300435 384706   49.00000   42   11   50.00000   44.00000  12.0%  23.1 9541s
 2318453 384754   47.00000   66   17   50.00000   44.00000  12.0%  23.1 9553s
 2318929 384811   47.00000   66   14   50.00000   44.00000  12.0%  23.1 9561s
 2319393 385060 infeasible   67        50.00000   44.00000  12.0%  23.1 9568s
 2320523 385061     cutoff   56        50.00000   44.00000  12.0%  23.1 9580s
 2320579 385350     cutoff   57        50.00000   44.00000  12.0%  23.1 9587s
 2323420 385405     cutoff   61        50.00000   44.00000  12.0%  23.1 9604s
 2323937 387529   46.00000   62   15   50.00000   44.00000  12.0%  23.1 9628s
 2341955 387561 infeasible   59        50.00000   44.00000  12.0%  23.1 9639s
 2342145 387695   47.00000   59   18   50.00000   44.00000  12.0%  23.1 9646s
 2343387 387816 infeasible   59        50.00000   44.00000  12.0%  23.1 9655s
 2344220 387979   47.00000   49   11   50.00000   44.00000  12.0%  23.1 9664s
 2345199 388352 infeasible   56        50.00000   44.00000  12.0%  23.1 9678s
 2347764 388735 infeasible   42        50.00000   44.00000  12.0%  23.1 9692s
 2352077 388787 infeasible   60        50.00000   44.00000  12.0%  23.1 9713s
 2352635 389296   44.00000   56   11   50.00000   44.00000  12.0%  23.1 9726s
 2356060 389645     cutoff   50        50.00000   44.00000  12.0%  23.1 9739s
 2358749 389770   44.00000   47   17   50.00000   44.00000  12.0%  23.1 9760s
 2360115 390091   44.00000   48   16   50.00000   44.00000  12.0%  23.1 9774s
 2362369 390966   47.00000   56   13   50.00000   44.00000  12.0%  23.1 9786s
 2367977 390986   46.00000   50   13   50.00000   44.00000  12.0%  23.1 9810s
 2368049 393596   46.00000   51   13   50.00000   44.00000  12.0%  23.1 9833s
 2386067 393635 infeasible   53        50.00000   44.00000  12.0%  23.1 9846s
 2386404 393857   48.00000   51   11   50.00000   44.00000  12.0%  23.1 9851s
 2387956 393865   44.00000   48   10   50.00000   44.00000  12.0%  23.1 9868s
 2387992 394019   49.00000   49    8   50.00000   44.00000  12.0%  23.1 9873s
 2389041 394083 infeasible   50        50.00000   44.00000  12.0%  23.1 9883s
 2389697 394691 infeasible   42        50.00000   44.00000  12.0%  23.1 9894s
 2395178 395021 infeasible   50        50.00000   44.00000  12.0%  23.1 9903s
 2397159 395094   44.00000   51   17   50.00000   44.00000  12.0%  23.1 9914s
 2398237 395126   47.00000   52   22   50.00000   44.00000  12.0%  23.1 9933s
 2398353 395342   44.00000   51   28   50.00000   44.00000  12.0%  23.1 9944s
 2400286 395845   47.00000   53   21   50.00000   44.00000  12.0%  23.1 9956s
 2403393 395913 infeasible   51        50.00000   44.00000  12.0%  23.1 9970s
 2404393 396344   44.00000   33   11   50.00000   44.00000  12.0%  23.1 9981s
 2407790 396517   44.00000   52   17   50.00000   44.00000  12.0%  23.1 9998s
 2409149 397267   44.00000   50   20   50.00000   44.00000  12.0%  23.1 10007s
 2414071 397950   46.00000   60   10   50.00000   44.00000  12.0%  23.1 10018s
 2419215 397994   46.00000   61    9   50.00000   44.00000  12.0%  23.1 10036s
 2419438 398541   46.00000   62   11   50.00000   44.00000  12.0%  23.1 10045s
 2421797 399089   46.00000   73   12   50.00000   44.00000  12.0%  23.1 10055s
 2424892 399414   46.00000   74   10   50.00000   44.00000  12.0%  23.1 10067s
 2427204 399920   46.00000   75   11   50.00000   44.00000  12.0%  23.1 10078s
 2429981 400344   46.00000   76   15   50.00000   44.00000  12.0%  23.1 10088s
 2433198 400882   46.00000   73    9   50.00000   44.00000  12.0%  23.1 10099s
 2437462 400922   46.00000   74   13   50.00000   44.00000  12.0%  23.1 10118s
 2437923 403236   46.00000   42   29   50.00000   44.00000  12.0%  23.1 10134s
 2451937 403236   44.00000   46   24   50.00000   44.00000  12.0%  23.1 10135s
 2455941 403334 infeasible   45        50.00000   44.00000  12.0%  23.1 10146s
 2456584 403562   49.00000   44   12   50.00000   44.00000  12.0%  23.1 10154s
 2458085 403809   48.00000   53   11   50.00000   44.00000  12.0%  23.1 10163s
 2460095 404281   44.00000   45   10   50.00000   44.00000  12.0%  23.1 10171s
 2464449 404474   46.00000   50   12   50.00000   44.00000  12.0%  23.1 10187s
 2465669 404483     cutoff   51        50.00000   44.00000  12.0%  23.1 10206s
 2465837 405368   46.00000   52    9   50.00000   44.00000  12.0%  23.1 10215s
 2471760 405433   49.00000   49    9   50.00000   44.00000  12.0%  23.1 10228s
 2472301 405858     cutoff   50        50.00000   44.00000  12.0%  23.1 10236s
 2475395 405923 infeasible   56        50.00000   44.00000  12.0%  23.1 10248s
 2476769 406367 infeasible   57        50.00000   44.00000  12.0%  23.1 10259s
 2479819 406387   47.00000   49   16   50.00000   44.00000  12.0%  23.1 10277s
 2479878 406938 infeasible   50        50.00000   44.00000  12.0%  23.1 10284s
 2484345 407740   44.00000   42   19   50.00000   44.00000  12.0%  23.1 10294s
 2489105 407871   46.00000   43   21   50.00000   44.00000  12.0%  23.1 10309s
 2490148 408447 infeasible   44        50.00000   44.00000  12.0%  23.1 10319s
 2494536 408663   44.00000   44   18   50.00000   44.00000  12.0%  23.1 10331s
 2496231 409498   44.00000   45   18   50.00000   44.00000  12.0%  23.1 10337s
 2501102 409501   46.00000   60   12   50.00000   44.00000  12.0%  23.1 10357s
 2501149 410088 infeasible   61        50.00000   44.00000  12.0%  23.1 10365s
 2505125 410392   46.00000   48   23   50.00000   44.00000  12.0%  23.1 10375s
 2507344 411104 infeasible   49        50.00000   44.00000  12.0%  23.1 10386s
 2512799 411209     cutoff   53        50.00000   44.00000  12.0%  23.0 10400s
 2513574 411643     cutoff   46        50.00000   44.00000  12.0%  23.0 10408s
 2517118 411639   47.00000   67   15   50.00000   44.00000  12.0%  23.0 10427s
 2517167 412097     cutoff   68        50.00000   44.00000  12.0%  23.0 10433s
 2521683 412116 infeasible   54        50.00000   44.00000  12.0%  23.0 10448s
 2521840 412558   46.00000   53   14   50.00000   44.00000  12.0%  23.0 10455s
 2525378 412629 infeasible   56        50.00000   44.00000  12.0%  23.0 10467s
 2525879 412904   47.00000   47    8   50.00000   44.00000  12.0%  23.0 10473s
 2527279 412955 infeasible   64        50.00000   44.00000  12.0%  23.0 10488s
 2527911 413017 infeasible   41        50.00000   44.00000  12.0%  23.0 10500s
 2529280 413733   44.00000   43   17   50.00000   44.00000  12.0%  23.0 10506s
 2535258 413852   47.00000   50   10   50.00000   44.00000  12.0%  23.0 10516s
 2536141 413868   47.00000   51   11   50.00000   44.00000  12.0%  23.0 10533s
 2536182 414049   47.00000   52   10   50.00000   44.00000  12.0%  23.0 10539s
 2537503 414216   44.00000   46   15   50.00000   44.00000  12.0%  23.0 10551s
 2538673 414560 infeasible   49        50.00000   44.00000  12.0%  23.0 10562s
 2541319 414679 infeasible   58        50.00000   44.00000  12.0%  23.0 10573s
 2542319 415121   44.00000   62   12   50.00000   44.00000  12.0%  23.0 10583s
 2546139 415129   46.00000   38   19   50.00000   44.00000  12.0%  23.0 10602s
 2546169 415336   46.00000   39   19   50.00000   44.00000  12.0%  23.0 10612s
 2549073 415528   46.00000   54   12   50.00000   44.00000  12.0%  23.0 10623s
 2550474 415904   46.00000   54    7   50.00000   44.00000  12.0%  23.0 10633s
 2552848 416491 infeasible   52        50.00000   44.00000  12.0%  23.0 10645s
 2557518 416590   44.00000   46   22   50.00000   44.00000  12.0%  23.0 10659s
 2557994 416824   44.00000   47   22   50.00000   44.00000  12.0%  23.0 10672s
 2559429 417107   44.00000   54   29   50.00000   44.00000  12.0%  23.0 10686s
 2560833 417852   44.00000   53   11   50.00000   44.00000  12.0%  23.0 10698s
 2566046 418149   44.00000   53    8   50.00000   44.00000  12.0%  23.0 10709s
 2568418 418544   44.00000   54   12   50.00000   44.00000  12.0%  23.0 10718s
 2572163 418627   45.00000   61   17   50.00000   44.00000  12.0%  23.0 10734s
 2572710 418953 infeasible   62        50.00000   44.00000  12.0%  23.0 10747s
 2575272 419433   44.00000   36   23   50.00000   44.00000  12.0%  23.0 10761s
 2579093 419741   44.00000   44   16   50.00000   44.00000  12.0%  23.0 10772s
 2581153 419737   44.00000   45   17   50.00000   44.00000  12.0%  23.0 10796s
 2581493 419764   49.00000   51    5   50.00000   44.00000  12.0%  23.0 10800s

Explored 2582035 nodes (59389892 simplex iterations) in 10800.15 seconds (905.25 work units)
Thread count was 18 (of 36 available processors)

Solution count 10: 50 50 52 ... 64

Time limit reached
Best objective 4.999999999490e+01, best bound 4.400000000000e+01, gap 12.0000%
