
Gurobi 11.0.0 (win64) logging started Wed May  8 00:48:22 2024

Set parameter LogFile to value "./Results/StripPacking-CutHeurRuns/Logs/SBM-111-StripPacking-25.log"
Set parameter TimeLimit to value 10800
Set parameter Cuts to value 1
Set parameter Presolve to value 1
Set parameter Heuristics to value 1
Set parameter LPWarmStart to value 2
Gurobi Optimizer version 11.0.0 build v11.0.0rc2 (win64 - Windows 10.0 (19045.2))

CPU model: Intel(R) Core(TM) i9-10980XE CPU @ 3.00GHz, instruction set [SSE2|AVX|AVX2|AVX512]
Thread count: 18 physical cores, 36 logical processors, using up to 18 threads

Optimize a model with 5425 rows, 951 columns and 16250 nonzeros
Model fingerprint: 0x0996574c
Variable types: 351 continuous, 600 integer (600 binary)
Coefficient statistics:
  Matrix range     [1e+00, 1e+04]
  Objective range  [1e+00, 1e+00]
  Bounds range     [1e+00, 1e+04]
  RHS range        [1e+00, 1e+04]

Warning: Completing partial solution with 600 unfixed non-continuous variables out of 600
User MIP start produced solution with objective 102.2 (0.05s)
Loaded user MIP start with objective 102.2

Presolve removed 1500 rows and 0 columns
Presolve time: 0.03s
Presolved: 3925 rows, 951 columns, 12350 nonzeros
Variable types: 351 continuous, 600 integer (600 binary)

Root relaxation: objective 3.500000e+01, 493 iterations, 0.02 seconds (0.02 work units)

    Nodes    |    Current Node    |     Objective Bounds      |     Work
 Expl Unexpl |  Obj  Depth IntInf | Incumbent    BestBd   Gap | It/Node Time

     0     0   35.00000    0   85  102.20000   35.00000  65.8%     -    0s
     0     0   35.00000    0  171  102.20000   35.00000  65.8%     -    0s
H    0     0                      98.0000000   35.00000  64.3%     -    0s
     0     0   35.00000    0  152   98.00000   35.00000  64.3%     -    0s
     0     0   35.00000    0   97   98.00000   35.00000  64.3%     -    0s
     0     0   35.00000    0   98   98.00000   35.00000  64.3%     -    0s
     0     0   35.00000    0   82   98.00000   35.00000  64.3%     -    1s
     0     0   35.00000    0   89   98.00000   35.00000  64.3%     -    1s
H    0     0                      91.0000000   35.00000  61.5%     -    1s
     0     0   35.00000    0  101   91.00000   35.00000  61.5%     -    1s
     0     0   35.00000    0  123   91.00000   35.00000  61.5%     -    1s
     0     0   35.00000    0   85   91.00000   35.00000  61.5%     -    1s
     0     0   35.00000    0   83   91.00000   35.00000  61.5%     -    1s
     0     2   35.00000    0   79   91.00000   35.00000  61.5%     -    2s
H   39    50                      90.0000000   35.00000  61.1%   109    2s
   103   122   35.00000    9  123   90.00000   35.00000  61.1%  91.6    8s
   248   472   35.48900   15  116   90.00000   35.00000  61.1%  65.0   10s
H  347   472                      87.0000000   35.00000  59.8%  60.4   10s
   471   807   49.00000   26   71   87.00000   35.00000  59.8%  58.4   16s
H  548   807                      85.0000000   35.00000  58.8%  55.4   16s
H  641   807                      84.0000000   35.00000  58.3%  51.6   16s
   806   825   49.00000   45   80   84.00000   35.00000  58.3%  51.5   25s
   824  1036   49.00000   46   83   84.00000   35.00000  58.3%  51.4   39s
H  900  1036                      83.0000000   35.00000  57.8%  51.6   39s
   933  1036   35.00000   21  147   83.00000   35.00000  57.8%  51.4   40s
  1055  1994   49.00000   52   79   83.00000   35.00000  57.8%  49.3   48s
H 1183  1994                      83.0000000   35.00000  57.8%  47.3   48s
H 1286  1993                      81.0000000   35.00000  56.8%  45.5   48s
  2135  1992   64.00000   72   88   81.00000   35.00000  56.8%  41.1   67s
H 2155  1992                      81.0000000   35.00000  56.8%  41.0   67s
  2156  3352   64.00000   72   94   81.00000   35.00000  56.8%  41.0   73s
  3847  3367   47.00000   21   95   81.00000   35.00000  56.8%  32.0   97s
  3873  3371   49.00000   15  101   81.00000   35.00000  56.8%  32.1  100s
  3990  3468   35.00000   17  165   81.00000   35.00000  56.8%  42.1  110s
  4414  3745   62.00000   30   79   81.00000   35.00000  56.8%  47.0  123s
  4432  3757   62.00000   30   83   81.00000   35.00000  56.8%  47.1  135s
  4745  3956   62.00000   41   78   81.00000   35.00000  56.8%  47.4  157s
  4763  4016   62.00000   42   80   81.00000   35.00000  56.8%  47.6  167s
  4837  4353   62.00000   44   80   81.00000   35.00000  56.8%  47.6  170s
  5212  4246   62.00000   56   71   81.00000   35.00000  56.8%  47.2  180s
  5230  4267   62.00000   56   70   81.00000   35.00000  56.8%  47.3  192s
  5257  4275   62.00000   57   70   81.00000   35.00000  56.8%  47.4  201s
  5644  4509   69.00000   65   66   81.00000   35.00000  56.8%  46.8  213s
  5664  4515   67.00000   66   67   81.00000   35.00000  56.8%  46.8  224s
  5687  4556   67.00000   66   67   81.00000   35.00000  56.8%  46.8  234s
  5741  4881   74.00000   68   66   81.00000   35.00000  56.8%  46.7  240s
  6106  4958   80.00000   79   42   81.00000   35.00000  56.8%  46.1  250s
  6338  4897   76.00000   83   53   81.00000   35.00000  56.8%  46.2  263s
  6358  4902 infeasible   84        81.00000   35.00000  56.8%  46.1  272s
  6382  5255   35.77194   16  133   81.00000   35.00000  56.8%  46.1  275s
  6871  5108   62.00000   59   66   81.00000   35.00000  56.8%  45.6  299s
  6891  5366   72.00000   60   60   81.00000   35.00000  56.8%  45.7  311s
  7363  5273   72.00000   86   59   81.00000   35.00000  56.8%  45.8  323s
  7445  5632   75.00000   89   57   81.00000   35.00000  56.8%  45.7  335s
  7914  5484   78.00000  116   54   81.00000   35.00000  56.8%  45.4  353s
  7941  6243   78.00000  117   55   81.00000   35.00000  56.8%  45.5  362s
  8995  5907   47.00000   32   90   81.00000   35.00000  56.8%  45.7  390s
  9016  6778   47.00000   33   90   81.00000   35.00000  56.8%  45.7  400s
 10291  6366   72.00000   49   94   81.00000   35.00000  56.8%  45.0  430s
 10314  6868   72.00000   50   91   81.00000   35.00000  56.8%  45.0  436s
 11047  6636   79.00000   95   46   81.00000   35.00000  56.8%  44.6  466s
 11071  7556 infeasible   96        81.00000   35.00000  56.8%  44.7  475s
 12304  7158 infeasible   73        81.00000   35.00000  56.8%  44.5  509s
 12327  8000   79.00000   74   55   81.00000   35.00000  56.8%  44.5  519s
 13520  7616   80.00000   65   66   81.00000   35.00000  56.8%  45.0  558s
 13542  8101   80.00000   66   59   81.00000   35.00000  56.8%  45.1  564s
 14222  7957   47.00000   22   94   81.00000   35.00000  56.8%  45.1  577s
 14240  7974   53.00000   23   88   81.00000   35.00000  56.8%  45.2  604s
 14259  9058   48.00000   22   92   81.00000   35.00000  56.8%  45.2  618s
 15556  9075   47.00000   29   99   81.00000   35.00000  56.8%  46.0  650s
 15575  9375   47.00000   31   95   81.00000   35.00000  56.8%  46.0  667s
H15810  8806                      80.0000000   35.00000  56.3%  46.2  667s
 15969  8806   54.00000   45   86   80.00000   35.00000  56.3%  46.4  690s
 15997  9065   54.00000   46   85   80.00000   35.00000  56.3%  46.5  704s
H16040  9065                      80.0000000   35.00000  56.2%  46.5  704s
 16310  9075   55.00000   56   76   80.00000   35.00000  56.2%  46.8  745s
 16330  9417   55.00000   56   75   80.00000   35.00000  56.2%  46.8  765s
 16745  9423   68.00000   68   54   80.00000   35.00000  56.2%  46.7  789s
 16775  9713   68.00000   68   52   80.00000   35.00000  56.2%  46.7  811s
 17197  9730   68.00000   79   44   80.00000   35.00000  56.2%  46.5  842s
 17216  9823   68.00000   80   47   80.00000   35.00000  56.2%  46.5  865s
 17343  9864   75.00000   85   35   80.00000   35.00000  56.2%  46.5  877s
 17418 10200   75.00000   46   58   80.00000   35.00000  56.2%  46.5  894s
 17906 10215   37.00000   27  129   80.00000   35.00000  56.2%  46.4  924s
 17927 11482   37.00000   28  132   80.00000   35.00000  56.2%  46.4  952s
 19704 11496   77.00000   47   57   80.00000   35.00000  56.2%  46.6  976s
 19726 11530     cutoff   48        80.00000   35.00000  56.2%  46.6  987s
 19768 12942   77.00000   49   56   80.00000   35.00000  56.2%  46.7 1015s
 21614 12956     cutoff   62        80.00000   35.00000  56.2%  46.8 1035s
 21636 13925   73.00000   63   56   80.00000   35.00000  56.2%  46.9 1055s
 23078 16846 infeasible   66        80.00000   35.00000  56.2%  46.9 1107s
 26924 17474   36.07306   21  123   80.00000   35.00000  56.2%  47.3 1120s
 27860 17490   36.07306   21  127   80.00000   35.00000  56.2%  47.2 1146s
 27880 19538   36.07306   22  124   80.00000   35.00000  56.2%  47.2 1172s
 30396 19556   39.00000   27  137   80.00000   35.00000  56.2%  47.6 1193s
 30414 20788   35.66856   27  166   80.00000   35.00000  56.2%  47.6 1255s
 31927 20801   78.00000   69   55   80.00000   35.00000  56.2%  47.7 1280s
 31951 21845   69.00000   69   72   80.00000   35.00000  56.2%  47.7 1358s
H32412 20440                      79.0000000   35.00000  55.7%  47.7 1358s
 33153 20438   35.56048   19  156   79.00000   35.00000  55.7%  47.6 1391s
H33172 20438                      79.0000000   35.00000  55.7%  47.6 1391s
 33175 21566   35.56048   20  157   79.00000   35.00000  55.7%  47.6 1487s
H33818 20414                      78.0000000   35.00000  55.1%  47.5 1487s
 34744 20395   49.00000   45   84   78.00000   35.00000  55.1%  47.5 1517s
 34992 24868   49.00000   46   84   78.00000   35.00000  55.1%  47.7 1580s
 41078 24877     cutoff   72        78.00000   35.00000  55.1%  48.0 1609s
H41100 24877                      78.0000000   35.00000  55.1%  48.0 1609s
 41103 26208     cutoff   73        78.00000   35.00000  55.1%  48.0 1640s
 43184 26221   35.28146   20  176   78.00000   35.00000  55.1%  48.5 1663s
 43207 27440   35.28146   21  181   78.00000   35.00000  55.1%  48.6 1679s
 45001 37908   77.00000   76   47   78.00000   35.00000  55.1%  48.7 1879s
 52418 37908   35.15393   18  171   78.00000   35.00000  55.1%  49.2 1881s
 60393 38300   35.14772   18  158   78.00000   35.00000  55.1%  49.7 1897s
 61027 38332   35.14772   19  154   78.00000   35.00000  55.1%  49.7 1909s
 61062 38804   35.14772   20  157   78.00000   35.00000  55.1%  49.7 1936s
 61780 38822   51.00000   39   88   78.00000   35.00000  55.1%  49.7 1953s
 61804 40130   51.00000   41   84   78.00000   35.00000  55.1%  49.7 1983s
 63802 40148   75.00000   85   49   78.00000   35.00000  55.1%  49.9 2004s
 63820 41251     cutoff   86        78.00000   35.00000  55.1%  49.9 2064s
 65336 41454 infeasible   59        78.00000   35.00000  55.1%  49.9 2081s
 65630 43510 infeasible   60        78.00000   35.00000  55.1%  50.0 2109s
 68669 48781   38.00000   27  108   78.00000   35.00000  55.1%  49.8 2209s
 72068 48781   35.74937   27  162   78.00000   35.00000  55.1%  50.0 2210s
 76276 50618   63.00000   49   84   78.00000   35.00000  55.1%  50.1 2236s
 79073 50978   66.00000   67   62   78.00000   35.00000  55.1%  50.2 2275s
 79593 52622 infeasible   83        78.00000   35.00000  55.1%  50.2 2298s
 82103 52648   35.00000   24  185   78.00000   35.00000  55.1%  50.4 2329s
 82148 53909   35.07721   25  208   78.00000   35.00000  55.1%  50.4 2364s
 83945 54382   72.00000   76   61   78.00000   35.00000  55.1%  50.4 2385s
 84779 56272   72.00000   66   67   78.00000   35.00000  55.1%  50.4 2420s
 87548 58100   50.00000   36  104   78.00000   35.00000  55.1%  50.6 2469s
 90278 59348 infeasible   92        78.00000   35.00000  55.1%  50.7 2495s
 92184 65480   35.00000   27  143   78.00000   35.00000  55.1%  50.9 2621s
 101260 65504   35.00000   28  153   78.00000   35.00000  55.1%  51.2 2644s
 101300 65535   35.00000   29  163   78.00000   35.00000  55.1%  51.2 2667s
 101339 67541   35.00000   31  160   78.00000   35.00000  55.1%  51.2 2700s
 104251 67559   75.00000   69   65   78.00000   35.00000  55.1%  51.4 2725s
 104269 70236   75.00000   70   68   78.00000   35.00000  55.1%  51.4 2766s
 108350 70241 infeasible   77        78.00000   35.00000  55.1%  51.4 2783s
 108381 71590   35.00000   24  172   78.00000   35.00000  55.1%  51.4 2806s
 110445 71605 infeasible   58        78.00000   35.00000  55.1%  51.5 2830s
 110468 74426 infeasible   59        78.00000   35.00000  55.1%  51.5 2871s
 114761 77967   35.00000   26  171   78.00000   35.00000  55.1%  51.5 2958s
 120281 79246   35.00000   27  169   78.00000   35.00000  55.1%  51.6 2989s
 122146 79266   35.00000   28  169   78.00000   35.00000  55.1%  51.9 3035s
 122166 84217   35.42016   29  175   78.00000   35.00000  55.1%  51.9 3109s
 129218 84237   44.00000   48   95   78.00000   35.00000  55.1%  52.0 3149s
 129250 87450   44.00000   48   96   78.00000   35.00000  55.1%  52.0 3201s
 134037 87465   35.39224   37  159   78.00000   35.00000  55.1%  52.0 3239s
 134058 89432   35.50000   38  156   78.00000   35.00000  55.1%  52.0 3273s
 136850 89436   36.17252   30  124   78.00000   35.00000  55.1%  52.0 3335s
 136888 101347   36.17252   30  125   78.00000   35.00000  55.1%  52.0 3567s
 154906 101360   74.00000   42   64   78.00000   35.00000  55.1%  52.0 3616s
 154928 102483   74.00000   43   62   78.00000   35.00000  55.1%  52.0 3648s
 156714 102496 infeasible   78        78.00000   35.00000  55.1%  52.0 3680s
 156737 103784 infeasible   79        78.00000   35.00000  55.1%  52.0 3711s
 158668 106764   44.00000   45  116   78.00000   35.00000  55.1%  52.0 3791s
 163012 113759   35.25254   47  168   78.00000   35.00000  55.1%  52.0 3927s
 173860 113775   76.00000   68   37   78.00000   35.00000  55.1%  51.7 3995s
 173880 114994   76.00000   69   34   78.00000   35.00000  55.1%  51.7 4025s
 175778 115008   61.00000   61   89   78.00000   35.00000  55.1%  51.6 4047s
 175800 116179   61.00000   62   86   78.00000   35.00000  55.1%  51.6 4081s
 177702 116195   61.00000   40   87   78.00000   35.00000  55.1%  51.6 4107s
 177722 118149     cutoff   41        78.00000   35.00000  55.1%  51.6 4155s
 180690 118177   35.00000   34  177   78.00000   35.00000  55.1%  51.6 4207s
 180736 129795   35.00000   35  175   78.00000   35.00000  55.1%  51.6 4475s
 198754 129812   77.00000   56   39   78.00000   35.00000  55.1%  51.7 4530s
 198773 131040   77.00000   57   39   78.00000   35.00000  55.1%  51.7 4568s
 200540 131054   70.00000   71   63   78.00000   35.00000  55.1%  51.7 4601s
 200562 131968   70.00000   72   62   78.00000   35.00000  55.1%  51.7 4629s
 202064 131985   64.00000   40   73   78.00000   35.00000  55.1%  51.7 4659s
 202083 133714   64.00000   41   76   78.00000   35.00000  55.1%  51.7 4702s
 204575 133808   72.00000   53   75   78.00000   35.00000  55.1%  51.8 4750s
 204719 145544   72.00000   55   73   78.00000   35.00000  55.1%  51.8 5009s
 206721 145544   35.36262   51  171   78.00000   35.00000  55.1%  51.7 5010s
 222737 145556   54.00000   51   86   78.00000   35.00000  55.1%  51.6 5060s
 222761 146701   54.00000   52   86   78.00000   35.00000  55.1%  51.6 5095s
 224584 146717 infeasible   83        78.00000   35.00000  55.1%  51.5 5118s
 224604 147649   77.00000   84   23   78.00000   35.00000  55.1%  51.5 5147s
 226071 147664   62.00000   43   85   78.00000   35.00000  55.1%  51.5 5171s
 226092 148743   62.00000   44   86   78.00000   35.00000  55.1%  51.5 5200s
 227938 148765   62.00000   36   87   78.00000   35.00000  55.1%  51.5 5251s
 227982 160486   62.00000   37   86   78.00000   35.00000  55.1%  51.5 5525s
 246000 160501   75.00000   77   42   78.00000   35.00000  55.1%  51.4 5577s
 246021 161705   75.00000   78   41   78.00000   35.00000  55.1%  51.4 5621s
 247841 161718   73.00000   73   66   78.00000   35.00000  55.1%  51.4 5653s
 247864 162914   73.00000   74   62   78.00000   35.00000  55.1%  51.4 5687s
 249725 162932   62.00000   42   70   78.00000   35.00000  55.1%  51.5 5748s
 249771 174817   62.00000   43   83   78.00000   35.00000  55.1%  51.5 6020s
 267789 174829   74.00000   58   68   78.00000   35.00000  55.1%  51.2 6078s
 267813 176276   74.00000   59   67   78.00000   35.00000  55.1%  51.2 6118s
 269727 176292   57.00000   71   72   78.00000   35.00000  55.1%  51.2 6150s
 269746 177414   57.00000   72   69   78.00000   35.00000  55.1%  51.2 6195s
 271718 179284   35.26431   36  138   78.00000   35.00000  55.1%  51.2 6282s
 274590 187128   35.27090   37  137   78.00000   35.00000  55.1%  51.2 6464s
 286859 187143   62.00000   55   77   78.00000   35.00000  55.1%  51.0 6541s
 286880 188601   62.00000   56   76   78.00000   35.00000  55.1%  51.1 6589s
 289097 188618   43.00000   41   97   78.00000   35.00000  55.1%  51.0 6648s
 289116 189649   44.00000   42   89   78.00000   35.00000  55.1%  51.0 6720s
 290810 189665   47.00000   37   88   78.00000   35.00000  55.1%  51.0 6769s
 290830 190952   49.00000   38   89   78.00000   35.00000  55.1%  51.0 6818s
 292786 190964   47.00000   32   97   78.00000   35.00000  55.1%  51.0 6878s
 292810 192423   47.00000   33   91   78.00000   35.00000  55.1%  51.0 6932s
 295074 193803   76.00000   66   37   78.00000   35.00000  55.1%  51.0 7035s
 297487 205098   77.00000   58   50   78.00000   35.00000  55.1%  51.0 7327s
 315241 205112   53.00000   49   88   78.00000   35.00000  55.1%  50.8 7421s
 315263 206269   53.00000   50   91   78.00000   35.00000  55.1%  50.8 7467s
 317084 207816   76.00000   52   43   78.00000   35.00000  55.1%  50.9 7566s
 319545 210158 infeasible   82        78.00000   35.00000  55.1%  50.8 7737s
 323327 210762   36.05858   37  178   78.00000   35.00000  55.1%  50.8 7820s
 324276 218000   48.00000   38  137   78.00000   35.00000  55.1%  50.8 8006s
 335253 218017   35.00000   28  165   78.00000   35.00000  55.1%  50.7 8076s
 335272 219235   35.00000   29  163   78.00000   35.00000  55.1%  50.7 8179s
 337093 219535   44.00000   31  107   78.00000   35.00000  55.1%  50.7 8239s
 337555 222347   63.00000   32   95   78.00000   35.00000  55.1%  50.7 8314s
 339377 222347   77.00000   55   60   78.00000   35.00000  55.1%  50.7 8315s
 341675 222363   76.00000   76   46   78.00000   35.00000  55.1%  50.7 8405s
 341697 234015 infeasible   78        78.00000   35.00000  55.1%  50.7 8708s
 346702 234015 infeasible   54        78.00000   35.00000  55.1%  50.7 8710s
 359715 234031   35.16903   41  209   78.00000   35.00000  55.1%  50.5 8783s
 359735 235233   50.00000   42  156   78.00000   35.00000  55.1%  50.5 8829s
 361630 235238   77.00000   61   45   78.00000   35.00000  55.1%  50.5 8925s
 361661 236210     cutoff   62        78.00000   35.00000  55.1%  50.5 8960s
 362922 236224   69.00000   68   79   78.00000   35.00000  55.1%  50.6 9017s
 362944 237438   69.00000   69   77   78.00000   35.00000  55.1%  50.6 9062s
 364986 238068   64.00000   43   79   78.00000   35.00000  55.1%  50.5 9149s
 366081 250216   67.00000   62   84   78.00000   35.00000  55.1%  50.5 9439s
 369084 250216   35.09481   28  171   78.00000   35.00000  55.1%  50.5 9440s
 384099 250232   62.00000   35   88   78.00000   35.00000  55.1%  50.5 9544s
 384119 251426   62.00000   36   87   78.00000   35.00000  55.1%  50.5 9603s
 385924 251441   63.00000   58   68   78.00000   35.00000  55.1%  50.5 9671s
 385945 252310   71.00000   59   62   78.00000   35.00000  55.1%  50.5 9734s
 387076 253222   74.00000   56   66   78.00000   35.00000  55.1%  50.4 9834s
 388415 264461 infeasible   57        78.00000   35.00000  55.1%  50.5 10096s
 406433 264477   77.00000   67   34   78.00000   35.00000  55.1%  50.4 10203s
 406453 265924   77.00000   68   35   78.00000   35.00000  55.1%  50.4 10247s
 408273 265940   64.00000   70   57   78.00000   35.00000  55.1%  50.4 10311s
 408293 267068   64.00000   70   53   78.00000   35.00000  55.1%  50.3 10355s
 409861 267088   75.00000   60   49   78.00000   35.00000  55.1%  50.3 10452s
 409893 279263   75.00000   61   44   78.00000   35.00000  55.1%  50.3 10727s
 416900 279263     cutoff   60        78.00000   35.00000  55.1%  50.3 10730s
 427911 279273   72.00000   55   47   78.00000   35.00000  55.1%  50.2 10800s

Cutting planes:
  Gomory: 41
  Cover: 25
  MIR: 672
  Flow cover: 2004
  RLT: 253

Explored 427937 nodes (21510988 simplex iterations) in 10800.62 seconds (1628.97 work units)
Thread count was 18 (of 36 available processors)

Solution count 10: 78 78 79 ... 83

Time limit reached
Best objective 7.799999999210e+01, best bound 3.500000000000e+01, gap 55.1282%
