
Gurobi 11.0.0 (win64) logging started Wed May  8 12:48:53 2024

Set parameter LogFile to value "./Results/StripPacking-CutHeurRuns/Logs/SBM-110-StripPacking-25.log"
Set parameter TimeLimit to value 10800
Set parameter Cuts to value 1
Set parameter Presolve to value 1
Set parameter Heuristics to value 0
Set parameter LPWarmStart to value 2
Gurobi Optimizer version 11.0.0 build v11.0.0rc2 (win64 - Windows 10.0 (19045.2))

CPU model: Intel(R) Core(TM) i9-10980XE CPU @ 3.00GHz, instruction set [SSE2|AVX|AVX2|AVX512]
Thread count: 18 physical cores, 36 logical processors, using up to 18 threads

Optimize a model with 5425 rows, 951 columns and 16250 nonzeros
Model fingerprint: 0x0996574c
Variable types: 351 continuous, 600 integer (600 binary)
Coefficient statistics:
  Matrix range     [1e+00, 1e+04]
  Objective range  [1e+00, 1e+00]
  Bounds range     [1e+00, 1e+04]
  RHS range        [1e+00, 1e+04]

Warning: Completing partial solution with 600 unfixed non-continuous variables out of 600
User MIP start produced solution with objective 102.2 (0.07s)
Loaded user MIP start with objective 102.2

Presolve removed 1500 rows and 0 columns
Presolve time: 0.03s
Presolved: 3925 rows, 951 columns, 12350 nonzeros
Variable types: 351 continuous, 600 integer (600 binary)

Root relaxation: objective 3.500000e+01, 493 iterations, 0.02 seconds (0.02 work units)

    Nodes    |    Current Node    |     Objective Bounds      |     Work
 Expl Unexpl |  Obj  Depth IntInf | Incumbent    BestBd   Gap | It/Node Time

     0     0   35.00000    0   85  102.20000   35.00000  65.8%     -    0s
     0     0   35.00000    0  171  102.20000   35.00000  65.8%     -    0s
     0     0   35.00000    0  152  102.20000   35.00000  65.8%     -    0s
     0     0   35.00000    0   84  102.20000   35.00000  65.8%     -    1s
     0     0   35.00000    0   74  102.20000   35.00000  65.8%     -    1s
     0     0   35.00000    0   96  102.20000   35.00000  65.8%     -    1s
     0     0   35.00000    0   99  102.20000   35.00000  65.8%     -    1s
     0     0   35.00000    0  109  102.20000   35.00000  65.8%     -    2s
     0     0   35.00000    0  116  102.20000   35.00000  65.8%     -    2s
     0     0   35.00000    0  103  102.20000   35.00000  65.8%     -    2s
     0     0   35.00000    0   92  102.20000   35.00000  65.8%     -    2s
     0     2   35.00000    0   92  102.20000   35.00000  65.8%     -    2s
  1331  2036   59.00000   67   62  102.20000   35.00000  65.8%  53.2    5s
  6011  5215   52.00000   52   92  102.20000   35.00000  65.8%  27.3   10s
  7273  6409   69.00000   51   75  102.20000   35.00000  65.8%  38.9   15s
* 7611  6018             117     100.0000000   35.00000  65.0%  38.7   15s
* 7666  5749             139      98.0000000   35.00000  64.3%  38.7   15s
  9456  7095   78.00000  111   42   98.00000   35.00000  64.3%  37.6   20s
* 9676  6697             155      97.0000000   35.00000  63.9%  37.5   20s
*10908  7135             162      96.0000000   35.00000  63.5%  36.4   23s
*11235  6724             116      95.0000000   35.00000  63.2%  36.0   23s
*11621  6221             165      93.0000000   35.00000  62.4%  35.6   24s
 11893  6408   35.00000   21  157   93.00000   35.00000  62.4%  36.0   25s
*12168  5976             129      92.0000000   35.00000  62.0%  36.2   26s
*13052  6293             112      91.0000000   35.00000  61.5%  36.1   29s
 13462  6375   90.00000   90   37   91.00000   35.00000  61.5%  35.7   31s
 14694  7114   70.00000   57   60   91.00000   35.00000  61.5%  35.6   36s
*15090  6460             138      90.0000000   35.00000  61.1%  35.5   36s
 16074  7043   59.00000   45  109   90.00000   35.00000  61.1%  35.3   40s
*16141  6701             101      89.0000000   35.00000  60.7%  35.3   40s
*17050  6886             124      88.0000000   35.00000  60.2%  35.6   42s
*17611  6407             102      86.0000000   35.00000  59.3%  35.5   44s
 18008  6843 infeasible   97        86.00000   35.00000  59.3%  35.7   46s
 19289  8039   84.00000   82   32   86.00000   35.00000  59.3%  36.3   51s
 20120  8644   85.00000   58   63   86.00000   35.00000  59.3%  36.2   55s
 21805  9950   83.00000   81   31   86.00000   35.00000  59.3%  36.4   63s
 22832 10624   80.00000   60   39   86.00000   35.00000  59.3%  36.4   67s
 23769 11317   35.00000   24  178   86.00000   35.00000  59.3%  36.6   71s
 24759 12168   84.00000   79   57   86.00000   35.00000  59.3%  36.9   75s
 26970 13830   78.00000   93   49   86.00000   35.00000  59.3%  37.0   85s
 28194 14795   49.00000   46  124   86.00000   35.00000  59.3%  37.1   91s
*28899 13498             106      85.0000000   35.00000  58.8%  37.2   91s
 29457 14271   35.35715   23  175   85.00000   35.00000  58.8%  37.3   95s
 30574 15350   77.00000   40   98   85.00000   35.00000  58.8%  37.7  102s
 31991 16211 infeasible   71        85.00000   35.00000  58.8%  37.5  108s
 33407 17209   70.00000   53   74   85.00000   35.00000  58.8%  37.6  113s
 34820 18191   77.00000   54   49   85.00000   35.00000  58.8%  37.8  121s
 36455 19417   82.00000   72   37   85.00000   35.00000  58.8%  37.8  130s
*37573 17638             120      84.0000000   35.00000  58.3%  37.8  130s
 38174 18792   65.00000   34   73   84.00000   35.00000  58.3%  37.9  138s
 39887 19894   67.00000   50   58   84.00000   35.00000  58.3%  38.1  145s
 41370 21459   69.00000   42   61   84.00000   35.00000  58.3%  38.6  154s
 43308 22889   54.00000   34   81   84.00000   35.00000  58.3%  38.6  162s
 45231 24389   35.28249   34  168   84.00000   35.00000  58.3%  38.9  171s
 47244 25973   83.00000   91   41   84.00000   35.00000  58.3%  39.0  179s
 49479 27628   47.00000   29  107   84.00000   35.00000  58.3%  39.2  191s
 51979 29355 infeasible   96        84.00000   35.00000  58.3%  39.2  203s
 54201 31363   65.00000   67   65   84.00000   35.00000  58.3%  39.5  216s
 57098 33241   82.00000   69   63   84.00000   35.00000  58.3%  39.3  230s
 59685 34935 infeasible   95        84.00000   35.00000  58.3%  39.3  240s
 62211 36780   82.00000   52   59   84.00000   35.00000  58.3%  39.4  255s
 64788 38563   80.00000   75   56   84.00000   35.00000  58.3%  39.5  267s
 67325 40302 infeasible  112        84.00000   35.00000  58.3%  39.6  282s
 69860 42358   83.00000   66   67   84.00000   35.00000  58.3%  39.7  295s
 72778 44384     cutoff  105        84.00000   35.00000  58.3%  39.7  308s
 75520 46370   82.00000   53   74   84.00000   35.00000  58.3%  39.7  321s
 78275 48008   62.00000   28  101   84.00000   35.00000  58.3%  39.6  336s
 80638 49905   82.00000   71   52   84.00000   35.00000  58.3%  39.7  352s
 83453 51947   62.00000   39   80   84.00000   35.00000  58.3%  39.6  367s
 86367 53717   62.00000   36   85   84.00000   35.00000  58.3%  39.6  381s
 88917 55448   83.00000   93   22   84.00000   35.00000  58.3%  39.7  397s
 91813 57192   66.00000   48   74   84.00000   35.00000  58.3%  39.6  409s
 94071 59532   61.00000   49   64   84.00000   35.00000  58.3%  39.9  426s
 97409 61471   38.00000   36  126   84.00000   35.00000  58.3%  39.8  443s
 100188 63395   47.00000   34   69   84.00000   35.00000  58.3%  39.8  459s
 102942 65287   43.00000   34  116   84.00000   35.00000  58.3%  39.9  475s
 105652 67335   78.00000   58   46   84.00000   35.00000  58.3%  39.9  491s
 108536 69154   72.00000   50   88   84.00000   35.00000  58.3%  39.9  509s
 111221 71196   36.04629   37  172   84.00000   35.00000  58.3%  39.9  524s
*111394 62688             104      83.0000000   35.00000  57.8%  39.9  524s
 114162 64000     cutoff   76        83.00000   35.00000  57.8%  39.8  540s
 116625 66138   82.00000   99    6   83.00000   35.00000  57.8%  39.9  559s
 119667 68152   62.00000   42   71   83.00000   35.00000  57.8%  39.9  572s
 122176 70143   74.00000   54   61   83.00000   35.00000  57.8%  40.0  588s
 124939 71994   82.00000   81   33   83.00000   35.00000  57.8%  39.9  604s
 127633 73857 infeasible  112        83.00000   35.00000  57.8%  40.0  622s
 130370 75899   81.00000   74   64   83.00000   35.00000  57.8%  40.0  638s
 133217 77668   37.00000   32  120   83.00000   35.00000  57.8%  40.0  653s
 135796 79444   64.00000  103   77   83.00000   35.00000  57.8%  40.1  669s
 138417 81274   35.00000   31  181   83.00000   35.00000  57.8%  40.1  684s
 140800 83164   80.00000  121   31   83.00000   35.00000  57.8%  40.2  699s
 143631 85055   35.00000   32  157   83.00000   35.00000  57.8%  40.3  714s
 146163 86931   64.00000   52   61   83.00000   35.00000  57.8%  40.4  733s
 148995 88944   66.00000   41   79   83.00000   35.00000  57.8%  40.4  750s
 151852 90826   36.00000   35  139   83.00000   35.00000  57.8%  40.4  769s
 154584 92656   82.00000   88   19   83.00000   35.00000  57.8%  40.4  784s
 157510 94623 infeasible   54        83.00000   35.00000  57.8%  40.4  804s
 159756 94623   36.12941   30  163   83.00000   35.00000  57.8%  40.4  805s
 160388 96442     cutoff   63        83.00000   35.00000  57.8%  40.4  819s
 162947 98440   78.00000   80   38   83.00000   35.00000  57.8%  40.4  837s
 165772 100251   76.00000   79   43   83.00000   35.00000  57.8%  40.4  852s
 168459 102089   80.00000  107   25   83.00000   35.00000  57.8%  40.5  871s
 171159 103857   77.00000   85   45   83.00000   35.00000  57.8%  40.5  886s
 173889 105597   58.00000   52   89   83.00000   35.00000  57.8%  40.5  904s
 176561 107586   64.00000   45   78   83.00000   35.00000  57.8%  40.5  918s
 179215 109466   38.00000   34  135   83.00000   35.00000  57.8%  40.6  937s
 181779 111514   78.00000   52   61   83.00000   35.00000  57.8%  40.6  952s
*183899 86928             127      81.0000000   35.00000  56.8%  40.6  952s
 184737 88139 infeasible   80        81.00000   35.00000  56.8%  40.5  970s
 187077 90031   75.00000   58   60   81.00000   35.00000  56.8%  40.6  986s
 190020 91804   79.00000  101   33   81.00000   35.00000  56.8%  40.7 1005s
 192619 93701   69.00000   40   77   81.00000   35.00000  56.8%  40.8 1021s
 195215 95401   79.00000   94   48   81.00000   35.00000  56.8%  40.8 1037s
 197806 97419   52.00000   37   85   81.00000   35.00000  56.8%  40.9 1058s
 200718 99153   80.00000   85   44   81.00000   35.00000  56.8%  40.9 1075s
 203529 100786   35.00000   24  168   81.00000   35.00000  56.8%  41.0 1095s
 206137 102736   62.00000   32   91   81.00000   35.00000  56.8%  41.0 1111s
 209049 104272   35.90500   27  152   81.00000   35.00000  56.8%  41.1 1130s
 211599 106152   49.00000   36  108   81.00000   35.00000  56.8%  41.1 1146s
 214321 108005   35.15321   34  168   81.00000   35.00000  56.8%  41.1 1164s
 216939 110034   56.00000   34   73   81.00000   35.00000  56.8%  41.1 1183s
 219808 111657   35.57846   40  154   81.00000   35.00000  56.8%  41.1 1199s
 222349 113589   37.00000   35  129   81.00000   35.00000  56.8%  41.1 1216s
 224989 115453   35.69103   29  137   81.00000   35.00000  56.8%  41.2 1227s
 227456 117397 infeasible   58        81.00000   35.00000  56.8%  41.3 1244s
 230398 119148   67.00000   39   75   81.00000   35.00000  56.8%  41.2 1261s
 232814 120817   79.00000  102   30   81.00000   35.00000  56.8%  41.3 1279s
 235275 122555   77.00000   78   28   81.00000   35.00000  56.8%  41.3 1296s
 237930 124439   43.00000   35  100   81.00000   35.00000  56.8%  41.4 1315s
 240697 126164   55.00000   42  110   81.00000   35.00000  56.8%  41.4 1332s
 243441 128022   64.00000   46   74   81.00000   35.00000  56.8%  41.5 1352s
 246139 129877   47.00000   29   98   81.00000   35.00000  56.8%  41.5 1371s
 249015 131822   35.18524   34  178   81.00000   35.00000  56.8%  41.5 1390s
 251776 133665   80.00000   80   31   81.00000   35.00000  56.8%  41.5 1408s
 254593 135246   80.00000   71   64   81.00000   35.00000  56.8%  41.5 1426s
 257110 137192   39.00000   39  134   81.00000   35.00000  56.8%  41.6 1443s
 259784 138986   67.00000   47   66   81.00000   35.00000  56.8%  41.6 1464s
 262538 140716 infeasible   53        81.00000   35.00000  56.8%  41.6 1480s
 265160 142570 infeasible   66        81.00000   35.00000  56.8%  41.7 1500s
 267767 144334   79.00000  105   49   81.00000   35.00000  56.8%  41.7 1515s
 270410 146504   57.00000   66   84   81.00000   35.00000  56.8%  41.8 1536s
 273269 148239   35.25234   27  192   81.00000   35.00000  56.8%  41.8 1551s
 276021 150032   36.14384   38  167   81.00000   35.00000  56.8%  41.8 1572s
 278717 151813   77.00000   50   78   81.00000   35.00000  56.8%  41.8 1588s
 281461 153433   80.00000   61   53   81.00000   35.00000  56.8%  41.8 1604s
 282772 153433   78.00000   61   68   81.00000   35.00000  56.8%  41.8 1605s
 283584 155246   80.00000   66   44   81.00000   35.00000  56.8%  41.9 1620s
 286351 157055   79.00000   62   56   81.00000   35.00000  56.8%  41.9 1642s
 289168 158772 infeasible   93        81.00000   35.00000  56.8%  41.9 1659s
 291691 160530   58.00000   42  107   81.00000   35.00000  56.8%  42.0 1678s
 294299 162259   35.00000   27  133   81.00000   35.00000  56.8%  42.0 1699s
 296701 164130   74.00000   57   85   81.00000   35.00000  56.8%  42.0 1717s
 299582 165977   43.00000   35  119   81.00000   35.00000  56.8%  42.1 1738s
 302353 167735   46.00000   41  134   81.00000   35.00000  56.8%  42.1 1754s
 304931 169508   80.00000   44   68   81.00000   35.00000  56.8%  42.1 1775s
 307630 171477   73.00000   51   66   81.00000   35.00000  56.8%  42.1 1791s
 310381 173418   74.00000   53   51   81.00000   35.00000  56.8%  42.1 1811s
 313111 175073 infeasible   74        81.00000   35.00000  56.8%  42.1 1829s
 315698 176848   35.00000   25  136   81.00000   35.00000  56.8%  42.1 1850s
 318339 178610   35.65751   30  177   81.00000   35.00000  56.8%  42.1 1871s
 320938 180439   62.00000   40  122   81.00000   35.00000  56.8%  42.2 1888s
 323706 182304   35.00000   26  162   81.00000   35.00000  56.8%  42.2 1910s
 326422 184130   35.49315   29  154   81.00000   35.00000  56.8%  42.2 1927s
 329034 185765   75.00000   39   66   81.00000   35.00000  56.8%  42.2 1947s
 331601 187614   77.00000   51   86   81.00000   35.00000  56.8%  42.2 1966s
 334260 189402   78.00000   63   41   81.00000   35.00000  56.8%  42.2 1986s
 336916 191225   55.00000   44  101   81.00000   35.00000  56.8%  42.2 2006s
 339629 193159   80.00000   59   53   81.00000   35.00000  56.8%  42.3 2028s
 342434 195115   79.00000   80   47   81.00000   35.00000  56.8%  42.3 2046s
 345415 196642   80.00000   65   41   81.00000   35.00000  56.8%  42.2 2067s
 348096 198452   37.00000   44  119   81.00000   35.00000  56.8%  42.2 2085s
 350455 200522   64.00000   41   96   81.00000   35.00000  56.8%  42.3 2103s
 353382 202458   35.95652   30  161   81.00000   35.00000  56.8%  42.3 2125s
 356291 204332   78.00000  102   32   81.00000   35.00000  56.8%  42.3 2144s
 359032 206005   80.00000  107   32   81.00000   35.00000  56.8%  42.3 2165s
 361594 208023   77.00000   77   55   81.00000   35.00000  56.8%  42.3 2184s
 364604 209573   76.00000   58   60   81.00000   35.00000  56.8%  42.3 2207s
 367319 211254   76.00000   77   64   81.00000   35.00000  56.8%  42.3 2229s
 369853 213038 infeasible   71        81.00000   35.00000  56.8%  42.3 2248s
 372817 214809   47.00000   31   84   81.00000   35.00000  56.8%  42.2 2268s
 375296 216474   40.00000   36  112   81.00000   35.00000  56.8%  42.2 2284s
 377886 218151   35.16439   35  181   81.00000   35.00000  56.8%  42.2 2305s
 380395 219893   62.00000   29   93   81.00000   35.00000  56.8%  42.2 2322s
 383029 221640   75.00000   35   89   81.00000   35.00000  56.8%  42.2 2342s
 385617 223523   35.06128   36  154   81.00000   35.00000  56.8%  42.2 2361s
 388341 225078 infeasible   76        81.00000   35.00000  56.8%  42.2 2381s
 390788 226895   79.00000   87   50   81.00000   35.00000  56.8%  42.2 2400s
 393520 228705   79.00000   48   80   81.00000   35.00000  56.8%  42.2 2420s
 396000 230404   66.00000   89   45   81.00000   35.00000  56.8%  42.2 2439s
 398596 232353   35.50157   33  172   81.00000   35.00000  56.8%  42.3 2460s
 401310 234173   56.00000   47   84   81.00000   35.00000  56.8%  42.3 2480s
 404160 235998   38.00000   29  140   81.00000   35.00000  56.8%  42.3 2504s
 406822 237956   80.00000   78   28   81.00000   35.00000  56.8%  42.3 2527s
 409674 239887   79.00000   83   47   81.00000   35.00000  56.8%  42.3 2547s
 412595 241686   78.00000   64   60   81.00000   35.00000  56.8%  42.3 2571s
 415483 243453   37.76701   32  141   81.00000   35.00000  56.8%  42.3 2587s
 417903 245301   78.00000   56   67   81.00000   35.00000  56.8%  42.3 2611s
 420877 247143   80.00000   55   56   81.00000   35.00000  56.8%  42.3 2631s
 423692 249000 infeasible   84        81.00000   35.00000  56.8%  42.3 2652s
 426309 250874   63.00000   54   87   81.00000   35.00000  56.8%  42.3 2671s
 429067 252610   36.37311   23  167   81.00000   35.00000  56.8%  42.3 2693s
 431672 254539 infeasible   99        81.00000   35.00000  56.8%  42.3 2712s
 434478 256470   78.00000   43   73   81.00000   35.00000  56.8%  42.3 2737s
 437330 258359   79.00000   60   74   81.00000   35.00000  56.8%  42.3 2755s
 440143 259911 infeasible   70        81.00000   35.00000  56.8%  42.3 2778s
 442644 261587   35.00000   26  169   81.00000   35.00000  56.8%  42.3 2796s
 445145 263232   67.00000   53   88   81.00000   35.00000  56.8%  42.3 2819s
 447614 265175   48.00000   33  101   81.00000   35.00000  56.8%  42.3 2841s
 450474 267011   35.11167   33  150   81.00000   35.00000  56.8%  42.3 2866s
 453234 268750     cutoff   58        81.00000   35.00000  56.8%  42.3 2884s
 455697 270559   72.00000   65   62   81.00000   35.00000  56.8%  42.4 2907s
 458290 272537   80.00000   73   42   81.00000   35.00000  56.8%  42.4 2928s
 461230 274323     cutoff   60        81.00000   35.00000  56.8%  42.4 2952s
 463944 275949   54.00000   38   88   81.00000   35.00000  56.8%  42.3 2969s
 466397 277843   57.00000   40   97   81.00000   35.00000  56.8%  42.4 2992s
 469184 279780   35.00000   32  170   81.00000   35.00000  56.8%  42.4 3012s
 472008 281544   78.00000   98   30   81.00000   35.00000  56.8%  42.3 3035s
 474702 283322   79.00000   91   29   81.00000   35.00000  56.8%  42.3 3055s
 477314 285011     cutoff   85        81.00000   35.00000  56.8%  42.4 3078s
 480016 286966   76.00000   55   77   81.00000   35.00000  56.8%  42.4 3097s
 482714 288806   78.00000   82   36   81.00000   35.00000  56.8%  42.4 3120s
 485522 290595   79.00000   81   44   81.00000   35.00000  56.8%  42.4 3138s
 488140 292249   35.62201   29  168   81.00000   35.00000  56.8%  42.3 3162s
 490729 294113   59.00000   41   59   81.00000   35.00000  56.8%  42.4 3184s
 493612 295909   46.00000   44  129   81.00000   35.00000  56.8%  42.3 3203s
 496098 297718   80.00000   61   56   81.00000   35.00000  56.8%  42.4 3227s
 498891 299420   80.00000   63   66   81.00000   35.00000  56.8%  42.4 3246s
 501603 301326   73.00000   50   83   81.00000   35.00000  56.8%  42.4 3271s
 504402 303195   74.00000   44   59   81.00000   35.00000  56.8%  42.4 3289s
 506965 305075   62.00000   76   66   81.00000   35.00000  56.8%  42.4 3313s
 509812 307084   71.00000   46   62   81.00000   35.00000  56.8%  42.4 3332s
 512361 308971   74.00000   39   66   81.00000   35.00000  56.8%  42.4 3355s
 515225 310769   78.00000   75   40   81.00000   35.00000  56.8%  42.4 3376s
 518004 312585   80.00000   69   60   81.00000   35.00000  56.8%  42.4 3399s
 520626 314508   51.00000   40  118   81.00000   35.00000  56.8%  42.4 3418s
 523439 316102   80.00000   73   65   81.00000   35.00000  56.8%  42.3 3444s
 525802 317976 infeasible   75        81.00000   35.00000  56.8%  42.3 3466s
 528585 320087   50.00000   50  102   81.00000   35.00000  56.8%  42.3 3489s
 531487 321834   80.00000  126   32   81.00000   35.00000  56.8%  42.3 3509s
 534191 323592   80.00000  104   16   81.00000   35.00000  56.8%  42.3 3534s
 536862 325277 infeasible   85        81.00000   35.00000  56.8%  42.3 3554s
 539699 327002   72.00000   57   56   81.00000   35.00000  56.8%  42.3 3578s
 542410 328520   80.00000  122   13   81.00000   35.00000  56.8%  42.3 3598s
 545194 330560   69.00000   47   56   81.00000   35.00000  56.8%  42.3 3620s
 547826 332170   60.00000   64   78   81.00000   35.00000  56.8%  42.3 3637s
 550459 333904   79.00000   37   56   81.00000   35.00000  56.8%  42.2 3660s
 553182 335705   52.00000   39   85   81.00000   35.00000  56.8%  42.2 3680s
 555866 337837   79.00000   75   43   81.00000   35.00000  56.8%  42.2 3704s
 558608 339726   79.00000   95   34   81.00000   35.00000  56.8%  42.2 3720s
 561206 341395   79.00000   87   50   81.00000   35.00000  56.8%  42.2 3743s
 563705 343247   71.00000   51   92   81.00000   35.00000  56.8%  42.2 3764s
 566390 345116   35.04688   42  173   81.00000   35.00000  56.8%  42.2 3788s
 569096 346820   35.72499   51  151   81.00000   35.00000  56.8%  42.2 3808s
 571733 348577   61.00000   46  109   81.00000   35.00000  56.8%  42.2 3832s
 574398 350419   80.00000   66   47   81.00000   35.00000  56.8%  42.2 3852s
 577291 352187   67.00000   55   72   81.00000   35.00000  56.8%  42.2 3876s
 579797 354082     cutoff   55        81.00000   35.00000  56.8%  42.2 3897s
 582466 355964   35.13424   27  182   81.00000   35.00000  56.8%  42.2 3922s
 585196 357909   57.00000   38   90   81.00000   35.00000  56.8%  42.2 3944s
 588148 359687   79.00000   56   37   81.00000   35.00000  56.8%  42.2 3970s
 590913 361305   76.00000   53   75   81.00000   35.00000  56.8%  42.2 3991s
 593844 363116   35.23504   34  155   81.00000   35.00000  56.8%  42.2 4016s
 596541 365046   69.00000   56   74   81.00000   35.00000  56.8%  42.2 4036s
 599223 366613   76.00000   88   43   81.00000   35.00000  56.8%  42.2 4060s
 601871 368238   56.00000   52  105   81.00000   35.00000  56.8%  42.2 4080s
 604324 370217   46.00000   34  122   81.00000   35.00000  56.8%  42.2 4107s
 607192 372110     cutoff   93        81.00000   35.00000  56.8%  42.2 4127s
 610102 373909   46.00000   42   95   81.00000   35.00000  56.8%  42.1 4153s
 612787 375909   69.00000   49   57   81.00000   35.00000  56.8%  42.2 4172s
 615383 377808   74.00000   87   48   81.00000   35.00000  56.8%  42.2 4195s
 618131 379429   80.00000   72   56   81.00000   35.00000  56.8%  42.1 4217s
 621107 381366   78.00000   96   51   81.00000   35.00000  56.8%  42.1 4239s
 623623 383274   79.00000   92   46   81.00000   35.00000  56.8%  42.1 4260s
 626581 385044   51.00000   37   88   81.00000   35.00000  56.8%  42.1 4285s
 629250 387083   80.00000   53   54   81.00000   35.00000  56.8%  42.1 4305s
 631947 388868   78.00000   81   52   81.00000   35.00000  56.8%  42.1 4329s
 634728 390701   43.00000   38  131   81.00000   35.00000  56.8%  42.1 4350s
 637484 392536   80.00000   92   20   81.00000   35.00000  56.8%  42.1 4373s
 639989 394320   76.00000   75   61   81.00000   35.00000  56.8%  42.1 4394s
 642739 396241   35.52014   32  155   81.00000   35.00000  56.8%  42.1 4420s
 645565 397791   41.00000   37  117   81.00000   35.00000  56.8%  42.1 4441s
 648285 399485   44.00000   38  107   81.00000   35.00000  56.8%  42.1 4466s
 650908 401235   79.00000   46   66   81.00000   35.00000  56.8%  42.1 4487s
 653520 403047   71.00000   67   59   81.00000   35.00000  56.8%  42.1 4511s
 655999 404891   77.00000   73   70   81.00000   35.00000  56.8%  42.1 4532s
 658707 406623 infeasible  123        81.00000   35.00000  56.8%  42.1 4558s
 661476 408386   76.00000   76   60   81.00000   35.00000  56.8%  42.1 4580s
 663826 410423 infeasible   61        81.00000   35.00000  56.8%  42.1 4602s
 666594 412117 infeasible   84        81.00000   35.00000  56.8%  42.1 4625s
 669310 413815 infeasible   72        81.00000   35.00000  56.8%  42.1 4646s
 671963 415547   47.00000   34  106   81.00000   35.00000  56.8%  42.1 4672s
 674561 417267   77.00000   68   53   81.00000   35.00000  56.8%  42.1 4691s
 677120 419068   79.00000   68   44   81.00000   35.00000  56.8%  42.2 4717s
 679840 421129   79.00000   75   52   81.00000   35.00000  56.8%  42.2 4739s
 682622 422583   57.00000   49   75   81.00000   35.00000  56.8%  42.2 4763s
 684940 424434   36.50922   32  164   81.00000   35.00000  56.8%  42.2 4790s
 687714 426426   69.00000   40   69   81.00000   35.00000  56.8%  42.2 4812s
 690680 428299   35.59287   45  155   81.00000   35.00000  56.8%  42.2 4839s
 693406 429931   79.00000  111   18   81.00000   35.00000  56.8%  42.2 4859s
 695942 431746   70.00000   74   46   81.00000   35.00000  56.8%  42.2 4886s
 698741 433660   54.00000   36  100   81.00000   35.00000  56.8%  42.2 4907s
 701504 435358   36.23526   29  160   81.00000   35.00000  56.8%  42.2 4932s
 704097 437298   78.00000   83   43   81.00000   35.00000  56.8%  42.2 4955s
 706955 439213 infeasible   86        81.00000   35.00000  56.8%  42.2 4982s
 709864 440998 infeasible   94        81.00000   35.00000  56.8%  42.1 5005s
 712632 442589   79.00000   80   47   81.00000   35.00000  56.8%  42.1 5030s
 715377 444152   36.00000   30  171   81.00000   35.00000  56.8%  42.1 5050s
 717722 446108   35.91385   41  144   81.00000   35.00000  56.8%  42.2 5080s
 720817 447997   80.00000   61   64   81.00000   35.00000  56.8%  42.2 5103s
 723637 449714   78.00000   75   56   81.00000   35.00000  56.8%  42.2 5130s
 726331 451536   35.00000   31   98   81.00000   35.00000  56.8%  42.2 5150s
 728995 453667   58.00000   44  105   81.00000   35.00000  56.8%  42.2 5176s
 731958 455646   64.00000   37   78   81.00000   35.00000  56.8%  42.1 5199s
 734816 457389   62.00000   33   75   81.00000   35.00000  56.8%  42.1 5223s
 737509 459374 infeasible   52        81.00000   35.00000  56.8%  42.1 5245s
 740272 461311   35.71223   30  176   81.00000   35.00000  56.8%  42.1 5269s
 742812 463275 infeasible   73        81.00000   35.00000  56.8%  42.1 5287s
 745528 465002   75.00000   54   67   81.00000   35.00000  56.8%  42.1 5312s
 748122 466795   43.00000   45  115   81.00000   35.00000  56.8%  42.1 5335s
 750881 468509   78.00000   36   66   81.00000   35.00000  56.8%  42.1 5361s
 753483 470561   69.00000   51   72   81.00000   35.00000  56.8%  42.1 5380s
 756155 472228   77.00000   90   48   81.00000   35.00000  56.8%  42.1 5406s
 758759 473911   35.36126   30  184   81.00000   35.00000  56.8%  42.1 5428s
 761358 475503   71.00000  111   36   81.00000   35.00000  56.8%  42.1 5453s
 763889 477397   80.00000   75   61   81.00000   35.00000  56.8%  42.1 5478s
 766814 479219   35.11218   36  166   81.00000   35.00000  56.8%  42.1 5505s
 769476 481013   80.00000  105   31   81.00000   35.00000  56.8%  42.1 5525s
 772083 482843   35.15560   25  172   81.00000   35.00000  56.8%  42.1 5552s
 774871 484800 infeasible   97        81.00000   35.00000  56.8%  42.1 5575s
 777671 486414   59.00000   50  105   81.00000   35.00000  56.8%  42.1 5601s
 780217 488486   58.00000   46   82   81.00000   35.00000  56.8%  42.1 5621s
 782808 490382   77.00000  143   21   81.00000   35.00000  56.8%  42.1 5647s
 785568 492044   55.00000   54   92   81.00000   35.00000  56.8%  42.1 5670s
 788173 493872 infeasible  135        81.00000   35.00000  56.8%  42.1 5696s
 790741 495761   75.00000   42   93   81.00000   35.00000  56.8%  42.1 5718s
*793047 421644             118      80.0000000   35.00000  56.3%  42.1 5719s
 793564 423093   50.00000   42  116   80.00000   35.00000  56.3%  42.1 5747s
 796371 424901   75.00000   66   39   80.00000   35.00000  56.3%  42.1 5770s
 798981 426881   55.00000   49   95   80.00000   35.00000  56.3%  42.1 5798s
 801735 428661   35.12645   36  162   80.00000   35.00000  56.3%  42.1 5821s
 804504 430425 infeasible   85        80.00000   35.00000  56.3%  42.1 5849s
 807084 432283   73.00000   51   64   80.00000   35.00000  56.3%  42.1 5873s
 809809 433982   78.00000   84   54   80.00000   35.00000  56.3%  42.1 5901s
 812362 435660   47.00000   29   94   80.00000   35.00000  56.3%  42.1 5924s
 815175 437411 infeasible  113        80.00000   35.00000  56.3%  42.1 5950s
 817832 439339 infeasible  105        80.00000   35.00000  56.3%  42.1 5974s
 820570 441297   76.00000   77   42   80.00000   35.00000  56.3%  42.1 6002s
 823389 442992   74.00000   69   79   80.00000   35.00000  56.3%  42.1 6024s
 825971 444779   60.00000   51   89   80.00000   35.00000  56.3%  42.1 6051s
 828680 446877   79.00000   81   37   80.00000   35.00000  56.3%  42.1 6074s
 831423 448618 infeasible  120        80.00000   35.00000  56.3%  42.1 6102s
 834110 450335   47.00000   28   99   80.00000   35.00000  56.3%  42.1 6124s
 836758 451995   79.00000   62   54   80.00000   35.00000  56.3%  42.1 6149s
 839257 453734   79.00000   71   47   80.00000   35.00000  56.3%  42.1 6174s
 841892 455437   78.00000   63   59   80.00000   35.00000  56.3%  42.1 6203s
 844695 457219   66.00000   45   95   80.00000   35.00000  56.3%  42.1 6226s
 847558 458777   70.00000   75   67   80.00000   35.00000  56.3%  42.1 6254s
 850367 460610   68.00000   45   77   80.00000   35.00000  56.3%  42.1 6276s
 853172 462563   49.00000   34   99   80.00000   35.00000  56.3%  42.1 6304s
 855921 464411   37.00000   33  116   80.00000   35.00000  56.3%  42.1 6326s
 858502 466074   78.00000   63   65   80.00000   35.00000  56.3%  42.1 6353s
 861144 467673   59.00000   45   85   80.00000   35.00000  56.3%  42.1 6376s
 863876 469421     cutoff   80        80.00000   35.00000  56.3%  42.1 6403s
 866476 471147   47.00000   40  102   80.00000   35.00000  56.3%  42.1 6422s
 869002 472969 infeasible   38        80.00000   35.00000  56.3%  42.2 6450s
 871744 474868   73.00000   91   44   80.00000   35.00000  56.3%  42.2 6474s
 874589 476690   69.00000   76   63   80.00000   35.00000  56.3%  42.2 6502s
 877410 478523   48.00000   37   97   80.00000   35.00000  56.3%  42.1 6530s
 880233 480189   77.00000   52   68   80.00000   35.00000  56.3%  42.1 6552s
 882739 482083   78.00000   81   40   80.00000   35.00000  56.3%  42.2 6580s
 885670 483813 infeasible   87        80.00000   35.00000  56.3%  42.1 6604s
 887523 483813   49.00000   41  107   80.00000   35.00000  56.3%  42.1 6605s
 888433 485631   79.00000   89   23   80.00000   35.00000  56.3%  42.1 6632s
 891142 487364   79.00000   55   51   80.00000   35.00000  56.3%  42.1 6654s
 893824 489146 infeasible   70        80.00000   35.00000  56.3%  42.1 6683s
 896905 491050   79.00000   67   42   80.00000   35.00000  56.3%  42.1 6706s
 899563 493042   58.00000   43   80   80.00000   35.00000  56.3%  42.1 6730s
 902158 494794   75.00000   90   51   80.00000   35.00000  56.3%  42.1 6751s
 904827 496582   77.00000   72   45   80.00000   35.00000  56.3%  42.1 6776s
 907430 498293   35.26545   26  179   80.00000   35.00000  56.3%  42.1 6798s
 909926 500244     cutoff   36        80.00000   35.00000  56.3%  42.1 6825s
 912690 502234   57.00000   34  110   80.00000   35.00000  56.3%  42.1 6848s
 915423 504279   35.29869   30  159   80.00000   35.00000  56.3%  42.1 6877s
 918200 506043   76.00000   98   62   80.00000   35.00000  56.3%  42.1 6899s
 920858 507823   35.10212   33  148   80.00000   35.00000  56.3%  42.1 6924s
 921871 507823   78.00000   50   62   80.00000   35.00000  56.3%  42.1 6925s
 923318 509405   58.00000   37   94   80.00000   35.00000  56.3%  42.1 6947s
 925715 511113   73.00000   65   45   80.00000   35.00000  56.3%  42.2 6975s
 928352 512873   79.00000   68   57   80.00000   35.00000  56.3%  42.2 6998s
 931135 514583   79.00000   90   27   80.00000   35.00000  56.3%  42.1 7025s
 933649 516686   58.00000   77   51   80.00000   35.00000  56.3%  42.2 7047s
 936338 518454   67.00000   58   57   80.00000   35.00000  56.3%  42.2 7073s
 939121 520373   35.84904   30  137   80.00000   35.00000  56.3%  42.1 7095s
 941955 522230 infeasible   84        80.00000   35.00000  56.3%  42.1 7123s
 944751 523929   78.00000   66   49   80.00000   35.00000  56.3%  42.1 7145s
 947386 525591 infeasible  104        80.00000   35.00000  56.3%  42.1 7171s
 949737 527852   67.00000   68   64   80.00000   35.00000  56.3%  42.1 7197s
 952818 529695 infeasible   79        80.00000   35.00000  56.3%  42.1 7224s
 955621 531373   48.00000   45   87   80.00000   35.00000  56.3%  42.1 7247s
 958298 533256   79.00000   80   31   80.00000   35.00000  56.3%  42.1 7277s
 961003 535287   58.00000   54   76   80.00000   35.00000  56.3%  42.2 7301s
 963878 536869   76.00000   92   45   80.00000   35.00000  56.3%  42.1 7328s
 966408 538812   79.00000   63   54   80.00000   35.00000  56.3%  42.2 7353s
 969329 540419   35.41157   32  171   80.00000   35.00000  56.3%  42.2 7380s
 971829 542514   57.00000   45   97   80.00000   35.00000  56.3%  42.2 7405s
 975000 544174   77.00000  116   22   80.00000   35.00000  56.3%  42.1 7431s
 977764 545869   44.00000   49  107   80.00000   35.00000  56.3%  42.1 7449s
 978589 545869   62.00000   53  101   80.00000   35.00000  56.3%  42.1 7450s
 980001 547355   79.00000   73   27   80.00000   35.00000  56.3%  42.1 7476s
 982466 549160   79.00000   86   41   80.00000   35.00000  56.3%  42.2 7503s
 985252 550919   69.00000   50   64   80.00000   35.00000  56.3%  42.1 7526s
 988049 552693   67.00000   37   92   80.00000   35.00000  56.3%  42.1 7554s
 990725 554475   79.00000  102   36   80.00000   35.00000  56.3%  42.1 7577s
 993444 556101 infeasible   85        80.00000   35.00000  56.3%  42.1 7605s
 995995 558010   79.00000   82   38   80.00000   35.00000  56.3%  42.1 7628s
 998904 559668 infeasible  104        80.00000   35.00000  56.3%  42.1 7656s
 1001462 561234   35.00000   31  191   80.00000   35.00000  56.3%  42.1 7678s
 1003890 563196   55.00000   31  112   80.00000   35.00000  56.3%  42.1 7704s
 1006539 565317     cutoff  124        80.00000   35.00000  56.3%  42.2 7726s
 1009424 567149   35.00000   39  155   80.00000   35.00000  56.3%  42.1 7752s
 1012109 568936 infeasible  100        80.00000   35.00000  56.3%  42.1 7776s
 1014953 570802   56.00000   37   85   80.00000   35.00000  56.3%  42.1 7806s
 1017696 572884     cutoff   76        80.00000   35.00000  56.3%  42.1 7826s
 1020307 574668   35.00000   33  178   80.00000   35.00000  56.3%  42.1 7854s
 1021637 574668   76.00000   53   49   80.00000   35.00000  56.3%  42.1 7855s
 1023087 576548   62.00000   49   81   80.00000   35.00000  56.3%  42.1 7874s
 1025629 578150   71.00000   36   83   80.00000   35.00000  56.3%  42.1 7901s
 1028278 579946   64.00000   40  108   80.00000   35.00000  56.3%  42.1 7923s
 1030852 581726   57.00000   61   87   80.00000   35.00000  56.3%  42.2 7950s
 1033533 583587   72.00000   45   62   80.00000   35.00000  56.3%  42.2 7975s
 1036389 585401   75.00000   63   57   80.00000   35.00000  56.3%  42.2 8005s
 1039079 587088 infeasible   81        80.00000   35.00000  56.3%  42.1 8026s
 1041720 588767   39.00000   46  129   80.00000   35.00000  56.3%  42.2 8051s
 1044183 590684   35.63596   38  157   80.00000   35.00000  56.3%  42.2 8075s
 1046825 592577   79.00000   63   52   80.00000   35.00000  56.3%  42.2 8104s
 1049686 594452   78.00000   85   57   80.00000   35.00000  56.3%  42.2 8129s
 1051599 594452   58.00000   49   98   80.00000   35.00000  56.3%  42.2 8130s
 1052385 596250   51.00000   61   92   80.00000   35.00000  56.3%  42.2 8157s
 1055143 598142   48.00000   37  103   80.00000   35.00000  56.3%  42.2 8181s
 1057853 600034   76.00000   57   85   80.00000   35.00000  56.3%  42.2 8211s
 1060655 601886   76.00000   72   62   80.00000   35.00000  56.3%  42.2 8235s
 1063368 603639   62.00000   50   81   80.00000   35.00000  56.3%  42.2 8263s
 1065927 605445   49.00000   43   83   80.00000   35.00000  56.3%  42.2 8286s
 1068686 607271 infeasible   87        80.00000   35.00000  56.3%  42.2 8315s
 1071381 609184   76.00000   81   45   80.00000   35.00000  56.3%  42.2 8340s
 1074224 610889   56.00000   36   81   80.00000   35.00000  56.3%  42.2 8367s
 1076769 612547   35.67871   24  162   80.00000   35.00000  56.3%  42.2 8395s
 1079164 614572   79.00000   35   69   80.00000   35.00000  56.3%  42.2 8421s
 1082181 616362   39.00000   29  129   80.00000   35.00000  56.3%  42.2 8449s
 1084849 618049   77.00000   68   60   80.00000   35.00000  56.3%  42.2 8475s
 1087753 619712   77.00000   61   50   80.00000   35.00000  56.3%  42.2 8504s
 1090313 621532   75.00000   64   46   80.00000   35.00000  56.3%  42.2 8525s
 1092988 623281   77.00000   38   98   80.00000   35.00000  56.3%  42.2 8553s
 1095703 625128   64.00000   37   83   80.00000   35.00000  56.3%  42.2 8579s
 1098524 627052   44.00000   33   89   80.00000   35.00000  56.3%  42.2 8609s
 1099765 627052   69.00000   47   67   80.00000   35.00000  56.3%  42.2 8610s
 1101320 628901   79.00000   57   70   80.00000   35.00000  56.3%  42.2 8635s
 1104228 630770   61.00000   46   71   80.00000   35.00000  56.3%  42.2 8665s
 1106984 632412   68.00000   38   73   80.00000   35.00000  56.3%  42.2 8687s
 1109397 634052   35.77115   46  144   80.00000   35.00000  56.3%  42.2 8714s
 1111940 635919   79.00000  108   25   80.00000   35.00000  56.3%  42.2 8738s
 1114771 637787   58.00000   55   82   80.00000   35.00000  56.3%  42.2 8767s
 1117494 639440   77.00000  107   32   80.00000   35.00000  56.3%  42.2 8789s
 1117790 639440   71.00000   96   64   80.00000   35.00000  56.3%  42.2 8790s
 1120214 641213   79.00000   86   30   80.00000   35.00000  56.3%  42.2 8815s
 1122608 643049   74.00000   53   64   80.00000   35.00000  56.3%  42.2 8846s
 1125482 644743   79.00000   97   34   80.00000   35.00000  56.3%  42.2 8870s
 1128140 646395   78.00000   67   53   80.00000   35.00000  56.3%  42.2 8898s
 1130941 648087   35.00000   32  146   80.00000   35.00000  56.3%  42.2 8920s
 1133412 649776   66.00000   43   75   80.00000   35.00000  56.3%  42.2 8949s
 1136059 651471   79.00000   69   63   80.00000   35.00000  56.3%  42.2 8973s
 1138946 653196     cutoff   60        80.00000   35.00000  56.3%  42.2 8999s
 1141616 654852   62.00000   42  103   80.00000   35.00000  56.3%  42.2 9021s
 1144140 656621   78.00000   64   50   80.00000   35.00000  56.3%  42.2 9051s
 1146824 658353   78.00000   41   57   80.00000   35.00000  56.3%  42.2 9076s
 1149441 660114   37.00000   30  138   80.00000   35.00000  56.3%  42.2 9106s
 1152455 661856   77.00000   93   33   80.00000   35.00000  56.3%  42.2 9130s
 1155004 663471     cutoff   68        80.00000   35.00000  56.3%  42.2 9160s
 1157531 665064   35.42531   28  149   80.00000   35.00000  56.3%  42.2 9184s
 1160033 666577   35.00000   27  184   80.00000   35.00000  56.3%  42.2 9215s
 1162613 668549     cutoff   59        80.00000   35.00000  56.3%  42.2 9242s
 1165530 670388   77.00000   87   38   80.00000   35.00000  56.3%  42.2 9274s
 1167799 670388   64.00000   41   59   80.00000   35.00000  56.3%  42.2 9275s
 1168327 672357   78.00000   78   56   80.00000   35.00000  56.3%  42.2 9300s
 1171208 674211   35.00000   32  137   80.00000   35.00000  56.3%  42.2 9332s
 1174129 676149   47.00000   28  101   80.00000   35.00000  56.3%  42.2 9357s
 1177007 678104   77.00000   56   91   80.00000   35.00000  56.3%  42.2 9389s
 1179833 680237   35.65147   27  151   80.00000   35.00000  56.3%  42.2 9411s
 1182604 681975   37.00000   41  121   80.00000   35.00000  56.3%  42.1 9439s
 1185166 683675   79.00000   86   23   80.00000   35.00000  56.3%  42.1 9465s
 1187852 685469   79.00000   66   72   80.00000   35.00000  56.3%  42.1 9495s
 1190491 687215   35.55848   35  183   80.00000   35.00000  56.3%  42.1 9517s
 1192933 688977   35.27147   30  160   80.00000   35.00000  56.3%  42.2 9545s
 1195644 690768   79.00000  103   63   80.00000   35.00000  56.3%  42.2 9570s
 1198320 692515   77.00000   69   56   80.00000   35.00000  56.3%  42.2 9601s
 1201026 694340   78.00000   55   54   80.00000   35.00000  56.3%  42.2 9626s
 1203733 696006   75.00000   56   66   80.00000   35.00000  56.3%  42.2 9656s
 1206250 697893   79.00000   92    9   80.00000   35.00000  56.3%  42.2 9682s
 1209116 699791   57.00000   48   89   80.00000   35.00000  56.3%  42.2 9715s
 1211956 701660   77.00000   38   52   80.00000   35.00000  56.3%  42.2 9741s
 1214750 703291   35.21490   35  176   80.00000   35.00000  56.3%  42.1 9770s
 1217254 705217     cutoff   76        80.00000   35.00000  56.3%  42.2 9794s
 1219971 706892   58.00000   47   86   80.00000   35.00000  56.3%  42.2 9824s
 1222501 708736   78.00000   61   58   80.00000   35.00000  56.3%  42.2 9851s
 1225314 710602   35.20525   32  211   80.00000   35.00000  56.3%  42.2 9883s
 1228158 712226   35.91259   36  158   80.00000   35.00000  56.3%  42.2 9905s
 1230531 714142   48.00000   52  112   80.00000   35.00000  56.3%  42.2 9937s
 1233469 715871   74.00000   53   65   80.00000   35.00000  56.3%  42.2 9962s
 1236364 717966 infeasible   55        80.00000   35.00000  56.3%  42.2 9992s
 1239159 719602   78.00000  106   35   80.00000   35.00000  56.3%  42.2 10018s
 1241950 721224   35.00000   32  147   80.00000   35.00000  56.3%  42.2 10048s
 1244366 723006   35.14445   30  232   80.00000   35.00000  56.3%  42.2 10075s
 1246906 724798   77.00000   82   41   80.00000   35.00000  56.3%  42.2 10108s
 1249677 727024   56.00000   54   75   80.00000   35.00000  56.3%  42.2 10136s
 1252571 728758   77.00000   95   52   80.00000   35.00000  56.3%  42.2 10166s
 1255217 730506   65.00000   64   63   80.00000   35.00000  56.3%  42.2 10191s
 1257847 732227   55.00000   45   82   80.00000   35.00000  56.3%  42.2 10222s
 1260587 734042   59.00000   45  106   80.00000   35.00000  56.3%  42.2 10248s
 1263441 735889   61.00000   54   80   80.00000   35.00000  56.3%  42.2 10277s
 1265989 737739   65.00000   62   87   80.00000   35.00000  56.3%  42.2 10303s
 1268877 739700   71.00000   37   80   80.00000   35.00000  56.3%  42.2 10329s
 1271518 741472   63.00000   74   66   80.00000   35.00000  56.3%  42.2 10353s
 1274143 743282   56.00000   59   73   80.00000   35.00000  56.3%  42.2 10384s
 1276859 744818   65.00000   52   75   80.00000   35.00000  56.3%  42.2 10409s
 1279485 746689 infeasible   66        80.00000   35.00000  56.3%  42.2 10439s
 1282247 748455 infeasible   93        80.00000   35.00000  56.3%  42.2 10463s
 1284927 750138 infeasible  102        80.00000   35.00000  56.3%  42.2 10492s
 1287450 751947   76.00000   65   57   80.00000   35.00000  56.3%  42.2 10518s
 1290169 753830   79.00000   60   34   80.00000   35.00000  56.3%  42.2 10550s
 1292919 755718   36.06809   36  166   80.00000   35.00000  56.3%  42.2 10576s
 1295728 757557   75.00000   63   79   80.00000   35.00000  56.3%  42.2 10609s
 1298572 759241   55.00000   37  103   80.00000   35.00000  56.3%  42.2 10635s
 1301360 760787   77.00000   86   39   80.00000   35.00000  56.3%  42.2 10661s
 1303695 762627   45.00000   30  121   80.00000   35.00000  56.3%  42.2 10691s
 1306483 764492   35.03746   30  197   80.00000   35.00000  56.3%  42.2 10716s
 1309282 766327   35.00000   34  157   80.00000   35.00000  56.3%  42.2 10746s
 1311989 768238   63.00000   58   69   80.00000   35.00000  56.3%  42.2 10771s
 1314604 770009   72.00000   72   56   80.00000   35.00000  56.3%  42.2 10800s

Cutting planes:
  Gomory: 51
  Cover: 41
  MIR: 684
  Flow cover: 2145
  RLT: 243
  Relax-and-lift: 3

Explored 1317237 nodes (55543961 simplex iterations) in 10801.50 seconds (464.74 work units)
Thread count was 18 (of 36 available processors)

Solution count 10: 80 81 83 ... 91

Time limit reached
Best objective 8.000000000000e+01, best bound 3.500000000000e+01, gap 56.2500%
