
Gurobi 11.0.0 (win64) logging started Sat May  4 13:47:29 2024

Set parameter LogFile to value "./Results/StripPacking-CutHeurRuns/Logs/SBM-110-StripPacking-15.log"
Set parameter TimeLimit to value 10800
Set parameter Cuts to value 1
Set parameter Presolve to value 1
Set parameter Heuristics to value 0
Set parameter LPWarmStart to value 2
Gurobi Optimizer version 11.0.0 build v11.0.0rc2 (win64 - Windows 10.0 (19045.2))

CPU model: Intel(R) Core(TM) i9-10980XE CPU @ 3.00GHz, instruction set [SSE2|AVX|AVX2|AVX512]
Thread count: 18 physical cores, 36 logical processors, using up to 18 threads

Optimize a model with 1905 rows, 346 columns and 5700 nonzeros
Model fingerprint: 0xad54b1e6
Variable types: 136 continuous, 210 integer (210 binary)
Coefficient statistics:
  Matrix range     [1e+00, 1e+04]
  Objective range  [1e+00, 1e+00]
  Bounds range     [1e+00, 1e+04]
  RHS range        [1e+00, 1e+04]

Warning: Completing partial solution with 210 unfixed non-continuous variables out of 210
User MIP start produced solution with objective 71.5 (0.00s)
Loaded user MIP start with objective 71.5

Presolve removed 525 rows and 0 columns
Presolve time: 0.02s
Presolved: 1380 rows, 346 columns, 4335 nonzeros
Variable types: 136 continuous, 210 integer (210 binary)

Root relaxation: objective 3.300000e+01, 123 iterations, 0.00 seconds (0.00 work units)

    Nodes    |    Current Node    |     Objective Bounds      |     Work
 Expl Unexpl |  Obj  Depth IntInf | Incumbent    BestBd   Gap | It/Node Time

     0     0   33.00000    0   26   71.50000   33.00000  53.8%     -    0s
     0     0   33.00000    0   46   71.50000   33.00000  53.8%     -    0s
     0     0   33.00000    0   46   71.50000   33.00000  53.8%     -    0s
     0     0   33.00000    0   23   71.50000   33.00000  53.8%     -    0s
     0     0   33.00000    0   23   71.50000   33.00000  53.8%     -    0s
     0     0   33.00000    0   30   71.50000   33.00000  53.8%     -    0s
     0     0   33.00000    0   25   71.50000   33.00000  53.8%     -    0s
     0     0   33.00000    0   20   71.50000   33.00000  53.8%     -    0s
     0     0   33.00000    0   22   71.50000   33.00000  53.8%     -    0s
     0     0   33.00000    0   25   71.50000   33.00000  53.8%     -    0s
     0     0   33.00000    0   33   71.50000   33.00000  53.8%     -    0s
     0     0   33.00000    0   18   71.50000   33.00000  53.8%     -    0s
     0     0   33.00000    0   16   71.50000   33.00000  53.8%     -    0s
     0     2   33.00000    0   16   71.50000   33.00000  53.8%     -    0s
* 1148  1444              63      66.0000000   33.00000  50.0%  13.5    0s
* 1175  1444              62      64.0000000   33.00000  48.4%  13.4    0s
* 2258  1678              60      61.0000000   33.00000  45.9%  11.9    1s
* 3630  2037              56      60.0000000   33.00000  45.0%  15.5    2s
* 3642  1956              65      59.0000000   33.00000  44.1%  15.5    2s
* 3941  2029              60      58.0000000   33.00000  43.1%  15.5    2s
* 4116  2023              63      57.0000000   33.00000  42.1%  15.9    2s
* 4191  1932              68      56.0000000   33.00000  41.1%  15.9    2s
* 4195  1868              68      55.0000000   33.00000  40.0%  15.9    2s
* 5694  1563              57      53.0000000   33.00000  37.7%  17.5    3s
* 6247  1505              59      52.0000000   33.00000  36.5%  18.3    4s
  6973  1900   49.00000   44   14   52.00000   33.00000  36.5%  19.5    5s
 12005  3942 infeasible   32        52.00000   33.00000  36.5%  24.1   10s
 15123  5488   51.00000   45   11   52.00000   33.00000  36.5%  25.8   15s
 18371  6860 infeasible   44        52.00000   33.00000  36.5%  26.5   21s
 20815  7902   45.00000   42   21   52.00000   33.00000  36.5%  27.0   25s
 25048  9960 infeasible   42        52.00000   33.00000  36.5%  27.8   32s
 27030 10758 infeasible   44        52.00000   33.00000  36.5%  28.0   36s
 28848 11786   46.00000   41   21   52.00000   33.00000  36.5%  28.1   41s
 30918 12693   33.00000   30   44   52.00000   33.00000  36.5%  28.3   45s
 32991 13632 infeasible   42        52.00000   33.00000  36.5%  28.3   50s
*33653 11901              55      51.0000000   33.00000  35.3%  28.4   50s
 37086 13322 infeasible   52        51.00000   33.00000  35.3%  28.8   59s
 39245 14290   50.00000   48   15   51.00000   33.00000  35.3%  28.9   63s
 41624 15252   50.00000   40   16   51.00000   33.00000  35.3%  29.1   68s
 45611 16113 infeasible   52        51.00000   33.00000  35.3%  29.7   70s
 51863 17119     cutoff   44        51.00000   33.00000  35.3%  30.5   75s
 55324 17673   46.00000   43   34   51.00000   33.00000  35.3%  31.1   81s
 57637 17949   33.17810   33   69   51.00000   33.00000  35.3%  31.3   86s
 60383 18331   33.10139   35   57   51.00000   33.00000  35.3%  31.4   91s
*61173 15745              64      50.0000000   33.00000  34.0%  31.5   91s
 63266 16044   46.00000   44   25   50.00000   33.00000  34.0%  31.8   95s
 68075 16584   33.00000   38   57   50.00000   33.00000  34.0%  32.4  102s
 71767 16715   49.00000   45   30   50.00000   33.00000  34.0%  32.9  106s
 73610 16916 infeasible   60        50.00000   33.00000  34.0%  33.1  110s
 77818 17200   46.00000   44   30   50.00000   33.00000  34.0%  33.6  119s
 80245 17194 infeasible   59        50.00000   33.00000  34.0%  33.8  124s
 82426 17308   49.00000   43   27   50.00000   33.00000  34.0%  34.0  127s
 84772 17407   33.00000   39   50   50.00000   33.00000  34.0%  34.2  130s
 87324 17619   46.00000   44   25   50.00000   33.00000  34.0%  34.5  136s
 89861 18487 infeasible   44        50.00000   33.00000  34.0%  34.7  141s
 92431 19166   46.00000   43   18   50.00000   33.00000  34.0%  34.9  147s
 95104 20020   47.00000   50   22   50.00000   33.00000  34.0%  35.1  152s
 97470 20899     cutoff   45        50.00000   33.00000  34.0%  35.4  158s
 100107 21938   49.00000   44   25   50.00000   33.00000  34.0%  35.7  162s
 102614 22867   49.00000   43   22   50.00000   33.00000  34.0%  36.0  167s
 105373 23825   49.00000   52   17   50.00000   33.00000  34.0%  36.2  174s
 107940 24790   48.00000   47   19   50.00000   33.00000  34.0%  36.3  180s
 110695 25828   46.00000   54   21   50.00000   33.00000  34.0%  36.5  188s
 113608 26602 infeasible   53        50.00000   33.00000  34.0%  36.6  192s
 116079 27535     cutoff   45        50.00000   33.00000  34.0%  36.7  197s
 118783 28501 infeasible   51        50.00000   33.00000  34.0%  36.9  203s
 121643 29385   49.00000   58   12   50.00000   33.00000  34.0%  37.0  211s
 124327 30330 infeasible   49        50.00000   33.00000  34.0%  37.1  218s
 127171 31072   47.00000   55   28   50.00000   33.00000  34.0%  37.2  225s
 129963 31924   46.00000   42   28   50.00000   33.00000  34.0%  37.3  231s
 132538 32879   49.00000   41   23   50.00000   33.00000  34.0%  37.4  238s
 135272 33727   44.00000   43   28   50.00000   33.00000  34.0%  37.5  244s
 137570 34829 infeasible   58        50.00000   33.00000  34.0%  37.7  251s
 140632 35650   42.00000   43   18   50.00000   33.00000  34.0%  37.8  257s
 143317 36521   33.00000   38   62   50.00000   33.00000  34.0%  37.9  263s
 146074 37489     cutoff   51        50.00000   33.00000  34.0%  38.0  270s
 148785 38347   47.00000   52   24   50.00000   33.00000  34.0%  38.1  278s
 151448 39215   46.00000   40   24   50.00000   33.00000  34.0%  38.2  285s
 154007 40114   49.00000   52   28   50.00000   33.00000  34.0%  38.3  291s
 156877 40918   45.00000   48   22   50.00000   33.00000  34.0%  38.4  298s
 159582 41730   39.00000   43   15   50.00000   33.00000  34.0%  38.4  305s
 162277 42502   49.00000   49   21   50.00000   33.00000  34.0%  38.5  311s
 164728 43382     cutoff   42        50.00000   33.00000  34.0%  38.6  318s
 167344 44191   47.00000   42   23   50.00000   33.00000  34.0%  38.7  325s
 170213 45061   46.00000   53   35   50.00000   33.00000  34.0%  38.7  331s
 173033 45972   33.00000   36   50   50.00000   33.00000  34.0%  38.7  338s
 175737 46753   33.06164   43   54   50.00000   33.00000  34.0%  38.8  346s
 178455 47488   49.00000   46   20   50.00000   33.00000  34.0%  38.9  354s
 181243 48371 infeasible   55        50.00000   33.00000  34.0%  38.9  360s
 184023 49207 infeasible   48        50.00000   33.00000  34.0%  38.9  366s
 186577 49915 infeasible   54        50.00000   33.00000  34.0%  38.9  372s
 189422 50710   49.00000   39   28   50.00000   33.00000  34.0%  38.9  379s
 191844 51477   33.00000   39   52   50.00000   33.00000  34.0%  39.0  386s
 194267 52260   47.00000   40   31   50.00000   33.00000  34.0%  39.1  393s
 197144 53052   49.00000   52   29   50.00000   33.00000  34.0%  39.1  399s
 199707 53761   46.00000   52   32   50.00000   33.00000  34.0%  39.2  407s
 202425 54577 infeasible   45        50.00000   33.00000  34.0%  39.2  415s
 205009 55353   49.00000   38   23   50.00000   33.00000  34.0%  39.2  422s
 207440 56424   41.00000   45   28   50.00000   33.00000  34.0%  39.3  429s
 210423 57259   47.00000   43   32   50.00000   33.00000  34.0%  39.3  434s
 212956 58195   42.00000   41   34   50.00000   33.00000  34.0%  39.4  443s
 215860 59057   45.00000   42   24   50.00000   33.00000  34.0%  39.4  452s
 218602 59844   49.00000   52   26   50.00000   33.00000  34.0%  39.5  460s
 221161 60807   41.00000   43   32   50.00000   33.00000  34.0%  39.5  466s
 224104 61769   44.00000   40   32   50.00000   33.00000  34.0%  39.5  474s
 226796 62638   36.00000   41   39   50.00000   33.00000  34.0%  39.6  482s
 229306 63605   33.21032   33   55   50.00000   33.00000  34.0%  39.6  491s
 232222 64436   33.00000   35   40   50.00000   33.00000  34.0%  39.6  497s
 234725 65299   33.00000   37   52   50.00000   33.00000  34.0%  39.7  505s
 237489 66118   36.00000   42   46   50.00000   33.00000  34.0%  39.7  514s
 240006 66996   33.25319   42   48   50.00000   33.00000  34.0%  39.8  522s
 242752 67830   46.00000   43   26   50.00000   33.00000  34.0%  39.8  531s
 245652 68617   46.00000   40   36   50.00000   33.00000  34.0%  39.8  540s
 248377 69587   41.00000   41   24   50.00000   33.00000  34.0%  39.8  549s
 251377 70270 infeasible   58        50.00000   33.00000  34.0%  39.8  556s
 253699 71330     cutoff   46        50.00000   33.00000  34.0%  39.9  562s
 256744 72282 infeasible   61        50.00000   33.00000  34.0%  39.9  572s
 259678 73016   46.00000   44   36   50.00000   33.00000  34.0%  39.9  580s
 262552 73939   44.00000   53   19   50.00000   33.00000  34.0%  39.9  589s
 265209 74784   46.00000   42   35   50.00000   33.00000  34.0%  39.9  594s
 267962 75703   33.00478   41   74   50.00000   33.00000  34.0%  40.0  603s
 270709 76667 infeasible   42        50.00000   33.00000  34.0%  40.0  611s
 273675 77508   40.00000   42   36   50.00000   33.00000  34.0%  40.0  619s
 275121 77508   43.00000   54   20   50.00000   33.00000  34.0%  40.0  620s
 276129 78315   46.00000   51   21   50.00000   33.00000  34.0%  40.0  626s
 278798 79233   49.00000   45   40   50.00000   33.00000  34.0%  40.1  634s
 281687 79978 infeasible   61        50.00000   33.00000  34.0%  40.1  642s
 284241 80911   49.00000   61   17   50.00000   33.00000  34.0%  40.1  651s
 286980 81640     cutoff   46        50.00000   33.00000  34.0%  40.1  658s
 289414 82413   46.00000   44   16   50.00000   33.00000  34.0%  40.1  664s
 291989 83314   49.00000   46   32   50.00000   33.00000  34.0%  40.1  671s
 294538 84099   41.00000   37   34   50.00000   33.00000  34.0%  40.1  679s
 297040 84676   49.00000   49   19   50.00000   33.00000  34.0%  40.1  687s
 299296 85472   39.00000   43   29   50.00000   33.00000  34.0%  40.2  693s
 301640 86120   47.00000   42   28   50.00000   33.00000  34.0%  40.2  700s
 304149 87000   48.00000   50   16   50.00000   33.00000  34.0%  40.2  707s
 306648 87776   44.00000   46   22   50.00000   33.00000  34.0%  40.2  715s
 308926 88508   33.32044   37   70   50.00000   33.00000  34.0%  40.2  722s
 311296 89155 infeasible   47        50.00000   33.00000  34.0%  40.2  727s
 313321 89804   46.00000   41   34   50.00000   33.00000  34.0%  40.3  732s
 315495 90343   49.00000   47   29   50.00000   33.00000  34.0%  40.3  739s
 317784 90951   44.00000   48   27   50.00000   33.00000  34.0%  40.3  746s
 319888 91600   46.00000   57   23   50.00000   33.00000  34.0%  40.3  752s
 321944 92182   33.63807   46   61   50.00000   33.00000  34.0%  40.3  758s
 323855 92838   48.00000   44   21   50.00000   33.00000  34.0%  40.3  764s
 325768 93575   44.00000   37   21   50.00000   33.00000  34.0%  40.3  771s
 327936 94280 infeasible   46        50.00000   33.00000  34.0%  40.3  777s
 329845 94867   34.06098   47   34   50.00000   33.00000  34.0%  40.3  782s
 331781 95380   46.00000   43   21   50.00000   33.00000  34.0%  40.4  787s
 333647 95906   47.00000   51   18   50.00000   33.00000  34.0%  40.4  792s
 335493 96431     cutoff   49        50.00000   33.00000  34.0%  40.4  798s
 337657 96883     cutoff   42        50.00000   33.00681  34.0%  40.4  804s
 339506 97352   49.00000   48   12   50.00000   33.00906  34.0%  40.3  810s
 341541 97792 infeasible   45        50.00000   33.01028  34.0%  40.3  815s
 343334 98373   44.00000   51   29   50.00000   33.01028  34.0%  40.3  820s
 345135 98948   33.12057   37   68   50.00000   33.02146  34.0%  40.3  825s
 347164 99461 infeasible   63        50.00000   33.02660  33.9%  40.3  831s
 348972 99973   33.14462   37   66   50.00000   33.02959  33.9%  40.3  838s
 350905 100435   46.00000   48   25   50.00000   33.03914  33.9%  40.3  843s
 352577 101014   42.00000   43   33   50.00000   33.04822  33.9%  40.3  849s
 354425 101544     cutoff   52        50.00000   33.05444  33.9%  40.3  855s
 358205 102698   46.00000   42   31   50.00000   33.06606  33.9%  40.3  865s
 360188 103225   47.00000   51   24   50.00000   33.06716  33.9%  40.3  871s
 362073 103754   45.00000   50   27   50.00000   33.07246  33.9%  40.3  878s
*363199 103741              54      50.0000000   33.07678  33.8%  40.3  878s
 364169 104172   48.00000   50   22   50.00000   33.07940  33.8%  40.3  885s
 366087 104554     cutoff   44        50.00000   33.08094  33.8%  40.3  890s
 369712 105580 infeasible   52        50.00000   33.09940  33.8%  40.2  900s
 371497 106061   48.00000   49   23   50.00000   33.10607  33.8%  40.2  906s
 373384 106530   45.00000   43   38   50.00000   33.11136  33.8%  40.2  912s
 375479 106993 infeasible   49        50.00000   33.11482  33.8%  40.2  917s
 377175 107532     cutoff   47        50.00000   33.12017  33.8%  40.2  923s
 379042 108090 infeasible   46        50.00000   33.13028  33.7%  40.2  927s
 380955 108556   44.00000   40   26   50.00000   33.13721  33.7%  40.1  933s
 382747 109062   49.00000   46   15   50.00000   33.14031  33.7%  40.1  940s
 384658 109530 infeasible   39        50.00000   33.15017  33.7%  40.1  946s
 386474 109991   39.00000   37   43   50.00000   33.16120  33.7%  40.1  952s
 388260 110515   46.00000   45   26   50.00000   33.16517  33.7%  40.1  958s
 390104 111106   39.00000   44   39   50.00000   33.16849  33.7%  40.1  963s
 392138 111576   46.00000   51   28   50.00000   33.17972  33.6%  40.1  969s
 393853 112063   46.00000   52   38   50.00000   33.19108  33.6%  40.1  974s
 395675 112661   47.00000   42   29   50.00000   33.20132  33.6%  40.1  981s
 397740 113135   47.00000   51   22   50.00000   33.20997  33.6%  40.0  987s
 399474 113771   46.00000   41   26   50.00000   33.21482  33.6%  40.0  993s
 401517 114296   46.00000   47   22   50.00000   33.22628  33.5%  40.0  998s
 403455 114706   49.00000   51   19   50.00000   33.23569  33.5%  40.0 1004s
 405273 115149 infeasible   51        50.00000   33.24285  33.5%  40.0 1010s
 407196 115552   48.00000   42   24   50.00000   33.24750  33.5%  40.0 1016s
 408983 116149     cutoff   50        50.00000   33.26192  33.5%  40.0 1023s
 411028 116610   47.00000   46   29   50.00000   33.27594  33.4%  40.0 1027s
 412786 117077     cutoff   52        50.00000   33.27771  33.4%  39.9 1031s
 414464 117639 infeasible   51        50.00000   33.28956  33.4%  39.9 1037s
 416370 118066   48.00000   48   29   50.00000   33.29889  33.4%  39.9 1043s
 417996 118551   46.00000   41   24   50.00000   33.30304  33.4%  39.9 1049s
 419870 118935   48.00000   48   24   50.00000   33.31372  33.4%  39.9 1056s
 421570 119384   48.00000   38   19   50.00000   33.32653  33.3%  39.9 1061s
 423333 119941 infeasible   52        50.00000   33.33458  33.3%  39.9 1066s
 425329 120341     cutoff   58        50.00000   33.34574  33.3%  39.9 1072s
 427058 120913     cutoff   50        50.00000   33.35324  33.3%  39.9 1079s
 429118 121350 infeasible   52        50.00000   33.37429  33.3%  39.9 1085s
 430732 121792   48.00000   46   24   50.00000   33.38551  33.2%  39.8 1090s
 432559 122352   49.00000   52   19   50.00000   33.40036  33.2%  39.8 1096s
 434596 122828   49.00000   46   11   50.00000   33.41568  33.2%  39.8 1101s
 436476 123245   49.00000   49   19   50.00000   33.42370  33.2%  39.8 1107s
 438339 123666 infeasible   48        50.00000   33.43451  33.1%  39.8 1113s
 440056 124152   49.00000   41   28   50.00000   33.44658  33.1%  39.8 1119s
 441823 124764   47.00000   46   32   50.00000   33.45819  33.1%  39.8 1125s
 443895 125242     cutoff   49        50.00000   33.46551  33.1%  39.8 1131s
 445765 125661   47.00000   45   23   50.00000   33.48925  33.0%  39.7 1137s
 447770 126079   49.00000   57   19   50.00000   33.49673  33.0%  39.7 1143s
 449594 126641   49.00000   44   30   50.00000   33.50704  33.0%  39.7 1149s
 451600 127124   46.00000   47   29   50.00000   33.53061  32.9%  39.7 1153s
 453379 127665   41.00000   45   30   50.00000   33.55000  32.9%  39.7 1160s
 455249 128234   44.00000   46   29   50.00000   33.55796  32.9%  39.6 1167s
 457342 128650   46.00000   38   38   50.00000   33.57593  32.8%  39.6 1173s
 459141 128974   46.00000   56   26   50.00000   33.58965  32.8%  39.6 1179s
 460913 129497   41.00000   38   53   50.00000   33.60799  32.8%  39.6 1185s
 462759 129965   46.00000   54   33   50.00000   33.61123  32.8%  39.6 1191s
 464517 130392   34.09353   47   67   50.00000   33.61123  32.8%  39.6 1197s
 466359 130874   46.00000   51   18   50.00000   33.64417  32.7%  39.5 1202s
 468048 131179   48.00000   54   26   50.00000   33.65741  32.7%  39.5 1207s
 469758 131507   44.00000   39   34   50.00000   33.66655  32.7%  39.5 1212s
 471439 132089   47.00000   39   31   50.00000   33.67532  32.6%  39.5 1218s
 473348 132646   48.00000   44   26   50.00000   33.71079  32.6%  39.5 1225s
 475356 133017 infeasible   48        50.00000   33.73414  32.5%  39.5 1231s
 477117 133477   46.00000   42   31   50.00000   33.75359  32.5%  39.5 1237s
 479136 133886 infeasible   43        50.00000   33.76668  32.5%  39.5 1244s
 480932 134276   49.00000   49   28   50.00000   33.80045  32.4%  39.5 1250s
 482839 134751   46.00000   54   23   50.00000   33.81526  32.4%  39.4 1257s
 484794 135141   44.00000   42   36   50.00000   33.84964  32.3%  39.4 1263s
 486618 135629   46.00000   44   30   50.00000   33.86897  32.3%  39.4 1269s
 488594 136075 infeasible   47        50.00000   33.90849  32.2%  39.4 1273s
 490390 136412   49.00000   50   30   50.00000   33.92038  32.2%  39.4 1279s
 492003 136803   47.00000   44   25   50.00000   33.92038  32.2%  39.4 1286s
 494048 137264   47.00000   48   22   50.00000   33.95556  32.1%  39.4 1293s
 495840 137829   46.00000   54   21   50.00000   34.00000  32.0%  39.4 1299s
 497816 138220 infeasible   54        50.00000   34.00000  32.0%  39.4 1305s
 499557 138656 infeasible   58        50.00000   34.00000  32.0%  39.4 1312s
 501692 139151   46.00000   44   21   50.00000   34.00000  32.0%  39.4 1319s
 503628 139584   46.00000   42   20   50.00000   34.00000  32.0%  39.4 1327s
 505498 140032   46.00000   47   26   50.00000   34.07410  31.9%  39.4 1333s
 507738 140475 infeasible   43        50.00000   34.14503  31.7%  39.4 1339s
 509599 140836   49.00000   42   24   50.00000   34.23077  31.5%  39.3 1344s
 511472 141180   36.00000   46   41   50.00000   34.26857  31.5%  39.3 1351s
 513230 141653   49.00000   45   43   50.00000   34.33660  31.3%  39.3 1357s
 515026 142125   48.00000   41   22   50.00000   34.38326  31.2%  39.3 1364s
 516935 142498 infeasible   51        50.00000   34.55278  30.9%  39.3 1370s
 518654 143085   36.00000   39   40   50.00000   34.55278  30.9%  39.3 1375s
 520706 143803   46.00000   53   29   50.00000   35.00000  30.0%  39.3 1384s
 523081 144685 infeasible   58        50.00000   35.00000  30.0%  39.3 1392s
 525845 145429 infeasible   53        50.00000   35.00000  30.0%  39.3 1401s
 528146 146117 infeasible   46        50.00000   35.00000  30.0%  39.2 1407s
 530469 146856   35.00000   39   37   50.00000   35.00000  30.0%  39.2 1415s
 533053 147497   35.00000   40   39   50.00000   35.00000  30.0%  39.2 1423s
 535341 148129     cutoff   58        50.00000   35.00000  30.0%  39.2 1432s
 537839 148800 infeasible   66        50.00000   35.00000  30.0%  39.2 1439s
 540248 149515 infeasible   49        50.00000   35.00000  30.0%  39.1 1446s
 542539 150419   40.00000   40   37   50.00000   35.00000  30.0%  39.1 1454s
 545221 151135 infeasible   45        50.00000   35.00000  30.0%  39.1 1462s
 547394 151756   40.00000   38   34   50.00000   35.00000  30.0%  39.1 1470s
 549769 152356 infeasible   58        50.00000   35.00000  30.0%  39.1 1476s
 552005 152952   35.00000   43   60   50.00000   35.00000  30.0%  39.0 1483s
 554198 153581   46.00000   48   26   50.00000   35.00000  30.0%  39.0 1491s
 556510 154177 infeasible   48        50.00000   35.00000  30.0%  39.0 1499s
 558610 154990 infeasible   42        50.00000   35.00000  30.0%  39.0 1507s
 561037 155647 infeasible   46        50.00000   35.00000  30.0%  39.0 1513s
 562987 156157   46.00000   39   24   50.00000   35.00000  30.0%  39.0 1519s
 565026 156989   43.00000   40   22   50.00000   35.00000  30.0%  39.0 1527s
 567480 157576   41.00000   45   40   50.00000   35.00000  30.0%  38.9 1534s
 569404 158224   47.00000   53   31   50.00000   35.00000  30.0%  38.9 1541s
 571504 158767   47.00000   52   21   50.00000   35.00000  30.0%  38.9 1547s
 573394 159267 infeasible   51        50.00000   35.00000  30.0%  38.9 1552s
 575217 159914   47.00000   45   25   50.00000   35.00000  30.0%  38.9 1560s
 577607 160455 infeasible   48        50.00000   35.00000  30.0%  38.9 1566s
 579453 161052   42.00000   43   43   50.00000   35.00000  30.0%  38.9 1572s
 581447 161647 infeasible   50        50.00000   35.00000  30.0%  38.9 1579s
 583395 162253   44.00000   45   29   50.00000   35.00000  30.0%  38.8 1585s
 585331 162794   40.00000   48   34   50.00000   35.00000  30.0%  38.8 1590s
 587271 163187   46.00000   52   24   50.00000   35.00000  30.0%  38.8 1596s
 589150 163686   46.00000   42   33   50.00000   35.00000  30.0%  38.8 1603s
 591138 164138 infeasible   51        50.00000   35.17905  29.6%  38.8 1610s
 592923 164956   36.00000   40   44   50.00000   36.00000  28.0%  38.8 1620s
 595912 165577     cutoff   46        50.00000   36.00000  28.0%  38.8 1629s
 598689 166210   49.00000   42   20   50.00000   36.00000  28.0%  38.7 1638s
 601278 167018   47.00000   48   27   50.00000   36.00000  28.0%  38.7 1649s
 604281 167703   46.00000   51   21   50.00000   36.00000  28.0%  38.7 1656s
 606872 168313   37.00000   40   54   50.00000   36.00000  28.0%  38.7 1667s
 609751 168961   49.00000   51   23   50.00000   36.00000  28.0%  38.6 1678s
 612490 169554   49.00000   42   23   50.00000   36.00000  28.0%  38.6 1687s
 615355 170212     cutoff   48        50.00000   36.00000  28.0%  38.6 1697s
 618025 170775   49.00000   44   21   50.00000   36.00000  28.0%  38.6 1707s
 620744 171481   47.00000   48   24   50.00000   36.00000  28.0%  38.6 1717s
 623525 172115 infeasible   57        50.00000   36.00000  28.0%  38.5 1726s
 626244 172864 infeasible   48        50.00000   36.00000  28.0%  38.5 1736s
 629185 173578 infeasible   45        50.00000   36.00000  28.0%  38.5 1746s
 631854 174237 infeasible   57        50.00000   36.00000  28.0%  38.5 1755s
 634695 174947 infeasible   47        50.00000   36.00000  28.0%  38.5 1764s
 637567 175610   49.00000   55   33   50.00000   36.00000  28.0%  38.4 1774s
 640155 176408   49.00000   43   28   50.00000   36.00000  28.0%  38.4 1784s
 643014 177093   44.00000   45   31   50.00000   36.00000  28.0%  38.4 1792s
 645597 177727     cutoff   41        50.00000   36.00000  28.0%  38.4 1801s
 648293 178587   49.00000   39   26   50.00000   36.00000  28.0%  38.4 1811s
 651207 179139   46.00000   46   25   50.00000   36.00000  28.0%  38.3 1820s
 653513 179839   49.00000   43   18   50.00000   36.00000  28.0%  38.3 1829s
 656287 180400     cutoff   54        50.00000   36.00000  28.0%  38.3 1838s
 658585 180937 infeasible   52        50.00000   36.00000  28.0%  38.3 1847s
 660994 181438 infeasible   47        50.00000   36.00000  28.0%  38.3 1856s
 663497 181916 infeasible   52        50.00000   36.00000  28.0%  38.3 1862s
 665655 182516 infeasible   56        50.00000   36.00000  28.0%  38.3 1870s
 668098 182996 infeasible   52        50.00000   36.00000  28.0%  38.3 1878s
 670181 183497   47.00000   54   36   50.00000   36.00000  28.0%  38.3 1886s
 672259 183893 infeasible   55        50.00000   36.00000  28.0%  38.3 1892s
 674207 184288   47.00000   47   32   50.00000   36.00000  28.0%  38.3 1897s
 676099 184729   49.00000   54   12   50.00000   36.00000  28.0%  38.2 1904s
 678118 185065   44.00000   45   35   50.00000   36.00000  28.0%  38.2 1910s
 679808 185472     cutoff   51        50.00000   36.00000  28.0%  38.2 1917s
 681828 185968   49.00000   39   27   50.00000   36.00000  28.0%  38.2 1924s
 683820 186677   47.00000   44   33   50.00000   37.00000  26.0%  38.2 1932s
 686671 187280   46.00000   46   43   50.00000   37.00000  26.0%  38.2 1943s
 689334 187995   37.00000   45   42   50.00000   37.00000  26.0%  38.2 1954s
 692226 188572   47.00000   48   21   50.00000   37.00000  26.0%  38.1 1963s
 695013 189168     cutoff   50        50.00000   37.00000  26.0%  38.1 1973s
 697757 189835   47.00000   46   25   50.00000   37.00000  26.0%  38.1 1985s
 700806 190388     cutoff   43        50.00000   37.00000  26.0%  38.1 1993s
 703398 190911   47.00000   54   21   50.00000   37.00000  26.0%  38.0 2001s
 706034 191584   40.00000   42   23   50.00000   37.00000  26.0%  38.0 2011s
 709053 192242     cutoff   44        50.00000   37.00000  26.0%  38.0 2020s
 711612 192915   49.00000   55   28   50.00000   37.00000  26.0%  38.0 2030s
 714457 193486   49.00000   50   11   50.00000   37.00000  26.0%  38.0 2040s
 716845 194079   47.00000   43   18   50.00000   37.00000  26.0%  38.0 2050s
 719572 194787   47.00000   44   15   50.00000   37.00000  26.0%  37.9 2060s
 722614 195279   46.00000   51   20   50.00000   37.00000  26.0%  37.9 2069s
 725018 195940 infeasible   56        50.00000   37.00000  26.0%  37.9 2080s
 727906 196558   49.00000   51   17   50.00000   37.00000  26.0%  37.9 2089s
 730557 197113 infeasible   53        50.00000   37.00000  26.0%  37.9 2099s
 733255 197862 infeasible   48        50.00000   37.00000  26.0%  37.9 2110s
 736264 198484   47.00000   36   24   50.00000   37.00000  26.0%  37.8 2119s
 738983 199173 infeasible   49        50.00000   37.00000  26.0%  37.8 2127s
 741774 199749   47.00000   47   22   50.00000   37.00000  26.0%  37.8 2139s
 744597 200449   47.00000   51   26   50.00000   37.00000  26.0%  37.8 2150s
 747464 201157   49.00000   48   30   50.00000   37.00000  26.0%  37.8 2159s
 750333 201813 infeasible   54        50.00000   37.00000  26.0%  37.7 2168s
 752925 202550   42.00000   40   38   50.00000   37.00000  26.0%  37.7 2178s
 755772 203332   37.00000   43   43   50.00000   37.00000  26.0%  37.7 2188s
 758599 203934 infeasible   50        50.00000   37.00000  26.0%  37.7 2196s
 761130 204665   49.00000   47   27   50.00000   37.00000  26.0%  37.7 2206s
 763991 205398   48.00000   53   18   50.00000   37.00000  26.0%  37.7 2218s
 766855 206055   37.00000   35   40   50.00000   37.00000  26.0%  37.6 2227s
 769772 206698 infeasible   48        50.00000   37.00000  26.0%  37.6 2236s
 772450 207320 infeasible   51        50.00000   37.00000  26.0%  37.6 2247s
 775036 207936 infeasible   58        50.00000   37.00000  26.0%  37.6 2257s
 777664 208532   46.00000   48   27   50.00000   37.00000  26.0%  37.6 2265s
 780536 209156     cutoff   41        50.00000   37.00000  26.0%  37.6 2275s
 783090 209831   44.00000   46   36   50.00000   37.00000  26.0%  37.6 2285s
 785750 210681   47.00000   53   29   50.00000   37.00000  26.0%  37.5 2295s
 788939 211353   49.00000   59   20   50.00000   37.00000  26.0%  37.5 2304s
 791306 212007   44.00000   46   23   50.00000   37.00000  26.0%  37.5 2314s
 793847 212593   49.00000   52   25   50.00000   37.00000  26.0%  37.5 2324s
 796846 213183   44.00000   45   29   50.00000   37.00000  26.0%  37.5 2333s
 799291 213944   46.00000   46   33   50.00000   37.00000  26.0%  37.5 2344s
 802172 214579   46.00000   52   19   50.00000   37.00000  26.0%  37.5 2352s
 804652 215269   37.00000   44   31   50.00000   37.00000  26.0%  37.4 2361s
 807481 215990 infeasible   52        50.00000   37.00000  26.0%  37.4 2372s
 810260 216638 infeasible   53        50.00000   37.00000  26.0%  37.4 2383s
 812869 217258 infeasible   44        50.00000   37.00000  26.0%  37.4 2392s
 815513 217886   46.00000   45   24   50.00000   37.00000  26.0%  37.4 2401s
 817928 218534   47.00000   56   24   50.00000   37.00000  26.0%  37.4 2410s
 820696 219200 infeasible   59        50.00000   37.00000  26.0%  37.4 2419s
 823140 219702   47.00000   45   23   50.00000   37.00000  26.0%  37.4 2427s
 825522 220342   49.00000   53   17   50.00000   37.00000  26.0%  37.3 2436s
 828198 220898   46.00000   42   31   50.00000   37.00000  26.0%  37.3 2445s
 830409 221488   47.00000   49    9   50.00000   37.00000  26.0%  37.3 2454s
 832864 222157 infeasible   61        50.00000   37.00000  26.0%  37.3 2461s
 835210 222794   47.00000   48   17   50.00000   37.00000  26.0%  37.3 2469s
 837362 223419   49.00000   54   33   50.00000   37.00000  26.0%  37.3 2477s
 839715 223968   49.00000   46   39   50.00000   37.00000  26.0%  37.3 2485s
 841838 224563 infeasible   47        50.00000   37.00000  26.0%  37.2 2493s
 844258 224992 infeasible   49        50.00000   37.00000  26.0%  37.2 2499s
 846313 225500   40.00000   53   29   50.00000   37.00000  26.0%  37.2 2507s
 848439 226024   49.00000   40   33   50.00000   37.00000  26.0%  37.2 2515s
 850659 226563 infeasible   51        50.00000   37.00000  26.0%  37.2 2523s
 852736 227060   46.00000   53   30   50.00000   37.00000  26.0%  37.2 2529s
 854903 227539   46.00000   57   30   50.00000   37.00000  26.0%  37.2 2536s
 856906 227959   49.00000   53   31   50.00000   37.00000  26.0%  37.2 2543s
 858798 228497     cutoff   49        50.00000   37.00000  26.0%  37.2 2551s
 860909 228842 infeasible   54        50.00000   37.00000  26.0%  37.2 2558s
 862707 229222 infeasible   67        50.00000   37.00000  26.0%  37.2 2563s
 864542 229690   49.00000   44   24   50.00000   37.00000  26.0%  37.2 2570s
 866658 230199   47.00000   51   14   50.00000   37.00000  26.0%  37.1 2578s
 868685 230866     cutoff   50        50.00000   38.00000  24.0%  37.1 2589s
 871594 231377 infeasible   46        50.00000   38.00000  24.0%  37.1 2597s
 874179 231953 infeasible   44        50.00000   38.00000  24.0%  37.1 2607s
 876941 232602   47.00000   40   20   50.00000   38.00000  24.0%  37.1 2618s
 879922 233053   47.00000   41   31   50.00000   38.00000  24.0%  37.1 2627s
 882472 233677   46.00000   41   26   50.00000   38.00000  24.0%  37.1 2638s
 885381 234209 infeasible   55        50.00000   38.00000  24.0%  37.1 2648s
 888149 234720 infeasible   46        50.00000   38.00000  24.0%  37.0 2657s
 890649 235351   45.00000   52   29   50.00000   38.00000  24.0%  37.0 2666s
 893639 235902   42.00000   45   39   50.00000   38.00000  24.0%  37.0 2676s
 896039 236531   46.00000   43   27   50.00000   38.00000  24.0%  37.0 2686s
 898712 237074     cutoff   48        50.00000   38.00000  24.0%  37.0 2696s
 901694 237733     cutoff   52        50.00000   38.00000  24.0%  37.0 2706s
 904249 238278   49.00000   58   30   50.00000   38.00000  24.0%  37.0 2716s
 907047 238732   48.00000   56   20   50.00000   38.00000  24.0%  37.0 2725s
 909522 239292     cutoff   40        50.00000   38.00000  24.0%  37.0 2735s
 912096 239941 infeasible   47        50.00000   38.00000  24.0%  36.9 2746s
 915000 240471   47.00000   62   18   50.00000   38.00000  24.0%  36.9 2757s
 917637 241094   46.00000   52   21   50.00000   38.00000  24.0%  36.9 2766s
 920284 241588 infeasible   50        50.00000   38.00000  24.0%  36.9 2776s
 922978 242244   47.00000   44   32   50.00000   38.00000  24.0%  36.9 2787s
 926063 242769   47.00000   49   19   50.00000   38.00000  24.0%  36.9 2795s
 928575 243347   44.00000   43   34   50.00000   38.00000  24.0%  36.9 2805s
 931056 244006   46.00000   49   19   50.00000   38.00000  24.0%  36.9 2815s
 933940 244537 infeasible   52        50.00000   38.00000  24.0%  36.9 2825s
 936655 244993   46.00000   47   21   50.00000   38.00000  24.0%  36.8 2833s
 939168 245675 infeasible   52        50.00000   38.00000  24.0%  36.8 2844s
 942107 246304   44.00000   48   31   50.00000   38.00000  24.0%  36.8 2854s
 944659 246896   47.00000   46   14   50.00000   38.00000  24.0%  36.8 2864s
 947660 247507   47.00000   50   29   50.00000   38.00000  24.0%  36.8 2874s
 950260 247997 infeasible   63        50.00000   38.00000  24.0%  36.8 2884s
 952887 248570   47.00000   50   30   50.00000   38.00000  24.0%  36.8 2893s
 955569 249109   45.00000   51   22   50.00000   38.00000  24.0%  36.8 2901s
 958100 249770   46.00000   44   37   50.00000   38.00000  24.0%  36.8 2912s
 960963 250360   44.00000   40   34   50.00000   38.00000  24.0%  36.8 2923s
 963525 250910     cutoff   60        50.00000   38.00000  24.0%  36.8 2933s
 966148 251484   49.00000   53   24   50.00000   38.00000  24.0%  36.7 2944s
 968903 252057   38.00000   46   33   50.00000   38.00000  24.0%  36.7 2954s
 971579 252612   48.00000   51   21   50.00000   38.00000  24.0%  36.7 2963s
 974514 253051 infeasible   58        50.00000   38.00000  24.0%  36.7 2974s
 977142 253556   38.00000   49   47   50.00000   38.00000  24.0%  36.7 2985s
 979761 254142   47.00000   49   23   50.00000   38.00000  24.0%  36.7 2995s
 982703 254686   38.00000   42   41   50.00000   38.00000  24.0%  36.7 3005s
 985369 255392   49.00000   50   30   50.00000   38.00000  24.0%  36.7 3016s
 988443 255898     cutoff   52        50.00000   38.00000  24.0%  36.7 3026s
 990976 256471 infeasible   58        50.00000   38.00000  24.0%  36.7 3036s
 993736 257135 infeasible   56        50.00000   38.00000  24.0%  36.7 3048s
 996632 257688 infeasible   57        50.00000   38.00000  24.0%  36.7 3058s
 999157 258220   47.00000   46   20   50.00000   38.00000  24.0%  36.7 3067s
 1001814 258750   49.00000   51   29   50.00000   38.00000  24.0%  36.7 3078s
 1004589 259299   49.00000   58    7   50.00000   38.00000  24.0%  36.6 3089s
 1007312 259890   47.00000   49   37   50.00000   38.00000  24.0%  36.6 3098s
 1010299 260458 infeasible   48        50.00000   38.00000  24.0%  36.6 3109s
 1012997 261057   46.00000   51   23   50.00000   38.00000  24.0%  36.6 3121s
 1015829 261650   47.00000   51   19   50.00000   38.00000  24.0%  36.6 3131s
 1018776 262206   49.00000   41   26   50.00000   38.00000  24.0%  36.6 3141s
 1021478 262762 infeasible   51        50.00000   38.00000  24.0%  36.6 3152s
 1024284 263212   47.00000   50   13   50.00000   38.00000  24.0%  36.6 3161s
 1026849 263784 infeasible   46        50.00000   38.00000  24.0%  36.6 3172s
 1029844 264237 infeasible   50        50.00000   38.00000  24.0%  36.5 3182s
 1032393 264705   49.00000   48   21   50.00000   38.00000  24.0%  36.5 3192s
 1035097 265298     cutoff   49        50.00000   38.00000  24.0%  36.5 3202s
 1038251 265787   46.00000   49   20   50.00000   38.00000  24.0%  36.5 3212s
 1040608 266286     cutoff   48        50.00000   38.00000  24.0%  36.5 3223s
 1043273 266900   47.00000   46   26   50.00000   38.00000  24.0%  36.5 3233s
 1045883 267461 infeasible   58        50.00000   38.00000  24.0%  36.5 3243s
 1048546 268096     cutoff   56        50.00000   38.00000  24.0%  36.5 3253s
 1051340 268670   48.00000   55   21   50.00000   38.00000  24.0%  36.5 3262s
 1053874 269329   38.00000   40   45   50.00000   38.00000  24.0%  36.5 3273s
 1056798 269836 infeasible   53        50.00000   38.00000  24.0%  36.4 3284s
 1059659 270346   44.00000   50   34   50.00000   38.00000  24.0%  36.4 3293s
 1062180 270950   41.00000   39   30   50.00000   38.00000  24.0%  36.4 3304s
 1065150 271624   49.00000   50   22   50.00000   38.00000  24.0%  36.4 3314s
 1067926 272188   44.00000   41   21   50.00000   38.00000  24.0%  36.4 3324s
 1070769 272754     cutoff   52        50.00000   38.00000  24.0%  36.4 3333s
 1073386 273336   46.00000   40   23   50.00000   38.00000  24.0%  36.4 3343s
 1076003 273947   47.00000   47   13   50.00000   38.00000  24.0%  36.4 3355s
 1078984 274580   44.00000   48   37   50.00000   38.00000  24.0%  36.4 3364s
 1081682 275246 infeasible   45        50.00000   38.00000  24.0%  36.4 3374s
 1084736 275884   49.00000   46   16   50.00000   38.00000  24.0%  36.3 3385s
 1087306 276588   46.00000   47   28   50.00000   38.00000  24.0%  36.3 3395s
 1090283 276992     cutoff   44        50.00000   38.00000  24.0%  36.3 3404s
 1092748 277588   41.00000   35   33   50.00000   38.00000  24.0%  36.3 3415s
 1095481 278125   47.00000   46   22   50.00000   38.00000  24.0%  36.3 3426s
 1098174 278628   49.00000   50   17   50.00000   38.00000  24.0%  36.3 3433s
 1100727 279312   46.00000   46   27   50.00000   38.00000  24.0%  36.3 3444s
 1103785 279724   49.00000   43   34   50.00000   38.00000  24.0%  36.3 3454s
 1106068 280279   47.00000   54   17   50.00000   38.00000  24.0%  36.3 3463s
 1108664 281017 infeasible   53        50.00000   38.00000  24.0%  36.3 3473s
 1111461 281604 infeasible   49        50.00000   38.00000  24.0%  36.3 3483s
 1114065 282205 infeasible   51        50.00000   38.00000  24.0%  36.3 3492s
 1116686 282749   49.00000   53   23   50.00000   38.00000  24.0%  36.3 3499s
 1119039 283242   42.00000   47   31   50.00000   38.00000  24.0%  36.3 3508s
 1121265 283737 infeasible   49        50.00000   38.00000  24.0%  36.3 3517s
 1123783 284271     cutoff   44        50.00000   38.00000  24.0%  36.2 3525s
 1125970 284814   46.00000   48   20   50.00000   38.00000  24.0%  36.2 3534s
 1128336 285246   49.00000   60   10   50.00000   38.00000  24.0%  36.2 3541s
 1130254 285599   46.00000   50   28   50.00000   38.00000  24.0%  36.2 3549s
 1132275 286090     cutoff   54        50.00000   38.00000  24.0%  36.2 3556s
 1134377 286470   46.00000   62   28   50.00000   38.00000  24.0%  36.2 3562s
 1136358 287027   47.00000   52   15   50.00000   38.00000  24.0%  36.2 3569s
 1138413 287405 infeasible   51        50.00000   38.00000  24.0%  36.2 3577s
 1140228 287750 infeasible   51        50.00000   38.00000  24.0%  36.2 3583s
 1141970 288126   49.00000   45   33   50.00000   38.00000  24.0%  36.2 3590s
 1143805 288446 infeasible   47        50.00000   38.00000  24.0%  36.3 3595s
 1145603 288837   47.00000   43   22   50.00000   38.00000  24.0%  36.3 3603s
 1147475 289066   47.00000   56   19   50.00000   38.00000  24.0%  36.3 3609s
 1149090 289364 infeasible   52        50.00000   38.00000  24.0%  36.3 3616s
 1151255 289746   49.00000   46   26   50.00000   39.00000  22.0%  36.3 3627s
 1154071 290189     cutoff   52        50.00000   39.00000  22.0%  36.2 3638s
 1156944 290518 infeasible   51        50.00000   39.00000  22.0%  36.2 3649s
 1159432 290886   46.00000   52   35   50.00000   39.00000  22.0%  36.2 3659s
 1161963 291298 infeasible   49        50.00000   39.00000  22.0%  36.2 3668s
 1164503 291719 infeasible   54        50.00000   39.00000  22.0%  36.2 3676s
 1166821 292165   49.00000   46   24   50.00000   39.00000  22.0%  36.2 3686s
 1169135 292475   41.00000   47   41   50.00000   39.00000  22.0%  36.2 3693s
 1171197 292784   44.00000   49   38   50.00000   39.00000  22.0%  36.2 3700s
 1173099 293119     cutoff   50        50.00000   39.00000  22.0%  36.2 3709s
 1175305 293441   47.00000   41   29   50.00000   39.00000  22.0%  36.2 3716s
 1177228 293733   47.00000   46   15   50.00000   39.00000  22.0%  36.2 3723s
 1179191 293981   49.00000   49   36   50.00000   39.00000  22.0%  36.2 3729s
 1181081 294433   48.00000   48   27   50.00000   40.00000  20.0%  36.2 3740s
 1184017 294857 infeasible   47        50.00000   40.00000  20.0%  36.2 3751s
 1186896 295387   46.00000   48   23   50.00000   40.00000  20.0%  36.2 3761s
 1189590 295923   49.00000   55   24   50.00000   40.00000  20.0%  36.2 3772s
 1192576 296562 infeasible   49        50.00000   40.00000  20.0%  36.2 3783s
 1195447 297035 infeasible   51        50.00000   40.00000  20.0%  36.2 3793s
 1198006 297626   46.00000   49   14   50.00000   40.00000  20.0%  36.2 3802s
 1200823 298124   49.00000   35   27   50.00000   40.00000  20.0%  36.2 3813s
 1203440 298652 infeasible   43        50.00000   40.00000  20.0%  36.2 3824s
 1206444 299107   47.00000   52   33   50.00000   40.00000  20.0%  36.1 3834s
 1208953 299592     cutoff   47        50.00000   40.00000  20.0%  36.1 3844s
 1211530 300063   40.00000   48   38   50.00000   40.00000  20.0%  36.1 3855s
 1214256 300613   46.00000   49   25   50.00000   40.00000  20.0%  36.1 3864s
 1216954 301068   48.00000   54   20   50.00000   40.00000  20.0%  36.1 3875s
 1219582 301599   42.00000   43   35   50.00000   40.00000  20.0%  36.1 3887s
 1222632 302115 infeasible   47        50.00000   40.00000  20.0%  36.1 3896s
 1225435 302658   41.00000   46   33   50.00000   40.00000  20.0%  36.1 3908s
 1228341 303047   46.00000   37   29   50.00000   40.00000  20.0%  36.1 3918s
 1230839 303514 infeasible   56        50.00000   40.00000  20.0%  36.1 3927s
 1233447 304164   47.00000   59   23   50.00000   40.00000  20.0%  36.1 3939s
 1236501 304626 infeasible   57        50.00000   40.00000  20.0%  36.1 3950s
 1239393 305169   49.00000   43   33   50.00000   40.00000  20.0%  36.1 3960s
 1242125 305575 infeasible   50        50.00000   40.00000  20.0%  36.1 3970s
 1244755 306047   41.00000   42   33   50.00000   40.00000  20.0%  36.1 3980s
 1247339 306597   46.00000   45   31   50.00000   40.00000  20.0%  36.1 3992s
 1250375 307091   46.00000   41   31   50.00000   40.00000  20.0%  36.0 4001s
 1253034 307604   49.00000   57   19   50.00000   40.00000  20.0%  36.0 4012s
 1255918 308158   44.00000   44   30   50.00000   40.00000  20.0%  36.0 4023s
 1258783 308643     cutoff   50        50.00000   40.00000  20.0%  36.0 4032s
 1261520 309249   46.00000   43   24   50.00000   40.00000  20.0%  36.0 4044s
 1264522 309705     cutoff   54        50.00000   40.00000  20.0%  36.0 4055s
 1267182 310200   47.00000   60   27   50.00000   40.00000  20.0%  36.0 4064s
 1269935 310746   48.00000   42   25   50.00000   40.00000  20.0%  36.0 4075s
 1272538 311215 infeasible   51        50.00000   40.00000  20.0%  36.0 4086s
 1275285 311692   47.00000   49   29   50.00000   40.00000  20.0%  36.0 4096s
 1278199 312218 infeasible   57        50.00000   40.00000  20.0%  36.0 4106s
 1280964 312763   47.00000   53   23   50.00000   40.00000  20.0%  36.0 4118s
 1284042 313291   49.00000   43   26   50.00000   40.00000  20.0%  35.9 4127s
 1286602 313736     cutoff   50        50.00000   40.00000  20.0%  35.9 4137s
 1289051 314335 infeasible   52        50.00000   40.00000  20.0%  35.9 4148s
 1291969 314684   47.00000   55   20   50.00000   40.00000  20.0%  35.9 4157s
 1294436 315138     cutoff   46        50.00000   40.00000  20.0%  35.9 4167s
 1296997 315780     cutoff   49        50.00000   40.00000  20.0%  35.9 4179s
 1300043 316132 infeasible   52        50.00000   40.00000  20.0%  35.9 4189s
 1302497 316564   49.00000   51   14   50.00000   40.00000  20.0%  35.9 4198s
 1305231 317002   40.00000   50   30   50.00000   40.00000  20.0%  35.9 4209s
 1307811 317441 infeasible   59        50.00000   40.00000  20.0%  35.9 4221s
 1310511 317937 infeasible   50        50.00000   40.00000  20.0%  35.9 4232s
 1313629 318406     cutoff   39        50.00000   40.00000  20.0%  35.9 4243s
 1316385 318888   48.00000   50   12   50.00000   40.00000  20.0%  35.9 4254s
 1319098 319421   49.00000   49   29   50.00000   40.00000  20.0%  35.9 4264s
 1321943 319989 infeasible   52        50.00000   40.00000  20.0%  35.9 4274s
 1324606 320491   40.00000   48   35   50.00000   40.00000  20.0%  35.9 4286s
 1327713 320970     cutoff   50        50.00000   40.00000  20.0%  35.9 4296s
 1330415 321477   48.00000   43   21   50.00000   40.00000  20.0%  35.9 4307s
 1333243 322072   41.00000   55   34   50.00000   40.00000  20.0%  35.9 4319s
 1336242 322542 infeasible   46        50.00000   40.00000  20.0%  35.8 4328s
 1338833 323192   48.00000   66   10   50.00000   40.00000  20.0%  35.8 4339s
 1341848 323770   46.00000   52   27   50.00000   40.00000  20.0%  35.8 4350s
 1344626 324193 infeasible   51        50.00000   40.00000  20.0%  35.8 4360s
 1347165 324727 infeasible   57        50.00000   40.00000  20.0%  35.8 4370s
 1350017 325269   45.00000   50   14   50.00000   40.00000  20.0%  35.8 4381s
 1352821 325746 infeasible   58        50.00000   40.00000  20.0%  35.8 4392s
 1355668 326139 infeasible   52        50.00000   40.00000  20.0%  35.8 4401s
 1358292 326621   46.00000   61   25   50.00000   40.00000  20.0%  35.8 4412s
 1360945 327126     cutoff   49        50.00000   40.00000  20.0%  35.8 4423s
 1363792 327579   46.00000   55   21   50.00000   40.00000  20.0%  35.8 4433s
 1366333 328130   46.00000   48   29   50.00000   40.00000  20.0%  35.8 4445s
 1369194 328495   45.00000   46   21   50.00000   40.00000  20.0%  35.8 4455s
 1371777 328876 infeasible   46        50.00000   40.00000  20.0%  35.8 4464s
 1374319 329468 infeasible   46        50.00000   40.00000  20.0%  35.8 4476s
 1377585 329881   48.00000   48   24   50.00000   40.00000  20.0%  35.8 4487s
 1380100 330418   40.00000   41   31   50.00000   40.00000  20.0%  35.8 4497s
 1383060 330882 infeasible   51        50.00000   40.00000  20.0%  35.8 4508s
 1385606 331333 infeasible   54        50.00000   40.00000  20.0%  35.8 4517s
 1388080 331732   44.00000   52   33   50.00000   40.00000  20.0%  35.8 4526s
 1390587 332133   41.00000   55   34   50.00000   40.00000  20.0%  35.8 4535s
 1392885 332492   46.00000   48   16   50.00000   40.00000  20.0%  35.8 4545s
 1395156 332830   42.00000   52   23   50.00000   40.00000  20.0%  35.7 4553s
 1397163 333272 infeasible   54        50.00000   40.00000  20.0%  35.7 4561s
 1399419 333611   41.00000   43   25   50.00000   40.00000  20.0%  35.7 4569s
 1401634 333960   46.00000   43   23   50.00000   40.00000  20.0%  35.7 4577s
 1403698 334426   42.00000   51   37   50.00000   40.00000  20.0%  35.7 4585s
 1405871 334947   47.00000   45   20   50.00000   41.00000  18.0%  35.7 4595s
 1408872 335505 infeasible   60        50.00000   41.00000  18.0%  35.7 4607s
 1411805 336053   41.00000   51   20   50.00000   41.00000  18.0%  35.7 4618s
 1414611 336679   42.00000   46   30   50.00000   41.00000  18.0%  35.7 4628s
 1417421 337298 infeasible   61        50.00000   41.00000  18.0%  35.7 4640s
 1420498 337784   45.00000   43   20   50.00000   41.00000  18.0%  35.7 4650s
 1423135 338252   41.00000   55   36   50.00000   41.00000  18.0%  35.7 4660s
 1425404 338835     cutoff   51        50.00000   41.00000  18.0%  35.7 4669s
 1428261 339303   49.00000   61   11   50.00000   41.00000  18.0%  35.7 4680s
 1430971 339763 infeasible   57        50.00000   41.00000  18.0%  35.7 4691s
 1433850 340224   41.00000   47   27   50.00000   41.00000  18.0%  35.6 4700s
 1436308 340639   46.00000   52   15   50.00000   41.00000  18.0%  35.6 4710s
 1438760 341199     cutoff   50        50.00000   41.00000  18.0%  35.6 4722s
 1441762 341663   49.00000   45   27   50.00000   41.00000  18.0%  35.6 4733s
 1444559 342132 infeasible   47        50.00000   41.00000  18.0%  35.6 4745s
 1447525 342554 infeasible   50        50.00000   41.00000  18.0%  35.6 4754s
 1449994 342979   49.00000   50   21   50.00000   41.00000  18.0%  35.6 4763s
 1452482 343498   41.00000   40   35   50.00000   41.00000  18.0%  35.6 4775s
 1455329 343957     cutoff   48        50.00000   41.00000  18.0%  35.6 4786s
 1458068 344455 infeasible   53        50.00000   41.00000  18.0%  35.6 4796s
 1460632 344844   41.00000   42   23   50.00000   41.00000  18.0%  35.6 4807s
 1463432 345230 infeasible   60        50.00000   41.00000  18.0%  35.6 4818s
 1466066 345693   45.00000   47   31   50.00000   41.00000  18.0%  35.6 4828s
 1468686 346088 infeasible   48        50.00000   41.00000  18.0%  35.6 4840s
 1471433 346602   47.00000   55   25   50.00000   41.00000  18.0%  35.6 4851s
 1474125 347049     cutoff   46        50.00000   41.00000  18.0%  35.6 4862s
 1477069 347542   46.00000   50   26   50.00000   41.00000  18.0%  35.6 4874s
 1479754 347949     cutoff   53        50.00000   41.00000  18.0%  35.6 4885s
 1482536 348358   47.00000   63   21   50.00000   41.00000  18.0%  35.6 4895s
 1485226 348765 infeasible   51        50.00000   41.00000  18.0%  35.6 4906s
 1487747 349257 infeasible   55        50.00000   41.00000  18.0%  35.6 4919s
 1490841 349714   44.00000   42   19   50.00000   41.00000  18.0%  35.6 4929s
 1493535 350151   49.00000   58   19   50.00000   41.00000  18.0%  35.6 4940s
 1496176 350725   46.00000   36   30   50.00000   41.00000  18.0%  35.6 4952s
 1499080 351124   47.00000   53   32   50.00000   41.00000  18.0%  35.6 4962s
 1501731 351623   44.00000   50   33   50.00000   41.00000  18.0%  35.6 4973s
 1504530 352096 infeasible   60        50.00000   41.00000  18.0%  35.6 4984s
 1507168 352566 infeasible   49        50.00000   41.00000  18.0%  35.6 4995s
 1509774 353100   46.00000   42   29   50.00000   41.00000  18.0%  35.6 5006s
 1512820 353514   49.00000   58   18   50.00000   41.00000  18.0%  35.6 5017s
 1515368 354059   41.00000   41   41   50.00000   41.00000  18.0%  35.6 5028s
 1518150 354482 infeasible   42        50.00000   41.00000  18.0%  35.6 5039s
 1520695 354999 infeasible   48        50.00000   41.00000  18.0%  35.6 5050s
 1523308 355469   49.00000   50   25   50.00000   41.00000  18.0%  35.6 5060s
 1526304 355928 infeasible   60        50.00000   41.00000  18.0%  35.6 5071s
 1529038 356423   46.00000   55   28   50.00000   41.00000  18.0%  35.6 5083s
 1531697 356767     cutoff   53        50.00000   41.00000  18.0%  35.6 5093s
 1534214 357243   46.00000   47   34   50.00000   41.00000  18.0%  35.6 5105s
 1536941 357789   47.00000   67   12   50.00000   41.00000  18.0%  35.6 5117s
 1540051 358245   46.00000   47   29   50.00000   41.00000  18.0%  35.6 5127s
 1542807 358740   46.00000   54   22   50.00000   41.00000  18.0%  35.6 5138s
 1545393 359169     cutoff   47        50.00000   41.00000  18.0%  35.6 5150s
 1548079 359657     cutoff   60        50.00000   41.00000  18.0%  35.6 5161s
 1550908 360099   47.00000   48   25   50.00000   41.00000  18.0%  35.6 5172s
 1553742 360521   42.00000   53   33   50.00000   41.00000  18.0%  35.6 5183s
 1556203 360956   49.00000   40   24   50.00000   41.00000  18.0%  35.6 5193s
 1559015 361448   47.00000   50   26   50.00000   41.00000  18.0%  35.6 5205s
 1561691 361937 infeasible   46        50.00000   41.00000  18.0%  35.6 5216s
 1564425 362419 infeasible   53        50.00000   41.00000  18.0%  35.6 5227s
 1567376 362959   41.00000   46   37   50.00000   41.00000  18.0%  35.6 5237s
 1570031 363424 infeasible   57        50.00000   41.00000  18.0%  35.6 5248s
 1572764 363873   41.00000   40   31   50.00000   41.00000  18.0%  35.6 5259s
 1575305 364318 infeasible   43        50.00000   41.00000  18.0%  35.6 5270s
 1578044 364878 infeasible   53        50.00000   41.00000  18.0%  35.6 5282s
 1581007 365383   49.00000   60   16   50.00000   41.00000  18.0%  35.6 5292s
 1583685 365897     cutoff   49        50.00000   41.00000  18.0%  35.6 5302s
 1586341 366372   45.00000   43   28   50.00000   41.00000  18.0%  35.6 5314s
 1589113 366797   42.00000   53   37   50.00000   41.00000  18.0%  35.6 5325s
 1591711 367261   49.00000   51   15   50.00000   41.00000  18.0%  35.6 5337s
 1594585 367701 infeasible   45        50.00000   41.00000  18.0%  35.6 5348s
 1597166 368168   47.00000   49   19   50.00000   41.00000  18.0%  35.6 5358s
 1599918 368672   48.00000   54   16   50.00000   41.00000  18.0%  35.6 5370s
 1602780 369215   49.00000   52   17   50.00000   41.00000  18.0%  35.6 5381s
 1605570 369765   41.00000   43   36   50.00000   41.00000  18.0%  35.6 5391s
 1608269 370328     cutoff   48        50.00000   41.00000  18.0%  35.6 5403s
 1611164 370714     cutoff   53        50.00000   41.00000  18.0%  35.6 5413s
 1613819 371250   46.00000   43   31   50.00000   41.00000  18.0%  35.6 5425s
 1616675 371770   44.00000   44   28   50.00000   41.00000  18.0%  35.6 5435s
 1619132 372263   46.00000   41   33   50.00000   41.00000  18.0%  35.6 5447s
 1621964 372752   46.00000   55   19   50.00000   41.00000  18.0%  35.6 5459s
 1625069 373180   49.00000   68   13   50.00000   41.00000  18.0%  35.6 5470s
 1627699 373674   46.00000   55   26   50.00000   41.00000  18.0%  35.6 5482s
 1630625 374226 infeasible   51        50.00000   41.00000  18.0%  35.6 5492s
 1633394 374661   49.00000   46   27   50.00000   41.00000  18.0%  35.6 5503s
 1636077 375041     cutoff   50        50.00000   41.00000  18.0%  35.6 5515s
 1638870 375435   49.00000   53   25   50.00000   41.00000  18.0%  35.6 5526s
 1641410 375996   46.00000   36   36   50.00000   41.00000  18.0%  35.6 5536s
 1644417 376462   45.00000   48   33   50.00000   41.00000  18.0%  35.6 5548s
 1647164 376900   46.00000   52   22   50.00000   41.00000  18.0%  35.6 5559s
 1649917 377457     cutoff   51        50.00000   41.00000  18.0%  35.6 5569s
 1652856 377878 infeasible   54        50.00000   41.00000  18.0%  35.5 5579s
 1655399 378309   41.00000   44   32   50.00000   41.00000  18.0%  35.6 5590s
 1658199 378770   47.00000   58   27   50.00000   41.00000  18.0%  35.5 5600s
 1660943 379202 infeasible   70        50.00000   41.00000  18.0%  35.5 5611s
 1663470 379698 infeasible   49        50.00000   41.00000  18.0%  35.5 5623s
 1666554 380094 infeasible   60        50.00000   41.00000  18.0%  35.5 5634s
 1669184 380557 infeasible   57        50.00000   41.00000  18.0%  35.5 5646s
 1671883 380986 infeasible   54        50.00000   41.00000  18.0%  35.5 5656s
 1674704 381363   49.00000   60   23   50.00000   41.00000  18.0%  35.5 5666s
 1677362 381769 infeasible   61        50.00000   41.00000  18.0%  35.5 5678s
 1680133 382214   47.00000   45   31   50.00000   41.00000  18.0%  35.5 5689s
 1682773 382599   49.00000   49   29   50.00000   41.00000  18.0%  35.6 5698s
 1685289 383116   49.00000   46   20   50.00000   41.00000  18.0%  35.6 5710s
 1688256 383525 infeasible   53        50.00000   41.00000  18.0%  35.6 5721s
 1690731 383945 infeasible   50        50.00000   41.00000  18.0%  35.6 5730s
 1693402 384443   44.00000   39   29   50.00000   41.00000  18.0%  35.6 5743s
 1696415 384822   48.00000   60   26   50.00000   41.00000  18.0%  35.6 5754s
 1699109 385387   42.00000   54   31   50.00000   41.00000  18.0%  35.6 5764s
 1701984 385814   46.00000   47   29   50.00000   41.00000  18.0%  35.6 5776s
 1704791 386217   46.00000   53   18   50.00000   41.00000  18.0%  35.6 5786s
 1707261 386688     cutoff   56        50.00000   41.00000  18.0%  35.6 5798s
 1710452 387128   49.00000   53   33   50.00000   41.00000  18.0%  35.6 5809s
 1713060 387540   49.00000   48   27   50.00000   41.00000  18.0%  35.6 5820s
 1715748 388065   44.00000   47   34   50.00000   41.00000  18.0%  35.6 5830s
 1718723 388502   41.00000   40   32   50.00000   41.00000  18.0%  35.6 5842s
 1721371 388953 infeasible   48        50.00000   41.00000  18.0%  35.6 5853s
 1724314 389419   47.00000   48   19   50.00000   41.00000  18.0%  35.6 5863s
 1726910 389866   47.00000   65   26   50.00000   41.00000  18.0%  35.6 5874s
 1729540 390439   44.00000   49   41   50.00000   41.00000  18.0%  35.6 5886s
 1732417 390989   47.00000   45   22   50.00000   41.00000  18.0%  35.6 5896s
 1735215 391499   49.00000   50   14   50.00000   41.00000  18.0%  35.6 5906s
 1737888 391942   42.00000   49   23   50.00000   41.00000  18.0%  35.6 5918s
 1740625 392415   41.00000   43   30   50.00000   41.00000  18.0%  35.6 5929s
 1743230 392872   41.00000   51   33   50.00000   41.00000  18.0%  35.6 5940s
 1745994 393333   46.00000   47   23   50.00000   41.00000  18.0%  35.6 5951s
 1748653 393802   49.00000   56   18   50.00000   41.00000  18.0%  35.6 5961s
 1751302 394254   49.00000   53   17   50.00000   41.00000  18.0%  35.6 5972s
 1754083 394702   41.00000   49   28   50.00000   41.00000  18.0%  35.6 5984s
 1756744 395150   42.00000   47   46   50.00000   41.00000  18.0%  35.6 5994s
 1759489 395514 infeasible   52        50.00000   41.00000  18.0%  35.6 6005s
 1762071 395880 infeasible   48        50.00000   41.00000  18.0%  35.6 6016s
 1764729 396382   46.00000   50   21   50.00000   41.00000  18.0%  35.6 6027s
 1767681 396852   48.00000   58   15   50.00000   41.00000  18.0%  35.6 6038s
 1770465 397346   41.00000   37   31   50.00000   41.00000  18.0%  35.6 6050s
 1773127 397859   46.00000   55   16   50.00000   41.00000  18.0%  35.6 6060s
 1776026 398275   49.00000   61   23   50.00000   41.00000  18.0%  35.6 6071s
 1778578 398944   48.00000   47   17   50.00000   41.00000  18.0%  35.6 6083s
 1781483 399450 infeasible   44        50.00000   41.00000  18.0%  35.6 6093s
 1784079 399857   41.00000   50   27   50.00000   41.00000  18.0%  35.6 6103s
 1786764 400339   49.00000   41   20   50.00000   41.00000  18.0%  35.6 6115s
 1789618 400810     cutoff   46        50.00000   41.00000  18.0%  35.6 6126s
 1792155 401214   41.00000   41   28   50.00000   41.00000  18.0%  35.6 6135s
 1794780 401724   47.00000   47   28   50.00000   41.00000  18.0%  35.6 6147s
 1797706 402212   47.00000   45   18   50.00000   41.00000  18.0%  35.6 6158s
 1800295 402715   48.00000   50   23   50.00000   41.00000  18.0%  35.6 6168s
 1802998 403178 infeasible   52        50.00000   41.00000  18.0%  35.6 6179s
 1805676 403602   42.00000   45   36   50.00000   41.00000  18.0%  35.6 6190s
 1808219 404065   49.00000   53   18   50.00000   41.00000  18.0%  35.6 6199s
 1811077 404624   41.00000   40   39   50.00000   41.00000  18.0%  35.6 6210s
 1813777 405145   47.00000   44   28   50.00000   41.00000  18.0%  35.6 6222s
 1816426 405633   49.00000   51   18   50.00000   41.00000  18.0%  35.6 6233s
 1819275 406106   44.00000   50   36   50.00000   41.00000  18.0%  35.6 6244s
 1821796 406541   47.00000   45   44   50.00000   41.00000  18.0%  35.6 6255s
 1824735 406975 infeasible   51        50.00000   41.00000  18.0%  35.6 6264s
 1827238 407443   46.00000   49   26   50.00000   41.00000  18.0%  35.6 6274s
 1829814 407942     cutoff   50        50.00000   41.00000  18.0%  35.6 6286s
 1832616 408491   48.00000   42   19   50.00000   41.00000  18.0%  35.6 6296s
 1835420 409036   49.00000   54   20   50.00000   41.00000  18.0%  35.6 6307s
 1837911 409605   46.00000   54   27   50.00000   41.00000  18.0%  35.6 6318s
 1840809 410066 infeasible   58        50.00000   41.00000  18.0%  35.6 6328s
 1843505 410498   46.00000   52   26   50.00000   41.00000  18.0%  35.5 6339s
 1846229 411108   49.00000   44   21   50.00000   41.00000  18.0%  35.5 6351s
 1849243 411645   47.00000   55   17   50.00000   41.00000  18.0%  35.5 6361s
 1851859 412171   49.00000   59   22   50.00000   41.00000  18.0%  35.5 6372s
 1854670 412597   41.00000   43   30   50.00000   41.00000  18.0%  35.5 6383s
 1857186 413124 infeasible   50        50.00000   41.00000  18.0%  35.5 6393s
 1859846 413620   46.00000   45   20   50.00000   41.00000  18.0%  35.5 6404s
 1862500 414008     cutoff   50        50.00000   41.00000  18.0%  35.5 6415s
 1864933 414634   41.00000   44   37   50.00000   41.00000  18.0%  35.5 6427s
 1868155 415152 infeasible   55        50.00000   41.00000  18.0%  35.5 6437s
 1870808 415578     cutoff   54        50.00000   41.00000  18.0%  35.5 6449s
 1873464 416096 infeasible   66        50.00000   41.00000  18.0%  35.5 6460s
 1876431 416605   44.00000   44   26   50.00000   41.00000  18.0%  35.5 6471s
 1879143 417098 infeasible   59        50.00000   41.00000  18.0%  35.5 6483s
 1881854 417691   47.00000   48   15   50.00000   41.00000  18.0%  35.5 6494s
 1884764 418067   49.00000   47   21   50.00000   41.00000  18.0%  35.5 6504s
 1887029 418067   46.00000   49   28   50.00000   41.00000  18.0%  35.5 6505s
 1887313 418458 infeasible   51        50.00000   41.00000  18.0%  35.5 6516s
 1889984 419039   41.00000   46   41   50.00000   41.00000  18.0%  35.5 6528s
 1892958 419552   49.00000   44   17   50.00000   41.00000  18.0%  35.5 6539s
 1895749 420123   46.00000   50   33   50.00000   41.00000  18.0%  35.5 6551s
 1898796 420521 infeasible   57        50.00000   41.00000  18.0%  35.5 6562s
 1901474 420946     cutoff   53        50.00000   41.00000  18.0%  35.5 6573s
 1904031 421477   46.00000   44   30   50.00000   41.00000  18.0%  35.5 6584s
 1906938 421845 infeasible   49        50.00000   41.00000  18.0%  35.5 6595s
 1909328 422378   44.00000   45   27   50.00000   41.00000  18.0%  35.5 6608s
 1912366 422918 infeasible   55        50.00000   41.00000  18.0%  35.5 6619s
 1915337 423354   47.00000   57   31   50.00000   41.00000  18.0%  35.5 6630s
 1918057 423795   48.00000   55   33   50.00000   41.00000  18.0%  35.5 6642s
 1920904 424355     cutoff   43        50.00000   41.00000  18.0%  35.5 6653s
 1923817 424790   47.00000   46   22   50.00000   41.00000  18.0%  35.5 6664s
 1926337 425330   41.00000   43   28   50.00000   41.00000  18.0%  35.5 6675s
 1929257 425807   49.00000   57   20   50.00000   41.00000  18.0%  35.5 6686s
 1931977 426301 infeasible   47        50.00000   41.00000  18.0%  35.5 6696s
 1934654 426831     cutoff   45        50.00000   41.00000  18.0%  35.5 6708s
 1937678 427268   41.00000   59   31   50.00000   41.00000  18.0%  35.5 6718s
 1940252 427756   49.00000   52   23   50.00000   41.00000  18.0%  35.5 6728s
 1942783 428197 infeasible   55        50.00000   41.00000  18.0%  35.5 6739s
 1945626 428656 infeasible   57        50.00000   41.00000  18.0%  35.5 6750s
 1948216 429181   46.00000   50   23   50.00000   41.00000  18.0%  35.5 6759s
 1950934 429578 infeasible   55        50.00000   41.00000  18.0%  35.5 6770s
 1953325 430072   41.00000   49   43   50.00000   41.00000  18.0%  35.5 6782s
 1956147 430718   44.00000   45   38   50.00000   41.00000  18.0%  35.5 6793s
 1959240 431127 infeasible   56        50.00000   41.00000  18.0%  35.5 6805s
 1961900 431550   45.00000   57   22   50.00000   41.00000  18.0%  35.5 6816s
 1964630 432168 infeasible   48        50.00000   41.00000  18.0%  35.5 6827s
 1967721 432606 infeasible   49        50.00000   41.00000  18.0%  35.5 6839s
 1970432 433036 infeasible   58        50.00000   41.00000  18.0%  35.5 6850s
 1973229 433449     cutoff   58        50.00000   41.00000  18.0%  35.5 6859s
 1975784 433853   47.00000   61   14   50.00000   41.00000  18.0%  35.5 6871s
 1978273 434267   47.00000   51   24   50.00000   41.00000  18.0%  35.5 6883s
 1981226 434750     cutoff   52        50.00000   41.00000  18.0%  35.5 6895s
 1984025 435230 infeasible   42        50.00000   41.00000  18.0%  35.5 6907s
 1986897 435708   44.00000   46   29   50.00000   41.00000  18.0%  35.5 6918s
 1989770 436147 infeasible   66        50.00000   41.00000  18.0%  35.5 6930s
 1992743 436615   41.00000   39   28   50.00000   41.00000  18.0%  35.5 6942s
 1995656 437034   41.00000   43   30   50.00000   41.00000  18.0%  35.5 6952s
 1998253 437547   42.00000   48   26   50.00000   41.00000  18.0%  35.5 6963s
 2001128 438019 infeasible   50        50.00000   41.00000  18.0%  35.5 6974s
 2004074 438469 infeasible   58        50.00000   41.00000  18.0%  35.5 6985s
 2006783 439040 infeasible   54        50.00000   41.00000  18.0%  35.5 6996s
 2009556 439576   44.00000   47   32   50.00000   41.00000  18.0%  35.5 7008s
 2012474 440094 infeasible   44        50.00000   41.00000  18.0%  35.5 7018s
 2015167 440629 infeasible   65        50.00000   41.00000  18.0%  35.5 7029s
 2018060 441086   47.00000   48   30   50.00000   41.00000  18.0%  35.5 7039s
 2020728 441660   46.00000   46   20   50.00000   41.00000  18.0%  35.5 7050s
 2023524 442195   47.00000   46   18   50.00000   41.00000  18.0%  35.5 7060s
 2026358 442711   47.00000   53   22   50.00000   41.00000  18.0%  35.5 7071s
 2029053 443175 infeasible   51        50.00000   41.00000  18.0%  35.5 7083s
 2031811 443625 infeasible   53        50.00000   41.00000  18.0%  35.5 7091s
 2034420 444050   49.00000   47   31   50.00000   41.00000  18.0%  35.5 7103s
 2037141 444691   41.00000   40   33   50.00000   41.00000  18.0%  35.5 7115s
 2040125 445177 infeasible   47        50.00000   41.00000  18.0%  35.5 7124s
 2042731 445626   46.00000   49   28   50.00000   41.00000  18.0%  35.5 7136s
 2045399 446162   46.00000   48   32   50.00000   41.00000  18.0%  35.5 7148s
 2048550 446570   45.00000   45   38   50.00000   41.00000  18.0%  35.5 7157s
 2051026 447084   41.00000   50   33   50.00000   41.00000  18.0%  35.5 7169s
 2053956 447579   48.00000   45   26   50.00000   41.00000  18.0%  35.5 7180s
 2056598 447954   42.00000   56   32   50.00000   41.00000  18.0%  35.5 7191s
 2059303 448449 infeasible   51        50.00000   41.00000  18.0%  35.5 7203s
 2062340 448887   47.00000   47   22   50.00000   41.00000  18.0%  35.5 7214s
 2064851 449396 infeasible   59        50.00000   41.00000  18.0%  35.5 7225s
 2068012 449801   41.00000   48   29   50.00000   41.00000  18.0%  35.5 7237s
 2070752 450234   47.00000   50   26   50.00000   41.00000  18.0%  35.5 7248s
 2073589 450744   46.00000   50   28   50.00000   41.00000  18.0%  35.5 7258s
 2076595 451142 infeasible   56        50.00000   41.00000  18.0%  35.5 7270s
 2079251 451581   49.00000   49   26   50.00000   41.00000  18.0%  35.5 7280s
 2082015 452108   47.00000   57   15   50.00000   41.00000  18.0%  35.5 7290s
 2084839 452544   41.00000   42   29   50.00000   41.00000  18.0%  35.4 7302s
 2087692 452956 infeasible   52        50.00000   41.00000  18.0%  35.4 7313s
 2090529 453302   41.00000   51   33   50.00000   41.00000  18.0%  35.4 7322s
 2092984 453704   44.00000   56   37   50.00000   41.00000  18.0%  35.4 7333s
 2095519 454115   41.00000   47   48   50.00000   41.00000  18.0%  35.4 7345s
 2098403 454531   49.00000   64   26   50.00000   41.00000  18.0%  35.4 7356s
 2101114 454921     cutoff   58        50.00000   41.00000  18.0%  35.4 7367s
 2103875 455376   46.00000   49   36   50.00000   41.00000  18.0%  35.4 7379s
 2106605 455843 infeasible   50        50.00000   41.00000  18.0%  35.4 7388s
 2109344 456269   46.00000   50   27   50.00000   41.00000  18.0%  35.4 7400s
 2112222 456864     cutoff   52        50.00000   41.00000  18.0%  35.4 7411s
 2114952 457341   42.00000   49   41   50.00000   41.00000  18.0%  35.4 7421s
 2117766 457607 infeasible   56        50.00000   41.00000  18.0%  35.4 7431s
 2120187 458047 infeasible   49        50.00000   41.00000  18.0%  35.4 7442s
 2122883 458465   44.00000   49   30   50.00000   41.00000  18.0%  35.4 7453s
 2125685 458901     cutoff   58        50.00000   41.00000  18.0%  35.4 7463s
 2128390 459401   47.00000   52   24   50.00000   41.00000  18.0%  35.4 7475s
 2131069 459839   41.00000   41   29   50.00000   41.00000  18.0%  35.4 7487s
 2133783 460192 infeasible   51        50.00000   41.00000  18.0%  35.4 7497s
 2136481 460725 infeasible   43        50.00000   41.00000  18.0%  35.4 7510s
 2139527 461155   49.00000   50   15   50.00000   41.00000  18.0%  35.4 7521s
 2142340 461597   49.00000   53   25   50.00000   41.00000  18.0%  35.4 7531s
 2145142 462037   49.00000   47   20   50.00000   41.00000  18.0%  35.4 7543s
 2147812 462467 infeasible   50        50.00000   41.00000  18.0%  35.4 7554s
 2150496 462833   41.00000   51   27   50.00000   41.00000  18.0%  35.4 7565s
 2153340 463241   41.00000   49   39   50.00000   41.00000  18.0%  35.4 7575s
 2155860 463681 infeasible   60        50.00000   41.00000  18.0%  35.4 7587s
 2158688 464195   41.00000   46   31   50.00000   41.00000  18.0%  35.4 7597s
 2161384 464662   46.00000   45   26   50.00000   41.00000  18.0%  35.4 7608s
 2164084 465159     cutoff   50        50.00000   41.00000  18.0%  35.4 7620s
 2167000 465570 infeasible   47        50.00000   41.00000  18.0%  35.4 7630s
 2169781 465876 infeasible   48        50.00000   41.00000  18.0%  35.4 7641s
 2172281 466361     cutoff   49        50.00000   41.00000  18.0%  35.4 7653s
 2175096 466686 infeasible   45        50.00000   41.00000  18.0%  35.4 7662s
 2177682 467208   41.00000   46   36   50.00000   41.00000  18.0%  35.4 7674s
 2180709 467615     cutoff   58        50.00000   41.00000  18.0%  35.4 7685s
 2183157 468052   48.00000   50   22   50.00000   41.00000  18.0%  35.4 7695s
 2185665 468484   41.00000   55   26   50.00000   41.00000  18.0%  35.4 7705s
 2188435 468795 infeasible   52        50.00000   41.00000  18.0%  35.4 7716s
 2191131 469206     cutoff   44        50.00000   41.00000  18.0%  35.4 7728s
 2193874 469663     cutoff   53        50.00000   41.00000  18.0%  35.4 7740s
 2196860 470033   44.00000   45   31   50.00000   41.00000  18.0%  35.4 7751s
 2199527 470524   48.00000   61   22   50.00000   41.00000  18.0%  35.4 7762s
 2202596 470895 infeasible   52        50.00000   41.00000  18.0%  35.4 7773s
 2205171 471273   44.00000   42   33   50.00000   41.00000  18.0%  35.4 7785s
 2207825 471623   49.00000   52   21   50.00000   41.00000  18.0%  35.4 7796s
 2210404 472010   46.00000   47   27   50.00000   41.00000  18.0%  35.4 7806s
 2213161 472453   48.00000   61   15   50.00000   41.00000  18.0%  35.4 7818s
 2216101 472751 infeasible   59        50.00000   41.00000  18.0%  35.4 7829s
 2218743 473131 infeasible   49        50.00000   41.00000  18.0%  35.4 7839s
 2221422 473603   46.00000   49   28   50.00000   41.00000  18.0%  35.4 7851s
 2224494 474042 infeasible   58        50.00000   41.00000  18.0%  35.4 7862s
 2227110 474463   49.00000   61   11   50.00000   41.00000  18.0%  35.4 7872s
 2229937 474890   47.00000   39   25   50.00000   41.00000  18.0%  35.4 7883s
 2232478 475341   42.00000   58   20   50.00000   41.00000  18.0%  35.4 7894s
 2235222 475889 infeasible   68        50.00000   41.00000  18.0%  35.3 7905s
 2238188 476274   46.00000   53   17   50.00000   41.00000  18.0%  35.3 7916s
 2240662 476838   49.00000   53   18   50.00000   41.00000  18.0%  35.3 7929s
 2243664 477220   46.00000   44   37   50.00000   41.00000  18.0%  35.3 7938s
 2246130 477684   48.00000   53   19   50.00000   41.00000  18.0%  35.3 7948s
 2248719 478183   49.00000   53   19   50.00000   41.00000  18.0%  35.3 7960s
 2251477 478594   49.00000   53   29   50.00000   41.00000  18.0%  35.3 7971s
 2254155 479034   44.00000   57   26   50.00000   41.00000  18.0%  35.3 7981s
 2256790 479534 infeasible   58        50.00000   41.00000  18.0%  35.3 7992s
 2259651 479980 infeasible   56        50.00000   41.00000  18.0%  35.3 8003s
 2262216 480494 infeasible   57        50.00000   41.00000  18.0%  35.3 8014s
 2265171 480933 infeasible   53        50.00000   41.00000  18.0%  35.3 8025s
 2267998 481457   47.00000   44   22   50.00000   41.00000  18.0%  35.3 8036s
 2270673 481940   47.00000   51   27   50.00000   41.00000  18.0%  35.3 8048s
 2273649 482326     cutoff   54        50.00000   41.00000  18.0%  35.3 8057s
 2276190 482844 infeasible   45        50.00000   41.00000  18.0%  35.3 8068s
 2279022 483179 infeasible   55        50.00000   41.00000  18.0%  35.3 8078s
 2281612 483594   43.00000   56   21   50.00000   41.00000  18.0%  35.3 8089s
 2284113 484059   46.00000   41   31   50.00000   41.00000  18.0%  35.3 8099s
 2286965 484479   41.00000   49   30   50.00000   41.00000  18.0%  35.3 8110s
 2289791 484856   47.00000   52   28   50.00000   41.00000  18.0%  35.3 8122s
 2292376 485384   49.00000   47   16   50.00000   41.00000  18.0%  35.3 8132s
 2295216 485770   43.00000   43   33   50.00000   41.00000  18.0%  35.3 8144s
 2297721 486208 infeasible   61        50.00000   41.00000  18.0%  35.3 8155s
 2300498 486591   49.00000   44   26   50.00000   41.00000  18.0%  35.3 8165s
 2303113 487058 infeasible   50        50.00000   41.00000  18.0%  35.3 8176s
 2305731 487513   47.00000   55   21   50.00000   41.00000  18.0%  35.3 8188s
 2308570 487966   46.00000   49   29   50.00000   41.00000  18.0%  35.3 8197s
 2311259 488582 infeasible   55        50.00000   41.00000  18.0%  35.3 8210s
 2314312 488937 infeasible   58        50.00000   41.00000  18.0%  35.3 8220s
 2316623 489344   41.00000   44   30   50.00000   41.00000  18.0%  35.3 8229s
 2319168 489819 infeasible   54        50.00000   41.00000  18.0%  35.3 8240s
 2321862 490195   45.00000   47   17   50.00000   41.00000  18.0%  35.3 8252s
 2324502 490823   44.00000   44   22   50.00000   41.00000  18.0%  35.3 8263s
 2327460 491203   44.00000   66   29   50.00000   41.00000  18.0%  35.3 8274s
 2329937 491612 infeasible   54        50.00000   41.00000  18.0%  35.3 8285s
 2332597 492116   44.00000   55   25   50.00000   41.00000  18.0%  35.3 8296s
 2335536 492602   47.00000   47   22   50.00000   41.00000  18.0%  35.3 8307s
 2338194 492989   44.00000   46   27   50.00000   41.00000  18.0%  35.3 8318s
 2340858 493383   42.00000   46   35   50.00000   41.00000  18.0%  35.3 8330s
 2343699 493792 infeasible   56        50.00000   41.00000  18.0%  35.3 8342s
 2346455 494265   41.00000   43   36   50.00000   41.00000  18.0%  35.3 8353s
 2349301 494778 infeasible   46        50.00000   41.00000  18.0%  35.3 8363s
 2352161 495123   49.00000   50   16   50.00000   41.00000  18.0%  35.3 8375s
 2354761 495617 infeasible   55        50.00000   41.00000  18.0%  35.3 8387s
 2357697 496075 infeasible   48        50.00000   41.00000  18.0%  35.3 8397s
 2360256 496634   47.00000   48   18   50.00000   41.00000  18.0%  35.3 8410s
 2363409 497205     cutoff   51        50.00000   41.00000  18.0%  35.3 8421s
 2366022 497641   42.00000   48   28   50.00000   41.00000  18.0%  35.3 8432s
 2368530 498121 infeasible   56        50.00000   41.00000  18.0%  35.3 8444s
 2371454 498532   41.00000   40   35   50.00000   41.00000  18.0%  35.3 8455s
 2374016 498966   47.00000   43   22   50.00000   41.00000  18.0%  35.3 8465s
 2376616 499517 infeasible   49        50.00000   41.00000  18.0%  35.3 8477s
 2379572 499947   44.00000   44   27   50.00000   41.00000  18.0%  35.3 8488s
 2382183 500556   41.00000   51   33   50.00000   41.00000  18.0%  35.3 8500s
 2385287 500975   47.00000   56   20   50.00000   41.00000  18.0%  35.3 8511s
 2387853 501495   46.00000   44   18   50.00000   41.00000  18.0%  35.3 8523s
 2390640 502074   49.00000   39   26   50.00000   41.00000  18.0%  35.3 8534s
 2393564 502466 infeasible   50        50.00000   41.00000  18.0%  35.3 8545s
 2396057 502894   44.00000   54   34   50.00000   41.00000  18.0%  35.3 8557s
 2398817 503472 infeasible   53        50.00000   41.00000  18.0%  35.3 8567s
 2401717 503911   44.00000   51   27   50.00000   41.00000  18.0%  35.3 8579s
 2404480 504468   49.00000   52   13   50.00000   41.00000  18.0%  35.3 8590s
 2407309 504847   46.00000   49   22   50.00000   41.00000  18.0%  35.3 8599s
 2409786 505245 infeasible   57        50.00000   41.00000  18.0%  35.3 8611s
 2412365 505776   41.00000   45   31   50.00000   41.00000  18.0%  35.3 8623s
 2415306 506150   49.00000   52   20   50.00000   41.00000  18.0%  35.3 8634s
 2417813 506600   41.00000   55   30   50.00000   41.00000  18.0%  35.3 8646s
 2420793 507031 infeasible   54        50.00000   41.00000  18.0%  35.3 8656s
 2423527 507422     cutoff   55        50.00000   41.00000  18.0%  35.3 8667s
 2426002 507954   49.00000   49   12   50.00000   41.00000  18.0%  35.3 8680s
 2429102 508339   49.00000   50   15   50.00000   41.00000  18.0%  35.3 8692s
 2431805 508824   42.00000   50   30   50.00000   41.00000  18.0%  35.3 8703s
 2434644 509250   47.00000   54   16   50.00000   41.00000  18.0%  35.3 8714s
 2437584 509723   46.00000   45   24   50.00000   41.00000  18.0%  35.3 8725s
 2440155 510177   48.00000   43   32   50.00000   41.00000  18.0%  35.3 8737s
 2443167 510615   46.00000   47   29   50.00000   41.00000  18.0%  35.3 8749s
 2445620 511004   46.00000   53   31   50.00000   41.00000  18.0%  35.3 8760s
 2448405 511534   46.00000   52   35   50.00000   41.00000  18.0%  35.2 8771s
 2451234 511977     cutoff   54        50.00000   41.00000  18.0%  35.2 8782s
 2453820 512440   49.00000   56   17   50.00000   41.00000  18.0%  35.2 8793s
 2456520 513018   42.00000   49   37   50.00000   41.00000  18.0%  35.2 8805s
 2459543 513518   41.00000   42   40   50.00000   41.00000  18.0%  35.2 8816s
 2462214 514040   49.00000   53   12   50.00000   41.00000  18.0%  35.2 8827s
 2465041 514466   41.00000   40   26   50.00000   41.00000  18.0%  35.2 8837s
 2467676 514904   47.00000   56   19   50.00000   41.00000  18.0%  35.2 8848s
 2470297 515307   44.00000   53   23   50.00000   41.00000  18.0%  35.2 8860s
 2473208 515700   47.00000   61   19   50.00000   41.00000  18.0%  35.2 8871s
 2475844 516112   41.00000   54   24   50.00000   41.00000  18.0%  35.2 8882s
 2478341 516436   46.00000   49   19   50.00000   41.00000  18.0%  35.2 8892s
 2480712 516871 infeasible   51        50.00000   41.00000  18.0%  35.2 8901s
 2483151 517355   47.00000   48   24   50.00000   41.00000  18.0%  35.2 8912s
 2485877 517811     cutoff   40        50.00000   41.00000  18.0%  35.2 8923s
 2488350 518290   45.00000   49   22   50.00000   41.00000  18.0%  35.2 8934s
 2491062 518756     cutoff   54        50.00000   41.00000  18.0%  35.2 8944s
 2493423 519112 infeasible   40        50.00000   41.00000  18.0%  35.2 8954s
 2495912 519559   46.00000   52   34   50.00000   41.00000  18.0%  35.2 8963s
 2498398 519928   41.00000   43   40   50.00000   41.00000  18.0%  35.2 8973s
 2500741 520257   47.00000   49   26   50.00000   41.00000  18.0%  35.2 8983s
 2502973 520568   44.00000   54   25   50.00000   41.00000  18.0%  35.2 8993s
 2505499 520886 infeasible   46        50.00000   41.00000  18.0%  35.2 9002s
 2507680 521207   41.00000   48   28   50.00000   41.00000  18.0%  35.2 9012s
 2510072 521540   49.00000   52   24   50.00000   41.00000  18.0%  35.2 9021s
 2512204 521804   42.00000   52   21   50.00000   41.00000  18.0%  35.3 9028s
 2514081 522056   42.00000   50   34   50.00000   41.00000  18.0%  35.3 9037s
 2516184 522224 infeasible   59        50.00000   41.00000  18.0%  35.3 9044s
 2517857 522597   46.00000   58   18   50.00000   41.00000  18.0%  35.3 9053s
 2519963 522865   41.00000   40   39   50.00000   41.00000  18.0%  35.3 9059s
 2521596 523082   46.00000   54   35   50.00000   41.00000  18.0%  35.3 9066s
 2523286 523341 infeasible   47        50.00000   41.00000  18.0%  35.3 9074s
 2525528 523558 infeasible   53        50.00000   41.00000  18.0%  35.3 9083s
 2527710 523801 infeasible   50        50.00000   41.00000  18.0%  35.3 9092s
 2529799 524113   46.00000   58   25   50.00000   41.00000  18.0%  35.3 9100s
 2532126 524417 infeasible   51        50.00000   42.00000  16.0%  35.3 9112s
 2535091 524787 infeasible   57        50.00000   42.00000  16.0%  35.2 9125s
 2538201 525160 infeasible   46        50.00000   42.00000  16.0%  35.2 9135s
 2541213 525545 infeasible   48        50.00000   42.00000  16.0%  35.2 9147s
 2543933 525932   48.00000   59   13   50.00000   42.00000  16.0%  35.2 9158s
 2546812 526336   42.00000   48   35   50.00000   42.00000  16.0%  35.2 9168s
 2549505 526724 infeasible   55        50.00000   42.00000  16.0%  35.2 9179s
 2552131 527143   46.00000   45   20   50.00000   42.00000  16.0%  35.2 9190s
 2554795 527549   46.00000   41   35   50.00000   42.00000  16.0%  35.2 9200s
 2557537 527922 infeasible   55        50.00000   42.00000  16.0%  35.2 9212s
 2560362 528387   44.00000   56   29   50.00000   42.00000  16.0%  35.2 9224s
 2563171 528744   42.00000   47   33   50.00000   42.00000  16.0%  35.2 9236s
 2565931 529116 infeasible   53        50.00000   42.00000  16.0%  35.2 9248s
 2568903 529423 infeasible   47        50.00000   42.00000  16.0%  35.2 9258s
 2571447 529799   46.00000   50   21   50.00000   42.00000  16.0%  35.2 9269s
 2574325 530101 infeasible   51        50.00000   42.00000  16.0%  35.2 9281s
 2576735 530439 infeasible   51        50.00000   42.00000  16.0%  35.2 9292s
 2579552 530774   48.00000   46   15   50.00000   42.00000  16.0%  35.2 9303s
 2582560 531195   44.00000   49   27   50.00000   42.00000  16.0%  35.2 9314s
 2585314 531495   46.00000   45   32   50.00000   42.00000  16.0%  35.2 9326s
 2588102 531809   44.00000   58   28   50.00000   42.00000  16.0%  35.2 9337s
 2590980 532118     cutoff   47        50.00000   42.00000  16.0%  35.2 9348s
 2593556 532456     cutoff   54        50.00000   42.00000  16.0%  35.2 9360s
 2596266 532836   42.00000   45   38   50.00000   42.00000  16.0%  35.2 9371s
 2599103 533146 infeasible   53        50.00000   42.00000  16.0%  35.2 9382s
 2601791 533505   42.00000   55   28   50.00000   42.00000  16.0%  35.2 9394s
 2604707 533880   47.00000   60   29   50.00000   42.00000  16.0%  35.2 9405s
 2607431 534194   42.00000   47   36   50.00000   42.00000  16.0%  35.2 9417s
 2610165 534511 infeasible   54        50.00000   42.00000  16.0%  35.2 9428s
 2613078 534904 infeasible   55        50.00000   42.00000  16.0%  35.2 9439s
 2615897 535107   42.00000   53   32   50.00000   42.00000  16.0%  35.1 9450s
 2618489 535439 infeasible   58        50.00000   42.00000  16.0%  35.1 9462s
 2621310 535703 infeasible   41        50.00000   42.00000  16.0%  35.1 9473s
 2623830 536022   49.00000   59   21   50.00000   42.00000  16.0%  35.1 9485s
 2626723 536333 infeasible   48        50.00000   42.00000  16.0%  35.1 9495s
 2629231 536683 infeasible   62        50.00000   42.00000  16.0%  35.1 9508s
 2632353 537055 infeasible   53        50.00000   42.00000  16.0%  35.1 9520s
 2635322 537411   44.00000   52   29   50.00000   42.00000  16.0%  35.1 9530s
 2637955 537919   47.00000   60   26   50.00000   42.00000  16.0%  35.1 9541s
 2640772 538229 infeasible   59        50.00000   42.00000  16.0%  35.1 9552s
 2643427 538514 infeasible   50        50.00000   42.00000  16.0%  35.1 9563s
 2646203 538766   47.00000   51   32   50.00000   42.00000  16.0%  35.1 9575s
 2649016 539113   42.00000   52   31   50.00000   42.00000  16.0%  35.1 9587s
 2651742 539552   46.00000   54   31   50.00000   42.00000  16.0%  35.1 9599s
 2654455 539956   48.00000   51   13   50.00000   42.00000  16.0%  35.1 9611s
 2657403 540252 infeasible   71        50.00000   42.00000  16.0%  35.1 9621s
 2659988 540645 infeasible   57        50.00000   42.00000  16.0%  35.1 9632s
 2662773 541107 infeasible   64        50.00000   42.00000  16.0%  35.1 9645s
 2665768 541449     cutoff   53        50.00000   42.00000  16.0%  35.1 9655s
 2668490 541709 infeasible   52        50.00000   42.00000  16.0%  35.1 9665s
 2670994 542080   48.00000   52   22   50.00000   42.00000  16.0%  35.1 9677s
 2673938 542412 infeasible   50        50.00000   42.00000  16.0%  35.1 9687s
 2676439 542722 infeasible   52        50.00000   42.00000  16.0%  35.1 9698s
 2679040 543092 infeasible   62        50.00000   42.00000  16.0%  35.1 9710s
 2681964 543348   46.00000   50   25   50.00000   42.00000  16.0%  35.1 9720s
 2684519 543742   46.00000   42   21   50.00000   42.00000  16.0%  35.1 9731s
 2687417 544042 infeasible   47        50.00000   42.00000  16.0%  35.1 9743s
 2689935 544351 infeasible   47        50.00000   42.00000  16.0%  35.1 9753s
 2692539 544667   42.00000   46   25   50.00000   42.00000  16.0%  35.1 9765s
 2695419 544917   49.00000   47   26   50.00000   42.00000  16.0%  35.1 9777s
 2698091 545252 infeasible   58        50.00000   42.00000  16.0%  35.1 9788s
 2700938 545513   47.00000   54   33   50.00000   42.00000  16.0%  35.1 9799s
 2703635 545850     cutoff   45        50.00000   42.00000  16.0%  35.1 9811s
 2706394 546210   49.00000   50   22   50.00000   42.00000  16.0%  35.1 9822s
 2709497 546559   47.00000   58   28   50.00000   42.00000  16.0%  35.1 9833s
 2712188 546849   44.00000   56   30   50.00000   42.00000  16.0%  35.1 9845s
 2714884 547194     cutoff   53        50.00000   42.00000  16.0%  35.1 9856s
 2717759 547575   42.00000   40   27   50.00000   42.00000  16.0%  35.1 9867s
 2720448 547868   47.00000   53   32   50.00000   42.00000  16.0%  35.1 9879s
 2723301 548167 infeasible   57        50.00000   42.00000  16.0%  35.1 9891s
 2726065 548414   48.00000   49   13   50.00000   42.00000  16.0%  35.1 9901s
 2728683 548775   48.00000   58   13   50.00000   42.00000  16.0%  35.1 9913s
 2731546 549085 infeasible   69        50.00000   42.00000  16.0%  35.1 9925s
 2734175 549384   42.00000   54   27   50.00000   42.00000  16.0%  35.1 9936s
 2736731 549721 infeasible   50        50.00000   42.00000  16.0%  35.1 9948s
 2739516 550061 infeasible   54        50.00000   42.00000  16.0%  35.1 9959s
 2742149 550449   47.00000   54   24   50.00000   42.00000  16.0%  35.1 9971s
 2745153 550763 infeasible   50        50.00000   42.00000  16.0%  35.1 9983s
 2747824 551144 infeasible   58        50.00000   42.00000  16.0%  35.1 9994s
 2750675 551433   42.00000   52   34   50.00000   42.00000  16.0%  35.1 10005s
 2753294 551741   45.00000   43   33   50.00000   42.00000  16.0%  35.1 10018s
 2756042 552016   42.00000   51   40   50.00000   42.00000  16.0%  35.1 10029s
 2758900 552253   47.00000   51   26   50.00000   42.00000  16.0%  35.1 10039s
 2761532 552562   45.00000   56   29   50.00000   42.00000  16.0%  35.1 10050s
 2764136 552893   48.00000   55   24   50.00000   42.00000  16.0%  35.1 10062s
 2766941 553217 infeasible   56        50.00000   42.00000  16.0%  35.1 10073s
 2769655 553605   42.00000   49   27   50.00000   42.00000  16.0%  35.1 10086s
 2772822 553981     cutoff   46        50.00000   42.00000  16.0%  35.1 10096s
 2775562 554235   49.00000   51   19   50.00000   42.00000  16.0%  35.1 10107s
 2778228 554595   44.00000   54   41   50.00000   42.00000  16.0%  35.1 10119s
 2781048 554872   49.00000   46   26   50.00000   42.00000  16.0%  35.1 10130s
 2783635 555198   46.00000   51   18   50.00000   42.00000  16.0%  35.1 10141s
 2786167 555542   46.00000   50   23   50.00000   42.00000  16.0%  35.1 10153s
 2789234 555805 infeasible   64        50.00000   42.00000  16.0%  35.1 10163s
 2791894 556140 infeasible   53        50.00000   42.00000  16.0%  35.1 10175s
 2794920 556509   47.00000   65    7   50.00000   42.00000  16.0%  35.1 10187s
 2797584 556853 infeasible   57        50.00000   42.00000  16.0%  35.1 10197s
 2800295 557148 infeasible   60        50.00000   42.00000  16.0%  35.0 10209s
 2803125 557478 infeasible   60        50.00000   42.00000  16.0%  35.0 10219s
 2805709 557789 infeasible   56        50.00000   42.00000  16.0%  35.0 10229s
 2808388 558153 infeasible   42        50.00000   42.00000  16.0%  35.0 10241s
 2811208 558468 infeasible   54        50.00000   42.00000  16.0%  35.0 10252s
 2813743 558817   47.00000   53   13   50.00000   42.00000  16.0%  35.0 10264s
 2816697 559123   45.00000   53   24   50.00000   42.00000  16.0%  35.0 10275s
 2819184 559492   47.00000   53   16   50.00000   42.00000  16.0%  35.0 10286s
 2821972 559779 infeasible   60        50.00000   42.00000  16.0%  35.0 10297s
 2824847 560107   46.00000   40   29   50.00000   42.00000  16.0%  35.0 10309s
 2827609 560368   49.00000   53   17   50.00000   42.00000  16.0%  35.0 10321s
 2830314 560711   49.00000   51   23   50.00000   42.00000  16.0%  35.0 10331s
 2833160 560939   49.00000   53   12   50.00000   42.00000  16.0%  35.0 10342s
 2835659 561280   49.00000   54   15   50.00000   42.00000  16.0%  35.0 10354s
 2838399 561662   49.00000   47   17   50.00000   42.00000  16.0%  35.0 10365s
 2841414 562074 infeasible   55        50.00000   42.00000  16.0%  35.0 10377s
 2844073 562406   42.00000   46   32   50.00000   42.00000  16.0%  35.0 10389s
 2846998 562776   49.00000   42   20   50.00000   42.00000  16.0%  35.0 10399s
 2849674 563207   42.00000   44   35   50.00000   42.00000  16.0%  35.0 10410s
 2852309 563631   42.00000   46   45   50.00000   42.00000  16.0%  35.0 10424s
 2855384 564013 infeasible   55        50.00000   42.00000  16.0%  35.0 10435s
 2857973 564357 infeasible   56        50.00000   42.00000  16.0%  35.0 10446s
 2860516 564785   42.00000   44   35   50.00000   42.00000  16.0%  35.0 10457s
 2863470 565047 infeasible   57        50.00000   42.00000  16.0%  35.0 10468s
 2866046 565327 infeasible   50        50.00000   42.00000  16.0%  35.0 10480s
 2868637 565715   42.00000   54   30   50.00000   42.00000  16.0%  35.0 10491s
 2871553 566072   47.00000   54   33   50.00000   42.00000  16.0%  35.0 10503s
 2874160 566415 infeasible   62        50.00000   42.00000  16.0%  35.0 10514s
 2876879 566754     cutoff   56        50.00000   42.00000  16.0%  35.0 10526s
 2879794 567102     cutoff   56        50.00000   42.00000  16.0%  35.0 10537s
 2882474 567474   49.00000   51   33   50.00000   42.00000  16.0%  35.0 10549s
 2885422 567844   47.00000   51   22   50.00000   42.00000  16.0%  35.0 10560s
 2888241 568135   49.00000   50   23   50.00000   42.00000  16.0%  35.0 10571s
 2890841 568532     cutoff   47        50.00000   42.00000  16.0%  35.0 10583s
 2893714 568820   46.00000   50   31   50.00000   42.00000  16.0%  35.0 10594s
 2896133 569207 infeasible   58        50.00000   42.00000  16.0%  35.0 10607s
 2899271 569591     cutoff   58        50.00000   42.00000  16.0%  35.0 10620s
 2902340 569951   42.00000   43   31   50.00000   42.00000  16.0%  35.0 10630s
 2905038 570216 infeasible   51        50.00000   42.00000  16.0%  35.0 10641s
 2907644 570611   46.00000   48   21   50.00000   42.00000  16.0%  35.0 10654s
 2910497 570937     cutoff   47        50.00000   42.00000  16.0%  35.0 10664s
 2913323 571292 infeasible   51        50.00000   42.00000  16.0%  35.0 10676s
 2916178 571581 infeasible   47        50.00000   42.00000  16.0%  35.0 10688s
 2918726 571943   47.00000   51   21   50.00000   42.00000  16.0%  35.0 10699s
 2921687 572292   49.00000   55   32   50.00000   42.00000  16.0%  35.0 10711s
 2924627 572692 infeasible   46        50.00000   42.00000  16.0%  35.0 10722s
 2927288 573041   46.00000   53   23   50.00000   42.00000  16.0%  35.0 10733s
 2929993 573401   45.00000   51   30   50.00000   42.00000  16.0%  35.0 10746s
 2932893 573682   44.00000   47   30   50.00000   42.00000  16.0%  35.0 10756s
 2935510 573976   47.00000   60   23   50.00000   42.00000  16.0%  35.0 10766s
 2938170 574332 infeasible   59        50.00000   42.00000  16.0%  35.0 10779s
 2940998 574659     cutoff   54        50.00000   42.00000  16.0%  35.0 10790s
 2943528 575094   46.00000   57   19   50.00000   42.00000  16.0%  35.0 10800s

Cutting planes:
  Learned: 131
  Gomory: 22
  Cover: 6
  MIR: 349
  StrongCG: 2
  Flow cover: 809
  RLT: 91
  Relax-and-lift: 10

Explored 2946247 nodes (103137207 simplex iterations) in 10800.65 seconds (456.57 work units)
Thread count was 18 (of 36 available processors)

Solution count 10: 50 50 51 ... 59

Time limit reached
Best objective 4.999999999490e+01, best bound 4.200000000000e+01, gap 16.0000%
