
Gurobi 11.0.0 (win64) logging started Mon May  6 12:46:58 2024

Set parameter LogFile to value "./Results/StripPacking-CutHeurRuns/Logs/SBM-110-StripPacking-20.log"
Set parameter TimeLimit to value 10800
Set parameter Cuts to value 1
Set parameter Presolve to value 1
Set parameter Heuristics to value 0
Set parameter LPWarmStart to value 2
Gurobi Optimizer version 11.0.0 build v11.0.0rc2 (win64 - Windows 10.0 (19045.2))

CPU model: Intel(R) Core(TM) i9-10980XE CPU @ 3.00GHz, instruction set [SSE2|AVX|AVX2|AVX512]
Thread count: 18 physical cores, 36 logical processors, using up to 18 threads

Optimize a model with 5425 rows, 951 columns and 16250 nonzeros
Model fingerprint: 0x7f1ed9cf
Variable types: 351 continuous, 600 integer (600 binary)
Coefficient statistics:
  Matrix range     [1e+00, 1e+04]
  Objective range  [1e+00, 1e+00]
  Bounds range     [1e+00, 1e+04]
  RHS range        [1e+00, 1e+04]

Warning: Completing partial solution with 600 unfixed non-continuous variables out of 600
User MIP start produced solution with objective 104.8 (0.05s)
Loaded user MIP start with objective 104.8

Presolve removed 1500 rows and 0 columns
Presolve time: 0.03s
Presolved: 3925 rows, 951 columns, 12350 nonzeros
Variable types: 351 continuous, 600 integer (600 binary)

Root relaxation: objective 3.600000e+01, 446 iterations, 0.02 seconds (0.02 work units)

    Nodes    |    Current Node    |     Objective Bounds      |     Work
 Expl Unexpl |  Obj  Depth IntInf | Incumbent    BestBd   Gap | It/Node Time

     0     0   36.00000    0   67  104.80000   36.00000  65.6%     -    0s
     0     0   36.00000    0  123  104.80000   36.00000  65.6%     -    0s
     0     0   36.00000    0  124  104.80000   36.00000  65.6%     -    0s
     0     0   36.00000    0   98  104.80000   36.00000  65.6%     -    1s
     0     0   36.00000    0   98  104.80000   36.00000  65.6%     -    1s
     0     0   36.00000    0   88  104.80000   36.00000  65.6%     -    1s
     0     0   36.00000    0  126  104.80000   36.00000  65.6%     -    2s
     0     0   36.00000    0  108  104.80000   36.00000  65.6%     -    2s
     0     0   36.00000    0  125  104.80000   36.00000  65.6%     -    2s
     0     0   36.00000    0   91  104.80000   36.00000  65.6%     -    3s
     0     0   36.00000    0   81  104.80000   36.00000  65.6%     -    3s
     0     2   36.00000    0   81  104.80000   36.00000  65.6%     -    3s
   841  1164   65.00000   23   96  104.80000   36.00000  65.6%  55.5    5s
  5413  4522   36.84339   16   91  104.80000   36.00000  65.6%  25.2   10s
  7047  5889   72.00000   60   45  104.80000   36.00000  65.6%  35.5   15s
* 7352  5555             112     104.0000000   36.00000  65.4%  35.3   15s
* 9305  6513             152     103.0000000   36.00000  65.0%  33.9   18s
* 9703  6274             188     100.0000000   36.00000  64.0%  33.9   19s
* 9708  5851             188      97.0000000   36.00000  62.9%  33.9   19s
  9891  5921   36.00000   17  144   97.00000   36.00000  62.9%  33.7   20s
*11299  6264             111      96.0000000   36.00000  62.5%  35.1   24s
 11775  6449     cutoff  111        96.00000   36.00000  62.5%  35.1   26s
 13373  7154   92.00000   92   40   96.00000   36.00000  62.5%  34.9   31s
*13544  6565             115      95.0000000   36.00000  62.1%  34.8   31s
 14521  6943   73.00000   38   75   95.00000   36.00000  62.1%  35.4   35s
 15614  7697   36.12799   25  179   95.00000   36.00000  62.1%  35.7   41s
*16922  7672             143      94.0000000   36.00000  61.7%  35.7   43s
 17083  8169   91.00000  111   32   94.00000   36.00000  61.7%  35.8   45s
 18390  9160   93.00000   47   45   94.00000   36.00000  61.7%  36.1   50s
 20085 10579   61.00000   39   67   94.00000   36.00000  61.7%  36.1   56s
 21034 11368   79.00000   79   41   94.00000   36.00000  61.7%  36.2   60s
*22601 11068             119      93.0000000   36.00000  61.3%  36.5   63s
 22880 11934   36.02947   24  169   93.00000   36.00000  61.3%  36.5   68s
 24134 12812   88.00000   50   58   93.00000   36.00000  61.3%  36.4   72s
*25276 11926             106      92.0000000   36.00000  60.9%  36.1   72s
 25427 12459   88.00000   76   42   92.00000   36.00000  60.9%  36.1   77s
 26638 13171   36.00000   20  180   92.00000   36.00000  60.9%  36.0   82s
 27780 14137   81.00000   44   80   92.00000   36.00000  60.9%  35.9   86s
*28106 12799             101      91.0000000   36.00000  60.4%  35.8   86s
 29176 13488   81.00000   47   60   91.00000   36.00000  60.4%  35.7   91s
 30432 14317   36.02236   27  175   91.00000   36.00000  60.4%  35.9   97s
 31643 15218   88.00000   79   51   91.00000   36.00000  60.4%  36.3  101s
 32689 16392   88.00000   54   40   91.00000   36.00000  60.4%  36.9  107s
*33958 12947             118      87.0000000   36.00000  58.6%  36.7  107s
 34247 13451   76.00000   38   55   87.00000   36.00000  58.6%  36.8  113s
*34764 12980             109      86.0000000   36.00000  58.1%  36.8  113s
 35822 14094 infeasible   93        86.00000   36.00000  58.1%  36.9  118s
 37246 15305   82.00000   82   40   86.00000   36.00000  58.1%  37.1  126s
 39032 16522 infeasible   88        86.00000   36.00000  58.1%  37.2  134s
 40662 17781   74.00000   97   35   86.00000   36.00000  58.1%  37.5  142s
 42304 19386   78.00000   56   42   86.00000   36.00000  58.1%  38.0  151s
 44372 20674   58.00000   25   95   86.00000   36.00000  58.1%  37.8  160s
 46245 22369 infeasible   78        86.00000   36.00000  58.1%  38.1  173s
 48679 24171   37.10443   42  168   86.00000   36.00000  58.1%  38.2  183s
 51148 25983 infeasible   74        86.00000   36.00000  58.1%  38.3  197s
*51272 24083             142      85.0000000   36.00000  57.6%  38.3  197s
 53550 25284     cutoff  142        85.00000   36.00000  57.6%  38.1  209s
 56164 26764 infeasible   55        85.00000   36.00000  57.6%  38.1  220s
 58390 28349 infeasible   71        85.00000   36.00000  57.6%  38.4  230s
*59362 26345             125      84.0000000   36.00000  57.1%  38.4  230s
 60729 27945   36.00000   23  143   84.00000   36.00000  57.1%  38.6  245s
 63289 29547   36.00000   19  171   84.00000   36.00000  57.1%  38.6  255s
 65630 31090   36.00000   25  170   84.00000   36.00000  57.1%  38.9  269s
 67858 32377   70.00000   32   76   84.00000   36.00000  57.1%  39.2  284s
 70208 33996   82.00000  111   25   84.00000   36.00000  57.1%  39.3  295s
 72607 35859   36.41934   26  165   84.00000   36.00000  57.1%  39.6  312s
 75351 37519 infeasible   94        84.00000   36.00000  57.1%  39.6  324s
 77326 37519   36.00000   23  174   84.00000   36.00000  57.1%  39.8  325s
 77987 39224   67.00000   38   60   84.00000   36.00000  57.1%  39.8  341s
 80505 41002   83.00000   52   60   84.00000   36.00000  57.1%  40.0  355s
 83265 42790   82.00000   58   39   84.00000   36.00000  57.1%  40.0  371s
 85847 44908     cutoff   75        84.00000   36.00000  57.1%  40.2  385s
 88690 46567   81.00000   67   56   84.00000   36.00000  57.1%  40.2  400s
 91198 48345   82.00000   80   26   84.00000   36.00000  57.1%  40.3  415s
 93688 50117   76.00000   56   57   84.00000   36.00000  57.1%  40.4  428s
 96367 51882   66.00000   52   72   84.00000   36.00000  57.1%  40.4  445s
 98778 54097   83.00000   59   49   84.00000   36.00000  57.1%  40.7  459s
 101728 55864   83.00000   61   51   84.00000   36.00000  57.1%  40.7  476s
 104393 58008   36.07277   31  215   84.00000   36.00000  57.1%  40.7  492s
 107398 59647   64.00000   48   89   84.00000   36.00000  57.1%  40.6  508s
 109934 61250   49.00000   23   92   84.00000   36.00000  57.1%  40.8  525s
 112456 63126   81.00000   55   42   84.00000   36.00000  57.1%  40.9  540s
 115178 64908 infeasible   61        84.00000   36.00000  57.1%  40.9  558s
 117768 66634   83.00000   65   45   84.00000   36.00000  57.1%  40.9  573s
 120311 68557   74.00000   34   78   84.00000   36.00000  57.1%  41.0  591s
 123192 70195   75.00000   38   69   84.00000   36.00000  57.1%  41.0  607s
 125839 71835   70.00000   36   52   84.00000   36.00000  57.1%  41.1  625s
 128116 73477   79.00000   79   50   84.00000   36.00000  57.1%  41.2  641s
 130550 75211   80.00000   48   42   84.00000   36.00000  57.1%  41.3  659s
 133189 77257   82.00000   74   39   84.00000   36.00000  57.1%  41.4  676s
 136030 79045   82.00000  108   33   84.00000   36.00000  57.1%  41.5  695s
 138698 80793     cutoff   74        84.00000   36.00000  57.1%  41.5  712s
 141241 82472   36.62333   34  160   84.00000   36.00000  57.1%  41.5  727s
 143830 84226   80.00000   66   52   84.00000   36.00000  57.1%  41.6  747s
 146711 86001   49.00000   32  123   84.00000   36.00000  57.1%  41.6  762s
 149422 87940   82.00000   91   19   84.00000   36.00000  57.1%  41.6  782s
 152203 89779   69.00000   34   64   84.00000   36.00000  57.1%  41.6  796s
 154769 91725   61.00000   40   76   84.00000   36.00000  57.1%  41.7  816s
 157626 93394   64.00000   65   77   84.00000   36.00000  57.1%  41.6  831s
 160399 95015 infeasible   72        84.00000   36.00000  57.1%  41.6  849s
 160848 95015   83.00000   68   47   84.00000   36.00000  57.1%  41.6  850s
 162835 97458   65.00000   26  123   84.00000   36.00000  57.1%  41.7  866s
 165979 99015   58.00000   50   85   84.00000   36.00000  57.1%  41.6  885s
 168438 100736 infeasible   70        84.00000   36.00000  57.1%  41.7  902s
 171278 102567   79.00000   59   47   84.00000   36.00000  57.1%  41.7  919s
 174030 104355   36.21592   32  171   84.00000   36.00000  57.1%  41.7  937s
 176640 106196   81.00000   66   72   84.00000   36.00000  57.1%  41.7  952s
 179283 108026   80.00000   64   54   84.00000   36.00000  57.1%  41.7  971s
 182199 109529   78.00000   45   49   84.00000   36.00000  57.1%  41.7  988s
 184760 111152   82.00000   58   62   84.00000   36.00000  57.1%  41.7 1005s
 187231 112932   83.00000   92   10   84.00000   36.00000  57.1%  41.7 1023s
 190031 114676   83.00000   91   28   84.00000   36.00000  57.1%  41.8 1042s
 192649 116463   76.00000   28   79   84.00000   36.00000  57.1%  41.8 1061s
 195669 117940   60.00000   31   73   84.00000   36.00000  57.1%  41.7 1081s
 198055 120226   80.00000   92   30   84.00000   36.00000  57.1%  41.8 1097s
 201078 121976   83.00000  109   31   84.00000   36.00000  57.1%  41.8 1119s
 203810 123635   36.79764   31  144   84.00000   36.00000  57.1%  41.8 1132s
 206227 125286   60.00000   30   75   84.00000   36.00000  57.1%  41.9 1152s
 208621 127166 infeasible   89        84.00000   36.00000  57.1%  41.9 1172s
 211366 129007     cutoff   66        84.00000   36.00000  57.1%  42.0 1191s
 214253 130748   36.00000   24  165   84.00000   36.00000  57.1%  42.0 1211s
 217025 132478   66.00000   42   63   84.00000   36.00000  57.1%  42.0 1229s
 219608 134381   81.00000   39   57   84.00000   36.00000  57.1%  42.0 1249s
 222195 136771   54.00000   30   92   84.00000   36.00000  57.1%  42.1 1267s
 225271 138234   83.00000   53   56   84.00000   36.00000  57.1%  42.1 1287s
 227989 139899   84.00000   54   37   84.00000   36.00000  57.1%  42.0 1304s
 230508 141595 infeasible   75        84.00000   36.00000  57.1%  42.1 1324s
 233141 143516   36.00000   30  180   84.00000   36.00000  57.1%  42.1 1338s
 235975 145353   36.59900   24  147   84.00000   36.00000  57.1%  42.1 1355s
 238611 146939   81.00000   70   52   84.00000   36.00000  57.1%  42.1 1373s
 241078 148618   82.00000   70   55   84.00000   36.00000  57.1%  42.2 1393s
 243813 150750   36.00000   23  128   84.00000   36.00000  57.1%  42.2 1412s
 246798 152389 infeasible   99        84.00000   36.00000  57.1%  42.2 1430s
 249210 154159   83.00000   90   51   84.00000   36.00000  57.1%  42.3 1449s
 252021 155895   70.00000   34   72   84.00000   36.00000  57.1%  42.3 1467s
 254403 157992   83.00000   39   63   84.00000   36.00000  57.1%  42.3 1486s
 257431 159659   70.00000   41  114   84.00000   36.00000  57.1%  42.3 1506s
 260013 161749   61.00000   34   75   84.00000   36.00000  57.1%  42.3 1529s
 262955 163455   82.00000   35   63   84.00000   36.00000  57.1%  42.3 1547s
 265586 165191   81.00000   57   51   84.00000   36.00000  57.1%  42.3 1569s
 268261 167083   78.00000   51   60   84.00000   36.00000  57.1%  42.3 1588s
 270982 169322   81.00000   49   77   84.00000   36.00000  57.1%  42.3 1609s
 273865 170964   57.00000   33   99   84.00000   36.00000  57.1%  42.3 1626s
 276510 172607   59.00000   47   87   84.00000   36.00000  57.1%  42.3 1647s
 278869 174306   83.00000   58   54   84.00000   36.00000  57.1%  42.3 1667s
 281491 176321   82.00000   56   62   84.00000   36.00000  57.1%  42.3 1686s
 284258 178113   82.00000   46   84   84.00000   36.00000  57.1%  42.4 1707s
 286913 180182   64.00000   43   80   84.00000   36.00000  57.1%  42.4 1726s
 289816 182151     cutoff   57        84.00000   36.00000  57.1%  42.4 1750s
*292476 139468             118      82.0000000   36.00000  56.1%  42.4 1750s
 292775 140403   80.00000   59   71   82.00000   36.00000  56.1%  42.4 1767s
 295086 141995   77.00000   47   74   82.00000   36.00000  56.1%  42.4 1789s
 297615 143484   36.30560   27  174   82.00000   36.00000  56.1%  42.5 1807s
 299966 145071   58.00000   45   94   82.00000   36.00000  56.1%  42.5 1829s
 302420 146826   81.00000   43   62   82.00000   36.00000  56.1%  42.6 1849s
 303793 146826   79.00000   73   53   82.00000   36.00000  56.1%  42.7 1850s
 305153 148845   36.82008   20  169   82.00000   36.00000  56.1%  42.7 1873s
 307943 150963   77.00000   55   46   82.00000   36.00000  56.1%  42.8 1893s
 310916 152777   81.00000   71   31   82.00000   36.00000  56.1%  42.8 1917s
 313646 154501   80.00000   61   52   82.00000   36.00000  56.1%  42.8 1940s
 316364 156407   72.00000   33   77   82.00000   36.00000  56.1%  42.9 1960s
 319127 158493   76.00000   71   61   82.00000   36.00000  56.1%  42.9 1983s
 321970 159847   58.00000   34   81   82.00000   36.00000  56.1%  42.9 1999s
 324540 161405   36.10316   33  215   82.00000   36.00000  56.1%  42.9 2021s
 326926 163153   48.00000   26   86   82.00000   36.00000  56.1%  42.9 2036s
 329388 165377   36.31300   27  181   82.00000   36.00000  56.1%  43.0 2059s
 332305 167076   36.00000   28  223   82.00000   36.00000  56.1%  43.0 2076s
 334861 168608 infeasible   88        82.00000   36.00000  56.1%  43.0 2096s
 337255 170303 infeasible   61        82.00000   36.00000  56.1%  43.0 2115s
 339771 171865   78.00000   44   49   82.00000   36.00000  56.1%  43.1 2136s
 342289 173517   71.00000   29   82   82.00000   36.00000  56.1%  43.1 2154s
 344832 174818   72.00000   48   64   82.00000   36.00000  56.1%  43.1 2175s
 346902 177078   81.00000   55   56   82.00000   36.00000  56.1%  43.2 2192s
 349735 178699   71.00000   64   65   82.00000   36.00000  56.1%  43.2 2214s
 352310 180271 infeasible   60        82.00000   36.00000  56.1%  43.2 2236s
 354729 182069   81.00000  109   15   82.00000   36.00000  56.1%  43.3 2254s
 355295 182069   37.72312   28  145   82.00000   36.00000  56.1%  43.3 2255s
 357373 183701     cutoff   61        82.00000   36.00000  56.1%  43.3 2277s
 359859 185515   36.86188   30  154   82.00000   36.00000  56.1%  43.3 2294s
 362531 187118   36.27339   25  160   82.00000   36.00000  56.1%  43.4 2315s
 364817 188857   59.00000   36   87   82.00000   36.00000  56.1%  43.4 2331s
 367375 190312 infeasible   56        82.00000   36.00000  56.1%  43.5 2350s
 369620 191831   71.00000   42  101   82.00000   36.00000  56.1%  43.5 2367s
 371888 193132   78.00000   55   57   82.00000   36.00000  56.1%  43.5 2387s
 374128 194685   46.00000   31  106   82.00000   36.00000  56.1%  43.6 2408s
 376562 196432   71.00000   47   75   82.00000   36.00000  56.1%  43.6 2425s
 379150 198167   72.00000   34   57   82.00000   36.00000  56.1%  43.6 2446s
 381667 199666   81.00000   62   55   82.00000   36.00000  56.1%  43.6 2462s
 383956 201219   74.00000   45   78   82.00000   36.00000  56.1%  43.7 2483s
 386367 202681   71.00000   40   80   82.00000   36.00000  56.1%  43.7 2499s
 388704 204287   53.00000   36  106   82.00000   36.00000  56.1%  43.7 2519s
 390984 205706   81.00000   85   39   82.00000   36.00000  56.1%  43.8 2532s
 392973 207373   53.00000   41  104   82.00000   36.00000  56.1%  43.8 2552s
 395411 208847   53.00000   27   92   82.00000   36.00000  56.1%  43.8 2566s
 397663 210388   53.00000   39  128   82.00000   36.00000  56.1%  43.8 2588s
 400044 211683   78.00000   86   52   82.00000   36.00000  56.1%  43.9 2605s
 402278 213208   64.00000   39   79   82.00000   36.00000  56.1%  43.9 2626s
 404654 214472   81.00000   89   30   82.00000   36.00000  56.1%  43.9 2643s
 407143 215778   70.00000   64   72   82.00000   36.00000  56.1%  43.9 2661s
 409229 217301   81.00000   47   74   82.00000   36.00000  56.1%  43.9 2680s
 411396 218633   78.00000   54   88   82.00000   36.00000  56.1%  43.9 2695s
 413442 219758   61.00000   51  103   82.00000   36.00000  56.1%  44.0 2712s
 415297 221502   70.00000   54   60   82.00000   36.00000  56.1%  44.0 2728s
 417739 223089   76.00000   39  103   82.00000   36.00000  56.1%  44.0 2748s
 419969 224579   36.46457   29  189   82.00000   36.00000  56.1%  44.0 2762s
 422207 225860 infeasible   73        82.00000   36.00000  56.1%  44.0 2781s
 424125 227230   77.00000   72   89   82.00000   36.00000  56.1%  44.0 2795s
 426233 228512     cutoff   71        82.00000   36.00000  56.1%  44.1 2814s
 428219 229862   36.00000   26  181   82.00000   36.00000  56.1%  44.1 2831s
 430259 231096   59.00000   27   84   82.00000   36.00000  56.1%  44.1 2847s
 432289 232249   36.27057   33  216   82.00000   36.00000  56.1%  44.2 2864s
 434177 233515   81.00000   52   78   82.00000   36.00000  56.1%  44.2 2878s
 436126 234550   53.00000   34  123   82.00000   36.00000  56.1%  44.2 2894s
 437826 235877   81.00000   57   61   82.00000   36.00000  56.1%  44.3 2910s
 439817 237425   81.00000   62   22   82.00000   36.00000  56.1%  44.3 2929s
 442072 238724   81.00000   97   41   82.00000   36.00000  56.1%  44.3 2945s
 444069 240343   76.00000   55   54   82.00000   36.00000  56.1%  44.3 2962s
 446106 241754   74.00000   56   80   82.00000   36.00000  56.1%  44.3 2976s
 448325 242960   72.00000   76   80   82.00000   36.00000  56.1%  44.3 2991s
 450035 244068   78.00000   99   41   82.00000   36.00000  56.1%  44.4 3007s
 451856 245152   81.00000   53   75   82.00000   36.00000  56.1%  44.4 3021s
 453707 246353   71.00000   53   89   82.00000   36.00000  56.1%  44.4 3038s
 455556 247625 infeasible   87        82.00000   36.00000  56.1%  44.4 3053s
 457465 248828   63.00000   57   71   82.00000   36.00000  56.1%  44.5 3069s
 459417 250133   40.00000   26  152   82.00000   36.00000  56.1%  44.5 3083s
 461355 251278   71.00000   38   52   82.00000   36.00000  56.1%  44.5 3098s
 463075 252369 infeasible   82        82.00000   36.00000  56.1%  44.4 3110s
 464675 253449   80.00000   46   69   82.00000   36.00000  56.1%  44.4 3125s
 466442 255001   80.00000   73   45   82.00000   36.00000  56.1%  44.4 3139s
 467804 255001 infeasible   65        82.00000   36.00000  56.1%  44.4 3140s
 468416 256295   81.00000   85   32   82.00000   36.00000  56.1%  44.4 3155s
 470369 257628   40.00000   32  108   82.00000   36.00000  56.1%  44.4 3166s
 472286 258603   53.00000   33   85   82.00000   36.00000  56.1%  44.4 3182s
 473823 259680   81.00000   67   31   82.00000   36.00610  56.1%  44.4 3196s
 475434 260814 infeasible   89        82.00000   36.00790  56.1%  44.5 3210s
 477191 261899   53.00000   36  112   82.00000   36.00790  56.1%  44.5 3226s
 479010 263265     cutoff   73        82.00000   36.00790  56.1%  44.5 3238s
 480906 264489   73.00000   58   89   82.00000   36.00790  56.1%  44.5 3256s
 482731 265703   36.17935   29  195   82.00000   36.01054  56.1%  44.5 3269s
 484396 266858   76.00000   39   60   82.00000   36.01054  56.1%  44.5 3287s
 486246 268090   57.00000   23  104   82.00000   36.01312  56.1%  44.5 3302s
 488173 269349   57.00000   39  119   82.00000   36.01641  56.1%  44.5 3320s
 490040 270460   81.00000   52   51   82.00000   36.01641  56.1%  44.5 3333s
 491842 271949   39.00000   32  168   82.00000   36.01845  56.1%  44.5 3350s
 493789 273284   74.00000   51   84   82.00000   36.02228  56.1%  44.5 3364s
 495808 274509     cutoff   63        82.00000   36.02228  56.1%  44.5 3382s
 497707 275646   78.00000   72   51   82.00000   36.02228  56.1%  44.5 3395s
 499592 276860   40.00000   34  112   82.00000   36.02228  56.1%  44.5 3411s
 501282 277980   81.00000   47   65   82.00000   36.02489  56.1%  44.5 3425s
 503212 279058   81.00000   87   38   82.00000   36.02489  56.1%  44.5 3444s
 505240 280146 infeasible   82        82.00000   36.02489  56.1%  44.5 3458s
 507011 281316   81.00000   61   39   82.00000   36.02489  56.1%  44.5 3475s
 508870 282396   77.00000   58   61   82.00000   36.03247  56.1%  44.5 3489s
 510614 283627   81.00000   38   68   82.00000   36.03545  56.1%  44.5 3504s
 512430 284721   81.00000   77   38   82.00000   36.03545  56.1%  44.5 3518s
 514248 285742   79.00000   53   66   82.00000   36.03720  56.1%  44.5 3534s
 515833 286928   59.00000   45   68   82.00000   36.03917  56.0%  44.5 3549s
 517565 288035   80.00000   65   46   82.00000   36.04049  56.0%  44.5 3566s
 519322 289098   76.00000   37   78   82.00000   36.04380  56.0%  44.5 3582s
 521015 290332   57.00000   31   95   82.00000   36.04881  56.0%  44.6 3598s
 522999 291498   40.00000   29  128   82.00000   36.04955  56.0%  44.6 3614s
 524892 292687   76.00000   50   59   82.00000   36.05188  56.0%  44.6 3631s
 526856 293885   81.00000   83   28   82.00000   36.05306  56.0%  44.6 3647s
 528821 295050   81.00000   79   31   82.00000   36.05695  56.0%  44.5 3663s
 530547 296183   81.00000   91   29   82.00000   36.05934  56.0%  44.5 3677s
 532396 297308   70.00000   49   73   82.00000   36.05970  56.0%  44.5 3695s
 534390 298782   48.00000   48  109   82.00000   36.06153  56.0%  44.5 3709s
 536397 300008   76.00000  102   39   82.00000   36.06153  56.0%  44.5 3726s
 538255 301167 infeasible  106        82.00000   36.06348  56.0%  44.5 3741s
 540136 302232   81.00000   58   38   82.00000   36.06348  56.0%  44.5 3757s
 541900 303536   46.00000   37  130   82.00000   36.06348  56.0%  44.5 3769s
 543797 304870   58.00000   26  103   82.00000   36.06956  56.0%  44.5 3786s
 545660 306041 infeasible   71        82.00000   36.07108  56.0%  44.5 3799s
 547554 307245   76.00000   61   49   82.00000   36.07153  56.0%  44.5 3816s
 549412 308449   81.00000   70   35   82.00000   36.07153  56.0%  44.4 3828s
 551357 309689   80.00000   74   55   82.00000   36.07153  56.0%  44.4 3846s
 553400 310740   80.00000   79   31   82.00000   36.07153  56.0%  44.4 3858s
 555048 311933 infeasible  104        82.00000   36.07277  56.0%  44.4 3872s
 556886 313179   80.00000   41   53   82.00000   36.07312  56.0%  44.4 3887s
 558624 314210   41.00000   37  130   82.00000   36.07368  56.0%  44.4 3900s
 560288 315301   60.00000   36  106   82.00000   36.07368  56.0%  44.4 3916s
 562150 316297 infeasible   58        82.00000   36.07662  56.0%  44.4 3929s
 564017 317370   81.00000   77   39   82.00000   36.07932  56.0%  44.4 3945s
 565699 318424   74.00000   40   82   82.00000   36.07948  56.0%  44.4 3958s
 567575 319457 infeasible   66        82.00000   36.08091  56.0%  44.4 3973s
 569267 320517   75.00000   46   64   82.00000   36.08091  56.0%  44.4 3988s
 570796 321528   67.00000   47   69   82.00000   36.08091  56.0%  44.4 4002s
 572664 322712   61.00000   44   66   82.00000   36.08091  56.0%  44.4 4017s
 574273 323806   81.00000   56   44   82.00000   36.08091  56.0%  44.4 4029s
 576053 325032   79.00000   55   56   82.00000   36.08466  56.0%  44.4 4046s
 577928 326227   74.00000   44   53   82.00000   36.08492  56.0%  44.4 4061s
 579807 327175   66.00000   48   69   82.00000   36.08492  56.0%  44.4 4077s
 581444 328340   81.00000   49   83   82.00000   36.08798  56.0%  44.4 4092s
 583300 329456   36.23841   26  187   82.00000   36.09108  56.0%  44.4 4109s
 585081 330784 infeasible   74        82.00000   36.09194  56.0%  44.4 4124s
 586954 331980   81.00000   79   34   82.00000   36.09336  56.0%  44.4 4140s
 588870 333372   79.00000   71   42   82.00000   36.09375  56.0%  44.4 4155s
 591006 334542   71.00000   53   76   82.00000   36.09375  56.0%  44.4 4171s
 592793 335976   80.00000   59   53   82.00000   36.09375  56.0%  44.4 4185s
 594598 337179   81.00000   52   52   82.00000   36.09375  56.0%  44.4 4201s
 596427 338281   81.00000   52   58   82.00000   36.09375  56.0%  44.4 4215s
 598193 339517     cutoff   70        82.00000   36.09743  56.0%  44.4 4231s
 600035 340849   72.00000   48   85   82.00000   36.09743  56.0%  44.4 4246s
 601976 341947   50.00000   28  120   82.00000   36.09939  56.0%  44.3 4261s
 603684 343057   43.00000   30  143   82.00000   36.10170  56.0%  44.4 4276s
 605397 344032   76.00000   39   81   82.00000   36.10348  56.0%  44.4 4294s
 607338 345085 infeasible   79        82.00000   36.10537  56.0%  44.3 4308s
 609102 346471   75.00000   42   69   82.00000   36.10537  56.0%  44.4 4324s
 610700 347888   77.00000   57   61   82.00000   36.10537  56.0%  44.4 4337s
 612811 348872   77.00000   81   58   82.00000   36.10537  56.0%  44.4 4354s
 614784 350059   81.00000   97   25   82.00000   36.10743  56.0%  44.3 4367s
 616707 351187 infeasible   75        82.00000   36.11281  56.0%  44.3 4385s
 618320 352405   76.00000   68   61   82.00000   36.11399  56.0%  44.3 4399s
 620219 353726 infeasible   46        82.00000   36.11614  56.0%  44.3 4417s
 622237 354919   72.00000   70   40   82.00000   36.11707  56.0%  44.3 4430s
 624061 356223   50.00000   32   82   82.00000   36.11707  56.0%  44.3 4447s
 625837 357472 infeasible   78        82.00000   36.11707  56.0%  44.3 4462s
 627707 358825   74.00000   37   56   82.00000   36.11707  56.0%  44.2 4477s
 629531 360145   78.00000   60   51   82.00000   36.11707  56.0%  44.2 4490s
 631484 361190   81.00000   59   47   82.00000   36.11707  56.0%  44.2 4505s
 633081 362261   81.00000   49   59   82.00000   36.12246  55.9%  44.2 4518s
 634801 363294   58.00000   32   91   82.00000   36.12531  55.9%  44.2 4534s
 636419 364426   81.00000   73   31   82.00000   36.12704  55.9%  44.2 4547s
 638090 365443 infeasible   96        82.00000   36.13146  55.9%  44.2 4563s
 639891 366622   77.00000   46   67   82.00000   36.13245  55.9%  44.2 4578s
 641685 367939   74.00000   36   64   82.00000   36.13245  55.9%  44.2 4595s
 643467 369145   66.00000   44  118   82.00000   36.13458  55.9%  44.2 4610s
 645426 370403   80.00000   39   71   82.00000   36.13458  55.9%  44.2 4627s
 647242 371414   78.00000   62   47   82.00000   36.13529  55.9%  44.2 4640s
 648938 372632   40.00000   46  137   82.00000   36.13529  55.9%  44.2 4658s
 650786 373777   72.00000   67   70   82.00000   36.13699  55.9%  44.2 4672s
 652671 374996   81.00000   44   98   82.00000   36.13727  55.9%  44.2 4692s
 654580 376278   81.00000   68   39   82.00000   36.13727  55.9%  44.2 4706s
 656495 377435   57.00000   30   77   82.00000   36.14210  55.9%  44.2 4726s
 658367 378707   76.00000   48   65   82.00000   36.14486  55.9%  44.2 4742s
 660351 380012   71.00000   43   63   82.00000   36.14656  55.9%  44.2 4761s
 662402 381348   77.00000   51   69   82.00000   36.14879  55.9%  44.2 4776s
 664370 382806   80.00000   66   47   82.00000   36.15145  55.9%  44.2 4792s
 666324 383653   74.00000   90   48   82.00000   36.15204  55.9%  44.2 4805s
 667968 384820   80.00000   70   50   82.00000   36.15282  55.9%  44.2 4821s
 669771 385658   80.00000   52   58   82.00000   36.15284  55.9%  44.1 4835s
 671201 386841   78.00000   42   79   82.00000   36.15597  55.9%  44.2 4852s
 673050 388313   70.00000   45   98   82.00000   36.15880  55.9%  44.2 4865s
 674962 389542   71.00000   74   44   82.00000   36.16133  55.9%  44.2 4883s
 676825 390646   46.00000   32  126   82.00000   36.16308  55.9%  44.1 4897s
 678670 391820   81.00000   66   61   82.00000   36.16718  55.9%  44.1 4915s
 680524 393072   61.00000   36   82   82.00000   36.16827  55.9%  44.1 4928s
 682396 394177 infeasible  105        82.00000   36.16952  55.9%  44.1 4947s
 684194 395322 infeasible   70        82.00000   36.17044  55.9%  44.1 4961s
 685915 396610   75.00000   76   72   82.00000   36.17375  55.9%  44.1 4979s
 687804 397686   76.00000   50   62   82.00000   36.17375  55.9%  44.1 4993s
 689594 398867   53.00000   33  107   82.00000   36.17688  55.9%  44.1 5007s
 691364 400235   81.00000   68   42   82.00000   36.17712  55.9%  44.1 5025s
 693168 401453   74.00000   71   33   82.00000   36.17712  55.9%  44.1 5040s
 695038 402643   71.00000   45   85   82.00000   36.18342  55.9%  44.1 5058s
 696961 403849   74.00000   47   84   82.00000   36.18738  55.9%  44.1 5072s
 698647 405301   64.00000   32   74   82.00000   36.18991  55.9%  44.1 5090s
 700616 406403   81.00000   53   68   82.00000   36.18991  55.9%  44.1 5104s
 702583 407507   81.00000   64   48   82.00000   36.19048  55.9%  44.1 5122s
 704517 408689   75.00000   47   65   82.00000   36.19236  55.9%  44.1 5138s
 706429 409720   78.00000   84   48   82.00000   36.19420  55.9%  44.1 5155s
 708172 410912   51.00000   29  108   82.00000   36.19672  55.9%  44.1 5171s
 710236 412156   74.00000   56   72   82.00000   36.19719  55.9%  44.1 5190s
 712157 413305   36.19925   33  182   82.00000   36.19925  55.9%  44.1 5206s
 714054 414392   78.00000   53   71   82.00000   36.19925  55.9%  44.0 5222s
 715727 415502   81.00000   88   47   82.00000   36.19925  55.9%  44.1 5237s
 717684 416655   80.00000   83   38   82.00000   36.19925  55.9%  44.0 5255s
 719509 417875   71.00000   46   82   82.00000   36.19925  55.9%  44.0 5268s
 721131 418984   81.00000   39   84   82.00000   36.20194  55.9%  44.0 5287s
 722998 420194   65.00000   45   65   82.00000   36.20423  55.8%  44.0 5302s
 724918 421357 infeasible   84        82.00000   36.20423  55.8%  44.0 5322s
 726819 422587   59.00000   27   96   82.00000   36.20464  55.8%  44.0 5337s
 728772 423729   53.00000   38   94   82.00000   36.20885  55.8%  44.0 5356s
 730533 424841 infeasible   87        82.00000   36.20992  55.8%  44.0 5372s
 732301 426152   70.00000   46   77   82.00000   36.21030  55.8%  44.0 5389s
 732598 426152     cutoff   92        82.00000   36.21196  55.8%  44.0 5390s
 734167 427364 infeasible   75        82.00000   36.21196  55.8%  44.0 5404s
 736041 428570   78.00000   53   58   82.00000   36.21432  55.8%  44.0 5423s
 737830 429678   77.00000   47   66   82.00000   36.21592  55.8%  44.0 5438s
 739681 430869   59.00000   26   87   82.00000   36.22016  55.8%  44.0 5454s
 741395 431975   75.00000   39   81   82.00000   36.22271  55.8%  44.0 5469s
 743143 433212   53.00000   34   74   82.00000   36.22648  55.8%  44.0 5486s
 744886 434355   65.00000   45   63   82.00000   36.22830  55.8%  44.0 5501s
 746722 435507   81.00000   59   38   82.00000   36.22830  55.8%  44.0 5520s
 748489 436789 infeasible   68        82.00000   36.23405  55.8%  44.0 5535s
 750470 437925   61.00000   53   76   82.00000   36.23405  55.8%  43.9 5555s
 752197 439053   36.31844   26  165   82.00000   36.23405  55.8%  43.9 5568s
 754015 440147   81.00000   84   21   82.00000   36.24194  55.8%  43.9 5587s
 755930 441271   81.00000   65   39   82.00000   36.24274  55.8%  43.9 5602s
 757780 442385   61.00000   38  105   82.00000   36.24429  55.8%  43.9 5619s
 759553 443708   79.00000   59   34   82.00000   36.24492  55.8%  43.9 5633s
 761438 444872   81.00000   84   19   82.00000   36.24713  55.8%  43.9 5653s
 763248 446024   75.00000   39   73   82.00000   36.24856  55.8%  43.9 5668s
 765001 446913   80.00000   76   38   82.00000   36.24912  55.8%  43.9 5686s
 766472 447990   57.00000   38  108   82.00000   36.24912  55.8%  43.9 5700s
 768111 449321   79.00000   44   71   82.00000   36.25302  55.8%  43.9 5720s
 769961 450536   73.00000   51   87   82.00000   36.25343  55.8%  43.9 5735s
 772086 451665   59.00000   38  115   82.00000   36.25435  55.8%  43.9 5755s
 774006 452861   67.00000   43   99   82.00000   36.25575  55.8%  43.9 5771s
 776022 454018     cutoff   88        82.00000   36.25942  55.8%  43.9 5790s
 777725 455309   77.00000   54   85   82.00000   36.26029  55.8%  43.9 5807s
 779790 456373   36.77613   31  173   82.00000   36.26029  55.8%  43.9 5825s
 781492 457698   69.00000   45   70   82.00000   36.26591  55.8%  43.9 5843s
 783490 458812   74.00000   44   95   82.00000   36.26653  55.8%  43.9 5861s
 785265 460035   79.00000   50   50   82.00000   36.27057  55.8%  43.9 5876s
 787164 461251   77.00000   48   73   82.00000   36.27337  55.8%  43.8 5896s
 788974 462576   77.00000   40   78   82.00000   36.27416  55.8%  43.8 5911s
 790903 463742   60.00000   38   88   82.00000   36.27752  55.8%  43.8 5928s
 792653 465010   80.00000   71   52   82.00000   36.27900  55.8%  43.8 5944s
 794561 466065   81.00000   50   49   82.00000   36.28010  55.8%  43.8 5962s
 796303 467272   42.00000   41  148   82.00000   36.28449  55.8%  43.8 5978s
 798090 468336   61.00000   55   72   82.00000   36.28762  55.7%  43.8 5996s
 799752 469807   81.00000   66   45   82.00000   36.28762  55.7%  43.8 6014s
 801936 470838   57.00000   44   83   82.00000   36.28823  55.7%  43.8 6030s
*802247 404754             105      81.0000000   36.28823  55.2%  43.8 6030s
 803617 405736   59.00000   23   90   81.00000   36.29434  55.2%  43.8 6045s
 805430 406835   77.00000   44   48   81.00000   36.29727  55.2%  43.8 6063s
 807241 408051   57.00000   33   91   81.00000   36.29828  55.2%  43.8 6080s
 809215 409055   42.00000   28  128   81.00000   36.30078  55.2%  43.8 6097s
 810905 410056   53.00000   39  120   81.00000   36.30381  55.2%  43.8 6111s
 812541 411183   59.00000   37   59   81.00000   36.30381  55.2%  43.8 6130s
 814332 412575   57.00000   34   85   81.00000   36.30588  55.2%  43.8 6145s
 816180 413827   72.00000   67   53   81.00000   36.30865  55.2%  43.8 6163s
 818057 415021   73.00000   49   95   81.00000   36.30892  55.2%  43.8 6180s
 819963 416333   63.00000   47   67   81.00000   36.31022  55.2%  43.8 6196s
 821788 417599   65.00000   42   71   81.00000   36.31236  55.2%  43.8 6211s
 823619 418636   80.00000  103   18   81.00000   36.31311  55.2%  43.8 6227s
 825280 419486 infeasible   88        81.00000   36.31603  55.2%  43.8 6242s
 827130 420479   74.00000   46   67   81.00000   36.31603  55.2%  43.8 6259s
 828726 421724   59.00000   28   79   81.00000   36.31998  55.2%  43.8 6275s
 830616 422744   36.83082   39  146   81.00000   36.32166  55.2%  43.8 6294s
 832362 423890   57.00000   43  121   81.00000   36.32244  55.2%  43.8 6312s
 834197 424849   63.00000   42  109   81.00000   36.32390  55.2%  43.8 6329s
 835762 426030   70.00000   80   60   81.00000   36.32737  55.2%  43.9 6347s
 837657 427196   77.00000   53   56   81.00000   36.32869  55.1%  43.9 6365s
 839418 428376   79.00000   64   52   81.00000   36.32872  55.1%  43.9 6382s
 841255 429584   74.00000   80   48   81.00000   36.33333  55.1%  43.9 6400s
 843093 430547   80.00000   56   50   81.00000   36.33511  55.1%  43.9 6415s
 844688 431701 infeasible   76        81.00000   36.33730  55.1%  43.9 6434s
 846630 432788   79.00000   74   36   81.00000   36.34030  55.1%  43.9 6452s
 848671 433959   77.00000   51   65   81.00000   36.34093  55.1%  43.9 6471s
 850493 435418   71.00000   36   85   81.00000   36.34478  55.1%  43.9 6488s
 852561 436497   78.00000   67   77   81.00000   36.34630  55.1%  43.9 6506s
 854469 437608   66.00000   35   88   81.00000   36.34689  55.1%  43.9 6522s
 856242 438657   78.00000   42   52   81.00000   36.35072  55.1%  43.9 6540s
 857978 439812   61.00000   33   91   81.00000   36.35196  55.1%  43.9 6557s
 860052 440912   80.00000   48   69   81.00000   36.35345  55.1%  43.9 6578s
 861992 442236   37.70068   33  130   81.00000   36.35571  55.1%  43.8 6595s
 863954 443225   78.00000   51   73   81.00000   36.35791  55.1%  43.8 6612s
 865596 444355   74.00000   41   94   81.00000   36.36061  55.1%  43.8 6630s
 867389 445484   71.00000   45   82   81.00000   36.36416  55.1%  43.8 6644s
 869129 446597   77.00000   41   86   81.00000   36.36691  55.1%  43.8 6664s
 870900 447771 infeasible  107        81.00000   36.36943  55.1%  43.8 6681s
 872690 449183   79.00000   49   59   81.00000   36.37025  55.1%  43.8 6702s
 874681 450356     cutoff   85        81.00000   36.37410  55.1%  43.8 6718s
 876548 451393   73.00000   41   46   81.00000   36.37490  55.1%  43.8 6738s
 878276 452472   80.00000   65   42   81.00000   36.37674  55.1%  43.8 6754s
 880025 453752   61.00000   41   93   81.00000   36.37818  55.1%  43.9 6776s
 881994 455001   57.00000   39   77   81.00000   36.38095  55.1%  43.9 6791s
 883895 455956   42.00000   38  152   81.00000   36.38126  55.1%  43.9 6812s
 885382 457142   78.00000   70   45   81.00000   36.38126  55.1%  43.9 6828s
 887101 458246   73.00000   76   46   81.00000   36.38126  55.1%  43.9 6848s
 888870 459259   77.00000   61   62   81.00000   36.38126  55.1%  43.9 6864s
 890484 460472 infeasible   90        81.00000   36.38126  55.1%  43.9 6884s
 892232 461922   65.00000   55  102   81.00000   36.38126  55.1%  44.0 6901s
 894334 463180   61.00000   57   79   81.00000   36.38126  55.1%  44.0 6923s
 896259 464414   57.00000   43  115   81.00000   36.38126  55.1%  44.0 6945s
 898130 465790 infeasible   68        81.00000   36.38126  55.1%  44.0 6964s
 900374 467078   69.00000   68   65   81.00000   36.38392  55.1%  44.0 6986s
 902411 468407   60.00000   27   98   81.00000   36.38685  55.1%  44.0 7003s
 904545 469740   70.00000   49   91   81.00000   36.38943  55.1%  44.0 7023s
 906454 470841   71.00000   48   76   81.00000   36.38943  55.1%  44.0 7039s
 908285 472039   69.00000   45   68   81.00000   36.39521  55.1%  44.0 7059s
 910206 473233   78.00000   41   67   81.00000   36.39883  55.1%  44.0 7077s
 912054 474400   74.00000   41   57   81.00000   36.39918  55.1%  44.0 7097s
 913908 475534   65.00000   44   76   81.00000   36.40135  55.1%  44.0 7113s
 915873 476580 infeasible   68        81.00000   36.40207  55.1%  44.0 7130s
 917702 477633   62.00000   36   67   81.00000   36.40536  55.1%  44.0 7145s
 919371 478782   80.00000   81   50   81.00000   36.40725  55.1%  44.0 7165s
 921132 479848 infeasible   47        81.00000   36.40892  55.1%  44.0 7181s
 922939 481065   76.00000   59   70   81.00000   36.41182  55.0%  44.0 7201s
 924810 482330   71.00000   40   77   81.00000   36.41379  55.0%  44.0 7218s
 926774 483376   76.00000   76   48   81.00000   36.41497  55.0%  44.0 7232s
 928426 484235   58.00000   31   86   81.00000   36.41830  55.0%  44.0 7251s
 929979 485211   37.15186   40  181   81.00000   36.41896  55.0%  44.0 7270s
 931602 486569 infeasible   78        81.00000   36.42047  55.0%  44.0 7286s
 933457 487861 infeasible   68        81.00000   36.42047  55.0%  44.0 7304s
 935298 488993   59.00000   62   77   81.00000   36.42211  55.0%  44.0 7320s
 937183 490001   74.00000   61   61   81.00000   36.42640  55.0%  44.0 7336s
 938775 491192   79.00000   59   49   81.00000   36.42977  55.0%  44.0 7353s
 940552 492513   68.00000   37   74   81.00000   36.43210  55.0%  44.0 7372s
 942487 493502   61.00000   29  122   81.00000   36.43396  55.0%  44.0 7387s
 944114 494483   77.00000   77   49   81.00000   36.43741  55.0%  44.0 7403s
 945676 495676   79.00000   88   39   81.00000   36.43810  55.0%  44.0 7419s
 945764 495676   71.00000   47   76   81.00000   36.43837  55.0%  44.0 7420s
 947528 496665   77.00000   49   92   81.00000   36.43837  55.0%  44.0 7438s
 949475 497824   36.44188   24  151   81.00000   36.44007  55.0%  44.0 7455s
 951409 499243     cutoff   60        81.00000   36.44166  55.0%  44.0 7476s
 953304 500498   79.00000   81   38   81.00000   36.44361  55.0%  44.0 7492s
 955258 501667   65.00000   78   74   81.00000   36.44401  55.0%  44.0 7514s
 957072 502609   46.00000   38  116   81.00000   36.44401  55.0%  44.0 7529s
 958758 503949   80.00000   68   57   81.00000   36.44828  55.0%  44.0 7551s
 960742 505068   59.00000   45  113   81.00000   36.44905  55.0%  44.0 7566s
 962532 506275   79.00000   66   53   81.00000   36.45219  55.0%  44.0 7587s
 964457 507538   79.00000   57   46   81.00000   36.45599  55.0%  44.0 7602s
 966356 508625   48.00000   40  101   81.00000   36.45686  55.0%  44.0 7621s
 968041 509681   79.00000   62   45   81.00000   36.46043  55.0%  44.0 7636s
 969902 510861   57.00000   31   76   81.00000   36.46082  55.0%  44.0 7657s
 971727 512055   71.00000   40   92   81.00000   36.46772  55.0%  44.0 7670s
 973484 513040   71.00000   48   74   81.00000   36.46987  55.0%  44.0 7689s
 975260 514272 infeasible   69        81.00000   36.47038  55.0%  44.0 7704s
 977216 515259   80.00000   53   63   81.00000   36.47234  55.0%  44.0 7725s
 978821 516321   80.00000   91   32   81.00000   36.47412  55.0%  44.0 7740s
 980631 517403   79.00000   59   55   81.00000   36.47760  55.0%  44.0 7760s
 982347 518580   79.00000   67   62   81.00000   36.48064  55.0%  44.0 7777s
 984283 519812 infeasible   73        81.00000   36.48299  55.0%  44.0 7794s
 986097 520957   74.00000   59   58   81.00000   36.48299  55.0%  44.0 7811s
 987988 522006   80.00000   63   42   81.00000   36.48711  55.0%  44.0 7831s
 989735 523147   79.00000   57   56   81.00000   36.49210  54.9%  44.0 7847s
 991494 524657 infeasible   88        81.00000   36.49210  54.9%  44.0 7867s
 993518 526030   71.00000   34   66   81.00000   36.49921  54.9%  44.0 7883s
 995435 527312     cutoff   58        81.00000   36.49993  54.9%  44.0 7901s
 997403 528535   79.00000   58   66   81.00000   36.50138  54.9%  44.0 7916s
 999251 529613     cutoff   54        81.00000   36.50357  54.9%  44.0 7935s
 1001018 530455   48.00000   35  113   81.00000   36.50536  54.9%  44.0 7949s
 1002486 531841   57.00000   43  126   81.00000   36.50646  54.9%  44.0 7970s
 1004500 533098   75.00000   49   57   81.00000   36.50646  54.9%  44.0 7988s
 1006438 534115   65.00000   47   87   81.00000   36.50646  54.9%  44.0 8008s
 1008307 535282   49.00000   26  128   81.00000   36.50862  54.9%  44.0 8026s
 1010421 536608   51.00000   37  106   81.00000   36.51390  54.9%  44.0 8046s
 1012320 537672   78.00000   62   48   81.00000   36.51771  54.9%  44.1 8064s
 1014183 538963 infeasible   48        81.00000   36.52083  54.9%  44.1 8087s
 1016281 539982   78.00000   74   65   81.00000   36.52146  54.9%  44.1 8104s
 1018320 541201   71.00000   52   76   81.00000   36.52706  54.9%  44.1 8124s
 1020286 542544   71.00000   29   81   81.00000   36.52777  54.9%  44.1 8141s
 1022172 543713 infeasible   60        81.00000   36.53066  54.9%  44.1 8160s
 1024129 544867 infeasible   51        81.00000   36.53241  54.9%  44.1 8176s
 1025960 546115   73.00000   45   67   81.00000   36.53381  54.9%  44.1 8194s
 1027838 547331   80.00000   70   43   81.00000   36.53776  54.9%  44.1 8210s
 1029632 548404   80.00000   48   57   81.00000   36.54062  54.9%  44.1 8227s
 1031412 549638   77.00000   36   65   81.00000   36.54097  54.9%  44.0 8242s
 1033084 550908   78.00000   77   60   81.00000   36.54369  54.9%  44.0 8260s
 1035039 552169   80.00000   40   60   81.00000   36.54370  54.9%  44.0 8273s
 1036886 553406   72.00000   47   67   81.00000   36.54501  54.9%  44.0 8292s
 1038716 554433 infeasible   65        81.00000   36.54688  54.9%  44.0 8307s
 1040557 555526   58.00000   47   98   81.00000   36.54987  54.9%  44.0 8325s
 1042308 556679     cutoff  109        81.00000   36.54987  54.9%  44.0 8338s
 1043986 557678   78.00000   51   68   81.00000   36.55151  54.9%  44.1 8357s
 1045775 558952   74.00000   46   72   81.00000   36.55254  54.9%  44.1 8373s
 1047677 559985   70.00000   59   61   81.00000   36.55254  54.9%  44.1 8390s
 1049381 560956   72.00000   40   51   81.00000   36.55599  54.9%  44.0 8406s
 1051239 562042   74.00000   43   64   81.00000   36.55664  54.9%  44.0 8424s
 1052999 563156   79.00000   67   53   81.00000   36.56098  54.9%  44.0 8439s
 1053704 563156   76.00000   49   56   81.00000   36.56171  54.9%  44.0 8440s
 1054786 564046   65.00000   49   91   81.00000   36.56273  54.9%  44.0 8456s
 1056287 564993   63.00000   43  109   81.00000   36.56314  54.9%  44.1 8474s
 1057773 566243   40.00000   35  107   81.00000   36.56591  54.9%  44.1 8491s
 1059594 567570   77.00000   36   75   81.00000   36.56757  54.9%  44.1 8512s
 1061612 568909   61.00000   37   81   81.00000   36.56884  54.9%  44.1 8528s
 1063724 569976   74.00000   40   72   81.00000   36.57022  54.9%  44.1 8548s
 1065821 571212   46.00000   29  109   81.00000   36.57080  54.9%  44.0 8564s
 1067774 572557   36.57249   25  128   81.00000   36.57249  54.8%  44.0 8586s
 1069804 573805   77.00000   72   51   81.00000   36.57326  54.8%  44.0 8599s
 1071634 574840   79.00000   51   89   81.00000   36.57480  54.8%  44.0 8613s
 1073260 575716   76.00000   42   69   81.00000   36.57663  54.8%  44.0 8630s
 1074758 576930   78.00000   55   61   81.00000   36.57925  54.8%  44.0 8646s
 1076454 578053   78.00000   81   44   81.00000   36.58163  54.8%  44.0 8663s
 1078124 579279 infeasible   87        81.00000   36.58292  54.8%  44.0 8681s
 1080021 580351   80.00000   58   52   81.00000   36.58425  54.8%  44.0 8695s
 1081800 581461   67.00000   49   66   81.00000   36.58572  54.8%  44.0 8714s
 1083520 582498   78.00000   71   67   81.00000   36.58703  54.8%  44.0 8729s
 1085228 583719   79.00000   70   44   81.00000   36.58916  54.8%  44.0 8750s
 1087074 584928 infeasible   67        81.00000   36.59599  54.8%  44.0 8764s
 1088185 584928   68.00000   46   72   81.00000   36.59784  54.8%  44.0 8765s
 1088977 586115   79.00000   62   51   81.00000   36.59921  54.8%  44.0 8784s
 1090938 587170   80.00000   59   48   81.00000   36.60064  54.8%  44.0 8800s
 1092888 588244   79.00000   43   63   81.00000   36.60327  54.8%  44.0 8818s
 1094621 589451   79.00000   57   48   81.00000   36.60367  54.8%  44.0 8832s
 1096410 590711   77.00000   68   45   81.00000   36.60406  54.8%  44.0 8851s
 1098320 591849   60.00000   51   87   81.00000   36.60793  54.8%  44.0 8864s
 1099986 593133   80.00000   54   67   81.00000   36.61047  54.8%  44.0 8882s
 1101721 594352   59.00000   45  101   81.00000   36.61085  54.8%  44.0 8897s
 1103608 595698 infeasible   85        81.00000   36.61184  54.8%  44.0 8917s
 1105532 596958   75.00000   77   33   81.00000   36.61529  54.8%  44.0 8932s
 1107458 598154   78.00000   41   67   81.00000   36.61729  54.8%  44.0 8951s
 1109316 599326   80.00000   55   71   81.00000   36.62187  54.8%  44.0 8967s
 1111260 600527   77.00000   51   53   81.00000   36.62416  54.8%  44.0 8984s
 1112998 601536   79.00000   56   36   81.00000   36.62873  54.8%  44.0 8997s
 1114667 602694 infeasible   53        81.00000   36.63163  54.8%  44.0 9019s
 1116612 603794 infeasible   69        81.00000   36.63163  54.8%  44.0 9033s
 1118606 605057   69.00000   52   83   81.00000   36.63163  54.8%  44.0 9053s
 1120504 606142 infeasible   82        81.00000   36.63531  54.8%  44.0 9068s
 1122363 607232 infeasible   61        81.00000   36.63878  54.8%  44.0 9087s
 1124171 608443   57.00000   28   92   81.00000   36.64184  54.8%  44.0 9103s
 1125949 609559   40.00000   32  144   81.00000   36.64470  54.8%  44.0 9122s
 1127707 610856   76.00000   44   82   81.00000   36.64899  54.8%  44.0 9138s
 1129652 611943   40.00000   34  114   81.00000   36.65247  54.8%  44.0 9156s
 1131437 613239 infeasible   62        81.00000   36.65652  54.7%  44.0 9173s
 1133481 613932   80.00000   61   45   81.00000   36.65982  54.7%  44.0 9190s
 1135078 615016 infeasible   41        81.00000   36.66047  54.7%  44.0 9205s
 1136841 616179   37.00000   26  157   81.00000   36.66155  54.7%  44.0 9224s
 1137708 616179   80.00000   62   59   81.00000   36.66190  54.7%  44.0 9225s
 1138692 617374 infeasible   93        81.00000   36.66202  54.7%  44.0 9238s
 1140349 618500   70.00000   85   57   81.00000   36.66202  54.7%  44.0 9257s
 1142312 619567   79.00000   66   36   81.00000   36.66780  54.7%  44.0 9274s
 1144304 619567   78.00000   58   67   81.00000   36.67100  54.7%  44.0 9275s
 1144418 620685 infeasible   82        81.00000   36.67120  54.7%  44.0 9294s
 1146193 621820   80.00000   53   35   81.00000   36.67494  54.7%  44.0 9309s
 1147806 622816   61.00000   38  109   81.00000   36.67494  54.7%  44.0 9326s
 1149493 623847   59.00000   51  112   81.00000   36.67778  54.7%  44.0 9346s
 1151268 624980   80.00000   63   68   81.00000   36.68041  54.7%  44.0 9361s
 1153159 626057   78.00000   63   56   81.00000   36.68264  54.7%  44.0 9382s
 1154953 627150   57.00000   38  134   81.00000   36.68815  54.7%  44.0 9399s
 1156877 627150   80.00000   59   66   81.00000   36.68815  54.7%  44.0 9400s
 1157044 628278   78.00000   60   46   81.00000   36.68815  54.7%  44.0 9419s
 1158778 629599   79.00000   70   38   81.00000   36.69193  54.7%  44.0 9435s
 1160787 630954   79.00000   54   42   81.00000   36.69397  54.7%  44.0 9454s
 1162734 632059   77.00000   47   66   81.00000   36.69413  54.7%  44.0 9470s
 1164640 633280   66.00000   39   77   81.00000   36.69669  54.7%  44.0 9485s
 1166323 634344   79.00000   58   59   81.00000   36.70121  54.7%  44.0 9504s
 1168067 635494   79.00000   84   38   81.00000   36.70288  54.7%  44.0 9521s
 1169883 636750   64.00000   30   91   81.00000   36.70468  54.7%  44.0 9541s
 1171804 637842 infeasible   63        81.00000   36.70618  54.7%  43.9 9557s
 1173552 639030   59.00000   52  105   81.00000   36.70633  54.7%  43.9 9574s
 1175364 640273   73.00000   54   58   81.00000   36.71039  54.7%  43.9 9590s
 1177074 641361   79.00000   44   75   81.00000   36.71248  54.7%  44.0 9609s
 1178885 642358   73.00000   53   62   81.00000   36.71356  54.7%  44.0 9624s
 1180521 643907   36.81929   27  164   81.00000   36.71751  54.7%  44.0 9646s
 1182611 644975   78.00000   66   59   81.00000   36.71991  54.7%  43.9 9662s
 1184439 646176   46.00000   35  122   81.00000   36.72494  54.7%  43.9 9684s
 1186357 647294   57.00000   41  105   81.00000   36.72494  54.7%  43.9 9701s
 1188253 648566   78.00000   63   64   81.00000   36.72758  54.7%  43.9 9716s
 1190239 649608   78.00000   44   70   81.00000   36.73097  54.7%  43.9 9735s
 1192007 650808   64.00000   33   81   81.00000   36.73569  54.6%  43.9 9753s
 1193856 651964   70.00000   40   90   81.00000   36.73859  54.6%  43.9 9773s
 1195609 653063   73.00000   53   57   81.00000   36.74055  54.6%  43.9 9788s
 1197447 654178   46.00000   31  106   81.00000   36.74496  54.6%  43.9 9810s
 1199266 655309   77.00000   62   41   81.00000   36.75145  54.6%  43.9 9825s
 1201005 656407   72.00000   40   79   81.00000   36.75521  54.6%  43.9 9843s
 1202754 657560   78.00000   62   66   81.00000   36.75712  54.6%  43.9 9858s
 1204650 658811   57.00000   39  121   81.00000   36.76170  54.6%  43.9 9879s
 1206500 659983   61.00000   37   85   81.00000   36.76170  54.6%  43.9 9892s
 1208051 661528   62.00000   49  103   81.00000   36.76650  54.6%  43.9 9907s
 1210039 662496   80.00000   69   68   81.00000   36.76770  54.6%  43.9 9925s
 1212056 663592   59.00000   34   80   81.00000   36.76770  54.6%  43.9 9941s
 1213981 664829   67.00000   61   61   81.00000   36.76976  54.6%  43.9 9960s
 1215896 665950   79.00000   67   30   81.00000   36.77142  54.6%  43.9 9977s
 1217659 667187   65.00000   43   63   81.00000   36.77386  54.6%  43.9 9996s
 1219538 668378   52.00000   43  111   81.00000   36.77752  54.6%  43.9 10012s
 1221392 669783   57.00000   36   83   81.00000   36.78107  54.6%  43.9 10031s
 1223310 670972 infeasible   72        81.00000   36.78261  54.6%  43.9 10047s
 1225189 672046 infeasible   63        81.00000   36.78315  54.6%  43.9 10064s
 1225600 672046   80.00000   90   29   81.00000   36.78396  54.6%  43.9 10065s
 1226895 673329   62.00000   52   68   81.00000   36.78841  54.6%  43.9 10080s
 1228736 674489 infeasible   48        81.00000   36.78841  54.6%  43.9 10099s
 1230517 675591   78.00000   98   36   81.00000   36.79439  54.6%  43.9 10115s
 1232478 677048   72.00000   49   49   81.00000   36.79499  54.6%  43.9 10136s
 1234429 678108   72.00000   66   51   81.00000   36.79499  54.6%  43.9 10152s
 1236419 679191 infeasible   76        81.00000   36.80122  54.6%  43.8 10167s
 1238188 680338   80.00000   74   35   81.00000   36.80681  54.6%  43.8 10186s
 1240078 681572   78.00000   49   53   81.00000   36.80681  54.6%  43.8 10199s
 1241979 682732   71.00000   76   58   81.00000   36.80831  54.6%  43.8 10219s
 1243874 683921   73.00000   39   54   81.00000   36.80831  54.6%  43.8 10232s
 1245593 685315     cutoff   67        81.00000   36.80997  54.6%  43.8 10250s
 1247442 686613   61.00000   43  118   81.00000   36.81225  54.6%  43.8 10267s
 1249431 687712   61.00000   47   81   81.00000   36.81225  54.6%  43.8 10285s
 1251084 688809   72.00000   93   57   81.00000   36.81225  54.6%  43.8 10300s
 1252965 689947   70.00000   39   68   81.00000   36.81863  54.5%  43.8 10319s
 1254750 690979 infeasible   58        81.00000   36.82569  54.5%  43.8 10333s
 1256374 691758   79.00000   62   57   81.00000   36.82604  54.5%  43.8 10347s
 1257660 692812   53.00000   44   88   81.00000   36.82604  54.5%  43.8 10365s
 1259180 693961   53.00000   25   88   81.00000   36.82604  54.5%  43.8 10387s
 1261096 695209   76.00000   58   64   81.00000   36.83013  54.5%  43.8 10404s
 1263060 696264   77.00000   38   52   81.00000   36.83333  54.5%  43.8 10425s
 1264806 697624   57.00000   34   99   81.00000   36.83443  54.5%  43.8 10440s
 1266718 698930   79.00000   61   66   81.00000   36.83658  54.5%  43.8 10460s
 1268533 699892   72.00000   84   46   81.00000   36.84036  54.5%  43.8 10477s
 1270303 700852   61.00000   30   75   81.00000   36.84449  54.5%  43.8 10496s
 1272114 702188 infeasible   81        81.00000   36.84449  54.5%  43.8 10514s
 1274157 703270   60.00000   54   94   81.00000   36.84449  54.5%  43.8 10532s
 1275944 704412   40.00000   32  111   81.00000   36.85399  54.5%  43.8 10547s
 1277688 705615   57.00000   32   76   81.00000   36.85754  54.5%  43.8 10566s
 1279461 706766   79.00000   53   77   81.00000   36.85830  54.5%  43.8 10583s
 1281303 707998   78.00000   54   56   81.00000   36.86294  54.5%  43.8 10604s
 1283214 709181   76.00000   46   84   81.00000   36.86294  54.5%  43.8 10621s
 1285195 710334   42.00000   32  127   81.00000   36.86435  54.5%  43.8 10636s
 1287025 711489   48.00000   42  118   81.00000   36.86648  54.5%  43.8 10655s
 1288801 712421   78.00000   64   36   81.00000   36.86821  54.5%  43.8 10668s
 1290299 713525   76.00000   34   89   81.00000   36.86821  54.5%  43.8 10687s
 1292084 714675   48.00000   30   93   81.00000   36.87588  54.5%  43.8 10704s
 1293968 715829   72.00000   37   86   81.00000   36.87808  54.5%  43.8 10725s
 1295885 717350   61.00000   39   96   81.00000   36.87808  54.5%  43.8 10742s
 1297962 718444   65.00000   54   70   81.00000   36.88205  54.5%  43.8 10763s
 1300023 719500   79.00000   84   33   81.00000   36.88328  54.5%  43.8 10779s
 1301594 720755   64.00000   26  100   81.00000   36.88328  54.5%  43.8 10797s
 1303442 720982   80.00000   62   61   81.00000   36.88328  54.5%  43.8 10800s

Cutting planes:
  Gomory: 27
  Cover: 56
  MIR: 867
  Flow cover: 2266
  Inf proof: 1
  RLT: 322
  Relax-and-lift: 4

Explored 1303787 nodes (57106680 simplex iterations) in 10800.31 seconds (477.35 work units)
Thread count was 18 (of 36 available processors)

Solution count 10: 81 82 84 ... 94

Time limit reached
Best objective 8.100000000000e+01, best bound 3.688328313253e+01, gap 54.4651%
