
Gurobi 11.0.0 (win64) logging started Thu May  9 12:50:02 2024

Set parameter LogFile to value "./Results/StripPacking-CutHeurRuns/Logs/SBM-010-StripPacking-25.log"
Set parameter TimeLimit to value 10800
Set parameter Cuts to value 0
Set parameter Presolve to value 1
Set parameter Heuristics to value 0
Set parameter LPWarmStart to value 2
Gurobi Optimizer version 11.0.0 build v11.0.0rc2 (win64 - Windows 10.0 (19045.2))

CPU model: Intel(R) Core(TM) i9-10980XE CPU @ 3.00GHz, instruction set [SSE2|AVX|AVX2|AVX512]
Thread count: 18 physical cores, 36 logical processors, using up to 18 threads

Optimize a model with 5425 rows, 951 columns and 16250 nonzeros
Model fingerprint: 0x0996574c
Variable types: 351 continuous, 600 integer (600 binary)
Coefficient statistics:
  Matrix range     [1e+00, 1e+04]
  Objective range  [1e+00, 1e+00]
  Bounds range     [1e+00, 1e+04]
  RHS range        [1e+00, 1e+04]

Warning: Completing partial solution with 600 unfixed non-continuous variables out of 600
User MIP start produced solution with objective 102.2 (0.05s)
Loaded user MIP start with objective 102.2

Presolve removed 1500 rows and 0 columns
Presolve time: 0.03s
Presolved: 3925 rows, 951 columns, 12350 nonzeros
Variable types: 351 continuous, 600 integer (600 binary)

Root relaxation: objective 3.500000e+01, 493 iterations, 0.02 seconds (0.02 work units)

    Nodes    |    Current Node    |     Objective Bounds      |     Work
 Expl Unexpl |  Obj  Depth IntInf | Incumbent    BestBd   Gap | It/Node Time

     0     0   35.00000    0   85  102.20000   35.00000  65.8%     -    0s
     0     0   35.00000    0   85  102.20000   35.00000  65.8%     -    0s
     0     2   35.00000    0   85  102.20000   35.00000  65.8%     -    0s
  3376  3556   35.00000   16  114  102.20000   35.00000  65.8%  21.0    5s
  7529  6135   35.00000   25   98  102.20000   35.00000  65.8%  19.3   10s
* 8899  6599             122     102.0000000   35.00000  65.7%  23.4   13s
* 9315  6678             115     101.0000000   35.00000  65.3%  23.7   14s
  9469  6935   78.00000   70   71  101.00000   35.00000  65.3%  24.0   15s
*10791  7095             120     100.0000000   35.00000  65.0%  24.3   17s
*11345  7117             133      99.0000000   35.00000  64.6%  24.3   19s
 11646  7464 infeasible  129        99.00000   35.00000  64.6%  24.5   20s
*11799  7135             165      98.0000000   35.00000  64.3%  24.5   20s
*11905  6779             187      96.0000000   35.00000  63.5%  24.5   20s
*12475  6721             159      95.0000000   35.00000  63.2%  24.7   21s
*12487  6431             162      94.0000000   35.00000  62.8%  24.7   21s
 13638  7296   68.00000   80   61   94.00000   35.00000  62.8%  25.4   25s
*13943  6873             120      93.0000000   35.00000  62.4%  25.3   25s
*15308  6627             167      92.0000000   35.00000  62.0%  25.2   28s
 15323  7099   50.00000   51  109   92.00000   35.00000  62.0%  25.2   30s
 17158  7728   64.00000   52  101   92.00000   35.00000  62.0%  25.3   35s
*17592  7231             113      91.0000000   35.00000  61.5%  25.3   35s
 19071  8881   47.00000   41   98   91.00000   35.00000  61.5%  25.6   40s
*19168  8551             122      90.0000000   35.00000  61.1%  25.6   40s
*21548  9383             116      89.0000000   35.00000  60.7%  26.0   44s
 22404 10044   79.00000   86   80   89.00000   35.00000  60.7%  26.1   47s
 23643 10995   38.00000   51  143   89.00000   35.00000  60.7%  26.4   50s
 26235 13301   88.00000   62   77   89.00000   35.00000  60.7%  26.9   58s
 27799 14341   88.00000   93   49   89.00000   35.00000  60.7%  26.8   64s
*28177 12930             107      88.0000000   35.00000  60.2%  26.8   64s
 29397 13949   62.00000   51   64   88.00000   35.00000  60.2%  26.7   68s
 31084 15306   62.00000   54   88   88.00000   35.00000  60.2%  26.8   72s
 32590 16541   83.00000  105   39   88.00000   35.00000  60.2%  26.9   77s
 34345 17976   37.00000   28  101   88.00000   35.00000  60.2%  26.9   82s
 35912 19302   54.00000   73   93   88.00000   35.00000  60.2%  27.1   87s
 37690 20672   83.00000  107   46   88.00000   35.00000  60.2%  27.1   93s
 39673 22196 infeasible  157        88.00000   35.00000  60.2%  27.1   99s
 41673 23742   86.00000   68   72   88.00000   35.00000  60.2%  27.2  105s
 43728 25444   64.00000   52   73   88.00000   35.00000  60.2%  27.2  111s
*44027 23483             143      87.0000000   35.00000  59.8%  27.2  111s
 46243 25041 infeasible  103        87.00000   35.00000  59.8%  27.1  119s
 48531 26920   62.00000   43   78   87.00000   35.00000  59.8%  27.2  127s
 51276 28682   85.00000   59   42   87.00000   35.00000  59.8%  27.1  136s
 53750 30715   85.00000   84   79   87.00000   35.00000  59.8%  27.1  141s
 56417 32628     cutoff  109        87.00000   35.00000  59.8%  27.1  149s
 58926 34413   48.00000   33   79   87.00000   35.00000  59.8%  27.2  159s
 61484 36384   85.00000   92   64   87.00000   35.00000  59.8%  27.3  166s
 64161 38292   85.00000   63   48   87.00000   35.00000  59.8%  27.3  174s
*65896 34833             135      86.0000000   35.00000  59.3%  27.4  174s
 66674 36512   35.00000   30  116   86.00000   35.00000  59.3%  27.4  180s
 69218 40123   73.00000   44   72   86.00000   35.00000  59.3%  27.5  192s
 74466 41199 infeasible   71        86.00000   35.00000  59.3%  26.9  196s
 75922 42433     cutoff  106        86.00000   35.00000  59.3%  26.9  200s
 77662 43877   84.00000  103   17   86.00000   35.00000  59.3%  26.9  205s
 81314 46813   85.00000  115   25   86.00000   35.00000  59.3%  27.1  211s
*81859 42878             140      85.0000000   35.00000  58.8%  27.1  212s
 83394 44151     cutoff  112        85.00000   35.00000  58.8%  27.1  217s
 85492 45761   79.00000   83   50   85.00000   35.00000  58.8%  27.1  223s
 87776 47379   82.00000   92   45   85.00000   35.00000  58.8%  27.1  230s
 90145 49282   43.00000   35  107   85.00000   35.00000  58.8%  27.1  237s
 92590 52851   74.00000  106   51   85.00000   35.00000  58.8%  27.2  247s
 97998 53778 infeasible  119        85.00000   35.00000  58.8%  26.6  250s
 100744 56106   55.00000   42   86   85.00000   35.00000  58.8%  26.7  259s
 102527 57428   43.00000   22   77   85.00000   35.00000  58.8%  26.7  263s
 104352 58890   47.00000   36   97   85.00000   35.00000  58.8%  26.8  267s
 106114 60452   77.00000   79   58   85.00000   35.00000  58.8%  26.9  272s
 108262 61889   64.00000   67   84   85.00000   35.00000  58.8%  26.9  277s
 110290 63464   84.00000  134   24   85.00000   35.00000  58.8%  27.0  283s
 112735 65186   61.00000   46  113   85.00000   35.00000  58.8%  27.0  292s
*113251 59495             127      84.0000000   35.00000  58.3%  27.0  292s
 115168 61033   72.00000   58   73   84.00000   35.00000  58.3%  27.0  300s
 117698 62984   75.00000   73   65   84.00000   35.00000  58.3%  27.0  308s
 120507 66472   80.00000   51   64   84.00000   35.00000  58.3%  27.0  318s
 125324 67969   68.00000   45   85   84.00000   35.00000  58.3%  26.8  325s
 127468 69429   75.00000   78   79   84.00000   35.00000  58.3%  26.8  331s
 129656 71061   47.00000   33   91   84.00000   35.00000  58.3%  26.8  338s
 132078 72789   67.00000   62   80   84.00000   35.00000  58.3%  26.8  343s
 134423 74447   47.00000   49  105   84.00000   35.00000  58.3%  26.8  350s
 136685 76757   35.00000   25  101   84.00000   35.00000  58.3%  26.8  359s
 140252 78416   81.00000  112   43   84.00000   35.00000  58.3%  26.7  366s
 142548 80342   38.00000   34  126   84.00000   35.00000  58.3%  26.8  377s
 145407 82429   77.00000   77   74   84.00000   35.00000  58.3%  26.9  386s
 148298 86275   78.00000   82   74   84.00000   35.00000  58.3%  26.9  400s
 154610 87650   37.00000   48  131   84.00000   35.00000  58.3%  26.4  405s
 156491 89140   72.00000   82   82   84.00000   35.00000  58.3%  26.5  410s
 158631 90742   64.00000   83   71   84.00000   35.00000  58.3%  26.5  418s
 160933 92429   82.00000   81   57   84.00000   35.00000  58.3%  26.5  424s
 163233 93929   73.00000   91   58   84.00000   35.00000  58.3%  26.5  432s
 165537 95888   54.00000   57  101   84.00000   35.00000  58.3%  26.6  440s
 168432 99708   57.00000   45   90   84.00000   35.00000  58.3%  26.6  454s
 174464 101016 infeasible  131        84.00000   35.00000  58.3%  26.3  459s
 176315 102347 infeasible  120        84.00000   35.00000  58.3%  26.3  464s
 178088 103734   80.00000   61   63   84.00000   35.00000  58.3%  26.4  470s
 182344 106948   82.00000   85   41   84.00000   35.00000  58.3%  26.5  480s
 184766 108400 infeasible  107        84.00000   35.00000  58.3%  26.5  487s
 186941 110044   46.00000   47   98   84.00000   35.00000  58.3%  26.5  496s
 189323 111797   83.00000   81   36   84.00000   35.00000  58.3%  26.5  505s
 191861 113711   83.00000   97   69   84.00000   35.00000  58.3%  26.6  510s
 194492 117619   83.00000   88   37   84.00000   35.00000  58.3%  26.7  524s
 200501 119068   72.00000   82   81   84.00000   35.00000  58.3%  26.4  532s
 202536 120611   36.57755   31  117   84.00000   35.00000  58.3%  26.5  538s
 204828 122173   76.00000   68   78   84.00000   35.00000  58.3%  26.5  544s
 207070 123853   76.00000   79   69   84.00000   35.00000  58.3%  26.5  552s
 209473 125499   43.00000   45  127   84.00000   35.00000  58.3%  26.5  559s
 211606 127492 infeasible  161        84.00000   35.00000  58.3%  26.5  571s
 214672 130503   61.00000   57   80   84.00000   35.00000  58.3%  26.6  579s
 218887 131861   69.00000   58   75   84.00000   35.00000  58.3%  26.5  585s
 220939 133543   61.00000   57   80   84.00000   35.00000  58.3%  26.6  594s
 223362 135066   78.00000  121   44   84.00000   35.00000  58.3%  26.7  602s
*223499 120292             124      83.0000000   35.00000  57.8%  26.7  602s
 225747 121773   38.00000   36  113   83.00000   35.00000  57.8%  26.7  609s
 228143 123616   80.00000   93   76   83.00000   35.00000  57.8%  26.8  618s
 230858 125324   61.00000   68   77   83.00000   35.00000  57.8%  26.8  628s
 233379 126877   82.00000   89   61   83.00000   35.00000  57.8%  26.8  636s
 235870 129137   65.00000   86   84   83.00000   35.00000  57.8%  26.8  644s
 239303 130619   82.00000   79   41   83.00000   35.00000  57.8%  26.8  652s
 241543 132168   58.00000   55   93   83.00000   35.00000  57.8%  26.9  659s
 243169 132168   81.00000   56   51   83.00000   35.00000  57.8%  26.9  660s
 243825 133947   79.00000   63   42   83.00000   35.00000  57.8%  26.9  667s
 246462 136931   44.00000   59  126   83.00000   35.00000  57.8%  26.9  679s
 250917 138368   82.00000  110   47   83.00000   35.00000  57.8%  26.8  686s
 253079 139999   51.00000   51   99   83.00000   35.00000  57.8%  26.8  693s
 255350 141526   55.00000   73  118   83.00000   35.00000  57.8%  26.9  700s
 257622 143550   79.00000   97   41   83.00000   35.00000  57.8%  26.9  708s
 260422 147335   73.00000   67   83   83.00000   35.00000  57.8%  26.9  718s
 266098 148646   55.00000   47   89   83.00000   35.00000  57.8%  26.8  725s
 267937 150029   80.00000   73   61   83.00000   35.00000  57.8%  26.8  732s
 269964 151380   82.00000   91   40   83.00000   35.00000  57.8%  26.8  738s
 272063 152898   65.00000   63   61   83.00000   35.00000  57.8%  26.9  744s
 274241 154296   51.00000   60   84   83.00000   35.00000  57.8%  26.9  753s
 276592 155704   82.00000   86   50   83.00000   35.00000  57.8%  26.9  760s
 278849 157235   75.00000   60   81   83.00000   35.00000  57.8%  27.0  769s
 281356 158873   75.00000   69   78   83.00000   35.00000  57.8%  27.0  776s
 283935 160485   80.00000  103   52   83.00000   35.00000  57.8%  27.0  787s
 286519 162260   81.00000   61   58   83.00000   35.00000  57.8%  27.0  797s
 289266 164005   72.00000   45   65   83.00000   35.00000  57.8%  27.0  806s
 291842 166158     cutoff  106        83.00000   35.00000  57.8%  27.1  815s
 294564 168148   81.00000   96   13   83.00000   35.00000  57.8%  27.1  821s
 297134 169866   78.00000   91   50   83.00000   35.00000  57.8%  27.2  832s
 299667 171705   46.00000   43   72   83.00000   35.00000  57.8%  27.2  839s
 302210 173272   75.00000   98   68   83.00000   35.00000  57.8%  27.3  849s
 304649 176932   82.00000   97   39   83.00000   35.00000  57.8%  27.3  858s
 310021 178153   54.00000   69  107   83.00000   35.00000  57.8%  27.2  865s
 311609 179438   53.00000   55   87   83.00000   35.00000  57.8%  27.2  870s
 313464 180679   64.00000   64   70   83.00000   35.00000  57.8%  27.2  876s
 315410 182099 infeasible  113        83.00000   35.00000  57.8%  27.2  882s
 317528 183600   81.00000   90   38   83.00000   35.00000  57.8%  27.2  890s
 319551 185154 infeasible   97        83.00000   35.00000  57.8%  27.3  897s
 321764 186492   81.00000   86   49   83.00000   35.00000  57.8%  27.3  905s
 324007 188144   78.00000  103   48   83.00000   35.00000  57.8%  27.3  914s
 326499 191845   44.00000   53  116   83.00000   35.00000  57.8%  27.3  926s
 332102 193018   69.00000   42   83   83.00000   35.00000  57.8%  27.2  932s
 333749 194326   81.00000   68   68   83.00000   35.00000  57.8%  27.2  937s
 335609 195572   81.00000   76   56   83.00000   35.00000  57.8%  27.2  940s
 337571 196786 infeasible   89        83.00000   35.00000  57.8%  27.2  948s
 339525 198214   82.00000  122    9   83.00000   35.00000  57.8%  27.2  956s
*341571 178476             135      82.0000000   35.00000  57.3%  27.2  956s
 341658 179703   59.00000   57  101   82.00000   35.00000  57.3%  27.2  964s
 343614 181009 infeasible  102        82.00000   35.00000  57.3%  27.3  970s
 345696 182599   77.00000   98   57   82.00000   35.00000  57.3%  27.3  979s
 348070 184580   47.00000   59  103   82.00000   35.00000  57.3%  27.3  989s
 350612 186404   77.00000  131   51   82.00000   35.00000  57.3%  27.4 1000s
 353312 188248   74.00000   49   84   82.00000   35.00000  57.3%  27.4 1007s
 356057 190251   62.00000   63   43   82.00000   35.00000  57.3%  27.4 1017s
 358794 194070   67.00000  110   55   82.00000   35.00000  57.3%  27.5 1033s
 364759 195489   62.00000   42   84   82.00000   35.00000  57.3%  27.3 1038s
 366730 196923   78.00000   99   36   82.00000   35.00000  57.3%  27.3 1045s
*368243 178974             157      81.0000000   35.00000  56.8%  27.3 1045s
 368891 180270     cutoff  101        81.00000   35.00000  56.8%  27.4 1053s
 371185 182071   64.00000   41   90   81.00000   35.00000  56.8%  27.4 1063s
 373926 183805     cutoff   92        81.00000   35.00000  56.8%  27.4 1072s
 376831 185630   74.00000   88   87   81.00000   35.00000  56.8%  27.4 1083s
 379493 187405   79.00000   72   60   81.00000   35.00000  56.8%  27.5 1092s
 382189 189088   75.00000   63   65   81.00000   35.00000  56.8%  27.5 1103s
 384791 190974   67.00000   42   76   81.00000   35.00000  56.8%  27.5 1112s
 387599 194671   77.00000   66   36   81.00000   35.00000  56.8%  27.5 1126s
 393071 196088   71.00000   77  112   81.00000   35.00000  56.8%  27.4 1134s
 395222 198028   74.00000   84   71   81.00000   35.00000  56.8%  27.5 1141s
 398144 199876   78.00000   83   76   81.00000   35.00000  56.8%  27.5 1149s
 400992 201535   62.00000   90   88   81.00000   35.00000  56.8%  27.5 1154s
 403373 203263   55.00000   44   92   81.00000   35.00000  56.8%  27.6 1162s
 405950 205134   70.00000  112   76   81.00000   35.00000  56.8%  27.7 1169s
 408830 206993   79.00000   83   56   81.00000   35.00000  56.8%  27.7 1178s
 411540 208709   65.00000   58   78   81.00000   35.00000  56.8%  27.7 1187s
 414391 210515   76.00000   68   71   81.00000   35.00000  56.8%  27.7 1199s
 417211 213816   70.00000   37  108   81.00000   35.00000  56.8%  27.8 1211s
 422633 214578   66.00000   53   92   81.00000   35.00000  56.8%  27.6 1215s
 425231 216656   49.00000   51  125   81.00000   35.00000  56.8%  27.7 1225s
 426835 217818   35.00000   62  119   81.00000   35.00000  56.8%  27.7 1230s
 428594 218939   80.00000   60   61   81.00000   35.00000  56.8%  27.7 1236s
 430307 220242   61.00000   65   91   81.00000   35.00000  56.8%  27.7 1241s
 432213 221528 infeasible  114        81.00000   35.00000  56.8%  27.7 1247s
 434228 223018   65.00000   55  108   81.00000   35.00000  56.8%  27.8 1257s
 436411 224505   76.00000  100   62   81.00000   35.00000  56.8%  27.8 1265s
 438603 226027   78.00000  121   45   81.00000   35.00000  56.8%  27.8 1274s
 440752 229370   57.00000   89   89   81.00000   35.00000  56.8%  27.8 1284s
 445902 230208 infeasible   84        81.00000   35.00000  56.8%  27.7 1289s
 447196 231238 infeasible  129        81.00000   35.00000  56.8%  27.7 1294s
 448690 232191   48.00000   59  105   81.00000   35.00000  56.8%  27.7 1299s
 450282 233397 infeasible   82        81.00000   35.00000  56.8%  27.7 1305s
 452138 234328 infeasible  103        81.00000   35.00000  56.8%  27.8 1311s
 453798 235744   41.00000   28  104   81.00000   35.00000  56.8%  27.8 1319s
 455925 237235   60.00000   64   92   81.00000   35.00000  56.8%  27.8 1327s
 458049 238780 infeasible   83        81.00000   35.00000  56.8%  27.8 1335s
 460220 240260   67.00000   95   61   81.00000   35.00000  56.8%  27.8 1342s
 462368 243203   78.00000   90   35   81.00000   35.00000  56.8%  27.9 1352s
 466854 244516   80.00000   89   63   81.00000   35.00000  56.8%  27.8 1361s
 469070 246609 infeasible   93        81.00000   35.00000  56.8%  27.8 1372s
 471961 248517   80.00000   86   33   81.00000   35.00000  56.8%  27.9 1382s
 474517 250172   55.00000   41   93   81.00000   35.00000  56.8%  27.9 1391s
 476861 251985 infeasible  116        81.00000   35.00000  56.8%  28.0 1402s
 479550 253869 infeasible   94        81.00000   35.00000  56.8%  28.0 1411s
 482435 257092   80.00000   96   59   81.00000   35.00000  56.8%  28.0 1428s
 487923 258612   68.00000   97   70   81.00000   35.00000  56.8%  27.9 1436s
 490091 260028   76.00000   57   61   81.00000   35.00000  56.8%  27.9 1443s
 492319 261833   77.00000   93   59   81.00000   35.00000  56.8%  28.0 1454s
 495222 263802   79.00000   92   53   81.00000   35.00000  56.8%  28.0 1466s
 498152 265487   78.00000   85   51   81.00000   35.00000  56.8%  28.0 1476s
 500625 267001   79.00000   69   37   81.00000   35.00000  56.8%  28.0 1485s
 503276 268858   50.00000   67  109   81.00000   35.00000  56.8%  28.1 1497s
 505879 270729   61.00000   66   84   81.00000   35.00000  56.8%  28.1 1508s
 508847 272478   72.00000   91   64   81.00000   35.00000  56.8%  28.1 1520s
 511570 274449   55.00000   38   81   81.00000   35.00000  56.8%  28.1 1531s
 514358 277639   63.00000  101  105   81.00000   35.00000  56.8%  28.1 1544s
 519527 278457   76.00000   62  101   81.00000   35.00000  56.8%  28.0 1549s
 520700 279381   55.00000   48   92   81.00000   35.00000  56.8%  28.0 1554s
 522104 280535   78.00000   64   72   81.00000   35.00000  56.8%  28.1 1560s
 523870 281662   79.00000   60   66   81.00000   35.00000  56.8%  28.1 1566s
 525665 282903   78.00000   83   48   81.00000   35.00000  56.8%  28.1 1572s
 527418 284216   74.00000   59   76   81.00000   35.00000  56.8%  28.1 1578s
 529331 285507 infeasible   83        81.00000   35.00000  56.8%  28.1 1588s
 531467 287147   46.00000   43  155   81.00000   35.00000  56.8%  28.1 1596s
 533797 288471   55.00000   38   91   81.00000   35.00000  56.8%  28.2 1604s
 536050 289937   69.00000   71   92   81.00000   35.00000  56.8%  28.2 1613s
 538335 291686 infeasible   55        81.00000   35.00000  56.8%  28.2 1625s
 540926 293694   43.00000   58  120   81.00000   35.00000  56.8%  28.2 1637s
 543796 296135   48.00000   65   88   81.00000   35.00000  56.8%  28.3 1652s
 547695 297912   35.00000   27  120   81.00000   35.00000  56.8%  28.2 1662s
 550384 299666   76.00000  111   84   81.00000   35.00000  56.8%  28.2 1671s
 552898 301383   77.00000   81   52   81.00000   35.00000  56.8%  28.3 1681s
 555531 305159   70.00000   67   89   81.00000   35.00000  56.8%  28.3 1698s
 561544 306860 infeasible  115        81.00000   35.00000  56.8%  28.1 1707s
 563946 308721   45.00000   50  120   81.00000   35.00000  56.8%  28.2 1717s
 566761 310486   65.00000   83   80   81.00000   35.00000  56.8%  28.2 1727s
 569511 312298   66.00000   92   61   81.00000   35.00000  56.8%  28.2 1738s
 572167 313923 infeasible   79        81.00000   35.00000  56.8%  28.2 1747s
 574789 315652   68.00000   74   74   81.00000   35.00000  56.8%  28.2 1759s
 577351 317307   35.00000   59  149   81.00000   35.00000  56.8%  28.2 1770s
 579985 318925   49.00000   54   67   81.00000   35.00000  56.8%  28.2 1780s
 582715 320751   67.00000   53   90   81.00000   35.00000  56.8%  28.2 1791s
 585335 321983   80.00000   83   55   81.00000   35.00000  56.8%  28.3 1801s
 587602 323896   80.00000   64   72   81.00000   35.00000  56.8%  28.3 1811s
 590556 325554   76.00000   66   70   81.00000   35.00000  56.8%  28.3 1824s
 593174 327274   78.00000  103   46   81.00000   35.00000  56.8%  28.3 1835s
 595823 330642   77.00000   79   66   81.00000   35.00000  56.8%  28.3 1850s
 600723 332005   79.00000   88   43   81.00000   35.00000  56.8%  28.3 1859s
 602830 333575   65.00000   62  106   81.00000   35.00000  56.8%  28.3 1869s
 605180 335288   62.00000   89   90   81.00000   35.00000  56.8%  28.3 1879s
 607716 336991 infeasible   99        81.00000   35.00000  56.8%  28.3 1890s
 610272 338574   44.00000   52  135   81.00000   35.00000  56.8%  28.3 1901s
 612809 340228   75.00000   54   65   81.00000   35.00000  56.8%  28.3 1910s
 615306 341945   37.00000   45  109   81.00000   35.00000  56.8%  28.3 1923s
 617884 344780   76.00000   64   66   81.00000   35.00000  56.8%  28.4 1935s
 622300 346317   80.00000   58   50   81.00000   35.00000  56.8%  28.3 1945s
 624683 347922   53.00000   58  104   81.00000   35.00000  56.8%  28.3 1955s
 627144 349416   62.00000   84   87   81.00000   35.00000  56.8%  28.3 1966s
 629467 350846   80.00000   74   50   81.00000   35.00000  56.8%  28.4 1974s
 631774 352638 infeasible  110        81.00000   35.00000  56.8%  28.4 1988s
 634587 354335   79.00000  100   71   81.00000   35.00000  56.8%  28.4 2000s
 637366 355926   75.00000   83   52   81.00000   35.00000  56.8%  28.4 2011s
 639961 357697   51.00000   59  102   81.00000   35.00000  56.8%  28.4 2022s
 642711 359208   80.00000   77   69   81.00000   35.00000  56.8%  28.4 2035s
 645374 360822   73.00000   74   75   81.00000   35.00000  56.8%  28.5 2045s
 648156 362446   80.00000  113   55   81.00000   35.00000  56.8%  28.5 2059s
 650872 363936   75.00000   83   86   81.00000   35.00000  56.8%  28.5 2071s
 653526 365930   70.00000   70   87   81.00000   35.00000  56.8%  28.5 2080s
 656700 367149   54.00000   57   73   81.00000   35.00000  56.8%  28.5 2090s
 658684 368644   80.00000  103   32   81.00000   35.00000  56.8%  28.5 2100s
 660951 370251   80.00000  102   29   81.00000   35.00000  56.8%  28.5 2111s
 663439 371692   59.00000   56   83   81.00000   35.00000  56.8%  28.5 2122s
 665924 373418   80.00000   77   35   81.00000   35.00000  56.8%  28.5 2136s
 668646 376995   55.00000   49   80   81.00000   35.00000  56.8%  28.5 2145s
 673853 378338   78.00000  112   44   81.00000   35.00000  56.8%  28.4 2153s
 675797 379749   78.00000   56   55   81.00000   35.00000  56.8%  28.5 2165s
 678116 381715   80.00000   94   35   81.00000   35.00000  56.8%  28.5 2178s
 681103 383420 infeasible  100        81.00000   35.00000  56.8%  28.5 2191s
 683699 385061   80.00000  103   50   81.00000   35.00000  56.8%  28.5 2202s
 686390 386824   79.00000   98   53   81.00000   35.00000  56.8%  28.5 2215s
 689157 388623   58.00000   44   76   81.00000   35.00000  56.8%  28.5 2227s
 691878 390516 infeasible  128        81.00000   35.00000  56.8%  28.5 2238s
 694599 394199   78.00000   89   67   81.00000   35.00000  56.8%  28.5 2256s
 700771 395839   77.00000  111   59   81.00000   35.00000  56.8%  28.4 2266s
 703276 397485   80.00000   83   69   81.00000   35.00000  56.8%  28.4 2276s
 705936 399311   37.00000   46  111   81.00000   35.00000  56.8%  28.4 2288s
 708760 401069   78.00000   80   73   81.00000   35.00000  56.8%  28.4 2298s
 711165 402775   76.00000   98   45   81.00000   35.00000  56.8%  28.5 2309s
 713949 404259   78.00000   96   64   81.00000   35.00000  56.8%  28.5 2322s
 716672 406280   75.00000   68   56   81.00000   35.00000  56.8%  28.5 2334s
 719487 407971   46.00000   62   97   81.00000   35.00000  56.8%  28.5 2345s
 722026 409639   79.00000   76   18   81.00000   35.00000  56.8%  28.5 2356s
 724632 411423 infeasible   75        81.00000   35.00000  56.8%  28.5 2369s
 727271 415070   78.00000   88   58   81.00000   35.00000  56.8%  28.5 2380s
 733398 416168 infeasible   90        81.00000   35.00000  56.8%  28.4 2386s
 734920 417043   77.00000   74   67   81.00000   35.00000  56.8%  28.4 2393s
 736347 418085   55.00000   49   88   81.00000   35.00000  56.8%  28.4 2399s
 737927 419263   35.00000   50  147   81.00000   35.00000  56.8%  28.4 2407s
 739725 420401   44.00000   51  113   81.00000   35.00000  56.8%  28.4 2413s
 741625 421643   62.00000   62   88   81.00000   35.00000  56.8%  28.4 2422s
 743664 423111   73.00000   69   77   81.00000   35.00000  56.8%  28.4 2431s
 745735 424455   79.00000   78   70   81.00000   35.00000  56.8%  28.5 2440s
 747837 426056 infeasible  111        81.00000   35.00000  56.8%  28.5 2447s
 750148 427862   70.00000   82   81   81.00000   35.00000  56.8%  28.5 2461s
 752942 429699   38.00000   57  137   81.00000   35.00000  56.8%  28.5 2474s
 755787 431511   62.00000   45   93   81.00000   35.00000  56.8%  28.5 2488s
 758392 433442   35.00000   35  128   81.00000   35.00000  56.8%  28.5 2500s
 761206 437551   71.00000   53   83   81.00000   35.00000  56.8%  28.5 2510s
 767252 438940   73.00000   92   67   81.00000   35.00000  56.8%  28.5 2520s
 769261 440343   35.00000   28  127   81.00000   35.00000  56.8%  28.5 2529s
 771440 441848   74.00000   56   73   81.00000   35.00000  56.8%  28.5 2540s
 773700 443549   73.00000   84   73   81.00000   35.00000  56.8%  28.5 2552s
 776542 445445   77.00000   78   82   81.00000   35.00000  56.8%  28.5 2565s
 779268 447161   73.00000   50   65   81.00000   35.00000  56.8%  28.5 2575s
 781963 449039   55.00000   57   87   81.00000   35.00000  56.8%  28.5 2588s
 784731 450801 infeasible  104        81.00000   35.00000  56.8%  28.5 2602s
 787375 452515   79.00000   71   57   81.00000   35.00000  56.8%  28.5 2612s
 790043 454288   80.00000   66   42   81.00000   35.00000  56.8%  28.6 2625s
 792879 456544   79.00000   87   60   81.00000   35.00000  56.8%  28.6 2638s
 796224 457999 infeasible  107        81.00000   35.00000  56.8%  28.6 2647s
 798605 459677   80.00000   74   73   81.00000   35.00000  56.8%  28.6 2661s
 801281 461400   75.00000   53   55   81.00000   35.00000  56.8%  28.6 2673s
 804020 463219   79.00000   84   57   81.00000   35.00000  56.8%  28.6 2686s
 806762 465480   54.00000   42   95   81.00000   35.00000  56.8%  28.6 2700s
 810204 467022   70.00000   71   78   81.00000   35.00000  56.8%  28.6 2711s
 812702 468760   54.00000   47   74   81.00000   35.00000  56.8%  28.6 2723s
 815303 470499   75.00000   97   41   81.00000   35.00000  56.8%  28.6 2737s
 817961 472105   47.00000   67   97   81.00000   35.00000  56.8%  28.6 2745s
 820451 475855   80.00000   68   49   81.00000   35.00000  56.8%  28.6 2757s
 826544 476746   68.00000   58   90   81.00000   35.00000  56.8%  28.6 2765s
 827950 477889   76.00000   73   51   81.00000   35.00000  56.8%  28.6 2772s
 829644 479370   79.00000   73   48   81.00000   35.00000  56.8%  28.6 2779s
 831505 480551   62.00000   70   90   81.00000   35.00000  56.8%  28.6 2787s
 833220 481751   71.00000   65   77   81.00000   35.00000  56.8%  28.6 2795s
 835176 483196   35.00000   36  130   81.00000   35.00000  56.8%  28.6 2804s
 837394 484617   62.00000  111  118   81.00000   35.00000  56.8%  28.6 2812s
 839612 486229   39.00000   38  125   81.00000   35.00000  56.8%  28.6 2823s
 842098 488004 infeasible   95        81.00000   35.00000  56.8%  28.6 2836s
 844588 489929   73.00000   71   60   81.00000   35.00000  56.8%  28.6 2845s
 847375 491787   53.00000   71  100   81.00000   35.00000  56.8%  28.6 2859s
 849948 495830   78.00000   84   48   81.00000   35.00000  56.8%  28.6 2871s
 856043 497153   45.00000   51  101   81.00000   35.00000  56.8%  28.6 2881s
 858014 498560   80.00000   96   52   81.00000   35.00000  56.8%  28.6 2890s
 860175 500091   80.00000   71   69   81.00000   35.00000  56.8%  28.6 2901s
 862535 501785   80.00000  105   37   81.00000   35.00000  56.8%  28.6 2910s
 864922 503376   73.00000  106   68   81.00000   35.00000  56.8%  28.6 2923s
 867554 505164 infeasible   93        81.00000   35.00000  56.8%  28.6 2935s
 870220 506776   80.00000   58   63   81.00000   35.00000  56.8%  28.6 2947s
 872882 508549   55.00000   55  101   81.00000   35.00000  56.8%  28.6 2960s
 875692 510387   67.00000   77   76   81.00000   35.00000  56.8%  28.7 2974s
 878584 512188   35.00000   51   92   81.00000   35.00000  56.8%  28.7 2984s
 881249 513905   79.00000   58   61   81.00000   35.00000  56.8%  28.7 2997s
 883925 515652   47.00000   41   94   81.00000   35.00000  56.8%  28.7 3010s
 886512 517079   69.00000   38   72   81.00000   35.00000  56.8%  28.7 3021s
 888850 518916   51.00000   50  105   81.00000   35.00000  56.8%  28.7 3036s
 891607 520619   79.00000   99   67   81.00000   35.00000  56.8%  28.7 3045s
 894159 522384   80.00000   69   45   81.00000   35.00000  56.8%  28.7 3060s
 896884 525553   72.00000   85   61   81.00000   35.00000  56.8%  28.8 3074s
 901493 527026   74.00000   65   87   81.00000   35.00000  56.8%  28.7 3086s
 903905 528665   73.00000   41   61   81.00000   35.00000  56.8%  28.7 3097s
 906417 530373   78.00000   89   70   81.00000   35.00000  56.8%  28.7 3108s
 909014 531908   80.00000   72   49   81.00000   35.00000  56.8%  28.7 3120s
 911463 533633   70.00000   50   69   81.00000   35.00000  56.8%  28.8 3133s
 914085 535562 infeasible  101        81.00000   35.00000  56.8%  28.8 3144s
 916976 537295   55.00000   51   84   81.00000   35.00000  56.8%  28.8 3157s
 919410 539231   55.00000   55   81   81.00000   35.00000  56.8%  28.8 3168s
 922088 541038   44.00000   44  112   81.00000   35.00000  56.8%  28.8 3181s
 924829 542822   55.00000   55   90   81.00000   35.00000  56.8%  28.8 3194s
 927556 544631   78.00000   68   61   81.00000   35.00000  56.8%  28.8 3208s
 930298 546476   37.00000   40  136   81.00000   35.00000  56.8%  28.8 3221s
 933110 550130   76.00000   69   63   81.00000   35.00000  56.8%  28.8 3235s
 938661 550984 infeasible  117        81.00000   35.00000  56.8%  28.7 3240s
 939870 551900   75.00000   96   75   81.00000   35.00000  56.8%  28.8 3245s
 941376 552951 infeasible   84        81.00000   35.00000  56.8%  28.8 3252s
 942984 554110     cutoff  110        81.00000   35.00000  56.8%  28.8 3259s
*943160 494477             116      80.0000000   35.00000  56.3%  28.8 3259s
 944771 495296   72.00000   58   66   80.00000   35.00000  56.3%  28.8 3267s
 946483 496545 infeasible   82        80.00000   35.00000  56.3%  28.8 3274s
 946882 496545   71.00000   47   68   80.00000   35.00000  56.3%  28.8 3275s
 948435 497833   44.00000   52  116   80.00000   35.00000  56.3%  28.8 3284s
 950492 499257   79.00000   91   48   80.00000   35.00000  56.3%  28.8 3293s
 952722 500938 infeasible   79        80.00000   35.00000  56.3%  28.8 3303s
 954965 502571 infeasible   92        80.00000   35.00000  56.3%  28.8 3312s
 957300 504113   79.00000   50   71   80.00000   35.00000  56.3%  28.8 3326s
 959827 505905   62.00000   62   95   80.00000   35.00000  56.3%  28.8 3339s
 962765 507799   79.00000   79   25   80.00000   35.00000  56.3%  28.8 3353s
 965504 509600   75.00000  106   54   80.00000   35.00000  56.3%  28.8 3365s
 968222 511234   57.00000   56   95   80.00000   35.00000  56.3%  28.8 3379s
 970961 513040   65.00000   64   80   80.00000   35.00000  56.3%  28.9 3392s
 973719 514856   78.00000   74   64   80.00000   35.00000  56.3%  28.9 3407s
 976618 516504   35.00000   52  135   80.00000   35.00000  56.3%  28.9 3418s
 979059 518355   79.00000   91   63   80.00000   35.00000  56.3%  28.9 3429s
 981719 520030   67.00000   92   74   80.00000   35.00000  56.3%  28.9 3444s
 984334 521847   79.00000  105   55   80.00000   35.00000  56.3%  28.9 3457s
 987114 523590   74.00000   52   59   80.00000   35.00000  56.3%  28.9 3470s
 989729 525320   62.00000   61   90   80.00000   35.00000  56.3%  28.9 3483s
 992570 527113   62.00000   49   71   80.00000   35.00000  56.3%  28.9 3496s
 995424 531009   72.00000   90   86   80.00000   35.00000  56.3%  28.9 3515s
 1001237 532394   74.00000  109   64   80.00000   35.00000  56.3%  28.9 3525s
 1003468 534175 infeasible   47        80.00000   35.00000  56.3%  28.9 3537s
 1006281 535826   62.00000   70   73   80.00000   35.00000  56.3%  28.9 3550s
 1008987 537537   39.00000   52  131   80.00000   35.00000  56.3%  28.9 3562s
 1011774 539308   71.00000   79   61   80.00000   35.00000  56.3%  28.9 3578s
 1014596 541153   73.00000   58   67   80.00000   35.00000  56.3%  28.9 3591s
 1017522 542867   76.00000   67   73   80.00000   35.00000  56.3%  28.9 3603s
 1020362 544683   78.00000   82   47   80.00000   35.00000  56.3%  28.9 3618s
 1023177 546308   79.00000   92   40   80.00000   35.00000  56.3%  28.9 3629s
 1025608 547994   69.00000   76   64   80.00000   35.00000  56.3%  28.9 3641s
 1028152 549741   65.00000   47   92   80.00000   35.00000  56.3%  29.0 3653s
 1030646 551578   79.00000   51   51   80.00000   35.00000  56.3%  29.0 3667s
 1033485 553407   55.00000   42   82   80.00000   35.00000  56.3%  29.0 3680s
 1036270 555113   55.00000   56   82   80.00000   35.00000  56.3%  29.0 3694s
 1038871 556860   58.00000   54   82   80.00000   35.00000  56.3%  29.0 3706s
 1041700 558703   37.00000   46  137   80.00000   35.00000  56.3%  29.0 3722s
 1044603 560488   74.00000   84   71   80.00000   35.00000  56.3%  29.0 3734s
 1047363 562186   40.00000   40   99   80.00000   35.00000  56.3%  29.0 3743s
 1049866 563784   72.00000   56   66   80.00000   35.00000  56.3%  29.0 3757s
 1052367 565370   78.00000  119   45   80.00000   35.00000  56.3%  29.1 3767s
 1054732 567122   35.00000   40  115   80.00000   35.00000  56.3%  29.1 3780s
 1057423 568943   56.00000   70   94   80.00000   35.00000  56.3%  29.1 3794s
 1060246 570768   76.00000   82   64   80.00000   35.00000  56.3%  29.1 3808s
 1063004 572484   79.00000   97   60   80.00000   35.00000  56.3%  29.1 3822s
 1065801 574072     cutoff   84        80.00000   35.00000  56.3%  29.1 3837s
 1068692 575925   78.00000   90   62   80.00000   35.00000  56.3%  29.1 3850s
 1071558 577433   70.00000   65   81   80.00000   35.00000  56.3%  29.1 3863s
 1073908 579054   79.00000   92   52   80.00000   35.00000  56.3%  29.1 3875s
 1076702 580628   66.00000   55   93   80.00000   35.00000  56.3%  29.1 3889s
 1079370 582371   78.00000   82   54   80.00000   35.00000  56.3%  29.2 3903s
 1082058 584308 infeasible   67        80.00000   35.00000  56.3%  29.2 3916s
 1084780 586312   41.00000   46  106   80.00000   35.00000  56.3%  29.2 3930s
 1087660 588105   73.00000   85   66   80.00000   35.00000  56.3%  29.2 3942s
 1090278 589825   76.00000   75   64   80.00000   35.00000  56.3%  29.2 3955s
 1092892 591479   45.00000   38  103   80.00000   35.00000  56.3%  29.2 3971s
 1095660 593008 infeasible   71        80.00000   35.00000  56.3%  29.2 3982s
 1097932 594631   37.00000   38  119   80.00000   35.00000  56.3%  29.2 3997s
 1100838 596429 infeasible  115        80.00000   35.00000  56.3%  29.2 4008s
 1103589 598204   77.00000   71   62   80.00000   35.00000  56.3%  29.2 4023s
 1106348 599843   70.00000   81   99   80.00000   35.00000  56.3%  29.3 4037s
 1109143 601614   78.00000   70   78   80.00000   35.00000  56.3%  29.3 4051s
 1111785 603396   62.00000   65   87   80.00000   35.00000  56.3%  29.3 4064s
 1114647 604918   35.00000   51   92   80.00000   35.00000  56.3%  29.3 4077s
 1117275 606752   77.00000   74   64   80.00000   35.00000  56.3%  29.3 4091s
 1120090 608279 infeasible   82        80.00000   35.00000  56.3%  29.3 4103s
 1122316 610378   75.00000   91   42   80.00000   35.00000  56.3%  29.3 4117s
 1125500 612269   75.00000   71   44   80.00000   35.00000  56.3%  29.3 4131s
 1128059 613936   79.00000   86   18   80.00000   35.00000  56.3%  29.3 4141s
 1130714 615772   55.00000   59  107   80.00000   35.00000  56.3%  29.3 4157s
 1133432 617493   78.00000  102   33   80.00000   35.00000  56.3%  29.3 4171s
 1136361 619187   79.00000   83   49   80.00000   35.00000  56.3%  29.3 4185s
 1139073 620952   51.00000   57  102   80.00000   35.00000  56.3%  29.3 4199s
 1141847 622521   65.00000   63   96   80.00000   35.00000  56.3%  29.4 4211s
 1144344 624190   58.00000   56   80   80.00000   35.00000  56.3%  29.4 4225s
 1147136 625892   76.00000   70   65   80.00000   35.00000  56.3%  29.4 4237s
 1149735 627553   73.00000   56   60   80.00000   35.00000  56.3%  29.4 4252s
 1152464 629342   49.00000   55   92   80.00000   35.00000  56.3%  29.4 4265s
 1155094 630940   57.00000   55  109   80.00000   35.00000  56.3%  29.4 4278s
 1157686 632713   79.00000   73   59   80.00000   35.00000  56.3%  29.4 4292s
 1160499 634718   79.00000   83   31   80.00000   35.00000  56.3%  29.4 4304s
 1163260 636483   77.00000  110   54   80.00000   35.00000  56.3%  29.4 4318s
 1165986 638037     cutoff   82        80.00000   35.00000  56.3%  29.4 4330s
 1168394 639664   79.00000   78   59   80.00000   35.00000  56.3%  29.4 4343s
 1170982 641644   35.00000   51   79   80.00000   35.00000  56.3%  29.4 4358s
 1174077 643117   78.00000  112   52   80.00000   35.00000  56.3%  29.4 4372s
 1176660 644729   55.53978   61  111   80.00000   35.00000  56.3%  29.4 4385s
 1179258 646528   78.00000   83   52   80.00000   35.00000  56.3%  29.4 4400s
 1181952 648290   74.00000   74   82   80.00000   35.00000  56.3%  29.4 4412s
 1184769 649958   55.00000   53   81   80.00000   35.00000  56.3%  29.4 4426s
 1187378 651701   79.00000  119   37   80.00000   35.00000  56.3%  29.4 4439s
 1190050 653163   73.00000   62   73   80.00000   35.00000  56.3%  29.5 4453s
 1192475 654919   77.00000   87   58   80.00000   35.00000  56.3%  29.5 4466s
 1195200 656521   76.00000   88   50   80.00000   35.00000  56.3%  29.5 4479s
 1197841 658409   69.00000   41   87   80.00000   35.00000  56.3%  29.5 4494s
 1200711 660194   75.00000   51   72   80.00000   35.00000  56.3%  29.5 4508s
 1203376 662085     cutoff   82        80.00000   35.00000  56.3%  29.5 4522s
 1206177 663790   78.00000   84   41   80.00000   35.00000  56.3%  29.5 4535s
 1208831 665468   61.00000   68  101   80.00000   35.00000  56.3%  29.5 4549s
 1211573 667375   78.00000  108   50   80.00000   35.00000  56.3%  29.5 4563s
 1214385 668969   51.00000   46  145   80.00000   35.00000  56.3%  29.5 4576s
 1216862 670694   76.00000   74   97   80.00000   35.00000  56.3%  29.5 4590s
 1219646 672341 infeasible   94        80.00000   35.00000  56.3%  29.5 4603s
 1222187 674128   71.00000   86   50   80.00000   35.00000  56.3%  29.5 4615s
 1224834 676032     cutoff   55        80.00000   35.00000  56.3%  29.5 4630s
 1227589 677815   78.00000   77   44   80.00000   35.00000  56.3%  29.5 4642s
 1230331 679436   76.00000  102   44   80.00000   35.00000  56.3%  29.5 4654s
 1232709 681194   79.00000   84   20   80.00000   35.00000  56.3%  29.6 4668s
 1235382 683197   51.00000   54   64   80.00000   35.00000  56.3%  29.6 4680s
 1238326 684814   75.00000   75   76   80.00000   35.00000  56.3%  29.6 4694s
 1240863 686607   75.00000   72   63   80.00000   35.00000  56.3%  29.6 4706s
 1243554 688009   50.00000   48  127   80.00000   35.00000  56.3%  29.6 4720s
 1245983 689658   79.00000   79   34   80.00000   35.00000  56.3%  29.6 4733s
 1248756 691396   54.00000   35   91   80.00000   35.00000  56.3%  29.6 4748s
 1251545 693087   77.00000   80   41   80.00000   35.00000  56.3%  29.6 4762s
 1254286 694589   50.00000   53  105   80.00000   35.00000  56.3%  29.6 4776s
 1256901 696367   44.00000   62  123   80.00000   35.00000  56.3%  29.6 4789s
 1259611 698114   55.00000   46   80   80.00000   35.00000  56.3%  29.6 4804s
 1262328 699829   54.00000   68  136   80.00000   35.00000  56.3%  29.6 4814s
 1264744 701506   62.00000   64   89   80.00000   35.00000  56.3%  29.6 4830s
 1267462 703253   51.00000   46   69   80.00000   35.00000  56.3%  29.6 4842s
 1270146 705178   78.00000   86   42   80.00000   35.00000  56.3%  29.6 4857s
 1272898 707011   51.00000   56   65   80.00000   35.00000  56.3%  29.6 4870s
 1275636 708759   72.00000   71   70   80.00000   35.00000  56.3%  29.7 4884s
 1278510 710449   78.00000   71   74   80.00000   35.00000  56.3%  29.7 4898s
 1281038 712147   53.00000   50  115   80.00000   35.00000  56.3%  29.7 4910s
 1283962 713646   77.00000  111   32   80.00000   35.00000  56.3%  29.7 4924s
 1286453 715119   72.00000   86   66   80.00000   35.00000  56.3%  29.7 4936s
 1288924 716819   62.00000   73  112   80.00000   35.00000  56.3%  29.7 4949s
 1291431 718686   51.00000   56  106   80.00000   35.00000  56.3%  29.7 4962s
 1294248 720289   71.00000  117   66   80.00000   35.00000  56.3%  29.7 4976s
 1296951 722046 infeasible   91        80.00000   35.00000  56.3%  29.7 4990s
 1299589 723735   79.00000   52   65   80.00000   35.00000  56.3%  29.7 5003s
 1302002 725539   62.00000   49   87   80.00000   35.00000  56.3%  29.7 5014s
 1304802 727275   62.00000   76   85   80.00000   35.00000  56.3%  29.7 5029s
 1307574 729053 infeasible   71        80.00000   35.00000  56.3%  29.7 5042s
 1310376 730678 infeasible   85        80.00000   35.00000  56.3%  29.8 5057s
 1312878 732517 infeasible  108        80.00000   35.00000  56.3%  29.8 5069s
 1315535 734505   79.00000   83   68   80.00000   35.00000  56.3%  29.8 5083s
 1318509 736144   52.00000   72   99   80.00000   35.00000  56.3%  29.8 5096s
 1321264 737742   71.00000   66   86   80.00000   35.00000  56.3%  29.8 5111s
 1323949 739369   62.00000   49   75   80.00000   35.00000  56.3%  29.8 5124s
 1326674 740963   76.00000   85   77   80.00000   35.00000  56.3%  29.8 5137s
 1329076 742653   37.00000   51  103   80.00000   35.00000  56.3%  29.8 5148s
 1331753 744404 infeasible   84        80.00000   35.00000  56.3%  29.8 5164s
 1334410 746155   67.00000   79   81   80.00000   35.00000  56.3%  29.8 5176s
 1337048 749859   79.00000   78   56   80.00000   35.00000  56.3%  29.8 5195s
 1342846 750735 infeasible  120        80.00000   35.00000  56.3%  29.7 5201s
 1344260 752039   65.00000   76   85   80.00000   35.00000  56.3%  29.7 5208s
 1345999 753144   60.00000   56   98   80.00000   35.00000  56.3%  29.7 5215s
 1347668 754093   64.00000   89   70   80.00000   35.00000  56.3%  29.7 5223s
 1349557 755190   74.00000   68   81   80.00000   35.00000  56.3%  29.8 5230s
 1351557 756619 infeasible   98        80.00000   35.00000  56.3%  29.8 5239s
 1353618 757933   76.00000   91   57   80.00000   35.00000  56.3%  29.8 5250s
 1355610 759517     cutoff  124        80.00000   35.00000  56.3%  29.8 5260s
*1356017 675288             144      79.0000000   35.00000  55.7%  29.8 5260s
 1357956 676603   68.00000   60   73   79.00000   35.00000  55.7%  29.8 5272s
 1360278 678338   59.00000   43   99   79.00000   35.00000  55.7%  29.8 5285s
 1363076 679843     cutoff   62        79.00000   35.00000  55.7%  29.8 5299s
 1365715 681492   47.00000   60  104   79.00000   35.00000  55.7%  29.8 5312s
 1368360 683226   76.00000   71   75   79.00000   35.00000  55.7%  29.8 5327s
 1371137 684899   76.00000   64   66   79.00000   35.00000  55.7%  29.8 5339s
 1373749 686481   78.00000  131   36   79.00000   35.00000  55.7%  29.8 5354s
 1376327 688317     cutoff   94        79.00000   35.00000  55.7%  29.8 5367s
 1379267 689866   55.00000   41  100   79.00000   35.00000  55.7%  29.8 5382s
 1381904 691653   60.00000   60   85   79.00000   35.00000  55.7%  29.9 5394s
 1384377 693352   65.00000   81   71   79.00000   35.00000  55.7%  29.9 5407s
 1387002 695059   71.00000   67   75   79.00000   35.00000  55.7%  29.9 5421s
 1389841 696695   54.00000   63  114   79.00000   35.00000  55.7%  29.9 5434s
 1392462 698274   70.00000   65   52   79.00000   35.00000  55.7%  29.9 5446s
 1395126 699905   72.00000   76   76   79.00000   35.00000  55.7%  29.9 5460s
 1397750 701600   78.00000   89   47   79.00000   35.00000  55.7%  29.9 5471s
 1400391 703118 infeasible   88        79.00000   35.00000  55.7%  29.9 5487s
 1402950 704940   73.00000   61   81   79.00000   35.00000  55.7%  29.9 5501s
 1405833 706469 infeasible   95        79.00000   35.00000  55.7%  29.9 5513s
 1408235 708126   78.00000   65   26   79.00000   35.00000  55.7%  29.9 5526s
 1410929 709828   77.00000   93   20   79.00000   35.00000  55.7%  29.9 5540s
 1413644 711498     cutoff   46        79.00000   35.00000  55.7%  29.9 5551s
 1416258 713099   76.00000   94   63   79.00000   35.00000  55.7%  29.9 5565s
 1418854 714870 infeasible   87        79.00000   35.00000  55.7%  30.0 5576s
 1421594 716626   67.00000   67   78   79.00000   35.00000  55.7%  30.0 5591s
 1424275 718390 infeasible  115        79.00000   35.00000  55.7%  30.0 5605s
 1427258 719996   78.00000   79   43   79.00000   35.00000  55.7%  30.0 5619s
 1429725 721569   68.00000   43   68   79.00000   35.00000  55.7%  30.0 5631s
 1432102 723096   74.00000   47   56   79.00000   35.00000  55.7%  30.0 5643s
 1434572 724823   76.00000   83   72   79.00000   35.00000  55.7%  30.0 5657s
 1437337 726686   73.00000   63   93   79.00000   35.00000  55.7%  30.0 5672s
 1440108 728511   72.00000   65   59   79.00000   35.00000  55.7%  30.0 5686s
 1443083 730164   70.00000   74   61   79.00000   35.00000  55.7%  30.0 5701s
 1445781 731945   77.00000   68   38   79.00000   35.00000  55.7%  30.0 5713s
 1448608 733606   78.00000   85   34   79.00000   35.00000  55.7%  30.0 5729s
 1451183 735585   78.00000   82   58   79.00000   35.00000  55.7%  30.0 5741s
 1454073 737116   76.00000   59   63   79.00000   35.00000  55.7%  30.1 5755s
 1456432 738607   69.00000   61   68   79.00000   35.00000  55.7%  30.1 5768s
 1458943 740570   66.00000   77   58   79.00000   35.00000  55.7%  30.1 5784s
 1461913 742151   76.00000   95   36   79.00000   35.00000  55.7%  30.1 5798s
 1464675 743985   78.00000   85   24   79.00000   35.00000  55.7%  30.1 5813s
 1467582 746009   76.00000   64   71   79.00000   35.00000  55.7%  30.1 5827s
 1470356 747623   73.00000  105   46   79.00000   35.00000  55.7%  30.1 5840s
 1472911 749465 infeasible   53        79.00000   35.00000  55.7%  30.1 5855s
 1475840 750962   43.00000   43  111   79.00000   35.00000  55.7%  30.1 5868s
 1478214 752794   74.00000   57   66   79.00000   35.00000  55.7%  30.1 5879s
 1480929 754355   55.00000   42   94   79.00000   35.00000  55.7%  30.1 5894s
 1483478 756269   78.00000   82   69   79.00000   35.00000  55.7%  30.1 5907s
 1486343 758051   75.00000   75   53   79.00000   35.00000  55.7%  30.1 5922s
 1489190 759932 infeasible   91        79.00000   35.00000  55.7%  30.1 5936s
 1491990 761722   76.00000  119   53   79.00000   35.00000  55.7%  30.1 5950s
 1494660 763530   71.00000   60   80   79.00000   35.00000  55.7%  30.2 5964s
 1497487 765148   77.00000   75   43   79.00000   35.00000  55.7%  30.2 5975s
 1499805 767030   58.00000   66  117   79.00000   35.00000  55.7%  30.2 5987s
 1502461 768964   62.00000   47   66   79.00000   35.00000  55.7%  30.2 6002s
 1505263 770733 infeasible   89        79.00000   35.00000  55.7%  30.2 6013s
 1508043 772481   77.00000   77   97   79.00000   35.00000  55.7%  30.2 6029s
 1510704 774143   51.00000   54   86   79.00000   35.00000  55.7%  30.2 6040s
 1513321 775940   77.00000   88   43   79.00000   35.00000  55.7%  30.2 6056s
 1516075 777890   77.00000   69   64   79.00000   35.00000  55.7%  30.2 6070s
 1518976 779551   78.00000  104   44   79.00000   35.00000  55.7%  30.2 6085s
 1521611 781237   56.00000   68  102   79.00000   35.00000  55.7%  30.2 6097s
 1524082 782804   75.00000   80   81   79.00000   35.00000  55.7%  30.2 6109s
 1526560 784604   76.00000   79   48   79.00000   35.00000  55.7%  30.3 6123s
 1529425 786277   52.00000   35   97   79.00000   35.00000  55.7%  30.3 6138s
 1532134 787981   78.00000   82   20   79.00000   35.00000  55.7%  30.3 6151s
 1534867 789710   54.00000   53  107   79.00000   35.00000  55.7%  30.3 6167s
 1537669 791260   78.00000   86   62   79.00000   35.00000  55.7%  30.3 6177s
 1540169 793047   35.00000   51  149   79.00000   35.00000  55.7%  30.3 6193s
 1543192 794726     cutoff   64        79.00000   35.00000  55.7%  30.3 6206s
 1545853 796359   72.00000   84   79   79.00000   35.00000  55.7%  30.3 6220s
 1548292 798159   72.00000   57   72   79.00000   35.00000  55.7%  30.3 6233s
 1550991 799900   69.00000   51   68   79.00000   35.00000  55.7%  30.3 6247s
 1553652 801564 infeasible   70        79.00000   35.00000  55.7%  30.3 6260s
 1556306 803203   76.00000   57   60   79.00000   35.00000  55.7%  30.3 6275s
 1558918 804903   75.00000  105   73   79.00000   35.00000  55.7%  30.3 6288s
 1561647 806497   76.00000   68   78   79.00000   35.00000  55.7%  30.3 6303s
 1564149 808419   42.00000   41  103   79.00000   35.00000  55.7%  30.4 6315s
 1566973 810123   70.00000   50   80   79.00000   35.00000  55.7%  30.4 6332s
 1569752 811689 infeasible   81        79.00000   35.00000  55.7%  30.4 6342s
 1572131 813285   65.00000   55   59   79.00000   35.00000  55.7%  30.4 6357s
 1574846 814912   72.00000  107   65   79.00000   35.00000  55.7%  30.4 6371s
 1577596 816686   78.00000   73   62   79.00000   35.00000  55.7%  30.4 6387s
 1580304 818375   74.00000   66   74   79.00000   35.00000  55.7%  30.4 6400s
 1582929 820075   40.00000   51  120   79.00000   35.00000  55.7%  30.4 6415s
 1585678 821795   78.00000   98   49   79.00000   35.00000  55.7%  30.4 6429s
 1588315 823554   78.00000   76   46   79.00000   35.00000  55.7%  30.4 6442s
 1590895 825187 infeasible  101        79.00000   35.00000  55.7%  30.4 6457s
 1593765 826490   78.00000   84   45   79.00000   35.00000  55.7%  30.4 6471s
 1596228 828148   55.00000   50   66   79.00000   35.00000  55.7%  30.4 6482s
 1598852 829771   77.00000   83   62   79.00000   35.00000  55.7%  30.4 6498s
 1601469 831463 infeasible  102        79.00000   35.00000  55.7%  30.4 6511s
 1604400 833096   53.00000   55  105   79.00000   35.00000  55.7%  30.4 6526s
 1607125 834885   76.00000   64   62   79.00000   35.00000  55.7%  30.5 6540s
 1609908 836509   75.00000   87   67   79.00000   35.00000  55.7%  30.5 6555s
 1612586 838138   78.00000   65   54   79.00000   35.00000  55.7%  30.5 6568s
 1615174 839745   55.00000   53   84   79.00000   35.00000  55.7%  30.5 6581s
 1617749 841265   78.00000  124   21   79.00000   35.00000  55.7%  30.5 6594s
 1620102 843015   55.00000   54   72   79.00000   35.00000  55.7%  30.5 6610s
 1622977 844666   73.00000   64   46   79.00000   35.00000  55.7%  30.5 6624s
 1625654 846410   55.00000   53   78   79.00000   35.00000  55.7%  30.5 6638s
 1628313 848162 infeasible   82        79.00000   35.00000  55.7%  30.5 6653s
 1631079 849982   62.00000   54   88   79.00000   35.00000  55.7%  30.5 6668s
 1634065 851875   70.00000   57   85   79.00000   35.00000  55.7%  30.5 6684s
 1636889 853381   50.00000   57   98   79.00000   35.00000  55.7%  30.5 6698s
 1639359 855193   75.00000   67   57   79.00000   35.00000  55.7%  30.5 6712s
 1642113 856709   54.00000   53  112   79.00000   35.00000  55.7%  30.5 6724s
 1644551 858424 infeasible   76        79.00000   35.00000  55.7%  30.5 6740s
 1647250 860357   55.00000   37   94   79.00000   35.00000  55.7%  30.5 6753s
 1650036 862016     cutoff   91        79.00000   35.00000  55.7%  30.5 6766s
 1652674 863610   78.00000   98   37   79.00000   35.00000  55.7%  30.5 6780s
 1655296 865383   77.00000   88   37   79.00000   35.00000  55.7%  30.5 6795s
 1658085 867262     cutoff   86        79.00000   35.00000  55.7%  30.6 6811s
 1660880 869057   78.00000   71   55   79.00000   35.00000  55.7%  30.6 6824s
 1663626 870717   64.00000   68   58   79.00000   35.00000  55.7%  30.6 6839s
 1666205 872275   36.21942   63  133   79.00000   35.00000  55.7%  30.6 6849s
 1668525 873898   78.00000   67   71   79.00000   35.00000  55.7%  30.6 6864s
 1671091 875659   69.00000   49   76   79.00000   35.00000  55.7%  30.6 6878s
 1674053 877339   57.00000   51   86   79.00000   35.00000  55.7%  30.6 6895s
 1676912 879143   69.00000   55   59   79.00000   35.00000  55.7%  30.6 6908s
 1679726 880846   69.00000   75   97   79.00000   35.00000  55.7%  30.6 6925s
 1682501 882555   55.00000   50   83   79.00000   35.00000  55.7%  30.6 6939s
 1684916 882555   78.00000   92   27   79.00000   35.00000  55.7%  30.6 6940s
 1685217 884155   77.00000   87   80   79.00000   35.00000  55.7%  30.6 6952s
 1687608 885937   77.00000   86   40   79.00000   35.00000  55.7%  30.6 6966s
 1690455 887429   78.00000   94   60   79.00000   35.00000  55.7%  30.6 6979s
 1692823 889211   65.00000   56  110   79.00000   35.00000  55.7%  30.6 6993s
 1695661 891004   75.00000   82   79   79.00000   35.00000  55.7%  30.6 7009s
 1698429 892725   76.00000   88   49   79.00000   35.00000  55.7%  30.6 7023s
 1701309 894244 infeasible   79        79.00000   35.00000  55.7%  30.6 7038s
 1703927 895821   77.00000   58   71   79.00000   35.00000  55.7%  30.7 7051s
 1706498 897435   78.00000   58   66   79.00000   35.00000  55.7%  30.7 7065s
 1709022 899175   50.00000   29   83   79.00000   35.00000  55.7%  30.7 7079s
 1711667 900757   56.00000   39   76   79.00000   35.00000  55.7%  30.7 7093s
 1714062 902301   74.00000   43   67   79.00000   35.00000  55.7%  30.7 7104s
 1716630 903594   78.00000   82   33   79.00000   35.00000  55.7%  30.7 7118s
 1718969 905226   57.00000   76  120   79.00000   35.00000  55.7%  30.7 7132s
 1721809 906920   48.00000   46  143   79.00000   35.00000  55.7%  30.7 7147s
 1724353 908648   71.00000   77   81   79.00000   35.00000  55.7%  30.7 7161s
 1727001 910288   35.00000   47  127   79.00000   35.00000  55.7%  30.7 7176s
 1729617 911840   74.00000  107   63   79.00000   35.00000  55.7%  30.7 7189s
 1732064 913560   55.00000   60  100   79.00000   35.00000  55.7%  30.7 7204s
 1734794 915430   74.00000   63   53   79.00000   35.00000  55.7%  30.8 7220s
 1737808 916967   75.00000   83   71   79.00000   35.00000  55.7%  30.8 7233s
 1740167 918809 infeasible   71        79.00000   35.00000  55.7%  30.8 7246s
 1742962 920562   75.00000   77   61   79.00000   35.00000  55.7%  30.8 7260s
 1745319 921987   69.00000   60   53   79.00000   35.00000  55.7%  30.8 7271s
 1748022 923494   76.00000   81   42   79.00000   35.00000  55.7%  30.8 7288s
 1750788 925028   77.00000   87   70   79.00000   35.00000  55.7%  30.8 7302s
 1753585 926865   69.00000   70   72   79.00000   35.00000  55.7%  30.8 7318s
 1756579 928413   78.00000   56   40   79.00000   35.00000  55.7%  30.8 7333s
 1759394 930232   46.00000   34  104   79.00000   35.00000  55.7%  30.8 7348s
 1762105 931847 infeasible  108        79.00000   35.00000  55.7%  30.8 7361s
 1764661 933389   39.00000   43   89   79.00000   35.00000  55.7%  30.8 7374s
 1767129 935038   62.00000   56   72   79.00000   35.00000  55.7%  30.8 7388s
 1769804 936763   44.00000   62   77   79.00000   35.00000  55.7%  30.8 7404s
 1772462 938163   54.00000   42  105   79.00000   35.00000  55.7%  30.8 7417s
 1775182 939961 infeasible   97        79.00000   35.00000  55.7%  30.9 7433s
 1777920 941565   61.00000   73   80   79.00000   35.00000  55.7%  30.9 7446s
 1780591 943227   49.00000   52  116   79.00000   35.00000  55.7%  30.9 7462s
 1783210 944798   67.00000   50   65   79.00000   35.00000  55.7%  30.9 7474s
 1785889 946334     cutoff   75        79.00000   35.00000  55.7%  30.9 7487s
 1788303 948346   76.00000   92   35   79.00000   35.00000  55.7%  30.9 7502s
 1791160 949987 infeasible  117        79.00000   35.00000  55.7%  30.9 7516s
 1793708 951700 infeasible   96        79.00000   35.00000  55.7%  30.9 7530s
 1796519 953269   75.00000   71   79   79.00000   35.00000  55.7%  30.9 7544s
 1799229 955088   68.00000   63   69   79.00000   35.00000  55.7%  30.9 7558s
 1801869 956597   57.00000   71  100   79.00000   35.00000  55.7%  30.9 7572s
 1804499 958237   62.00000   67   89   79.00000   35.00000  55.7%  30.9 7585s
 1806933 959935   72.00000   66   77   79.00000   35.00000  55.7%  30.9 7600s
 1809703 961522   57.00000   44   80   79.00000   35.00000  55.7%  30.9 7611s
 1812112 963445   50.00000   61   59   79.00000   35.00000  55.7%  30.9 7623s
 1814588 964914 infeasible   73        79.00000   35.00000  55.7%  30.9 7638s
 1817247 966694   64.00000   66   93   79.00000   35.00000  55.7%  31.0 7653s
 1819901 968442   77.00000   89   32   79.00000   35.00000  55.7%  31.0 7669s
 1822646 970355   62.00000   61   89   79.00000   35.00000  55.7%  31.0 7684s
 1825516 972069   64.00000   56  112   79.00000   35.00000  55.7%  31.0 7700s
 1828315 974004   76.00000   93   43   79.00000   35.00000  55.7%  31.0 7713s
 1831230 975772   71.00000   79   86   79.00000   35.00000  55.7%  31.0 7729s
 1833939 977211   66.00000   86   85   79.00000   35.00000  55.7%  31.0 7740s
 1836320 978952 infeasible   81        79.00000   35.00000  55.7%  31.0 7756s
 1839026 980754   58.00000   47  102   79.00000   35.00000  55.7%  31.0 7769s
 1841751 982370   54.00000   64  113   79.00000   35.00000  55.7%  31.0 7781s
 1844487 983877   53.00000   52   56   79.00000   35.00000  55.7%  31.0 7798s
 1847208 985698   71.00000   55   44   79.00000   35.00000  55.7%  31.0 7810s
 1849971 987247   75.00000   65   64   79.00000   35.00000  55.7%  31.0 7825s
 1852507 988948   74.00000  103   60   79.00000   35.00000  55.7%  31.0 7838s
 1855191 990609   78.00000   96   50   79.00000   35.00000  55.7%  31.0 7854s
 1857867 992092   78.00000   64   40   79.00000   35.00000  55.7%  31.1 7866s
 1860290 993726   40.00000   48   79   79.00000   35.00000  55.7%  31.1 7880s
 1862927 995414 infeasible   81        79.00000   35.00000  55.7%  31.1 7894s
 1865607 997159   76.00000   78   87   79.00000   35.00000  55.7%  31.1 7908s
 1868305 999025   65.00000   53  113   79.00000   35.00000  55.7%  31.1 7923s
 1871284 1000694   78.00000   97   39   79.00000   35.00000  55.7%  31.1 7939s
 1874011 1002328   72.00000   56   60   79.00000   35.00000  55.7%  31.1 7953s
 1876724 1003925   71.00000   59   68   79.00000   35.00000  55.7%  31.1 7968s
 1879390 1005602   77.00000   79   64   79.00000   35.00000  55.7%  31.1 7981s
 1882048 1007113   77.00000   62   55   79.00000   35.00000  55.7%  31.1 7995s
 1884277 1009075   63.00000   81   82   79.00000   35.00000  55.7%  31.1 8009s
 1887428 1010747   77.00000   93   48   79.00000   35.00000  55.7%  31.1 8025s
 1890020 1012364   77.00000   90   51   79.00000   35.00000  55.7%  31.1 8037s
 1892482 1014031   73.00000   63   45   79.00000   35.00000  55.7%  31.1 8053s
 1895353 1015732   73.00000   61   64   79.00000   35.00000  55.7%  31.1 8068s
 1898071 1017576   77.00000   77   55   79.00000   35.00000  55.7%  31.1 8082s
 1900871 1019126   55.00000   49   99   79.00000   35.00000  55.7%  31.1 8096s
 1903602 1020826   78.00000   67   64   79.00000   35.00000  55.7%  31.1 8111s
 1906303 1022390   65.00000   74   80   79.00000   35.00000  55.7%  31.2 8123s
 1908768 1024069   70.00000   84   54   79.00000   35.00000  55.7%  31.2 8138s
 1911365 1025750   68.00000   54   55   79.00000   35.00000  55.7%  31.2 8151s
 1914100 1027514   51.00000   77  101   79.00000   35.00000  55.7%  31.2 8167s
 1916830 1029378   51.00000   51  106   79.00000   35.00000  55.7%  31.2 8180s
 1919748 1031013   72.00000   57   81   79.00000   35.00000  55.7%  31.2 8195s
 1922344 1032670   78.00000   61   40   79.00000   35.00000  55.7%  31.2 8207s
 1925135 1034367   76.00000   83   70   79.00000   35.00000  55.7%  31.2 8223s
 1927914 1036108   55.00000   50   77   79.00000   35.00000  55.7%  31.2 8237s
 1930779 1037739   58.00000   47  102   79.00000   35.00000  55.7%  31.2 8250s
 1933060 1039182   73.00000   96   52   79.00000   35.00000  55.7%  31.2 8264s
 1935892 1041028   78.00000   66   59   79.00000   35.00000  55.7%  31.2 8279s
 1938661 1042745   58.00000   65  101   79.00000   35.00000  55.7%  31.2 8293s
 1941364 1044290   77.00000   79   55   79.00000   35.00000  55.7%  31.2 8307s
 1943965 1046006   77.00000   73   58   79.00000   35.00000  55.7%  31.2 8321s
 1946769 1047751   78.00000   82   42   79.00000   35.00000  55.7%  31.2 8337s
 1949545 1049280   51.00000   50  110   79.00000   35.00000  55.7%  31.2 8351s
 1952186 1051008 infeasible   72        79.00000   35.00000  55.7%  31.2 8366s
 1954859 1052412     cutoff  118        79.00000   35.00000  55.7%  31.3 8376s
 1957171 1054037 infeasible   69        79.00000   35.00000  55.7%  31.3 8392s
 1959880 1055962   76.00000  101   50   79.00000   35.00000  55.7%  31.3 8405s
 1962645 1057638   78.00000   89   54   79.00000   35.00000  55.7%  31.3 8420s
 1965319 1059296 infeasible   73        79.00000   35.00000  55.7%  31.3 8435s
 1968093 1060998   60.00000   54   62   79.00000   35.00000  55.7%  31.3 8449s
 1970579 1060998   66.00000   57  101   79.00000   35.00000  55.7%  31.3 8450s
 1970879 1062736   78.00000  104   55   79.00000   35.00000  55.7%  31.3 8464s
 1973767 1064412   77.00000   85   52   79.00000   35.00000  55.7%  31.3 8479s
 1976647 1065807   72.00000   59   87   79.00000   35.00000  55.7%  31.3 8492s
 1979014 1067436   55.38736   65  119   79.00000   35.00000  55.7%  31.3 8506s
 1981780 1069143   75.00000   86   61   79.00000   35.00000  55.7%  31.3 8521s
 1984550 1070825   72.00000   57   60   79.00000   35.00000  55.7%  31.3 8536s
 1987242 1072552   78.00000   94   31   79.00000   35.00000  55.7%  31.3 8550s
 1990204 1074214   77.00000   84   79   79.00000   35.00000  55.7%  31.3 8566s
 1992920 1075781   78.00000  101   47   79.00000   35.00000  55.7%  31.3 8579s
 1995742 1077489   78.00000  108   33   79.00000   35.00000  55.7%  31.3 8594s
 1998324 1078977   72.00000  102   45   79.00000   35.00000  55.7%  31.3 8605s
 2000890 1080633     cutoff  109        79.00000   35.00000  55.7%  31.3 8618s
 2003382 1082277   55.00000   61   85   79.00000   35.00000  55.7%  31.3 8632s
 2006023 1083984   75.00000   62   52   79.00000   35.00000  55.7%  31.4 8645s
 2008778 1085754   78.00000   78   75   79.00000   35.00000  55.7%  31.4 8661s
 2011540 1087399   71.00000   97   56   79.00000   35.00000  55.7%  31.4 8673s
 2014442 1089121     cutoff  101        79.00000   35.00000  55.7%  31.4 8689s
 2017241 1090834   43.00000   53  107   79.00000   35.00000  55.7%  31.4 8703s
 2020038 1092284   68.00000   56   78   79.00000   35.00000  55.7%  31.4 8716s
 2022364 1093892   78.00000   82   41   79.00000   35.00000  55.7%  31.4 8731s
 2025137 1095617   78.00000   96   58   79.00000   35.00000  55.7%  31.4 8745s
 2027953 1097200 infeasible  113        79.00000   35.00000  55.7%  31.4 8759s
 2030605 1098889   63.00000   60   73   79.00000   35.00000  55.7%  31.4 8773s
 2033431 1100464   58.00000   72   46   79.00000   35.00000  55.7%  31.4 8784s
 2035959 1102043   54.00000   41  117   79.00000   35.00000  55.7%  31.4 8797s
 2038564 1103779   74.00000   99   45   79.00000   35.00000  55.7%  31.4 8807s
 2041234 1105289   71.00000   92   40   79.00000   35.00000  55.7%  31.4 8821s
 2043954 1106922   73.00000   51   68   79.00000   35.00000  55.7%  31.4 8832s
 2046483 1108454   75.00000   66   69   79.00000   35.00000  55.7%  31.4 8844s
 2048900 1110025   78.00000   58   42   79.00000   35.00000  55.7%  31.4 8855s
 2051492 1111423   58.00000   53  118   79.00000   35.00000  55.7%  31.4 8869s
 2054250 1113137   71.00000   74   53   79.00000   35.00000  55.7%  31.5 8882s
 2057221 1114824   48.00000   62  118   79.00000   35.00000  55.7%  31.5 8898s
 2060022 1116545   59.00000   43  105   79.00000   35.00000  55.7%  31.5 8911s
 2062916 1118219   71.00000   58   73   79.00000   35.00000  55.7%  31.5 8927s
 2065621 1119696   72.00000   64   47   79.00000   35.00000  55.7%  31.5 8938s
 2067962 1121427   46.00000   69  101   79.00000   35.00000  55.7%  31.5 8952s
 2070616 1123345   49.00000   57   71   79.00000   35.00000  55.7%  31.5 8964s
 2073543 1124832   72.00000   81   71   79.00000   35.00000  55.7%  31.5 8976s
 2076072 1126367 infeasible  111        79.00000   35.00000  55.7%  31.5 8989s
 2078944 1128025   77.00000  100   70   79.00000   35.00000  55.7%  31.5 9004s
 2081735 1129798   72.00000   74   77   79.00000   35.00000  55.7%  31.5 9015s
 2084415 1131557   48.00000   57  128   79.00000   35.00000  55.7%  31.5 9028s
 2087060 1133091   71.00000   70   59   79.00000   35.00000  55.7%  31.5 9038s
 2089750 1134580   77.00000  113   39   79.00000   35.00000  55.7%  31.5 9051s
 2092190 1136166 infeasible   77        79.00000   35.00000  55.7%  31.5 9063s
 2094922 1137765 infeasible  119        79.00000   35.00000  55.7%  31.5 9078s
 2097621 1139525 infeasible   76        79.00000   35.00000  55.7%  31.5 9093s
 2100499 1141256 infeasible   78        79.00000   35.00000  55.7%  31.5 9106s
 2103120 1142789   76.00000   57   46   79.00000   35.00000  55.7%  31.5 9117s
 2105680 1144351   62.00000   55   90   79.00000   35.00000  55.7%  31.5 9131s
 2108253 1145931   74.00000   79   78   79.00000   35.00000  55.7%  31.6 9144s
 2110960 1147626   73.00000   72   82   79.00000   35.00000  55.7%  31.6 9156s
 2113962 1149184   35.00000   44  100   79.00000   35.00000  55.7%  31.6 9169s
 2116512 1150782   58.00000   66   82   79.00000   35.00000  55.7%  31.6 9178s
 2118953 1152493   78.00000   73   46   79.00000   35.00000  55.7%  31.6 9193s
 2121803 1154111   77.00000   85   61   79.00000   35.00000  55.7%  31.6 9205s
 2124522 1155773   35.00000   48   84   79.00000   35.00000  55.7%  31.6 9219s
 2127139 1157488   62.00000   53  101   79.00000   35.00000  55.7%  31.6 9232s
 2129889 1159095   78.00000  104   48   79.00000   35.00000  55.7%  31.6 9245s
 2132446 1160759   76.00000   93   77   79.00000   35.00000  55.7%  31.6 9257s
 2135200 1162491   51.00000   49  129   79.00000   35.00000  55.7%  31.6 9272s
 2138012 1163972   78.00000   94   28   79.00000   35.00000  55.7%  31.6 9284s
 2140668 1165566   55.00000   47   59   79.00000   35.00000  55.7%  31.6 9297s
 2143263 1167266   78.00000   70   48   79.00000   35.00000  55.7%  31.6 9310s
 2145921 1168901   78.00000   93   38   79.00000   35.00000  55.7%  31.6 9324s
 2148582 1170452   56.00000   57  119   79.00000   35.00000  55.7%  31.6 9338s
 2151175 1171820   57.00000   40  105   79.00000   35.00000  55.7%  31.6 9351s
 2153924 1173531   77.00000   78   57   79.00000   35.00000  55.7%  31.6 9365s
 2156383 1175140   73.00000   78   60   79.00000   35.00000  55.7%  31.6 9379s
 2159047 1176895   78.00000   94   31   79.00000   35.00000  55.7%  31.6 9394s
 2161757 1178342     cutoff  110        79.00000   35.00000  55.7%  31.6 9405s
 2164203 1180117   78.00000   99   46   79.00000   35.00000  55.7%  31.6 9420s
 2167018 1181784   55.00000   69   87   79.00000   35.00000  55.7%  31.6 9436s
 2169735 1183422     cutoff   65        79.00000   35.00000  55.7%  31.6 9447s
 2172387 1185034   76.00000   78   47   79.00000   35.00000  55.7%  31.6 9462s
 2175156 1186565   56.00000   47  108   79.00000   35.00000  55.7%  31.6 9474s
 2178009 1188207   41.00000   49  143   79.00000   35.00000  55.7%  31.6 9490s
 2180674 1189939   76.00000   62   64   79.00000   35.00000  55.7%  31.6 9503s
 2183546 1191471   76.00000   75   51   79.00000   35.00000  55.7%  31.6 9517s
 2185983 1193187   73.00000   73   80   79.00000   35.00000  55.7%  31.7 9528s
 2188493 1194744   69.00000   88   56   79.00000   35.00000  55.7%  31.7 9543s
 2191287 1196733   75.00000   77   69   79.00000   35.00000  55.7%  31.7 9557s
 2194230 1198593   72.00000  136   60   79.00000   35.00000  55.7%  31.7 9571s
 2196956 1200433   58.00000   63   90   79.00000   35.00000  55.7%  31.7 9584s
 2199825 1201813     cutoff   61        79.00000   35.00000  55.7%  31.7 9600s
 2202584 1203499   73.00000   74   54   79.00000   35.00000  55.7%  31.7 9611s
 2205214 1205003     cutoff  109        79.00000   35.00000  55.7%  31.7 9626s
 2207771 1206862   62.00000   42   86   79.00000   35.00000  55.7%  31.7 9638s
 2210365 1208239   78.00000  104   27   79.00000   35.00000  55.7%  31.7 9651s
 2212852 1209959   77.00000   65   83   79.00000   35.00000  55.7%  31.7 9665s
 2215686 1211763   77.00000   97   57   79.00000   35.00000  55.7%  31.7 9678s
 2218335 1213454 infeasible  104        79.00000   35.00000  55.7%  31.7 9693s
 2221124 1215313   35.00000   41   96   79.00000   35.00000  55.7%  31.7 9705s
 2224089 1216944     cutoff   66        79.00000   35.00000  55.7%  31.7 9720s
 2226675 1218751   78.00000  102   24   79.00000   35.00000  55.7%  31.7 9734s
 2229593 1220318   62.00000   82   81   79.00000   35.00000  55.7%  31.7 9747s
 2232016 1222009   62.00000   62   88   79.00000   35.00000  55.7%  31.7 9760s
 2234861 1223746   71.00000   63   99   79.00000   35.00000  55.7%  31.7 9775s
 2237579 1225417 infeasible   62        79.00000   35.00000  55.7%  31.7 9787s
 2240305 1227029   45.00000   53   90   79.00000   35.00000  55.7%  31.7 9802s
 2242895 1228715   52.00000   45  113   79.00000   35.00000  55.7%  31.7 9814s
 2245626 1230355   78.00000  101   32   79.00000   35.00000  55.7%  31.7 9829s
 2248328 1231991 infeasible   90        79.00000   35.00000  55.7%  31.7 9841s
 2250984 1233518   69.00000   63   94   79.00000   35.00000  55.7%  31.7 9856s
 2253592 1235115   51.00000   63   96   79.00000   35.00000  55.7%  31.8 9869s
 2256279 1236546 infeasible   72        79.00000   35.00000  55.7%  31.8 9882s
 2258712 1238287   62.00000   45   77   79.00000   35.00000  55.7%  31.8 9894s
 2261379 1240107   70.00000   87   82   79.00000   35.00000  55.7%  31.8 9908s
 2264241 1241693   78.00000   59   58   79.00000   35.00000  55.7%  31.8 9921s
 2266919 1243253   75.00000   64   89   79.00000   35.00000  55.7%  31.8 9936s
 2269516 1244831   42.00000   64  110   79.00000   35.00000  55.7%  31.8 9947s
 2272160 1246473 infeasible  108        79.00000   35.00000  55.7%  31.8 9962s
 2274699 1248035     cutoff  122        79.00000   35.00000  55.7%  31.8 9975s
 2277496 1249618   44.00000   59  132   79.00000   35.00000  55.7%  31.8 9989s
 2280144 1251113     cutoff   65        79.00000   35.00000  55.7%  31.8 10001s
 2282837 1252634   73.00000   60   60   79.00000   35.00000  55.7%  31.8 10014s
 2285244 1254314 infeasible   76        79.00000   35.00000  55.7%  31.8 10027s
 2287928 1255856   35.00000   41  145   79.00000   35.00000  55.7%  31.8 10041s
 2290664 1257411   77.00000   70   59   79.00000   35.00000  55.7%  31.8 10055s
 2293404 1259008   72.00000   71   64   79.00000   35.00000  55.7%  31.8 10070s
 2296120 1260773   37.00000   49   96   79.00000   35.00000  55.7%  31.8 10082s
 2298930 1262332   77.00000   66   42   79.00000   35.00000  55.7%  31.8 10098s
 2301458 1264013   75.00000  113   65   79.00000   35.00000  55.7%  31.8 10107s
 2304097 1265505   68.00000   89   92   79.00000   35.00000  55.7%  31.8 10121s
 2306656 1267156   39.00000   52  108   79.00000   35.00000  55.7%  31.8 10134s
 2309350 1268786 infeasible   51        79.00000   35.00000  55.7%  31.8 10147s
 2311952 1270447   76.00000   77   87   79.00000   35.00000  55.7%  31.8 10160s
 2314739 1272101   78.00000   96   23   79.00000   35.00000  55.7%  31.8 10174s
 2317343 1273733     cutoff   95        79.00000   35.00000  55.7%  31.8 10187s
 2320133 1275312   55.00000   58   72   79.00000   35.00000  55.7%  31.8 10202s
 2322775 1276849   77.00000   81   44   79.00000   35.00000  55.7%  31.8 10215s
 2325379 1278351   62.00000   57   69   79.00000   35.00000  55.7%  31.8 10230s
 2327964 1279986 infeasible   98        79.00000   35.00000  55.7%  31.8 10240s
 2330528 1281754   78.00000   93   36   79.00000   35.00000  55.7%  31.8 10255s
 2333223 1283365   76.00000   96   64   79.00000   35.00000  55.7%  31.8 10268s
 2335817 1285072   52.00000   47   85   79.00000   35.00000  55.7%  31.8 10282s
 2338525 1286838   76.00000  100   42   79.00000   35.00000  55.7%  31.8 10296s
 2341273 1288491   78.00000   76   44   79.00000   35.00000  55.7%  31.8 10310s
 2344085 1290296   77.00000   67   60   79.00000   35.00000  55.7%  31.8 10323s
 2346734 1291820   78.00000   81   29   79.00000   35.00000  55.7%  31.8 10337s
 2349220 1293403 infeasible   45        79.00000   35.00000  55.7%  31.9 10348s
 2351799 1294991 infeasible   96        79.00000   35.00000  55.7%  31.9 10362s
 2354336 1296634 infeasible   81        79.00000   35.00000  55.7%  31.9 10374s
 2356987 1298225   76.00000   67   61   79.00000   35.00000  55.7%  31.9 10390s
 2359768 1299968   76.00000   70   67   79.00000   35.00000  55.7%  31.9 10404s
 2362659 1301520   67.00000   60   90   79.00000   35.00000  55.7%  31.9 10419s
 2365306 1303185   74.00000   75   66   79.00000   35.00000  55.7%  31.9 10433s
 2368116 1304764   72.00000   70   60   79.00000   35.00000  55.7%  31.9 10447s
 2370673 1306454   78.00000   87   41   79.00000   35.00000  55.7%  31.9 10460s
 2373229 1307949   72.00000   73   67   79.00000   35.00000  55.7%  31.9 10474s
 2375795 1309632 infeasible  100        79.00000   35.00000  55.7%  31.9 10487s
 2378545 1311262   62.00000   64   55   79.00000   35.00000  55.7%  31.9 10502s
 2381168 1312896   56.00000   46  111   79.00000   35.00000  55.7%  31.9 10514s
 2383898 1314608   43.00000   36   91   79.00000   35.00000  55.7%  31.9 10530s
 2386596 1316288     cutoff   91        79.00000   35.00000  55.7%  31.9 10541s
 2389344 1318028   50.00000   67  114   79.00000   35.00000  55.7%  31.9 10557s
 2392038 1319788   68.00000   63   71   79.00000   35.00000  55.7%  31.9 10570s
 2394755 1321360     cutoff  110        79.00000   35.00000  55.7%  31.9 10584s
 2397333 1322745   46.00000   36   86   79.00000   35.00000  55.7%  31.9 10597s
 2399684 1324438   70.00000   42   78   79.00000   35.00000  55.7%  31.9 10611s
 2402409 1326220   35.00000   41  136   79.00000   35.00000  55.7%  31.9 10626s
 2405228 1327831   63.00000   63   88   79.00000   35.00000  55.7%  31.9 10640s
 2407903 1329492     cutoff   96        79.00000   35.00000  55.7%  31.9 10655s
 2410658 1331079   77.00000   78   45   79.00000   35.00000  55.7%  31.9 10671s
 2413450 1332875   42.00000   62  127   79.00000   35.00000  55.7%  31.9 10684s
 2416341 1334573   75.00000   71   61   79.00000   35.00000  55.7%  31.9 10701s
 2419139 1336151   55.00000   69   93   79.00000   35.00000  55.7%  31.9 10712s
 2421596 1337617   77.00000   84   69   79.00000   35.00000  55.7%  31.9 10727s
 2424259 1339449   77.00000  103   62   79.00000   35.00000  55.7%  31.9 10740s
 2427211 1341011 infeasible   79        79.00000   35.00000  55.7%  31.9 10756s
 2429977 1342460   71.00000   64   62   79.00000   35.00000  55.7%  31.9 10770s
 2432614 1344101   73.00000   63   52   79.00000   35.00000  55.7%  32.0 10784s
 2435375 1345749     cutoff   63        79.00000   35.00000  55.7%  32.0 10798s
 2438122 1345874 infeasible   81        79.00000   35.00000  55.7%  32.0 10800s

Explored 2438303 nodes (77924463 simplex iterations) in 10800.19 seconds (524.34 work units)
Thread count was 18 (of 36 available processors)

Solution count 10: 79 80 81 ... 88

Time limit reached
Best objective 7.900000000000e+01, best bound 3.500000000000e+01, gap 55.6962%
