
Gurobi 11.0.0 (win64) logging started Sat May  4 01:47:21 2024

Set parameter LogFile to value "./Results/StripPacking-CutHeurRuns/Logs/SBM-111-StripPacking-15.log"
Set parameter TimeLimit to value 10800
Set parameter Cuts to value 1
Set parameter Presolve to value 1
Set parameter Heuristics to value 1
Set parameter LPWarmStart to value 2
Gurobi Optimizer version 11.0.0 build v11.0.0rc2 (win64 - Windows 10.0 (19045.2))

CPU model: Intel(R) Core(TM) i9-10980XE CPU @ 3.00GHz, instruction set [SSE2|AVX|AVX2|AVX512]
Thread count: 18 physical cores, 36 logical processors, using up to 18 threads

Optimize a model with 1905 rows, 346 columns and 5700 nonzeros
Model fingerprint: 0xad54b1e6
Variable types: 136 continuous, 210 integer (210 binary)
Coefficient statistics:
  Matrix range     [1e+00, 1e+04]
  Objective range  [1e+00, 1e+00]
  Bounds range     [1e+00, 1e+04]
  RHS range        [1e+00, 1e+04]

Warning: Completing partial solution with 210 unfixed non-continuous variables out of 210
User MIP start produced solution with objective 71.5 (0.03s)
Loaded user MIP start with objective 71.5

Presolve removed 525 rows and 0 columns
Presolve time: 0.00s
Presolved: 1380 rows, 346 columns, 4335 nonzeros
Variable types: 136 continuous, 210 integer (210 binary)

Root relaxation: objective 3.300000e+01, 123 iterations, 0.00 seconds (0.00 work units)

    Nodes    |    Current Node    |     Objective Bounds      |     Work
 Expl Unexpl |  Obj  Depth IntInf | Incumbent    BestBd   Gap | It/Node Time

     0     0   33.00000    0   26   71.50000   33.00000  53.8%     -    0s
H    0     0                      71.0000000   33.00000  53.5%     -    0s
H    0     0                      70.0000000   33.00000  52.9%     -    0s
     0     0   33.00000    0   46   70.00000   33.00000  52.9%     -    0s
H    0     0                      69.0000000   33.00000  52.2%     -    0s
H    0     0                      65.0000000   33.00000  49.2%     -    0s
     0     0   33.00000    0   45   65.00000   33.00000  49.2%     -    0s
H    0     0                      64.0000000   33.00000  48.4%     -    0s
H    0     0                      62.0000000   33.00000  46.8%     -    0s
     0     0   33.00000    0   15   62.00000   33.00000  46.8%     -    0s
     0     0   33.00000    0   15   62.00000   33.00000  46.8%     -    0s
     0     0   33.00000    0   17   62.00000   33.00000  46.8%     -    0s
     0     0   33.00000    0   20   62.00000   33.00000  46.8%     -    0s
     0     0   33.00000    0   19   62.00000   33.00000  46.8%     -    0s
     0     0   33.00000    0   22   62.00000   33.00000  46.8%     -    0s
     0     0   33.00000    0   15   62.00000   33.00000  46.8%     -    0s
H    0     0                      61.0000000   33.00000  45.9%     -    0s
H    0     0                      60.0000000   33.00000  45.0%     -    0s
     0     0   33.00000    0   16   60.00000   33.00000  45.0%     -    0s
     0     0   33.00000    0   14   60.00000   33.00000  45.0%     -    0s
     0     0   33.00000    0   12   60.00000   33.00000  45.0%     -    0s
     0     2   33.00000    0   12   60.00000   33.00000  45.0%     -    0s
H   93   104                      59.0000000   33.00000  44.1%  21.5    1s
H  127   139                      59.0000000   33.00000  44.1%  21.4    1s
   138   161   33.00000   10   31   59.00000   33.00000  44.1%  21.4    5s
H  139   161                      58.0000000   33.00000  43.1%  21.2    5s
H  142   161                      55.0000000   33.00000  40.0%  21.0    5s
   194   210   33.00000   11   24   55.00000   33.00000  40.0%  30.0   10s
H  196   210                      53.0000000   33.00000  37.7%  29.8   10s
   339   480   33.00000   12   29   53.00000   33.00000  37.7%  25.3   18s
   548   781   33.13399   12   33   53.00000   33.00000  37.7%  23.5   20s
   989   833   50.00000   37   15   53.00000   33.00000  37.7%  19.4   29s
H 1045   833                      52.0000000   33.00000  36.5%  19.0   29s
  1110  1171   50.00000   37   12   52.00000   33.00000  36.5%  18.4   35s
H 2512  1474                      52.0000000   33.00000  36.5%  15.0   39s
  2515  1876   46.00000   42   23   52.00000   33.00000  36.5%  15.0   46s
  3346  1976   33.00000   19   38   52.00000   33.00000  36.5%  18.4   54s
  3799  2279   49.00000   31   16   52.00000   33.00000  36.5%  22.9   57s
  3955  2245   49.00000   38   23   52.00000   33.00000  36.5%  23.4   64s
* 4216  2261              41      51.0000000   33.00000  35.3%  24.4   64s
  4369  2256     cutoff   29        51.00000   33.00000  35.3%  24.7   70s
H 4440  2143                      51.0000000   33.00000  35.3%  24.8   70s
H 4490  2040                      50.0000000   33.00000  34.0%  24.8   70s
H 4664  2130                      50.0000000   33.00000  34.0%  25.0   73s
  5054  1903 infeasible   35        50.00000   33.00000  34.0%  25.6   81s
  5080  1953   33.08530   28   40   50.00000   33.00000  34.0%  25.7   87s
  5223  1998   33.16406   29   39   50.00000   33.00000  34.0%  26.1   92s
  5533  2227   37.00000   30   23   50.00000   33.00000  34.0%  26.5   96s
  6317  1978 infeasible   49        50.00000   33.00000  34.0%  27.3  108s
  6341  2145 infeasible   50        50.00000   33.00000  34.0%  27.4  113s
  6883  2277   33.19397   27   37   50.00000   33.00000  34.0%  28.0  117s
  7590  2046   48.00000   35   23   50.00000   33.00000  34.0%  28.3  130s
  8481  2454     cutoff   35        50.00000   33.00000  34.0%  29.2  138s
  8653  2540     cutoff   35        50.00000   33.00000  34.0%  29.3  147s
  8852  2665   49.00000   37   18   50.00000   33.00000  34.0%  29.6  154s
  9134  2842   49.00000   38   17   50.00000   33.00000  34.0%  29.7  157s
  9544  3153 infeasible   33        50.00000   33.00000  34.0%  29.9  163s
 10606  3316 infeasible   48        50.00000   33.00000  34.0%  30.0  173s
 10992  3489   49.00000   47   18   50.00000   33.00000  34.0%  30.1  179s
 11469  4166 infeasible   45        50.00000   33.00000  34.0%  30.5  187s
 13645  4627   46.00000   35   14   50.00000   33.00000  34.0%  30.8  193s
 14801  4643   33.00000   24   31   50.00000   33.00000  34.0%  30.9  202s
 14821  5290   38.00000   25   22   50.00000   33.00000  34.0%  30.9  211s
 16698  5365   33.02845   26   63   50.00000   33.00000  34.0%  31.5  221s
 16865  5693   34.00000   27   53   50.00000   33.00000  34.0%  31.5  228s
 17852  6701   38.00000   29   34   50.00000   33.00000  34.0%  31.7  238s
 20815  6716 infeasible   39        50.00000   33.00000  34.0%  32.2  253s
 20836  6750 infeasible   39        50.00000   33.00000  34.0%  32.2  265s
 20944  6774   33.00000   24   36   50.00000   33.00000  34.0%  32.3  279s
 21021  6806   33.00000   25   35   50.00000   33.00000  34.0%  32.3  294s
 21097  6818   40.00000   31   24   50.00000   33.00000  34.0%  32.3  301s
 21117  7288   40.00000   32   20   50.00000   33.00000  34.0%  32.3  310s
 22195  8818   33.00000   23   34   50.00000   33.00000  34.0%  32.3  321s
 26456 10243     cutoff   39        50.00000   33.00000  34.0%  32.4  326s
 30201 10256   33.10588   23   42   50.00000   33.00000  34.0%  32.5  337s
 30224 11152   46.00000   24   19   50.00000   33.00000  34.0%  32.5  340s
 32800 11161   41.00000   31   35   50.00000   33.00000  34.0%  32.4  350s
 32827 11941   46.00000   32   25   50.00000   33.00000  34.0%  32.4  355s
 35139 11955   42.00000   35   40   50.00000   33.00000  34.0%  32.3  367s
 37526 12687   44.00000   25   22   50.00000   33.00000  34.0%  32.2  375s
 40365 13611   36.00000   36   28   50.00000   33.00000  34.0%  32.0  389s
 40394 14331   47.00000   37   19   50.00000   33.00000  34.0%  32.0  396s
 42567 14411   49.00000   41   15   50.00000   33.00000  34.0%  32.0  401s
 42755 15479 infeasible   42        50.00000   33.00000  34.0%  32.0  405s
 46245 19081 infeasible   42        50.00000   33.00000  34.0%  32.0  423s
 55965 19134 infeasible   45        50.00000   33.00000  34.0%  32.1  434s
 56139 19298   42.00000   29   33   50.00000   33.00000  34.0%  32.1  437s
 56529 20033   44.00000   23   35   50.00000   33.00000  34.0%  32.1  442s
 58661 20158   47.00000   38   19   50.00000   33.00000  34.0%  32.2  454s
 59043 20363   46.00000   36   22   50.00000   33.00000  34.0%  32.2  461s
 59754 21155   46.00000   37   24   50.00000   33.00000  34.0%  32.2  467s
 62117 22598   48.00000   42   21   50.00000   33.00000  34.0%  32.3  474s
 66225 23082   46.00000   29   28   50.00000   33.00000  34.0%  32.4  483s
 67502 24267   33.96000   37   36   50.00000   33.00000  34.0%  32.5  491s
 71450 24882   49.00000   48   19   50.00000   33.00000  34.0%  32.6  514s
 73281 30783 infeasible   43        50.00000   33.00000  34.0%  32.6  543s
 89541 31111   49.00000   41   12   50.00000   33.00000  34.0%  32.8  554s
 90537 31301   46.00000   35   34   50.00000   33.00000  34.0%  32.8  558s
 91015 32174   49.00000   30   19   50.00000   33.00000  34.0%  32.8  568s
 93517 34924   33.13822   34   47   50.00000   33.00000  34.0%  32.8  593s
 101341 35534   47.00000   40   26   50.00000   33.00000  34.0%  32.9  602s
 103163 35692   47.00000   41   22   50.00000   33.00000  34.0%  32.9  606s
 103638 36494   38.00000   36   43   50.00000   33.00000  34.0%  32.9  613s
 106296 36516   33.12447   28   63   50.00000   33.00000  34.0%  32.9  627s
 106345 37809   33.53466   30   61   50.00000   33.00000  34.0%  32.9  636s
 110188 37819   34.17928   33   39   50.00000   33.00000  34.0%  32.9  648s
 110214 38479   41.00000   34   29   50.00000   33.00000  34.0%  32.9  655s
 112396 38579   46.00000   32   18   50.00000   33.00000  34.0%  32.9  665s
 112640 40157   46.00000   33   17   50.00000   33.00000  34.0%  32.9  672s
 117204 40638   49.00000   42   18   50.00000   33.00000  34.0%  33.0  683s
 118779 43020     cutoff   40        50.00000   33.00000  34.0%  33.0  721s
 127393 43031   39.00000   47   29   50.00000   33.00000  34.0%  32.9  733s
 127418 46442   49.00000   48   28   50.00000   33.00000  34.0%  32.9  750s
 136846 46451 infeasible   40        50.00000   33.00000  34.0%  32.9  760s
 136872 47368   45.00000   40   25   50.00000   33.00000  34.0%  32.9  769s
 139861 48108 infeasible   38        50.00000   33.00000  34.0%  32.9  781s
 142316 52686   46.00000   38   15   50.00000   33.00000  34.0%  32.9  817s
 155914 52695 infeasible   38        50.00000   33.00000  34.0%  32.9  828s
 155941 52715   49.00000   38   11   50.00000   33.00000  34.0%  32.9  837s
 156001 53199   42.00000   36   27   50.00000   33.00000  34.0%  32.9  847s
 157582 53210     cutoff   27        50.00000   33.00000  34.0%  32.9  855s
 159487 53722 infeasible   39        50.00000   33.00000  34.0%  32.9  868s
 159523 54107   49.00000   40   13   50.00000   33.00000  34.0%  32.9  875s
 160383 54222   44.00000   37   35   50.00000   33.00000  34.0%  32.9  882s
 160822 54623   47.00000   34   22   50.00000   33.00000  34.0%  32.9  895s
 162046 55675   33.00000   28   42   50.00000   33.00000  34.0%  32.9  905s
 166159 55960   47.00000   36   30   50.00000   33.00000  34.0%  32.9  917s
 167149 57984 infeasible   37        50.00000   33.00000  34.0%  32.9  936s
 173428 57980   39.00000   31   28   50.00000   33.00000  34.0%  32.9  942s
 173474 57998   39.00000   32   28   50.00000   33.00000  34.0%  32.9  953s
 173554 58657   40.00000   44   20   50.00000   33.00000  34.0%  32.9  962s
 175656 58683   33.00000   31   55   50.00000   33.00000  34.0%  32.9  969s
 175830 59935   46.00000   32   20   50.00000   33.00000  34.0%  32.9  974s
 179733 59947   48.00000   45   23   50.00000   33.00000  34.0%  32.8  983s
 179756 61804 infeasible   46        50.00000   33.00000  34.0%  32.8  999s
 184704 61804   49.00000   46   17   50.00000   33.00000  34.0%  32.8 1000s
 185829 62246   49.00000   46   19   50.00000   33.00000  34.0%  32.8 1008s
 187048 67896   47.00000   41   25   50.00000   33.00000  34.0%  32.8 1055s
 205066 67905   47.00000   43    8   50.00000   33.00000  34.0%  32.8 1070s
 205093 67933   47.00000   44   11   50.00000   33.00000  34.0%  32.8 1079s
 205235 67998 infeasible   47        50.00000   33.00000  34.0%  32.8 1088s
 205497 68171   47.00000   36   21   50.00000   33.00000  34.0%  32.8 1093s
 205980 68552 infeasible   37        50.00000   33.00000  34.0%  32.8 1098s
 207122 68560 infeasible   37        50.00000   33.00000  34.0%  32.8 1108s
 207150 68622   33.93440   27   46   50.00000   33.00000  34.0%  32.8 1120s
 207376 68847   44.00000   29   25   50.00000   33.00000  34.0%  32.8 1131s
 208153 69329   46.00000   46   17   50.00000   33.00000  34.0%  32.8 1141s
 209556 72604   47.00000   39   14   50.00000   33.00000  34.0%  32.7 1167s
 221753 72621   39.00000   39   35   50.00000   33.00000  34.0%  32.7 1178s
 221794 72641 infeasible   40        50.00000   33.00000  34.0%  32.7 1188s
 221862 73776   47.00000   41   25   50.00000   33.00000  34.0%  32.7 1196s
 225165 73808   46.00000   38   21   50.00000   33.00000  34.0%  32.6 1206s
 225222 75003     cutoff   39        50.00000   33.00000  34.0%  32.6 1214s
 228661 75009     cutoff   45        50.00000   33.00000  34.0%  32.7 1225s
 228691 75839   46.00000   47   23   50.00000   33.00000  34.0%  32.7 1233s
 231568 76208   49.00000   36   27   50.00000   33.00000  34.0%  32.7 1240s
 232824 80806 infeasible   37        50.00000   33.00000  34.0%  32.7 1285s
 248168 80820   45.00000   39   24   50.00000   33.00000  34.0%  32.6 1296s
 248190 80835   45.00000   40   28   50.00000   33.00000  34.0%  32.6 1302s
 248229 80993     cutoff   41        50.00000   33.00000  34.0%  32.6 1309s
 248939 81100 infeasible   48        50.00000   33.00000  34.0%  32.6 1315s
 249418 81356   48.00000   40   23   50.00000   33.00000  34.0%  32.6 1322s
 250500 81482     cutoff   41        50.00000   33.00000  34.0%  32.5 1332s
 250961 82089 infeasible   43        50.00000   33.00000  34.0%  32.6 1338s
 253481 82159 infeasible   34        50.00000   33.00000  34.0%  32.5 1352s
 253711 86606 infeasible   60        50.00000   33.00000  34.0%  32.5 1406s
 271729 86616   49.00000   37   34   50.00000   33.00000  34.0%  32.3 1420s
 271755 86858   49.00000   37   34   50.00000   33.00000  34.0%  32.3 1428s
 272530 86941   44.00000   31   34   50.00000   33.00000  34.0%  32.3 1436s
 272802 86957   44.00000   32   31   50.00000   33.00000  34.0%  32.3 1451s
 272900 87278   46.00000   35   29   50.00000   33.00000  34.0%  32.3 1459s
 274071 87286     cutoff   52        50.00000   33.00000  34.0%  32.3 1462s
 274099 87554   33.00000   33   46   50.00000   33.00000  34.0%  32.3 1468s
 274830 87666   33.00000   34   44   50.00000   33.00000  34.0%  32.3 1478s
 275306 89163   33.00000   35   46   50.00000   33.00000  34.0%  32.3 1496s
 280211 89213     cutoff   39        50.00000   33.00000  34.0%  32.2 1501s
 280403 89230 infeasible   40        50.00000   33.00000  34.0%  32.2 1513s
 280438 89867     cutoff   34        50.00000   33.00000  34.0%  32.2 1519s
 282132 89876 infeasible   46        50.00000   33.00000  34.0%  32.2 1530s
 282159 90539   44.00000   42   30   50.00000   33.00000  34.0%  32.2 1536s
 284461 90541 infeasible   46        50.00000   33.04430  33.9%  32.2 1546s
 284495 90861     cutoff   42        50.00000   33.04430  33.9%  32.2 1554s
 285470 90933   46.00000   43   29   50.00000   33.04600  33.9%  32.2 1567s
 285742 90950   46.00000   44   26   50.00000   33.04600  33.9%  32.2 1575s
 285813 91566 infeasible   50        50.00000   33.05271  33.9%  32.2 1582s
 288340 91893     cutoff   37        50.00000   33.05540  33.9%  32.2 1592s
 289520 92025   46.00000   34   23   50.00000   33.05540  33.9%  32.2 1599s
 290007 92041     cutoff   54        50.00000   33.05540  33.9%  32.2 1612s
 290227 92209 infeasible   56        50.00000   33.05540  33.9%  32.1 1622s
 291114 92357   39.00000   32   26   50.00000   33.05540  33.9%  32.1 1629s
 291561 92983   33.05540   50   52   50.00000   33.05540  33.9%  32.1 1636s
 294220 92995   46.00000   52   27   50.00000   33.05540  33.9%  32.1 1652s
 294244 93698     cutoff   53        50.00000   33.05540  33.9%  32.1 1660s
 296741 93710     cutoff   41        50.00000   33.10823  33.8%  32.0 1673s
 296765 94426   47.00000   31   37   50.00000   33.10823  33.8%  32.0 1681s
 300006 94523     cutoff   33        50.00000   33.11059  33.8%  32.0 1695s
 300347 99281   44.00000   34   29   50.00000   33.11059  33.8%  32.0 1747s
 318365 99286     cutoff   37        50.00000   33.21754  33.6%  31.8 1761s
 318396 99297   42.00000   38   31   50.00000   33.21754  33.6%  31.8 1768s
 318453 99423   33.25534   35   51   50.00000   33.21754  33.6%  31.8 1774s
 318839 99433   44.00000   38   28   50.00000   33.21754  33.6%  31.8 1785s
 319861 99580 infeasible   44        50.00000   33.21754  33.6%  31.8 1797s
 320037 99587   44.00000   50   18   50.00000   33.21754  33.6%  31.8 1805s
 320076 99696   44.00000   49   21   50.00000   33.22748  33.5%  31.8 1811s
 320572 99782     cutoff   39        50.00000   33.25112  33.5%  31.8 1818s
 320959 99887   46.00000   46   19   50.00000   33.25112  33.5%  31.8 1824s
 321583 99891 infeasible   48        50.00000   33.25112  33.5%  31.8 1834s
 321614 100281 infeasible   48        50.00000   33.25112  33.5%  31.8 1837s
 323001 100291 infeasible   38        50.00000   33.25112  33.5%  31.8 1856s
 323045 103944     cutoff   40        50.00000   33.25112  33.5%  31.8 1892s
 341063 103958   33.42859   34   30   50.00000   33.36699  33.3%  31.6 1903s
 341084 103985   33.42859   35   30   50.00000   33.36699  33.3%  31.6 1912s
 341140 104368   33.42859   36   30   50.00000   33.36699  33.3%  31.6 1921s
 342655 104381   47.00000   37   16   50.00000   33.36699  33.3%  31.6 1931s
 342677 104881   33.42859   35   30   50.00000   33.36871  33.3%  31.6 1936s
 344626 105000   43.00000   34   18   50.00000   33.37971  33.2%  31.6 1940s
 345100 106334   48.00000   42   22   50.00000   33.38409  33.2%  31.6 1962s
 350567 106335 infeasible   43        50.00000   33.38409  33.2%  31.6 1974s
 350602 106622     cutoff   43        50.00000   33.38409  33.2%  31.6 1983s
 351853 106841 infeasible   44        50.00000   33.38409  33.2%  31.6 1994s
 352803 106919   46.00000   45   19   50.00000   33.38409  33.2%  31.5 2003s
 353102 107131   46.00000   47   24   50.00000   33.38409  33.2%  31.6 2015s
 353925 107203   46.00000   46   17   50.00000   33.38409  33.2%  31.6 2030s
 354331 107269   49.00000   53   15   50.00000   33.38409  33.2%  31.6 2045s
 354644 107587 infeasible   54        50.00000   33.38409  33.2%  31.6 2055s
 355596 108548   44.00000   41   32   50.00000   33.38409  33.2%  31.5 2068s
 359406 108562     cutoff   30        50.00000   33.45957  33.1%  31.5 2081s
 359427 109463   46.00000   30   22   50.00000   33.46338  33.1%  31.5 2094s
 361942 109463   49.00000   34   29   50.00000   33.48243  33.0%  31.5 2095s
 362995 109470 infeasible   41        50.00000   33.48450  33.0%  31.5 2109s
 363024 110039   46.00000   42   18   50.00000   33.49478  33.0%  31.5 2120s
 365067 110045   47.00000   39   28   50.00000   33.49478  33.0%  31.5 2132s
 365107 110483   47.00000   40   23   50.00000   33.49478  33.0%  31.5 2138s
 366372 110504   47.00000   51   16   50.00000   33.49478  33.0%  31.5 2152s
 366458 110780   47.00000   52   12   50.00000   33.49478  33.0%  31.5 2163s
 367602 110815 infeasible   35        50.00000   33.49478  33.0%  31.5 2180s
 367687 114211   49.00000   36   19   50.00000   33.49478  33.0%  31.5 2240s
 385705 114398   46.00000   38   27   50.00000   33.69293  32.6%  31.3 2251s
 386977 114876   49.00000   43    9   50.00000   33.69602  32.6%  31.3 2262s
 388412 115160   36.00000   38   41   50.00000   33.69602  32.6%  31.3 2270s
 389517 115419   47.00000   47   17   50.00000   33.69602  32.6%  31.3 2280s
 390838 116743   49.00000   44   23   50.00000   33.69602  32.6%  31.3 2303s
 395493 116911   48.00000   44   33   50.00000   33.78400  32.4%  31.3 2308s
 395979 117773   49.00000   34   20   50.00000   33.81177  32.4%  31.3 2327s
 399654 117781   44.00000   34   45   50.00000   33.83141  32.3%  31.3 2343s
 399681 117850   44.00000   35   44   50.00000   33.83141  32.3%  31.3 2361s
 399994 118205 infeasible   42        50.00000   33.83141  32.3%  31.3 2369s
 401535 118316 infeasible   43        50.00000   33.83141  32.3%  31.3 2384s
 401989 119056 infeasible   44        50.00000   33.85055  32.3%  31.3 2401s
 405220 119329   44.00000   34   37   50.00000   33.87593  32.2%  31.3 2413s
 406549 119869   47.00000   42   17   50.00000   33.90880  32.2%  31.3 2427s
 409294 119867 infeasible   46        50.00000   33.90880  32.2%  31.3 2441s
 409327 120637 infeasible   46        50.00000   33.90880  32.2%  31.3 2454s
 411905 120651 infeasible   55        50.00000   34.00000  32.0%  31.3 2472s
 411983 123898 infeasible   44        50.00000   34.00000  32.0%  31.3 2523s
 430001 123953   47.00000   40   20   50.00000   34.14390  31.7%  31.2 2535s
 430753 124676   44.00000   39   19   50.00000   34.23896  31.5%  31.2 2550s
 433300 124704   49.00000   39   18   50.00000   34.33742  31.3%  31.2 2563s
 433388 125258 infeasible   40        50.00000   34.35603  31.3%  31.2 2571s
 435559 125261   44.00000   28   27   50.00000   34.56040  30.9%  31.2 2593s
 435612 129900 infeasible   31        50.00000   34.59600  30.8%  31.2 2659s
 453630 130127   46.00000   37   18   50.00000   35.00000  30.0%  31.0 2669s
 454603 130226   46.00000   38   14   50.00000   35.00000  30.0%  31.0 2676s
 455078 130904   48.00000   37   14   50.00000   35.00000  30.0%  31.0 2688s
 457430 132082   48.00000   41   20   50.00000   35.00000  30.0%  31.0 2711s
 461790 132228     cutoff   30        50.00000   35.00000  30.0%  31.0 2725s
 462203 133547   40.00000   40   45   50.00000   35.00000  30.0%  31.0 2745s
 467153 133565   46.00000   41    9   50.00000   35.00000  30.0%  30.9 2759s
 467195 133761   46.00000   42   11   50.00000   35.00000  30.0%  30.9 2776s
 468039 133793 infeasible   51        50.00000   35.00000  30.0%  30.9 2789s
 468159 135362   47.00000   48   10   50.00000   35.00000  30.0%  30.9 2804s
 473051 135366 infeasible   34        50.00000   35.00000  30.0%  30.9 2823s
 473083 136657 infeasible   35        50.00000   35.00000  30.0%  30.9 2836s
 477961 136670   49.00000   34   17   50.00000   35.00000  30.0%  30.8 2865s
 477984 137526   49.00000   35   17   50.00000   35.00000  30.0%  30.8 2876s
 480982 137701     cutoff   50        50.00000   35.00000  30.0%  30.8 2889s
 481704 142120 infeasible   49        50.00000   35.00000  30.0%  30.8 2948s
 499722 142129 infeasible   43        50.00000   35.00000  30.0%  30.7 2961s
 499749 142158     cutoff   42        50.00000   35.00000  30.0%  30.7 2967s
 499834 142226   49.00000   47   22   50.00000   35.00000  30.0%  30.7 2975s
 500120 142357   49.00000   48   18   50.00000   35.00000  30.0%  30.7 2984s
 500583 142656   44.00000   40   28   50.00000   35.00000  30.0%  30.7 2991s
 501976 142667   48.00000   44   23   50.00000   35.00000  30.0%  30.7 3002s
 502001 142909 infeasible   42        50.00000   35.00000  30.0%  30.7 3009s
 503357 142922   46.00000   37   16   50.00000   35.00000  30.0%  30.7 3031s
 503382 146602 infeasible   38        50.00000   35.00000  30.0%  30.7 3094s
 514393 146602   44.00000   32   28   50.00000   35.83430  28.3%  30.6 3095s
 521400 146607 infeasible   39        50.00000   36.00000  28.0%  30.6 3106s
 521431 146629   44.00000   32   28   50.00000   36.00000  28.0%  30.6 3118s
 521480 147072   44.00000   35   27   50.00000   36.00000  28.0%  30.6 3126s
 522808 147087   38.00000   30   31   50.00000   36.00000  28.0%  30.5 3140s
 522829 147657   37.00000   30   34   50.00000   36.00000  28.0%  30.5 3152s
 524951 147768 infeasible   43        50.00000   36.00000  28.0%  30.5 3164s
 525296 150197   49.00000   33   11   50.00000   36.00000  28.0%  30.5 3198s
 535421 150206 infeasible   46        50.00000   36.00000  28.0%  30.5 3208s
 535447 150683   48.00000   47   10   50.00000   36.00000  28.0%  30.5 3217s
 537055 150697   46.00000   36   36   50.00000   36.00000  28.0%  30.5 3229s
 537093 150730   46.00000   37   37   50.00000   36.00000  28.0%  30.5 3235s
 537269 151011   45.00000   38   29   50.00000   36.00000  28.0%  30.5 3246s
 538368 151137   48.00000   29   18   50.00000   36.00000  28.0%  30.5 3253s
 538844 151918   48.00000   42   17   50.00000   36.00000  28.0%  30.5 3263s
 541007 152036   47.00000   42   25   50.00000   36.00000  28.0%  30.5 3276s
 541552 152639   47.00000   43   25   50.00000   36.00000  28.0%  30.5 3291s
 543799 152659   47.00000   44   30   50.00000   36.00000  28.0%  30.4 3299s
 543849 153373   47.00000   45   38   50.00000   36.00000  28.0%  30.4 3312s
 546632 153373 infeasible   49        50.00000   36.00000  28.0%  30.4 3328s
 546737 153366 infeasible   48        50.00000   36.00000  28.0%  30.4 3337s
 546779 153931   47.00000   42   31   50.00000   36.00000  28.0%  30.4 3348s
 549446 154092   37.00000   38   32   50.00000   36.00000  28.0%  30.4 3363s
 550100 158185   46.00000   39   23   50.00000   36.00000  28.0%  30.4 3412s
 568118 158191 infeasible   50        50.00000   36.00000  28.0%  30.3 3433s
 568145 158296   36.00000   44   37   50.00000   36.00000  28.0%  30.3 3439s
 568417 158311   44.00000   48   24   50.00000   36.00000  28.0%  30.3 3451s
 568467 158418   44.00000   49   23   50.00000   36.00000  28.0%  30.3 3459s
 568735 158427   44.00000   53   23   50.00000   36.00000  28.0%  30.3 3476s
 568762 159000 infeasible   54        50.00000   36.00000  28.0%  30.3 3483s
 570340 159022   46.00000   47   15   50.00000   36.00000  28.0%  30.3 3496s
 570431 159053     cutoff   48        50.00000   36.00000  28.0%  30.3 3507s
 570610 159057 infeasible   42        50.00000   36.00000  28.0%  30.3 3519s
 570641 159184   49.00000   43   34   50.00000   36.00000  28.0%  30.3 3525s
 571124 160694 infeasible   50        50.00000   36.00000  28.0%  30.3 3551s
 578313 160701 infeasible   39        50.00000   36.50000  27.0%  30.3 3568s
 578342 160755   49.00000   40   20   50.00000   37.00000  26.0%  30.3 3575s
 578564 160856   44.00000   34   22   50.00000   37.00000  26.0%  30.3 3588s
 578969 160968   44.00000   35   24   50.00000   37.00000  26.0%  30.3 3594s
 579448 161283 infeasible   49        50.00000   37.00000  26.0%  30.3 3600s
 581268 161294     cutoff   47        50.00000   37.00000  26.0%  30.3 3627s
 581296 161785 infeasible   47        50.00000   37.00000  26.0%  30.3 3633s
 582877 161798 infeasible   38        50.00000   37.00000  26.0%  30.3 3647s
 582900 162115   47.00000   39   26   50.00000   37.00000  26.0%  30.3 3660s
 585257 162121     cutoff   45        50.00000   37.00000  26.0%  30.3 3671s
 585286 162253 infeasible   46        50.00000   37.00000  26.0%  30.3 3681s
 586416 162313 infeasible   46        50.00000   37.00000  26.0%  30.3 3693s
 587015 162321   49.00000   43   25   50.00000   37.00000  26.0%  30.3 3713s
 587173 162614   42.00000   44   24   50.00000   37.00000  26.0%  30.3 3727s
 589323 162675   49.00000   48   19   50.00000   37.00000  26.0%  30.3 3735s
 589611 163047   44.00000   40   21   50.00000   37.00000  26.0%  30.3 3748s
 592650 163054   49.00000   34   30   50.00000   37.00000  26.0%  30.2 3760s
 592681 163636   49.00000   35   29   50.00000   37.00000  26.0%  30.2 3772s
 595201 163718   39.00000   31   41   50.00000   37.00000  26.0%  30.2 3800s
 595557 166752   46.00000   29   31   50.00000   37.00000  26.0%  30.2 3881s
 613575 167563   49.00000   38   17   50.00000   38.00000  24.0%  30.1 3894s
 615919 167573   49.00000   43   13   50.00000   38.00000  24.0%  30.1 3912s
 615945 168351   49.00000   44   13   50.00000   38.00000  24.0%  30.1 3925s
 619552 169014   43.00000   33   23   50.00000   38.00000  24.0%  30.1 3943s
 622589 170744   49.00000   57   16   50.00000   38.00000  24.0%  30.1 3972s
 629961 170752   48.00000   38   21   50.00000   38.00000  24.0%  30.1 3990s
 629991 171002   48.00000   39   20   50.00000   38.00000  24.0%  30.1 4000s
 631092 171013   49.00000   39   20   50.00000   38.00000  24.0%  30.0 4006s
 631133 171021 infeasible   40        50.00000   38.00000  24.0%  30.0 4018s
 631171 172224   47.00000   31   24   50.00000   38.00000  24.0%  30.0 4032s
 636736 172231   47.00000   46   20   50.00000   38.00000  24.0%  30.0 4041s
 636765 172974   47.00000   47   19   50.00000   38.00000  24.0%  30.0 4055s
 640157 172982 infeasible   44        50.00000   38.00000  24.0%  30.0 4072s
 640185 173558   46.00000   45   23   50.00000   38.00000  24.0%  30.0 4088s
 642912 173906   49.00000   36   27   50.00000   38.00000  24.0%  30.0 4103s
 644730 177571   49.00000   43   14   50.00000   38.00000  24.0%  30.0 4172s
 661604 177576   44.00000   37   26   50.00000   38.00000  24.0%  30.0 4201s
 661635 178169   46.00000   38   22   50.00000   38.00000  24.0%  30.0 4208s
 663387 178179   49.00000   58   13   50.00000   38.00000  24.0%  29.9 4220s
 663413 178452 infeasible   59        50.00000   38.00000  24.0%  29.9 4228s
 665182 178712   40.00000   29   35   50.00000   38.00000  24.0%  29.9 4250s
 666442 182616 infeasible   37        50.00000   38.00000  24.0%  29.9 4335s
 684228 182618 infeasible   47        50.00000   38.00000  24.0%  29.9 4357s
 684261 183367   49.00000   45   17   50.00000   38.00000  24.0%  29.9 4372s
 687759 183747 infeasible   55        50.00000   38.00000  24.0%  29.9 4393s
 689361 187733   46.00000   36   24   50.00000   38.00000  24.0%  29.9 4458s
 706313 187743 infeasible   33        50.00000   38.00000  24.0%  29.8 4471s
 706339 187756   49.00000   34   14   50.00000   38.00000  24.0%  29.8 4483s
 706392 188250     cutoff   35        50.00000   38.00000  24.0%  29.8 4495s
 708143 188259   49.00000   36   12   50.00000   38.00000  24.0%  29.8 4513s
 708170 188695 infeasible   37        50.00000   38.00000  24.0%  29.8 4519s
 709819 188867   38.00000   31   46   50.00000   38.00000  24.0%  29.8 4545s
 710550 191905   38.00000   32   44   50.00000   38.00000  24.0%  29.8 4609s
 728568 191916   49.00000   43   21   50.00000   38.00000  24.0%  29.7 4637s
 728593 192497 infeasible   44        50.00000   38.00000  24.0%  29.7 4649s
 731523 192505   47.00000   36   20   50.00000   38.00000  24.0%  29.7 4676s
 731555 196422   48.00000   37   17   50.00000   38.00000  24.0%  29.7 4735s
 749573 196427     cutoff   45        50.00000   38.00000  24.0%  29.6 4752s
 749603 196575 infeasible   45        50.00000   38.00000  24.0%  29.6 4760s
 750318 196598   45.00000   45   14   50.00000   38.00000  24.0%  29.6 4767s
 750457 196611   46.00000   50   12   50.00000   38.00000  24.0%  29.6 4786s
 750480 196913 infeasible   51        50.00000   38.00000  24.0%  29.6 4793s
 751432 196926   47.00000   51   13   50.00000   38.00000  24.0%  29.6 4814s
 751455 197203 infeasible   52        50.00000   38.00000  24.0%  29.6 4822s
 752868 197308 infeasible   41        50.00000   38.00000  24.0%  29.6 4831s
 753330 198156   45.00000   34   23   50.00000   38.00000  24.0%  29.6 4850s
 757509 198164   46.00000   37   16   50.00000   38.00000  24.0%  29.6 4867s
 757536 198177   46.00000   38   22   50.00000   38.00000  24.0%  29.6 4878s
 757585 199003   46.00000   39   21   50.00000   38.00000  24.0%  29.6 4890s
 760536 199012 infeasible   51        50.00000   38.00000  24.0%  29.6 4908s
 760563 199454   47.00000   51   35   50.00000   38.00000  24.0%  29.6 4917s
 762559 199468   49.00000   54   13   50.00000   38.00000  24.0%  29.6 4932s
 762581 199726   49.00000   55   12   50.00000   38.00000  24.0%  29.6 4945s
 763883 199737   44.00000   55   25   50.00000   38.00000  24.0%  29.6 4955s
 763908 199745   44.00000   56   23   50.00000   38.00000  24.0%  29.6 4968s
 764042 200037 infeasible   57        50.00000   38.00000  24.0%  29.6 4978s
 766044 200037   46.00000   32   26   50.00000   38.00000  24.0%  29.6 5000s
 766079 200328   46.00000   33   26   50.00000   38.00000  24.0%  29.6 5012s
 768680 200450 infeasible   64        50.00000   39.00000  22.0%  29.6 5016s
 769288 200699 infeasible   41        50.00000   39.00000  22.0%  29.6 5031s
 771300 201055     cutoff   42        50.00000   39.00000  22.0%  29.5 5049s
 772746 201055   44.00000   48   25   50.00000   39.00000  22.0%  29.5 5050s
 772975 201319 infeasible   41        50.00000   39.00000  22.0%  29.5 5065s
 775229 201465   46.00000   36   11   50.00000   39.00000  22.0%  29.5 5089s
 775610 204362   49.00000   38   16   50.00000   39.00000  22.0%  29.5 5157s
 793628 204364     cutoff   54        50.00000   39.00000  22.0%  29.4 5172s
 793656 204391   43.00000   40   16   50.00000   39.00000  22.0%  29.4 5184s
 793738 204477   43.00000   42   14   50.00000   39.00000  22.0%  29.4 5195s
 794840 204977 infeasible   40        50.00000   39.00000  22.0%  29.4 5206s
 796303 205064   47.00000   44   11   50.00000   39.00000  22.0%  29.4 5214s
 796799 205816   44.00000   37   33   50.00000   39.00000  22.0%  29.4 5232s
 800833 206140     cutoff   45        50.00000   39.00000  22.0%  29.4 5247s
 802473 209430   44.00000   34   35   50.00000   39.00000  22.0%  29.4 5306s
 820179 209438   47.00000   38   13   50.00000   39.00000  22.0%  29.4 5332s
 820207 209673 infeasible   39        50.00000   39.00000  22.0%  29.4 5340s
 821264 209696 infeasible   39        50.00000   39.00000  22.0%  29.4 5352s
 821370 209727   39.00000   39   16   50.00000   39.00000  22.0%  29.4 5367s
 821478 210140   42.00000   40   14   50.00000   39.00000  22.0%  29.4 5377s
 822784 211264     cutoff   48        50.00000   39.00000  22.0%  29.4 5406s
 829345 211274   49.00000   45   34   50.00000   39.00000  22.0%  29.4 5417s
 829370 211280   49.00000   46   29   50.00000   39.00000  22.0%  29.4 5432s
 829466 211351   42.00000   37   30   50.00000   39.00000  22.0%  29.4 5438s
 830154 211362   42.00000   38   29   50.00000   39.00000  22.0%  29.3 5451s
 830192 211679   42.00000   39   29   50.00000   39.00000  22.0%  29.3 5463s
 832310 211693   48.00000   42   19   50.00000   39.00000  22.0%  29.3 5473s
 832390 211872   48.00000   43   18   50.00000   39.00000  22.0%  29.3 5482s
 833703 211923 infeasible   45        50.00000   39.00000  22.0%  29.3 5501s
 834037 212414 infeasible   46        50.00000   39.00000  22.0%  29.3 5511s
 836342 212430   39.00000   35   30   50.00000   39.00000  22.0%  29.3 5536s
 836370 212625   49.00000   36   31   50.00000   39.00000  22.0%  29.3 5548s
 838286 212643   49.00000   42   13   50.00000   39.00000  22.0%  29.3 5561s
 838433 212890 infeasible   45        50.00000   39.00000  22.0%  29.3 5572s
 840461 212900 infeasible   49        50.00000   39.00000  22.0%  29.3 5597s
 840505 213415   47.00000   48   21   50.00000   39.00000  22.0%  29.3 5610s
 844316 213419   39.00000   32   36   50.00000   39.00000  22.0%  29.3 5630s
 844348 213518   42.00000   32   38   50.00000   39.00000  22.0%  29.3 5644s
 845152 213543   39.00000   31   24   50.00000   39.00000  22.0%  29.3 5663s
 845300 216023     cutoff   37        50.00000   39.00000  22.0%  29.3 5735s
 863318 216031   46.00000   29   32   50.00000   39.00000  22.0%  29.2 5754s
 863345 216056   46.00000   30   32   50.00000   39.00000  22.0%  29.2 5765s
 863448 216089   49.00000   36   30   50.00000   39.00000  22.0%  29.2 5774s
 863539 216089   40.00000   41   20   50.00000   39.00000  22.0%  29.2 5775s
 863559 216262   45.00000   43   14   50.00000   39.00000  22.0%  29.2 5780s
 864035 216273   40.00000   44   28   50.00000   39.00000  22.0%  29.2 5795s
 864104 216417   47.00000   44   16   50.00000   39.00000  22.0%  29.2 5805s
 864523 216484 infeasible   47        50.00000   39.00000  22.0%  29.2 5815s
 864757 216504   44.00000   47   17   50.00000   39.00000  22.0%  29.2 5830s
 864900 216516 infeasible   43        50.00000   39.00000  22.0%  29.2 5841s
 864971 216575   45.00000   45   17   50.00000   39.00000  22.0%  29.2 5851s
 865154 217089 infeasible   46        50.00000   39.00000  22.0%  29.2 5864s
 866862 217121   47.00000   44   19   50.00000   39.00000  22.0%  29.2 5883s
 867143 219771   47.00000   49   18   50.00000   39.00000  22.0%  29.2 5974s
 885161 219776   46.00000   42   19   50.00000   39.00000  22.0%  29.3 6002s
 885191 220083   46.00000   43   22   50.00000   39.00000  22.0%  29.3 6015s
 887165 220088   43.00000   44   26   50.00000   39.00000  22.0%  29.3 6030s
 887195 220462 infeasible   45        50.00000   39.00000  22.0%  29.3 6038s
 888829 220473   39.00000   42   26   50.00000   39.00000  22.0%  29.3 6058s
 888854 221847   42.00000   43   17   50.00000   39.00000  22.0%  29.3 6145s
 906872 221855 infeasible   45        50.00000   39.00000  22.0%  29.3 6167s
 906900 221870   46.00000   43   27   50.00000   39.00000  22.0%  29.3 6175s
 906980 221979   46.00000   45   25   50.00000   39.00000  22.0%  29.3 6186s
 907548 222010     cutoff   46        50.00000   39.00000  22.0%  29.3 6198s
 907858 222242 infeasible   64        50.00000   39.00000  22.0%  29.3 6207s
 909264 222378   48.00000   44   15   50.00000   39.00000  22.0%  29.3 6217s
 909665 222767   48.00000   45   11   50.00000   39.00000  22.0%  29.3 6232s
 911518 223133 infeasible   37        50.00000   40.00000  20.0%  29.3 6252s
 913201 223282   46.00000   39   38   50.00000   40.00000  20.0%  29.3 6285s
 913699 226649   46.00000   42   38   50.00000   40.00000  20.0%  29.3 6355s
 929890 226751 infeasible   57        50.00000   40.00000  20.0%  29.3 6369s
 930403 226763   40.00000   31   35   50.00000   40.00000  20.0%  29.3 6378s
 930427 226916   49.00000   32   24   50.00000   40.00000  20.0%  29.3 6391s
 931258 227038 infeasible   47        50.00000   40.00000  20.0%  29.3 6402s
 931736 227233 infeasible   48        50.00000   40.00000  20.0%  29.3 6418s
 932423 227579 infeasible   49        50.00000   40.00000  20.0%  29.3 6432s
 934223 227775     cutoff   53        50.00000   40.00000  20.0%  29.3 6449s
 935301 231062   44.00000   54   14   50.00000   40.00000  20.0%  29.3 6505s
 948158 231075   44.00000   45   25   50.00000   41.00000  18.0%  29.2 6523s
 948181 231313   48.00000   46   16   50.00000   41.00000  18.0%  29.2 6533s
 948958 231356   41.00000   36   26   50.00000   41.00000  18.0%  29.2 6542s
 949251 231475   41.00000   37   23   50.00000   41.00000  18.0%  29.2 6554s
 949877 231508   41.00000   31   26   50.00000   41.00000  18.0%  29.2 6566s
 950031 231538   49.00000   32   24   50.00000   41.00000  18.0%  29.2 6578s
 950156 231997   49.00000   33   17   50.00000   41.00000  18.0%  29.2 6592s
 952646 231998     cutoff   37        50.00000   41.00000  18.0%  29.2 6608s
 952681 232334   49.00000   37   12   50.00000   41.00000  18.0%  29.2 6621s
 953943 232392   44.00000   41   17   50.00000   41.00000  18.0%  29.2 6638s
 954445 232939   45.00000   40   18   50.00000   41.00000  18.0%  29.2 6654s
 957501 233197   46.00000   41   29   50.00000   41.00000  18.0%  29.2 6673s
 958738 237406   47.00000   42   25   50.00000   41.00000  18.0%  29.2 6744s
 976739 237417   41.00000   28   20   50.00000   41.00000  18.0%  29.2 6764s
 976764 237465   41.00000   29   23   50.00000   41.00000  18.0%  29.2 6777s
 976930 237891   45.00000   33   36   50.00000   41.00000  18.0%  29.2 6790s
 978249 237961 infeasible   50        50.00000   41.00000  18.0%  29.1 6799s
 978444 238462 infeasible   32        50.00000   41.00000  18.0%  29.1 6813s
 980405 239268   47.00000   40   22   50.00000   41.00000  18.0%  29.1 6834s
 983947 240788   46.00000   39   23   50.00000   41.00000  18.0%  29.1 6863s
 990414 240790 infeasible   41        50.00000   41.00000  18.0%  29.1 6882s
 990448 240797 infeasible   43        50.00000   41.00000  18.0%  29.1 6897s
 990499 242072 infeasible   44        50.00000   41.00000  18.0%  29.1 6914s
 994875 242074   47.00000   48   20   50.00000   41.00000  18.0%  29.1 6925s
 994908 243034 infeasible   49        50.00000   41.00000  18.0%  29.1 6939s
 998864 243034 infeasible   47        50.00000   41.00000  18.0%  29.1 6940s
 998891 243092   41.00000   40   37   50.00000   41.00000  18.0%  29.1 6952s
 999263 243217   47.00000   51   16   50.00000   41.00000  18.0%  29.1 6965s
 1000089 243565 infeasible   52        50.00000   41.00000  18.0%  29.1 6980s
 1001817 243577   41.00000   41   19   50.00000   41.00000  18.0%  29.1 6985s
 1001946 243884   44.00000   43   17   50.00000   41.00000  18.0%  29.1 7000s
 1003592 244440   47.00000   41   18   50.00000   41.00000  18.0%  29.1 7022s
 1006935 244472 infeasible   41        50.00000   41.00000  18.0%  29.1 7044s
 1007044 245450   41.00000   31   29   50.00000   41.00000  18.0%  29.1 7066s
 1011086 246377   46.00000   36   14   50.00000   41.00000  18.0%  29.1 7089s
 1015777 246460   44.00000   40   24   50.00000   41.00000  18.0%  29.1 7100s
 1016133 247038 infeasible   44        50.00000   41.00000  18.0%  29.1 7121s
 1018723 247508   44.00000   32   20   50.00000   41.00000  18.0%  29.1 7133s
 1020538 248488 infeasible   45        50.00000   41.00000  18.0%  29.1 7159s
 1025316 248530   46.00000   39   21   50.00000   41.00000  18.0%  29.1 7186s
 1025393 251431 infeasible   42        50.00000   41.00000  18.0%  29.1 7260s
 1043411 251454 infeasible   44        50.00000   41.00000  18.0%  29.0 7273s
 1043454 251465 infeasible   45        50.00000   41.00000  18.0%  29.0 7286s
 1043481 252341 infeasible   46        50.00000   41.00000  18.0%  29.0 7298s
 1045746 252350 infeasible   40        50.00000   41.00000  18.0%  29.0 7325s
 1045773 253456 infeasible   41        50.00000   41.00000  18.0%  29.0 7340s
 1050964 253787   41.00000   26   38   50.00000   41.00000  18.0%  29.0 7370s
 1052299 257857   45.00000   27   29   50.00000   41.00000  18.0%  29.0 7444s
 1070317 257867   49.00000   38   27   50.00000   41.00000  18.0%  29.0 7460s
 1070343 257878     cutoff   38        50.00000   41.00000  18.0%  29.0 7472s
 1070386 258317   49.00000   40   26   50.00000   41.00000  18.0%  29.0 7485s
 1072546 258329 infeasible   37        50.00000   41.00000  18.0%  29.0 7504s
 1072570 258849   48.00000   37   25   50.00000   41.00000  18.0%  29.0 7518s
 1074587 259237   46.00000   39   21   50.00000   41.00000  18.0%  29.0 7539s
 1076257 262960   47.00000   40   29   50.00000   41.00000  18.0%  29.0 7614s
 1092938 262962   49.00000   35   24   50.00000   41.00000  18.0%  29.0 7637s
 1092971 263005 infeasible   36        50.00000   41.00000  18.0%  29.0 7648s
 1093173 263225   44.00000   32   18   50.00000   41.00000  18.0%  29.0 7661s
 1094027 263233   44.00000   33   19   50.00000   41.00000  18.0%  29.0 7671s
 1094055 263530   44.00000   34   18   50.00000   41.00000  18.0%  29.0 7686s
 1095542 263533     cutoff   35        50.00000   41.00000  18.0%  29.0 7700s
 1095574 263559   44.00000   42   28   50.00000   41.00000  18.0%  29.0 7711s
 1095691 264132   44.00000   42   25   50.00000   41.00000  18.0%  29.0 7728s
 1098148 264511   44.00000   43   24   50.00000   41.00000  18.0%  29.0 7757s
 1099924 268173   44.00000   44   23   50.00000   41.00000  18.0%  29.0 7795s
 1116441 268181   49.00000   49   24   50.00000   41.00000  18.0%  29.0 7806s
 1116469 268512   49.00000   50   24   50.00000   41.00000  18.0%  29.0 7810s
 1118032 268519   49.00000   67    8   50.00000   41.00000  18.0%  29.0 7816s
 1118061 268818 infeasible   68        50.00000   41.00000  18.0%  29.0 7821s
 1119253 268840   46.00000   44   29   50.00000   41.00000  18.0%  29.0 7830s
 1119358 268893   46.00000   46   21   50.00000   41.00000  18.0%  29.0 7838s
 1119586 268896 infeasible   47        50.00000   41.00000  18.0%  29.0 7848s
 1119745 269224   41.00000   41   34   50.00000   41.00000  18.0%  29.0 7862s
 1121200 269586 infeasible   52        50.00000   41.00000  18.0%  29.0 7887s
 1123450 272320 infeasible   53        50.00000   41.00000  18.0%  29.0 7939s
 1135626 272328   49.00000   44   33   50.00000   41.00000  18.0%  28.9 7973s
 1135654 272794   41.00000   43   37   50.00000   41.00000  18.0%  28.9 7987s
 1137756 272795   47.00000   46   28   50.00000   41.00000  18.0%  29.0 8001s
 1137829 272793     cutoff   48        50.00000   41.00000  18.0%  29.0 8016s
 1137865 273299   46.00000   33   18   50.00000   41.00000  18.0%  29.0 8028s
 1139535 273305   44.00000   39   19   50.00000   41.00000  18.0%  28.9 8045s
 1139565 273671   44.00000   40   19   50.00000   41.00000  18.0%  28.9 8058s
 1141652 273673 infeasible   39        50.00000   41.00000  18.0%  28.9 8074s
 1141686 273992 infeasible   40        50.00000   41.00000  18.0%  28.9 8089s
 1143441 274417     cutoff   62        50.00000   41.00000  18.0%  28.9 8113s
 1145923 275557 infeasible   47        50.00000   41.00000  18.0%  28.9 8144s
 1151701 275559 infeasible   38        50.00000   41.00000  18.0%  28.9 8174s
 1151735 275937   48.00000   38   20   50.00000   41.00000  18.0%  28.9 8187s
 1153701 276707   49.00000   46   26   50.00000   41.00000  18.0%  28.9 8206s
 1157199 276827 infeasible   44        50.00000   41.00000  18.0%  28.9 8224s
 1157679 277237 infeasible   49        50.00000   41.00000  18.0%  28.9 8239s
 1160089 277946 infeasible   37        50.00000   41.00000  18.0%  28.9 8262s
 1162740 277961     cutoff   43        50.00000   41.00000  18.0%  28.9 8290s
 1162771 278435 infeasible   44        50.00000   41.00000  18.0%  28.9 8306s
 1165424 279326   48.00000   33   16   50.00000   41.00000  18.0%  28.9 8337s
 1170322 279358 infeasible   45        50.00000   41.00000  18.0%  28.9 8360s
 1170421 281007   44.00000   46   28   50.00000   41.00000  18.0%  28.9 8385s
 1177166 281013   49.00000   39   27   50.00000   41.00000  18.0%  28.9 8407s
 1177195 281053   49.00000   40   26   50.00000   41.00000  18.0%  28.9 8422s
 1177347 281128   49.00000   45   16   50.00000   41.00000  18.0%  28.9 8436s
 1177831 281209   49.00000   40   15   50.00000   41.00000  18.0%  28.9 8447s
 1178312 281739   44.00000   35   23   50.00000   41.00000  18.0%  28.9 8461s
 1180198 281752   41.00000   28   18   50.00000   41.00000  18.0%  28.9 8478s
 1180221 282210   45.00000   29   18   50.00000   41.00000  18.0%  28.9 8495s
 1183050 282218     cutoff   43        50.00000   41.00000  18.0%  28.9 8522s
 1183085 282589   45.00000   35   34   50.00000   41.00000  18.0%  28.9 8538s
 1185307 282613   41.00000   30   39   50.00000   41.00000  18.0%  28.9 8560s
 1185370 283021 infeasible   41        50.00000   41.00000  18.0%  28.9 8576s
 1187735 283169   41.00000   40   34   50.00000   41.00000  18.0%  28.9 8603s
 1188177 286644 infeasible   47        50.00000   41.00000  18.0%  28.9 8693s
 1206195 286645   46.00000   35   25   50.00000   41.00000  18.0%  28.8 8706s
 1206227 286671   46.00000   36   24   50.00000   41.00000  18.0%  28.8 8723s
 1206286 287243     cutoff   39        50.00000   41.00000  18.0%  28.8 8735s
 1207939 287252   49.00000   40   15   50.00000   41.00000  18.0%  28.8 8758s
 1207974 288411   49.00000   41   14   50.00000   41.00000  18.0%  28.8 8776s
 1213063 288970   44.00000   34   31   50.00000   41.00000  18.0%  28.8 8804s
 1215061 292969 infeasible   45        50.00000   41.00000  18.0%  28.8 8874s
 1231251 292975   46.00000   45   20   50.00000   41.00000  18.0%  28.8 8898s
 1231280 293014 infeasible   46        50.00000   41.00000  18.0%  28.8 8910s
 1231404 293212   48.00000   49   15   50.00000   41.00000  18.0%  28.8 8926s
 1232285 293332   46.00000   40   16   50.00000   41.00000  18.0%  28.8 8933s
 1232766 294102 infeasible   39        50.00000   41.00000  18.0%  28.8 8950s
 1235751 294192 infeasible   46        50.00000   41.00000  18.0%  28.8 8981s
 1236110 298254   43.00000   41   15   50.00000   41.00000  18.0%  28.8 9049s
 1254128 298255   45.00000   40   28   50.00000   41.00000  18.0%  28.8 9084s
 1254163 298703   45.00000   41   23   50.00000   41.00000  18.0%  28.8 9092s
 1255421 298713   47.00000   52   26   50.00000   41.00000  18.0%  28.8 9112s
 1255447 299142   47.00000   53   29   50.00000   41.00000  18.0%  28.8 9123s
 1257230 299146 infeasible   54        50.00000   41.00000  18.0%  28.8 9152s
 1257262 299442 infeasible   54        50.00000   41.00000  18.0%  28.8 9161s
 1258693 299864   47.00000   41   27   50.00000   41.00000  18.0%  28.8 9188s
 1260636 301867   47.00000   46   17   50.00000   41.00000  18.0%  28.8 9234s
 1271304 301879   47.00000   35   19   50.00000   41.00000  18.0%  28.7 9254s
 1271328 301893   47.00000   36   18   50.00000   41.00000  18.0%  28.7 9268s
 1271370 302729   47.00000   38   15   50.00000   41.00000  18.0%  28.7 9285s
 1273747 302757 infeasible   46        50.00000   41.00000  18.0%  28.7 9300s
 1273857 303300 infeasible   46        50.00000   41.00000  18.0%  28.7 9318s
 1276244 303365   49.00000   45   23   50.00000   41.00000  18.0%  28.7 9338s
 1276473 304631 infeasible   46        50.00000   41.00000  18.0%  28.7 9365s
 1282162 304856   49.00000   49   18   50.00000   41.00000  18.0%  28.7 9389s
 1282959 308908   49.00000   68   13   50.00000   41.00000  18.0%  28.7 9471s
 1300977 308914   46.00000   43   15   50.00000   41.00000  18.0%  28.7 9499s
 1301007 308978     cutoff   44        50.00000   41.00000  18.0%  28.7 9509s
 1301348 309049   49.00000   42   23   50.00000   41.00000  18.0%  28.7 9525s
 1301618 309153 infeasible   43        50.00000   41.00000  18.0%  28.7 9534s
 1302098 309180 infeasible   31        50.00000   41.00000  18.0%  28.7 9551s
 1302255 309323     cutoff   44        50.00000   41.00000  18.0%  28.7 9562s
 1303133 309410   46.00000   45   25   50.00000   41.00000  18.0%  28.7 9568s
 1303618 309850   45.00000   42   23   50.00000   41.00000  18.0%  28.7 9583s
 1305884 310236   49.00000   39   15   50.00000   41.00000  18.0%  28.7 9610s
 1307833 311568 infeasible   41        50.00000   41.00000  18.0%  28.7 9663s
 1314952 311607   49.00000   39   18   50.00000   41.00000  18.0%  28.7 9682s
 1315036 313203   41.00000   29   39   50.00000   41.00000  18.0%  28.7 9704s
 1320210 313250   41.00000   27   42   50.00000   41.00000  18.0%  28.7 9722s
 1320311 314108   41.00000   28   41   50.00000   41.00000  18.0%  28.7 9740s
 1324477 314185   46.00000   43   16   50.00000   41.00000  18.0%  28.7 9763s
 1324596 315185   46.00000   44   15   50.00000   41.00000  18.0%  28.7 9782s
 1328501 315196   46.00000   56   17   50.00000   41.00000  18.0%  28.7 9817s
 1328552 318178 infeasible   57        50.00000   41.00000  18.0%  28.7 9897s
 1346570 318227 infeasible   42        50.00000   41.00000  18.0%  28.7 9914s
 1346834 318247   44.00000   43   25   50.00000   41.00000  18.0%  28.7 9929s
 1346883 318982   44.00000   45   28   50.00000   41.00000  18.0%  28.7 9943s
 1349834 319085   46.00000   53   12   50.00000   41.00000  18.0%  28.7 9955s
 1350100 319875   48.00000   47   22   50.00000   41.00000  18.0%  28.7 9970s
 1353534 320280 infeasible   60        50.00000   41.00000  18.0%  28.7 9991s
 1355352 324333     cutoff   43        50.00000   41.00000  18.0%  28.7 10064s
 1357354 324333   46.00000   49    8   50.00000   41.00000  18.0%  28.7 10065s
 1371903 324339   47.00000   46   16   50.00000   41.00000  18.0%  28.6 10086s
 1371933 324613 infeasible   47        50.00000   41.00000  18.0%  28.6 10099s
 1373120 324671   45.00000   43   17   50.00000   41.00000  18.0%  28.6 10112s
 1373265 324680 infeasible   44        50.00000   41.00000  18.0%  28.6 10130s
 1373292 325370   45.00000   45   12   50.00000   41.00000  18.0%  28.6 10144s
 1376335 325842   45.00000   36   32   50.00000   41.00000  18.0%  28.6 10168s
 1378238 330032   45.00000   37   32   50.00000   41.00000  18.0%  28.6 10241s
 1395815 330039   41.00000   43   21   50.00000   41.00000  18.0%  28.6 10259s
 1395843 330053 infeasible   44        50.00000   41.00000  18.0%  28.6 10270s
 1395875 330394 infeasible   45        50.00000   41.00000  18.0%  28.6 10281s
 1397521 330474   46.00000   36   23   50.00000   41.00000  18.0%  28.6 10292s
 1398001 332040 infeasible   43        50.00000   41.00000  18.0%  28.6 10327s
 1404911 332038   41.00000   35   32   50.00000   41.00000  18.0%  28.6 10346s
 1404949 332266   42.00000   36   27   50.00000   41.00000  18.0%  28.6 10360s
 1406026 332329   49.00000   32   25   50.00000   41.00000  18.0%  28.6 10376s
 1406280 332604   49.00000   34   24   50.00000   41.00000  18.0%  28.6 10392s
 1407422 332681   49.00000   34   24   50.00000   41.00000  18.0%  28.6 10407s
 1407917 333505   49.00000   35   24   50.00000   41.00000  18.0%  28.6 10433s
 1411856 333509   47.00000   44   25   50.00000   41.00000  18.0%  28.6 10472s
 1411886 334189 infeasible   45        50.00000   41.00000  18.0%  28.6 10488s
 1414427 334224   41.00000   48   13   50.00000   41.00000  18.0%  28.6 10504s
 1414631 335458   49.00000   60    6   50.00000   41.00000  18.0%  28.6 10533s
 1421051 335520 infeasible   46        50.00000   41.00000  18.0%  28.6 10569s
 1421516 338518 infeasible   46        50.00000   41.00000  18.0%  28.6 10648s
 1439534 338525 infeasible   46        50.00000   41.00000  18.0%  28.6 10677s
 1439563 338923 infeasible   47        50.00000   41.00000  18.0%  28.6 10693s
 1441241 338927 infeasible   54        50.00000   41.00000  18.0%  28.6 10709s
 1441273 339886 infeasible   49        50.00000   41.00000  18.0%  28.6 10728s
 1445339 339898     cutoff   36        50.00000   41.00000  18.0%  28.6 10763s
 1445373 342027     cutoff   37        50.00000   41.00000  18.0%  28.6 10800s

Cutting planes:
  Learned: 106
  Gomory: 25
  Cover: 3
  MIR: 317
  Flow cover: 731
  RLT: 61
  Relax-and-lift: 5

Explored 1454520 nodes (41554425 simplex iterations) in 10801.13 seconds (1299.34 work units)
Thread count was 18 (of 36 available processors)

Solution count 10: 50 50 51 ... 59

Time limit reached
Best objective 4.999999999490e+01, best bound 4.100000000000e+01, gap 18.0000%
