
Gurobi 11.0.0 (win64) logging started Thu May  9 00:49:10 2024

Set parameter LogFile to value "./Results/StripPacking-CutHeurRuns/Logs/SBM-011-StripPacking-25.log"
Set parameter TimeLimit to value 10800
Set parameter Cuts to value 0
Set parameter Presolve to value 1
Set parameter Heuristics to value 1
Set parameter LPWarmStart to value 2
Gurobi Optimizer version 11.0.0 build v11.0.0rc2 (win64 - Windows 10.0 (19045.2))

CPU model: Intel(R) Core(TM) i9-10980XE CPU @ 3.00GHz, instruction set [SSE2|AVX|AVX2|AVX512]
Thread count: 18 physical cores, 36 logical processors, using up to 18 threads

Optimize a model with 5425 rows, 951 columns and 16250 nonzeros
Model fingerprint: 0x0996574c
Variable types: 351 continuous, 600 integer (600 binary)
Coefficient statistics:
  Matrix range     [1e+00, 1e+04]
  Objective range  [1e+00, 1e+00]
  Bounds range     [1e+00, 1e+04]
  RHS range        [1e+00, 1e+04]

Warning: Completing partial solution with 600 unfixed non-continuous variables out of 600
User MIP start produced solution with objective 102.2 (0.05s)
Loaded user MIP start with objective 102.2

Presolve removed 1500 rows and 0 columns
Presolve time: 0.03s
Presolved: 3925 rows, 951 columns, 12350 nonzeros
Variable types: 351 continuous, 600 integer (600 binary)

Root relaxation: objective 3.500000e+01, 493 iterations, 0.02 seconds (0.02 work units)

    Nodes    |    Current Node    |     Objective Bounds      |     Work
 Expl Unexpl |  Obj  Depth IntInf | Incumbent    BestBd   Gap | It/Node Time

     0     0   35.00000    0   85  102.20000   35.00000  65.8%     -    0s
     0     0   35.00000    0   85  102.20000   35.00000  65.8%     -    0s
H    0     0                      98.0000000   35.00000  64.3%     -    0s
     0     2   35.00000    0   85   98.00000   35.00000  64.3%     -    0s
H   86   104                      97.0000000   35.00000  63.9%  38.1    1s
   103   122   35.00000    9   89   97.00000   35.00000  63.9%  35.7   10s
H  114   122                      93.0000000   35.00000  62.4%  34.0   10s
H  157   194                      92.0000000   35.00000  62.0%  32.0   11s
H  161   194                      91.0000000   35.00000  61.5%  32.2   11s
H  409   428                      90.0000000   35.00000  61.1%  25.1   26s
H  410   428                      89.0000000   35.00000  60.7%  25.1   26s
   427   453   35.00000   24  128   89.00000   35.00000  60.7%  24.7   45s
H  436   453                      88.0000000   35.00000  60.2%  25.8   45s
H  441   453                      87.0000000   35.00000  59.8%  25.8   45s
H  452   739                      86.0000000   35.00000  59.3%  25.9   52s
H  558   739                      85.0000000   35.00000  58.8%  25.5   52s
H  658   739                      83.0000000   35.00000  57.8%  26.9   52s
H  738  1050                      82.0000000   35.00000  57.3%  25.7   63s
H  766  1050                      81.0000000   35.00000  56.8%  26.1   63s
  1063  1326   45.00000   48  103   81.00000   35.00000  56.8%  25.0   75s
H 1273  1326                      81.0000000   35.00000  56.8%  22.5   75s
  1473  2735   45.00000   48   95   81.00000   35.00000  56.8%  22.3   89s
  3113  2753   49.00000  101  117   81.00000   35.00000  56.8%  23.9  107s
  3131  3614   49.00000  102  121   81.00000   35.00000  56.8%  24.0  122s
  4307  3949   73.00000  124  115   81.00000   35.00000  56.8%  24.5  128s
  4781  3980   35.00000   14   79   81.00000   35.00000  56.8%  24.9  130s
  4869  4040   35.00000   17   84   81.00000   35.00000  56.8%  24.8  139s
  4923  4093   37.00000   19   86   81.00000   35.00000  56.8%  24.8  157s
  4958  4100   35.00000   20   87   81.00000   35.00000  56.8%  24.8  174s
  4976  4211   35.00000   20   85   81.00000   35.00000  56.8%  24.7  176s
  5289  4585   62.00000   27   61   81.00000   35.00000  56.8%  25.0  180s
  5573  4509   35.00000   34  103   81.00000   35.00000  56.8%  26.1  196s
  6017  5142   66.00000   44  100   81.00000   35.00000  56.8%  27.3  205s
  6421  5054   50.00000   55   98   81.00000   35.00000  56.8%  28.0  220s
  6982  5336   62.00000   67   83   81.00000   35.00000  56.8%  28.5  237s
  7521  5549   63.00000   85   68   81.00000   35.00000  56.8%  28.6  255s
  7540  5559   63.00000   86   68   81.00000   35.00000  56.8%  28.6  260s
  8469  5861 infeasible  109        81.00000   35.00000  56.8%  28.9  280s
  9075  6110     cutoff   59        81.00000   35.00000  56.8%  29.0  298s
  9097  6585 infeasible   59        81.00000   35.00000  56.8%  29.0  301s
  9755  6398   35.00000   29   94   81.00000   35.00000  56.8%  29.2  312s
  9791  6601   36.00000   30   95   81.00000   35.00000  56.8%  29.2  317s
 10045  6530   56.00000   44   82   81.00000   35.00000  56.8%  29.3  328s
 10067  7145   56.00000   45   80   81.00000   35.00000  56.8%  29.3  331s
 10914  6876 infeasible   75        81.00000   35.00000  56.8%  29.2  343s
 10935  7781 infeasible   76        81.00000   35.00000  56.8%  29.1  350s
 12210  8008   80.00000   64   27   81.00000   35.00000  56.8%  29.0  358s
 13096  7728 infeasible   58        81.00000   35.00000  56.8%  29.1  371s
 13116  8849   80.00000   59   33   81.00000   35.00000  56.8%  29.0  380s
 14630  8359   67.00000   75   74   81.00000   35.00000  56.8%  29.9  395s
 14652  8851   67.00000   76   73   81.00000   35.00000  56.8%  29.9  405s
 15200  8687   69.00000   79   74   81.00000   35.00000  56.8%  30.2  419s
 15218  8700   67.00000   81   71   81.00000   35.00000  56.8%  30.2  432s
 15239  8714   76.00000   82   72   81.00000   35.00000  56.8%  30.2  443s
 15260  8725     cutoff   80        81.00000   35.00000  56.8%  30.3  456s
 15280  9270   74.00000   81   66   81.00000   35.00000  56.8%  30.3  472s
 15966  9057   79.00000   94   39   81.00000   35.00000  56.8%  30.4  489s
 15986  9536   79.00000   95   39   81.00000   35.00000  56.8%  30.4  492s
 16668  9337   40.00000   27   87   81.00000   35.00000  56.8%  30.4  507s
 16690  9385   40.00000   28   87   81.00000   35.00000  56.8%  30.4  518s
 16758  9699   40.00000   29   87   81.00000   35.00000  56.8%  30.4  531s
 17356  9710   53.00000   62  133   81.00000   35.00000  56.8%  30.5  547s
 17383 10339   53.00000   63  139   81.00000   35.00000  56.8%  30.5  563s
*17679  9431             129      80.0000000   35.00000  56.3%  30.4  563s
 18422  9285   35.00000   33  153   80.00000   35.00000  56.3%  30.4  584s
 18460 10270   35.00000   34  163   80.00000   35.00000  56.3%  30.4  599s
 19589 10270   78.00000   73   55   80.00000   35.00000  56.3%  30.5  600s
 19841 10357   48.00000   49   46   80.00000   35.00000  56.3%  30.5  622s
 19954 10908   49.00000   50   64   80.00000   35.00000  56.3%  30.5  637s
 20814 12340   49.00000   51   71   80.00000   35.00000  56.3%  30.7  662s
 22893 14563   66.00000   49   48   80.00000   35.00000  56.3%  30.7  704s
H23071 14563                      80.0000000   35.00000  56.2%  30.7  704s
 26066 15542 infeasible   77        80.00000   35.00000  56.2%  30.8  736s
 27566 15953   54.00000   55  130   80.00000   35.00000  56.2%  31.1  760s
 28143 17512   54.00000   56  137   80.00000   35.00000  56.2%  31.3  793s
 30337 20644   67.00000   83   97   80.00000   35.00000  56.2%  31.1  833s
 34863 21032   52.00000   48   85   80.00000   35.00000  56.2%  31.3  862s
 35448 22780   57.00000   50   88   80.00000   35.00000  56.2%  31.3  890s
 38045 22796   76.00000   55   69   80.00000   35.00000  56.2%  31.3  914s
 38068 24131   76.00000   56   69   80.00000   35.00000  56.2%  31.3  937s
 39771 24151 infeasible  111        80.00000   35.00000  56.2%  31.4  965s
 39797 25435 infeasible  112        80.00000   35.00000  56.2%  31.4  986s
 41479 27591   47.00000   44   95   80.00000   35.00000  56.2%  31.6 1029s
 44624 38947   78.00000   77   31   80.00000   35.00000  56.2%  31.7 1164s
 60841 38960   51.00000   44   57   80.00000   35.00000  56.2%  32.3 1201s
 60864 39458   51.00000   45   58   80.00000   35.00000  56.2%  32.3 1216s
 61743 39469   78.00000   95   27   80.00000   35.00000  56.2%  32.3 1256s
 61768 40633   78.00000   96   26   80.00000   35.00000  56.2%  32.3 1282s
 63595 40853   78.00000   66   33   80.00000   35.00000  56.2%  32.2 1297s
 63931 41207   36.00000   27  133   80.00000   35.00000  56.2%  32.2 1313s
 64421 42258   36.00000   28  148   80.00000   35.00000  56.2%  32.2 1340s
 65898 42272   79.00000  102   40   80.00000   35.00000  56.2%  32.3 1363s
 65920 43462   79.00000  103   38   80.00000   35.00000  56.2%  32.3 1391s
 67487 49805   78.00000   67   20   80.00000   35.00000  56.2%  32.4 1472s
 76890 50532   55.00000   56  120   80.00000   35.00000  56.2%  32.4 1492s
 77901 51134   55.00000   57  118   80.00000   35.00000  56.2%  32.3 1507s
 78803 52304   78.00000   84   71   80.00000   35.00000  56.2%  32.3 1532s
 80428 52317   55.00000   52  109   80.00000   35.00000  56.2%  32.3 1572s
 80450 53704   55.00000   53  112   80.00000   35.00000  56.2%  32.3 1596s
 82424 54507   61.00000   53  104   80.00000   35.00000  56.2%  32.4 1616s
 83509 57961   58.00000   43   81   80.00000   35.00000  56.2%  32.5 1661s
 88576 58127   40.00000   29   89   80.00000   35.00000  56.2%  32.6 1687s
 88859 59075   61.00000   47   68   80.00000   35.00000  56.2%  32.5 1738s
 90339 64306   78.00000   99   52   80.00000   35.00000  56.2%  32.5 1812s
 98012 64961   51.00000   33  109   80.00000   35.00000  56.2%  32.5 1832s
 98924 65978   51.00000   34  108   80.00000   35.00000  56.2%  32.5 1859s
 100356 67167   78.00000   64   57   80.00000   35.00000  56.2%  32.5 1907s
 102221 68419 infeasible  102        80.00000   35.00000  56.2%  32.5 1941s
 104049 71372 infeasible  106        80.00000   35.00000  56.2%  32.5 1980s
 108346 71385   79.00000   65   58   80.00000   35.00000  56.2%  32.6 2019s
 108375 73090     cutoff   66        80.00000   35.00000  56.2%  32.6 2046s
 110847 74441 infeasible   85        80.00000   35.00000  56.2%  32.6 2076s
 112654 82700     cutoff   95        80.00000   35.00000  56.2%  32.6 2177s
 124530 82725   72.00000   60   74   80.00000   35.00000  56.2%  32.9 2224s
 124563 83462   72.00000   61   70   80.00000   35.00000  56.2%  32.9 2233s
 125646 83560   37.00000   38  165   80.00000   35.00000  56.2%  32.9 2258s
 125772 84713   39.00000   39  157   80.00000   35.00000  56.2%  32.9 2286s
 127560 84724   35.00000   31  107   80.00000   35.00000  56.2%  33.0 2307s
 127585 85639   35.00000   32  106   80.00000   35.00000  56.2%  33.0 2327s
 129044 85909   53.00000   45   90   80.00000   35.00000  56.2%  33.0 2340s
 129425 86359   53.00000   46   90   80.00000   35.00000  56.2%  33.0 2355s
 130169 87984   56.00000   47   85   80.00000   35.00000  56.2%  33.0 2389s
 131034 87984   35.00000   40  119   80.00000   35.00000  56.2%  33.0 2390s
 132531 89006   79.00000   93   40   80.00000   35.00000  56.2%  33.0 2410s
 134022 89035   79.00000   84   34   80.00000   35.00000  56.2%  33.0 2436s
 134091 90563   37.00000   31  125   80.00000   35.00000  56.2%  33.0 2456s
 136239 92865   37.00000   36  121   80.00000   35.00000  56.2%  33.0 2497s
 139799 97784   69.00000   71   91   80.00000   35.00000  56.2%  33.1 2556s
 147124 97828 infeasible   77        80.00000   35.00000  56.2%  33.2 2587s
 147207 99508 infeasible   78        80.00000   35.00000  56.2%  33.2 2609s
 149726 99515   77.00000   92   55   80.00000   35.00000  56.2%  33.1 2637s
 149755 101584   77.00000   93   55   80.00000   35.00000  56.2%  33.1 2663s
 152774 101629   54.00000   57  100   80.00000   35.00000  56.2%  33.1 2691s
 152835 104331   54.00000   58   99   80.00000   35.00000  56.2%  33.2 2725s
 156891 104412   45.00000   59  108   80.00000   35.00000  56.2%  33.1 2741s
 157054 104741   45.00000   60  107   80.00000   35.00000  56.2%  33.1 2762s
 157527 104764   45.00000   61  114   80.00000   35.00000  56.2%  33.1 2786s
 157571 105600   45.00000   63  117   80.00000   35.00000  56.2%  33.1 2805s
 158671 109388   79.00000  110   34   80.00000   35.00000  56.2%  33.2 2861s
 164136 110774   45.00000   39   80   80.00000   35.00000  56.2%  33.2 2889s
 166283 110774   49.00000   48   92   80.00000   35.00000  56.2%  33.1 2890s
 166284 112143   35.00000   48  140   80.00000   35.00000  56.2%  33.1 2918s
 168166 113741   62.00000   81   74   80.00000   35.00000  56.2%  33.2 2945s
 170521 114357   61.00000   59   98   80.00000   35.00000  56.2%  33.2 2971s
 171490 117510   61.00000   60   82   80.00000   35.00000  56.2%  33.2 3011s
 176035 117929   48.00000   50   84   80.00000   35.00000  56.2%  33.2 3037s
 176661 120591   68.00000   63   46   80.00000   35.00000  56.2%  33.2 3073s
 180460 120626   55.00000   55  104   80.00000   35.00000  56.2%  33.3 3111s
 180509 132949   55.00000   56  104   80.00000   35.00000  56.2%  33.3 3258s
 197526 132949   62.00000   42   79   80.00000   35.00000  56.2%  33.4 3261s
 198527 133109 infeasible  110        80.00000   35.00000  56.2%  33.4 3289s
 198781 134332   48.00000   53   87   80.00000   35.00000  56.2%  33.4 3317s
 200604 134548   79.00000  102   27   80.00000   35.00000  56.2%  33.4 3331s
 200994 135048   79.00000  103   27   80.00000   35.00000  56.2%  33.4 3345s
 201732 136896   60.00000   48   77   80.00000   35.00000  56.2%  33.4 3369s
 204618 140475   73.00000   71   77   80.00000   35.00000  56.2%  33.4 3424s
 208902 140475   78.00000   65   30   80.00000   35.00000  56.2%  33.4 3425s
 209909 142867   50.00000   51  108   80.00000   35.00000  56.2%  33.4 3456s
 213447 142939   74.00000   78   88   80.00000   35.00000  56.2%  33.4 3476s
 213571 143937   74.00000   79   88   80.00000   35.00000  56.2%  33.4 3516s
 214962 144705   63.00000   68  104   80.00000   35.00000  56.2%  33.4 3537s
 216058 147978   62.00000   62   87   80.00000   35.00000  56.2%  33.4 3570s
 220951 147991 infeasible   88        80.00000   35.00000  56.2%  33.4 3618s
 220974 150465 infeasible   88        80.00000   35.00000  56.2%  33.4 3655s
 224895 150480   79.00000   89   27   80.00000   35.00000  56.2%  33.4 3686s
 224919 152719     cutoff   90        80.00000   35.00000  56.2%  33.4 3716s
 228329 154976     cutoff   72        80.00000   35.00000  56.2%  33.4 3762s
 231898 160490 infeasible   87        80.00000   35.00000  56.2%  33.4 3825s
 240179 160506   37.00000   32  157   80.00000   35.00000  56.2%  33.4 3867s
 240199 162111   37.00000   33  159   80.00000   35.00000  56.2%  33.4 3893s
 242629 162125 infeasible   90        80.00000   35.00000  56.2%  33.4 3924s
 242651 163597   79.00000   90   48   80.00000   35.00000  56.2%  33.4 3946s
 244877 163610   35.00000   56  137   80.00000   35.00000  56.2%  33.4 3974s
 244900 165374   35.00000   57  139   80.00000   35.00000  56.2%  33.4 3996s
 247527 165440   73.00000  103   64   80.00000   35.00000  56.2%  33.5 4012s
 247605 166550   76.00000  112   63   80.00000   35.00000  56.2%  33.5 4030s
 249286 167009   61.00000   50   78   80.00000   35.00000  56.2%  33.5 4051s
 249997 172530   61.00000   51   78   80.00000   35.00000  56.2%  33.5 4118s
 258350 172792   79.00000   90   28   80.00000   35.00000  56.2%  33.5 4140s
 258713 172999   51.00000   45   98   80.00000   35.00000  56.2%  33.5 4160s
 259078 173011   55.00000   46   93   80.00000   35.00000  56.2%  33.5 4183s
 259102 174060   55.00000   47   94   80.00000   35.00000  56.2%  33.5 4210s
 260757 174070   66.00000   69   79   80.00000   35.00000  56.2%  33.5 4234s
 260783 175665   66.00000   70   77   80.00000   35.00000  56.2%  33.5 4261s
 263191 175702   72.00000   77   86   80.00000   35.00000  56.2%  33.5 4288s
 263242 177900   72.00000   78   86   80.00000   35.00000  56.2%  33.5 4319s
 266714 177911   79.00000   92   38   80.00000   35.00000  56.2%  33.5 4358s
 266743 179097   79.00000   93   38   80.00000   35.00000  56.2%  33.5 4390s
 268610 179683   78.00000   56   44   80.00000   35.00000  56.2%  33.6 4406s
 269544 180917   64.00000   54  104   80.00000   35.00000  56.2%  33.6 4428s
 271372 180935 infeasible   97        80.00000   35.00000  56.2%  33.6 4456s
 271398 182143 infeasible   96        80.00000   35.00000  56.2%  33.6 4471s
 273006 184082   78.00000   84   29   80.00000   35.00000  56.2%  33.6 4517s
H275780 163966                      79.0000000   35.00000  55.7%  33.7 4517s
 275875 170441     cutoff   87        79.00000   35.00000  55.7%  33.7 4605s
 285817 170703   78.00000   75   65   79.00000   35.00000  55.7%  33.8 4637s
 286269 171855   78.00000   76   64   79.00000   35.00000  55.7%  33.8 4663s
 288092 172369   38.00000   36  154   79.00000   35.00000  55.7%  33.8 4681s
 288918 173134   74.00000   66   86   79.00000   35.00000  55.7%  33.8 4696s
H289411 173117                      79.0000000   35.00000  55.7%  33.8 4696s
 290010 173360   74.00000   67   87   79.00000   35.00000  55.7%  33.8 4742s
 290435 173608   74.00000   68   90   79.00000   35.00000  55.7%  33.8 4766s
 290761 176289   78.00000   87   60   79.00000   35.00000  55.7%  33.8 4808s
 294914 177561   75.00000   73   80   79.00000   35.00000  55.7%  33.8 4843s
 296739 189101   75.00000   74   79   79.00000   35.00000  55.7%  33.8 4990s
 313981 189199   73.00000   42   73   79.00000   35.00000  55.7%  33.9 5032s
 314138 190034   75.00000   43   84   79.00000   35.00000  55.7%  33.9 5062s
 315357 190048   74.00000   57   66   79.00000   35.00000  55.7%  33.9 5105s
 315379 191608   74.00000   58   69   79.00000   35.00000  55.7%  33.9 5132s
 317785 193512 infeasible   97        79.00000   35.00000  55.7%  33.9 5175s
 320724 200070   74.00000   80   44   79.00000   35.00000  55.7%  33.9 5256s
 331003 200082   77.00000   88   46   79.00000   35.00000  55.7%  33.9 5308s
 331027 201298   77.00000   89   46   79.00000   35.00000  55.7%  33.9 5334s
 332902 201313   73.00000   99   73   79.00000   35.00000  55.7%  33.9 5355s
 332939 202136   73.00000  100   74   79.00000   35.00000  55.7%  33.9 5393s
 334209 202302 infeasible  104        79.00000   35.00000  55.7%  33.9 5409s
 334443 203674 infeasible  104        79.00000   35.00000  55.7%  33.9 5434s
 336488 203881     cutoff   95        79.00000   35.00000  55.7%  33.9 5466s
 336801 205111   48.00000   29   98   79.00000   35.00000  55.7%  33.9 5523s
 338631 205894   54.00000   42   93   79.00000   35.00000  55.7%  33.9 5548s
 339886 211706   54.00000   43   92   79.00000   35.00000  55.7%  33.9 5626s
 348787 211720   46.00000   63   91   79.00000   35.00000  55.7%  33.9 5665s
 348809 212462   55.00000   63   73   79.00000   35.00000  55.7%  33.9 5693s
 349939 212478   77.00000   88   30   79.00000   35.00000  55.7%  33.9 5732s
 349959 214021   66.00000   89   35   79.00000   35.00000  55.7%  33.9 5760s
 352431 214035   77.00000   88   57   79.00000   35.00000  55.7%  33.9 5795s
 352455 215570   77.00000   89   54   79.00000   35.00000  55.7%  33.9 5822s
 354729 215581   78.00000   90   59   79.00000   35.00000  55.7%  33.9 5854s
 354754 216945   78.00000   91   62   79.00000   35.00000  55.7%  33.9 5881s
 356937 216962   75.00000   64   62   79.00000   35.00000  55.7%  33.9 5914s
 356956 219006   75.00000   65   62   79.00000   35.00000  55.7%  33.9 5946s
 360237 219019 infeasible   81        79.00000   35.00000  55.7%  33.9 5982s
 360260 220333 infeasible   82        79.00000   35.00000  55.7%  33.9 6009s
 362174 221819   78.00000  104   28   79.00000   35.00000  55.7%  33.9 6052s
 364664 230066     cutoff  108        79.00000   35.00000  55.7%  33.9 6161s
 377300 230081   78.00000   78   47   79.00000   35.00000  55.7%  34.0 6226s
 377321 231504   78.00000   79   46   79.00000   35.00000  55.7%  34.0 6254s
 379565 231518   76.00000  121   28   79.00000   35.00000  55.7%  34.0 6275s
 379587 233143 infeasible  122        79.00000   35.00000  55.7%  34.0 6302s
 382199 233158   70.00000   62   87   79.00000   35.00000  55.7%  34.0 6326s
 382220 234401   54.00000   62   95   79.00000   35.00000  55.7%  34.0 6362s
 384118 236145   78.00000  101   33   79.00000   35.00000  55.7%  34.0 6407s
 386645 244663   57.00000   60   92   79.00000   35.00000  55.7%  34.0 6522s
H388253 214606                      78.0000000   35.00000  55.1%  34.0 6522s
 399903 213321   77.00000   80   62   78.00000   35.00000  55.1%  34.1 6569s
 399961 214649   77.00000   82   61   78.00000   35.00000  55.1%  34.1 6595s
 402066 214859   76.00000  110   62   78.00000   35.00000  55.1%  34.1 6613s
 402385 214992 infeasible  111        78.00000   35.00000  55.1%  34.1 6634s
H402568 214989                      78.0000000   35.00000  55.1%  34.1 6634s
 402628 214997 infeasible  112        78.00000   35.00000  55.1%  34.1 6661s
 402656 215811   76.00000  111   60   78.00000   35.00000  55.1%  34.1 6687s
 403913 215824   77.00000   65   84   78.00000   35.00000  55.1%  34.1 6715s
 403935 216985 infeasible   66        78.00000   35.00000  55.1%  34.1 6731s
 405535 217594   75.00000   92   51   78.00000   35.00000  55.1%  34.1 6755s
 406492 223700   75.00000   93   52   78.00000   35.00000  55.1%  34.2 6845s
 416098 223710     cutoff   70        78.00000   35.00000  55.1%  34.2 6882s
 416124 224249   37.00000   49  118   78.00000   35.00000  55.1%  34.2 6900s
 416936 224274   77.00000   90   28   78.00000   35.00000  55.1%  34.2 6932s
 416985 225829   77.00000   91   26   78.00000   35.00000  55.1%  34.2 6961s
 419258 225843   72.00000   82   48   78.00000   35.00000  55.1%  34.2 6980s
 419280 227171   72.00000   82   46   78.00000   35.00000  55.1%  34.2 7008s
 421274 227337   71.00000   64   45   78.00000   35.00000  55.1%  34.2 7029s
 421551 228058   37.00000   34  127   78.00000   35.00000  55.1%  34.2 7049s
 422776 228526   37.00000   35  127   78.00000   35.00000  55.1%  34.2 7074s
 423543 228705   76.00000   43   73   78.00000   35.00000  55.1%  34.2 7113s
 423872 228760   50.00000   37   88   78.00000   35.00000  55.1%  34.2 7149s
 423955 230693   50.00000   38   88   78.00000   35.00000  55.1%  34.2 7173s
 426932 231503   62.00000   55  114   78.00000   35.00000  55.1%  34.3 7200s
 428248 238812   35.00000   31  113   78.00000   35.00000  55.1%  34.3 7302s
 439816 238826   62.00000   54   90   78.00000   35.00000  55.1%  34.3 7360s
 439838 240142   62.00000   55   91   78.00000   35.00000  55.1%  34.3 7388s
 441756 240160   58.00000   76   84   78.00000   35.00000  55.1%  34.3 7404s
 441774 241335   59.00000   77   85   78.00000   35.00000  55.1%  34.3 7428s
 443445 241353   76.00000  119   36   78.00000   35.00000  55.1%  34.3 7444s
 443463 242536 infeasible  120        78.00000   35.00000  55.1%  34.3 7471s
 445622 242546   61.00000   46   82   78.00000   35.00000  55.1%  34.3 7498s
 445648 243784   61.00000   47   80   78.00000   35.00000  55.1%  34.3 7528s
 447556 243827   37.00000   51  148   78.00000   35.00000  55.1%  34.3 7550s
 447609 245199   37.00000   52  143   78.00000   35.00000  55.1%  34.3 7576s
 449665 245240   61.00000   59   80   78.00000   35.00000  55.1%  34.3 7610s
 449732 246194   39.00000   62  115   78.00000   35.00000  55.1%  34.3 7634s
 451286 248486   77.00000   58   83   78.00000   35.00000  55.1%  34.4 7690s
 454757 249878   54.00000   50  111   78.00000   35.00000  55.1%  34.4 7757s
 457023 250471 infeasible  104        78.00000   35.00000  55.1%  34.4 7793s
 458031 257468   69.00000   65   87   78.00000   35.00000  55.1%  34.4 7899s
 469345 257585   73.00000   62   64   78.00000   35.00000  55.1%  34.4 7939s
 469511 258577   73.00000   63   66   78.00000   35.00000  55.1%  34.4 7992s
 471117 258830   70.00000   66   79   78.00000   35.00000  55.1%  34.4 8011s
 471489 261649   70.00000   70   70   78.00000   35.00000  55.1%  34.4 8050s
 475757 264193   55.00000   46   93   78.00000   35.00000  55.1%  34.4 8101s
 479849 267620 infeasible   66        78.00000   35.00000  55.1%  34.5 8150s
 485265 267632   77.00000  124   44   78.00000   35.00000  55.1%  34.5 8185s
 485289 269442   77.00000  125   45   78.00000   35.00000  55.1%  34.5 8216s
 488145 269478 infeasible   49        78.00000   35.00000  55.1%  34.5 8240s
 488211 271506   75.00000   51   70   78.00000   35.00000  55.1%  34.5 8274s
 491399 271534   75.00000   67   39   78.00000   35.00000  55.1%  34.5 8293s
 491437 271904 infeasible   70        78.00000   35.00000  55.1%  34.5 8322s
 491994 271917 infeasible   82        78.00000   35.00000  55.1%  34.5 8366s
 492017 273304 infeasible   84        78.00000   35.00000  55.1%  34.5 8393s
 494030 273965   76.00000  111   43   78.00000   35.00000  55.1%  34.5 8421s
 494928 276011   75.00000   88   66   78.00000   35.00000  55.1%  34.5 8460s
 498158 278909   76.00000   76   64   78.00000   35.00000  55.1%  34.6 8508s
 502657 280737   75.00000   51  102   78.00000   35.00000  55.1%  34.6 8544s
 505531 280755   51.00000   45   96   78.00000   35.00000  55.1%  34.5 8594s
 505556 283227   51.00000   45  100   78.00000   35.00000  55.1%  34.5 8636s
 509291 283776   76.00000  106   38   78.00000   35.00000  55.1%  34.5 8657s
 510249 285486   60.00000   56  104   78.00000   35.00000  55.1%  34.5 8689s
 512783 285720   69.00000   66   73   78.00000   35.00000  55.1%  34.5 8716s
 513143 286846   76.00000   76   33   78.00000   35.00000  55.1%  34.5 8774s
 514812 288044 infeasible   81        78.00000   35.00000  55.1%  34.6 8802s
 516493 291985 infeasible   78        78.00000   35.00000  55.1%  34.6 8864s
 521640 291985   75.00000   86   34   78.00000   35.00000  55.1%  34.6 8865s
 522767 294308   39.00000   38   91   78.00000   35.00000  55.1%  34.6 8913s
 526329 295441   71.00000   61   71   78.00000   35.00000  55.1%  34.6 8966s
 528193 297678   57.00000   48   66   78.00000   35.00000  55.1%  34.6 9014s
 531763 301086   73.00000   67   71   78.00000   35.00000  55.1%  34.6 9059s
 534457 301086   56.00000   50   77   78.00000   35.00000  55.1%  34.6 9060s
 536886 301098   54.00000   65  101   78.00000   35.00000  55.1%  34.6 9103s
 536909 303536   54.00000   65  108   78.00000   35.00000  55.1%  34.6 9146s
 540758 304590   54.00000   30   88   78.00000   35.00000  55.1%  34.6 9177s
 542377 306523   46.00000   54  136   78.00000   35.00000  55.1%  34.6 9215s
 545410 310874   73.00000   63   77   78.00000   35.00000  55.1%  34.6 9278s
 552360 311548   72.00000   76   73   78.00000   35.00000  55.1%  34.6 9317s
 553364 312063   73.00000  111   54   78.00000   35.00000  55.1%  34.6 9332s
 554083 312503   62.00000   81   90   78.00000   35.00000  55.1%  34.6 9363s
 554667 313253   62.00000   95   89   78.00000   35.00000  55.1%  34.6 9392s
 555803 314286   72.00000   41   81   78.00000   35.00000  55.1%  34.6 9441s
 557390 315407   76.00000   66   48   78.00000   35.00000  55.1%  34.6 9476s
 559148 318371 infeasible   77        78.00000   35.00000  55.1%  34.6 9525s
 563744 318811   55.00000   47   75   78.00000   35.00000  55.1%  34.6 9559s
 564427 320149   70.00000   47   77   78.00000   35.00000  55.1%  34.6 9616s
 566417 321554   73.00000   88   46   78.00000   35.00000  55.1%  34.6 9656s
 568607 325991 infeasible   90        78.00000   35.00000  55.1%  34.7 9725s
 575439 326007   64.00000   61   78   78.00000   35.00000  55.1%  34.7 9770s
 575463 327487   64.00000   62   77   78.00000   35.00000  55.1%  34.7 9802s
 577608 327595   68.00000   60   40   78.00000   35.00000  55.1%  34.7 9827s
 577766 329062   70.00000   61   38   78.00000   35.00000  55.1%  34.7 9854s
 580143 329077   48.00000   36   52   78.00000   35.00000  55.1%  34.7 9880s
 580166 330743   48.00000   37   48   78.00000   35.00000  55.1%  34.6 9916s
 582794 331169   77.00000   73   57   78.00000   35.00000  55.1%  34.7 9948s
 583427 332886   77.00000   74   58   78.00000   35.00000  55.1%  34.7 9982s
 585842 333273   77.00000  112   75   78.00000   35.00000  55.1%  34.7 10012s
 586479 335274   77.00000  106   38   78.00000   35.00000  55.1%  34.7 10053s
 589650 335285   72.00000  112   56   78.00000   35.00000  55.1%  34.7 10083s
 589675 336047 infeasible  113        78.00000   35.00000  55.1%  34.7 10105s
 590753 337846   73.00000   91   70   78.00000   35.00000  55.1%  34.7 10150s
 593656 342635   73.00000   92   63   78.00000   35.00000  55.1%  34.7 10222s
 601128 342955   57.00000   65   78   78.00000   35.00000  55.1%  34.7 10253s
 601622 343724   57.00000   66   81   78.00000   35.00000  55.1%  34.7 10296s
 602713 344470   73.00000   93   60   78.00000   35.00000  55.1%  34.7 10316s
 603956 345832 infeasible   74        78.00000   35.00000  55.1%  34.7 10346s
 606046 345847   77.00000   94   50   78.00000   35.00000  55.1%  34.7 10375s
 606075 348494 infeasible   95        78.00000   35.00000  55.1%  34.7 10418s
 610213 348761   76.00000   83   65   78.00000   35.00000  55.1%  34.7 10449s
 610618 351650 infeasible   84        78.00000   35.00000  55.1%  34.7 10496s
 615136 354176   72.00000   62   42   78.00000   35.00000  55.1%  34.7 10550s
 618965 357260   45.00000   40   96   78.00000   35.00000  55.1%  34.7 10597s
 623900 357275   76.00000   82   47   78.00000   35.00000  55.1%  34.7 10646s
 623921 358610   76.00000   83   48   78.00000   35.00000  55.1%  34.7 10679s
 626036 359120   40.00000   33  102   78.00000   35.00000  55.1%  34.7 10707s
 626786 360167   76.00000   66   50   78.00000   35.00000  55.1%  34.7 10735s
 628342 360192   48.00000   39   79   78.00000   35.00000  55.1%  34.7 10781s
 628367 361574   48.00000   40   77   78.00000   35.00000  55.1%  34.7 10800s

Explored 630190 nodes (21852343 simplex iterations) in 10800.37 seconds (1127.92 work units)
Thread count was 18 (of 36 available processors)

Solution count 10: 78 78 79 ... 83

Time limit reached
Best objective 7.799999999210e+01, best bound 3.500000000000e+01, gap 55.1282%
