
Gurobi 11.0.0 (win64) logging started Mon May  6 00:46:28 2024

Set parameter LogFile to value "./Results/StripPacking-CutHeurRuns/Logs/SBM-111-StripPacking-20.log"
Set parameter TimeLimit to value 10800
Set parameter Cuts to value 1
Set parameter Presolve to value 1
Set parameter Heuristics to value 1
Set parameter LPWarmStart to value 2
Gurobi Optimizer version 11.0.0 build v11.0.0rc2 (win64 - Windows 10.0 (19045.2))

CPU model: Intel(R) Core(TM) i9-10980XE CPU @ 3.00GHz, instruction set [SSE2|AVX|AVX2|AVX512]
Thread count: 18 physical cores, 36 logical processors, using up to 18 threads

Optimize a model with 5425 rows, 951 columns and 16250 nonzeros
Model fingerprint: 0x7f1ed9cf
Variable types: 351 continuous, 600 integer (600 binary)
Coefficient statistics:
  Matrix range     [1e+00, 1e+04]
  Objective range  [1e+00, 1e+00]
  Bounds range     [1e+00, 1e+04]
  RHS range        [1e+00, 1e+04]

Warning: Completing partial solution with 600 unfixed non-continuous variables out of 600
User MIP start produced solution with objective 104.8 (0.05s)
Loaded user MIP start with objective 104.8

Presolve removed 1500 rows and 0 columns
Presolve time: 0.03s
Presolved: 3925 rows, 951 columns, 12350 nonzeros
Variable types: 351 continuous, 600 integer (600 binary)

Root relaxation: objective 3.600000e+01, 446 iterations, 0.02 seconds (0.02 work units)

    Nodes    |    Current Node    |     Objective Bounds      |     Work
 Expl Unexpl |  Obj  Depth IntInf | Incumbent    BestBd   Gap | It/Node Time

     0     0   36.00000    0   67  104.80000   36.00000  65.6%     -    0s
     0     0   36.00000    0  123  104.80000   36.00000  65.6%     -    0s
     0     0   36.00000    0  124  104.80000   36.00000  65.6%     -    0s
H    0     0                     103.0000000   36.00000  65.0%     -    0s
     0     0   36.00000    0   79  103.00000   36.00000  65.0%     -    0s
     0     0   36.00000    0   85  103.00000   36.00000  65.0%     -    0s
     0     0   36.00000    0   92  103.00000   36.00000  65.0%     -    1s
     0     0   36.00000    0   81  103.00000   36.00000  65.0%     -    1s
     0     0   36.00000    0   91  103.00000   36.00000  65.0%     -    1s
     0     0   36.00000    0  103  103.00000   36.00000  65.0%     -    1s
     0     0   36.00000    0   86  103.00000   36.00000  65.0%     -    1s
     0     0   36.00000    0   78  103.00000   36.00000  65.0%     -    1s
     0     2   36.00000    0   72  103.00000   36.00000  65.0%     -    1s
H   87   104                     102.0000000   36.00000  64.7%   136    2s
H   98   104                     101.0000000   36.00000  64.4%   131    2s
   103   122   36.00000    9  131  101.00000   36.00000  64.4%   128    8s
H  106   122                      95.0000000   36.00000  62.1%   126    8s
H  113   122                      93.0000000   36.00000  61.3%   125    8s
H  272   291                      88.0000000   36.00000  59.1%  94.1   17s
   291   308   36.00000   17  118   88.00000   36.00000  59.1%  91.8   33s
H  293   308                      87.0000000   36.00000  58.6%  91.4   33s
   309   457   36.00000   18  118   87.00000   36.00000  58.6%  88.7   42s
H  324   457                      87.0000000   36.00000  58.6%  86.4   42s
   464   522   36.00000   24  115   87.00000   36.00000  58.6%  75.4   49s
H  466   522                      86.0000000   36.00000  58.1%  75.1   49s
   532   950   38.18576   25  119   86.00000   36.00000  58.1%  69.1   51s
H  988  1055                      86.0000000   36.00000  58.1%  51.9   57s
  1094  1496   77.00000   62   98   86.00000   36.00000  58.1%  50.1   63s
  1568  1554   83.00000   79   83   86.00000   36.00000  58.1%  41.9   74s
  1628  2193   83.00000   80   81   86.00000   36.00000  58.1%  40.9   76s
  2420  2210   83.00000  113   72   86.00000   36.00000  58.1%  33.0   85s
  3314  2944   82.00000   43   50   86.00000   36.00000  58.1%  29.1   99s
  3374  3561   82.00000   44   49   86.00000   36.00000  58.1%  28.8  102s
  4185  3588   82.00000   70   62   86.00000   36.00000  58.1%  27.0  110s
  4275  3641   36.49657   15  163   86.00000   36.00000  58.1%  34.5  115s
  4347  3689   36.72603   17  151   86.00000   36.00000  58.1%  37.4  120s
  4579  3844   48.00000   24   92   86.00000   36.00000  58.1%  40.9  125s
  4597  3856   48.00000   24   90   86.00000   36.00000  58.1%  41.5  137s
  4769  3971   72.00000   29   62   86.00000   36.00000  58.1%  42.9  145s
H 4842  3907                      85.0000000   36.00000  57.6%  43.2  149s
  4931  3896   59.00000   33   70   85.00000   36.00000  57.6%  43.4  159s
H 4938  3722                      83.0000000   36.00000  56.6%  43.4  159s
  4949  3853   59.00000   34   72   83.00000   36.00000  56.6%  43.4  164s
H 4980  3679                      83.0000000   36.00000  56.6%  43.4  164s
  5093  3753   59.00000   38   67   83.00000   36.00000  56.6%  43.7  172s
  5584  3969   59.00000   49   76   83.00000   36.00000  56.6%  42.8  184s
  5607  4272   61.00000   49   68   83.00000   36.00000  56.6%  42.7  188s
  5950  4231   59.00000   59   76   83.00000   36.00000  56.6%  41.9  196s
  6041  4219   59.00000   60   69   83.00000   36.00000  56.6%  41.8  205s
  6606  4515   59.00000   76   60   83.00000   36.00000  56.6%  40.7  218s
  6627  4534   59.00000   76   62   83.00000   36.00000  56.6%  40.7  223s
H 7125  4572                      82.0000000   36.00000  56.1%  40.5  224s
  7225  4503   76.00000   91   44   82.00000   36.00000  56.1%  40.4  233s
  7264  4602   76.00000   91   43   82.00000   36.00000  56.1%  40.7  242s
H 7324  4435                      82.0000000   36.00000  56.1%  40.8  242s
  7400  4446   80.00000   92   35   82.00000   36.00000  56.1%  40.7  248s
  7464  4546   76.00000   92   44   82.00000   36.00000  56.1%  40.7  255s
H 7570  4303                      81.0000000   36.00000  55.6%  40.8  255s
  7638  4367 infeasible   96        81.00000   36.00000  55.6%  41.1  264s
H 7684  4137                      80.0000000   36.00000  55.0%  41.0  264s
  7755  4116     cutoff   95        80.00000   36.00000  55.0%  41.3  275s
H 7771  3985                      80.0000000   36.00000  55.0%  41.4  275s
  8281  4329   65.00000   43   72   80.00000   36.00000  55.0%  41.6  287s
  8486  5056   65.00000   44   82   80.00000   36.00000  55.0%  41.6  291s
  9516  4727   79.00000  102   55   80.00000   36.00000  55.0%  41.4  304s
  9537  4902   79.00000  103   52   80.00000   36.00000  55.0%  41.5  309s
  9813  4869   46.00000   27  115   80.00000   36.00000  55.0%  41.5  315s
  9879  5199   46.00000   28  115   80.00000   36.00000  55.0%  41.7  323s
 10349  5080   70.00000   54   72   80.00000   36.00000  55.0%  41.7  332s
 10405  5507   70.00000   59   68   80.00000   36.00000  55.0%  41.8  342s
 11007  5329   77.00000  104   48   80.00000   36.00000  55.0%  42.5  350s
 11034  5698     cutoff  104        80.00000   36.00000  55.0%  42.5  359s
 11505  5661   78.00000   43   36   80.00000   36.00000  55.0%  42.7  366s
 11629  6002   78.00000   44   36   80.00000   36.00000  55.0%  42.5  373s
 12046  6026   79.00000   62   25   80.00000   36.00000  55.0%  42.6  383s
 12076  6416   79.00000   63   27   80.00000   36.00000  55.0%  42.6  390s
 12658  6434   64.00000   29   91   80.00000   36.00000  55.0%  43.0  398s
 12690  6937   64.00000   30   90   80.00000   36.00000  55.0%  43.1  407s
 13336  6954   79.00000   46   63   80.00000   36.00000  55.0%  43.1  421s
 13355  8001   79.00000   47   63   80.00000   36.00000  55.0%  43.1  427s
 14812  8017   65.00000   45   72   80.00000   36.00000  55.0%  43.1  445s
 14832  9275   65.00000   46   71   80.00000   36.00000  55.0%  43.2  462s
 16579  9289   57.00000   36   97   80.00000   36.00000  55.0%  43.9  477s
 16601 10428   57.00000   37   97   80.00000   36.00000  55.0%  44.0  494s
 18190 10445   59.00000   27   89   80.00000   36.00000  55.0%  44.0  506s
 18209 11018   59.00000   28   88   80.00000   36.00000  55.0%  43.9  517s
 19002 11171 infeasible   68        80.00000   36.00000  55.0%  43.8  530s
 19221 11203     cutoff   74        80.00000   36.00000  55.0%  43.8  542s
 19265 13023   72.00000   40   47   80.00000   36.00000  55.0%  43.9  562s
 21819 14399   78.00000   62   76   80.00000   36.00000  55.0%  44.0  587s
 23730 15866   71.00000   51   83   80.00000   36.00000  55.0%  44.3  641s
 25907 15886   75.00000   73   44   80.00000   36.00000  55.0%  44.8  657s
 25935 16428   75.00000   74   44   80.00000   36.00000  55.0%  44.8  677s
 26745 16452   50.00000   43   93   80.00000   36.00000  55.0%  44.8  689s
 26787 16824   50.00000   45   92   80.00000   36.00000  55.0%  44.9  706s
 27228 16848   75.00000   65   40   80.00000   36.00000  55.0%  44.9  720s
 27258 20665   77.00000   67   45   80.00000   36.00000  55.0%  44.9  753s
 32447 20676   36.22381   21  154   80.00000   36.00000  55.0%  45.0  769s
 32472 21349   36.20631   21  161   80.00000   36.00000  55.0%  45.0  777s
 33437 21456   36.20929   22  161   80.00000   36.00000  55.0%  45.0  793s
 33581 23317   36.20929   23  159   80.00000   36.00000  55.0%  45.0  830s
 35945 23332     cutoff   58        80.00000   36.00000  55.0%  44.9  850s
 35968 24268   78.00000   60   44   80.00000   36.00000  55.0%  44.9  859s
 37332 24290   59.00000   34  122   80.00000   36.00000  55.0%  44.9  878s
 37356 26367   59.00000   35  110   80.00000   36.00000  55.0%  44.9  899s
*39755 24538             110      79.0000000   36.00000  54.4%  45.1  900s
 40439 24351   36.00000   25  163   79.00000   36.00000  54.4%  45.1  918s
H40462 24345                      79.0000000   36.00000  54.4%  45.1  918s
 40467 27456   36.40411   26  181   79.00000   36.00000  54.4%  45.1  955s
 44793 32780   78.00000   40   49   79.00000   36.00000  54.4%  45.2 1022s
 52519 34174   70.00000   46   79   79.00000   36.00000  54.4%  45.0 1037s
 54903 34189   68.00000   66   70   79.00000   36.00000  54.4%  44.9 1053s
 54924 35401   68.00000   66   74   79.00000   36.00000  54.4%  44.9 1102s
 56807 35417   58.00000   28   81   79.00000   36.00000  54.4%  45.1 1124s
 56827 37384   58.00000   29   80   79.00000   36.00000  54.4%  45.1 1156s
 59709 37412 infeasible   61        79.00000   36.00000  54.4%  45.2 1168s
 59745 39743 infeasible   62        79.00000   36.00000  54.4%  45.2 1197s
 63463 39757   67.00000   44   69   79.00000   36.00000  54.4%  45.0 1219s
 63487 41976   67.00000   45   75   79.00000   36.00000  54.4%  45.0 1249s
 66725 44519   58.00000   34   97   79.00000   36.00000  54.4%  45.0 1304s
 70509 48435   77.00000   41   68   79.00000   36.00000  54.4%  44.9 1355s
 76231 48451   76.00000   65   54   79.00000   36.00000  54.4%  44.8 1379s
 76251 50580   76.00000   66   54   79.00000   36.00000  54.4%  44.9 1403s
 79585 50590   64.00000   46  100   79.00000   36.00000  54.4%  44.7 1417s
 79620 52549   64.00000   47  101   79.00000   36.00000  54.4%  44.7 1438s
 82650 52558   37.10672   29  113   79.00000   36.00000  54.4%  44.7 1458s
 82677 53717   44.00000   30   88   79.00000   36.00000  54.4%  44.7 1508s
 84253 53732   73.00000   42   51   79.00000   36.00000  54.4%  44.7 1522s
 84274 55871   73.00000   43   51   79.00000   36.00000  54.4%  44.7 1547s
 87132 55879   40.00000   25  138   79.00000   36.00000  54.4%  44.7 1566s
 87160 57816   40.00000   26  136   79.00000   36.00000  54.4%  44.7 1591s
 89984 59480   70.00000   45   82   79.00000   36.00000  54.4%  44.8 1625s
 92391 65787 infeasible   66        79.00000   36.00000  54.4%  44.8 1708s
 101524 65803   48.00000   40   99   79.00000   36.00000  54.4%  44.6 1737s
 101544 66995   48.00000   41   97   79.00000   36.00000  54.4%  44.6 1763s
 103233 67010 infeasible   78        79.00000   36.00000  54.4%  44.5 1779s
 103254 68493 infeasible   79        79.00000   36.00000  54.4%  44.5 1798s
 105499 69763   36.79537   38  170   79.00000   36.00000  54.4%  44.6 1827s
 107412 70054   78.00000   81   53   79.00000   36.00000  54.4%  44.5 1846s
 107881 70108   78.00000   93   40   79.00000   36.00000  54.4%  44.4 1868s
 107981 71604   65.00000   48   79   79.00000   36.00000  54.4%  44.4 1905s
 110378 71619   78.00000   81   37   79.00000   36.00000  54.4%  44.4 1919s
 110399 72465 infeasible   82        79.00000   36.00000  54.4%  44.4 1970s
 111608 72483   71.00000   65   59   79.00000   36.00000  54.4%  44.4 1984s
 111626 79442   71.00000   66   58   79.00000   36.00000  54.4%  44.4 2103s
 121950 79442   54.00000   45   94   79.00000   36.00000  54.4%  44.3 2105s
 122705 79457   65.00000   55   93   79.00000   36.00000  54.4%  44.3 2122s
 122726 79905   65.00000   56   95   79.00000   36.00000  54.4%  44.3 2147s
 123427 79911   78.00000   63   60   79.00000   36.00000  54.4%  44.2 2161s
 123457 79927   78.00000   64   59   79.00000   36.00000  54.4%  44.2 2175s
 123477 80223   78.00000   65   58   79.00000   36.00000  54.4%  44.2 2188s
 124020 80297   40.00000   41   91   79.00000   36.00000  54.4%  44.3 2196s
 124131 80577   40.00000   42   93   79.00000   36.00000  54.4%  44.2 2220s
 124456 80616   40.00000   48  103   79.00000   36.00000  54.4%  44.2 2227s
 124511 81094   51.00000   50   79   79.00000   36.00000  54.4%  44.2 2239s
 125127 81107   61.00000   59   74   79.00000   36.00000  54.4%  44.2 2257s
 125150 81999   61.00000   60   75   79.00000   36.00000  54.4%  44.2 2291s
 126495 82010 infeasible   96        79.00000   36.00000  54.4%  44.3 2315s
 126518 83525 infeasible   95        79.00000   36.00000  54.4%  44.3 2340s
 128652 83542   76.00000   57   59   79.00000   36.00000  54.4%  44.4 2372s
 128671 84931     cutoff   59        79.00000   36.00000  54.4%  44.4 2401s
 130811 84947   65.00000   48   78   79.00000   36.00000  54.4%  44.5 2433s
 130831 86700   78.00000   48   82   79.00000   36.00000  54.4%  44.5 2464s
 133709 88299   75.00000   58   58   79.00000   36.00000  54.4%  44.5 2523s
 136136 89868   75.00000   59   57   79.00000   36.00000  54.4%  44.6 2612s
 138581 89983   77.00000   57   66   79.00000   36.00000  54.4%  44.5 2649s
 138819 92982   74.00000   46   76   79.00000   36.00291  54.4%  44.5 2692s
 143461 93078   71.00000   88   76   79.00000   36.00912  54.4%  44.4 2718s
 143643 98267   77.00000  100   59   79.00000   36.01107  54.4%  44.4 2808s
 151944 98285   36.01391   34  167   79.00000   36.01107  54.4%  44.3 2838s
 151962 99124   50.00000   35  108   79.00000   36.01391  54.4%  44.3 2874s
 153165 99139   70.00000   73   52   79.00000   36.01391  54.4%  44.3 2902s
 153186 100368   70.00000   74   54   79.00000   36.01391  54.4%  44.3 2928s
 155399 100388   64.00000   67   58   79.00000   36.01391  54.4%  44.2 2960s
 155423 111542   75.00000   69   53   79.00000   36.01391  54.4%  44.2 3207s
 171439 111542   78.00000   64   79   79.00000   36.02080  54.4%  44.4 3211s
 173441 111557   78.00000   61   83   79.00000   36.02080  54.4%  44.4 3236s
 173462 112742   78.00000   62   75   79.00000   36.02080  54.4%  44.4 3270s
 175528 112755 infeasible   83        79.00000   36.02080  54.4%  44.4 3300s
 175551 113875 infeasible   84        79.00000   36.02080  54.4%  44.4 3333s
 177525 114481   77.00000   63   70   79.00000   36.02080  54.4%  44.4 3382s
 178434 125282   77.00000   68   60   79.00000   36.02080  54.4%  44.5 3616s
 196452 125296   76.00000   61   68   79.00000   36.02080  54.4%  44.8 3652s
 196474 125679 infeasible   62        79.00000   36.02080  54.4%  44.8 3674s
 197095 125683   73.00000   76   83   79.00000   36.02080  54.4%  44.8 3692s
 197126 125690 infeasible   77        79.00000   36.02080  54.4%  44.8 3714s
 197155 125982   73.00000   78   76   79.00000   36.02080  54.4%  44.8 3728s
 197647 126042   65.00000   72   97   79.00000   36.02080  54.4%  44.8 3736s
 197763 126295   65.00000   72   88   79.00000   36.02080  54.4%  44.8 3758s
 198166 126484   70.00000   74   90   79.00000   36.02348  54.4%  44.9 3772s
 198457 126951   77.00000   62   91   79.00000   36.02348  54.4%  44.9 3785s
 199345 130176   54.00000   45  104   79.00000   36.02348  54.4%  44.8 3857s
 204353 130211   60.00000   41   95   79.00000   36.02348  54.4%  44.8 3879s
 204406 130515   60.00000   42   93   79.00000   36.02348  54.4%  44.8 3914s
 204879 130532   77.00000   54   51   79.00000   36.02348  54.4%  44.8 3939s
 204898 133236   76.00000   54   66   79.00000   36.02837  54.4%  44.8 3988s
 208981 133247   78.00000   74   81   79.00000   36.03088  54.4%  44.7 4029s
 209006 134572   78.00000   75   61   79.00000   36.03088  54.4%  44.7 4062s
 211097 134588   37.63812   38  165   79.00000   36.04181  54.4%  44.6 4094s
 211117 136490   37.63812   39  164   79.00000   36.04181  54.4%  44.6 4135s
 214160 136503   59.00000   41  117   79.00000   36.05542  54.4%  44.6 4177s
 214183 138137   59.00000   42  117   79.00000   36.05550  54.4%  44.6 4212s
 216793 138151   75.00000   52   44   79.00000   36.05550  54.4%  44.6 4247s
 216815 139909   75.00000   53   53   79.00000   36.05550  54.4%  44.6 4280s
 219641 139916   48.00000   28  128   79.00000   36.05550  54.4%  44.6 4311s
 219670 140669   48.00000   29  116   79.00000   36.05550  54.4%  44.6 4358s
 220879 140682   64.00000   63   78   79.00000   36.06730  54.3%  44.6 4386s
 220906 141752   64.00000   64   76   79.00000   36.06730  54.3%  44.6 4414s
 222680 141831   36.96970   30  200   79.00000   36.06730  54.3%  44.6 4444s
 222797 153208   41.00000   31  165   79.00000   36.09834  54.3%  44.5 4701s
 240815 153224 infeasible   89        79.00000   36.12121  54.3%  44.6 4736s
 240835 153747     cutoff   93        79.00000   36.12121  54.3%  44.6 4767s
 241649 153761   76.00000   47   88   79.00000   36.12121  54.3%  44.6 4807s
 241671 155189   76.00000   48   90   79.00000   36.12121  54.3%  44.6 4843s
 244019 155199   78.00000   69   65   79.00000   36.12256  54.3%  44.6 4883s
 244045 156635   78.00000   70   63   79.00000   36.12256  54.3%  44.6 4921s
 246433 157127   64.00000   53  110   79.00000   36.12345  54.3%  44.6 4952s
 247279 168492   64.00000   54  110   79.00000   36.12345  54.3%  44.6 5190s
 265113 168506   78.00000   78   49   79.00000   36.13144  54.3%  44.6 5226s
 265135 168923   78.00000   79   45   79.00000   36.13546  54.3%  44.6 5251s
 265854 168939   37.00000   31  154   79.00000   36.13546  54.3%  44.6 5272s
 265874 168955   37.00000   32  153   79.00000   36.13546  54.3%  44.6 5287s
 265894 169315   44.00000   33  128   79.00000   36.13546  54.3%  44.6 5299s
 266435 169524 infeasible   52        79.00000   36.13546  54.3%  44.6 5312s
 266817 170765   59.00000   38  126   79.00000   36.13546  54.3%  44.6 5343s
 268896 170871 infeasible   77        79.00000   36.13546  54.3%  44.6 5373s
 269068 181887 infeasible   78        79.00000   36.14483  54.2%  44.6 5619s
 282081 181887 infeasible   72        79.00000   36.14483  54.2%  44.5 5623s
 287086 181901   78.00000   49   55   79.00000   36.14483  54.2%  44.5 5665s
 287108 182978   66.00000   49   62   79.00000   36.14483  54.2%  44.5 5696s
 288826 182995   77.00000   82   46   79.00000   36.14483  54.2%  44.5 5719s
 288845 184346   77.00000   83   46   79.00000   36.14483  54.2%  44.5 5750s
 291127 184361   53.00000   46   87   79.00000   36.14483  54.2%  44.4 5784s
 291148 195349   60.00000   47   88   79.00000   36.14483  54.2%  44.4 6032s
 309166 195363   59.00000   47   70   79.00000   36.23475  54.1%  44.3 6075s
 309188 196436   59.00000   47   67   79.00000   36.23475  54.1%  44.3 6116s
 311024 196452   54.00000   43  114   79.00000   36.23475  54.1%  44.3 6137s
 311044 197362   73.00000   44   89   79.00000   36.23475  54.1%  44.3 6174s
 312491 197379   78.00000   61   67   79.00000   36.23475  54.1%  44.3 6212s
 312510 198872   78.00000   62   64   79.00000   36.23475  54.1%  44.3 6256s
 314883 199544   74.00000   58   52   79.00000   36.25807  54.1%  44.3 6280s
 315924 210665   74.00000   77   38   79.00000   36.26069  54.1%  44.3 6558s
 333935 210679   72.00000   59   88   79.00000   36.30881  54.0%  44.2 6604s
 333957 210860 infeasible   60        79.00000   36.30881  54.0%  44.2 6630s
 334353 210867   57.00000   43   81   79.00000   36.30881  54.0%  44.3 6676s
 334382 210881   57.00000   44   78   79.00000   36.30881  54.0%  44.3 6701s
 334404 212001   57.00000   45   78   79.00000   36.30881  54.0%  44.3 6736s
 335995 212017   51.00000   35  116   79.00000   36.30881  54.0%  44.3 6784s
 336015 213435   58.00000   36  106   79.00000   36.31285  54.0%  44.3 6824s
 338220 213641   51.00000   50  125   79.00000   36.32892  54.0%  44.3 6868s
 338574 224559   51.00000   51  124   79.00000   36.32892  54.0%  44.3 7124s
 341577 224559   78.00000   42   72   79.00000   36.33182  54.0%  44.3 7125s
 356592 224573   77.00000   52   59   79.00000   36.40320  53.9%  44.4 7195s
 356614 225457   77.00000   53   60   79.00000   36.40320  53.9%  44.4 7215s
 358059 225473   49.00000   30  116   79.00000   36.41239  53.9%  44.4 7267s
 358079 226451   49.00000   31  111   79.00000   36.41255  53.9%  44.4 7291s
 359661 226455   71.00000   41   80   79.00000   36.42695  53.9%  44.4 7338s
 359693 226858   71.00000   42   77   79.00000   36.43426  53.9%  44.4 7364s
 360342 226876   75.00000   33   82   79.00000   36.43426  53.9%  44.4 7408s
 360386 237762   75.00000   36   80   79.00000   36.43426  53.9%  44.4 7702s
 368394 237762   78.00000   60   54   79.00000   36.44743  53.9%  44.4 7705s
 378404 237775   78.00000   62   63   79.00000   36.46583  53.8%  44.4 7749s
 378427 238942   78.00000   63   64   79.00000   36.46583  53.8%  44.4 7792s
 380316 238958   65.00000   48   97   79.00000   36.46583  53.8%  44.4 7821s
 380336 239602   65.00000   49   88   79.00000   36.47362  53.8%  44.4 7853s
 381348 239674   53.00000   47  121   79.00000   36.47362  53.8%  44.4 7886s
 381466 239797   59.00000   48  118   79.00000   36.47362  53.8%  44.4 7905s
 381633 240377   59.00000   49  117   79.00000   36.47362  53.8%  44.4 7928s
 382469 241919   59.00000   50  118   79.00000   36.47362  53.8%  44.4 7985s
 384889 245231   59.00000   51  117   79.00000   36.47362  53.8%  44.4 8058s
 390064 245247   74.00000   45   64   79.00000   36.48436  53.8%  44.4 8084s
 390083 245267   70.00000   44   65   79.00000   36.48436  53.8%  44.4 8104s
 390121 247027   74.00000   45   62   79.00000   36.48436  53.8%  44.4 8157s
 392880 247043   78.00000   47   74   79.00000   36.48858  53.8%  44.4 8203s
 392900 248690     cutoff   48        79.00000   36.48858  53.8%  44.4 8248s
 395222 248704   70.00000   79   40   79.00000   36.48858  53.8%  44.5 8306s
 395244 250770   70.00000   79   36   79.00000   36.48858  53.8%  44.5 8360s
 398634 250781 infeasible   52        79.00000   36.48858  53.8%  44.5 8410s
 398658 251353 infeasible   53        79.00000   36.48858  53.8%  44.5 8450s
 399585 251363   63.00000   62   80   79.00000   36.48858  53.8%  44.5 8496s
 399611 253806   63.00000   63   81   79.00000   36.48858  53.8%  44.5 8526s
 403743 253817   73.00000   66   55   79.00000   36.48858  53.8%  44.5 8581s
 403768 254469   73.00000   67   50   79.00000   36.48858  53.8%  44.5 8626s
 404668 255074   69.00000   63   82   79.00000   36.48858  53.8%  44.5 8675s
 405594 266578     cutoff   92        79.00000   36.48858  53.8%  44.5 8963s
 410599 266578   67.00000   55   65   79.00000   36.48858  53.8%  44.6 8965s
 423509 266590   78.00000   59   75   79.00000   36.48858  53.8%  44.6 9063s
 423533 267884   78.00000   60   74   79.00000   36.48858  53.8%  44.6 9099s
 425473 267900   78.00000   68   60   79.00000   36.48858  53.8%  44.6 9157s
 425493 269056   78.00000   69   60   79.00000   36.48858  53.8%  44.6 9194s
 426685 269056   78.00000   67   55   79.00000   36.48858  53.8%  44.6 9195s
 427442 269074   78.00000   83   41   79.00000   36.48858  53.8%  44.6 9256s
 427463 280165   78.00000   84   41   79.00000   36.48858  53.8%  44.6 9500s
 445481 280174 infeasible   91        79.00000   36.52242  53.8%  44.6 9572s
 445508 281126   78.00000   92   29   79.00000   36.52242  53.8%  44.6 9601s
 447304 281141   48.00000   37  108   79.00000   36.52242  53.8%  44.6 9657s
 447325 281613   48.00000   38  109   79.00000   36.52242  53.8%  44.6 9679s
 448225 281784   72.00000   32  100   79.00000   36.52242  53.8%  44.6 9698s
 448492 282086   69.00000   60  105   79.00000   36.52868  53.8%  44.6 9711s
 448964 282434   77.00000   82   51   79.00000   36.52868  53.8%  44.6 9730s
 449496 286428     cutoff   83        79.00000   36.52868  53.8%  44.6 9842s
 455988 286440   77.00000   42   69   79.00000   36.53693  53.8%  44.6 9886s
 456012 287424   59.00000   40   70   79.00000   36.53693  53.8%  44.6 9935s
 457605 287437   78.00000   74   52   79.00000   36.53693  53.8%  44.6 10000s
 457628 288659   78.00000   74   50   79.00000   36.53693  53.8%  44.6 10049s
 459843 288697   75.00000   72   72   79.00000   36.58237  53.7%  44.6 10070s
 459917 288721   75.00000   73   68   79.00000   36.58237  53.7%  44.6 10088s
 459997 289159     cutoff   74        79.00000   36.58237  53.7%  44.6 10123s
 460608 291440   75.00000   90   59   79.00000   36.58283  53.7%  44.6 10184s
 462562 291440   78.00000   66   52   79.00000   36.58283  53.7%  44.6 10185s
 464472 291453   75.00000   61   67   79.00000   36.58283  53.7%  44.6 10241s
 464495 292826 infeasible   62        79.00000   36.58283  53.7%  44.6 10282s
 466734 292838   78.00000   83   35   79.00000   36.58283  53.7%  44.6 10352s
 466758 293894   78.00000   84   38   79.00000   36.58283  53.7%  44.6 10388s
 468474 293911   75.00000   36   66   79.00000   36.58283  53.7%  44.6 10449s
 468493 295230   67.00000   35   83   79.00000   36.58283  53.7%  44.6 10492s
 470649 295245   61.00000   55   93   79.00000   36.58283  53.7%  44.6 10552s
 470670 296448   66.00000   56   86   79.00000   36.58283  53.7%  44.6 10587s
 472629 296988   78.00000   41   81   79.00000   36.58283  53.7%  44.7 10640s
 473532 302251   78.00000   42   80   79.00000   36.59415  53.7%  44.7 10800s

Cutting planes:
  Gomory: 31
  Cover: 45
  MIR: 591
  Flow cover: 1795
  RLT: 270
  Relax-and-lift: 1

Explored 482432 nodes (21563406 simplex iterations) in 10802.56 seconds (1804.20 work units)
Thread count was 18 (of 36 available processors)

Solution count 10: 79 79 80 ... 85

Time limit reached
Best objective 7.899999999199e+01, best bound 3.661009389746e+01, gap 53.6581%
