
Gurobi 11.0.0 (win64) logging started Tue May  7 00:47:15 2024

Set parameter LogFile to value "./Results/StripPacking-CutHeurRuns/Logs/SBM-011-StripPacking-20.log"
Set parameter TimeLimit to value 10800
Set parameter Cuts to value 0
Set parameter Presolve to value 1
Set parameter Heuristics to value 1
Set parameter LPWarmStart to value 2
Gurobi Optimizer version 11.0.0 build v11.0.0rc2 (win64 - Windows 10.0 (19045.2))

CPU model: Intel(R) Core(TM) i9-10980XE CPU @ 3.00GHz, instruction set [SSE2|AVX|AVX2|AVX512]
Thread count: 18 physical cores, 36 logical processors, using up to 18 threads

Optimize a model with 5425 rows, 951 columns and 16250 nonzeros
Model fingerprint: 0x7f1ed9cf
Variable types: 351 continuous, 600 integer (600 binary)
Coefficient statistics:
  Matrix range     [1e+00, 1e+04]
  Objective range  [1e+00, 1e+00]
  Bounds range     [1e+00, 1e+04]
  RHS range        [1e+00, 1e+04]

Warning: Completing partial solution with 600 unfixed non-continuous variables out of 600
User MIP start produced solution with objective 104.8 (0.05s)
Loaded user MIP start with objective 104.8

Presolve removed 1500 rows and 0 columns
Presolve time: 0.05s
Presolved: 3925 rows, 951 columns, 12350 nonzeros
Variable types: 351 continuous, 600 integer (600 binary)

Root relaxation: objective 3.600000e+01, 446 iterations, 0.02 seconds (0.02 work units)

    Nodes    |    Current Node    |     Objective Bounds      |     Work
 Expl Unexpl |  Obj  Depth IntInf | Incumbent    BestBd   Gap | It/Node Time

     0     0   36.00000    0   67  104.80000   36.00000  65.6%     -    0s
     0     0   36.00000    0   65  104.80000   36.00000  65.6%     -    0s
H    0     0                     103.0000000   36.00000  65.0%     -    0s
     0     2   36.00000    0   65  103.00000   36.00000  65.0%     -    0s
H   94   104                     101.0000000   36.00000  64.4%  30.3    1s
   103   122   36.00000    9  136  101.00000   36.00000  64.4%  29.9    9s
H  111   122                      94.0000000   36.00000  61.7%  28.3    9s
   121   158   36.00000   10  119   94.00000   36.00000  61.7%  28.5   10s
H  157   186                      92.0000000   36.00000  60.9%  26.1   10s
H  260   279                      91.0000000   36.00000  60.4%  22.6   23s
H  262   279                      87.0000000   36.00000  58.6%  22.6   23s
H  267   279                      86.0000000   36.00000  58.1%  22.5   23s
   278   297   40.00000   18  137   86.00000   36.00000  58.1%  23.1   48s
H  285   297                      86.0000000   36.00000  58.1%  23.2   48s
   296   387   36.00000   18  132   86.00000   36.00000  58.1%  22.9   63s
   386  1072   36.00000   21  134   86.00000   36.00000  58.1%  25.2   68s
  1080  1607   64.00000   54   82   86.00000   36.00000  58.1%  26.6   72s
  1663  1805   67.00000   84   77   86.00000   36.00000  58.1%  25.5   76s
  1879  1859   69.00000   94   70   86.00000   36.00000  58.1%  25.0   89s
  1943  1958   69.00000   95   69   86.00000   36.00000  58.1%  24.7   99s
H 2043  1932                      85.0000000   36.00000  57.6%  24.1   99s
  2062  1948   69.00000   97   72   85.00000   36.00000  57.6%  24.1  117s
  2080  2990   69.00000   98   70   85.00000   36.00000  57.6%  24.0  125s
H 3058  2990                      85.0000000   36.00000  57.6%  21.1  125s
  3458  3174   84.00000   68   52   85.00000   36.00000  57.6%  20.6  132s
  3733  3542   36.00000   18  114   85.00000   36.00000  57.6%  19.9  137s
  4205  3604   55.00000   44   75   85.00000   36.00000  57.6%  19.3  155s
H 4240  3452                      84.0000000   36.00000  57.1%  19.2  155s
  4291  4050 infeasible   45        84.00000   36.00000  57.1%  19.1  165s
H 4312  3782                      83.0000000   36.00000  56.6%  19.1  165s
H 5093  4136                      83.0000000   36.00000  56.6%  18.3  177s
  5703  4215   53.00000   17   59   83.00000   36.00000  56.6%  18.5  180s
  5721  4227   53.00000   17   60   83.00000   36.00000  56.6%  18.5  188s
  5856  4317   53.00000   21   66   83.00000   36.00000  56.6%  18.9  191s
  5874  4329   53.00000   22   67   83.00000   36.00000  56.6%  19.0  216s
  6106  4484   53.00000   29   69   83.00000   36.00000  56.6%  20.3  221s
  6124  4496   65.00000   29   75   83.00000   36.00000  56.6%  20.3  233s
  6402  4853   53.00000   37   75   83.00000   36.00000  56.6%  21.1  235s
  6614  4801   53.00000   42   73   83.00000   36.00000  56.6%  21.5  241s
  6632  4819   79.00000   42   62   83.00000   36.00000  56.6%  21.5  256s
  7072  5073   66.00000   56   76   83.00000   36.00000  56.6%  22.1  265s
  7092  5087   54.00000   56   87   83.00000   36.00000  56.6%  22.1  274s
  7113  5233   63.00000   57   82   83.00000   36.00000  56.6%  22.2  275s
  7290  5192   63.00000   61   73   83.00000   36.00000  56.6%  22.5  288s
  7308  5235   73.00000   61   62   83.00000   36.00000  56.6%  22.5  294s
  7589  5335   63.00000   69   70   83.00000   36.00000  56.6%  22.9  306s
  7915  5536   64.00000   75   73   83.00000   36.00000  56.6%  22.9  318s
  7969  5615   64.00000   75   74   83.00000   36.00000  56.6%  22.9  322s
  8465  5734   64.00000   83   61   83.00000   36.00000  56.6%  23.2  335s
  8727  5833   64.00000   89   59   83.00000   36.00000  56.6%  23.5  349s
  8748  6231   64.00000   90   64   83.00000   36.00000  56.6%  23.6  351s
  9298  6059   65.00000   99   61   83.00000   36.00000  56.6%  23.8  365s
  9327  6357   77.00000  100   57   83.00000   36.00000  56.6%  23.8  372s
  9800  6274   36.00000   18   95   83.00000   36.00000  56.6%  24.1  381s
  9925  6957   36.00000   19  100   83.00000   36.00000  56.6%  24.1  385s
 10784  6688   66.00000   36  114   83.00000   36.00000  56.6%  24.3  396s
 10803  7745   66.00000   37  112   83.00000   36.00000  56.6%  24.3  403s
 12241  7281   77.00000   59   66   83.00000   36.00000  56.6%  24.2  411s
 12261  7950   77.00000   60   67   83.00000   36.00000  56.6%  24.2  415s
 13123  7679   80.00000   69   58   83.00000   36.00000  56.6%  24.3  426s
 13143  8671   80.00000   70   55   83.00000   36.00000  56.6%  24.2  433s
 14565  8211   67.00000   49   66   83.00000   36.00000  56.6%  24.6  446s
 14585  8644   67.00000   50   65   83.00000   36.00000  56.6%  24.6  459s
 15344  8403   57.00000   39   81   83.00000   36.00000  56.6%  24.9  471s
 15386  9250   57.00000   41   79   83.00000   36.00000  56.6%  24.9  477s
 16279  8967   59.00000   63   92   83.00000   36.00000  56.6%  25.3  491s
 16302  9249   59.00000   64   90   83.00000   36.00000  56.6%  25.3  496s
 16645  9142   72.00000   69   68   83.00000   36.00000  56.6%  25.5  514s
 16674  9778   72.00000   70   67   83.00000   36.00000  56.6%  25.6  518s
 17483  9525   72.00000   88   58   83.00000   36.00000  56.6%  26.1  533s
 17503  9764   72.00000   84   64   83.00000   36.00000  56.6%  26.1  541s
 17863  9654   78.00000   95   57   83.00000   36.00000  56.6%  26.3  562s
 17889  9752   77.00000   94   61   83.00000   36.00000  56.6%  26.3  569s
 18131  9714   78.00000  101   45   83.00000   36.00000  56.6%  26.6  590s
 18156  9899 infeasible  102        83.00000   36.00000  56.6%  26.6  599s
 18431  9914   71.00000   25   62   83.00000   36.00000  56.6%  26.6  617s
 18452 10243   71.00000   26   62   83.00000   36.00000  56.6%  26.6  623s
 18920 10259   72.00000   52   62   83.00000   36.00000  56.6%  26.9  638s
 18944 10287   72.00000   53   62   83.00000   36.00000  56.6%  26.9  647s
 18987 10918   72.00000   54   59   83.00000   36.00000  56.6%  27.0  657s
 19903 10926   58.00000   30   56   83.00000   36.00000  56.6%  27.1  670s
 19931 11884   58.00000   31   60   83.00000   36.00000  56.6%  27.1  687s
 21202 11901   67.00000   48   51   83.00000   36.00000  56.6%  27.1  701s
 21220 12979   67.00000   49   48   83.00000   36.00000  56.6%  27.1  723s
 22714 14749   57.00000   38   51   83.00000   36.00000  56.6%  27.1  756s
 25170 16483   59.00000   55   85   83.00000   36.00000  56.6%  27.1  778s
 27391 16501   81.00000  131   51   83.00000   36.00000  56.6%  27.3  811s
 27409 17729 infeasible  132        83.00000   36.00000  56.6%  27.3  828s
 29043 17833 infeasible  109        83.00000   36.00000  56.6%  27.6  839s
 29197 19358   36.00000   18   94   83.00000   36.00000  56.6%  27.7  863s
 31364 19375 infeasible   96        83.00000   36.00000  56.6%  27.8  883s
H31384 17785                      82.0000000   36.00000  56.1%  27.8  883s
 31391 19538     cutoff   97        82.00000   36.00000  56.1%  27.8  910s
H32843 19538                      82.0000000   36.00000  56.1%  28.0  910s
 33881 20781 infeasible   93        82.00000   36.00000  56.1%  28.2  938s
 35596 22164   81.00000   65   52   82.00000   36.00000  56.1%  28.5  960s
 37443 23851 infeasible   91        82.00000   36.00000  56.1%  28.8  977s
 39681 24494 infeasible   92        82.00000   36.00000  56.1%  28.9  998s
 40638 26321 infeasible   93        82.00000   36.00000  56.1%  28.9 1015s
 43312 26642 infeasible   94        82.00000   36.00000  56.1%  29.0 1036s
 43817 29086 infeasible   95        82.00000   36.00000  56.1%  28.9 1061s
 47156 38440   80.00000   81   61   82.00000   36.00000  56.1%  28.9 1158s
 60041 38554   78.00000   76   63   82.00000   36.00000  56.1%  29.3 1174s
 60216 38569 infeasible   85        82.00000   36.00000  56.1%  29.3 1191s
 60257 39102   80.00000   88   57   82.00000   36.00000  56.1%  29.3 1217s
 61038 39209   78.00000   41   51   82.00000   36.00000  56.1%  29.3 1229s
 61187 40556   78.00000   44   51   82.00000   36.00000  56.1%  29.4 1247s
 63272 40568   80.00000   72   50   82.00000   36.00000  56.1%  29.3 1271s
 63306 41907 infeasible   73        82.00000   36.00000  56.1%  29.3 1288s
 65299 42310   81.00000  104   44   82.00000   36.00000  56.1%  29.3 1311s
 65862 43824   81.00000   83   63   82.00000   36.00000  56.1%  29.3 1338s
 67985 44841   78.00000   91   74   82.00000   36.00000  56.1%  29.4 1358s
 69598 51743   79.00000   60   50   82.00000   36.00000  56.1%  29.4 1460s
 79391 52022   48.00000   44   90   82.00000   36.00000  56.1%  29.3 1480s
 79797 53329   48.00000   45   93   82.00000   36.00000  56.1%  29.3 1504s
 81691 53613   61.00000   71   75   82.00000   36.00000  56.1%  29.4 1522s
 82112 56346   61.00000   72   87   82.00000   36.00000  56.1%  29.4 1547s
 86004 56494   75.00000   56   60   82.00000   36.00000  56.1%  29.4 1568s
 86229 57321   75.00000   57   62   82.00000   36.00000  56.1%  29.4 1597s
 87588 57332   75.00000   60   50   82.00000   36.00000  56.1%  29.4 1616s
 87613 61250   75.00000   61   48   82.00000   36.00000  56.1%  29.4 1651s
 93111 65580   74.00000   71   78   82.00000   36.00000  56.1%  29.5 1703s
 99198 67866   79.00000  112   48   82.00000   36.00000  56.1%  29.5 1733s
 102594 67898   61.00000   29   86   82.00000   36.00000  56.1%  29.6 1752s
 102638 68819   67.00000   31   90   82.00000   36.00000  56.1%  29.6 1775s
 103838 70244   67.00000   38   77   82.00000   36.00000  56.1%  29.6 1800s
 105856 71512   64.00000   55   97   82.00000   36.00000  56.1%  29.6 1820s
 107648 73885   81.00000   66   53   82.00000   36.00000  56.1%  29.7 1852s
 111130 75353 infeasible  101        82.00000   36.00000  56.1%  29.7 1878s
 113257 76212   65.00000   45   90   82.00000   36.00000  56.1%  29.8 1902s
 114524 78590   78.00000   65   86   82.00000   36.00000  56.1%  29.8 1935s
 117889 84386   81.00000   65   39   82.00000   36.00000  56.1%  29.7 1999s
 122985 84386   60.00000   46   70   82.00000   36.00000  56.1%  29.8 2000s
 126153 84675   64.00000   43   76   82.00000   36.00000  56.1%  29.8 2016s
 126604 84758   67.00000   42   83   82.00000   36.00000  56.1%  29.8 2047s
 126794 85468   65.00000   41   78   82.00000   36.00000  56.1%  29.8 2068s
 127794 86409   81.00000   70   80   82.00000   36.00000  56.1%  29.8 2090s
 129116 88701 infeasible   69        82.00000   36.00000  56.1%  29.9 2122s
 132445 89335   55.00000   65  128   82.00000   36.00000  56.1%  29.9 2143s
 133303 90150   55.00000   66  127   82.00000   36.00000  56.1%  29.9 2173s
 134473 91963   62.00000   67  115   82.00000   36.00000  56.1%  29.9 2208s
 137069 94541   76.00000   62   65   82.00000   36.00000  56.1%  29.9 2244s
 140732 94753   36.80497   22  102   82.00000   36.00000  56.1%  29.9 2276s
 141078 107610   36.80497   24  101   82.00000   36.00000  56.1%  29.9 2431s
 159096 107622   77.00000   53   57   82.00000   36.00000  56.1%  29.9 2455s
 159120 108111   71.00000   53   62   82.00000   36.00000  56.1%  29.9 2465s
 159988 108278   77.00000   73   55   82.00000   36.00000  56.1%  29.9 2483s
 160256 108832   36.59601   30  106   82.00000   36.00000  56.1%  29.9 2493s
 160969 109430   56.00000   61   91   82.00000   36.00000  56.1%  29.9 2512s
 161875 110045   60.00000   64  101   82.00000   36.00000  56.1%  29.9 2535s
 162799 117036   73.00000   70   76   82.00000   36.00000  56.1%  29.9 2611s
 172587 117168   80.00000   83   51   82.00000   36.00000  56.1%  29.9 2637s
 172812 117928 infeasible   84        82.00000   36.00000  56.1%  29.9 2658s
 173871 117974   71.00000   29   92   82.00000   36.00000  56.1%  29.9 2673s
 173927 117991   71.00000   30   91   82.00000   36.00000  56.1%  29.9 2691s
 173948 118842   71.00000   31   90   82.00000   36.00000  56.1%  29.9 2712s
 175181 119506   53.00000   38   64   82.00000   36.00000  56.1%  29.9 2732s
 176157 121073   53.00000   39   63   82.00000   36.00000  56.1%  29.9 2756s
 178366 122090   76.00000   69   94   82.00000   36.00000  56.1%  29.9 2775s
 179840 123177   76.00000   70   96   82.00000   36.00000  56.1%  29.9 2802s
 181353 125281   60.00000   65   88   82.00000   36.00000  56.1%  29.9 2837s
 184377 127551 infeasible  116        82.00000   36.00000  56.1%  30.0 2871s
 187640 127724   81.00000   82   38   82.00000   36.00000  56.1%  30.0 2898s
 187973 139940   81.00000   99   28   82.00000   36.00000  56.1%  29.9 3050s
 205991 140237 infeasible   83        82.00000   36.00000  56.1%  29.9 3076s
 206420 140993   77.00000   84   51   82.00000   36.00000  56.1%  29.9 3092s
 207497 141120   75.00000   69   65   82.00000   36.00000  56.1%  29.9 3118s
 207686 142560   75.00000   70   63   82.00000   36.00000  56.1%  30.0 3142s
 209542 147469   81.00000   61   47   82.00000   36.00000  56.1%  30.0 3207s
 216709 148563   76.00000   86   59   82.00000   36.00000  56.1%  29.9 3231s
 218358 148589   69.00000   32   90   82.00000   36.00000  56.1%  29.9 3260s
 218418 149810   60.00000   33   80   82.00000   36.00000  56.1%  29.9 3282s
 219993 150477   81.00000   44   63   82.00000   36.00000  56.1%  29.9 3301s
 220860 151270   81.00000   47   63   82.00000   36.00000  56.1%  29.9 3323s
 222228 151734   81.00000   47   69   82.00000   36.00000  56.1%  29.9 3348s
 223007 152534 infeasible   46        82.00000   36.00000  56.1%  29.9 3373s
 224240 153116   81.00000   54   64   82.00000   36.00000  56.1%  29.9 3397s
 225127 154290   81.00000   62   73   82.00000   36.00000  56.1%  29.9 3444s
 227000 156496 infeasible   88        82.00000   36.00000  56.1%  29.9 3481s
 230192 159383     cutoff  113        82.00000   36.00000  56.1%  29.9 3524s
 234486 162976   61.00000   33   63   82.00000   36.00000  56.1%  29.9 3579s
 235311 162976   59.00000   36   89   82.00000   36.00000  56.1%  29.9 3580s
 239691 163202   77.00000   48   52   82.00000   36.00000  56.1%  29.9 3604s
 240013 163216   77.00000   49   52   82.00000   36.00000  56.1%  29.9 3625s
 240039 164137   77.00000   50   49   82.00000   36.00000  56.1%  29.9 3649s
 241276 164947   77.00000   79   60   82.00000   36.00000  56.1%  29.9 3666s
 242427 166909   56.00000   29   94   82.00000   36.00000  56.1%  29.9 3698s
 245271 168078   79.00000   74   57   82.00000   36.00000  56.1%  29.9 3726s
 246944 169050   66.00000   56  101   82.00000   36.00000  56.1%  29.9 3769s
 248321 171502   46.00000   31  103   82.00000   36.00000  56.1%  29.9 3808s
 251924 174761   81.00000  122   23   82.00000   36.00000  56.1%  29.9 3857s
 256709 177766   78.00000  114   51   82.00000   36.00000  56.1%  29.9 3906s
 261320 179632 infeasible  115        82.00000   36.00000  56.1%  29.9 3939s
 264142 179651   36.00000   34  143   82.00000   36.00000  56.1%  29.9 3961s
 264163 181413   48.00000   35   94   82.00000   36.00000  56.1%  29.9 3990s
 266572 181979   47.00000   43  113   82.00000   36.00000  56.1%  29.9 4005s
 267346 183818   71.00000   44   82   82.00000   36.00000  56.1%  29.9 4040s
 270051 185134   62.00000   33   77   82.00000   36.00000  56.1%  30.0 4071s
 271846 187498   75.00000   35   59   82.00000   36.00000  56.1%  30.0 4111s
 275480 187518   81.00000   78   49   82.00000   36.00000  56.1%  29.9 4140s
 275520 189299   81.00000   80   47   82.00000   36.00000  56.1%  29.9 4172s
 278299 189772   69.00000   47   79   82.00000   36.00000  56.1%  29.9 4201s
 278965 193168   69.00000   48   79   82.00000   36.00000  56.1%  29.9 4246s
 283863 193235   81.00000  102   61   82.00000   36.00000  56.1%  29.9 4271s
 284008 194527   81.00000  103   58   82.00000   36.00000  56.1%  29.9 4299s
 286028 194556   53.00000   32   88   82.00000   36.00000  56.1%  29.9 4325s
 286077 196759   81.00000   34   57   82.00000   36.00000  56.1%  29.9 4354s
 289329 197001   63.00000   41   77   82.00000   36.00000  56.1%  29.9 4382s
 289674 200914   63.00000   42   74   82.00000   36.00000  56.1%  29.9 4427s
 295239 201377   79.00000   80   40   82.00000   36.00000  56.1%  29.9 4451s
 295912 203161   81.00000   84   63   82.00000   36.00000  56.1%  29.9 4480s
 298557 204913   37.90185   22  136   82.00000   36.00000  56.1%  29.9 4508s
 301041 208013   81.00000   97   50   82.00000   36.00000  56.1%  29.9 4560s
 305533 208853   81.00000   43   71   82.00000   36.00000  56.1%  29.8 4583s
 306763 209054   48.00000   39  133   82.00000   36.00000  56.1%  29.8 4612s
 307116 210577   48.00000   45  132   82.00000   36.00000  56.1%  29.8 4643s
 309328 210596   65.00000   48   86   82.00000   36.00000  56.1%  29.8 4685s
 309371 214596   65.00000   50   87   82.00000   36.00000  56.1%  29.8 4734s
 314533 214596   55.00000   37   87   82.00000   36.00000  56.1%  29.8 4735s
 315116 216000   65.00000   47   82   82.00000   36.00000  56.1%  29.8 4772s
 317318 217808   73.00000   48   63   82.00000   36.00000  56.1%  29.8 4804s
 319968 218337   69.00000   42   50   82.00000   36.00000  56.1%  29.8 4832s
 320773 219266   42.00000   28  101   82.00000   36.00000  56.1%  29.8 4865s
 322199 219863   64.00000   45   85   82.00000   36.00000  56.1%  29.8 4888s
 323007 223834   64.00000   46   81   82.00000   36.00000  56.1%  29.8 4945s
 328847 223957   80.00000   69   69   82.00000   36.00000  56.1%  29.8 4963s
 329027 224112   80.00000   70   69   82.00000   36.00000  56.1%  29.8 4979s
 329232 224155   80.00000   71   69   82.00000   36.00000  56.1%  29.8 4993s
 329314 224706   80.00000   72   69   82.00000   36.00000  56.1%  29.8 5011s
 330132 226772     cutoff   73        82.00000   36.00000  56.1%  29.8 5047s
 333052 227099   81.00000   75   48   82.00000   36.00000  56.1%  29.8 5076s
 333544 227987   81.00000   76   48   82.00000   36.00000  56.1%  29.8 5105s
 334803 228555   80.00000  105   47   82.00000   36.00000  56.1%  29.8 5133s
 335659 231796   80.00000  117   42   82.00000   36.00000  56.1%  29.8 5179s
 340546 231935   77.00000   43   64   82.00000   36.00000  56.1%  29.8 5208s
 340761 234215   77.00000   44   63   82.00000   36.00000  56.1%  29.8 5246s
 344077 234360   80.00000  106   56   82.00000   36.00000  56.1%  29.8 5263s
 344295 234633   80.00000  107   55   82.00000   36.00000  56.1%  29.8 5294s
 344836 236005   71.00000   35   92   82.00000   36.00000  56.1%  29.8 5336s
 346915 242618   71.00000   36   92   82.00000   36.00000  56.1%  29.8 5412s
 356297 242657 infeasible  121        82.00000   36.00000  56.1%  29.9 5445s
 356367 244213   55.00000   26   73   82.00000   36.00000  56.1%  29.9 5474s
 358693 244293   72.00000   94   76   82.00000   36.00000  56.1%  29.9 5497s
 358799 244675   72.00000   95   77   82.00000   36.00000  56.1%  29.9 5516s
 359302 244690   79.00000   69   59   82.00000   36.00000  56.1%  29.9 5542s
 359323 245634   79.00000   70   59   82.00000   36.00000  56.1%  29.9 5566s
 360764 245826   77.00000   70   47   82.00000   36.00000  56.1%  29.9 5579s
 361036 247129   77.00000   71   46   82.00000   36.00000  56.1%  29.9 5607s
 362928 247424   72.00000   43   80   82.00000   36.00000  56.1%  29.9 5619s
 363352 249452   72.00000   48   76   82.00000   36.00000  56.1%  29.9 5653s
 366498 251697   73.00000   49   71   82.00000   36.00000  56.1%  29.9 5699s
 369863 253140   73.00000   51   77   82.00000   36.00000  56.1%  29.9 5729s
 372161 253157 infeasible   83        82.00000   36.00000  56.1%  29.9 5753s
 372212 254777   36.00000   24  130   82.00000   36.00000  56.1%  29.9 5777s
 374571 255358   71.00000   40   99   82.00000   36.00000  56.1%  29.9 5813s
 375478 255948   71.00000   41  103   82.00000   36.00000  56.1%  29.9 5840s
 376265 257996   61.00000   53  102   82.00000   36.00000  56.1%  29.9 5880s
 379432 259804   77.00000   42   61   82.00000   36.00000  56.1%  29.9 5915s
 381978 259844   65.00000   51   97   82.00000   36.00000  56.1%  29.9 5950s
 382075 261861   65.00000   53  112   82.00000   36.00000  56.1%  29.9 5981s
 385011 262579   80.00000   62   44   82.00000   36.00000  56.1%  29.9 6012s
 386089 266209   80.00000   63   36   82.00000   36.00000  56.1%  29.9 6068s
 391830 266717 infeasible   75        82.00000   36.00000  56.1%  29.9 6102s
 392615 278782   81.00000   76   51   82.00000   36.00000  56.1%  29.9 6259s
 399622 278782     cutoff   99        82.00000   36.00000  56.1%  29.9 6260s
 410633 278799 infeasible   90        82.00000   36.00000  56.1%  29.9 6304s
 410652 280086   40.00000   36  112   82.00000   36.00000  56.1%  29.9 6329s
 412789 280098   66.00000   63   74   82.00000   36.00000  56.1%  29.9 6346s
 412823 280873   66.00000   64   73   82.00000   36.00000  56.1%  29.9 6372s
 414132 281447   48.00000   35   80   82.00000   36.00000  56.1%  29.9 6401s
 415087 292824   48.00000   36   80   82.00000   36.00000  56.1%  29.9 6557s
 431632 292833   79.00000   70   51   82.00000   36.04135  56.0%  29.9 6619s
 431659 294211 infeasible   71        82.00000   36.04135  56.0%  29.9 6642s
 433576 294225     cutoff   66        82.00000   36.04135  56.0%  29.9 6664s
 433598 295119   81.00000   67   50   82.00000   36.04135  56.0%  29.9 6686s
 435054 295135   71.00000   36   75   82.00000   36.04135  56.0%  29.9 6752s
 435074 296288   71.00000   37   75   82.00000   36.04135  56.0%  29.9 6766s
 436658 296462   65.00000   59   87   82.00000   36.04135  56.0%  29.9 6811s
 436911 309108   60.00000   32   83   82.00000   36.04135  56.0%  29.9 6970s
 454929 309124   49.29050   42  124   82.00000   36.04135  56.0%  30.0 7016s
 454949 309529   72.00000   42   75   82.00000   36.04135  56.0%  30.0 7030s
 455509 309548   80.00000   56   48   82.00000   36.04135  56.0%  30.0 7064s
 455530 309563   80.00000   57   46   82.00000   36.04135  56.0%  30.0 7072s
 455551 310628   80.00000   57   50   82.00000   36.04135  56.0%  30.0 7099s
 457158 310640   81.00000   96   27   82.00000   36.04135  56.0%  30.0 7118s
 457182 311584 infeasible   97        82.00000   36.04135  56.0%  30.0 7139s
 458489 311957   80.00000   73   45   82.00000   36.04135  56.0%  30.0 7181s
 459077 324217   81.00000   85   44   82.00000   36.06309  56.0%  30.0 7359s
 465083 324217   75.00000   70   60   82.00000   36.11613  56.0%  30.0 7360s
 477095 324230   53.00000   53   98   82.00000   36.11613  56.0%  30.0 7401s
 477118 324414   64.00000   54   88   82.00000   36.11613  56.0%  30.0 7416s
 477477 324544   71.00000   65   78   82.00000   36.11613  56.0%  30.0 7438s
 477679 324730   80.00000   86   57   82.00000   36.11613  56.0%  30.0 7447s
 477986 324740   80.00000  100   40   82.00000   36.11613  56.0%  30.0 7501s
 478014 326393 infeasible  101        82.00000   36.11613  56.0%  30.0 7521s
 480509 326598   57.00000   62   87   82.00000   36.11613  56.0%  30.1 7564s
 480784 338860   57.00000   63   87   82.00000   36.11613  56.0%  30.1 7720s
 498802 338874   81.00000   53   63   82.00000   36.30635  55.7%  30.1 7770s
 498824 339182     cutoff   54        82.00000   36.30635  55.7%  30.1 7781s
 499352 339199   81.00000   83   67   82.00000   36.30635  55.7%  30.1 7817s
 499377 339213   81.00000   84   55   82.00000   36.30635  55.7%  30.1 7826s
 499399 339622   81.00000   85   54   82.00000   36.30635  55.7%  30.1 7847s
 499941 339697 infeasible   98        82.00000   36.30635  55.7%  30.1 7864s
 500084 341098   81.00000   99   36   82.00000   36.30635  55.7%  30.1 7888s
 502075 341114   78.00000   36   54   82.00000   36.37229  55.6%  30.1 7907s
 502112 341718   78.00000   37   57   82.00000   36.37229  55.6%  30.1 7928s
 503087 342702   81.00000   62   58   82.00000   36.37229  55.6%  30.1 7967s
 504630 349824   65.00000   44   80   82.00000   36.37229  55.6%  30.1 8056s
 514859 349838   59.00000   27  103   82.00000   36.47311  55.5%  30.1 8095s
 514881 350229   67.00000   28   81   82.00000   36.47311  55.5%  30.1 8112s
 515483 350304   80.00000   39   65   82.00000   36.47311  55.5%  30.1 8132s
 515602 350397   80.00000   46   50   82.00000   36.47311  55.5%  30.1 8148s
 515733 350465   80.00000   47   48   82.00000   36.47311  55.5%  30.1 8170s
 515853 350480   80.00000   54   43   82.00000   36.47311  55.5%  30.1 8184s
 515876 350875   80.00000   54   45   82.00000   36.47311  55.5%  30.1 8198s
 516393 351399   80.00000   69   38   82.00000   36.47311  55.5%  30.1 8229s
 517254 351595     cutoff   69        82.00000   36.47311  55.5%  30.1 8255s
 517558 352196   49.00000   28   89   82.00000   36.47311  55.5%  30.1 8277s
 518426 352537   81.00000   55   44   82.00000   36.47311  55.5%  30.1 8302s
 518893 353197   81.00000   56   43   82.00000   36.47311  55.5%  30.1 8323s
 519936 353920   61.00000   33   85   82.00000   36.47311  55.5%  30.1 8348s
 521112 354207   67.00000   36   79   82.00000   36.47311  55.5%  30.1 8372s
 521582 356139 infeasible   37        82.00000   36.47311  55.5%  30.1 8406s
 524285 356248 infeasible   94        82.00000   36.47311  55.5%  30.1 8438s
 524482 357138 infeasible   92        82.00000   36.47311  55.5%  30.1 8477s
 525823 357842 infeasible  105        82.00000   36.47311  55.5%  30.1 8514s
 526806 369260 infeasible  106        82.00000   36.47311  55.5%  30.1 8680s
 543288 369275   75.00000   47   75   82.00000   36.58686  55.4%  30.1 8723s
 543309 369653   75.00000   48   77   82.00000   36.58686  55.4%  30.1 8738s
 543879 369829     cutoff   80        82.00000   36.58686  55.4%  30.1 8752s
 544089 369909   80.00000   81   25   82.00000   36.58686  55.4%  30.1 8770s
 544211 371287   80.00000   82   24   82.00000   36.58686  55.4%  30.1 8789s
 546418 371294   81.00000   95   31   82.00000   36.58686  55.4%  30.1 8830s
 546447 372715 infeasible   96        82.00000   36.58686  55.4%  30.1 8851s
 548495 373500   70.00000   39   62   82.00000   36.58686  55.4%  30.1 8894s
 549720 381947   78.00000   72   49   82.00000   36.58686  55.4%  30.1 9007s
 561834 381956 infeasible  101        82.00000   36.64791  55.3%  30.0 9048s
 561861 382376 infeasible  102        82.00000   36.66397  55.3%  30.0 9068s
 562601 382433   78.00000   67   45   82.00000   36.66397  55.3%  30.0 9087s
 562666 382491 infeasible   68        82.00000   36.66397  55.3%  30.0 9105s
 562758 382679 infeasible   69        82.00000   36.66397  55.3%  30.0 9127s
 563000 382707   67.00000   47   68   82.00000   36.66397  55.3%  30.0 9143s
 563052 383266   67.00000   48   71   82.00000   36.66397  55.3%  30.0 9170s
 563962 383283   79.00000   86   58   82.00000   36.66397  55.3%  30.0 9187s
 563989 384101   79.00000   87   55   82.00000   36.69167  55.3%  30.0 9210s
 565188 384195 infeasible  102        82.00000   36.69167  55.3%  30.0 9229s
 565314 384967   80.00000  103   29   82.00000   36.69167  55.3%  30.0 9244s
 566452 385372   61.00000   65   76   82.00000   36.72129  55.2%  30.0 9274s
 567034 386882   61.00000   66   75   82.00000   36.75015  55.2%  30.0 9309s
 569033 387346   70.00000   44   77   82.00000   36.75015  55.2%  30.0 9329s
 569711 388944   76.00000  102   51   82.00000   36.75015  55.2%  30.0 9363s
 572202 389589 infeasible   51        82.00000   36.75015  55.2%  30.1 9396s
 573176 398867   79.00000   63   36   82.00000   36.75015  55.2%  30.1 9522s
 586370 398875   79.00000   59   71   82.00000   36.82894  55.1%  30.0 9568s
 586400 399240   79.00000   60   71   82.00000   36.82894  55.1%  30.0 9579s
 586925 399479   79.00000   83   69   82.00000   36.82894  55.1%  30.0 9602s
 587286 400120   75.00000   45   75   82.00000   36.83775  55.1%  30.0 9628s
 588194 400189   51.00000   36  101   82.00000   36.83775  55.1%  30.0 9652s
 588320 400354   51.00000   37  101   82.00000   36.83775  55.1%  30.0 9674s
 588521 400722   51.00000   38  100   82.00000   36.83775  55.1%  30.0 9702s
 589012 401409   58.00000   59   87   82.00000   36.83775  55.1%  30.0 9727s
 590032 402346   70.00000   60   69   82.00000   36.83775  55.1%  30.0 9753s
 591389 402952   58.00000   58   86   82.00000   36.83775  55.1%  30.1 9785s
 592209 405216   65.00000   76   96   82.00000   36.83775  55.1%  30.1 9825s
 595784 405596 infeasible  121        82.00000   36.83775  55.1%  30.1 9867s
 596335 417624   81.00000  120   31   82.00000   36.83775  55.1%  30.1 10107s
 614304 417641   71.00000   40   72   82.00000   36.90618  55.0%  30.1 10161s
 614323 418906   74.00000   40   68   82.00000   36.90618  55.0%  30.1 10188s
 616292 418985   77.00000   62   56   82.00000   36.90618  55.0%  30.1 10215s
 616418 419827   77.00000   62   51   82.00000   36.90618  55.0%  30.1 10239s
 617780 420580   77.00000   63   50   82.00000   36.90618  55.0%  30.1 10289s
 618897 427589 infeasible   69        82.00000   36.90618  55.0%  30.1 10405s
 629751 427745   79.00000   78   77   82.00000   36.93577  55.0%  30.1 10442s
 630000 428034   79.00000   79   76   82.00000   36.93577  55.0%  30.1 10463s
 630451 428046 infeasible   96        82.00000   36.97529  54.9%  30.1 10512s
 630475 429435   50.00000   42  107   82.00000   36.98686  54.9%  30.1 10540s
 632619 429612 infeasible   91        82.00000   37.00000  54.9%  30.1 10575s
 632907 430831   81.00000   91   58   82.00000   37.00000  54.9%  30.1 10604s
 634922 431227   81.00000   48   69   82.00000   37.00000  54.9%  30.1 10627s
 635548 432186 infeasible   89        82.00000   37.00000  54.9%  30.1 10651s
 636973 433550   70.00000   48   60   82.00000   37.00000  54.9%  30.1 10684s
 638978 433585   80.00000   31   48   82.00000   37.00000  54.9%  30.1 10727s
 639029 435943   80.00000   32   49   82.00000   37.00000  54.9%  30.1 10768s
 642692 436542 infeasible   78        82.00000   37.00000  54.9%  30.1 10800s

Explored 643659 nodes (19366993 simplex iterations) in 10800.30 seconds (939.23 work units)
Thread count was 18 (of 36 available processors)

Solution count 10: 82 82 83 ... 87

Time limit reached
Best objective 8.199999999170e+01, best bound 3.700000000000e+01, gap 54.8780%
