
Gurobi 11.0.0 (win64) logging started Wed May  8 15:49:01 2024

Set parameter LogFile to value "./Results/StripPacking-CutHeurRuns/Logs/SU-011-StripPacking-25.log"
Set parameter TimeLimit to value 10800
Set parameter Cuts to value 0
Set parameter Presolve to value 1
Set parameter Heuristics to value 1
Set parameter LPWarmStart to value 2
Gurobi Optimizer version 11.0.0 build v11.0.0rc2 (win64 - Windows 10.0 (19045.2))

CPU model: Intel(R) Core(TM) i9-10980XE CPU @ 3.00GHz, instruction set [SSE2|AVX|AVX2|AVX512]
Thread count: 18 physical cores, 36 logical processors, using up to 18 threads

Optimize a model with 3925 rows, 1251 columns and 9650 nonzeros
Model fingerprint: 0x53faeb7f
Variable types: 51 continuous, 1200 integer (1200 binary)
Coefficient statistics:
  Matrix range     [1e+00, 1e+04]
  Objective range  [1e+00, 1e+00]
  Bounds range     [1e+00, 1e+04]
  RHS range        [1e+00, 1e+04]

Warning: Completing partial solution with 1200 unfixed non-continuous variables out of 1200
User MIP start produced solution with objective 102.2 (0.03s)
Loaded user MIP start with objective 102.2

Presolve removed 600 rows and 0 columns
Presolve time: 0.01s
Presolved: 3325 rows, 1251 columns, 8450 nonzeros
Variable types: 51 continuous, 1200 integer (1200 binary)

Root relaxation: objective 3.500000e+01, 690 iterations, 0.02 seconds (0.02 work units)

    Nodes    |    Current Node    |     Objective Bounds      |     Work
 Expl Unexpl |  Obj  Depth IntInf | Incumbent    BestBd   Gap | It/Node Time

     0     0   35.00000    0   92  102.20000   35.00000  65.8%     -    0s
H    0     0                     101.0000000   35.00000  65.3%     -    0s
     0     0   35.00000    0   92  101.00000   35.00000  65.3%     -    0s
H    0     0                      99.0000000   35.00000  64.6%     -    0s
     0     2   35.00000    0   92   99.00000   35.00000  64.6%     -    0s
H    5     8                      97.0000000   35.00000  63.9%   243    0s
H   19    30                      96.0000000   35.00000  63.5%  92.8    0s
H   86   102                      95.0000000   35.00000  63.2%  39.3    1s
H   89   102                      94.0000000   35.00000  62.8%  38.4    1s
H   94   102                      90.0000000   35.00000  61.1%  36.6    1s
H  104   138                      88.0000000   35.00000  60.2%  33.5    2s
H  138   156                      85.0000000   35.00000  58.8%  27.4   13s
   364   382   35.00000   19  139   85.00000   35.00000  58.8%  16.8   32s
H  375   382                      84.0000000   35.00000  58.3%  16.6   32s
   759  1412   35.00000   39  165   84.00000   35.00000  58.3%  14.5   36s
  1420  1490   35.00000   71  153   84.00000   35.00000  58.3%  25.1   41s
  1498  1996   35.00000   72  150   84.00000   35.00000  58.3%  25.4   58s
H 1578  1996                      84.0000000   35.00000  58.3%  25.1   58s
  2004  5180   39.00000   97  146   84.00000   35.00000  58.3%  27.1   73s
  5454  6826   36.68889  115  186   84.00000   35.00000  58.3%  22.8   79s
  7661  6842   39.20000  121  158   84.00000   35.00000  58.3%  22.1   85s
  7820  6954   42.00000   18  131   84.00000   35.00000  58.3%  22.9   90s
  7874  6990   42.00000   20  131   84.00000   35.00000  58.3%  22.9   96s
  7892  7002   42.00000   20  131   84.00000   35.00000  58.3%  22.9  109s
  8018  7086   42.00000   24  133   84.00000   35.00000  58.3%  23.1  115s
  8291  7268   42.00000   30  170   84.00000   35.00000  58.3%  23.4  121s
  8538  7432   42.00000   36  166   84.00000   35.00000  58.3%  23.7  134s
  8556  7444   46.00000   36  150   84.00000   35.00000  58.3%  23.7  139s
  8574  7727   42.00000   37  160   84.00000   35.00000  58.3%  23.8  140s
  9113  8037   42.00000   54  210   84.00000   35.00000  58.3%  24.7  146s
  9756  8446   56.00000   74  170   84.00000   35.00000  58.3%  26.1  150s
 10109  8367   72.00000   80  197   84.00000   35.00000  58.3%  26.8  160s
 10148  8714   83.00000   81  181   84.00000   35.00000  58.3%  26.9  169s
 10539  9263   72.00000   92  196   84.00000   35.00000  58.3%  27.1  171s
 11354  9023   73.00000  112  149   84.00000   35.00000  58.3%  27.5  176s
 12166  9393   83.00000  119  110   84.00000   35.00000  58.3%  27.6  194s
 12188  9865   83.00000  119  104   84.00000   35.00000  58.3%  27.6  197s
 12898  9642   83.00000  120  108   84.00000   35.00000  58.3%  27.5  200s
 13792 10118   37.00000   47  226   84.00000   35.00000  58.3%  27.7  207s
 13921 10744   70.00000   54  160   84.00000   35.00000  58.3%  27.7  212s
 14820 10462   83.00000  108   58   84.00000   35.00000  58.3%  27.4  227s
 14851 10649   83.00000  109   56   84.00000   35.00000  58.3%  27.5  234s
H14996  9891                      83.0000000   35.00000  57.8%  27.5  234s
 15116  9832   35.00000   37  143   83.00000   35.00000  57.8%  27.5  249s
 15151 10863   43.00000   38  105   83.00000   35.00000  57.8%  27.5  255s
 16416 10457   81.00000  123   46   83.00000   35.00000  57.8%  27.3  274s
 16436 10509   81.00000  124   46   83.00000   35.00000  57.8%  27.3  278s
 16519 11400   81.00000  125   36   83.00000   35.00000  57.8%  27.3  282s
*16529 10410             135      81.0000000   35.00000  56.8%  27.3  282s
 17738  9673 infeasible   68        81.00000   35.00000  56.8%  27.4  301s
 17796 10437   35.00000   26  217   81.00000   35.00000  56.8%  27.3  306s
 18706 10143   44.00000   65  227   81.00000   35.00000  56.8%  28.1  324s
H18715  9831                      81.0000000   35.00000  56.8%  28.1  324s
 18732 10548   49.00000   66  213   81.00000   35.00000  56.8%  28.1  331s
 19646 10390   56.00000   80  176   81.00000   35.00000  56.8%  28.8  336s
 19831 10561   62.00000   84  186   81.00000   35.00000  56.8%  28.9  349s
 20111 10930   62.00000   85  184   81.00000   35.00000  56.8%  29.1  360s
 20704 11409   71.00000  104  132   81.00000   35.00000  56.8%  29.4  371s
 21687 11631     cutoff  105        81.00000   35.00000  56.8%  29.5  388s
 22545 14813   61.00000   84  106   81.00000   35.00000  56.8%  29.5  407s
 27513 13917   76.00000   85  149   81.00000   35.00000  56.8%  29.8  425s
 27545 15020   76.00000   86  153   81.00000   35.00000  56.8%  29.8  433s
*28212 14008             125      80.0000000   35.00000  56.3%  29.7  433s
 29213 13856   35.00000   31  119   80.00000   35.00000  56.3%  29.6  455s
 29245 15288   35.00000   32  119   80.00000   35.00000  56.3%  29.7  466s
H29618 15288                      80.0000000   35.00000  56.2%  29.7  466s
 31148 15306   62.00000   58  203   80.00000   35.00000  56.2%  29.7  485s
 31166 16855   62.00000   59  201   80.00000   35.00000  56.2%  29.7  495s
 33135 16901   55.00000   79  184   80.00000   35.00000  56.2%  30.0  509s
 33183 18425   55.00000   78  177   80.00000   35.00000  56.2%  30.0  519s
 35146 18984   78.00000  136  104   80.00000   35.00000  56.2%  30.6  529s
 35836 18995   74.00000   88  151   80.00000   35.00000  56.2%  30.7  539s
 35859 19838   74.00000   89  142   80.00000   35.00000  56.2%  30.7  547s
 37018 21261 infeasible  117        80.00000   35.00000  56.2%  30.7  560s
 39248 21278   46.00000   46  223   80.00000   35.00000  56.2%  30.7  575s
 39267 23185   46.00000   47  222   80.00000   35.00000  56.2%  30.7  586s
 41952 23984   76.00000   85  111   80.00000   35.00000  56.2%  31.2  598s
 43091 24174   35.00000   29  157   80.00000   35.00000  56.2%  31.3  607s
 43427 24821   35.00000   30  157   80.00000   35.00000  56.2%  31.3  663s
 44402 37860   37.00000   39  271   80.00000   35.00000  56.2%  31.4  751s
*49677 36089             137      79.0000000   35.00000  55.7%  31.5  752s
 62420 35467   78.00000   96   90   79.00000   35.00000  55.7%  32.3  780s
H62427 35467                      79.0000000   35.00000  55.7%  32.2  780s
 63443 35475     cutoff   84        79.00000   35.00000  55.7%  32.2  808s
 63471 38009   78.00000   84  107   79.00000   35.00000  55.7%  32.2  830s
 67219 40719   50.00000   84  225   79.00000   35.00000  55.7%  32.4  858s
 71396 46215   35.00000   56  160   79.00000   35.00000  55.7%  32.7  900s
 79278 46223 infeasible  103        79.00000   35.00000  55.7%  33.2  913s
 79306 48656 infeasible  104        79.00000   35.00000  55.7%  33.2  936s
 82887 48669   77.00000   94  125   79.00000   35.00000  55.7%  33.1  961s
 82908 50844   78.00000   95  103   79.00000   35.00000  55.7%  33.1  977s
 85888 50861   45.00000   52  124   79.00000   35.00000  55.7%  33.4  991s
 85907 53088   45.00000   53  117   79.00000   35.00000  55.7%  33.4 1007s
 89123 55681   67.00000   62  107   79.00000   35.00000  55.7%  33.3 1034s
 92817 61286   56.00000   54  131   79.00000   35.00000  55.7%  33.6 1076s
 101696 61293   76.00000   76  119   79.00000   35.00000  55.7%  33.5 1095s
 101725 63326   76.00000   77  119   79.00000   35.00000  55.7%  33.5 1112s
 104598 63340   59.00000   88  150   79.00000   35.00000  55.7%  33.7 1127s
 104620 65436   70.00000   89  126   79.00000   35.00000  55.7%  33.7 1145s
 107511 65451   77.00000   74   96   79.00000   35.00000  55.7%  33.7 1159s
 107532 65840 infeasible   75        79.00000   35.00000  55.7%  33.7 1183s
H107681 57583                      78.0000000   35.00000  55.1%  33.7 1183s
 108199 57728   77.00000   87   96   78.00000   35.00000  55.1%  33.8 1197s
 108568 60410   77.00000   89   84   78.00000   35.00000  55.1%  33.8 1222s
H112407 56745                      77.0000000   35.00000  54.5%  33.8 1249s
 114153 56745   65.00000   70  153   77.00000   35.00000  54.5%  33.9 1250s
 114154 67807   58.00000  108  133   77.00000   35.00000  54.5%  33.9 1337s
 131394 67810   67.00000   69  132   77.00000   35.00000  54.5%  35.0 1361s
H131395 62765                      76.0000000   35.00000  53.9%  35.0 1361s
 131420 62993   67.00000   70  132   76.00000   35.00000  53.9%  35.0 1383s
H131544 62991                      76.0000000   35.00000  53.9%  35.0 1383s
 131811 63211   67.00000   72  144   76.00000   35.00000  53.9%  35.0 1403s
 132114 65769   67.00000   76  139   76.00000   35.00000  53.9%  35.0 1423s
 136281 65975   56.00000   38  114   76.00000   35.00000  53.9%  35.3 1451s
 136645 77694   56.00000   39  114   76.00000   35.00000  53.9%  35.3 1515s
 154663 77755   51.00000   69  168   76.00000   35.00000  53.9%  36.0 1544s
 154748 78144   51.00000   70  168   76.00000   35.00000  53.9%  36.0 1569s
 155294 78158   53.00000   77  156   76.00000   35.00000  53.9%  36.1 1609s
 155316 79302   64.00000   78  150   76.00000   35.00000  53.9%  36.1 1624s
 157217 79310     cutoff  118        76.00000   35.00000  53.9%  36.1 1645s
 157245 80171   73.00000  118  108   76.00000   35.00000  53.9%  36.1 1659s
 158497 81477   74.00000  130   66   76.00000   35.00000  53.9%  36.2 1678s
 160470 89849   67.00000   78  197   76.00000   35.00000  53.9%  36.2 1759s
 170040 89849 infeasible  102        76.00000   35.00000  53.9%  36.6 1760s
 173615 89863   48.00000   66  210   76.00000   35.00000  53.9%  36.7 1778s
 173636 91547   48.00000   67  211   76.00000   35.00000  53.9%  36.7 1798s
 176365 91600   72.00000   72  150   76.00000   35.00000  53.9%  36.7 1814s
 176456 93258   72.00000   73  154   76.00000   35.00000  53.9%  36.7 1834s
 178165 93258   75.00000  113   36   76.00000   35.00000  53.9%  36.8 1835s
 179192 93269   62.00000   67  147   76.00000   35.00000  53.9%  36.8 1874s
 179217 95129   69.00000   68  133   76.00000   35.00000  53.9%  36.8 1898s
 182136 96176   54.00000   46  162   76.00000   35.00000  53.9%  36.8 1919s
 183878 105729   55.00000   47  140   76.00000   35.00000  53.9%  36.9 2000s
 199268 105740   52.00000   85  136   76.00000   35.00000  53.9%  37.2 2027s
 199292 107246   62.00000   85  139   76.00000   35.00000  53.9%  37.2 2045s
 201648 107407   72.00000   79  178   76.00000   35.00000  53.9%  37.3 2066s
 201891 109131   72.00000   80  182   76.00000   35.00000  53.9%  37.3 2086s
 204664 109904   63.00000   72  188   76.00000   35.00000  53.9%  37.3 2115s
 205861 121228   63.00000   73  188   76.00000   35.00000  53.9%  37.3 2201s
 223879 121246   75.00000   91  122   76.00000   35.00000  53.9%  37.6 2237s
 223897 121553   75.00000   92  120   76.00000   35.00000  53.9%  37.6 2262s
 224380 121571   62.00000   53  116   76.00000   35.00000  53.9%  37.6 2284s
 224398 123497   62.00000   54  114   76.00000   35.00000  53.9%  37.6 2305s
 227118 124247   69.00000   74  196   76.00000   35.00000  53.9%  37.7 2326s
 228285 135062   62.00000   76  180   76.00000   35.00000  53.9%  37.8 2404s
 233290 135062   64.00000   72  140   76.00000   35.00000  53.9%  37.8 2405s
 246065 135201   75.00000   76   98   76.00000   35.00000  53.9%  38.0 2440s
 246262 136645   75.00000   77   94   76.00000   35.00000  53.9%  38.0 2463s
 248655 136656   70.00000   87  124   76.00000   35.00000  53.9%  38.1 2485s
 248680 138365   70.00000   88  122   76.00000   35.00000  53.9%  38.1 2505s
 251473 138719   72.00000   74   78   76.00000   35.00000  53.9%  38.1 2535s
 252051 150274   62.00000   67  142   76.00000   35.00000  53.9%  38.1 2621s
 270069 150290   51.00000   61  120   76.00000   35.00000  53.9%  38.2 2651s
 270089 150649   51.00000   62  112   76.00000   35.00000  53.9%  38.2 2675s
 270662 150657     cutoff   90        76.00000   35.00000  53.9%  38.2 2700s
 270694 152768   74.00000   90  106   76.00000   35.00000  53.9%  38.2 2721s
 274218 153041 infeasible   99        76.00000   35.00000  53.9%  38.2 2752s
 274683 164351   35.00000   83  213   76.00000   35.00000  53.9%  38.2 2828s
 292701 164366 infeasible  100        76.00000   35.00000  53.9%  38.5 2863s
 292722 166281   74.00000  101  110   76.00000   35.00000  53.9%  38.5 2881s
 295795 166292   35.00000   50  211   76.00000   35.00000  53.9%  38.5 2908s
 295820 168239   35.00000   51  257   76.00000   35.00000  53.9%  38.5 2926s
 298820 168398   74.00000   75   86   76.00000   35.00000  53.9%  38.5 2954s
 299071 180213   74.00000   76   82   76.00000   35.00000  53.9%  38.5 3033s
 317089 180223   51.00000   40  156   76.00000   35.00000  53.9%  38.6 3067s
 317115 180610   51.00000   41  151   76.00000   35.00000  53.9%  38.6 3095s
 317765 180622   62.00000   66  134   76.00000   35.00000  53.9%  38.6 3116s
 317789 181708   62.00000   67  134   76.00000   35.00000  53.9%  38.6 3133s
 319747 181903   71.00000  105   94   76.00000   35.00000  53.9%  38.6 3152s
 320093 182094 infeasible  106        76.00000   35.00000  53.9%  38.6 3179s
 320472 182313   71.00000  107   99   76.00000   35.00000  53.9%  38.6 3205s
 320849 193435   71.00000  108  102   76.00000   35.00000  53.9%  38.6 3284s
 328857 193435   72.00000   66   84   76.00000   35.00000  53.9%  38.6 3285s
 338867 193446   37.00000   53  219   76.00000   35.00000  53.9%  38.7 3325s
 338892 193854   35.00000   53  235   76.00000   35.00000  53.9%  38.7 3355s
 339516 193989   35.00000   54  239   76.00000   35.00000  53.9%  38.7 3379s
 339716 196430   38.00000   62  231   76.00000   35.00000  53.9%  38.7 3399s
 342961 196430   71.00000  104  138   76.00000   35.00000  53.9%  38.7 3400s
 343392 196580   35.00000   53  251   76.00000   35.00000  53.9%  38.7 3430s
 343622 207831   35.00000   54  253   76.00000   35.00000  53.9%  38.7 3507s
 361640 207841   67.00000   46  113   76.00000   35.00000  53.9%  38.8 3572s
 361666 209575   44.00000   47  159   76.00000   35.00000  53.9%  38.8 3591s
 364202 209674   50.00000   60  144   76.00000   35.00000  53.9%  38.8 3620s
 364331 211706   53.00000   61  130   76.00000   35.00000  53.9%  38.8 3638s
 367337 211876   54.00000   64  214   76.00000   35.00000  53.9%  38.8 3670s
 367569 223329   70.00000   65  172   76.00000   35.00000  53.9%  38.8 3759s
 376578 223329   46.00000   76  197   76.00000   35.00000  53.9%  38.9 3760s
 385587 223376   75.00000   87  107   76.00000   35.00000  53.9%  39.0 3799s
 385696 223689   75.00000   88  108   76.00000   35.00000  53.9%  39.0 3828s
 386278 223817   72.00000   59   99   76.00000   35.00000  53.9%  39.0 3852s
 386478 225830   72.00000   70   88   76.00000   35.00000  53.9%  39.0 3871s
 389074 226524   75.00000   78  104   76.00000   35.00000  53.9%  39.0 3887s
 390300 237401   75.00000   84   82   76.00000   35.00000  53.9%  38.9 3959s
 393303 237401   64.00000   59  158   76.00000   35.00000  53.9%  38.9 3960s
 408318 237413   75.00000   52   90   76.00000   35.00000  53.9%  38.9 4032s
 408342 238713   75.00000   52  102   76.00000   35.00000  53.9%  38.9 4049s
 410160 238729   60.00000   99  135   76.00000   35.00000  53.9%  39.0 4073s
 410180 239497   60.00000  100  133   76.00000   35.00000  53.9%  39.0 4089s
 411367 239602   67.00000  132  110   76.00000   35.00000  53.9%  39.0 4117s
 411558 250635   44.00000   55  197   76.00000   35.00000  53.9%  39.0 4202s
 429576 250645   72.00000   59  165   76.00000   35.00000  53.9%  39.0 4244s
 429602 251915   72.00000   60  166   76.00000   35.00000  53.9%  39.0 4263s
 431460 251927   75.00000   68   88   76.00000   35.00000  53.9%  39.0 4323s
 431486 253221   75.00000   69   88   76.00000   35.00000  53.9%  39.0 4341s
 433594 253389 infeasible   91        76.00000   35.00000  53.9%  39.0 4367s
 433896 264706   75.00000   90   94   76.00000   35.00000  53.9%  39.0 4453s
 451914 264830   67.00000   59   58   76.00000   35.00000  53.9%  39.0 4484s
 452108 266080   67.00000   60   56   76.00000   35.00000  53.9%  39.0 4503s
 454071 266092   49.00000   64  182   76.00000   35.00000  53.9%  39.0 4530s
 454095 267496   55.00000   65  177   76.00000   35.00000  53.9%  39.0 4545s
 456191 267965   51.00000   61  116   76.00000   35.00000  53.9%  39.0 4572s
 457069 279466   51.00000   62  114   76.00000   35.00000  53.9%  39.0 4664s
 467079 279466   74.00000  108   78   76.00000   35.00000  53.9%  39.0 4665s
 475087 279478   75.00000   93   94   76.00000   35.00000  53.9%  39.0 4703s
 475111 279826     cutoff   94        76.00000   35.00000  53.9%  39.0 4730s
 475667 279846   69.00000   45  100   76.00000   35.00000  53.9%  39.0 4755s
 475707 282073   69.00000   46   96   76.00000   35.00000  53.9%  39.0 4777s
 478910 282386   51.00000   44  130   76.00000   35.00000  53.9%  39.1 4807s
 479483 293398   51.00000   45  132   76.00000   35.00000  53.9%  39.1 4890s
 497501 293410   75.00000   81   64   76.00000   35.00000  53.9%  39.1 4937s
 497525 295416   75.00000   82   72   76.00000   35.00000  53.9%  39.1 4958s
 500596 295586   59.00000   61  167   76.00000   35.00000  53.9%  39.1 4993s
 500856 306984   59.00000   62  165   76.00000   35.00000  53.9%  39.1 5070s
 518874 306999   74.00000   60  141   76.00000   35.00000  53.9%  39.1 5116s
 518895 307427   74.00000   61  141   76.00000   35.00000  53.9%  39.1 5143s
 519512 307523   74.00000   77  117   76.00000   35.00000  53.9%  39.1 5178s
 519642 308808   74.00000   84  129   76.00000   35.00000  53.9%  39.1 5193s
 521677 308823   51.00000   47  185   76.00000   35.00000  53.9%  39.1 5252s
 521698 311050   51.00000   48  185   76.00000   35.00000  53.9%  39.1 5272s
 525286 311242   74.00000   91   92   76.00000   35.00000  53.9%  39.0 5307s
 525643 323008   35.00000   49  196   76.00000   35.00000  53.9%  39.0 5396s
 543661 323020   57.00000   73  162   76.00000   35.00000  53.9%  39.1 5442s
 543684 324802   71.00000   74  138   76.00000   35.00000  53.9%  39.1 5463s
 546602 325109   70.00000   85  134   76.00000   35.00000  53.9%  39.1 5494s
 547099 330631   55.00000   62  170   76.00000   35.00000  53.9%  39.1 5542s
 555754 330645   75.00000   94  110   76.00000   35.00000  53.9%  39.1 5576s
 555776 331599   75.00000   95  108   76.00000   35.00000  53.9%  39.1 5599s
 557035 331617   62.00000   79  160   76.00000   35.00000  53.9%  39.1 5629s
 557053 333400   62.00000   80  158   76.00000   35.00000  53.9%  39.1 5644s
 559689 333413   69.00000   55  139   76.00000   35.00000  53.9%  39.1 5703s
 559712 335421   74.00000   56  144   76.00000   35.00000  53.9%  39.1 5723s
 562740 335434   74.00000   82  128   76.00000   35.00000  53.9%  39.1 5752s
 562763 337379 infeasible   83        76.00000   35.00000  53.9%  39.1 5771s
 565777 337393   75.00000   65  151   76.00000   35.00000  53.9%  39.1 5807s
 565799 339013   75.00000   66  149   76.00000   35.00000  53.9%  39.1 5827s
 568375 339346   68.00000   50  123   76.00000   35.00000  53.9%  39.1 5856s
 568869 344418   72.00000   77  150   76.00000   35.00000  53.9%  39.1 5906s
 577008 344433   70.00000   96  134   76.00000   35.00000  53.9%  39.1 5940s
 577029 346517 infeasible   97        76.00000   35.00000  53.9%  39.1 5957s
 579848 346528   65.00000  103  174   76.00000   35.00000  53.9%  39.1 6013s
 579873 347883   65.00000  104  164   76.00000   35.00000  53.9%  39.1 6026s
 581950 347953 infeasible  129        76.00000   35.00000  53.9%  39.1 6055s
 582072 349820   72.00000  126  144   76.00000   35.00000  53.9%  39.1 6074s
 585012 349835 infeasible  103        76.00000   35.00000  53.9%  39.1 6106s
 585033 351819 infeasible  104        76.00000   35.00000  53.9%  39.1 6128s
 588214 351826   62.00000   49  112   76.00000   35.00000  53.9%  39.1 6163s
 588243 353672   62.00000   50  114   76.00000   35.00000  53.9%  39.1 6183s
 591148 353820   62.00000   68  107   76.00000   35.00000  53.9%  39.1 6217s
 591374 365019   35.00000   34  222   76.00000   35.00000  53.9%  39.1 6301s
 609392 365108     cutoff  106        76.00000   35.00000  53.9%  39.1 6346s
 609565 365322   74.00000  107   98   76.00000   35.00000  53.9%  39.1 6378s
 609895 365634   74.00000  108   96   76.00000   35.00000  53.9%  39.1 6411s
 610325 368107   35.00000   74  146   76.00000   35.00000  53.9%  39.1 6439s
 614009 368107   75.00000   81  142   76.00000   35.00000  53.9%  39.1 6440s
 614036 368790     cutoff   90        76.00000   35.00000  53.9%  39.1 6472s
 615154 380544   75.00000   71  124   76.00000   35.00000  53.9%  39.1 6568s
 633172 380555   73.00000   78  136   76.00000   35.00000  53.9%  39.1 6649s
 633197 382404     cutoff   79        76.00000   35.00000  53.9%  39.1 6671s
 635876 382449   55.00000   46  103   76.00000   35.00000  53.9%  39.2 6712s
 635926 393950   55.00000   47  101   76.00000   35.00000  53.9%  39.2 6810s
 653944 393961 infeasible   82        76.00000   35.00000  53.9%  39.2 6856s
 653969 395898   58.00000   44  104   76.00000   35.00000  53.9%  39.2 6876s
 656925 395908   75.00000   98   91   76.00000   35.00000  53.9%  39.1 6914s
 656951 397646   75.00000   99   93   76.00000   35.00000  53.9%  39.1 6936s
 659634 397663   75.00000   74  120   76.00000   35.00000  53.9%  39.1 7003s
 659653 409215   75.00000   75  120   76.00000   35.00000  53.9%  39.1 7104s
 669663 409215 infeasible   91        76.00000   35.00000  53.9%  39.1 7105s
 677671 409228   73.00000   92  100   76.00000   35.00000  53.9%  39.1 7159s
 677694 410952 infeasible   93        76.00000   35.00000  53.9%  39.1 7178s
 680531 410960 infeasible   93        76.00000   35.00000  53.9%  39.1 7218s
 680559 412925   73.00000   93  122   76.00000   35.00000  53.9%  39.1 7237s
 683282 412983   56.00000   68  138   76.00000   35.00000  53.9%  39.1 7278s
 683380 424718   56.00000   68  144   76.00000   35.00000  53.9%  39.1 7372s
 701398 424735   56.00000   82  122   76.00000   35.00000  53.9%  39.2 7421s
 701417 425176   56.00000   83  128   76.00000   35.00000  53.9%  39.2 7451s
 702047 425367   56.00000   92  149   76.00000   35.00000  53.9%  39.2 7488s
 702325 425857   56.00000   94  117   76.00000   35.00000  53.9%  39.1 7520s
 703166 426019   75.00000   98  116   76.00000   35.00000  53.9%  39.1 7560s
 703414 428383   75.00000  101   90   76.00000   35.00000  53.9%  39.1 7584s
 707254 428397   73.00000   99  134   76.00000   35.00000  53.9%  39.1 7671s
 707276 440022   73.00000  100  122   76.00000   35.00000  53.9%  39.1 7779s
 725294 440032   74.00000   75  112   76.00000   35.00000  53.9%  39.1 7833s
 725320 441649   74.00000   76  112   76.00000   35.00000  53.9%  39.1 7852s
 728081 441703   62.00000   67  156   76.00000   35.00000  53.9%  39.1 7894s
 728169 443605   62.00000   68  183   76.00000   35.00000  53.9%  39.1 7914s
 731111 443627   59.00000   51  128   76.00000   35.00000  53.9%  39.1 7964s
 731163 455270   59.00000   52  140   76.00000   35.00000  53.9%  39.1 8061s
 749181 455283   72.00000   59  136   76.00000   35.00000  53.9%  39.2 8122s
 749204 455575   72.00000   60  126   76.00000   35.00000  53.9%  39.2 8150s
 749656 455667   75.00000   76   99   76.00000   35.00000  53.9%  39.2 8189s
 749823 456749   75.00000   77   75   76.00000   35.00000  53.9%  39.2 8207s
 751264 456756     cutoff   91        76.00000   35.00000  53.9%  39.2 8274s
 751293 457607   73.00000   95  128   76.00000   35.00000  53.9%  39.2 8296s
 752576 457884 infeasible   76        76.00000   35.00000  53.9%  39.2 8326s
 753070 461905   62.00000   60  129   76.00000   35.00000  53.9%  39.2 8379s
 759596 462101   66.00000   75  145   76.00000   35.00000  53.9%  39.2 8411s
 759925 463158   66.00000   76  143   76.00000   35.00000  53.9%  39.2 8436s
 761632 463336   59.00000   36  120   76.00000   35.00000  53.9%  39.2 8471s
 761894 465079   59.00000   37  116   76.00000   35.00000  53.9%  39.2 8503s
 764638 465095   37.00000   42  236   76.00000   35.00000  53.9%  39.2 8539s
 764658 467078   69.00000   42  155   76.00000   35.00000  53.9%  39.2 8569s
 767696 467087   73.00000   51  146   76.00000   35.00000  53.9%  39.2 8636s
 767722 469047   54.00000   51  197   76.00000   35.00000  53.9%  39.2 8667s
 770790 469058   74.00000   67  122   76.00000   35.00000  53.9%  39.2 8704s
 770814 471141   74.00000   68  118   76.00000   35.00000  53.9%  39.2 8734s
 773820 471301   70.00000  115   91   76.00000   35.00000  53.9%  39.2 8771s
 774067 472894   70.00000  115   97   76.00000   35.00000  53.9%  39.2 8800s
 776808 473045   75.00000   97   76   76.00000   35.00000  53.9%  39.2 8838s
 777061 484902   75.00000   67  157   76.00000   35.00000  53.9%  39.2 8955s
 795079 484920   75.00000  101  140   76.00000   35.00000  53.9%  39.1 9003s
 795097 485183   75.00000  102  140   76.00000   35.00000  53.9%  39.1 9035s
 795484 485318   55.00000   65  204   76.00000   35.00000  53.9%  39.1 9074s
 795687 487245   55.00000   76  222   76.00000   35.00000  53.9%  39.1 9101s
 799005 487463   56.00000   54  119   76.00000   35.00000  53.9%  39.1 9145s
 799377 498759   56.00000   55  113   76.00000   35.00000  53.9%  39.1 9243s
 817395 498775   75.00000   93   88   76.00000   35.00000  53.9%  39.1 9355s
 817417 500014   75.00000   94   96   76.00000   35.00000  53.9%  39.1 9372s
 819525 500020   74.00000   85  128   76.00000   35.00000  53.9%  39.1 9416s
 819555 501523   74.00000   86  116   76.00000   35.00000  53.9%  39.2 9435s
 822053 501714   69.00000   48  150   76.00000   35.00000  53.9%  39.1 9481s
 822342 513183   69.00000   49  148   76.00000   35.00000  53.9%  39.1 9588s
 836356 513183 infeasible   75        76.00000   35.00000  53.9%  39.1 9591s
 840360 513234   71.00000   73  174   76.00000   35.00000  53.9%  39.1 9640s
 840437 514653   71.00000   74  166   76.00000   35.00000  53.9%  39.1 9662s
 842623 514667   55.00000   54  128   76.00000   35.00000  53.9%  39.1 9758s
 842645 516085   55.00000   55  124   76.00000   35.00000  53.9%  39.1 9776s
 845009 516100   57.00000   67  174   76.00000   35.00000  53.9%  39.1 9821s
 845030 527520   57.00000   68  172   76.00000   35.00000  53.9%  39.1 9927s
 863048 527551   75.00000  123   84   76.00000   35.00000  53.9%  39.1 9979s
 863111 528910   75.00000  124  104   76.00000   35.00000  53.9%  39.1 9998s
 865065 529196   70.00000   77  110   76.00000   35.00000  53.9%  39.1 10043s
 865555 530803   75.00000   97   72   76.00000   35.00000  53.9%  39.1 10065s
 867912 531349   74.00000   87  110   76.00000   35.00000  53.9%  39.1 10111s
 868702 543096   35.00000   42  104   76.00000   35.00000  53.9%  39.1 10229s
 886720 543109   75.00000   72   96   76.00000   35.00000  53.9%  39.1 10287s
 886743 543419   75.00000   73   94   76.00000   35.00000  53.9%  39.1 10311s
 887341 543437   73.00000   42  112   76.00000   35.00000  53.9%  39.1 10356s
 887361 544117   73.00000   44  104   76.00000   35.00000  53.9%  39.1 10370s
 888372 544132   73.00000   68  100   76.00000   35.00000  53.9%  39.1 10409s
 888393 544705   73.00000   69   94   76.00000   35.00000  53.9%  39.1 10427s
 889476 544722 infeasible   76        76.00000   35.00000  53.9%  39.1 10471s
 889495 545698   75.00000   77  144   76.00000   35.00000  53.9%  39.1 10490s
 890919 545714   75.00000   57  131   76.00000   35.00000  53.9%  39.1 10537s
 890939 557261   75.00000   58  160   76.00000   35.00000  53.9%  39.1 10657s
 905954 557261   35.00000   42  201   76.00000   35.00000  53.9%  39.1 10660s
 908957 557268   65.00000  108  110   76.00000   35.00000  53.9%  39.1 10711s
 908986 557668   65.00000  109  108   76.00000   35.00000  53.9%  39.1 10726s
 909691 558057   55.00000   49  157   76.00000   35.00000  53.9%  39.1 10761s
 910207 558774   73.00000   73  114   76.00000   35.00000  53.9%  39.1 10780s
 911201 558791 infeasible   60        76.00000   35.00000  53.9%  39.1 10800s

Explored 911220 nodes (35614456 simplex iterations) in 10800.42 seconds (1130.85 work units)
Thread count was 18 (of 36 available processors)

Solution count 10: 76 76 77 ... 81

Time limit reached
Best objective 7.599999999230e+01, best bound 3.500000000000e+01, gap 53.9474%
