
Gurobi 11.0.0 (win64) logging started Sat May  4 16:47:32 2024

Set parameter LogFile to value "./Results/StripPacking-CutHeurRuns/Logs/SU-011-StripPacking-15.log"
Set parameter TimeLimit to value 10800
Set parameter Cuts to value 0
Set parameter Presolve to value 1
Set parameter Heuristics to value 1
Set parameter LPWarmStart to value 2
Gurobi Optimizer version 11.0.0 build v11.0.0rc2 (win64 - Windows 10.0 (19045.2))

CPU model: Intel(R) Core(TM) i9-10980XE CPU @ 3.00GHz, instruction set [SSE2|AVX|AVX2|AVX512]
Thread count: 18 physical cores, 36 logical processors, using up to 18 threads

Optimize a model with 1380 rows, 451 columns and 3390 nonzeros
Model fingerprint: 0x5162acd9
Variable types: 31 continuous, 420 integer (420 binary)
Coefficient statistics:
  Matrix range     [1e+00, 1e+04]
  Objective range  [1e+00, 1e+00]
  Bounds range     [1e+00, 1e+04]
  RHS range        [1e+00, 1e+04]

Warning: Completing partial solution with 420 unfixed non-continuous variables out of 420
User MIP start produced solution with objective 71.5 (0.00s)
Loaded user MIP start with objective 71.5

Presolve removed 210 rows and 0 columns
Presolve time: 0.02s
Presolved: 1170 rows, 451 columns, 3542 nonzeros
Variable types: 31 continuous, 420 integer (420 binary)

Root relaxation: objective 3.300000e+01, 273 iterations, 0.02 seconds (0.00 work units)

    Nodes    |    Current Node    |     Objective Bounds      |     Work
 Expl Unexpl |  Obj  Depth IntInf | Incumbent    BestBd   Gap | It/Node Time

     0     0   33.00000    0   30   71.50000   33.00000  53.8%     -    0s
H    0     0                      71.0000000   33.00000  53.5%     -    0s
     0     0   33.00000    0   25   71.00000   33.00000  53.5%     -    0s
H    0     0                      70.0000000   33.00000  52.9%     -    0s
H    0     0                      67.0000000   33.00000  50.7%     -    0s
H    0     2                      66.0000000   33.00000  50.0%     -    0s
     0     2   33.00000    0   23   66.00000   33.00000  50.0%     -    0s
H    4     8                      64.0000000   33.00000  48.4%  48.3    0s
H    6     8                      61.0000000   33.00000  45.9%  36.5    0s
H   83    86                      59.0000000   33.00000  44.1%  13.8    0s
H   90   104                      58.0000000   33.00000  43.1%  14.4    0s
H  102   104                      57.0000000   33.00000  42.1%  14.2    0s
H  202   207                      56.0000000   33.00000  41.1%  24.9    2s
H  469   482                      55.0000000   33.00000  40.0%  22.7   13s
  1048  1882   33.31707   47   44   55.00000   33.00000  40.0%  16.9   15s
H 1113  1865                      53.0000000   33.00000  37.7%  16.6   15s
  3531  2588   40.00000   23   30   53.00000   33.00000  37.7%  12.6   26s
H 3539  2462                      50.0000000   33.00000  34.0%  12.6   26s
  3921  2649   33.00000   34   37   50.00000   33.00000  34.0%  13.4   32s
H 3923  2531                      50.0000000   33.00000  34.0%  13.4   32s
  4084  2574   45.00000   39   36   50.00000   33.00000  34.0%  13.8   41s
  4491  2674     cutoff   50        50.00000   33.00000  34.0%  14.9   45s
  4910  2708   47.00000   58   33   50.00000   33.00000  34.0%  15.7   53s
  4998  2678 infeasible   58        50.00000   33.00000  34.0%  15.8   57s
  5035  2681   33.00000   24   21   50.00000   33.00000  34.0%  15.8   61s
  5357  2799   46.00000   36   30   50.00000   33.00000  34.0%  16.0   70s
  6475  3019   47.00000   44   48   50.00000   33.00000  34.0%  17.0   76s
  6678  2997   47.00000   45   48   50.00000   33.00000  34.0%  17.2   87s
  7215  3605   41.00000   43   28   50.00000   33.00000  34.0%  17.7   90s
  8750  3419   49.00000   43   38   50.00000   33.00000  34.0%  19.3   97s
  9900  3543   41.00000   41   31   50.00000   33.00000  34.0%  20.0  104s
 10550  3813   33.00000   34   61   50.00000   33.00000  34.0%  20.8  108s
 11208  4216   48.00000   49   38   50.00000   33.00000  34.0%  21.2  113s
 12149  4631     cutoff   49        50.00000   33.00000  34.0%  21.9  118s
 13126  4827   47.00000   49   26   50.00000   33.00000  34.0%  22.2  125s
 18465  6527     cutoff   58        50.00000   33.00000  34.0%  24.0  135s
 18584  6628   49.00000   58   37   50.00000   33.00000  34.0%  24.0  147s
 18807  6642   33.00000   45   61   50.00000   33.00000  34.0%  24.1  160s
 20547  7244   36.00000   33   65   50.00000   33.00000  34.0%  24.6  175s
 20577  7740   33.00000   34   42   50.00000   33.00000  34.0%  24.6  180s
 21899  8976   46.00000   33   47   50.00000   33.00000  34.0%  24.5  188s
 25858  9447   47.00000   56   38   50.00000   33.00000  34.0%  25.1  191s
 27634  9629   48.00000   29   27   50.00000   33.00000  34.0%  25.4  197s
 28278 10329 infeasible   41        50.00000   33.00000  34.0%  25.5  201s
 30558 10741   46.00000   45   38   50.00000   33.00000  34.0%  25.6  207s
 31894 11427 infeasible   46        50.00000   33.00000  34.0%  25.7  210s
 34506 11689 infeasible   50        50.00000   33.00000  34.0%  26.0  216s
 35433 11770 infeasible   51        50.00000   33.00000  34.0%  26.1  229s
 35687 12228 infeasible   43        50.00000   33.00000  34.0%  26.1  236s
 37121 13226     cutoff   56        50.00000   33.00000  34.0%  26.4  241s
 40363 13732 infeasible   56        50.00000   33.00000  34.0%  26.7  248s
 41885 14068   47.00000   49   30   50.00000   33.00000  34.0%  26.8  256s
 43094 14997   44.00000   55   48   50.00000   33.00000  34.0%  26.9  261s
 46539 15187   33.00000   35   42   50.00000   33.00000  34.0%  27.2  271s
 46646 15282   38.00000   38   38   50.00000   33.00000  34.0%  27.2  275s
 46870 15350   33.00000   47   48   50.00000   33.00000  34.0%  27.1  281s
 46927 15349   35.00000   48   50   50.00000   33.00000  34.0%  27.1  286s
 47174 15422   33.00000   54   35   50.00000   33.00000  34.0%  27.1  294s
 47204 15424   33.00000   55   33   50.00000   33.00000  34.0%  27.1  295s
 47452 15480   33.00000   62   36   50.00000   33.00000  34.0%  27.0  305s
 47621 15527   38.00000   67   37   50.00000   33.00000  34.0%  27.0  312s
 47864 15574   47.00000   73   43   50.00000   33.00000  34.0%  27.0  315s
 48392 15670   48.00000   74   40   50.00000   33.00000  34.0%  27.0  322s
 49062 15613   46.00000   66   35   50.00000   33.00000  34.0%  27.0  340s
 49664 15618 infeasible   85        50.00000   33.00000  34.0%  27.0  347s
 50003 15636   33.00000   73   43   50.00000   33.00000  34.0%  27.0  352s
 50170 15675   36.00000   74   41   50.00000   33.00000  34.0%  27.0  358s
 50515 15674 infeasible   90        50.00000   33.00000  34.0%  27.0  360s
 51286 15686   46.00000   68   33   50.00000   33.00000  34.0%  27.1  368s
 51569 15682   46.00000   69   30   50.00000   33.00000  34.0%  27.1  374s
 51842 15714 infeasible   70        50.00000   33.00000  34.0%  27.1  378s
 52849 15769   34.00000   57   56   50.00000   33.00000  34.0%  27.1  383s
 53197 15998   34.00000   54   57   50.00000   34.00000  32.0%  27.1  389s
 54353 15630 infeasible   68        50.00000   34.00000  32.0%  27.2  400s
 54433 15871 infeasible   69        50.00000   34.00000  32.0%  27.2  405s
 55466 15924     cutoff   73        50.00000   34.00000  32.0%  27.3  410s
 57991 15711   37.00000   61   44   50.00000   34.00000  32.0%  27.5  418s
 59219 15507   46.00000   62   38   50.00000   34.00000  32.0%  27.5  425s
 62514 15102 infeasible   65        50.00000   34.00000  32.0%  27.8  440s
 64082 15428 infeasible   75        50.00000   34.00000  32.0%  27.7  448s
 64421 15865 infeasible   76        50.00000   34.00000  32.0%  27.7  450s
 66545 15163   47.00000   57   43   50.00000   34.00000  32.0%  27.9  459s
 66575 15879   47.00000   58   47   50.00000   34.00000  32.0%  27.9  462s
 68977 15515   47.00000   59   50   50.00000   34.00000  32.0%  28.1  471s
 74264 14814 infeasible   57        50.00000   35.00000  30.0%  28.4  481s
 75851 14737 infeasible   69        50.00000   35.00000  30.0%  28.5  490s
 77201 14799   49.00000   79   28   50.00000   36.00000  28.0%  28.6  499s
 77896 14775   49.00000   80   24   50.00000   36.00000  28.0%  28.6  505s
 81049 14561   36.00000   81   50   50.00000   36.00000  28.0%  28.7  513s
 81327 15092 infeasible   82        50.00000   36.00000  28.0%  28.7  515s
 83841 14466   47.00000   59   39   50.00000   37.00000  26.0%  28.8  521s
 84734 14674 infeasible   67        50.00000   37.00000  26.0%  28.9  526s
 86274 14396 infeasible   76        50.00000   37.00000  26.0%  28.8  534s
 86894 15209 infeasible   76        50.00000   37.00000  26.0%  28.8  536s
 90628 13980   47.00000   66   35   50.00000   37.00000  26.0%  28.9  553s
 90659 19120 infeasible   67        50.00000   37.00000  26.0%  28.9  557s
 108677 18931   44.00000   63   50   50.00000   37.00000  26.0%  29.3  568s
 109842 19417 infeasible   52        50.00000   37.00000  26.0%  29.3  581s
 111130 20009 infeasible   62        50.00000   37.00000  26.0%  29.3  590s
 113262 21132 infeasible   47        50.00000   37.00000  26.0%  29.3  607s
 115278 22871 infeasible   63        50.00000   37.00000  26.0%  29.4  611s
 121198 23245   49.00000   63   28   50.00000   38.00000  24.0%  29.5  618s
 122484 23251 infeasible   73        50.00000   38.00000  24.0%  29.5  633s
 122522 24100   46.00000   72   52   50.00000   38.00000  24.0%  29.5  636s
 125485 24251 infeasible   67        50.00000   38.00000  24.0%  29.6  643s
 126056 24849   47.00000   56   47   50.00000   38.00000  24.0%  29.6  649s
 128280 25346   46.00000   45   46   50.00000   38.00000  24.0%  29.7  654s
 129913 25916   47.00000   44   21   50.00000   38.00000  24.0%  29.7  659s
 131864 26403   38.00000   52   84   50.00000   38.00000  24.0%  29.8  666s
 133673 26734   49.00000   68   16   50.00000   38.00000  24.0%  29.8  671s
 135280 28004 infeasible   59        50.00000   38.00000  24.0%  29.9  679s
 139919 28057 infeasible   64        50.00000   38.00000  24.0%  30.0  690s
 140224 28486 infeasible   51        50.00000   38.00000  24.0%  30.0  695s
 141841 29365   49.00000   56   24   50.00000   38.00000  24.0%  30.0  700s
 144242 29508 infeasible   60        50.00000   38.00000  24.0%  30.0  709s
 144657 30365   46.00000   60   34   50.00000   38.00000  24.0%  30.0  712s
 147256 30378   44.00000   65   66   50.00000   38.00000  24.0%  30.0  727s
 147283 31246   44.00000   66   62   50.00000   38.00000  24.0%  30.0  730s
 150135 31411 infeasible   55        50.00000   38.00000  24.0%  30.1  737s
 150779 31999 infeasible   67        50.00000   38.00000  24.0%  30.1  742s
 152757 32269   39.00000   46   49   50.00000   38.00000  24.0%  30.1  749s
 152983 32269 infeasible   47        50.00000   38.00000  24.0%  30.1  750s
 153835 32804   47.00000   53   50   50.00000   38.00000  24.0%  30.1  756s
 156033 33007   46.00000   66   49   50.00000   38.00000  24.0%  30.2  761s
 157194 34046 infeasible   67        50.00000   38.00000  24.0%  30.2  765s
 162440 34217 infeasible   54        50.00000   39.00000  22.0%  30.4  774s
 162856 34673   46.00000   54   51   50.00000   39.00000  22.0%  30.4  779s
 165270 34683   48.00000   43   38   50.00000   39.00000  22.0%  30.4  792s
 165304 35155   48.00000   44   32   50.00000   39.00000  22.0%  30.4  796s
 166671 35599   39.00000   43   47   50.00000   39.00000  22.0%  30.4  803s
 169046 35852   39.00000   45   42   50.00000   39.00000  22.0%  30.4  810s
 170553 36037   46.00000   54   38   50.00000   39.00000  22.0%  30.5  818s
 171561 36854   47.00000   43   30   50.00000   39.00000  22.0%  30.5  822s
 175255 36973   49.00000   56   47   50.00000   39.00000  22.0%  30.6  831s
 178177 37628   39.00000   55   48   50.00000   39.00000  22.0%  30.7  835s
 178700 37843   47.00000   60   33   50.00000   39.00000  22.0%  30.7  843s
 179590 37919   47.00000   61   31   50.00000   39.00000  22.0%  30.7  856s
 179838 41850   48.00000   77   21   50.00000   39.00000  22.0%  30.7  861s
 197856 41906 infeasible   52        50.00000   40.00000  20.0%  31.2  876s
 198064 42626   40.00000   50   63   50.00000   40.00000  20.0%  31.2  880s
 199748 42663   46.00000   58   51   50.00000   40.00000  20.0%  31.1  890s
 200107 43168   46.00000   59   60   50.00000   40.00000  20.0%  31.2  895s
 202428 44128   46.00000   47   52   50.00000   40.00000  20.0%  31.2  908s
 206717 44408 infeasible   54        50.00000   40.00000  20.0%  31.3  916s
 208624 44740 infeasible   47        50.00000   40.00000  20.0%  31.4  925s
 210290 45269 infeasible   46        50.00000   40.00000  20.0%  31.4  933s
 213040 45429   49.00000   55   40   50.00000   40.00000  20.0%  31.4  945s
 213832 45763     cutoff   53        50.00000   40.00000  20.0%  31.5  953s
 216132 46161 infeasible   58        50.00000   40.00000  20.0%  31.5  960s
 217756 46635 infeasible   58        50.00000   40.00000  20.0%  31.5  967s
 220788 46727   42.00000   36   27   50.00000   40.00000  20.0%  31.6  979s
 221360 46782   41.00000   58   56   50.00000   40.00000  20.0%  31.6  994s
 221511 47154   46.00000   61   64   50.00000   40.00000  20.0%  31.6 1003s
 224037 47339   47.00000   61   50   50.00000   40.00000  20.0%  31.6 1014s
 224935 48284   47.00000   62   48   50.00000   40.00000  20.0%  31.7 1020s
 229620 48307 infeasible   60        50.00000   41.00000  18.0%  31.7 1030s
 229743 48785     cutoff   61        50.00000   41.00000  18.0%  31.7 1035s
 232099 48919 infeasible   45        50.00000   41.00000  18.0%  31.7 1045s
 234802 49552 infeasible   46        50.00000   42.00000  16.0%  31.7 1059s
 235225 50565 infeasible   45        50.00000   42.00000  16.0%  31.7 1062s
 239478 50567   46.00000   47   57   50.00000   42.00000  16.0%  31.7 1079s
 239514 51319   47.00000   49   53   50.00000   42.00000  16.0%  31.7 1082s
 243070 51329 infeasible   54        50.00000   42.00000  16.0%  31.7 1093s
 243231 51905 infeasible   41        50.00000   42.00000  16.0%  31.7 1098s
 244962 52637   49.00000   55   27   50.00000   42.00000  16.0%  31.7 1105s
 248010 53718   44.00000   55   37   50.00000   42.00000  16.0%  31.7 1115s
 252802 54586   46.00000   52   32   50.00000   42.00000  16.0%  31.7 1122s
 257026 54595   46.00000   50   46   50.00000   42.00000  16.0%  31.7 1142s
 257059 55202     cutoff   50        50.00000   42.00000  16.0%  31.7 1147s
 260191 55472 infeasible   44        50.00000   42.00000  16.0%  31.7 1153s
 262020 55570   48.00000   77   44   50.00000   42.00000  16.0%  31.7 1163s
 262371 56396 infeasible   78        50.00000   42.00000  16.0%  31.8 1167s
 266431 56710   42.00000   46   39   50.00000   42.00000  16.0%  31.8 1178s
 267589 57477   44.00000   58   30   50.00000   42.00000  16.0%  31.8 1185s
 271015 58400 infeasible   67        50.00000   42.00000  16.0%  31.8 1192s
 275783 59148 infeasible   56        50.00000   42.00000  16.0%  31.8 1199s
 278300 59154 infeasible   54        50.00000   42.00000  16.0%  31.8 1218s
 278360 60107   42.00000   54   27   50.00000   42.00000  16.0%  31.8 1220s
 282748 60363   42.00000   53   46   50.00000   42.00000  16.0%  31.8 1230s
 289051 61743   47.00000   48   40   50.00000   42.00000  16.0%  31.8 1243s
 289762 62215 infeasible   49        50.00000   42.00000  16.0%  31.8 1250s
 292084 62563 infeasible   63        50.00000   42.00000  16.0%  31.8 1257s
 293861 63841 infeasible   55        50.00000   42.00000  16.0%  31.8 1262s
 300175 63969 infeasible   61        50.00000   42.00000  16.0%  31.8 1270s
 300700 64056   49.00000   60   36   50.00000   42.00000  16.0%  31.8 1284s
 300925 64389   46.00000   54   40   50.00000   42.00000  16.0%  31.8 1291s
 302708 65256   47.00000   54   47   50.00000   42.00000  16.0%  31.8 1295s
 306029 65465   42.00000   52   48   50.00000   42.00000  16.0%  31.8 1305s
 307530 66345   42.00000   53   46   50.00000   42.00000  16.0%  31.8 1311s
 311787 66529 infeasible   45        50.00000   42.00000  16.0%  31.8 1320s
 313095 67097   44.00000   49   35   50.00000   42.00000  16.0%  31.9 1326s
 315760 67808 infeasible   56        50.00000   42.00000  16.0%  31.9 1333s
 319377 68954 infeasible   55        50.00000   42.00000  16.0%  31.9 1338s
 325225 68959 infeasible   52        50.00000   42.00000  16.0%  32.0 1356s
 325256 69379   46.00000   46   43   50.00000   42.00000  16.0%  32.0 1360s
 327739 69541 infeasible   45        50.00000   42.00000  16.0%  32.0 1368s
*328123 50925              72      49.0000000   42.00000  14.3%  32.0 1368s
 328825 51001 infeasible   45        49.00000   42.00000  14.3%  32.0 1378s
 330173 51109   48.00000   51   36   49.00000   42.00000  14.3%  32.0 1389s
 331528 51392   48.00000   52   46   49.00000   42.00000  14.3%  32.0 1395s
 334068 51851 infeasible   59        49.00000   42.00000  14.3%  32.1 1401s
 337837 51852   47.00000   53   25   49.00000   42.00000  14.3%  32.1 1405s
 338157 52070   42.00000   52   15   49.00000   42.00000  14.3%  32.0 1416s
 338592 52296   42.00000   65   38   49.00000   42.00000  14.3%  32.0 1420s
 338904 52307   42.00000   69   31   49.00000   42.00000  14.3%  32.0 1426s
 339412 52403   46.00000   76   39   49.00000   42.00000  14.3%  32.0 1430s
 339461 52400   44.00000   77   31   49.00000   42.00000  14.3%  32.0 1436s
 340063 52518   42.00000   68   31   49.00000   42.00000  14.3%  32.0 1440s
 340404 52557 infeasible   82        49.00000   42.00000  14.3%  32.0 1445s
 340932 52511   44.00000   76   30   49.00000   42.00000  14.3%  32.0 1450s
 340968 52508   47.00000   79   20   49.00000   42.00000  14.3%  32.0 1457s
 341152 52484   42.00000   71   47   49.00000   42.00000  14.3%  32.0 1460s
 341174 52521   42.00000   72   48   49.00000   42.00000  14.3%  32.0 1466s
 341551 52608   47.00000   79   40   49.00000   42.00000  14.3%  32.0 1471s
 342194 52693   42.00000   74   39   49.00000   42.00000  14.3%  32.0 1476s
 342711 52668 infeasible   75        49.00000   42.00000  14.3%  32.0 1480s
 343167 52546   46.00000   73   33   49.00000   42.00000  14.3%  32.0 1486s
 344112 52665   42.00000   82   42   49.00000   42.00000  14.3%  32.0 1494s
 344649 52678   45.00000   83   40   49.00000   42.00000  14.3%  32.0 1498s
 345149 52838   46.00000   83   26   49.00000   42.00000  14.3%  32.0 1502s
 345912 52699   46.00000   72   22   49.00000   42.00000  14.3%  32.0 1507s
 346168 52908   46.00000   73   35   49.00000   42.00000  14.3%  32.0 1510s
 346932 52792   42.00000   78   40   49.00000   42.00000  14.3%  32.0 1516s
 349034 52709   47.00000   76   17   49.00000   42.00000  14.3%  32.0 1522s
 349630 52966   42.00000   70   34   49.00000   42.00000  14.3%  32.0 1525s
 350801 52582   44.00000   53   40   49.00000   42.00000  14.3%  32.0 1534s
 350866 53002   44.00000   54   32   49.00000   42.00000  14.3%  32.0 1538s
 352206 52771   44.00000   72   41   49.00000   42.00000  14.3%  32.0 1542s
 353303 52807 infeasible   74        49.00000   42.00000  14.3%  32.0 1545s
 354772 52343   44.00000   71   55   49.00000   42.00000  14.3%  32.0 1553s
 356402 52269 infeasible   70        49.00000   42.00000  14.3%  32.0 1561s
 358281 52278     cutoff   73        49.00000   42.00000  14.3%  32.0 1567s
 358973 52576     cutoff   73        49.00000   42.00000  14.3%  32.0 1571s
 360883 52201   44.00000   64   30   49.00000   42.00000  14.3%  32.0 1578s
 361825 53103 infeasible   71        49.00000   42.00000  14.3%  32.0 1581s
 366019 51695 infeasible   65        49.00000   42.00000  14.3%  32.0 1592s
 367324 51779   42.00000   65   39   49.00000   42.00000  14.3%  32.0 1599s
 368073 51922   42.00000   66   38   49.00000   42.00000  14.3%  32.0 1603s
 369527 51865   48.00000   83   31   49.00000   42.00000  14.3%  32.0 1607s
 370998 51659 infeasible   94        49.00000   42.00000  14.3%  32.0 1613s
 371842 52040   44.00000   58   60   49.00000   42.00000  14.3%  32.0 1618s
 374013 52035   47.00000   65   44   49.00000   42.00000  14.3%  32.0 1621s
 376275 51836   42.00000   59   36   49.00000   42.00000  14.3%  32.0 1625s
 380515 51588 infeasible   77        49.00000   42.00000  14.3%  32.0 1634s
 381957 51709   42.00000   57   38   49.00000   42.00000  14.3%  32.0 1642s
 383858 52548   46.00000   67   43   49.00000   42.00000  14.3%  32.1 1649s
 389468 51167 infeasible   71        49.00000   42.00000  14.3%  32.1 1652s
 391324 50630   47.00000   60   30   49.00000   42.00000  14.3%  32.1 1656s
 393700 50315   47.00000   63   38   49.00000   42.00000  14.3%  32.1 1668s
 393823 50600 infeasible   64        49.00000   42.00000  14.3%  32.1 1673s
 395400 50712   47.00000   61   28   49.00000   42.00000  14.3%  32.1 1676s
 397807 50090 infeasible   87        49.00000   42.00000  14.3%  32.1 1681s
 398739 50152   47.00000   76   42   49.00000   42.00000  14.3%  32.1 1685s
 402919 49410   47.00000   72   42   49.00000   42.00000  14.3%  32.1 1692s
 404051 49382   42.00000   57   40   49.00000   42.00000  14.3%  32.1 1695s
 405991 49105   47.00000   61   20   49.00000   42.00000  14.3%  32.1 1706s
 412480 47959 infeasible   60        49.00000   42.00000  14.3%  32.1 1716s
 418516 46441 infeasible   64        49.00000   42.00000  14.3%  32.1 1724s
 419876 46637   44.00000   67   46   49.00000   42.00000  14.3%  32.1 1727s
 424143 45257 infeasible   62        49.00000   42.00000  14.3%  32.2 1734s
 424306 46008   48.00000   64   35   49.00000   42.00000  14.3%  32.2 1736s
 427060 45067 infeasible   63        49.00000   42.00000  14.3%  32.1 1749s
 427106 45415   45.00000   64   26   49.00000   42.00000  14.3%  32.1 1751s
 429853 45295   42.00000   64   34   49.00000   42.00000  14.3%  32.2 1756s
 434390 43968 infeasible   61        49.00000   42.00000  14.3%  32.2 1760s
 438078 43464   46.00000   66   50   49.00000   42.00000  14.3%  32.2 1770s
 439242 43624   46.00000   67   46   49.00000   42.00000  14.3%  32.2 1775s
 441891 43023 infeasible   71        49.00000   42.00000  14.3%  32.2 1780s
 446647 41938   42.00000   56   51   49.00000   42.00000  14.3%  32.2 1790s
 449664 41767     cutoff   66        49.00000   42.00000  14.3%  32.2 1798s
 449909 42093 infeasible   65        49.00000   42.00000  14.3%  32.2 1800s
 453074 41486 infeasible   65        49.00000   42.00000  14.3%  32.2 1807s
 460860 40109     cutoff   72        49.00000   42.00000  14.3%  32.3 1815s
 462864 39845   45.00000   59   36   49.00000   42.00000  14.3%  32.3 1823s
 463226 40270   46.00000   60   56   49.00000   42.00000  14.3%  32.3 1825s
 467204 39787   43.00000   63   30   49.00000   43.00000  12.2%  32.3 1834s
 469650 38980 infeasible   64        49.00000   43.00000  12.2%  32.3 1847s
 469717 40299   44.00000   55   26   49.00000   43.00000  12.2%  32.3 1850s
 475382 39320 infeasible   63        49.00000   43.00000  12.2%  32.3 1857s
 483701 37616   46.00000   62   49   49.00000   43.00000  12.2%  32.3 1863s
 485440 37695   44.00000   62   45   49.00000   43.00000  12.2%  32.3 1867s
 488808 37009 infeasible   68        49.00000   43.00000  12.2%  32.3 1871s
 491431 36678 infeasible   62        49.00000   43.00000  12.2%  32.3 1876s
 493696 36254   43.00000   55   40   49.00000   43.00000  12.2%  32.3 1883s
 494935 37250   43.00000   56   42   49.00000   43.00000  12.2%  32.3 1887s
 500084 38149   45.00000   67   18   49.00000   43.00000  12.2%  32.3 1891s
 504463 38141   45.00000   67   43   49.00000   43.00000  12.2%  32.3 1902s
 504536 38572   43.00000   58   40   49.00000   43.00000  12.2%  32.3 1907s
 507100 39313   46.00000   66   31   49.00000   43.00000  12.2%  32.3 1912s
 511605 39582   43.00000   59   38   49.00000   43.00000  12.2%  32.3 1916s
 513956 39785 infeasible   61        49.00000   43.00000  12.2%  32.3 1920s
 519217 40566   43.00000   66   56   49.00000   43.00000  12.2%  32.3 1926s
 524494 42028   46.00000   62   43   49.00000   43.00000  12.2%  32.4 1934s
 530768 42005   43.00000   62   45   49.00000   43.00000  12.2%  32.4 1948s
 530805 42249   43.00000   63   43   49.00000   43.00000  12.2%  32.4 1950s
 533463 42299   47.00000   70   38   49.00000   43.00000  12.2%  32.4 1957s
 537234 42917   46.00000   60   40   49.00000   43.00000  12.2%  32.4 1962s
 538274 43524 infeasible   67        49.00000   43.00000  12.2%  32.4 1965s
 541868 43615   46.00000   74   37   49.00000   43.00000  12.2%  32.4 1970s
 545217 44472   43.00000   58   37   49.00000   43.00000  12.2%  32.5 1977s
 547465 45326 infeasible   74        49.00000   43.00000  12.2%  32.5 1982s
 552002 45315 infeasible   70        49.00000   43.00000  12.2%  32.5 1991s
 554513 46299 infeasible   61        49.00000   43.00000  12.2%  32.5 1998s
 555849 46656   46.00000   62   25   49.00000   43.00000  12.2%  32.5 2002s
 558196 47051   43.00000   62   40   49.00000   43.00000  12.2%  32.5 2007s
 560970 47277   44.00000   64   50   49.00000   43.00000  12.2%  32.5 2012s
 563004 47514 infeasible   65        49.00000   43.00000  12.2%  32.6 2019s
 564482 48293   43.00000   65   55   49.00000   43.00000  12.2%  32.6 2020s
 569355 48278 infeasible   73        49.00000   43.00000  12.2%  32.6 2036s
 569393 50956   46.00000   68   29   49.00000   43.00000  12.2%  32.6 2041s
 587411 50942   47.00000   70   45   49.00000   43.00000  12.2%  32.7 2049s
 587654 51092 infeasible   71        49.00000   43.00000  12.2%  32.7 2056s
 590095 51562 infeasible   66        49.00000   44.00000  10.2%  32.7 2070s
 593765 53607   46.00000   81   53   49.00000   44.00000  10.2%  32.6 2087s
 596821 54274   46.00000   81   40   49.00000   44.00000  10.2%  32.6 2098s
 600773 54705 infeasible   65        49.00000   44.00000  10.2%  32.6 2107s
 603197 55264   47.00000   72   30   49.00000   44.00000  10.2%  32.6 2115s
 606961 55724 infeasible   71        49.00000   44.00000  10.2%  32.6 2122s
 609983 55957 infeasible   69        49.00000   44.00000  10.2%  32.6 2132s
 611323 56007   47.00000   69   39   49.00000   44.00000  10.2%  32.6 2152s
 611519 56574   44.00000   58   33   49.00000   44.00000  10.2%  32.6 2158s
 614774 56924     cutoff   73        49.00000   44.00000  10.2%  32.6 2167s
 617867 57670 infeasible   69        49.00000   44.00000  10.2%  32.6 2173s
 623369 57716 infeasible   77        49.00000   44.00000  10.2%  32.7 2182s
 624297 58259   44.00000   60   40   49.00000   44.00000  10.2%  32.7 2189s
 628011 58257 infeasible   67        49.00000   44.00000  10.2%  32.7 2197s
 628229 58689   44.00000   63   29   49.00000   44.00000  10.2%  32.7 2203s
 631641 58794 infeasible   73        49.00000   44.00000  10.2%  32.7 2212s
 632571 59363   44.00000   68   39   49.00000   44.00000  10.2%  32.7 2216s
 635952 59461   44.00000   84   27   49.00000   44.00000  10.2%  32.6 2224s
 637110 59722   44.00000   85   15   49.00000   44.00000  10.2%  32.6 2229s
 639633 59718   44.00000   65   50   49.00000   44.00000  10.2%  32.7 2250s
 639690 61544 infeasible   66        49.00000   44.00000  10.2%  32.7 2259s
 657708 61386 infeasible   65        49.00000   44.00000  10.2%  32.7 2269s
 658076 61543   47.00000   63   26   49.00000   44.00000  10.2%  32.7 2274s
 659278 61659   44.00000   70   24   49.00000   44.00000  10.2%  32.7 2282s
 660328 61750     cutoff   63        49.00000   44.00000  10.2%  32.7 2288s
 661353 62324   47.00000   70   31   49.00000   44.00000  10.2%  32.7 2293s
 666508 62291   46.00000   67   31   49.00000   44.00000  10.2%  32.7 2303s
 667511 62735   46.00000   67   24   49.00000   44.00000  10.2%  32.7 2309s
 670187 62813   45.00000   76   36   49.00000   44.00000  10.2%  32.7 2318s
 671500 62828   47.00000   70   35   49.00000   44.00000  10.2%  32.7 2338s
 671844 62947   46.00000   65   20   49.00000   44.00000  10.2%  32.7 2348s
 673409 63424 infeasible   69        49.00000   44.00000  10.2%  32.7 2351s
 678840 63422   44.00000   63   32   49.00000   44.00000  10.2%  32.7 2358s
 679466 63722   44.00000   65   45   49.00000   44.00000  10.2%  32.7 2363s
 684023 63839   44.00000   65   28   49.00000   44.00000  10.2%  32.7 2374s
 686105 64824 infeasible   75        49.00000   44.00000  10.2%  32.7 2384s
 696092 64795   44.00000   67   37   49.00000   44.00000  10.2%  32.7 2391s
 698475 65091   44.00000   76   44   49.00000   44.00000  10.2%  32.7 2403s
 699073 65108   44.00000   77   44   49.00000   44.00000  10.2%  32.7 2418s
 699239 65322   47.00000   82   26   49.00000   44.00000  10.2%  32.7 2423s
 701531 65458   44.00000   72   53   49.00000   44.00000  10.2%  32.7 2430s
 703211 65807 infeasible   72        49.00000   44.00000  10.2%  32.7 2435s
 706801 65886   44.00000   69   48   49.00000   44.00000  10.2%  32.7 2445s
 708757 66939   44.00000   61   52   49.00000   44.00000  10.2%  32.7 2453s
 718348 66966 infeasible   72        49.00000   44.00000  10.2%  32.7 2460s
 719090 67201   44.00000   65   20   49.00000   44.00000  10.2%  32.7 2465s
 721469 67202   44.00000   65   45   49.00000   44.00000  10.2%  32.7 2473s
 721670 67404   44.00000   66   45   49.00000   44.00000  10.2%  32.7 2476s
 724899 67417     cutoff   69        49.00000   44.00000  10.2%  32.8 2486s
 725247 67709 infeasible   72        49.00000   44.00000  10.2%  32.8 2490s
 728406 67783   44.00000   74   45   49.00000   44.00000  10.2%  32.8 2496s
 729609 67928 infeasible   63        49.00000   44.00000  10.2%  32.8 2514s
 731035 68959 infeasible   66        49.00000   44.00000  10.2%  32.8 2522s
 743397 69103   44.00000   63   42   49.00000   44.00000  10.2%  32.8 2527s
 745197 69285   44.00000   77   28   49.00000   44.00000  10.2%  32.8 2534s
 746642 69647   47.00000   78   38   49.00000   44.00000  10.2%  32.8 2542s
 748652 70165   47.00000   59   40   49.00000   44.00000  10.2%  32.8 2551s
 750988 70523   44.00000   63   50   49.00000   44.00000  10.2%  32.8 2559s
 753981 70517   47.00000   72   44   49.00000   44.00000  10.2%  32.8 2581s
 754164 72636 infeasible   73        49.00000   44.00000  10.2%  32.8 2588s
 772182 72565   46.00000   70   18   49.00000   44.00000  10.2%  32.9 2598s
 772396 72772 infeasible   69        49.00000   44.00000  10.2%  32.9 2605s
 774391 72945 infeasible   76        49.00000   44.00000  10.2%  32.9 2614s
 775450 73203   45.00000   61   48   49.00000   44.00000  10.2%  32.9 2621s
 777437 73875 infeasible   62        49.00000   44.00000  10.2%  32.9 2630s
 783373 73881   47.00000   61   48   49.00000   44.00000  10.2%  32.9 2641s
 783872 74250 infeasible   67        49.00000   44.00000  10.2%  32.9 2648s
 786586 74229   47.00000   72   23   49.00000   44.00000  10.2%  32.9 2663s
 786635 74466   47.00000   73   23   49.00000   44.00000  10.2%  32.9 2670s
 788902 74937   47.00000   63   32   49.00000   44.00000  10.2%  32.9 2677s
 792586 75002   44.00000   68   43   49.00000   44.00000  10.2%  32.9 2687s
 792895 75234   44.00000   69   41   49.00000   44.00000  10.2%  32.9 2691s
 795513 75391   44.00000   70   41   49.00000   44.00000  10.2%  32.9 2701s
 796825 75976   48.00000   67   26   49.00000   44.00000  10.2%  32.9 2707s
 801539 75933 infeasible   70        49.00000   44.00000  10.2%  32.9 2725s
 801588 78001   44.00000   54   31   49.00000   44.00000  10.2%  32.9 2735s
 819606 78072 infeasible   69        49.00000   44.00000  10.2%  32.9 2744s
 820828 78218   47.00000   65   32   49.00000   44.00000  10.2%  32.9 2751s
 822520 78484   47.00000   80   27   49.00000   44.00000  10.2%  32.9 2757s
 824162 79288   44.00000   71   57   49.00000   44.00000  10.2%  32.9 2765s
 830791 79280 infeasible   77        49.00000   44.00000  10.2%  32.9 2774s
 831132 79490   46.00000   77   33   49.00000   44.00000  10.2%  32.9 2780s
 832877 79492 infeasible   82        49.00000   44.00000  10.2%  32.9 2791s
 836623 79874   44.00000   50   30   49.00000   44.00000  10.2%  32.9 2806s
 836800 80364   44.00000   51   37   49.00000   44.00000  10.2%  32.9 2810s
 839802 80400   48.00000   74   36   49.00000   44.00000  10.2%  32.9 2821s
 843885 80906 infeasible   67        49.00000   44.00000  10.2%  32.9 2832s
 843944 81460   44.00000   67   34   49.00000   44.00000  10.2%  32.9 2836s
 847678 81643 infeasible   72        49.00000   44.00000  10.2%  32.9 2849s
 849228 83036 infeasible   64        49.00000   44.00000  10.2%  32.9 2853s
 861962 82944 infeasible   63        49.00000   44.00000  10.2%  32.9 2876s
 861989 83460 infeasible   64        49.00000   44.00000  10.2%  32.9 2880s
 865261 83542 infeasible   61        49.00000   44.00000  10.2%  32.9 2889s
 865883 83916   45.00000   68   39   49.00000   44.00000  10.2%  32.9 2893s
 868813 84042   44.00000   73   46   49.00000   44.00000  10.2%  32.9 2903s
 869577 84993 infeasible   74        49.00000   44.00000  10.2%  32.9 2909s
 876439 84966 infeasible   67        49.00000   44.00000  10.2%  32.9 2921s
 876554 85144   44.00000   60   27   49.00000   44.00000  10.2%  32.9 2925s
 878372 85144   47.00000   68   25   49.00000   44.00000  10.2%  32.9 2940s
 878409 85346   47.00000   69   23   49.00000   44.00000  10.2%  32.9 2947s
 879820 85700   46.00000   68   28   49.00000   44.00000  10.2%  32.9 2953s
 881795 85847   46.00000   71   43   49.00000   44.00000  10.2%  32.9 2959s
 882901 86166 infeasible   69        49.00000   44.00000  10.2%  32.9 2965s
 885975 86262   46.00000   62   38   49.00000   44.00000  10.2%  32.9 2973s
 887365 86471   46.00000   63   45   49.00000   44.00000  10.2%  33.0 2982s
 889071 86518 infeasible   59        49.00000   44.00000  10.2%  33.0 2995s
 889592 86877 infeasible   60        49.00000   44.00000  10.2%  33.0 3004s
 893018 87428 infeasible   52        49.00000   44.00000  10.2%  33.0 3011s
 896988 87799 infeasible   69        49.00000   44.00000  10.2%  33.0 3019s
 899169 88044 infeasible   73        49.00000   44.00000  10.2%  33.0 3025s
 901311 88512 infeasible   82        49.00000   44.00000  10.2%  33.0 3032s
 905005 88734   46.00000   68   47   49.00000   44.00000  10.2%  33.0 3042s
 906899 88771     cutoff   68        49.00000   44.00000  10.2%  33.0 3059s
 907210 88942 infeasible   63        49.00000   44.00000  10.2%  33.0 3071s
 914906 89886   47.00000   68   32   49.00000   44.00000  10.2%  33.0 3086s
 916815 91195 infeasible   81        49.00000   44.00000  10.2%  33.0 3092s
 927663 91211   48.00000   73   36   49.00000   44.00000  10.2%  33.0 3101s
 928197 91506 infeasible   61        49.00000   44.00000  10.2%  33.0 3106s
 930152 91734 infeasible   61        49.00000   44.00000  10.2%  33.0 3114s
 931114 91890 infeasible   79        49.00000   44.00000  10.2%  33.0 3121s
 933257 92031 infeasible   67        49.00000   44.00000  10.2%  33.0 3126s
 935343 92042 infeasible   69        49.00000   44.00000  10.2%  33.0 3142s
 935405 92419 infeasible   68        49.00000   44.00000  10.2%  33.0 3148s
 938566 92688 infeasible   65        49.00000   44.00000  10.2%  33.0 3156s
 945836 93169   46.00000   68   36   49.00000   44.00000  10.2%  33.0 3170s
 950327 93551   44.00000   78   34   49.00000   44.00000  10.2%  33.0 3185s
 951453 93586 infeasible   79        49.00000   44.00000  10.2%  33.0 3199s
 951737 93839 infeasible   66        49.00000   44.00000  10.2%  33.0 3210s
 953734 94004     cutoff   80        49.00000   44.00000  10.2%  33.0 3215s
 958213 94178 infeasible   77        49.00000   44.00000  10.2%  33.0 3225s
 959851 94693   44.00000   76   40   49.00000   44.00000  10.2%  33.0 3234s
 963984 95155   46.00000   62   45   49.00000   44.00000  10.2%  33.1 3239s
 968901 95159 infeasible   74        49.00000   44.00000  10.2%  33.1 3249s
 969147 95601   44.00000   68   49   49.00000   44.00000  10.2%  33.1 3254s
 971913 95600 infeasible   80        49.00000   44.00000  10.2%  33.1 3260s
 973314 95713   44.00000   67   54   49.00000   44.00000  10.2%  33.1 3269s
 974800 96122   44.00000   68   52   49.00000   44.00000  10.2%  33.1 3273s
 979959 96102   47.00000   71   18   49.00000   44.00000  10.2%  33.1 3291s
 980006 96326 infeasible   72        49.00000   44.00000  10.2%  33.1 3295s
 983496 96423   44.00000   77   54   49.00000   44.00000  10.2%  33.1 3305s
 987243 97126   44.00000   62   41   49.00000   44.00000  10.2%  33.1 3317s
 991744 97208   46.00000   70   40   49.00000   44.00000  10.2%  33.1 3322s
 993732 97202   44.00000   65   54   49.00000   44.00000  10.2%  33.1 3334s
 994164 97542   44.00000   65   27   49.00000   44.00000  10.2%  33.1 3336s
 999008 97573 infeasible   76        49.00000   44.00000  10.2%  33.1 3347s
 999512 97658 infeasible   70        49.00000   44.00000  10.2%  33.1 3360s
 999769 97850   48.00000   80   25   49.00000   44.00000  10.2%  33.1 3368s
 1002180 98158 infeasible   81        49.00000   44.00000  10.2%  33.1 3372s
 1005312 98199 infeasible   73        49.00000   44.00000  10.2%  33.1 3383s
 1006227 98509 infeasible   82        49.00000   44.00000  10.2%  33.1 3387s
 1010567 98753   44.00000   74   37   49.00000   44.00000  10.2%  33.1 3393s
 1014427 98859   44.00000   72   33   49.00000   44.00000  10.2%  33.1 3404s
 1015664 99210     cutoff   72        49.00000   44.00000  10.2%  33.1 3411s
 1020321 99315   47.00000   79   32   49.00000   44.00000  10.2%  33.1 3420s
 1021924 99576   47.00000   80   35   49.00000   44.00000  10.2%  33.1 3427s
 1024433 99800   47.00000   62   33   49.00000   44.00000  10.2%  33.1 3434s
 1027388 99804   44.00000   64   46   49.00000   44.00000  10.2%  33.1 3455s
 1032440 100689 infeasible   74        49.00000   44.00000  10.2%  33.2 3466s
 1035975 100989 infeasible   75        49.00000   44.00000  10.2%  33.2 3474s
 1038124 101321   47.00000   62   19   49.00000   44.00000  10.2%  33.2 3482s
 1043032 101364 infeasible   64        49.00000   44.00000  10.2%  33.2 3491s
 1047877 101753   47.00000   74   38   49.00000   44.00000  10.2%  33.2 3503s
 1047997 102225 infeasible   75        49.00000   44.00000  10.2%  33.2 3505s
 1051433 102396 infeasible  100        49.00000   44.00000  10.2%  33.2 3515s
 1053032 102404   44.00000   83   34   49.00000   44.00000  10.2%  33.2 3530s
 1053099 102713   44.00000   84   36   49.00000   44.00000  10.2%  33.2 3535s
 1057073 102787   46.00000   71   25   49.00000   44.00000  10.2%  33.2 3548s
 1057877 103920   46.00000   72   25   49.00000   44.00000  10.2%  33.2 3554s
 1064884 103920   45.00000   65   45   49.00000   44.00000  10.2%  33.2 3555s
 1075895 103971 infeasible   63        49.00000   44.00000  10.2%  33.2 3561s
 1077254 104014     cutoff   64        49.00000   44.00000  10.2%  33.2 3572s
 1077966 104215   47.00000   65   36   49.00000   44.00000  10.2%  33.2 3578s
 1080890 104197 infeasible   59        49.00000   44.00000  10.2%  33.2 3600s
 1080981 105614   44.00000   63   33   49.00000   44.00000  10.2%  33.2 3609s
 1098999 105509   47.00000   76   33   49.00000   44.00000  10.2%  33.3 3621s
 1099289 105751 infeasible   79        49.00000   44.00000  10.2%  33.2 3625s
 1100764 105781 infeasible   67        49.00000   44.00000  10.2%  33.2 3635s
 1104220 106152 infeasible   65        49.00000   44.00000  10.2%  33.3 3649s
 1106857 106480   44.00000   55   50   49.00000   44.00000  10.2%  33.3 3653s
 1112446 106455 infeasible   66        49.00000   44.00000  10.2%  33.3 3671s
 1112481 106683   44.00000   54   54   49.00000   44.00000  10.2%  33.3 3676s
 1115477 106739   48.00000   64   34   49.00000   44.00000  10.2%  33.3 3687s
 1116314 107073 infeasible   65        49.00000   44.00000  10.2%  33.3 3691s
 1120152 107105 infeasible   65        49.00000   44.00000  10.2%  33.3 3699s
 1121254 107172 infeasible   73        49.00000   44.00000  10.2%  33.3 3709s
 1122456 107419   44.00000   68   49   49.00000   44.00000  10.2%  33.3 3714s
 1125817 107437   46.00000   60   32   49.00000   44.00000  10.2%  33.3 3724s
 1126497 107868 infeasible   61        49.00000   44.00000  10.2%  33.3 3727s
 1133009 107832   44.00000   86   30   49.00000   44.00000  10.2%  33.3 3743s
 1133053 107888 infeasible   87        49.00000   44.00000  10.2%  33.3 3749s
 1134250 107904 infeasible   70        49.00000   44.00000  10.2%  33.3 3759s
 1134395 108032 infeasible   71        49.00000   44.00000  10.2%  33.3 3762s
 1137269 108053   46.00000   62   49   49.00000   44.00000  10.2%  33.3 3774s
 1137656 108278   46.00000   63   48   49.00000   44.00000  10.2%  33.3 3779s
 1139895 108333   44.00000   58   48   49.00000   44.00000  10.2%  33.3 3788s
 1140857 108520 infeasible   59        49.00000   44.00000  10.2%  33.3 3798s
 1141625 108819   47.00000   60   28   49.00000   44.00000  10.2%  33.3 3803s
 1145277 108857   45.00000   59   53   49.00000   44.00000  10.2%  33.3 3815s
 1150866 109544   46.00000   73   31   49.00000   44.00000  10.2%  33.3 3831s
 1153285 109871 infeasible   74        49.00000   44.00000  10.2%  33.3 3839s
 1158901 110119 infeasible   67        49.00000   44.00000  10.2%  33.3 3847s
 1161084 110119 infeasible   67        49.00000   44.00000  10.2%  33.3 3864s
 1161134 110768 infeasible   68        49.00000   44.00000  10.2%  33.3 3871s
 1164052 111085   44.00000   75   39   49.00000   44.00000  10.2%  33.3 3879s
 1166336 111441   44.00000   76   37   49.00000   44.00000  10.2%  33.3 3888s
 1169221 111651 infeasible   70        49.00000   44.00000  10.2%  33.3 3894s
 1171331 111843   46.00000   68   40   49.00000   44.00000  10.2%  33.3 3906s
 1173434 112241 infeasible   68        49.00000   44.00000  10.2%  33.3 3915s
 1180600 112583   44.00000   71   52   49.00000   44.00000  10.2%  33.3 3937s
 1180634 112864   44.00000   71   39   49.00000   44.00000  10.2%  33.3 3941s
 1184349 112945   46.00000   78   40   49.00000   44.00000  10.2%  33.3 3949s
 1185452 112985   46.00000   79   42   49.00000   44.00000  10.2%  33.3 3957s
 1186514 113301   46.00000   67   44   49.00000   44.00000  10.2%  33.3 3961s
 1190184 113403   44.00000   69   43   49.00000   44.00000  10.2%  33.3 3972s
 1191758 113701 infeasible   77        49.00000   44.00000  10.2%  33.3 3978s
 1195020 113905 infeasible   82        49.00000   44.00000  10.2%  33.3 3986s
 1197958 114045   44.00000   58   32   49.00000   44.00000  10.2%  33.3 3994s
 1199948 114985 infeasible   67        49.00000   44.00000  10.2%  33.4 4003s
 1209086 114956 infeasible   67        49.00000   44.00000  10.2%  33.4 4019s
 1209127 115263   47.00000   62   22   49.00000   44.00000  10.2%  33.4 4026s
 1213501 115437 infeasible   66        49.00000   44.00000  10.2%  33.4 4039s
 1213702 115641   47.00000   66   33   49.00000   44.00000  10.2%  33.4 4043s
 1216848 115723 infeasible   74        49.00000   44.00000  10.2%  33.4 4053s
 1217402 115774   47.00000   63   38   49.00000   44.00000  10.2%  33.4 4066s
 1217701 115854   47.00000   66   28   49.00000   44.00000  10.2%  33.4 4074s
 1219275 116124 infeasible   67        49.00000   44.00000  10.2%  33.4 4080s
 1221776 116512   46.00000   63   35   49.00000   44.00000  10.2%  33.4 4088s
 1224648 116870   45.00000   66   38   49.00000   44.00000  10.2%  33.4 4091s
 1228913 116874 infeasible   91        49.00000   44.00000  10.2%  33.4 4100s
 1229320 117183 infeasible   67        49.00000   44.00000  10.2%  33.4 4106s
 1232317 117196   46.00000   77   24   49.00000   44.00000  10.2%  33.4 4119s
 1232766 117339   46.00000   78   22   49.00000   44.00000  10.2%  33.4 4123s
 1235708 117318 infeasible   66        49.00000   44.00000  10.2%  33.4 4144s
 1235760 117933 infeasible   67        49.00000   44.00000  10.2%  33.4 4147s
 1238299 117903   44.00000   66   36   49.00000   44.00000  10.2%  33.4 4155s
 1239237 117910   44.00000   67   34   49.00000   44.00000  10.2%  33.4 4164s
 1240426 117914   47.00000   68   38   49.00000   44.00000  10.2%  33.4 4170s
 1242789 118067   44.00000   75   39   49.00000   44.00000  10.2%  33.4 4177s
 1244508 118153   45.00000   57   30   49.00000   44.00000  10.2%  33.4 4186s
 1245911 118807   45.00000   66   20   49.00000   45.00000  8.16%  33.4 4191s
 1254446 118872   47.00000   63   25   49.00000   45.00000  8.16%  33.4 4204s
 1255348 118882 infeasible   68        49.00000   45.00000  8.16%  33.4 4219s
 1255588 119118   46.00000   67   38   49.00000   45.00000  8.16%  33.4 4225s
 1258230 119422   45.00000   56   25   49.00000   45.00000  8.16%  33.4 4233s
 1260936 119670   45.00000   60   43   49.00000   45.00000  8.16%  33.4 4242s
 1263251 119956   45.00000   59   35   49.00000   45.00000  8.16%  33.4 4248s
 1266748 120276   47.00000   72   32   49.00000   45.00000  8.16%  33.4 4257s
 1269712 120565 infeasible   74        49.00000   45.00000  8.16%  33.4 4264s
 1273003 120691   47.00000   65   46   49.00000   45.00000  8.16%  33.4 4272s
 1275072 121026 infeasible   56        49.00000   45.00000  8.16%  33.4 4280s
 1280375 121069   48.00000   71   39   49.00000   45.00000  8.16%  33.4 4288s
 1281465 121085   46.00000   54   60   49.00000   45.00000  8.16%  33.4 4304s
 1281616 121371   46.00000   57   48   49.00000   45.00000  8.16%  33.4 4312s
 1284598 121389   46.00000   60   48   49.00000   45.00000  8.16%  33.4 4323s
 1286185 121544   46.00000   61   46   49.00000   45.00000  8.16%  33.4 4327s
 1290399 121566 infeasible   83        49.00000   45.00000  8.16%  33.4 4340s
 1291887 122331   46.00000   58   25   49.00000   45.00000  8.16%  33.4 4347s
 1302496 122401   47.00000   53   27   49.00000   45.00000  8.16%  33.4 4355s
 1306582 122770   47.00000   68   19   49.00000   45.00000  8.16%  33.4 4368s
 1307153 122918   47.00000   68   27   49.00000   45.00000  8.16%  33.4 4373s
 1310963 122894   47.00000   64   36   49.00000   45.00000  8.16%  33.4 4391s
 1314215 123087 infeasible   73        49.00000   45.00000  8.16%  33.4 4403s
 1316980 123386 infeasible   72        49.00000   45.00000  8.16%  33.4 4411s
 1322231 123498     cutoff   63        49.00000   45.00000  8.16%  33.4 4419s
 1323765 123580   45.00000   73   38   49.00000   45.00000  8.16%  33.4 4427s
 1326444 123630 infeasible   64        49.00000   45.00000  8.16%  33.4 4435s
 1328965 123626 infeasible   64        49.00000   45.00000  8.16%  33.4 4451s
 1329071 124102   45.00000   63   20   49.00000   45.00000  8.16%  33.4 4456s
 1332850 124131 infeasible   71        49.00000   45.00000  8.16%  33.4 4467s
 1334105 124260 infeasible   72        49.00000   45.00000  8.16%  33.4 4470s
 1338658 124365 infeasible   60        49.00000   45.00000  8.16%  33.4 4480s
 1346442 125138   47.00000   68   32   49.00000   45.00000  8.16%  33.4 4494s
 1346481 125197 infeasible   69        49.00000   45.00000  8.16%  33.4 4498s
 1348165 125185   46.00000   51   44   49.00000   45.00000  8.16%  33.4 4509s
 1348205 125361   46.00000   52   42   49.00000   45.00000  8.16%  33.4 4514s
 1349986 125456   47.00000   66   24   49.00000   45.00000  8.16%  33.4 4522s
 1350861 125733   45.00000   73   25   49.00000   45.00000  8.16%  33.4 4527s
 1353018 125817   45.00000   61   41   49.00000   45.00000  8.16%  33.4 4538s
 1353793 125868     cutoff   62        49.00000   45.00000  8.16%  33.4 4556s
 1354097 126099   45.00000   81   33   49.00000   45.00000  8.16%  33.4 4563s
 1355916 126770   46.00000   61   36   49.00000   45.00000  8.16%  33.4 4569s
 1359739 126902   45.00000   60   26   49.00000   45.00000  8.16%  33.4 4579s
 1360849 127375 infeasible   61        49.00000   45.00000  8.16%  33.4 4582s
 1365686 127597   47.00000   59   34   49.00000   45.00000  8.16%  33.4 4592s
 1368014 128394 infeasible   57        49.00000   45.00000  8.16%  33.4 4595s
 1375856 128372 infeasible   68        49.00000   45.00000  8.16%  33.4 4608s
 1375887 128651   46.00000   69   34   49.00000   45.00000  8.16%  33.4 4612s
 1379488 128649 infeasible   67        49.00000   45.00000  8.16%  33.4 4624s
 1379699 128782 infeasible   69        49.00000   45.00000  8.16%  33.4 4632s
 1380088 128861   45.00000   68   40   49.00000   45.00000  8.16%  33.4 4643s
 1380922 129127 infeasible   73        49.00000   45.00000  8.16%  33.4 4650s
 1384397 129257 infeasible   87        49.00000   45.00000  8.16%  33.4 4658s
 1385574 129547 infeasible   86        49.00000   45.00000  8.16%  33.4 4662s
 1388315 129753   45.00000   61   30   49.00000   45.00000  8.16%  33.4 4672s
 1390861 130340 infeasible   89        49.00000   45.00000  8.16%  33.4 4678s
 1396385 130337   46.00000   83   38   49.00000   45.00000  8.16%  33.4 4694s
 1396418 130970 infeasible   84        49.00000   45.00000  8.16%  33.4 4698s
 1399329 130988   45.00000   65   20   49.00000   45.00000  8.16%  33.3 4710s
 1403008 131463 infeasible   62        49.00000   45.00000  8.16%  33.3 4721s
 1404866 131682 infeasible   66        49.00000   45.00000  8.16%  33.3 4728s
 1407686 131867 infeasible   61        49.00000   45.00000  8.16%  33.3 4734s
 1410503 132063   45.00000   60   48   49.00000   45.00000  8.16%  33.3 4746s
 1412308 133447   45.00000   56   41   49.00000   45.00000  8.16%  33.3 4750s
 1424886 133404   45.00000   69   34   49.00000   45.00000  8.16%  33.3 4764s
 1424921 133495 infeasible   70        49.00000   45.00000  8.16%  33.3 4768s
 1427158 133504 infeasible   69        49.00000   45.00000  8.16%  33.3 4778s
 1427310 133677   47.00000   69   24   49.00000   45.00000  8.16%  33.3 4780s
 1430219 133680   45.00000   59   38   49.00000   45.00000  8.16%  33.3 4791s
 1433038 133911   46.00000   68   43   49.00000   45.00000  8.16%  33.3 4816s
 1433077 135282   46.00000   71   38   49.00000   45.00000  8.16%  33.3 4822s
 1451095 135194   47.00000   62   22   49.00000   45.00000  8.16%  33.3 4834s
 1451259 135358   47.00000   63   23   49.00000   45.00000  8.16%  33.3 4839s
 1453828 135403 infeasible   72        49.00000   45.00000  8.16%  33.3 4847s
 1454389 135665   46.00000   71   33   49.00000   45.00000  8.16%  33.3 4853s
 1456085 136110   46.00000   64   26   49.00000   45.00000  8.16%  33.3 4857s
 1461588 136087   45.00000   64   44   49.00000   45.00000  8.16%  33.3 4873s
 1461632 136238   45.00000   65   36   49.00000   45.00000  8.16%  33.3 4879s
 1463204 136378 infeasible   85        49.00000   45.00000  8.16%  33.3 4886s
 1464706 136567   47.00000   72   27   49.00000   45.00000  8.16%  33.3 4892s
 1467206 136625   45.00000   73   27   49.00000   45.00000  8.16%  33.3 4901s
 1468869 136935 infeasible   74        49.00000   45.00000  8.16%  33.3 4906s
 1472322 137137   45.00000   53   52   49.00000   45.00000  8.16%  33.3 4915s
 1473922 137295   45.00000   85   16   49.00000   45.00000  8.16%  33.3 4926s
 1475257 137435 infeasible   65        49.00000   45.00000  8.16%  33.3 4937s
 1476626 138431 infeasible   71        49.00000   45.00000  8.16%  33.3 4940s
 1482308 138573 infeasible   72        49.00000   45.00000  8.16%  33.3 4953s
 1484228 139092   45.00000   70   34   49.00000   45.00000  8.16%  33.3 4959s
 1492116 139052   45.00000   69   37   49.00000   45.00000  8.16%  33.3 4980s
 1496704 139513   45.00000   75   39   49.00000   45.00000  8.16%  33.3 4993s
 1497037 139873   45.00000   76   47   49.00000   45.00000  8.16%  33.3 4998s
 1499857 140145   45.00000   60   33   49.00000   45.00000  8.16%  33.3 5007s
 1501087 140503   45.00000   61   33   49.00000   45.00000  8.16%  33.3 5013s
 1504065 140720 infeasible   63        49.00000   45.00000  8.16%  33.3 5025s
 1513936 141561 infeasible   71        49.00000   45.00000  8.16%  33.3 5041s
 1514307 141578 infeasible   63        49.00000   45.00000  8.16%  33.3 5056s
 1514424 141959 infeasible   71        49.00000   45.00000  8.16%  33.3 5062s
 1516929 142148   45.00000   71   42   49.00000   45.00000  8.16%  33.3 5071s
 1518830 142635 infeasible   79        49.00000   45.00000  8.16%  33.3 5077s
 1522420 142759   45.00000   61   50   49.00000   45.00000  8.16%  33.3 5086s
 1527563 143374   45.00000   59   55   49.00000   45.00000  8.16%  33.3 5103s
 1528869 145284   45.00000   79   38   49.00000   45.00000  8.16%  33.3 5109s
 1540674 145455 infeasible   70        49.00000   45.00000  8.16%  33.3 5116s
 1542794 145453 infeasible   68        49.00000   45.00000  8.16%  33.3 5129s
 1542853 145740 infeasible   72        49.00000   45.00000  8.16%  33.3 5134s
 1546337 145791   45.00000   68   21   49.00000   45.00000  8.16%  33.3 5143s
 1547565 146131   45.00000   69   25   49.00000   45.00000  8.16%  33.3 5150s
 1550048 146252 infeasible   73        49.00000   45.00000  8.16%  33.3 5159s
 1551684 147660   47.00000   79   22   49.00000   45.00000  8.16%  33.3 5164s
 1564919 147560 infeasible   66        49.00000   45.00000  8.16%  33.3 5175s
 1567089 147774   45.00000   67   51   49.00000   45.00000  8.16%  33.3 5187s
 1567589 147862 infeasible   62        49.00000   45.00000  8.16%  33.3 5190s
 1569794 147837 infeasible   64        49.00000   45.00000  8.16%  33.3 5213s
 1569846 147964   45.00000   66   45   49.00000   45.00000  8.16%  33.3 5216s
 1571959 148006   46.00000   58   33   49.00000   45.00000  8.16%  33.3 5226s
 1572755 149704 infeasible   66        49.00000   45.00000  8.16%  33.3 5231s
 1588646 149694   46.00000   77   33   49.00000   45.00000  8.16%  33.3 5243s
 1588943 149916 infeasible   78        49.00000   45.00000  8.16%  33.3 5248s
 1590366 149930   47.00000   58   38   49.00000   45.00000  8.16%  33.3 5258s
 1590752 150379 infeasible   59        49.00000   45.00000  8.16%  33.3 5261s
 1593258 150375 infeasible   64        49.00000   45.00000  8.16%  33.3 5283s
 1593290 150742   47.00000   67   30   49.00000   45.00000  8.16%  33.3 5286s
 1595984 150913 infeasible   67        49.00000   45.00000  8.16%  33.3 5293s
 1596959 152504 infeasible   69        49.00000   45.00000  8.16%  33.3 5299s
 1604121 152905 infeasible   63        49.00000   46.00000  6.12%  33.3 5308s
 1606259 153326   46.00000   58   38   49.00000   46.00000  6.12%  33.3 5316s
 1608152 153994 infeasible   71        49.00000   46.00000  6.12%  33.3 5321s
 1611370 154355 infeasible   63        49.00000   46.00000  6.12%  33.3 5330s
 1613076 154394   46.00000   59   29   49.00000   46.00000  6.12%  33.3 5346s
 1613371 155251   46.00000   58   25   49.00000   46.00000  6.12%  33.3 5352s
 1617637 155812     cutoff   72        49.00000   46.00000  6.12%  33.3 5358s
 1621115 156300 infeasible   70        49.00000   46.00000  6.12%  33.3 5368s
 1623666 157118   46.00000   65   46   49.00000   46.00000  6.12%  33.3 5377s
 1627237 157413 infeasible   66        49.00000   46.00000  6.12%  33.3 5387s
 1629401 157473 infeasible   66        49.00000   46.00000  6.12%  33.3 5392s
 1632551 157511 infeasible   63        49.00000   46.00000  6.12%  33.3 5403s
 1634678 157312   47.00000   67   14   49.00000   46.00000  6.12%  33.3 5408s
 1638711 157333   46.00000   59   48   49.00000   46.00000  6.12%  33.3 5421s
 1639652 157329 infeasible   69        49.00000   46.00000  6.12%  33.3 5441s
 1640336 156892   46.00000   62   29   49.00000   46.00000  6.12%  33.3 5457s
 1657262 156849 infeasible   63        49.00000   46.00000  6.12%  33.2 5468s
 1658352 156821   46.00000   68   24   49.00000   46.00000  6.12%  33.2 5475s
 1660735 156840 infeasible   69        49.00000   46.00000  6.12%  33.2 5485s
 1661433 156863 infeasible   60        49.00000   46.00000  6.12%  33.2 5491s
 1666307 156844 infeasible   61        49.00000   46.00000  6.12%  33.2 5499s
 1667945 156820 infeasible   62        49.00000   46.00000  6.12%  33.2 5509s
 1669291 156708 infeasible   63        49.00000   46.00000  6.12%  33.2 5514s
 1674086 156678   46.00000   71   33   49.00000   46.00000  6.12%  33.2 5524s
 1674870 156676   47.00000   72   36   49.00000   46.00000  6.12%  33.2 5543s
 1675022 156702 infeasible   71        49.00000   46.00000  6.12%  33.2 5552s
 1678103 156657 infeasible   59        49.00000   46.00000  6.12%  33.2 5559s
 1680633 156692   46.00000   57   32   49.00000   46.00000  6.12%  33.2 5570s
 1682747 156608 infeasible   76        49.00000   46.00000  6.12%  33.2 5575s
 1687827 156574     cutoff   71        49.00000   46.00000  6.12%  33.2 5588s
 1688487 156702   46.00000   63   46   49.00000   46.00000  6.12%  33.2 5592s
 1693624 156604   46.00000   73   50   49.00000   46.00000  6.12%  33.2 5606s
 1695606 156290   46.00000   74   50   49.00000   46.00000  6.12%  33.2 5610s
 1705240 156268   47.00000   68   32   49.00000   46.00000  6.12%  33.2 5624s
 1705276 156271 infeasible   69        49.00000   46.00000  6.12%  33.2 5641s
 1705573 156390 infeasible   69        49.00000   46.00000  6.12%  33.2 5650s
 1706627 156425   48.00000   59   44   49.00000   46.00000  6.12%  33.2 5655s
 1710503 156434 infeasible   72        49.00000   46.00000  6.12%  33.2 5662s
 1712346 156433 infeasible   75        49.00000   46.00000  6.12%  33.2 5673s
 1713408 156484   46.00000   59   36   49.00000   46.00000  6.12%  33.2 5679s
 1718596 156422   47.00000   76   36   49.00000   46.00000  6.12%  33.2 5689s
 1721592 156564   46.00000   61   53   49.00000   46.00000  6.12%  33.2 5696s
 1725177 156598 infeasible   55        49.00000   46.00000  6.12%  33.2 5707s
 1729299 156584 infeasible   64        49.00000   46.00000  6.12%  33.2 5724s
 1729370 156503 infeasible   67        49.00000   46.00000  6.12%  33.2 5729s
 1734210 156470   46.00000   65   36   49.00000   46.00000  6.12%  33.2 5739s
 1735918 156517 infeasible   70        49.00000   46.00000  6.12%  33.2 5749s
 1737663 156464 infeasible   62        49.00000   46.00000  6.12%  33.2 5755s
 1740823 156463   46.00000   71   34   49.00000   46.00000  6.12%  33.2 5763s
 1744514 156380   46.00000   66   27   49.00000   46.00000  6.12%  33.2 5772s
 1747086 156357 infeasible   56        49.00000   46.00000  6.12%  33.2 5782s
 1750323 156481   46.00000   63   26   49.00000   46.00000  6.12%  33.2 5789s
 1753461 156476   46.00000   69   34   49.00000   46.00000  6.12%  33.2 5798s
 1755101 156397 infeasible   70        49.00000   46.00000  6.12%  33.2 5806s
 1759816 156389 infeasible   69        49.00000   46.00000  6.12%  33.2 5817s
 1761405 156219   46.00000   65   38   49.00000   46.00000  6.12%  33.2 5822s
 1765692 156225   46.00000   77   40   49.00000   46.00000  6.12%  33.2 5829s
 1766595 156218   47.00000   78   40   49.00000   46.00000  6.12%  33.2 5854s
 1766952 155615   47.00000   81   34   49.00000   46.00000  6.12%  33.2 5867s
 1782222 155787 infeasible   79        49.00000   46.00000  6.12%  33.2 5876s
 1783768 155709   46.00000   78   42   49.00000   46.00000  6.12%  33.2 5885s
 1786501 155718 infeasible   74        49.00000   46.00000  6.12%  33.2 5893s
 1787231 155584   46.00000   70   31   49.00000   46.00000  6.12%  33.2 5901s
 1791086 155559   46.00000   71   29   49.00000   46.00000  6.12%  33.2 5909s
 1793741 155439 infeasible   70        49.00000   46.00000  6.12%  33.2 5917s
 1799243 155388 infeasible   73        49.00000   46.00000  6.12%  33.2 5923s
 1801276 155359   46.00000   70   58   49.00000   46.00000  6.12%  33.2 5935s
 1802052 155177 infeasible   67        49.00000   46.00000  6.12%  33.2 5943s
 1805096 155163     cutoff   73        49.00000   46.00000  6.12%  33.2 5964s
 1805149 155615 infeasible   75        49.00000   46.00000  6.12%  33.2 5968s
 1809030 155569 infeasible   82        49.00000   46.00000  6.12%  33.2 5978s
 1810946 155470   47.00000   75   34   49.00000   46.00000  6.12%  33.2 5988s
 1813076 155208   47.00000   76   26   49.00000   46.00000  6.12%  33.2 5992s
 1817139 155213   46.00000   68   56   49.00000   46.00000  6.12%  33.2 6003s
 1818773 155068   46.00000   67   34   49.00000   46.00000  6.12%  33.2 6009s
 1822400 155048 infeasible   75        49.00000   46.00000  6.12%  33.2 6021s
 1823454 154977   46.00000   68   50   49.00000   46.00000  6.12%  33.2 6034s
 1825016 154965   46.00000   67   35   49.00000   46.00000  6.12%  33.2 6045s
 1826948 154967   46.00000   69   30   49.00000   46.00000  6.12%  33.2 6054s
 1833343 155000   46.00000   76   51   49.00000   46.00000  6.12%  33.2 6061s
 1834288 154986 infeasible   77        49.00000   46.00000  6.12%  33.2 6071s
 1835320 154931   46.00000   77   34   49.00000   46.00000  6.12%  33.2 6079s
 1837786 154887   47.00000   63   48   49.00000   46.00000  6.12%  33.2 6091s
 1838535 154906   47.00000   65   26   49.00000   46.00000  6.12%  33.2 6100s
 1840680 154836   46.00000   63   22   49.00000   46.00000  6.12%  33.2 6109s
 1844270 154810   48.00000   82   12   49.00000   46.00000  6.12%  33.2 6116s
 1847849 154766 infeasible   64        49.00000   46.00000  6.12%  33.2 6124s
 1849677 154844   46.00000   67   36   49.00000   46.00000  6.12%  33.2 6128s
 1855192 154811 infeasible   87        49.00000   46.00000  6.12%  33.2 6152s
 1855241 154081 infeasible   88        49.00000   46.00000  6.12%  33.2 6157s
 1872122 154056   46.00000   76   32   49.00000   46.00000  6.12%  33.2 6170s
 1872179 154518   46.00000   77   36   49.00000   46.00000  6.12%  33.2 6175s
 1874587 154495   46.00000   86   24   49.00000   46.00000  6.12%  33.1 6185s
 1875434 154432     cutoff   87        49.00000   46.00000  6.12%  33.2 6191s
 1877158 154438 infeasible   83        49.00000   46.00000  6.12%  33.2 6211s
 1877208 154422   48.00000   58   34   49.00000   46.00000  6.12%  33.2 6217s
 1880753 154360   47.00000   73   28   49.00000   46.00000  6.12%  33.2 6230s
 1883939 154213 infeasible   74        49.00000   46.00000  6.12%  33.2 6235s
 1890098 154158 infeasible   66        49.00000   46.00000  6.12%  33.2 6247s
 1891356 153964 infeasible   67        49.00000   46.00000  6.12%  33.2 6254s
 1895756 153903 infeasible   76        49.00000   46.00000  6.12%  33.2 6265s
 1896251 153870   47.00000   70   40   49.00000   46.00000  6.12%  33.2 6270s
 1900663 153843 infeasible   68        49.00000   46.00000  6.12%  33.1 6290s
 1900853 153807 infeasible   78        49.00000   46.00000  6.12%  33.1 6295s
 1904654 153808 infeasible   80        49.00000   46.00000  6.12%  33.1 6308s
 1907680 153926     cutoff   64        49.00000   46.00000  6.12%  33.1 6312s
 1914085 153913   46.00000   75   18   49.00000   46.00000  6.12%  33.1 6323s
 1914761 153861   46.00000   76   20   49.00000   46.00000  6.12%  33.1 6326s
 1920008 153812   46.00000   62   30   49.00000   46.00000  6.12%  33.1 6339s
 1920276 153726 infeasible   63        49.00000   46.00000  6.12%  33.1 6343s
 1924055 153708 infeasible   68        49.00000   46.00000  6.12%  33.1 6364s
 1924100 153729   46.00000   68   50   49.00000   46.00000  6.12%  33.1 6368s
 1928080 153734 infeasible   81        49.00000   46.00000  6.12%  33.1 6380s
 1930226 153879   47.00000   66   39   49.00000   46.00000  6.12%  33.1 6385s
 1938892 153842 infeasible   65        49.00000   46.00000  6.12%  33.1 6394s
 1939877 153762 infeasible   82        49.00000   46.00000  6.12%  33.1 6399s
 1944545 153745   46.00000   78   38   49.00000   46.00000  6.12%  33.1 6412s
 1944864 153721 infeasible   79        49.00000   46.00000  6.12%  33.1 6416s
 1948564 153710 infeasible   69        49.00000   46.00000  6.12%  33.1 6435s
 1948596 153747 infeasible   70        49.00000   46.00000  6.12%  33.1 6441s
 1952630 153643   46.00000   74   25   49.00000   46.00000  6.12%  33.1 6453s
 1955569 153861 infeasible   62        49.00000   46.00000  6.12%  33.1 6459s
 1961269 153776 infeasible   65        49.00000   46.00000  6.12%  33.1 6468s
 1962560 153739   48.00000   65   26   49.00000   46.00000  6.12%  33.1 6475s
 1965798 153709 infeasible   69        49.00000   46.00000  6.12%  33.1 6483s
 1968574 153699   48.00000   60   30   49.00000   46.00000  6.12%  33.1 6500s
 1968628 153684     cutoff   61        49.00000   46.00000  6.12%  33.1 6507s
 1974150 153558   46.00000   64   38   49.00000   46.00000  6.12%  33.1 6517s
 1975050 153498   46.00000   65   40   49.00000   46.00000  6.12%  33.1 6526s
 1977824 153424   46.00000   58   19   49.00000   46.00000  6.12%  33.1 6535s
 1979724 153317   46.00000   59   20   49.00000   46.00000  6.12%  33.1 6543s
 1982990 153211 infeasible   71        49.00000   46.00000  6.12%  33.1 6549s
 1986967 153198 infeasible   73        49.00000   46.00000  6.12%  33.1 6562s
 1988382 152902   46.00000   75   18   49.00000   46.00000  6.12%  33.1 6580s
 1998328 153186 infeasible   61        49.00000   46.00000  6.12%  33.1 6589s
 1999492 153252 infeasible   62        49.00000   46.00000  6.12%  33.1 6596s
 2004527 153277 infeasible   85        49.00000   46.00000  6.12%  33.1 6606s
 2006083 153229   46.00000   55   36   49.00000   46.00000  6.12%  33.1 6611s
 2010151 153186 infeasible   68        49.00000   46.00000  6.12%  33.1 6622s
 2014858 153163 infeasible   77        49.00000   46.00000  6.12%  33.1 6637s
 2015597 153140   47.00000   57   42   49.00000   46.00000  6.12%  33.1 6649s
 2017998 153102   47.00000   60   28   49.00000   46.00000  6.12%  33.1 6655s
 2022902 153359 infeasible   74        49.00000   46.00000  6.12%  33.1 6661s
 2026552 153363   46.00000   71   30   49.00000   46.00000  6.12%  33.1 6672s
 2027631 153370 infeasible   75        49.00000   46.00000  6.12%  33.1 6679s
 2033551 153388 infeasible   60        49.00000   46.00000  6.12%  33.1 6691s
 2035810 153339   46.00000   65   25   49.00000   46.00000  6.12%  33.1 6709s
 2040606 153388   46.00000   63   40   49.00000   46.00000  6.12%  33.1 6723s
 2043978 153349 infeasible   84        49.00000   46.00000  6.12%  33.1 6727s
 2050351 153328 infeasible   67        49.00000   46.00000  6.12%  33.0 6738s
 2052384 153349 infeasible   65        49.00000   46.00000  6.12%  33.0 6755s
 2053180 153305   47.00000   61   40   49.00000   46.00000  6.12%  33.0 6764s
 2056999 153312   46.00000   72   31   49.00000   46.00000  6.12%  33.0 6775s
 2059955 153118   46.00000   73   29   49.00000   46.00000  6.12%  33.0 6780s
 2066560 153096 infeasible   77        49.00000   46.00000  6.12%  33.0 6790s
 2069859 153222 infeasible   67        49.00000   46.00000  6.12%  33.0 6813s
 2069945 153202   46.00000   70   40   49.00000   46.00000  6.12%  33.0 6818s
 2073806 153179   46.00000   71   56   49.00000   46.00000  6.12%  33.0 6828s
 2074173 153055   46.00000   72   40   49.00000   46.00000  6.12%  33.0 6832s
 2077626 153043 infeasible   73        49.00000   46.00000  6.12%  33.0 6844s
 2077856 152972   48.00000   69   24   49.00000   46.00000  6.12%  33.0 6848s
 2080563 153036   47.00000   71   32   49.00000   46.00000  6.12%  33.0 6857s
 2081770 153065 infeasible   72        49.00000   46.00000  6.12%  33.0 6865s
 2090203 153049   46.00000   68   33   49.00000   46.00000  6.12%  33.0 6879s
 2090235 153027 infeasible   69        49.00000   46.00000  6.12%  33.0 6889s
 2090597 153020   47.00000   72   35   49.00000   46.00000  6.12%  33.0 6899s
 2090867 152949   46.00000   67   42   49.00000   46.00000  6.12%  33.0 6905s
 2092966 152929 infeasible   70        49.00000   46.00000  6.12%  33.0 6913s
 2093786 152941   46.00000   69   36   49.00000   46.00000  6.12%  33.0 6919s
 2096049 152896   46.00000   62   38   49.00000   46.00000  6.12%  33.0 6933s
 2096418 152849   46.00000   63   38   49.00000   46.00000  6.12%  33.0 6940s
 2099165 152865     cutoff   77        49.00000   46.00000  6.12%  33.0 6951s
 2099643 152719 infeasible   63        49.00000   46.00000  6.12%  33.0 6955s
 2103385 152782   46.00000   63   37   49.00000   46.00000  6.12%  33.0 6966s
 2103977 152794   46.00000   64   43   49.00000   46.00000  6.12%  33.0 6973s
 2111258 152751   48.00000   77   20   49.00000   46.00000  6.12%  33.0 6982s
 2112092 152825 infeasible   76        49.00000   46.00000  6.12%  33.0 6990s
 2113029 152774   46.00000   90   20   49.00000   46.00000  6.12%  33.0 6996s
 2115207 152768 infeasible   65        49.00000   46.00000  6.12%  33.0 7011s
 2115271 152806   46.00000   65   39   49.00000   46.00000  6.12%  33.0 7017s
 2118644 152817 infeasible   62        49.00000   46.00000  6.12%  33.0 7025s
 2119194 152870   46.00000   82   28   49.00000   46.00000  6.12%  33.0 7030s
 2123011 152831 infeasible   59        49.00000   46.00000  6.12%  33.0 7039s
 2124276 152952   46.00000   64   29   49.00000   46.00000  6.12%  33.0 7047s
 2126492 152921   46.00000   66   26   49.00000   46.00000  6.12%  33.0 7054s
 2129037 152962   46.00000   77   24   49.00000   46.00000  6.12%  33.0 7061s
 2135252 152973 infeasible   66        49.00000   46.00000  6.12%  33.0 7069s
 2136152 152973   47.00000   68   41   49.00000   46.00000  6.12%  33.0 7070s
 2136159 153023 infeasible   74        49.00000   46.00000  6.12%  33.0 7075s
 2138847 153028   46.00000   71   52   49.00000   46.00000  6.12%  33.0 7084s
 2139998 153042 infeasible   72        49.00000   46.00000  6.12%  33.0 7091s
 2142050 153058   47.00000   70   31   49.00000   46.00000  6.12%  33.0 7110s
 2142350 153207 infeasible   71        49.00000   46.00000  6.12%  33.0 7117s
 2147857 153168 infeasible   78        49.00000   46.00000  6.12%  33.0 7129s
 2148368 153191   46.00000   76   33   49.00000   46.00000  6.12%  33.0 7136s
 2151805 153320 infeasible   61        49.00000   46.00000  6.12%  33.0 7146s
 2155193 153304 infeasible   58        49.00000   46.00000  6.12%  32.9 7153s
 2160289 153323 infeasible   59        49.00000   46.00000  6.12%  33.0 7163s
 2161309 153269   46.00000   64   34   49.00000   46.00000  6.12%  32.9 7171s
 2163830 153284   46.00000   70   33   49.00000   46.00000  6.12%  32.9 7190s
 2163902 153165   46.00000   71   32   49.00000   46.00000  6.12%  32.9 7197s
 2167183 153270   46.00000   66   32   49.00000   46.00000  6.12%  32.9 7206s
 2169714 153237 infeasible   55        49.00000   46.00000  6.12%  32.9 7214s
 2172734 153334   47.00000   67   38   49.00000   46.00000  6.12%  32.9 7222s
 2175900 153326     cutoff   68        49.00000   46.00000  6.12%  32.9 7231s
 2180682 153318   47.00000   63   40   49.00000   46.00000  6.12%  32.9 7242s
 2181995 153272   46.00000   72   46   49.00000   46.00000  6.12%  32.9 7248s
 2187084 153230   46.00000   67   29   49.00000   46.00000  6.12%  32.9 7258s
 2187675 153267   46.00000   68   29   49.00000   46.00000  6.12%  32.9 7272s
 2187950 153251   46.00000   62   42   49.00000   46.00000  6.12%  32.9 7284s
 2188907 153306     cutoff   63        49.00000   46.00000  6.12%  32.9 7288s
 2193075 153319 infeasible   75        49.00000   46.00000  6.12%  32.9 7298s
 2193795 153271   47.00000   74   24   49.00000   46.00000  6.12%  32.9 7304s
 2198993 153223   46.00000   55   18   49.00000   46.00000  6.12%  32.9 7316s
 2201898 153143   46.00000   56   26   49.00000   46.00000  6.12%  32.9 7323s
 2207695 153121 infeasible   66        49.00000   46.00000  6.12%  32.9 7332s
 2209686 153100 infeasible   63        49.00000   46.00000  6.12%  32.9 7341s
 2213348 153085     cutoff   78        49.00000   46.00000  6.12%  32.9 7358s
 2213465 152930   46.00000   61   37   49.00000   46.00000  6.12%  32.9 7364s
 2216786 152885   46.00000   57   34   49.00000   46.00000  6.12%  32.9 7374s
 2218802 152774 infeasible   59        49.00000   46.00000  6.12%  32.9 7385s
 2221384 152731 infeasible   67        49.00000   46.00000  6.12%  32.9 7390s
 2225062 152663 infeasible   68        49.00000   46.00000  6.12%  32.9 7398s
 2227813 152529 infeasible   69        49.00000   46.00000  6.12%  32.9 7409s
 2231458 152561 infeasible   63        49.00000   46.00000  6.12%  32.9 7425s
 2231866 152555   46.00000   77   22   49.00000   46.00000  6.12%  32.9 7432s
 2238050 152542   46.00000   66   67   49.00000   46.00000  6.12%  32.9 7445s
 2238316 152532   46.00000   67   67   49.00000   46.00000  6.12%  32.9 7450s
 2241442 152454 infeasible   70        49.00000   46.00000  6.12%  32.9 7457s
 2242982 152349 infeasible   70        49.00000   46.00000  6.12%  32.9 7463s
 2245648 152326   47.00000   72   28   49.00000   46.00000  6.12%  32.9 7477s
 2246186 152316   47.00000   73   28   49.00000   46.00000  6.12%  32.9 7484s
 2251606 152312   46.00000   65   28   49.00000   46.00000  6.12%  32.9 7495s
 2253127 152075   46.00000   66   28   49.00000   46.00000  6.12%  32.9 7500s
 2265680 152052   46.00000   59   33   49.00000   46.00000  6.12%  32.9 7511s
 2266208 151967   46.00000   63   44   49.00000   46.00000  6.12%  32.9 7518s
 2268713 151970   46.00000   66   50   49.00000   46.00000  6.12%  32.9 7535s
 2268781 152048   46.00000   67   52   49.00000   46.00000  6.12%  32.9 7541s
 2272030 152048 infeasible   83        49.00000   46.00000  6.12%  32.9 7551s
 2273361 152075 infeasible   74        49.00000   46.00000  6.12%  32.9 7556s
 2277985 152068   46.00000   76   42   49.00000   46.00000  6.12%  32.9 7568s
 2280593 151941 infeasible   64        49.00000   46.00000  6.12%  32.9 7575s
 2287130 151950 infeasible   86        49.00000   46.00000  6.12%  32.8 7586s
 2287931 151979   46.00000   71   43   49.00000   46.00000  6.12%  32.8 7603s
 2288222 152172 infeasible   62        49.00000   46.00000  6.12%  32.8 7614s
 2290700 152186 infeasible   67        49.00000   46.00000  6.12%  32.8 7621s
 2296304 152149   47.00000   74   16   49.00000   46.00000  6.12%  32.8 7631s
 2297201 152164   46.00000   71   34   49.00000   46.00000  6.12%  32.8 7638s
 2301122 152143   46.00000   77   42   49.00000   46.00000  6.12%  32.8 7648s
 2302593 152055 infeasible   78        49.00000   46.00000  6.12%  32.8 7654s
 2308026 152055 infeasible   93        49.00000   46.00000  6.12%  32.8 7655s
 2308029 152059   47.00000   79   37   49.00000   46.00000  6.12%  32.8 7661s
 2309924 152047 infeasible   68        49.00000   46.00000  6.12%  32.8 7670s
 2312215 152118 infeasible   68        49.00000   46.00000  6.12%  32.8 7680s
 2314463 152126   46.00000   66   32   49.00000   46.00000  6.12%  32.8 7699s
 2314536 152121   46.00000   68   32   49.00000   46.00000  6.12%  32.8 7706s
 2319281 152128 infeasible   81        49.00000   46.00000  6.12%  32.8 7718s
 2319758 152038     cutoff   73        49.00000   46.00000  6.12%  32.8 7724s
 2323581 152019   47.00000   75   38   49.00000   46.00000  6.12%  32.8 7736s
 2324577 152128 infeasible   75        49.00000   46.00000  6.12%  32.8 7743s
 2327574 152157 infeasible   81        49.00000   46.00000  6.12%  32.8 7751s
 2330751 152078   46.00000   77   39   49.00000   46.00000  6.12%  32.8 7762s
 2333686 152160   47.00000   73   27   49.00000   46.00000  6.12%  32.8 7768s
 2341118 152148   46.00000   69   29   49.00000   46.00000  6.12%  32.8 7788s
 2341172 152180   46.00000   70   28   49.00000   46.00000  6.12%  32.8 7792s
 2343254 152174   46.00000   70   23   49.00000   46.00000  6.12%  32.8 7802s
 2344559 152179   46.00000   75   44   49.00000   46.00000  6.12%  32.8 7809s
 2346707 152148   46.00000   76   42   49.00000   46.00000  6.12%  32.8 7817s
 2348871 152085 infeasible   78        49.00000   46.00000  6.12%  32.8 7823s
 2351802 152083 infeasible   67        49.00000   46.00000  6.12%  32.8 7842s
 2351847 152113   47.00000   67   38   49.00000   46.00000  6.12%  32.8 7847s
 2357744 152098 infeasible   78        49.00000   46.00000  6.12%  32.8 7857s
 2358929 152290   46.00000   60   22   49.00000   46.00000  6.12%  32.8 7864s
 2360645 152209   46.00000   68   37   49.00000   46.00000  6.12%  32.8 7870s
 2366090 152166 infeasible   78        49.00000   46.00000  6.12%  32.8 7883s
 2366304 152104 infeasible   76        49.00000   46.00000  6.12%  32.8 7888s
 2370533 152086 infeasible   77        49.00000   46.00000  6.12%  32.8 7897s
 2371074 152049 infeasible   70        49.00000   46.00000  6.12%  32.8 7913s
 2371336 152034   46.00000   78   32   49.00000   46.00000  6.12%  32.8 7923s
 2372251 151943   46.00000   70   24   49.00000   46.00000  6.12%  32.8 7926s
 2376299 151928 infeasible   69        49.00000   46.00000  6.12%  32.8 7939s
 2376589 151821   46.00000   78   32   49.00000   46.00000  6.12%  32.8 7944s
 2381635 151753   46.00000   73   34   49.00000   46.00000  6.12%  32.8 7955s
 2382281 151833   46.00000   74   32   49.00000   46.00000  6.12%  32.8 7960s
 2384418 151630     cutoff   66        49.00000   46.00000  6.12%  32.8 7969s
 2388964 151629   46.00000   75   40   49.00000   46.00000  6.12%  32.7 7978s
 2391253 151579   47.00000   66   42   49.00000   46.00000  6.12%  32.7 7989s
 2392392 151333   47.00000   67   44   49.00000   46.00000  6.12%  32.7 7993s
 2397514 151326   46.00000   65   44   49.00000   46.00000  6.12%  32.7 8013s
 2397569 151328   46.00000   66   41   49.00000   46.00000  6.12%  32.7 8020s
 2400689 151421   46.00000   81   41   49.00000   46.00000  6.12%  32.7 8027s
 2403523 151416 infeasible   67        49.00000   46.00000  6.12%  32.7 8037s
 2404341 151295   46.00000   71   44   49.00000   46.00000  6.12%  32.7 8044s
 2407556 151335   46.00000   69   34   49.00000   46.00000  6.12%  32.7 8053s
 2409059 151163   46.00000   73   20   49.00000   46.00000  6.12%  32.7 8058s
 2414053 151152   48.00000   64   36   49.00000   46.00000  6.12%  32.7 8078s
 2414090 151159     cutoff   65        49.00000   46.00000  6.12%  32.7 8084s
 2417293 151265   47.00000   61   26   49.00000   46.00000  6.12%  32.7 8092s
 2418033 151203 infeasible   74        49.00000   46.00000  6.12%  32.7 8097s
 2421458 151190   46.00000   62   29   49.00000   46.00000  6.12%  32.7 8105s
 2423390 151199   47.00000   65   33   49.00000   46.00000  6.12%  32.7 8114s
 2425540 151102   47.00000   66   33   49.00000   46.00000  6.12%  32.7 8123s
 2427556 151093 infeasible   67        49.00000   46.00000  6.12%  32.7 8140s
 2428011 150947   47.00000   68   33   49.00000   46.00000  6.12%  32.7 8148s
 2431482 150963   46.00000   68   47   49.00000   46.00000  6.12%  32.7 8157s
 2434435 151240   46.00000   69   43   49.00000   46.00000  6.12%  32.7 8164s
 2438575 151226   46.00000   65   18   49.00000   46.00000  6.12%  32.7 8174s
 2440839 151197   46.00000   71   33   49.00000   46.00000  6.12%  32.7 8182s
 2444670 151121 infeasible   63        49.00000   46.00000  6.12%  32.7 8191s
 2445451 151088   47.00000   64   24   49.00000   46.00000  6.12%  32.7 8205s
 2445849 151152 infeasible   67        49.00000   46.00000  6.12%  32.7 8215s
 2448757 151149   46.00000   72   50   49.00000   46.00000  6.12%  32.7 8223s
 2451412 151127   47.00000   67   40   49.00000   46.00000  6.12%  32.7 8231s
 2453698 151041   46.00000   64   28   49.00000   46.00000  6.12%  32.7 8239s
 2457719 151150 infeasible   81        49.00000   46.00000  6.12%  32.7 8250s
 2459341 151081   46.00000   73   28   49.00000   46.00000  6.12%  32.7 8257s
 2466098 151039 infeasible   78        49.00000   46.00000  6.12%  32.7 8264s
 2466434 151052   46.00000   67   46   49.00000   46.00000  6.12%  32.7 8275s
 2466823 151000   46.00000   80   38   49.00000   46.00000  6.12%  32.7 8286s
 2467940 150942 infeasible   71        49.00000   46.00000  6.12%  32.7 8293s
 2469545 150854 infeasible   75        49.00000   46.00000  6.12%  32.7 8299s
 2472578 150980 infeasible   69        49.00000   46.00000  6.12%  32.7 8308s
 2474346 150922 infeasible   66        49.00000   46.00000  6.12%  32.7 8314s
 2478828 150914 infeasible   69        49.00000   46.00000  6.12%  32.7 8336s
 2478867 150855   46.00000   76   34   49.00000   46.00000  6.12%  32.7 8341s
 2482687 150720 infeasible   66        49.00000   46.00000  6.12%  32.7 8353s
 2485696 150813   46.00000   73   23   49.00000   46.00000  6.12%  32.7 8358s
 2491375 150850     cutoff   73        49.00000   46.00000  6.12%  32.7 8369s
 2492367 150645   46.00000   73   25   49.00000   46.00000  6.12%  32.7 8373s
 2496124 150667   47.00000   80   35   49.00000   46.00000  6.12%  32.7 8387s
 2496321 150984   47.00000   96   19   49.00000   46.00000  6.12%  32.7 8391s
 2498681 150950 infeasible   75        49.00000   46.00000  6.12%  32.7 8406s
 2499734 150926 infeasible   70        49.00000   46.00000  6.12%  32.7 8414s
 2502265 150938 infeasible   67        49.00000   46.00000  6.12%  32.7 8423s
 2505501 150816   46.00000   75   28   49.00000   46.00000  6.12%  32.7 8428s
 2509381 150750   46.00000   67   32   49.00000   46.00000  6.12%  32.7 8439s
 2511932 150742   46.00000   61   51   49.00000   46.00000  6.12%  32.7 8454s
 2512326 150717   46.00000   75   30   49.00000   46.00000  6.12%  32.7 8457s
 2517553 150742   47.00000   81   32   49.00000   46.00000  6.12%  32.7 8468s
 2518525 150752   47.00000   81   28   49.00000   46.00000  6.12%  32.7 8476s
 2523967 150713   46.00000   62   36   49.00000   46.00000  6.12%  32.7 8483s
 2525550 150686   47.00000   65   28   49.00000   46.00000  6.12%  32.7 8490s
 2526787 150702   47.00000   59   32   49.00000   46.00000  6.12%  32.7 8498s
 2528843 150670 infeasible   61        49.00000   46.00000  6.12%  32.7 8510s
 2530421 150525 infeasible   87        49.00000   46.00000  6.12%  32.7 8515s
 2534874 150517 infeasible   69        49.00000   46.00000  6.12%  32.7 8531s
 2534917 150641 infeasible   68        49.00000   46.00000  6.12%  32.7 8537s
 2538610 150644   46.00000   66   32   49.00000   46.00000  6.12%  32.6 8550s
 2539396 150574   46.00000   67   38   49.00000   46.00000  6.12%  32.6 8557s
 2543668 150505   46.00000   58   28   49.00000   46.00000  6.12%  32.6 8565s
 2544906 150435 infeasible   59        49.00000   46.00000  6.12%  32.6 8572s
 2547707 150354 infeasible   67        49.00000   46.00000  6.12%  32.6 8581s
 2549839 150219 infeasible   75        49.00000   46.00000  6.12%  32.6 8589s
 2553738 150218   47.00000   80   38   49.00000   46.00000  6.12%  32.6 8609s
 2553783 150050   47.00000   81   36   49.00000   46.00000  6.12%  32.6 8617s
 2556716 149960 infeasible   76        49.00000   46.00000  6.12%  32.6 8623s
 2560008 150038 infeasible   71        49.00000   46.00000  6.12%  32.6 8633s
 2561943 149820 infeasible   81        49.00000   46.00000  6.12%  32.6 8641s
 2566553 149767   47.00000   62   39   49.00000   46.00000  6.12%  32.6 8650s
 2567964 149740 infeasible   71        49.00000   46.00000  6.12%  32.6 8657s
 2569569 149776   46.00000   75   23   49.00000   46.00000  6.12%  32.6 8672s
 2570445 149730   46.00000   82   42   49.00000   46.00000  6.12%  32.6 8683s
 2573431 149725 infeasible   67        49.00000   46.00000  6.12%  32.6 8689s
 2579264 149647   47.00000   67   46   49.00000   46.00000  6.12%  32.6 8698s
 2580512 149529 infeasible   68        49.00000   46.00000  6.12%  32.6 8704s
 2584092 149511   46.00000   77   22   49.00000   46.00000  6.12%  32.6 8711s
 2586114 149519   46.00000   58   50   49.00000   46.00000  6.12%  32.6 8720s
 2590919 149491 infeasible   73        49.00000   46.00000  6.12%  32.6 8736s
 2590977 149473 infeasible   68        49.00000   46.00000  6.12%  32.6 8742s
 2593653 149377   46.00000   80   38   49.00000   46.00000  6.12%  32.6 8750s
 2595117 149235   46.00000   81   34   49.00000   46.00000  6.12%  32.6 8758s
 2596522 149195 infeasible   74        49.00000   46.00000  6.12%  32.6 8765s
 2599172 149045   47.00000   65   50   49.00000   46.00000  6.12%  32.6 8773s
 2602018 149131   47.00000   61   20   49.00000   46.00000  6.12%  32.6 8780s
 2606187 149127   46.00000   68   24   49.00000   46.00000  6.12%  32.6 8799s
 2606229 149132   46.00000   69   26   49.00000   46.00000  6.12%  32.6 8805s
 2610028 149020 infeasible   65        49.00000   46.00000  6.12%  32.6 8818s
 2612312 148769   46.00000   74   35   49.00000   46.00000  6.12%  32.6 8824s
 2621573 148740   46.00000   65   15   49.00000   46.00000  6.12%  32.6 8833s
 2622009 148657   46.00000   66   16   49.00000   46.00000  6.12%  32.6 8837s
 2624770 148649 infeasible   69        49.00000   46.00000  6.12%  32.6 8849s
 2625019 148598     cutoff   60        49.00000   46.00000  6.12%  32.6 8859s
 2626265 148562   46.00000   66   60   49.00000   46.00000  6.12%  32.6 8867s
 2627894 148523 infeasible   69        49.00000   46.00000  6.12%  32.6 8877s
 2629482 148755   46.00000   76   31   49.00000   46.00000  6.12%  32.6 8880s
 2633384 148690   47.00000   76   27   49.00000   46.00000  6.12%  32.6 8891s
 2635920 148599   46.00000   63   23   49.00000   46.00000  6.12%  32.6 8896s
 2642169 148586   47.00000   72   23   49.00000   46.00000  6.12%  32.6 8916s
 2646541 148475   46.00000   73   28   49.00000   46.00000  6.12%  32.6 8930s
 2649583 148459 infeasible   65        49.00000   46.00000  6.12%  32.6 8945s
 2650143 148420 infeasible   62        49.00000   46.00000  6.12%  32.6 8952s
 2653288 148378   46.00000   71   53   49.00000   46.00000  6.12%  32.6 8961s
 2653786 148411   46.00000   72   51   49.00000   46.00000  6.12%  32.6 8976s
 2654299 148393   47.00000   79   29   49.00000   46.00000  6.12%  32.6 8984s
 2656620 148385   47.00000   80   33   49.00000   46.00000  6.12%  32.6 8991s
 2659274 148276   47.00000   72   36   49.00000   46.00000  6.12%  32.6 9001s
 2661319 148343   46.00000   61   42   49.00000   46.00000  6.12%  32.6 9008s
 2665406 148452 infeasible   84        49.00000   46.00000  6.12%  32.6 9018s
 2668917 148411 infeasible   67        49.00000   46.00000  6.12%  32.6 9024s
 2671731 148414 infeasible   71        49.00000   46.00000  6.12%  32.6 9043s
 2671927 148632 infeasible   72        49.00000   46.00000  6.12%  32.6 9051s
 2675686 148598 infeasible   80        49.00000   46.00000  6.12%  32.6 9060s
 2677339 148457 infeasible   77        49.00000   46.00000  6.12%  32.6 9066s
 2681290 148479 infeasible   87        49.00000   46.00000  6.12%  32.5 9074s
 2684175 148456 infeasible   79        49.00000   46.00000  6.12%  32.5 9081s
 2687062 148438 infeasible   81        49.00000   46.00000  6.12%  32.5 9090s
 2689336 148429 infeasible   67        49.00000   46.00000  6.12%  32.5 9096s
 2694274 148446 infeasible   75        49.00000   46.00000  6.12%  32.5 9107s
 2694732 148409   46.00000   70   35   49.00000   46.00000  6.12%  32.5 9124s
 2695501 148087   46.00000   71   51   49.00000   46.00000  6.12%  32.5 9136s
 2711780 148159     cutoff   80        49.00000   46.00000  6.12%  32.5 9143s
 2714264 148175 infeasible   81        49.00000   46.00000  6.12%  32.5 9153s
 2715103 148176 infeasible   62        49.00000   46.00000  6.12%  32.5 9160s
 2717164 148130 infeasible   74        49.00000   46.00000  6.12%  32.5 9167s
 2722657 148134 infeasible   75        49.00000   46.00000  6.12%  32.5 9177s
 2723952 148112   46.00000   61   37   49.00000   46.00000  6.12%  32.5 9195s
 2727821 148064   46.00000   71   36   49.00000   46.00000  6.12%  32.5 9208s
 2729229 148129 infeasible   72        49.00000   46.00000  6.12%  32.5 9217s
 2731407 148124   46.00000   74   24   49.00000   46.00000  6.12%  32.5 9225s
 2733978 148192   47.00000   73   28   49.00000   46.00000  6.12%  32.5 9234s
 2736559 148099 infeasible   80        49.00000   46.00000  6.12%  32.5 9242s
 2739857 148112   47.00000   72   44   49.00000   46.00000  6.12%  32.5 9249s
 2742690 147959   46.00000   80   28   49.00000   46.00000  6.12%  32.5 9256s
 2746580 147964   46.00000   81   12   49.00000   46.00000  6.12%  32.5 9265s
 2749323 147949   46.00000   62   31   49.00000   46.00000  6.12%  32.5 9286s
 2749387 148107   46.00000   65   37   49.00000   46.00000  6.12%  32.5 9291s
 2752443 148058 infeasible   63        49.00000   46.00000  6.12%  32.5 9301s
 2754796 148027   46.00000   60   33   49.00000   46.00000  6.12%  32.5 9309s
 2758199 148041 infeasible   76        49.00000   46.00000  6.12%  32.5 9318s
 2761342 147929 infeasible   80        49.00000   46.00000  6.12%  32.5 9325s
 2764256 147874   46.00000   71   50   49.00000   46.00000  6.12%  32.5 9334s
 2766002 147848   46.00000   67   33   49.00000   46.00000  6.12%  32.5 9341s
 2771599 147835 infeasible   59        49.00000   46.00000  6.12%  32.5 9360s
 2775055 147850   46.00000   76   26   49.00000   46.00000  6.12%  32.5 9377s
 2777130 147689 infeasible   73        49.00000   46.00000  6.12%  32.5 9387s
 2786846 147678   47.00000   71   28   49.00000   46.00000  6.12%  32.5 9394s
 2787701 147615 infeasible   72        49.00000   46.00000  6.12%  32.5 9400s
 2789513 147612 infeasible   75        49.00000   46.00000  6.12%  32.5 9418s
 2789579 147576   46.00000   57   37   49.00000   46.00000  6.12%  32.5 9425s
 2791892 147596 infeasible   73        49.00000   46.00000  6.12%  32.5 9433s
 2792637 147582   47.00000   64   35   49.00000   46.00000  6.12%  32.5 9440s
 2795415 147562 infeasible   86        49.00000   46.00000  6.12%  32.5 9449s
 2797257 147590   46.00000   60   28   49.00000   46.00000  6.12%  32.5 9455s
 2800822 147581   47.00000   79   27   49.00000   46.00000  6.12%  32.5 9461s
 2802985 147597   46.00000   65   23   49.00000   46.00000  6.12%  32.5 9477s
 2803633 147878   46.00000   66   26   49.00000   46.00000  6.12%  32.5 9484s
 2807626 147939 infeasible   75        49.00000   46.00000  6.12%  32.5 9491s
 2810086 147955   46.00000   71   37   49.00000   46.00000  6.12%  32.5 9500s
 2812170 148101   46.00000   72   38   49.00000   46.00000  6.12%  32.5 9509s
 2815969 148073 infeasible   71        49.00000   46.00000  6.12%  32.5 9519s
 2817561 148076   47.00000   73   44   49.00000   46.00000  6.12%  32.5 9539s
 2817697 148111 infeasible   75        49.00000   46.00000  6.12%  32.5 9547s
 2821038 148219   46.00000   63   39   49.00000   46.00000  6.12%  32.5 9554s
 2825101 148225   47.00000   69   44   49.00000   46.00000  6.12%  32.5 9564s
 2826864 148282   47.00000   63   30   49.00000   46.00000  6.12%  32.5 9572s
 2829507 148360   46.00000   56   29   49.00000   46.00000  6.12%  32.5 9581s
 2835013 148345   46.00000   60   42   49.00000   46.00000  6.12%  32.5 9589s
 2835628 148375   46.00000   67   20   49.00000   46.00000  6.12%  32.5 9594s
 2838457 148368 infeasible   68        49.00000   46.00000  6.12%  32.5 9602s
 2839759 148454 infeasible   78        49.00000   46.00000  6.12%  32.5 9609s
 2841545 148500   46.00000   65   49   49.00000   46.00000  6.12%  32.5 9618s
 2844501 148519 infeasible   61        49.00000   46.00000  6.12%  32.5 9631s
 2845074 148571 infeasible   62        49.00000   46.00000  6.12%  32.5 9638s
 2848244 148592   46.00000   74   37   49.00000   46.00000  6.12%  32.5 9650s
 2850429 148926   46.00000   62   45   49.00000   46.00000  6.12%  32.5 9656s
 2854253 148937 infeasible   73        49.00000   46.00000  6.12%  32.5 9666s
 2857596 148934 infeasible   76        49.00000   46.00000  6.12%  32.5 9684s
 2857756 148959   46.00000   65   28   49.00000   46.00000  6.12%  32.5 9691s
 2862133 148962 infeasible   68        49.00000   46.00000  6.12%  32.5 9700s
 2863748 148947   46.00000   71   40   49.00000   46.00000  6.12%  32.5 9708s
 2866664 148976 infeasible   69        49.00000   46.00000  6.12%  32.5 9718s
 2869493 149010   46.00000   68   29   49.00000   46.00000  6.12%  32.5 9726s
 2871707 149072   47.00000   67   40   49.00000   46.00000  6.12%  32.5 9733s
 2876158 149087 infeasible   69        49.00000   46.00000  6.12%  32.5 9743s
 2877621 149108 infeasible   68        49.00000   46.00000  6.12%  32.5 9749s
 2882856 149096 infeasible   76        49.00000   46.00000  6.12%  32.5 9766s
 2882897 149118   46.00000   61   52   49.00000   46.00000  6.12%  32.5 9771s
 2886203 149110   46.00000   61   41   49.00000   46.00000  6.12%  32.5 9783s
 2886358 149070   46.00000   62   39   49.00000   46.00000  6.12%  32.5 9787s
 2888906 149084   46.00000   64   55   49.00000   46.00000  6.12%  32.5 9793s
 2890404 149190 infeasible   69        49.00000   46.00000  6.12%  32.5 9798s
 2894102 149210 infeasible   82        49.00000   46.00000  6.12%  32.5 9811s
 2894151 149497   46.00000   83   32   49.00000   46.00000  6.12%  32.5 9815s
 2897031 149496   46.00000   59   28   49.00000   46.00000  6.12%  32.4 9835s
 2897072 149484 infeasible   60        49.00000   46.00000  6.12%  32.4 9840s
 2900028 149565 infeasible   66        49.00000   46.00000  6.12%  32.4 9853s
 2902987 149468   46.00000   68   39   49.00000   46.00000  6.12%  32.4 9858s
 2908071 149431   46.00000   68   19   49.00000   46.00000  6.12%  32.4 9869s
 2908655 149509 infeasible   69        49.00000   46.00000  6.12%  32.4 9874s
 2913638 149443   47.00000   76   29   49.00000   46.00000  6.12%  32.4 9884s
 2914608 149422   46.00000   64   39   49.00000   46.00000  6.12%  32.4 9892s
 2916259 149421 infeasible   79        49.00000   46.00000  6.12%  32.4 9909s
 2916396 149417   46.00000   76   30   49.00000   46.00000  6.12%  32.4 9915s
 2918787 149449   46.00000   78   36   49.00000   46.00000  6.12%  32.4 9924s
 2921543 149425 infeasible   76        49.00000   46.00000  6.12%  32.4 9932s
 2924565 149497   46.00000   75   32   49.00000   46.00000  6.12%  32.4 9944s
 2927652 149445 infeasible   80        49.00000   46.00000  6.12%  32.4 9949s
 2932051 149559   47.00000   65   24   49.00000   46.00000  6.12%  32.4 9958s
 2933693 149655   47.00000   66   22   49.00000   46.00000  6.12%  32.4 9967s
 2935713 149635   47.00000   71   18   49.00000   46.00000  6.12%  32.4 9984s
 2936024 149622   46.00000   69   33   49.00000   46.00000  6.12%  32.4 9992s
 2939746 149626 infeasible   78        49.00000   46.00000  6.12%  32.4 10003s
 2942086 149671   46.00000   74   32   49.00000   46.00000  6.12%  32.4 10008s
 2946145 149650   46.00000   68   43   49.00000   46.00000  6.12%  32.4 10018s
 2947094 149629 infeasible   69        49.00000   46.00000  6.12%  32.4 10023s
 2951790 149611 infeasible   74        49.00000   46.00000  6.12%  32.4 10033s
 2953010 149584 infeasible   60        49.00000   46.00000  6.12%  32.4 10039s
 2956793 149586   46.00000   71   51   49.00000   46.00000  6.12%  32.4 10058s
 2956819 149964   46.00000   72   49   49.00000   46.00000  6.12%  32.4 10061s
 2961802 149888 infeasible   76        49.00000   46.00000  6.12%  32.4 10075s
 2963760 149877 infeasible   78        49.00000   46.00000  6.12%  32.4 10080s
 2971775 149879   46.00000   72   32   49.00000   46.00000  6.12%  32.4 10089s
 2972270 149901   46.00000   73   30   49.00000   46.00000  6.12%  32.4 10103s
 2972752 149929   46.00000   75   26   49.00000   46.00000  6.12%  32.4 10115s
 2979225 149927 infeasible   65        49.00000   46.00000  6.12%  32.4 10128s
 2979554 149967   46.00000   63   33   49.00000   46.00000  6.12%  32.4 10131s
 2983204 149941 infeasible   76        49.00000   46.00000  6.12%  32.4 10145s
 2986615 149869   47.00000   63   49   49.00000   46.00000  6.12%  32.4 10155s
 2987821 149885   47.00000   61   42   49.00000   46.00000  6.12%  32.4 10170s
 2988217 149843   46.00000   80   37   49.00000   46.00000  6.12%  32.4 10179s
 2994219 149844   46.00000   73   33   49.00000   46.00000  6.12%  32.4 10189s
 2994834 149893   47.00000   72   30   49.00000   46.00000  6.12%  32.4 10194s
 2996858 149907   46.00000   58   33   49.00000   46.00000  6.12%  32.4 10205s
 3001494 149906 infeasible   59        49.00000   46.00000  6.12%  32.4 10220s
 3005833 149799 infeasible   63        49.00000   46.00000  6.12%  32.4 10242s
 3005886 149902 infeasible   67        49.00000   46.00000  6.12%  32.4 10247s
 3009259 149880   46.00000   73   25   49.00000   46.00000  6.12%  32.4 10257s
 3010178 150071   46.00000   60   34   49.00000   46.00000  6.12%  32.4 10264s
 3012011 150039 infeasible   70        49.00000   46.00000  6.12%  32.4 10272s
 3017133 149988   46.00000   72   26   49.00000   46.00000  6.12%  32.4 10281s
 3017742 149977 infeasible   73        49.00000   46.00000  6.12%  32.4 10292s
 3018364 149973   47.00000   68   28   49.00000   46.00000  6.12%  32.4 10302s
 3020232 149853   46.00000   75   24   49.00000   46.00000  6.12%  32.4 10308s
 3024276 149844 infeasible   82        49.00000   46.00000  6.12%  32.4 10319s
 3025827 149846   46.00000   68   26   49.00000   46.00000  6.12%  32.4 10324s
 3029478 149819 infeasible   64        49.00000   46.00000  6.12%  32.4 10332s
 3031480 149787   47.00000   60   35   49.00000   46.00000  6.12%  32.4 10340s
 3035049 149804   46.00000   77   51   49.00000   46.00000  6.12%  32.4 10357s
 3035121 150114   46.00000   80   51   49.00000   46.00000  6.12%  32.4 10362s
 3039821 150107   46.00000   60   64   49.00000   46.00000  6.12%  32.4 10371s
 3041019 150128   46.00000   61   63   49.00000   46.00000  6.12%  32.4 10381s
 3043882 150142 infeasible   62        49.00000   46.00000  6.12%  32.4 10388s
 3046762 150138   46.00000   63   45   49.00000   46.00000  6.12%  32.4 10397s
 3047268 150012   46.00000   64   44   49.00000   46.00000  6.12%  32.4 10402s
 3051399 150012 infeasible   67        49.00000   46.00000  6.12%  32.4 10411s
 3053455 150001 infeasible   80        49.00000   46.00000  6.12%  32.4 10420s
 3056493 149992   47.00000   61   28   49.00000   46.00000  6.12%  32.4 10427s
 3059452 150029   47.00000   61   28   49.00000   46.00000  6.12%  32.4 10439s
 3060523 149952   47.00000   62   27   49.00000   46.00000  6.12%  32.4 10445s
 3065654 149951   46.00000   75   44   49.00000   46.00000  6.12%  32.4 10460s
 3065763 149895   46.00000   76   50   49.00000   46.00000  6.12%  32.4 10466s
 3068752 149878 infeasible   75        49.00000   46.00000  6.12%  32.4 10476s
 3069544 149870     cutoff   74        49.00000   46.00000  6.12%  32.4 10482s
 3072666 149894 infeasible   72        49.00000   46.00000  6.12%  32.4 10491s
 3073343 149878   47.00000   65   20   49.00000   46.00000  6.12%  32.4 10496s
 3078277 149873   48.00000   73   18   49.00000   46.00000  6.12%  32.4 10520s
 3081994 149884 infeasible   74        49.00000   46.00000  6.12%  32.4 10535s
 3085399 150118     cutoff   71        49.00000   46.00000  6.12%  32.4 10550s
 3087608 150378   46.00000   67   31   49.00000   46.00000  6.12%  32.4 10555s
 3095153 150401 infeasible   69        49.00000   46.00000  6.12%  32.4 10566s
 3096653 150447   46.00000   72   48   49.00000   46.00000  6.12%  32.4 10573s
 3099623 150444 infeasible   75        49.00000   46.00000  6.12%  32.4 10591s
 3099677 150598   46.00000   69   16   49.00000   46.00000  6.12%  32.4 10598s
 3103215 150585   47.00000   70   39   49.00000   46.00000  6.12%  32.4 10607s
 3105283 150622 infeasible   62        49.00000   46.00000  6.12%  32.4 10615s
 3107397 150773 infeasible   74        49.00000   46.00000  6.12%  32.4 10622s
 3112882 150750   47.00000   74   30   49.00000   46.00000  6.12%  32.4 10629s
 3113263 150750   47.00000   75   28   49.00000   46.00000  6.12%  32.4 10635s
 3115585 150715 infeasible   73        49.00000   46.00000  6.12%  32.4 10643s
 3117180 150704 infeasible   75        49.00000   46.00000  6.12%  32.4 10661s
 3117265 150745   46.00000   65   42   49.00000   46.00000  6.12%  32.4 10666s
 3120943 150749   46.00000   68   36   49.00000   46.00000  6.12%  32.4 10677s
 3121712 150822 infeasible   69        49.00000   46.00000  6.12%  32.4 10682s
 3127538 150798 infeasible   70        49.00000   46.00000  6.12%  32.4 10691s
 3127850 150799   46.00000   66   42   49.00000   46.00000  6.12%  32.4 10697s
 3130604 150805 infeasible   86        49.00000   46.00000  6.12%  32.4 10709s
 3130770 150830   46.00000   72   18   49.00000   46.00000  6.12%  32.4 10712s
 3137018 150801 infeasible   87        49.00000   46.00000  6.12%  32.3 10724s
 3137181 150890   46.00000   61   40   49.00000   46.00000  6.12%  32.3 10734s
 3137570 150817     cutoff   61        49.00000   46.00000  6.12%  32.3 10745s
 3142909 150889   46.00000   71   34   49.00000   46.00000  6.12%  32.3 10758s
 3143309 151130 infeasible   72        49.00000   46.00000  6.12%  32.3 10764s
 3145677 151109   46.00000   62   56   49.00000   46.00000  6.12%  32.3 10774s
 3147278 151114 infeasible   73        49.00000   46.00000  6.12%  32.3 10784s
 3149173 150976   46.00000   77   42   49.00000   46.00000  6.12%  32.3 10790s
 3152436 150964 infeasible   70        49.00000   46.00000  6.12%  32.3 10800s

Explored 3152487 nodes (101956524 simplex iterations) in 10800.18 seconds (1222.20 work units)
Thread count was 18 (of 36 available processors)

Solution count 10: 49 50 50 ... 61

Time limit reached
Best objective 4.900000000000e+01, best bound 4.600000000000e+01, gap 6.1224%
