
Gurobi 11.0.0 (win64) logging started Mon May  6 15:47:02 2024

Set parameter LogFile to value "./Results/StripPacking-CutHeurRuns/Logs/SU-011-StripPacking-20.log"
Set parameter TimeLimit to value 10800
Set parameter Cuts to value 0
Set parameter Presolve to value 1
Set parameter Heuristics to value 1
Set parameter LPWarmStart to value 2
Gurobi Optimizer version 11.0.0 build v11.0.0rc2 (win64 - Windows 10.0 (19045.2))

CPU model: Intel(R) Core(TM) i9-10980XE CPU @ 3.00GHz, instruction set [SSE2|AVX|AVX2|AVX512]
Thread count: 18 physical cores, 36 logical processors, using up to 18 threads

Optimize a model with 3925 rows, 1251 columns and 9650 nonzeros
Model fingerprint: 0x18b4472d
Variable types: 51 continuous, 1200 integer (1200 binary)
Coefficient statistics:
  Matrix range     [1e+00, 1e+04]
  Objective range  [1e+00, 1e+00]
  Bounds range     [1e+00, 1e+04]
  RHS range        [1e+00, 1e+04]

Warning: Completing partial solution with 1200 unfixed non-continuous variables out of 1200
User MIP start produced solution with objective 104.8 (0.02s)
Loaded user MIP start with objective 104.8

Presolve removed 600 rows and 0 columns
Presolve time: 0.02s
Presolved: 3325 rows, 1251 columns, 8450 nonzeros
Variable types: 51 continuous, 1200 integer (1200 binary)

Root relaxation: objective 3.600000e+01, 755 iterations, 0.00 seconds (0.02 work units)

    Nodes    |    Current Node    |     Objective Bounds      |     Work
 Expl Unexpl |  Obj  Depth IntInf | Incumbent    BestBd   Gap | It/Node Time

     0     0   36.00000    0  126  104.80000   36.00000  65.6%     -    0s
H    0     0                     104.0000000   36.00000  65.4%     -    0s
     0     0   36.00000    0  118  104.00000   36.00000  65.4%     -    0s
H    0     0                     103.0000000   36.00000  65.0%     -    0s
     0     2   36.00000    0  111  103.00000   36.00000  65.0%     -    0s
H   75    86                     102.0000000   36.00000  64.7%  52.3    1s
H   85   104                      97.0000000   36.00000  62.9%  48.4    2s
H   88   104                      96.0000000   36.00000  62.5%  49.4    2s
H  139   161                      94.0000000   36.00000  61.7%  47.2    6s
H  153   161                      92.0000000   36.00000  60.9%  44.2    6s
H  373   456                      87.0000000   36.00000  58.6%  26.3    9s
H  400   456                      86.0000000   36.00000  58.1%  25.8    9s
   455   474   36.00000   25  172   86.00000   36.00000  58.1%  23.9   15s
H  468   474                      84.0000000   36.00000  57.1%  23.5   15s
   473   649   36.00000   26  172   84.00000   36.00000  57.1%  23.4   21s
   652  2101   36.00000   29  176   84.00000   36.00000  57.1%  21.7   28s
  2121  2119   36.00000  129  182   84.00000   36.00000  57.1%  18.9   42s
  2139  4496   36.00000  130  182   84.00000   36.00000  57.1%  19.8   53s
  4717  4512   78.00000  273  104   84.00000   36.00000  57.1%  17.2   57s
  4737  5172 infeasible  274        84.00000   36.00000  57.1%  17.2   64s
  5449  5202   36.00000   22  163   84.00000   36.00000  57.1%  16.7   75s
H 5450  5202                      84.0000000   36.00000  57.1%  16.7   75s
  5485  7482   36.00000   24  163   84.00000   36.00000  57.1%  16.7   85s
H 8088  7257                      83.0000000   36.00000  56.6%  15.2   89s
  8117  7265   36.00000   14  214   83.00000   36.00000  56.6%  15.9   90s
  8295  7385   61.00000   20  110   83.00000   36.00000  56.6%  16.4   98s
  8362  7430   61.00000   22   64   83.00000   36.00000  56.6%  16.8  109s
  8469  7498   61.00000   25   60   83.00000   36.00000  56.6%  17.1  114s
  8630  7606   61.00000   29   58   83.00000   36.00000  56.6%  17.4  118s
  8760  7692   61.00000   33   64   83.00000   36.00000  56.6%  17.5  128s
H 8770  7327                      83.0000000   36.00000  56.6%  17.7  128s
  8827  7374   61.00000   35   68   83.00000   36.00000  56.6%  17.8  132s
  9139  7571   80.00000   45   54   83.00000   36.00000  56.6%  18.1  137s
  9521  7810   61.00000   60  104   83.00000   36.00000  56.6%  18.4  142s
  9758  7962   61.00000   67   94   83.00000   36.00000  56.6%  18.5  152s
  9776  8045   69.00000   67   88   83.00000   36.00000  56.6%  18.5  155s
 10401  8461   69.00000   87  107   83.00000   36.00000  56.6%  19.0  160s
 10698  8477   79.00000   94  109   83.00000   36.00000  56.6%  19.3  170s
 10846  8598   66.00000   97  115   83.00000   36.00000  56.6%  19.7  177s
 11378  8930   78.00000  104  120   83.00000   36.00000  56.6%  19.9  181s
 11925  9054   81.00000  119   76   83.00000   36.00000  56.6%  20.2  188s
 12134  9125   48.00000   20  157   83.00000   36.00000  56.6%  20.3  190s
 12336  9217   60.00000   31  118   83.00000   36.00000  56.6%  20.4  197s
 12741  9581   80.00000   69  123   83.00000   36.00000  56.6%  20.7  200s
 13125  9486   81.00000   91  102   83.00000   36.00000  56.6%  21.1  209s
 13168  9981   81.00000   92  100   83.00000   36.00000  56.6%  21.1  212s
 13799  9786   81.00000   93   96   83.00000   36.00000  56.6%  21.7  215s
 14376 10289   69.00000   34  108   83.00000   36.00000  56.6%  21.9  221s
 14724 10244   82.00000   54  104   83.00000   36.00000  56.6%  21.9  229s
 14820 11021   82.00000   59  110   83.00000   36.00000  56.6%  21.9  233s
 15904 10673   59.00000   26  107   83.00000   36.00000  56.6%  22.0  236s
 15927 11247   59.00000   27  107   83.00000   36.00000  56.6%  22.0  240s
 16925 11301   78.00000   50   92   83.00000   36.00000  56.6%  22.4  253s
 17421 11475   59.00000   35  131   83.00000   36.00000  56.6%  22.6  257s
 17889 12258   77.00000   61  128   83.00000   36.00000  56.6%  22.8  264s
H18682 11292                      82.0000000   36.00000  56.1%  22.8  264s
 19208 11001   79.00000   72  104   82.00000   36.00000  56.1%  22.9  274s
H19235 10665                      82.0000000   36.00000  56.1%  22.9  274s
 19242 11761   79.00000   73  102   82.00000   36.00000  56.1%  23.0  279s
 20619 11316   69.00000   52  122   82.00000   36.00000  56.1%  23.2  282s
 20640 11939   69.00000   53  122   82.00000   36.00000  56.1%  23.2  286s
 21453 11709 infeasible   85        82.00000   36.00000  56.1%  23.5  292s
 21500 11846   81.00000   86  112   82.00000   36.00000  56.1%  23.5  302s
 21740 13934   49.00000   45  110   82.00000   36.00000  56.1%  23.7  316s
 24675 13369   52.00000   57  140   82.00000   36.00000  56.1%  24.7  326s
 25155 13555   58.00000   72  146   82.00000   36.00000  56.1%  24.8  330s
 25608 14113   80.00000   86  113   82.00000   36.00000  56.1%  24.9  335s
 26629 13842   55.00000   47   92   82.00000   36.00000  56.1%  25.2  340s
 26763 13864   78.00000   54  114   82.00000   36.00000  56.1%  25.2  351s
 26846 14728   78.00000   55  116   82.00000   36.00000  56.1%  25.2  356s
 28052 14745   60.00000   59  142   82.00000   36.00000  56.1%  25.2  368s
 28071 15489   60.00000   60  146   82.00000   36.00000  56.1%  25.2  372s
 29111 15502   54.00000   55  141   82.00000   36.00000  56.1%  25.2  382s
 29134 15535   54.00000   56  144   82.00000   36.00000  56.1%  25.2  385s
 29197 16733   54.00000   59  139   82.00000   36.00000  56.1%  25.3  391s
 30897 16746   43.00000   26  190   82.00000   36.00000  56.1%  25.8  396s
 30919 17230   36.14733   27  231   82.00000   36.00000  56.1%  25.8  405s
 31443 17588   50.00000   40  159   82.00000   36.00000  56.1%  25.9  410s
 31898 18625   65.00000   53  124   82.00000   36.00000  56.1%  26.0  418s
 33282 18640   59.00000   23  160   82.00000   36.00000  56.1%  26.3  433s
 33303 18964   59.00000   24  160   82.00000   36.00000  56.1%  26.3  446s
 33750 18974     cutoff   56        82.00000   36.00000  56.1%  26.3  455s
 33776 19153   79.00000   57   74   82.00000   36.00000  56.1%  26.3  464s
 33995 19165 infeasible   65        82.00000   36.00000  56.1%  26.3  482s
 34019 19432   81.00000   66   86   82.00000   36.00000  56.1%  26.3  493s
 34428 19448   81.00000   90   42   82.00000   36.00000  56.1%  26.3  504s
 34450 21015     cutoff   91        82.00000   36.00000  56.1%  26.3  517s
 36553 21031   36.00000   27  154   82.00000   36.00000  56.1%  26.7  527s
 36573 22711   36.00000   28  180   82.00000   36.00000  56.1%  26.7  538s
*38567 20746             132      81.0000000   36.00000  55.6%  26.6  538s
 38807 20601     cutoff   70        81.00000   36.00000  55.6%  26.6  549s
 38932 21994   50.00000   46  122   81.00000   36.00000  55.6%  26.7  561s
 40906 22005   71.00000   60  148   81.00000   36.00000  55.6%  26.8  578s
 40931 23748   71.00000   61  143   81.00000   36.00000  55.6%  26.8  590s
 43448 25754   63.00000   58  132   81.00000   36.00000  55.6%  26.9  609s
 46181 30634   63.00000   59  132   81.00000   36.00000  55.6%  27.0  643s
 53533 30675   80.00000   68  112   81.00000   40.00000  50.6%  27.2  658s
 53609 30794   80.00000   69  112   81.00000   40.00000  50.6%  27.2  677s
H53750 30794                      81.0000000   40.00000  50.6%  27.2  677s
 53790 30810   54.00000   48  169   81.00000   40.00000  50.6%  27.2  689s
 53810 31548   54.00000   49  163   81.00000   40.00000  50.6%  27.2  697s
 54674 31561 infeasible   86        81.00000   40.00000  50.6%  27.2  708s
 54697 33068 infeasible   87        81.00000   40.00000  50.6%  27.2  718s
 56504 33229   79.00000   57  144   81.00000   40.00000  50.6%  27.0  730s
 56712 34472   79.00000   58  142   81.00000   40.00000  50.6%  27.0  742s
*58248 31191             129      80.0000000   40.00000  50.0%  27.0  743s
 58438 31027   66.00000   74  146   80.00000   40.00000  50.0%  27.0  753s
H58443 31027                      80.0000000   40.00000  50.0%  27.0  753s
 58462 32324   66.00000   75  144   80.00000   40.00000  50.0%  27.0  762s
 60245 32379 infeasible   69        80.00000   40.00000  50.0%  27.1  775s
 60330 33575   79.00000   68   78   80.00000   40.00000  50.0%  27.1  785s
 62070 33580   78.00000   86  120   80.00000   41.00000  48.7%  27.2  799s
 62101 34820     cutoff   87        80.00000   41.00000  48.7%  27.2  811s
 63896 34830 infeasible   87        80.00000   41.00000  48.7%  27.3  825s
 63922 35996     cutoff   88        80.00000   41.00000  48.7%  27.3  838s
 65508 39034   77.00000   45  148   80.00000   41.00000  48.7%  27.4  857s
 70413 40992 infeasible   83        80.00000   41.00000  48.7%  27.4  879s
 73601 41006   51.00000   52  174   80.00000   41.00000  48.7%  27.4  890s
 73623 41551   51.00000   53  170   80.00000   41.00000  48.7%  27.4  912s
 74254 41564   77.00000   66  142   80.00000   41.00000  48.7%  27.4  923s
 74277 44651     cutoff   67        80.00000   42.00000  47.5%  27.4  946s
 78916 44783 infeasible   82        80.00000   42.00000  47.5%  27.4  963s
 79164 47450   77.00000   83  101   80.00000   42.00000  47.5%  27.4  981s
 82748 47467   73.00000   86   90   80.00000   42.00000  47.5%  27.4 1005s
 82767 49033   73.00000   86   88   80.00000   42.00000  47.5%  27.4 1016s
 85181 49050   79.00000   71   92   80.00000   42.00000  47.5%  27.4 1035s
 85200 51188   79.00000   72   84   80.00000   42.00000  47.5%  27.4 1050s
 88551 52571     cutoff   54        80.00000   42.00000  47.5%  27.4 1072s
 90642 60196   77.00000   55  141   80.00000   42.00000  47.5%  27.4 1121s
 101847 60207   76.00000   65   84   80.00000   42.00000  47.5%  27.6 1145s
 101872 61869   76.00000   66   88   80.00000   42.00000  47.5%  27.6 1156s
 104290 61887   77.00000  103   89   80.00000   42.00000  47.5%  27.6 1174s
 104308 63359 infeasible  104        80.00000   42.00000  47.5%  27.6 1184s
 106565 63374   79.00000   89  112   80.00000   42.00000  47.5%  27.6 1214s
 106586 64918   79.00000   90  108   80.00000   42.00000  47.5%  27.6 1226s
 108650 64932   60.00000   94  196   80.00000   42.00000  47.5%  27.7 1246s
 108670 66351   64.00000   95  190   80.00000   42.00000  47.5%  27.7 1258s
*109711 59382             137      79.0000000   42.00000  46.8%  27.8 1258s
 110690 59268     cutoff   86        79.00000   42.00000  46.8%  27.8 1285s
H110830 59268                      79.0000000   43.00000  45.6%  27.8 1285s
 110873 71601   72.00000   52  132   79.00000   43.00000  45.6%  27.8 1369s
 117880 71601   57.00000   23  151   79.00000   43.00000  45.6%  27.8 1370s
 128891 71612   78.00000   66  104   79.00000   43.00000  45.6%  27.9 1417s
 128916 72833   78.00000   67  104   79.00000   43.00000  45.6%  27.9 1429s
 130938 72847   70.00000   67  144   79.00000   43.00000  45.6%  27.9 1480s
 130960 74079   70.00000   68  144   79.00000   43.00000  45.6%  27.9 1490s
 132912 74604   72.00000   87  147   79.00000   43.00000  45.6%  28.0 1520s
 133711 86522   64.00000   50  128   79.00000   43.00000  45.6%  28.0 1590s
 151729 86539 infeasible   91        79.00000   44.00000  44.3%  28.2 1636s
 151752 87649 infeasible   93        79.00000   44.00000  44.3%  28.2 1650s
 153676 87662   74.00000   62  144   79.00000   44.00000  44.3%  28.2 1679s
 153699 88590   74.00000   63  142   79.00000   44.00000  44.3%  28.2 1689s
 155398 88803     cutoff   86        79.00000   44.00000  44.3%  28.3 1719s
 155822 99387   78.00000   87  122   79.00000   44.00000  44.3%  28.3 1784s
 158825 99387   51.00000   64  192   79.00000   45.00000  43.0%  28.3 1785s
 173840 99402   45.00000   68  178   79.00000   45.00000  43.0%  28.7 1831s
 173861 99721   45.00000   69  180   79.00000   45.00000  43.0%  28.7 1851s
 174476 99730 infeasible   95        79.00000   45.00000  43.0%  28.7 1878s
 174505 100057   78.00000   95  110   79.00000   45.00000  43.0%  28.7 1887s
 175253 100068   77.00000   87  114   79.00000   45.00000  43.0%  28.7 1918s
 175278 100548   77.00000   88  116   79.00000   45.00000  43.0%  28.7 1927s
 176184 100641 infeasible  103        79.00000   45.00000  43.0%  28.8 1954s
H176224 85973                      78.0000000   45.00000  42.3%  28.8 1954s
 176332 86500     cutoff  107        78.00000   45.00000  42.3%  28.8 1966s
H176475 86500                      78.0000000   45.00000  42.3%  28.8 1966s
 177595 86509   60.00000   81  168   78.00000   45.00000  42.3%  28.8 2004s
 177614 96322 infeasible   81        78.00000   45.00000  42.3%  28.8 2054s
 178615 96322   45.00000   71  136   78.00000   45.00000  42.3%  28.9 2055s
 195632 96331     cutoff   87        78.00000   45.00000  42.3%  29.2 2095s
 195659 97430     cutoff   86        78.00000   45.00000  42.3%  29.2 2109s
 197510 97446   65.00000   38  132   78.00000   45.00000  42.3%  29.2 2143s
 197534 98518   65.00000   39  134   78.00000   46.00000  41.0%  29.2 2156s
 199304 98541   64.00000   31  131   78.00000   46.00000  41.0%  29.2 2202s
 199328 110525   64.00000   32  131   78.00000   46.00000  41.0%  29.2 2293s
 217346 110539   59.00000   55  144   78.00000   46.00000  41.0%  29.2 2334s
 217368 111018   59.00000   54  134   78.00000   46.00000  41.0%  29.2 2344s
 218172 111212   69.00000   89  120   78.00000   46.00000  41.0%  29.2 2374s
 218524 112070   56.00000   58  201   78.00000   46.00000  41.0%  29.2 2385s
 219943 112173   77.00000   93   84   78.00000   46.00000  41.0%  29.2 2418s
 220135 113302     cutoff   94        78.00000   46.00000  41.0%  29.2 2433s
 221822 113726   73.00000   74  156   78.00000   46.00000  41.0%  29.2 2472s
 222615 125439   76.00000  106  120   78.00000   46.00000  41.0%  29.2 2564s
 240633 125450   72.00000   55  143   78.00000   46.00000  41.0%  29.1 2608s
 240657 126193   72.00000   56  144   78.00000   46.00000  41.0%  29.1 2621s
 241770 126411   72.00000   57  137   78.00000   46.00000  41.0%  29.1 2651s
 242043 127383   72.00000   58  139   78.00000   46.00000  41.0%  29.1 2670s
 243567 127732     cutoff   63        78.00000   46.00000  41.0%  29.0 2702s
 244085 139401   65.00000   41  140   78.00000   46.00000  41.0%  29.0 2791s
 262103 139408   57.00000   66  187   78.00000   46.00000  41.0%  29.0 2882s
 262132 140106   71.00000   66  169   78.00000   46.00000  41.0%  29.0 2892s
 263185 140117 infeasible   87        78.00000   46.00000  41.0%  29.0 2933s
 263210 140782   72.00000   88  136   78.00000   46.00000  41.0%  29.0 2947s
 264409 140793   75.00000   65  156   78.00000   46.00000  41.0%  29.0 2987s
 264434 141521   75.00000   66  154   78.00000   46.00000  41.0%  29.0 3001s
 265879 141739     cutoff   61        78.00000   46.00000  41.0%  29.0 3037s
 266224 153191   46.00000   38  207   78.00000   46.00000  41.0%  29.0 3122s
 284242 153206   77.00000   89  102   78.00000   46.00000  41.0%  29.0 3164s
 284263 153697   77.00000   90  100   78.00000   46.00000  41.0%  29.0 3176s
 284989 153713   77.00000   73  116   78.00000   46.00000  41.0%  29.0 3211s
 285009 155162   77.00000   74   94   78.00000   46.00000  41.0%  29.0 3226s
 287330 155178   75.00000   67  156   78.00000   46.00000  41.0%  29.0 3271s
 287350 156722   75.00000   68  124   78.00000   46.00000  41.0%  29.0 3287s
 289636 156730   77.00000   79  106   78.00000   46.00000  41.0%  29.1 3318s
 289664 167560   77.00000   80  102   78.00000   46.00000  41.0%  29.1 3387s
 307682 167580   54.00000   80  172   78.00000   46.00000  41.0%  29.2 3433s
 307716 168741   54.00000   81  172   78.00000   46.00000  41.0%  29.2 3446s
 309526 168764   72.00000  121  107   78.00000   46.00000  41.0%  29.3 3478s
 309565 169665   72.00000  122  103   78.00000   46.00000  41.0%  29.3 3489s
 311201 169679   59.00000   79  182   78.00000   46.00000  41.0%  29.3 3522s
 311223 170547   59.00000   80  184   78.00000   46.00000  41.0%  29.3 3531s
 312579 170557   59.00000  117  131   78.00000   46.00000  41.0%  29.3 3597s
 312605 181539   69.00000  118  121   78.00000   46.00000  41.0%  29.3 3664s
 330623 181553   76.00000   86   96   78.00000   46.00000  41.0%  29.5 3716s
 330647 182468     cutoff   87        78.00000   46.00000  41.0%  29.5 3729s
 332393 182477 infeasible   84        78.00000   46.00000  41.0%  29.5 3772s
 332420 183509   59.00000   39  181   78.00000   46.00000  41.0%  29.5 3786s
 334326 183523   46.24928   62  221   78.00000   46.00000  41.0%  29.5 3825s
 334348 193933   76.00000   65  145   78.00000   46.00000  41.0%  29.5 3897s
 352366 193955   77.00000   83  105   78.00000   47.00000  39.7%  29.6 3948s
 352414 195067 infeasible   84        78.00000   47.00000  39.7%  29.6 3963s
 354506 195082   77.00000   53  134   78.00000   47.00000  39.7%  29.6 4047s
 354527 196022   77.00000   54  132   78.00000   47.00000  39.7%  29.6 4059s
 355205 196022   76.00000   80  111   78.00000   47.00000  39.7%  29.6 4060s
 356138 196037   77.00000   84  126   78.00000   47.00000  39.7%  29.6 4099s
 356159 206188   77.00000   85  125   78.00000   47.00000  39.7%  29.6 4158s
 374177 206202   65.00000   51  115   78.00000   47.00000  39.7%  29.9 4208s
 374199 207075   65.00000   52  131   78.00000   47.00000  39.7%  29.9 4221s
 376228 207082   75.00000   96  134   78.00000   47.00000  39.7%  29.9 4258s
 376257 207951   76.00000   97  128   78.00000   47.00000  39.7%  29.9 4272s
 378190 208012   77.00000  110   66   78.00000   47.00000  39.7%  30.0 4306s
 378311 218256     cutoff  111        78.00000   47.00000  39.7%  30.0 4362s
 396329 218273   64.00000   65  182   78.00000   47.00000  39.7%  30.1 4416s
 396348 218633   64.00000   66  180   78.00000   47.00000  39.7%  30.1 4438s
 397042 218643   77.00000   67  132   78.00000   47.00000  39.7%  30.1 4473s
 397068 218978   77.00000   68  132   78.00000   47.00000  39.7%  30.1 4493s
 397838 219020   70.00000   54  140   78.00000   47.00000  39.7%  30.1 4528s
 397890 220541   70.00000   55  138   78.00000   47.00000  39.7%  30.1 4546s
 400672 220551   77.00000   64  177   78.00000   47.00000  39.7%  30.1 4615s
 400698 230525     cutoff   65        78.00000   47.00000  39.7%  30.1 4689s
 409707 230525   76.00000   68   94   78.00000   47.00000  39.7%  30.2 4690s
 418716 230538   77.00000   71  151   78.00000   47.00000  39.7%  30.3 4735s
 418739 232096   77.00000   72  144   78.00000   47.00000  39.7%  30.3 4757s
 421684 232138   77.00000   73  116   78.00000   47.00000  39.7%  30.3 4790s
 421756 233726 infeasible   86        78.00000   47.00000  39.7%  30.3 4810s
 424690 233874   74.00000   92  160   78.00000   47.00000  39.7%  30.3 4854s
 424963 243787 infeasible   92        78.00000   47.00000  39.7%  30.3 4907s
 442981 243814   77.00000   96  110   78.00000   47.00000  39.7%  30.5 4955s
 443044 243952   77.00000   97  116   78.00000   47.00000  39.7%  30.5 4985s
 443348 243966   77.00000  104   68   78.00000   47.00000  39.7%  30.5 5021s
 443370 244761     cutoff  105        78.00000   47.00000  39.7%  30.5 5033s
 444697 244778   65.00000   89  130   78.00000   47.00000  39.7%  30.5 5063s
 444716 245564   65.00000   90  128   78.00000   47.00000  39.7%  30.5 5076s
 446021 245574 infeasible   96        78.00000   47.00000  39.7%  30.5 5127s
 446047 246337   65.00000   96  124   78.00000   47.00000  39.7%  30.5 5143s
 447430 246896 infeasible   99        78.00000   47.00000  39.7%  30.5 5166s
 448572 255510     cutoff   80        78.00000   47.00000  39.7%  30.5 5240s
 464401 255518   74.00000   69  146   78.00000   47.00000  39.7%  30.7 5285s
 464429 256191 infeasible   70        78.00000   47.00000  39.7%  30.7 5298s
 465712 256289 infeasible   97        78.00000   47.00000  39.7%  30.7 5327s
 465906 257215   74.00000   68  142   78.00000   47.00000  39.7%  30.7 5346s
 467537 257223 infeasible   72        78.00000   47.00000  39.7%  30.7 5384s
 467565 258308     cutoff   73        78.00000   47.00000  39.7%  30.7 5404s
 469396 258316 infeasible   81        78.00000   47.00000  39.7%  30.7 5471s
 469424 268530   53.00000   48  176   78.00000   47.00000  39.7%  30.7 5548s
 483438 268530   74.00000   68  128   78.00000   47.00000  39.7%  30.7 5550s
 487442 268591 infeasible   79        78.00000   47.00000  39.7%  30.7 5597s
 487550 268857 infeasible   80        78.00000   47.00000  39.7%  30.7 5609s
 488025 268962   77.00000   91   83   78.00000   47.00000  39.7%  30.7 5646s
 488231 269463 infeasible   95        78.00000   47.00000  39.7%  30.7 5659s
 489076 269560   71.00000   60  154   78.00000   47.00000  39.7%  30.7 5691s
 489205 270145   71.00000   67  156   78.00000   47.00000  39.7%  30.7 5708s
 490177 270342   66.00000   66  172   78.00000   47.00000  39.7%  30.7 5729s
 490554 271592   69.00000   79  136   78.00000   47.00000  39.7%  30.7 5750s
 492965 271596   71.00000   76  160   78.00000   47.00000  39.7%  30.7 5829s
 492997 281964 infeasible   77        78.00000   47.00000  39.7%  30.7 5906s
 511015 281972   77.00000   59   88   78.00000   47.42408  39.2%  30.7 5964s
 511043 283172   76.00000   59  114   78.00000   48.00000  38.5%  30.7 5979s
 513028 283183   75.00000   99  146   78.00000   48.00000  38.5%  30.7 6026s
 513053 284818   75.00000  100  156   78.00000   48.00000  38.5%  30.7 6046s
 515912 285199   77.00000   57  172   78.00000   48.00000  38.5%  30.7 6090s
 516572 296396   77.00000   58  170   78.00000   48.00000  38.5%  30.7 6163s
 534590 296411   76.00000   88   90   78.00000   48.00000  38.5%  30.6 6220s
 534611 296674 infeasible   89        78.00000   48.00000  38.5%  30.6 6251s
 535073 297119   66.00000   58  148   78.00000   48.00000  38.5%  30.6 6286s
 535713 298304 infeasible   84        78.00000   48.00000  38.5%  30.6 6308s
 537845 298953   53.00000   58  170   78.00000   48.00000  38.5%  30.6 6347s
 538897 310098   53.00000   59  168   78.00000   48.00000  38.5%  30.6 6426s
 556915 310114   59.00000   67  173   78.00000   48.00000  38.5%  30.5 6522s
 556935 310881   59.00000   68  182   78.00000   48.00000  38.5%  30.5 6541s
 558425 310981   77.00000   83  108   78.00000   48.00000  38.5%  30.5 6586s
 558606 312203   77.00000   84  104   78.00000   48.00000  38.5%  30.5 6608s
 560631 312507   48.00000   58  193   78.00000   48.00000  38.5%  30.5 6652s
 561141 323172   64.00000   84  195   78.00000   48.00000  38.5%  30.5 6751s
 579159 323182   64.00000   69  149   78.00000   48.00000  38.5%  30.4 6801s
 579185 324262   64.00000   70  147   78.00000   48.00000  38.5%  30.4 6821s
 581015 324273   66.00000   83  164   78.00000   48.00000  38.5%  30.4 6894s
 581040 325560   66.00000   84  150   78.00000   48.00000  38.5%  30.4 6916s
 583183 325714   77.00000  108   87   78.00000   48.00000  38.5%  30.3 6964s
 583416 335889   77.00000  109   87   78.00000   48.00000  38.5%  30.3 7043s
 598431 335889   65.00000   70  148   78.00000   48.00000  38.5%  30.2 7046s
 601434 335894   50.05732   67  200   78.00000   48.00000  38.5%  30.2 7101s
 601465 336770   50.05732   66  222   78.00000   48.00000  38.5%  30.2 7120s
 602881 336782   70.00000  102  138   78.00000   48.00000  38.5%  30.2 7167s
 602905 337553   70.00000  103  136   78.00000   48.00000  38.5%  30.2 7185s
 604078 337570   71.00000  125  126   78.00000   48.00000  38.5%  30.2 7230s
 604097 338591   71.00000  126  126   78.00000   48.00000  38.5%  30.2 7251s
 605808 338780   77.00000   87   50   78.00000   48.00000  38.5%  30.2 7298s
 606223 349001   76.00000  103   76   78.00000   48.00000  38.5%  30.2 7419s
 619236 349001   77.00000   77  110   78.00000   48.00000  38.5%  30.1 7421s
 624241 349015 infeasible   82        78.00000   48.00000  38.5%  30.1 7480s
 624263 350341   76.00000   83   66   78.00000   48.00000  38.5%  30.1 7504s
 626615 350358   77.00000   81  160   78.00000   48.00000  38.5%  30.1 7593s
 626634 351652   60.00000   80  216   78.00000   48.00000  38.5%  30.1 7617s
 629253 351990   74.00000   71  147   78.00000   48.00000  38.5%  30.1 7665s
 629879 361889   67.00000   72  142   78.00000   48.00000  38.5%  30.1 7751s
 647897 361896   77.00000   85  124   78.00000   48.00000  38.5%  30.0 7810s
 647926 362876   77.00000   86  122   78.00000   48.00000  38.5%  30.0 7829s
 649742 362888   74.00000  100  116   78.00000   48.00000  38.5%  30.0 7881s
 649766 364021   74.00000  101  116   78.00000   48.00000  38.5%  30.0 7900s
 651635 364368     cutoff  110        78.00000   48.00000  38.5%  30.0 7950s
 652550 373608   73.00000  111  124   78.00000   48.00000  38.5%  30.0 8024s
 661559 373608     cutoff  102        78.00000   48.00000  38.5%  29.9 8025s
 670568 373772   68.00000   75  138   78.00000   48.00000  38.5%  29.9 8078s
 670936 373975   70.00000   76  136   78.00000   48.00000  38.5%  29.9 8110s
 671361 373988   60.00000   70  134   78.00000   48.00000  38.5%  29.9 8158s
 671386 376054   48.00000   70  154   78.00000   48.00000  38.5%  29.9 8187s
 674684 376094   65.00000   81  133   78.00000   48.00000  38.5%  30.0 8238s
 674785 384906   65.00000   82  140   78.00000   48.00000  38.5%  30.0 8316s
 692803 384918   67.00000   79  115   78.00000   48.00000  38.5%  30.0 8377s
 692827 385560   67.00000   80  124   78.00000   48.00000  38.5%  30.0 8397s
 694234 385564   71.00000   60  154   78.00000   48.00000  38.5%  30.0 8442s
 694265 386460   71.00000   61  148   78.00000   48.00000  38.5%  30.0 8461s
 695904 386531   71.00000  117  110   78.00000   48.00000  38.5%  30.1 8501s
 696087 387452   71.00000  118  108   78.00000   48.00000  38.5%  30.1 8526s
 698101 388100   73.00000   98  105   78.00000   48.00000  38.5%  30.1 8564s
 699299 396417   76.00000   99   96   78.00000   48.00000  38.5%  30.1 8643s
 713313 396417   73.00000   87  104   78.00000   48.00000  38.5%  30.2 8645s
 717279 396527   73.00000   77  148   78.00000   48.00000  38.5%  30.3 8697s
 717497 396831   64.00000   77  150   78.00000   48.00000  38.5%  30.3 8728s
 718134 396846   64.00000   79  159   78.00000   48.00000  38.5%  30.3 8777s
 718155 398625   64.00000   80  160   78.00000   48.00000  38.5%  30.3 8804s
 721821 398803     cutoff   74        78.00000   48.00000  38.5%  30.3 8859s
 722141 407853     cutoff   75        78.00000   48.00000  38.5%  30.3 8937s
 740159 407865   75.00000   57  118   78.00000   48.00000  38.5%  30.4 8999s
 740183 409487   75.00000   58  118   78.00000   48.00000  38.5%  30.4 9024s
 743035 409499   75.00000   78  109   78.00000   48.00000  38.5%  30.5 9073s
 743059 410925   75.00000   79  107   78.00000   48.00000  38.5%  30.5 9096s
 746140 411080   77.00000   99   95   78.00000   48.00000  38.5%  30.5 9152s
 746471 419681 infeasible  100        78.00000   48.00000  38.5%  30.5 9222s
 764489 419690   72.00000   63  150   78.00000   48.00000  38.5%  30.7 9344s
 764516 420881   72.00000   64  148   78.00000   48.00000  38.5%  30.7 9361s
 766359 420896   77.00000  109  116   78.00000   48.00000  38.5%  30.7 9413s
 766380 422389   77.00000  110  122   78.00000   48.00000  38.5%  30.7 9437s
 769630 422411 infeasible   76        78.00000   48.00000  38.5%  30.7 9492s
 769716 430932   56.00000   76  206   78.00000   48.00000  38.5%  30.7 9570s
 787734 430940   53.00000   58  131   78.00000   48.00000  38.5%  30.8 9631s
 787761 432451   62.00000   59  114   78.00000   48.00000  38.5%  30.8 9653s
 790673 432460 infeasible   89        78.00000   48.00000  38.5%  30.8 9704s
 790700 433918   66.00000   79  180   78.00000   48.00000  38.5%  30.8 9724s
 793246 433928   77.00000  100   98   78.00000   48.00000  38.5%  30.9 9825s
 793272 443512 infeasible  100        78.00000   48.00000  38.5%  30.9 9918s
 811290 443522   77.00000   88   94   78.00000   48.00000  38.5%  30.9 9990s
 811316 445063   77.00000   89   96   78.00000   48.00000  38.5%  30.9 10011s
 814161 445074   76.00000   83   78   78.00000   48.00000  38.5%  30.9 10070s
 814186 446560     cutoff   83        78.00000   48.00000  38.5%  30.9 10093s
 817176 446627   75.00000   84  136   78.00000   48.00000  38.5%  30.9 10152s
 817332 455909   75.00000   85  130   78.00000   48.00000  38.5%  30.9 10239s
 826341 455909     cutoff   77        78.00000   48.00000  38.5%  31.0 10240s
 835350 455922 infeasible  104        78.00000   48.00000  38.5%  31.0 10310s
 835373 456264 infeasible  105        78.00000   48.00000  38.5%  31.0 10341s
 836126 456276   73.00000   58  104   78.00000   48.00000  38.5%  31.0 10443s
 836150 456940   76.00000   59  100   78.00000   48.00000  38.5%  31.0 10465s
 837291 456952   68.00000   83  116   78.00000   48.00000  38.5%  31.0 10508s
 837315 457912     cutoff   84        78.00000   48.00000  38.5%  31.0 10531s
 839236 458970   77.00000   83   66   78.00000   48.00000  38.5%  31.0 10578s
 841102 465416   76.00000   90  100   78.00000   48.00000  38.5%  31.0 10659s
 853256 465429 infeasible   91        78.00000   48.00000  38.5%  31.0 10719s
 853279 466556   48.00000   63  153   78.00000   48.00000  38.5%  31.0 10744s
 855413 466555 infeasible  105        78.00000   48.00000  38.5%  31.0 10786s
 855450 466835   77.00000  103  120   78.00000   48.00000  38.5%  31.0 10800s

Explored 855991 nodes (26536162 simplex iterations) in 10800.39 seconds (1056.15 work units)
Thread count was 18 (of 36 available processors)

Solution count 10: 78 78 79 ... 82

Time limit reached
Best objective 7.799999999210e+01, best bound 4.800000000000e+01, gap 38.4615%
