
Gurobi 11.0.0 (win64) logging started Sun May  5 15:46:18 2024

Set parameter LogFile to value "./Results/StripPacking-CutHeurRuns/Logs/SU-111-StripPacking-20.log"
Set parameter TimeLimit to value 10800
Set parameter Cuts to value 1
Set parameter Presolve to value 1
Set parameter Heuristics to value 1
Set parameter LPWarmStart to value 2
Gurobi Optimizer version 11.0.0 build v11.0.0rc2 (win64 - Windows 10.0 (19045.2))

CPU model: Intel(R) Core(TM) i9-10980XE CPU @ 3.00GHz, instruction set [SSE2|AVX|AVX2|AVX512]
Thread count: 18 physical cores, 36 logical processors, using up to 18 threads

Optimize a model with 3925 rows, 1251 columns and 9650 nonzeros
Model fingerprint: 0x18b4472d
Variable types: 51 continuous, 1200 integer (1200 binary)
Coefficient statistics:
  Matrix range     [1e+00, 1e+04]
  Objective range  [1e+00, 1e+00]
  Bounds range     [1e+00, 1e+04]
  RHS range        [1e+00, 1e+04]

Warning: Completing partial solution with 1200 unfixed non-continuous variables out of 1200
User MIP start produced solution with objective 104.8 (0.02s)
Loaded user MIP start with objective 104.8

Presolve removed 600 rows and 0 columns
Presolve time: 0.02s
Presolved: 3325 rows, 1251 columns, 8450 nonzeros
Variable types: 51 continuous, 1200 integer (1200 binary)

Root relaxation: objective 3.600000e+01, 755 iterations, 0.01 seconds (0.02 work units)

    Nodes    |    Current Node    |     Objective Bounds      |     Work
 Expl Unexpl |  Obj  Depth IntInf | Incumbent    BestBd   Gap | It/Node Time

     0     0   36.00000    0  126  104.80000   36.00000  65.6%     -    0s
H    0     0                     104.0000000   36.00000  65.4%     -    0s
H    0     0                     103.0000000   36.00000  65.0%     -    0s
     0     0   36.00000    0  237  103.00000   36.00000  65.0%     -    0s
H    0     0                     101.0000000   36.00000  64.4%     -    0s
     0     0   36.00000    0  214  101.00000   36.00000  64.4%     -    0s
     0     0   36.00000    0  111  101.00000   36.00000  64.4%     -    0s
     0     0   36.00000    0  133  101.00000   36.00000  64.4%     -    0s
     0     0   36.00000    0  117  101.00000   36.00000  64.4%     -    1s
     0     0   36.00000    0  216  101.00000   36.00000  64.4%     -    1s
     0     0   36.00000    0  118  101.00000   36.00000  64.4%     -    1s
     0     0   36.00000    0  182  101.00000   36.00000  64.4%     -    1s
H    0     0                      97.0000000   36.00000  62.9%     -    1s
     0     0   36.00000    0  110   97.00000   36.00000  62.9%     -    1s
H    0     0                      96.0000000   36.00000  62.5%     -    1s
     0     0   36.00000    0  110   96.00000   36.00000  62.5%     -    2s
H    0     0                      95.0000000   36.00000  62.1%     -    2s
     0     2   36.00000    0   99   95.00000   36.00000  62.1%     -    2s
H   85   103                      94.0000000   36.00000  61.7%   183    3s
H   90   103                      93.0000000   36.00000  61.3%   175    3s
H  159   177                      91.0000000   36.00000  60.4%   164    8s
H  167   177                      89.0000000   36.00000  59.6%   161    8s
H  170   177                      87.0000000   36.00000  58.6%   162    8s
   342   360   50.58333   16  204   87.00000   36.00000  58.6%   114   12s
   360   378   36.00000   16  218   87.00000   36.00000  58.6%   110   17s
H  363   378                      84.0000000   36.00000  57.1%   109   17s
   378   543   36.81140   17  249   84.00000   36.00000  57.1%   107   24s
H  440   543                      83.0000000   36.00000  56.6%  97.1   24s
   545   948   51.00000   25  215   83.00000   36.00000  56.6%  85.2   29s
H  571   948                      83.0000000   36.00000  56.6%  81.7   29s
H  572   948                      82.0000000   36.00000  56.1%  81.6   29s
   960   992   53.00000   48  201   82.00000   36.00000  56.1%  55.9   34s
  1004  1372   53.00000   49  192   82.00000   36.00000  56.1%  54.3   39s
  1412  1931   65.00000   71  146   82.00000   36.00000  56.1%  45.0   43s
H 1681  1931                      82.0000000   36.00000  56.1%  40.7   43s
  2033  1948   78.00000   96  128   82.00000   36.00000  56.1%  36.9   46s
  2052  2005   78.00000   96  122   82.00000   36.00000  56.1%  36.6   52s
  2115  2583   78.00000   97  122   82.00000   36.00000  56.1%  36.1   55s
  2907  2601   76.00000   40  128   82.00000   36.00000  56.1%  32.2   63s
  2925  2989 infeasible   41        82.00000   36.00000  56.1%  32.3   68s
  3397  3419   80.00000   65  122   82.00000   36.00000  56.1%  31.1   73s
  3926  3427   69.00000   75  128   82.00000   36.00000  56.1%  29.6   75s
  4151  3596   36.00000   20  221   82.00000   36.00000  56.1%  44.4   86s
  4257  3772   36.74970   22  304   82.00000   36.00000  56.1%  47.2   92s
  4380  3994   36.74970   22  292   82.00000   36.00000  56.1%  48.6   96s
  4653  4047   55.00000   30  198   82.00000   36.00000  56.1%  49.7  101s
  4811  4464   46.00000   31  207   82.00000   36.00000  56.1%  49.5  105s
  5298  4667   46.00000   43  231   82.00000   36.00000  56.1%  49.4  110s
  6140  5394   64.00000   70  173   82.00000   36.00000  56.1%  48.0  117s
  6917  5151     cutoff   92        82.00000   36.00000  56.1%  47.3  125s
  7157  5513 infeasible  118        82.00000   36.00000  56.1%  47.8  133s
  7567  5758 infeasible  122        82.00000   36.00000  56.1%  47.9  141s
  8046  6423   70.00000   39  146   82.00000   36.00000  56.1%  47.2  145s
  9129  6076 infeasible   96        82.00000   36.00000  56.1%  47.6  153s
  9151  6748   36.00000   20  212   82.00000   36.00000  56.1%  47.7  157s
  9925  6507   78.00000   67  130   82.00000   36.00000  56.1%  47.4  166s
  9944  7765   80.00000   68  110   82.00000   36.00000  56.1%  47.4  178s
 11657  7207   40.00000   24  233   82.00000   36.00000  56.1%  46.1  186s
 11680  8197   36.94544   25  267   82.00000   36.00000  56.1%  46.2  195s
 12989  7777   78.00000   66   96   82.00000   36.00000  56.1%  46.2  203s
 13008  8915 infeasible   66        82.00000   36.00000  56.1%  46.2  214s
 14468  8529   50.00000   54  184   82.00000   36.00000  56.1%  47.4  224s
 14486  8779   72.00000   55  161   82.00000   36.00000  56.1%  47.5  231s
 14772  8797   50.00000   59  167   82.00000   36.00000  56.1%  47.7  245s
 14790  8990   50.00000   60  165   82.00000   36.00000  56.1%  47.8  253s
H15047  8547                      81.0000000   36.00000  55.6%  47.8  270s
 15723  9081   55.00000   85  166   81.00000   36.00000  55.6%  47.4  278s
 15745  9387   55.00000   86  166   81.00000   36.00000  55.6%  47.4  289s
H15870  9387                      81.0000000   36.00000  55.6%  47.5  289s
 16200 10097   78.00000   95  110   81.00000   36.00000  55.6%  47.5  296s
 17137 10115   61.00000   28  164   81.00000   36.00000  55.6%  48.5  304s
 17155 10132   61.00000   30  170   81.00000   36.00000  55.6%  48.5  314s
 17173 11159   61.00000   31  159   81.00000   36.00000  55.6%  48.6  324s
 18562 11170   76.00000   58  112   81.00000   36.00000  55.6%  48.2  340s
 18587 13018   76.00000   57  104   81.00000   36.00000  55.6%  48.3  360s
 21253 13029   36.00000   21  227   81.00000   36.00000  55.6%  47.2  383s
 21278 14628   36.07359   22  409   81.00000   36.00000  55.6%  47.3  400s
 23571 15184   79.00000   61  155   81.00000   36.00000  55.6%  47.0  420s
 24330 18597   36.92885   18  268   81.00000   36.00000  55.6%  47.1  448s
 28852 18610 infeasible   77        81.00000   36.00000  55.6%  46.2  480s
 28875 18887   36.00000   24  252   81.00000   36.00000  55.6%  46.2  502s
 29272 18902   80.00000   44  168   81.00000   36.00000  55.6%  46.4  552s
 29293 19136   80.00000   45  166   81.00000   36.00000  55.6%  46.4  558s
 29644 21872   80.00000   50  152   81.00000   36.00000  55.6%  46.3  588s
 33082 21880   36.65779   31  316   81.00000   36.00000  55.6%  46.5  623s
 33109 24035   37.16168   32  296   81.00000   36.00000  55.6%  46.6  652s
 36096 24045 infeasible   69        81.00000   36.00000  55.6%  46.6  684s
 36122 24931   78.00000   69  137   81.00000   36.00000  55.6%  46.6  702s
 37326 24944   79.00000   82  118   81.00000   36.00000  55.6%  46.7  744s
 37349 27085   79.00000   83  108   81.00000   36.00000  55.6%  46.7  776s
 39949 27099   69.00000  106  193   81.00000   36.00000  55.6%  46.8  819s
 39971 29050   69.00000  107  192   81.00000   36.00000  55.6%  46.8  848s
*40624 27080             100      80.0000000   36.00000  55.0%  46.8  848s
 42645 26977   60.00000   53  152   80.00000   36.00000  55.0%  46.9  933s
H42646 26977                      80.0000000   36.00000  55.0%  46.9  933s
 42676 27714   60.00000   54  150   80.00000   36.00000  55.0%  46.9  946s
 43630 28302   67.00000   89  172   80.00000   36.00000  55.0%  47.0  976s
 44428 28319   67.00000   90  167   80.00000   36.00000  55.0%  47.1 1007s
 44447 29263   67.00000   90  178   80.00000   36.00000  55.0%  47.1 1036s
 45679 34835   67.00000  110  156   80.00000   36.00000  55.0%  47.3 1124s
 47176 34835 infeasible   79        80.00000   36.00000  55.0%  47.5 1125s
 53751 34850   72.00000   65  145   80.00000   36.00000  55.0%  47.5 1172s
 53802 35182   72.00000   66  140   80.00000   36.00000  55.0%  47.5 1191s
 54273 37859   75.00000   82  106   80.00000   36.00000  55.0%  47.5 1233s
 57954 37868 infeasible   69        80.00000   36.00000  55.0%  47.4 1291s
 57981 40071   42.61765   32  238   80.00000   36.00000  55.0%  47.4 1325s
 60832 40086   63.00000   52  195   80.00000   36.00000  55.0%  47.6 1371s
 60853 41703   66.00000   52  175   80.00000   36.00000  55.0%  47.6 1405s
 63148 41714   69.00000   46  186   80.00000   36.00000  55.0%  47.7 1457s
 63173 42785   69.00000   47  186   80.00000   36.00000  55.0%  47.7 1476s
 64633 42796   78.00000   77  110   80.00000   36.00000  55.0%  47.5 1542s
H64656 39394                      79.0000000   36.00000  54.4%  47.6 1542s
 64658 41431   78.00000   78   98   79.00000   36.00000  54.4%  47.6 1574s
 65174 41431   37.06719   22  280   79.00000   36.00000  54.4%  47.6 1575s
 67296 41441   49.76719   65  181   79.00000   36.00000  54.4%  47.7 1643s
 67318 53878   60.00000   66  153   79.00000   36.00000  54.4%  47.7 1778s
 75326 53878   62.00000   72  134   79.00000   36.00000  54.4%  47.4 1780s
 85303 53892 infeasible   82        79.00000   36.10104  54.3%  47.4 1929s
H85322 53892                      79.0000000   36.12119  54.3%  47.4 1929s
 85325 54926   37.00000   31  302   79.00000   36.12119  54.3%  47.4 1950s
H86363 49840                      78.0000000   36.12119  53.7%  47.4 1951s
 86805 49728     cutoff   56        78.00000   36.12119  53.7%  47.4 2101s
H86808 49728                      78.0000000   36.12119  53.7%  47.4 2101s
 86840 50144   39.00000   31  259   78.00000   36.18718  53.6%  47.4 2222s
 87310 50997   76.00000   57  159   78.00000   36.20115  53.6%  47.4 2250s
 88502 51011     cutoff   46        78.00000   36.20115  53.6%  47.3 2465s
 88524 52178   77.00000   47  152   78.00000   36.20884  53.6%  47.3 2499s
 89437 52178   73.00000   95  150   78.00000   36.26153  53.5%  47.3 2500s
 90238 52679   77.00000   66  118   78.00000   36.26361  53.5%  47.3 2688s
 90868 65454 infeasible   67        78.00000   36.28184  53.5%  47.3 2859s
 108886 65468   65.00000   47  129   78.00000   36.59806  53.1%  47.0 3057s
 108908 65650   65.00000   48  135   78.00000   36.59806  53.1%  47.0 3083s
 109194 65662   72.00000   61  116   78.00000   36.59806  53.1%  47.0 3218s
 109218 66032   72.00000   62  118   78.00000   36.59806  53.1%  47.0 3296s
 109688 67271   73.00000   80  112   78.00000   36.64047  53.0%  47.0 3326s
 111595 67289   73.00000   34  116   78.00000   36.75463  52.9%  47.0 3569s
 111613 68705   73.00000   34  131   78.00000   36.77471  52.9%  47.0 3600s
 113610 68722   76.00000   49  152   78.00000   36.83227  52.8%  46.9 3962s
 113629 81470   76.00000   50  148   78.00000   36.83803  52.8%  46.9 4182s
 128644 81470   75.00000   64  108   78.00000   36.86693  52.7%  46.8 4185s
 131647 81486   62.00000   46  205   78.00000   37.00000  52.6%  46.7 4476s
 131667 82944   74.00000   47  158   78.00000   37.00000  52.6%  46.7 4511s
 133675 82957   59.00000   26  197   78.00000   37.31371  52.2%  46.6 4734s
 133698 84420   59.00000   27  195   78.00000   37.35762  52.1%  46.6 4770s
 135826 84454   74.00000   62  136   78.00000   37.50611  51.9%  46.6 4968s
 135880 96902   72.00000   35  148   78.00000   37.60787  51.8%  46.6 5160s
 153898 96918 infeasible   76        78.00000   39.00000  50.0%  46.2 5370s
 153918 98224 infeasible   77        78.00000   39.00000  50.0%  46.2 5401s
 155728 98239   77.00000   71  134   78.00000   39.35294  49.5%  46.1 5816s
 155749 99471   77.00000   72  135   78.00000   39.67903  49.1%  46.1 5844s
 157582 99481   77.00000   76  110   78.00000   40.00000  48.7%  46.1 6076s
 157608 111827 infeasible   76        78.00000   40.00000  48.7%  46.1 6257s
 171622 111827   76.00000   51  142   78.00000   40.00000  48.7%  45.8 6260s
 175626 111841   77.00000   44  190   78.00000   40.10526  48.6%  45.8 6586s
 175648 112969   77.00000   47  182   78.00000   40.28708  48.3%  45.8 6611s
 177245 112981   64.00000   40  181   78.00000   41.00000  47.4%  45.8 6957s
 177269 113924   64.00000   41  180   78.00000   41.00000  47.4%  45.8 6985s
 178834 113928 infeasible   81        78.00000   41.00000  47.4%  45.8 7306s
 178866 114990   60.00000   23  200   78.00000   41.00000  47.4%  45.8 7337s
 180519 115004   59.00000   36  150   78.00000   41.00000  47.4%  45.8 7836s
 180541 126595   59.00000   37  149   78.00000   41.00000  47.4%  45.8 8050s
 198559 126603 infeasible   55        78.00000   41.00000  47.4%  45.8 8363s
 198587 126935   77.00000   53  116   78.00000   41.00000  47.4%  45.8 8419s
 199131 128113   77.00000   38  130   78.00000   41.00000  47.4%  45.8 8451s
 201005 128127   77.00000   64  131   78.00000   41.00000  47.4%  45.8 8922s
 201027 129154   77.00000   65  131   78.00000   41.00000  47.4%  45.8 8962s
 202695 129169   65.00000   29  163   78.00000   41.00000  47.4%  45.8 9401s
 202716 141250   65.00000   30  173   78.00000   41.00000  47.4%  45.8 9604s
 205719 141250   66.00000   63  225   78.00000   41.00000  47.4%  45.8 9605s
 220734 141259   50.00000   48  188   78.00000   42.00000  46.2%  45.6 10010s
 220761 141428   50.00000   49  188   78.00000   42.00000  46.2%  45.6 10045s
 221022 141443   50.00000   54  184   78.00000   42.00000  46.2%  45.5 10319s
 221043 141615   50.00000   55  184   78.00000   42.00000  46.2%  45.5 10354s
 221300 141631 infeasible   62        78.00000   42.00000  46.2%  45.5 10800s

Cutting planes:
  Learned: 7851
  Gomory: 19
  Cover: 186
  Implied bound: 9
  MIR: 327
  StrongCG: 6
  Flow cover: 835
  RLT: 268
  Relax-and-lift: 50

Explored 221320 nodes (10093262 simplex iterations) in 10800.51 seconds (1079.99 work units)
Thread count was 18 (of 36 available processors)

Solution count 10: 78 78 79 ... 82

Time limit reached
Best objective 7.799999999210e+01, best bound 4.200000000000e+01, gap 46.1538%
