
Gurobi 11.0.0 (win64) logging started Sat May  4 04:47:23 2024

Set parameter LogFile to value "./Results/StripPacking-CutHeurRuns/Logs/SU-110-StripPacking-15.log"
Set parameter TimeLimit to value 10800
Set parameter Cuts to value 1
Set parameter Presolve to value 1
Set parameter Heuristics to value 0
Set parameter LPWarmStart to value 2
Gurobi Optimizer version 11.0.0 build v11.0.0rc2 (win64 - Windows 10.0 (19045.2))

CPU model: Intel(R) Core(TM) i9-10980XE CPU @ 3.00GHz, instruction set [SSE2|AVX|AVX2|AVX512]
Thread count: 18 physical cores, 36 logical processors, using up to 18 threads

Optimize a model with 1380 rows, 451 columns and 3390 nonzeros
Model fingerprint: 0x5162acd9
Variable types: 31 continuous, 420 integer (420 binary)
Coefficient statistics:
  Matrix range     [1e+00, 1e+04]
  Objective range  [1e+00, 1e+00]
  Bounds range     [1e+00, 1e+04]
  RHS range        [1e+00, 1e+04]

Warning: Completing partial solution with 420 unfixed non-continuous variables out of 420
User MIP start produced solution with objective 71.5 (0.02s)
Loaded user MIP start with objective 71.5

Presolve removed 210 rows and 0 columns
Presolve time: 0.01s
Presolved: 1170 rows, 451 columns, 3542 nonzeros
Variable types: 31 continuous, 420 integer (420 binary)

Root relaxation: objective 3.300000e+01, 273 iterations, 0.00 seconds (0.00 work units)

    Nodes    |    Current Node    |     Objective Bounds      |     Work
 Expl Unexpl |  Obj  Depth IntInf | Incumbent    BestBd   Gap | It/Node Time

     0     0   33.00000    0   30   71.50000   33.00000  53.8%     -    0s
     0     0   33.00000    0   46   71.50000   33.00000  53.8%     -    0s
     0     0   33.00000    0   44   71.50000   33.00000  53.8%     -    0s
     0     0   33.00000    0   26   71.50000   33.00000  53.8%     -    0s
     0     0   33.00000    0   30   71.50000   33.00000  53.8%     -    0s
     0     0   33.00000    0   30   71.50000   33.00000  53.8%     -    0s
     0     0   33.00000    0   28   71.50000   33.00000  53.8%     -    0s
H    0     0                      69.0000000   33.00000  52.2%     -    0s
     0     0   33.00000    0   28   69.00000   33.00000  52.2%     -    0s
     0     0   33.00000    0   35   69.00000   33.00000  52.2%     -    0s
     0     0   33.00000    0   19   69.00000   33.00000  52.2%     -    0s
     0     0   33.00000    0   21   69.00000   33.00000  52.2%     -    0s
     0     0   33.00000    0   24   69.00000   33.00000  52.2%     -    0s
     0     0   33.00000    0   34   69.00000   33.00000  52.2%     -    0s
     0     0   33.00000    0   33   69.00000   33.00000  52.2%     -    0s
     0     0   33.00000    0   26   69.00000   33.00000  52.2%     -    0s
     0     2   33.00000    0   20   69.00000   33.00000  52.2%     -    0s
*  665   648              38      68.0000000   33.00000  51.5%  10.9    1s
*  812   907              39      66.0000000   33.00000  50.0%  10.5    1s
* 1099  1192              49      65.0000000   33.00000  49.2%  10.4    1s
* 1240  1192              53      62.0000000   33.00000  46.8%  10.1    1s
* 1420  1339              80      61.0000000   33.00000  45.9%   9.7    1s
* 2028  1713              71      60.0000000   33.00000  45.0%  10.0    1s
* 2030  1661              72      59.0000000   33.00000  44.1%  10.0    1s
* 2692  1912              61      58.0000000   33.00000  43.1%  10.1    1s
* 4119  2352              73      56.0000000   33.00000  41.1%  15.6    3s
* 4218  2393              60      55.0000000   33.00000  40.0%  15.7    3s
* 4532  2441              55      53.0000000   33.00000  37.7%  16.2    3s
* 5747  1972              51      52.0000000   33.00000  36.5%  18.3    4s
  7939  2361   46.00000   34   44   52.00000   33.00000  36.5%  18.4    5s
*14805  4791              41      51.0000000   33.00000  35.3%  22.7    8s
 15452  6181   49.00000   66   18   51.00000   33.00000  35.3%  23.0   10s
 25081  9025 infeasible   57        51.00000   33.00000  35.3%  24.7   15s
*31019  9005              58      50.0000000   33.00000  34.0%  26.9   17s
 32115  9921   34.00000   63   71   50.00000   33.00000  34.0%  27.6   20s
 37105  9395   46.00000   65   74   50.00000   33.00000  34.0%  28.4   25s
 38833  9517   33.00000   49   28   50.00000   33.00000  34.0%  29.3   30s
*41519  8168              63      49.0000000   33.00000  32.7%  30.5   34s
 42075  8196     cutoff   61        49.00000   33.00000  32.7%  30.7   37s
 43091  8158   47.00000   57   55   49.00000   33.00000  32.7%  31.2   40s
 45363  8409 infeasible   57        49.00000   33.00000  32.7%  32.2   49s
 46512  8930 infeasible   66        49.00000   33.00000  32.7%  32.8   57s
 48487  9623   46.00000   43   52   49.00000   33.00000  32.7%  33.5   65s
 50687 10161   40.00000   58  104   49.00000   33.00000  32.7%  34.3   72s
 52585 10683   46.00000   63   54   49.00000   33.00000  32.7%  35.0   79s
 54610 11404   48.00000   51   46   49.00000   33.00000  32.7%  35.5   85s
 56780 11947   33.00000   58   79   49.00000   33.00000  32.7%  36.1   91s
 58926 12562   46.00000   57   53   49.00000   33.00000  32.7%  36.7   98s
 61355 13331 infeasible   68        49.00000   33.00000  32.7%  37.4  102s
 63678 14249   46.00000   61   48   49.00000   33.00000  32.7%  37.9  111s
 66576 15016   47.00000   73   32   49.00000   33.00000  32.7%  38.4  119s
 69197 15017   44.00000   54   26   49.00000   33.00000  32.7%  38.8  120s
 76782 17094   33.19840   64   77   49.00000   33.00000  32.7%  38.2  125s
 84747 17622 infeasible   66        49.00000   33.00000  32.7%  40.0  130s
 87967 17854   33.00000   59   45   49.00000   33.00000  32.7%  40.8  135s
 90634 18169   33.19902   49  102   49.00000   33.00000  32.7%  41.2  141s
 92103 18232 infeasible   65        49.00000   33.00000  32.7%  41.5  145s
 93393 18458 infeasible   61        49.00000   33.00000  32.7%  41.8  152s
 95221 18887   44.00000   72   65   49.00000   33.00000  32.7%  42.2  161s
 97752 18741   33.00000   52   51   49.00000   33.00000  32.7%  42.5  169s
 99652 18940 infeasible   76        49.00000   33.00000  32.7%  42.8  177s
 101789 19003     cutoff   70        49.00000   33.00000  32.7%  43.2  185s
 105839 19412   33.10706   70   72   49.00000   33.00000  32.7%  43.8  197s
 108129 19536   33.00000   49   76   49.00000   33.00000  32.7%  44.2  206s
 110437 19739   48.00000   65   44   49.00000   33.00000  32.7%  44.6  216s
 113027 19763 infeasible   67        49.00000   33.00000  32.7%  44.9  224s
 115430 20129 infeasible   60        49.00000   33.00000  32.7%  45.2  233s
 117879 20937   33.18956   60   75   49.00000   33.00000  32.7%  45.4  243s
 120168 21919   33.01974   60   64   49.00000   33.00000  32.7%  45.7  253s
 122655 22890 infeasible   71        49.00000   33.00000  32.7%  46.0  264s
 125374 23721   33.76577   56   62   49.00000   33.00000  32.7%  46.3  276s
 127801 24580   44.00000   57   58   49.00000   33.00000  32.7%  46.5  287s
 130234 25471   33.00000   52   62   49.00000   33.00000  32.7%  46.8  298s
 132616 26503   33.00000   53   71   49.00000   33.00000  32.7%  47.0  311s
 135225 27417   33.00000   46   54   49.00000   33.00000  32.7%  47.2  320s
 137496 28163   33.29597   50  101   49.00000   33.00000  32.7%  47.4  329s
 139451 29139   41.00000   63   57   49.00000   33.00000  32.7%  47.6  342s
 142006 29903 infeasible   63        49.00000   33.00000  32.7%  47.8  352s
 144060 30732   33.00000   55   42   49.00000   33.00000  32.7%  48.0  363s
 146364 31720   45.00000   68   53   49.00000   33.00000  32.7%  48.1  376s
 148931 32613   46.00000   54   32   49.00000   33.00000  32.7%  48.2  386s
 151103 33389 infeasible   57        49.00000   33.00000  32.7%  48.3  396s
 153419 34178   38.00000   57   48   49.00000   33.00000  32.7%  48.4  406s
 155518 34917 infeasible   51        49.00000   33.00000  32.7%  48.5  417s
 157597 35608   46.00000   68   44   49.00000   33.00000  32.7%  48.6  425s
 159429 36202   41.00000   63   57   49.00000   33.00000  32.7%  48.7  434s
 161101 36811 infeasible   64        49.00000   33.00000  32.7%  48.8  443s
 162927 37441   46.00000   61   48   49.00000   33.00000  32.7%  48.9  454s
 164963 38168   48.00000   57   28   49.00000   33.00000  32.7%  48.9  467s
 167284 38654   44.00000   71   60   49.00000   33.05887  32.5%  48.9  477s
 169282 39278 infeasible   62        49.00000   33.08847  32.5%  48.9  488s
 171387 39859   33.74382   60   73   49.00000   33.12966  32.4%  48.9  498s
 173278 40471   33.47515   68   95   49.00000   33.17193  32.3%  48.9  510s
 175265 40983 infeasible   73        49.00000   33.21853  32.2%  48.9  520s
 177122 41438 infeasible   63        49.00000   33.26761  32.1%  48.9  529s
 178905 41931 infeasible   60        49.00000   33.29958  32.0%  48.9  542s
 181012 42459   47.00000   70   60   49.00000   33.34349  32.0%  48.9  553s
 182775 43010   47.00000   69   55   49.00000   33.38313  31.9%  48.9  564s
 184725 43526 infeasible   73        49.00000   33.42072  31.8%  48.8  575s
 186560 43922   40.00000   55   75   49.00000   33.45660  31.7%  48.8  586s
 188253 44521 infeasible   56        49.00000   33.51090  31.6%  48.8  598s
 190284 45044   47.00000   67   42   49.00000   33.55882  31.5%  48.7  608s
 192097 45453   46.00000   58   50   49.00000   33.61694  31.4%  48.7  620s
 194118 45874 infeasible   65        49.00000   33.68068  31.3%  48.6  631s
 195854 46272   47.00000   71   32   49.00000   33.75037  31.1%  48.6  642s
 197582 46714   41.00000   60   66   49.00000   33.82500  31.0%  48.5  654s
 199505 47208 infeasible   79        49.00000   33.92532  30.8%  48.5  665s
 201379 47851   47.00000   66   39   49.00000   34.00000  30.6%  48.4  676s
 203212 48451   47.00000   56   72   49.00000   34.00000  30.6%  48.4  687s
 205082 48845   47.00000   63   45   49.00000   34.00000  30.6%  48.4  699s
 206807 49447   46.00000   63   50   49.00000   34.00000  30.6%  48.3  712s
 209018 49867   47.00000   51   54   49.00000   34.35340  29.9%  48.3  724s
 210688 50332 infeasible   62        49.00000   34.54753  29.5%  48.2  736s
 212474 50822 infeasible   67        49.00000   34.89471  28.8%  48.2  747s
 214427 51275   48.00000   70   37   49.00000   35.00000  28.6%  48.2  758s
 216242 51746   46.00000   56   36   49.00000   35.00000  28.6%  48.1  771s
 218180 52125   38.00000   51   63   49.00000   35.00000  28.6%  48.1  781s
 219887 52639   37.00000   62   57   49.00000   36.00000  26.5%  48.1  793s
 221792 53139   37.00000   59   98   49.00000   36.00000  26.5%  48.0  806s
 223726 53964   39.00000   60   27   49.00000   37.00000  24.5%  48.0  823s
 226425 54769   37.00000   57   75   49.00000   37.00000  24.5%  47.9  842s
 229366 55273   48.00000   55   32   49.00000   37.00000  24.5%  47.8  859s
 231635 55823   37.00000   57   62   49.00000   37.00000  24.5%  47.8  876s
 234208 56332   38.00000   60   46   49.00000   37.00000  24.5%  47.8  892s
 236320 56971 infeasible   60        49.00000   37.00000  24.5%  47.8  906s
 238520 57662 infeasible   68        49.00000   37.00000  24.5%  47.7  923s
 241027 58063 infeasible   54        49.00000   37.00000  24.5%  47.7  936s
 242966 58816 infeasible   64        49.00000   37.00000  24.5%  47.7  952s
 245398 59449 infeasible   55        49.00000   37.00000  24.5%  47.6  966s
 247456 60001   44.00000   65   47   49.00000   37.00000  24.5%  47.5  978s
 249262 60489   42.00000   61   65   49.00000   37.00000  24.5%  47.5  992s
 251358 60888   37.00000   61   54   49.00000   37.00000  24.5%  47.5 1002s
 253146 61384   44.00000   61   48   49.00000   37.00000  24.5%  47.5 1016s
 255097 61736   46.00000   56   57   49.00000   37.00000  24.5%  47.4 1028s
 256804 62058 infeasible   71        49.00000   37.00000  24.5%  47.4 1038s
 258407 62702 infeasible   60        49.00000   38.00000  22.4%  47.4 1059s
 261373 63146   46.00000   60   55   49.00000   38.00000  22.4%  47.4 1075s
 263982 63767   46.00000   66   34   49.00000   38.00000  22.4%  47.3 1096s
 266666 64358   47.00000   61   48   49.00000   38.00000  22.4%  47.3 1117s
 269665 64866   47.00000   60   55   49.00000   38.00000  22.4%  47.2 1136s
 272127 65553   38.00000   59   66   49.00000   38.00000  22.4%  47.2 1156s
 274910 66097 infeasible   61        49.00000   38.00000  22.4%  47.2 1173s
 277314 66673   39.00000   56   62   49.00000   38.00000  22.4%  47.2 1192s
 279906 67317   47.00000   67   34   49.00000   38.00000  22.4%  47.1 1211s
 282734 67814   46.00000   63   46   49.00000   38.00000  22.4%  47.1 1227s
 285028 68370   38.00000   63   58   49.00000   38.00000  22.4%  47.1 1242s
 287342 68767   47.00000   64   24   49.00000   38.00000  22.4%  47.1 1258s
 289399 69143 infeasible   78        49.00000   38.00000  22.4%  47.1 1270s
 291401 69760   48.00000   66   25   49.00000   38.00000  22.4%  47.1 1286s
 293616 70186   46.00000   66   52   49.00000   38.00000  22.4%  47.0 1299s
 295514 70764   44.00000   59   50   49.00000   38.00000  22.4%  47.0 1313s
 297590 71160 infeasible   77        49.00000   38.00000  22.4%  47.0 1326s
 299322 71880   39.00000   53   35   49.00000   38.00000  22.4%  46.9 1337s
 301368 72697 infeasible   62        49.00000   39.00000  20.4%  46.9 1356s
 304293 73242 infeasible   60        49.00000   39.00000  20.4%  46.9 1374s
 306860 73873   42.00000   52   50   49.00000   39.00000  20.4%  46.8 1393s
 309568 74511   39.00000   65   71   49.00000   39.00000  20.4%  46.8 1410s
 312219 75202 infeasible   59        49.00000   39.00000  20.4%  46.8 1429s
 314833 75942   43.00000   69   47   49.00000   39.00000  20.4%  46.7 1450s
 317598 76491   39.00000   55   48   49.00000   39.00000  20.4%  46.7 1467s
 320071 77406 infeasible   81        49.00000   39.00000  20.4%  46.7 1487s
 322871 77984   41.00000   56   51   49.00000   39.00000  20.4%  46.7 1504s
 325283 78512   39.00000   53   40   49.00000   39.00000  20.4%  46.7 1521s
 327685 79107   48.00000   57   38   49.00000   39.00000  20.4%  46.7 1541s
 330398 79705   44.00000   58   75   49.00000   39.00000  20.4%  46.7 1560s
 332886 80337 infeasible   59        49.00000   39.00000  20.4%  46.7 1580s
 335812 81004 infeasible   74        49.00000   39.00000  20.4%  46.7 1600s
 338420 81573   39.00000   58   64   49.00000   39.00000  20.4%  46.7 1621s
 341001 82190   40.00000   57   53   49.00000   39.00000  20.4%  46.6 1641s
 343905 82570   46.00000   59   59   49.00000   39.00000  20.4%  46.6 1660s
 346195 83274 infeasible   64        49.00000   39.00000  20.4%  46.6 1682s
 349224 83696 infeasible   73        49.00000   39.00000  20.4%  46.6 1701s
 351786 84360 infeasible   70        49.00000   39.00000  20.4%  46.6 1723s
 354513 85008 infeasible   67        49.00000   39.00000  20.4%  46.6 1746s
 357367 85591 infeasible   72        49.00000   39.00000  20.4%  46.6 1766s
 360069 86143   43.00000   57   41   49.00000   39.00000  20.4%  46.6 1789s
 362951 86633   47.00000   84   21   49.00000   39.00000  20.4%  46.6 1808s
 365372 87093   46.00000   63   68   49.00000   39.00000  20.4%  46.6 1827s
 367638 87567   46.00000   64   54   49.00000   39.00000  20.4%  46.6 1843s
 369742 87890   39.00000   69   49   49.00000   39.00000  20.4%  46.6 1861s
 371772 88337   46.00000   59   60   49.00000   39.00000  20.4%  46.6 1879s
 374122 88725 infeasible   63        49.00000   39.00000  20.4%  46.7 1897s
 376270 89238 infeasible   75        49.00000   39.00000  20.4%  46.7 1914s
 378585 89545   47.00000   59   56   49.00000   39.00000  20.4%  46.7 1929s
 380416 90006   47.00000   64   54   49.00000   39.00000  20.4%  46.7 1943s
 382435 90397 infeasible   68        49.00000   39.00000  20.4%  46.7 1959s
 384423 90718   44.00000   62   45   49.00000   39.00000  20.4%  46.7 1973s
 386318 91234 infeasible   61        49.00000   39.00000  20.4%  46.7 1990s
 388444 91730   46.00000   60   51   49.00000   39.00000  20.4%  46.7 2003s
 390375 92338   40.00000   63   46   49.00000   40.00000  18.4%  46.7 2023s
 392812 93226   40.00000   59   55   49.00000   40.00000  18.4%  46.7 2047s
 396024 93738   42.00000   65   50   49.00000   40.00000  18.4%  46.6 2066s
 398542 94141 infeasible   69        49.00000   40.00000  18.4%  46.6 2087s
 400996 94546   40.00000   66   54   49.00000   40.00000  18.4%  46.6 2108s
 403754 95112 infeasible   53        49.00000   40.00000  18.4%  46.6 2129s
 406349 95580   47.00000   73   49   49.00000   40.00000  18.4%  46.6 2150s
 408959 96001   42.00000   70   46   49.00000   40.00000  18.4%  46.6 2169s
 411316 96324   40.00000   56   66   49.00000   40.00000  18.4%  46.6 2191s
 413799 96712   43.00000   59   66   49.00000   40.00000  18.4%  46.7 2212s
 416367 97212   40.00000   50   56   49.00000   40.00000  18.4%  46.6 2233s
 418951 97747   45.00000   82   48   49.00000   40.00000  18.4%  46.6 2256s
 421784 98183   40.00000   59   53   49.00000   40.00000  18.4%  46.6 2276s
 424205 98600   47.00000   55   50   49.00000   40.00000  18.4%  46.6 2300s
 426921 99035 infeasible   68        49.00000   40.00000  18.4%  46.7 2321s
 429376 99481   46.00000   70   44   49.00000   40.00000  18.4%  46.7 2344s
 432017 100025 infeasible   68        49.00000   40.00000  18.4%  46.7 2368s
 434925 100492   44.00000   57   33   49.00000   40.00000  18.4%  46.7 2391s
 437529 100809     cutoff   60        49.00000   40.00000  18.4%  46.7 2410s
 439729 101468 infeasible   54        49.00000   40.00000  18.4%  46.7 2435s
 442872 102038   44.00000   60   44   49.00000   40.00000  18.4%  46.7 2458s
 445560 102657   44.00000   63   55   49.00000   40.00000  18.4%  46.7 2481s
 448330 103158   40.00000   57   66   49.00000   40.00000  18.4%  46.7 2504s
 449962 103158   44.00000   76   57   49.00000   40.00000  18.4%  46.7 2505s
 450961 103601   47.00000   63   28   49.00000   40.00000  18.4%  46.7 2528s
 453540 104193 infeasible   60        49.00000   40.00000  18.4%  46.7 2551s
 456420 104645   48.00000   57   22   49.00000   40.00000  18.4%  46.7 2572s
 458815 105072 infeasible   60        49.00000   40.00000  18.4%  46.7 2595s
 461396 105391 infeasible   67        49.00000   40.00000  18.4%  46.7 2611s
 463327 105732 infeasible   63        49.00000   40.00000  18.4%  46.7 2631s
 465482 106186   40.00000   66   61   49.00000   40.00000  18.4%  46.7 2653s
 467945 106548 infeasible   61        49.00000   40.00000  18.4%  46.7 2672s
 470108 106974     cutoff   66        49.00000   40.00000  18.4%  46.8 2692s
 472336 107317   42.00000   64   57   49.00000   40.00000  18.4%  46.8 2708s
 474148 107905 infeasible   62        49.00000   40.00000  18.4%  46.8 2726s
 476374 108595   47.00000   55   73   49.00000   40.00000  18.4%  46.8 2742s
 478731 109068 infeasible   54        49.00000   40.00000  18.4%  46.8 2759s
 480656 109474 infeasible   68        49.00000   40.00000  18.4%  46.8 2775s
 482830 109831   44.00000   59   30   49.00000   40.00000  18.4%  46.7 2791s
 484642 110065   44.00000   60   47   49.00000   40.00000  18.4%  46.7 2804s
 486262 110233     cutoff   66        49.00000   40.00000  18.4%  46.7 2822s
 488105 110484   46.00000   60   37   49.00000   40.00000  18.4%  46.8 2838s
 489945 110851 infeasible   73        49.00000   41.00000  16.3%  46.8 2866s
 492894 111062   41.00000   60   65   49.00000   41.00000  16.3%  46.8 2891s
 495501 111344   41.00000   70   74   49.00000   41.00000  16.3%  46.7 2916s
 498304 111866   42.00000   58   55   49.00000   41.00000  16.3%  46.7 2946s
 501378 112249   41.00000   56   57   49.00000   41.00000  16.3%  46.7 2970s
 504041 112787   41.00000   62   55   49.00000   41.00000  16.3%  46.7 2998s
 507010 113219     cutoff   67        49.00000   41.00000  16.3%  46.7 3021s
 509466 113621   47.00000   64   51   49.00000   41.00000  16.3%  46.7 3046s
 512080 114045 infeasible   61        49.00000   41.00000  16.3%  46.7 3073s
 514954 114358 infeasible   71        49.00000   41.00000  16.3%  46.7 3097s
 517538 114879     cutoff   58        49.00000   41.00000  16.3%  46.7 3122s
 520182 115376 infeasible   69        49.00000   41.00000  16.3%  46.7 3148s
 523157 115746   44.00000   70   52   49.00000   41.00000  16.3%  46.7 3172s
 525708 116265 infeasible   66        49.00000   41.00000  16.3%  46.7 3199s
 528669 116676   47.00000   73   31   49.00000   41.00000  16.3%  46.7 3222s
 531118 117030   46.00000   63   56   49.00000   41.00000  16.3%  46.7 3247s
 533704 117520   41.00000   66   62   49.00000   41.00000  16.3%  46.7 3272s
 536497 118007   47.00000   87   20   49.00000   41.00000  16.3%  46.7 3298s
 539253 118417   41.00000   64   62   49.00000   41.00000  16.3%  46.7 3325s
 542033 118790   47.00000   69   50   49.00000   41.00000  16.3%  46.7 3349s
 544591 119196   41.00000   69   45   49.00000   41.00000  16.3%  46.7 3374s
 547205 119196   41.00000   58   57   49.00000   41.00000  16.3%  46.7 3375s
 547352 119634   46.00000   64   37   49.00000   41.00000  16.3%  46.7 3401s
 550235 119830   46.00000   73   34   49.00000   41.00000  16.3%  46.7 3429s
 552909 120096   48.00000   60   40   49.00000   41.00000  16.3%  46.7 3451s
 555350 120337 infeasible  113        49.00000   41.00000  16.3%  46.7 3475s
 557799 120594   42.00000   67   60   49.00000   41.00000  16.3%  46.7 3499s
 560113 120869 infeasible   60        49.00000   41.00000  16.3%  46.8 3523s
 562757 121157   47.00000   66   52   49.00000   41.00000  16.3%  46.8 3544s
 564896 121601   45.00000   58   35   49.00000   41.00000  16.3%  46.8 3565s
 567314 121922   42.00000   62   45   49.00000   41.00000  16.3%  46.7 3584s
 569325 122058 infeasible   67        49.00000   41.00000  16.3%  46.7 3601s
 571087 122364   41.00000   59   57   49.00000   41.00000  16.3%  46.7 3620s
 573047 122750 infeasible   74        49.00000   42.00000  14.3%  46.7 3645s
 575637 123233   46.00000   64   63   49.00000   42.00000  14.3%  46.7 3668s
 578271 123673 infeasible   60        49.00000   42.00000  14.3%  46.7 3692s
 580931 124321   46.00000   78   39   49.00000   42.00000  14.3%  46.7 3717s
 583933 124860   47.00000   64   40   49.00000   42.00000  14.3%  46.7 3740s
 586507 125323   42.00000   68   45   49.00000   42.00000  14.3%  46.7 3764s
 588439 125323 infeasible   60        49.00000   42.00000  14.3%  46.7 3765s
 589060 125694   42.00000   60   41   49.00000   42.00000  14.3%  46.7 3789s
 591731 126073   47.00000   68   31   49.00000   42.00000  14.3%  46.7 3811s
 594095 126279   46.00000   64   43   49.00000   42.00000  14.3%  46.7 3837s
 596634 126571 infeasible   64        49.00000   42.00000  14.3%  46.7 3863s
 599243 126724 infeasible   67        49.00000   42.00000  14.3%  46.7 3886s
 601476 127268   47.00000   69   50   49.00000   42.00000  14.3%  46.7 3916s
 604794 127746 infeasible   67        49.00000   42.00000  14.3%  46.7 3940s
 607557 128119   46.00000   61   53   49.00000   42.00000  14.3%  46.7 3965s
 610035 128418 infeasible   62        49.00000   42.00000  14.3%  46.7 3993s
 612775 128647   42.00000   57   59   49.00000   42.00000  14.3%  46.7 4017s
 615251 129024   46.00000   55   54   49.00000   42.00000  14.3%  46.7 4043s
 618098 129278   48.00000   60   34   49.00000   42.00000  14.3%  46.7 4069s
 620592 129570 infeasible   66        49.00000   42.00000  14.3%  46.7 4095s
 623183 129866   42.00000   61   53   49.00000   42.00000  14.3%  46.7 4118s
 625566 130225   46.00000   59   49   49.00000   42.00000  14.3%  46.8 4145s
 628208 130458     cutoff   66        49.00000   42.00000  14.3%  46.8 4171s
 630940 130608   42.00000   70   64   49.00000   42.00000  14.3%  46.8 4197s
 633493 131006   42.00000   67   42   49.00000   42.00000  14.3%  46.8 4227s
 636452 131191   42.00000   63   55   49.00000   42.00000  14.3%  46.8 4252s
 638994 131412     cutoff   72        49.00000   42.00000  14.3%  46.8 4278s
 641707 131765   43.00000   60   41   49.00000   42.00000  14.3%  46.8 4308s
 644769 132091   42.00000   65   72   49.00000   42.00000  14.3%  46.8 4334s
 647249 132368 infeasible   65        49.00000   42.00000  14.3%  46.9 4357s
 649492 132961   44.00000   60   47   49.00000   42.00000  14.3%  46.9 4387s
 652845 133469   42.00000   55   61   49.00000   42.00000  14.3%  46.8 4412s
 655721 133904   46.00000   66   51   49.00000   42.00000  14.3%  46.8 4438s
 658440 134352 infeasible   62        49.00000   42.00000  14.3%  46.8 4464s
 661269 134777   46.00000   70   37   49.00000   42.00000  14.3%  46.8 4490s
 663935 135228   46.00000   61   41   49.00000   42.00000  14.3%  46.8 4516s
 666784 135777   47.00000   55   48   49.00000   42.00000  14.3%  46.8 4542s
 669551 136165   46.00000   68   54   49.00000   42.00000  14.3%  46.8 4567s
 672202 136526   46.00000   56   31   49.00000   42.00000  14.3%  46.8 4592s
 674782 136925   47.00000   61   46   49.00000   42.00000  14.3%  46.7 4616s
 677539 137433 infeasible   55        49.00000   42.00000  14.3%  46.7 4642s
 680379 137893   47.00000   60   30   49.00000   42.00000  14.3%  46.7 4669s
 683265 138499   42.00000   59   39   49.00000   42.00000  14.3%  46.7 4697s
 686259 138964   42.00000   61   58   49.00000   42.00000  14.3%  46.7 4721s
 688914 139393 infeasible   58        49.00000   42.00000  14.3%  46.6 4746s
 691625 139888   46.00000   73   26   49.00000   42.00000  14.3%  46.6 4770s
 694243 140395 infeasible   72        49.00000   42.00000  14.3%  46.6 4796s
 696926 140963   47.00000   61   33   49.00000   42.00000  14.3%  46.6 4821s
 699733 141408   46.00000   71   52   49.00000   42.00000  14.3%  46.6 4844s
 702349 141765 infeasible   72        49.00000   42.00000  14.3%  46.6 4868s
 704852 142338   44.00000   59   51   49.00000   42.00000  14.3%  46.6 4894s
 707768 142766   42.00000   56   63   49.00000   42.00000  14.3%  46.6 4918s
 710393 143193   43.00000   67   64   49.00000   42.00000  14.3%  46.6 4942s
 712988 143629   42.00000   69   59   49.00000   42.00000  14.3%  46.6 4968s
 715694 144076 infeasible   59        49.00000   42.00000  14.3%  46.6 4991s
 718062 144600   46.00000   56   40   49.00000   42.00000  14.3%  46.6 5018s
 721090 144995   47.00000   64   41   49.00000   42.00000  14.3%  46.6 5043s
 723708 145313   46.00000   62   55   49.00000   42.00000  14.3%  46.6 5068s
 726325 145717   47.00000   67   70   49.00000   42.00000  14.3%  46.6 5096s
 729200 146034   42.00000   50   41   49.00000   42.00000  14.3%  46.6 5120s
 731675 146394 infeasible   59        49.00000   42.00000  14.3%  46.6 5146s
 734506 146623   47.00000   52   52   49.00000   42.00000  14.3%  46.6 5171s
 737049 146861   42.00000   55   61   49.00000   42.00000  14.3%  46.6 5197s
 739469 147180 infeasible   69        49.00000   42.00000  14.3%  46.6 5220s
 741897 147371   42.00000   72   54   49.00000   42.00000  14.3%  46.6 5244s
 744327 147771   45.00000   58   27   49.00000   42.00000  14.3%  46.6 5272s
 747270 148109   45.00000   68   40   49.00000   42.00000  14.3%  46.7 5297s
 749788 148459   47.00000   59   51   49.00000   42.00000  14.3%  46.7 5323s
 752541 148865 infeasible   66        49.00000   42.00000  14.3%  46.7 5351s
 755437 149053 infeasible   61        49.00000   42.00000  14.3%  46.7 5375s
 757930 149430 infeasible   80        49.00000   42.00000  14.3%  46.7 5403s
 760925 149758   47.00000   64   43   49.00000   42.00000  14.3%  46.7 5430s
 763616 150104   42.00000   63   46   49.00000   42.00000  14.3%  46.7 5453s
 765921 150405   42.00000   68   66   49.00000   42.00000  14.3%  46.7 5479s
 768764 150696 infeasible   58        49.00000   42.00000  14.3%  46.7 5505s
 771400 150949   46.00000   72   32   49.00000   42.00000  14.3%  46.7 5532s
 773976 151345   42.00000   67   27   49.00000   42.00000  14.3%  46.8 5560s
 776909 151625   44.00000   80   41   49.00000   42.00000  14.3%  46.8 5585s
 779582 152018 infeasible   60        49.00000   42.00000  14.3%  46.8 5612s
 782519 152305   42.00000   47   60   49.00000   42.00000  14.3%  46.8 5640s
 785065 152615   46.00000   50   33   49.00000   42.00000  14.3%  46.8 5666s
 787753 152916 infeasible   67        49.00000   42.00000  14.3%  46.8 5689s
 790051 153186 infeasible   73        49.00000   42.00000  14.3%  46.8 5715s
 792605 153535   47.00000   64   35   49.00000   42.00000  14.3%  46.8 5740s
 795274 153806   46.00000   64   65   49.00000   42.00000  14.3%  46.8 5765s
 797829 154052   42.00000   65   53   49.00000   42.00000  14.3%  46.8 5789s
 800179 154292 infeasible   67        49.00000   42.00000  14.3%  46.8 5812s
 802501 154570 infeasible   63        49.00000   42.00000  14.3%  46.8 5833s
 804608 154891   42.00000   70   58   49.00000   42.00000  14.3%  46.8 5853s
 806877 155038   42.00000   66   74   49.00000   42.00000  14.3%  46.8 5871s
 808744 155279   43.00000   57   62   49.00000   42.00000  14.3%  46.9 5891s
 810732 155521   46.00000   66   26   49.00000   42.00000  14.3%  46.8 5907s
 812593 155832   44.00000   67   33   49.00000   42.00000  14.3%  46.8 5926s
 814455 156326   47.00000   66   46   49.00000   43.00000  12.2%  46.8 5954s
 817551 156674   43.00000   64   54   49.00000   43.00000  12.2%  46.8 5977s
 820047 156961 infeasible   57        49.00000   43.00000  12.2%  46.8 6001s
 822605 157102 infeasible   59        49.00000   43.00000  12.2%  46.8 6027s
 825184 157178   43.00000   66   58   49.00000   43.00000  12.2%  46.8 6049s
 826375 157178   43.00000   76   42   49.00000   43.00000  12.2%  46.8 6050s
 827422 157296     cutoff   65        49.00000   43.00000  12.2%  46.8 6076s
 830097 157358   44.00000   66   56   49.00000   43.00000  12.2%  46.8 6101s
 832473 157406   44.00000   60   37   49.00000   43.00000  12.2%  46.8 6125s
 834671 157431   44.00000   72   62   49.00000   43.00000  12.2%  46.8 6156s
 837640 157499   43.00000   65   37   49.00000   43.00000  12.2%  46.8 6185s
 840381 157539 infeasible   69        49.00000   43.00000  12.2%  46.8 6213s
 843097 157722 infeasible   67        49.00000   43.00000  12.2%  46.8 6245s
 846007 157808 infeasible   74        49.00000   43.00000  12.2%  46.8 6272s
 848683 157842   43.00000   70   62   49.00000   43.00000  12.2%  46.8 6300s
 851333 157933 infeasible   68        49.00000   43.00000  12.2%  46.8 6331s
 854272 157966   43.00000   77   36   49.00000   43.00000  12.2%  46.9 6355s
 856372 158182   47.00000   71   42   49.00000   43.00000  12.2%  46.9 6388s
 859639 158191 infeasible   86        49.00000   43.00000  12.2%  46.9 6414s
 862127 158214 infeasible   63        49.00000   43.00000  12.2%  46.9 6442s
 864718 158295   43.00000   77   63   49.00000   43.00000  12.2%  46.9 6473s
 867564 158311   43.00000   70   68   49.00000   43.00000  12.2%  46.9 6503s
 870336 158383   44.00000   64   71   49.00000   43.00000  12.2%  46.9 6536s
 873126 158483 infeasible   66        49.00000   43.00000  12.2%  46.9 6568s
 876218 158499   44.00000   63   58   49.00000   43.00000  12.2%  46.9 6593s
 878396 158553   47.00000   65   54   49.00000   43.00000  12.2%  46.9 6623s
 881240 158729 infeasible   78        49.00000   43.00000  12.2%  46.9 6655s
 884285 158830 infeasible   71        49.00000   43.00000  12.2%  46.9 6685s
 887169 158997   44.00000   57   53   49.00000   43.00000  12.2%  46.9 6717s
 890225 159080 infeasible   73        49.00000   43.00000  12.2%  46.9 6744s
 892846 159148   47.00000   58   50   49.00000   43.00000  12.2%  46.9 6774s
 895516 159272   46.00000   66   32   49.00000   43.00000  12.2%  46.9 6803s
 898352 159357   46.00000   67   48   49.00000   43.00000  12.2%  46.9 6828s
 900674 159455   44.00000   66   66   49.00000   43.00000  12.2%  46.9 6856s
 903227 159688   44.00000   65   47   49.00000   43.00000  12.2%  46.9 6885s
 906065 159876   47.00000   61   48   49.00000   43.00000  12.2%  46.9 6907s
 908155 159958   43.00000   62   57   49.00000   43.00000  12.2%  46.9 6927s
 910182 160080   43.00000   59   47   49.00000   43.00000  12.2%  46.9 6949s
 912267 160169 infeasible   64        49.00000   43.00000  12.2%  46.9 6968s
 914192 160689   44.00000   62   55   49.00000   44.00000  10.2%  46.9 6999s
 915170 160689   44.00000   55   70   49.00000   44.00000  10.2%  46.9 7000s
 917505 161281   48.00000   68   42   49.00000   44.00000  10.2%  46.9 7027s
 920409 161746     cutoff   63        49.00000   44.00000  10.2%  46.9 7053s
 922965 162362 infeasible   69        49.00000   44.00000  10.2%  46.9 7082s
 926018 162763 infeasible   66        49.00000   44.00000  10.2%  46.9 7107s
 928623 163065 infeasible   59        49.00000   44.00000  10.2%  46.9 7131s
 931171 163407   44.00000   61   66   49.00000   44.00000  10.2%  46.9 7159s
 933923 163772 infeasible   67        49.00000   44.00000  10.2%  46.9 7186s
 936615 164112     cutoff   63        49.00000   44.00000  10.2%  46.9 7214s
 939416 164498 infeasible   58        49.00000   44.00000  10.2%  46.9 7241s
 942084 164758   44.00000   62   58   49.00000   44.00000  10.2%  46.8 7267s
 944653 165132   44.00000   55   58   49.00000   44.00000  10.2%  46.8 7296s
 947692 165329   44.00000   63   64   49.00000   44.00000  10.2%  46.8 7323s
 950200 165677 infeasible   79        49.00000   44.00000  10.2%  46.8 7352s
 953090 166021 infeasible   55        49.00000   44.00000  10.2%  46.8 7379s
 955750 166162   47.00000   75   46   49.00000   44.00000  10.2%  46.8 7407s
 958302 166655   44.00000   58   60   49.00000   44.00000  10.2%  46.8 7438s
 961499 166905 infeasible   66        49.00000   44.00000  10.2%  46.8 7464s
 963771 166905   44.00000   61   38   49.00000   44.00000  10.2%  46.8 7465s
 964041 167228 infeasible   62        49.00000   44.00000  10.2%  46.8 7491s
 966644 167617   48.00000   51   62   49.00000   44.00000  10.2%  46.8 7517s
 969140 168039   47.00000   55   36   49.00000   44.00000  10.2%  46.8 7545s
 971971 168436 infeasible   57        49.00000   44.00000  10.2%  46.8 7574s
 974924 168717   47.00000   61   63   49.00000   44.00000  10.2%  46.7 7601s
 977711 168955   44.00000   52   50   49.00000   44.00000  10.2%  46.7 7631s
 980563 168911   44.00000   72   37   49.00000   44.00000  10.2%  46.7 7658s
 983018 168809   44.00000   49   52   49.00000   44.00000  10.2%  46.7 7686s
 985453 168754 infeasible   69        49.00000   44.00000  10.2%  46.7 7716s
 988195 168662   47.00000   58   54   49.00000   44.00000  10.2%  46.7 7744s
 990529 168632   46.00000   54   48   49.00000   44.00000  10.2%  46.7 7776s
 993507 168567   44.00000   72   42   49.00000   44.00000  10.2%  46.7 7807s
 996199 168812   44.00000   63   57   49.00000   44.00000  10.2%  46.7 7838s
 999058 169115   44.00000   65   47   49.00000   44.00000  10.2%  46.7 7871s
 1002248 169327     cutoff   75        49.00000   44.00000  10.2%  46.7 7899s
 1003619 169327 infeasible   67        49.00000   44.00000  10.2%  46.7 7900s
 1004966 169497   46.00000   74   64   49.00000   44.00000  10.2%  46.7 7930s
 1007703 169776 infeasible   61        49.00000   44.00000  10.2%  46.7 7960s
 1010781 169939   44.00000   67   49   49.00000   44.00000  10.2%  46.7 7986s
 1013242 170246 infeasible   70        49.00000   44.00000  10.2%  46.7 8016s
 1016370 170474 infeasible   78        49.00000   44.00000  10.2%  46.7 8045s
 1019043 170667 infeasible   57        49.00000   44.00000  10.2%  46.7 8073s
 1021681 171023   47.00000   62   46   49.00000   44.00000  10.2%  46.7 8104s
 1024770 171221   44.00000   52   55   49.00000   44.00000  10.2%  46.6 8132s
 1027408 171594   46.00000   72   30   49.00000   44.00000  10.2%  46.6 8162s
 1030225 171816   46.00000   67   53   49.00000   44.00000  10.2%  46.6 8188s
 1032822 172058   44.00000   58   49   49.00000   44.00000  10.2%  46.6 8213s
 1035250 172426   47.00000   61   42   49.00000   44.00000  10.2%  46.6 8244s
 1038319 172814 infeasible   71        49.00000   44.00000  10.2%  46.6 8272s
 1041205 173050   48.00000   79   38   49.00000   44.00000  10.2%  46.6 8299s
 1043696 173448   48.00000   79   58   49.00000   44.00000  10.2%  46.6 8329s
 1046738 173763 infeasible   74        49.00000   44.00000  10.2%  46.6 8356s
 1049397 174112   47.00000   70   52   49.00000   44.00000  10.2%  46.6 8385s
 1052246 174373   46.00000   63   47   49.00000   44.00000  10.2%  46.6 8411s
 1054793 174560 infeasible   56        49.00000   44.00000  10.2%  46.6 8434s
 1057157 174814 infeasible   64        49.00000   44.00000  10.2%  46.6 8465s
 1060111 175012 infeasible   63        49.00000   44.00000  10.2%  46.6 8493s
 1062843 175221 infeasible   68        49.00000   44.00000  10.2%  46.6 8521s
 1065620 175373   47.00000   54   55   49.00000   44.00000  10.2%  46.6 8547s
 1068213 175621   44.00000   67   58   49.00000   44.00000  10.2%  46.6 8575s
 1070920 175982   47.00000   65   50   49.00000   44.00000  10.2%  46.6 8604s
 1073896 176298 infeasible   70        49.00000   44.00000  10.2%  46.6 8632s
 1076612 176662   44.00000   64   69   49.00000   44.00000  10.2%  46.6 8659s
 1079300 176933   44.00000   66   62   49.00000   44.00000  10.2%  46.6 8683s
 1081720 177407   48.00000   69   22   49.00000   44.00000  10.2%  46.6 8710s
 1084534 177809 infeasible   63        49.00000   44.00000  10.2%  46.6 8738s
 1087580 178102   48.00000   61   28   49.00000   44.00000  10.2%  46.6 8765s
 1090086 178509 infeasible   64        49.00000   44.00000  10.2%  46.6 8793s
 1092967 178722 infeasible   65        49.00000   44.00000  10.2%  46.6 8818s
 1095463 178996   44.00000   70   53   49.00000   44.00000  10.2%  46.6 8845s
 1098225 179363 infeasible   64        49.00000   44.00000  10.2%  46.5 8873s
 1101165 179611   46.00000   61   43   49.00000   44.00000  10.2%  46.5 8898s
 1103602 179811   46.00000   66   56   49.00000   44.00000  10.2%  46.5 8925s
 1106279 180270   44.00000   59   46   49.00000   44.00000  10.2%  46.5 8955s
 1109231 180591   44.00000   69   49   49.00000   44.00000  10.2%  46.6 8982s
 1112088 181001   44.00000   70   48   49.00000   44.00000  10.2%  46.5 9009s
 1115153 181384   44.00000   58   56   49.00000   44.00000  10.2%  46.5 9034s
 1117926 181866   46.00000   57   34   49.00000   44.00000  10.2%  46.5 9060s
 1120522 182311   47.00000   71   39   49.00000   44.00000  10.2%  46.5 9087s
 1123428 182691   45.00000   60   50   49.00000   44.00000  10.2%  46.5 9111s
 1125873 183071 infeasible   74        49.00000   44.00000  10.2%  46.5 9138s
 1128840 183514 infeasible   57        49.00000   44.00000  10.2%  46.5 9165s
 1131707 183903   45.00000   70   35   49.00000   44.00000  10.2%  46.5 9190s
 1134381 184363   44.00000   60   45   49.00000   44.00000  10.2%  46.5 9217s
 1137308 184649 infeasible   71        49.00000   44.00000  10.2%  46.5 9244s
 1139865 185082 infeasible   71        49.00000   44.00000  10.2%  46.5 9270s
 1142776 185373   48.00000   66   22   49.00000   44.00000  10.2%  46.5 9295s
 1145397 185764   44.00000   55   49   49.00000   44.00000  10.2%  46.5 9319s
 1147927 186274   44.00000   57   44   49.00000   44.00000  10.2%  46.5 9347s
 1150840 186664 infeasible   75        49.00000   44.00000  10.2%  46.5 9373s
 1153647 186930 infeasible   70        49.00000   44.00000  10.2%  46.5 9397s
 1156144 187264   44.00000   59   62   49.00000   44.00000  10.2%  46.5 9423s
 1158936 187636 infeasible   68        49.00000   44.00000  10.2%  46.5 9447s
 1161534 187928   47.00000   72   42   49.00000   44.00000  10.2%  46.5 9475s
 1164393 188172   47.00000   64   52   49.00000   44.00000  10.2%  46.5 9501s
 1166893 188504   47.00000   59   32   49.00000   44.00000  10.2%  46.5 9527s
 1169674 188894 infeasible   66        49.00000   44.00000  10.2%  46.5 9554s
 1171661 188894   44.00000   55   62   49.00000   44.00000  10.2%  46.5 9555s
 1172407 189101   48.00000   68   47   49.00000   44.00000  10.2%  46.5 9578s
 1174798 189454 infeasible   60        49.00000   44.00000  10.2%  46.5 9606s
 1177743 189627 infeasible   62        49.00000   44.00000  10.2%  46.5 9630s
 1180214 189957   44.00000   58   59   49.00000   44.00000  10.2%  46.5 9657s
 1182863 190283     cutoff   79        49.00000   44.00000  10.2%  46.5 9684s
 1185801 190508 infeasible   63        49.00000   44.00000  10.2%  46.5 9709s
 1188311 190898   46.00000   65   37   49.00000   44.00000  10.2%  46.5 9737s
 1191188 191203   46.00000   55   44   49.00000   44.00000  10.2%  46.5 9765s
 1193819 191529 infeasible   65        49.00000   44.00000  10.2%  46.5 9790s
 1196418 191833 infeasible   59        49.00000   44.00000  10.2%  46.5 9816s
 1199219 192009 infeasible   60        49.00000   44.00000  10.2%  46.5 9842s
 1201670 192221   44.00000   71   50   49.00000   44.00000  10.2%  46.5 9867s
 1204249 192573   47.00000   64   51   49.00000   44.00000  10.2%  46.5 9896s
 1207206 192809 infeasible   64        49.00000   44.00000  10.2%  46.5 9922s
 1209779 193206 infeasible   60        49.00000   44.00000  10.2%  46.5 9951s
 1212815 193448 infeasible   63        49.00000   44.00000  10.2%  46.5 9978s
 1215502 193858   44.00000   50   53   49.00000   44.00000  10.2%  46.5 10002s
 1218042 194177   44.00000   64   58   49.00000   44.00000  10.2%  46.5 10030s
 1220712 194576 infeasible   59        49.00000   44.00000  10.2%  46.5 10056s
 1223428 194899   44.00000   54   46   49.00000   44.00000  10.2%  46.5 10084s
 1226340 195280 infeasible   66        49.00000   44.00000  10.2%  46.5 10110s
 1228982 195632 infeasible   75        49.00000   44.00000  10.2%  46.5 10137s
 1231713 195908 infeasible   72        49.00000   44.00000  10.2%  46.5 10165s
 1234651 196222 infeasible   63        49.00000   44.00000  10.2%  46.5 10193s
 1237357 196514   47.00000   73   40   49.00000   44.00000  10.2%  46.5 10220s
 1240077 196710 infeasible   61        49.00000   44.00000  10.2%  46.5 10244s
 1242488 196978 infeasible   63        49.00000   44.00000  10.2%  46.5 10269s
 1245078 197346   46.00000   77   18   49.00000   44.00000  10.2%  46.5 10298s
 1248066 197633   44.00000   54   43   49.00000   44.00000  10.2%  46.5 10325s
 1250768 198064 infeasible   79        49.00000   44.00000  10.2%  46.5 10353s
 1253753 198319   45.00000   65   76   49.00000   44.00000  10.2%  46.5 10379s
 1256413 198598   44.00000   65   73   49.00000   44.00000  10.2%  46.5 10404s
 1258985 198961   47.00000   66   50   49.00000   44.00000  10.2%  46.5 10432s
 1261898 199142 infeasible   64        49.00000   44.00000  10.2%  46.5 10458s
 1264407 199409 infeasible   70        49.00000   44.00000  10.2%  46.5 10484s
 1267029 199704   47.00000   68   36   49.00000   44.00000  10.2%  46.5 10512s
 1269962 199892   44.00000   57   40   49.00000   44.00000  10.2%  46.5 10538s
 1272637 200046   46.00000   65   63   49.00000   44.00000  10.2%  46.5 10567s
 1275376 200143   44.00000   73   48   49.00000   44.00000  10.2%  46.5 10594s
 1277870 200423   47.00000   67   45   49.00000   44.00000  10.2%  46.5 10621s
 1280618 200780 infeasible   54        49.00000   44.00000  10.2%  46.5 10651s
 1283753 200976 infeasible   60        49.00000   44.00000  10.2%  46.5 10676s
 1286163 201165 infeasible   74        49.00000   44.00000  10.2%  46.5 10703s
 1288905 201502 infeasible   62        49.00000   44.00000  10.2%  46.5 10735s
 1292030 201843   44.00000   60   46   49.00000   44.00000  10.2%  46.5 10763s
 1294855 202135   44.00000   52   70   49.00000   44.00000  10.2%  46.5 10792s
 1297817 202159 infeasible   69        49.00000   44.00000  10.2%  46.5 10800s

Cutting planes:
  Learned: 6772
  Gomory: 19
  Cover: 43
  Implied bound: 11
  Clique: 8
  MIR: 212
  StrongCG: 6
  Flow cover: 610
  Inf proof: 1
  RLT: 117
  Relax-and-lift: 145
  BQP: 1

Explored 1298582 nodes (60370878 simplex iterations) in 10800.36 seconds (461.17 work units)
Thread count was 18 (of 36 available processors)

Solution count 10: 49 50 51 ... 59

Time limit reached
Best objective 4.900000000000e+01, best bound 4.400000000000e+01, gap 10.2041%
