
Gurobi 11.0.0 (win64) logging started Wed May  8 03:48:26 2024

Set parameter LogFile to value "./Results/StripPacking-CutHeurRuns/Logs/SU-110-StripPacking-25.log"
Set parameter TimeLimit to value 10800
Set parameter Cuts to value 1
Set parameter Presolve to value 1
Set parameter Heuristics to value 0
Set parameter LPWarmStart to value 2
Gurobi Optimizer version 11.0.0 build v11.0.0rc2 (win64 - Windows 10.0 (19045.2))

CPU model: Intel(R) Core(TM) i9-10980XE CPU @ 3.00GHz, instruction set [SSE2|AVX|AVX2|AVX512]
Thread count: 18 physical cores, 36 logical processors, using up to 18 threads

Optimize a model with 3925 rows, 1251 columns and 9650 nonzeros
Model fingerprint: 0x53faeb7f
Variable types: 51 continuous, 1200 integer (1200 binary)
Coefficient statistics:
  Matrix range     [1e+00, 1e+04]
  Objective range  [1e+00, 1e+00]
  Bounds range     [1e+00, 1e+04]
  RHS range        [1e+00, 1e+04]

Warning: Completing partial solution with 1200 unfixed non-continuous variables out of 1200
User MIP start produced solution with objective 102.2 (0.02s)
Loaded user MIP start with objective 102.2

Presolve removed 600 rows and 0 columns
Presolve time: 0.03s
Presolved: 3325 rows, 1251 columns, 8450 nonzeros
Variable types: 51 continuous, 1200 integer (1200 binary)

Root relaxation: objective 3.500000e+01, 690 iterations, 0.02 seconds (0.02 work units)

    Nodes    |    Current Node    |     Objective Bounds      |     Work
 Expl Unexpl |  Obj  Depth IntInf | Incumbent    BestBd   Gap | It/Node Time

     0     0   35.00000    0   92  102.20000   35.00000  65.8%     -    0s
     0     0   35.00000    0  214  102.20000   35.00000  65.8%     -    0s
     0     0   35.00000    0  190  102.20000   35.00000  65.8%     -    0s
     0     0   35.00000    0  119  102.20000   35.00000  65.8%     -    1s
     0     0   35.00000    0  180  102.20000   35.00000  65.8%     -    1s
     0     0   35.00000    0  104  102.20000   35.00000  65.8%     -    1s
     0     0   35.00000    0  130  102.20000   35.00000  65.8%     -    1s
     0     0   35.00000    0   88  102.20000   35.00000  65.8%     -    1s
     0     0   35.00000    0   87  102.20000   35.00000  65.8%     -    2s
     0     2   35.00000    0   81  102.20000   35.00000  65.8%     -    2s
  1056  2798   35.00000   43  171  102.20000   35.00000  65.8%  79.6    6s
* 2876  2798             196     102.0000000   35.00000  65.7%  45.3    6s
* 3302  3811             179     101.0000000   35.00000  65.3%  41.7    8s
* 4219  3738             182      99.0000000   35.00000  64.6%  36.6    8s
  4261  4307   35.00000    6  129   99.00000   35.00000  64.6%  36.6   10s
* 5051  4192             132      96.0000000   35.00000  63.5%  35.2   10s
  6099  4940   40.00000   24  241   96.00000   35.00000  63.5%  45.4   15s
* 7808  5710             163      95.0000000   35.00000  63.2%  45.0   16s
*10208  6709             165      94.0000000   35.00000  62.8%  39.5   18s
*10437  6436             168      93.0000000   35.00000  62.4%  39.6   19s
 10805  6964   58.00000   34  191   93.00000   35.00000  62.4%  39.9   20s
*13432  7169             141      92.0000000   35.00000  62.0%  37.7   24s
 13716  7856   35.59044   27  185   92.00000   35.00000  62.0%  38.2   25s
*15101  8024             125      91.0000000   35.00000  61.5%  37.5   27s
 15933  8642   50.00000   54  153   91.00000   35.00000  61.5%  37.0   30s
*17934  9077             189      90.0000000   35.00000  61.1%  35.6   32s
 19073 10518   83.00000  101   92   90.00000   35.00000  61.1%  35.1   35s
*19956 10099             142      89.0000000   35.00000  60.7%  34.8   36s
 21707 11750   35.01717   22  223   89.00000   35.00000  60.7%  34.1   40s
*22131 10924             132      88.0000000   35.00000  60.2%  34.1   40s
 22287 12360   57.00000   49  112   88.00000   35.00000  60.2%  34.1   45s
*24008 11812             168      87.0000000   35.00000  59.8%  33.2   45s
 26962 14357   36.05437   23  268   87.00000   35.00000  59.8%  33.4   50s
*27975 14119             124      86.0000000   35.00000  59.3%  33.1   51s
 29760 15611   35.02478   25  312   86.00000   35.00000  59.3%  32.9   56s
*29918 14586              92      85.0000000   35.00000  58.8%  33.0   56s
 32016 16140   35.00000   19  213   85.00000   35.00000  58.8%  32.7   60s
*32233 15049             106      84.0000000   35.00000  58.3%  32.7   60s
 32750 16209   53.00000   39  170   84.00000   35.00000  58.3%  32.8   65s
 35356 18193     cutoff   80        84.00000   35.00000  58.3%  32.3   70s
 38069 19684   81.00000   85   96   84.00000   35.00000  58.3%  31.9   75s
 39033 21200   58.00000   36  160   84.00000   35.00000  58.3%  31.9   81s
 41070 22291   57.00000   42  190   84.00000   35.00000  58.3%  31.6   85s
 43682 25077   82.00000  111  100   84.00000   35.00000  58.3%  31.7   94s
 43959 25077   83.00000  120   22   84.00000   35.00000  58.3%  31.7   95s
 46904 27351   83.00000   80   72   84.00000   35.00000  58.3%  31.6  105s
*49184 25545             122      83.0000000   35.00000  57.8%  31.4  109s
 50222 27719   35.00000   21  149   83.00000   35.00000  57.8%  31.5  115s
 53010 28896   48.00000   52  227   83.00000   35.00000  57.8%  31.7  121s
 54390 31075   73.41379   92   83   83.00000   35.00000  57.8%  31.7  132s
 57472 32966   39.00000   25  254   83.00000   35.00000  57.8%  31.2  137s
 59851 33803   70.00000   39  197   83.00000   35.00000  57.8%  31.4  141s
 60786 36146   63.00000   76  153   83.00000   35.00000  57.8%  31.6  148s
 64107 37126   35.06672   31  308   83.00000   35.00000  57.8%  31.1  154s
 65328 39191   35.01369   23  309   83.00000   35.00000  57.8%  31.2  161s
 68030 40265   69.00000   32  165   83.00000   35.00000  57.8%  31.1  170s
 69215 41873   80.00000   64  100   83.00000   35.00000  57.8%  31.1  176s
 71578 42767   44.00000   31  141   83.00000   35.00000  57.8%  30.8  183s
*72355 37419             150      82.0000000   35.00000  57.3%  30.8  183s
 72981 39000     cutoff  101        82.00000   35.00000  57.3%  30.7  190s
 75545 39761   35.00000   27  190   82.00000   35.00000  57.3%  30.6  198s
 76613 40698   79.00000   77   91   82.00000   35.00000  57.3%  30.8  201s
 77728 42897   69.00000   39  150   82.00000   35.00000  57.3%  31.1  208s
 80603 44426   35.19018   22  292   82.00000   35.00000  57.3%  31.0  218s
 82412 45496   68.00000   64  126   82.00000   35.00000  57.3%  31.2  224s
 83694 47759   74.00000   91   98   82.00000   35.00000  57.3%  31.3  231s
 86827 48721   44.00000   29  162   82.00000   35.00000  57.3%  31.0  237s
 88101 50761   80.00000   58  122   82.00000   35.00000  57.3%  31.1  246s
 90705 51738   35.26282   21  273   82.00000   35.00000  57.3%  31.1  252s
 91795 53790   54.00000   56  156   82.00000   35.00000  57.3%  31.1  259s
 94824 55446   79.00000   48  166   82.00000   35.00000  57.3%  30.9  270s
 97082 56272 infeasible  102        82.00000   35.00000  57.3%  30.8  277s
 98240 57706   81.00000   76   88   82.00000   35.00000  57.3%  30.8  284s
 100231 58581     cutoff  107        82.00000   35.00000  57.3%  30.8  290s
 101355 60364   81.00000   66  108   82.00000   35.00000  57.3%  30.9  297s
 103980 61440   79.00000  111  122   82.00000   35.00000  57.3%  30.8  303s
*105144 54628             157      81.0000000   35.00000  56.8%  30.8  303s
 105345 56149   78.00000   35  146   81.00000   35.00000  56.8%  30.9  315s
 107732 57057   35.50619   28  300   81.00000   35.00000  56.8%  30.8  323s
 108930 58335   80.00000   94   56   81.00000   35.00000  56.8%  30.9  331s
 110768 59330   35.29335   24  252   81.00000   35.00000  56.8%  31.0  338s
*111721 54004             125      80.0000000   35.00000  56.3%  31.0  338s
 112076 56867   35.68782   24  316   80.00000   35.00000  56.3%  31.0  349s
 112582 56867   58.00000   31  194   80.00000   35.00000  56.3%  31.0  350s
 116259 57746   68.00000   60  156   80.00000   35.00000  56.3%  31.0  361s
 117465 58793   72.00000   60  132   80.00000   35.00000  56.3%  31.1  370s
*118170 55082             125      79.0000000   35.00000  55.7%  31.1  370s
 118872 56826     cutoff  113        79.00000   35.00000  55.7%  31.1  378s
 121648 57714 infeasible   77        79.00000   35.00000  55.7%  31.2  390s
 122870 58761   35.15146   26  354   79.00000   35.00000  55.7%  31.3  400s
 124255 60992   78.00000   97   72   79.00000   35.00000  55.7%  31.4  415s
 127492 62065   71.00000   23  172   79.00000   35.00000  55.7%  31.3  424s
 128866 64156   75.00000   67  134   79.00000   35.00000  55.7%  31.4  432s
 131855 64972   68.00000   46  177   79.00000   35.00000  55.7%  31.5  439s
 132995 66057   55.00000   63  162   79.00000   35.00000  55.7%  31.6  447s
 134280 68930   75.00000  100  100   79.00000   35.00000  55.7%  31.6  468s
 138474 69751   44.00000   39  246   79.00000   35.00000  55.7%  31.5  477s
 139587 70628   51.00000   34  165   79.00000   35.00000  55.7%  31.7  486s
 140898 72799   35.43093   28  285   79.00000   35.00000  55.7%  31.8  496s
 143987 73672   46.00000   35  230   79.00000   35.00000  55.7%  31.7  504s
 145280 74809   75.00000   38  194   79.00000   35.00000  55.7%  31.8  514s
 146735 77093   78.00000   55  110   79.00000   35.00000  55.7%  31.9  524s
 148426 77093   55.00000   37  164   79.00000   35.00000  55.7%  31.9  525s
 149958 78140   68.00000   49  181   79.00000   35.00000  55.7%  31.8  534s
 151357 80007   47.00000   29  162   79.00000   35.00000  55.7%  31.9  552s
 153899 80973   78.00000   88  153   79.00000   35.00000  55.7%  31.8  562s
 155242 81814   76.00000   89   76   79.00000   35.00000  55.7%  31.9  570s
 156410 85934   44.00000   30  225   79.00000   35.00000  55.7%  32.0  587s
 162040 86825   54.00000   31  195   79.00000   35.00000  55.7%  31.9  596s
 163188 87724   58.00000   52  190   79.00000   35.00000  55.7%  32.0  607s
 164374 88669   67.00000   53  202   79.00000   35.00000  55.7%  32.0  615s
 165599 91213   51.00000   33  217   79.00000   35.00000  55.7%  32.2  626s
 169031 92295   48.00000   28  185   79.00000   35.00000  55.7%  32.1  639s
 170387 93158   77.00000   52   92   79.00000   35.00000  55.7%  32.2  648s
 171612 95558   51.00000   54  203   79.00000   35.00000  55.7%  32.4  658s
 174696 96663   35.39971   28  270   79.00000   35.00000  55.7%  32.4  671s
 176028 98899   67.00000   85  166   79.00000   35.00000  55.7%  32.5  681s
 179172 99720   36.00000   30  270   79.00000   35.00000  55.7%  32.4  691s
 180341 101387   42.00000   28  215   79.00000   35.00000  55.7%  32.5  714s
 182546 105160   35.11986   24  273   79.00000   35.00000  55.7%  32.6  731s
 187632 106146   77.00000   60  118   79.00000   35.00000  55.7%  32.5  741s
 189013 106971   75.00000   64  118   79.00000   35.00000  55.7%  32.6  757s
 190398 107681   77.00000   57   58   79.00000   35.00000  55.7%  32.7  768s
 191710 109328   51.00000   56  171   79.00000   35.00000  55.7%  32.9  784s
 193482 112120   35.37230   30  283   79.00000   35.00000  55.7%  33.0  797s
 197553 113115 infeasible   89        79.00000   35.00000  55.7%  32.8  808s
 199005 115299   35.41966   33  274   79.00000   35.00000  55.7%  32.9  830s
 202152 116092   46.00000   27  192   79.00000   35.00000  55.7%  32.8  837s
 203217 118329   35.85130   27  313   79.00000   35.00000  55.7%  33.0  855s
 206046 121459   77.00000  116   50   79.00000   35.00000  55.7%  33.1  871s
 210593 122537   69.00000   41  180   79.00000   35.00000  55.7%  33.0  884s
 212082 125004   70.00000   59  123   79.00000   35.00000  55.7%  33.0  901s
 215555 126082   35.13874   28  324   79.00000   35.00000  55.7%  32.9  913s
 216989 127099   35.02116   28  325   79.00000   35.00000  55.7%  33.0  923s
 218299 129297   78.00000  109   82   79.00000   35.00000  55.7%  33.1  944s
 219740 129297   78.00000   69   94   79.00000   35.00000  55.7%  33.0  945s
 221429 130275   44.00000   35  207   79.00000   35.00000  55.7%  33.0  956s
 222832 131301   53.00000   46  204   79.00000   35.00000  55.7%  33.0  969s
 224284 133075   41.00000   27  225   79.00000   35.00000  55.7%  33.1  978s
 226952 133881   35.00000   31  157   79.00000   35.00000  55.7%  33.0  988s
 228046 134786   36.22942   22  231   79.00000   35.00000  55.7%  33.0  999s
 229321 136918   36.14509   44  292   79.00000   35.00000  55.7%  33.1 1011s
 232232 137842   35.11564   28  249   79.00000   35.00000  55.7%  33.0 1025s
 233407 139004   62.00000   61  194   79.00000   35.00000  55.7%  33.1 1037s
 234855 141033   36.03693   41  302   79.00000   35.00000  55.7%  33.2 1055s
 237950 141845   35.00000   27  249   79.00000   35.00000  55.7%  33.1 1067s
 239280 142991   48.00000   40  187   79.00000   35.00000  55.7%  33.1 1078s
 240801 145177   78.00000   76   99   79.00000   35.00000  55.7%  33.2 1090s
 244207 146153   58.00000   43  197   79.00000   35.00000  55.7%  33.1 1100s
 245526 148311   35.72581   28  302   79.00000   35.00000  55.7%  33.1 1120s
 248504 149176 infeasible   96        79.00000   35.00000  55.7%  33.0 1130s
 249674 150735 infeasible  107        79.00000   35.00000  55.7%  33.1 1147s
 251846 153346   35.00000   25  199   79.00000   35.00000  55.7%  33.1 1164s
 255641 154428   71.00000   40  134   79.00000   35.00000  55.7%  33.1 1175s
 257108 155560   72.00000   46  142   79.00000   35.00000  55.7%  33.1 1194s
 257976 155560   35.34688   41  317   79.00000   35.00000  55.7%  33.2 1195s
 258681 156679   57.00000   47  219   79.00000   35.00000  55.7%  33.2 1206s
 260211 159154   75.00000   52   92   79.00000   35.00000  55.7%  33.3 1217s
 263712 160366   51.00000   33  210   79.00000   35.00000  55.7%  33.3 1235s
 265190 162581   78.00000   90  119   79.00000   35.00000  55.7%  33.3 1246s
 268441 163786 infeasible  105        79.00000   35.00000  55.7%  33.2 1258s
 269852 164607   52.00000   27  215   79.00000   35.00000  55.7%  33.2 1272s
 271175 165415   51.00000   27  203   79.00000   35.00000  55.7%  33.3 1283s
 272366 168418   35.00000   37  176   79.00000   35.00000  55.7%  33.3 1299s
 276527 169133 infeasible  121        79.00000   35.00000  55.7%  33.3 1312s
 277601 169939   41.00000   45  264   79.00000   35.00000  55.7%  33.3 1323s
 278793 171172 infeasible  106        79.00000   35.00000  55.7%  33.4 1337s
 280113 173597   78.00000   75  107   79.00000   35.00000  55.7%  33.4 1346s
 283714 174421 infeasible   87        79.00000   35.00000  55.7%  33.3 1357s
 284886 175228   35.39290   31  232   79.00000   35.00000  55.7%  33.3 1372s
*285538 148826             105      78.0000000   35.00000  55.1%  33.3 1372s
 286017 150432   48.00000   36  206   78.00000   35.00000  55.1%  33.4 1384s
 288580 151527   77.00000   51  164   78.00000   35.00000  55.1%  33.3 1395s
 289828 153339   77.00000   99  120   78.00000   35.00000  55.1%  33.4 1416s
 292687 154170   35.36663   37  177   78.00000   35.00000  55.1%  33.3 1428s
 293850 154967   75.00000   52  193   78.00000   35.00000  55.1%  33.3 1438s
 294975 156324   77.00000   63  122   78.00000   35.00000  55.1%  33.4 1456s
 296904 159329   44.00000   32  186   78.00000   35.00000  55.1%  33.5 1473s
 301493 160299   66.00000   58  164   78.00000   35.00000  55.1%  33.4 1487s
 302632 161112   62.00000   49  114   78.00000   35.00000  55.1%  33.4 1498s
 303985 161794   35.00000   31  226   78.00000   35.00000  55.1%  33.4 1513s
 305205 162651   40.00000   35  278   78.00000   35.00000  55.1%  33.5 1525s
 306461 164814   74.00000   64  102   78.00000   35.00000  55.1%  33.5 1544s
 309631 165600   35.00000   33  226   78.00000   35.00000  55.1%  33.4 1556s
 310803 166527   62.00000   39  189   78.00000   35.00000  55.1%  33.5 1569s
 312117 168412   71.00000   59  169   78.00000   35.00170  55.1%  33.5 1580s
 315167 169567   42.00000   35  250   78.00000   35.00435  55.1%  33.5 1596s
 316430 171385   47.00000   51  200   78.00000   35.00689  55.1%  33.5 1607s
 319197 172026   73.00000   58  182   78.00000   35.00689  55.1%  33.4 1615s
 320043 172772   36.57377   30  246   78.00000   35.00689  55.1%  33.4 1625s
 321009 174453   77.00000   88   68   78.00000   35.01146  55.1%  33.5 1645s
 323461 175160 infeasible   40        78.00000   35.01746  55.1%  33.4 1655s
 324445 175796   35.16275   22  337   78.00000   35.01886  55.1%  33.4 1665s
 325414 177666   35.27182   24  291   78.00000   35.02103  55.1%  33.4 1677s
 328070 178431 infeasible   86        78.00000   35.02401  55.1%  33.4 1689s
 329133 179240   35.83148   35  261   78.00000   35.02401  55.1%  33.4 1698s
 330204 181070   64.00000   70  112   78.00000   35.02401  55.1%  33.4 1706s
 332552 181858   65.00000   42  193   78.00000   35.02401  55.1%  33.4 1719s
 333588 182545   77.00000   61  137   78.00000   35.02613  55.1%  33.5 1729s
 334597 184293   49.00000   47  187   78.00000   35.02809  55.1%  33.6 1737s
 336965 185066   55.00000   27  214   78.00000   35.02933  55.1%  33.6 1752s
 338025 185865   77.00000   54  114   78.00000   35.02933  55.1%  33.6 1763s
 339218 186918   77.00000   64  136   78.00000   35.03085  55.1%  33.7 1779s
 340573 189418   44.00000   32  326   78.00000   35.03102  55.1%  33.7 1796s
 344294 190073   35.86611   20  229   78.00000   35.03952  55.1%  33.6 1804s
 345243 190820   69.00000   37  174   78.00000   35.04249  55.1%  33.6 1818s
 346255 191443   71.00000   44  212   78.00000   35.04249  55.1%  33.6 1829s
 347238 192236   56.00000   29  197   78.00000   35.04249  55.1%  33.6 1840s
 348468 194197   48.00000   48  195   78.00000   35.04263  55.1%  33.7 1862s
 351074 195061   58.00000   62  136   78.00000   35.04263  55.1%  33.7 1873s
 352292 195982   77.00000  105   58   78.00000   35.04263  55.1%  33.7 1885s
 353580 198102   77.00000   95  132   78.00000   35.04467  55.1%  33.7 1899s
 356735 198870   77.00000   81  118   78.00000   35.04467  55.1%  33.6 1909s
 357861 199634     cutoff   55        78.00000   35.05333  55.1%  33.6 1921s
 359032 201567   74.00000   62  124   78.00000   35.05863  55.1%  33.7 1935s
 362082 202351   47.00000   28  227   78.00000   35.05863  55.1%  33.6 1951s
 363222 203893   75.00000   57  139   78.00000   35.06273  55.0%  33.6 1968s
 365124 206897   75.00000   63  188   78.00000   35.06340  55.0%  33.7 1986s
 369402 207690   73.00000   69  160   78.00000   35.06580  55.0%  33.6 2001s
 370461 208945   48.00000   49  214   78.00000   35.06689  55.0%  33.6 2014s
 372250 209867   35.36660   38  235   78.00000   35.06718  55.0%  33.6 2026s
 373513 211552   73.00000   51  126   78.00000   35.06914  55.0%  33.6 2047s
 375839 212560 infeasible   94        78.00000   35.07114  55.0%  33.6 2059s
 377122 213423   62.00000   26  148   78.00000   35.07126  55.0%  33.6 2071s
 378422 215443   68.00000   51  146   78.00000   35.07254  55.0%  33.7 2086s
 381576 216264   48.00000   34  208   78.00000   35.07254  55.0%  33.6 2097s
 382718 217142   37.00000   37  199   78.00000   35.07258  55.0%  33.6 2114s
 383940 218473   76.00000   99  116   78.00000   35.07258  55.0%  33.6 2126s
 386089 219188   76.00000   89   58   78.00000   35.07258  55.0%  33.6 2137s
 387173 220018   72.00000   74   90   78.00000   35.07258  55.0%  33.6 2151s
 388431 221859   77.00000   79  104   78.00000   35.07258  55.0%  33.6 2175s
 391501 222649   76.00000   85  132   78.00000   35.07258  55.0%  33.5 2187s
 392657 223488 infeasible  104        78.00000   35.07258  55.0%  33.6 2197s
 393812 224563   70.00000   79  108   78.00000   35.07550  55.0%  33.6 2209s
 395130 226332   70.00000  103  109   78.00000   35.07566  55.0%  33.6 2222s
 397929 227453   75.00000   41  174   78.00000   35.07801  55.0%  33.6 2231s
 399139 229759   70.00000   75  107   78.00000   35.07803  55.0%  33.6 2244s
 402363 230509 infeasible  106        78.00000   35.07831  55.0%  33.5 2258s
 403309 231706   71.00000   57  187   78.00000   35.07831  55.0%  33.6 2268s
 404712 233580   74.00000  100  110   78.00000   35.08024  55.0%  33.6 2289s
 407576 234434 infeasible   62        78.00000   35.08079  55.0%  33.5 2301s
 408740 237111   77.00000  103   62   78.00000   35.08079  55.0%  33.5 2320s
 412747 237801   55.00000   49  195   78.00000   35.08079  55.0%  33.4 2331s
 413695 238521   70.00000   87  106   78.00000   35.08079  55.0%  33.5 2345s
 414711 239397   41.00000   49  233   78.00000   35.08408  55.0%  33.5 2357s
 415871 241412   72.00000   81  104   78.00000   35.08447  55.0%  33.5 2370s
 418814 242222   53.00000   40  206   78.00000   35.08739  55.0%  33.5 2386s
 419854 243299   42.00000   41  205   78.00000   35.08992  55.0%  33.5 2396s
 421111 245414   69.00000   79  116   78.00000   35.08992  55.0%  33.6 2410s
 424194 246145   61.00000   39  173   78.00000   35.09152  55.0%  33.5 2426s
 425249 247079   36.00000   42  287   78.00000   35.09152  55.0%  33.5 2438s
 426545 248839   35.51702   32  338   78.00000   35.09200  55.0%  33.5 2449s
 428895 249709   62.00000   33  181   78.00000   35.09200  55.0%  33.5 2466s
 430063 250508   77.00000   63  107   78.00000   35.09593  55.0%  33.5 2477s
 431159 253552   65.00000   58  164   78.00000   35.09593  55.0%  33.6 2498s
 435594 254238 infeasible   94        78.00000   35.09939  55.0%  33.5 2512s
 436545 254916 infeasible   78        78.00000   35.09993  55.0%  33.5 2524s
 437593 255656   77.00000   76  108   78.00000   35.10097  55.0%  33.5 2540s
 438674 256530   63.00000   53  207   78.00000   35.10198  55.0%  33.5 2553s
 439878 258610   77.00000   65   66   78.00000   35.10198  55.0%  33.5 2568s
 442988 259391   77.00000   82  136   78.00000   35.10198  55.0%  33.5 2585s
 444099 260060   70.00000   44  190   78.00000   35.10477  55.0%  33.5 2597s
 445193 260885   77.00000   40  122   78.00000   35.10513  55.0%  33.5 2609s
 446405 262788   40.00000   43  260   78.00000   35.10995  55.0%  33.6 2635s
 449097 263573   77.00000   66  122   78.00000   35.11231  55.0%  33.5 2649s
 450230 264549   77.00000   57  136   78.00000   35.11395  55.0%  33.5 2661s
 451542 266822   74.00000   87  163   78.00000   35.11395  55.0%  33.6 2676s
 454855 267669 infeasible   93        78.00000   35.11395  55.0%  33.5 2690s
 456034 268981   77.00000   99   66   78.00000   35.11395  55.0%  33.5 2709s
 457883 271714   54.00000   47  150   78.00000   35.11617  55.0%  33.5 2738s
 462151 272471   59.00000   54  165   78.00000   35.12032  55.0%  33.4 2751s
 463236 273465   73.00000   38  135   78.00000   35.12169  55.0%  33.4 2763s
 464495 274354   35.22274   32  262   78.00000   35.12169  55.0%  33.5 2775s
 465851 276398   35.27147   28  260   78.00000   35.12169  55.0%  33.5 2790s
 468973 277195     cutoff   56        78.00000   35.12169  55.0%  33.4 2803s
 470105 277950   36.01018   31  248   78.00000   35.12440  55.0%  33.4 2820s
 471222 278910   70.00000   45  212   78.00000   35.12440  55.0%  33.4 2834s
 472504 281111   75.00000   50  142   78.00000   35.12440  55.0%  33.5 2849s
 475296 281111   77.00000   53  110   78.00000   35.12949  55.0%  33.4 2850s
 475751 281939   39.00000   25  255   78.00000   35.12949  55.0%  33.4 2868s
 476887 282794   42.00000   34  266   78.00000   35.13256  55.0%  33.4 2881s
 478067 284181   35.13463   35  305   78.00000   35.13262  55.0%  33.4 2899s
 478329 284181   58.00000   38  170   78.00000   35.13262  55.0%  33.4 2900s
 480047 286203   76.00000   57  104   78.00000   35.13481  55.0%  33.5 2924s
 481116 286203   77.00000   62   93   78.00000   35.13481  55.0%  33.5 2925s
 482501 287221 infeasible   79        78.00000   35.13620  55.0%  33.5 2939s
 484036 288190   77.00000   66   78   78.00000   35.13664  55.0%  33.5 2955s
 485575 289354   67.00000   48  180   78.00000   35.13826  55.0%  33.5 2970s
 487143 291999   70.00000   54   98   78.00000   35.14025  54.9%  33.6 2987s
 491230 292910   35.29385   28  246   78.00000   35.14245  54.9%  33.5 3007s
 492456 294028   51.00000   33  219   78.00000   35.14706  54.9%  33.5 3020s
 493821 296306   73.00000   95  100   78.00000   35.14730  54.9%  33.5 3040s
 497194 297174   76.00000   61  182   78.00000   35.14730  54.9%  33.5 3055s
 498451 298136   72.00000   76  128   78.00000   35.15319  54.9%  33.5 3069s
 499770 300002   77.00000   90   96   78.00000   35.15596  54.9%  33.5 3095s
 502364 300572   73.00000   57  160   78.00000   35.15769  54.9%  33.4 3104s
 503194 301307   40.01429   28  242   78.00000   35.15789  54.9%  33.5 3115s
 504185 303124   40.00000   33  261   78.00000   35.16270  54.9%  33.5 3128s
 506886 303953   65.00000   55  193   78.00000   35.16486  54.9%  33.4 3138s
 507909 304722   35.33678   31  312   78.00000   35.16670  54.9%  33.4 3148s
 508950 306587   46.00000   44  203   78.00000   35.16670  54.9%  33.5 3161s
 511653 307366 infeasible  109        78.00000   35.16993  54.9%  33.4 3173s
 512714 308246   66.00000   68  170   78.00000   35.16993  54.9%  33.4 3189s
 513087 308246   77.00000  109   72   78.00000   35.16993  54.9%  33.4 3190s
 513781 309945   74.00000   94  128   78.00000   35.17165  54.9%  33.5 3201s
 516094 310637   48.00000   33  143   78.00000   35.17556  54.9%  33.4 3212s
 517144 311502   62.00000   32  166   78.00000   35.17571  54.9%  33.5 3230s
 518302 313123   69.00000   36  191   78.00000   35.17915  54.9%  33.5 3242s
 520778 314009   35.30868   33  266   78.00000   35.18044  54.9%  33.4 3255s
 522046 314781   50.00000   44  144   78.00000   35.18337  54.9%  33.5 3272s
 523113 317246   69.00000   49  175   78.00000   35.18520  54.9%  33.5 3294s
 526644 318012   75.00000   43  164   78.00000   35.18957  54.9%  33.4 3309s
 527698 318910   61.00000   52  166   78.00000   35.19026  54.9%  33.5 3323s
 529004 319932 infeasible   88        78.00000   35.19163  54.9%  33.5 3344s
 529573 319932   77.00000   76  114   78.00000   35.19310  54.9%  33.5 3345s
 530458 322284   77.00000   89   84   78.00000   35.19596  54.9%  33.5 3362s
 533871 323131   62.00000   45  190   78.00000   35.19967  54.9%  33.4 3375s
 535124 324208   69.00000   48  122   78.00000   35.20398  54.9%  33.5 3390s
 536527 326404   76.00000   74  142   78.00000   35.20481  54.9%  33.5 3421s
 539689 327300 infeasible   99        78.00000   35.20738  54.9%  33.4 3435s
 540906 328079   67.00000   36  162   78.00000   35.21062  54.9%  33.4 3448s
 542035 328827   36.06061   24  246   78.00000   35.21159  54.9%  33.4 3460s
 543084 331151   55.00000   33  191   78.00000   35.21322  54.9%  33.5 3473s
 546031 331898 infeasible   88        78.00000   35.21559  54.9%  33.5 3486s
 547085 333327   77.00000   83  124   78.00000   35.21559  54.9%  33.5 3506s
 549103 336229   47.00000   27  203   78.00000   35.21675  54.9%  33.5 3534s
 552594 336229   76.00000   74  104   78.00000   35.22160  54.8%  33.5 3535s
 553520 337042   77.00000   43  137   78.00000   35.22421  54.8%  33.4 3547s
 554616 338115   68.00000   40  175   78.00000   35.22846  54.8%  33.5 3560s
 555910 339126   37.00000   27  255   78.00000   35.22847  54.8%  33.5 3580s
 557292 341050   49.00000   50  231   78.00000   35.22988  54.8%  33.5 3595s
 560062 341915   41.00000   23  212   78.00000   35.23671  54.8%  33.5 3607s
 561302 342644   76.00000   49  159   78.00000   35.23674  54.8%  33.5 3622s
 562465 343911   59.00000   42  192   78.00000   35.23897  54.8%  33.5 3636s
 563914 345876   69.00000   88  120   78.00000   35.23912  54.8%  33.5 3666s
 567085 346883   44.00000   53  247   78.00000   35.24373  54.8%  33.5 3677s
 568324 348742   74.00000  103  124   78.00000   35.24406  54.8%  33.5 3692s
 571442 349319   67.00000   57  123   78.00000   35.25041  54.8%  33.4 3700s
 572182 349914   37.00000   43  288   78.00000   35.25199  54.8%  33.4 3708s
 573007 351179   69.00000   74  106   78.00000   35.25214  54.8%  33.4 3716s
 574734 352194   70.00000   45  110   78.00000   35.25532  54.8%  33.5 3726s
 575865 353932   70.00000   76  105   78.00000   35.25735  54.8%  33.5 3737s
 578411 354659   71.00000   49  149   78.00000   35.25735  54.8%  33.4 3749s
 579453 355417   58.00000   49  211   78.00000   35.25735  54.8%  33.4 3765s
 580430 357207   62.00000   45  176   78.00000   35.26634  54.8%  33.4 3778s
 583224 357895 infeasible  104        78.00000   35.27076  54.8%  33.4 3791s
 584232 358659   69.00000   61  190   78.00000   35.27581  54.8%  33.4 3807s
 585280 359714   77.00000   46  168   78.00000   35.27755  54.8%  33.4 3821s
 586729 360421 infeasible   71        78.00000   35.27967  54.8%  33.4 3834s
 587756 361352   77.00000   70   74   78.00000   35.28286  54.8%  33.4 3852s
 589044 363405   35.30232   30  369   78.00000   35.28594  54.8%  33.4 3866s
 592103 364211 infeasible   66        78.00000   35.28903  54.8%  33.4 3881s
 593231 365517 infeasible   92        78.00000   35.29204  54.8%  33.4 3911s
 595039 368769   73.00000   45  146   78.00000   35.29526  54.7%  33.4 3934s
 599617 369777   70.00000   72  119   78.00000   35.29889  54.7%  33.3 3946s
 600802 370617   37.00000   38  250   78.00000   35.30183  54.7%  33.3 3959s
 601995 371594   46.00000   43  232   78.00000   35.30486  54.7%  33.3 3977s
 603207 373644   73.00000   89  143   78.00000   35.31022  54.7%  33.4 3993s
 606302 374455   60.00000   49  164   78.00000   35.31512  54.7%  33.3 4007s
 607481 375183   75.00000   71  170   78.00000   35.31731  54.7%  33.3 4023s
 608574 376371   54.00000   41  160   78.00000   35.32378  54.7%  33.3 4036s
 609939 378184   63.00000   83  144   78.00000   35.32378  54.7%  33.4 4060s
 612595 379054 infeasible  105        78.00000   35.32734  54.7%  33.3 4073s
 613846 380883   56.00000   33  180   78.00000   35.32793  54.7%  33.3 4087s
 616611 381513   47.00000   33  225   78.00000   35.33342  54.7%  33.3 4097s
 617419 382280     cutoff   82        78.00000   35.33572  54.7%  33.3 4107s
 618446 383953   73.00000   52  104   78.00000   35.33761  54.7%  33.3 4121s
 620885 384611   75.00000   80  146   78.00000   35.34360  54.7%  33.3 4133s
 621839 385451   60.00000   40  164   78.00000   35.34732  54.7%  33.3 4144s
 622615 385451   54.00000   43  199   78.00000   35.34783  54.7%  33.3 4145s
 622923 386375   56.00000   35  209   78.00000   35.35108  54.7%  33.3 4164s
 624200 388319   47.00000   45  222   78.00000   35.35158  54.7%  33.3 4178s
 627075 389098   56.00000   38  191   78.00000   35.35789  54.7%  33.2 4191s
 628156 389939   50.00000   38  218   78.00000   35.36170  54.7%  33.3 4206s
 629355 390796   40.00000   32  303   78.00000   35.36667  54.7%  33.3 4219s
 630154 390796   38.00000   43  208   78.00000   35.36667  54.7%  33.3 4220s
 630494 392679   35.36667   25  281   78.00000   35.36667  54.7%  33.3 4245s
 633198 393545 infeasible   72        78.00000   35.36667  54.7%  33.3 4259s
 634388 394404     cutoff   66        78.00000   35.37696  54.6%  33.3 4272s
 635586 396249   40.00000   27  239   78.00000   35.37863  54.6%  33.3 4287s
 638319 396923 infeasible   86        78.00000   35.39017  54.6%  33.3 4295s
 639028 397839   69.00000   44  193   78.00000   35.39017  54.6%  33.3 4304s
 640120 398692   70.00000   58  200   78.00000   35.39017  54.6%  33.3 4317s
 641354 400292   74.00000   71  158   78.00000   35.39163  54.6%  33.3 4329s
 643942 401170   36.75104   39  248   78.00000   35.39575  54.6%  33.3 4345s
 645081 402032   77.00000   83   68   78.00000   35.39575  54.6%  33.3 4359s
 646347 402970   46.00000   50  227   78.00000   35.40095  54.6%  33.3 4372s
 647723 403784   58.00000   38  198   78.00000   35.40095  54.6%  33.3 4393s
 648909 405764   74.00000   35  126   78.00000   35.40095  54.6%  33.3 4409s
 651960 406621   57.00000   46  150   78.00000   35.41184  54.6%  33.3 4424s
 653196 407405   35.99136   35  236   78.00000   35.41966  54.6%  33.3 4440s
 654288 408678   44.00000   28  224   78.00000   35.42123  54.6%  33.3 4452s
 655731 410732   75.00000   46  133   78.00000   35.42123  54.6%  33.3 4464s
 659305 411603 infeasible   94        78.00000   35.42123  54.6%  33.2 4484s
 660529 414262   77.00000  101   74   78.00000   35.42843  54.6%  33.2 4504s
 664412 415167   45.00000   31  229   78.00000   35.44070  54.6%  33.2 4517s
 665480 415761   76.00000   77  163   78.00000   35.44070  54.6%  33.2 4533s
 666350 416506   77.00000   88   90   78.00000   35.44070  54.6%  33.2 4547s
 667574 417351 infeasible   75        78.00000   35.44864  54.6%  33.2 4567s
 668848 419716   43.00000   27  252   78.00000   35.45113  54.5%  33.2 4584s
 669987 419716   75.00000   55  100   78.00000   35.45228  54.5%  33.2 4585s
 672250 420505 infeasible  117        78.00000   35.45539  54.5%  33.1 4599s
 673425 421352 infeasible   97        78.00000   35.46327  54.5%  33.2 4617s
 674600 422389   77.00000   58   70   78.00000   35.46667  54.5%  33.2 4630s
 675924 424346   73.00000   56  136   78.00000   35.46667  54.5%  33.2 4644s
 678914 425205   72.00000   44  160   78.00000   35.47612  54.5%  33.1 4664s
 679386 425205   68.00000   52  186   78.00000   35.47628  54.5%  33.1 4665s
 680079 426093   75.00000   69  110   78.00000   35.48033  54.5%  33.2 4679s
 681099 426093   35.48640   31  291   78.00000   35.48198  54.5%  33.2 4680s
 681393 427989   77.00000   62  193   78.00000   35.48656  54.5%  33.2 4695s
 684122 428423   74.00000   47  184   78.00000   35.49687  54.5%  33.1 4708s
 684852 429251   70.00000   35  193   78.00000   35.49687  54.5%  33.1 4718s
 685832 429909   77.00000   65   82   78.00000   35.49746  54.5%  33.1 4730s
 686895 430779   35.59537   38  293   78.00000   35.50548  54.5%  33.2 4751s
 688153 432977   40.00000   41  264   78.00000   35.51646  54.5%  33.2 4768s
 691467 433787   36.16882   25  265   78.00000   35.52498  54.5%  33.1 4781s
 692533 434592 infeasible   85        78.00000   35.52498  54.5%  33.1 4801s
 693641 435422   46.00000   44  204   78.00000   35.52843  54.5%  33.1 4815s
 694846 436387   72.00000   40  171   78.00000   35.54129  54.4%  33.2 4830s
 696197 438457   71.00000   47  164   78.00000   35.54657  54.4%  33.2 4856s
 699243 439332   40.00000   30  240   78.00000   35.55352  54.4%  33.1 4871s
 700411 440226   54.00000   49  209   78.00000   35.56017  54.4%  33.1 4886s
 701703 442301   75.00000   51  108   78.00000   35.57227  54.4%  33.1 4903s
 704906 443144   62.00000   32  243   78.00000   35.57518  54.4%  33.1 4918s
 706103 444420   75.00000   49  148   78.00000   35.58471  54.4%  33.1 4948s
 707910 445706   69.00000   67  134   78.00000   35.58525  54.4%  33.1 4969s
 709452 445706   75.00000   86  103   78.00000   35.59547  54.4%  33.1 4970s
 709741 447918   77.00000   69  130   78.00000   35.59783  54.4%  33.1 4992s
 713390 448938   70.00000   42  180   78.00000   35.61407  54.3%  33.1 5014s
 714758 449929   77.00000   61   66   78.00000   35.61538  54.3%  33.1 5031s
 716359 451042   76.00000   99   94   78.00000   35.61538  54.3%  33.1 5047s
 717851 453272   66.00000   68  191   78.00000   35.63220  54.3%  33.1 5080s
 721089 454115   72.00000   65  136   78.00000   35.63470  54.3%  33.1 5097s
 722345 455068 infeasible   80        78.00000   35.64915  54.3%  33.1 5113s
 723739 456066   75.00000   50  149   78.00000   35.65367  54.3%  33.1 5131s
 725190 458451   77.00000   76   86   78.00000   35.65943  54.3%  33.1 5150s
 728660 459508   75.00000   52  112   78.00000   35.67386  54.3%  33.1 5165s
 729868 460741   77.00000   72  118   78.00000   35.67386  54.3%  33.1 5184s
 731725 463624   59.00000   34  182   78.00000   35.67647  54.3%  33.1 5209s
 736098 464296   46.00000   35  182   78.00000   35.71101  54.2%  33.0 5227s
 737044 465352   38.61111   40  223   78.00000   35.71101  54.2%  33.0 5238s
 738235 466156   77.00000   73  113   78.00000   35.72327  54.2%  33.0 5251s
 739410 467774   62.00000   50  194   78.00000   35.72364  54.2%  33.1 5281s
 742107 468606   65.00000   56  162   78.00000   35.73590  54.2%  33.0 5295s
 743242 469800   71.00000   30  186   78.00000   35.74901  54.2%  33.0 5309s
 744608 471633   77.00000   71  124   78.00000   35.74928  54.2%  33.1 5324s
 747471 472671   77.00000   68  158   78.00000   35.76692  54.1%  33.0 5337s
 748677 474524   77.00000  103  116   78.00000   35.76692  54.1%  33.0 5352s
 751419 475668   62.00000   53  168   78.00000   35.78392  54.1%  33.0 5364s
 752680 478180   47.00000   35  224   78.00000   35.78392  54.1%  33.0 5401s
 756342 478997   53.00000   53  206   78.00000   35.79736  54.1%  33.0 5413s
 757406 479744 infeasible   71        78.00000   35.79929  54.1%  33.0 5426s
 758519 480472   75.00000   87   86   78.00000   35.80000  54.1%  33.0 5440s
 759676 481477   36.00000   31  263   78.00000   35.80000  54.1%  33.0 5455s
 760964 483646   58.00000   61  122   78.00000   35.80000  54.1%  33.0 5473s
 764200 484563   66.00000   41  168   78.00000   35.81554  54.1%  33.0 5488s
 765399 485447   74.00000   67   86   78.00000   35.81707  54.1%  33.0 5502s
 766679 486197     cutoff   70        78.00000   35.82255  54.1%  33.0 5518s
 767943 487048   77.00000   62   74   78.00000   35.83525  54.1%  33.0 5541s
 769240 489303   40.00000   37  227   78.00000   35.85017  54.0%  33.0 5559s
 772373 490189 infeasible  100        78.00000   35.85017  54.0%  33.0 5576s
 773678 490960   73.00000   61  117   78.00000   35.88446  54.0%  33.0 5597s
 774859 492370   77.00000   76   74   78.00000   35.88488  54.0%  33.0 5619s
 776786 495312   77.00000   74   94   78.00000   35.89468  54.0%  33.0 5642s
 781249 496058   47.00000   25  216   78.00000   35.91864  54.0%  32.9 5662s
 782293 496893   77.00000   79   72   78.00000   35.92865  53.9%  33.0 5676s
 783481 497696   57.00000   39  249   78.00000   35.93783  53.9%  33.0 5698s
 784621 498561   75.00000   55  202   78.00000   35.93783  53.9%  33.0 5714s
 785898 499449     cutoff   67        78.00000   35.93783  53.9%  33.0 5730s
 787209 500383     cutoff   93        78.00000   35.99595  53.9%  33.0 5753s
 788540 502739   54.00000   27  211   78.00000   36.00000  53.8%  33.0 5774s
 792014 503748   72.00000   53  133   78.00000   36.00000  53.8%  33.0 5792s
 793460 504772   77.00000   80   68   78.00000   36.00000  53.8%  33.0 5819s
 794888 505870   74.00000  100   90   78.00000   36.00000  53.8%  33.0 5838s
 796460 506749   54.00000   56  159   78.00000   36.00000  53.8%  33.0 5854s
 797640 508404   74.00000  100   91   78.00000   36.00000  53.8%  33.0 5892s
 800086 509748   74.00000   47  124   78.00000   36.00000  53.8%  33.0 5917s
 802150 511249   36.00000   38  250   78.00000   36.00000  53.8%  33.1 5943s
 804301 514140   75.00000   70  109   78.00000   36.00000  53.8%  33.1 5964s
 808600 514909   76.00000   80  106   78.00000   36.00000  53.8%  33.0 5989s
 809890 516060   70.00000   43  176   78.00000   36.00000  53.8%  33.1 6007s
 811558 517180   72.00000   53  232   78.00000   36.00000  53.8%  33.1 6035s
 813061 518301   62.00000   56  165   78.00000   36.00000  53.8%  33.1 6056s
 814780 519448   66.00000  117  134   78.00000   36.00000  53.8%  33.1 6077s
 816501 520806   40.00000   41  276   78.00000   36.00000  53.8%  33.1 6107s
 818281 522368   76.00000   55  122   78.00000   36.00000  53.8%  33.2 6121s
 820669 523153   47.00000   47  220   78.00000   36.00000  53.8%  33.2 6133s
 821750 523976   37.00000   35  237   78.00000   36.00000  53.8%  33.2 6148s
 822970 525154   47.00000   42  180   78.00000   36.00000  53.8%  33.2 6174s
 824852 526024   75.00000   99   70   78.00000   36.00000  53.8%  33.2 6189s
 825129 526024   40.00000   45  246   78.00000   36.00000  53.8%  33.2 6190s
 826107 527418   75.00000   71  105   78.00000   36.00000  53.8%  33.2 6204s
 827769 529590   77.00000   73  132   78.00000   36.00000  53.8%  33.2 6223s
 831213 530427   62.00000   34  202   78.00000   36.00000  53.8%  33.1 6245s
 832423 531366   36.00000   46  281   78.00000   36.00000  53.8%  33.1 6262s
 833705 532392 infeasible   69        78.00000   36.00000  53.8%  33.2 6277s
 834985 534720   64.00000   60  152   78.00000   36.00000  53.8%  33.2 6311s
 838461 535431   75.00000   58  124   78.00000   36.00000  53.8%  33.1 6327s
 839596 536408   77.00000   70  150   78.00000   36.00000  53.8%  33.1 6343s
 840982 537266   76.00000   77  115   78.00000   36.00000  53.8%  33.1 6360s
 842197 538545   40.00000   42  260   78.00000   36.03632  53.8%  33.2 6382s
 844039 541568   62.00000   34  188   78.00000   36.05146  53.8%  33.2 6408s
 848491 542334 infeasible   97        78.00000   36.08434  53.7%  33.1 6424s
 849582 543179   77.00000   93   51   78.00000   36.10180  53.7%  33.1 6439s
 850737 544121   44.00000   30  217   78.00000   36.10990  53.7%  33.1 6462s
 851977 545063   55.00000   43  174   78.00000   36.12727  53.7%  33.1 6478s
 853337 547140   74.00000   71  118   78.00000   36.13589  53.7%  33.1 6497s
 856505 547949 infeasible   91        78.00000   36.16129  53.6%  33.1 6517s
 857670 548934     cutoff   51        78.00000   36.18182  53.6%  33.1 6532s
 859009 549841   77.00000   69   82   78.00000   36.19978  53.6%  33.1 6548s
 860339 551809   62.00000   37  152   78.00000   36.22449  53.6%  33.1 6579s
 863099 552672   54.00000   38  224   78.00000   36.24122  53.5%  33.1 6595s
 864365 554013   75.00000   68  120   78.00000   36.25466  53.5%  33.1 6617s
 866234 555324   77.00000   63  157   78.00000   36.28464  53.5%  33.1 6638s
 868097 558440   53.00000   56  135   78.00000   36.31429  53.4%  33.1 6663s
 872557 559232   52.00000   25  182   78.00000   36.32827  53.4%  33.0 6678s
 873724 560071     cutoff   72        78.00000   36.32827  53.4%  33.0 6701s
 874925 561043   77.00000   89   84   78.00000   36.37012  53.4%  33.0 6717s
 876248 561907 infeasible   94        78.00000   36.40623  53.3%  33.1 6735s
 877556 563957   75.00000   40  117   78.00000   36.41954  53.3%  33.1 6757s
 880704 564845   77.00000  109  102   78.00000   36.45665  53.3%  33.0 6773s
 881994 565815   74.00000  101  142   78.00000   36.50000  53.2%  33.0 6798s
 883332 566467 infeasible   77        78.00000   36.50981  53.2%  33.0 6814s
 884605 567437 infeasible   74        78.00000   36.52489  53.2%  33.0 6831s
 886017 569364   47.00000   28  239   78.00000   36.53830  53.2%  33.0 6848s
 888888 569912   55.00000   38  216   78.00000   36.56627  53.1%  33.0 6863s
 889694 570543   40.00000   34  243   78.00000   36.56627  53.1%  33.0 6875s
 890680 571211 infeasible   83        78.00000   36.56911  53.1%  33.0 6887s
 891690 571877   73.00000   44  194   78.00000   36.56911  53.1%  33.0 6906s
 892666 572814   73.00000   33  217   78.00000   36.59797  53.1%  33.0 6921s
 894002 575101   75.00000   60  110   78.00000   36.65801  53.0%  33.0 6940s
 897759 575931   37.00000   41  247   78.00000   36.68262  53.0%  33.0 6957s
 898754 576945   69.00000   61  167   78.00000   36.68262  53.0%  33.0 6969s
 900042 578789   66.00000  100  127   78.00000   36.68262  53.0%  33.0 6993s
 902874 579574   72.00000  109   91   78.00000   36.77232  52.9%  33.0 7007s
 904002 580440   37.00000   40  227   78.00000   36.79390  52.8%  33.0 7022s
 905243 581244   67.00000   64  118   78.00000   36.82291  52.8%  33.0 7037s
 906466 582185   77.00000   48  119   78.00000   36.82800  52.8%  33.0 7054s
 907812 584088     cutoff   67        78.00000   36.87353  52.7%  33.0 7086s
 910564 584698   73.00000   78   96   78.00000   36.93442  52.6%  32.9 7098s
 911469 585335   68.00000   70  153   78.00000   36.94499  52.6%  32.9 7110s
 912436 586037   69.00000   51  176   78.00000   36.97938  52.6%  32.9 7124s
 913448 587372   63.00000   33  159   78.00000   37.00000  52.6%  33.0 7145s
 915238 590242   77.00000   94   98   78.00000   37.00000  52.6%  33.0 7167s
 919442 591371 infeasible   69        78.00000   37.00000  52.6%  32.9 7189s
 921047 592502   47.00000   37  188   78.00000   37.00000  52.6%  32.9 7220s
 922757 593783   74.00000   69  112   78.00000   37.00000  52.6%  33.0 7244s
 924630 595372   69.00000   59  128   78.00000   37.00000  52.6%  33.0 7270s
 926846 598391   75.00000   62  119   78.00000   37.00000  52.6%  33.0 7325s
 931464 599597 infeasible   75        78.00000   37.00000  52.6%  32.9 7347s
 933179 601382   76.00000   59  176   78.00000   37.00000  52.6%  32.9 7379s
 935829 603233   50.00000   39  200   78.00000   37.00000  52.6%  33.0 7410s
 938268 605175   77.00000   53  107   78.00000   37.00000  52.6%  33.0 7445s
 941160 607657   77.00000   60   70   78.00000   37.00000  52.6%  33.0 7479s
 943324 607657   77.00000   82  130   78.00000   37.00000  52.6%  33.0 7480s
 944739 609522 infeasible  115        78.00000   37.00000  52.6%  33.0 7524s
 947295 613493   74.00000   61  116   78.00000   37.00000  52.6%  33.0 7555s
 953264 614871   75.00000   84  108   78.00000   37.00000  52.6%  33.0 7576s
 955092 616320     cutoff   73        78.00000   37.00000  52.6%  33.0 7610s
 957612 617809   77.00000   66  125   78.00000   37.00000  52.6%  33.0 7657s
 960174 619610     cutoff   76        78.00000   37.00000  52.6%  33.0 7689s
 962458 619610 infeasible   67        78.00000   37.00000  52.6%  33.0 7690s
 962744 621576   61.00000   40  121   78.00000   37.00000  52.6%  33.0 7724s
 964077 621576   67.00000   90  125   78.00000   37.00000  52.6%  33.1 7725s
 965602 623439   61.00000   46  164   78.00000   37.00000  52.6%  33.1 7771s
 968225 627667   76.00000   75   82   78.00000   37.00000  52.6%  33.1 7802s
 974741 629010 infeasible  103        78.00000   37.00000  52.6%  33.0 7829s
 976753 630189   77.00000  100   94   78.00000   37.00000  52.6%  33.0 7851s
 978444 632063   47.00000   41  205   78.00000   37.00000  52.6%  33.0 7898s
 981111 633938   67.00000   53  167   78.00000   37.00000  52.6%  33.0 7934s
 983494 633938   76.00000   90   99   78.00000   37.00000  52.6%  33.1 7935s
 983986 635696   58.00000   28  143   78.00000   37.00000  52.6%  33.1 7968s
 986682 639213   75.00000   47  137   78.00000   37.00000  52.6%  33.1 8025s
 991776 641036   44.00000   51  140   78.00000   37.00000  52.6%  33.0 8051s
 994137 642412 infeasible  131        78.00000   37.00000  52.6%  33.1 8079s
 996374 643900   74.00000   60  180   78.00000   37.00000  52.6%  33.1 8108s
 998604 645014   60.00000   57  196   78.00000   37.00000  52.6%  33.1 8131s
 1000314 646918   74.00000   68   90   78.00000   37.00000  52.6%  33.1 8165s
 1003127 650738   48.00000   48  215   78.00000   37.00000  52.6%  33.1 8196s
 1008816 651953   61.00000   45  132   78.00000   37.00000  52.6%  33.1 8228s
 1010540 653257   77.00000   85   99   78.00000   37.00000  52.6%  33.1 8251s
 1012410 654651   75.00000   93   90   78.00000   37.00000  52.6%  33.1 8279s
 1014418 656041   76.00000   57  114   78.00000   37.00000  52.6%  33.1 8317s
 1016533 657698   70.00000   45  160   78.00000   37.00000  52.6%  33.1 8346s
 1018864 659586   75.00000   49  176   78.00000   37.00000  52.6%  33.1 8372s
 1021230 662249   71.00000   71  132   78.00000   37.00000  52.6%  33.1 8403s
 1025807 662953   61.00000   61  198   78.00000   37.00000  52.6%  33.1 8418s
 1026812 663848   77.00000   66  166   78.00000   37.00000  52.6%  33.1 8434s
 1028073 664826   70.00000   88  142   78.00000   37.00000  52.6%  33.1 8450s
 1029405 667090   74.00000   84  158   78.00000   37.00000  52.6%  33.1 8481s
 1032965 668062 infeasible   70        78.00000   37.00000  52.6%  33.1 8500s
 1034409 669174   73.00000   51  144   78.00000   37.00000  52.6%  33.1 8520s
 1036051 670224   37.00000   35  280   78.00000   37.00000  52.6%  33.1 8542s
 1037756 671470   73.00000   53  189   78.00000   37.00000  52.6%  33.1 8573s
 1039598 672986   77.00000   78  137   78.00000   37.00000  52.6%  33.1 8598s
 1041730 674411   76.00000   67  100   78.00000   37.00000  52.6%  33.1 8624s
 1043767 676875   69.00000   54  193   78.00000   37.00000  52.6%  33.1 8667s
 1047376 677840   77.00000   85  138   78.00000   37.00000  52.6%  33.1 8685s
 1048711 679034   77.00000   80   84   78.00000   37.00000  52.6%  33.1 8706s
 1050408 680354   51.00000   44  194   78.00000   37.00000  52.6%  33.1 8729s
 1052246 681753     cutoff   86        78.00000   37.00000  52.6%  33.1 8754s
 1054305 684878   65.00000   40  165   78.00000   37.00000  52.6%  33.1 8782s
 1059127 686098   74.00000   50  169   78.00000   37.00000  52.6%  33.1 8812s
 1060833 687463   71.00000   80  137   78.00000   37.00000  52.6%  33.1 8836s
 1062743 688601   65.00000   50  140   78.00000   37.00000  52.6%  33.1 8871s
 1064465 690055   37.00000   45  236   78.00000   37.00000  52.6%  33.1 8898s
 1066590 691300   77.00000   68   92   78.00000   37.00000  52.6%  33.1 8921s
 1068309 694075   76.00000   55  182   78.00000   37.00000  52.6%  33.1 8978s
 1072230 695601   77.00000   72   78   78.00000   37.00000  52.6%  33.1 9007s
 1074446 697515     cutoff  100        78.00000   37.00000  52.6%  33.1 9036s
 1076858 700814   74.00000  102   90   78.00000   37.00000  52.6%  33.1 9063s
 1081493 702226   77.00000   85  114   78.00000   37.00000  52.6%  33.1 9086s
 1083445 703597   66.00000   55  175   78.00000   37.00000  52.6%  33.1 9112s
 1085382 705056   67.00000   43  189   78.00000   37.00000  52.6%  33.2 9152s
 1087510 706890   48.00000   36  194   78.00000   37.00000  52.6%  33.2 9181s
 1089876 709477   61.00000   49  134   78.00000   37.00000  52.6%  33.2 9204s
 1092578 709477   72.00000   57  185   78.00000   37.00000  52.6%  33.2 9205s
 1093358 710505   72.00000   66   98   78.00000   37.00000  52.6%  33.2 9230s
 1094726 711716 infeasible  103        78.00000   37.00000  52.6%  33.2 9252s
*1095434 591921             139      77.0000000   37.00000  51.9%  33.2 9252s
 1096530 592831   62.00000   60  156   77.00000   37.00000  51.9%  33.2 9276s
 1098293 594199   76.00000   95   46   77.00000   37.00000  51.9%  33.2 9311s
 1100161 597348   58.00000   53  112   77.00000   37.00000  51.9%  33.2 9337s
 1104946 598640   74.00000   34  132   77.00000   37.00000  51.9%  33.2 9363s
 1106761 599947   44.00000   54  180   77.00000   37.00000  51.9%  33.2 9400s
 1108670 601446     cutoff   71        77.00000   37.00000  51.9%  33.2 9423s
 1110778 602772   76.00000   86   66   77.00000   37.00000  51.9%  33.2 9450s
 1112843 603919   74.00000   54  116   77.00000   37.00000  51.9%  33.2 9484s
 1113307 603919 infeasible   63        77.00000   37.00000  51.9%  33.2 9485s
 1114505 607030     cutoff   83        77.00000   37.00000  51.9%  33.2 9520s
 1118949 608288   71.00000   61  117   77.00000   37.00000  51.9%  33.2 9552s
 1120829 609968   72.00000   53  118   77.00000   37.00000  51.9%  33.2 9577s
 1123061 611211   55.00000   36  195   77.00000   37.00000  51.9%  33.3 9617s
 1124957 612833 infeasible   78        77.00000   37.00000  51.9%  33.3 9648s
 1127346 616377   44.00000   35  225   77.00000   37.00000  51.9%  33.3 9680s
 1132692 617896 infeasible   83        77.00000   37.00000  51.9%  33.2 9714s
 1134284 617896 infeasible   50        77.00000   37.00000  51.9%  33.3 9715s
 1134600 619012   76.00000   86   74   77.00000   37.00000  51.9%  33.3 9737s
 1136396 620812   75.00000   79  113   77.00000   37.00000  51.9%  33.3 9770s
 1139009 622503   73.00000  101   86   77.00000   37.00000  51.9%  33.3 9820s
 1141561 624436   37.00000   35  221   77.00000   37.00000  51.9%  33.3 9855s
 1144282 628707   76.00000   97  104   77.00000   37.00000  51.9%  33.3 9890s
 1150955 629949   46.00000   34  209   77.00000   37.00000  51.9%  33.3 9926s
 1152792 631360   72.00000   65  116   77.00000   37.00000  51.9%  33.3 9952s
 1154754 632774   72.00000   49   96   77.00000   37.00000  51.9%  33.3 9990s
 1156775 633997     cutoff   62        77.00000   37.00000  51.9%  33.3 10014s
 1158234 633997   70.00000   61  164   77.00000   37.00000  51.9%  33.3 10015s
 1158573 635774     cutoff   58        77.00000   37.00000  51.9%  33.3 10049s
 1160334 635774   48.00000   49  230   77.00000   37.00000  51.9%  33.3 10050s
 1161184 637717 infeasible  103        77.00000   37.00000  51.9%  33.3 10099s
 1163819 640203   75.00000   85   92   77.00000   37.00000  51.9%  33.3 10135s
 1167455 641912 infeasible   77        77.00000   37.00000  51.9%  33.3 10168s
 1169888 643566   47.00000   38  222   77.00000   37.00000  51.9%  33.4 10216s
 1172286 647551   65.00000   42  162   77.00000   37.00000  51.9%  33.4 10250s
 1178278 648877   55.00000   25  135   77.00000   37.00000  51.9%  33.3 10278s
 1180356 650129   76.00000   73   90   77.00000   37.00000  51.9%  33.3 10312s
 1182123 652017   75.00000   44  104   77.00000   37.00000  51.9%  33.3 10348s
 1184900 653866   37.00000   37  230   77.00000   37.00000  51.9%  33.4 10383s
 1187548 655910 infeasible   92        77.00000   37.00000  51.9%  33.4 10433s
 1190241 660027   76.00000   76  102   77.00000   37.00000  51.9%  33.4 10468s
 1196503 661395   59.00000   54  158   77.00000   37.00000  51.9%  33.3 10495s
 1198279 662868   72.00000   60  114   77.00000   37.00000  51.9%  33.3 10537s
 1200373 664397   74.00000   75  110   77.00000   37.00000  51.9%  33.3 10564s
 1202224 664397   37.00000   34  210   77.00000   37.00000  51.9%  33.4 10565s
 1202587 665626   71.00000   64  146   77.00000   37.00000  51.9%  33.4 10586s
 1204249 667651   67.00000   67  142   77.00000   37.00000  51.9%  33.4 10621s
 1207173 671627   58.97959   50  186   77.00000   37.00000  51.9%  33.4 10693s
 1213064 672776 infeasible   82        77.00000   37.00000  51.9%  33.4 10719s
 1213858 672776   72.00000   67  122   77.00000   37.00000  51.9%  33.4 10720s
 1214799 674089   56.00000   36  122   77.00000   37.00000  51.9%  33.4 10744s
 1216591 675462   62.00000   30  148   77.00000   37.00000  51.9%  33.4 10771s
 1218547 676911   74.00000   60  129   77.00000   37.00000  51.9%  33.4 10800s

Cutting planes:
  Learned: 11621
  Gomory: 22
  Cover: 86
  Implied bound: 6
  MIR: 464
  StrongCG: 2
  Flow cover: 1285
  RLT: 417
  Relax-and-lift: 85

Explored 1220607 nodes (40793147 simplex iterations) in 10801.76 seconds (465.39 work units)
Thread count was 18 (of 36 available processors)

Solution count 10: 77 78 79 ... 86

Time limit reached
Best objective 7.700000000000e+01, best bound 3.700000000000e+01, gap 51.9481%
