
Gurobi 11.0.0 (win64) logging started Fri May  3 16:47:16 2024

Set parameter LogFile to value "./Results/StripPacking-CutHeurRuns/Logs/SU-111-StripPacking-15.log"
Set parameter TimeLimit to value 10800
Set parameter Cuts to value 1
Set parameter Presolve to value 1
Set parameter Heuristics to value 1
Set parameter LPWarmStart to value 2
Gurobi Optimizer version 11.0.0 build v11.0.0rc2 (win64 - Windows 10.0 (19045.2))

CPU model: Intel(R) Core(TM) i9-10980XE CPU @ 3.00GHz, instruction set [SSE2|AVX|AVX2|AVX512]
Thread count: 18 physical cores, 36 logical processors, using up to 18 threads

Optimize a model with 1380 rows, 451 columns and 3390 nonzeros
Model fingerprint: 0x5162acd9
Variable types: 31 continuous, 420 integer (420 binary)
Coefficient statistics:
  Matrix range     [1e+00, 1e+04]
  Objective range  [1e+00, 1e+00]
  Bounds range     [1e+00, 1e+04]
  RHS range        [1e+00, 1e+04]

Warning: Completing partial solution with 420 unfixed non-continuous variables out of 420
User MIP start produced solution with objective 71.5 (0.00s)
Loaded user MIP start with objective 71.5

Presolve removed 210 rows and 0 columns
Presolve time: 0.01s
Presolved: 1170 rows, 451 columns, 3542 nonzeros
Variable types: 31 continuous, 420 integer (420 binary)

Root relaxation: objective 3.300000e+01, 273 iterations, 0.00 seconds (0.00 work units)

    Nodes    |    Current Node    |     Objective Bounds      |     Work
 Expl Unexpl |  Obj  Depth IntInf | Incumbent    BestBd   Gap | It/Node Time

     0     0   33.00000    0   30   71.50000   33.00000  53.8%     -    0s
H    0     0                      71.0000000   33.00000  53.5%     -    0s
H    0     0                      70.0000000   33.00000  52.9%     -    0s
     0     0   33.00000    0   46   70.00000   33.00000  52.9%     -    0s
H    0     0                      63.0000000   33.00000  47.6%     -    0s
     0     0   33.00000    0   42   63.00000   33.00000  47.6%     -    0s
H    0     0                      61.0000000   33.00000  45.9%     -    0s
     0     0   33.00000    0   24   61.00000   33.00000  45.9%     -    0s
     0     0   33.00000    0   23   61.00000   33.00000  45.9%     -    0s
H    0     0                      60.0000000   33.00000  45.0%     -    0s
     0     0   33.00000    0   25   60.00000   33.00000  45.0%     -    0s
     0     0   33.00000    0   26   60.00000   33.00000  45.0%     -    0s
H    0     0                      57.0000000   33.00000  42.1%     -    0s
     0     0   33.00000    0   28   57.00000   33.00000  42.1%     -    0s
     0     0   33.00000    0   25   57.00000   33.00000  42.1%     -    0s
     0     0   33.00000    0   24   57.00000   33.00000  42.1%     -    0s
     0     0   33.00000    0   41   57.00000   33.00000  42.1%     -    0s
     0     0   33.00000    0   58   57.00000   33.00000  42.1%     -    0s
     0     0   33.00000    0   28   57.00000   33.00000  42.1%     -    0s
     0     0   33.00000    0   28   57.00000   33.00000  42.1%     -    0s
H    0     0                      55.0000000   33.00000  40.0%     -    0s
     0     2   33.00000    0   28   55.00000   33.00000  40.0%     -    0s
H  155   154                      54.0000000   33.00000  38.9%  18.9    0s
H  193   210                      53.0000000   33.00000  37.7%  18.7    1s
H  194   210                      52.0000000   33.00000  36.5%  18.6    1s
H  865   802                      52.0000000   33.00000  36.5%  15.4    3s
  1334  1025   43.00000   46   44   52.00000   33.00000  36.5%  13.7    5s
  3220  2034   33.00000   13   32   52.00000   33.00000  36.5%   1.9   10s
  3884  2436   33.00000   30   43   52.00000   33.00000  36.5%   8.4   15s
H 4187  2389                      51.0000000   33.00000  35.3%  10.7   16s
H 4475  2356                      50.0000000   33.00000  34.0%  12.3   16s
H 4751  2384                      50.0000000   33.00000  34.0%  13.9   17s
  5421  2355   46.00000   29   48   50.00000   33.00000  34.0%  17.2   20s
  7065  2284 infeasible   51        50.00000   33.00000  34.0%  22.3   26s
  8758  2685     cutoff   36        50.00000   33.00000  34.0%  25.5   31s
  9877  3304   47.00000   33   39   50.00000   33.00000  34.0%  27.5   36s
 12537  4153     cutoff   28        50.00000   33.00000  34.0%  29.7   42s
 14315  4820   42.00000   27   70   50.00000   33.00000  34.0%  30.5   46s
 17735  5844   33.34548   27   75   50.00000   33.00000  34.0%  33.0   51s
 18077  5890   34.33333   29   69   50.00000   33.00000  34.0%  33.3   58s
 18098  6163   44.00000   29   45   50.00000   33.00000  34.0%  33.3   60s
 19298  6426   46.00000   42   34   50.00000   33.00000  34.0%  33.6   65s
 19805  6435   33.00000   33   42   50.00000   33.00000  34.0%  33.9   70s
 20692  7072   33.56897   34   63   50.00000   33.00000  34.0%  33.9   76s
 21850  8213   47.00000   34   57   50.00000   33.00000  34.0%  34.4   80s
 27036  8765   44.00000   29   50   50.00000   33.00000  34.0%  35.2   87s
 27459 10025   44.00000   30   48   50.00000   33.00000  34.0%  35.2   91s
 30986 10238     cutoff   34        50.00000   33.00000  34.0%  35.6   95s
 34257 11197   46.00000   29   44   50.00000   33.00000  34.0%  36.1  103s
 34291 11574 infeasible   31        50.00000   33.00000  34.0%  36.1  105s
 35628 11812   48.00000   41   33   50.00000   33.00000  34.0%  36.2  110s
 39386 13208   35.23437   29   61   50.00000   33.00000  34.0%  36.6  118s
 40729 13967   44.00000   30   49   50.00000   33.00000  34.0%  36.7  123s
 43330 14056   44.00000   31   46   50.00000   33.00000  34.0%  36.8  126s
 43764 15577   44.00000   32   52   50.00000   33.00000  34.0%  36.8  132s
 49864 15930 infeasible   43        50.00000   33.00000  34.0%  37.0  138s
 51021 16645   48.00000   42   60   50.00000   33.00000  34.0%  37.0  141s
 53126 16655   39.00000   31   49   50.00000   33.00000  34.0%  36.9  147s
 53152 16751   44.00000   29   66   50.00000   33.00000  34.0%  36.9  150s
 53477 16909 infeasible   44        50.00000   33.00000  34.0%  37.0  157s
 53876 18590   33.00000   32   33   50.00000   33.00000  34.0%  37.0  169s
 59283 18603   47.00000   29   39   50.00000   33.00000  34.0%  37.2  175s
 59306 19481   44.00000   29   46   50.00000   33.00000  34.0%  37.3  181s
 62606 19488 infeasible   42        50.00000   33.00000  34.0%  37.4  189s
 62635 19647   48.00000   43   35   50.00000   33.00000  34.0%  37.4  193s
 63206 19698 infeasible   39        50.00000   33.00000  34.0%  37.5  199s
 63616 20277   48.00000   40   22   50.00000   33.00000  34.0%  37.5  204s
 65925 20700   46.00000   30   52   50.00000   33.00000  34.0%  37.4  211s
 67545 23627   47.00000   32   39   50.00000   33.00000  34.0%  37.4  246s
 78862 23637 infeasible   37        50.00000   33.00000  34.0%  37.2  259s
 78887 24241   49.00000   38   42   50.00000   33.00000  34.0%  37.2  266s
 80742 24462     cutoff   41        50.00000   33.02359  34.0%  37.1  272s
 81435 24768     cutoff   42        50.00000   33.02359  34.0%  37.1  279s
 82563 25143     cutoff   35        50.00000   33.10254  33.8%  37.0  285s
 84024 25424     cutoff   36        50.00000   33.10254  33.8%  37.0  292s
 85159 26218   47.00000   37   29   50.00000   33.18392  33.6%  37.1  304s
 88160 27554   49.00000   58   37   50.00000   33.34281  33.3%  37.0  328s
 94014 27797 infeasible   39        50.00000   33.36756  33.3%  36.9  335s
 94762 27977   34.03403   33   86   50.00000   33.36756  33.3%  36.9  342s
 95618 28413   34.39117   34   84   50.00000   33.36756  33.3%  36.9  351s
 97366 28419   34.58636   35   83   50.00000   33.36756  33.3%  36.9  362s
 97456 28643   41.00000   36   64   50.00000   33.57673  32.8%  36.9  369s
 98293 29236   47.00000   40   37   50.00000   34.08000  31.8%  36.8  377s
 101094 29351   44.00000   27   35   50.00000   35.00000  30.0%  36.7  388s
 101478 30862   44.00000   28   32   50.00000   35.00000  30.0%  36.7  425s
 108275 30921   48.00000   38   44   50.00000   37.00000  26.0%  36.6  436s
 108491 31445   48.00000   39   45   50.00000   37.00000  26.0%  36.6  440s
 110392 31461   47.00000   40   62   50.00000   38.00000  24.0%  36.4  454s
 110412 34084 infeasible   41        50.00000   38.00000  24.0%  36.4  539s
 118420 34084   48.00000   43   39   50.00000   38.00000  24.0%  36.1  540s
 128430 34100   49.00000   34   48   50.00000   41.00000  18.0%  35.7  548s
 128450 34400 infeasible   35        50.00000   41.00000  18.0%  35.7  558s
 130129 34495     cutoff   32        50.00000   41.00000  18.0%  35.7  572s
 130622 34877   41.00000   43   39   50.00000   41.00000  18.0%  35.7  587s
 132571 35178 infeasible   37        50.00000   41.00000  18.0%  35.7  604s
 134014 39071   41.00000   33   55   50.00000   41.00000  18.0%  35.7  749s
 139019 39071   41.00000   33   63   50.00000   41.00000  18.0%  35.7  750s
 151890 39076   47.00000   46   38   50.00000   41.00000  18.0%  35.6  773s
 151921 39634   47.00000   47   38   50.00000   41.00000  18.0%  35.6  785s
 153947 39645   41.00000   32   43   50.00000   41.00000  18.0%  35.5  796s
 153972 39865 infeasible   33        50.00000   41.00000  18.0%  35.5  806s
 155023 40245 infeasible   46        50.00000   41.00000  18.0%  35.6  829s
 156571 40245     cutoff   26        50.00000   41.00000  18.0%  35.6  830s
 157079 41752   44.00000   35   46   50.00000   41.00000  18.0%  35.6  901s
 165603 41860   42.00000   31   47   50.00000   41.00000  18.0%  35.6  914s
 166282 42101   41.00000   33   46   50.00000   41.00000  18.0%  35.6  926s
 167254 42508   41.00000   34   46   50.00000   41.00000  18.0%  35.5  950s
 169582 42517 infeasible   38        50.00000   41.00000  18.0%  35.5  965s
 169607 43003     cutoff   39        50.00000   42.00000  16.0%  35.5  984s
 172074 43343   46.00000   41   50   50.00000   42.00000  16.0%  35.5 1010s
 174400 43575   46.00000   42   53   50.00000   42.00000  16.0%  35.5 1032s
 175643 44983 infeasible   43        50.00000   42.00000  16.0%  35.5 1074s
 181699 45455   46.00000   42   38   50.00000   42.00000  16.0%  35.4 1098s
 184319 48160 infeasible   43        50.00000   42.00000  16.0%  35.4 1245s
 200334 48185   46.00000   33   32   50.00000   42.00000  16.0%  35.3 1261s
 200508 48671   46.00000   34   31   50.00000   42.00000  16.0%  35.4 1278s
 203224 48759 infeasible   39        50.00000   42.00000  16.0%  35.3 1293s
 203861 50398   47.00000   45   49   50.00000   42.00000  16.0%  35.3 1358s
 212362 50429   44.00000   29   48   50.00000   42.00000  16.0%  35.3 1369s
 212462 50595     cutoff   34        50.00000   42.00000  16.0%  35.3 1389s
 213421 50820   46.00000   41   58   50.00000   42.00000  16.0%  35.3 1411s
 214609 51194 infeasible   28        50.00000   42.00000  16.0%  35.3 1434s
 217050 51302   46.00000   43   31   50.00000   42.00000  16.0%  35.3 1448s
 217725 51954 infeasible   44        50.00000   42.00000  16.0%  35.3 1475s
 221015 51965   42.00000   38   45   50.00000   42.00000  16.0%  35.3 1490s
 221121 52304 infeasible   39        50.00000   42.00000  16.0%  35.3 1506s
 224217 52306   42.00000   32   57   50.00000   42.00000  16.0%  35.3 1526s
 224250 52716 infeasible   33        50.00000   42.00000  16.0%  35.3 1541s
 226594 52787   46.00000   38   43   50.00000   42.00000  16.0%  35.3 1553s
 226960 56176   47.00000   28   46   50.00000   42.00000  16.0%  35.3 1755s
 244978 56211   43.00000   36   50   50.00000   42.00000  16.0%  35.3 1776s
 245075 56393   45.00000   37   48   50.00000   42.00000  16.0%  35.3 1786s
 245551 56549 infeasible   57        50.00000   42.00000  16.0%  35.3 1797s
 246462 56571   49.00000   29   53   50.00000   42.00000  16.0%  35.3 1815s
 246620 56643   49.00000   30   53   50.00000   42.00000  16.0%  35.3 1842s
 246908 56729   49.00000   31   54   50.00000   42.00000  16.0%  35.3 1862s
 247538 56957   43.00000   37   64   50.00000   42.00000  16.0%  35.3 1873s
 248327 56984 infeasible   45        50.00000   43.00000  14.0%  35.3 1894s
 248499 58648 infeasible   44        50.00000   43.00000  14.0%  35.3 2032s
 259510 58648   46.00000   27   45   50.00000   43.00000  14.0%  35.2 2035s
 266517 58667   49.00000   40   44   50.00000   43.00000  14.0%  35.2 2051s
 266564 58843 infeasible   41        50.00000   43.00000  14.0%  35.2 2067s
 267121 59132 infeasible   37        50.00000   43.00000  14.0%  35.2 2088s
 268532 59234 infeasible   48        50.00000   43.00000  14.0%  35.2 2108s
 269153 59549 infeasible   37        50.00000   43.00000  14.0%  35.2 2137s
 270113 61892   44.00000   44   34   50.00000   44.00000  12.0%  35.2 2229s
 276129 61892   45.00000   41   42   50.00000   44.00000  12.0%  35.1 2230s
 281727 61890 infeasible   36        50.00000   44.00000  12.0%  35.1 2246s
 281765 62026   44.00000   34   31   50.00000   44.00000  12.0%  35.1 2267s
 282554 62197     cutoff   42        50.00000   44.00000  12.0%  35.1 2294s
 283672 62387   44.00000   39   50   50.00000   44.00000  12.0%  35.1 2326s
 284901 62399 infeasible   45        50.00000   44.00000  12.0%  35.1 2347s
 284980 62490   49.00000   45   28   50.00000   44.00000  12.0%  35.1 2365s
 285378 62859 infeasible   46        50.00000   44.00000  12.0%  35.1 2404s
 287528 62859     cutoff   42        50.00000   44.00000  12.0%  35.0 2405s
 287990 62859 infeasible   39        50.00000   44.00000  12.0%  35.0 2418s
 288026 62944     cutoff   38        50.00000   44.00000  12.0%  35.0 2436s
 289854 63242   49.00000   44   50   50.00000   44.00000  12.0%  35.0 2466s
 291486 63335   49.00000   45   34   50.00000   44.00000  12.0%  35.0 2504s
 293076 63990   44.00000   45   44   50.00000   44.00000  12.0%  35.0 2577s
 298908 64346   44.00000   36   65   50.00000   44.00000  12.0%  35.0 2604s
 301332 64560   47.00000   41   36   50.00000   44.00000  12.0%  35.0 2624s
 302337 65314 infeasible   42        50.00000   44.00000  12.0%  35.0 2685s
 308794 65319   44.00000   40   68   50.00000   44.00000  12.0%  35.0 2720s
 308837 65822   44.00000   41   66   50.00000   44.00000  12.0%  35.0 2740s
 310958 65867   45.00000   48   49   50.00000   44.00000  12.0%  34.9 2757s
 311382 65984 infeasible   34        50.00000   44.00000  12.0%  34.9 2796s
 313569 66118   47.00000   27   44   50.00000   44.00000  12.0%  34.9 2824s
 314462 66399   44.00000   33   23   50.00000   44.00000  12.0%  34.9 2867s
 318697 66414 infeasible   48        50.00000   44.00000  12.0%  34.9 2886s
 318744 68403 infeasible   49        50.00000   44.00000  12.0%  34.9 3082s
 333759 68403 infeasible   42        50.00000   44.00000  12.0%  35.0 3086s
 336762 68421 infeasible   41        50.00000   44.00000  12.0%  35.0 3110s
 336947 68539   46.00000   43   46   50.00000   44.00000  12.0%  35.0 3137s
 337985 68545 infeasible   30        50.00000   44.00000  12.0%  35.0 3165s
 338015 68572   44.00000   32   63   50.00000   44.00000  12.0%  35.0 3196s
 338694 68556   49.00000   36   24   50.00000   44.00000  12.0%  35.0 3222s
 339254 68761 infeasible   32        50.00000   44.00000  12.0%  35.0 3251s
 340396 68767 infeasible   56        50.00000   44.00000  12.0%  34.9 3279s
 340983 69877   46.00000   39   40   50.00000   44.00000  12.0%  34.9 3533s
 359001 69946   44.00000   38   37   50.00000   44.00000  12.0%  34.8 3558s
 359325 70035   44.00000   39   34   50.00000   44.00000  12.0%  34.8 3582s
 359561 70161   44.00000   40   57   50.00000   44.00000  12.0%  34.7 3609s
 360239 70955   44.00000   41   61   50.00000   44.00000  12.0%  34.7 3655s
 364306 71572   44.00000   34   36   50.00000   44.00000  12.0%  34.7 3714s
 368639 72504   49.00000   38   47   50.00000   44.00000  12.0%  34.7 3802s
 375757 72763     cutoff   33        50.00000   44.00000  12.0%  34.7 3839s
 377370 72769     cutoff   34        50.00000   44.00000  12.0%  34.7 3860s
 377418 73788   46.00000   33   62   50.00000   44.00000  12.0%  34.7 3936s
 385238 73828 infeasible   51        50.00000   44.00000  12.0%  34.6 3964s
 385502 74305   47.00000   52   36   50.00000   44.00000  12.0%  34.6 4006s
 389074 74490   47.00000   53   28   50.00000   44.00000  12.0%  34.6 4058s
 390618 76483 infeasible   52        50.00000   44.00000  12.0%  34.6 4258s
 408636 76477 infeasible   39        50.00000   44.00000  12.0%  34.6 4308s
 408706 76780   49.00000   39   33   50.00000   44.00000  12.0%  34.6 4337s
 410746 76906 infeasible   41        50.00000   44.00000  12.0%  34.6 4388s
 411952 79106   46.00000   43   41   50.00000   44.00000  12.0%  34.7 4602s
 428969 79106 infeasible   41        50.00000   44.00000  12.0%  34.7 4607s
 429970 79122 infeasible   48        50.00000   44.00000  12.0%  34.7 4648s
 430096 79173 infeasible   38        50.00000   44.00000  12.0%  34.7 4672s
 430379 79260 infeasible   43        50.00000   44.00000  12.0%  34.7 4699s
 430881 79462   44.00000   36   47   50.00000   44.00000  12.0%  34.7 4738s
 432363 79620   49.00000   51   39   50.00000   44.00000  12.0%  34.7 4771s
 433457 79651   44.00000   39   55   50.00000   44.00000  12.0%  34.7 4809s
 433672 80849 infeasible   41        50.00000   44.00000  12.0%  34.7 5053s
 448687 80849 infeasible   44        50.00000   44.00000  12.0%  34.6 5058s
 451690 81080 infeasible   42        50.00000   44.00000  12.0%  34.6 5096s
 453334 81470     cutoff   40        50.00000   44.00000  12.0%  34.6 5143s
 455938 81875   49.00000   37   30   50.00000   44.00000  12.0%  34.6 5187s
 458889 83808   46.00000   53   32   50.00000   44.00000  12.0%  34.6 5353s
 471812 83808   44.00000   49   47   50.00000   44.00000  12.0%  34.6 5357s
 473587 83835   46.00000   41   42   50.00000   44.00000  12.0%  34.6 5406s
 473712 83996   46.00000   42   40   50.00000   44.00000  12.0%  34.6 5435s
 475216 84116     cutoff   36        50.00000   44.00000  12.0%  34.6 5474s
 475243 84116     cutoff   37        50.00000   44.00000  12.0%  34.6 5475s
 476168 84178   44.00000   43   50   50.00000   44.00000  12.0%  34.6 5506s
 476773 84392 infeasible   42        50.00000   44.00000  12.0%  34.6 5538s
 478992 84385   44.00000   40   70   50.00000   44.00000  12.0%  34.6 5603s
 479035 86474   44.00000   41   74   50.00000   44.00000  12.0%  34.6 5843s
 490046 86474   44.00000   42   64   50.00000   44.00000  12.0%  34.6 5846s
 497053 86499 infeasible   53        50.00000   44.00000  12.0%  34.7 5880s
 497358 86594   46.00000   54   48   50.00000   44.00000  12.0%  34.7 5927s
 498228 86718   49.00000   46   30   50.00000   44.00000  12.0%  34.7 5961s
 499391 86862   47.00000   44   36   50.00000   44.00000  12.0%  34.7 6003s
 500263 87020   47.00000   45   26   50.00000   44.00000  12.0%  34.7 6042s
 501514 87541 infeasible   46        50.00000   44.00000  12.0%  34.7 6132s
 506212 88080 infeasible   46        50.00000   44.00000  12.0%  34.7 6194s
 510658 88126   47.00000   47   38   50.00000   44.00000  12.0%  34.7 6248s
 511135 88202 infeasible   48        50.00000   44.00000  12.0%  34.7 6279s
 511337 88559   47.00000   50   32   50.00000   44.00000  12.0%  34.7 6334s
 513076 89185   49.00000   44   36   50.00000   44.00000  12.0%  34.7 6419s
 513721 89185 infeasible   40        50.00000   44.00000  12.0%  34.7 6420s
 519457 89197   44.00000   34   42   50.00000   44.00000  12.0%  34.7 6458s
 519481 89360   44.00000   35   44   50.00000   44.00000  12.0%  34.7 6503s
 523361 89616 infeasible   38        50.00000   44.00000  12.0%  34.7 6576s
 525443 91732 infeasible   37        50.00000   44.00000  12.0%  34.7 6777s
 535720 91732   44.00000   29   58   50.00000   44.00000  12.0%  34.7 6780s
 540760 91763 infeasible   52        50.00000   44.00000  12.0%  34.7 6817s
 541152 91783   44.00000   34   55   50.00000   44.00000  12.0%  34.7 6847s
 541244 91794   44.00000   35   58   50.00000   44.00000  12.0%  34.7 6872s
 541576 91984   44.00000   36   47   50.00000   44.00000  12.0%  34.7 6903s
 543713 92191   49.00000   32   36   50.00000   44.00000  12.0%  34.7 6949s
 545183 92413   47.00000   37   23   50.00000   44.00000  12.0%  34.7 7029s
 549885 92676   44.00000   43   34   50.00000   44.00000  12.0%  34.7 7076s
 551750 93418   44.00000   44   36   50.00000   44.00000  12.0%  34.7 7174s
 558408 93505   47.00000   37   32   50.00000   44.00000  12.0%  34.7 7214s
 559138 94117   47.00000   38   32   50.00000   44.00000  12.0%  34.7 7267s
 562009 94098 infeasible   40        50.00000   44.00000  12.0%  34.6 7300s
 562114 94290 infeasible   36        50.00000   44.00000  12.0%  34.6 7334s
 565412 94443     cutoff   37        50.00000   44.00000  12.0%  34.6 7375s
 566183 94643   44.00000   28   40   50.00000   44.00000  12.0%  34.6 7440s
 570109 94796   48.00000   33   28   50.00000   44.00000  12.0%  34.6 7501s
 572723 95957 infeasible   34        50.00000   44.00000  12.0%  34.6 7645s
*579711 70754              44      49.0000000   44.00000  10.2%  34.6 7646s
 583120 70385   48.00000   33   35   49.00000   44.00000  10.2%  34.6 7681s
 584075 70411 infeasible   39        49.00000   44.00000  10.2%  34.6 7722s
 585176 70160 infeasible   43        49.00000   44.00000  10.2%  34.7 7773s
 587985 70182 infeasible   35        49.00000   44.00000  10.2%  34.7 7812s
 588391 70099   47.00000   35   46   49.00000   44.00000  10.2%  34.7 7856s
 590555 70260 infeasible   33        49.00000   44.00000  10.2%  34.7 7913s
 594838 70261   47.00000   30   28   49.00000   44.00000  10.2%  34.7 7918s
 594990 70377   44.00000   31   22   49.00000   44.00000  10.2%  34.7 7922s
 595159 70489   44.00000   36   39   49.00000   44.00000  10.2%  34.7 7926s
 595236 70532   44.00000   38   30   49.00000   44.00000  10.2%  34.7 7930s
 595442 70616   44.00000   42   70   49.00000   44.00000  10.2%  34.7 7936s
 595559 70639   44.00000   44   54   49.00000   44.00000  10.2%  34.7 7940s
 596075 70757   46.00000   54   51   49.00000   44.00000  10.2%  34.7 7946s
 596706 70848   44.00000   34   48   49.00000   44.00000  10.2%  34.7 7951s
 597558 70958   45.00000   56   24   49.00000   44.00000  10.2%  34.7 7957s
 598008 71126   47.00000   66   45   49.00000   44.00000  10.2%  34.7 7960s
 599061 71185   47.00000   56   48   49.00000   44.00000  10.2%  34.8 7967s
 599415 71339 infeasible   58        49.00000   44.00000  10.2%  34.8 7970s
 601024 71339 infeasible   48        49.00000   44.00000  10.2%  34.8 7975s
 601121 71329   44.00000   48   68   49.00000   44.00000  10.2%  34.8 7980s
 602149 71854   46.00000   50   45   49.00000   44.00000  10.2%  34.8 7986s
 603494 72410   46.00000   50   55   49.00000   44.00000  10.2%  34.9 7991s
 605480 72075   44.00000   46   81   49.00000   44.00000  10.2%  34.9 7997s
 606394 72005   46.00000   53   46   49.00000   44.00000  10.2%  34.9 8001s
 607050 72154   44.00000   45   54   49.00000   44.00000  10.2%  34.9 8006s
 608024 71885   44.00000   45   54   49.00000   44.00000  10.2%  34.9 8010s
 609091 72074 infeasible   46        49.00000   44.00000  10.2%  35.0 8017s
 609852 72175   44.00000   40   47   49.00000   44.00000  10.2%  35.0 8021s
 612697 71611 infeasible   51        49.00000   44.00000  10.2%  35.1 8028s
 612722 71731   44.00000   45   54   49.00000   44.00000  10.2%  35.1 8031s
 613576 71573 infeasible   46        49.00000   44.00000  10.2%  35.1 8035s
 614289 71598   44.00000   47   46   49.00000   44.00000  10.2%  35.1 8040s
 616659 71101   46.00000   46   42   49.00000   44.00000  10.2%  35.1 8052s
 616696 72125   45.00000   44   63   49.00000   44.00000  10.2%  35.1 8057s
 621070 70718   44.00000   36   38   49.00000   44.00000  10.2%  35.2 8066s
 621213 71301   44.00000   37   59   49.00000   44.00000  10.2%  35.2 8073s
 623109 70744 infeasible   51        49.00000   44.00000  10.2%  35.2 8078s
 623332 71763   44.00000   48   55   49.00000   44.00000  10.2%  35.2 8089s
 626533 70722   48.00000   59   44   49.00000   44.00000  10.2%  35.2 8094s
 626634 71427   48.00000   60   46   49.00000   44.00000  10.2%  35.2 8102s
 629348 70533   47.00000   42   36   49.00000   44.00000  10.2%  35.3 8107s
 629369 70907   47.00000   43   42   49.00000   44.00000  10.2%  35.3 8112s
 631085 70342 infeasible   43        49.00000   44.00000  10.2%  35.3 8118s
 631121 70554   44.00000   38   57   49.00000   44.00000  10.2%  35.3 8121s
 631923 70304   47.00000   46   35   49.00000   44.00000  10.2%  35.3 8126s
 632212 70527   47.00000   54   27   49.00000   44.00000  10.2%  35.3 8130s
 633854 70204   44.00000   63   62   49.00000   44.00000  10.2%  35.3 8135s
 634811 70075   44.00000   57   51   49.00000   44.00000  10.2%  35.4 8140s
 636594 70322 infeasible   57        49.00000   44.00000  10.2%  35.4 8149s
 638819 70873   44.00000   51   51   49.00000   44.00000  10.2%  35.4 8168s
 643918 69155   48.00000   53   41   49.00000   44.00000  10.2%  35.5 8173s
 644122 69292   44.00000   53   62   49.00000   44.00000  10.2%  35.5 8181s
 645048 69394   47.00000   54   60   49.00000   44.00000  10.2%  35.5 8187s
 647743 68647   44.00000   52   58   49.00000   44.00000  10.2%  35.5 8193s
 648364 70195   44.00000   53   53   49.00000   44.00000  10.2%  35.5 8220s
 656242 67802   44.00000   50   64   49.00000   44.00000  10.2%  35.6 8226s
 657193 67845   46.00000   54   73   49.00000   44.00000  10.2%  35.7 8235s
 659278 67751 infeasible   43        49.00000   44.00000  10.2%  35.7 8247s
 662731 66717 infeasible   43        49.00000   44.00000  10.2%  35.8 8254s
 663508 68093 infeasible   51        49.00000   44.00000  10.2%  35.8 8313s
 675478 64495 infeasible   61        49.00000   44.00000  10.2%  35.9 8324s
 678251 63873   44.00000   48   44   49.00000   44.00000  10.2%  35.9 8338s
 680641 63570 infeasible   41        49.00000   44.00000  10.2%  36.0 8353s
 683816 62809 infeasible   55        49.00000   44.00000  10.2%  36.0 8372s
 686353 62893 infeasible   52        49.00000   44.00000  10.2%  36.1 8407s
 692151 61120   44.00000   45   80   49.00000   44.00000  10.2%  36.2 8419s
 692860 61582   44.00000   46   71   49.00000   44.00000  10.2%  36.2 8435s
 697291 60107   44.00000   54   51   49.00000   44.00000  10.2%  36.3 8443s
 697320 60431 infeasible   55        49.00000   44.00000  10.2%  36.3 8459s
 700079 59788 infeasible   53        49.00000   44.00000  10.2%  36.3 8468s
 702097 59130   44.00000   53   58   49.00000   44.00000  10.2%  36.3 8478s
 702446 59030   46.00000   45   42   49.00000   44.00000  10.2%  36.4 8486s
 702517 59480 infeasible   41        49.00000   44.00000  10.2%  36.4 8504s
 705982 58464 infeasible   51        49.00000   44.00000  10.2%  36.4 8514s
 707060 58282   48.00000   59   48   49.00000   44.00000  10.2%  36.4 8525s
 708602 58242 infeasible   52        49.00000   44.00000  10.2%  36.5 8555s
 716905 55474   44.00000   50   70   49.00000   44.00000  10.2%  36.5 8565s
 716934 55713 infeasible   51        49.00000   44.00000  10.2%  36.5 8574s
 719062 55073 infeasible   54        49.00000   44.00000  10.2%  36.6 8588s
 719560 55240   44.00000   50   51   49.00000   44.00000  10.2%  36.6 8601s
 721077 55058   46.00000   69   29   49.00000   44.00000  10.2%  36.6 8616s
 723612 54210 infeasible   70        49.00000   44.00000  10.2%  36.6 8634s
 723653 54250 infeasible   71        49.00000   44.00000  10.2%  36.6 8643s
 725992 53556   46.00000   43   41   49.00000   44.00000  10.2%  36.6 8655s
 726306 53888   47.00000   44   31   49.00000   44.00000  10.2%  36.6 8665s
 729085 53000   44.00000   52   50   49.00000   44.00000  10.2%  36.6 8676s
 729310 53249 infeasible   53        49.00000   44.00000  10.2%  36.6 8699s
 732462 52383 infeasible   50        49.00000   44.00000  10.2%  36.7 8710s
 733995 52961 infeasible   49        49.00000   44.00000  10.2%  36.7 8772s
 744881 49365   47.00000   51   47   49.00000   44.00000  10.2%  36.8 8781s
 745208 49281   47.00000   52   47   49.00000   44.00000  10.2%  36.8 8789s
 745321 49268   44.00000   53   48   49.00000   44.00000  10.2%  36.8 8798s
 745604 49381     cutoff   54        49.00000   44.00000  10.2%  36.8 8812s
 747475 48971 infeasible   47        49.00000   44.00000  10.2%  36.8 8825s
 748580 48728   45.00000   58   45   49.00000   44.00000  10.2%  36.8 8834s
 749734 48968 infeasible   41        49.00000   44.00000  10.2%  36.8 8858s
 753940 47866   48.00000   54   51   49.00000   44.00000  10.2%  36.9 8872s
 755222 47999 infeasible   49        49.00000   44.00000  10.2%  36.9 8908s
 760146 46507   47.00000   52   45   49.00000   44.00000  10.2%  36.9 8918s
 761717 45988 infeasible   54        49.00000   44.00000  10.2%  36.9 8936s
 761756 46360   47.00000   50   39   49.00000   44.00000  10.2%  36.9 8948s
 764001 45735   46.00000   55   37   49.00000   44.00000  10.2%  36.9 8964s
 765607 45314   46.00000   56   35   49.00000   44.00000  10.2%  36.9 8979s
 770514 43675 infeasible   57        49.00000   44.00000  10.2%  36.9 8988s
 770593 44304 infeasible   48        49.00000   44.00000  10.2%  36.9 9034s
 777015 42363 infeasible   55        49.00000   44.00000  10.2%  37.0 9048s
 778594 43904   47.00000   52   26   49.00000   44.00000  10.2%  37.0 9170s
 796441 37946   47.00000   54   36   49.00000   44.00000  10.2%  37.2 9193s
 796479 37995   47.00000   55   31   49.00000   44.00000  10.2%  37.2 9203s
 798154 37527 infeasible   44        49.00000   44.00000  10.2%  37.2 9217s
 798662 37600 infeasible   58        49.00000   44.00000  10.2%  37.2 9258s
 804799 36101   44.00000   48   31   49.00000   44.00000  10.2%  37.3 9278s
 807198 35847   44.00000   44   33   49.00000   44.00000  10.2%  37.3 9293s
 807556 36367   46.00000   48   44   49.00000   44.00000  10.2%  37.3 9335s
 813787 36401   47.00000   62   34   49.00000   44.00000  10.2%  37.3 9348s
 814339 36432   47.00000   63   36   49.00000   44.00000  10.2%  37.3 9362s
 814450 36421   44.00000   54   36   49.00000   44.00000  10.2%  37.3 9377s
 815330 36585 infeasible   54        49.00000   44.00000  10.2%  37.3 9402s
 817775 36875 infeasible   51        49.00000   44.00000  10.2%  37.3 9433s
 820890 37441 infeasible   55        49.00000   44.00000  10.2%  37.4 9480s
 829026 37603 infeasible   50        49.00000   44.00000  10.2%  37.4 9495s
 829494 37946 infeasible   62        49.00000   44.00000  10.2%  37.4 9515s
 831517 38404   44.00000   52   56   49.00000   44.00000  10.2%  37.4 9552s
 835911 38404   44.00000   59   53   49.00000   44.00000  10.2%  37.5 9563s
 835943 38854   44.00000   60   51   49.00000   44.00000  10.2%  37.5 9577s
 838385 38865   44.00000   52   46   49.00000   44.00000  10.2%  37.4 9598s
 838414 38924 infeasible   53        49.00000   44.00000  10.2%  37.4 9615s
 840745 38984   44.00000   47   43   49.00000   44.00000  10.2%  37.4 9623s
 841163 39013   44.00000   48   41   49.00000   44.00000  10.2%  37.4 9659s
 844338 39468   44.00000   41   39   49.00000   44.00000  10.2%  37.4 9687s
 848602 39996   44.00000   54   52   49.00000   44.00000  10.2%  37.5 9728s
 853857 40315   44.00000   55   65   49.00000   44.00000  10.2%  37.5 9747s
 856044 40421 infeasible   77        49.00000   44.00000  10.2%  37.5 9779s
 858143 40421     cutoff   72        49.00000   44.00000  10.2%  37.5 9780s
 860075 40530   44.00000   47   48   49.00000   44.00000  10.2%  37.5 9797s
 861713 40452   44.00000   47   48   49.00000   44.00000  10.2%  37.5 9824s
 864269 40498   44.00000   51   38   49.00000   44.00000  10.2%  37.5 9837s
 864463 40844 infeasible   52        49.00000   44.00000  10.2%  37.5 9862s
 867693 41150   44.00000   49   62   49.00000   44.00000  10.2%  37.5 9886s
 871669 41336   44.00000   50   59   49.00000   44.00000  10.2%  37.6 9916s
 876333 41451 infeasible   51        49.00000   44.00000  10.2%  37.6 9928s
 877470 42196   44.00000   52   72   49.00000   44.00000  10.2%  37.6 9991s
 885751 42183 infeasible   70        49.00000   44.00000  10.2%  37.7 10002s
 885785 42278 infeasible   71        49.00000   44.00000  10.2%  37.7 10024s
 889071 42313   44.00000   69   26   49.00000   44.00000  10.2%  37.7 10037s
 889350 43434     cutoff   70        49.00000   44.00000  10.2%  37.7 10121s
 900925 43417   47.00000   57   52   49.00000   44.00000  10.2%  37.8 10140s
 901015 43414 infeasible   49        49.00000   44.00000  10.2%  37.8 10155s
 901124 43487   46.00000   51   82   49.00000   44.00000  10.2%  37.8 10168s
 901330 43683   46.00000   52   68   49.00000   44.00000  10.2%  37.8 10185s
 902271 43705   44.00000   48   36   49.00000   44.00000  10.2%  37.8 10199s
 903003 43658 infeasible   49        49.00000   44.00000  10.2%  37.8 10217s
 904339 43635   44.00000   50   48   49.00000   44.00000  10.2%  37.8 10252s
 905639 43683 infeasible   53        49.00000   44.00000  10.2%  37.8 10279s
 908205 43787 infeasible   62        49.00000   44.00000  10.2%  37.8 10310s
 909623 43882 infeasible   47        49.00000   44.00000  10.2%  37.8 10332s
 911738 43899   44.00000   57   57   49.00000   44.00000  10.2%  37.9 10361s
 911797 45050 infeasible   58        49.00000   44.00000  10.2%  37.9 10511s
 929815 45136   44.00000   44   50   49.00000   44.00000  10.2%  38.0 10531s
 930120 45361   44.00000   45   55   49.00000   44.00000  10.2%  38.0 10545s
 931543 45360 infeasible   55        49.00000   44.00000  10.2%  38.0 10563s
 931715 45501 infeasible   62        49.00000   44.00000  10.2%  38.0 10598s
 935298 45576   44.00000   47   35   49.00000   44.00000  10.2%  38.0 10616s
 936694 46335 infeasible   48        49.00000   44.00000  10.2%  38.0 10790s
 954296 46318 infeasible   51        49.00000   44.00000  10.2%  38.2 10800s

Cutting planes:
  Learned: 5098
  Gomory: 20
  Cover: 57
  Implied bound: 10
  Clique: 4
  MIR: 280
  StrongCG: 13
  Flow cover: 537
  RLT: 109
  Relax-and-lift: 95

Explored 954336 nodes (36532766 simplex iterations) in 10800.70 seconds (2119.12 work units)
Thread count was 18 (of 36 available processors)

Solution count 10: 49 50 50 ... 57

Time limit reached
Best objective 4.900000000000e+01, best bound 4.400000000000e+01, gap 10.2041%
