
Gurobi 11.0.0 (win64) logging started Tue May  7 15:48:07 2024

Set parameter LogFile to value "./Results/StripPacking-CutHeurRuns/Logs/SU-111-StripPacking-25.log"
Set parameter TimeLimit to value 10800
Set parameter Cuts to value 1
Set parameter Presolve to value 1
Set parameter Heuristics to value 1
Set parameter LPWarmStart to value 2
Gurobi Optimizer version 11.0.0 build v11.0.0rc2 (win64 - Windows 10.0 (19045.2))

CPU model: Intel(R) Core(TM) i9-10980XE CPU @ 3.00GHz, instruction set [SSE2|AVX|AVX2|AVX512]
Thread count: 18 physical cores, 36 logical processors, using up to 18 threads

Optimize a model with 3925 rows, 1251 columns and 9650 nonzeros
Model fingerprint: 0x53faeb7f
Variable types: 51 continuous, 1200 integer (1200 binary)
Coefficient statistics:
  Matrix range     [1e+00, 1e+04]
  Objective range  [1e+00, 1e+00]
  Bounds range     [1e+00, 1e+04]
  RHS range        [1e+00, 1e+04]

Warning: Completing partial solution with 1200 unfixed non-continuous variables out of 1200
User MIP start produced solution with objective 102.2 (0.02s)
Loaded user MIP start with objective 102.2

Presolve removed 600 rows and 0 columns
Presolve time: 0.02s
Presolved: 3325 rows, 1251 columns, 8450 nonzeros
Variable types: 51 continuous, 1200 integer (1200 binary)

Root relaxation: objective 3.500000e+01, 690 iterations, 0.02 seconds (0.02 work units)

    Nodes    |    Current Node    |     Objective Bounds      |     Work
 Expl Unexpl |  Obj  Depth IntInf | Incumbent    BestBd   Gap | It/Node Time

     0     0   35.00000    0   92  102.20000   35.00000  65.8%     -    0s
H    0     0                     101.0000000   35.00000  65.3%     -    0s
     0     0   35.00000    0  217  101.00000   35.00000  65.3%     -    0s
H    0     0                      97.0000000   35.00000  63.9%     -    0s
     0     0   35.00000    0  185   97.00000   35.00000  63.9%     -    0s
     0     0   35.00000    0  131   97.00000   35.00000  63.9%     -    0s
H    0     0                      93.0000000   35.00000  62.4%     -    0s
     0     0   35.00000    0  147   93.00000   35.00000  62.4%     -    0s
     0     0   35.00000    0  131   93.00000   35.00000  62.4%     -    1s
     0     0   35.00000    0  126   93.00000   35.00000  62.4%     -    1s
     0     0   35.00000    0  113   93.00000   35.00000  62.4%     -    1s
     0     0   35.00000    0  106   93.00000   35.00000  62.4%     -    1s
     0     2   35.00000    0  106   93.00000   35.00000  62.4%     -    2s
H   72    86                      92.0000000   35.00000  62.0%  61.1    2s
H   90   104                      90.0000000   35.00000  61.1%  51.5    3s
   136   153   35.00000   10  167   90.00000   35.00000  61.1%  41.9   20s
H  137   153                      89.0000000   35.00000  60.7%  41.6   20s
H  138   153                      88.0000000   35.00000  60.2%  41.3   20s
H  141   153                      87.0000000   35.00000  59.8%  40.8   20s
H  142   153                      83.0000000   35.00000  57.8%  40.6   20s
   190   207   35.00000   12  167   83.00000   35.00000  57.8%  34.7   33s
H  191   207                      83.0000000   35.00000  57.8%  34.5   33s
H  205   207                      81.0000000   35.00000  56.8%  33.0   33s
H  262   279                      81.0000000   35.00000  56.8%  29.5   44s
   337   358   35.00000   20  139   81.00000   35.00000  56.8%  27.5   45s
   447   462   35.00000   23  207   81.00000   35.00000  56.8%  26.4   57s
   622   635   35.00000   31  172   81.00000   35.00000  56.8%  25.8   70s
   709   721   35.00000   33  168   81.00000   35.00000  56.8%  25.5   83s
H  710   721                      80.0000000   35.00000  56.3%  25.5   83s
H  727   754                      79.0000000   35.00000  55.7%  25.7   86s
   760   772   35.00000   34  172   79.00000   35.00000  55.7%  26.3   90s
   778   910   35.00000   35  189   79.00000   35.00000  55.7%  26.4   97s
H  868   910                      79.0000000   35.00000  55.7%  26.2   97s
   917   929   35.00000   39  188   79.00000   35.00000  55.7%  25.7  104s
   937  1084   35.00000   40  180   79.00000   35.00000  55.7%  26.2  105s
  1162  1371   35.00000   47  166   79.00000   35.00000  55.7%  25.7  110s
  1396  1389   48.00000   60  150   79.00000   35.00000  55.7%  25.8  115s
  1796  1819   48.00000   75  168   79.00000   35.00000  55.7%  26.7  123s
  1873  1837   48.00000   77  203   79.00000   35.00000  55.7%  26.8  131s
  1891  1959   48.00000   78  200   79.00000   35.00000  55.7%  26.8  141s
  2025  2173   58.00000   85  162   79.00000   35.00000  55.7%  26.3  152s
  2787  2604   35.00000   31  113   79.00000   35.00000  55.7%  28.2  159s
  2806  2716   35.87805   30  226   79.00000   35.00000  55.7%  28.3  167s
  2950  3394   38.00000   34  223   79.00000   35.00000  55.7%  28.8  170s
  3849  3410   47.00000   77  194   79.00000   35.00000  55.7%  26.5  178s
  3878  3416   77.00000  135  152   79.00000   35.00000  55.7%  26.4  180s
  4034  3539   35.07524   19  336   79.00000   35.00000  55.7%  37.6  187s
  4082  3571   35.07757   20  334   79.00000   35.00000  55.7%  38.4  201s
  4424  4060   43.00000   27  199   79.00000   35.00000  55.7%  42.0  209s
  4704  3981   36.00000   32  264   79.00000   35.00000  55.7%  42.9  218s
  4726  4123   36.00000   33  289   79.00000   35.00000  55.7%  43.1  224s
  4877  4657   48.00000   35  222   79.00000   35.00000  55.7%  43.3  228s
  5481  4474   54.00000   53  192   79.00000   35.00000  55.7%  41.6  238s
  5499  4485   54.00000   54  176   79.00000   35.00000  55.7%  41.6  246s
  5931  4810   67.00000   68  138   79.00000   35.00000  55.7%  40.6  256s
  6039  5394   57.00000   71  155   79.00000   35.00000  55.7%  40.5  260s
  6902  5122   67.00000   96  160   79.00000   35.00000  55.7%  40.3  272s
  7183  5335   71.00000  102  150   79.00000   35.00000  55.7%  40.3  283s
  7309  5600 infeasible  105        79.00000   35.00000  55.7%  40.1  294s
  7688  6180 infeasible  113        79.00000   35.00000  55.7%  39.6  299s
  8623  5880   76.00000   76  114   79.00000   35.00000  55.7%  39.2  309s
  8647  5925   76.00000   77  120   79.00000   35.00000  55.7%  39.2  320s
  9258  6167   77.00000  102   96   79.00000   35.00000  55.7%  39.2  331s
  9277  6247   77.00000  103   92   79.00000   35.00000  55.7%  39.2  339s
  9387  7389   77.00000  104   98   79.00000   35.00000  55.7%  39.1  349s
 10861  6915   57.00000   71  186   79.00000   35.00000  55.7%  40.1  366s
 10879  7547   53.00000   71  191   79.00000   35.00000  55.7%  40.2  374s
 11570  7333   65.00000  106  139   79.00000   35.00000  55.7%  39.6  385s
 11595  7830   65.00000  107  137   79.00000   35.00000  55.7%  39.6  396s
 12183  8799   65.00000  115  143   79.00000   35.00000  55.7%  39.8  409s
 13924  8236   35.00524   38  307   79.00000   35.00000  55.7%  39.9  428s
 13943  8471   35.00524   39  311   79.00000   35.00000  55.7%  40.0  436s
 14211  8419   35.39018   46  292   79.00000   35.00000  55.7%  40.4  459s
 14231  8613   62.00000   46  225   79.00000   35.00000  55.7%  40.4  464s
 14520  8627   43.00000   52  250   79.00000   35.00000  55.7%  40.5  497s
 14542  9159   44.00000   52  246   79.00000   35.00000  55.7%  40.6  501s
 15165  9367   57.00000   66  207   79.00000   35.00000  55.7%  40.5  514s
 15401  9383   56.00000   73  223   79.00000   35.00000  55.7%  40.6  528s
 15421 10259   69.00000   73  215   79.00000   35.00000  55.7%  40.5  531s
 16398 10277   74.00000   92  158   79.00000   35.00000  55.7%  40.3  543s
 16416 10294   74.00000   92  152   79.00000   35.00000  55.7%  40.2  555s
 16435 11999   75.00000   93  144   79.00000   35.00000  55.7%  40.2  573s
 18817 12015   58.00000   45  149   79.00000   35.00000  55.7%  39.7  605s
 18837 12967   58.00000   46  149   79.00000   35.00000  55.7%  39.7  617s
 20055 12985   35.00000   27  219   79.00000   35.00000  55.7%  39.2  636s
 20073 14603   35.00000   28  207   79.00000   35.00000  55.7%  39.3  655s
 22184 15652   75.00000   99  158   79.00000   35.00000  55.7%  38.9  692s
 23628 20063   78.00000   67  135   79.00000   35.00000  55.7%  38.7  742s
 29208 20079   67.00000   93  148   79.00000   35.00000  55.7%  38.4  796s
 29228 21639   67.00000   90  156   79.00000   35.00000  55.7%  38.4  812s
 31220 21655   56.00000   69  180   79.00000   35.00000  55.7%  38.9  871s
 31240 23124   56.00000   70  180   79.00000   35.00000  55.7%  38.9  891s
 33095 23135   35.51799   40  309   79.00000   35.00000  55.7%  38.8  970s
 33120 23945   35.51799   41  283   79.00000   35.00000  55.7%  38.8  987s
 34235 23960   48.00000   32  190   79.00000   35.00000  55.7%  38.6 1039s
 34256 25947   48.00000   33  205   79.00000   35.00000  55.7%  38.6 1063s
 37001 25964   78.00000   72  145   79.00000   35.00000  55.7%  38.5 1135s
 37020 27743   78.00000   73  146   79.00000   35.00000  55.7%  38.5 1161s
 39436 27760   35.44090   32  225   79.00000   35.00000  55.7%  38.5 1233s
 39455 29736   36.15533   33  183   79.00000   35.00000  55.7%  38.5 1261s
 42017 29751   75.00000   83  142   79.00000   35.00000  55.7%  38.3 1407s
 42038 30968   75.00000   84  144   79.00000   35.00000  55.7%  38.3 1431s
 43647 30983   49.00000   33  190   79.00000   35.00000  55.7%  38.1 1505s
 43668 32809   49.00000   34  180   79.00000   35.00000  55.7%  38.1 1540s
 46411 39629   72.00000   60  153   79.00000   35.00000  55.7%  37.9 1707s
 55270 43992   44.00000   27  265   79.00000   35.00000  55.7%  37.8 1779s
 60917 44005   47.00000   55  177   79.00000   35.00000  55.7%  37.8 1883s
 60939 48236   51.00000   56  172   79.00000   35.00000  55.7%  37.8 1947s
 66689 48252   73.00000  106  129   79.00000   35.00000  55.7%  37.7 2050s
 66709 51402     cutoff  107        79.00000   35.00000  55.7%  37.7 2100s
 70878 51419 infeasible   74        79.00000   35.00000  55.7%  37.6 2271s
 70897 64763   78.00000   76  126   79.00000   35.00000  55.7%  37.6 2460s
*76299 58097             126      78.0000000   35.00000  55.1%  37.5 2462s
 88915 56342 infeasible   97        78.00000   35.00000  55.1%  37.3 2606s
 88956 58129   36.09521   26  247   78.00000   35.00000  55.1%  37.4 2642s
H89646 58129                      78.0000000   35.00000  55.1%  37.4 2642s
 91200 58138   57.00000  131  197   78.00000   35.00000  55.1%  37.3 2788s
 91227 60288   60.00000  129  195   78.00000   35.00000  55.1%  37.3 2823s
 93802 60303   35.11681   34  276   78.00000   35.00000  55.1%  37.4 2940s
 93823 73729   35.11681   35  280   78.00000   35.00000  55.1%  37.4 3145s
 110840 73729   72.00000   90  118   78.00000   35.00000  55.1%  37.6 3150s
 111841 73744 infeasible   67        78.00000   35.00000  55.1%  37.6 3290s
 111862 73972   76.00000   67   90   78.00000   35.00000  55.1%  37.6 3319s
 112183 73986 infeasible   84        78.00000   35.00000  55.1%  37.6 3518s
 112205 74355   76.00000   85   82   78.00000   35.00000  55.1%  37.6 3555s
 112674 76295   68.00000   58  191   78.00000   35.00000  55.1%  37.6 3591s
 115334 76307   74.00000   60  160   78.00000   35.00000  55.1%  37.5 3720s
 115358 78056   74.00000   61  160   78.00000   35.00000  55.1%  37.5 3755s
 117894 78088   67.00000   55  139   78.00000   35.00000  55.1%  37.5 3889s
 117959 91052   67.00000   56  141   78.00000   35.00000  55.1%  37.5 4100s
 135977 91063   68.00000   61  158   78.00000   35.00000  55.1%  37.3 4256s
 136002 92454   70.00000   62  164   78.00000   35.00000  55.1%  37.3 4288s
 138010 92470   48.00000   27  179   78.00000   35.00000  55.1%  37.3 4426s
 138030 93952   48.00000   28  204   78.00000   35.00000  55.1%  37.3 4459s
 140280 93969   75.00000   74  148   78.00000   35.00000  55.1%  37.4 4679s
 140299 107029   75.00000   75  146   78.00000   35.00000  55.1%  37.4 4877s
 158317 107043   73.00000   58  115   78.00000   35.00000  55.1%  37.4 5024s
 158339 108481   73.00000   59  113   78.00000   35.00000  55.1%  37.4 5052s
 160221 108498 infeasible   80        78.00000   35.00000  55.1%  37.5 5174s
 160240 109789 infeasible   81        78.00000   35.00000  55.1%  37.5 5202s
 161992 109807   71.00000   89  108   78.00000   35.00000  55.1%  37.6 5340s
 162010 123463   73.00000   90  121   78.00000   35.00000  55.1%  37.6 5573s
 180028 123475   67.00000   64  165   78.00000   35.00000  55.1%  37.5 5715s
 180052 125209   67.00000   65  173   78.00000   35.00000  55.1%  37.5 5748s
 182338 125221   70.00000   38  181   78.00000   35.00000  55.1%  37.4 5964s
 182362 126641   70.00000   39  175   78.00000   35.00000  55.1%  37.4 5998s
 184360 126653   35.13403   30  229   78.00000   35.00000  55.1%  37.4 6146s
 184384 139719   35.17770   31  228   78.00000   35.00000  55.1%  37.4 6353s
*198375 126657             138      77.0000000   35.00000  54.5%  37.6 6357s
H202402 125094                      77.0000000   35.00000  54.5%  37.6 6595s
 202436 126429   60.00000   55  178   77.00000   35.00000  54.5%  37.6 6625s
 204142 126445   35.62945   42  268   77.00000   35.00000  54.5%  37.7 6845s
 204162 127757   35.00000   42  238   77.00000   35.00000  54.5%  37.7 6875s
 205867 127764   74.00000   95  140   77.00000   35.00000  54.5%  37.7 7033s
 205896 128451   64.00000   97  134   77.00000   35.00000  54.5%  37.7 7065s
 206845 128571   74.00000  131   88   77.00000   35.00000  54.5%  37.7 7173s
 207005 141411   35.63587   27  283   77.00000   35.00000  54.5%  37.7 7411s
 221019 141411   61.00000   51  142   77.00000   35.00000  54.5%  37.8 7416s
 225023 141427   73.00000   60  112   77.00000   35.00000  54.5%  37.8 7543s
 225043 141630   73.00000   61   98   77.00000   35.00000  54.5%  37.8 7572s
 225352 141644 infeasible   73        77.00000   35.00000  54.5%  37.8 7721s
 225374 143269   35.00000   31  309   77.00000   35.00000  54.5%  37.8 7757s
 227531 143286   58.00000   37  287   77.00000   35.00000  54.5%  37.8 7924s
 227550 144805   58.00000   38  278   77.00000   35.00000  54.5%  37.8 7958s
 229709 144823   49.00000   41  195   77.00000   35.00000  54.5%  37.9 8147s
 229727 157982   49.00000   42  193   77.00000   35.00000  54.5%  37.9 8380s
 247745 157999   57.00000   33  165   77.00000   35.00000  54.5%  38.1 8633s
 247764 159068   57.00000   34  165   77.00000   35.00000  54.5%  38.1 8660s
 249330 159081   35.00000   30  228   77.00000   35.00000  54.5%  38.1 8815s
 249353 160480   35.00000   31  196   77.00000   35.00000  54.5%  38.2 8844s
 250870 160480   76.00000   38  176   77.00000   35.00000  54.5%  38.2 8845s
 251069 160493   58.00000   75  153   77.00000   35.00000  54.5%  38.2 9011s
 251092 161616   68.00000   76  147   77.00000   35.00000  54.5%  38.2 9042s
 252794 161624   68.00000   87  111   77.00000   35.00000  54.5%  38.2 9250s
 252822 174695   68.00000   88  109   77.00000   35.00000  54.5%  38.2 9515s
 270840 174710   54.00000   32  183   77.00000   35.00000  54.5%  38.3 9778s
 270861 174871   39.00000   32  238   77.00000   35.00000  54.5%  38.3 9808s
 271079 174886   69.00000   41  162   77.00000   35.00000  54.5%  38.3 10060s
 271100 175220   69.00000   42  160   77.00000   35.00000  54.5%  38.3 10137s
 271572 176697   64.00000   50  150   77.00000   35.00000  54.5%  38.3 10173s
 273668 176714   35.00000   28  263   77.00000   35.00000  54.5%  38.3 10416s
 273687 177614   35.00000   29  263   77.00000   35.00000  54.5%  38.3 10439s
 274671 177907   37.00000   56  255   77.00000   35.00000  54.5%  38.2 10617s
 275054 186462   44.00000   59  226   77.00000   35.00000  54.5%  38.3 10800s

Cutting planes:
  Learned: 6286
  Gomory: 8
  Cover: 78
  Implied bound: 6
  MIR: 204
  StrongCG: 2
  Flow cover: 767
  RLT: 286
  Relax-and-lift: 55

Explored 286781 nodes (11007963 simplex iterations) in 10804.22 seconds (1121.86 work units)
Thread count was 18 (of 36 available processors)

Solution count 10: 77 77 78 ... 83

Time limit reached
Best objective 7.699999999220e+01, best bound 3.500000000000e+01, gap 54.5455%
