
Gurobi 11.0.0 (win64) logging started Mon May  6 03:46:33 2024

Set parameter LogFile to value "./Results/StripPacking-CutHeurRuns/Logs/SU-110-StripPacking-20.log"
Set parameter TimeLimit to value 10800
Set parameter Cuts to value 1
Set parameter Presolve to value 1
Set parameter Heuristics to value 0
Set parameter LPWarmStart to value 2
Gurobi Optimizer version 11.0.0 build v11.0.0rc2 (win64 - Windows 10.0 (19045.2))

CPU model: Intel(R) Core(TM) i9-10980XE CPU @ 3.00GHz, instruction set [SSE2|AVX|AVX2|AVX512]
Thread count: 18 physical cores, 36 logical processors, using up to 18 threads

Optimize a model with 3925 rows, 1251 columns and 9650 nonzeros
Model fingerprint: 0x18b4472d
Variable types: 51 continuous, 1200 integer (1200 binary)
Coefficient statistics:
  Matrix range     [1e+00, 1e+04]
  Objective range  [1e+00, 1e+00]
  Bounds range     [1e+00, 1e+04]
  RHS range        [1e+00, 1e+04]

Warning: Completing partial solution with 1200 unfixed non-continuous variables out of 1200
User MIP start produced solution with objective 104.8 (0.00s)
Loaded user MIP start with objective 104.8

Presolve removed 600 rows and 0 columns
Presolve time: 0.04s
Presolved: 3325 rows, 1251 columns, 8450 nonzeros
Variable types: 51 continuous, 1200 integer (1200 binary)

Root relaxation: objective 3.600000e+01, 755 iterations, 0.01 seconds (0.02 work units)

    Nodes    |    Current Node    |     Objective Bounds      |     Work
 Expl Unexpl |  Obj  Depth IntInf | Incumbent    BestBd   Gap | It/Node Time

     0     0   36.00000    0  126  104.80000   36.00000  65.6%     -    0s
     0     0   36.00000    0  247  104.80000   36.00000  65.6%     -    0s
     0     0   36.00000    0  247  104.80000   36.00000  65.6%     -    0s
     0     0   36.00000    0  117  104.80000   36.00000  65.6%     -    0s
     0     0   36.00000    0  138  104.80000   36.00000  65.6%     -    0s
     0     0   36.00000    0   96  104.80000   36.00000  65.6%     -    1s
     0     0   36.00000    0  129  104.80000   36.00000  65.6%     -    1s
H    0     0                      98.0000000   36.00000  63.3%     -    1s
     0     0   36.00000    0   90   98.00000   36.00000  63.3%     -    1s
     0     0   36.00000    0  110   98.00000   36.00000  63.3%     -    1s
     0     0   36.00000    0  120   98.00000   36.00000  63.3%     -    1s
     0     0   36.00000    0  152   98.00000   36.00000  63.3%     -    1s
     0     0   36.00000    0   90   98.00000   36.00000  63.3%     -    2s
     0     0   36.00000    0   90   98.00000   36.00000  63.3%     -    2s
     0     2   36.00000    0   90   98.00000   36.00000  63.3%     -    2s
  4158  3981   70.00000   44  167   98.00000   36.00000  63.3%  31.6    5s
* 7989  5907             190      96.0000000   36.00000  62.5%  35.2    9s
  9582  6780   86.00000  145   58   96.00000   36.00000  62.5%  33.0   10s
*10209  6605             175      95.0000000   36.00000  62.1%  32.2   10s
*12242  6947             187      93.0000000   36.00000  61.3%  31.5   11s
*14072  7158             161      91.0000000   36.00000  60.4%  30.4   13s
*14908  7641             160      90.0000000   36.00000  60.0%  30.7   13s
 15999  8775   59.00000   28  190   90.00000   36.00000  60.0%  30.6   15s
*16563  8090             124      89.0000000   36.00000  59.6%  30.3   15s
 20481 11066   64.00000   45  167   89.00000   36.00000  59.6%  29.7   20s
 22880 13543   77.00000   43  140   89.00000   36.00000  59.6%  29.4   25s
 26022 16083   69.00000   64  162   89.00000   36.00000  59.6%  29.2   30s
 29795 18385   77.00000   56  122   89.00000   36.00000  59.6%  28.5   35s
 31956 20601   76.00000   55  154   89.00000   36.00000  59.6%  28.0   40s
*35834 19323             101      88.0000000   36.00000  59.1%  27.2   44s
 36065 20213   45.00000   30  233   88.00000   36.00000  59.1%  27.1   46s
*38127 19483             105      87.0000000   36.00000  58.6%  26.9   48s
 39246 21316   53.00000   42  190   87.00000   36.00000  58.6%  26.8   51s
 41772 23449   85.00000   52  110   87.00000   36.00000  58.6%  26.9   57s
*42641 22514             104      86.0000000   36.00000  58.1%  26.7   57s
*42646 20810             105      85.0000000   36.00000  57.6%  26.7   57s
 43907 21793   61.00000   44  171   85.00000   36.00000  57.6%  26.6   60s
 46831 24235   78.00000   83  104   85.00000   36.00000  57.6%  26.7   67s
 49471 25587   37.07857   38  269   85.00000   36.00000  57.6%  26.4   70s
 51941 26677   72.00000   52  158   85.00000   36.00000  57.6%  26.4   76s
*52719 23520             108      84.0000000   36.00000  57.1%  26.4   76s
 52987 24923     cutoff   97        84.00000   36.00000  57.1%  26.5   82s
 56201 27509   61.00000   81  128   84.00000   36.00000  57.1%  26.6   88s
 58735 28060   81.00000   73   98   84.00000   36.00000  57.1%  26.4   90s
 60721 30693   53.00000   34  215   84.00000   36.00000  57.1%  26.7   99s
*62990 28439             117      83.0000000   36.00000  56.6%  26.5   99s
 63417 28597 infeasible   69        83.00000   36.00362  56.6%  26.5  103s
 64082 30050   73.00000   49  119   83.00000   36.02171  56.6%  26.6  108s
 66337 30717 infeasible   79        83.00000   36.03487  56.6%  26.5  113s
 67230 33043   53.00000   56  172   83.00000   36.03487  56.6%  26.7  118s
 70422 34007   71.00000   49  198   83.00000   36.10204  56.5%  27.1  125s
 71636 36496   79.00000   94   98   83.00000   36.10204  56.5%  27.3  131s
 75298 37109   82.00000   66  132   83.00000   36.10204  56.5%  27.1  135s
 76027 39109   82.00000   53  170   83.00000   36.10204  56.5%  27.2  141s
 78653 39754 infeasible  102        83.00000   36.10204  56.5%  27.3  145s
 82260 42336     cutoff   86        83.00000   36.10204  56.5%  27.5  152s
 83166 43036   78.00000   53  186   83.00000   36.10204  56.5%  27.7  158s
 84174 45033   70.00000   39  228   83.00000   36.10204  56.5%  27.9  163s
 86863 45742   57.00000   63  214   83.00000   36.10204  56.5%  27.9  169s
 87853 47830   76.00000   82  171   83.00000   36.10204  56.5%  28.0  175s
 90926 48577 infeasible   97        83.00000   36.16795  56.4%  27.8  180s
 91905 51952   73.00000   66  195   83.00000   36.17494  56.4%  28.0  192s
 97570 53354   81.00000  107  116   83.00000   36.30216  56.3%  27.6  196s
*98114 48729             143      82.0000000   36.30216  55.7%  27.7  196s
 98558 50305   74.00000   56  134   82.00000   36.31144  55.7%  27.7  201s
 100981 50944   37.91131   36  305   82.00000   36.49062  55.5%  27.6  205s
 101843 52732   81.00000   93  110   82.00000   36.53583  55.4%  27.7  210s
 105765 55352   79.00000   86   74   82.00000   36.72448  55.2%  27.6  218s
 108590 55959   81.00000   80  140   82.00000   36.79681  55.1%  27.4  221s
 109437 57670   78.00000   38  237   82.00000   36.94531  54.9%  27.5  225s
 112709 60249   70.00000   78  138   82.00000   37.00000  54.9%  27.4  233s
 115203 60890   50.00000   34  244   82.00000   37.00000  54.9%  27.3  236s
 115979 62529   81.00000   71   82   82.00000   37.00000  54.9%  27.4  240s
 118270 63478   59.00000   68  207   82.00000   37.32634  54.5%  27.3  246s
 120389 65884   77.00000  120  116   82.00000   37.35764  54.4%  27.4  252s
 123106 66509 infeasible   96        82.00000   37.70428  54.0%  27.2  256s
 123985 68040   80.00000   64  112   82.00000   37.73768  54.0%  27.3  264s
 126399 68638   81.00000   68  124   82.00000   37.91131  53.8%  27.1  268s
 127214 70281   79.00000   70  147   82.00000   37.91131  53.8%  27.2  273s
 129504 70821   73.00000   77  151   82.00000   38.02378  53.6%  27.2  277s
 130306 72530   49.00000   29  236   82.00000   38.20144  53.4%  27.2  283s
 132971 73161   65.00000   39  135   82.00000   38.44030  53.1%  27.1  288s
 133886 74660   48.00000   43  257   82.00000   38.60198  52.9%  27.1  294s
 135883 75415   74.00000   60  150   82.00000   38.70427  52.8%  27.1  299s
 136855 78379   76.00000   65  185   82.00000   38.70427  52.8%  27.2  308s
 141313 79015   48.00000   51  240   82.00000   39.00000  52.4%  27.1  313s
 142158 79623   53.00000   86  188   82.00000   39.00000  52.4%  27.1  317s
 143096 81634   78.00000  111  154   82.00000   39.52448  51.8%  27.2  324s
 146218 82186   76.00000   36  164   82.00000   40.00000  51.2%  27.0  329s
 147132 82798   80.00000   60  108   82.00000   40.00000  51.2%  27.0  335s
 148056 84800   77.00000   57  126   82.00000   40.00000  51.2%  27.1  342s
 150881 85412   41.69393   20  248   82.00000   40.27564  50.9%  27.0  348s
 151767 87302   78.00000   66  132   82.00000   40.39956  50.7%  27.1  353s
 154611 87899   78.00000   51  104   82.00000   41.00000  50.0%  26.9  358s
 155486 88547   73.00000   79  132   82.00000   41.00000  50.0%  27.0  365s
 156464 90651   70.00000   29  249   82.00000   41.00000  50.0%  27.1  371s
 159429 91384   53.00000   30  211   82.00000   41.00000  50.0%  26.9  377s
 160432 94590   41.00000   28  242   82.00000   41.00000  50.0%  27.0  394s
 164793 95280   54.00000   30  197   82.00000   41.00000  50.0%  26.8  399s
 165682 95914 infeasible   70        82.00000   41.00000  50.0%  26.9  404s
 166666 97394   81.00000   55   74   82.00000   41.00000  50.0%  26.9  411s
 168715 97992   65.00000   69  106   82.00000   41.00000  50.0%  26.9  416s
 169675 98946   80.00000  105   80   82.00000   41.45455  49.4%  27.0  421s
 171010 101136   72.00000   35  199   82.00000   41.45455  49.4%  27.0  428s
 174131 101919 infeasible  109        82.00000   41.45455  49.4%  26.9  434s
 175215 104056   81.00000   65  118   82.00000   42.00000  48.8%  26.9  441s
 178338 104716 infeasible  114        82.00000   42.00000  48.8%  26.8  448s
 179364 105333   59.00000   35  147   82.00000   42.00000  48.8%  26.9  452s
 180432 107430   78.00000   51  170   82.00000   42.00000  48.8%  26.9  460s
 183427 108107   54.00000   38  216   82.00000   42.00000  48.8%  26.9  469s
 184414 109614   71.00000   52  144   82.00000   42.00000  48.8%  26.9  480s
 186542 112904   70.00000   52  190   82.00000   42.00000  48.8%  27.0  501s
 191449 113645   78.00000   52  142   82.00000   42.00000  48.8%  26.7  509s
 192486 115528   70.00000   63  129   82.00000   42.00000  48.8%  26.7  517s
 195602 116216   68.00000   57  157   82.00000   42.00000  48.8%  26.6  522s
 196622 118017   54.00000   46  202   82.00000   42.00000  48.8%  26.6  529s
 199395 118689 infeasible  118        82.00000   43.00000  47.6%  26.5  535s
 200310 120008   81.00000   81   92   82.00000   43.00000  47.6%  26.5  543s
 202371 120578   49.00000   23  197   82.00000   43.00000  47.6%  26.4  548s
 203294 121311   76.00000   55  111   82.00000   43.00000  47.6%  26.5  553s
 204341 123174   81.00000   78   94   82.00000   43.00000  47.6%  26.5  560s
 207059 123998   57.00000   50  219   82.00000   43.00000  47.6%  26.4  567s
 208190 127078   78.00000  109  130   82.00000   43.00000  47.6%  26.4  579s
 212662 127748   62.00000   45  118   82.00000   43.00000  47.6%  26.3  585s
 213503 129614   81.00000  101   78   82.00000   43.00000  47.6%  26.3  591s
 216050 130159   77.00000   45  134   82.00000   44.24242  46.0%  26.2  599s
 216821 131805   65.00000   61  168   82.00000   44.24242  46.0%  26.2  606s
 219185 132391   65.00000   52  176   82.00000   45.00000  45.1%  26.2  613s
 220126 133051   70.00000   91  156   82.00000   45.00000  45.1%  26.2  621s
 221125 135040   78.00000  110  114   82.00000   45.00000  45.1%  26.2  630s
 224125 135793   62.00000   41  163   82.00000   45.00000  45.1%  26.1  638s
 225153 137697   53.00000   35  182   82.00000   45.00000  45.1%  26.1  651s
 227744 138354   65.00000   72  182   82.00000   45.00000  45.1%  26.1  659s
 228765 139074 infeasible  120        82.00000   45.00000  45.1%  26.1  667s
 229891 142824   45.00000   25  231   82.00000   45.00000  45.1%  26.2  683s
 235881 143381   65.00000   51  148   82.00000   45.00000  45.1%  25.9  690s
 236739 144022     cutoff   89        82.00000   45.00000  45.1%  25.9  696s
 237714 144708   81.00000   73   76   82.00000   45.00000  45.1%  26.0  704s
 238787 145421   81.00000   58  162   82.00000   45.00000  45.1%  26.0  714s
 239770 147588   70.00000   55  171   82.00000   45.00000  45.1%  26.0  720s
 242766 148330   53.00000   43  190   82.00000   45.00000  45.1%  25.9  728s
 243764 150217   79.00000   72   74   82.00000   45.00000  45.1%  26.0  742s
 246730 150882 infeasible   80        82.00000   45.00000  45.1%  25.9  749s
 247715 152063   76.00000   93  122   82.00000   45.00000  45.1%  25.9  756s
 249495 152866   81.00000   59   68   82.00000   45.00000  45.1%  25.9  764s
 250613 154946   74.00000   48  106   82.00000   45.00000  45.1%  25.9  772s
 253400 155529   53.00000   52  215   82.00000   45.00000  45.1%  25.8  780s
 254195 156152 infeasible   96        82.00000   45.00000  45.1%  25.9  785s
 255131 158137   69.00000   40  152   82.00000   45.00000  45.1%  25.9  794s
 258017 158865   76.00000   73  125   82.00000   45.00000  45.1%  25.8  804s
*258578 139655             117      81.0000000   45.00000  44.4%  25.8  804s
 258977 141206   50.00000   65  159   81.00000   45.00000  44.4%  25.8  812s
 261557 141759     cutoff   87        81.00000   45.00000  44.4%  25.8  819s
 262431 142452   77.00000   64  150   81.00000   45.00000  44.4%  25.8  828s
 263437 144208   77.00000   60  163   81.00000   45.00000  44.4%  25.8  837s
 266376 144803 infeasible   71        81.00000   45.00000  44.4%  25.7  845s
*267039 132995             116      80.0000000   45.00000  43.8%  25.7  845s
 267282 134392     cutoff   84        80.00000   45.00000  43.8%  25.7  858s
 269665 135009   79.00000   69  115   80.00000   45.00000  43.8%  25.7  865s
 270582 135710   74.00000   68  116   80.00000   45.00000  43.8%  25.7  873s
 271646 137512   75.00000   70  126   80.00000   45.00000  43.8%  25.7  882s
 274522 138022 infeasible   77        80.00000   45.00000  43.8%  25.6  888s
 275376 139189   77.00000   56  100   80.00000   45.00000  43.8%  25.7  904s
 277302 142567   52.00000   35  204   80.00000   45.00000  43.8%  25.8  923s
 282170 143512     cutoff   59        80.00000   46.00000  42.5%  25.8  934s
 283593 144459   78.00000   83   72   80.00000   46.00000  42.5%  25.8  946s
 285032 147006   59.00000   49  199   80.00000   46.00000  42.5%  25.8  959s
 289055 147800   57.00000   43  227   80.00000   46.00000  42.5%  25.7  971s
 290203 149976   66.00000   52  150   80.00000   46.00000  42.5%  25.7  981s
 293413 150679   53.00000   60  223   80.00000   46.00000  42.5%  25.7  991s
 294465 151508   78.00000   90  106   80.00000   46.00000  42.5%  25.8 1004s
 295665 153841   75.00000   69   80   80.00000   46.00000  42.5%  25.8 1014s
 298977 154574   78.00000   88  115   80.00000   46.00000  42.5%  25.8 1023s
 300058 157722   78.00000   73  106   80.00000   46.00000  42.5%  25.8 1039s
 303086 157722   63.02778  101  161   80.00000   46.00000  42.5%  25.8 1040s
 304563 158457   78.00000   69  126   80.00000   46.00000  42.5%  25.8 1052s
 305630 159053   75.00000   50  142   80.00000   46.00000  42.5%  25.8 1061s
 306723 159742   78.00000   58   68   80.00000   46.00000  42.5%  25.8 1075s
 308072 162395   67.00000   41  218   80.00000   46.00000  42.5%  25.9 1088s
 311987 163264   67.00000   52  147   80.00000   46.00000  42.5%  25.8 1096s
 313134 164198     cutoff   83        80.00000   46.00000  42.5%  25.8 1109s
 314494 166611   77.00000   38  175   80.00000   46.00000  42.5%  25.9 1121s
 318195 167371 infeasible  108        80.00000   46.00000  42.5%  25.8 1131s
 319282 168181   74.00000   73  149   80.00000   46.00000  42.5%  25.8 1141s
 320449 170072   74.00000   64  155   80.00000   46.00000  42.5%  25.8 1160s
 323090 170767     cutoff   68        80.00000   46.00000  42.5%  25.8 1169s
 324075 174823   78.00000   52  188   80.00000   46.00000  42.5%  25.8 1184s
 329699 175462 infeasible   87        80.00000   46.00000  42.5%  25.7 1192s
 330573 176119   78.00000   69  110   80.00000   46.00000  42.5%  25.8 1200s
 331615 176867   77.00000   44  192   80.00000   46.00000  42.5%  25.8 1208s
 332682 178939   72.00000   45  160   80.00000   46.00000  42.5%  25.8 1217s
 335771 179884   68.00000   88  167   80.00000   46.00000  42.5%  25.8 1226s
 336824 182041   70.00000   32  156   80.00000   46.00000  42.5%  25.8 1237s
 340072 182789 infeasible   78        80.00000   46.00000  42.5%  25.7 1248s
 341068 184782   78.00000   59  157   80.00000   46.00000  42.5%  25.7 1259s
 344098 185443 infeasible  128        80.00000   46.00000  42.5%  25.6 1267s
 345049 187494   79.00000   70  122   80.00000   46.00000  42.5%  25.7 1278s
 348005 188041   72.00000   34  172   80.00000   46.00000  42.5%  25.6 1285s
 348718 189063   78.00000   74  174   80.00000   46.00000  42.5%  25.6 1293s
 350223 189727   66.00000   30  222   80.00000   46.00000  42.5%  25.6 1300s
 351125 191796   79.00000   58   96   80.00000   46.00000  42.5%  25.6 1314s
 353890 192313   78.00000  114  104   80.00000   46.00000  42.5%  25.6 1320s
 354687 194261   53.00000   42  238   80.00000   46.00000  42.5%  25.6 1329s
 357470 195046 infeasible  112        80.00000   46.00000  42.5%  25.5 1336s
 358432 196824   77.00000   48  181   80.00000   46.00000  42.5%  25.6 1344s
 361009 197517   53.00000   37  175   80.00000   46.00000  42.5%  25.5 1353s
 361856 199145   70.00000   72  135   80.00000   46.00000  42.5%  25.5 1360s
 364118 199791   79.00000   77  108   80.00000   46.00000  42.5%  25.5 1366s
 364971 201346   46.00000   32  224   80.00000   46.00000  42.5%  25.5 1375s
 367368 202058   77.00000   55  184   80.00000   46.00000  42.5%  25.5 1386s
 368295 205836   59.00000   55  219   80.00000   46.00000  42.5%  25.5 1404s
 373972 206406   53.00000   27  226   80.00000   46.00000  42.5%  25.4 1414s
 374676 206956   71.00000   60  167   80.00000   46.00000  42.5%  25.4 1419s
 375423 207455   59.00000   47  250   80.00000   46.00000  42.5%  25.4 1427s
 376248 209017   79.00000   98  109   80.00000   46.00000  42.5%  25.5 1441s
 378503 209640 infeasible   83        80.00000   46.00000  42.5%  25.4 1448s
 379401 210540   72.00000   75  146   80.00000   47.00000  41.3%  25.5 1456s
 380682 211305   66.00000   55  239   80.00000   47.00000  41.3%  25.5 1466s
 381767 213718   62.00000   39  175   80.00000   47.00000  41.3%  25.6 1479s
 385498 214340 infeasible   71        80.00000   47.00000  41.3%  25.5 1489s
 386457 214927   69.00000   59  191   80.00000   47.00000  41.3%  25.5 1502s
 387411 216136   71.00000   60  176   80.00000   47.00000  41.3%  25.5 1512s
 389372 216823   79.00000   85  106   80.00000   47.00000  41.3%  25.6 1522s
 390363 220373   78.00000   62  138   80.00000   47.00000  41.3%  25.6 1549s
 395986 220929   66.00000   49  194   80.00000   47.00000  41.3%  25.5 1559s
 396885 221489   79.00000   56  101   80.00000   47.00000  41.3%  25.5 1568s
 397788 222264 infeasible   74        80.00000   47.00000  41.3%  25.6 1578s
 398899 223124   79.00000   69  128   80.00000   47.00000  41.3%  25.6 1586s
 400077 225317   66.00000   45  160   80.00000   47.00000  41.3%  25.7 1598s
 403646 226087   76.00000   40  130   80.00000   47.00000  41.3%  25.6 1609s
 404728 226827 infeasible   72        80.00000   47.00000  41.3%  25.6 1622s
 405832 227630 infeasible   56        80.00000   47.00000  41.3%  25.7 1632s
 407027 229783   55.62500   57  178   80.00000   47.00000  41.3%  25.7 1644s
 410251 230466 infeasible   74        80.00000   47.00000  41.3%  25.7 1658s
 411306 231119   73.00000   50  140   80.00000   47.00000  41.3%  25.7 1668s
 412301 232662   79.00000   58   72   80.00000   47.00000  41.3%  25.7 1685s
 414667 233893   78.00000   70  148   80.00000   47.00000  41.3%  25.8 1706s
 416325 236774   73.00000   70  145   80.00000   47.00000  41.3%  25.8 1720s
 420651 237433 infeasible   75        80.00000   47.00000  41.3%  25.8 1732s
 421735 238290   53.00000   49  218   80.00000   47.00000  41.3%  25.8 1747s
 422880 240541   54.00000   41  173   80.00000   47.00000  41.3%  25.9 1757s
 426260 241362   67.00000   57  178   80.00000   47.00000  41.3%  25.8 1768s
 427407 242123   77.00000   74  112   80.00000   47.00000  41.3%  25.9 1783s
 428592 244249   76.00000   84  106   80.00000   47.00000  41.2%  25.9 1797s
 431860 245293   77.00000   41  227   80.00000   48.00000  40.0%  25.8 1810s
 433366 246254   64.00000   64  134   80.00000   48.00000  40.0%  25.9 1828s
 434841 250151   72.00000   60  131   80.00000   48.00000  40.0%  25.9 1853s
 440760 251083   77.00000   83  130   80.00000   48.00000  40.0%  25.8 1868s
 442236 252144   79.00000   70   95   80.00000   48.00000  40.0%  25.8 1890s
 443844 253571   76.00000   51   99   80.00000   48.00000  40.0%  25.9 1906s
 445706 257125   75.00000   80  155   80.00000   48.00000  40.0%  25.9 1922s
 450671 258103   63.00000   68  162   80.00000   48.00000  40.0%  25.8 1942s
 452066 261188     cutoff   96        80.00000   48.00000  40.0%  25.8 1958s
 456399 262391   66.00000   37  184   80.00000   48.00000  40.0%  25.8 1972s
 457933 266965   67.00000   57  227   80.00000   48.00000  40.0%  25.8 2008s
 465083 267765   77.00000   63  162   80.00000   48.00000  40.0%  25.7 2021s
 466340 268514   48.00000   20  178   80.00000   48.00000  40.0%  25.7 2035s
 467660 269512 infeasible  108        80.00000   48.00000  40.0%  25.7 2048s
 469108 272607   79.00000   89  104   80.00000   48.00000  40.0%  25.8 2065s
 473489 273624   65.00000   61  182   80.00000   48.00000  40.0%  25.7 2080s
 474932 274680 infeasible   92        80.00000   48.00000  40.0%  25.7 2094s
 476529 277779   77.00000   68  184   80.00000   48.00000  40.0%  25.7 2113s
 481328 278763     cutoff   90        80.00000   48.00000  40.0%  25.6 2130s
 482822 280476   78.00000   60  148   80.00000   48.00000  40.0%  25.6 2156s
 485602 285047   55.00000   38  234   80.00000   48.00000  40.0%  25.7 2206s
 493040 285955   48.00000   45  256   80.00000   48.00000  40.0%  25.5 2220s
 494470 287045   77.00000   70  202   80.00000   48.00000  40.0%  25.5 2236s
 496108 290363   70.00000   56  154   80.00000   48.00000  40.0%  25.5 2255s
 501181 291390   60.00000   60  227   80.00000   48.00000  40.0%  25.4 2270s
 502590 292750   77.00000   79  134   80.00000   48.00000  40.0%  25.4 2284s
 504401 295888   79.00000   80  108   80.00000   48.00000  40.0%  25.5 2301s
 508956 296562   48.00000   55  250   80.00000   48.00000  40.0%  25.4 2310s
 509920 297297   65.00000   71  193   80.00000   48.00000  40.0%  25.4 2319s
 511037 299882   78.00000   72  151   80.00000   48.00000  40.0%  25.4 2335s
 515082 300656   77.00000   60  130   80.00000   48.00000  40.0%  25.3 2348s
 516215 302008   78.00000   58  118   80.00000   48.00000  40.0%  25.3 2361s
 518351 302872   79.00000   80  168   80.00000   48.00000  40.0%  25.3 2374s
 519681 305432   78.00000   63  138   80.00000   48.00000  40.0%  25.3 2387s
 523510 306218   74.00000   82  138   80.00000   48.00000  40.0%  25.3 2401s
 524793 307211   78.00000   93  108   80.00000   48.00000  40.0%  25.3 2413s
 526135 310210   53.00000   60  174   80.00000   48.00000  40.0%  25.3 2430s
 530740 310901   67.00000   62  182   80.00000   48.00000  40.0%  25.2 2442s
 531605 313041   75.00000   84  120   80.00000   48.00000  40.0%  25.2 2455s
 534946 313705 infeasible  125        80.00000   48.00000  40.0%  25.2 2467s
 536009 314404   79.00000   80   92   80.00000   48.00000  40.0%  25.2 2481s
 537159 315251     cutoff   75        80.00000   48.00000  40.0%  25.2 2494s
 538708 316487   59.00000   58  194   80.00000   48.00000  40.0%  25.2 2507s
 540605 317414   59.00000   56  170   80.00000   48.00000  40.0%  25.2 2527s
 541971 320373   56.00000   49  170   80.00000   48.00000  40.0%  25.2 2542s
 546256 321277     cutoff   57        80.00000   48.00000  40.0%  25.1 2557s
 547660 322240   78.00000   68  142   80.00000   48.00000  40.0%  25.1 2571s
 549133 324854   65.00000   77  148   80.00000   48.00000  40.0%  25.2 2606s
 553336 325519   48.00000   61  237   80.00000   48.00000  40.0%  25.1 2617s
 554330 326368   79.00000  104   50   80.00000   48.00000  40.0%  25.1 2630s
 555602 328979   78.00000   99  121   80.00000   48.00000  40.0%  25.1 2647s
 559919 329822   64.00000   51  174   80.00000   48.00000  40.0%  25.0 2659s
 561132 330608   79.00000   82   68   80.00000   48.00000  40.0%  25.0 2672s
 562383 333164   76.00000   86  150   80.00000   48.00000  40.0%  25.1 2685s
 566151 334000   79.00000   69  130   80.00000   48.00000  40.0%  25.0 2698s
 567428 335200 infeasible   69        80.00000   48.00000  40.0%  25.0 2710s
 569054 337921   60.00000   77  180   80.00000   48.00000  40.0%  25.0 2724s
 573535 338940   76.00000   66  154   80.00000   48.00000  40.0%  25.0 2739s
 574280 338940   78.00000   43  194   80.00000   48.00000  40.0%  25.0 2740s
 575070 340938   67.00000   53  210   80.00000   48.00000  40.0%  25.0 2773s
 577828 346119     cutoff   97        80.00000   48.00000  40.0%  25.0 2801s
 586005 346994 infeasible   92        80.00000   48.00000  40.0%  24.9 2816s
 587389 347904   59.00000   56  168   80.00000   48.00000  40.0%  24.9 2832s
 588848 350489   78.00000   67  130   80.00000   48.00000  40.0%  24.9 2866s
 592896 351562   67.00000   57  187   80.00000   48.00000  40.0%  24.8 2880s
 594276 354606   65.00000   69  146   80.00000   48.00000  40.0%  24.9 2898s
 598985 355696   78.00000   86  120   80.00000   48.00000  40.0%  24.8 2913s
 600528 357436   79.00000   76   96   80.00000   48.00000  40.0%  24.8 2940s
 603346 362352     cutoff   62        80.00000   48.00000  40.0%  24.8 2967s
 610951 363363 infeasible   81        80.00000   48.00000  40.0%  24.7 2981s
 612331 364452   78.00000   62  153   80.00000   48.00000  40.0%  24.7 2995s
 613770 366930   74.00000   67  158   80.00000   48.00000  40.0%  24.7 3025s
 617576 367841 infeasible   67        80.00000   48.00000  40.0%  24.7 3041s
 619028 368889   78.00000   84  130   80.00000   48.00000  40.0%  24.7 3057s
 620680 371623   79.00000   72   80   80.00000   48.00000  40.0%  24.7 3074s
 625061 372242   61.00000   43  172   80.00000   48.00000  40.0%  24.7 3085s
 626046 373019   74.00000   59  161   80.00000   48.00000  40.0%  24.7 3097s
 627246 375781   77.00000   75  130   80.00000   48.00000  40.0%  24.7 3113s
 631293 376474     cutoff   82        80.00000   48.00000  40.0%  24.6 3124s
 632382 377351 infeasible   77        80.00000   48.00000  40.0%  24.6 3137s
 633742 379969   78.00000   75  122   80.00000   48.00000  40.0%  24.6 3154s
 638197 380779   79.00000   72  126   80.00000   48.00000  40.0%  24.6 3173s
 639427 381669   79.00000   90   64   80.00000   48.00000  40.0%  24.6 3185s
*639465 328376             114      79.0000000   48.00000  39.2%  24.6 3185s
 640689 330603   66.00000   61  155   79.00000   48.00000  39.2%  24.6 3201s
 644895 331606   56.00000   49  237   79.00000   48.00000  39.2%  24.5 3223s
 646326 334436   78.00000   69  106   79.00000   48.00000  39.2%  24.6 3250s
 650740 335699 infeasible   76        79.00000   48.00000  39.2%  24.6 3269s
 652714 339279   78.00000   55  162   79.00000   48.00000  39.2%  24.6 3317s
 658428 340288 infeasible   98        79.00000   48.00000  39.2%  24.5 3336s
 660005 341269   67.00000   77  176   79.00000   48.00000  39.2%  24.5 3352s
 661672 344816   56.00000   40  226   79.00000   48.00000  39.2%  24.5 3375s
 667237 345861   78.00000   75  114   79.00000   48.00000  39.2%  24.5 3391s
 668799 347519   77.00000  100  128   79.00000   48.00000  39.2%  24.5 3416s
 671435 352555   67.00000   68  183   79.00000   48.00000  39.2%  24.5 3445s
 679427 353414   77.00000   85  120   79.00000   48.00000  39.2%  24.4 3460s
 680755 354344   58.00000   57  193   79.00000   48.00000  39.2%  24.4 3475s
 682141 355507 infeasible  104        79.00000   48.00000  39.2%  24.4 3489s
 683649 355507   75.00000   76  189   79.00000   48.00000  39.2%  24.4 3490s
 683754 358509   66.00000   94  171   79.00000   48.00000  39.2%  24.4 3509s
 688640 359445   75.00000   76  166   79.00000   48.00000  39.2%  24.4 3530s
 689968 362393   54.00000   48  203   79.00000   48.00000  39.2%  24.4 3549s
 694597 363082 infeasible   83        79.00000   48.00000  39.2%  24.3 3558s
 695537 363670   75.00000  101  128   79.00000   48.00000  39.2%  24.4 3570s
 696584 365876   78.00000   83  126   79.00000   48.00000  39.2%  24.4 3602s
 700115 366574   78.00000   63  148   79.00000   48.00000  39.2%  24.3 3614s
 701232 367389   78.00000   84   90   79.00000   48.00000  39.2%  24.3 3625s
 702415 369902   77.00000   75  134   79.00000   48.00000  39.2%  24.4 3642s
 706401 370663   78.00000   71  136   79.00000   48.00000  39.2%  24.3 3655s
 707647 371454   76.00000   85  151   79.00000   48.00000  39.2%  24.3 3668s
 708979 374130   77.00000   70  114   79.00000   48.00000  39.2%  24.3 3687s
 713681 375174   56.00000   60  209   79.00000   48.00000  39.2%  24.3 3704s
 715151 376783   75.00000   85  154   79.00000   48.00000  39.2%  24.3 3729s
 717904 381285   77.00000  101   76   79.00000   48.00000  39.2%  24.3 3786s
 725016 382201   72.00000   51  242   79.00000   48.00000  39.2%  24.2 3805s
 726518 383195   76.00000   83  138   79.00000   48.00000  39.2%  24.3 3821s
 728157 384340   78.00000   79   52   79.00000   48.00000  39.2%  24.3 3836s
 729846 387766   77.00000   71  152   79.00000   48.00000  39.2%  24.3 3859s
 735603 388648   65.00000   54  200   79.00000   48.00000  39.2%  24.2 3878s
 737003 390744   77.00000  107   96   79.00000   48.00000  39.2%  24.2 3908s
 740023 395850   75.00000   88  100   79.00000   48.00000  39.2%  24.3 3937s
 748334 396744   77.00000   97   96   79.00000   48.00000  39.2%  24.2 3953s
 749717 397869   68.00000   54  203   79.00000   48.00000  39.2%  24.2 3968s
 751389 400730   59.00000   52  176   79.00000   48.00000  39.2%  24.2 3987s
 755917 401582     cutoff   74        79.00000   48.00000  39.2%  24.2 4002s
 757274 402410 infeasible   85        79.00000   48.00000  39.2%  24.2 4020s
 758749 404706 infeasible  101        79.00000   48.00000  39.2%  24.2 4053s
 762099 406819   78.00000   80  120   79.00000   48.00000  39.2%  24.2 4078s
 765858 408188   77.00000   98  132   79.00000   48.00000  39.2%  24.2 4108s
 767780 412104   78.00000   63  128   79.00000   48.00000  39.2%  24.2 4131s
 774274 413046   54.00000   43  237   79.00000   48.00000  39.2%  24.2 4150s
 775841 414234   78.00000   95   54   79.00000   48.00000  39.2%  24.2 4174s
 777440 417791   78.00000   74  160   79.00000   48.00000  39.2%  24.2 4194s
 783311 418897   76.00000   76  142   79.00000   48.00000  39.2%  24.1 4210s
 784798 423472   67.00000   74  172   79.00000   48.00000  39.2%  24.1 4238s
 792284 424109   78.00000   75  152   79.00000   48.00000  39.2%  24.1 4257s
 793384 424853   76.00000   49  191   79.00000   48.00000  39.2%  24.1 4275s
 794659 425629     cutoff   83        79.00000   48.00000  39.2%  24.1 4290s
 795893 426381   59.00000   53  163   79.00000   48.00000  39.2%  24.1 4308s
 797448 427344   75.00000   84  159   79.00000   48.00000  39.2%  24.1 4333s
 799088 430437   78.00000   88  140   79.00000   48.00000  39.2%  24.2 4357s
 804068 431279     cutoff   85        79.00000   48.00000  39.2%  24.1 4373s
 805416 432118     cutoff   96        79.00000   48.00000  39.2%  24.1 4394s
 806801 435683   78.00000   87  146   79.00000   48.00000  39.2%  24.1 4422s
 812872 436487   76.00000   64  174   79.00000   48.00000  39.2%  24.1 4447s
 814393 437280   77.00000   90  103   79.00000   48.00000  39.2%  24.1 4464s
 815885 437280   78.00000   84   66   79.00000   48.00000  39.2%  24.1 4465s
 815971 438409   77.00000  101  108   79.00000   48.00000  39.2%  24.1 4485s
 817804 441965   78.00000   59  148   79.00000   48.00000  39.2%  24.2 4530s
 823435 442975   72.00000   75  167   79.00000   48.00000  39.2%  24.1 4548s
 825006 444028   60.00000   44  177   79.00000   48.00000  39.2%  24.1 4567s
 826717 447214   77.00000   56   86   79.00000   48.00000  39.2%  24.1 4586s
 831848 448107 infeasible   98        79.00000   48.00000  39.2%  24.1 4603s
 833250 449909   76.00000   80   91   79.00000   48.00000  39.2%  24.1 4633s
 836153 455145   56.00000   64  209   79.00000   48.00000  39.2%  24.1 4664s
 843571 455145   78.00000   92  128   79.00000   48.00000  39.2%  24.0 4666s
 844537 456027   74.00000   79  149   79.00000   48.00000  39.2%  24.0 4681s
 845820 456884 infeasible   79        79.00000   48.00000  39.2%  24.1 4695s
 847229 457882 infeasible   72        79.00000   48.00000  39.2%  24.1 4720s
 848778 461167   78.00000   78  125   79.00000   48.00000  39.2%  24.1 4744s
 854089 462136 infeasible   70        79.00000   48.00000  39.2%  24.0 4760s
 855530 466721   75.00000  120  116   79.00000   48.00000  39.2%  24.0 4801s
 863010 467488   62.00000   66  161   79.00000   48.00000  39.2%  24.0 4816s
 864243 468368   78.00000   40  109   79.00000   48.00000  39.2%  24.0 4838s
 865545 469127   78.00000   85  159   79.00000   48.00000  39.2%  24.0 4852s
 866945 470291   78.00000   93  119   79.00000   48.00000  39.2%  24.0 4871s
 868757 473505   67.00000   74  158   79.00000   48.00000  39.2%  24.0 4904s
 873605 474130 infeasible   89        79.00000   48.00000  39.2%  24.0 4920s
 874950 474950   55.00000   61  234   79.00000   48.00000  39.2%  24.0 4936s
 876455 475797   78.00000   62  160   79.00000   48.00000  39.2%  24.0 4951s
 878042 480993   71.00000   79  176   79.00000   48.00000  39.2%  24.0 4983s
 886288 481660   65.00000   65  194   79.00000   48.00000  39.2%  23.9 5002s
 887349 482340   78.00000   65  178   79.00000   48.00000  39.2%  23.9 5015s
 888566 483035   78.00000   83  116   79.00000   48.00000  39.2%  23.9 5027s
 889843 483733   74.00000   65  182   79.00000   48.00000  39.2%  24.0 5048s
 891073 486348   78.00000   72  159   79.00000   48.00000  39.2%  24.0 5066s
 895679 487102   56.00000   53  193   79.00000   48.00000  39.2%  23.9 5082s
 896912 487894   77.00000   68  142   79.00000   48.00000  39.2%  23.9 5104s
 898202 488816   70.00000   76  192   79.00000   48.00000  39.2%  24.0 5120s
 899680 494252   77.00000   77  215   79.00000   48.00000  39.2%  24.0 5154s
 907967 494252   78.00000   90   73   79.00000   48.00000  39.2%  23.9 5157s
 908948 494840   65.00000   65  196   79.00000   48.00000  39.2%  23.9 5174s
 909940 495477   67.00000   70  227   79.00000   48.00000  39.2%  23.9 5186s
 911014 496227   78.00000   87  107   79.00000   48.00000  39.2%  23.9 5204s
 912130 496977   77.00000   79  168   79.00000   48.00000  39.2%  23.9 5217s
 913406 497966   74.00000   87  194   79.00000   48.00000  39.2%  23.9 5232s
 914852 500931   68.00000   85  134   79.00000   48.00000  39.2%  23.9 5271s
 919417 501692   78.00000   67  164   79.00000   48.00000  39.2%  23.9 5288s
 920738 502533   68.00000   80  209   79.00000   48.00000  39.2%  23.9 5305s
 922111 508339   70.00000   86  174   79.00000   48.00000  39.2%  23.9 5343s
 931481 509083   66.00000   77  183   79.00000   48.00000  39.2%  23.8 5356s
 932533 509725   78.00000  106   94   79.00000   48.00000  39.2%  23.8 5367s
 933549 510505   78.00000   66   80   79.00000   48.00000  39.2%  23.8 5380s
 934790 511309   73.00000   70  184   79.00000   48.00000  39.2%  23.8 5396s
 936136 513587   78.00000   85  134   79.00000   48.00000  39.2%  23.8 5416s
 939789 514223   78.00000   89  144   79.00000   48.00000  39.2%  23.8 5440s
 941104 515057     cutoff  107        79.00000   48.00000  39.2%  23.8 5456s
 942593 516117   66.00000   75  166   79.00000   48.00000  39.2%  23.8 5474s
 944307 520535     cutoff  110        79.00000   48.00000  39.2%  23.9 5522s
 951521 521282 infeasible  118        79.00000   48.00000  39.2%  23.8 5538s
 952643 521996   58.00000   65  200   79.00000   48.00000  39.2%  23.8 5552s
 953900 522758   78.00000   94   88   79.00000   48.00000  39.2%  23.8 5567s
 955139 523625   78.00000   55  167   79.00000   48.00000  39.2%  23.8 5583s
 956567 526632   76.00000  131   70   79.00000   48.00000  39.2%  23.8 5603s
 961253 527494 infeasible  113        79.00000   48.00000  39.2%  23.8 5619s
 962632 530255   70.00000  116  152   79.00000   48.00000  39.2%  23.8 5639s
 966935 531207   65.00000   63  178   79.00000   48.00000  39.2%  23.8 5657s
 968433 532673 infeasible  102        79.00000   48.00000  39.2%  23.8 5699s
 970900 537919   78.00000   71  122   79.00000   48.00000  39.2%  23.8 5732s
 979865 538714 infeasible  101        79.00000   48.00000  39.2%  23.7 5750s
 981151 539599 infeasible   96        79.00000   48.00000  39.2%  23.7 5766s
 982567 540549   73.00000   83  198   79.00000   48.00000  39.2%  23.7 5788s
 984006 541458   78.00000   65  158   79.00000   48.00000  39.2%  23.8 5807s
 985642 544784   78.00000   89  162   79.00000   48.00000  39.2%  23.8 5829s
 990994 545561   76.00000   51  154   79.00000   48.00000  39.2%  23.7 5854s
 992419 547368 infeasible   80        79.00000   48.00000  39.2%  23.7 5887s
 995340 552141   77.00000   63  128   79.00000   48.00000  39.2%  23.8 5924s
 1002788 553046   66.00000   55  190   79.00000   48.00000  39.2%  23.7 5950s
 1004198 554040   75.00000   72  202   79.00000   48.00000  39.2%  23.7 5969s
 1005789 554970   77.00000   89   98   79.00000   48.00000  39.2%  23.8 5998s
 1007597 556260     cutoff   74        79.00000   48.00000  39.2%  23.8 6018s
 1009476 559656   75.00000   77  198   79.00000   48.00000  39.2%  23.8 6044s
 1013352 559656   67.00000   66  154   79.00000   48.00000  39.2%  23.8 6045s
 1014746 560510   77.00000   82  133   79.00000   48.00000  39.2%  23.8 6070s
 1016250 562406 infeasible  111        79.00000   48.00000  39.2%  23.8 6100s
 1019078 567120   65.28261   53  176   79.00000   48.00000  39.2%  23.8 6134s
 1021869 567120   48.00000   51  217   79.00000   48.00000  39.2%  23.8 6135s
 1026121 568030 infeasible   85        79.00000   48.00000  39.2%  23.8 6160s
 1027510 569310   76.00000   71  216   79.00000   48.00000  39.2%  23.8 6178s
 1029170 572411   74.00000   73  126   79.00000   48.00000  39.2%  23.8 6210s
 1034235 573323 infeasible  118        79.00000   48.00000  39.2%  23.7 6228s
 1035656 574266     cutoff   83        79.00000   48.00000  39.2%  23.8 6246s
 1037174 576912   67.00000   49  155   79.00000   48.00000  39.2%  23.8 6269s
 1041354 577468   48.00000   69  208   79.00000   48.00000  39.2%  23.7 6281s
 1042232 578209   78.00000   84  162   79.00000   48.00000  39.2%  23.8 6299s
 1043388 579525   65.00000   78  157   79.00000   48.00000  39.2%  23.8 6315s
 1045247 580523   68.00000   84  160   79.00000   48.00000  39.2%  23.8 6333s
 1046818 583486   65.00000   61  163   79.00000   48.00000  39.2%  23.8 6378s
 1051369 584425   63.00000   50  169   79.00000   48.00000  39.2%  23.8 6397s
 1052828 585475   48.00000   49  187   79.00000   48.00000  39.2%  23.8 6414s
 1054422 588522   75.00000   59  156   79.00000   48.00000  39.2%  23.8 6439s
 1059498 589599 infeasible  113        79.00000   48.00000  39.2%  23.8 6459s
 1061107 591161   78.00000   87  176   79.00000   48.00000  39.2%  23.8 6489s
 1063598 594972   65.00000   55  187   79.00000   48.00000  39.2%  23.8 6522s
 1069560 595954 infeasible   62        79.00000   48.00000  39.2%  23.8 6545s
 1071273 596936   72.00000   60  164   79.00000   48.00000  39.2%  23.8 6574s
 1073067 598110   78.00000   89  114   79.00000   48.00000  39.2%  23.8 6596s
 1074941 602090   65.00000   82  183   79.00000   48.00000  39.2%  23.8 6621s
 1080975 603031   73.00000   61  144   79.00000   48.00000  39.2%  23.8 6651s
 1082444 604020   48.00000   40  248   79.00000   48.00000  39.2%  23.8 6670s
 1083987 605666   77.00000   75  115   79.00000   48.00000  39.2%  23.8 6702s
 1086748 609930   48.00000   39  254   79.00000   48.00000  39.2%  23.8 6768s
 1093677 610862   77.00000   69  128   79.00000   48.00000  39.2%  23.8 6787s
 1095144 611855   65.00000   64  188   79.00000   48.00000  39.2%  23.8 6807s
 1096776 613109 infeasible  103        79.00000   48.00000  39.2%  23.8 6827s
 1098491 616627   78.00000   46  167   79.00000   48.00000  39.2%  23.8 6853s
 1103863 617714   70.00000   54  227   79.00000   48.00000  39.2%  23.8 6872s
 1105407 620672   67.00000   78  171   79.00000   48.00000  39.2%  23.8 6894s
 1109897 621306   50.00000   50  234   79.00000   48.00000  39.2%  23.8 6906s
 1110871 622096   78.00000   89  145   79.00000   48.00000  39.2%  23.8 6918s
 1112087 622992 infeasible   88        79.00000   48.00000  39.2%  23.8 6934s
 1113487 625536   78.00000   74  135   79.00000   48.00000  39.2%  23.8 6952s
 1117751 626347 infeasible   91        79.00000   48.00000  39.2%  23.7 6968s
 1119020 627150   60.00000   49  177   79.00000   48.00000  39.2%  23.8 6985s
 1120404 629948   56.00000   54  210   79.00000   48.00000  39.2%  23.8 7008s
 1124829 630736   67.00000   56  194   79.00000   48.00000  39.2%  23.7 7026s
 1126117 631602   78.00000   78  116   79.00000   48.00000  39.2%  23.7 7043s
 1127503 632703   78.00000   80  129   79.00000   48.00000  39.2%  23.8 7070s
 1129105 637694   61.00000   65  127   79.00000   48.00000  39.2%  23.8 7104s
 1136769 638353   74.00000   87  161   79.00000   48.00000  39.2%  23.7 7120s
 1137841 639157   48.00000   53  215   79.00000   48.00000  39.2%  23.7 7143s
 1139074 640197   78.00000  109   90   79.00000   48.00000  39.2%  23.7 7157s
 1140498 641168   59.00000   53  196   79.00000   48.00000  39.2%  23.7 7173s
 1141877 643633   77.00000   61  122   79.00000   48.00000  39.2%  23.8 7210s
 1145801 644596   67.00000   64  183   79.00000   48.00000  39.2%  23.7 7227s
 1147264 645554   78.00000  107  102   79.00000   48.00000  39.2%  23.8 7245s
 1148842 648691   78.00000   70  138   79.00000   48.00000  39.2%  23.8 7271s
 1153581 649660   78.00000   58  184   79.00000   48.00000  39.2%  23.7 7291s
 1155134 651341   77.00000   76   94   79.00000   48.00000  39.2%  23.7 7322s
 1157858 656406   78.00000   81  102   79.00000   48.00000  39.2%  23.8 7357s
 1163336 656406   48.00000   54  224   79.00000   48.00000  39.2%  23.7 7360s
 1165903 657348 infeasible   95        79.00000   48.00000  39.2%  23.7 7383s
 1167210 658032   72.00000   56  174   79.00000   48.00000  39.2%  23.7 7400s
 1168607 659045   78.00000   44  102   79.00000   48.00000  39.2%  23.7 7420s
 1170294 661711   77.00000   65  160   79.00000   48.00000  39.2%  23.7 7466s
 1174697 662543 infeasible   77        79.00000   48.00000  39.2%  23.7 7485s
 1176177 663508   73.00000   57  160   79.00000   48.00000  39.2%  23.7 7505s
 1177671 667410   77.00000   67  158   79.00000   48.00000  39.2%  23.7 7539s
 1181099 667410   78.00000   90   94   79.00000   48.00000  39.2%  23.7 7540s
 1183960 668351   78.00000   91  142   79.00000   48.00000  39.2%  23.7 7558s
 1185411 669278     cutoff  108        79.00000   48.00000  39.2%  23.7 7577s
 1186940 670503   77.00000   84  126   79.00000   48.00000  39.2%  23.7 7595s
 1188707 673773   64.00000   89  136   79.00000   48.00000  39.2%  23.7 7620s
 1194021 674638   78.00000   67  128   79.00000   48.00000  39.2%  23.7 7640s
 1195527 675698   76.00000   59  146   79.00000   48.00000  39.2%  23.7 7666s
 1197033 678579   67.00000  104  136   79.00000   48.00000  39.2%  23.7 7689s
 1199945 678579   64.00000   88  157   79.00000   48.00000  39.2%  23.7 7690s
 1201907 679522   77.00000   69  152   79.00000   48.00000  39.2%  23.7 7711s
 1203477 681192   70.00000   62  185   79.00000   48.00000  39.2%  23.7 7753s
 1206032 686399   78.00000   98  102   79.00000   48.00000  39.2%  23.7 7791s
 1214268 687342   76.00000   58  132   79.00000   48.00000  39.2%  23.7 7812s
 1215700 688178   78.00000   70   90   79.00000   48.00000  39.2%  23.7 7829s
 1217130 689095   76.00000   71  125   79.00000   48.00000  39.2%  23.7 7855s
 1218710 690244   49.46300   41  183   79.00000   48.00000  39.2%  23.7 7874s
 1220451 693666   78.00000   97   80   79.00000   48.00000  39.2%  23.7 7901s
 1225932 694859   77.00000   65  180   79.00000   48.00000  39.2%  23.7 7928s
 1227462 696849   71.00000   58  156   79.00000   48.00000  39.2%  23.7 7961s
 1230560 698415   72.00000   55  147   79.00000   48.00000  39.2%  23.7 7992s
 1233296 702403   59.00000   55  198   79.00000   48.00000  39.2%  23.7 8057s
 1239454 703454   68.00000   83  172   79.00000   48.00000  39.2%  23.7 8081s
 1241212 704557   76.00000  127  118   79.00000   48.00000  39.2%  23.7 8105s
 1243134 705768   76.00000   64  146   79.00000   48.00000  39.2%  23.7 8130s
 1245137 709709   78.00000   67  156   79.00000   48.00000  39.2%  23.7 8160s
 1251147 710986     cutoff   88        79.00000   48.00000  39.2%  23.7 8180s
 1252786 712520   65.00000   63  195   79.00000   48.00000  39.2%  23.7 8210s
 1255399 717447   77.00000   86  137   79.00000   48.00000  39.2%  23.7 8243s
 1263114 718341   76.00000   61  161   79.00000   48.00000  39.2%  23.6 8265s
 1264602 719290   65.00000   54  220   79.00000   48.00000  39.2%  23.7 8284s
 1266135 720356     cutoff  102        79.00000   48.00000  39.2%  23.7 8304s
 1267825 721371   75.00000   73  179   79.00000   48.00000  39.2%  23.7 8330s
 1269473 724927   71.00000   51  210   79.00000   48.00000  39.2%  23.7 8360s
 1275204 725947   78.00000   66  140   79.00000   48.00000  39.2%  23.6 8392s
 1276839 727604   67.00000   55  174   79.00000   48.00000  39.2%  23.6 8426s
 1279502 732659   74.00000   85  116   79.00000   48.00000  39.2%  23.7 8464s
 1288005 733544   65.00000   55  158   79.00000   48.00000  39.2%  23.6 8491s
 1289311 734289   77.00000   72  172   79.00000   48.00000  39.2%  23.6 8508s
 1290737 735226     cutoff   95        79.00000   48.00000  39.2%  23.6 8530s
 1292283 736281   74.00000   57  136   79.00000   48.00000  39.2%  23.6 8551s
 1293950 738982   68.00000   80  131   79.00000   48.00000  39.2%  23.6 8589s
 1298444 740111 infeasible   87        79.00000   48.00000  39.2%  23.6 8611s
 1300061 741706   77.00000   93   62   79.00000   48.00000  39.2%  23.6 8643s
 1302754 746557   78.00000   68  134   79.00000   48.00000  39.2%  23.6 8679s
 1310506 747644   75.00000   58  202   79.00000   48.00000  39.2%  23.6 8700s
 1311998 748769   77.00000   80  144   79.00000   48.00000  39.2%  23.6 8717s
 1313608 751858   77.00000   80  143   79.00000   48.00000  39.2%  23.6 8744s
 1318386 752714   78.00000   77  147   79.00000   48.00000  39.2%  23.5 8771s
 1319749 753625   61.00000   48  173   79.00000   48.00000  39.2%  23.5 8791s
 1321281 756319   77.00000  112   74   79.00000   48.00000  39.2%  23.5 8817s
 1325909 756984   75.00000   84  118   79.00000   48.00000  39.2%  23.5 8830s
 1326916 757628   67.00000   53  202   79.00000   48.00000  39.2%  23.5 8850s
 1327976 758556   78.00000   95  164   79.00000   48.00000  39.2%  23.5 8867s
 1329412 761278   78.00000   98   58   79.00000   48.00000  39.2%  23.5 8891s
 1334026 761998 infeasible  108        79.00000   48.00000  39.2%  23.5 8916s
 1335268 762825   65.00000   60  166   79.00000   48.00000  39.2%  23.5 8932s
 1336618 763916   78.00000   72  130   79.00000   48.00000  39.2%  23.5 8947s
 1338099 766573   75.00000   94   88   79.00000   48.00000  39.2%  23.5 8986s
 1342224 767589     cutoff  104        79.00000   48.00000  39.2%  23.5 9006s
 1343763 768918   78.00000   85   94   79.00000   48.00000  39.2%  23.5 9026s
 1345875 770166   53.00000   36  219   79.00000   48.00000  39.2%  23.5 9051s
 1347867 774208   78.00000   82  116   79.00000   48.00000  39.2%  23.5 9080s
 1354314 775174   78.00000   78  121   79.00000   48.00000  39.2%  23.5 9101s
 1355812 776091   65.00000   70  172   79.00000   48.00000  39.2%  23.5 9123s
 1357324 777232     cutoff   93        79.00000   48.00000  39.2%  23.5 9143s
 1359030 780205   78.00000   93   90   79.00000   48.00000  39.2%  23.5 9194s
 1363932 781204   78.00000   63  178   79.00000   48.00000  39.2%  23.5 9215s
 1365474 782012   69.00000   60  165   79.00000   48.00000  39.2%  23.5 9236s
 1366863 784281     cutoff   72        79.00000   48.00000  39.2%  23.5 9275s
 1370462 789079   77.00000   93  113   79.00000   48.00000  39.2%  23.5 9313s
 1378148 789970 infeasible  117        79.00000   48.00000  39.2%  23.5 9335s
 1379569 790909   78.00000   58  177   79.00000   48.00000  39.2%  23.5 9355s
 1381076 791892   68.00000   86  116   79.00000   48.00000  39.2%  23.5 9376s
 1382697 793023     cutoff   90        79.00000   48.00000  39.2%  23.5 9396s
 1384539 796155   66.00000   54  180   79.00000   48.00000  39.2%  23.5 9438s
 1389627 797120 infeasible  108        79.00000   48.00000  39.2%  23.5 9460s
 1391185 798836 infeasible   79        79.00000   48.00000  39.2%  23.5 9497s
 1394033 803821   78.00000   64  198   79.00000   48.00000  39.2%  23.5 9537s
 1402171 804717   66.00000   59  173   79.00000   48.00000  39.2%  23.4 9555s
 1403447 805574   78.00000   63   92   79.00000   48.00000  39.2%  23.4 9577s
 1404872 806589   68.00000   74  142   79.00000   48.00000  39.2%  23.4 9598s
 1406507 807604   65.00000   51  197   79.00000   48.00000  39.2%  23.5 9628s
 1408170 811036   77.00000  106  116   79.00000   48.00000  39.2%  23.5 9658s
 1413719 812054   76.00000   67  145   79.00000   48.00000  39.2%  23.4 9681s
 1415318 813887 infeasible   43        79.00000   48.00000  39.2%  23.4 9726s
 1418098 818006   68.00000   61  148   79.00000   48.00000  39.2%  23.4 9754s
 1425087 819030   76.00000   62  146   79.00000   48.00000  39.2%  23.4 9774s
 1426574 819980   59.00000   85  159   79.00000   48.00000  39.2%  23.4 9792s
 1428206 820986   78.00000  123   92   79.00000   48.00000  39.2%  23.4 9821s
 1429863 822727   76.00000   88  129   79.00000   48.00000  39.2%  23.4 9846s
 1432484 823999   67.00000   62  131   79.00000   48.00000  39.2%  23.4 9869s
 1434461 827201   76.00000   95   92   79.00000   48.00000  39.2%  23.5 9909s
 1439806 828215   65.00000   49  212   79.00000   48.00000  39.2%  23.4 9932s
 1441415 829965   77.00000   67  144   79.00000   48.00000  39.2%  23.4 9962s
 1444058 834334   78.00000   74   78   79.00000   48.00000  39.2%  23.4 9997s
 1451333 835182   56.00000   63  215   79.00000   48.00000  39.2%  23.4 10026s
 1452759 836053   72.00000   59  222   79.00000   48.00000  39.2%  23.4 10047s
 1454217 837116   66.00000   76  186   79.00000   48.00000  39.2%  23.4 10068s
 1455891 839836   78.00000   77   86   79.00000   48.00000  39.2%  23.4 10120s
 1460386 840813 infeasible  102        79.00000   48.00000  39.2%  23.4 10143s
 1461957 841637   67.00000   57  194   79.00000   48.00000  39.2%  23.4 10162s
 1463341 844896   72.00000   69  206   79.00000   48.00000  39.2%  23.4 10204s
 1468618 845929   77.00000   61   76   79.00000   48.00000  39.2%  23.4 10231s
 1470443 846971   73.00000   59   97   79.00000   48.00000  39.2%  23.5 10257s
 1472284 850214   69.00000   62  162   79.00000   48.00000  39.2%  23.5 10283s
 1478158 851025     cutoff   89        79.00000   48.00000  39.2%  23.4 10307s
 1479635 851907   72.00000   41  198   79.00000   48.00000  39.2%  23.5 10338s
 1481265 852935   78.00000   88  108   79.00000   48.00000  39.2%  23.5 10364s
 1483083 855953   78.00000   61  205   79.00000   48.00000  39.2%  23.5 10393s
 1488219 856606   78.00000   90  128   79.00000   48.00000  39.2%  23.5 10419s
 1489590 858464   77.00000   67  145   79.00000   48.00000  39.2%  23.5 10456s
 1492515 859972   78.00000   67  132   79.00000   48.00000  39.2%  23.5 10505s
 1494872 865094     cutoff   91        79.00000   48.00000  39.2%  23.5 10542s
 1502547 866250   76.00000   46  144   79.00000   48.00000  39.2%  23.5 10568s
 1504342 867174   78.00000   61  142   79.00000   48.00000  39.2%  23.5 10601s
 1506141 868598   50.00000   52  197   79.00000   48.00000  39.2%  23.5 10625s
 1508192 869725   78.00000   85   74   79.00000   48.00000  39.2%  23.5 10653s
 1510118 870622 infeasible   85        79.00000   48.00000  39.2%  23.5 10683s
 1511616 875315     cutoff   82        79.00000   48.00000  39.2%  23.6 10720s
 1518761 876151     cutoff   62        79.00000   48.00000  39.2%  23.5 10746s
 1519990 877083 infeasible   81        79.00000   48.00000  39.2%  23.5 10764s
 1521383 878086   56.00000   65  191   79.00000   48.00000  39.2%  23.6 10784s
 1522909 878663   78.00000   79  126   79.00000   48.00000  39.2%  23.6 10800s

Cutting planes:
  Learned: 9719
  Gomory: 23
  Cover: 177
  Implied bound: 4
  MIR: 354
  Flow cover: 933
  RLT: 346
  Relax-and-lift: 74

Explored 1523742 nodes (35932879 simplex iterations) in 10801.12 seconds (413.26 work units)
Thread count was 18 (of 36 available processors)

Solution count 10: 79 80 81 ... 88

Time limit reached
Best objective 7.900000000000e+01, best bound 4.800000000000e+01, gap 39.2405%
