
Gurobi 11.0.0 (win64) logging started Sat May 18 04:15:21 2024

Set parameter LogFile to value "./Results/StripPacking-SequencePairRuns/Logs/SBspM-010-StripPacking-25.log"
Set parameter TimeLimit to value 10800
Set parameter Cuts to value 0
Set parameter Presolve to value 1
Set parameter Heuristics to value 0
Set parameter LPWarmStart to value 2
Gurobi Optimizer version 11.0.0 build v11.0.0rc2 (win64 - Windows 10.0 (19045.2))

CPU model: Intel(R) Core(TM) i9-10980XE CPU @ 3.00GHz, instruction set [SSE2|AVX|AVX2|AVX512]
Thread count: 18 physical cores, 36 logical processors, using up to 18 threads

Optimize a model with 14625 rows, 951 columns and 43850 nonzeros
Model fingerprint: 0xb952b1fe
Variable types: 351 continuous, 600 integer (600 binary)
Coefficient statistics:
  Matrix range     [1e+00, 1e+04]
  Objective range  [1e+00, 1e+00]
  Bounds range     [1e+00, 1e+04]
  RHS range        [1e+00, 1e+04]

Warning: Completing partial solution with 600 unfixed non-continuous variables out of 600
User MIP start did not produce a new incumbent solution

Presolve removed 1500 rows and 0 columns
Presolve time: 0.06s
Presolved: 13125 rows, 951 columns, 39950 nonzeros
Variable types: 351 continuous, 600 integer (600 binary)

Root relaxation: objective 3.500000e+01, 1709 iterations, 0.14 seconds (0.20 work units)
Another try with MIP start

    Nodes    |    Current Node    |     Objective Bounds      |     Work
 Expl Unexpl |  Obj  Depth IntInf | Incumbent    BestBd   Gap | It/Node Time

H    0     0                     115.0000000   35.00000  69.6%     -    3s
     0     0   35.00000    0  147  115.00000   35.00000  69.6%     -    3s
     0     0   35.00000    0  116  115.00000   35.00000  69.6%     -    3s
     0     2   35.00000    0   88  115.00000   35.00000  69.6%     -    4s
    31    50   35.00000    5  171  115.00000   35.00000  69.6%   353    5s
  1127  1397   58.00000   30  138  115.00000   35.00000  69.6%   169   10s
* 1644  1723             125     108.0000000   35.00000  67.6%   138   10s
* 1645  1707             125     102.0000000   35.00000  65.7%   137   10s
  3260  2634   71.00000   68  108  102.00000   35.00000  65.7%   115   15s
  3346  2710   35.00000   18  153  102.00000   35.00000  65.7%   129   20s
  3732  3082   62.00000   30  143  102.00000   35.00000  65.7%   155   25s
* 4121  3061              72     101.0000000   35.00000  65.3%   155   26s
  5173  3649   44.00000   27  230  101.00000   35.00000  65.3%   156   30s
  5937  4066   35.00000   22  169  101.00000   35.00000  65.3%   169   36s
* 6062  3841             112     100.0000000   35.00000  65.0%   172   36s
* 6195  3664              73      99.0000000   35.00000  64.6%   170   36s
* 6948  3704              82      98.0000000   35.00000  64.3%   173   38s
  7018  4052   61.00000   24  139   98.00000   35.00000  64.3%   174   40s
* 7521  4088             108      97.0000000   35.00000  63.9%   175   42s
* 8031  3779              81      96.0000000   35.00000  63.5%   176   42s
  9214  4445   62.00000   37  118   96.00000   35.00000  63.5%   178   46s
* 9250  4372              64      95.0000000   35.00000  63.2%   178   46s
*10610  5010              73      94.0000000   35.00000  62.8%   180   49s
 10778  5354   72.00000   48  186   94.00000   35.00000  62.8%   182   51s
 12758  6605   57.00000   34  312   94.00000   35.00000  62.8%   188   56s
 14114  7964   55.00000   31  234   94.00000   35.00000  62.8%   190   63s
*14544  7806              68      93.0000000   35.00000  62.4%   191   63s
*14545  7569              68      92.0000000   35.00000  62.0%   191   63s
 15103  8111   35.00000   32  239   92.00000   35.00000  62.0%   191   65s
*15927  8562              70      90.0000000   35.00000  61.1%   194   68s
 17006  8830   35.00000   28  308   90.00000   35.00000  61.1%   195   70s
 18702 10405   49.00000   29  169   90.00000   35.00000  61.1%   200   78s
 19832 10979   56.00000   33  203   90.00000   35.00000  61.1%   203   81s
 20694 11545   69.00000   51  134   90.00000   35.00000  61.1%   208   85s
*20743 11003              83      88.0000000   35.00000  60.2%   208   85s
 22652 12552 infeasible   65        88.00000   35.00000  60.2%   215   94s
 24044 13559   73.00000   61   78   88.00000   35.00000  60.2%   218   99s
 25628 14473   67.00000   50  198   88.00000   35.00000  60.2%   221  103s
 27008 15485   86.00000   52   91   88.00000   35.00000  60.2%   222  109s
 28645 16752   55.00000   32  228   88.00000   35.00000  60.2%   225  114s
 30577 18015   75.00000   40  188   88.00000   35.00000  60.2%   227  120s
 32448 19344   75.00000   40  149   88.00000   35.00000  60.2%   228  127s
 34556 20581   70.00000   36  179   88.00000   35.00000  60.2%   231  134s
 36649 21871   62.00000   38  198   88.00000   35.00000  60.2%   233  141s
 38825 23338 infeasible   63        88.00000   35.00000  60.2%   236  149s
 41396 24841   70.00000   39  203   88.00000   35.00000  60.2%   236  157s
 43982 26177   41.00000   28  350   88.00000   35.00000  60.2%   237  165s
 46302 27761   69.00000   40  207   88.00000   35.00000  60.2%   239  174s
 48955 29270   44.00000   29  286   88.00000   35.00000  60.2%   241  183s
 51505 31029   62.00000   44  265   88.00000   35.00000  60.2%   243  192s
 54311 32735   71.00000   42   69   88.00000   35.00000  60.2%   245  201s
 57307 34397   35.00000   27  275   88.00000   35.00000  60.2%   245  210s
 59769 36229   74.00000   42  188   88.00000   35.00000  60.2%   247  219s
*61985 34473              82      86.0000000   35.00000  59.3%   247  219s
*61992 33326              83      85.0000000   35.00000  58.8%   247  219s
 62534 34892   57.00000   34  164   85.00000   35.00000  58.8%   248  229s
 65758 36333 infeasible   66        85.00000   35.00000  58.8%   247  237s
 68308 38068   36.02287   29  251   85.00000   35.00000  58.8%   248  246s
 71079 39716     cutoff   55        85.00000   35.00000  58.8%   249  256s
 74360 40943   62.00000   44  153   85.00000   35.00000  58.8%   248  264s
 76887 42332   62.00000   29  117   85.00000   35.00000  58.8%   248  272s
 79272 43681   70.00000   51  106   85.00000   35.00000  58.8%   249  279s
 80466 43681   35.00000   29  287   85.00000   35.00000  58.8%   250  280s
 81623 45279   57.00000   35  289   85.00000   35.00000  58.8%   250  289s
 84452 46715   54.00000   31  195   85.00000   35.00000  58.8%   250  297s
 87131 47938 infeasible   53        85.00000   35.00000  58.8%   250  305s
 89441 49185   67.00000   33  165   85.00000   35.00000  58.8%   252  313s
 91800 50778   41.00000   22  184   85.00000   35.00000  58.8%   253  323s
 94673 52402   63.00000   33  138   85.00000   35.00000  58.8%   253  332s
 97462 53808   57.00000   35  166   85.00000   35.00000  58.8%   253  341s
 100079 55289   35.00000   39  226   85.00000   35.00000  58.8%   253  351s
 102865 56623   51.00000   33  274   85.00000   35.00000  58.8%   253  360s
 105412 58126   37.34156   24  299   85.00000   35.00000  58.8%   253  370s
 108358 59526   75.00000   45  134   85.00000   35.00000  58.8%   253  378s
 111056 60774   38.00000   24  258   85.00000   35.00000  58.8%   253  386s
 113514 62313 infeasible   46        85.00000   35.00000  58.8%   253  396s
 116330 63556   78.00000   48   74   85.00000   35.00000  58.8%   253  404s
 118882 64997   51.00000   38  293   85.00000   35.00000  58.8%   253  412s
 121369 66307   73.00000   51  122   85.00000   35.00000  58.8%   254  421s
 123965 67824   35.82165   32  271   85.00000   35.00000  58.8%   254  429s
 126604 69186   62.00000   35  179   85.00000   35.00000  58.8%   253  437s
 128923 70421   35.00000   33  276   85.00000   35.00000  58.8%   254  446s
 131264 71761 infeasible   47        85.00000   35.00000  58.8%   254  454s
 133807 73222   43.00000   32  243   85.00000   35.00000  58.8%   254  462s
 136317 74524   45.00000   32  235   85.00000   35.00000  58.8%   254  470s
 138663 75817   61.00000   42  212   85.00000   35.00000  58.8%   255  479s
 141111 77145   75.00000   29  160   85.00000   35.00000  58.8%   255  487s
*142845 73968              65      84.0000000   35.00000  58.3%   255  487s
 143544 75059   36.14872   23  268   84.00000   35.00000  58.3%   255  495s
 145703 76405   72.00000   40  173   84.00000   35.00000  58.3%   255  503s
 148254 77507   69.00000   33  161   84.00000   35.00000  58.3%   255  510s
 150409 78739   79.00000   48  121   84.00000   35.00000  58.3%   256  518s
 152739 79940   50.00000   29  252   84.00000   35.00000  58.3%   256  526s
 155082 81295   71.00000   43   88   84.00000   35.00000  58.3%   256  533s
 157397 82472   65.00000   44  173   84.00000   35.00000  58.3%   256  541s
 159730 83741   73.00000   37  111   84.00000   35.00000  58.3%   256  549s
 162013 84877   76.00000   44   96   84.00000   35.00000  58.3%   255  556s
 164187 85765   77.00000   43   78   84.00000   35.00000  58.3%   255  562s
 166085 86789 infeasible   36        84.00000   35.00000  58.3%   256  569s
 168114 87943   64.00000   40  245   84.00000   35.00000  58.3%   256  576s
 170188 88997   50.00000   33  330   84.00000   35.00000  58.3%   256  583s
 172236 89867   81.00000   50   86   84.00000   35.00000  58.3%   256  589s
 173963 90788   35.00000   32  216   84.00000   35.00000  58.3%   256  595s
 175793 91843   78.00000   39  116   84.00000   35.00000  58.3%   256  601s
 177848 92814   35.41559   25  307   84.00000   35.00000  58.3%   256  608s
 179729 93657   71.00000   28  206   84.00000   35.00000  58.3%   256  614s
 181470 94669   47.00000   36  336   84.00000   35.00000  58.3%   257  621s
*182133 91680              60      83.0000000   35.00000  57.8%   257  621s
 183435 92443 infeasible   39        83.00000   35.00000  57.8%   257  626s
 185159 93315   45.00000   27  229   83.00000   35.00253  57.8%   257  632s
 187047 94169   62.00000   22  130   83.00000   35.01571  57.8%   257  638s
 188951 94861   51.00000   45  176   83.00000   35.04241  57.8%   257  644s
 190602 95603   79.00000   31  123   83.00000   35.06890  57.7%   257  649s
 192266 96539   55.00000   36  246   83.00000   35.09315  57.7%   257  655s
 194116 97409   68.00000   29  157   83.00000   35.10170  57.7%   257  661s
 195874 98177   67.00000   34  216   83.00000   35.12694  57.7%   257  667s
 197463 99025     cutoff   37        83.00000   35.15175  57.6%   258  673s
 199395 99875   73.00000   46   83   83.00000   35.17065  57.6%   258  679s
 201228 100798   74.00000   36  139   83.00000   35.17065  57.6%   258  685s
 203140 101814 infeasible   28        83.00000   35.21536  57.6%   258  692s
 205106 102638   58.00000   39  266   83.00000   35.22530  57.6%   257  698s
 206859 103542   82.00000   66   57   83.00000   35.25336  57.5%   257  703s
 208659 104365   78.00000   30  119   83.00000   35.27561  57.5%   257  709s
 210300 105136   58.00000   35  153   83.00000   35.27561  57.5%   258  714s
 211746 105136   82.00000   44   52   83.00000   35.27561  57.5%   258  715s
 212084 105951   81.00000   54   46   83.00000   35.27561  57.5%   258  721s
 214141 106945   62.00000   41  105   83.00000   35.27752  57.5%   258  728s
 216353 107782   58.00000   37  204   83.00000   35.30485  57.5%   257  733s
 218000 108678   72.00000   51  152   83.00000   35.33380  57.4%   257  739s
 219872 109519 infeasible   43        83.00000   35.33804  57.4%   257  745s
 221558 110394   81.00000   49   49   83.00000   35.35129  57.4%   257  751s
 223408 111365   71.00000   43  140   83.00000   35.36870  57.4%   257  757s
 225317 112446   51.00000   29  252   83.00000   35.36870  57.4%   257  764s
*226330 106568              77      82.0000000   35.37852  56.9%   257  764s
 227399 107229   58.00000   49  234   82.00000   35.37852  56.9%   257  769s
 228985 108123   36.18142   26  348   82.00000   35.38621  56.8%   257  774s
 230469 108123   44.00000   33  326   82.00000   35.41559  56.8%   257  775s
 230751 108882 infeasible   39        82.00000   35.41559  56.8%   257  780s
 232405 109909   69.00000   48   71   82.00000   35.44662  56.8%   257  788s
 234522 110646 infeasible   51        82.00000   35.44945  56.8%   256  794s
 236314 111435   58.00000   44  127   82.00000   35.44945  56.8%   256  799s
 237982 112221   62.00000   43  136   82.00000   35.46072  56.8%   257  805s
 239651 113069     cutoff   37        82.00000   35.47551  56.7%   257  811s
 241490 113973   79.00000   42  138   82.00000   35.47801  56.7%   257  817s
 243432 114809   62.00000   38  139   82.00000   35.51160  56.7%   257  823s
 245235 115455 infeasible   54        82.00000   35.52687  56.7%   257  828s
 246728 116034   61.00000   36  181   82.00000   35.53347  56.7%   257  834s
 248103 116608   71.00000   45  166   82.00000   35.53347  56.7%   257  840s
 249958 117319   35.56900   31  330   82.00000   35.56479  56.6%   257  847s
 251755 118109   79.00000   49  123   82.00000   35.56900  56.6%   258  853s
 253641 118910   62.00000   32  186   82.00000   35.57644  56.6%   257  859s
 255405 119694   57.00000   29  228   82.00000   35.60171  56.6%   258  865s
 257447 120729   67.00000   40  175   82.00000   35.60565  56.6%   257  873s
 259604 121570   67.00000   32  225   82.00000   35.60565  56.6%   257  879s
 261460 122411   78.00000   35  149   82.00000   35.60565  56.6%   257  885s
 263313 123280   77.00000   40  145   82.00000   35.65788  56.5%   257  891s
 265062 124175   64.00000   33  235   82.00000   35.67597  56.5%   257  898s
 266977 125074 infeasible   41        82.00000   35.69175  56.5%   257  904s
 268919 125873 infeasible   35        82.00000   35.71422  56.4%   257  910s
 270722 126827 infeasible   45        82.00000   35.72908  56.4%   257  917s
 272722 127688   77.00000   51   47   82.00000   35.73504  56.4%   257  923s
 274489 128532   78.00000   33  158   82.00000   35.75704  56.4%   257  929s
 276300 129221   62.00000   45  132   82.00000   35.76026  56.4%   257  935s
 277974 130094   76.00000   42  120   82.00000   35.78108  56.4%   257  941s
 279792 130960   61.00000   41  203   82.00000   35.79711  56.3%   257  948s
 281732 131804   51.00000   38  163   82.00000   35.81108  56.3%   256  955s
 283901 132761     cutoff   60        82.00000   35.81799  56.3%   256  963s
 285970 133771   62.00000   46  126   82.00000   35.82704  56.3%   256  970s
 288010 134593   74.00000   48  137   82.00000   35.83605  56.3%   255  976s
 289824 135309   77.00000   59   67   82.00000   35.83605  56.3%   255  982s
 291615 136277   62.00000   48  161   82.00000   35.86145  56.3%   255  990s
 293711 137304   35.86145   44  269   82.00000   35.86145  56.3%   255 1000s
 296098 138126     cutoff   63        82.00000   35.86145  56.3%   255 1006s
 298028 138861   78.00000   49   58   82.00000   35.86145  56.3%   254 1012s
 299795 139660   62.00000   43  160   82.00000   35.86145  56.3%   254 1019s
 301598 140318   62.00000   47  197   82.00000   35.86145  56.3%   254 1024s
 302638 140318   73.00000   37  169   82.00000   35.86762  56.3%   254 1025s
 303302 141013 infeasible   38        82.00000   35.87193  56.3%   254 1030s
 305083 141729   74.00000   47   95   82.00000   35.87836  56.2%   254 1037s
 307051 142476 infeasible   54        82.00000   35.87836  56.2%   253 1042s
 308857 143111   75.00000   49   88   82.00000   35.87836  56.2%   253 1050s
 310803 143938   75.00000   44  119   82.00000   35.88748  56.2%   253 1056s
 312664 144590   65.00000   46  110   82.00000   35.90063  56.2%   252 1061s
 314181 145344   73.00000   46  133   82.00000   35.92399  56.2%   252 1067s
 315838 146144   55.00000   39  250   82.00000   35.93551  56.2%   252 1075s
 317875 146923   73.00000   48  111   82.00000   35.93999  56.2%   252 1081s
 319642 147696 infeasible   47        82.00000   35.95803  56.1%   252 1088s
 321564 148467   73.00000   33  150   82.00000   35.95803  56.1%   252 1094s
 323180 149340   78.00000   44   44   82.00000   35.96428  56.1%   252 1101s
 325188 150302 infeasible   49        82.00000   35.97541  56.1%   252 1111s
 327288 151153   73.00000   43   93   82.00000   35.99461  56.1%   252 1118s
 329163 151880   51.00000   34  158   82.00000   35.99461  56.1%   252 1124s
 330793 152575   51.00000   40  176   82.00000   35.99566  56.1%   252 1129s
 332302 153070   79.00000   46  127   82.00000   36.00000  56.1%   252 1135s
 334035 153837   36.36003   39  296   82.00000   36.00000  56.1%   252 1142s
 335794 154749   69.00000   39  130   82.00000   36.00000  56.1%   252 1148s
 337554 155497   75.00000   47  146   82.00000   36.01287  56.1%   252 1154s
 339210 156317   76.00000   51  105   82.00000   36.02287  56.1%   252 1161s
 340893 157160   73.00000   58   92   82.00000   36.02287  56.1%   252 1168s
 342689 157957   71.00000   42  101   82.00000   36.02287  56.1%   253 1175s
 344355 158811   59.00000   30  216   82.00000   36.02287  56.1%   253 1183s
 346244 159887     cutoff   31        82.00000   36.02287  56.1%   253 1193s
 348641 160935   51.00000   41  201   82.00000   36.02287  56.1%   253 1203s
 350865 161889   69.00000   45  117   82.00000   36.04224  56.0%   253 1212s
 353121 162793   75.00000   38   93   82.00000   36.04224  56.0%   253 1220s
 355159 163558   62.00000   43  110   82.00000   36.06100  56.0%   253 1227s
 357024 164416   69.00000   38  117   82.00000   36.06969  56.0%   253 1235s
 358991 165175   51.00000   35  207   82.00000   36.08551  56.0%   253 1241s
 360665 165951     cutoff   41        82.00000   36.11743  56.0%   253 1248s
 362372 166768   78.00000   42  173   82.00000   36.11743  56.0%   253 1257s
 364518 167733   77.00000   45  149   82.00000   36.14238  55.9%   253 1265s
 366483 168487     cutoff   54        82.00000   36.14551  55.9%   253 1271s
 368285 169245   77.00000   43  185   82.00000   36.15819  55.9%   253 1279s
 370067 169971     cutoff   50        82.00000   36.15819  55.9%   253 1286s
 371956 170497 infeasible   53        82.00000   36.15819  55.9%   253 1293s
 373576 171286   81.00000   62   53   82.00000   36.16065  55.9%   254 1300s
 375454 172108 infeasible   50        82.00000   36.22050  55.8%   254 1308s
 377285 172951   44.00000   41  263   82.00000   36.23738  55.8%   254 1316s
 379340 173795   71.00000   43   94   82.00000   36.24762  55.8%   253 1324s
 381284 174519   71.00000   48   89   82.00000   36.30871  55.7%   253 1331s
 383191 175344   74.00000   52  107   82.00000   36.30871  55.7%   253 1339s
 385132 176063   73.00000   43   59   82.00000   36.34171  55.7%   253 1346s
 386950 176811   39.00000   30  227   82.00000   36.35294  55.7%   253 1353s
 388705 177608   64.00000   39  171   82.00000   36.36531  55.7%   253 1361s
 390589 178294   69.00000   38  183   82.00000   36.36531  55.7%   253 1367s
 392354 179068   62.00000   38  122   82.00000   36.44637  55.6%   253 1375s
 394170 179907   62.00000   40  199   82.00000   36.48213  55.5%   253 1382s
 396081 180640   79.00000   55   62   82.00000   36.52652  55.5%   253 1389s
 397177 180640 infeasible   53        82.00000   36.53818  55.4%   253 1390s
 397823 181370 infeasible   61        82.00000   36.55551  55.4%   253 1397s
 399739 182089 infeasible   54        82.00000   36.57626  55.4%   253 1405s
 401627 182883   69.00000   48  178   82.00000   36.67231  55.3%   253 1412s
 403621 183673   81.00000   49  112   82.00000   36.71782  55.2%   253 1419s
 404247 183673   74.00000   67   65   82.00000   36.73217  55.2%   253 1420s
 405412 184518   65.00000   36  104   82.00000   36.74962  55.2%   253 1427s
 407332 185350   74.00000   39  143   82.00000   36.83323  55.1%   253 1435s
 409203 186121   62.00000   49  127   82.00000   36.95593  54.9%   253 1443s
 411028 187164   57.00000   30  182   82.00000   37.00000  54.9%   253 1451s
 413228 188190   71.00000   56  132   82.00000   37.00000  54.9%   253 1462s
 415440 189062 infeasible   52        82.00000   37.00000  54.9%   253 1470s
 417405 189736   77.00000   44  111   82.00000   37.00000  54.9%   253 1478s
 419422 190533   62.00000   37  132   82.00000   37.00000  54.9%   253 1486s
 421415 191434   57.00000   43  178   82.00000   37.00000  54.9%   253 1495s
 423435 192342   65.00000   48  134   82.00000   37.00000  54.9%   253 1503s
 425498 193198   58.00000   37  228   82.00000   37.00000  54.9%   253 1511s
 427318 194114   75.00000   54   76   82.00000   37.00000  54.9%   253 1518s
 429258 194793   57.00000   36  254   82.00000   37.00000  54.9%   253 1525s
 430941 195752   78.00000   53  120   82.00000   37.09549  54.8%   253 1534s
 432956 196497   65.00000   47  134   82.00000   37.14811  54.7%   253 1541s
 434651 197301   74.00000   51  113   82.00000   37.26793  54.6%   253 1548s
 436477 198219   78.00000   48   57   82.00000   37.45603  54.3%   253 1558s
 438622 198815     cutoff   43        82.00000   37.59227  54.2%   253 1565s
 440515 199558   78.00000   46   76   82.00000   37.74877  54.0%   253 1574s
 442514 200479 infeasible   51        82.00000   38.00000  53.7%   252 1583s
 444636 201229   62.00000   38   94   82.00000   38.00000  53.7%   252 1591s
 446518 202093   78.00000   47   69   82.00000   38.00000  53.7%   253 1600s
 448461 202985   73.00000   37   66   82.00000   38.00000  53.7%   253 1609s
 450570 203844   80.00000   51   64   82.00000   38.00000  53.7%   253 1618s
 452647 204713     cutoff   39        82.00000   38.00000  53.7%   253 1628s
 454837 205535   69.00000   34  173   82.00000   38.00000  53.7%   253 1636s
 456739 206446   54.00000   38  179   82.00000   38.00000  53.7%   253 1645s
 458733 207283   56.00000   35  304   82.00000   38.00000  53.7%   253 1654s
 460752 208014   74.00000   40   68   82.00000   38.00000  53.7%   253 1662s
 462830 208776 infeasible   53        82.00000   38.00000  53.7%   253 1670s
 464621 209573 infeasible   34        82.00000   38.08586  53.6%   253 1678s
 466613 210168   58.00000   31  165   82.00000   38.37945  53.2%   253 1685s
 468253 210989   81.00000   51   89   82.00000   38.79924  52.7%   253 1692s
 470188 212225   51.00000   41  193   82.00000   39.00000  52.4%   253 1707s
 472837 213215   62.00000   36  218   82.00000   39.00000  52.4%   253 1720s
 475501 214058   67.00000   40  255   82.00000   39.00000  52.4%   253 1731s
 477718 214910 infeasible   37        82.00000   39.00000  52.4%   253 1739s
 479847 215714   78.00000   31  172   82.00000   39.00000  52.4%   253 1749s
 480732 215714   57.00000   27  268   82.00000   39.00000  52.4%   253 1750s
 481912 216605   41.00000   38  279   82.00000   39.00000  52.4%   253 1758s
 483957 217545 infeasible   50        82.00000   39.00000  52.4%   253 1767s
 486012 218368   73.00000   47  101   82.00000   39.00000  52.4%   253 1776s
 488100 219115   69.00000   43  160   82.00000   39.00000  52.4%   253 1784s
 490013 219839   61.00000   27  274   82.00000   39.00000  52.4%   253 1792s
 491764 220625 infeasible   33        82.00000   39.00000  52.4%   253 1800s
 493716 221409   62.00000   38  180   82.00000   39.00000  52.4%   253 1808s
 495629 222007     cutoff   41        82.00000   39.09594  52.3%   253 1815s
 497258 222883   58.00000   38  220   82.00000   39.45965  51.9%   254 1826s
 499574 223675 infeasible   40        82.00000   40.00000  51.2%   253 1836s
 501608 224341     cutoff   34        82.00000   40.00000  51.2%   253 1844s
 503351 225160   62.00000   38   91   82.00000   40.00000  51.2%   253 1853s
 505431 225948   77.00000   52   97   82.00000   40.00000  51.2%   253 1861s
 507304 226706 infeasible   49        82.00000   40.64621  50.4%   253 1868s
 509012 227699 infeasible   49        82.00000   41.00000  50.0%   253 1879s
 511266 228734   76.00000   55   65   82.00000   41.00000  50.0%   254 1892s
 513853 229914   41.00000   33  224   82.00000   41.00000  50.0%   254 1907s
 516416 231171   68.00000   34  196   82.00000   41.00000  50.0%   254 1920s
 519109 232407 infeasible   41        82.00000   41.00000  50.0%   254 1936s
 521834 233560   62.00000   40  131   82.00000   41.00000  50.0%   254 1949s
 524336 234712   62.00000   39  172   82.00000   41.00000  50.0%   254 1963s
 526868 236032   62.00000   39  184   82.00000   41.00000  50.0%   254 1981s
 529868 237231   41.00000   23  254   82.00000   41.00000  50.0%   254 1995s
 532421 238550   72.00000   34  110   82.00000   41.00000  50.0%   254 2010s
 535294 239807 infeasible   40        82.00000   41.00000  50.0%   254 2026s
 538090 241144   54.00000   36  268   82.00000   41.00000  50.0%   254 2040s
 540967 242426   62.00000   33  135   82.00000   41.00000  50.0%   254 2053s
 543498 243599   58.00000   38  211   82.00000   41.00000  50.0%   254 2065s
 546021 244613     cutoff   42        82.00000   41.00000  50.0%   254 2076s
 548326 245689   78.00000   46   48   82.00000   41.00000  50.0%   254 2088s
 550817 246774   76.00000   44  130   82.00000   41.00000  50.0%   254 2099s
 552643 246774   48.89502   31  350   82.00000   41.00000  50.0%   254 2100s
 553172 247716 infeasible   41        82.00000   41.00000  50.0%   254 2108s
 555166 248735   41.00000   40  384   82.00000   41.00000  50.0%   254 2120s
 557416 249593   47.00000   34  310   82.00000   41.00000  50.0%   254 2130s
 559605 250542   62.00000   43  163   82.00000   41.00000  50.0%   254 2140s
 561705 251496   81.00000   63   58   82.00000   41.00000  50.0%   254 2149s
 563878 252443   80.00000   50  131   82.00000   41.00000  50.0%   254 2159s
 565916 253394   68.00000   40  212   82.00000   41.00000  50.0%   254 2170s
 568101 254190   74.00000   41  115   82.00000   41.00000  50.0%   254 2177s
 569775 254907   81.00000   50   81   82.00000   41.00000  50.0%   254 2184s
 571499 255786   62.00000   42  200   82.00000   41.00000  50.0%   254 2193s
 573467 256600   71.00000   52  105   82.00000   42.00000  48.8%   254 2202s
 575504 257451     cutoff   41        82.00000   42.00000  48.8%   254 2212s
 577562 258311   65.00000   35  115   82.00000   42.00000  48.8%   254 2221s
 579657 259114 infeasible   47        82.00000   42.00000  48.8%   254 2230s
 581490 259915   62.00000   45  149   82.00000   42.00000  48.8%   254 2239s
 583474 260861 infeasible   50        82.00000   42.00000  48.8%   254 2248s
 585568 261921 infeasible   55        82.00000   42.00000  48.8%   254 2259s
 587883 262907 infeasible   42        82.00000   43.00000  47.6%   254 2269s
 589954 263853   62.00000   31  138   82.00000   43.00000  47.6%   253 2281s
 592244 264866 infeasible   33        82.00000   43.00000  47.6%   253 2291s
 594241 266003     cutoff   51        82.00000   43.00000  47.6%   253 2301s
 596384 267201   75.00000   39  127   82.00000   43.00000  47.6%   253 2316s
 598921 268217   78.00000   37  116   82.00000   43.00000  47.6%   253 2328s
 600991 269384 infeasible   44        82.00000   43.00000  47.6%   253 2339s
 603205 270461   43.00000   28  310   82.00000   43.00000  47.6%   253 2351s
 605361 271472   77.00000   39  165   82.00000   43.00000  47.6%   253 2360s
 607306 272705   44.00000   30  213   82.00000   43.00000  47.6%   253 2373s
 609633 273907   77.00000   32   90   82.00000   43.00000  47.6%   253 2383s
 611849 275095 infeasible   45        82.00000   43.00000  47.6%   253 2397s
 614189 276277   63.00000   45  137   82.00000   43.00000  47.6%   253 2410s
 616377 277505   66.00000   40  122   82.00000   43.00000  47.6%   253 2422s
 618776 278738   57.00000   36  180   82.00000   43.00000  47.6%   253 2437s
 621199 279777   55.00000   30  225   82.00000   43.00000  47.6%   253 2448s
 623412 280853 infeasible   45        82.00000   43.00000  47.6%   253 2464s
 625832 282274   51.00000   38  224   82.00000   43.00000  47.6%   253 2482s
 628601 283542   77.00000   25  114   82.00000   43.00000  47.6%   252 2499s
 631122 284989 infeasible   52        82.00000   43.00000  47.6%   252 2516s
 633819 286096   70.00000   31  156   82.00000   43.00000  47.6%   252 2531s
 636389 287242   66.00000   40   92   82.00000   43.00000  47.6%   252 2545s
 638808 288174 infeasible   44        82.00000   43.00000  47.6%   252 2558s
 641138 289320 infeasible   52        82.00000   43.00000  47.6%   252 2575s
 643655 290465   63.00000   35  144   82.00000   43.00000  47.6%   252 2589s
 646066 291417   81.00000   44   75   82.00000   43.00000  47.6%   252 2605s
 648603 292510   80.00000   59   58   82.00000   43.00000  47.6%   251 2619s
 650932 293695   54.00000   56  230   82.00000   43.00000  47.6%   251 2629s
 653121 294907   43.00000   34  336   82.00000   43.00000  47.6%   251 2648s
 655876 296140     cutoff   42        82.00000   43.00000  47.6%   251 2662s
 658342 297321   77.00000   41  123   82.00000   43.00000  47.6%   251 2677s
 660788 298682   55.00000   43  280   82.00000   43.00000  47.6%   251 2697s
 663595 300021 infeasible   47        82.00000   43.00000  47.6%   251 2719s
 666484 301288 infeasible   41        82.00000   43.00000  47.6%   251 2736s
 669271 302543 infeasible   46        82.00000   43.00000  47.6%   251 2755s
 671963 303948   52.00000   41  177   82.00000   43.00000  47.6%   251 2775s
 674892 305219 infeasible   43        82.00000   43.00000  47.6%   251 2796s
 677903 306261 infeasible   45        82.00000   43.00000  47.6%   251 2813s
 680419 307780   69.00000   32  107   82.00000   43.00000  47.6%   251 2831s
 683436 308875     cutoff   37        82.00000   43.00000  47.6%   251 2845s
 685896 310011   81.00000   43   84   82.00000   43.00000  47.6%   251 2862s
 688501 311216   62.00000   54  167   82.00000   43.00000  47.6%   251 2882s
 691103 312385   57.00000   32  204   82.00000   43.00000  47.6%   251 2899s
 693894 313676   78.00000   52   85   82.00000   43.00000  47.6%   251 2923s
 696765 315026   77.00000   30  153   82.00000   43.00000  47.6%   251 2944s
 699786 316020     cutoff   35        82.00000   43.00000  47.6%   251 2959s
 702138 317275   63.00000   33  295   82.00000   43.00000  47.6%   251 2979s
 705016 318391   81.00000   41   83   82.00000   43.00000  47.6%   251 2998s
 707814 319522   64.00000   41  176   82.00000   43.00000  47.6%   251 3015s
 710456 320592   62.00000   39  286   82.00000   43.00000  47.6%   251 3030s
 712789 321735   59.00000   30  182   82.00000   43.00000  47.6%   251 3048s
 715303 323058   76.00000   40  171   82.00000   43.00000  47.6%   251 3069s
 718238 324261   47.00000   25  319   82.00000   43.00000  47.6%   251 3090s
 720951 325464   81.00000   50   69   82.00000   43.00000  47.6%   251 3109s
 723808 326656 infeasible   40        82.00000   43.00000  47.6%   251 3129s
 726282 327762 infeasible   48        82.00000   43.00000  47.6%   251 3147s
 728905 328873 infeasible   41        82.00000   43.00000  47.6%   251 3169s
 729299 328873   70.00000   36   98   82.00000   43.00000  47.6%   251 3170s
 731654 330067   55.00000   31  147   82.00000   43.00000  47.6%   251 3191s
 734540 331268   79.00000   42  141   82.00000   43.00000  47.6%   251 3211s
 737364 332316   61.00000   36  128   82.00000   43.00000  47.6%   251 3228s
 739825 333471 infeasible   42        82.00000   43.00000  47.6%   251 3245s
 742430 334598   47.00000   42  314   82.00000   43.00000  47.6%   251 3263s
 745007 335768 infeasible   51        82.00000   43.00000  47.6%   251 3285s
 747859 336921   77.00000   46   47   82.00000   43.00000  47.6%   251 3306s
 750559 338100   75.00000   48   53   82.00000   43.00000  47.6%   251 3324s
 753215 339147   81.00000   36  121   82.00000   43.00000  47.6%   251 3345s
 755889 340402 infeasible   48        82.00000   43.00000  47.6%   251 3366s
 758860 341645   57.00000   35  179   82.00000   43.00000  47.6%   251 3386s
 761616 342700 infeasible   47        82.00000   43.00000  47.6%   251 3405s
 764443 343971   64.00000   38  155   82.00000   43.00000  47.6%   251 3427s
 767232 345143   65.00000   43  140   82.00000   43.00000  47.6%   251 3452s
 770067 346508   79.00000   42  127   82.00000   43.00000  47.6%   251 3473s
 772918 347598   74.00000   36  144   82.00000   43.00000  47.6%   251 3499s
 775855 348659 infeasible   42        82.00000   43.00000  47.6%   250 3518s
 778589 349742   81.00000   52   65   82.00000   43.00000  47.6%   250 3537s
 781176 350794 infeasible   45        82.00000   43.00000  47.6%   250 3555s
 783607 351844   48.00000   49  190   82.00000   43.00000  47.6%   250 3575s
 786226 352960   67.00000   52  180   82.00000   43.00000  47.6%   250 3597s
 788795 354126 infeasible   47        82.00000   43.00000  47.6%   250 3615s
 791347 355268   60.00000   43  278   82.00000   43.00000  47.6%   250 3636s
 794136 356549   69.00000   41  108   82.00000   43.00000  47.6%   250 3662s
 797059 357650   53.00000   34  167   82.00000   43.00000  47.6%   250 3681s
 799525 358629   67.00000   38  130   82.00000   43.00000  47.6%   250 3697s
 801805 359651   60.00000   35  281   82.00000   43.00000  47.6%   250 3718s
 804197 360830   58.00000   51  213   82.00000   43.00000  47.6%   250 3739s
 806791 362103   80.00000   57  176   82.00000   43.00000  47.6%   250 3755s
 809140 362984   81.00000   46   85   82.00000   43.00000  47.6%   250 3773s
 811570 364004   47.00000   31  356   82.00000   43.00000  47.6%   250 3793s
 813995 365294   70.00000   45   88   82.00000   43.00000  47.6%   250 3817s
 816808 366308   57.00000   42  303   82.00000   43.00000  47.6%   250 3833s
 819170 367096   79.00000   55   58   82.00000   43.00000  47.6%   249 3850s
 821383 368233     cutoff   46        82.00000   43.00000  47.6%   249 3869s
 823840 369169   76.00000   50   81   82.00000   43.00000  47.6%   249 3891s
 826181 370141   53.00000   38  217   82.00000   43.00000  47.6%   249 3908s
 828551 371164   65.00000   35  130   82.00000   43.00000  47.6%   249 3927s
 830934 372205   67.00000   40  160   82.00000   43.00000  47.6%   249 3944s
 833239 373040   49.00000   34  328   82.00000   43.00000  47.6%   249 3957s
 835291 373973   80.00000   45  127   82.00000   43.00000  47.6%   249 3970s
 837244 374998   68.00000   37  134   82.00000   43.00000  47.6%   249 3992s
 839719 375733   77.00000   43   99   82.00000   43.00000  47.6%   249 4008s
 841790 376682   68.00000   44  204   82.00000   43.00000  47.6%   249 4028s
 844072 377579   77.00000   43   71   82.00000   43.00000  47.6%   249 4045s
 846289 378393 infeasible   47        82.00000   43.00000  47.6%   249 4061s
 848461 379113   44.00000   24  162   82.00000   43.00000  47.6%   249 4079s
 850629 379807 infeasible   48        82.00000   43.00000  47.6%   249 4091s
 852428 380587 infeasible   42        82.00000   43.00000  47.6%   249 4103s
 854256 381225   81.00000   51   52   82.00000   43.00000  47.6%   249 4117s
 856056 381972   79.00000   44  120   82.00000   43.00000  47.6%   249 4129s
 857851 382709   78.00000   38   90   82.00000   43.00000  47.6%   249 4141s
 859671 383524   59.00000   43  126   82.00000   43.00000  47.6%   249 4160s
 861873 384273   44.00000   45  280   82.00000   43.00000  47.6%   248 4177s
 863943 384896   77.00000   42  128   82.00000   43.00000  47.6%   248 4193s
 865798 385525   77.00000   46   90   82.00000   43.00000  47.6%   248 4207s
 867773 386145   80.00000   47   57   82.00000   43.00000  47.6%   248 4218s
 869400 386824 infeasible   48        82.00000   43.26702  47.2%   248 4228s
 871042 387788   62.00000   38   88   82.00000   44.00000  46.3%   248 4246s
 873283 388775   62.00000   35  240   82.00000   44.00000  46.3%   248 4264s
 875614 389745     cutoff   42        82.00000   44.00000  46.3%   248 4283s
 877819 390877 infeasible   50        82.00000   44.00000  46.3%   248 4305s
 880466 391839   62.00000   33  203   82.00000   44.00000  46.3%   248 4326s
 882987 393181 infeasible   40        82.00000   44.00000  46.3%   248 4352s
 886013 394259 infeasible   53        82.00000   44.00000  46.3%   248 4375s
 888471 395300   80.00000   41   60   82.00000   44.00000  46.3%   248 4394s
 890946 396531   51.00000   40  260   82.00000   44.00000  46.3%   248 4415s
 893617 397679 infeasible   50        82.00000   44.00000  46.3%   248 4438s
 896181 398806 infeasible   48        82.00000   44.00000  46.3%   248 4460s
 898984 399991 infeasible   30        82.00000   44.00000  46.3%   248 4484s
 901649 401190   61.00000   42  310   82.00000   44.00000  46.3%   248 4507s
 904404 402360   63.00000   48  183   82.00000   44.00000  46.3%   248 4531s
 907011 403487   62.00000   34  154   82.00000   44.00000  46.3%   248 4552s
 909830 404639 infeasible   36        82.00000   44.00000  46.3%   248 4572s
 912329 405633     cutoff   40        82.00000   44.00000  46.3%   248 4592s
 914867 406756   62.00000   40  179   82.00000   44.00000  46.3%   248 4617s
 917593 407923   62.00000   28  169   82.00000   44.00000  46.3%   248 4638s
 920175 409058   68.00000   31   72   82.00000   44.00000  46.3%   248 4665s
 922889 410332   51.00000   35  320   82.00000   44.00000  46.3%   248 4688s
 925694 411551   79.00000   49   64   82.00000   44.00000  46.3%   248 4713s
 928545 412672   75.00000   43  113   82.00000   44.00000  46.3%   248 4739s
 931335 413816   44.00000   27  324   82.00000   44.00000  46.3%   248 4761s
 934042 414873   61.00000   29  193   82.00000   44.00000  46.3%   248 4786s
 936570 415950   70.00000   40  115   82.00000   44.00000  46.3%   248 4809s
 939231 417238   75.00000   41  123   82.00000   44.00000  46.3%   248 4836s
 941998 418443   81.00000   56   38   82.00000   44.00000  46.3%   248 4862s
 944845 419627   60.00000   40  226   82.00000   44.00000  46.3%   248 4890s
 947545 420767   78.00000   30  255   82.00000   44.00000  46.3%   248 4913s
 950133 421747 infeasible   33        82.00000   44.00000  46.3%   248 4936s
 952572 422982   71.00000   39  156   82.00000   44.00000  46.3%   248 4962s
 955501 424220   81.00000   36   98   82.00000   44.00000  46.3%   248 4991s
 958342 425473   44.00000   26  174   82.00000   44.00000  46.3%   248 5017s
 961118 426542   57.00000   43  246   82.00000   44.00000  46.3%   248 5039s
 963645 427503   62.00000   35  273   82.00000   44.00000  46.3%   248 5064s
 966115 428675   69.00000   39  129   82.00000   44.00000  46.3%   249 5085s
 968690 429869   76.00000   43  242   82.00000   44.00000  46.3%   249 5118s
 971732 431193   80.00000   44  109   82.00000   44.00000  46.3%   248 5144s
 974623 432374   76.00000   40   55   82.00000   44.00000  46.3%   248 5170s
 977197 433582 infeasible   44        82.00000   44.00000  46.3%   248 5197s
 979993 434868   75.00000   28  104   82.00000   44.00000  46.3%   248 5228s
 982877 435875   79.00000   48  232   82.00000   44.00000  46.3%   248 5252s
 985342 436973   62.00000   39  224   82.00000   44.00000  46.3%   248 5274s
 987864 438006   66.00000   34  169   82.00000   44.00000  46.3%   248 5298s
 990333 439266 infeasible   43        82.00000   44.00000  46.3%   248 5323s
 993091 440328   62.00000   33  124   82.00000   44.00000  46.3%   249 5348s
 995530 441304   73.00000   44  100   82.00000   44.00000  46.3%   249 5374s
 998004 441304   78.00000   44  116   82.00000   44.00000  46.3%   249 5375s
 998295 442338   72.00000   41   56   82.00000   44.00000  46.3%   249 5404s
 1001100 443545   54.00000   35  177   82.00000   44.00000  46.3%   249 5433s
 1004025 444675   74.00000   51   58   82.00000   44.00000  46.3%   249 5458s
 1006591 445557   59.00000   37  199   82.00000   44.00000  46.3%   249 5478s
 1008685 446743   63.00000   42  275   82.00000   44.00000  46.3%   249 5505s
 1011450 447855   78.00000   43   66   82.00000   44.00000  46.3%   249 5533s
 1014078 448986   62.00000   43   81   82.00000   44.00000  46.3%   249 5562s
 1017192 450276   70.00000   37  119   82.00000   44.00000  46.3%   249 5591s
 1019983 451428   47.00000   30  217   82.00000   44.00000  46.3%   249 5617s
 1022665 452563 infeasible   55        82.00000   44.00000  46.3%   249 5646s
 1025507 453806   80.00000   48   65   82.00000   44.00000  46.3%   249 5675s
 1028392 454840   76.00000   36   85   82.00000   44.00000  46.3%   249 5701s
 1030943 456078   54.00000   32  259   82.00000   44.00000  46.3%   249 5725s
 1033619 457225   81.00000   44   56   82.00000   44.00000  46.3%   249 5754s
 1036441 458358 infeasible   40        82.00000   44.00000  46.3%   249 5783s
 1039137 459513   63.00000   35  143   82.00000   44.00000  46.3%   249 5811s
 1041906 460604 infeasible   52        82.00000   44.00000  46.3%   249 5842s
 1044640 461800   72.00000   35  165   82.00000   44.00000  46.3%   248 5869s
 1047379 462982   61.00000   62  162   82.00000   44.00000  46.3%   248 5899s
 1050118 464036   69.00000   47  102   82.00000   44.00000  46.3%   248 5924s
 1052702 465252     cutoff   40        82.00000   44.00000  46.3%   248 5954s
 1055488 466591 infeasible   45        82.00000   44.00000  46.3%   248 5984s
 1058447 467791   71.00000   33  179   82.00000   44.00000  46.3%   248 6011s
 1061163 468986 infeasible   39        82.00000   44.00000  46.3%   248 6040s
 1063877 470166   54.00000   31  329   82.00000   44.00000  46.3%   248 6064s
 1066424 471390   72.00000   42   81   82.00000   44.00000  46.3%   248 6096s
 1069389 472405     cutoff   64        82.00000   44.00000  46.3%   248 6123s
 1072111 473398   79.00000   41   48   82.00000   44.00000  46.3%   248 6147s
 1074578 474405   59.00000   42  215   82.00000   44.00000  46.3%   248 6174s
 1076696 474405     cutoff   44        82.00000   44.00000  46.3%   248 6175s
 1077003 475254   51.00000   34  254   82.00000   44.00000  46.3%   248 6197s
 1079422 476299   78.00000   47   99   82.00000   44.00000  46.3%   248 6222s
 1081912 477461   80.00000   52   45   82.00000   44.00000  46.3%   248 6247s
 1084441 478347 infeasible   50        82.00000   44.00000  46.3%   248 6272s
 1086770 479237   68.00000   32  227   82.00000   44.00000  46.3%   248 6295s
 1089051 480147   77.00000   29   89   82.00000   44.00000  46.3%   248 6321s
 1091622 481181 infeasible   48        82.00000   44.00000  46.3%   248 6347s
 1093908 482085   75.00000   35  200   82.00000   44.00000  46.3%   248 6367s
 1095982 482986   73.00000   40  155   82.00000   44.00000  46.3%   248 6389s
 1098066 483976   62.00000   35   98   82.00000   44.00000  46.3%   248 6410s
 1100279 484888   70.00000   42  117   82.00000   44.00000  46.3%   248 6431s
 1102253 485584   60.00000   35  153   82.00000   44.00000  46.3%   248 6448s
 1104036 486441   81.00000   35  121   82.00000   44.00000  46.3%   248 6469s
 1106111 487280   69.00000   42  137   82.00000   44.00000  46.3%   248 6490s
 1108145 488218 infeasible   54        82.00000   44.00000  46.3%   248 6509s
 1110172 489045   78.00000   55   63   82.00000   44.00000  46.3%   248 6530s
 1112213 489903     cutoff   35        82.00000   44.00000  46.3%   248 6548s
 1114152 490629   67.00000   39  127   82.00000   44.24103  46.0%   248 6564s
 1115918 491432   81.00000   46   86   82.00000   44.43009  45.8%   248 6583s
 1117817 492163   73.00000   33  118   82.00000   45.00000  45.1%   248 6599s
 1119562 493270   80.00000   31  102   82.00000   45.00000  45.1%   248 6628s
 1122251 494563   74.00000   41  177   82.00000   45.00000  45.1%   248 6655s
 1124967 495740   67.00000   37  118   82.00000   45.00000  45.1%   248 6687s
 1128008 496950     cutoff   37        82.00000   45.00000  45.1%   248 6718s
 1130770 498242   59.00000   35  341   82.00000   45.00000  45.1%   248 6744s
 1133565 499296 infeasible   53        82.00000   45.00000  45.1%   248 6779s
 1136415 500594 infeasible   47        82.00000   45.00000  45.1%   248 6811s
 1139297 501720   80.00000   46   95   82.00000   45.00000  45.1%   248 6839s
 1142036 502879   63.00000   43  128   82.00000   45.00000  45.1%   248 6866s
 1144710 503899   79.00000   56   12   82.00000   45.00000  45.1%   248 6893s
 1147246 505124   62.00000   32  140   82.00000   45.00000  45.1%   248 6924s
 1149960 506263   54.00000   40  318   82.00000   45.00000  45.1%   248 6952s
 1152670 507403     cutoff   43        82.00000   45.00000  45.1%   248 6981s
 1155196 508636   81.00000   33  118   82.00000   45.00000  45.1%   248 7008s
 1157792 509869   62.00000   42  212   82.00000   45.00000  45.1%   248 7043s
 1160724 511028   80.00000   40  137   82.00000   45.00000  45.1%   248 7072s
 1163444 512343   80.00000   30  115   82.00000   45.00000  45.1%   248 7100s
 1166126 513487     cutoff   50        82.00000   45.00000  45.1%   248 7126s
 1168527 514601   62.00000   38  219   82.00000   45.00000  45.1%   248 7153s
 1171073 515720   64.00000   41  132   82.00000   45.00000  45.1%   248 7185s
 1173668 516888   81.00000   38   89   82.00000   45.00000  45.1%   248 7211s
 1176191 517969 infeasible   46        82.00000   45.00000  45.1%   248 7237s
 1178478 519094 infeasible   41        82.00000   45.00000  45.1%   248 7262s
 1180853 520143   80.00000   44   64   82.00000   45.00000  45.1%   248 7287s
 1183252 521196   65.00000   43  132   82.00000   45.00000  45.1%   248 7317s
 1185707 522066   64.00000   43  254   82.00000   45.00000  45.1%   248 7341s
 1187972 523153 infeasible   40        82.00000   45.00000  45.1%   248 7363s
 1190070 523990   51.00000   32  298   82.00000   45.00000  45.1%   248 7383s
 1192049 525111   75.00000   46  190   82.00000   45.00000  45.1%   248 7408s
 1194298 526052     cutoff   43        82.00000   45.00000  45.1%   248 7430s
 1196530 527035   80.00000   38  149   82.00000   45.00000  45.1%   248 7452s
 1198686 527809   75.00000   36  257   82.00000   45.00000  45.1%   248 7473s
 1200471 528787   51.00000   38  263   82.00000   45.00000  45.1%   248 7494s
 1201064 528787   69.00000   38  171   82.00000   45.00000  45.1%   248 7495s
 1202622 529915   47.00000   32  141   82.00000   45.00000  45.1%   248 7522s
 1204904 530773   53.00000   33  155   82.00000   45.00000  45.1%   248 7545s
 1206962 531764   80.00000   45  141   82.00000   45.00000  45.1%   248 7570s
 1209087 532516     cutoff   44        82.00000   45.00000  45.1%   248 7589s
 1209941 532516   59.00000   36  162   82.00000   45.00000  45.1%   248 7590s
 1210964 533227     cutoff   37        82.00000   45.00000  45.1%   248 7607s
 1212670 533892     cutoff   36        82.00000   45.00000  45.1%   248 7625s
 1214248 534577   68.00000   41  238   82.00000   45.00000  45.1%   248 7644s
 1216058 535133     cutoff   51        82.00000   45.96047  44.0%   248 7660s
 1217460 536211   67.00000   42  104   82.00000   46.00000  43.9%   248 7690s
 1220344 537069   80.00000   51   57   82.00000   46.00000  43.9%   248 7721s
 1222774 538023   74.00000   38  110   82.00000   46.00000  43.9%   248 7751s
 1225588 538933   80.00000   40  151   82.00000   46.00000  43.9%   248 7783s
 1228049 539968   60.00000   49  280   82.00000   46.00000  43.9%   248 7811s
 1230592 541086   70.00000   39  133   82.00000   46.00000  43.9%   248 7849s
 1233556 542092   77.00000   51  123   82.00000   46.00000  43.9%   248 7881s
 1236368 543265   70.00000   37  144   82.00000   46.00000  43.9%   248 7915s
 1239252 544253   62.00000   47  141   82.00000   46.00000  43.9%   248 7948s
 1241891 545207   64.00000   33  196   82.00000   46.00000  43.9%   248 7978s
 1244408 546186   73.00000   43   77   82.00000   46.00000  43.9%   248 8009s
 1247012 547053   81.00000   46   56   82.00000   46.00000  43.9%   248 8036s
 1249352 547938   70.00000   53   72   82.00000   46.00000  43.9%   248 8062s
 1251629 548858   58.00000   43  174   82.00000   46.00000  43.9%   248 8092s
 1254206 549796   70.00000   37  154   82.00000   46.00000  43.9%   248 8121s
 1256755 550724 infeasible   48        82.00000   46.00000  43.9%   248 8147s
 1259108 551468   72.00000   49  154   82.00000   46.00000  43.9%   248 8173s
 1261485 552124   46.00000   37  252   82.00000   46.00000  43.9%   248 8196s
 1263341 553064   79.00000   56   71   82.00000   46.00000  43.9%   248 8221s
 1265647 553802   62.10667   29  230   82.00000   46.00000  43.9%   248 8245s
 1267593 554611   66.00000   48  258   82.00000   46.00000  43.9%   248 8269s
 1269921 555274   80.00000   38   69   82.00000   46.00000  43.9%   248 8293s
 1271876 555943   71.00000   44  105   82.00000   46.00000  43.9%   248 8315s
 1273809 556562   47.00000   28  255   82.00000   46.00000  43.9%   248 8338s
 1275616 557395 infeasible   41        82.00000   46.00000  43.9%   248 8362s
 1277783 558123   79.00000   49  157   82.00000   46.00000  43.9%   248 8386s
 1279822 558813   79.00000   44   81   82.00000   46.00000  43.9%   248 8409s
 1282007 559612   79.00000   44  109   82.00000   46.00000  43.9%   248 8430s
 1284070 560251   78.00000   32  118   82.00000   46.00000  43.9%   248 8452s
 1285801 561028   73.00000   50  114   82.00000   46.00000  43.9%   248 8473s
 1287745 561925   62.00000   59  181   82.00000   47.00000  42.7%   248 8504s
 1290278 562962   68.00000   47  144   82.00000   47.00000  42.7%   248 8535s
 1293065 564015   81.00000   45   90   82.00000   47.00000  42.7%   248 8572s
 1295905 565252   68.00000   37  150   82.00000   47.00000  42.7%   248 8608s
 1298965 566108   81.00000   48   91   82.00000   47.00000  42.7%   248 8639s
 1301626 567126   57.00000   38  222   82.00000   47.00000  42.7%   248 8669s
 1304109 568307   54.00000   36  212   82.00000   47.00000  42.7%   248 8699s
 1306798 569230   53.00000   44  286   82.00000   47.00000  42.7%   248 8728s
 1309108 570231     cutoff   42        82.00000   47.00000  42.7%   248 8756s
 1311599 571210 infeasible   39        82.00000   47.00000  42.7%   248 8793s
 1314417 572309 infeasible   45        82.00000   47.00000  42.7%   248 8826s
 1317235 573174   64.00000   49  255   82.00000   47.00000  42.7%   248 8858s
 1319959 574067   72.00000   50  176   82.00000   47.00000  42.7%   248 8892s
 1322586 575030   69.00000   27  214   82.00000   47.00000  42.7%   248 8926s
 1325468 576050   72.00000   50   93   82.00000   47.00000  42.7%   248 8964s
 1328254 576937 infeasible   40        82.00000   47.00000  42.7%   248 8995s
 1330743 577926   81.00000   50   58   82.00000   47.00000  42.7%   248 9024s
 1333391 578925   78.00000   34  181   82.00000   47.00000  42.7%   248 9062s
 1336123 580123   76.00000   43  123   82.00000   47.00000  42.7%   248 9100s
 1339145 581269 infeasible   44        82.00000   47.00000  42.7%   248 9137s
 1342184 582292   81.00000   47   76   82.00000   47.00000  42.7%   248 9173s
 1344983 583247   78.00000   56  105   82.00000   47.00000  42.7%   248 9206s
 1347633 584161   67.00000   42   84   82.00000   47.00000  42.7%   248 9244s
 1350369 585207   64.00000   52  248   82.00000   47.00000  42.7%   248 9276s
 1353166 586208   74.00000   52  133   82.00000   47.00000  42.7%   248 9310s
 1355700 587217   81.00000   47   78   82.00000   47.00000  42.7%   248 9343s
 1358384 588333   62.00000   39  160   82.00000   47.00000  42.7%   248 9380s
 1361241 589200 infeasible   54        82.00000   47.00000  42.7%   248 9412s
 1363896 590334   60.00000   42  227   82.00000   47.00000  42.7%   248 9446s
 1366676 591225   60.00000   40  288   82.00000   47.00000  42.7%   248 9477s
 1369009 592294   68.00000   39  239   82.00000   47.00000  42.7%   248 9509s
 1371751 593320   62.00000   38  170   82.00000   47.00000  42.7%   248 9545s
 1374470 594315   63.00000   37  152   82.00000   47.00000  42.7%   248 9579s
 1377100 595413   53.00000   45  285   82.00000   47.00000  42.7%   248 9617s
 1379883 596338   78.00000   46  108   82.00000   47.00000  42.7%   248 9647s
 1382521 597341   70.00000   39   64   82.00000   47.00000  42.7%   249 9683s
 1385166 598292   78.00000   33   92   82.00000   47.00000  42.7%   249 9715s
 1387697 599330   77.00000   53  176   82.00000   47.00000  42.7%   249 9750s
 1390440 600133   67.00000   35  275   82.00000   47.00000  42.7%   249 9782s
 1392968 601027   81.00000   42  108   82.00000   47.00000  42.7%   249 9811s
 1395387 602065   78.00000   34  183   82.00000   47.00000  42.7%   249 9849s
 1398244 602990 infeasible   45        82.00000   47.00000  42.7%   249 9883s
 1400864 603864   49.00000   37  200   82.00000   47.00000  42.7%   249 9915s
 1403402 604974   78.00000   42   88   82.00000   47.00000  42.7%   249 9949s
 1406252 605965 infeasible   44        82.00000   47.00000  42.7%   249 9983s
 1408769 606936 infeasible   51        82.00000   47.00000  42.7%   249 10015s
 1411368 607822   81.00000   47   82   82.00000   47.00000  42.7%   249 10047s
 1413637 608985   71.00000   42  173   82.00000   47.00000  42.7%   249 10087s
 1416810 609905   76.00000   63  123   82.00000   47.00000  42.7%   249 10126s
 1419679 610773   63.00000   61  235   82.00000   47.00000  42.7%   249 10158s
 1422162 611838   47.00000   42  284   82.00000   47.00000  42.7%   249 10196s
 1424930 613058 infeasible   47        82.00000   47.00000  42.7%   249 10233s
 1427945 613902 infeasible   39        82.00000   47.00000  42.7%   249 10267s
 1430417 615117   54.00000   34  312   82.00000   47.00000  42.7%   249 10301s
 1433154 616069   67.00000   49  258   82.00000   47.00000  42.7%   249 10335s
 1435650 617010   64.00000   43  176   82.00000   47.00000  42.7%   249 10369s
 1438440 618063   80.00000   45   67   82.00000   47.00000  42.7%   250 10407s
 1441334 619010 infeasible   43        82.00000   47.00000  42.7%   250 10439s
 1443816 620104   65.00000   37  166   82.00000   47.00000  42.7%   250 10473s
 1446569 620841   79.00000   50   61   82.00000   47.00000  42.7%   250 10504s
 1448664 621783   66.00000   42  271   82.00000   47.00000  42.7%   250 10540s
 1451201 622818   68.00000   46  245   82.00000   47.00000  42.7%   250 10574s
 1453798 623826   62.00000   46  153   82.00000   47.00000  42.7%   250 10610s
 1456404 624741   62.00000   44  233   82.00000   47.00000  42.7%   250 10641s
 1458824 625669   59.00000   47  211   82.00000   47.00000  42.7%   250 10677s
 1461349 626591   69.00000   44  117   82.00000   47.00000  42.7%   250 10711s
 1464144 627643 infeasible   57        82.00000   47.00000  42.7%   250 10750s
 1466896 628746   59.00000   50  133   82.00000   47.00000  42.7%   250 10785s
 1469674 629054 infeasible   46        82.00000   47.00000  42.7%   250 10800s

Explored 1470620 nodes (368375072 simplex iterations) in 10800.32 seconds (5729.93 work units)
Thread count was 18 (of 36 available processors)

Solution count 10: 82 83 84 ... 94

Time limit reached
Best objective 8.200000000000e+01, best bound 4.700000000000e+01, gap 42.6829%
