
Gurobi 11.0.0 (win64) logging started Sat May 18 01:15:17 2024

Set parameter LogFile to value "./Results/StripPacking-SequencePairRuns/Logs/SBspL-010-StripPacking-25.log"
Set parameter TimeLimit to value 10800
Set parameter Cuts to value 0
Set parameter Presolve to value 1
Set parameter Heuristics to value 0
Set parameter LPWarmStart to value 2
Gurobi Optimizer version 11.0.0 build v11.0.0rc2 (win64 - Windows 10.0 (19045.2))

CPU model: Intel(R) Core(TM) i9-10980XE CPU @ 3.00GHz, instruction set [SSE2|AVX|AVX2|AVX512]
Thread count: 18 physical cores, 36 logical processors, using up to 18 threads

Optimize a model with 12825 rows, 651 columns and 39650 nonzeros
Model fingerprint: 0xfe6e67b0
Variable types: 51 continuous, 600 integer (600 binary)
Coefficient statistics:
  Matrix range     [1e+00, 1e+04]
  Objective range  [1e+00, 1e+00]
  Bounds range     [1e+00, 1e+04]
  RHS range        [5e-01, 1e+04]

Warning: Completing partial solution with 600 unfixed non-continuous variables out of 600
User MIP start did not produce a new incumbent solution

Presolve removed 600 rows and 0 columns
Presolve time: 0.05s
Presolved: 12225 rows, 651 columns, 37850 nonzeros
Variable types: 51 continuous, 600 integer (600 binary)

Root relaxation: objective 3.500000e+01, 1905 iterations, 0.15 seconds (0.20 work units)
Another try with MIP start

    Nodes    |    Current Node    |     Objective Bounds      |     Work
 Expl Unexpl |  Obj  Depth IntInf | Incumbent    BestBd   Gap | It/Node Time

H    0     0                     117.0000000   35.00000  70.1%     -    1s
     0     0   35.00000    0  143  117.00000   35.00000  70.1%     -    1s
     0     0   35.00000    0  123  117.00000   35.00000  70.1%     -    1s
     0     2   35.00000    0   97  117.00000   35.00000  70.1%     -    1s
   253   387   35.00000   11  239  117.00000   35.00000  70.1%   343    5s
*  956  1029              86     115.0000000   35.00000  69.6%   181    6s
*  960  1029              88     112.0000000   35.00000  68.8%   180    6s
* 1222  1308              89     111.0000000   35.00000  68.5%   172    7s
  3107  2526   85.00000   34  137  111.00000   35.00000  68.5%   130   10s
  3684  3337   48.00000   36  121  111.00000   35.00000  68.5%   140   15s
* 4131  3061              84     109.0000000   35.00000  67.9%   136   15s
* 4913  3810              88     108.0000000   35.00000  67.6%   125   17s
* 5110  3631             116     107.0000000   35.00000  67.3%   122   17s
* 5502  3527             112     104.0000000   35.00000  66.3%   118   17s
* 6730  3516             104     101.0000000   35.00000  65.3%   110   19s
* 6733  3371             105      98.0000000   35.00000  64.3%   110   19s
  7084  3786   62.00000   36  127   98.00000   35.00000  64.3%   111   20s
* 7492  3474              70      97.0000000   35.00000  63.9%   110   20s
* 8805  3836              85      94.0000000   35.00000  62.8%   109   22s
  9904  4726   57.00000   44  110   94.00000   35.00000  62.8%   110   25s
*10004  4670              70      93.0000000   35.00000  62.4%   110   25s
*11320  5419              89      92.0000000   35.00000  62.0%   111   28s
 12432  6341   62.00000   52   61   92.00000   35.00000  62.0%   112   30s
*13515  6413              81      90.0000000   35.00000  61.1%   111   31s
 15412  7757   62.00000   29  129   90.00000   35.00000  61.1%   114   35s
 18170  9458   86.00000   62   39   90.00000   35.00000  61.1%   115   40s
*19241  9540              79      89.0000000   35.00000  60.7%   115   42s
 20928 10789   68.00000   41   93   89.00000   35.00000  60.7%   119   47s
*22323 10926              74      88.0000000   35.00000  60.2%   120   49s
 23287 11693   35.00000   26  158   88.00000   35.00000  60.2%   121   52s
 25794 13452   50.00000   34  237   88.00000   35.00000  60.2%   124   57s
 27622 14261   75.00000   43  111   88.00000   35.00000  60.2%   123   60s
 30787 16222   57.00000   44  111   88.00000   35.00000  60.2%   124   65s
 34282 18229     cutoff   49        88.00000   35.00000  60.2%   125   72s
 35815 19062   81.00000   30  156   88.00000   35.00000  60.2%   127   75s
 39034 21334   52.00000   32  236   88.00000   35.00000  60.2%   130   82s
 41075 22331   35.00000   30  233   88.00000   35.00000  60.2%   131   86s
 42759 23820   62.00000   48  137   88.00000   35.00000  60.2%   132   90s
 45005 25210   85.00000   73   32   88.00000   35.00000  60.2%   133   95s
 49683 28120   67.00000   39   77   88.00000   35.00000  60.2%   134  104s
 51928 29635   78.00000   44   34   88.00000   35.00000  60.2%   135  109s
*53584 28189              74      87.0000000   35.00000  59.8%   136  109s
 54444 29664   52.00000   26  162   87.00000   35.00000  59.8%   136  114s
 56978 30983   62.00000   34  189   87.00000   35.00000  59.8%   136  118s
 59057 32504 infeasible   75        87.00000   35.00000  59.8%   137  123s
 61392 33651   53.00000   26  182   87.00000   35.00000  59.8%   138  127s
 63442 34966   69.00000   28  156   87.00000   35.00000  59.8%   139  132s
 65707 36244 infeasible   43        87.00000   35.00000  59.8%   140  137s
 68060 37448   81.00000   42   68   87.00000   35.00000  59.8%   141  141s
 70098 38873   72.00000   44   76   87.00000   35.00000  59.8%   142  147s
 72648 40168   35.00000   39  172   87.00000   35.00000  59.8%   142  152s
 74985 41610   35.00000   34  296   87.00000   35.00000  59.8%   143  158s
 78025 42937   51.00000   33  218   87.00000   35.00000  59.8%   143  162s
 80239 43961 infeasible   51        87.00000   35.00000  59.8%   143  167s
 82690 45343   67.00000   53  105   87.00000   35.00000  59.8%   143  172s
 85144 46923   83.00000   62   88   87.00000   35.00000  59.8%   143  177s
 87725 48054 infeasible   58        87.00000   35.00000  59.8%   143  181s
 89877 49184   74.00000   42  196   87.00000   35.00000  59.8%   143  185s
 92283 50767   62.00000   39  140   87.00000   35.00000  59.8%   144  190s
*95318 48538              79      86.0000000   35.00000  59.3%   144  194s
 96530 49372   62.00000   36  191   86.00000   35.00000  59.3%   144  198s
 98750 50633   71.00000   36  253   86.00000   35.00000  59.3%   145  202s
 101003 51838   81.00000   45   86   86.00000   35.00000  59.3%   145  207s
 103198 52994   85.00000   77   12   86.00000   35.00000  59.3%   145  211s
 105428 54082   82.00000   49   74   86.00000   35.00000  59.3%   146  215s
 109475 56339   79.00000   43  140   86.00000   35.00000  59.3%   147  223s
 111621 57399   69.00000   42   97   86.00000   35.00000  59.3%   147  227s
 113679 58504   72.00000   48   59   86.00000   35.00000  59.3%   147  231s
 115645 59536   62.00000   29  195   86.00000   35.00000  59.3%   147  235s
 119404 61577   73.00000   46   95   86.00000   35.00000  59.3%   148  242s
 121380 62609   62.00000   43   85   86.00000   35.00000  59.3%   148  246s
 123444 63492   85.00000   61   33   86.00000   35.00000  59.3%   148  250s
 127361 65616   62.00000   45  170   86.00000   35.00000  59.3%   148  258s
 129240 66850   62.00000   51  101   86.00000   35.00000  59.3%   148  261s
 131229 67932   82.00000   52   62   86.00000   35.00000  59.3%   148  265s
 135077 69960   80.00000   60   63   86.00000   35.03205  59.3%   148  272s
 137054 71001   81.00000   43   91   86.00000   35.04373  59.3%   148  275s
 140713 72827   62.00000   36  120   86.00000   35.74347  58.4%   148  281s
 142439 73827 infeasible   46        86.00000   35.96047  58.2%   148  285s
 146042 75618   84.00000   60   17   86.00000   36.00000  58.1%   148  291s
 149304 77629     cutoff   38        86.00000   36.90729  57.1%   148  298s
 151465 78496     cutoff   42        86.00000   37.00000  57.0%   148  301s
 153164 79540 infeasible   51        86.00000   37.00000  57.0%   148  305s
 157274 81464   85.00000   45   44   86.00000   38.00000  55.8%   148  312s
 159119 82414   48.00000   28  133   86.00000   38.00000  55.8%   148  316s
 162826 84320   68.00000   33  187   86.00000   39.00000  54.7%   148  322s
 164565 85207   73.00000   44  118   86.00000   40.00000  53.5%   148  326s
 168569 86995   85.00000   46   65   86.00000   40.00000  53.5%   148  333s
 170230 87951     cutoff   53        86.00000   40.00000  53.5%   148  337s
 172498 88925   62.00000   36  159   86.00000   41.00000  52.3%   148  340s
 176442 90989   84.00000   46   91   86.00000   41.00000  52.3%   148  347s
 178291 92057   82.00000   37   74   86.00000   41.00000  52.3%   148  350s
 182260 94213   71.00000   40  124   86.00000   42.00000  51.2%   147  357s
 184054 95200 infeasible   49        86.00000   42.00000  51.2%   147  361s
 187969 97316   69.00000   47   96   86.00000   42.00000  51.2%   147  367s
*188593 89212              75      85.0000000   42.00000  50.6%   147  367s
 189834 89812   62.00000   35  109   85.00000   42.00000  50.6%   147  371s
 193607 91568   70.00000   36  131   85.00000   43.00000  49.4%   147  377s
 195332 92466   77.00000   54   75   85.00000   43.00000  49.4%   147  381s
 199154 94261 infeasible   45        85.00000   43.00000  49.4%   147  388s
 201211 94939   80.00000   34  145   85.00000   43.00000  49.4%   147  391s
 203012 95915     cutoff   33        85.00000   43.00000  49.4%   147  395s
 206651 97942   63.00000   47   99   85.00000   43.00000  49.4%   147  402s
 208613 99290   67.00000   39  165   85.00000   44.00000  48.2%   147  407s
 211528 100498   62.00000   27  151   85.00000   44.00000  48.2%   146  413s
 214010 101743   82.00000   42  129   85.00000   44.00000  48.2%   146  417s
 216275 103170   68.00000   32  147   85.00000   44.00000  48.2%   146  422s
 219025 104372   78.00000   48   56   85.00000   44.00000  48.2%   146  427s
 221415 105685   67.00000   38   94   85.00000   44.00000  48.2%   146  432s
 224081 106958   63.00000   39  112   85.00000   44.00000  48.2%   146  437s
 226557 108165     cutoff   54        85.00000   44.00000  48.2%   146  442s
 229208 109208   79.00000   47   88   85.00000   44.00000  48.2%   146  447s
 231373 110783   62.00000   41   78   85.00000   44.00000  48.2%   146  451s
 233958 111981   62.00000   37  156   85.00000   44.00000  48.2%   146  455s
 236213 113088   81.00000   43   99   85.00000   44.00000  48.2%   146  460s
 239984 114155   70.00000   40  102   85.00000   44.00000  48.2%   146  465s
 242742 116408   64.00000   30  174   85.00000   44.00000  48.2%   146  472s
 245009 117470   76.00000   42  130   85.00000   44.00000  48.2%   146  477s
 247211 118639   83.00000   51   37   85.00000   44.00000  48.2%   146  482s
 249458 119845   78.00000   44   59   85.00000   44.00000  48.2%   146  486s
 251761 120904   74.00000   38  109   85.00000   44.00000  48.2%   146  491s
 255721 122718   82.00000   54  108   85.00000   44.00000  48.2%   146  498s
 257737 123787   70.00000   40   88   85.00000   44.00000  48.2%   146  503s
 259965 124837   77.00000   49  122   85.00000   44.00000  48.2%   146  508s
 262092 125821   47.00000   35  152   85.00000   44.00000  48.2%   146  512s
 264134 126854   46.00000   38  121   85.00000   44.00000  48.2%   146  516s
 266108 128014   83.00000   48   89   85.00000   44.00000  48.2%   146  520s
 268206 128921     cutoff   44        85.00000   44.00000  48.2%   146  525s
 272122 130886 infeasible   55        85.00000   44.00000  48.2%   146  533s
 274425 131625   83.00000   53   31   85.00000   44.00000  48.2%   145  536s
 277703 133382 infeasible   53        85.00000   44.00000  48.2%   146  543s
 279662 134230   44.00000   33  246   85.00000   44.00000  48.2%   145  546s
 281377 135219   60.00000   32   97   85.00000   44.00000  48.2%   145  550s
 285004 136883   84.00000   39   98   85.00000   44.00000  48.2%   145  557s
 286906 138142   82.00000   56   58   85.00000   45.00000  47.1%   145  563s
 289537 139568   66.00000   46   88   85.00000   45.00000  47.1%   145  569s
 292149 140770   62.00000   39  148   85.00000   45.00000  47.1%   145  574s
 294670 142089   83.00000   42   21   85.00000   45.00000  47.1%   145  581s
 297724 143241   71.00000   39   84   85.00000   45.00000  47.1%   145  586s
 300053 144328   76.00000   57   55   85.00000   45.00000  47.1%   145  591s
*300640 133255              82      84.0000000   45.00000  46.4%   145  591s
 302273 134371     cutoff   40        84.00000   45.00000  46.4%   145  596s
 304661 135343   81.00000   36   71   84.00000   45.00000  46.4%   145  601s
 307069 136434 infeasible   52        84.00000   45.00000  46.4%   145  606s
 309371 137489   57.00000   37  100   84.00000   45.00000  46.4%   145  611s
 311593 138669   58.00000   41  229   84.00000   45.00000  46.4%   145  617s
*312819 131111              70      83.0000000   45.00000  45.8%   145  617s
 314124 132064   45.00000   40  262   83.00000   45.00000  45.8%   145  622s
 316589 133182   82.00000   46   54   83.00000   45.00000  45.8%   145  628s
 318824 134462   48.00000   33  249   83.00000   45.00000  45.8%   145  633s
 321169 135529   53.00000   35  193   83.00000   45.00000  45.8%   145  638s
 323652 136675   51.00000   33  134   83.00000   45.00000  45.8%   146  644s
 326090 137760   78.00000   51   53   83.00000   45.00000  45.8%   146  650s
 330671 139936   77.00000   38   81   83.00000   45.00000  45.8%   146  660s
 333106 141233 infeasible   47        83.00000   45.00000  45.8%   146  665s
 337652 143239   73.00000   57   74   83.00000   45.00000  45.8%   146  674s
 339939 144324   71.00000   38   69   83.00000   45.00000  45.8%   146  680s
 342120 145465   65.00000   40  161   83.00000   45.00000  45.8%   146  685s
 346533 147282   81.00000   46   58   83.00000   45.00000  45.8%   146  692s
 348326 148285   82.00000   50   69   83.00000   45.00000  45.8%   146  697s
 350482 149062   57.00000   35  138   83.00000   45.00000  45.8%   146  701s
 352393 150022   82.00000   48   77   83.00000   45.00000  45.8%   146  705s
 356410 151728   72.00000   39  174   83.00000   45.00000  45.8%   146  713s
 358142 152624   70.00000   42  114   83.00000   45.00000  45.8%   146  717s
 360185 153500   67.00000   56   80   83.00000   45.00000  45.8%   146  721s
 362109 154355   51.00000   31  211   83.00000   45.00000  45.8%   146  725s
 365864 156254   78.00000   43   60   83.00000   45.00000  45.8%   146  733s
 367904 157026   72.00000   52   71   83.00000   46.00000  44.6%   146  738s
 370362 157935   73.00000   50   92   83.00000   46.00000  44.6%   146  743s
 372370 158773     cutoff   44        83.00000   46.00000  44.6%   146  747s
 374244 159490   79.00000   39   81   83.00000   46.00000  44.6%   146  751s
 376041 160372   67.00000   52   79   83.00000   46.00000  44.6%   146  755s
 378140 161141   68.00000   33  130   83.00000   46.00000  44.6%   146  760s
 382129 163022   82.00000   47   56   83.00000   46.00000  44.6%   146  768s
 384044 164025   54.00000   35  224   83.00000   46.00000  44.6%   146  773s
 386132 164660   81.00000   54   78   83.00000   46.00000  44.6%   146  777s
 388119 165505 infeasible   45        83.00000   46.00000  44.6%   146  781s
 390014 166362   75.00000   41  100   83.00000   46.00000  44.6%   146  786s
 391996 167092   64.00000   36  208   83.00000   46.00000  44.6%   146  790s
 395680 168705   52.00000   32  142   83.00000   46.00000  44.6%   146  798s
 397585 169604   82.00000   49   47   83.00000   47.00000  43.4%   146  802s
 399528 170659 infeasible   54        83.00000   47.00000  43.4%   146  808s
 401889 171711   75.00000   36  123   83.00000   47.00000  43.4%   146  815s
 404357 172853   56.00000   41  134   83.00000   47.00000  43.4%   146  821s
 406869 174048   54.00000   37  120   83.00000   47.00000  43.4%   147  828s
 409387 175290 infeasible   52        83.00000   47.00000  43.4%   147  835s
 412078 176675 infeasible   40        83.00000   47.00000  43.4%   147  843s
 415026 177795   72.00000   48   79   83.00000   47.00000  43.4%   147  850s
 417614 179010   82.00000   47   54   83.00000   47.00000  43.4%   147  858s
 420475 180231 infeasible   42        83.00000   47.00000  43.4%   147  865s
 423049 181414   80.00000   43   68   83.00000   47.00000  43.4%   147  871s
 425599 182511     cutoff   57        83.00000   47.00000  43.4%   147  877s
 427949 183740   79.00000   29  132   83.00000   47.00000  43.4%   147  884s
 430484 184721   78.00000   48   61   83.00000   47.00000  43.4%   147  889s
 432741 186017 infeasible   47        83.00000   47.00000  43.4%   147  896s
 435355 187032   64.00000   34  128   83.00000   47.00000  43.4%   147  901s
 437537 188170   62.00000   43  125   83.00000   47.00000  43.4%   147  907s
 439850 189338   81.00000   54   39   83.00000   47.00000  43.4%   147  913s
 442296 190288   76.00000   42  151   83.00000   47.00000  43.4%   147  919s
 444506 191257   64.00000   35  190   83.00000   47.00000  43.4%   147  925s
 446768 192263   54.00000   40  140   83.00000   47.00000  43.4%   148  930s
 448984 193205   48.00000   39  126   83.00000   47.00000  43.4%   148  936s
 451092 194271 infeasible   42        83.00000   47.00000  43.4%   148  941s
 453445 195067 infeasible   53        83.00000   47.00000  43.4%   148  946s
 455389 196081   80.00000   42  139   83.00000   47.00000  43.4%   148  951s
 457441 196946   74.00000   45   67   83.00000   47.00000  43.4%   148  956s
 459429 197790   72.00000   48  216   83.00000   47.00000  43.4%   148  961s
 461292 198612   57.00000   46  182   83.00000   47.00000  43.4%   148  965s
 463230 199502   82.00000   57   10   83.00000   47.00000  43.4%   148  970s
 466089 200262   82.00000   56   18   83.00000   47.00000  43.4%   148  975s
 468836 201700 infeasible   38        83.00000   47.00000  43.4%   148  984s
 470671 202666 infeasible   54        83.00000   47.00000  43.4%   148  990s
 472960 203642     cutoff   58        83.00000   47.00000  43.4%   148  997s
 475398 205209   69.00000   36   74   83.00000   48.00000  42.2%   148 1008s
 478821 206203   78.00000   46   52   83.00000   48.00000  42.2%   148 1014s
 481027 207296   79.00000   45   94   83.00000   48.00000  42.2%   148 1019s
 482312 207296   82.00000   55   46   83.00000   48.00000  42.2%   148 1020s
 483334 208436   82.00000   55   62   83.00000   48.00000  42.2%   148 1026s
 485786 209571   66.00000   40  157   83.00000   48.00000  42.2%   148 1033s
 488292 210929   75.00000   36   40   83.00000   48.00000  42.2%   148 1040s
 491041 212022   80.00000   39   89   83.00000   48.00000  42.2%   148 1047s
 493610 213119   52.00000   29  133   83.00000   48.00000  42.2%   148 1055s
 496477 214352 infeasible   51        83.00000   48.00000  42.2%   148 1063s
 499052 215537   73.00000   45   70   83.00000   48.00000  42.2%   148 1072s
 501829 216782   77.00000   49   70   83.00000   48.00000  42.2%   148 1079s
 504468 218055 infeasible   45        83.00000   48.00000  42.2%   148 1087s
 507309 219302   48.00000   40  204   83.00000   48.00000  42.2%   148 1095s
 509986 220109   71.00000   35   58   83.00000   48.00000  42.2%   148 1101s
 512409 221323   82.00000   43   84   83.00000   48.00000  42.2%   148 1109s
 515115 222418   82.00000   53   29   83.00000   48.00000  42.2%   148 1116s
 517672 223409   75.00000   43   97   83.00000   48.00000  42.2%   148 1123s
 520214 224420 infeasible   43        83.00000   48.00000  42.2%   148 1129s
 522409 225305   81.00000   41   89   83.00000   48.00000  42.2%   148 1135s
 524973 226389 infeasible   44        83.00000   48.00000  42.2%   148 1141s
 527413 227368   69.00000   38  212   83.00000   48.00000  42.2%   148 1148s
 529784 228331     cutoff   52        83.00000   48.00000  42.2%   148 1154s
 532071 229305   54.00000   37  152   83.00000   48.00000  42.2%   148 1161s
 534512 230306   75.00000   44   98   83.00000   48.00000  42.2%   148 1166s
 536830 231272   78.00000   45   72   83.00000   48.00000  42.2%   148 1174s
 539363 232158 infeasible   49        83.00000   48.00000  42.2%   148 1180s
 541492 233227   69.00000   35  113   83.00000   48.00000  42.2%   148 1186s
 543743 234281   72.00000   41   80   83.00000   48.00000  42.2%   148 1192s
 546002 235356     cutoff   56        83.00000   48.00000  42.2%   148 1199s
 548304 236229   69.00000   42  101   83.00000   48.00000  42.2%   148 1204s
 550425 237061 infeasible   39        83.00000   48.00000  42.2%   148 1210s
 552681 237793   62.00000   39  114   83.00000   48.00000  42.2%   148 1215s
 554633 238715   74.00000   41  140   83.00000   48.00000  42.2%   148 1220s
 556586 239631   76.00000   45   61   83.00000   48.00000  42.2%   148 1225s
 558522 240592   67.00000   40  100   83.00000   48.00000  42.2%   148 1231s
 560669 241509   76.00000   56   65   83.00000   48.00000  42.2%   148 1236s
 562689 242349 infeasible   45        83.00000   48.00000  42.2%   148 1240s
 564550 243188 infeasible   55        83.00000   48.00000  42.2%   148 1245s
 566382 244082 infeasible   42        83.00000   48.00000  42.2%   148 1250s
 568362 244992     cutoff   42        83.00000   48.00000  42.2%   148 1255s
 570424 245797   65.00000   46   93   83.00000   48.60216  41.4%   148 1260s
 573967 247431 infeasible   47        83.00000   49.00000  41.0%   148 1270s
 576095 248380   75.00000   42  108   83.00000   49.00000  41.0%   148 1276s
 578376 249169   76.00000   40  143   83.00000   49.00000  41.0%   148 1282s
 580422 250026 infeasible   46        83.00000   49.00000  41.0%   148 1287s
 582350 250851   56.00000   37  108   83.00000   49.00000  41.0%   148 1292s
 584444 251816 infeasible   44        83.00000   49.00000  41.0%   148 1297s
 586507 252461   82.00000   43   62   83.00000   49.00000  41.0%   148 1303s
 588447 253253   70.00000   46  125   83.00000   49.00000  41.0%   148 1308s
 590557 254180   77.00000   37   93   83.00000   49.00000  41.0%   148 1314s
 592719 254987   81.00000   40   98   83.00000   49.00000  41.0%   148 1320s
 594607 255876     cutoff   46        83.00000   49.00000  41.0%   148 1326s
 596711 256635   80.00000   46   72   83.00000   49.00000  41.0%   148 1331s
 598655 257410     cutoff   45        83.00000   49.00000  41.0%   148 1336s
 600483 258135   50.00000   30  113   83.00000   49.00000  41.0%   148 1341s
 602310 259028 infeasible   42        83.00000   49.00000  41.0%   148 1346s
 604149 260078 infeasible   58        83.00000   49.00000  41.0%   148 1351s
 606171 260908   71.00000   41   87   83.00000   49.00000  41.0%   148 1356s
 608061 261849   78.00000   54   83   83.00000   49.00000  41.0%   148 1361s
 610085 262577 infeasible   57        83.00000   49.00000  41.0%   149 1366s
 611915 263390 infeasible   49        83.00000   49.00000  41.0%   149 1372s
 613801 264114   76.00000   41   84   83.00000   49.00000  41.0%   149 1376s
 615468 264893   82.00000   53  102   83.00000   49.00000  41.0%   149 1381s
 617369 265705 infeasible   50        83.00000   49.00000  41.0%   149 1387s
 619468 266535   50.00000   35   87   83.00000   49.00000  41.0%   149 1393s
 621485 267491 infeasible   40        83.00000   49.00000  41.0%   149 1400s
 623686 268618   82.00000   57   63   83.00000   49.00000  41.0%   149 1407s
 625993 269658 infeasible   41        83.00000   49.00000  41.0%   149 1414s
 628295 270700   65.00000   38  134   83.00000   49.00000  41.0%   148 1419s
 629257 270700   63.00000   43  112   83.00000   50.00000  39.8%   148 1420s
 630233 272149   82.00000   48   58   83.00000   50.00000  39.8%   148 1430s
 633194 273539 infeasible   70        83.00000   50.00000  39.8%   148 1440s
 636181 275009   74.00000   52   49   83.00000   50.00000  39.8%   148 1453s
 639294 276071 infeasible   62        83.00000   50.00000  39.8%   148 1460s
 641791 277123   52.00000   36  118   83.00000   50.00000  39.8%   148 1468s
 644487 278311 infeasible   44        83.00000   50.00000  39.8%   148 1477s
 647244 279681   80.00000   43   83   83.00000   50.00000  39.8%   148 1486s
 649963 280773   67.00000   43  135   83.00000   50.00000  39.8%   148 1493s
 652301 281944   53.00000   34  110   83.00000   50.00000  39.8%   148 1501s
 654893 283190   77.00000   46   92   83.00000   50.00000  39.8%   148 1508s
 657409 284225 infeasible   45        83.00000   50.00000  39.8%   148 1516s
 659810 285280   77.00000   34  145   83.00000   50.00000  39.8%   148 1524s
 662201 286648   82.00000   54   23   83.00000   50.00000  39.8%   148 1535s
 665161 287958   61.00000   33  212   83.00000   50.00000  39.8%   148 1545s
 668102 289163   75.00000   45   78   83.00000   50.00000  39.8%   148 1555s
 670791 290475   80.00000   48   73   83.00000   50.00000  39.8%   148 1564s
 673617 291718   60.00000   32  134   83.00000   50.00000  39.8%   148 1573s
 676467 293018   56.00000   35  106   83.00000   50.00000  39.8%   148 1584s
 679275 294206   82.00000   45   24   83.00000   50.00000  39.8%   148 1593s
 681952 295349   71.00000   37  118   83.00000   50.00000  39.8%   148 1603s
 684651 296414   74.00000   37   76   83.00000   50.00000  39.8%   148 1611s
 687222 297638   78.00000   51   47   83.00000   50.00000  39.8%   148 1622s
 690049 298791 infeasible   62        83.00000   50.00000  39.8%   148 1631s
 692860 299979   74.00000   51   57   83.00000   50.00000  39.8%   148 1640s
 695592 301059   66.00000   42  157   83.00000   50.00000  39.8%   148 1649s
 698321 302334 infeasible   39        83.00000   50.00000  39.8%   148 1659s
 701010 303482   70.00000   42   99   83.00000   50.00000  39.8%   148 1668s
 703692 304810   60.00000   33   72   83.00000   50.00000  39.8%   148 1679s
 706694 305875     cutoff   45        83.00000   50.00000  39.8%   148 1686s
 709270 306973   78.00000   50   55   83.00000   50.00000  39.8%   148 1693s
 711688 308226   82.00000   57   41   83.00000   50.00000  39.8%   148 1703s
 714436 309416 infeasible   50        83.00000   50.00000  39.8%   148 1710s
 716896 310585   70.00000   42  114   83.00000   50.00000  39.8%   148 1718s
 719531 311863   82.00000   53   74   83.00000   50.00000  39.8%   148 1727s
 722072 313033   77.00000   47  127   83.00000   50.00000  39.8%   148 1735s
 724780 314160   82.00000   39   65   83.00000   50.00000  39.8%   148 1744s
 727551 315304 infeasible   51        83.00000   50.00000  39.8%   148 1754s
 730058 316749 infeasible   49        83.00000   50.00000  39.8%   148 1766s
 733177 318029 infeasible   47        83.00000   50.00000  39.8%   148 1776s
 736036 319180   50.00000   33  264   83.00000   50.00000  39.8%   148 1784s
 738538 320347   77.00000   41   77   83.00000   50.00000  39.8%   148 1794s
 741163 321532   71.00000   43  142   83.00000   50.00000  39.8%   148 1802s
 743802 322529   54.00000   44  143   83.00000   50.00000  39.8%   148 1811s
 746268 323698   77.00000   46   92   83.00000   50.00000  39.8%   148 1821s
 748815 324867   64.00000   40   97   83.00000   50.00000  39.8%   148 1829s
 751407 325837   79.00000   41   51   83.00000   50.00000  39.8%   149 1839s
 754122 326864   58.00000   39  170   83.00000   50.00000  39.8%   149 1848s
 756582 328164   80.00000   48   55   83.00000   50.00000  39.8%   149 1858s
 759326 329317   82.00000   43   83   83.00000   50.00000  39.8%   149 1867s
 761957 330418 infeasible   62        83.00000   50.00000  39.8%   149 1876s
 764532 331609   79.00000   37   74   83.00000   50.00000  39.8%   149 1886s
 767202 332713   67.00000   38  151   83.00000   50.00000  39.8%   149 1894s
 769591 333920   80.00000   40   89   83.00000   50.00000  39.8%   149 1904s
 772229 335145   51.00000   34  117   83.00000   50.00000  39.8%   149 1912s
 774843 336251   82.00000   49   28   83.00000   50.00000  39.8%   149 1921s
 777337 337337   60.00000   28  159   83.00000   50.00000  39.8%   149 1931s
 780207 338594   62.00000   31  129   83.00000   50.00000  39.8%   149 1943s
 783034 339616   56.00000   34  178   83.00000   50.00000  39.8%   149 1954s
 785793 340623   75.00000   51   75   83.00000   50.00000  39.8%   149 1963s
 788446 341836   72.00000   39  126   83.00000   50.00000  39.8%   149 1972s
 791018 343120     cutoff   44        83.00000   50.00000  39.8%   149 1982s
 793781 344093 infeasible   45        83.00000   50.00000  39.8%   149 1990s
 796048 345250   82.00000   42   56   83.00000   50.00000  39.8%   149 2000s
 798623 346630   81.00000   40   75   83.00000   50.00000  39.8%   149 2008s
 801123 347740     cutoff   47        83.00000   50.00000  39.8%   149 2019s
 803828 348890   80.00000   46   85   83.00000   50.00000  39.8%   149 2029s
 806496 350008 infeasible   46        83.00000   50.00000  39.8%   149 2037s
 808837 351220     cutoff   46        83.00000   50.00000  39.8%   150 2049s
 811600 352299 infeasible   41        83.00000   50.00000  39.8%   150 2061s
 814580 353521   70.00000   38   93   83.00000   50.00000  39.8%   150 2071s
 817301 354648   82.00000   43   57   83.00000   50.00000  39.8%   150 2080s
 819989 355963   70.00000   44  112   83.00000   50.00000  39.8%   150 2091s
 822678 357013   50.00000   39  214   83.00000   50.00000  39.8%   150 2101s
 825210 358191   80.00000   52   68   83.00000   50.00000  39.8%   150 2112s
 827942 359448   80.00000   48   56   83.00000   50.00000  39.8%   150 2122s
 830494 360752   77.00000   49   75   83.00000   50.00000  39.8%   150 2135s
 833682 362005   76.00000   39   86   83.00000   50.00000  39.8%   150 2146s
 836494 363089   61.00000   37  177   83.00000   50.00000  39.8%   150 2155s
 838911 364223   74.00000   34  137   83.00000   50.00000  39.8%   150 2165s
 841542 365450   82.00000   47   39   83.00000   50.00000  39.8%   150 2176s
 844165 366439   78.00000   56   75   83.00000   50.00000  39.8%   150 2186s
 846763 367538   69.00000   38  175   83.00000   50.00000  39.8%   150 2195s
 849276 368737 infeasible   61        83.00000   50.00000  39.8%   150 2205s
 851906 370039   82.00000   41   31   83.00000   50.00000  39.8%   150 2217s
 854780 371193   73.00000   45   84   83.00000   50.00000  39.8%   150 2228s
 857335 372521   81.00000   39  106   83.00000   50.00000  39.8%   150 2240s
 860187 373806   78.00000   45   75   83.00000   50.00000  39.8%   150 2250s
 862933 375064   51.00000   43  183   83.00000   50.00000  39.8%   150 2261s
 865464 376371   50.00000   39  133   83.00000   50.00000  39.8%   150 2273s
 868395 377480   65.00000   35  163   83.00000   50.00000  39.8%   150 2283s
 871051 378616   82.00000   50   90   83.00000   50.00000  39.8%   150 2293s
 873533 379962   82.00000   53   56   83.00000   50.00000  39.8%   150 2304s
 876310 381178 infeasible   41        83.00000   50.00000  39.8%   150 2313s
 878824 382547   72.00000   46   78   83.00000   50.00000  39.8%   150 2328s
 881762 383791   63.00000   49  107   83.00000   50.00000  39.8%   150 2339s
 884591 385089   62.00000   36  109   83.00000   50.00000  39.8%   150 2351s
 887524 386286   77.00000   53   40   83.00000   50.00000  39.8%   150 2361s
 890088 387534   79.00000   51   59   83.00000   50.00000  39.8%   150 2373s
 892665 388764   59.00000   47  104   83.00000   50.00000  39.8%   151 2385s
 895503 389946     cutoff   53        83.00000   50.00000  39.8%   151 2396s
 898115 390858   51.00000   35  161   83.00000   50.00000  39.8%   151 2405s
 900606 391934     cutoff   45        83.00000   50.00000  39.8%   151 2416s
 903106 393022   56.00000   37  280   83.00000   50.00000  39.8%   151 2426s
 905663 394404 infeasible   65        83.00000   50.00000  39.8%   151 2439s
 908595 395566   50.00000   36  197   83.00000   50.00000  39.8%   151 2451s
 911297 396804   70.00000   36  121   83.00000   50.00000  39.8%   151 2462s
 914019 398027   78.00000   42   53   83.00000   50.00000  39.8%   151 2472s
 916760 399295   70.00000   35  155   83.00000   50.00000  39.8%   151 2485s
 919524 400359   58.00000   49  114   83.00000   50.00000  39.8%   151 2494s
 921919 401701   81.00000   49   58   83.00000   50.00000  39.8%   151 2505s
 924624 402930     cutoff   43        83.00000   50.00000  39.8%   151 2519s
 927400 404260   78.00000   48  126   83.00000   50.00000  39.8%   151 2533s
 930309 405499   66.00000   31  190   83.00000   50.00000  39.8%   151 2543s
 932957 406701     cutoff   62        83.00000   50.00000  39.8%   151 2556s
 935729 407789   80.00000   43   65   83.00000   50.00000  39.8%   151 2568s
 938297 409026   67.00000   38  235   83.00000   50.00000  39.8%   151 2579s
 941057 410030   68.00000   42  137   83.00000   50.00000  39.8%   151 2589s
 943530 411152 infeasible   55        83.00000   50.00000  39.8%   151 2601s
 946043 412196 infeasible   57        83.00000   50.00000  39.8%   151 2610s
 948453 413315 infeasible   45        83.00000   50.00000  39.8%   151 2620s
 950943 414401   81.00000   51   70   83.00000   50.00000  39.8%   151 2630s
 953480 415556   68.00000   42  153   83.00000   50.00000  39.8%   151 2642s
 956074 416761   76.00000   41  173   83.00000   50.00000  39.8%   151 2654s
 958861 417798 infeasible   63        83.00000   50.00000  39.8%   151 2665s
 961433 418799   70.00000   35  147   83.00000   50.00000  39.8%   151 2674s
 963784 419885 infeasible   40        83.00000   50.00000  39.8%   151 2682s
 966062 420729 infeasible   64        83.00000   50.00000  39.8%   152 2690s
 968295 421859 infeasible   64        83.00000   50.00000  39.8%   152 2700s
 970816 423036   81.00000   48   37   83.00000   50.00000  39.8%   152 2712s
 973344 423991 infeasible   40        83.00000   50.00000  39.8%   152 2721s
 975543 424926   79.00000   42   78   83.00000   50.00000  39.8%   152 2729s
 977654 425903   78.00000   49  110   83.00000   50.00000  39.8%   152 2738s
 979969 426811   66.00000   34   82   83.00000   50.00000  39.8%   152 2746s
 982020 427691     cutoff   62        83.00000   50.00000  39.8%   152 2753s
 984017 428625   78.00000   38  101   83.00000   50.00000  39.8%   152 2761s
 986230 429592   70.00000   41  168   83.00000   50.00000  39.8%   152 2772s
 988703 430224   78.00000   43   58   83.00000   50.00000  39.8%   152 2779s
 990645 431270     cutoff   42        83.00000   50.00000  39.8%   152 2789s
 993031 432300   80.00000   61   84   83.00000   50.00000  39.8%   152 2798s
 995316 433400   78.00000   51   44   83.00000   50.00000  39.8%   152 2807s
 997728 434345     cutoff   63        83.00000   50.00000  39.8%   152 2816s
 999876 435313   78.00000   44  107   83.00000   50.00000  39.8%   152 2823s
 1001982 436130 infeasible   38        83.00000   50.00000  39.8%   152 2832s
 1004200 437190 infeasible   47        83.00000   50.00000  39.8%   152 2842s
*1005997 401352              76      82.0000000   50.00000  39.0%   152 2842s
 1006540 402068   51.00000   39  102   82.00000   50.00000  39.0%   152 2850s
 1008761 402975   77.00000   47   79   82.00000   50.00000  39.0%   152 2859s
 1009988 402975   81.00000   51   49   82.00000   50.00000  39.0%   152 2860s
 1010879 403869   50.00000   40  211   82.00000   50.00000  39.0%   152 2867s
 1012788 404864   78.00000   41   92   82.00000   50.00000  39.0%   152 2875s
 1014930 405761   81.00000   48   21   82.00000   50.00000  39.0%   152 2882s
 1016878 406785     cutoff   48        82.00000   50.00000  39.0%   152 2891s
 1019181 407796   70.00000   37   77   82.00000   50.00000  39.0%   152 2899s
 1019933 407796   81.00000   57   50   82.00000   50.00000  39.0%   152 2900s
 1021340 408605 infeasible   47        82.00000   50.00000  39.0%   152 2906s
 1023175 409455   56.00000   27  166   82.00000   50.00000  39.0%   153 2913s
 1025132 410403   81.00000   47   82   82.00000   50.00000  39.0%   153 2921s
 1027225 411279   69.00000   38  205   82.00000   50.00000  39.0%   153 2928s
 1029043 412105   68.00000   37  197   82.00000   50.00000  39.0%   153 2934s
 1030730 412105   79.00000   49   97   82.00000   50.00000  39.0%   153 2935s
 1030838 412839   81.00000   49   91   82.00000   50.00000  39.0%   153 2941s
*1031066 379732              83      81.0000000   50.00000  38.3%   153 2941s
 1032451 380498 infeasible   41        81.00000   50.00000  38.3%   153 2948s
 1034432 381047   62.00000   38  177   81.00000   50.00000  38.3%   153 2954s
 1035979 381692     cutoff   43        81.00000   50.00000  38.3%   153 2960s
 1037596 382373   77.00000   46   92   81.00000   50.00000  38.3%   153 2966s
 1039264 383192 infeasible   46        81.00000   50.00000  38.3%   153 2974s
 1041215 383843   68.00000   43  146   81.00000   50.00000  38.3%   153 2982s
 1043286 384781   79.00000   52  113   81.00000   50.00000  38.3%   153 2990s
 1045376 385618   80.00000   41  205   81.00000   50.00000  38.3%   153 3000s
 1047589 386569   78.00000   55   85   81.00000   50.00000  38.3%   153 3010s
 1050024 387604   80.00000   50   81   81.00000   50.09333  38.2%   153 3020s
 1052371 388290   79.00000   42   70   81.00000   50.20440  38.0%   153 3028s
 1054462 388984   64.00000   40  136   81.00000   50.28225  37.9%   154 3036s
 1056378 389931   79.00000   53   48   81.00000   50.34342  37.8%   154 3043s
 1058403 390737   78.00000   44   52   81.00000   50.44337  37.7%   154 3051s
 1060353 392380   64.00000   38  108   81.00000   51.00000  37.0%   153 3066s
 1063530 393592   79.00000   57   32   81.00000   51.00000  37.0%   153 3082s
 1066247 394840   80.00000   43   35   81.00000   51.00000  37.0%   153 3096s
 1069060 396030   80.00000   58   90   81.00000   51.00000  37.0%   153 3111s
 1071992 397166   73.00000   51   79   81.00000   51.00000  37.0%   153 3124s
 1074659 398326   80.00000   45   45   81.00000   51.00000  37.0%   153 3139s
 1077368 399621 infeasible   55        81.00000   51.00000  37.0%   153 3154s
 1080200 401438   69.00000   48   78   81.00000   51.00000  37.0%   153 3177s
 1084048 402509 infeasible   57        81.00000   51.00000  37.0%   153 3188s
 1086558 403657   80.00000   52   75   81.00000   51.00000  37.0%   153 3199s
 1089043 404715   78.00000   55   49   81.00000   51.00000  37.0%   153 3212s
 1091584 405840     cutoff   52        81.00000   51.00000  37.0%   153 3223s
 1094177 406875 infeasible   53        81.00000   51.00000  37.0%   153 3232s
 1096561 407848   77.00000   52   86   81.00000   51.00000  37.0%   153 3242s
 1099232 408707   71.00000   51   86   81.00000   51.00000  37.0%   153 3253s
 1101817 409682   71.00000   41   75   81.00000   51.00000  37.0%   153 3268s
 1104529 410913   71.00000   44   65   81.00000   51.00000  37.0%   152 3284s
 1107793 411864   75.00000   52   39   81.00000   51.00000  37.0%   152 3298s
 1110630 413012 infeasible   60        81.00000   51.00000  37.0%   152 3310s
 1113411 414110   67.00000   48  105   81.00000   51.00000  37.0%   152 3323s
 1115873 415308   51.00000   41  117   81.00000   51.00000  37.0%   152 3335s
 1118581 416576   77.00000   44   71   81.00000   51.00000  37.0%   152 3350s
 1121571 417553   80.00000   57   54   81.00000   51.00000  37.0%   152 3362s
 1124370 418692 infeasible   58        81.00000   51.00000  37.0%   152 3375s
 1127086 420131     cutoff   51        81.00000   51.00000  37.0%   152 3393s
 1130255 421434   79.00000   74   47   81.00000   51.00000  37.0%   152 3408s
 1133282 422669   70.00000   53  101   81.00000   51.00000  37.0%   152 3422s
 1136129 423892   80.00000   54   68   81.00000   51.00000  37.0%   152 3434s
 1138924 424971 infeasible   57        81.00000   51.00000  37.0%   152 3448s
 1141627 426103   79.00000   57   43   81.00000   51.00000  37.0%   152 3460s
 1144256 427144   67.00000   42   85   81.00000   51.00000  37.0%   152 3471s
 1146790 428208   73.00000   55   69   81.00000   51.00000  37.0%   152 3483s
 1149407 429627 infeasible   42        81.00000   51.00000  37.0%   152 3502s
 1152731 430692   69.00000   42   98   81.00000   51.00000  37.0%   152 3516s
 1155365 431611 infeasible   45        81.00000   51.00000  37.0%   151 3528s
 1157959 432745 infeasible   63        81.00000   51.00000  37.0%   151 3543s
 1160885 433752 infeasible   48        81.00000   51.00000  37.0%   151 3555s
 1163504 434883   71.00000   47  129   81.00000   51.00000  37.0%   151 3569s
 1165234 434883 infeasible   47        81.00000   51.00000  37.0%   151 3570s
 1166294 436049   61.00000   48  108   81.00000   51.00000  37.0%   151 3585s
 1169045 437155     cutoff   50        81.00000   51.00000  37.0%   151 3600s
 1171850 438596   80.00000   57   56   81.00000   51.00000  37.0%   151 3621s
 1175358 439488 infeasible   54        81.00000   51.00000  37.0%   151 3631s
 1177828 440423 infeasible   53        81.00000   51.00000  37.0%   151 3641s
 1180284 441652   76.00000   46   48   81.00000   51.00000  37.0%   151 3655s
 1182983 442696   53.00000   37  146   81.00000   51.00000  37.0%   151 3667s
 1185581 443768   79.00000   47   60   81.00000   51.00000  37.0%   151 3679s
 1188095 444948   73.00000   55   67   81.00000   51.00000  37.0%   151 3694s
 1190986 446110   69.00000   44  127   81.00000   51.00000  37.0%   151 3708s
 1193648 447346   66.00000   53  112   81.00000   51.00000  37.0%   151 3726s
 1196722 448554 infeasible   41        81.00000   51.00000  37.0%   151 3740s
 1199592 449757     cutoff   69        81.00000   51.00000  37.0%   151 3757s
 1202522 450739   80.00000   39   44   81.00000   51.00000  37.0%   151 3770s
 1205073 451706   62.00000   43   83   81.00000   51.00000  37.0%   151 3783s
 1207722 452763   51.00000   36  128   81.00000   51.00000  37.0%   151 3795s
 1210350 453774   54.00000   34  252   81.00000   51.00000  37.0%   151 3807s
 1212814 454778   78.00000   53   66   81.00000   51.00000  37.0%   151 3820s
 1215506 455929   72.00000   40  185   81.00000   51.00000  37.0%   151 3840s
 1218548 456970   78.00000   53   55   81.00000   51.00000  37.0%   151 3852s
 1221130 457995   66.00000   59   99   81.00000   51.00000  37.0%   151 3864s
 1223666 459244   79.00000   53   65   81.00000   51.00000  37.0%   151 3879s
 1226434 460253   69.00000   45  124   81.00000   51.00000  37.0%   151 3893s
 1229155 461223   74.00000   40   72   81.00000   51.00000  37.0%   150 3908s
 1231751 462179   79.00000   53   60   81.00000   51.00000  37.0%   150 3920s
 1234353 463222   78.00000   42   73   81.00000   51.00000  37.0%   150 3933s
 1237030 464195   76.00000   45   85   81.00000   51.00000  37.0%   150 3948s
 1239827 465316   64.00000   44   82   81.00000   51.00000  37.0%   150 3968s
 1242944 466363     cutoff   46        81.00000   51.00000  37.0%   150 3981s
 1245491 467299   80.00000   41   92   81.00000   51.00000  37.0%   150 3993s
 1247910 468261   79.00000   38  119   81.00000   51.00000  37.0%   150 4005s
 1250512 469278 infeasible   39        81.00000   51.00000  37.0%   150 4020s
 1253066 470409   61.00000   52   83   81.00000   51.00000  37.0%   150 4033s
 1255800 471484   80.00000   61   65   81.00000   51.00000  37.0%   150 4046s
 1258365 472482   77.00000   67   28   81.00000   51.00000  37.0%   150 4061s
 1261094 473594   72.00000   42   77   81.00000   51.00000  37.0%   150 4079s
 1263883 474772 infeasible   57        81.00000   51.00000  37.0%   150 4099s
 1266881 475775 infeasible   48        81.00000   51.00000  37.0%   150 4108s
 1269224 476952     cutoff   45        81.00000   51.00000  37.0%   150 4121s
 1271964 477989   75.00000   44  151   81.00000   51.00000  37.0%   150 4134s
 1274443 479091   68.00000   34  102   81.00000   51.00000  37.0%   150 4148s
 1277164 479954   78.00000   62   34   81.00000   51.00000  37.0%   150 4162s
 1279859 480969   75.00000   45   98   81.00000   51.00000  37.0%   150 4175s
 1282484 481939   79.00000   46   68   81.00000   51.00000  37.0%   150 4191s
 1285187 483133   77.00000   43   90   81.00000   51.00000  37.0%   150 4207s
 1288020 484132   77.00000   41   41   81.00000   51.00000  37.0%   150 4222s
 1290547 485404   51.00000   36   86   81.00000   51.00000  37.0%   150 4237s
 1293522 486404   78.00000   54   55   81.00000   51.00000  37.0%   150 4253s
 1296031 487308 infeasible   39        81.00000   51.00000  37.0%   150 4266s
 1298608 488595   68.00000   42   91   81.00000   51.00000  37.0%   150 4282s
 1301519 489640 infeasible   56        81.00000   51.00000  37.0%   150 4300s
 1304324 490722   61.00000   36  178   81.00000   51.00000  37.0%   150 4314s
 1306893 491704   76.00000   45   77   81.00000   51.00000  37.0%   151 4329s
 1309752 492766   77.00000   55   96   81.00000   51.00000  37.0%   151 4342s
 1312297 494015   67.00000   42  142   81.00000   51.00000  37.0%   151 4358s
 1315013 495173 infeasible   53        81.00000   51.00000  37.0%   151 4374s
 1317815 496312   76.00000   52   61   81.00000   51.00000  37.0%   151 4389s
 1320659 497460   79.00000   55   36   81.00000   51.00000  37.0%   151 4406s
 1323453 498377   79.00000   56   65   81.00000   51.00000  37.0%   151 4421s
 1325952 499483   64.00000   36  102   81.00000   51.00000  37.0%   151 4437s
 1328767 500437 infeasible   38        81.00000   51.00000  37.0%   151 4451s
 1331388 501302   51.00000   42  191   81.00000   51.00000  37.0%   151 4467s
 1334080 502287   66.00000   44  107   81.00000   51.00000  37.0%   151 4483s
 1336612 503510   75.00000   43   98   81.00000   51.00000  37.0%   151 4499s
 1339471 504661     cutoff   60        81.00000   51.00000  37.0%   151 4513s
 1342205 505739   72.00000   55   69   81.00000   51.00000  37.0%   151 4530s
 1344924 506825   72.00000   50   90   81.00000   51.00000  37.0%   151 4547s
 1347739 507995 infeasible   60        81.00000   51.00000  37.0%   151 4562s
 1350524 508981   75.00000   46  109   81.00000   51.00000  37.0%   151 4579s
 1353420 509896   78.00000   60   91   81.00000   51.00000  37.0%   151 4592s
 1355756 511100   66.00000   49  128   81.00000   51.00000  37.0%   151 4608s
 1358454 512155   69.00000   41  123   81.00000   51.00000  37.0%   151 4621s
 1361006 513076 infeasible   51        81.00000   51.00000  37.0%   151 4634s
 1363353 514118   67.00000   37  153   81.00000   51.00000  37.0%   151 4649s
 1366074 515169   72.00000   48   46   81.00000   51.00000  37.0%   151 4666s
 1368823 516237   66.00000   51  127   81.00000   51.00000  37.0%   151 4682s
 1371436 517416   65.00000   37  158   81.00000   51.00000  37.0%   151 4701s
 1374414 518527   74.00000   56   46   81.00000   51.00000  37.0%   151 4720s
 1377359 519578 infeasible   42        81.00000   51.00000  37.0%   151 4739s
 1380320 520464   64.00000   53  130   81.00000   51.00000  37.0%   151 4755s
 1382791 521589   80.00000   53   35   81.00000   51.00000  37.0%   151 4775s
 1385814 522605   78.00000   52  100   81.00000   51.00000  37.0%   151 4791s
 1388491 523672   80.00000   47   96   81.00000   51.00000  37.0%   151 4808s
 1391247 524792   51.00000   29  112   81.00000   51.00000  37.0%   151 4828s
 1394081 525849 infeasible   56        81.00000   51.00000  37.0%   151 4845s
 1396883 526832 infeasible   45        81.00000   51.00000  37.0%   151 4861s
 1399650 527680   78.00000   44   57   81.00000   51.00000  37.0%   151 4875s
 1402368 528595   78.00000   41   78   81.00000   51.00000  37.0%   151 4893s
 1405126 529628     cutoff   51        81.00000   51.00000  37.0%   151 4908s
 1407775 530651   70.00000   39  102   81.00000   51.00000  37.0%   151 4922s
 1410279 531642   71.00000   47   98   81.00000   51.00000  37.0%   151 4939s
 1413092 532580   64.00000   52   98   81.00000   51.00000  37.0%   151 4955s
 1415551 533551 infeasible   70        81.00000   51.00000  37.0%   151 4970s
 1418138 534597   79.00000   50   74   81.00000   51.00000  37.0%   151 4985s
 1420787 535564   63.00000   53  145   81.00000   51.00000  37.0%   151 5002s
 1423337 536638   77.00000   58   67   81.00000   51.00000  37.0%   151 5018s
 1426001 537630   71.00000   54  129   81.00000   51.00000  37.0%   151 5036s
 1428649 538579   57.00000   32  144   81.00000   51.00000  37.0%   151 5052s
 1431298 539699   74.00000   52   68   81.00000   51.00000  37.0%   151 5072s
 1434075 540744   77.00000   45   70   81.00000   51.00000  37.0%   151 5089s
 1435188 540744 infeasible   50        81.00000   51.00000  37.0%   151 5090s
 1436784 541840   77.00000   49   42   81.00000   51.00000  37.0%   151 5107s
 1439512 542927 infeasible   38        81.00000   51.00000  37.0%   151 5125s
 1442193 543984   51.00000   43  111   81.00000   51.00000  37.0%   151 5144s
 1444875 545099   76.00000   53   94   81.00000   51.00000  37.0%   151 5165s
 1447699 546093 infeasible   48        81.00000   51.00000  37.0%   151 5180s
 1450322 547154   80.00000   40  103   81.00000   51.00000  37.0%   151 5201s
 1453050 548048   75.00000   44   89   81.00000   51.00000  37.0%   151 5217s
 1455800 549021   78.00000   50   44   81.00000   51.00000  37.0%   151 5234s
 1458423 550022 infeasible   55        81.00000   51.00000  37.0%   151 5251s
 1461000 550981   78.00000   41   73   81.00000   51.00000  37.0%   151 5271s
 1463599 552159   78.00000   44   70   81.00000   51.00000  37.0%   151 5289s
 1466415 553257   69.00000   47  155   81.00000   51.00000  37.0%   151 5307s
 1469165 554351   69.00000   46   64   81.00000   51.00000  37.0%   151 5325s
 1471992 555404   80.00000   42  102   81.00000   51.00000  37.0%   151 5344s
 1474633 556535     cutoff   47        81.00000   51.00000  37.0%   151 5360s
 1477345 557573   65.00000   50   91   81.00000   51.00000  37.0%   151 5377s
 1479899 558656 infeasible   54        81.00000   51.00000  37.0%   152 5395s
 1482810 559724   71.00000   53   76   81.00000   51.00000  37.0%   152 5417s
 1485622 560599   67.00000   34  120   81.00000   51.00000  37.0%   152 5432s
 1487989 561600   67.00000   43  128   81.00000   51.00000  37.0%   152 5452s
 1490951 562628 infeasible   50        81.00000   51.00000  37.0%   152 5471s
 1493729 563639 infeasible   62        81.00000   51.00000  37.0%   152 5490s
 1496311 564599 infeasible   61        81.00000   51.00000  37.0%   152 5509s
 1499149 565605 infeasible   54        81.00000   51.00000  37.0%   152 5526s
 1501869 566736 infeasible   79        81.00000   51.00000  37.0%   152 5541s
 1504509 567789   51.00000   51  147   81.00000   51.00000  37.0%   152 5560s
 1507069 568887 infeasible   52        81.00000   51.00000  37.0%   152 5579s
 1509776 570018   58.00000   40  143   81.00000   51.00000  37.0%   152 5600s
 1512768 571122     cutoff   50        81.00000   51.00000  37.0%   152 5620s
 1515542 572151   79.00000   52   33   81.00000   51.00000  37.0%   152 5640s
 1518353 573223   58.00000   50  134   81.00000   51.00000  37.0%   152 5659s
 1521089 574196   78.00000   49   82   81.00000   51.00000  37.0%   152 5677s
 1523579 575034   66.00000   42  216   81.00000   51.00000  37.0%   152 5695s
 1526105 576231   77.00000   49   93   81.00000   51.00000  37.0%   152 5716s
 1529029 577313   75.00000   42   75   81.00000   51.00000  37.0%   152 5737s
 1531902 578404   78.00000   54   58   81.00000   51.00000  37.0%   152 5755s
 1534552 579234   66.00000   49  132   81.00000   51.00000  37.0%   152 5774s
 1537115 580112 infeasible   70        81.00000   51.00000  37.0%   152 5791s
 1539725 580947   78.00000   46   37   81.00000   51.00000  37.0%   152 5808s
 1542248 582108   68.00000   49  127   81.00000   51.00000  37.0%   152 5827s
 1545143 583086   51.00000   41  114   81.00000   51.00000  37.0%   152 5846s
 1547752 584348   78.00000   58   40   81.00000   51.00000  37.0%   152 5869s
 1550806 585538 infeasible   57        81.00000   51.00000  37.0%   152 5889s
 1553680 586533   78.00000   46   74   81.00000   51.00000  37.0%   152 5907s
 1556220 587470   77.00000   62   64   81.00000   51.00000  37.0%   152 5925s
 1558864 588627   73.00000   53   90   81.00000   51.00000  37.0%   152 5943s
 1561638 589735 infeasible   63        81.00000   51.00000  37.0%   152 5962s
 1564430 590715   69.00000   69   63   81.00000   51.00000  37.0%   152 5980s
 1566937 591760 infeasible   57        81.00000   51.00000  37.0%   152 6000s
 1569631 592976   79.00000   44   63   81.00000   51.00000  37.0%   152 6022s
 1572610 594019   76.00000   60   69   81.00000   51.00000  37.0%   152 6042s
 1575374 594899   69.00000   54   94   81.00000   51.00000  37.0%   152 6059s
 1577710 596022   51.00000   35  118   81.00000   51.00000  37.0%   152 6079s
 1580438 597089 infeasible   46        81.00000   51.00000  37.0%   152 6098s
 1583122 598042   79.00000   41  116   81.00000   51.00000  37.0%   152 6119s
 1584724 598042   79.00000   69   22   81.00000   51.00000  37.0%   152 6120s
 1585786 599073 infeasible   60        81.00000   51.00000  37.0%   152 6136s
 1588246 600076   51.00000   31  118   81.00000   51.00000  37.0%   152 6156s
 1591108 601061     cutoff   49        81.00000   51.00000  37.0%   152 6177s
 1593948 602122   79.00000   48   47   81.00000   51.00000  37.0%   152 6199s
 1596731 603311   77.00000   47   48   81.00000   51.00000  37.0%   152 6220s
 1599828 604293 infeasible   47        81.00000   51.00000  37.0%   152 6239s
 1602448 605166   63.00000   53  117   81.00000   51.00000  37.0%   152 6257s
 1605183 606108   80.00000   60   56   81.00000   51.00000  37.0%   152 6274s
 1607507 607153 infeasible   58        81.00000   51.00000  37.0%   152 6292s
 1610174 608198   54.00000   45  134   81.00000   51.00000  37.0%   152 6312s
 1612816 609188   68.00000   47   81   81.00000   51.00000  37.0%   152 6330s
 1615332 610283   78.00000   43   54   81.00000   51.00000  37.0%   152 6350s
 1618028 611196   78.00000   42   97   81.00000   51.00000  37.0%   152 6370s
 1620724 612308   69.00000   45   77   81.00000   51.00000  37.0%   152 6394s
 1623195 612308   72.00000   35   66   81.00000   51.00000  37.0%   152 6395s
 1623479 613320   79.00000   52   41   81.00000   51.00000  37.0%   152 6419s
 1626463 614258   65.00000   37  101   81.00000   51.00000  37.0%   152 6437s
 1629107 615311 infeasible   71        81.00000   51.00000  37.0%   152 6456s
 1631775 616251   80.00000   55   62   81.00000   51.00000  37.0%   152 6477s
 1634382 617297   69.00000   47  104   81.00000   51.00000  37.0%   152 6495s
 1636876 618226 infeasible   49        81.00000   51.00000  37.0%   152 6516s
 1639584 619248   78.00000   52   59   81.00000   51.00000  37.0%   152 6535s
 1642139 620216   71.00000   57   87   81.00000   51.00000  37.0%   152 6559s
 1644803 621446   75.00000   54  108   81.00000   51.00000  37.0%   152 6582s
 1647820 622205 infeasible   55        81.00000   51.00000  37.0%   152 6600s
 1650384 623240   64.00000   53  101   81.00000   51.00000  37.0%   152 6623s
 1653112 624503   69.00000   60   85   81.00000   51.00000  37.0%   152 6646s
 1656120 625667   72.00000   61   99   81.00000   51.00000  37.0%   152 6667s
 1659037 626746   74.00000   50   78   81.00000   51.00000  37.0%   152 6686s
 1661646 627823   75.00000   53  105   81.00000   51.00000  37.0%   152 6709s
 1664219 628837   51.00000   42  144   81.00000   51.00000  37.0%   152 6728s
 1667005 629551   68.00000   41  103   81.00000   51.00000  37.0%   152 6745s
 1669407 630507 infeasible   54        81.00000   51.00000  37.0%   152 6763s
 1672011 631444   68.00000   60  112   81.00000   51.00000  37.0%   152 6783s
 1674442 632416   78.00000   54  101   81.00000   51.00000  37.0%   152 6800s
 1676969 633278   80.00000   47   53   81.00000   51.00000  37.0%   152 6819s
 1679510 634261 infeasible   51        81.00000   51.00000  37.0%   152 6837s
 1682059 635386 infeasible   47        81.00000   51.00000  37.0%   152 6860s
 1684776 636495     cutoff   43        81.00000   51.00000  37.0%   152 6884s
 1687705 637553   78.00000   47  101   81.00000   51.00000  37.0%   152 6901s
 1690206 638477   51.00000   44  200   81.00000   51.00000  37.0%   152 6923s
 1692801 639499   69.00000   40   94   81.00000   51.00000  37.0%   152 6948s
 1695511 640510 infeasible   52        81.00000   51.00000  37.0%   152 6971s
 1698234 641681   61.00000   53  106   81.00000   51.00000  37.0%   152 6995s
 1701141 642748   70.00000   50   81   81.00000   51.00000  37.0%   152 7020s
 1703851 643731   51.00000   38  147   81.00000   51.00000  37.0%   152 7039s
 1705405 643731   72.00000   51  108   81.00000   51.00000  37.0%   152 7040s
 1706384 644893   69.00000   47  109   81.00000   51.00000  37.0%   152 7062s
 1709279 645955 infeasible   52        81.00000   51.00000  37.0%   152 7083s
 1712114 646925     cutoff   60        81.00000   51.00000  37.0%   152 7106s
 1714837 648110 infeasible   50        81.00000   51.00000  37.0%   152 7133s
 1718124 649256 infeasible   46        81.00000   51.00000  37.0%   152 7150s
 1720683 650229   51.00000   43  163   81.00000   51.00000  37.0%   152 7169s
 1723411 651343   74.00000   44   87   81.00000   51.00000  37.0%   152 7192s
 1726014 652327   75.00000   39   57   81.00000   51.00000  37.0%   152 7212s
 1728534 653662   79.00000   46   90   81.00000   51.00000  37.0%   152 7236s
 1731500 654687   77.00000   55   38   81.00000   51.00000  37.0%   152 7258s
 1734201 655741   73.00000   54   68   81.00000   51.00000  37.0%   152 7279s
 1736720 656870   70.00000   39  115   81.00000   51.00000  37.0%   152 7302s
 1739556 658008   79.00000   56   71   81.00000   51.00000  37.0%   152 7322s
 1742328 659114   78.00000   54   79   81.00000   51.00000  37.0%   152 7347s
 1744927 660208   80.00000   61   73   81.00000   51.00000  37.0%   152 7370s
 1747653 661195   80.00000   52   87   81.00000   51.00000  37.0%   152 7394s
 1750088 661195 infeasible   52        81.00000   51.00000  37.0%   152 7395s
 1750609 662162   78.00000   51  113   81.00000   51.00000  37.0%   152 7410s
 1752791 663157   78.00000   54   64   81.00000   51.00000  37.0%   152 7433s
 1755390 664234 infeasible   51        81.00000   51.00000  37.0%   152 7455s
 1758176 665264 infeasible   41        81.00000   51.00000  37.0%   152 7474s
 1760831 666357   68.00000   38  159   81.00000   51.00000  37.0%   153 7495s
 1763529 667349   64.00000   41  128   81.00000   51.00000  37.0%   153 7516s
 1766095 668331   62.00000   41  141   81.00000   51.00000  37.0%   153 7535s
 1768667 669486   80.00000   50   72   81.00000   51.00000  37.0%   153 7559s
 1771540 670595   78.00000   47   75   81.00000   51.00000  37.0%   153 7585s
 1774190 671519   74.00000   48  141   81.00000   51.00000  37.0%   153 7602s
 1776592 672614   67.00000   40  161   81.00000   51.00000  37.0%   153 7624s
 1779359 673577   53.00000   38  234   81.00000   51.00000  37.0%   153 7647s
 1782247 674576     cutoff   43        81.00000   51.00000  37.0%   153 7670s
 1784783 675515   77.00000   42   99   81.00000   51.00000  37.0%   153 7689s
 1787474 676532 infeasible   55        81.00000   51.00000  37.0%   153 7712s
 1790194 677620   64.00000   41  118   81.00000   51.00000  37.0%   153 7734s
 1792760 678654   63.00000   46  125   81.00000   51.00000  37.0%   153 7756s
 1795552 679699   79.00000   53   75   81.00000   51.00000  37.0%   153 7775s
 1798190 680594 infeasible   62        81.00000   51.00000  37.0%   153 7797s
 1800769 681428   51.00000   46  177   81.00000   51.00000  37.0%   153 7820s
 1803324 682573 infeasible   54        81.00000   51.00000  37.0%   153 7841s
 1806014 683556   78.00000   49   77   81.00000   51.00000  37.0%   153 7865s
 1808720 684616   80.00000   46   27   81.00000   51.00000  37.0%   153 7891s
 1811512 685773   80.00000   47   62   81.00000   51.00000  37.0%   153 7915s
 1814593 686874 infeasible   56        81.00000   51.00000  37.0%   153 7938s
 1817368 687947     cutoff   56        81.00000   51.00000  37.0%   153 7959s
 1820032 689090   74.00000   51   85   81.00000   51.00000  37.0%   153 7983s
 1822712 690170     cutoff   47        81.00000   51.00000  37.0%   153 8002s
 1825316 691281   77.00000   46  100   81.00000   51.00000  37.0%   153 8023s
 1827948 692322     cutoff   50        81.00000   51.00000  37.0%   153 8046s
 1830684 693261   79.00000   45   68   81.00000   51.00000  37.0%   153 8068s
 1833132 694343     cutoff   62        81.00000   51.00000  37.0%   153 8092s
 1835915 695426   59.00000   47   91   81.00000   51.00000  37.0%   153 8116s
 1838830 696405 infeasible   40        81.00000   51.00000  37.0%   153 8139s
 1841397 697399 infeasible   43        81.00000   51.00000  37.0%   153 8160s
 1844217 698358   78.00000   49   88   81.00000   51.00000  37.0%   153 8177s
 1846540 699326   62.00000   52  115   81.00000   51.00000  37.0%   153 8194s
 1848756 700237 infeasible   63        81.00000   51.00000  37.0%   153 8217s
 1851310 701342   80.00000   41   98   81.00000   51.00000  37.0%   153 8241s
 1854231 702457   77.00000   50   36   81.00000   51.00000  37.0%   153 8263s
 1856977 703313 infeasible   47        81.00000   51.00000  37.0%   153 8288s
 1859700 704341     cutoff   62        81.00000   51.00000  37.0%   153 8311s
 1862420 705474     cutoff   58        81.00000   51.00000  37.0%   153 8336s
 1865496 706515   78.00000   53   49   81.00000   51.00000  37.0%   153 8356s
 1868034 707534   74.00000   36  150   81.00000   51.00000  37.0%   153 8381s
 1870642 708698   65.00000   51  102   81.00000   51.00000  37.0%   153 8405s
 1873558 709993   69.00000   43   69   81.00000   51.00000  37.0%   153 8430s
 1876499 711125 infeasible   44        81.00000   51.00000  37.0%   153 8454s
 1879106 712137     cutoff   48        81.00000   51.00000  37.0%   153 8475s
 1881718 713293   70.00000   44  116   81.00000   51.00000  37.0%   153 8500s
 1884560 714344   79.00000   56   52   81.00000   51.00000  37.0%   153 8521s
 1887295 715373   80.00000   53   64   81.00000   51.00000  37.0%   153 8551s
 1890102 716311 infeasible   47        81.00000   51.00000  37.0%   153 8572s
 1892642 717234   58.00000   49  169   81.00000   51.00000  37.0%   153 8595s
 1895227 718287   77.00000   49   81   81.00000   51.00000  37.0%   153 8618s
 1897895 719219   77.00000   47   75   81.00000   51.00000  37.0%   153 8641s
 1900353 720137   73.00000   59   47   81.00000   51.00000  37.0%   153 8662s
 1902842 721208   69.00000   47   86   81.00000   51.00000  37.0%   153 8685s
 1905453 722133   68.00000   48  120   81.00000   51.00000  37.0%   153 8710s
 1907969 723172   58.00000   50  146   81.00000   51.00000  37.0%   153 8734s
 1910724 724065   67.00000   52  117   81.00000   51.00000  37.0%   153 8757s
 1913253 725218   76.00000   50   79   81.00000   51.00000  37.0%   153 8780s
 1916160 726225   77.00000   58  103   81.00000   51.00000  37.0%   153 8808s
 1918915 727226     cutoff   61        81.00000   51.00000  37.0%   153 8827s
 1921558 728102 infeasible   57        81.00000   51.00000  37.0%   153 8850s
 1924182 729070   57.00000   27  149   81.00000   51.00000  37.0%   153 8871s
 1926657 729989   73.00000   47  127   81.00000   51.00000  37.0%   153 8896s
 1929117 731061   65.00000   55   67   81.00000   51.00000  37.0%   153 8921s
 1931901 732193   75.00000   58   41   81.00000   51.00000  37.0%   153 8944s
 1934603 733270   80.00000   61   71   81.00000   51.00000  37.0%   153 8964s
 1936863 734376 infeasible   61        81.00000   51.00000  37.0%   153 8988s
 1940010 735405   64.00000   44  172   81.00000   51.00000  37.0%   153 9012s
 1942750 736314   74.00000   41  132   81.00000   51.00000  37.0%   153 9040s
 1945359 737448   80.00000   54   72   81.00000   51.00000  37.0%   154 9063s
 1948086 738553     cutoff   54        81.00000   51.00000  37.0%   154 9089s
 1951031 739388     cutoff   54        81.00000   51.00000  37.0%   154 9116s
 1953663 740336 infeasible   51        81.00000   51.00000  37.0%   154 9137s
 1956172 741341   64.00000   39  140   81.00000   51.00000  37.0%   154 9162s
 1958760 742354   75.00000   39   77   81.00000   51.00000  37.0%   154 9184s
 1961219 743412   77.00000   57   84   81.00000   51.00000  37.0%   154 9209s
 1963806 744539   76.00000   44  108   81.00000   51.00000  37.0%   154 9235s
 1966662 745468   61.00000   47  142   81.00000   51.00000  37.0%   154 9257s
 1969385 746580   55.00000   34  172   81.00000   51.00000  37.0%   154 9281s
 1971979 747641   79.00000   44   41   81.00000   51.00000  37.0%   154 9305s
 1974716 748911 infeasible   47        81.00000   51.00000  37.0%   154 9329s
 1977495 749984 infeasible   54        81.00000   51.00000  37.0%   154 9355s
 1980168 750912   67.00000   34  169   81.00000   51.00000  37.0%   154 9380s
 1982834 752036   78.00000   54   63   81.00000   51.00000  37.0%   154 9406s
 1985552 752968   80.00000   57   62   81.00000   51.00000  37.0%   154 9427s
 1987988 753836   64.00000   44   93   81.00000   51.00000  37.0%   154 9456s
 1990784 754962 infeasible   54        81.00000   51.00000  37.0%   154 9481s
 1993455 756026   77.00000   56   66   81.00000   51.00000  37.0%   154 9503s
 1995985 757193   80.00000   50   87   81.00000   51.00000  37.0%   154 9528s
 1998756 758127   76.00000   51  104   81.00000   51.00000  37.0%   154 9551s
 2001176 759234   76.00000   70  108   81.00000   51.00000  37.0%   154 9576s
 2003947 760394   78.00000   48   38   81.00000   51.00000  37.0%   154 9600s
 2006648 761250 infeasible   59        81.00000   51.00000  37.0%   154 9624s
 2009204 762152 infeasible   46        81.00000   51.00000  37.0%   154 9647s
 2011818 763175   68.00000   37  153   81.00000   51.00000  37.0%   154 9672s
 2014585 764323   77.00000   39  104   81.00000   51.00000  37.0%   154 9688s
 2017179 765407     cutoff   58        81.00000   51.00000  37.0%   154 9701s
 2019565 766568   77.00000   54   88   81.00000   51.00000  37.0%   154 9715s
 2022321 767638   80.00000   35  101   81.00000   51.00000  37.0%   154 9729s
 2025133 768643   54.00000   39  172   81.00000   51.00000  37.0%   154 9758s
 2027835 769657   78.00000   54   52   81.00000   51.00000  37.0%   154 9784s
 2030715 770593 infeasible   63        81.00000   51.00000  37.0%   154 9806s
 2033140 771680 infeasible   46        81.00000   51.00000  37.0%   154 9834s
 2035742 772850   78.00000   53   94   81.00000   51.00000  37.0%   154 9862s
 2038711 773811 infeasible   56        81.00000   51.00000  37.0%   154 9887s
 2041473 774837   68.00000   47  104   81.00000   51.00000  37.0%   154 9914s
 2043984 775868   80.00000   55   67   81.00000   51.00000  37.0%   154 9942s
 2046889 776948   76.00000   57   63   81.00000   51.00000  37.0%   154 9970s
 2049873 778012   64.00000   48  110   81.00000   51.00000  37.0%   154 9997s
 2052646 778945   64.00000   45  110   81.00000   51.00000  37.0%   154 10026s
 2055298 779908 infeasible   61        81.00000   51.00000  37.0%   154 10051s
 2057845 781072   58.00000   40  122   81.00000   51.00000  37.0%   154 10078s
 2060616 782150   80.00000   53   45   81.00000   51.00000  37.0%   154 10106s
 2063247 783308   69.00000   58   66   81.00000   51.00000  37.0%   154 10135s
 2066146 784321   78.00000   48  128   81.00000   51.00000  37.0%   154 10158s
 2068652 785507   74.00000   41   87   81.00000   51.00000  37.0%   154 10186s
 2071459 786505   64.00000   36  125   81.00000   51.00000  37.0%   154 10213s
 2073981 787585   80.00000   49   52   81.00000   51.00000  37.0%   154 10239s
 2076614 788575   76.00000   41  172   81.00000   51.00000  37.0%   154 10263s
 2079067 789939   80.00000   45   67   81.00000   51.00000  37.0%   154 10294s
 2081971 790964   61.00000   33  146   81.00000   51.00000  37.0%   154 10318s
 2084469 792031 infeasible   47        81.00000   51.00000  37.0%   154 10346s
 2087374 793016   74.00000   49  111   81.00000   51.00000  37.0%   154 10370s
 2089819 794063     cutoff   57        81.00000   51.00000  37.0%   154 10401s
 2092450 795318   51.00000   52  171   81.00000   51.00000  37.0%   154 10428s
 2095280 796526   67.00000   57  102   81.00000   51.00000  37.0%   155 10454s
 2098040 797548   72.00000   38  131   81.00000   51.00000  37.0%   155 10486s
 2100766 798640   56.98190   36  165   81.00000   51.00000  37.0%   155 10512s
 2103469 799666   66.00000   39  170   81.00000   51.00000  37.0%   155 10538s
 2106024 800805   76.00000   53   82   81.00000   51.00000  37.0%   155 10564s
 2106864 800805 infeasible   60        81.00000   51.00000  37.0%   155 10565s
 2108746 801808   67.00000   34  116   81.00000   51.00000  37.0%   155 10595s
 2111309 802991 infeasible   64        81.00000   51.00000  37.0%   155 10624s
 2114219 804105 infeasible   46        81.00000   51.00000  37.0%   155 10646s
 2116857 805177   57.00000   37  155   81.00000   51.00000  37.0%   155 10672s
 2119424 806356   75.00000   36  133   81.00000   51.00000  37.0%   155 10703s
 2122126 807397   79.00000   60   53   81.00000   51.00000  37.0%   155 10729s
 2124981 808449     cutoff   52        81.00000   51.00000  37.0%   155 10758s
 2127668 809408 infeasible   43        81.00000   51.00000  37.0%   155 10787s
 2130159 809900     cutoff   56        81.00000   51.00000  37.0%   155 10800s

Explored 2131353 nodes (329546453 simplex iterations) in 10800.31 seconds (4945.53 work units)
Thread count was 18 (of 36 available processors)

Solution count 10: 81 82 83 ... 90

Time limit reached
Best objective 8.100000000000e+01, best bound 5.100000000000e+01, gap 37.0370%
