
Gurobi 11.0.0 (win64) logging started Sat May 18 14:59:25 2024

Set parameter LogFile to value "./Results/StripPacking-SequencePairBranchRuns/Logs/SBspbL-010-StripPacking-25.log"
Set parameter TimeLimit to value 10800
Set parameter Cuts to value 0
Set parameter Presolve to value 1
Set parameter Heuristics to value 0
Set parameter LPWarmStart to value 2
Gurobi Optimizer version 11.0.0 build v11.0.0rc2 (win64 - Windows 10.0 (19045.2))

CPU model: Intel(R) Core(TM) i9-10980XE CPU @ 3.00GHz, instruction set [SSE2|AVX|AVX2|AVX512]
Thread count: 18 physical cores, 36 logical processors, using up to 18 threads

Optimize a model with 12825 rows, 651 columns and 39650 nonzeros
Model fingerprint: 0x1e9c94e0
Variable types: 51 continuous, 600 integer (600 binary)
Coefficient statistics:
  Matrix range     [1e+00, 1e+04]
  Objective range  [1e+00, 1e+00]
  Bounds range     [1e+00, 1e+04]
  RHS range        [5e-01, 1e+04]
Using branch priorities.

Warning: Completing partial solution with 600 unfixed non-continuous variables out of 600
User MIP start did not produce a new incumbent solution

Presolve removed 600 rows and 0 columns
Presolve time: 0.05s
Presolved: 12225 rows, 651 columns, 37850 nonzeros
Variable types: 51 continuous, 600 integer (600 binary)

Root relaxation: objective 3.500000e+01, 1905 iterations, 0.16 seconds (0.20 work units)
Another try with MIP start

    Nodes    |    Current Node    |     Objective Bounds      |     Work
 Expl Unexpl |  Obj  Depth IntInf | Incumbent    BestBd   Gap | It/Node Time

H    0     0                     117.0000000   35.00000  70.1%     -    1s
     0     0   35.00000    0  143  117.00000   35.00000  70.1%     -    1s
     0     0   35.00000    0  123  117.00000   35.00000  70.1%     -    1s
     0     2   35.00000    0   97  117.00000   35.00000  70.1%     -    1s
   286   316   38.00000   11  149  117.00000   35.00000  70.1%   245    5s
* 2019  1848             103     116.0000000   35.00000  69.8%   103    7s
* 3196  2662             125     111.0000000   35.00000  68.5%  83.6    8s
  3651  2882   69.00000   40  154  111.00000   35.00000  68.5%  79.8   10s
* 4548  3313              93     108.0000000   35.00000  67.6%  85.9   14s
  5068  3678  104.00000   66   37  108.00000   35.00000  67.6%  84.2   15s
* 5129  3518              90     107.0000000   35.00000  67.3%  83.9   15s
* 5581  3655              91     105.0000000   35.00000  66.7%  82.3   15s
* 5972  3641             109     104.0000000   35.00000  66.3%  80.2   15s
* 6101  3467              92     100.0000000   35.00000  65.0%  80.0   16s
* 6434  3193             114      94.0000000   35.00000  62.8%  79.0   16s
* 6811  3083              98      93.0000000   35.00000  62.4%  78.4   16s
* 7310  3008              98      92.0000000   35.00000  62.0%  79.0   17s
  8483  3595   65.00000   45  170   92.00000   35.00000  62.0%  88.5   20s
 12342  5980 infeasible   49        92.00000   44.00000  52.2%  89.8   25s
*12645  5758              82      91.0000000   44.00000  51.6%  89.3   25s
*13252  6196              89      90.0000000   44.00000  51.1%  89.2   26s
 16188  8155   59.00000   39  109   90.00000   45.00000  50.0%  91.1   30s
 19613 10312   63.00000   63  142   90.00000   49.00000  45.6%  92.9   35s
 23270 12643 infeasible   59        90.00000   49.00000  45.6%  94.3   40s
*24042 11676              71      88.0000000   49.00000  44.3%  94.7   40s
 26676 13521   68.00000   30  111   88.00000   49.00000  44.3%  96.6   45s
 29181 15572   69.00000   50   57   88.00000   49.00000  44.3%  99.1   50s
 33088 17705   84.00000   43   57   88.00000   49.00000  44.3%   100   56s
 35376 19487     cutoff   58        88.00000   49.00000  44.3%   101   60s
*35473 18744              93      87.0000000   49.00000  43.7%   101   60s
 38332 20611   75.00000   43   93   87.00000   49.00000  43.7%   101   65s
*38361 20084              69      86.0000000   49.00000  43.0%   101   65s
 41720 21859   69.00000   42  187   86.00000   49.00000  43.0%   101   70s
 45161 23774 infeasible   57        86.00000   49.00000  43.0%   101   76s
 48574 26128   65.00000   45   71   86.00000   50.00000  41.9%   102   82s
 50905 27551   80.00000   69   36   86.00000   50.00000  41.9%   102   86s
 53322 29048   85.00000   75   34   86.00000   50.00000  41.9%   101   90s
 58001 31644   83.00000   84   85   86.00000   50.00000  41.9%   100   97s
 60283 32995   76.00000   50   87   86.00000   50.00000  41.9%   100  101s
 65030 35372   67.00000   30  117   86.00000   50.00000  41.9%  99.2  107s
 67157 36631   75.00000   57   48   86.00000   50.00000  41.9%  99.0  111s
 72034 39241   83.00000   66   51   86.00000   50.00000  41.9%  98.5  118s
 74422 40515   78.00000   50  122   86.00000   50.00000  41.9%  98.1  121s
 76510 41913   52.00000   38  223   86.00000   50.00000  41.9%  98.1  125s
 80905 44300   65.00000   34  216   86.00000   50.00000  41.9%  97.8  132s
 83139 45672   82.00000   66   46   86.00000   50.00000  41.9%  97.8  135s
 87789 48362   69.00000   46  132   86.00000   50.00000  41.9%  97.5  142s
 90051 49811   67.00000   40   86   86.00000   50.00000  41.9%  97.5  146s
 92520 51274   85.00000   55   64   86.00000   50.00000  41.9%  97.4  150s
 97361 54038   66.00000   49   90   86.00000   50.00000  41.9%  97.3  157s
 99797 55215   81.00000   64   71   86.00000   50.00000  41.9%  97.2  161s
 104544 57953   61.00000   49  177   86.00000   50.00000  41.9%  97.2  168s
 106758 59151   64.00000   47  124   86.00000   50.00000  41.9%  97.2  172s
 109049 60532   82.00000   59   38   86.00000   50.00000  41.9%  97.4  176s
 111842 62045   69.00000   44  136   86.00000   50.00000  41.9%  97.2  180s
 116702 64663   81.00000   62   62   86.00000   50.00000  41.9%  97.3  188s
 119342 66012   77.00000   61   85   86.00000   50.00000  41.9%  97.2  192s
 121673 67257   83.00000   62   41   86.00000   50.00000  41.9%  97.2  196s
*122240 64184              83      85.0000000   50.00000  41.2%  97.3  196s
 126250 66806   50.00000   47  157   85.00000   50.00000  41.2%  97.7  203s
*126419 63598              79      84.0000000   50.00000  40.5%  97.6  203s
 128625 64894   75.00000   59   33   84.00000   50.00000  40.5%  97.8  207s
 131038 66073   69.00000   58  115   84.00000   50.00000  40.5%  98.0  211s
 133171 67378   72.00000   48   98   84.00000   50.00000  40.5%  98.3  215s
 137583 70251   82.00000   53   27   84.00000   50.00000  40.5%  98.9  223s
 140412 71596 infeasible   44        84.00000   50.00000  40.5%  99.1  228s
 142952 73018 infeasible   56        84.00000   50.00000  40.5%  99.3  232s
 145415 74600   80.00000   62   24   84.00000   50.00000  40.5%   100  237s
 148148 76051   76.00000   43  123   84.00000   50.00000  40.5%   100  242s
 150639 77578   50.00000   34  204   84.00000   50.00000  40.5%   100  246s
 153353 79037   66.00000   50  110   84.00000   50.00000  40.5%   100  252s
 156081 80441   57.00000   51  127   84.00000   50.00000  40.5%   100  256s
 158948 81837 infeasible   76        84.00000   50.00000  40.5%   100  261s
 161569 83098   51.00000   30  128   84.00000   50.00000  40.5%   100  265s
*163621 79143              80      83.0000000   50.00000  39.8%   100  265s
 166155 81638   56.00000   30  172   83.00000   50.00000  39.8%   101  273s
 168507 82839   82.00000   58   82   83.00000   50.00000  39.8%   101  278s
 171069 84101   68.00000   57  126   83.00000   50.00000  39.8%   101  282s
 173368 85350   71.00000   59   75   83.00000   50.00000  39.8%   101  286s
 175860 86729   77.00000   66   67   83.00000   50.00000  39.8%   102  291s
 178303 88222   78.00000   50   78   83.00000   50.00000  39.8%   102  295s
 182943 90734   59.00000   43  160   83.00000   50.00000  39.8%   102  304s
 185483 92277     cutoff   51        83.00000   50.00000  39.8%   103  309s
 188199 93636   54.00000   43  145   83.00000   50.00000  39.8%   103  314s
 190638 95115     cutoff   57        83.00000   50.00000  39.8%   103  319s
 193381 96555   51.00000   50  115   83.00000   50.00000  39.8%   104  324s
 195849 97882 infeasible   64        83.00000   50.00000  39.8%   104  330s
 198537 99283 infeasible   65        83.00000   50.00000  39.8%   104  335s
 200912 100542   63.00000   49  100   83.00000   50.00000  39.8%   105  341s
 203660 101901   81.00000   67   59   83.00000   50.00000  39.8%   105  346s
 206300 103120   60.00000   49  124   83.00000   50.00000  39.8%   105  350s
 208434 104260   61.00000   32  190   83.00000   50.00000  39.8%   105  355s
 210652 105678   81.00000   71   40   83.00000   50.00000  39.8%   105  360s
 213167 107073   80.00000   52  126   83.00000   50.00000  39.8%   105  365s
 215681 108541   78.00000   40  110   83.00000   50.00000  39.8%   106  370s
 218303 109846   51.00000   50  126   83.00000   50.00000  39.8%   106  376s
 220906 111176   51.00000   46  118   83.00000   50.00000  39.8%   106  382s
 223665 112201   72.00000   55   59   83.00000   50.00000  39.8%   106  387s
 226052 113456   74.00000   77   94   83.00000   50.00000  39.8%   106  392s
 228305 114797   66.00000   45  102   83.00000   50.00000  39.8%   106  396s
 230628 116087   51.00000   46  110   83.00000   50.00000  39.8%   106  402s
 233066 117549   66.00000   48  167   83.00000   50.00000  39.8%   107  408s
 235754 119017 infeasible   53        83.00000   50.00000  39.8%   107  413s
 238371 120258   55.00000   43   95   83.00000   50.00000  39.8%   107  419s
 240706 121563   55.00000   48  221   83.00000   50.00000  39.8%   107  425s
 243098 122767   58.00000   45  145   83.00000   50.00000  39.8%   107  430s
 245599 124058   80.00000   55   62   83.00000   50.00000  39.8%   107  436s
 248314 125157   67.00000   56   87   83.00000   50.00000  39.8%   107  441s
 250604 126455   73.00000   57   64   83.00000   50.00000  39.8%   108  447s
 252973 128118 infeasible   68        83.00000   50.00000  39.8%   108  452s
 255579 129054     cutoff   57        83.00000   50.00000  39.8%   108  456s
 257786 130259   50.00000   47  233   83.00000   50.00000  39.8%   108  460s
 259798 131361   66.00000   59  130   83.00000   50.00000  39.8%   108  465s
 261862 132560 infeasible   59        83.00000   50.00000  39.8%   108  471s
 264126 133873   81.00000   66   39   83.00000   50.00000  39.8%   108  476s
 266480 135273     cutoff   70        83.00000   50.00000  39.8%   108  482s
 268984 136606   79.00000   55   63   83.00000   50.00000  39.8%   108  487s
 271290 137789   74.00000   67  100   83.00000   50.00000  39.8%   108  492s
 273413 138925 infeasible   64        83.00000   50.00000  39.8%   109  496s
 275576 140064   79.00000   53  131   83.00000   50.00000  39.8%   109  501s
 277811 141240   66.00000   56   78   83.00000   50.00000  39.8%   109  507s
 280116 142175   69.00000   43   97   83.00000   50.00000  39.8%   109  512s
 282281 143437   82.00000   59   30   83.00000   50.00000  39.8%   109  517s
 284521 144608   76.00000   53   83   83.00000   50.00000  39.8%   109  522s
 286616 145629 infeasible   56        83.00000   50.00000  39.8%   109  527s
 288985 146754   81.00000   56  122   83.00000   50.00000  39.8%   109  533s
 291151 147978   82.00000   63   78   83.00000   50.00000  39.8%   109  538s
 293454 148929   78.00000   56   73   83.00000   50.00000  39.8%   110  542s
 295390 149978   57.00000   52   78   83.00000   50.00000  39.8%   110  546s
 297321 151229   59.00000   55  130   83.00000   50.00000  39.8%   110  551s
 299486 152181     cutoff   73        83.00000   50.00000  39.8%   110  556s
 301391 153285   57.00000   50  175   83.00000   50.00000  39.8%   110  561s
 303483 154476   55.00000   44   95   83.00000   50.00000  39.8%   110  566s
 305621 155580   51.00000   47  140   83.00000   50.00000  39.8%   110  570s
 307701 156638   81.00000   73   72   83.00000   50.00000  39.8%   110  575s
 309681 157700   67.00000   60  105   83.00000   50.00000  39.8%   110  580s
 313610 159566   82.00000   61   19   83.00000   50.00000  39.8%   110  589s
 315601 160370 infeasible   70        83.00000   50.00000  39.8%   110  592s
 317228 161444   78.00000   58   35   83.00000   50.00000  39.8%   111  597s
 319207 162534   64.00000   46  112   83.00000   50.00000  39.8%   111  601s
 321139 163761   58.00000   57  167   83.00000   50.00000  39.8%   111  608s
 323500 165473   57.00000   43   69   83.00000   51.00000  38.6%   111  621s
 326688 166826   71.00000   51   60   83.00000   51.00000  38.6%   110  630s
 329619 168432   72.00000   41   62   83.00000   51.00000  38.6%   110  639s
 332597 169953   78.00000   61   58   83.00000   51.00000  38.6%   110  650s
 335621 171748   80.00000   66   62   83.00000   51.00000  38.6%   110  661s
 338822 173639 infeasible   54        83.00000   51.00000  38.6%   110  672s
 342117 174950 infeasible   63        83.00000   51.00000  38.6%   110  681s
 344605 176768   57.00000   51   80   83.00000   51.00000  38.6%   110  690s
 347623 178387   74.00000   52   67   83.00000   51.00000  38.6%   109  699s
 350709 179937   70.00000   56  101   83.00000   51.00000  38.6%   109  708s
 353505 181397   81.00000   47   59   83.00000   51.00000  38.6%   109  716s
 356187 182991   81.00000   69   63   83.00000   51.00000  38.6%   109  723s
 358841 184238   74.00000   53   42   83.00000   51.00000  38.6%   109  731s
 361430 185877 infeasible   66        83.00000   51.00000  38.6%   109  746s
 364906 186946   82.00000   79   27   83.00000   51.00000  38.6%   109  754s
 367586 188364   82.00000   53   59   83.00000   51.00000  38.6%   108  762s
 370214 189692   73.00000   46   73   83.00000   51.00000  38.6%   108  768s
 372727 190926   82.00000   53   68   83.00000   51.00000  38.6%   108  775s
 375101 192304   62.00000   47  123   83.00000   51.00000  38.6%   108  783s
 377623 193863   70.00000   54   67   83.00000   51.00000  38.6%   108  792s
 380456 195340   76.00000   64   74   83.00000   51.00000  38.6%   108  799s
 383019 196588   79.00000   46   60   83.00000   51.00000  38.6%   108  805s
 385404 198245   71.00000   56   66   83.00000   51.00000  38.6%   108  814s
 387918 198245     cutoff   55        83.00000   51.00000  38.6%   108  815s
 388435 199702 infeasible   75        83.00000   51.00000  38.6%   108  823s
 391144 201221   65.00000   48  146   83.00000   51.00000  38.6%   108  834s
 393876 202910 infeasible   57        83.00000   51.00000  38.6%   108  845s
 396794 204394   80.00000   52   70   83.00000   51.00000  38.6%   108  855s
 399528 205830 infeasible   58        83.00000   51.00000  38.6%   108  864s
 401645 205830   70.00000   57   93   83.00000   51.00000  38.6%   108  865s
 402187 206990 infeasible   64        83.00000   51.00000  38.6%   108  874s
 404802 208517     cutoff   57        83.00000   51.00000  38.6%   108  882s
 407433 209961   63.00000   55   99   83.00000   51.00000  38.6%   107  893s
 410291 211351   82.00000   61   42   83.00000   51.00000  38.6%   107  903s
 413031 212698 infeasible   64        83.00000   51.00000  38.6%   107  909s
 415392 214345   71.00000   47   87   83.00000   51.00000  38.6%   107  919s
 418315 215849   66.00000   48  140   83.00000   51.00000  38.6%   107  930s
 421109 217419 infeasible   64        83.00000   51.00000  38.6%   107  939s
 423945 218890 infeasible   66        83.00000   51.00000  38.6%   107  949s
 426601 220518   70.00000   53   67   83.00000   51.00000  38.6%   107  960s
 429512 221865   67.00000   67   66   83.00000   51.00000  38.6%   107  970s
 432306 223376   65.00000   61  143   83.00000   51.00000  38.6%   107  981s
 435253 224849   81.00000   57   63   83.00000   51.00000  38.6%   107  991s
 438050 226045   82.00000   61   21   83.00000   51.00000  38.6%   107 1000s
 440457 227400   77.00000   59   67   83.00000   51.00000  38.6%   107 1009s
 443045 228860 infeasible   47        83.00000   51.00000  38.6%   107 1019s
 445821 230274   81.00000   46   89   83.00000   51.00000  38.6%   107 1026s
 448254 231431   81.00000   69   20   83.00000   51.00000  38.6%   107 1034s
 450828 233042   80.00000   84   47   83.00000   51.00000  38.6%   107 1044s
 452344 233042   66.00000   59  106   83.00000   51.00000  38.6%   107 1045s
 453533 234231   81.00000   57   81   83.00000   51.00000  38.6%   107 1054s
 456189 235590   57.00000   44  117   83.00000   51.00000  38.6%   107 1064s
 458907 236777   67.00000   56  107   83.00000   51.00000  38.6%   107 1070s
 461234 238259   51.00000   47  213   83.00000   51.00000  38.6%   107 1082s
 464078 239502   59.00000   55  147   83.00000   51.00000  38.6%   107 1092s
 466679 241034   61.00000   49  105   83.00000   51.00000  38.6%   107 1103s
 469574 242414   71.00000   58   79   83.00000   51.00000  38.6%   107 1114s
 472299 244017   81.00000   55   52   83.00000   51.00000  38.6%   107 1126s
 475213 245485   66.00000   52  104   83.00000   51.00000  38.6%   107 1134s
 477888 246925   82.00000   70   39   83.00000   51.00000  38.6%   107 1147s
 480602 248470   78.00000   56   80   83.00000   51.00000  38.6%   107 1160s
 483516 249878   76.00000   58   59   83.00000   51.00000  38.6%   107 1169s
 486188 251490   63.00000   66  126   83.00000   51.00000  38.6%   107 1183s
 489287 252683   81.00000   51   55   83.00000   51.00000  38.6%   107 1192s
 492033 253992   51.00000   42  138   83.00000   51.00000  38.6%   107 1201s
 494573 255399   77.00000   55  111   83.00000   51.00000  38.6%   107 1212s
 497091 256789   82.00000   74   33   83.00000   51.00000  38.6%   107 1223s
 499778 258414   82.00000   53   81   83.00000   51.00000  38.6%   107 1236s
 502788 260318   82.00000   50   80   83.00000   51.00000  38.6%   107 1248s
 505848 262007   78.00000   74   48   83.00000   51.00000  38.6%   107 1261s
 508855 263588   77.00000   62   69   83.00000   51.00000  38.6%   107 1271s
 511516 264997   65.00000   39  107   83.00000   51.00000  38.6%   107 1281s
 514123 266401   72.00000   47   83   83.00000   51.00000  38.6%   107 1293s
 516782 267488   76.00000   53   99   83.00000   51.00000  38.6%   107 1300s
 519071 269082   81.00000   55   54   83.00000   51.00000  38.6%   107 1310s
 521754 270505   71.00000   37   80   83.00000   51.00000  38.6%   107 1323s
 524385 271959   81.00000   51   30   83.00000   51.00000  38.6%   107 1337s
 527324 273620   69.00000   56   71   83.00000   51.00000  38.6%   107 1352s
 530274 275257   60.00000   52  198   83.00000   51.00000  38.6%   107 1366s
 533183 276712 infeasible   54        83.00000   51.00000  38.6%   107 1375s
 535858 277963   67.00000   47   85   83.00000   51.00000  38.6%   107 1387s
 538406 279158   53.00000   43  139   83.00000   51.00000  38.6%   107 1396s
 540897 280436 infeasible   57        83.00000   51.00000  38.6%   107 1407s
 543478 281914   71.00000   63   89   83.00000   51.00000  38.6%   107 1420s
 546346 283356   55.00000   38  237   83.00000   51.00000  38.6%   107 1430s
 548972 284643 infeasible   61        83.00000   51.00000  38.6%   107 1441s
 551520 286170   51.00000   42  207   83.00000   51.00000  38.6%   107 1453s
 554233 287638   62.00000   37  144   83.00000   51.00000  38.6%   107 1466s
 556999 289183   71.00000   54  107   83.00000   51.00000  38.6%   107 1477s
 559744 290834   78.00000   53   44   83.00000   51.00000  38.6%   107 1493s
 563000 292173   51.00000   37  134   83.00000   51.00000  38.6%   107 1505s
 565611 293356 infeasible   69        83.00000   51.00000  38.6%   107 1517s
 568355 294700   77.00000   74   69   83.00000   51.00000  38.6%   107 1529s
 571049 296117   76.00000   69  102   83.00000   51.00000  38.6%   107 1540s
 573641 297621   78.00000   49   97   83.00000   51.00000  38.6%   107 1550s
 576329 298930   65.00000   62  124   83.00000   51.00000  38.6%   107 1562s
 578826 300383   77.00000   59   66   83.00000   51.00000  38.6%   107 1574s
 581584 301672   78.00000   62   28   83.00000   51.00000  38.6%   107 1590s
 584567 303049   61.00000   42  136   83.00000   51.00000  38.6%   107 1602s
 587271 304358   73.00000   71   55   83.00000   51.00000  38.6%   107 1613s
 589774 305782   61.00000   52  162   83.00000   51.00000  38.6%   107 1628s
 592497 307287   79.00000   66   63   83.00000   51.00000  38.6%   107 1643s
 595416 308588   69.00000   45  128   83.00000   51.00000  38.6%   107 1653s
 597806 309910   78.00000   54   63   83.00000   51.00000  38.6%   107 1665s
 600496 311395   80.00000   66   48   83.00000   51.00000  38.6%   107 1679s
 603314 312835   81.00000   60   62   83.00000   51.00000  38.6%   107 1693s
 605969 314334   79.00000   72   57   83.00000   51.00000  38.6%   108 1704s
*606847 295479              96      82.0000000   51.00000  37.8%   108 1704s
 608648 296541   79.00000   73   34   82.00000   51.00000  37.8%   108 1716s
 611223 297697   66.00000   53  108   82.00000   51.00000  37.8%   108 1725s
 613603 298963   79.00000   62   70   82.00000   51.00000  37.8%   108 1737s
 616033 300358   61.00000   47  178   82.00000   51.00000  37.8%   108 1750s
 618820 301726   79.00000   57  106   82.00000   51.00000  37.8%   108 1762s
 621381 303110   66.00000   52  110   82.00000   51.00000  37.8%   108 1775s
 624063 304491 infeasible   66        82.00000   51.00000  37.8%   108 1789s
 626845 305960   67.00000   44  123   82.00000   51.00000  37.8%   108 1803s
 629709 307131 infeasible   58        82.00000   51.00000  37.8%   108 1816s
 632429 308529   65.00000   47   91   82.00000   51.00000  37.8%   108 1827s
 635074 309615   71.00000   58  117   82.00000   51.00000  37.8%   108 1837s
 637373 310677   81.00000   55   44   82.00000   51.00000  37.8%   108 1849s
 639906 312185   70.00000   54   87   82.00000   51.00000  37.8%   108 1865s
 642849 313701 infeasible   59        82.00000   51.00000  37.8%   109 1879s
 645679 315086   81.00000   56   27   82.00000   51.00000  37.8%   109 1892s
 648362 316537 infeasible   64        82.00000   51.00000  37.8%   109 1906s
 651089 317840   77.00000   60  118   82.00000   51.00000  37.8%   109 1916s
 653489 319421   51.00000   43  133   82.00000   51.00000  37.8%   109 1928s
 656231 320856 infeasible   65        82.00000   51.00000  37.8%   109 1942s
 659028 322006   64.00000   40  144   82.00000   51.00000  37.8%   109 1952s
 661235 323539   70.00000   46  129   82.00000   51.00000  37.8%   109 1966s
 664047 325022   81.00000   67   44   82.00000   51.00000  37.8%   109 1980s
 666923 326496   78.00000   69   47   82.00000   51.00000  37.8%   109 1996s
*669605 307471              95      81.0000000   51.00000  37.0%   109 1996s
 669888 308700   68.00000   58  131   81.00000   51.00000  37.0%   109 2015s
 672856 310035   77.00000   67   86   81.00000   51.00000  37.0%   109 2031s
 675746 311595   79.00000   46   83   81.00000   51.00000  37.0%   109 2041s
 678550 312745     cutoff   74        81.00000   51.00000  37.0%   109 2052s
 681173 313785   67.00000   65   93   81.00000   51.00000  37.0%   109 2062s
 683407 315126   67.00000   74   62   81.00000   51.00000  37.0%   109 2078s
 686155 316517   75.00000   56   94   81.00000   51.00000  37.0%   110 2089s
 688709 317782 infeasible   79        81.00000   51.00000  37.0%   110 2104s
 691433 319063   65.00000   57   82   81.00000   51.00000  37.0%   110 2116s
 694068 320318   61.00000   56  183   81.00000   51.00000  37.0%   110 2127s
 696617 321552   78.00000   57   86   81.00000   51.00000  37.0%   110 2140s
 699051 322845   71.00000   65   99   81.00000   51.00000  37.0%   110 2153s
 701691 324097   70.00000   48  127   81.00000   51.00000  37.0%   110 2166s
 704328 325187   80.00000   67   69   81.00000   51.00000  37.0%   110 2176s
 706475 326560   69.00000   53   81   81.00000   51.00000  37.0%   110 2189s
 709133 327980   79.00000   77   72   81.00000   51.00000  37.0%   110 2205s
 712037 329341   61.00000   44  176   81.00000   51.00000  37.0%   111 2216s
 714656 330558   78.00000   56   79   81.00000   51.00000  37.0%   111 2231s
 717188 331915   62.00000   54  108   81.00000   51.00000  37.0%   111 2244s
 719939 333257   70.00000   49  168   81.00000   51.00000  37.0%   111 2259s
 722657 334557 infeasible   69        81.00000   51.00000  37.0%   111 2274s
 725346 335909   51.00000   35  136   81.00000   51.00000  37.0%   111 2291s
 728233 337082   78.00000   57   53   81.00000   51.00000  37.0%   111 2299s
 730380 338469   61.00000   72  125   81.00000   51.00000  37.0%   111 2312s
 733100 339871   65.00000   47  157   81.00000   51.00000  37.0%   111 2327s
 735788 341552   56.00000   53  163   81.00000   51.00000  37.0%   111 2344s
 738925 342978 infeasible   62        81.00000   51.00000  37.0%   111 2360s
 741776 344778     cutoff   58        81.00000   51.00000  37.0%   111 2376s
 744958 346571   67.00000   46   79   81.00000   51.00000  37.0%   111 2396s
 748307 347959 infeasible   78        81.00000   51.00000  37.0%   111 2412s
 750988 349201   61.00000   58  166   81.00000   51.00000  37.0%   111 2425s
 753509 350382   67.00000   67  113   81.00000   51.00000  37.0%   112 2438s
 756022 351537   60.00000   60  113   81.00000   51.00000  37.0%   112 2450s
 758475 352633 infeasible   63        81.00000   51.00000  37.0%   112 2462s
 760716 354122   73.00000   61   65   81.00000   51.00000  37.0%   112 2479s
 763704 355527   78.00000   66   37   81.00000   51.00000  37.0%   112 2494s
 766559 357521   63.00000   56   90   81.00000   51.00000  37.0%   112 2517s
 770053 359254 infeasible   45        81.00000   51.00000  37.0%   112 2542s
 773363 360660 infeasible   64        81.00000   51.00000  37.0%   112 2559s
 776278 361784   70.00000   50   62   81.00000   51.00000  37.0%   112 2571s
 778590 362958   77.00000   55   43   81.00000   51.00000  37.0%   112 2584s
 781126 364300 infeasible   64        81.00000   51.00000  37.0%   112 2597s
 783704 365581     cutoff   59        81.00000   51.00000  37.0%   112 2612s
 786289 366530   79.00000   59  103   81.00000   51.00000  37.0%   112 2624s
 788536 366530   73.00000   60   65   81.00000   51.00000  37.0%   112 2625s
 788627 367758 infeasible   77        81.00000   51.00000  37.0%   112 2639s
 791186 369087   51.00000   40  174   81.00000   51.00000  37.0%   112 2652s
 793818 370483   65.00000   46   79   81.00000   51.00000  37.0%   112 2666s
 796549 371800   78.00000   59   79   81.00000   51.00000  37.0%   112 2684s
 799158 373042   75.00000   46   97   81.00000   51.00000  37.0%   112 2698s
 801812 374426     cutoff   79        81.00000   51.00000  37.0%   112 2714s
 804399 375842 infeasible   50        81.00000   51.00000  37.0%   112 2729s
 807140 377047   51.00000   66  149   81.00000   51.00000  37.0%   112 2743s
 809478 378291   75.00000   55   88   81.00000   51.00000  37.0%   112 2757s
 812086 379662   79.00000   50   39   81.00000   51.00000  37.0%   112 2770s
 814783 381016   70.00000   36   75   81.00000   51.00000  37.0%   112 2787s
 817487 382310   52.00000   60  118   81.00000   51.00000  37.0%   112 2804s
 820187 383322   65.00000   49  158   81.00000   51.00000  37.0%   112 2817s
 822676 384469     cutoff   52        81.00000   51.00000  37.0%   112 2834s
 825427 385737   65.00000   48  141   81.00000   51.00000  37.0%   112 2849s
 828112 386941   71.00000   56  128   81.00000   51.00000  37.0%   112 2865s
 830744 388144   79.00000   64   37   81.00000   51.00000  37.0%   113 2883s
 833434 389533   72.00000   53   93   81.00000   51.00000  37.0%   113 2899s
 836210 390888   61.00000   44  133   81.00000   51.00000  37.0%   113 2913s
 838736 391954   74.00000   83   87   81.00000   51.00000  37.0%   113 2926s
 841194 393032   64.00000   55  125   81.00000   51.00000  37.0%   113 2937s
 843527 394275     cutoff   61        81.00000   51.00000  37.0%   113 2953s
 845954 395680   73.00000   64   79   81.00000   51.00000  37.0%   113 2968s
 848748 397042   67.00000   65  101   81.00000   51.00000  37.0%   113 2985s
 851699 398302   77.00000   64   69   81.00000   51.00000  37.0%   113 3002s
 854315 399515   66.00000   51   86   81.00000   51.00000  37.0%   113 3017s
 856868 400898 infeasible   55        81.00000   51.00000  37.0%   113 3030s
 859491 402179   70.00000   52   90   81.00000   51.00000  37.0%   113 3045s
 862038 403513   75.00000   49  113   81.00000   51.00000  37.0%   113 3059s
 864667 404860   62.00000   54  156   81.00000   51.00000  37.0%   113 3078s
 867429 406141   56.00000   47  201   81.00000   51.00000  37.0%   113 3095s
 870046 407331   70.00000   53   66   81.00000   51.00000  37.0%   113 3114s
 872110 407331   78.00000   59   97   81.00000   51.00000  37.0%   113 3115s
 873092 408280   72.00000   48  109   81.00000   51.00000  37.0%   113 3129s
 875609 409230   56.00000   47  133   81.00000   51.00000  37.0%   113 3145s
 878161 410364   77.00000   57   49   81.00000   51.00000  37.0%   113 3160s
 880610 411530   66.00000   59  131   81.00000   51.00000  37.0%   113 3175s
 882985 412763   59.00000   46  146   81.00000   51.00000  37.0%   113 3192s
 885540 413997 infeasible   70        81.00000   51.00000  37.0%   113 3207s
 888049 415220   68.00000   55   75   81.00000   51.00000  37.0%   113 3221s
 890476 416271 infeasible   66        81.00000   51.00000  37.0%   113 3236s
 892927 417614 infeasible   64        81.00000   51.00000  37.0%   113 3252s
 895721 419115   71.00000   53   86   81.00000   51.00000  37.0%   113 3268s
 898393 420323 infeasible   72        81.00000   51.00000  37.0%   113 3283s
 901032 421496   66.00000   59  116   81.00000   51.00000  37.0%   113 3299s
 903515 422825   69.00000   60  137   81.00000   51.00000  37.0%   114 3317s
 906262 424062   75.00000   51   88   81.00000   51.00000  37.0%   114 3332s
 908825 425330   79.00000   66   61   81.00000   51.00000  37.0%   114 3348s
 911468 426516 infeasible   46        81.00000   51.00000  37.0%   114 3366s
 914065 427712   63.00000   57   69   81.00000   51.00000  37.0%   114 3382s
 916526 428989   70.00000   59  135   81.00000   51.00000  37.0%   114 3397s
 919162 430373   71.00000   66  102   81.00000   51.00000  37.0%   114 3415s
 921951 431815 infeasible   63        81.00000   51.00000  37.0%   114 3432s
 924772 433094 infeasible   60        81.00000   51.00000  37.0%   114 3451s
 927375 434279   71.00000   63  128   81.00000   51.00000  37.0%   114 3468s
 930008 435577   80.00000   62   75   81.00000   51.00000  37.0%   114 3487s
 932792 436788   77.00000   66   57   81.00000   51.00000  37.0%   114 3502s
 935375 437968   75.00000   63   56   81.00000   51.00000  37.0%   114 3524s
 938157 439189   62.00000   59  145   81.00000   51.00000  37.0%   114 3542s
 940816 440347   75.00000   56   71   81.00000   51.00000  37.0%   114 3561s
 943636 441552   51.00000   53  193   81.00000   51.00000  37.0%   114 3578s
 946239 442737 infeasible   65        81.00000   51.00000  37.0%   114 3593s
 948751 443867   75.00000   64   56   81.00000   51.00000  37.0%   114 3608s
 951117 444882 infeasible   60        81.00000   51.00000  37.0%   114 3623s
 953612 446117   67.00000   57   67   81.00000   51.00000  37.0%   114 3639s
 956243 447344   70.00000   50  112   81.00000   51.00000  37.0%   114 3653s
 958761 448577     cutoff   68        81.00000   51.00000  37.0%   114 3672s
 961385 449733   76.00000   58   43   81.00000   51.00000  37.0%   114 3690s
 964125 450856   80.00000   49   63   81.00000   51.00000  37.0%   114 3709s
 966845 452064   68.00000   61   87   81.00000   51.00000  37.0%   114 3728s
 969606 453149   78.00000   66   49   81.00000   51.00000  37.0%   114 3741s
 972048 454284   51.00000   57  159   81.00000   51.00000  37.0%   114 3756s
 974552 455491 infeasible   56        81.00000   51.00000  37.0%   114 3773s
 976988 456664   79.00000   55   91   81.00000   51.00000  37.0%   114 3788s
 979449 457904   78.00000   59   86   81.00000   51.00000  37.0%   114 3804s
 981998 459168   74.00000   54  103   81.00000   51.00000  37.0%   114 3821s
 984712 460282   78.00000   64   63   81.00000   51.00000  37.0%   114 3834s
 986933 461844 infeasible   61        81.00000   51.00000  37.0%   115 3859s
 990131 463239   57.00000   35  186   81.00000   51.00000  37.0%   115 3878s
 993000 464488   66.00000   51  161   81.00000   51.00000  37.0%   115 3894s
 995745 465672   67.00000   62   85   81.00000   51.00000  37.0%   115 3910s
 998264 466939   74.00000   58   82   81.00000   51.00000  37.0%   115 3926s
 1000909 468262   65.00000   66  114   81.00000   51.00000  37.0%   115 3944s
 1003694 469548 infeasible   86        81.00000   51.00000  37.0%   115 3961s
 1006222 470831   73.00000   58   85   81.00000   51.00000  37.0%   115 3976s
 1008651 472133   68.00000   72  101   81.00000   51.00000  37.0%   115 3995s
 1011404 473427   77.00000   59   52   81.00000   51.00000  37.0%   115 4009s
 1013837 474577   78.00000   56   27   81.00000   51.00000  37.0%   115 4023s
 1016360 475763   59.00000   46  157   81.00000   51.00000  37.0%   115 4041s
 1018808 476772 infeasible   66        81.00000   51.00000  37.0%   115 4059s
 1021593 477814 infeasible   72        81.00000   51.00000  37.0%   115 4075s
 1024218 479039   67.00000   45  153   81.00000   51.00000  37.0%   115 4093s
 1026841 480083   72.00000   57   64   81.00000   51.00000  37.0%   115 4110s
 1029475 481280 infeasible   71        81.00000   51.00000  37.0%   115 4126s
 1031927 482392 infeasible   66        81.00000   51.00000  37.0%   115 4142s
 1034330 483823   75.00000   57   91   81.00000   51.00000  37.0%   115 4162s
 1037189 485014   61.00000   54  150   81.00000   51.00000  37.0%   115 4184s
 1040161 486263 infeasible   55        81.00000   51.00000  37.0%   115 4207s
 1042851 487560   77.00000   58   65   81.00000   51.00000  37.0%   115 4224s
 1045425 488835   80.00000   63   40   81.00000   51.00000  37.0%   115 4243s
 1048037 490209   78.00000   77   42   81.00000   51.00000  37.0%   115 4263s
 1050831 491449   62.00000   55  106   81.00000   51.00000  37.0%   115 4286s
 1053515 492723   76.00000   57   72   81.00000   51.00000  37.0%   115 4305s
 1056218 493895   78.00000   56   57   81.00000   51.00000  37.0%   115 4322s
 1058661 495572   59.00000   59   92   81.00000   51.00000  37.0%   115 4345s
 1061824 496732   76.00000   68   82   81.00000   51.00000  37.0%   115 4359s
 1064150 497870   71.00000   81   65   81.00000   51.00000  37.0%   115 4377s
 1066633 499096   61.00000   43  162   81.00000   51.00000  37.0%   115 4396s
 1069251 500350   70.00000   49   95   81.00000   51.00000  37.0%   115 4415s
 1072044 501665   79.00000   67   86   81.00000   51.00000  37.0%   115 4435s
 1074862 502959     cutoff   70        81.00000   51.00000  37.0%   115 4457s
 1077632 504265   51.00000   49  131   81.00000   51.00000  37.0%   115 4479s
 1080511 505480   79.00000   74   56   81.00000   51.00000  37.0%   115 4499s
 1083299 506498   67.00000   63  133   81.00000   51.00000  37.0%   115 4512s
 1085511 507826 infeasible   61        81.00000   51.00000  37.0%   115 4530s
 1088199 509026 infeasible   65        81.00000   51.00000  37.0%   115 4551s
 1090702 510377   67.00000   61   87   81.00000   51.00000  37.0%   115 4571s
 1093473 511579   71.00000   50   69   81.00000   51.00000  37.0%   115 4588s
 1095978 512813   67.00000   60   69   81.00000   51.00000  37.0%   115 4607s
 1098531 514130   51.00000   37  216   81.00000   51.00000  37.0%   116 4627s
 1101428 515573   69.00000   44   67   81.00000   51.00000  37.0%   116 4655s
 1104431 516796   68.00000   56  109   81.00000   51.00000  37.0%   115 4672s
 1106868 517924 infeasible   76        81.00000   51.00000  37.0%   116 4693s
 1109745 519112   77.00000   55   51   81.00000   51.00000  37.0%   116 4714s
 1112595 520401   51.00000   54  171   81.00000   51.00000  37.0%   116 4734s
 1115286 521501 infeasible   63        81.00000   51.00000  37.0%   116 4756s
 1117864 522799 infeasible   58        81.00000   51.00000  37.0%   116 4776s
 1120550 524167   67.00000   57  127   81.00000   51.00000  37.0%   116 4796s
 1123296 525437   80.00000   66   60   81.00000   51.00000  37.0%   116 4816s
 1125877 526554   70.00000   51   67   81.00000   51.00000  37.0%   116 4832s
 1128378 527745   67.00000   65  136   81.00000   51.00000  37.0%   116 4854s
 1130847 529084   72.00000   54  116   81.00000   51.00000  37.0%   116 4876s
 1133718 530433   66.00000   55   59   81.00000   51.00000  37.0%   116 4896s
 1136489 531641   71.00000   52  101   81.00000   51.00000  37.0%   116 4914s
 1138993 532822   64.00000   57  119   81.00000   51.00000  37.0%   116 4934s
 1141495 534229   67.00000   47   79   81.00000   51.00000  37.0%   116 4953s
 1144144 535370   78.00000   66   27   81.00000   51.00000  37.0%   116 4970s
 1146795 536539   76.00000   59   53   81.00000   51.00000  37.0%   116 4992s
 1149724 537781   78.00000   57   92   81.00000   51.00000  37.0%   116 5012s
 1152311 538926   52.00000   60  191   81.00000   51.00000  37.0%   116 5029s
 1154731 540105   62.00000   48  165   81.00000   51.00000  37.0%   116 5051s
 1157728 541505   51.00000   41  188   81.00000   51.00000  37.0%   116 5071s
*1159014 515097              96      80.0000000   51.00000  36.3%   116 5071s
 1160550 516272     cutoff   55        80.00000   51.00000  36.3%   116 5091s
 1163320 517495 infeasible   68        80.00000   51.00000  36.3%   116 5115s
 1166034 518699   67.00000   47   92   80.00000   51.00000  36.3%   116 5135s
 1168651 519787   51.00000   45  215   80.00000   51.00000  36.3%   116 5153s
 1171213 520932   75.00000   61   45   80.00000   51.00000  36.3%   116 5172s
 1173743 522067   68.00000   57   80   80.00000   51.00000  36.3%   116 5190s
 1176192 522992   78.00000   70   47   80.00000   51.00000  36.3%   116 5210s
 1178666 524216   71.00000   68  139   80.00000   51.00000  36.3%   116 5229s
 1181267 525343   71.00000   43  137   80.00000   51.00000  36.3%   116 5246s
 1183627 526723   73.00000   67   69   80.00000   51.00000  36.3%   116 5269s
 1186555 527896   70.00000   58   77   80.00000   51.00000  36.3%   116 5291s
 1189191 529188   67.00000   68  112   80.00000   51.00000  36.3%   116 5315s
 1192107 530570   77.00000   76   42   80.00000   51.00000  36.3%   116 5334s
 1194922 531606 infeasible   65        80.00000   51.00000  36.3%   116 5352s
 1197588 532869 infeasible   77        80.00000   51.00000  36.3%   116 5373s
 1200196 534052   70.00000   49   71   80.00000   51.00000  36.3%   116 5392s
 1202739 535115   60.00000   46  113   80.00000   51.00000  36.3%   116 5411s
 1205423 536237   77.00000   70   78   80.00000   51.00000  36.3%   116 5430s
 1208036 537255   70.00000   48   99   80.00000   51.00000  36.3%   116 5450s
 1210655 538411 infeasible   91        80.00000   51.00000  36.3%   116 5470s
 1213236 539610   59.00000   46  154   80.00000   51.00000  36.3%   116 5490s
 1215919 540781   77.00000   73   50   80.00000   51.00000  36.3%   116 5509s
 1218405 542079   70.00000   50   90   80.00000   51.00000  36.3%   116 5529s
 1221100 543340 infeasible   59        80.00000   51.00000  36.3%   116 5554s
 1223857 544436   73.00000   54   70   80.00000   51.00000  36.3%   116 5574s
 1226374 545737 infeasible   70        80.00000   51.00000  36.3%   116 5591s
 1228835 546959   67.00000   69  115   80.00000   51.00000  36.3%   117 5608s
 1231383 548203   77.00000   56   83   80.00000   51.00000  36.3%   117 5632s
 1234182 549564 infeasible   80        80.00000   51.00000  36.3%   117 5655s
 1237017 550808   61.00000   56  105   80.00000   51.00000  36.3%   117 5673s
 1239737 552204 infeasible   61        80.00000   51.00000  36.3%   117 5696s
 1242808 553372   74.00000   67   61   80.00000   51.00000  36.3%   117 5721s
 1245757 554382   63.00000   56  117   80.00000   51.00000  36.3%   117 5739s
 1246917 554382   78.00000   68   36   80.00000   51.00000  36.3%   117 5740s
 1248114 555669   77.00000   58   27   80.00000   51.00000  36.3%   117 5764s
 1249296 555669   66.00000   52  118   80.00000   51.00000  36.3%   117 5765s
 1251036 556986     cutoff   89        80.00000   51.00000  36.3%   117 5789s
 1251397 556986   79.00000   69   48   80.00000   51.00000  36.3%   117 5790s
 1254190 558053   60.00000   51  132   80.00000   51.00000  36.3%   117 5807s
 1256592 559090     cutoff   57        80.00000   51.00000  36.3%   117 5824s
 1259027 560263 infeasible   63        80.00000   51.00000  36.3%   117 5845s
 1261672 561352   75.00000   63   69   80.00000   51.00000  36.3%   117 5861s
 1264028 562439   71.00000   61  117   80.00000   51.00000  36.3%   117 5881s
 1266618 563717     cutoff   66        80.00000   51.00000  36.3%   117 5905s
 1269335 564820   71.00000   70  101   80.00000   51.00000  36.3%   117 5924s
 1271806 566086   69.00000   68   80   80.00000   51.00000  36.3%   117 5944s
 1274511 567351   72.00000   49   68   80.00000   51.00000  36.3%   117 5966s
 1277267 568634     cutoff   63        80.00000   51.00000  36.3%   117 5990s
 1280015 569771   79.00000   79   36   80.00000   51.00000  36.3%   117 6009s
 1282573 570723 infeasible   51        80.00000   51.00000  36.3%   117 6029s
 1285276 571952   74.00000   61   38   80.00000   51.00000  36.3%   117 6051s
 1288123 573076   78.00000   77   47   80.00000   51.00000  36.3%   117 6073s
 1291029 574155 infeasible   74        80.00000   51.00000  36.3%   117 6093s
 1293448 575376   77.00000   61   56   80.00000   51.00000  36.3%   117 6115s
 1296251 576611   67.00000   52  131   80.00000   51.00000  36.3%   117 6135s
 1298935 577842   55.00000   45  116   80.00000   51.00000  36.3%   117 6159s
 1301651 578972   71.00000   52  115   80.00000   51.00000  36.3%   117 6180s
 1304195 580048   55.00000   40  144   80.00000   51.00000  36.3%   117 6201s
 1306580 581319   59.00000   43  132   80.00000   51.00000  36.3%   117 6227s
 1309535 582576   75.00000   59   71   80.00000   51.00000  36.3%   117 6250s
 1312522 583701   77.00000   76   49   80.00000   51.00000  36.3%   117 6271s
 1315005 584802   60.00000   57  178   80.00000   51.00000  36.3%   117 6291s
 1317497 586333   66.00000   54  119   80.00000   51.00000  36.3%   117 6311s
 1320273 588022   77.00000   59   52   80.00000   51.00000  36.3%   117 6334s
 1323297 589341   78.00000   59   84   80.00000   51.00000  36.3%   117 6354s
 1325993 590337   67.00000   51   97   80.00000   51.00000  36.3%   117 6373s
 1328237 591491   65.00000   50  155   80.00000   51.00000  36.3%   117 6393s
 1330832 592560   69.00000   56   73   80.00000   51.00000  36.3%   117 6412s
 1333448 593725   67.00000   44  121   80.00000   51.00000  36.3%   117 6437s
 1336058 594989 infeasible   60        80.00000   51.00000  36.3%   117 6459s
 1338720 596086   77.00000   56   60   80.00000   51.00000  36.3%   117 6477s
 1341105 597291   54.00000   69  178   80.00000   51.00000  36.3%   117 6497s
 1343705 598564   67.00000   48  138   80.00000   51.00000  36.3%   117 6520s
 1346467 599775   67.00000   59  118   80.00000   51.00000  36.3%   117 6544s
 1349180 601009   79.00000   63   21   80.00000   51.00000  36.3%   118 6566s
 1351829 602107   56.00000   52  166   80.00000   51.00000  36.3%   118 6584s
 1354146 603387   62.00000   37  120   80.00000   51.00000  36.3%   118 6603s
 1356781 604671   69.00000   60   97   80.00000   51.00000  36.3%   118 6627s
 1359447 605826   61.00000   66  135   80.00000   51.00000  36.3%   118 6650s
 1362372 606815   67.00000   47  113   80.00000   51.00000  36.3%   118 6666s
 1364594 608140   51.00000   39  156   80.00000   51.00000  36.3%   118 6689s
 1367558 609477   66.00000   55   97   80.00000   51.00000  36.3%   118 6716s
 1370280 610810   75.00000   68   49   80.00000   51.00000  36.3%   118 6738s
 1373027 612009   75.00000   54   65   80.00000   51.00000  36.3%   118 6760s
 1375693 613235   62.00000   50  135   80.00000   51.00000  36.3%   118 6777s
 1378234 614478   69.00000   63  104   80.00000   51.00000  36.3%   118 6806s
 1380965 615696   71.00000   55   62   80.00000   51.00000  36.3%   118 6827s
 1383660 616987   70.00000   56   99   80.00000   51.00000  36.3%   118 6849s
 1386627 618057 infeasible   53        80.00000   51.00000  36.3%   118 6870s
 1389104 619308   77.00000   58   72   80.00000   51.00000  36.3%   118 6890s
 1391726 620480   76.00000   58   78   80.00000   51.00000  36.3%   118 6910s
 1394331 621571   79.00000   67   41   80.00000   51.00000  36.3%   118 6934s
 1397136 622790   56.00000   58  125   80.00000   51.00000  36.3%   118 6953s
 1399612 624072   75.00000   61   76   80.00000   51.00000  36.3%   118 6976s
 1402392 625115   76.00000   57   66   80.00000   51.00000  36.3%   118 7001s
 1405004 626483 infeasible   68        80.00000   51.00000  36.3%   118 7021s
 1407651 627505   78.00000   61   39   80.00000   51.00000  36.3%   118 7041s
 1410135 628723   73.00000   59  105   80.00000   51.00000  36.3%   118 7059s
 1412525 629961   71.00000   57  104   80.00000   51.00000  36.3%   118 7083s
 1415157 631252   77.00000   57   68   80.00000   51.00000  36.3%   118 7103s
 1417690 632612   69.00000   66   82   80.00000   51.00000  36.3%   118 7122s
 1420360 633851   62.00000   75  140   80.00000   51.00000  36.3%   118 7144s
 1423166 635079   63.00000   64  133   80.00000   51.00000  36.3%   118 7172s
 1425856 636302   77.00000   53   74   80.00000   51.00000  36.3%   118 7194s
 1428536 637507   61.00000   46  131   80.00000   51.00000  36.3%   118 7215s
 1431218 638606   51.00000   45  163   80.00000   51.00000  36.3%   119 7237s
 1434029 639727   61.00000   44  162   80.00000   51.00000  36.3%   119 7255s
 1436417 640751 infeasible   65        80.00000   51.00000  36.3%   119 7273s
 1438741 642149   73.00000   62   70   80.00000   51.00000  36.3%   119 7298s
 1441589 643368 infeasible   61        80.00000   51.00000  36.3%   119 7320s
 1444529 644698   62.00000   57  126   80.00000   51.00000  36.3%   119 7345s
 1447242 645968   66.00000   44  119   80.00000   51.00000  36.3%   119 7367s
 1449866 647328   67.00000   40  109   80.00000   51.00000  36.3%   119 7389s
 1452567 648717 infeasible   61        80.00000   51.00000  36.3%   119 7413s
 1455362 649895 infeasible   60        80.00000   51.00000  36.3%   119 7436s
 1457950 651020   66.00000   52  121   80.00000   51.00000  36.3%   119 7458s
 1460376 652300   61.00000   47  142   80.00000   51.00000  36.3%   119 7480s
 1463017 653426   67.00000   52   98   80.00000   51.00000  36.3%   119 7500s
 1465494 654583   51.00000   50  241   80.00000   51.00000  36.3%   119 7522s
 1467908 655853     cutoff   68        80.00000   51.00000  36.3%   119 7544s
 1468815 655853   75.00000   60   67   80.00000   51.00000  36.3%   119 7545s
 1470588 657180     cutoff   79        80.00000   51.00000  36.3%   119 7568s
 1473355 658471   79.00000   53   75   80.00000   51.00000  36.3%   119 7594s
 1476185 659628   67.00000   62  118   80.00000   51.00000  36.3%   119 7621s
 1478871 660955   79.00000   76   40   80.00000   51.00000  36.3%   119 7643s
 1481550 661939   79.00000   56   68   80.00000   51.00000  36.3%   119 7659s
 1483510 663203   57.00000   49  125   80.00000   51.00000  36.3%   119 7686s
 1486576 664471     cutoff   62        80.00000   51.00000  36.3%   119 7716s
 1489442 665676   73.00000   58   52   80.00000   51.00000  36.3%   119 7741s
 1492432 667015   67.00000   59  118   80.00000   51.00000  36.3%   119 7766s
 1495191 668360   75.00000   57  101   80.00000   51.00000  36.3%   119 7790s
 1497935 669550     cutoff   70        80.00000   51.00000  36.3%   119 7814s
 1500534 670864   79.00000   63   40   80.00000   51.00000  36.3%   119 7840s
 1503297 671950   76.00000   61   71   80.00000   51.00000  36.3%   119 7858s
 1505621 673160   59.00000   47  120   80.00000   51.00000  36.3%   119 7884s
 1508369 674258   51.00000   36  210   80.00000   51.00000  36.3%   119 7906s
 1510739 675577 infeasible   69        80.00000   51.00000  36.3%   120 7929s
 1513480 676881   78.00000   70   67   80.00000   51.00000  36.3%   120 7949s
 1515474 676881   78.00000   81   40   80.00000   51.00000  36.3%   120 7950s
 1516002 678181   71.00000   45   62   80.00000   51.00000  36.3%   120 7973s
 1518712 679428   61.00000   55  116   80.00000   51.00000  36.3%   120 7995s
 1521238 680569   73.00000   55  115   80.00000   51.00000  36.3%   120 8015s
 1523634 681976   66.00000   66  105   80.00000   51.00000  36.3%   120 8042s
 1526702 682986   61.00000   69  117   80.00000   51.00000  36.3%   120 8063s
 1528934 684363   70.00000   64   98   80.00000   51.00000  36.3%   120 8090s
 1531944 685625   76.00000   65   57   80.00000   51.00000  36.3%   120 8113s
 1534658 686701   69.00000   60  129   80.00000   51.00000  36.3%   120 8134s
 1536987 687970   76.00000   69  102   80.00000   51.00000  36.3%   120 8160s
 1539794 689144   52.00000   58  203   80.00000   51.00000  36.3%   120 8184s
 1542646 690380     cutoff   64        80.00000   51.00000  36.3%   120 8209s
 1545363 691578   78.00000   61   32   80.00000   51.00000  36.3%   120 8233s
 1547916 692755   71.00000   54   61   80.00000   51.00000  36.3%   120 8257s
 1550752 693684   68.00000   78   69   80.00000   51.00000  36.3%   120 8277s
 1553027 694823   76.00000   54   86   80.00000   51.00000  36.3%   120 8300s
 1555756 696063   67.00000   55  134   80.00000   51.00000  36.3%   120 8328s
 1558514 697190     cutoff   78        80.00000   51.00000  36.3%   120 8350s
 1560977 698519   75.00000   51  158   80.00000   51.00000  36.3%   120 8375s
 1563792 699747   65.00000   77   87   80.00000   51.00000  36.3%   120 8401s
 1566564 701100   73.00000   59   85   80.00000   51.00000  36.3%   120 8427s
 1569287 702386   55.00000   55  154   80.00000   51.00000  36.3%   120 8452s
 1572012 703559   70.00000   51  117   80.00000   51.00000  36.3%   120 8473s
 1574391 704602   74.00000   43  103   80.00000   51.00000  36.3%   120 8491s
 1576816 705736   72.00000   51  145   80.00000   51.00000  36.3%   120 8515s
 1579200 706968   77.00000   60  130   80.00000   51.00000  36.3%   120 8538s
 1581903 708123   77.00000   61   53   80.00000   51.00000  36.3%   120 8565s
 1584866 709405 infeasible   77        80.00000   51.00000  36.3%   120 8590s
 1587576 710467   77.00000   59  100   80.00000   51.00000  36.3%   120 8616s
 1590179 711725   61.00000   56  174   80.00000   51.00000  36.3%   120 8641s
 1593094 712935   75.00000   71   49   80.00000   51.00000  36.3%   121 8665s
 1595831 714010   69.00000   43  106   80.00000   51.00000  36.3%   121 8687s
 1598369 715018   65.00000   49  109   80.00000   51.00000  36.3%   121 8708s
 1600597 716190 infeasible   63        80.00000   51.00000  36.3%   121 8735s
 1603470 717346   51.00000   52  177   80.00000   51.00000  36.3%   121 8758s
 1606029 718516   61.00000   48  144   80.00000   51.00000  36.3%   121 8787s
 1608643 719694 infeasible   46        80.00000   51.00000  36.3%   121 8814s
 1611409 720955   77.00000   57   37   80.00000   51.00000  36.3%   121 8840s
 1614181 722243   78.00000   63   78   80.00000   51.00000  36.3%   121 8866s
 1616984 723436   79.00000   74   73   80.00000   51.00000  36.3%   121 8895s
 1619653 724716   78.00000   54   85   80.00000   51.00000  36.3%   121 8920s
 1622380 725757   61.00000   35  136   80.00000   51.00000  36.3%   121 8942s
 1624785 727023   62.00000   59  163   80.00000   51.00000  36.3%   121 8964s
 1627391 728238 infeasible   62        80.00000   51.00000  36.3%   121 8991s
 1630053 729292   70.00000   61  125   80.00000   51.00000  36.3%   121 9011s
 1632349 730575   69.00000   46  221   80.00000   51.00000  36.3%   121 9039s
 1635191 731686   79.00000   77   46   80.00000   51.00000  36.3%   121 9063s
 1638054 732890   74.00000   71   88   80.00000   51.00000  36.3%   121 9093s
 1640732 734143   66.00000   48  106   80.00000   51.00000  36.3%   121 9122s
 1643528 735417   67.00000   57  118   80.00000   51.00000  36.3%   121 9149s
 1646190 736447   67.00000   67  105   80.00000   51.00000  36.3%   121 9173s
 1648644 737639   69.00000   55   71   80.00000   51.00000  36.3%   121 9201s
 1651151 738869   79.00000   58  116   80.00000   51.00000  36.3%   121 9228s
 1653972 740075   66.00000   40  181   80.00000   51.00000  36.3%   121 9256s
 1656685 741296 infeasible   62        80.00000   51.00000  36.3%   121 9282s
 1659388 742428   74.00000   51  120   80.00000   51.00000  36.3%   121 9309s
 1661981 743501   76.00000   68   60   80.00000   51.00000  36.3%   121 9332s
 1664493 744649     cutoff   81        80.00000   51.00000  36.3%   121 9357s
 1667180 745841   77.00000   64   62   80.00000   51.00000  36.3%   121 9383s
 1669877 746897   79.00000   54   65   80.00000   51.00000  36.3%   121 9409s
 1672390 747989   66.00000   51  126   80.00000   51.00000  36.3%   121 9435s
 1675029 748983   60.00000   64  124   80.00000   51.00000  36.3%   121 9458s
 1677354 750245   67.00000   70  137   80.00000   51.00000  36.3%   121 9483s
 1680194 751341   68.00000   64   85   80.00000   51.00000  36.3%   121 9512s
 1682736 752586     cutoff   67        80.00000   51.00000  36.3%   121 9541s
 1685561 753752   78.00000   64   33   80.00000   51.00000  36.3%   121 9569s
 1688264 755104 infeasible   75        80.00000   51.00000  36.3%   121 9597s
 1691122 756261   77.00000   47   94   80.00000   51.00000  36.3%   121 9626s
 1693633 757405   75.00000   64   88   80.00000   51.00000  36.3%   122 9651s
 1696109 758563 infeasible   70        80.00000   51.00000  36.3%   122 9675s
 1698634 759830   75.00000   63   61   80.00000   51.00000  36.3%   122 9701s
 1701289 761048 infeasible   65        80.00000   51.00000  36.3%   122 9729s
 1703765 762230   72.00000   68   56   80.00000   51.00000  36.3%   122 9758s
 1706496 763475   77.00000   63   77   80.00000   51.00000  36.3%   122 9787s
 1709363 764780 infeasible   66        80.00000   51.00000  36.3%   122 9819s
 1712151 766003   61.00000   41  166   80.00000   51.00000  36.3%   122 9845s
 1714828 767220   77.00000   58  126   80.00000   51.00000  36.3%   122 9874s
 1717548 768339   70.00000   48  141   80.00000   51.00000  36.3%   122 9899s
 1719938 769660   67.00000   66  102   80.00000   51.00000  36.3%   122 9927s
 1722554 770840   69.00000   70   95   80.00000   51.00000  36.3%   122 9955s
 1725466 771952   79.00000   53   73   80.00000   51.00000  36.3%   122 9984s
 1728355 772900   78.00000   63   51   80.00000   51.00000  36.3%   122 10008s
 1730746 773922   79.00000   56   49   80.00000   51.00000  36.3%   122 10036s
 1733144 775078 infeasible   62        80.00000   51.00000  36.3%   122 10065s
 1735872 776417 infeasible   45        80.00000   51.00000  36.3%   122 10094s
 1738783 777894   78.00000   71   46   80.00000   51.00000  36.3%   122 10122s
 1741588 778920   67.00000   64  107   80.00000   51.00000  36.3%   122 10149s
 1744037 780060 infeasible   61        80.00000   51.00000  36.3%   122 10175s
 1746516 781291   67.00000   73   79   80.00000   51.00000  36.3%   122 10204s
 1749300 782576   65.00000   72  133   80.00000   51.00000  36.3%   122 10231s
 1752058 783718   77.00000   71   90   80.00000   51.00000  36.3%   122 10258s
 1754464 784934 infeasible   59        80.00000   51.00000  36.3%   122 10285s
 1757170 786122   51.00000   49  158   80.00000   51.00000  36.3%   122 10313s
 1760012 787358   62.00000   64  102   80.00000   51.00000  36.3%   122 10345s
 1762656 788526   78.00000   68   98   80.00000   51.00000  36.3%   122 10376s
 1765653 789724   51.00000   59  195   80.00000   51.00000  36.3%   122 10404s
 1766360 789724   51.00000   53  182   80.00000   51.00000  36.3%   122 10405s
 1768208 790774   78.00000   63   45   80.00000   51.00000  36.3%   122 10428s
 1770561 791819 infeasible   70        80.00000   51.00000  36.3%   122 10456s
 1773351 792901   67.00000   45  109   80.00000   51.00000  36.3%   122 10481s
 1775692 794044   79.00000   64   45   80.00000   51.00000  36.3%   122 10512s
 1778677 795191   61.00000   62  127   80.00000   51.00000  36.3%   122 10543s
 1781448 796194   67.00000   35  134   80.00000   51.00000  36.3%   122 10577s
 1784156 797385   72.00000   74   59   80.00000   51.00000  36.3%   122 10607s
 1787016 798510 infeasible   50        80.00000   51.00000  36.3%   122 10630s
 1789558 799546   61.00000   69   92   80.00000   51.00000  36.3%   122 10654s
 1791914 800639   64.00000   74   96   80.00000   51.00000  36.3%   122 10688s
 1794724 801691   61.00000   48   88   80.00000   51.00000  36.3%   122 10719s
 1797569 802811   68.00000   67   90   80.00000   51.00000  36.3%   122 10750s
 1800477 803941   68.00000   67   91   80.00000   51.00000  36.3%   122 10780s
 1803224 804853   51.00000   48  202   80.00000   51.00000  36.3%   122 10800s

Explored 1805108 nodes (220948863 simplex iterations) in 10800.46 seconds (3368.36 work units)
Thread count was 18 (of 36 available processors)

Solution count 10: 80 81 82 ... 90

Time limit reached
Best objective 8.000000000000e+01, best bound 5.100000000000e+01, gap 36.2500%
