
Gurobi 11.0.0 (win64) logging started Fri May 17 19:15:10 2024

Set parameter LogFile to value "./Results/StripPacking-SequencePairRuns/Logs/SBspL-010-StripPacking-20.log"
Set parameter TimeLimit to value 10800
Set parameter Cuts to value 0
Set parameter Presolve to value 1
Set parameter Heuristics to value 0
Set parameter LPWarmStart to value 2
Gurobi Optimizer version 11.0.0 build v11.0.0rc2 (win64 - Windows 10.0 (19045.2))

CPU model: Intel(R) Core(TM) i9-10980XE CPU @ 3.00GHz, instruction set [SSE2|AVX|AVX2|AVX512]
Thread count: 18 physical cores, 36 logical processors, using up to 18 threads

Optimize a model with 12825 rows, 651 columns and 39650 nonzeros
Model fingerprint: 0x9c65cb96
Variable types: 51 continuous, 600 integer (600 binary)
Coefficient statistics:
  Matrix range     [1e+00, 1e+04]
  Objective range  [1e+00, 1e+00]
  Bounds range     [1e+00, 1e+04]
  RHS range        [5e-01, 1e+04]

Warning: Completing partial solution with 600 unfixed non-continuous variables out of 600
User MIP start did not produce a new incumbent solution

Presolve removed 600 rows and 0 columns
Presolve time: 0.04s
Presolved: 12225 rows, 651 columns, 37850 nonzeros
Variable types: 51 continuous, 600 integer (600 binary)

Root relaxation: objective 3.600000e+01, 2712 iterations, 0.22 seconds (0.36 work units)
Another try with MIP start

    Nodes    |    Current Node    |     Objective Bounds      |     Work
 Expl Unexpl |  Obj  Depth IntInf | Incumbent    BestBd   Gap | It/Node Time

H    0     0                     118.0000000   36.00000  69.5%     -    1s
     0     0   36.00000    0  172  118.00000   36.00000  69.5%     -    1s
     0     0   36.00000    0  172  118.00000   36.00000  69.5%     -    1s
     0     2   36.00000    0  169  118.00000   36.00000  69.5%     -    2s
   232   261   36.00000   11  291  118.00000   36.00000  69.5%   402    5s
* 1006   943              74     115.0000000   36.00000  68.7%   188    6s
* 1686  1505             103     114.0000000   36.00000  68.4%   142    7s
* 1691  1497             105     113.0000000   36.00000  68.1%   142    7s
* 2035  1706             100     112.0000000   36.00000  67.9%   133    7s
* 2040  1683             104     111.0000000   36.00000  67.6%   133    7s
  2724  2153   36.00000   16  148  111.00000   36.00000  67.6%   129   10s
  4067  3128   95.00000   63   42  111.00000   36.00000  67.6%   128   15s
* 4342  3064              79     109.0000000   36.00000  67.0%   124   15s
* 4480  3012              84     108.0000000   36.00000  66.7%   121   15s
* 4533  2897              84     107.0000000   36.00000  66.4%   120   15s
* 4534  2778              84     104.0000000   36.00000  65.4%   120   15s
* 5585  2982              63     102.0000000   36.00000  64.7%   113   16s
* 6022  2937              80     101.0000000   36.00000  64.4%   112   16s
* 6785  3117              70     100.0000000   36.00000  64.0%   112   17s
  8688  4278   97.00000   54   34  100.00000   36.00000  64.0%   110   20s
*10110  4982              78      99.0000000   44.00000  55.6%   109   21s
*12219  6131              94      98.0000000   48.00000  51.0%   105   23s
 13330  6924   92.00000   41   85   98.00000   48.00000  51.0%   104   25s
*14303  7098              92      97.0000000   49.00000  49.5%   103   26s
 17741  8917   96.00000   79   12   97.00000   50.00000  48.5%   102   30s
*19006  8635              80      96.0000000   50.00000  47.9%   102   30s
 22074 11004   81.00000   47   87   96.00000   50.00000  47.9%   100   35s
*24631 11459              87      95.0000000   50.00000  47.4%  98.6   36s
*24789 11395             102      94.0000000   50.00000  46.8%  98.7   37s
 27045 12619   77.00000   33  137   94.00000   53.00000  43.6%  99.2   40s
*29046 13212              64      93.0000000   53.00000  43.0%   100   42s
 31289 14390   92.00000   51   71   93.00000   53.00000  43.0%  99.4   45s
*35528 15777              68      92.0000000   55.00000  40.2%  98.3   49s
 36480 16259   67.00000   29  157   92.00000   55.00000  40.2%  98.5   50s
 39800 18335   77.00000   43   98   92.00000   55.00000  40.2%   100   55s
*42072 17725              93      91.0000000   56.00000  38.5%   101   57s
 44436 19542   60.00000   32  114   91.00000   56.00000  38.5%   101   61s
 48549 21768   84.00000   37   41   91.00000   57.00000  37.4%   100   65s
 53579 24862   86.00000   56   39   91.00000   57.00000  37.4%   101   71s
 57470 27155     cutoff   40        91.00000   57.00000  37.4%   101   76s
 61150 29336 infeasible   89        91.00000   57.00000  37.4%   102   80s
*66308 29155              74      90.0000000   57.00000  36.7%   102   84s
 66810 29966   65.00000   37  190   90.00000   57.00000  36.7%   102   86s
 70317 31751     cutoff   52        90.00000   57.00000  36.7%   103   91s
 73562 33360   88.00000   64   29   90.00000   57.00000  36.7%   105   96s
 77189 35498   60.00000   25  118   90.00000   57.00000  36.7%   107  102s
*77572 32016              78      89.0000000   57.00000  36.0%   106  102s
 81467 34163   71.00000   35   91   89.00000   58.00000  34.8%   107  107s
 85346 36674   82.00000   28  124   89.00000   58.00000  34.8%   108  112s
 89475 38575 infeasible   49        89.00000   58.00000  34.8%   108  116s
 93214 40451 infeasible   61        89.00000   58.00000  34.8%   108  121s
*96711 38102              80      88.0000000   58.00000  34.1%   108  123s
 97023 38771   84.00000   49   89   88.00000   58.00000  34.1%   108  125s
 100990 40603   84.00000   50   70   88.00000   58.00000  34.1%   108  130s
 105282 42797   70.00000   44  118   88.00000   59.00000  33.0%   107  136s
 111433 45469   83.00000   47   72   88.00000   59.00000  33.0%   106  143s
 114794 46607   83.00000   62   36   88.00000   59.00000  33.0%   106  146s
 120218 48697   86.00000   63   44   88.00000   59.00000  33.0%   106  152s
 122573 49665 infeasible   57        88.00000   59.00000  33.0%   105  155s
 127983 51870   76.00000   71   37   88.00000   59.00000  33.0%   105  161s
 133372 54555 infeasible   58        88.00000   59.00000  33.0%   105  168s
 136704 55655   73.00000   58   72   88.00000   59.00000  33.0%   104  171s
 142006 57887     cutoff   60        88.00000   59.00000  33.0%   104  177s
 144831 58916   76.00000   36   67   88.00000   59.00000  33.0%   104  180s
 149995 61066 infeasible   43        88.00000   59.00000  33.0%   104  186s
 155094 63079   78.00000   58   69   88.00000   59.00000  33.0%   104  192s
 157981 64030 infeasible   61        88.00000   59.00000  33.0%   104  195s
 163469 66176   81.00000   48   72   88.00000   59.00000  33.0%   104  202s
 166220 67328 infeasible   74        88.00000   59.00000  33.0%   104  205s
 171668 69448   79.00000   52   74   88.00000   59.00000  33.0%   103  211s
 176689 71695 infeasible   61        88.00000   59.00000  33.0%   104  218s
 179414 72820 infeasible   56        88.00000   59.00000  33.0%   104  221s
 184884 75372   86.00000   62   47   88.00000   59.00000  33.0%   104  228s
 187785 76544   84.00000   51   56   88.00000   59.00000  33.0%   103  231s
 193037 78937 infeasible   70        88.00000   59.00000  33.0%   103  237s
 195581 80177   87.00000   41   72   88.00000   59.00000  33.0%   104  240s
 201121 82425   87.00000   55   30   88.00000   59.00000  33.0%   104  247s
 203976 83469   72.00000   37  110   88.00000   59.00000  33.0%   104  250s
 209234 85933   87.00000   43   62   88.00000   59.00000  33.0%   104  257s
 212189 87172   85.00000   63   40   88.00000   59.00000  33.0%   104  260s
 217375 89609   59.00000   53  112   88.00000   59.00000  33.0%   104  266s
 222406 91782 infeasible   57        88.00000   59.00000  33.0%   104  272s
 225065 93024 infeasible   62        88.00000   59.00000  33.0%   104  276s
 230464 95125     cutoff   51        88.00000   59.00000  33.0%   104  282s
 232904 95976   86.00000   48   62   88.00000   59.00000  33.0%   104  285s
 237857 98123   80.00000   64   34   88.00000   59.00000  33.0%   104  292s
 240597 99425   85.00000   53   51   88.00000   59.00000  33.0%   104  295s
 245974 101852   87.00000   50   56   88.00000   59.00000  33.0%   105  302s
 248805 102839 infeasible   64        88.00000   59.00000  33.0%   105  305s
 254346 105098   78.00000   49   94   88.00000   59.00000  33.0%   105  312s
 257160 106236   83.00000   64   83   88.00000   59.00000  33.0%   105  315s
 262704 108591   76.00000   67  104   88.00000   59.00000  33.0%   105  322s
 265389 109671   86.00000   57   43   88.00000   59.00000  33.0%   105  325s
 270535 111982   83.00000   54   58   88.00000   59.00000  33.0%   105  332s
 273303 113119     cutoff   69        88.00000   59.00000  33.0%   105  335s
 278611 115627 infeasible   50        88.00000   59.00000  33.0%   105  341s
 284152 117956   87.00000   52   73   88.00000   59.00000  33.0%   105  347s
 286798 119071 infeasible   52        88.00000   59.00000  33.0%   105  351s
 292075 121364 infeasible   58        88.00000   59.00000  33.0%   105  357s
 294674 122640 infeasible   64        88.00000   59.00000  33.0%   105  360s
 300247 125134   86.00000   55   64   88.00000   59.00000  33.0%   105  367s
 303034 126206   85.00000   63   70   88.00000   59.00000  33.0%   105  370s
 308470 128409 infeasible   59        88.00000   59.00000  33.0%   105  377s
 311245 129569 infeasible   63        88.00000   59.00000  33.0%   105  380s
 316484 131675   87.00000   53   63   88.00000   59.00000  33.0%   105  386s
 318903 132905     cutoff   52        88.00000   59.00000  33.0%   105  390s
*319679 119481              82      87.0000000   59.00000  32.2%   105  390s
 324532 121420   78.00000   58   45   87.00000   59.00000  32.2%   105  397s
 327126 122597   59.00000   39  132   87.00000   59.00000  32.2%   105  400s
 332296 124931   72.00000   43   83   87.00000   59.00000  32.2%   105  407s
 335056 126131   59.00000   30  145   87.00000   59.00000  32.2%   106  411s
 340480 128330   70.00000   47   96   87.00000   59.00000  32.2%   106  418s
 343040 129478   59.00000   55  137   87.00000   59.00000  32.2%   106  421s
 348160 131822   78.00000   54   91   87.00000   59.00000  32.2%   106  428s
 350896 132844   73.00000   40  104   87.00000   59.00000  32.2%   106  431s
 353605 133888   67.00000   44  101   87.00000   59.00000  32.2%   106  435s
 358892 135782 infeasible   52        87.00000   59.00000  32.2%   106  442s
 361680 136872   86.00000   61    6   87.00000   59.00000  32.2%   107  446s
 366842 138849   79.00000   57   81   87.00000   59.00000  32.2%   107  453s
 369661 139880 infeasible   59        87.00000   59.00000  32.2%   107  456s
 372463 140769 infeasible   57        87.00000   59.00000  32.2%   107  460s
 377739 142823   70.00000   47  104   87.00000   59.00000  32.2%   107  467s
 380434 144176   86.00000   62   67   87.00000   59.00000  32.2%   107  471s
 386045 146343   85.00000   48   27   87.00000   59.00000  32.2%   107  478s
 388857 147310   85.00000   65   17   87.00000   59.00000  32.2%   107  481s
 391475 148299   83.00000   61   47   87.00000   59.00000  32.2%   107  485s
 396635 150293   63.00000   36  118   87.00000   59.00000  32.2%   107  492s
 399396 151443 infeasible   75        87.00000   59.00000  32.2%   108  495s
 404601 153678   83.00000   59   46   87.00000   59.00000  32.2%   108  503s
 407368 154996   85.00000   60   59   87.00000   59.00000  32.2%   108  506s
 410098 156154     cutoff   74        87.00000   59.00000  32.2%   108  510s
 415505 158302   84.00000   53   55   87.00000   59.00000  32.2%   108  517s
 418311 159308     cutoff   54        87.00000   59.00000  32.2%   108  521s
 420753 160477   78.00000   52   49   87.00000   59.00000  32.2%   108  525s
 426307 162834   83.00000   60   45   87.00000   59.00000  32.2%   108  532s
 429075 163938 infeasible   52        87.00000   59.00000  32.2%   108  536s
*430368 148477              87      86.0000000   59.00000  31.4%   108  536s
 434426 150004 infeasible   58        86.00000   59.00000  31.4%   108  543s
 436735 150617 infeasible   56        86.00000   59.00000  31.4%   108  546s
 438800 151761   85.00000   69   21   86.00000   59.00000  31.4%   109  551s
 441851 152945   59.00000   46  134   86.00000   59.00000  31.4%   109  555s
 447671 155168   79.00000   50  109   86.00000   59.00000  31.4%   109  563s
 450663 156162 infeasible   66        86.00000   59.00000  31.4%   109  567s
 453502 157071 infeasible   47        86.00000   59.00000  31.4%   109  571s
 455976 158291   68.00000   55  108   86.00000   59.00000  31.4%   109  575s
 461456 160209   81.00000   53   70   86.00000   59.00000  31.4%   109  582s
 464003 161287   79.00000   54   61   86.00000   59.00000  31.4%   109  586s
 466728 162330   78.00000   58   48   86.00000   59.00000  31.4%   109  590s
 472072 164472   84.00000   63   47   86.00000   59.00000  31.4%   110  597s
 474807 165469   81.00000   58   75   86.00000   59.00000  31.4%   110  601s
 477576 166501   78.00000   52   76   86.00000   59.00000  31.4%   110  605s
 482584 168670   85.00000   50   43   86.00000   59.00000  31.4%   110  612s
 485108 169640   80.00000   54   76   86.00000   59.00000  31.4%   110  615s
 490237 171318   81.00000   54   70   86.00000   59.00000  31.4%   110  623s
 492958 172278   77.00000   46  116   86.00000   59.00000  31.4%   110  627s
 495742 173368 infeasible   51        86.00000   59.00000  31.4%   110  631s
 498477 174576 infeasible   50        86.00000   59.00000  31.4%   110  635s
 503815 176373   78.00000   43   82   86.00000   59.00000  31.4%   110  642s
 506467 177190 infeasible   57        86.00000   59.00000  31.4%   111  646s
 508686 178387   84.00000   53  100   86.00000   59.00000  31.4%   111  650s
 514384 180449   59.00000   45  136   86.00000   59.00000  31.4%   111  658s
 517007 181431   85.00000   59   31   86.00000   59.00000  31.4%   111  662s
 519883 182509   81.00000   73   36   86.00000   59.00000  31.4%   111  666s
 522599 183631   59.00000   33  144   86.00000   59.00000  31.4%   111  670s
 525397 184899   82.00000   49   94   86.00000   59.00000  31.4%   111  675s
 530686 186961   84.00000   48   43   86.00000   59.00000  31.4%   111  682s
 533404 188005 infeasible   63        86.00000   59.00000  31.4%   111  687s
 536149 188911   84.00000   46   68   86.00000   59.00000  31.4%   111  691s
 538966 190109   85.00000   50   34   86.00000   59.00000  31.4%   111  695s
 544715 192550   77.00000   56   68   86.00000   59.00000  31.4%   112  704s
 547952 193576 infeasible   57        86.00000   59.00000  31.4%   111  708s
 550467 194481   78.00000   35  121   86.00000   59.00000  31.4%   112  711s
 552977 195633   82.00000   74   48   86.00000   59.00000  31.4%   112  715s
 558124 197703 infeasible   47        86.00000   59.00000  31.4%   112  723s
 560911 198772   82.00000   65  102   86.00000   59.00000  31.4%   112  727s
 563637 199818   78.00000   41  100   86.00000   59.00000  31.4%   112  731s
 566186 200806   84.00000   40  103   86.00000   59.00000  31.4%   112  735s
 568861 201744 infeasible   55        86.00000   59.00000  31.4%   112  740s
 574374 203508   67.00000   41  134   86.00000   59.00000  31.4%   112  748s
 576694 204622   85.00000   46   67   86.00000   59.00000  31.4%   112  752s
 579433 205880   71.00000   41  109   86.00000   59.00000  31.4%   112  756s
 582234 206981   78.00000   53   71   86.00000   59.00000  31.4%   112  761s
 585000 208301   68.00000   47   92   86.00000   59.00000  31.4%   112  765s
 590650 210544   60.47925   49  117   86.00000   59.00000  31.4%   112  774s
 593587 211620 infeasible   55        86.00000   59.00000  31.4%   112  778s
 596253 212434 infeasible   65        86.00000   59.00000  31.4%   112  782s
 598853 213423   83.00000   43   59   86.00000   59.00000  31.4%   113  786s
 601402 214366   85.00000   59   41   86.00000   59.00000  31.4%   113  790s
 606447 216411   85.00000   69   29   86.00000   59.00000  31.4%   113  798s
 608915 217521   83.00000   62   24   86.00000   59.00000  31.4%   113  803s
 611562 218586   82.00000   43  106   86.00000   59.00000  31.4%   113  807s
 614464 219622   78.00000   57   78   86.00000   59.00000  31.4%   113  812s
 617212 220838   84.00000   53   60   86.00000   59.00000  31.4%   113  816s
 620089 221865   78.00000   46  134   86.00000   59.00000  31.4%   113  820s
 622454 222855   85.00000   49   36   86.00000   59.00000  31.4%   113  825s
 627686 225076   79.00000   55   91   86.00000   59.00000  31.4%   113  834s
 630535 226018   61.45726   50  103   86.00000   59.00000  31.4%   113  839s
 633586 226777 infeasible   54        86.00000   59.00000  31.4%   113  844s
 636277 227819   59.00000   44  140   86.00000   59.00000  31.4%   113  848s
 639109 228904   82.00000   48   84   86.00000   59.00000  31.4%   113  853s
 641748 229779   85.00000   64   52   86.00000   59.00000  31.4%   114  857s
 644205 230760   84.00000   44   73   86.00000   59.00000  31.4%   114  861s
 646877 231803 infeasible   46        86.00000   59.00000  31.4%   114  866s
 649592 232713   79.00000   49   76   86.00000   59.00000  31.4%   114  871s
 652197 233767   59.00000   52  151   86.00000   59.00000  31.4%   114  875s
 654964 234763   81.00000   40  123   86.00000   59.00000  31.4%   114  880s
 657571 235962 infeasible   61        86.00000   59.00000  31.4%   114  885s
 663040 237877   84.00000   31  123   86.00000   59.00000  31.4%   114  894s
 665621 238842   85.00000   55   32   86.00000   59.00000  31.4%   114  898s
 668198 239781   67.00000   45  134   86.00000   59.00000  31.4%   114  903s
 670776 240895 infeasible   65        86.00000   59.00000  31.4%   114  907s
 673626 242296   80.00000   51   61   86.00000   59.00000  31.4%   114  913s
 676838 243522   78.00000   51   74   86.00000   59.00000  31.4%   114  918s
 679811 244809 infeasible   70        86.00000   59.00000  31.4%   114  923s
 682901 245856   83.00000   48  111   86.00000   59.00000  31.4%   114  927s
 685627 246807 infeasible   56        86.00000   59.00000  31.4%   114  931s
 688191 247800   85.00000   61   46   86.00000   59.00000  31.4%   114  936s
 690651 248735   80.00000   50  100   86.00000   59.00000  31.4%   114  940s
 693122 249832   77.00000   44   99   86.00000   59.00000  31.4%   114  945s
 698278 251799 infeasible   50        86.00000   59.00000  31.4%   114  954s
 701159 252979   83.00000   53   56   86.00000   59.00000  31.4%   114  959s
 704031 254184   85.00000   65   20   86.00000   59.00000  31.4%   114  964s
 706919 255289   81.00000   59   81   86.00000   59.00000  31.4%   114  969s
 709549 256279   76.00000   44   53   86.00000   59.00000  31.4%   114  974s
 711995 257158   59.00000   50  140   86.00000   59.00000  31.4%   114  978s
 714480 258173   79.00000   44   81   86.00000   59.00000  31.4%   115  982s
 717150 259072 infeasible   56        86.00000   59.00000  31.4%   115  987s
 719590 260193 infeasible   39        86.00000   59.00000  31.4%   115  991s
 722195 261413   84.00000   50   59   86.00000   59.00000  31.4%   115  997s
 724805 262511   85.00000   57   23   86.00000   59.00000  31.4%   115 1002s
 727849 263634   76.00000   45   86   86.00000   59.00000  31.4%   115 1007s
 730629 264731   85.00000   44   45   86.00000   59.00000  31.4%   115 1013s
 733418 265820 infeasible   55        86.00000   59.00000  31.4%   115 1017s
 736045 266584   85.00000   69   40   86.00000   59.00000  31.4%   115 1022s
 738332 267645   73.00000   36   91   86.00000   59.00000  31.4%   115 1027s
 741031 268765   83.00000   64   34   86.00000   59.00000  31.4%   115 1032s
 743659 269933     cutoff   63        86.00000   59.00000  31.4%   115 1037s
 746474 270985   76.00000   50  100   86.00000   59.00000  31.4%   115 1043s
 749050 272144   81.00000   47   91   86.00000   59.00000  31.4%   115 1048s
 751897 273135   84.00000   63   26   86.00000   59.00000  31.4%   115 1054s
 754894 274166   85.00000   56   99   86.00000   59.00000  31.4%   115 1059s
 757711 275125   80.00000   66   77   86.00000   59.00000  31.4%   115 1065s
 760278 276052   83.00000   53   58   86.00000   59.00000  31.4%   115 1070s
 762893 276974   78.00000   38  176   86.00000   59.00000  31.4%   115 1075s
 765528 277858 infeasible   52        86.00000   59.00000  31.4%   116 1080s
 768143 279066   84.00000   53   52   86.00000   59.00000  31.4%   116 1085s
 770965 280267   71.00000   33  135   86.00000   59.00000  31.4%   116 1090s
 773653 281569     cutoff   53        86.00000   59.00000  31.4%   116 1096s
 776392 282879 infeasible   71        86.00000   59.00000  31.4%   116 1102s
 779184 284024     cutoff   48        86.00000   59.00000  31.4%   116 1107s
 781989 284937 infeasible   52        86.00000   59.00000  31.4%   116 1112s
 784567 286001   72.00000   54  105   86.00000   59.00000  31.4%   116 1118s
 787305 286972   68.00000   51  118   86.00000   59.00000  31.4%   116 1122s
 789682 288138   81.00000   52   66   86.00000   59.00000  31.4%   116 1128s
 792442 289309 infeasible   71        86.00000   59.00000  31.4%   116 1133s
 795133 290317   85.00000   50   82   86.00000   59.00000  31.4%   116 1138s
 797841 291162   83.00000   40   70   86.00000   59.00000  31.4%   116 1144s
 800511 292241     cutoff   44        86.00000   59.00000  31.4%   116 1149s
 803146 293275   69.00000   59   59   86.00000   59.00000  31.4%   116 1154s
 805633 294328   85.00000   64   11   86.00000   59.00000  31.4%   116 1159s
 808220 295341   82.00000   54   84   86.00000   59.00000  31.4%   116 1164s
 810703 296439   63.00000   51  106   86.00000   59.00000  31.4%   116 1169s
 813285 297427   85.00000   61   33   86.00000   59.00000  31.4%   116 1175s
 816232 298216   85.00000   46   20   86.00000   59.00000  31.4%   116 1181s
 818777 299200   84.00000   56   60   86.00000   59.00000  31.4%   116 1186s
 821497 300380   85.00000   41   73   86.00000   59.00000  31.4%   116 1192s
 824180 301471   82.00000   49   83   86.00000   59.00000  31.4%   116 1197s
 826927 302548   81.00000   55   46   86.00000   59.00000  31.4%   116 1203s
 829680 303614   83.00000   57   86   86.00000   59.00000  31.4%   116 1209s
 832390 304636   69.00000   38  113   86.00000   59.00000  31.4%   116 1214s
 834783 305749     cutoff   41        86.00000   59.00000  31.4%   116 1219s
 837423 306765   84.00000   51   78   86.00000   59.00000  31.4%   116 1224s
 839939 307926   83.00000   59   50   86.00000   59.00000  31.4%   116 1230s
 842618 308926 infeasible   73        86.00000   59.00000  31.4%   116 1235s
 845036 309885   81.00000   40  105   86.00000   59.00000  31.4%   116 1240s
 847642 310771   79.00000   65   49   86.00000   59.00000  31.4%   117 1246s
 850149 311738   84.00000   48   93   86.00000   59.00000  31.4%   117 1250s
 852574 312770 infeasible   72        86.00000   59.00000  31.4%   117 1255s
 854849 313755 infeasible   60        86.00000   59.00000  31.4%   117 1261s
 857408 314827   81.00000   42  101   86.00000   59.00000  31.4%   117 1267s
 860292 315961 infeasible   55        86.00000   59.00000  31.4%   117 1274s
 863235 317040 infeasible   44        86.00000   59.00000  31.4%   117 1281s
 866089 318045 infeasible   49        86.00000   59.00000  31.4%   117 1286s
 868540 319007   82.00000   51  101   86.00000   59.00000  31.4%   117 1291s
 870863 320213 infeasible   50        86.00000   59.00000  31.4%   117 1297s
 873510 321297   78.00000   54  103   86.00000   59.00000  31.4%   117 1303s
 876172 322106   85.00000   61   28   86.00000   59.00000  31.4%   117 1308s
*877708 280034              91      85.0000000   59.00000  30.6%   117 1309s
 878685 280549 infeasible   43        85.00000   59.00000  30.6%   117 1313s
 880822 281565   81.00000   44   63   85.00000   59.00000  30.6%   117 1319s
 883451 282529   72.00000   48   97   85.00000   59.00000  30.6%   117 1326s
 886159 283574   77.00000   42  101   85.00000   59.00000  30.6%   118 1332s
 888864 284731   84.00000   45  129   85.00000   59.00000  30.6%   118 1339s
 891726 285846 infeasible   58        85.00000   59.00000  30.6%   118 1346s
 894617 286919   76.00000   46   62   85.00000   59.00000  30.6%   118 1353s
 897334 287910 infeasible   46        85.00000   59.00000  30.6%   118 1358s
 899863 288735 infeasible   65        85.00000   59.00000  30.6%   118 1363s
 902177 289988 infeasible   35        85.00000   59.00000  30.6%   118 1369s
 904703 291318   79.00000   65   29   85.00000   59.00000  30.6%   118 1375s
 907429 292246   78.00000   41  116   85.00000   59.00000  30.6%   118 1381s
 910144 293250   59.00000   43  159   85.00000   59.00000  30.6%   118 1386s
 912493 294229 infeasible   55        85.00000   59.00000  30.6%   118 1391s
 914859 295287     cutoff   56        85.00000   59.00000  30.6%   118 1397s
 917600 296377   83.00000   60   58   85.00000   59.00000  30.6%   118 1404s
 920370 297589   80.00000   56   91   85.00000   59.00000  30.6%   118 1411s
 923379 298295   82.00000   63   41   85.00000   59.00000  30.6%   118 1415s
 925448 299244 infeasible   58        85.00000   59.00000  30.6%   119 1421s
 928045 300438 infeasible   40        85.00000   59.00000  30.6%   119 1428s
 931027 301487   82.00000   53   34   85.00000   59.00000  30.6%   119 1436s
 933832 302800   81.00000   49   91   85.00000   59.00000  30.6%   119 1443s
 936929 304236   80.00000   43   77   85.00000   59.00000  30.6%   119 1452s
 940529 305366   81.00000   41  114   85.00000   59.00000  30.6%   119 1459s
 943496 306377 infeasible   48        85.00000   59.00000  30.6%   119 1466s
 946316 307149   70.00000   64   90   85.00000   59.00000  30.6%   119 1471s
 948612 308215 infeasible   71        85.00000   59.00000  30.6%   119 1478s
 951572 309126   82.00000   69   39   85.00000   59.00000  30.6%   119 1485s
 954392 309994     cutoff   48        85.00000   59.00000  30.6%   119 1491s
 957203 310888   79.00000   53   55   85.00000   59.00000  30.6%   119 1496s
 959529 311656 infeasible   60        85.00000   59.00000  30.6%   119 1502s
 961775 312658   68.00000   45  124   85.00000   59.00000  30.6%   119 1508s
 964558 313455   79.00000   37   81   85.00000   59.00000  30.6%   119 1514s
 967224 314751   81.00000   61   63   85.00000   59.00000  30.6%   119 1520s
 970048 315954   78.00000   46   72   85.00000   59.00000  30.6%   119 1528s
 972963 317144   84.00000   50   70   85.00000   59.00000  30.6%   119 1534s
 975748 318093   80.00000   54   92   85.00000   59.00000  30.6%   119 1539s
 977971 319077 infeasible   62        85.00000   59.00000  30.6%   119 1543s
 980287 319927   71.00000   37  135   85.00000   59.00000  30.6%   119 1548s
 982722 320876   79.00000   44   70   85.00000   59.00000  30.6%   119 1553s
 984990 321891   72.00000   53   86   85.00000   59.00000  30.6%   119 1559s
 987345 322868   81.00000   55   54   85.00000   59.00000  30.6%   119 1564s
 989236 322868   82.00000   59   66   85.00000   59.00000  30.6%   119 1565s
 989821 323771   62.00000   42  116   85.00000   59.00000  30.6%   119 1570s
 992251 324659 infeasible   54        85.00000   59.00000  30.6%   119 1575s
 994466 325818   84.00000   55   47   85.00000   59.00000  30.6%   119 1582s
 997177 326752   76.00000   55   93   85.00000   59.00000  30.6%   120 1588s
 999604 327984   80.00000   46  108   85.00000   59.00000  30.6%   120 1596s
 1002473 329153   69.00000   47  162   85.00000   59.00000  30.6%   120 1603s
 1005409 330223   76.00000   43  110   85.00000   59.00000  30.6%   120 1610s
 1008137 331057 infeasible   52        85.00000   59.00000  30.6%   120 1616s
 1010600 332120 infeasible   53        85.00000   59.00000  30.6%   120 1623s
 1013332 333254 infeasible   70        85.00000   59.00000  30.6%   120 1631s
 1016484 334227   78.00000   45   60   85.00000   59.00000  30.6%   120 1636s
 1018828 335178   79.00000   46   62   85.00000   59.00000  30.6%   120 1642s
 1021149 336181   84.00000   50   53   85.00000   59.00000  30.6%   120 1648s
 1023605 337198   77.00000   34   98   85.00000   59.00000  30.6%   120 1654s
 1026159 338210   82.00000   53   88   85.00000   59.00000  30.6%   120 1662s
 1029193 339264   76.00000   45   90   85.00000   59.00000  30.6%   120 1668s
 1031781 340298   83.00000   54   66   85.00000   59.00000  30.6%   120 1675s
 1034379 341279   84.00000   50   74   85.00000   59.00000  30.6%   121 1683s
 1037178 342136   83.00000   59   86   85.00000   59.00000  30.6%   121 1689s
 1039740 342965   61.00000   50  159   85.00000   59.00000  30.6%   121 1694s
 1041756 344123   78.00000   40   86   85.00000   59.00000  30.6%   121 1702s
 1044724 345424     cutoff   44        85.00000   59.00000  30.6%   121 1709s
 1047706 346590 infeasible   55        85.00000   59.00000  30.6%   121 1718s
 1050614 347683   80.00000   43  105   85.00000   59.00000  30.6%   121 1724s
 1053254 348630   83.00000   61   34   85.00000   59.00000  30.6%   121 1730s
 1055833 349624 infeasible   55        85.00000   59.00000  30.6%   121 1736s
 1058351 350837     cutoff   55        85.00000   59.00000  30.6%   121 1744s
 1061105 351921   69.00000   43  140   85.00000   59.00000  30.6%   121 1752s
 1063971 353053   82.00000   54   54   85.00000   59.00000  30.6%   121 1758s
 1066430 354254   80.00000   60   57   85.00000   59.00000  30.6%   121 1765s
 1069320 355200   84.00000   57   99   85.00000   59.00000  30.6%   121 1770s
 1071711 356185   69.00000   48  112   85.00000   59.00000  30.6%   121 1776s
 1074103 357022   81.00000   51   91   85.00000   59.00000  30.6%   121 1782s
 1076353 357931 infeasible   54        85.00000   59.00000  30.6%   121 1787s
 1078626 358949   76.00000   45  107   85.00000   59.00000  30.6%   121 1793s
 1081232 359800   80.00000   42   74   85.00000   59.00000  30.6%   122 1799s
 1083800 360682   84.00000   54   53   85.00000   59.00000  30.6%   122 1806s
 1086306 361479 infeasible   50        85.00000   59.00000  30.6%   122 1811s
 1088513 362479     cutoff   64        85.00000   59.00000  30.6%   122 1818s
 1091100 363460   76.00000   46   89   85.00000   59.00000  30.6%   122 1823s
 1093513 364231   73.00000   50  100   85.00000   59.00000  30.6%   122 1828s
 1095771 365000 infeasible   45        85.00000   59.00000  30.6%   122 1833s
 1097870 365889   76.00000   35  104   85.00000   59.00000  30.6%   122 1838s
 1100078 366766     cutoff   56        85.00000   59.00000  30.6%   122 1844s
 1102516 367646 infeasible   58        85.00000   59.00000  30.6%   122 1850s
 1104773 368503   81.00000   54  125   85.00000   59.00000  30.6%   122 1855s
 1107050 369472   83.00000   50   73   85.00000   59.00000  30.6%   122 1862s
 1109798 370325   76.00000   43  123   85.00000   59.00000  30.6%   122 1867s
 1112046 371287     cutoff   67        85.00000   59.00000  30.6%   122 1871s
 1114266 372119   84.00000   65   63   85.00000   59.00000  30.6%   122 1876s
 1116198 372976 infeasible   51        85.00000   59.00000  30.6%   122 1881s
 1118226 373827   81.00000   57   97   85.00000   59.00000  30.6%   122 1886s
 1120537 374738   78.00000   42  126   85.00000   59.00000  30.6%   122 1891s
 1122835 375696 infeasible   49        85.00000   59.00000  30.6%   122 1896s
 1124948 376699   83.00000   51   77   85.00000   59.00000  30.6%   122 1901s
 1127107 377709   82.00000   57   44   85.00000   59.00000  30.6%   122 1907s
 1129553 378614   81.00000   38   84   85.00000   59.00000  30.6%   122 1913s
 1131908 379307   78.00000   52  119   85.00000   59.00000  30.6%   122 1917s
 1133723 380190     cutoff   54        85.00000   59.00000  30.6%   122 1923s
 1135878 381175   82.00000   58   73   85.00000   59.00000  30.6%   123 1929s
 1138341 382021   82.00000   70   44   85.00000   59.00000  30.6%   123 1934s
 1140592 382878   84.00000   59   38   85.00000   59.00000  30.6%   123 1939s
 1142788 383882   75.00000   69   45   85.00000   59.00000  30.6%   123 1945s
 1145081 384740 infeasible   65        85.00000   59.00000  30.6%   123 1951s
 1147456 385595     cutoff   62        85.00000   59.00000  30.6%   123 1957s
 1149952 386490   84.00000   68  100   85.00000   59.00000  30.6%   123 1962s
 1152113 387340   81.00000   52   27   85.00000   59.00000  30.6%   123 1967s
 1154016 387997     cutoff   53        85.00000   59.00000  30.6%   123 1972s
 1155766 388703 infeasible   54        85.00000   59.00000  30.6%   123 1977s
 1157811 389422   78.00000   44   87   85.00000   59.00000  30.6%   123 1982s
 1159797 390189 infeasible   55        85.00000   59.00000  30.6%   123 1986s
 1161551 391149     cutoff   52        85.00000   59.00000  30.6%   123 1992s
 1163651 391988     cutoff   42        85.00000   59.00000  30.6%   123 1997s
 1165776 392823   67.00000   40  140   85.00000   59.00000  30.6%   123 2002s
 1167692 393646   64.00000   32  144   85.00000   59.00000  30.6%   123 2007s
 1169631 394398 infeasible   69        85.00000   59.00000  30.6%   123 2012s
 1171711 395268   76.00000   40   81   85.00000   59.00000  30.6%   123 2017s
 1173837 396077   84.00000   62   34   85.00000   59.00000  30.6%   123 2022s
 1175662 396768 infeasible   57        85.00000   59.00000  30.6%   124 2026s
 1177353 397547 infeasible   52        85.00000   59.00000  30.6%   124 2031s
 1179344 398380   73.00000   48   95   85.00000   59.00000  30.6%   124 2036s
 1181318 399002   80.00000   41   91   85.00000   59.00000  30.6%   124 2041s
 1183043 399678 infeasible   56        85.00000   59.00000  30.6%   124 2045s
 1184841 400299   82.00000   47   69   85.00000   59.00000  30.6%   124 2050s
 1188252 401629   83.00000   35   70   85.00000   59.00000  30.6%   124 2059s
 1189965 402338   84.00000   44   71   85.00000   59.00000  30.6%   124 2063s
 1191785 402937   67.00000   36  101   85.00000   59.00000  30.6%   124 2068s
 1193530 403656   84.00000   42   87   85.00000   59.00000  30.6%   124 2073s
 1195659 404270   83.00000   69   45   85.00000   59.00000  30.6%   124 2079s
 1197527 404802 infeasible   53        85.00000   59.16907  30.4%   124 2083s
 1199266 405403 infeasible   48        85.00000   59.18785  30.4%   124 2088s
 1201006 406063   78.00000   41   84   85.00000   59.58238  29.9%   124 2093s
 1202926 406901   81.00000   56   57   85.00000   59.88016  29.6%   124 2100s
 1205233 407745   79.00000   50   92   85.00000   60.00000  29.4%   124 2110s
 1208146 408638   84.00000   50   59   85.00000   60.00000  29.4%   124 2117s
 1210632 409712   82.00000   53   68   85.00000   60.00000  29.4%   124 2125s
 1213331 410674   84.00000   45   75   85.00000   60.00000  29.4%   124 2133s
 1216016 411669 infeasible   52        85.00000   60.00000  29.4%   124 2141s
 1218556 412649   82.00000   41   96   85.00000   60.00000  29.4%   124 2150s
 1221284 413490   76.00000   56   78   85.00000   60.00000  29.4%   124 2158s
 1223778 414512 infeasible   53        85.00000   60.00000  29.4%   124 2167s
 1226552 415460 infeasible   59        85.00000   60.00000  29.4%   124 2176s
 1229415 416378   83.00000   54   34   85.00000   60.00000  29.4%   124 2183s
 1231944 417421   60.00000   36  122   85.00000   60.00000  29.4%   124 2193s
 1234854 418382   78.00000   51  125   85.00000   60.00000  29.4%   124 2202s
 1237405 419295 infeasible   55        85.00000   60.00000  29.4%   124 2211s
 1240302 420462   79.00000   53   74   85.00000   60.00000  29.4%   124 2219s
 1243100 421512   79.00000   56   82   85.00000   60.00000  29.4%   124 2227s
 1245734 422539   75.00000   42   65   85.00000   60.00000  29.4%   124 2235s
 1248345 423565   83.00000   54   63   85.00000   60.00000  29.4%   124 2244s
 1250978 424724 infeasible   43        85.00000   60.00000  29.4%   124 2253s
 1253824 425723   78.00000   48   66   85.00000   60.00000  29.4%   124 2263s
 1256725 426761   60.00000   44  117   85.00000   60.00000  29.4%   124 2271s
 1259356 427865 infeasible   48        85.00000   60.00000  29.4%   124 2280s
 1262246 428809   60.00000   42   98   85.00000   60.00000  29.4%   124 2289s
 1264140 428809   83.00000   47   57   85.00000   60.00000  29.4%   124 2290s
 1264901 429918     cutoff   54        85.00000   60.00000  29.4%   124 2298s
 1267603 430860   84.00000   57   37   85.00000   60.00000  29.4%   124 2306s
 1270287 431751   83.00000   46   45   85.00000   60.00000  29.4%   124 2314s
 1273022 432909     cutoff   42        85.00000   60.00000  29.4%   124 2323s
 1275741 433922 infeasible   51        85.00000   60.00000  29.4%   124 2331s
 1278266 434824   80.00000   49   61   85.00000   60.00000  29.4%   124 2339s
 1281010 435863 infeasible   63        85.00000   60.00000  29.4%   124 2347s
 1283682 436738   79.00000   55   60   85.00000   60.00000  29.4%   124 2355s
 1286478 437548   78.00000   41   90   85.00000   60.00000  29.4%   124 2363s
 1288945 438556   84.00000   47   42   85.00000   60.00000  29.4%   124 2373s
 1291674 439415   82.00000   42   42   85.00000   60.00000  29.4%   124 2382s
 1294253 440270   79.00000   53   98   85.00000   60.00000  29.4%   124 2389s
 1296787 441167 infeasible   53        85.00000   60.00000  29.4%   124 2398s
 1299530 442152 infeasible   64        85.00000   60.00000  29.4%   124 2407s
 1302119 443191   77.00000   47   52   85.00000   60.00000  29.4%   124 2416s
 1304843 444299   60.00000   35  119   85.00000   60.00000  29.4%   124 2424s
 1307592 445461 infeasible   46        85.00000   60.00000  29.4%   124 2434s
 1310617 446388   76.00000   48   67   85.00000   60.00000  29.4%   124 2443s
 1313172 447412   79.00000   41   51   85.00000   60.00000  29.4%   124 2451s
 1315797 448438   84.00000   55   38   85.00000   60.00000  29.4%   124 2461s
 1318626 449632   84.00000   44   96   85.00000   60.00000  29.4%   124 2471s
 1321696 450586     cutoff   53        85.00000   60.00000  29.4%   124 2479s
 1324176 451508   82.00000   43   92   85.00000   60.00000  29.4%   125 2487s
 1326844 452592   78.00000   49   99   85.00000   60.00000  29.4%   125 2499s
 1329682 454185   81.00000   40   98   85.00000   60.00000  29.4%   124 2515s
 1333335 455608   78.00000   56   54   85.00000   60.00000  29.4%   124 2528s
 1336633 456461 infeasible   63        85.00000   60.00000  29.4%   124 2533s
 1338692 457462   79.00000   44  128   85.00000   60.00000  29.4%   124 2541s
 1341139 458499   82.00000   43   70   85.00000   60.00000  29.4%   124 2548s
 1343737 459424   82.00000   58   63   85.00000   60.00000  29.4%   124 2557s
 1346342 460407   79.00000   51   60   85.00000   60.00000  29.4%   124 2566s
 1349001 461490   78.00000   50   72   85.00000   60.00000  29.4%   124 2578s
 1352079 462533 infeasible   58        85.00000   60.00000  29.4%   124 2587s
 1354947 463568   82.00000   69   43   85.00000   60.00000  29.4%   124 2595s
 1357488 464516   64.00000   38  107   85.00000   60.00000  29.4%   124 2603s
 1359799 465850   79.00000   41   73   85.00000   60.00000  29.4%   124 2615s
 1362991 467065   60.00000   36  148   85.00000   60.00000  29.4%   124 2627s
 1366082 468108   84.00000   54   21   85.00000   60.00000  29.4%   124 2635s
 1368583 469146   82.00000   49   88   85.00000   60.00000  29.4%   124 2645s
 1371401 470226 infeasible   46        85.00000   60.00000  29.4%   124 2653s
 1373910 471254 infeasible   47        85.00000   60.00000  29.4%   124 2661s
 1376558 472300   83.00000   43   79   85.00000   60.00000  29.4%   124 2672s
 1379438 473194   81.00000   54   39   85.00000   60.00000  29.4%   124 2680s
 1381888 474306   78.00000   53   68   85.00000   60.00000  29.4%   124 2691s
 1384707 475192   75.00000   41   69   85.00000   60.00000  29.4%   124 2700s
 1387432 476114   71.00000   36  139   85.00000   60.00000  29.4%   124 2708s
 1390060 477334 infeasible   58        85.00000   60.00000  29.4%   124 2721s
 1393086 478658 infeasible   55        85.00000   60.00000  29.4%   124 2732s
 1395969 479855   73.00000   38  106   85.00000   60.00000  29.4%   124 2741s
 1398725 481058 infeasible   66        85.00000   60.00000  29.4%   124 2753s
 1401554 482671   79.00000   55   67   85.00000   60.00000  29.4%   124 2766s
 1404757 483928   82.00000   43   62   85.00000   60.00000  29.4%   124 2775s
 1407483 485223   77.00000   42   94   85.00000   60.00000  29.4%   124 2786s
 1410318 486455     cutoff   50        85.00000   60.00000  29.4%   124 2795s
 1412923 487598     cutoff   57        85.00000   60.00000  29.4%   124 2804s
*1413000 438563              63      84.0000000   60.00000  28.6%   124 2804s
 1415386 438563   82.00000   44   77   84.00000   60.00000  28.6%   124 2805s
 1415620 439706 infeasible   53        84.00000   60.00000  28.6%   124 2813s
 1418220 441028   73.00000   37  122   84.00000   60.00000  28.6%   124 2828s
 1421669 442056   83.00000   65   24   84.00000   60.00000  28.6%   124 2839s
 1424534 443040   78.00000   53   81   84.00000   60.00000  28.6%   124 2848s
 1427241 444044   81.00000   44   98   84.00000   60.00000  28.6%   124 2856s
 1429891 444959   60.00000   44  134   84.00000   60.00000  28.6%   124 2865s
 1432376 445847   82.00000   53  117   84.00000   60.00000  28.6%   124 2873s
 1434876 446645     cutoff   52        84.00000   60.00000  28.6%   124 2883s
 1437655 447527   72.00000   37  108   84.00000   60.00000  28.6%   124 2894s
 1440388 448358 infeasible   52        84.00000   60.00000  28.6%   124 2904s
 1443026 449213   74.00000   52   93   84.00000   60.00000  28.6%   124 2913s
 1445502 450076   60.00000   47   88   84.00000   60.00000  28.6%   124 2922s
 1448139 450862   60.00000   42  137   84.00000   60.00000  28.6%   124 2930s
 1450632 451810 infeasible   55        84.00000   60.00000  28.6%   124 2939s
 1453314 452917 infeasible   53        84.00000   60.00000  28.6%   124 2949s
 1456085 453859   80.00000   48   52   84.00000   60.00000  28.6%   124 2959s
 1458627 454693   81.00000   33   74   84.00000   60.00000  28.6%   124 2968s
 1461329 455863 infeasible   51        84.00000   60.00000  28.6%   124 2982s
 1464466 456770   79.00000   69   29   84.00000   60.00000  28.6%   124 2992s
 1467040 457900   82.00000   45   79   84.00000   60.00000  28.6%   124 3002s
 1469730 458961   73.00000   40   91   84.00000   60.00000  28.6%   124 3012s
 1472430 459941   83.00000   54   49   84.00000   60.00000  28.6%   124 3021s
 1475007 460954 infeasible   51        84.00000   60.00000  28.6%   124 3031s
 1477743 461885   78.00000   45  122   84.00000   60.00000  28.6%   124 3041s
 1480473 462784   82.00000   44   75   84.00000   60.00000  28.6%   124 3051s
 1483193 463690   60.00000   51  139   84.00000   60.00000  28.6%   124 3061s
 1485957 464780   83.00000   47   50   84.00000   60.00000  28.6%   124 3069s
 1488622 466046   79.00000   42   46   84.00000   60.00000  28.6%   124 3078s
 1491251 467706   60.00000   38  135   84.00000   60.00000  28.6%   124 3093s
 1494537 469234   60.00000   35  108   84.00000   60.00000  28.6%   124 3106s
 1497756 470500   82.00000   51   41   84.00000   60.00000  28.6%   124 3117s
 1500416 471743   60.00000   40  106   84.00000   60.00000  28.6%   124 3128s
 1503136 473154   79.00000   40   69   84.00000   60.00000  28.6%   124 3139s
 1506125 474254   82.00000   46   76   84.00000   60.00000  28.6%   124 3149s
 1508729 475356 infeasible   52        84.00000   60.00000  28.6%   124 3159s
 1511307 476488 infeasible   57        84.00000   60.00000  28.6%   124 3169s
 1513984 477571 infeasible   56        84.00000   60.00000  28.6%   124 3178s
 1516391 478995   83.00000   55   40   84.00000   60.00000  28.6%   124 3192s
 1519592 480053 infeasible   39        84.00000   60.00000  28.6%   124 3201s
 1522088 481182   80.00000   49   46   84.00000   60.00000  28.6%   124 3209s
 1524700 482483     cutoff   48        84.00000   60.00000  28.6%   124 3221s
 1527657 483885   82.00000   53   65   84.00000   60.00000  28.6%   124 3235s
 1530836 485039 infeasible   65        84.00000   60.00000  28.6%   124 3245s
 1533580 486245   77.00000   52   71   84.00000   60.00000  28.6%   124 3256s
 1536397 487228   81.00000   52   56   84.00000   60.00000  28.6%   124 3266s
 1539067 488469 infeasible   59        84.00000   60.00000  28.6%   124 3279s
 1542252 489377   83.00000   55   48   84.00000   60.00000  28.6%   124 3287s
 1544637 490373 infeasible   48        84.00000   60.00000  28.6%   124 3296s
 1547083 491395 infeasible   63        84.00000   60.00000  28.6%   124 3305s
 1549548 492386     cutoff   52        84.00000   60.00000  28.6%   124 3314s
 1552062 493446     cutoff   53        84.00000   60.00000  28.6%   124 3324s
 1554669 494495 infeasible   49        84.00000   60.00000  28.6%   124 3332s
 1557224 495633   80.00000   35   93   84.00000   60.00000  28.6%   124 3342s
 1559973 496700 infeasible   48        84.00000   60.00000  28.6%   124 3354s
 1562731 497880 infeasible   50        84.00000   60.00000  28.6%   124 3365s
 1565441 498774   77.00000   43   87   84.00000   60.00000  28.6%   124 3373s
 1567982 499643   83.00000   45   66   84.00000   60.00000  28.6%   124 3382s
 1570446 500693   68.00000   48  107   84.00000   60.00000  28.6%   124 3395s
 1573335 501751   82.00000   37   74   84.00000   60.00000  28.6%   124 3407s
 1575991 502767   70.00000   46  114   84.00000   60.00000  28.6%   124 3419s
 1578692 503923   82.00000   47   75   84.00000   60.00000  28.6%   124 3431s
 1581509 504940   68.00000   44  144   84.00000   60.00000  28.6%   124 3440s
 1584070 505979 infeasible   59        84.00000   60.00000  28.6%   124 3454s
 1587050 507158   78.00000   53  113   84.00000   60.00000  28.6%   124 3468s
 1589897 508381   64.00000   47  125   84.00000   60.00000  28.6%   124 3481s
 1592586 509617   60.00000   49  117   84.00000   60.00000  28.6%   124 3494s
 1595505 510800 infeasible   47        84.00000   60.00000  28.6%   124 3507s
 1598339 511928   82.00000   39   89   84.00000   60.00000  28.6%   124 3517s
 1601150 513399   82.00000   45   55   84.00000   60.00000  28.6%   124 3532s
 1604467 514709   82.00000   46   77   84.00000   60.00000  28.6%   124 3547s
 1607493 515917 infeasible   48        84.00000   60.00000  28.6%   124 3559s
 1610586 517611   83.00000   51   34   84.00000   60.00000  28.6%   123 3585s
 1614802 518562   83.00000   46   42   84.00000   60.00000  28.6%   123 3596s
 1617315 519327 infeasible   49        84.00000   60.00000  28.6%   123 3604s
 1619340 519993   60.00000   44  115   84.00000   60.00000  28.6%   123 3611s
 1621291 520646   83.00000   63   55   84.00000   60.00000  28.6%   123 3619s
 1623577 521556   73.00000   54   86   84.00000   60.00000  28.6%   123 3627s
 1625833 522476   82.00000   42   75   84.00000   60.00000  28.6%   123 3636s
 1628104 523343   79.00000   38   72   84.00000   60.00000  28.6%   123 3644s
 1630420 524268   83.00000   51   62   84.00000   60.00000  28.6%   123 3651s
 1632703 525240   82.00000   48   24   84.00000   60.00000  28.6%   123 3662s
 1635314 526583     cutoff   51        84.00000   60.00000  28.6%   123 3676s
 1638471 527400   78.00000   60   78   84.00000   60.00000  28.6%   123 3685s
 1640803 528347   60.00000   31  113   84.00000   60.00000  28.6%   123 3695s
 1643180 529292   75.00000   50   75   84.00000   60.00000  28.6%   123 3705s
 1645706 530381   83.00000   44   64   84.00000   60.00000  28.6%   123 3716s
 1648470 531432 infeasible   48        84.00000   60.00000  28.6%   123 3728s
 1651336 532502   83.00000   46   70   84.00000   60.00000  28.6%   123 3741s
 1654011 533604   83.00000   68   42   84.00000   60.00000  28.6%   123 3754s
 1656820 534758   81.00000   43  104   84.00000   60.00000  28.6%   123 3767s
 1659698 535754   83.00000   47   86   84.00000   60.00000  28.6%   123 3776s
 1662299 536819   83.00000   56   28   84.00000   60.00000  28.6%   123 3787s
 1664934 537825 infeasible   71        84.00000   60.00000  28.6%   123 3799s
 1667599 538744   78.00000   43   72   84.00000   60.00000  28.6%   123 3808s
 1669931 539762   77.00000   45  110   84.00000   60.00000  28.6%   123 3818s
 1672525 540954   74.00000   70   72   84.00000   60.00000  28.6%   123 3831s
 1675547 542074 infeasible   55        84.00000   60.00000  28.6%   123 3842s
 1678318 543033   80.00000   51   59   84.00000   60.00000  28.6%   123 3853s
 1680920 543905 infeasible   46        84.00000   60.00000  28.6%   123 3865s
 1683638 544821   83.00000   59   41   84.00000   60.00000  28.6%   123 3874s
 1686113 545817   83.00000   60   63   84.00000   60.00000  28.6%   123 3884s
 1688703 546943   83.00000   72   27   84.00000   60.00000  28.6%   123 3896s
 1691584 548211   67.00000   64  105   84.00000   60.00000  28.6%   123 3910s
 1694717 549277 infeasible   69        84.00000   60.00000  28.6%   123 3922s
 1697416 550203   81.00000   46   88   84.00000   60.00000  28.6%   123 3930s
 1699916 551148   81.00000   52  102   84.00000   60.00000  28.6%   123 3940s
 1702591 552075 infeasible   40        84.00000   60.00000  28.6%   123 3950s
 1705229 553070   78.00000   43  123   84.00000   60.00000  28.6%   123 3962s
 1707971 554083   66.00000   54  123   84.00000   60.00000  28.6%   123 3973s
 1710746 554824   79.00000   52   83   84.00000   60.00000  28.6%   123 3984s
 1713304 555737 infeasible   42        84.00000   60.00000  28.6%   123 3994s
 1716048 556670   72.00000   53  116   84.00000   60.00000  28.6%   123 4005s
 1718634 557695   83.00000   55   26   84.00000   60.00000  28.6%   123 4016s
 1721369 558815   83.00000   58   86   84.00000   60.00000  28.6%   123 4028s
 1724064 559969   73.00000   41  108   84.00000   60.00000  28.6%   123 4041s
 1726866 561177   60.00000   33  124   84.00000   60.00000  28.6%   123 4053s
 1729608 562420   78.00000   37   75   84.00000   60.00000  28.6%   123 4066s
 1732444 563528   83.00000   49  112   84.00000   60.00000  28.6%   123 4077s
 1735425 564566   60.00000   37   82   84.00000   60.00000  28.6%   123 4091s
 1738432 565359   78.00000   48   57   84.00000   60.00000  28.6%   123 4099s
 1740591 566283 infeasible   58        84.00000   60.00000  28.6%   123 4109s
 1742946 567401 infeasible   70        84.00000   60.00000  28.6%   123 4120s
 1745720 568354   82.00000   48   60   84.00000   60.00000  28.6%   123 4129s
 1746665 568354 infeasible   58        84.00000   60.00000  28.6%   123 4130s
 1748263 569196   80.00000   41   39   84.00000   60.00000  28.6%   123 4139s
 1750671 570274 infeasible   54        84.00000   60.00000  28.6%   123 4151s
 1753483 571377   81.00000   57   48   84.00000   60.00000  28.6%   123 4164s
 1756139 572320 infeasible   45        84.00000   60.00000  28.6%   123 4174s
 1758790 573160   82.00000   48   66   84.00000   60.00000  28.6%   123 4184s
 1761311 574156   74.00000   51  114   84.00000   60.00000  28.6%   123 4194s
 1763986 575066   82.00000   47   50   84.00000   60.00000  28.6%   123 4203s
 1766489 576284   83.00000   50   40   84.00000   60.00000  28.6%   123 4214s
 1769217 577342 infeasible   54        84.00000   60.00000  28.6%   123 4224s
 1771852 578358   82.00000   41   54   84.00000   60.00000  28.6%   123 4236s
 1774796 579266 infeasible   56        84.00000   60.00000  28.6%   123 4248s
 1777707 580238   82.00000   45   94   84.00000   60.00000  28.6%   123 4260s
 1780212 581215   83.00000   44   63   84.00000   60.00000  28.6%   123 4271s
 1783033 582237   66.00000   74   63   84.00000   60.00000  28.6%   123 4284s
 1785535 583297   60.00000   44  175   84.00000   60.00000  28.6%   123 4294s
 1788068 584422   79.00000   53   99   84.00000   60.00000  28.6%   123 4305s
 1790700 585586   77.00000   50   76   84.00000   60.00000  28.6%   123 4317s
 1793423 586639   79.00000   43   80   84.00000   60.00000  28.6%   123 4328s
 1796150 587609   76.00000   39  138   84.00000   60.00000  28.6%   123 4340s
 1798683 588728   79.00000   53   29   84.00000   60.00000  28.6%   123 4352s
 1801454 589799 infeasible   51        84.00000   60.00000  28.6%   123 4367s
 1804429 590824 infeasible   49        84.00000   60.00000  28.6%   123 4380s
 1807143 591642 infeasible   49        84.00000   60.00000  28.6%   123 4390s
 1809739 592786 infeasible   38        84.00000   60.00000  28.6%   123 4403s
 1812370 594042   74.00000   44   98   84.00000   60.00000  28.6%   123 4416s
 1815268 595129   82.00000   50   68   84.00000   60.00000  28.6%   123 4428s
 1817941 596205   80.00000   46   55   84.00000   60.00000  28.6%   123 4442s
 1820744 597377   83.00000   52   23   84.00000   60.00000  28.6%   123 4457s
 1823715 598320     cutoff   49        84.00000   60.00000  28.6%   123 4468s
 1826042 599292   79.00000   55   38   84.00000   60.00000  28.6%   123 4478s
 1828492 600239   82.00000   45   55   84.00000   60.00000  28.6%   123 4489s
 1831008 601165   72.00000   44  106   84.00000   60.00000  28.6%   123 4501s
 1833554 602243     cutoff   55        84.00000   60.00000  28.6%   123 4516s
 1836525 603301   82.00000   55   39   84.00000   60.00000  28.6%   123 4529s
 1839006 604316   67.00000   34  119   84.00000   60.00000  28.6%   123 4542s
 1841701 605210   79.00000   56   47   84.00000   60.00000  28.6%   123 4553s
 1844216 606287 infeasible   55        84.00000   60.00000  28.6%   123 4568s
 1847071 607366   71.00000   40   98   84.00000   60.00000  28.6%   123 4581s
 1849760 608383   83.00000   48   58   84.00000   60.00000  28.6%   123 4595s
 1852467 609398   82.00000   44  124   84.00000   60.00000  28.6%   123 4608s
 1855161 610386   82.00000   54   32   84.00000   60.00000  28.6%   123 4625s
 1857971 611269   60.00000   43  119   84.00000   60.00000  28.6%   123 4638s
 1860688 612220   79.00000   43   77   84.00000   60.00000  28.6%   123 4650s
 1863215 613316   79.00000   45   88   84.00000   60.00000  28.6%   123 4664s
 1865987 614496   83.00000   52   72   84.00000   60.00000  28.6%   123 4683s
 1869242 615379   72.00000   38  130   84.00000   60.00000  28.6%   123 4694s
 1871495 616352   60.00000   44  107   84.00000   60.00000  28.6%   123 4706s
 1874130 617575   80.00000   60   59   84.00000   60.00000  28.6%   123 4719s
 1876817 618622   80.00000   47   80   84.00000   60.00000  28.6%   123 4731s
 1879395 619573   77.00000   56   53   84.00000   60.00000  28.6%   123 4743s
 1881898 620630   83.00000   45   51   84.00000   60.00000  28.6%   123 4756s
 1884533 621638   80.00000   51   55   84.00000   60.00000  28.6%   123 4769s
 1886932 622675   83.00000   57   73   84.00000   60.00000  28.6%   123 4780s
 1889333 623612   82.00000   47   84   84.00000   60.00000  28.6%   123 4791s
 1891660 624701   83.00000   39  101   84.00000   60.00000  28.6%   123 4805s
 1894496 625754   77.00000   44  119   84.00000   60.00000  28.6%   123 4820s
 1897271 626697   81.00000   49   65   84.00000   60.00000  28.6%   123 4835s
 1899836 627632   82.00000   45   57   84.00000   60.00000  28.6%   123 4847s
 1902367 628685   79.00000   40  125   84.00000   60.00000  28.6%   123 4862s
 1905137 629621   83.00000   57   62   84.00000   60.00000  28.6%   123 4876s
 1907904 630472   80.00000   48   80   84.00000   60.00000  28.6%   123 4890s
 1910483 631434   79.00000   43   72   84.00000   60.00000  28.6%   123 4904s
 1913251 632462   79.00000   50   46   84.00000   60.00000  28.6%   123 4916s
 1915855 633965   78.00000   54   90   84.00000   60.00000  28.6%   123 4935s
 1919367 635270   81.00000   52   82   84.00000   60.00000  28.6%   123 4955s
 1922629 636230   76.00000   62   84   84.00000   60.00000  28.6%   123 4969s
 1924946 637006   65.00000   47   83   84.00000   60.00000  28.6%   123 4980s
 1927255 637927   82.00000   43   61   84.00000   60.00000  28.6%   123 4992s
*1928853 562198              75      83.0000000   60.00000  27.7%   123 4992s
 1929643 562881 infeasible   51        83.00000   60.00000  27.7%   123 5004s
 1932194 563627   82.00000   65   74   83.00000   60.00000  27.7%   123 5015s
 1934424 564533   72.00000   36  116   83.00000   60.00000  27.7%   123 5026s
 1936794 565457   78.00000   44   93   83.00000   60.00000  27.7%   123 5041s
 1939279 566482     cutoff   58        83.00000   60.00000  27.7%   123 5054s
 1941986 567401 infeasible   59        83.00000   60.00000  27.7%   123 5067s
 1944626 568359 infeasible   39        83.00000   60.00000  27.7%   123 5078s
 1947126 569394   60.00000   37  157   83.00000   60.00000  27.7%   123 5093s
 1949760 570289 infeasible   49        83.00000   60.00000  27.7%   123 5107s
 1952402 571350   60.00000   44  132   83.00000   60.00000  27.7%   123 5122s
 1955401 572544   71.00000   48   82   83.00000   60.00000  27.7%   123 5138s
 1958368 573720 infeasible   50        83.00000   60.00000  27.7%   123 5153s
 1961170 574572 infeasible   69        83.00000   60.00000  27.7%   123 5164s
 1963342 575772   80.00000   44   88   83.00000   60.00000  27.7%   123 5181s
 1966427 576723     cutoff   60        83.00000   60.00000  27.7%   123 5195s
 1969230 577495   76.00000   37   84   83.00000   60.00000  27.7%   123 5206s
 1971739 578484 infeasible   55        83.00000   60.00000  27.7%   123 5222s
 1974489 579590 infeasible   64        83.00000   60.00000  27.7%   123 5237s
 1977368 580543   81.00000   39   65   83.00000   60.00000  27.7%   124 5251s
 1980203 581564   79.00000   62   65   83.00000   60.00000  27.7%   124 5266s
 1982977 582401   81.00000   50   76   83.00000   60.00000  27.7%   124 5280s
 1985319 583652   77.00000   57   98   83.00000   60.00000  27.7%   124 5297s
 1988541 584569   79.00000   45   57   83.00000   60.00000  27.7%   124 5312s
 1991336 585636 infeasible   67        83.00000   60.00000  27.7%   124 5325s
 1993890 586633   82.00000   47   38   83.00000   60.00000  27.7%   124 5338s
 1996396 587486     cutoff   52        83.00000   60.00000  27.7%   124 5349s
 1998630 588414 infeasible   58        83.00000   60.00000  27.7%   124 5362s
 2001339 589354   80.00000   52   53   83.00000   60.00000  27.7%   124 5376s
 2004132 590646   80.00000   57   49   83.00000   60.00000  27.7%   124 5395s
 2007523 591920   79.00000   44   76   83.00000   60.00000  27.7%   124 5422s
 2011134 592838 infeasible   72        83.00000   60.00000  27.7%   124 5433s
 2013482 593539   66.00000   33   99   83.00000   60.00000  27.7%   124 5442s
 2015447 594315   75.00000   35  121   83.00000   60.00000  27.7%   124 5451s
 2017451 595024   81.00000   53   79   83.00000   60.00000  27.7%   124 5462s
 2019738 595877 infeasible   56        83.00000   60.00000  27.7%   124 5471s
 2021975 596679   82.00000   48   37   83.00000   60.00000  27.7%   124 5481s
 2024148 597580   80.00000   46  139   83.00000   60.00000  27.7%   124 5491s
 2026354 598460   60.00000   41  131   83.00000   60.00000  27.7%   124 5504s
 2028708 599481 infeasible   54        83.00000   60.00000  27.7%   124 5518s
 2031544 600523   78.00000   41   96   83.00000   60.00000  27.7%   124 5530s
 2034146 601406   81.00000   41   57   83.00000   60.00000  27.7%   124 5541s
 2036519 602459 infeasible   63        83.00000   60.00000  27.7%   124 5559s
 2039402 603350   71.00000   46  115   83.00000   60.00000  27.7%   124 5573s
 2042259 604120   75.00000   37  149   83.00000   60.00000  27.7%   124 5585s
 2044746 605240     cutoff   56        83.00000   60.00000  27.7%   124 5598s
 2047490 606312   77.00000   42  111   83.00000   60.00000  27.7%   124 5613s
 2050481 607269   82.00000   44  108   83.00000   60.00000  27.7%   124 5628s
 2052893 608284   76.00000   69   53   83.00000   60.00000  27.7%   124 5644s
 2054830 608284   78.00000   55   83   83.00000   60.00000  27.7%   124 5645s
 2055793 609252 infeasible   58        83.00000   60.00000  27.7%   124 5658s
 2058329 610120   82.00000   64   56   83.00000   60.00000  27.7%   124 5671s
 2061065 611091   80.00000   40  113   83.00000   60.00000  27.7%   124 5687s
 2063905 611868 infeasible   52        83.00000   60.00000  27.7%   124 5699s
 2065810 611868   75.00000   48  106   83.00000   60.00000  27.7%   124 5700s
 2066139 612621 infeasible   71        83.00000   60.00000  27.7%   124 5713s
 2068731 613521   82.00000   45   87   83.00000   60.00000  27.7%   124 5727s
 2071387 614360 infeasible   42        83.00000   60.00000  27.7%   124 5742s
 2074192 615060   77.00000   49   79   83.00000   60.00000  27.7%   124 5753s
 2076583 616078   82.00000   42   61   83.00000   60.00000  27.7%   124 5767s
 2079183 616964   81.00000   58   24   83.00000   60.00000  27.7%   124 5780s
 2081711 617958   81.00000   57   70   83.00000   60.00000  27.7%   124 5794s
 2084480 618831   65.00000   42  128   83.00000   60.00000  27.7%   124 5809s
 2086981 619756   82.00000   52   39   83.00000   60.00000  27.7%   124 5824s
 2089544 620848   79.00000   42   68   83.00000   60.00000  27.7%   124 5838s
 2092282 621784   82.00000   56   72   83.00000   60.00000  27.7%   124 5852s
 2095166 622845   60.32560   45  141   83.00000   60.00000  27.7%   124 5868s
 2097995 623884 infeasible   64        83.00000   60.00000  27.7%   124 5886s
 2101014 624767   78.00000   44  113   83.00000   60.00000  27.7%   124 5903s
 2103578 625588   64.00000   38  140   83.00000   60.00000  27.7%   124 5915s
 2106079 626541     cutoff   46        83.00000   60.00000  27.7%   124 5932s
 2109178 627389   81.00000   51   75   83.00000   60.00000  27.7%   124 5946s
 2111880 628291   79.00000   41   57   83.00000   60.00000  27.7%   124 5959s
 2114333 629037   82.00000   55  102   83.00000   60.00000  27.7%   124 5972s
 2116570 629940   82.00000   44   55   83.00000   60.00000  27.7%   124 5986s
 2119175 631006   77.00000   62   40   83.00000   60.00000  27.7%   124 6003s
 2122066 632084   78.00000   46  106   83.00000   60.00000  27.7%   124 6018s
 2124953 632889     cutoff   48        83.00000   60.00000  27.7%   124 6033s
 2127450 633870 infeasible   54        83.00000   60.00000  27.7%   124 6048s
 2130095 634793   72.00000   56   96   83.00000   60.00000  27.7%   124 6063s
 2132876 635833   77.00000   62   68   83.00000   60.00000  27.7%   124 6080s
 2135826 636835   82.00000   60   66   83.00000   60.00000  27.7%   124 6094s
 2138513 637739   82.00000   42   64   83.00000   60.00000  27.7%   124 6110s
 2140968 638559   82.00000   57   83   83.00000   60.00000  27.7%   124 6122s
 2143393 639541   79.00000   59   91   83.00000   60.00000  27.7%   124 6139s
 2146161 640428 infeasible   57        83.00000   60.00000  27.7%   124 6155s
 2148912 641139   79.00000   53   51   83.00000   60.00000  27.7%   124 6171s
 2151394 641974     cutoff   48        83.00000   60.00000  27.7%   124 6186s
 2154027 643132   82.00000   49   43   83.00000   60.00000  27.7%   124 6205s
 2157116 644103   66.00000   59  102   83.00000   60.00000  27.7%   124 6219s
 2159735 645371   72.00000   39  126   83.00000   60.00000  27.7%   124 6234s
 2162625 646322   81.00000   52  106   83.00000   60.00000  27.7%   124 6250s
 2165351 647226 infeasible   53        83.00000   60.00000  27.7%   124 6265s
 2167992 648205 infeasible   52        83.00000   60.00000  27.7%   124 6278s
 2170479 649214 infeasible   48        83.00000   60.00000  27.7%   124 6293s
 2173113 650131 infeasible   63        83.00000   60.00000  27.7%   124 6308s
 2175759 651042 infeasible   52        83.00000   60.00000  27.7%   124 6323s
 2178279 651986     cutoff   47        83.00000   60.00000  27.7%   124 6339s
 2181101 652695   72.00000   50  109   83.00000   60.00000  27.7%   124 6355s
 2183747 653542     cutoff   43        83.00000   60.00000  27.7%   124 6370s
 2186428 654713   79.00000   56   96   83.00000   60.00000  27.7%   124 6388s
 2189312 655742 infeasible   57        83.00000   60.00000  27.7%   124 6406s
 2191939 657010   80.00000   50   61   83.00000   60.00000  27.7%   124 6425s
 2195121 658035   60.00000   42  132   83.00000   60.00000  27.7%   124 6439s
 2197761 659345   81.00000   46   82   83.00000   60.00000  27.7%   124 6460s
 2200859 660419   77.00000   46   70   83.00000   60.00000  27.7%   124 6475s
 2203622 661203   80.00000   71   31   83.00000   60.00000  27.7%   124 6490s
 2205856 661994   79.00000   56   75   83.00000   60.00000  27.7%   124 6503s
 2208176 662746   76.00000   40   82   83.00000   60.00000  27.7%   124 6516s
 2210610 663792   80.00000   43  100   83.00000   60.00000  27.7%   124 6531s
 2213165 664847   73.00000   46  111   83.00000   60.00000  27.7%   124 6553s
 2216268 665856 infeasible   57        83.00000   60.00000  27.7%   124 6570s
 2218981 666755 infeasible   56        83.00000   60.00000  27.7%   124 6587s
 2221692 667578 infeasible   41        83.00000   60.00000  27.7%   124 6600s
 2224237 668453   82.00000   58   50   83.00000   60.00000  27.7%   124 6615s
 2226688 669582   78.00000   37  113   83.00000   60.00000  27.7%   124 6631s
 2229478 670493   77.00000   50   82   83.00000   60.00000  27.7%   124 6649s
 2232146 671220   78.00000   47   75   83.00000   60.00000  27.7%   124 6664s
 2234723 672078   81.00000   51   54   83.00000   60.00000  27.7%   124 6678s
 2237134 672888 infeasible   49        83.00000   60.00000  27.7%   124 6696s
 2239900 673685   80.00000   46   84   83.00000   60.00000  27.7%   125 6711s
 2242347 674816   82.00000   39   93   83.00000   60.00000  27.7%   125 6731s
 2245250 675792   82.00000   62   25   83.00000   60.00000  27.7%   125 6751s
 2247932 676540   77.00000   58   81   83.00000   60.00000  27.7%   125 6764s
 2250367 677799   79.00000   42   84   83.00000   60.00000  27.7%   125 6786s
 2253425 678807 infeasible   69        83.00000   60.00000  27.7%   124 6802s
 2256102 679737 infeasible   54        83.00000   60.00000  27.7%   124 6816s
 2258439 680560   82.00000   59   49   83.00000   60.00000  27.7%   125 6832s
 2260744 681530   78.00000   41  102   83.00000   60.00000  27.7%   125 6851s
 2263541 682434 infeasible   45        83.00000   60.00000  27.7%   125 6866s
 2266016 683213 infeasible   48        83.00000   60.00000  27.7%   125 6881s
 2268236 684049   81.00000   49   35   83.00000   60.00000  27.7%   125 6900s
 2271126 684850     cutoff   45        83.00000   60.00000  27.7%   125 6919s
 2273763 685850   78.00000   44   72   83.00000   60.00000  27.7%   125 6937s
 2276530 686875 infeasible   47        83.00000   60.00000  27.7%   125 6955s
 2279287 687817   77.00000   44  119   83.00000   60.00000  27.7%   125 6974s
 2282123 688642     cutoff   36        83.00000   60.00000  27.7%   125 6992s
 2284832 689778   81.00000   52   76   83.00000   60.00000  27.7%   125 7015s
 2287917 690644   60.00000   47   88   83.00000   60.00000  27.7%   125 7029s
 2290364 691492   82.00000   44   52   83.00000   60.00000  27.7%   125 7047s
 2293115 692451   79.00000   40   77   83.00000   60.00000  27.7%   125 7063s
 2295810 693144   79.00000   42   91   83.00000   60.00000  27.7%   125 7081s
 2298328 693995   60.00000   32  147   83.00000   60.00000  27.7%   125 7099s
 2301146 694934 infeasible   50        83.00000   60.00000  27.7%   125 7117s
 2303895 695911   81.00000   50   53   83.00000   60.00000  27.7%   125 7133s
 2306607 697004 infeasible   49        83.00000   60.00000  27.7%   125 7154s
 2309609 697969   82.00000   41  123   83.00000   60.00000  27.7%   125 7173s
 2312083 699071   77.00000   48   85   83.00000   60.00000  27.7%   125 7191s
 2314918 700019 infeasible   44        83.00000   60.00000  27.7%   125 7210s
 2317564 701012 infeasible   50        83.00000   60.00000  27.7%   125 7227s
 2320240 701916 infeasible   51        83.00000   60.00000  27.7%   125 7245s
 2322534 702812   73.00000   49  102   83.00000   60.00000  27.7%   125 7260s
 2325073 703709   73.00000   35  104   83.00000   60.00000  27.7%   125 7276s
 2327678 704549   80.00000   42   76   83.00000   60.00000  27.7%   125 7295s
 2330316 705226   82.00000   49   61   83.00000   60.00000  27.7%   125 7312s
 2332762 706162 infeasible   58        83.00000   60.00000  27.7%   125 7327s
 2335218 706929   82.00000   52   46   83.00000   60.00000  27.7%   125 7343s
 2337676 707773   81.00000   54   81   83.00000   60.00000  27.7%   125 7360s
 2340322 708622   79.00000   55   53   83.00000   60.00000  27.7%   125 7382s
 2342977 709513   80.00000   47   59   83.00000   60.00000  27.7%   125 7401s
 2345823 710505 infeasible   51        83.00000   60.00000  27.7%   125 7422s
 2348656 711847   60.00000   30  125   83.00000   60.00000  27.7%   125 7449s
 2350505 711847   79.00000   54   57   83.00000   60.00000  27.7%   125 7450s
 2352142 713118   77.00000   61   38   83.00000   60.00000  27.7%   125 7474s
 2355488 713888 infeasible   48        83.00000   60.00000  27.7%   125 7493s
 2357911 714742   63.00000   41  125   83.00000   60.00000  27.7%   125 7511s
 2360511 715651   81.00000   54   63   83.00000   60.00000  27.7%   125 7532s
 2363399 716875 infeasible   54        83.00000   60.00000  27.7%   125 7557s
 2366880 717773   82.00000   41   71   83.00000   60.00000  27.7%   125 7575s
 2369230 718837   79.00000   46   55   83.00000   60.00000  27.7%   125 7594s
 2372032 719849     cutoff   52        83.00000   60.00000  27.7%   125 7616s
 2374899 720866   78.00000   49   88   83.00000   60.00000  27.7%   125 7636s
 2377739 721851   79.00000   46  104   83.00000   60.00000  27.7%   125 7658s
 2380499 722699 infeasible   54        83.00000   60.00000  27.7%   125 7678s
 2382993 723582   76.00000   57   72   83.00000   60.00000  27.7%   125 7696s
 2385634 724426 infeasible   59        83.00000   60.00000  27.7%   125 7715s
 2388293 725435   78.00000   55   88   83.00000   60.00000  27.7%   125 7734s
 2391055 726384 infeasible   51        83.00000   60.00000  27.7%   125 7751s
 2393477 726969   82.00000   46   81   83.00000   60.00000  27.7%   125 7765s
 2395513 727579   70.00000   46   96   83.00000   60.00000  27.7%   125 7779s
 2397571 728230     cutoff   48        83.00000   60.00000  27.7%   125 7793s
 2399692 728827 infeasible   42        83.00000   60.00000  27.7%   125 7808s
 2401621 729716 infeasible   42        83.00000   60.00000  27.7%   125 7827s
 2404378 730530   79.00000   44   97   83.00000   60.00000  27.7%   125 7846s
 2407046 731494   73.00000   49  110   83.00000   60.00000  27.7%   125 7868s
 2409899 732617   82.00000   55   55   83.00000   60.00000  27.7%   125 7893s
 2413067 733723   69.00000   56  103   83.00000   60.00000  27.7%   126 7914s
 2416045 734955 infeasible   51        83.00000   60.00000  27.7%   126 7938s
 2419177 736204   60.00000   56  167   83.00000   60.00000  27.7%   126 7963s
 2422261 737004   81.00000   71   40   83.00000   60.00000  27.7%   126 7984s
 2424889 738019   74.00000   38  121   83.00000   60.00000  27.7%   126 8001s
 2427465 738898   82.00000   62   35   83.00000   60.00000  27.7%   126 8021s
 2429953 739789   79.00000   45  107   83.00000   60.00000  27.7%   126 8040s
 2432684 740684   79.00000   54   97   83.00000   60.00000  27.7%   126 8060s
 2435173 741578   82.00000   45   85   83.00000   60.00000  27.7%   126 8083s
 2437959 742613 infeasible   44        83.00000   60.00000  27.7%   126 8103s
 2440758 743890   79.00000   41  110   83.00000   60.00000  27.7%   126 8126s
 2443655 745031   79.00000   53   81   83.00000   60.00000  27.7%   126 8146s
 2446396 746080   73.00000   39   69   83.00000   60.00000  27.7%   126 8167s
 2448706 747210   60.00000   40  118   83.00000   60.00000  27.7%   126 8189s
 2451604 748314   79.00000   55   68   83.00000   60.00000  27.7%   126 8207s
 2454237 749349 infeasible   60        83.00000   60.00000  27.7%   126 8231s
 2457240 750200   72.00000   47   87   83.00000   60.00000  27.7%   126 8256s
 2459863 751220 infeasible   55        83.00000   60.00000  27.7%   126 8282s
 2462881 752139 infeasible   50        83.00000   60.00000  27.7%   126 8303s
 2465604 753315   79.00000   43  117   83.00000   60.00000  27.7%   126 8326s
 2468430 754130 infeasible   48        83.00000   60.00000  27.7%   126 8345s
 2470775 755112 infeasible   45        83.00000   60.00000  27.7%   126 8369s
 2473685 756135 infeasible   67        83.00000   60.00000  27.7%   126 8393s
 2476542 756936   82.00000   41   87   83.00000   60.00000  27.7%   126 8414s
 2479185 757951 infeasible   41        83.00000   60.00000  27.7%   126 8435s
 2482153 758764   72.00000   57   78   83.00000   60.00000  27.7%   126 8458s
 2484852 759770   82.00000   55   25   83.00000   60.00000  27.7%   126 8481s
 2487483 760621   82.00000   39   75   83.00000   60.00000  27.7%   126 8502s
 2490154 761411 infeasible   53        83.00000   60.00000  27.7%   126 8523s
 2492618 762401   73.00000   45   96   83.00000   60.00000  27.7%   126 8543s
 2495238 763361   81.00000   60   53   83.00000   60.00000  27.7%   126 8564s
 2497926 764469   77.00000   59   59   83.00000   60.00000  27.7%   126 8588s
 2500585 765384   82.00000   54   46   83.00000   60.00000  27.7%   126 8612s
 2503473 766354   69.00000   43  109   83.00000   60.00000  27.7%   126 8632s
 2506212 767304   82.00000   49   34   83.00000   60.00000  27.7%   126 8652s
 2508829 768090     cutoff   44        83.00000   60.00000  27.7%   126 8674s
 2511469 768979 infeasible   63        83.00000   60.00000  27.7%   126 8698s
 2514129 769443   82.00000   66   49   83.00000   60.00000  27.7%   126 8717s
 2516562 770032   79.00000   46   70   83.00000   60.00000  27.7%   126 8740s
 2519176 770893 infeasible   48        83.00000   60.00000  27.7%   126 8760s
 2521934 771956   82.00000   53   53   83.00000   60.00000  27.7%   126 8783s
 2525013 773033   60.00000   40  181   83.00000   60.00000  27.7%   126 8811s
 2527866 774081   81.00000   50   89   83.00000   60.00000  27.7%   126 8835s
 2530820 774949   74.00000   34  112   83.00000   60.00000  27.7%   126 8855s
 2533268 776013   81.00000   60   55   83.00000   60.00000  27.7%   126 8881s
 2536111 776915 infeasible   49        83.00000   60.00000  27.7%   126 8905s
 2538715 777692 infeasible   57        83.00000   60.00000  27.7%   126 8929s
 2539970 777692 infeasible   53        83.00000   60.00000  27.7%   126 8930s
 2541210 778732   82.00000   52   63   83.00000   60.00000  27.7%   126 8953s
 2543893 779634   79.00000   45  166   83.00000   60.00000  27.7%   126 8974s
 2545177 779634   76.00000   60   98   83.00000   60.00000  27.7%   126 8975s
 2546448 780651   79.00000   46   67   83.00000   60.00000  27.7%   126 9000s
 2549323 781515   79.00000   43  101   83.00000   60.00000  27.7%   126 9024s
 2549952 781515 infeasible   69        83.00000   60.00000  27.7%   126 9025s
 2551753 782561   82.00000   45   93   83.00000   60.00000  27.7%   126 9051s
 2554771 783692   79.00000   52   94   83.00000   60.00000  27.7%   126 9077s
 2557758 784575   82.00000   47   61   83.00000   60.00000  27.7%   126 9097s
 2560395 785520   82.00000   60   27   83.00000   60.00000  27.7%   126 9118s
 2562814 786582   81.00000   45   64   83.00000   60.00000  27.7%   126 9145s
 2565556 787525   82.00000   62   60   83.00000   60.00000  27.7%   126 9169s
 2568345 788546   82.00000   37   77   83.00000   60.00000  27.7%   126 9192s
 2571117 789602   60.00000   35  140   83.00000   60.00000  27.7%   126 9217s
 2573889 790567   73.00000   48   77   83.00000   60.00000  27.7%   126 9238s
 2576358 791401   79.00000   66   24   83.00000   60.00000  27.7%   126 9264s
 2578871 792380 infeasible   49        83.00000   60.00000  27.7%   126 9288s
 2581545 793307   82.00000   45   97   83.00000   60.00000  27.7%   126 9309s
 2584058 794352   60.00000   45  155   83.00000   60.00000  27.7%   126 9336s
 2586883 795218   77.00000   42   98   83.00000   60.00000  27.7%   126 9360s
 2589746 796125   81.00000   49   73   83.00000   60.00000  27.7%   126 9385s
 2592268 797004     cutoff   57        83.00000   60.00000  27.7%   126 9407s
 2594792 797825   79.00000   48  136   83.00000   60.00000  27.7%   126 9428s
 2597278 798799   82.00000   50   61   83.00000   60.00000  27.7%   126 9454s
 2600049 799582   78.00000   53   78   83.00000   60.00000  27.7%   126 9480s
 2602602 800534   82.00000   47   67   83.00000   60.00000  27.7%   126 9503s
 2605299 801435   82.00000   60   86   83.00000   60.00000  27.7%   126 9527s
 2607986 802363   82.00000   60   61   83.00000   60.00000  27.7%   126 9549s
 2610543 803165   60.00000   41  136   83.00000   60.00000  27.7%   126 9569s
 2612721 804261     cutoff   72        83.00000   60.00000  27.7%   126 9596s
 2615270 805317 infeasible   51        83.00000   60.00000  27.7%   126 9621s
 2617974 806331 infeasible   45        83.00000   60.00000  27.7%   126 9644s
 2620616 807481   77.00000   54   82   83.00000   60.00000  27.7%   126 9674s
 2623592 808572   60.00000   52  136   83.00000   60.00000  27.7%   126 9704s
 2626390 809524   78.00000   53   43   83.00000   60.00000  27.7%   126 9729s
 2629120 810388   76.00000   58   72   83.00000   60.00000  27.7%   126 9753s
 2631724 811318   78.00000   46  102   83.00000   60.00000  27.7%   126 9777s
 2634466 812343   81.00000   52   67   83.00000   60.00000  27.7%   126 9803s
 2637142 813322   82.00000   51   85   83.00000   60.00000  27.7%   126 9832s
 2640290 814164   82.00000   53   72   83.00000   60.00000  27.7%   126 9860s
 2642950 814997 infeasible   64        83.00000   60.00000  27.7%   126 9885s
 2645386 815950   81.00000   58   40   83.00000   60.00000  27.7%   126 9908s
 2647851 816924   80.00000   44   69   83.00000   60.00000  27.7%   126 9934s
 2650462 817981 infeasible   61        83.00000   60.00000  27.7%   126 9960s
 2653104 819016   79.00000   44   92   83.00000   60.00000  27.7%   126 9984s
 2654876 819016   82.00000   57   49   83.00000   60.00000  27.7%   126 9985s
 2655813 819905   60.00000   48  171   83.00000   60.00000  27.7%   126 10009s
 2658482 820679   79.00000   44   39   83.00000   60.00000  27.7%   126 10032s
 2660963 821399   81.00000   50   78   83.00000   60.00000  27.7%   126 10053s
 2663300 822245 infeasible   56        83.00000   60.00000  27.7%   126 10077s
 2665861 823097   82.00000   41  100   83.00000   60.00000  27.7%   126 10104s
 2668349 823924 infeasible   55        83.00000   60.00000  27.7%   126 10130s
 2670897 825036 infeasible   63        83.00000   60.00000  27.7%   127 10157s
 2673709 826137 infeasible   53        83.00000   60.00000  27.7%   127 10186s
 2676690 827075 infeasible   49        83.00000   60.00000  27.7%   127 10209s
 2679205 827978     cutoff   51        83.00000   60.00000  27.7%   127 10239s
 2681885 828809 infeasible   51        83.00000   60.00000  27.7%   127 10263s
 2684460 829889   80.00000   40   83   83.00000   60.00000  27.7%   127 10291s
 2687337 830675   82.00000   45   53   83.00000   60.00000  27.7%   127 10317s
 2690017 831500   75.00000   39  107   83.00000   60.00000  27.7%   127 10339s
 2692463 832486   74.00000   47  112   83.00000   60.00000  27.7%   127 10370s
 2695155 833476     cutoff   44        83.00000   60.00000  27.7%   127 10397s
 2698060 834523   73.00000   46   89   83.00000   60.00000  27.7%   127 10426s
 2700905 835474   72.00000   58  102   83.00000   60.00000  27.7%   127 10453s
 2703587 836534   60.00000   40  130   83.00000   60.00000  27.7%   127 10484s
 2706376 837485   60.00000   37  131   83.00000   60.00000  27.7%   127 10505s
 2708750 838482 infeasible   62        83.00000   60.00000  27.7%   127 10525s
 2711073 839285   82.00000   55   60   83.00000   60.00000  27.7%   127 10546s
 2713526 840431   82.00000   61   63   83.00000   60.00000  27.7%   127 10574s
 2716516 841424   64.00000   37  172   83.00000   60.00000  27.7%   127 10600s
 2719273 842287   60.00000   36  117   83.00000   60.00000  27.7%   127 10629s
 2721700 843219   80.00000   51   46   83.00000   60.00000  27.7%   127 10658s
 2724500 844167   78.00000   48   96   83.00000   60.00000  27.7%   127 10688s
 2727302 844999 infeasible   77        83.00000   60.00000  27.7%   127 10713s
 2729636 846028     cutoff   43        83.00000   60.00000  27.7%   127 10744s
 2732105 846028 infeasible   56        83.00000   60.00000  27.7%   127 10745s
 2732372 847000   79.00000   58   52   83.00000   60.00000  27.7%   127 10774s
 2735300 847736   82.00000   72   45   83.00000   60.00000  27.7%   127 10800s

Explored 2737407 nodes (346813450 simplex iterations) in 10800.39 seconds (4940.57 work units)
Thread count was 18 (of 36 available processors)

Solution count 10: 83 84 85 ... 92

Time limit reached
Best objective 8.300000000000e+01, best bound 6.000000000000e+01, gap 27.7108%
