
Gurobi 11.0.0 (win64) logging started Thu May 16 17:08:20 2024

Set parameter LogFile to value "./Results/StripPacking-SequencePairRuns/Logs/RUsp-010-StripPacking-20.log"
Set parameter TimeLimit to value 10800
Set parameter Cuts to value 0
Set parameter Presolve to value 1
Set parameter Heuristics to value 0
Set parameter LPWarmStart to value 2
Gurobi Optimizer version 11.0.0 build v11.0.0rc2 (win64 - Windows 10.0 (19045.2))

CPU model: Intel(R) Core(TM) i9-10980XE CPU @ 3.00GHz, instruction set [SSE2|AVX|AVX2|AVX512]
Thread count: 18 physical cores, 36 logical processors, using up to 18 threads

Optimize a model with 32125 rows, 1251 columns and 94850 nonzeros
Model fingerprint: 0xca7fe4ee
Variable types: 51 continuous, 1200 integer (1200 binary)
Coefficient statistics:
  Matrix range     [1e+00, 1e+04]
  Objective range  [1e+00, 1e+00]
  Bounds range     [1e+00, 1e+04]
  RHS range        [1e+00, 1e+04]

Warning: Completing partial solution with 1200 unfixed non-continuous variables out of 1200
User MIP start produced solution with objective 104.8 (0.05s)
Loaded user MIP start with objective 104.8

Presolve removed 600 rows and 0 columns
Presolve time: 0.14s
Presolved: 31525 rows, 1251 columns, 93650 nonzeros
Variable types: 51 continuous, 1200 integer (1200 binary)
Root relaxation presolved: 1251 rows, 32776 columns, 94901 nonzeros


Root relaxation: objective 3.600000e+01, 2302 iterations, 0.20 seconds (0.22 work units)

    Nodes    |    Current Node    |     Objective Bounds      |     Work
 Expl Unexpl |  Obj  Depth IntInf | Incumbent    BestBd   Gap | It/Node Time

     0     0   36.00000    0  254  104.80000   36.00000  65.6%     -    1s
     0     0   36.00000    0  249  104.80000   36.00000  65.6%     -    2s
     0     2   36.00000    0  179  104.80000   36.00000  65.6%     -    2s
    49    68   36.00000    6  146  104.80000   36.00000  65.6%   264    5s
   681   743   46.00000   38  146  104.80000   36.00000  65.6%   148   10s
  1509  1625   72.00000   87  118  104.80000   36.00000  65.6%   151   15s
* 2410  2444             130     104.0000000   36.00000  65.4%   133   18s
* 2412  2427             130     103.0000000   36.00000  65.0%   133   18s
  2671  2625   59.00000   38  208  103.00000   36.00000  65.0%   130   20s
  3888  3408   53.00000   74  198  103.00000   36.00000  65.0%   120   26s
  3975  3485   36.00000   19  195  103.00000   36.00000  65.0%   125   30s
  4364  3757   43.00000   29  209  103.00000   36.00000  65.0%   122   35s
  5259  4380   62.00000   44  143  103.00000   36.00000  65.0%   122   40s
* 5935  4472             120     101.0000000   36.00000  64.4%   122   42s
* 6238  4387             108     100.0000000   36.00000  64.0%   122   43s
  6430  4582   61.00000   70  127  100.00000   36.00000  64.0%   122   45s
* 6654  4483             121      99.0000000   36.00000  63.6%   123   45s
* 6659  4330             123      98.0000000   36.00000  63.3%   123   45s
* 7283  4236             118      95.0000000   36.00000  62.1%   123   48s
* 7572  4105              96      94.0000000   36.00000  61.7%   122   49s
  7597  4264   63.00000   36  179   94.00000   36.00000  61.7%   123   50s
* 8063  4140             110      91.0000000   36.00000  60.4%   123   52s
  8594  4380   66.00000   50  140   91.00000   36.00000  60.4%   124   55s
* 8619  4206              90      90.0000000   36.00000  60.0%   124   55s
  9640  4778   55.00000   47  197   90.00000   36.00000  60.0%   125   60s
 10844  5382   88.00000   74   30   90.00000   36.00000  60.0%   130   66s
 11912  5991   55.00000   50  192   90.00000   36.00000  60.0%   131   71s
 12811  6866   51.00000   39  176   90.00000   36.00000  60.0%   131   76s
*13333  6646              99      89.0000000   36.00000  59.6%   132   76s
 14102  7503   78.00000   57  137   89.00000   36.00000  59.6%   133   83s
*14144  7247              88      88.0000000   36.00000  59.1%   133   83s
 14679  7761   36.00000   35  187   88.00000   36.00000  59.1%   133   86s
 15451  8384   87.00000   77  103   88.00000   36.00000  59.1%   134   91s
 17125  9544   65.00000   47  187   88.00000   36.00000  59.1%   135   99s
*17819  9134              90      87.0000000   36.00000  58.6%   136   99s
 17978  9774   79.00000   86   55   87.00000   36.00000  58.6%   136  104s
 18958 10072   55.00000   53  197   87.00000   36.00000  58.6%   137  108s
 19276 10770   55.00000   58  200   87.00000   36.00000  58.6%   139  112s
 20194 11557 infeasible   66        87.00000   36.00000  58.6%   141  118s
*21175 11175              99      86.0000000   36.00000  58.1%   141  118s
 21337 11923   47.00000   32  244   86.00000   36.00000  58.1%   141  123s
*22186 11425              95      85.0000000   36.00000  57.6%   142  123s
 22475 12106   83.00000   63  109   85.00000   36.00000  57.6%   142  130s
 23560 13029   80.00000   77   75   85.00000   36.00000  57.6%   143  136s
 24839 13993   76.00000   39  205   85.00000   36.00000  57.6%   144  143s
 26196 14993   72.00000   55  179   85.00000   36.00000  57.6%   144  150s
 27534 15666   78.00000   60   99   85.00000   36.00000  57.6%   145  156s
 28471 16665   78.00000   62  120   85.00000   36.00000  57.6%   146  164s
*28594 15726              99      84.0000000   36.00000  57.1%   146  164s
 29942 16614     cutoff   69        84.00000   36.00000  57.1%   147  172s
 31435 17673   50.00000   35  159   84.00000   36.00000  57.1%   148  180s
 32863 18809   79.00000   56  131   84.00000   36.00000  57.1%   151  189s
 34604 19971   50.00000   40  194   84.00000   36.00000  57.1%   152  198s
 36467 21050   53.00000   37  173   84.00000   36.00000  57.1%   152  206s
 37906 22073   79.00000   40  167   84.00000   36.00000  57.1%   154  216s
 39351 23443 infeasible   78        84.00000   36.00000  57.1%   156  225s
 41203 24673 infeasible   78        84.00000   36.00000  57.1%   158  236s
 43081 25982   61.00000   53  164   84.00000   36.00000  57.1%   160  247s
 45132 27004   83.00000   58   71   84.00000   36.00000  57.1%   161  259s
*45914 25137             108      83.0000000   36.00000  56.6%   161  259s
 46655 26793   82.00000   66   91   83.00000   36.00000  56.6%   161  276s
 49728 28360   79.00000   60   89   83.00000   36.00000  56.6%   162  291s
 52109 29857   81.00000   63   64   83.00000   36.00000  56.6%   163  305s
 54391 31376   71.00000   45  137   83.00000   36.00000  56.6%   164  318s
 56623 33047   36.00000   30  260   83.00000   36.00000  56.6%   166  332s
 58900 34217   45.00000   56  247   83.00000   36.00000  56.6%   168  344s
 60610 35888   70.00000   47  154   83.00000   36.00000  56.6%   169  360s
 63136 37451   67.00000   64  152   83.00000   36.00000  56.6%   169  375s
*64000 35337              84      82.0000000   36.00000  56.1%   169  375s
 65782 36754   60.00000   69  131   82.00000   36.00000  56.1%   169  390s
 68133 38187   48.00000   23  215   82.00000   36.00000  56.1%   170  405s
 70486 39458   59.00000   49  150   82.00000   36.00000  56.1%   171  418s
 72467 40838   69.00000   58  130   82.00000   36.00000  56.1%   172  433s
 74696 41942   80.00000   61  117   82.00000   36.00000  56.1%   173  446s
 76381 43560   36.00000   31  272   82.00000   36.00000  56.1%   173  462s
 78853 45018 infeasible   75        82.00000   36.00000  56.1%   174  478s
 81164 46676   69.00000   64  117   82.00000   36.00000  56.1%   175  494s
 83618 48243   78.00000   69  105   82.00000   36.00000  56.1%   176  510s
 86034 49607 infeasible   61        82.00000   36.00000  56.1%   177  525s
 88233 51080   80.00000   68   79   82.00000   36.00000  56.1%   178  541s
 90477 52564   59.00000   45  185   82.00000   36.00000  56.1%   178  556s
 92622 54022   36.00000   38  199   82.00000   36.00000  56.1%   179  571s
 94905 55340 infeasible   83        82.00000   36.00000  56.1%   180  587s
 97122 56619   79.00000   77   72   82.00000   36.00000  56.1%   180  601s
 99064 57914   63.00000   52  174   82.00000   36.00000  56.1%   181  615s
 101174 59399   78.00000   70   61   82.00000   36.00000  56.1%   181  630s
*101855 55460             101      81.0000000   36.00000  55.6%   181  630s
 103270 56746   50.00000   46  165   81.00000   36.00000  55.6%   182  645s
 105453 57902 infeasible   54        81.00000   36.00000  55.6%   183  660s
 107461 59342   72.00000   43  158   81.00000   36.00000  55.6%   183  673s
 109528 60463   71.00000   36  168   81.00000   36.00000  55.6%   184  686s
 111723 61666   60.00000   53  210   81.00000   36.00000  55.6%   185  701s
 113762 62581   76.00000   42  144   81.00000   36.00000  55.6%   185  715s
 115534 63712     cutoff   50        81.00000   36.00000  55.6%   186  729s
 117528 64978   48.00000   41  245   81.00000   36.00000  55.6%   187  745s
 119690 66118   75.00000   59  125   81.00000   36.00000  55.6%   187  759s
 121752 67385 infeasible   56        81.00000   36.00000  55.6%   188  773s
 123825 68514   61.00000   45  197   81.00000   36.00000  55.6%   188  787s
 125687 69551   60.00000   32  192   81.00000   36.00000  55.6%   189  800s
 127531 70748 infeasible   41        81.00000   36.00000  55.6%   189  813s
 129529 71815   61.00000   46  209   81.00000   36.00000  55.6%   189  827s
 131301 72913   80.00000   58  113   81.00000   36.00000  55.6%   190  840s
 133168 73882   36.00000   49  231   81.00000   36.00000  55.6%   190  853s
 135028 74905   74.00000   56  181   81.00000   36.00000  55.6%   190  866s
 136714 75902   72.00000   60  162   81.00000   37.00000  54.3%   191  879s
 138416 77042 infeasible   62        81.00000   37.00000  54.3%   191  894s
 140390 78358   48.00000   38  231   81.00000   37.00000  54.3%   192  909s
 142318 79391   73.00000   89  111   81.00000   37.00000  54.3%   192  922s
 144148 80440   76.00000   76  192   81.00000   37.00000  54.3%   193  936s
 146035 81733 infeasible   49        81.00000   37.00000  54.3%   193  950s
 147992 83124   80.00000   53  109   81.00000   37.67311  53.5%   193  965s
 150122 84574   70.00000   34  244   81.00000   38.00000  53.1%   193  981s
 152289 86083   79.00000   68  139   81.00000   38.00000  53.1%   193  998s
 154561 87453 infeasible   40        81.00000   38.00000  53.1%   193 1012s
 156568 88790   80.00000   64   46   81.00000   38.00000  53.1%   193 1028s
 158652 90356   75.00000   49  173   81.00000   38.00000  53.1%   193 1042s
 160815 91556   70.00000   40  204   81.00000   38.00000  53.1%   193 1053s
 162757 92710 infeasible   51        81.00000   38.00000  53.1%   193 1066s
 164647 93932 infeasible   83        81.00000   38.00000  53.1%   193 1081s
 166584 95302   57.00000   51  156   81.00000   38.00000  53.1%   193 1094s
 168452 96405   77.00000   49  109   81.00000   38.00000  53.1%   193 1108s
 170176 97548   46.00000   32  210   81.00000   38.00000  53.1%   193 1122s
 171917 98841   73.00000   51  138   81.00000   38.00000  53.1%   193 1136s
 173918 100092   72.00000   32  159   81.00000   38.00000  53.1%   193 1148s
 175676 101192 infeasible   63        81.00000   38.00000  53.1%   193 1162s
 177356 102493   76.00000   75   80   81.00000   38.00000  53.1%   193 1176s
 179175 103717 infeasible   64        81.00000   38.00000  53.1%   193 1191s
 181057 105221   75.00000   66  115   81.00000   39.00000  51.9%   193 1209s
 182178 105221   75.00000   46  114   81.00000   39.00000  51.9%   193 1210s
 183200 106377   80.00000   45   76   81.00000   39.00000  51.9%   192 1225s
 184937 107669   74.00000   53   89   81.00000   39.00000  51.9%   192 1239s
 186780 108747   60.00000   51  152   81.00000   39.00000  51.9%   192 1252s
 188441 109725   57.00000   55  147   81.00000   39.00000  51.9%   192 1267s
 190033 110816   73.00000   35  136   81.00000   39.00000  51.9%   192 1279s
 191774 112040   61.00000   41  175   81.00000   40.00000  50.6%   192 1297s
 193731 113243   75.00000   38  146   81.00000   40.00000  50.6%   192 1312s
 195563 114209   78.00000   59  145   81.00000   40.00000  50.6%   192 1327s
 197367 115402   75.00000   29  169   81.00000   40.00000  50.6%   192 1343s
 199212 116532   80.00000   75   38   81.00000   40.00000  50.6%   192 1359s
 201031 117610     cutoff   54        81.00000   40.00000  50.6%   192 1375s
 202728 118959   71.00000   51  135   81.00000   41.00000  49.4%   192 1393s
 204782 120193   45.00000   52  206   81.00000   41.00000  49.4%   192 1410s
 206700 121633   59.00000   34  131   81.00000   41.00000  49.4%   192 1426s
 208679 122779   76.00000   52  120   81.00000   41.00000  49.4%   192 1444s
 210531 124235   65.00000   46  175   81.00000   41.00000  49.4%   192 1461s
 212483 125477     cutoff   55        81.00000   41.00000  49.4%   192 1478s
 214491 126818   53.00000   35  193   81.00000   41.00000  49.4%   192 1495s
 216425 127979   76.00000   58   97   81.00000   41.00000  49.4%   192 1511s
 218172 129156   61.00000   42  182   81.00000   41.00000  49.4%   192 1530s
 220023 130614   77.00000   60  106   81.00000   41.00000  49.4%   192 1549s
 222117 131771   53.00000   49  214   81.00000   41.00000  49.4%   191 1565s
 223908 132970   65.00000   43  179   81.00000   41.00000  49.4%   191 1581s
 225692 134078   76.00000   38  156   81.00000   41.00000  49.4%   192 1600s
 227482 135266   80.00000   51   71   81.00000   41.00000  49.4%   192 1619s
 229361 136488     cutoff   73        81.00000   41.00000  49.4%   192 1639s
 231315 137746   64.00000   36  168   81.00000   41.74955  48.5%   192 1656s
 233148 139179   65.00000   53  220   81.00000   42.00000  48.1%   192 1681s
 235668 141084   79.00000   42  149   81.00000   42.00000  48.1%   192 1708s
 238494 142861 infeasible   46        81.00000   42.00000  48.1%   192 1739s
 241359 144570   79.00000   66  107   81.00000   42.00000  48.1%   192 1769s
 244048 146082     cutoff   56        81.00000   42.00000  48.1%   192 1798s
 246442 147690   76.00000   42  175   81.00000   42.00000  48.1%   192 1827s
 248992 149393   71.00000   50  113   81.00000   42.00000  48.1%   192 1854s
 249101 149393   80.00000   53  112   81.00000   42.00000  48.1%   192 1855s
 251524 150879   61.00000   53  185   81.00000   42.00000  48.1%   192 1882s
 253961 152368   76.00000   40  127   81.00000   42.00000  48.1%   192 1912s
 256401 153862   68.00000   49  174   81.00000   42.00000  48.1%   192 1938s
 258753 155440   79.00000   48  161   81.00000   42.00000  48.1%   193 1968s
 261374 156926   45.00000   25  157   81.00000   42.00000  48.1%   193 1998s
 263791 158424   80.00000   61   84   81.00000   42.00000  48.1%   193 2025s
 266174 159812   72.00000   47  138   81.00000   42.00000  48.1%   193 2052s
 268419 160997   62.00000   55  177   81.00000   42.00000  48.1%   193 2079s
 270840 162465   64.00000   41  165   81.00000   42.00000  48.1%   193 2107s
 273234 163825   55.00000   49  204   81.00000   42.00000  48.1%   193 2133s
 275339 165000   78.00000   37   91   81.00000   42.00000  48.1%   193 2156s
 277414 166167 infeasible   68        81.00000   42.00000  48.1%   193 2179s
 279435 167345   80.00000   63   76   81.00000   42.00000  48.1%   194 2205s
 281659 168726   55.00000   57  218   81.00000   42.00000  48.1%   194 2230s
*282547 154434              83      80.0000000   42.00000  47.5%   194 2230s
 283812 155603     cutoff   67        80.00000   42.00000  47.5%   194 2254s
 284814 155603   42.00000   29  176   80.00000   42.00000  47.5%   194 2255s
 285836 157023   75.00000   46  174   80.00000   42.00000  47.5%   194 2280s
 288074 158307 infeasible   59        80.00000   42.00000  47.5%   194 2307s
 290320 159693 infeasible   56        80.00000   42.00000  47.5%   194 2335s
 292473 161017   78.00000   42  134   80.00000   42.00000  47.5%   195 2360s
 294556 162149   70.00000   48  153   80.00000   42.00000  47.5%   195 2383s
 296463 163661   59.00000   38  198   80.00000   42.00000  47.5%   195 2412s
 298852 164776   77.00000   55  115   80.00000   42.00000  47.5%   195 2436s
 300857 166082   78.00000   66  103   80.00000   42.00000  47.5%   195 2465s
 303027 167351 infeasible   67        80.00000   42.00000  47.5%   195 2492s
 305193 168435   69.00000   36  129   80.00000   42.00000  47.5%   195 2517s
 307140 169815   76.00000   67  109   80.00000   42.00000  47.5%   196 2543s
 309236 170967   62.00000   50  172   80.00000   42.00000  47.5%   196 2569s
 310517 170967 infeasible   75        80.00000   42.00000  47.5%   196 2570s
 311211 171959   42.00000   40  204   80.00000   42.00000  47.5%   196 2595s
 313061 173055 infeasible   71        80.00000   42.00000  47.5%   196 2621s
 315008 174116   79.00000   69   97   80.00000   42.00000  47.5%   196 2647s
 316956 175129   51.00000   38  157   80.00000   42.00000  47.5%   196 2670s
 318636 176116   75.00000   52  146   80.00000   42.00000  47.5%   197 2695s
 320495 177092   64.00000   39  170   80.00000   42.00000  47.5%   197 2720s
 322324 178106   77.00000   50   86   80.00000   42.00000  47.5%   197 2743s
 324109 179212 infeasible   64        80.00000   42.00000  47.5%   197 2771s
 326038 180328   73.00000   45  130   80.00000   42.00000  47.5%   197 2794s
 327435 180328 infeasible   51        80.00000   42.00000  47.5%   197 2795s
 327996 181551   70.00000   35  136   80.00000   42.00000  47.5%   198 2817s
 329951 182564   61.00000   34  235   80.00000   43.00000  46.3%   198 2840s
 331827 183545   76.00000   48  138   80.00000   43.00000  46.3%   198 2865s
 333633 184581   71.00000   73  119   80.00000   43.00000  46.3%   198 2890s
 335436 185654   77.00000   68  151   80.00000   43.00000  46.3%   198 2913s
 337201 186895   78.00000   64  127   80.00000   43.00000  46.3%   198 2938s
 339122 187875     cutoff   66        80.00000   44.00000  45.0%   199 2963s
 340825 189161   79.00000   43  196   80.00000   44.00000  45.0%   199 2988s
 342776 190209   76.00000   63   99   80.00000   44.00000  45.0%   199 3014s
 344706 191322   53.00000   48  232   80.00000   44.00000  45.0%   199 3042s
 346679 192394 infeasible   61        80.00000   44.00000  45.0%   199 3071s
 348558 193604   72.00000   52  153   80.00000   44.00000  45.0%   199 3099s
 350057 193604   67.00000   56  153   80.00000   44.00000  45.0%   200 3100s
 350635 194968   78.00000   57   93   80.00000   44.00000  45.0%   200 3126s
 352763 196077   68.00000   59  136   80.00000   44.00000  45.0%   200 3153s
 354695 197392   52.00000   29  190   80.00000   44.00000  45.0%   200 3180s
 356704 198605   72.00000   39  132   80.00000   44.00000  45.0%   200 3205s
 358681 199561   74.00000   51   95   80.00000   44.00000  45.0%   200 3230s
 360505 200740   71.00000   36  159   80.00000   44.00000  45.0%   200 3259s
 362452 201965   57.00000   36  167   80.00000   45.00000  43.8%   200 3284s
 364353 203591   79.00000   39   81   80.00000   45.00000  43.8%   200 3314s
 366692 204767   60.00000   34  201   80.00000   45.00000  43.8%   200 3342s
 368889 205979   74.00000   53  108   80.00000   45.00000  43.8%   200 3369s
 370891 207130   53.00000   32  161   80.00000   45.00000  43.8%   200 3396s
 372925 208337   57.00000   43  210   80.00000   45.00000  43.8%   200 3422s
 374774 209499   77.00000   69   62   80.00000   45.00000  43.8%   200 3451s
 376862 210646 infeasible   47        80.00000   45.00000  43.8%   200 3480s
 378868 211763   68.00000   42  119   80.00000   45.00000  43.8%   200 3509s
 380703 212963 infeasible   61        80.00000   45.00000  43.8%   200 3538s
 382684 214234   77.00000   46  106   80.00000   45.00000  43.8%   200 3565s
 384676 215577   77.00000   61  101   80.00000   45.00000  43.8%   200 3594s
 386732 216721   72.00000   61  141   80.00000   45.00000  43.8%   200 3624s
 388654 217950   78.00000   46  121   80.00000   45.00000  43.8%   200 3654s
 390769 219106   50.00000   37  171   80.00000   45.00000  43.8%   200 3683s
 392733 220049 infeasible   68        80.00000   45.00000  43.8%   200 3713s
 394719 220946   70.00000   55  117   80.00000   45.00000  43.8%   200 3742s
 396461 221948   61.00000   49  183   80.00000   45.00000  43.8%   200 3769s
 398268 222917   79.00000   41  136   80.00000   45.00000  43.8%   201 3797s
 400098 223850   60.00000   50  151   80.00000   45.00000  43.8%   201 3828s
 401961 224808 infeasible   68        80.00000   45.00000  43.8%   201 3858s
 403826 225732   73.00000   54  156   80.00000   45.00000  43.8%   201 3887s
 405617 226871     cutoff   65        80.00000   45.00000  43.8%   201 3916s
 407413 227837   78.00000   81   81   80.00000   45.00000  43.8%   201 3943s
 409062 229508     cutoff   71        80.00000   46.00000  42.5%   201 3991s
 411842 230996   79.00000   58   80   80.00000   46.00000  42.5%   201 4035s
 414564 232692   46.00000   43  260   80.00000   46.00000  42.5%   202 4075s
 417141 234312   77.00000   60  211   80.00000   46.00000  42.5%   202 4120s
 419924 235901 infeasible   44        80.00000   46.00000  42.5%   202 4167s
 422530 237517   75.00000   50  106   80.00000   46.00000  42.5%   202 4212s
 425357 239352   46.00000   27  178   80.00000   46.00000  42.5%   202 4257s
 428324 241126   71.00000   42  153   80.00000   46.00000  42.5%   202 4302s
 431263 242616   46.00000   36  191   80.00000   46.00000  42.5%   202 4347s
 433809 244179   77.00000   60  136   80.00000   46.00000  42.5%   202 4393s
 436576 246028   48.00000   51  203   80.00000   46.00000  42.5%   202 4441s
 439492 247836   79.00000   65   75   80.00000   46.00000  42.5%   202 4487s
 442410 249444   79.00000   58   70   80.00000   46.00000  42.5%   202 4534s
 444557 249444   79.00000   56   92   80.00000   46.00000  42.5%   202 4535s
 445084 250990   66.00000   44  143   80.00000   46.00000  42.5%   202 4577s
 447751 252836   65.00000   55  136   80.00000   46.00000  42.5%   202 4622s
 450604 254353   77.00000   50  107   80.00000   46.00000  42.5%   202 4664s
 451361 254353   72.00000   62  125   80.00000   46.00000  42.5%   202 4665s
 453151 256023   79.00000   57   82   80.00000   46.00000  42.5%   203 4714s
 455877 257736   74.00000   44  108   80.00000   46.00000  42.5%   203 4759s
 458688 259340   78.00000   43   90   80.00000   46.00000  42.5%   203 4806s
 461424 260844     cutoff   65        80.00000   46.00000  42.5%   203 4851s
 464327 262525   79.00000   66   65   80.00000   46.00000  42.5%   202 4895s
 466988 264019   79.00000   48  110   80.00000   46.00000  42.5%   202 4940s
 469344 265749   79.00000   72   56   80.00000   46.00000  42.5%   203 4985s
 471966 267359   61.00000   27  184   80.00000   46.00000  42.5%   203 5030s
 474562 269066   57.00000   42  171   80.00000   46.00000  42.5%   203 5076s
 477257 270902   74.00000   64  124   80.00000   46.00000  42.5%   203 5126s
 480006 272523   59.00000   50  152   80.00000   46.00000  42.5%   203 5171s
 482544 274247   61.00000   39  193   80.00000   46.00000  42.5%   203 5220s
 485348 276203   79.00000   54   94   80.00000   46.00000  42.5%   203 5268s
 488238 277780   65.00000   42  152   80.00000   46.00000  42.5%   203 5319s
 490907 279391 infeasible   60        80.00000   46.00000  42.5%   203 5368s
 493597 281113   77.00000   58   96   80.00000   46.00000  42.5%   203 5414s
 496217 282755   78.00000   75   74   80.00000   46.00000  42.5%   203 5460s
 498839 284355 infeasible   62        80.00000   46.00000  42.5%   203 5509s
 500724 284355 infeasible   56        80.00000   46.00000  42.5%   203 5510s
 501524 285923   59.00000   48  164   80.00000   46.00000  42.5%   203 5563s
 504186 287418 infeasible   66        80.00000   46.00000  42.5%   203 5613s
 506770 288939 infeasible   64        80.00000   46.00000  42.5%   203 5662s
 509381 290550   50.00000   42  202   80.00000   46.00000  42.5%   203 5714s
 512094 291795   73.00000   51  155   80.00000   46.00000  42.5%   203 5766s
 514646 293278     cutoff   50        80.00000   46.00000  42.5%   203 5815s
 517225 294947 infeasible   60        80.00000   46.00000  42.5%   203 5867s
 519982 296547   78.00000   65   99   80.00000   46.00000  42.5%   203 5917s
 522592 298160   56.00000   68  195   80.00000   46.00000  42.5%   204 5970s
 525213 299589 infeasible   47        80.00000   46.00000  42.5%   204 6022s
 527739 301337   74.00000   56  156   80.00000   46.00000  42.5%   204 6078s
 530678 303085     cutoff   44        80.00000   46.00000  42.5%   204 6128s
 533410 304757   65.00000   46  138   80.00000   46.00000  42.5%   204 6185s
 536203 306267   61.00000   38  155   80.00000   46.00000  42.5%   204 6234s
 538883 307786 infeasible   50        80.00000   46.00000  42.5%   204 6286s
 541544 309293     cutoff   62        80.00000   46.00000  42.5%   204 6338s
 544118 310662   65.00000   54  185   80.00000   46.00000  42.5%   204 6388s
 546471 312212   71.00000   45  126   80.00000   46.00000  42.5%   204 6442s
 549116 313775 infeasible   59        80.00000   46.00000  42.5%   204 6495s
 551675 315161 infeasible   62        80.00000   46.00000  42.5%   204 6550s
 554559 316510 infeasible   71        80.00000   46.00000  42.5%   204 6604s
 555864 316510   75.00000   38  181   80.00000   46.00000  42.5%   204 6605s
 557052 318176   47.00000   34  196   80.00000   46.00000  42.5%   204 6658s
 559944 319693   71.00000   44  109   80.00000   46.00000  42.5%   204 6708s
 562473 321191   77.00000   55   86   80.00000   46.00000  42.5%   204 6760s
 565095 322664     cutoff   58        80.00000   46.00000  42.5%   204 6813s
 567486 324124   72.00000   48  119   80.00000   46.00000  42.5%   205 6865s
 569955 325621   60.00000   54  201   80.00000   46.00000  42.5%   205 6912s
 572378 327235     cutoff   71        80.00000   46.00000  42.5%   205 6960s
 574845 328476   65.00000   52  164   80.00000   46.00000  42.5%   205 7009s
 575561 328476   59.00000   38  189   80.00000   46.00000  42.5%   205 7010s
 577262 329673     cutoff   58        80.00000   46.00000  42.5%   205 7058s
 579405 330812 infeasible   56        80.00000   46.00000  42.5%   205 7105s
 581592 332123   77.00000   45   85   80.00000   46.00000  42.5%   205 7152s
 583957 333398   79.00000   66   88   80.00000   46.00000  42.5%   205 7199s
 586147 334577   64.00000   38  193   80.00000   46.00000  42.5%   205 7246s
 588213 335814   59.00000   38  189   80.00000   46.00000  42.5%   205 7289s
 590177 336872   78.00000   68   72   80.00000   46.00000  42.5%   205 7336s
 592584 338217   75.00000   39  133   80.00000   46.00000  42.5%   205 7382s
 594790 339367   75.00000   85   86   80.00000   46.00000  42.5%   205 7426s
 596630 340582   59.00000   37  144   80.00000   46.00000  42.5%   205 7474s
 596743 340582   59.00000   40  144   80.00000   46.00000  42.5%   205 7475s
 598860 341703   48.00000   31  218   80.00000   46.00000  42.5%   205 7518s
 600892 342816   78.00000   68  103   80.00000   46.00000  42.5%   205 7563s
 602950 343885   74.00000   67   90   80.00000   46.00000  42.5%   205 7607s
 604825 345084 infeasible   66        80.00000   46.00000  42.5%   205 7650s
 606931 346180   79.00000   71   30   80.00000   46.00000  42.5%   205 7689s
 608744 347172   69.00000   62  145   80.00000   46.00000  42.5%   205 7729s
 610541 348155   75.00000   56  106   80.00000   46.00000  42.5%   205 7772s
 612564 349186   76.00000   42  129   80.00000   47.00000  41.3%   205 7809s
 614390 350537   55.00000   36  180   80.00000   47.00000  41.3%   205 7859s
 615590 350537   78.00000   73   62   80.00000   47.00000  41.3%   205 7860s
 616958 352111 infeasible   56        80.00000   47.00000  41.3%   205 7909s
 619404 353712   78.00000   49  126   80.00000   47.00000  41.3%   206 7967s
 622148 355196   78.00000   54  110   80.00000   47.00000  41.3%   205 8021s
 624792 356887   78.00000   44  115   80.00000   47.00000  41.3%   205 8074s
 627438 358395 infeasible   40        80.00000   47.00000  41.3%   205 8126s
 630097 359917   69.00000   46  129   80.00000   47.00000  41.3%   205 8177s
 632482 361183   78.00000   49   98   80.00000   47.00000  41.3%   205 8231s
 634672 362419   57.00000   44  154   80.00000   47.00000  41.3%   205 8279s
 636513 362419 infeasible   58        80.00000   47.00000  41.3%   205 8280s
 636847 363684   59.00000   55  174   80.00000   47.00000  41.3%   205 8329s
 639046 365295 infeasible   67        80.00000   47.00000  41.3%   205 8385s
 641678 366740   76.00000   60  111   80.00000   47.00000  41.3%   205 8434s
 643857 368278 infeasible   84        80.00000   47.00000  41.3%   205 8486s
 646296 369593   69.00000   31  153   80.00000   47.00000  41.3%   205 8537s
 648681 371250   78.00000   57  103   80.00000   47.00000  41.3%   205 8593s
 651321 372709   75.00000   48  141   80.00000   47.00000  41.3%   205 8649s
 651834 372709   69.00000   30  131   80.00000   47.00000  41.3%   205 8650s
 653652 374238   59.00000   41  121   80.00000   47.00000  41.3%   205 8705s
 656169 375788   77.00000   56   94   80.00000   47.00000  41.3%   205 8759s
 658683 377116     cutoff   64        80.00000   47.00000  41.3%   205 8810s
 660983 378418     cutoff   55        80.00000   47.00000  41.3%   205 8870s
 663328 379839   79.00000   45  149   80.00000   47.00000  41.3%   205 8927s
 665886 381263   75.00000   44  121   80.00000   47.00000  41.3%   205 8983s
 668562 382479   71.00000   56  143   80.00000   47.00000  41.3%   205 9038s
 670912 383894   48.00000   35  171   80.00000   47.00000  41.3%   205 9093s
 673323 385048   71.00000   43  186   80.00000   47.00000  41.3%   205 9147s
 675433 386433   61.00000   50  162   80.00000   47.00000  41.3%   205 9200s
 677834 387873   66.00000   52  151   80.00000   47.00000  41.3%   205 9255s
 680236 389259 infeasible   78        80.00000   47.00000  41.3%   205 9310s
 682691 390530   64.00000   56  169   80.00000   47.00000  41.3%   205 9368s
 684891 392012   78.00000   51  124   80.00000   47.00000  41.3%   205 9421s
 687269 393404   77.00000   49  147   80.00000   47.00000  41.3%   205 9474s
 689606 394736   61.00000   47  206   80.00000   47.00000  41.3%   205 9527s
 691924 396135   72.00000   77  126   80.00000   47.00000  41.3%   205 9584s
 694254 397519   79.00000   71   33   80.00000   47.00000  41.3%   205 9641s
 696664 398888   77.00000   56  133   80.00000   47.00000  41.3%   205 9692s
 698938 400182   79.00000   68   94   80.00000   47.00000  41.3%   205 9745s
 701270 401402   78.00000   48  127   80.00000   47.00000  41.3%   205 9803s
 703485 402503   47.00000   53  154   80.00000   47.00000  41.3%   205 9859s
 705707 403619 infeasible   64        80.00000   47.00000  41.3%   205 9914s
 707582 403619   72.00000   48  157   80.00000   47.00000  41.3%   206 9915s
 707985 404854   74.00000   50  110   80.00000   47.00000  41.3%   206 9968s
 710256 406022 infeasible   78        80.00000   47.00000  41.3%   206 10020s
 712361 407227 infeasible   65        80.00000   47.00000  41.3%   206 10076s
 714474 408484   76.00000   44  157   80.00000   47.00000  41.3%   206 10130s
 716677 409600   72.00000   56   92   80.00000   47.00000  41.3%   206 10185s
 719011 410892 infeasible   70        80.00000   47.00000  41.3%   206 10237s
 721300 412062   71.00000   49  157   80.00000   47.00000  41.3%   206 10290s
 723388 413139   50.00000   61  205   80.00000   47.00000  41.3%   206 10344s
 725382 414293   57.00000   40  149   80.00000   47.00000  41.3%   206 10392s
 727279 415402   59.00000   43  203   80.00000   47.00000  41.3%   206 10443s
 729381 416347   69.00000   74   70   80.00000   47.00000  41.3%   206 10494s
 731415 417531   79.00000   67   68   80.00000   47.00000  41.3%   206 10547s
 733499 418669   69.00000   45  124   80.00000   47.00000  41.3%   206 10600s
 735616 419654   74.00000   48  118   80.00000   47.00000  41.3%   206 10653s
 737763 420843   78.00000   61   76   80.00000   47.00000  41.3%   206 10705s
 739842 421785   48.00000   42  215   80.00000   47.00000  41.3%   206 10761s
 741983 422594   72.00000   49  165   80.00000   47.00000  41.3%   206 10800s

Explored 743564 nodes (153071535 simplex iterations) in 10801.20 seconds (3882.67 work units)
Thread count was 18 (of 36 available processors)

Solution count 10: 80 81 82 ... 89

Time limit reached
Best objective 8.000000000000e+01, best bound 4.700000000000e+01, gap 41.2500%
