
Gurobi 11.0.0 (win64) logging started Fri May 17 05:08:46 2024

Set parameter LogFile to value "./Results/StripPacking-SequencePairRuns/Logs/RUsp-010-StripPacking-25.log"
Set parameter TimeLimit to value 10800
Set parameter Cuts to value 0
Set parameter Presolve to value 1
Set parameter Heuristics to value 0
Set parameter LPWarmStart to value 2
Gurobi Optimizer version 11.0.0 build v11.0.0rc2 (win64 - Windows 10.0 (19045.2))

CPU model: Intel(R) Core(TM) i9-10980XE CPU @ 3.00GHz, instruction set [SSE2|AVX|AVX2|AVX512]
Thread count: 18 physical cores, 36 logical processors, using up to 18 threads

Optimize a model with 32125 rows, 1251 columns and 94850 nonzeros
Model fingerprint: 0x5fbcc502
Variable types: 51 continuous, 1200 integer (1200 binary)
Coefficient statistics:
  Matrix range     [1e+00, 1e+04]
  Objective range  [1e+00, 1e+00]
  Bounds range     [1e+00, 1e+04]
  RHS range        [1e+00, 1e+04]

Warning: Completing partial solution with 1200 unfixed non-continuous variables out of 1200
User MIP start produced solution with objective 102.2 (0.05s)
Loaded user MIP start with objective 102.2

Presolve removed 600 rows and 0 columns
Presolve time: 0.14s
Presolved: 31525 rows, 1251 columns, 93650 nonzeros
Variable types: 51 continuous, 1200 integer (1200 binary)
Root relaxation presolved: 1251 rows, 32776 columns, 94901 nonzeros


Root relaxation: objective 3.500000e+01, 2098 iterations, 0.17 seconds (0.19 work units)

    Nodes    |    Current Node    |     Objective Bounds      |     Work
 Expl Unexpl |  Obj  Depth IntInf | Incumbent    BestBd   Gap | It/Node Time

     0     0   35.00000    0  253  102.20000   35.00000  65.8%     -    4s
     0     0   35.00000    0  253  102.20000   35.00000  65.8%     -    4s
     0     2   35.00000    0  191  102.20000   35.00000  65.8%     -    5s
   161   182   35.00000   10  181  102.20000   35.00000  65.8%   166   10s
   601   687   37.22222   41  205  102.20000   35.00000  65.8%   155   15s
  1195  1299   45.00000   62  196  102.20000   35.00000  65.8%   152   20s
  1965  2084   77.00000   91  126  102.20000   35.00000  65.8%   139   25s
* 2805  2569             145     101.0000000   35.00000  65.3%   126   27s
  2884  2842   35.00000   17  192  101.00000   35.00000  65.3%   127   30s
  3984  3435   89.00000  106  190  101.00000   35.00000  65.3%   129   37s
  4017  3476   35.00000   17  167  101.00000   35.00000  65.3%   133   40s
  4319  3682   35.00000   25  179  101.00000   35.00000  65.3%   130   45s
  4771  4029   35.00000   37  204  101.00000   35.00000  65.3%   128   50s
* 5483  4207             122     100.0000000   35.00000  65.0%   127   54s
* 5590  4083             109      98.0000000   35.00000  64.3%   127   54s
  5605  4160   35.00000   47  250   98.00000   35.00000  64.3%   127   55s
* 6126  4227             108      97.0000000   35.00000  63.9%   127   57s
* 6638  4250             127      95.0000000   35.00000  63.2%   127   59s
  6702  4315   72.00000   79  169   95.00000   35.00000  63.2%   127   60s
* 7126  4364             113      93.0000000   35.00000  62.4%   127   63s
* 7420  4183             111      92.0000000   35.00000  62.0%   127   64s
* 7477  3927             140      90.0000000   35.00000  61.1%   126   64s
  7609  3947   82.00000   97  123   90.00000   35.00000  61.1%   127   66s
* 8153  4002             110      89.0000000   35.00000  60.7%   127   69s
  8402  3954   47.00000   53  204   89.00000   35.00000  60.7%   128   71s
* 8753  4012             105      88.0000000   35.00000  60.2%   129   73s
  9012  4120 infeasible   76        88.00000   35.00000  60.2%   129   75s
 10058  4594   57.00000   47  204   88.00000   35.00000  60.2%   132   82s
 10486  4756   69.00000   64  143   88.00000   35.00000  60.2%   134   85s
 11460  5454   58.00000   52  172   88.00000   35.00000  60.2%   136   91s
 12458  6098   60.00000   52  175   88.00000   35.00000  60.2%   142   98s
*12850  5828             111      87.0000000   35.00000  59.8%   142   98s
 12872  6300   84.00000   64  138   87.00000   35.00000  59.8%   141  102s
 13611  6916   66.00000   57  156   87.00000   35.00000  59.8%   142  108s
*14288  6582             112      86.0000000   35.00000  59.3%   141  108s
 14514  7034   54.00000   43  192   86.00000   35.00000  59.3%   141  113s
*15185  6719              92      85.0000000   35.00000  58.8%   141  113s
 15205  7271   51.00000   48  204   85.00000   35.00000  58.8%   141  118s
 16088  7949   67.00000   56  190   85.00000   35.00000  58.8%   141  124s
*16832  7540             107      84.0000000   35.00000  58.3%   141  124s
 17072  7994   57.00000   50  193   84.00000   35.00000  58.3%   141  131s
 18003  8627   55.00000   61  233   84.00000   35.00000  58.3%   141  136s
 18927  9265   40.00000   51  252   84.00000   35.00000  58.3%   141  142s
 19799  9566   44.00000   47  205   84.00000   35.00000  58.3%   143  146s
 20203 10159   45.00000   53  204   84.00000   35.00000  58.3%   144  152s
 20996 10772   77.00000   79   84   84.00000   35.00000  58.3%   147  159s
 22003 11665   48.00000   49  238   84.00000   35.00000  58.3%   148  169s
 23302 12289   80.00000   58   89   84.00000   35.00000  58.3%   147  177s
 24267 13094   83.00000   80   82   84.00000   35.00000  58.3%   148  184s
*24652 12385             112      83.0000000   35.00000  57.8%   148  184s
 25491 13036   36.00000   25  237   83.00000   35.00000  57.8%   148  192s
 26580 13678   51.00000   45  156   83.00000   35.00000  57.8%   149  199s
 27476 14158   64.00000   67  150   83.00000   35.00000  57.8%   151  206s
 28234 15064   70.00000   96   78   83.00000   35.00000  57.8%   153  217s
 29691 16067   51.00000   47  221   83.00000   35.00000  57.8%   153  226s
 30950 16990   77.00000   55  184   83.00000   35.00000  57.8%   155  237s
 32424 18098   64.00000   57  196   83.00000   35.00000  57.8%   156  249s
 34144 19208   80.00000   79   72   83.00000   35.00000  57.8%   157  263s
 35954 20220   43.00000   60  173   83.00000   35.00000  57.8%   157  274s
 37464 20858   80.00000   86  112   83.00000   35.00000  57.8%   158  285s
*38166 19142              94      82.0000000   35.00000  57.3%   159  286s
 38615 20206     cutoff   73        82.00000   35.00000  57.3%   159  298s
 40309 21741   35.00000   38  259   82.00000   35.00000  57.3%   161  317s
 42743 23160   79.00000   66  118   82.00000   35.00000  57.3%   160  334s
 44902 24658   73.00000   58  183   82.00000   35.00000  57.3%   161  350s
 47189 26295   80.00000   76   62   82.00000   35.00000  57.3%   162  371s
 49844 27838   72.00000   73  182   82.00000   35.00000  57.3%   162  390s
 52244 28782   47.00000   49  189   82.00000   35.00000  57.3%   162  405s
 53736 30420   35.00000   56  211   82.00000   35.00000  57.3%   162  425s
 56206 32016   58.00000   56  225   82.00000   35.00000  57.3%   163  446s
 58750 33610   54.00000   48  245   82.00000   35.00000  57.3%   163  466s
 61232 35063   47.00000   42  221   82.00000   35.00000  57.3%   164  487s
 63574 36703   61.00000   64  171   82.00000   35.00000  57.3%   164  511s
 66169 38345   54.00000   47  179   82.00000   35.00000  57.3%   164  532s
 68748 39509   45.00000   47  168   82.00000   35.00000  57.3%   164  551s
 70643 41634   65.00000   43  234   82.00000   35.00000  57.3%   165  581s
 73705 43395   44.00000   48  263   82.00000   35.00000  57.3%   166  603s
 76396 45293   78.00000   65  139   82.00000   35.00000  57.3%   167  624s
 79153 47226   69.00000   63  151   82.00000   35.00000  57.3%   167  648s
 82017 48775 infeasible   88        82.00000   35.00000  57.3%   168  667s
 84164 50613   76.00000   81   62   82.00000   35.00000  57.3%   168  689s
 87002 52402 infeasible   74        82.00000   35.00000  57.3%   169  713s
 89826 54124     cutoff   90        82.00000   35.00000  57.3%   169  737s
 92610 55750   61.00000   50  190   82.00000   35.00000  57.3%   169  757s
 95019 57735   36.00000   51  213   82.00000   35.00000  57.3%   170  784s
 98023 59388 infeasible   55        82.00000   35.00000  57.3%   169  805s
 100546 61248   62.00000   57  272   82.00000   35.00000  57.3%   170  829s
 103419 62968 infeasible  100        82.00000   35.00000  57.3%   169  849s
 105926 64745   62.00000   42  162   82.00000   35.00000  57.3%   170  873s
 108708 66366   79.00000   71   94   82.00000   35.00000  57.3%   169  895s
 111264 68161   48.00000   38  211   82.00000   35.00000  57.3%   169  917s
*112883 61007              96      81.0000000   35.00000  56.8%   169  917s
 113781 62394   71.00000   58  162   81.00000   35.00000  56.8%   170  937s
 116280 64077   79.00000   72   96   81.00000   35.00000  56.8%   170  960s
 118955 65672   67.00000   42  175   81.00000   35.00000  56.8%   170  981s
*121186 60871              90      80.0000000   35.00000  56.3%   170  982s
 121435 62130   64.00000   63  165   80.00000   35.00000  56.3%   170 1004s
 123883 63602     cutoff   82        80.00000   35.00000  56.3%   170 1024s
 126043 64996     cutoff   70        80.00000   35.00000  56.3%   171 1046s
 128389 66493   79.00000   89   38   80.00000   35.00000  56.3%   171 1070s
 130836 68090   75.00000   61  169   80.00000   35.00000  56.3%   172 1095s
 133467 69746   69.00000   54  184   80.00000   35.00000  56.3%   172 1121s
 136184 71353   77.00000   54   68   80.00000   35.00000  56.3%   172 1143s
*138019 66647             108      79.0000000   35.00000  55.7%   172 1144s
 138717 67723   78.00000   66  106   79.00000   35.00000  55.7%   173 1167s
 140929 69328   47.00000   61  227   79.00000   35.00000  55.7%   173 1193s
 143640 70829   36.00000   46  186   79.00000   35.00000  55.7%   173 1215s
 146009 72259   62.00000   55  149   79.00000   35.00000  55.7%   174 1235s
 148346 73680   78.00000   73   74   79.00000   35.00000  55.7%   175 1258s
 150665 75143   72.00000   62  158   79.00000   35.00000  55.7%   176 1284s
 153340 76859     cutoff   73        79.00000   35.00000  55.7%   176 1311s
 156153 78372   62.00000   58  185   79.00000   35.00000  55.7%   177 1334s
*157889 72789              86      78.0000000   35.00000  55.1%   177 1334s
 158589 74073   68.00000   58  111   78.00000   35.00000  55.1%   177 1358s
 160822 75340 infeasible   75        78.00000   35.00000  55.1%   178 1379s
 162915 77037   47.00000   56  216   78.00000   35.00000  55.1%   178 1406s
 165587 78376   76.00000   68   95   78.00000   35.00000  55.1%   179 1428s
 167939 79676   36.00000   68  229   78.00000   35.00000  55.1%   179 1453s
 170269 81179   54.00000   57  167   78.00000   35.00000  55.1%   180 1479s
 172265 81179   77.00000   68   71   78.00000   35.00000  55.1%   180 1480s
 172806 82379   69.00000   59  177   78.00000   35.00000  55.1%   180 1502s
 175148 83804   67.00000   57  207   78.00000   35.00000  55.1%   180 1525s
 177529 85079   70.00000   57  162   78.00000   35.00000  55.1%   181 1550s
 179766 86417   55.00000   51  176   78.00000   35.00000  55.1%   181 1573s
 182136 87732   48.00000   61  207   78.00000   35.00000  55.1%   181 1593s
 184287 88910   75.00000   61   88   78.00000   35.00000  55.1%   182 1614s
 186361 90188   70.00000   59  162   78.00000   35.00000  55.1%   182 1636s
 188538 91603   77.00000   64   93   78.00000   35.00000  55.1%   183 1661s
 190855 92949   66.00000   59  163   78.00000   35.00000  55.1%   183 1684s
 192342 92949   59.00000   56  185   78.00000   35.00000  55.1%   183 1685s
 193152 94366   50.00000   57  179   78.00000   35.00000  55.1%   183 1710s
 195546 95655   45.00000   47  212   78.00000   35.00000  55.1%   183 1734s
 197796 97082   55.00000   48  214   78.00000   35.00000  55.1%   184 1755s
 199982 98238   75.00000   70  106   78.00000   35.00000  55.1%   184 1774s
 200979 98238   71.00000   52  208   78.00000   35.00000  55.1%   184 1775s
 202193 99467   36.00000   44  263   78.00000   35.00000  55.1%   184 1796s
 204275 100822   53.00000   51  225   78.00000   35.00000  55.1%   184 1819s
 206531 101949   55.00000   50  173   78.00000   35.00000  55.1%   185 1841s
 208548 103093   74.00000   56  148   78.00000   35.00000  55.1%   185 1861s
 210700 104341   73.00000   55  159   78.00000   35.00000  55.1%   185 1883s
 212779 105508     cutoff   61        78.00000   35.00000  55.1%   185 1903s
 214707 106739   36.00000   61  255   78.00000   35.00000  55.1%   185 1924s
 216765 107927   49.00000   50  271   78.00000   35.00000  55.1%   185 1945s
 218762 109117   49.00000   52  181   78.00000   35.00000  55.1%   186 1966s
 220742 110260   51.00000   49  218   78.00000   35.00000  55.1%   186 1985s
 222695 111426   75.00000   70  108   78.00000   35.00000  55.1%   186 2006s
 224595 112458 infeasible   66        78.00000   35.00000  55.1%   186 2028s
 226502 113533   62.00000   51  192   78.00000   35.00000  55.1%   187 2049s
 228472 114579   71.00000   67  144   78.00000   35.00000  55.1%   187 2070s
 230269 115690   69.00000   55  193   78.00000   35.00000  55.1%   187 2091s
 232193 116719   73.00000   66  156   78.00000   35.00000  55.1%   187 2113s
 234024 117763     cutoff   81        78.00000   35.00000  55.1%   187 2134s
 235843 118765   37.00000   50  219   78.00000   35.00000  55.1%   188 2154s
 237605 119854   73.00000   56  166   78.00000   35.00000  55.1%   188 2176s
 239525 120788   69.00000   43  201   78.00000   35.00000  55.1%   188 2195s
 241050 121686   62.00000   55  177   78.00000   35.00000  55.1%   188 2216s
 242968 122722   51.00000   45  203   78.00000   35.00000  55.1%   188 2237s
 244862 124054   74.00000   60  159   78.00000   36.00000  53.8%   189 2262s
 247025 125233   53.00000   60  237   78.00000   36.00000  53.8%   189 2288s
 249206 126635   48.00000   55  214   78.00000   36.00000  53.8%   190 2317s
 251630 127948   67.00000   52  250   78.00000   36.00000  53.8%   190 2344s
 253865 129774   65.00000   74  142   78.00000   36.00000  53.8%   190 2378s
 256572 131405   66.00000   68  157   78.00000   36.00000  53.8%   191 2411s
 259416 132977   74.00000   53  141   78.00000   36.00000  53.8%   191 2444s
 262091 134423   77.00000   48  167   78.00000   36.00000  53.8%   191 2475s
 264589 136045   58.00000   53  184   78.00000   36.00000  53.8%   191 2506s
 267143 137730   54.00000   55  235   78.00000   36.00000  53.8%   191 2540s
 269736 139383   73.00000   69   82   78.00000   36.00000  53.8%   191 2570s
 272294 140832   48.00000   56  190   78.00000   36.00000  53.8%   191 2601s
 274820 142350   69.00000   54  176   78.00000   36.00000  53.8%   192 2633s
 277272 143786   76.00000   66   88   78.00000   36.00000  53.8%   192 2664s
 279555 145366 infeasible   85        78.00000   36.00000  53.8%   192 2695s
 282087 146905   54.00000   68  207   78.00000   36.00000  53.8%   192 2723s
 284481 148389   66.00000   69  173   78.00000   36.00000  53.8%   192 2754s
 287008 149821 infeasible   65        78.00000   36.00000  53.8%   192 2788s
 289461 151356   70.00000   57  177   78.00000   36.00000  53.8%   193 2821s
 292024 152747   36.00000   41  207   78.00000   36.00000  53.8%   193 2851s
 294478 154027   75.00000   62  124   78.00000   36.00000  53.8%   193 2881s
 296977 155370   75.00000   65   83   78.00000   36.00000  53.8%   193 2912s
 299280 156803 infeasible   68        78.00000   36.00000  53.8%   193 2944s
 301541 158277   49.00000   50  237   78.00000   36.00000  53.8%   193 2972s
 303736 159651   58.00000   67  194   78.00000   36.00000  53.8%   193 3001s
 306020 161174 infeasible   68        78.00000   36.00000  53.8%   193 3030s
 308287 162409   60.00000   51  232   78.00000   36.00000  53.8%   194 3059s
 310394 163844   77.00000   77   77   78.00000   36.00000  53.8%   194 3089s
 312855 165353   72.00000   60  143   78.00000   36.00000  53.8%   194 3119s
 315245 166737 infeasible   64        78.00000   36.00000  53.8%   194 3152s
 317739 167874   53.00000   52  172   78.00000   36.00000  53.8%   194 3184s
 319895 168936   76.00000   86   41   78.00000   36.00000  53.8%   195 3213s
 321917 170368   75.00000   68  110   78.00000   36.00000  53.8%   195 3246s
 324349 171643 infeasible   56        78.00000   36.00000  53.8%   195 3275s
 326477 172767   64.00000   53  189   78.00000   36.00000  53.8%   195 3305s
 328532 174147 infeasible   74        78.00000   36.00000  53.8%   195 3336s
 330811 175460   49.00000   51  197   78.00000   36.00000  53.8%   195 3365s
 332988 176685 infeasible   79        78.00000   36.00000  53.8%   195 3396s
 335201 177693   72.00000   89   72   78.00000   36.00000  53.8%   195 3427s
 337238 178894 infeasible  101        78.00000   36.00000  53.8%   195 3458s
 339411 180297   72.00000   59  137   78.00000   36.00000  53.8%   195 3485s
 341498 181516   65.00000   57  188   78.00000   36.00000  53.8%   196 3513s
 343534 182402   57.00000   41  219   78.00000   36.00000  53.8%   196 3543s
 345456 183562 infeasible   57        78.00000   36.00000  53.8%   196 3572s
 347640 184554   68.00000   53  163   78.00000   36.00000  53.8%   196 3600s
 349534 185636 infeasible   42        78.00000   36.00000  53.8%   196 3630s
 351589 186813   37.81366   58  239   78.00000   36.00000  53.8%   196 3656s
 353452 187901   76.00000   73  129   78.00000   36.00000  53.8%   196 3685s
 355291 189134   65.00000   75  127   78.00000   36.00000  53.8%   196 3716s
 357335 190376   77.00000   73  125   78.00000   36.00000  53.8%   197 3747s
 359433 191262   63.00000   61  229   78.00000   36.00000  53.8%   197 3775s
 361314 192470   71.00000   52  123   78.00000   36.00000  53.8%   197 3808s
 363352 193535   67.00000   42  196   78.00000   36.00000  53.8%   197 3838s
 365377 194486   76.00000   59  112   78.00000   36.00000  53.8%   197 3867s
 367221 195376   76.00000   67   79   78.00000   36.00000  53.8%   197 3892s
 368833 196325   76.00000   74   79   78.00000   36.00000  53.8%   197 3922s
 370706 197353   77.00000   67  119   78.00000   36.00000  53.8%   197 3952s
 372642 198218   77.00000   61  108   78.00000   36.00000  53.8%   197 3980s
 374520 199343   76.00000   59  183   78.00000   37.00000  52.6%   197 4007s
 376316 201173   65.00000   63  207   78.00000   37.00000  52.6%   197 4053s
 379275 202801 infeasible   65        78.00000   37.00000  52.6%   197 4098s
 382098 204519   77.00000   70   90   78.00000   37.00000  52.6%   197 4143s
 384951 206119   74.00000   62  132   78.00000   37.00000  52.6%   197 4186s
 387682 207777   77.00000   55   97   78.00000   37.00000  52.6%   197 4233s
 390535 209206   72.00000   65  152   78.00000   37.00000  52.6%   197 4278s
 393256 210859   77.00000   83   81   78.00000   37.00000  52.6%   197 4320s
 395942 212330   72.00000   60  173   78.00000   37.00000  52.6%   197 4362s
 398504 213860   69.00000   82  151   78.00000   37.00000  52.6%   197 4406s
 401185 215522   76.00000   64  133   78.00000   37.00000  52.6%   197 4450s
 403995 217027     cutoff   79        78.00000   37.00000  52.6%   197 4491s
 406295 218633   51.00000   57  225   78.00000   37.00000  52.6%   197 4531s
 408822 220108   61.00000   80  119   78.00000   37.00000  52.6%   197 4573s
 411437 221582   75.00000   66   88   78.00000   37.00000  52.6%   197 4617s
 414211 223048   77.00000   61  109   78.00000   37.00000  52.6%   197 4664s
 416844 224671 infeasible   71        78.00000   37.00000  52.6%   197 4710s
 419634 226151     cutoff   60        78.00000   37.00000  52.6%   197 4754s
 422261 227647   77.00000   59   77   78.00000   37.00000  52.6%   197 4794s
 423201 227647   57.00000   53  189   78.00000   37.00000  52.6%   197 4795s
 424720 229278   69.00000   69  139   78.00000   37.00000  52.6%   197 4835s
 427246 230742 infeasible   66        78.00000   37.00000  52.6%   198 4883s
 430070 232271   71.00000   68  213   78.00000   37.00000  52.6%   198 4930s
 432743 233878   59.00000   63  202   78.00000   37.00000  52.6%   198 4974s
 435486 235557   64.00000   57  142   78.00000   37.00000  52.6%   198 5021s
 438354 236937 infeasible   60        78.00000   37.00000  52.6%   198 5062s
 440760 238462   37.00000   47  273   78.00000   37.00000  52.6%   198 5111s
 443314 240099   77.00000   76  107   78.00000   37.00000  52.6%   198 5160s
 446160 241677   37.00000   39  275   78.00000   37.00000  52.6%   198 5206s
 448743 243343   72.00000   75   85   78.00000   37.00000  52.6%   198 5252s
 451418 244712     cutoff   67        78.00000   37.00000  52.6%   198 5301s
 453909 246568   74.00000   63  139   78.00000   37.00000  52.6%   198 5346s
 456538 248050 infeasible   87        78.00000   37.00000  52.6%   198 5390s
 459072 249563   44.00000   53  217   78.00000   37.00000  52.6%   198 5439s
 461679 251048   62.00000   45  201   78.00000   37.00000  52.6%   198 5491s
 464246 252651     cutoff   78        78.00000   37.00000  52.6%   198 5544s
 466009 252651   70.00000   61  132   78.00000   37.00000  52.6%   198 5545s
 467116 254373 infeasible   65        78.00000   37.00000  52.6%   198 5595s
 469963 256060   77.00000   81  112   78.00000   37.00000  52.6%   198 5644s
 472624 257745   77.00000   80   52   78.00000   37.00000  52.6%   198 5692s
 475306 259205   62.00000   48  235   78.00000   37.00000  52.6%   198 5748s
 477943 260715 infeasible   76        78.00000   37.00000  52.6%   199 5800s
 480626 262279 infeasible   60        78.00000   37.00000  52.6%   199 5853s
 483398 263903   77.00000   66   97   78.00000   37.00000  52.6%   199 5906s
 486147 265188 infeasible   61        78.00000   37.00000  52.6%   199 5956s
 488629 266782   51.00000   48  177   78.00000   37.00000  52.6%   199 6007s
 491222 268104   77.00000   68   94   78.00000   37.00000  52.6%   199 6057s
 493709 269743 infeasible   72        78.00000   37.00000  52.6%   199 6108s
 496377 271277   62.00000   62  144   78.00000   37.00000  52.6%   199 6160s
 499128 272803   74.00000   82  103   78.00000   37.00000  52.6%   199 6213s
 501622 274274 infeasible   84        78.00000   37.00000  52.6%   199 6262s
 504040 275610   61.00000   58  208   78.00000   37.00000  52.6%   199 6311s
 506560 277013 infeasible   70        78.00000   37.00000  52.6%   199 6362s
 509062 278284   77.00000   67  136   78.00000   37.00000  52.6%   199 6411s
 511398 279721   74.00000   71  210   78.00000   37.00000  52.6%   199 6463s
 513952 281192   68.00000   50  187   78.00000   37.00000  52.6%   199 6515s
 516567 282633   58.00000   58  206   78.00000   37.00000  52.6%   199 6567s
 519116 284143   77.00000   72   82   78.00000   37.00000  52.6%   199 6618s
 521575 285402   63.00000   66  165   78.00000   37.00000  52.6%   199 6668s
 524089 286834     cutoff   76        78.00000   37.00000  52.6%   199 6718s
 526553 288128     cutoff   62        78.00000   37.00000  52.6%   199 6768s
 528970 289663 infeasible   81        78.00000   37.00000  52.6%   199 6815s
 531371 290877   77.00000   70   98   78.00000   37.00000  52.6%   199 6867s
 533641 292143 infeasible   84        78.00000   37.00000  52.6%   199 6916s
 536100 293601   77.00000   73   52   78.00000   37.00000  52.6%   199 6963s
 538448 294955   74.00000   61   97   78.00000   37.00000  52.6%   199 7009s
 540836 296308     cutoff   48        78.00000   37.00000  52.6%   199 7057s
 543483 297696 infeasible  101        78.00000   37.00000  52.6%   199 7103s
 545604 298871   76.00000   75   90   78.00000   37.00000  52.6%   199 7151s
 548019 300049   58.00000   58  213   78.00000   37.00000  52.6%   199 7196s
 550147 301297 infeasible   73        78.00000   37.00000  52.6%   199 7242s
 552327 302480 infeasible   54        78.00000   37.00000  52.6%   199 7293s
 554475 303764     cutoff   60        78.00000   37.00000  52.6%   199 7342s
 556765 304933   77.00000   77   81   78.00000   37.00000  52.6%   199 7386s
 558851 306073   72.00000   50  173   78.00000   37.00000  52.6%   199 7433s
 560977 307369   77.00000   68  133   78.00000   37.00000  52.6%   199 7476s
 563083 308579   58.00000   64  175   78.00000   37.00000  52.6%   199 7521s
 565078 309869   66.00000   46  215   78.00000   37.00000  52.6%   199 7569s
 567234 311024   76.00000   70  109   78.00000   37.00000  52.6%   199 7614s
 569329 312104   77.00000   68  135   78.00000   37.00000  52.6%   199 7660s
 571459 313160 infeasible   70        78.00000   37.00000  52.6%   199 7706s
 573440 314347   74.00000   70  100   78.00000   37.00000  52.6%   199 7750s
 575492 315359 infeasible   76        78.00000   37.00000  52.6%   199 7793s
 577441 316475   58.00000   58  166   78.00000   37.00000  52.6%   199 7836s
 579351 317547   61.00000   57  170   78.00000   37.00000  52.6%   199 7876s
 581201 318829   75.00000   67   89   78.00000   37.00000  52.6%   199 7920s
 583201 319971   77.00000   68   67   78.00000   37.00000  52.6%   199 7961s
 585173 321092   74.00000   62  180   78.00000   37.00000  52.6%   199 7997s
 587005 321911   75.00000   63  172   78.00000   37.00000  52.6%   199 8037s
 588699 322698   53.00000   55  181   78.00000   37.00000  52.6%   199 8079s
 590336 323553 infeasible   73        78.00000   37.00000  52.6%   199 8119s
 592038 324425     cutoff   77        78.00000   37.41866  52.0%   199 8161s
 593951 325845   77.00000   76   96   78.00000   38.00000  51.3%   199 8216s
 596420 327203   62.00000   56  139   78.00000   38.00000  51.3%   200 8267s
 598924 328490   75.00000   64  138   78.00000   38.00000  51.3%   200 8321s
 601095 329970   71.00000   63  124   78.00000   38.00000  51.3%   200 8376s
 603535 331288     cutoff   65        78.00000   38.00000  51.3%   200 8425s
 605828 332633   58.00000   67  237   78.00000   38.00000  51.3%   200 8476s
 608024 333750   69.00000   52  179   78.00000   38.00000  51.3%   200 8530s
 610238 334992   77.00000   96   18   78.00000   38.00000  51.3%   200 8584s
 612715 336423 infeasible   59        78.00000   38.00000  51.3%   200 8636s
 615159 337843   68.00000   61  140   78.00000   38.00000  51.3%   200 8688s
 617540 339290   75.00000   53  124   78.00000   38.00000  51.3%   200 8734s
 618800 339290 infeasible   70        78.00000   38.00000  51.3%   200 8735s
 619668 340512   63.00000   54  198   78.00000   38.00000  51.3%   200 8786s
 621769 341765   77.00000   67   80   78.00000   38.00000  51.3%   200 8837s
 624029 342853   77.00000   68   37   78.00000   38.00000  51.3%   200 8885s
 626163 343912   62.00000   54  206   78.00000   38.00000  51.3%   200 8933s
 628257 345039   53.00000   31  149   78.00000   38.00000  51.3%   200 8985s
 630431 346508   47.00000   47  197   78.00000   38.00000  51.3%   200 9039s
 632912 347885   76.00000   51  117   78.00000   38.00000  51.3%   199 9085s
 635009 349214   57.00000   49  172   78.00000   38.00000  51.3%   199 9133s
 637265 350414   55.00000   58  214   78.00000   38.00000  51.3%   199 9180s
 639299 351698   75.00000   74   66   78.00000   38.00000  51.3%   199 9228s
 641308 353142   76.00000   56   95   78.00000   38.00000  51.3%   199 9276s
 643481 354592   73.00000   71  160   78.00000   38.00000  51.3%   199 9333s
 645982 355763   75.00000   80   67   78.00000   38.00000  51.3%   199 9378s
 647937 357090   58.00000   48  202   78.00000   38.00000  51.3%   199 9426s
 650053 358238   39.00000   46  291   78.00000   38.00000  51.3%   199 9476s
 652005 359544   57.00000   61  179   78.00000   38.00000  51.3%   199 9523s
 654062 360948   77.00000   52  126   78.00000   38.00000  51.3%   199 9571s
 656275 362179   38.00000   40  219   78.00000   38.00000  51.3%   199 9619s
 657467 362179     cutoff   73        78.00000   38.00000  51.3%   199 9620s
 658360 363628   77.00000   75  125   78.00000   38.00000  51.3%   199 9663s
 660283 364849   64.00000   68  171   78.00000   38.00000  51.3%   199 9709s
 662491 366096   67.00000   76  103   78.00000   38.00000  51.3%   199 9757s
 664627 367420   44.00000   47  284   78.00000   38.00000  51.3%   199 9807s
 666760 368699   73.00000   56  147   78.00000   38.00000  51.3%   199 9859s
 668818 370150   69.00000   49  224   78.00000   38.00000  51.3%   199 9913s
 671193 371468   69.00000   61  130   78.00000   38.00000  51.3%   199 9963s
 673295 372650   77.00000   65   94   78.00000   38.00000  51.3%   199 10011s
 675337 374022   76.00000   74   88   78.00000   38.00000  51.3%   199 10061s
 677488 375231   71.00000   55  169   78.00000   38.00000  51.3%   199 10112s
 679432 376584   51.00000   40  282   78.00000   38.00000  51.3%   199 10157s
 681437 377888   75.00000   59  106   78.00000   38.00000  51.3%   199 10202s
 683405 379215 infeasible   55        78.00000   38.00000  51.3%   199 10251s
 685567 380508   77.00000   94   22   78.00000   38.00000  51.3%   199 10297s
 687531 381694   77.00000   91   16   78.00000   38.00000  51.3%   199 10348s
 689518 383056   60.00000   44  190   78.00000   38.00000  51.3%   199 10398s
 691593 384345     cutoff   64        78.00000   38.00000  51.3%   199 10445s
 693613 385466   55.00000   48  193   78.00000   38.00000  51.3%   199 10489s
 695484 386649     cutoff   82        78.00000   38.00000  51.3%   199 10536s
 697327 387726   68.00000   54  254   78.00000   38.00000  51.3%   199 10583s
 699234 388841 infeasible   60        78.00000   38.00000  51.3%   199 10630s
 701126 390021   75.00000   38  156   78.00000   38.00000  51.3%   199 10677s
 703048 391115   63.00000   44  168   78.00000   38.00000  51.3%   199 10725s
 704946 392186   75.00000   50  166   78.00000   38.00000  51.3%   198 10773s
 706683 392844   77.00000   74   67   78.00000   38.00000  51.3%   198 10800s

Explored 707783 nodes (140511969 simplex iterations) in 10801.00 seconds (3605.18 work units)
Thread count was 18 (of 36 available processors)

Solution count 10: 78 79 80 ... 87

Time limit reached
Best objective 7.800000000000e+01, best bound 3.800000000000e+01, gap 51.2821%
