
Gurobi 11.0.0 (win64) logging started Thu May 16 10:16:01 2024

Set parameter LogFile to value "./Results/StripPacking-SequencePairRuns/Logs/RUsp-010-StripPacking-15.log"
Set parameter TimeLimit to value 10800
Set parameter Cuts to value 0
Set parameter Presolve to value 1
Set parameter Heuristics to value 0
Set parameter LPWarmStart to value 2
Gurobi Optimizer version 11.0.0 build v11.0.0rc2 (win64 - Windows 10.0 (19045.2))

CPU model: Intel(R) Core(TM) i9-10980XE CPU @ 3.00GHz, instruction set [SSE2|AVX|AVX2|AVX512]
Thread count: 18 physical cores, 36 logical processors, using up to 18 threads

Optimize a model with 7050 rows, 451 columns and 20610 nonzeros
Model fingerprint: 0xea198b39
Variable types: 31 continuous, 420 integer (420 binary)
Coefficient statistics:
  Matrix range     [1e+00, 1e+04]
  Objective range  [1e+00, 1e+00]
  Bounds range     [1e+00, 1e+04]
  RHS range        [1e+00, 1e+04]

Warning: Completing partial solution with 420 unfixed non-continuous variables out of 420
User MIP start produced solution with objective 71.5 (0.02s)
Loaded user MIP start with objective 71.5

Presolve removed 210 rows and 0 columns
Presolve time: 0.02s
Presolved: 6840 rows, 451 columns, 20762 nonzeros
Variable types: 31 continuous, 420 integer (420 binary)

Root relaxation: objective 3.300000e+01, 569 iterations, 0.03 seconds (0.06 work units)

    Nodes    |    Current Node    |     Objective Bounds      |     Work
 Expl Unexpl |  Obj  Depth IntInf | Incumbent    BestBd   Gap | It/Node Time

     0     0   33.00000    0   26   71.50000   33.00000  53.8%     -    0s
     0     0   33.00000    0   26   71.50000   33.00000  53.8%     -    0s
     0     2   33.00000    0   24   71.50000   33.00000  53.8%     -    0s
*  852   876              44      71.0000000   33.00000  53.5%  32.2    0s
*  973   876              59      70.0000000   33.00000  52.9%  31.8    0s
* 1066  1055              60      65.0000000   33.00000  49.2%  31.2    0s
* 1468  1214              81      59.0000000   33.00000  44.1%  31.2    0s
* 3617  2270              48      58.0000000   33.00000  43.1%  32.0    2s
* 3940  2295              46      57.0000000   33.00000  42.1%  32.8    2s
* 4516  2179              48      56.0000000   33.00000  41.1%  34.9    2s
* 4806  2085              46      55.0000000   33.00000  40.0%  35.6    3s
* 5230  2038              56      54.0000000   33.00000  38.9%  37.1    3s
* 5505  1938              47      53.0000000   33.00000  37.7%  38.4    3s
  8152  2669   47.00000   46   26   53.00000   33.00000  37.7%  47.4    5s
* 8876  2652              53      52.0000000   33.00000  36.5%  49.1    5s
* 9438  2635              45      51.0000000   33.00000  35.3%  50.1    5s
*14489  3234              39      50.0000000   33.00000  34.0%  58.5    8s
 17460  4190   46.00000   39   39   50.00000   33.00000  34.0%  61.2   10s
 24540  5604   46.00000   52   61   50.00000   33.00000  34.0%  64.6   15s
 33024  5597   41.00000   53   65   50.00000   33.00000  34.0%  68.8   20s
 42283  6526   46.00000   46   42   50.00000   33.00000  34.0%  71.1   25s
 50732  8464 infeasible   58        50.00000   33.00000  34.0%  73.5   30s
 58071 10124   40.00000   54   51   50.00000   33.00000  34.0%  75.3   35s
 66904 12023   46.00000   53   35   50.00000   33.00000  34.0%  76.2   40s
 76142 13691 infeasible   56        50.00000   34.00000  32.0%  77.5   46s
 83595 15239 infeasible   53        50.00000   35.00000  30.0%  78.3   50s
 92929 17110   46.00000   52   67   50.00000   36.00000  28.0%  79.0   55s
 100796 19176     cutoff   42        50.00000   38.00000  24.0%  79.6   60s
 107977 20699 infeasible   53        50.00000   38.00000  24.0%  80.2   65s
 117510 22500   38.00000   49   55   50.00000   38.00000  24.0%  81.2   70s
 124664 23741   42.00000   48   57   50.00000   38.00000  24.0%  82.0   75s
 134017 25332   46.00000   52   52   50.00000   38.00000  24.0%  82.8   80s
 142363 26264 infeasible   61        50.00000   38.00000  24.0%  83.4   86s
 149954 27247   49.00000   56   37   50.00000   38.00000  24.0%  83.7   90s
 157851 28592 infeasible   43        50.00000   39.00000  22.0%  84.2   95s
 166302 29943 infeasible   52        50.00000   39.00000  22.0%  84.8  100s
 174631 31208   44.00000   49   33   50.00000   39.00000  22.0%  85.3  105s
 181997 32049     cutoff   54        50.00000   40.00000  20.0%  85.7  110s
 190302 33332   44.00000   59   39   50.00000   40.00000  20.0%  85.7  115s
 198172 34366 infeasible   56        50.00000   40.00000  20.0%  85.9  120s
 207426 35470   44.00000   53   64   50.00000   41.00000  18.0%  86.2  126s
 215451 36622   44.00000   48   42   50.00000   41.00000  18.0%  86.4  131s
 223698 37588   41.00000   52   54   50.00000   41.00000  18.0%  86.7  136s
 228883 38331   48.00000   46   40   50.00000   41.00000  18.0%  86.8  140s
 237070 39305     cutoff   58        50.00000   41.00000  18.0%  87.1  145s
 245014 40177 infeasible   64        50.00000   41.00000  18.0%  87.4  150s
 253138 41128 infeasible   53        50.00000   41.00000  18.0%  87.6  155s
 260970 42169 infeasible   58        50.00000   41.00000  18.0%  87.7  160s
 269158 42995   48.00000   52   35   50.00000   41.00000  18.0%  87.9  165s
 277090 43635   47.00000   54   39   50.00000   41.00000  18.0%  88.1  170s
 285100 44151   41.00000   49   46   50.00000   41.00000  18.0%  88.2  175s
 294243 44785   41.00000   45   51   50.00000   41.00000  18.0%  88.3  181s
 302062 45445 infeasible   59        50.00000   41.00000  18.0%  88.3  185s
 308938 46034   42.00000   49   46   50.00000   42.00000  16.0%  88.6  190s
 316667 46577 infeasible   62        50.00000   42.00000  16.0%  88.9  195s
 324961 46906 infeasible   49        50.00000   42.00000  16.0%  89.1  201s
 330444 47157 infeasible   59        50.00000   42.00000  16.0%  89.2  205s
 338864 47434   46.00000   56   49   50.00000   42.00000  16.0%  89.4  210s
 346347 47725 infeasible   51        50.00000   42.00000  16.0%  89.6  215s
 355127 48339 infeasible   50        50.00000   42.00000  16.0%  89.8  220s
 362611 49647     cutoff   47        50.00000   43.00000  14.0%  89.9  225s
 370499 51088   46.00000   48   34   50.00000   43.00000  14.0%  90.0  230s
 378845 52377   43.00000   42   70   50.00000   43.00000  14.0%  90.1  235s
 386872 53592 infeasible   53        50.00000   43.00000  14.0%  90.2  241s
 395327 54628 infeasible   53        50.00000   43.00000  14.0%  90.4  246s
 400686 55349 infeasible   50        50.00000   43.00000  14.0%  90.5  250s
 408650 56295   49.00000   45   28   50.00000   43.00000  14.0%  90.6  255s
 416452 57143 infeasible   56        50.00000   43.00000  14.0%  90.8  260s
 424935 58243 infeasible   59        50.00000   43.00000  14.0%  90.8  266s
 432924 58940 infeasible   60        50.00000   43.00000  14.0%  90.9  271s
 438347 59516   46.00000   43   51   50.00000   43.00000  14.0%  91.1  275s
 446475 60027 infeasible   59        50.00000   43.00000  14.0%  91.3  280s
 453925 60365   49.00000   45   44   50.00000   43.00000  14.0%  91.4  285s
 462256 61071   49.00000   46   34   50.00000   43.00000  14.0%  91.5  290s
 469518 61388 infeasible   51        50.00000   44.00000  12.0%  91.6  295s
 477896 61724   47.00000   49   35   50.00000   44.00000  12.0%  91.6  300s
 486140 62001   47.00000   54   22   50.00000   44.00000  12.0%  91.7  306s
 494600 62213   49.00000   46   51   50.00000   44.00000  12.0%  91.7  311s
 499889 62421     cutoff   55        50.00000   44.00000  12.0%  91.7  315s
 508174 62716 infeasible   54        50.00000   44.00000  12.0%  91.7  320s
 515988 63139   46.00000   64   52   50.00000   44.00000  12.0%  91.6  325s
 524188 63476   47.00000   51   45   50.00000   44.00000  12.0%  91.7  330s
 532217 63668 infeasible   65        50.00000   44.00000  12.0%  91.7  335s
 540542 63977   44.00000   48   34   50.00000   44.00000  12.0%  91.7  341s
 548702 64321   46.00000   49   37   50.00000   44.00000  12.0%  91.7  346s
 553912 64435 infeasible   58        50.00000   44.00000  12.0%  91.8  350s
 561907 64906     cutoff   48        50.00000   44.00000  12.0%  91.8  355s
 569925 65364     cutoff   46        50.00000   44.00000  12.0%  91.9  360s
 577886 65656   49.00000   54   35   50.00000   44.00000  12.0%  92.0  366s
 586198 66052 infeasible   52        50.00000   44.00000  12.0%  92.0  371s
 591525 66169 infeasible   55        50.00000   44.00000  12.0%  92.1  375s
 599312 66299   44.00000   50   50   50.00000   44.00000  12.0%  92.2  380s
 607374 66584   47.00000   49   43   50.00000   44.00000  12.0%  92.3  385s
 615388 66881   44.00000   47   31   50.00000   44.00000  12.0%  92.4  391s
 623340 67157   48.00000   48   48   50.00000   44.00000  12.0%  92.5  396s
 628642 67403   44.00000   54   64   50.00000   44.00000  12.0%  92.6  400s
 636850 67689   47.00000   47   49   50.00000   44.00000  12.0%  92.7  405s
 644590 67994 infeasible   45        50.00000   44.00000  12.0%  92.8  411s
 650315 68225 infeasible   53        50.00000   44.00000  12.0%  92.8  415s
 658501 68432     cutoff   53        50.00000   44.00000  12.0%  92.9  420s
 666911 68778     cutoff   47        50.00000   44.00000  12.0%  93.0  426s
 674968 69024 infeasible   48        50.00000   44.00000  12.0%  93.0  431s
 680314 69345     cutoff   52        50.00000   44.00000  12.0%  93.1  435s
 688568 69657 infeasible   48        50.00000   44.00000  12.0%  93.1  440s
 696815 69947   49.00000   47   68   50.00000   44.00000  12.0%  93.1  446s
 704846 70130   44.00000   48   58   50.00000   44.00000  12.0%  93.2  451s
 710181 70256   44.00000   54   46   50.00000   44.00000  12.0%  93.2  455s
 718299 70641   44.00000   47   41   50.00000   44.00000  12.0%  93.3  460s
 726160 70912   46.00000   56   41   50.00000   44.00000  12.0%  93.3  466s
 734376 71221 infeasible   54        50.00000   44.00000  12.0%  93.3  471s
 739697 71293 infeasible   58        50.00000   44.00000  12.0%  93.4  475s
 747712 71495     cutoff   59        50.00000   44.00000  12.0%  93.4  480s
 755985 71709   44.00000   54   42   50.00000   44.00000  12.0%  93.5  486s
 761056 71975   49.00000   56   25   50.00000   44.00000  12.0%  93.5  490s
 769221 72214 infeasible   49        50.00000   44.00000  12.0%  93.5  495s
 777405 72617   47.00000   44   48   50.00000   44.00000  12.0%  93.5  500s
 785617 73017   47.00000   47   46   50.00000   44.00000  12.0%  93.6  506s
 793577 73444   44.00000   45   48   50.00000   44.00000  12.0%  93.6  511s
 799065 73712 infeasible   54        50.00000   44.00000  12.0%  93.6  515s
 807081 74119 infeasible   50        50.00000   44.00000  12.0%  93.6  520s
 814900 74406 infeasible   58        50.00000   44.00000  12.0%  93.7  525s
 821793 74644 infeasible   58        50.00000   44.00000  12.0%  93.7  530s
 830073 74685 infeasible   51        50.00000   44.00000  12.0%  93.7  535s
 839180 74477 infeasible   55        50.00000   45.00000  10.0%  93.8  541s
 844477 74410 infeasible   56        50.00000   45.00000  10.0%  93.8  545s
 852497 74159 infeasible   67        50.00000   45.00000  10.0%  93.9  550s
 860619 74174 infeasible   53        50.00000   45.00000  10.0%  93.9  556s
 868318 74033   47.00000   60   32   50.00000   45.00000  10.0%  94.0  561s
 876007 74142   49.00000   55   32   50.00000   45.00000  10.0%  94.0  565s
 883676 74333   47.00000   49   30   50.00000   45.00000  10.0%  94.0  571s
 890605 75328     cutoff   58        50.00000   46.00000  8.00%  94.0  575s
 899363 75031   46.00000   49   38   50.00000   46.00000  8.00%  93.9  581s
 904836 75036 infeasible   56        50.00000   46.00000  8.00%  93.9  585s
 913015 74965   49.00000   45   36   50.00000   46.00000  8.00%  93.9  590s
 920987 74988 infeasible   57        50.00000   46.00000  8.00%  93.9  595s
 929237 74879   49.00000   53   36   50.00000   46.00000  8.00%  93.9  601s
 937257 74813   46.00000   56   43   50.00000   46.00000  8.00%  93.9  606s
 942780 74771 infeasible   51        50.00000   46.00000  8.00%  93.9  610s
 951023 74828 infeasible   53        50.00000   46.00000  8.00%  93.9  615s
 959114 74765     cutoff   60        50.00000   46.00000  8.00%  93.9  620s
 967394 74612   47.00000   56   34   50.00000   46.00000  8.00%  93.9  625s
 975134 74480 infeasible   52        50.00000   46.00000  8.00%  93.9  631s
 982913 74473     cutoff   51        50.00000   46.00000  8.00%  93.9  636s
 991032 74393   49.00000   53   57   50.00000   46.00000  8.00%  93.9  641s
 996344 74372 infeasible   50        50.00000   46.00000  8.00%  93.9  645s
 1004474 74344   46.00000   53   40   50.00000   46.00000  8.00%  93.9  650s
 1012699 74293   46.00000   51   34   50.00000   46.00000  8.00%  93.9  655s
 1020671 74180     cutoff   54        50.00000   46.00000  8.00%  93.9  660s
 1028764 74062   46.00000   56   29   50.00000   46.00000  8.00%  93.9  666s
 1036949 73909   49.00000   56   23   50.00000   46.00000  8.00%  93.9  671s
 1042748 73884 infeasible   54        50.00000   46.00000  8.00%  93.9  675s
 1051197 73673     cutoff   50        50.00000   46.00000  8.00%  93.9  680s
 1059284 73523 infeasible   56        50.00000   46.00000  8.00%  93.9  686s
 1067434 73451     cutoff   47        50.00000   46.00000  8.00%  93.9  691s
 1073596 73335 infeasible   53        50.00000   46.00000  8.00%  93.9  695s
 1080954 73401 infeasible   64        50.00000   46.00000  8.00%  93.9  700s
 1089086 73300   46.00000   49   56   50.00000   46.00000  8.00%  94.0  705s
 1097148 73198 infeasible   53        50.00000   46.00000  8.00%  94.0  711s
 1105302 73232 infeasible   54        50.00000   46.00000  8.00%  94.0  716s
 1110955 73312     cutoff   62        50.00000   46.00000  8.00%  94.0  720s
 1119084 73371 infeasible   50        50.00000   46.00000  8.00%  94.0  725s
 1127467 73632 infeasible   53        50.00000   46.00000  8.00%  94.0  731s
 1135402 74010 infeasible   55        50.00000   46.00000  8.00%  94.0  736s
 1143414 74317   46.00000   42   41   50.00000   46.00000  8.00%  94.0  741s
 1148957 74448 infeasible   50        50.00000   46.00000  8.00%  94.0  745s
 1156737 74767 infeasible   57        50.00000   46.00000  8.00%  94.0  750s
 1165232 75016   46.00000   50   26   50.00000   46.00000  8.00%  94.0  755s
 1173187 75171   46.00000   49   56   50.00000   46.00000  8.00%  94.1  761s
 1181425 75322   46.00000   45   35   50.00000   46.00000  8.00%  94.1  766s
 1186697 75495   46.00000   46   53   50.00000   46.00000  8.00%  94.1  770s
 1195019 75655 infeasible   55        50.00000   46.00000  8.00%  94.1  775s
 1203017 75835 infeasible   46        50.00000   46.00000  8.00%  94.1  780s
 1211357 76162   46.00000   56   48   50.00000   46.00000  8.00%  94.1  786s
 1219711 76549 infeasible   49        50.00000   46.00000  8.00%  94.1  791s
 1225144 76738   47.00000   43   45   50.00000   46.00000  8.00%  94.1  795s
 1233275 76735     cutoff   53        50.00000   46.00000  8.00%  94.2  800s
 1241683 76899 infeasible   52        50.00000   46.00000  8.00%  94.2  805s
 1249841 76960   49.00000   49   50   50.00000   46.00000  8.00%  94.2  811s
 1258019 77247   47.00000   52   49   50.00000   46.00000  8.00%  94.2  816s
 1263624 77328     cutoff   63        50.00000   46.00000  8.00%  94.2  820s
 1272018 77541   46.00000   54   38   50.00000   46.00000  8.00%  94.2  825s
 1279833 77903   46.00000   48   70   50.00000   46.00000  8.00%  94.2  830s
 1287761 78067   47.00000   58   31   50.00000   46.00000  8.00%  94.2  835s
 1295834 78354   47.00000   54   30   50.00000   46.00000  8.00%  94.2  840s
 1303953 78457   46.00000   53   44   50.00000   46.00000  8.00%  94.2  846s
 1311980 78560 infeasible   56        50.00000   46.00000  8.00%  94.2  851s
 1317344 78691   46.00000   54   54   50.00000   46.00000  8.00%  94.2  855s
 1325454 78844   46.00000   62   39   50.00000   46.00000  8.00%  94.3  860s
 1333398 78839     cutoff   58        50.00000   46.00000  8.00%  94.3  865s
 1341776 78880 infeasible   46        50.00000   46.00000  8.00%  94.3  870s
 1350076 78896     cutoff   54        50.00000   46.00000  8.00%  94.3  876s
 1358259 79074   46.00000   48   50   50.00000   46.00000  8.00%  94.3  881s
 1363568 79246 infeasible   47        50.00000   46.00000  8.00%  94.3  885s
 1371693 79363 infeasible   50        50.00000   46.00000  8.00%  94.3  890s
 1379628 79516   46.00000   46   56   50.00000   46.00000  8.00%  94.3  895s
 1387524 79591     cutoff   58        50.00000   46.00000  8.00%  94.3  900s
 1395520 79624 infeasible   54        50.00000   46.00000  8.00%  94.3  905s
 1403659 79715   46.00000   49   38   50.00000   46.00000  8.00%  94.3  911s
 1411579 79743   46.00000   45   35   50.00000   46.00000  8.00%  94.3  916s
 1419556 79904 infeasible   51        50.00000   46.00000  8.00%  94.3  921s
 1425055 79905 infeasible   62        50.00000   46.00000  8.00%  94.3  925s
 1433328 79959 infeasible   51        50.00000   46.00000  8.00%  94.3  930s
 1441321 80154   46.00000   56   46   50.00000   46.00000  8.00%  94.4  935s
 1449498 80160 infeasible   55        50.00000   46.00000  8.00%  94.4  941s
 1457678 80259 infeasible   56        50.00000   46.00000  8.00%  94.4  946s
 1465561 80384 infeasible   61        50.00000   46.00000  8.00%  94.4  951s
 1471144 80451 infeasible   55        50.00000   46.00000  8.00%  94.4  955s
 1479358 80605 infeasible   55        50.00000   46.00000  8.00%  94.4  960s
 1487501 80823   47.00000   41   44   50.00000   46.00000  8.00%  94.4  965s
 1495657 81087   46.00000   39   66   50.00000   46.00000  8.00%  94.4  970s
 1503455 81201   46.00000   53   33   50.00000   46.00000  8.00%  94.4  976s
 1511849 81292   46.00000   49   37   50.00000   46.00000  8.00%  94.4  981s
 1517210 81383 infeasible   57        50.00000   46.00000  8.00%  94.4  985s
 1525274 81288   46.00000   50   48   50.00000   46.00000  8.00%  94.5  990s
 1533474 81393 infeasible   50        50.00000   46.00000  8.00%  94.5  995s
 1541568 81451 infeasible   61        50.00000   46.00000  8.00%  94.5 1000s
 1549471 81474 infeasible   48        50.00000   46.00000  8.00%  94.5 1005s
 1557801 81614   46.00000   57   36   50.00000   46.00000  8.00%  94.5 1011s
 1565695 81617 infeasible   47        50.00000   46.00000  8.00%  94.5 1016s
 1571747 81762     cutoff   59        50.00000   46.00000  8.00%  94.5 1020s
 1579488 81953   46.00000   54   40   50.00000   46.00000  8.00%  94.5 1025s
 1587763 82074   46.00000   54   61   50.00000   46.00000  8.00%  94.5 1030s
 1596151 82266 infeasible   44        50.00000   46.00000  8.00%  94.5 1036s
 1604501 82398   46.00000   53   46   50.00000   46.00000  8.00%  94.5 1041s
 1612497 82426 infeasible   56        50.00000   46.00000  8.00%  94.5 1046s
 1619564 82456   46.00000   46   65   50.00000   46.00000  8.00%  94.5 1050s
 1626036 82465   46.00000   57   43   50.00000   46.00000  8.00%  94.5 1055s
 1634041 82538 infeasible   49        50.00000   46.00000  8.00%  94.5 1060s
 1642334 82557 infeasible   57        50.00000   46.00000  8.00%  94.5 1065s
 1650323 82559 infeasible   48        50.00000   46.00000  8.00%  94.4 1070s
 1658666 82655   46.00000   57   59   50.00000   46.00000  8.00%  94.4 1075s
 1666703 82525   47.00000   58   43   50.00000   46.00000  8.00%  94.4 1080s
*1670689 55640              61      49.0000000   46.00000  6.12%  94.4 1082s
 1674517 55294   46.00000   49   46   49.00000   46.00000  6.12%  94.4 1085s
 1682371 54750 infeasible   51        49.00000   46.00000  6.12%  94.5 1091s
 1690468 54311   46.00000   58   48   49.00000   46.00000  6.12%  94.5 1096s
 1695891 54040 infeasible   52        49.00000   46.00000  6.12%  94.5 1100s
 1703833 53561 infeasible   46        49.00000   46.00000  6.12%  94.5 1105s
 1711963 52913   48.00000   62   46   49.00000   46.00000  6.12%  94.5 1110s
 1720041 52427 infeasible   47        49.00000   46.00000  6.12%  94.5 1116s
 1725436 52155   46.00000   63   37   49.00000   46.00000  6.12%  94.5 1120s
 1728233 52156   46.00000   53   26   49.00000   46.00000  6.12%  94.6 1937s
 1730471 52868     cutoff   64        49.00000   46.00000  6.12%  94.5 1940s
 1739944 53052   46.00000   57   63   49.00000   46.00000  6.12%  94.5 1945s
 1748241 52953   46.00000   63   62   49.00000   46.00000  6.12%  94.5 1950s
 1758694 52999   46.00000   65   42   49.00000   46.00000  6.12%  94.5 1955s
 1767695 52691   46.00000   54   73   49.00000   46.00000  6.12%  94.4 1960s
 1776467 52374   46.00000   54   64   49.00000   46.00000  6.12%  94.5 1965s
 1785929 51780 infeasible   58        49.00000   46.00000  6.12%  94.5 1971s
 1793049 50599   48.00000   62   71   49.00000   46.00000  6.12%  94.6 1975s
 1801397 49517 infeasible   59        49.00000   46.00000  6.12%  94.7 1980s
 1809969 48840   46.00000   61   54   49.00000   46.00000  6.12%  94.7 1985s
 1817780 48488   46.00000   53   52   49.00000   46.00000  6.12%  94.8 1990s
 1826725 47279   46.00000   59   43   49.00000   46.00000  6.12%  94.8 1995s
 1835811 46288   46.00000   58   46   49.00000   46.00000  6.12%  94.8 2000s
 1842919 44991 infeasible   66        49.00000   46.00000  6.12%  94.9 2005s
 1850101 43503   47.00000   57   39   49.00000   46.00000  6.12%  95.0 2010s
 1859243 41985   46.00000   55   48   49.00000   46.00000  6.12%  95.0 2015s
 1866050 40477   48.00000   56   55   49.00000   46.00000  6.12%  95.1 2020s
 1874232 38858   46.00000   61   42   49.00000   46.00000  6.12%  95.2 2026s
 1881533 37250 infeasible   57        49.00000   46.00000  6.12%  95.3 2030s
 1887973 37033 infeasible   57        49.00000   46.00000  6.12%  95.3 2035s
 1896401 38132   46.00000   63   46   49.00000   46.00000  6.12%  95.4 2040s
 1903869 38376 infeasible   64        49.00000   46.00000  6.12%  95.5 2045s
 1911655 39410   46.00000   66   45   49.00000   46.00000  6.12%  95.5 2050s
 1920686 40965 infeasible   64        49.00000   46.00000  6.12%  95.5 2056s
 1928409 41877   46.00000   55   56   49.00000   46.00000  6.12%  95.5 2061s
 1937357 43484 infeasible   51        49.00000   46.00000  6.12%  95.5 2065s
 1945794 44380   46.00000   59   48   49.00000   46.00000  6.12%  95.6 2071s
 1952760 44975   48.00000   55   32   49.00000   46.00000  6.12%  95.7 2076s
 1960520 45784     cutoff   57        49.00000   46.00000  6.12%  95.7 2081s
 1965881 46350 infeasible   60        49.00000   46.00000  6.12%  95.8 2085s
 1975087 47226   46.00000   57   59   49.00000   46.00000  6.12%  95.8 2090s
 1982584 47553 infeasible   60        49.00000   46.00000  6.12%  95.9 2096s
 1990711 47966   47.00000   62   40   49.00000   46.00000  6.12%  96.0 2101s
 1996306 48264   46.00000   66   32   49.00000   46.00000  6.12%  96.0 2105s
 2004192 48696 infeasible   58        49.00000   46.00000  6.12%  96.1 2110s
 2012278 48971   46.00000   52   43   49.00000   46.00000  6.12%  96.2 2116s
 2020287 49340 infeasible   63        49.00000   46.00000  6.12%  96.2 2121s
 2025865 49768 infeasible   55        49.00000   46.00000  6.12%  96.3 2125s
 2033734 50337   46.00000   55   38   49.00000   46.00000  6.12%  96.3 2131s
 2041682 50851 infeasible   68        49.00000   46.00000  6.12%  96.4 2136s
 2047281 51138   46.00000   50   38   49.00000   46.00000  6.12%  96.5 2140s
 2055144 51691   46.00000   53   53   49.00000   46.00000  6.12%  96.5 2145s
 2063378 52054 infeasible   58        49.00000   46.00000  6.12%  96.6 2151s
 2071345 52723   46.00000   62   62   49.00000   46.00000  6.12%  96.6 2156s
 2076708 53001   46.00000   55   48   49.00000   46.00000  6.12%  96.7 2160s
 2084852 53409 infeasible   60        49.00000   46.00000  6.12%  96.7 2165s
 2092810 53843   46.00000   57   40   49.00000   46.00000  6.12%  96.8 2171s
 2100240 54223 infeasible   57        49.00000   46.00000  6.12%  96.8 2176s
 2107122 54631   47.00000   67   36   49.00000   46.00000  6.12%  96.9 2181s
 2113255 54933   46.00000   58   57   49.00000   46.00000  6.12%  96.9 2185s
 2119895 55759   47.00000   53   31   49.00000   46.00000  6.12%  97.0 2190s
 2128012 55996   46.00000   59   49   49.00000   46.00000  6.12%  97.0 2195s
 2135973 55870 infeasible   70        49.00000   46.00000  6.12%  97.0 2200s
 2143929 55953   46.00000   56   40   49.00000   46.00000  6.12%  97.1 2205s
 2152296 56483 infeasible   56        49.00000   46.00000  6.12%  97.1 2210s
 2159481 56667   46.00000   62   43   49.00000   46.00000  6.12%  97.1 2215s
 2167487 57298 infeasible   56        49.00000   46.00000  6.12%  97.1 2220s
 2176002 56861 infeasible   60        49.00000   46.00000  6.12%  97.1 2226s
 2181658 57209   46.00000   61   41   49.00000   46.00000  6.12%  97.1 2230s
 2191758 56861   46.00000   68   49   49.00000   46.00000  6.12%  97.1 2236s
 2200369 56724   47.00000   63   49   49.00000   46.00000  6.12%  97.1 2241s
 2208619 56578   46.00000   50   40   49.00000   46.00000  6.12%  97.1 2246s
 2215625 56898 infeasible   69        49.00000   46.00000  6.12%  97.1 2251s
 2224123 56689   46.00000   59   31   49.00000   46.00000  6.12%  97.1 2256s
 2229520 56674 infeasible   66        49.00000   46.00000  6.12%  97.1 2260s
 2237951 56486   47.00000   67   33   49.00000   46.00000  6.12%  97.1 2265s
 2246119 56402   47.00000   61   48   49.00000   46.00000  6.12%  97.1 2271s
 2255449 56907   46.00000   63   39   49.00000   46.00000  6.12%  97.1 2275s
 2262488 56955   46.00000   51   54   49.00000   46.00000  6.12%  97.1 2280s
 2269942 57072   46.00000   57   43   49.00000   46.00000  6.12%  97.1 2285s
 2279234 57356   46.00000   48   36   49.00000   46.00000  6.12%  97.1 2290s
 2288176 57079 infeasible   64        49.00000   46.00000  6.12%  97.1 2296s
 2294484 57235 infeasible   71        49.00000   46.00000  6.12%  97.1 2300s
 2302526 57135   46.00000   64   46   49.00000   46.00000  6.12%  97.1 2305s
 2310586 57099   46.00000   56   53   49.00000   46.00000  6.12%  97.1 2311s
 2318617 57034   47.00000   68   24   49.00000   46.00000  6.12%  97.2 2316s
 2323937 56841 infeasible   62        49.00000   46.00000  6.12%  97.2 2320s
 2332153 56612   46.00000   57   53   49.00000   46.00000  6.12%  97.3 2325s
 2340235 56483 infeasible   55        49.00000   46.00000  6.12%  97.3 2331s
 2345733 56443   46.00000   60   60   49.00000   46.00000  6.12%  97.3 2335s
 2353828 56325   46.00000   69   38   49.00000   46.00000  6.12%  97.3 2340s
 2361982 56323 infeasible   57        49.00000   46.00000  6.12%  97.4 2346s
 2369981 56278 infeasible   81        49.00000   46.00000  6.12%  97.4 2351s
 2375404 56188   47.00000   59   41   49.00000   46.00000  6.12%  97.4 2355s
 2383794 56089   47.00000   64   46   49.00000   46.00000  6.12%  97.5 2360s
 2393160 56374 infeasible   70        49.00000   46.00000  6.12%  97.4 2365s
 2399347 56103   46.00000   64   68   49.00000   46.00000  6.12%  97.5 2370s
 2409078 55942   46.00000   64   36   49.00000   46.00000  6.12%  97.5 2376s
 2414260 55889   46.00000   61   42   49.00000   46.00000  6.12%  97.5 2380s
 2422513 55688 infeasible   58        49.00000   46.00000  6.12%  97.5 2385s
 2431871 55750   47.00000   72   37   49.00000   46.00000  6.12%  97.5 2391s
 2439169 55455   46.00000   55   72   49.00000   46.00000  6.12%  97.5 2395s
 2446661 55277 infeasible   62        49.00000   46.00000  6.12%  97.6 2401s
 2454978 55125 infeasible   66        49.00000   46.00000  6.12%  97.6 2406s
 2460223 55021   48.00000   71   22   49.00000   46.00000  6.12%  97.6 2410s
 2468197 54981   46.00000   63   69   49.00000   46.00000  6.12%  97.6 2415s
 2476341 55137     cutoff   54        49.00000   46.00000  6.12%  97.7 2421s
 2483559 54908 infeasible   65        49.00000   46.00000  6.12%  97.6 2425s
 2491551 54772   46.00000   54   29   49.00000   46.00000  6.12%  97.6 2430s
 2499671 54582   46.00000   75   37   49.00000   46.00000  6.12%  97.7 2435s
 2507606 54434 infeasible   68        49.00000   46.00000  6.12%  97.7 2441s
 2515680 54391 infeasible   55        49.00000   46.00000  6.12%  97.7 2446s
 2520877 54351 infeasible   63        49.00000   46.00000  6.12%  97.7 2450s
 2528952 54218   46.00000   66   54   49.00000   46.00000  6.12%  97.8 2455s
 2537007 54142   46.00000   60   37   49.00000   46.00000  6.12%  97.8 2460s
 2545055 54113   46.00000   73   37   49.00000   46.00000  6.12%  97.8 2466s
 2550677 54065 infeasible   56        49.00000   46.00000  6.12%  97.8 2470s
 2559012 53928 infeasible   73        49.00000   46.00000  6.12%  97.9 2475s
 2566247 54184   46.00000   59   45   49.00000   46.00000  6.12%  97.8 2480s
 2574125 53905 infeasible   72        49.00000   46.00000  6.12%  97.9 2485s
 2582463 53798 infeasible   70        49.00000   46.00000  6.12%  97.9 2491s
 2590490 53590   46.00000   67   42   49.00000   46.00000  6.12%  97.9 2496s
 2596041 53407 infeasible   59        49.00000   46.00000  6.12%  97.9 2500s
 2604262 53284   46.00000   51   73   49.00000   46.00000  6.12%  98.0 2505s
 2612472 53347   46.00000   59   40   49.00000   46.00000  6.12%  98.0 2511s
 2619352 53336 infeasible   60        49.00000   46.00000  6.12%  97.9 2515s
 2627349 53232 infeasible   54        49.00000   46.00000  6.12%  98.0 2520s
 2635378 53210   46.00000   57   20   49.00000   46.00000  6.12%  98.0 2526s
 2643374 53106   47.00000   57   51   49.00000   46.00000  6.12%  98.0 2531s
 2648810 53015   48.00000   55   33   49.00000   46.00000  6.12%  98.0 2535s
 2658793 53396   47.00000   59   34   49.00000   46.00000  6.12%  98.0 2540s
 2667152 53242   46.00000   62   63   49.00000   46.00000  6.12%  98.0 2546s
 2674265 53092   46.00000   63   36   49.00000   46.00000  6.12%  98.1 2551s
 2679396 53097   47.00000   68   28   49.00000   46.00000  6.12%  98.1 2555s
 2687623 53450 infeasible   65        49.00000   46.00000  6.12%  98.1 2560s
 2696715 53229   47.00000   67   25   49.00000   46.00000  6.12%  98.1 2565s
 2704340 53204 infeasible   61        49.00000   46.00000  6.12%  98.1 2570s
 2712457 53088 infeasible   58        49.00000   46.00000  6.12%  98.1 2576s
 2718046 53220   46.00000   59   45   49.00000   46.00000  6.12%  98.1 2580s
 2726178 53156   46.00000   65   52   49.00000   46.00000  6.12%  98.2 2585s
 2734392 53093 infeasible   58        49.00000   46.00000  6.12%  98.2 2591s
 2739783 53525     cutoff   63        49.00000   46.00000  6.12%  98.2 2595s
 2751139 53276   46.00000   62   31   49.00000   46.00000  6.12%  98.2 2601s
 2756431 52946 infeasible   73        49.00000   46.00000  6.12%  98.2 2605s
 2764598 52752   46.00000   59   45   49.00000   46.00000  6.12%  98.2 2611s
 2770261 52699 infeasible   52        49.00000   46.00000  6.12%  98.2 2615s
 2778321 52720 infeasible   62        49.00000   46.00000  6.12%  98.3 2620s
 2786441 52711   46.00000   58   52   49.00000   46.00000  6.12%  98.3 2626s
 2794472 52612 infeasible   63        49.00000   46.00000  6.12%  98.3 2631s
 2799895 52602   46.00000   67   35   49.00000   46.00000  6.12%  98.3 2635s
 2807974 52538 infeasible   64        49.00000   46.00000  6.12%  98.3 2640s
 2816110 52464 infeasible   61        49.00000   46.00000  6.12%  98.4 2646s
 2824047 52434 infeasible   67        49.00000   46.00000  6.12%  98.4 2651s
 2829450 52493   47.00000   61   43   49.00000   46.00000  6.12%  98.4 2655s
 2839272 52805 infeasible   81        49.00000   46.00000  6.12%  98.4 2661s
 2846187 52710 infeasible   66        49.00000   46.00000  6.12%  98.4 2665s
 2853528 52639 infeasible   68        49.00000   46.00000  6.12%  98.4 2670s
 2861307 52586     cutoff   63        49.00000   46.00000  6.12%  98.4 2676s
 2869476 52479   47.00000   70   39   49.00000   46.00000  6.12%  98.4 2681s
 2874891 52406 infeasible   69        49.00000   46.00000  6.12%  98.5 2685s
 2882920 52364 infeasible   66        49.00000   46.00000  6.12%  98.5 2690s
 2891159 52307     cutoff   66        49.00000   46.00000  6.12%  98.5 2696s
 2896467 52660   46.00000   67   30   49.00000   46.00000  6.12%  98.5 2700s
 2908053 52366 infeasible   57        49.00000   46.00000  6.12%  98.5 2706s
 2913623 52322   48.00000   62   48   49.00000   46.00000  6.12%  98.5 2710s
 2921111 52241 infeasible   57        49.00000   46.00000  6.12%  98.5 2715s
 2930624 52200 infeasible   54        49.00000   46.00000  6.12%  98.5 2721s
 2939778 51262 infeasible   66        49.00000   46.00000  6.12%  98.5 2725s
 2946194 49795   47.00000   64   30   49.00000   47.00000  4.08%  98.4 2730s
 2954646 48451   47.00000   54   28   49.00000   47.00000  4.08%  98.4 2735s
 2963168 47888   47.00000   67   34   49.00000   47.00000  4.08%  98.4 2741s
 2972648 46772 infeasible   63        49.00000   47.00000  4.08%  98.4 2746s
 2980672 45664 infeasible   64        49.00000   47.00000  4.08%  98.4 2751s
 2988244 44794   47.00000   64   23   49.00000   47.00000  4.08%  98.3 2755s
 2994397 43945 infeasible   66        49.00000   47.00000  4.08%  98.3 2760s
 3002835 42873   47.00000   60   47   49.00000   47.00000  4.08%  98.3 2765s
 3011380 41941 infeasible   58        49.00000   47.00000  4.08%  98.3 2771s
 3020031 40923 infeasible   64        49.00000   47.00000  4.08%  98.3 2776s
 3025751 40463 infeasible   62        49.00000   47.00000  4.08%  98.3 2780s
 3034293 39607   47.00000   60   34   49.00000   47.00000  4.08%  98.3 2786s
 3042790 38879 infeasible   72        49.00000   47.00000  4.08%  98.3 2791s
 3048314 38342   47.00000   59   22   49.00000   47.00000  4.08%  98.3 2795s
 3056633 37556 infeasible   50        49.00000   47.00000  4.08%  98.3 2800s
 3064823 36859 infeasible   60        49.00000   47.00000  4.08%  98.4 2806s
 3073161 36230   47.00000   74   33   49.00000   47.00000  4.08%  98.4 2811s
 3078808 35971 infeasible   66        49.00000   47.00000  4.08%  98.4 2815s
 3087120 35492   47.00000   65   44   49.00000   47.00000  4.08%  98.4 2821s
 3095625 35036   47.00000   59   55   49.00000   47.00000  4.08%  98.4 2826s
 3101319 34690 infeasible   62        49.00000   47.00000  4.08%  98.4 2830s
 3109712 34185 infeasible   60        49.00000   47.00000  4.08%  98.4 2836s
 3117867 33735   48.00000   59   36   49.00000   47.00000  4.08%  98.5 2841s
 3123796 33296 infeasible   76        49.00000   47.00000  4.08%  98.5 2845s
 3132204 32869 infeasible   62        49.00000   47.00000  4.08%  98.5 2851s
 3137798 32555 infeasible   55        49.00000   47.00000  4.08%  98.5 2855s
 3146207 32003     cutoff   71        49.00000   47.00000  4.08%  98.5 2861s
 3154588 31504 infeasible   73        49.00000   47.00000  4.08%  98.5 2866s
 3160046 31278   47.00000   69   53   49.00000   47.00000  4.08%  98.5 2870s
 3168179 30721   47.00000   60   59   49.00000   47.00000  4.08%  98.5 2875s
 3176520 30051   47.00000   75   33   49.00000   47.00000  4.08%  98.5 2881s
 3184179 29611   47.00000   59   54   49.00000   47.00000  4.08%  98.5 2885s
 3190397 29010 infeasible   60        49.00000   47.00000  4.08%  98.5 2890s
 3198624 28332 infeasible   60        49.00000   47.00000  4.08%  98.6 2896s
 3206874 27670   47.00000   64   51   49.00000   47.00000  4.08%  98.6 2901s
 3212352 27279 infeasible   63        49.00000   47.00000  4.08%  98.6 2905s
 3220535 26626   47.00000   53   61   49.00000   47.00000  4.08%  98.6 2910s
 3228706 26036 infeasible   64        49.00000   47.00000  4.08%  98.6 2916s
 3236602 25405 infeasible   67        49.00000   47.00000  4.08%  98.6 2921s
 3242206 24929   47.00000   62   36   49.00000   47.00000  4.08%  98.6 2925s
 3250541 24479 infeasible   62        49.00000   47.00000  4.08%  98.6 2930s
 3258765 23892 infeasible   62        49.00000   47.00000  4.08%  98.6 2936s
 3267052 23517 infeasible   61        49.00000   47.00000  4.08%  98.6 2941s
 3274960 23086 infeasible   66        49.00000   47.00000  4.08%  98.6 2946s
 3280448 22856   47.00000   54   42   49.00000   47.00000  4.08%  98.6 2950s
 3288656 22289 infeasible   66        49.00000   47.00000  4.08%  98.6 2955s
 3296839 21919 infeasible   65        49.00000   47.00000  4.08%  98.7 2961s
 3304853 21471 infeasible   74        49.00000   47.00000  4.08%  98.7 2966s
 3310210 21076 infeasible   59        49.00000   47.00000  4.08%  98.7 2970s
 3318199 20560     cutoff   66        49.00000   47.00000  4.08%  98.7 2975s
 3326502 20068   47.00000   64   37   49.00000   47.00000  4.08%  98.7 2980s
 3334611 19545 infeasible   60        49.00000   47.00000  4.08%  98.7 2986s
 3342778 18837     cutoff   69        49.00000   47.00000  4.08%  98.7 2991s
 3348179 18563 infeasible   61        49.00000   47.00000  4.08%  98.7 2995s
 3356473 18117   47.00000   65   27   49.00000   47.00000  4.08%  98.7 3000s
 3364551 17596   47.00000   53   44   49.00000   47.00000  4.08%  98.7 3006s
 3372565 17075 infeasible   65        49.00000   47.00000  4.08%  98.7 3011s
 3378033 16661   47.00000   69   40   49.00000   47.00000  4.08%  98.8 3015s
 3386250 16123   47.00000   61   51   49.00000   47.00000  4.08%  98.8 3020s
 3394236 15634   47.00000   55   52   49.00000   47.00000  4.08%  98.8 3025s
 3402707 15032 infeasible   65        49.00000   47.00000  4.08%  98.8 3031s
 3408204 14631   47.00000   59   53   49.00000   47.00000  4.08%  98.8 3035s
 3416673 14229   47.00000   59   43   49.00000   47.00000  4.08%  98.8 3040s
 3424800 13760 infeasible   68        49.00000   47.00000  4.08%  98.8 3046s
 3430511 13509 infeasible   56        49.00000   47.00000  4.08%  98.8 3050s
 3438585 13281 infeasible   58        49.00000   47.00000  4.08%  98.8 3055s
 3448671 11066   48.00000   65   30   49.00000   48.00000  2.04%  98.8 3061s
 3454897  9740   48.00000   57   32   49.00000   48.00000  2.04%  98.7 3065s
 3464307  8459 infeasible   60        49.00000   48.00000  2.04%  98.7 3072s
 3472813  7092 infeasible   61        49.00000   48.00000  2.04%  98.6 3076s
 3478947  5973   48.00000   70   33   49.00000   48.00000  2.04%  98.6 3080s
 3487971  4743 infeasible   59        49.00000   48.00000  2.04%  98.6 3086s
 3493707  4256 infeasible   66        49.00000   48.00000  2.04%  98.6 3091s
 3501821  3373 infeasible   55        49.00000   48.00000  2.04%  98.6 3095s
 3508085  2621   48.00000   54   49   49.00000   48.00000  2.04%  98.6 3100s
 3517309  1348   48.00000   60   31   49.00000   48.00000  2.04%  98.6 3106s
 3523550   663     cutoff   68        49.00000   48.00000  2.04%  98.6 3110s
 3532599    38   48.00000   62   25   49.00000   48.00000  2.04%  98.6 3115s

Explored 3533964 nodes (348720081 simplex iterations) in 3116.78 seconds (3891.04 work units)
Thread count was 18 (of 36 available processors)

Solution count 10: 49 49 50 ... 57

Optimal solution found (tolerance 1.00e-04)
Best objective 4.900000000000e+01, best bound 4.900000000000e+01, gap 0.0000%
