
Gurobi 11.0.0 (win64) logging started Fri May 17 02:08:39 2024

Set parameter LogFile to value "./Results/StripPacking-SequencePairRuns/Logs/SUsp-010-StripPacking-25.log"
Set parameter TimeLimit to value 10800
Set parameter Cuts to value 0
Set parameter Presolve to value 1
Set parameter Heuristics to value 0
Set parameter LPWarmStart to value 2
Gurobi Optimizer version 11.0.0 build v11.0.0rc2 (win64 - Windows 10.0 (19045.2))

CPU model: Intel(R) Core(TM) i9-10980XE CPU @ 3.00GHz, instruction set [SSE2|AVX|AVX2|AVX512]
Thread count: 18 physical cores, 36 logical processors, using up to 18 threads

Optimize a model with 31525 rows, 1251 columns and 92450 nonzeros
Model fingerprint: 0x381ac635
Variable types: 51 continuous, 1200 integer (1200 binary)
Coefficient statistics:
  Matrix range     [1e+00, 1e+04]
  Objective range  [1e+00, 1e+00]
  Bounds range     [1e+00, 1e+04]
  RHS range        [1e+00, 1e+04]

Warning: Completing partial solution with 1200 unfixed non-continuous variables out of 1200
User MIP start produced solution with objective 102.2 (0.05s)
Loaded user MIP start with objective 102.2

Presolve removed 600 rows and 0 columns
Presolve time: 0.11s
Presolved: 30925 rows, 1251 columns, 91250 nonzeros
Variable types: 51 continuous, 1200 integer (1200 binary)
Root relaxation presolved: 1251 rows, 32176 columns, 92501 nonzeros


Root relaxation: objective 3.500000e+01, 1945 iterations, 0.27 seconds (0.36 work units)

    Nodes    |    Current Node    |     Objective Bounds      |     Work
 Expl Unexpl |  Obj  Depth IntInf | Incumbent    BestBd   Gap | It/Node Time

     0     0   35.00000    0  224  102.20000   35.00000  65.8%     -    1s
     0     0   35.00000    0  224  102.20000   35.00000  65.8%     -    1s
     0     2   35.00000    0  217  102.20000   35.00000  65.8%     -    3s
    15    32   35.00000    4  202  102.20000   35.00000  65.8%   583    5s
   369   405   35.00000   22  270  102.20000   35.00000  65.8%   146   10s
   945  1102   35.00000   51  265  102.20000   35.00000  65.8%   134   15s
* 1428  1472             122     102.0000000   35.00000  65.7%   133   17s
  1781  2060   40.41667   75  289  102.00000   35.00000  65.7%   128   22s
* 2083  2060             159     100.0000000   35.00000  65.0%   124   22s
* 2216  2485             161      97.0000000   35.00000  63.9%   122   23s
* 2304  2476             132      95.0000000   35.00000  63.2%   119   23s
  2624  2765   41.00000   95  203   95.00000   35.00000  63.2%   115   25s
* 2979  2750             159      94.0000000   35.00000  62.8%   113   25s
* 3521  3565             185      91.0000000   35.00000  61.5%   110   28s
  4081  4064   35.00000   23  257   91.00000   35.00000  61.5%   109   35s
* 4467  3976             174      89.0000000   35.00000  60.7%   112   35s
  4690  3956   35.00000   16  156   89.00000   35.00000  60.7%   114   40s
  4935  4135   38.00000   25  141   89.00000   35.00000  60.7%   112   45s
  5368  4474   45.00000   41  158   89.00000   35.00000  60.7%   109   50s
  6122  4996   45.00000   68  172   89.00000   35.00000  60.7%   106   55s
* 6818  5130             127      88.0000000   35.00000  60.2%   104   58s
  7199  5545   79.00000   89  146   88.00000   35.00000  60.2%   102   60s
* 7524  5413             122      87.0000000   35.00000  59.8%   100   61s
* 7531  5155             125      85.0000000   35.00000  58.8%   100   61s
  8302  5572   83.00000  116   16   85.00000   35.00000  58.8%  96.9   66s
  9241  5939   82.00000   73   79   85.00000   35.00000  58.8%  93.7   70s
* 9816  5697              93      84.0000000   35.00000  58.3%  92.9   72s
*10084  5550             113      83.0000000   35.00000  57.8%  92.6   74s
 10244  5591   63.00000   71  235   83.00000   35.00000  57.8%  92.8   76s
 10786  6182 infeasible  102        83.00000   35.00000  57.8%  93.3   80s
 11777  6531   40.00000   44  200   83.00000   35.00000  57.8%  93.2   85s
 12871  7102   67.00000   61  195   83.00000   35.00000  57.8%  92.1   92s
 13512  7467   67.00000   77  219   83.00000   35.00000  57.8%  92.0   96s
 14200  7953   67.00000   94  112   83.00000   35.00000  57.8%  91.7  100s
 15883  9183   79.00000   97   61   83.00000   35.00000  57.8%  89.6  110s
 16797 10036   64.00000   63  154   83.00000   35.00000  57.8%  88.9  118s
*17623  9685             101      82.0000000   35.00000  57.3%  87.8  118s
 17864 10416   69.00000   78  151   82.00000   35.00000  57.3%  87.4  125s
*17965 10086             107      81.0000000   35.00000  56.8%  87.2  125s
 18938 10321   48.00000   43  207   81.00000   35.00000  56.8%  86.3  130s
 19422 11114   66.00000   60  146   81.00000   35.00000  56.8%  86.3  136s
 20329 11827   71.00000   59  116   81.00000   35.00000  56.8%  87.0  142s
 21313 12475   80.00000  112  101   81.00000   35.00000  56.8%  87.5  150s
 22312 13374   72.00000  115  126   81.00000   35.00000  56.8%  88.0  161s
 23587 14311   72.00000   75  157   81.00000   35.00000  56.8%  87.8  172s
 24936 15248   46.00000   76  192   81.00000   35.00000  56.8%  87.6  183s
 26260 16252 infeasible  106        81.00000   35.00000  56.8%  87.6  193s
 27752 17256   55.00000   42  215   81.00000   35.00000  56.8%  87.4  207s
 29266 17787   53.00000   55  180   81.00000   35.00000  56.8%  87.3  214s
 29991 19109   55.00000   32  188   81.00000   35.00000  56.8%  87.3  229s
*31723 18103              95      80.0000000   35.00000  56.3%  86.9  229s
 31808 19269   39.00000   33  172   80.00000   35.00000  56.3%  87.0  238s
 33587 20494   68.00000   63  147   80.00000   35.00000  56.3%  87.1  255s
 35422 21756   77.00000  120   97   80.00000   35.00000  56.3%  87.0  272s
 37326 23048   61.00000   54  137   80.00000   35.00000  56.3%  87.3  282s
 39284 24553 infeasible   87        80.00000   35.00000  56.3%  87.8  299s
 41244 26005     cutoff   99        80.00000   35.00000  56.3%  88.3  316s
 43374 27111 infeasible  120        80.00000   35.00000  56.3%  88.9  326s
 45120 29069   76.00000   83  102   80.00000   35.00000  56.3%  89.1  350s
 47845 30519   61.00000   49  247   80.00000   35.00000  56.3%  89.2  368s
 50194 32421 infeasible   66        80.00000   35.00000  56.3%  89.3  380s
 52997 34059 infeasible  106        80.00000   35.00000  56.3%  89.2  402s
 55534 35830 infeasible  107        80.00000   35.00000  56.3%  89.2  417s
 58167 37660   57.00000   65  180   80.00000   35.00000  56.3%  89.3  439s
 60707 38744   52.00000   73  197   80.00000   35.00000  56.3%  89.4  454s
 62320 40595   50.00000   78  270   80.00000   35.00000  56.3%  89.8  479s
 64965 42248   72.00000   98  206   80.00000   35.00000  56.3%  90.0  494s
 67583 44235   79.00000   86  117   80.00000   35.00000  56.3%  90.2  523s
 70541 46252   78.00000   86  135   80.00000   35.00000  56.3%  90.2  536s
 73295 47989   78.00000   63  112   80.00000   35.00000  56.3%  90.2  561s
*74032 44816             107      79.0000000   35.00000  55.7%  90.2  561s
 76016 46323   69.00000   50  233   79.00000   35.00000  55.7%  90.1  576s
 78571 47465   78.00000   61   88   79.00000   35.00000  55.7%  90.3  593s
 80515 49137   69.00000   55  147   79.00000   35.00000  55.7%  90.5  620s
 83200 51041   67.00000   66  184   79.00000   35.00000  55.7%  90.6  633s
 85936 52972   78.00000   74  106   79.00000   35.00000  55.7%  90.7  657s
 88537 54674   78.00000   71  158   79.00000   35.00000  55.7%  90.9  669s
 91420 56519   54.00000   78  224   79.00000   35.00000  55.7%  91.0  695s
 94154 58428   35.00000   36  237   79.00000   35.00000  55.7%  91.1  708s
 96723 59708   75.00000  107   98   79.00000   35.00000  55.7%  91.4  729s
 98920 61746   77.00000   98   44   79.00000   35.00000  55.7%  91.6  759s
 101810 63551   39.00000   74  261   79.00000   35.00000  55.7%  91.7  776s
 104516 65459 infeasible  106        79.00000   35.00000  55.7%  91.8  805s
 107397 67348   64.00000   79  153   79.00000   35.00000  55.7%  91.9  821s
 110245 69069   61.00000   61  175   79.00000   35.00000  55.7%  92.0  849s
 111735 69069   77.00000   81  104   79.00000   35.00000  55.7%  92.1  850s
 112861 71311   44.00000   45  234   79.00000   35.00000  55.7%  92.3  879s
 115836 72734   69.00000   50  103   79.00000   35.00000  55.7%  92.2  892s
 117897 75162     cutoff   82        79.00000   35.00000  55.7%  92.4  934s
 121498 77106   66.00000   59  222   79.00000   35.00000  55.7%  92.5  952s
 124285 79105   77.00000   85  108   79.00000   35.00000  55.7%  92.5  984s
 125787 79105   35.00000   45  240   79.00000   35.00000  55.7%  92.5  985s
 127228 81372   64.00000   64  128   79.00000   35.00000  55.7%  92.5  998s
 130214 83044   75.00000   68  111   79.00000   35.00000  55.7%  92.5 1022s
 132862 84867   53.00000   58  194   79.00000   35.00000  55.7%  92.6 1037s
 135519 86636   48.00000   52  263   79.00000   35.00000  55.7%  92.7 1064s
 138132 88417   67.00000   67  150   79.00000   35.00000  55.7%  92.8 1080s
 140719 90020   72.00000   78   92   79.00000   35.00000  55.7%  93.0 1109s
 143128 91962   76.00000   86  165   79.00000   35.00000  55.7%  93.1 1137s
 145730 93685   56.84615   86  236   79.00000   35.00000  55.7%  93.1 1152s
 148275 95415   69.00000   44  214   79.00000   35.00000  55.7%  93.3 1181s
 150820 97443   77.00000   83  144   79.00000   35.00000  55.7%  93.4 1195s
 153445 99279   56.00000   61  149   79.00000   35.00000  55.7%  93.4 1224s
 156089 101044   74.00000   84  123   79.00000   35.00000  55.7%  93.4 1240s
 158791 102572   63.00000   44  247   79.00000   35.00000  55.7%  93.3 1267s
 161009 104142   60.00000   52  243   79.00000   35.00000  55.7%  93.4 1284s
*162402 94657             103      78.0000000   35.00000  55.1%  93.5 1284s
 163542 96013   58.00000   91  293   78.00000   35.00000  55.1%  93.5 1311s
 165844 97631   62.00000   57  280   78.00000   35.00000  55.1%  93.6 1327s
 168129 99207   70.00000   66  140   78.00000   35.00000  55.1%  93.7 1356s
 170486 101073   47.00000   39  217   78.00000   35.00000  55.1%  93.8 1369s
 171728 101073   58.00000   54  154   78.00000   35.00000  55.1%  93.8 1370s
 172907 102635   70.00000   70  128   78.00000   35.00000  55.1%  93.9 1395s
 175200 104164 infeasible  101        78.00000   35.00000  55.1%  94.0 1416s
 177386 105744     cutoff   63        78.00000   35.00000  55.1%  94.1 1444s
 179786 107426   48.00000   59  250   78.00000   35.00000  55.1%  94.1 1459s
 182237 108932   77.00000   73  111   78.00000   35.00000  55.1%  94.2 1486s
 184496 110571 infeasible   99        78.00000   35.00000  55.1%  94.3 1500s
 186739 112053   69.00000   45  122   78.00000   35.00000  55.1%  94.4 1525s
 188948 113602   65.00000   87  132   78.00000   35.00000  55.1%  94.5 1543s
 191180 115170 infeasible   96        78.00000   35.00000  55.1%  94.6 1572s
 193470 116581 infeasible   92        78.00000   35.00000  55.1%  94.6 1588s
 195629 118102   77.00000   85   65   78.00000   35.00000  55.1%  94.7 1615s
 197799 119729   39.00000   39  232   78.00000   35.00000  55.1%  94.8 1643s
 200140 121425   77.00000   62  129   78.00000   35.00000  55.1%  94.8 1657s
 202534 122911   77.00000   91  145   78.00000   35.00000  55.1%  94.8 1680s
 204502 124209   57.00000   41  220   78.00000   35.00000  55.1%  95.0 1695s
 206514 125688   69.00000   41  202   78.00000   35.00000  55.1%  95.1 1724s
 208691 127256   44.00000   40  194   78.00000   35.00000  55.1%  95.1 1738s
 210863 128913   54.00000   40  265   78.00000   35.00000  55.1%  95.1 1766s
 213178 130319   66.00000   56  181   78.00000   35.00000  55.1%  95.0 1780s
 215219 131652     cutoff   85        78.00000   35.00000  55.1%  95.1 1805s
 217265 132962   58.00000   70  219   78.00000   35.00000  55.1%  95.1 1821s
 219170 134336   35.00000   38  193   78.00000   35.00000  55.1%  95.1 1847s
 221188 135932   71.00000   82  106   78.00000   35.00000  55.1%  95.1 1861s
 223313 137457     cutoff   77        78.00000   35.00000  55.1%  95.2 1886s
 225483 138859   73.00000   99   83   78.00000   35.00000  55.1%  95.1 1898s
 227408 140328   72.00000   81  147   78.00000   35.00000  55.1%  95.2 1920s
 229299 141823   65.00000   67  203   78.00000   35.00000  55.1%  95.2 1935s
 231415 143075   69.00000   51  223   78.00000   35.00000  55.1%  95.2 1960s
 233201 144519   71.00000   73  283   78.00000   35.00000  55.1%  95.2 1974s
 235199 145964   51.00000   48  212   78.00000   35.00000  55.1%  95.2 1999s
 237149 147278     cutoff   79        78.00000   35.00000  55.1%  95.1 2014s
 239099 148504   72.00000   89   59   78.00000   35.00000  55.1%  95.1 2038s
 240866 149731     cutoff  102        78.00000   35.00000  55.1%  95.2 2051s
 242683 150809   53.00000   60  216   78.00000   35.00000  55.1%  95.2 2076s
 244428 152145   64.00000   77  191   78.00000   35.00000  55.1%  95.2 2090s
 246310 153350   69.00000   71  157   78.00000   35.00000  55.1%  95.2 2115s
 248104 154593   73.00000   84  161   78.00000   35.00000  55.1%  95.3 2128s
 249868 155944   69.00000   38  181   78.00000   35.00000  55.1%  95.3 2153s
 251694 157055   61.00000   69  129   78.00000   35.00000  55.1%  95.3 2167s
 253389 158270   69.00000   53  200   78.00000   35.17501  54.9%  95.4 2193s
 255269 159421   77.00000   66  190   78.00000   35.77829  54.1%  95.5 2209s
 257018 160733   74.00000   64  118   78.00000   36.00000  53.8%  95.6 2233s
 258822 162118   46.00000   56  255   78.00000   36.00000  53.8%  95.7 2252s
 260747 163511   75.00000  104   44   78.00000   36.00000  53.8%  95.8 2278s
 262698 164813   60.00000   89  154   78.00000   36.00000  53.8%  95.9 2292s
 264637 166074     cutoff   70        78.00000   36.00000  53.8%  96.0 2318s
 266497 167415   77.00000   84  106   78.00000   36.00000  53.8%  96.1 2334s
 268348 168627   52.00000   41  195   78.00000   36.00000  53.8%  96.1 2359s
 270192 169869   47.00000   41  303   78.00000   36.00000  53.8%  96.2 2382s
 272051 171176   69.00000   80  170   78.00000   36.00000  53.8%  96.3 2397s
 274007 172325   56.00000   49  175   78.00000   36.00000  53.8%  96.3 2417s
 275517 173412   43.00000   65  254   78.00000   36.00000  53.8%  96.4 2441s
 277288 174824   75.00000   76   93   78.00000   36.00000  53.8%  96.7 2461s
 279498 175971   75.00000   90   42   78.00000   36.00000  53.8%  96.8 2491s
 281429 177283   63.00000   60  176   78.00000   36.00000  53.8%  96.8 2522s
 283414 178941   75.00000  100  100   78.00000   37.00000  52.6%  96.9 2543s
 285941 180427   74.00000   69  217   78.00000   37.00000  52.6%  96.8 2574s
 288040 182144   69.00000   69  199   78.00000   37.00000  52.6%  96.9 2594s
 290372 183656   52.00000   50  189   78.00000   37.00000  52.6%  96.9 2624s
 292499 185046   64.00000   63  212   78.00000   37.00000  52.6%  96.9 2643s
 294507 186573   72.00000   72  132   78.00000   37.00000  52.6%  97.0 2674s
 296674 188051   63.00000   89  180   78.00000   37.00000  52.6%  97.0 2691s
 298700 189432 infeasible   64        78.00000   37.00000  52.6%  97.1 2722s
 300824 191039   76.00000   77  184   78.00000   37.00000  52.6%  97.1 2752s
 302963 192713   37.00000   37  254   78.00000   37.00000  52.6%  97.2 2771s
 305233 194026   77.00000   65  156   78.00000   37.00000  52.6%  97.2 2803s
 307226 195598   74.00000   92  128   78.00000   37.00000  52.6%  97.2 2822s
 309406 197082   51.00000   50  242   78.00000   37.00000  52.6%  97.3 2854s
 311553 198503 infeasible  113        78.00000   37.00000  52.6%  97.3 2873s
 313713 200009   60.00000   57  141   78.00000   37.00000  52.6%  97.3 2906s
 315879 201545 infeasible  108        78.00000   37.00000  52.6%  97.3 2925s
 318037 203030 infeasible   86        78.00000   37.00000  52.6%  97.4 2959s
 320159 204378   72.00000   91   79   78.00000   37.00000  52.6%  97.4 2989s
 322142 206044 infeasible   81        78.00000   37.00000  52.6%  97.4 3013s
 324596 207486   75.00000   67  173   78.00000   37.00000  52.6%  97.5 3050s
 327016 209002   74.00000   40  189   78.00000   37.00000  52.6%  97.5 3085s
 329230 210562   72.00000   58  187   78.00000   37.00000  52.6%  97.5 3107s
 331513 212101   72.00000   66  148   78.00000   37.00000  52.6%  97.5 3144s
 333826 213519   68.00000   43  194   78.00000   37.00000  52.6%  97.5 3167s
 335909 215059   62.00000   50  172   78.00000   37.00000  52.6%  97.6 3205s
 338227 216635 infeasible   68        78.00000   37.00000  52.6%  97.6 3229s
 340540 218186   55.00000   54  180   78.00000   37.00000  52.6%  97.6 3267s
 342759 219680   73.00000   61  186   78.00000   37.00000  52.6%  97.7 3289s
 345103 221161 infeasible   94        78.00000   37.00000  52.6%  97.7 3326s
 347179 222900 infeasible  103        78.00000   37.00000  52.6%  97.7 3350s
 349640 224413   70.00000   71  142   78.00000   37.00000  52.6%  97.7 3385s
 351823 225883     cutoff   69        78.00000   37.00000  52.6%  97.8 3423s
 353999 227551   77.00000   75  220   78.00000   37.00000  52.6%  97.8 3448s
 356468 229163   69.00000   69  269   78.00000   37.00000  52.6%  97.8 3487s
 358870 230893   62.00000   60  237   78.00000   37.00000  52.6%  97.8 3511s
 361332 232437   51.00000   52  175   78.00000   37.00000  52.6%  97.8 3551s
 363553 234061   47.00000   40  219   78.00000   37.00000  52.6%  97.8 3574s
 365850 235738   65.00000   54  180   78.00000   37.00000  52.6%  97.8 3612s
 368119 237621   51.00000   37  271   78.00000   37.00000  52.6%  97.8 3639s
 370821 239034   72.00000   83  110   78.00000   37.00000  52.6%  97.8 3676s
 372912 240665   57.00000   50  287   78.00000   37.00000  52.6%  97.8 3698s
 375190 242108   67.00000   84  137   78.00000   37.00000  52.6%  97.8 3738s
 377337 243862   60.00000   47  195   78.00000   37.00000  52.6%  97.8 3763s
 379800 245475   51.00000   42  163   78.00000   37.00000  52.6%  97.8 3800s
 382016 247174   57.00000   68  192   78.00000   37.00000  52.6%  97.8 3829s
 384433 248718   64.00000   45  228   78.00000   37.00000  52.6%  97.8 3867s
*384681 227300             105      77.0000000   37.00000  51.9%  97.8 3867s
 386733 228655     cutoff   81        77.00000   37.00000  51.9%  97.8 3891s
 388994 230142   54.00000   39  221   77.00000   37.00000  51.9%  97.9 3931s
 391123 231714   54.00000   45  209   77.00000   37.00000  51.9%  97.9 3959s
 392023 231714   58.00000   67  177   77.00000   37.00000  51.9%  97.9 3960s
 393357 233485 infeasible   91        77.00000   37.00000  51.9%  98.0 4003s
 395858 235011   65.00000   53  119   77.00000   37.00000  51.9%  98.0 4034s
 398291 236488 infeasible   58        77.00000   37.00000  51.9%  98.0 4074s
 400507 238293   61.00000   69  268   77.00000   37.00000  51.9%  98.1 4102s
 403027 239883   57.00000   49  228   77.00000   37.00000  51.9%  98.1 4145s
 405412 241678   74.00000   92  140   77.00000   37.00000  51.9%  98.1 4173s
 407766 243379   72.00000   63  146   77.00000   37.00000  51.9%  98.1 4211s
 410299 244873   48.00000   28  151   77.00000   37.00000  51.9%  98.2 4251s
 412646 246533     cutoff   69        77.00000   37.00000  51.9%  98.2 4278s
 414966 248236   70.00000   64  167   77.00000   37.00000  51.9%  98.2 4315s
 417210 249832   65.00000   87  103   77.00000   37.00000  51.9%  98.2 4342s
 419600 251463   73.00000   74  173   77.00000   37.00000  51.9%  98.2 4384s
 421757 253075   54.00000   58  178   77.00000   37.00000  51.9%  98.3 4412s
 424099 254672 infeasible   85        77.00000   37.00000  51.9%  98.3 4449s
 426213 255988   65.00000   73  242   77.00000   37.00000  51.9%  98.4 4480s
 428494 257434   71.00000   70  185   77.00000   37.00000  51.9%  98.4 4521s
 430648 259173   71.00000   80  116   77.00000   37.00000  51.9%  98.5 4547s
 433038 260837     cutoff   93        77.00000   37.00000  51.9%  98.5 4590s
 435329 262378   75.00000   69  102   77.00000   37.00000  51.9%  98.5 4626s
 437595 263858   71.00000   50  158   77.00000   37.00000  51.9%  98.6 4654s
 438940 263858   74.00000   62  101   77.00000   37.00000  51.9%  98.6 4655s
 439880 265476 infeasible   66        77.00000   37.00000  51.9%  98.6 4696s
 442190 267059   72.00000   61  211   77.00000   37.00000  51.9%  98.7 4724s
 444535 268629   47.00000   61  256   77.00000   37.00000  51.9%  98.7 4768s
 446815 270412   66.00000   62  159   77.00000   37.00000  51.9%  98.7 4794s
 449304 271727   62.00000   53  238   77.00000   37.00000  51.9%  98.7 4835s
 451280 273190   54.00000   50  177   77.00000   37.00000  51.9%  98.8 4878s
 453505 274778   74.00000   76  105   77.00000   37.00000  51.9%  98.8 4906s
 455854 276448     cutoff   78        77.00000   37.00000  51.9%  98.8 4948s
 458174 277986   54.00000   56  211   77.00000   37.00000  51.9%  98.8 4975s
 460429 279477   37.00000   55  258   77.00000   37.00000  51.9%  98.8 5018s
 462656 280860   61.00000   52  222   77.00000   37.00000  51.9%  98.9 5047s
 464741 282343   74.00000   61  152   77.00000   37.00000  51.9%  98.9 5089s
 466880 283725   70.00000   96  110   77.00000   37.00000  51.9%  98.9 5120s
 469011 285198   72.00000   81  133   77.00000   37.00000  51.9%  99.0 5161s
 471241 286641   45.00000   32  248   77.00000   37.00000  51.9%  99.0 5188s
 473346 288170 infeasible  113        77.00000   37.00000  51.9%  99.1 5228s
 475484 289631   71.00000   85   96   77.00000   37.00000  51.9%  99.2 5274s
 475709 289631     cutoff   88        77.00000   37.00000  51.9%  99.2 5275s
 477631 291228 infeasible   91        77.00000   37.00000  51.9%  99.2 5304s
 479932 292613   67.00000   64  162   77.00000   37.00000  51.9%  99.2 5347s
 481995 293834   37.00000   45  230   77.00000   37.00000  51.9%  99.2 5376s
 484190 295338   72.00000   62  156   77.00000   37.00000  51.9%  99.2 5420s
 486329 296819   69.00000   88  116   77.00000   37.00000  51.9%  99.3 5448s
 488504 298075   75.00000   87   79   77.00000   37.00000  51.9%  99.3 5492s
 490607 299512   72.00000   75  116   77.00000   37.00000  51.9%  99.3 5539s
 492710 301142   67.00000   58  166   77.00000   37.00000  51.9%  99.3 5569s
 495038 302220   71.00000   63  182   77.00000   37.00000  51.9%  99.3 5609s
 495354 302220   54.00000   45  159   77.00000   37.00000  51.9%  99.4 5610s
 497027 303749   76.00000   71  132   77.00000   37.00000  51.9%  99.4 5636s
 499210 305209   76.00000   65  107   77.00000   37.00000  51.9%  99.4 5680s
 501328 306649   74.00000   77  121   77.00000   37.00000  51.9%  99.4 5708s
 503445 307709   59.00000   50  208   77.00000   37.00000  51.9%  99.5 5751s
 505341 309119   65.00000   73  141   77.00000   37.00000  51.9%  99.5 5796s
 507464 310578   74.00000   93  131   77.00000   37.00000  51.9%  99.5 5824s
 509562 311855   72.00000   85  139   77.00000   37.00000  51.9%  99.5 5865s
 511483 313245   69.00000   78  101   77.00000   37.00000  51.9%   100 5891s
 513599 314540   67.00000   70  205   77.00000   37.00000  51.9%   100 5931s
 515503 315828   44.00000   31  219   77.00000   37.00000  51.9%   100 5959s
 517345 317327 infeasible   63        77.00000   37.00000  51.9%   100 5998s
 519361 318569   66.00000   81  149   77.00000   37.00000  51.9%   100 6024s
 521274 319939     cutoff   71        77.00000   37.00000  51.9%   100 6064s
 523222 321206   74.00000   61  175   77.00000   37.00000  51.9%   100 6101s
 525011 322644   71.00000   73  124   77.00000   37.00000  51.9%   100 6125s
 526903 323940   51.00000   56  251   77.00000   37.00000  51.9%   100 6163s
 528720 325154   54.00000   76  193   77.00000   37.00000  51.9%   100 6189s
 529823 325154   67.00000   75  120   77.00000   37.00000  51.9%   100 6190s
 530495 326391   60.00000   54  191   77.00000   37.00000  51.9%   100 6229s
 531193 326391     cutoff   60        77.00000   37.00000  51.9%   100 6230s
 532335 327599 infeasible   76        77.00000   37.00000  51.9%   100 6262s
 534230 328706   75.00000   59  125   77.00000   37.00000  51.9%   100 6302s
 536053 329970 infeasible   66        77.00000   37.44849  51.4%   100 6327s
 537854 331111 infeasible   78        77.00000   37.44849  51.4%   100 6365s
 539557 332545   76.00000   70   26   77.00000   38.00000  50.6%   100 6411s
 541919 334110   72.00000   67  180   77.00000   38.00000  50.6%   100 6464s
 544344 335920     cutoff   74        77.00000   38.00000  50.6%   100 6499s
 546928 337507   76.00000   66  153   77.00000   38.00000  50.6%   100 6552s
 549371 339134   75.00000   60   90   77.00000   38.00000  50.6%   100 6586s
 551726 340962   76.00000   92  101   77.00000   38.00000  50.6%   100 6636s
 554233 342559   54.00000   70  217   77.00000   38.00000  50.6%   100 6668s
 556484 343906   71.00000   69  139   77.00000   38.00000  50.6%   100 6719s
 558555 345385   64.00000   50  175   77.00000   38.00000  50.6%   100 6773s
 560881 346772   75.00000   68  133   77.00000   38.00000  50.6%   100 6807s
 563139 348191   76.00000   80  141   77.00000   38.00000  50.6%   100 6853s
 565184 349649   75.00000   70  206   77.00000   38.00000  50.6%   100 6902s
 567392 351012   76.00000  102   65   77.00000   38.00000  50.6%   100 6936s
 569573 352409   72.00000   68  165   77.00000   38.00000  50.6%   100 6992s
 571731 353676   45.00000   55  240   77.00000   38.00000  50.6%   100 7024s
 573743 355066   74.00000   78  197   77.00000   38.00000  50.6%   100 7074s
 575922 356435   74.00000   68  131   77.00000   38.00000  50.6%   101 7119s
 576808 356435     cutoff   64        77.00000   38.00000  50.6%   101 7120s
 577939 357738 infeasible   80        77.00000   38.00000  50.6%   101 7143s
 579964 358981   76.00000   61  112   77.00000   38.00000  50.6%   101 7180s
 582022 360403   64.00000   55  205   77.00000   38.00000  50.6%   101 7213s
 584168 361406   75.00000   88   50   77.00000   38.00000  50.6%   101 7259s
 585934 362799   73.00000   82   84   77.00000   38.00000  50.6%   101 7303s
 587955 364433   57.00000   44  250   77.00000   38.00000  50.6%   101 7332s
 590256 365554   62.00000   71  214   77.00000   38.00000  50.6%   101 7375s
 592148 366953   47.00000   38  188   77.00000   38.00000  50.6%   101 7420s
 594119 368035   73.00000   60  205   77.00000   38.00000  50.6%   101 7451s
 596109 369086   75.00000   83   57   77.00000   38.00000  50.6%   101 7492s
 597722 370285 infeasible   60        77.00000   38.00000  50.6%   101 7537s
 599666 371536   75.00000   41  131   77.00000   38.00000  50.6%   101 7568s
 601530 372882   74.00000   55  274   77.00000   38.00000  50.6%   101 7615s
 603452 374175   71.00000   69  212   77.00000   38.00000  50.6%   101 7647s
 605418 375417   71.00000   85   99   77.00000   38.00000  50.6%   101 7688s
 607062 376623   73.00000   76  122   77.00000   38.00000  50.6%   101 7729s
 608911 377954   58.00000   59  238   77.00000   38.00000  50.6%   101 7758s
 610782 379175   65.00000   58  238   77.00000   38.00000  50.6%   101 7803s
 612679 380445   76.00000   67   82   77.00000   38.00000  50.6%   101 7833s
 614578 381734   75.00000   58  126   77.00000   38.00000  50.6%   101 7879s
 616470 382673 infeasible   90        77.00000   38.00000  50.6%   101 7918s
 617969 384220   64.00000   55  150   77.00000   38.00000  50.6%   101 7954s
 620317 385527 infeasible   91        77.00000   38.00000  50.6%   101 8000s
 622250 386809   74.00000   51  241   77.00000   38.00000  50.6%   101 8030s
 624081 387976   75.00000   59  175   77.00000   38.00000  50.6%   101 8075s
 625803 389106   61.00000   60  157   77.00000   38.00000  50.6%   101 8121s
 627470 390843   66.00000   51  212   77.00000   39.00000  49.4%   101 8164s
 630117 392417   62.00000   60  237   77.00000   39.00000  49.4%   101 8229s
 632814 394206   69.00000   58  201   77.00000   39.00000  49.4%   101 8276s
 635533 395945   54.00000   43  219   77.00000   39.00000  49.4%   101 8341s
 638031 397599   74.00000   82  170   77.00000   39.00000  49.4%   101 8407s
 640783 399120   76.00000   77  127   77.00000   39.00000  49.4%   101 8449s
 643287 400824     cutoff   76        77.00000   39.00000  49.4%   101 8516s
 646039 402722   40.00000   48  243   77.00000   39.00000  49.4%   101 8567s
 648838 404547   76.00000   77  150   77.00000   39.00000  49.4%   101 8631s
 651473 406320   62.00000   65  207   77.00000   39.00000  49.4%   102 8677s
 654202 407938   75.00000   71  104   77.00000   39.00000  49.4%   102 8744s
 654331 407938   74.00000   77  147   77.00000   39.00000  49.4%   102 8745s
 656641 409917   54.00000   53  239   77.00000   39.00000  49.4%   102 8815s
 659532 411649   39.00000   30  198   77.00000   39.00000  49.4%   102 8862s
 662293 413261 infeasible   92        77.00000   39.00000  49.4%   102 8925s
 664822 415016   65.00000   66  164   77.00000   39.00000  49.4%   102 8969s
 667432 416660   54.00000   77  229   77.00000   39.00000  49.4%   102 9035s
 670009 418347   72.00000  104  119   77.00000   39.00000  49.4%   102 9103s
 672470 419767   61.00000   68  134   77.00000   39.00000  49.4%   102 9149s
 674548 419767   69.00000   82  121   77.00000   39.00000  49.4%   102 9150s
 675060 421504   67.00000   75  158   77.00000   39.00000  49.4%   102 9221s
 677885 423379   67.00000   58  141   77.00000   39.00000  49.4%   102 9291s
 680627 425101   47.00000   65  247   77.00000   39.00000  49.4%   102 9339s
 683292 426758   74.00000   77  162   77.00000   39.00000  49.4%   102 9409s
 685899 428204   56.00000   52  202   77.00000   39.00000  49.4%   102 9464s
 688142 428204   45.00000   49  251   77.00000   39.00000  49.4%   102 9465s
 688416 429735   57.00000   55  169   77.00000   39.00000  49.4%   102 9531s
 690872 431408   76.00000   75   94   77.00000   39.00000  49.4%   102 9600s
 693411 433256   62.00000   70  161   77.00000   39.00000  49.4%   102 9654s
 696277 435048   70.00000   75  208   77.00000   39.00000  49.4%   102 9727s
 699020 436824   72.00000   51  160   77.00000   39.00000  49.4%   102 9809s
 701805 438452   44.00000   46  207   77.00000   39.00000  49.4%   102 9862s
 704608 440215   74.00000   76  136   77.00000   39.00000  49.4%   102 9932s
 707310 441894   69.00000   77  187   77.00000   39.00000  49.4%   102 10006s
 710040 443521   60.00000   62  198   77.00000   39.00000  49.4%   102 10057s
 712666 444937   67.00000   56  168   77.00000   39.00000  49.4%   103 10125s
 715006 446635   74.00000   68  155   77.00000   39.00000  49.4%   103 10204s
 716703 446635   73.00000   54  116   77.00000   39.00000  49.4%   103 10205s
 717842 448245   74.00000   66  209   77.00000   39.00000  49.4%   103 10263s
 720527 449887   76.00000   67  204   77.00000   39.00000  49.4%   103 10341s
*722845 416031             121      76.0000000   39.00000  48.7%   103 10342s
 723271 417501   72.00000   90  120   76.00000   39.00000  48.7%   103 10399s
 725906 418944 infeasible   98        76.00000   39.00000  48.7%   103 10470s
 728463 420596 infeasible   93        76.00000   39.00000  48.7%   103 10544s
 730479 420596   52.00000   85  225   76.00000   39.00000  48.7%   103 10545s
 731111 422301   75.00000   96   42   76.00000   39.00000  48.7%   103 10598s
 733942 424053     cutoff   96        76.00000   39.00000  48.7%   103 10676s
 736681 425684 infeasible   65        76.00000   39.00000  48.7%   103 10751s
 739194 427385   60.00000   66  216   76.00000   39.00000  48.7%   103 10800s

Explored 741853 nodes (76514755 simplex iterations) in 10801.66 seconds (2287.84 work units)
Thread count was 18 (of 36 available processors)

Solution count 10: 76 77 78 ... 85

Time limit reached
Best objective 7.600000000000e+01, best bound 3.900000000000e+01, gap 48.6842%
