
Gurobi 11.0.0 (win64) logging started Thu May 16 09:54:11 2024

Set parameter LogFile to value "./Results/StripPacking-SequencePairRuns/Logs/SUsp-010-StripPacking-15.log"
Set parameter TimeLimit to value 10800
Set parameter Cuts to value 0
Set parameter Presolve to value 1
Set parameter Heuristics to value 0
Set parameter LPWarmStart to value 2
Gurobi Optimizer version 11.0.0 build v11.0.0rc2 (win64 - Windows 10.0 (19045.2))

CPU model: Intel(R) Core(TM) i9-10980XE CPU @ 3.00GHz, instruction set [SSE2|AVX|AVX2|AVX512]
Thread count: 18 physical cores, 36 logical processors, using up to 18 threads

Optimize a model with 6840 rows, 451 columns and 19770 nonzeros
Model fingerprint: 0x72cc4c20
Variable types: 31 continuous, 420 integer (420 binary)
Coefficient statistics:
  Matrix range     [1e+00, 1e+04]
  Objective range  [1e+00, 1e+00]
  Bounds range     [1e+00, 1e+04]
  RHS range        [1e+00, 1e+04]

Warning: Completing partial solution with 420 unfixed non-continuous variables out of 420
User MIP start produced solution with objective 71.5 (0.00s)
Loaded user MIP start with objective 71.5

Presolve removed 210 rows and 0 columns
Presolve time: 0.03s
Presolved: 6630 rows, 451 columns, 19922 nonzeros
Variable types: 31 continuous, 420 integer (420 binary)

Root relaxation: objective 3.300000e+01, 347 iterations, 0.02 seconds (0.02 work units)

    Nodes    |    Current Node    |     Objective Bounds      |     Work
 Expl Unexpl |  Obj  Depth IntInf | Incumbent    BestBd   Gap | It/Node Time

     0     0   33.00000    0   20   71.50000   33.00000  53.8%     -    0s
     0     0   33.00000    0   20   71.50000   33.00000  53.8%     -    0s
     0     2   33.00000    0   20   71.50000   33.00000  53.8%     -    0s
*  790   883              57      53.0000000   33.00000  37.7%  34.6    0s
* 1539  1217              68      52.0000000   33.00000  36.5%  37.3    1s
* 7775  1700              55      50.0000000   33.00000  34.0%  48.6    4s
  9248  1959   46.00000   31   76   50.00000   33.00000  34.0%  52.5    5s
 18722  4182 infeasible   44        50.00000   38.00000  24.0%  66.8   10s
 30372  6049 infeasible   50        50.00000   41.00000  18.0%  72.9   15s
 41655  8320   42.00000   49   82   50.00000   42.00000  16.0%  73.4   20s
 51292  9793 infeasible   40        50.00000   42.00000  16.0%  74.6   25s
 63345 12088 infeasible   47        50.00000   43.00000  14.0%  75.4   30s
 74541 14450 infeasible   38        50.00000   43.00000  14.0%  75.7   35s
 85159 16242   43.00000   47   80   50.00000   43.00000  14.0%  76.4   40s
 93379 17592 infeasible   59        50.00000   43.00000  14.0%  76.2   45s
 104508 17417     cutoff   59        50.00000   43.00000  14.0%  75.0   50s
 116072 16402     cutoff   68        50.00000   43.00000  14.0%  74.2   55s
 130767 15723   49.00000   48   55   50.00000   43.00000  14.0%  70.9   60s
 143076 14634   48.00000   65   53   50.00000   43.00000  14.0%  70.3   65s
 156686 17703   49.00000   59   36   50.00000   43.00000  14.0%  69.7   70s
 168295 20051 infeasible   49        50.00000   43.00000  14.0%  69.5   75s
 178852 22094 infeasible   73        50.00000   43.00000  14.0%  69.2   80s
 192147 25002   49.00000   71   31   50.00000   43.00000  14.0%  69.0   85s
 202230 27266   44.00000   55   48   50.00000   43.00000  14.0%  68.6   90s
 215363 29525   49.00000   50   47   50.00000   43.00000  14.0%  68.4   95s
 226251 31140   46.00000   60   33   50.00000   43.00000  14.0%  68.6  100s
 235628 32697   43.00000   57   73   50.00000   43.00000  14.0%  68.8  105s
 247497 34656   43.00000   43   52   50.00000   43.00000  14.0%  68.8  110s
 260045 36235   49.00000   60   33   50.00000   43.00000  14.0%  69.0  115s
 269744 37749 infeasible   63        50.00000   43.00000  14.0%  68.9  120s
 280512 38784 infeasible   66        50.00000   43.00000  14.0%  69.0  125s
 293722 40198   43.00000   61   66   50.00000   43.00000  14.0%  69.0  130s
 303569 40880   49.00000   68   36   50.00000   43.00000  14.0%  69.0  135s
 313830 41557   49.00000   68   30   50.00000   43.00000  14.0%  69.0  140s
 327105 42454   48.00000   60   22   50.00000   43.00000  14.0%  69.0  145s
 337814 43032 infeasible   63        50.00000   43.00000  14.0%  69.0  150s
 349655 43972 infeasible   58        50.00000   43.00000  14.0%  68.9  155s
 360542 44521   46.00000   59   53   50.00000   43.00000  14.0%  68.9  160s
 371692 45369 infeasible   62        50.00000   43.00000  14.0%  68.8  165s
 384363 48010 infeasible   51        50.00000   44.00000  12.0%  68.6  170s
 395100 49699 infeasible   66        50.00000   44.00000  12.0%  68.7  175s
 405216 50835   47.00000   61   34   50.00000   44.00000  12.0%  68.8  180s
 415602 52018   49.00000   60   32   50.00000   44.00000  12.0%  68.9  185s
 427167 53453   46.00000   56   47   50.00000   44.00000  12.0%  68.8  190s
 438013 54876   49.00000   58   26   50.00000   44.00000  12.0%  68.8  195s
 448382 56194 infeasible   63        50.00000   44.00000  12.0%  68.7  200s
 461918 57996 infeasible   56        50.00000   44.00000  12.0%  68.5  206s
 472861 59109 infeasible   68        50.00000   44.00000  12.0%  68.4  210s
 484019 60211     cutoff   52        50.00000   44.00000  12.0%  68.3  215s
 495137 61197   49.00000   50   33   50.00000   44.00000  12.0%  68.3  220s
 505939 62294   46.00000   56   36   50.00000   44.00000  12.0%  68.2  225s
 516395 63364 infeasible   62        50.00000   44.00000  12.0%  68.1  230s
 527232 64394     cutoff   57        50.00000   44.00000  12.0%  68.1  235s
 540532 65616 infeasible   59        50.00000   44.00000  12.0%  68.0  241s
 550931 66524   47.00000   55   57   50.00000   44.00000  12.0%  68.0  246s
 562067 67513   44.00000   56   59   50.00000   44.00000  12.0%  68.0  251s
 572689 68458 infeasible   63        50.00000   44.00000  12.0%  68.0  256s
 583371 69431   44.00000   42   39   50.00000   44.00000  12.0%  67.9  261s
 593919 70315   49.00000   54   33   50.00000   44.00000  12.0%  67.9  266s
 604328 71280   46.00000   53   54   50.00000   44.00000  12.0%  67.9  270s
 615163 72273 infeasible   66        50.00000   44.00000  12.0%  67.9  275s
 626497 73085   44.00000   62   30   50.00000   44.00000  12.0%  67.9  280s
 637326 73600 infeasible   50        50.00000   44.00000  12.0%  67.9  285s
 645219 74331 infeasible   58        50.00000   44.00000  12.0%  67.9  290s
 656063 75377   48.00000   56   32   50.00000   44.00000  12.0%  67.8  295s
 667052 76227 infeasible   49        50.00000   44.00000  12.0%  67.8  300s
 677754 77305   46.00000   48   35   50.00000   44.00000  12.0%  67.8  305s
*680113 53971              71      49.0000000   44.00000  10.2%  67.8  305s
 688002 54194 infeasible   43        49.00000   44.00000  10.2%  67.9  310s
 699775 54632   44.00000   46   49   49.00000   44.00000  10.2%  68.0  316s
 709894 54508   46.00000   49   39   49.00000   44.00000  10.2%  68.1  320s
 719843 53413 infeasible   60        49.00000   45.00000  8.16%  68.1  326s
 728005 52389   46.00000   59   48   49.00000   45.00000  8.16%  68.1  330s
 740222 52964 infeasible   64        49.00000   46.00000  6.12%  68.1  335s
 750856 53088     cutoff   61        49.00000   46.00000  6.12%  68.1  340s
 761420 53581 infeasible   59        49.00000   46.00000  6.12%  68.1  345s
 769971 53846   46.00000   44   35   49.00000   46.00000  6.12%  68.1  350s
 780840 53971 infeasible   48        49.00000   46.00000  6.12%  68.1  355s
 791588 53966 infeasible   64        49.00000   46.00000  6.12%  68.1  360s
 802731 53949   46.00000   47   62   49.00000   46.00000  6.12%  68.1  366s
 810787 53713 infeasible   48        49.00000   46.00000  6.12%  68.1  370s
 821418 53473   46.00000   51   43   49.00000   46.00000  6.12%  68.1  375s
 832317 53274     cutoff   49        49.00000   46.00000  6.12%  68.1  380s
 843164 53041   47.00000   65   65   49.00000   46.00000  6.12%  68.1  386s
 851364 52944 infeasible   54        49.00000   46.00000  6.12%  68.1  390s
 862108 52832 infeasible   57        49.00000   46.00000  6.12%  68.1  395s
 872887 52745     cutoff   63        49.00000   46.00000  6.12%  68.1  400s
 883675 52810 infeasible   59        49.00000   46.00000  6.12%  68.1  406s
 892202 52747   47.00000   53   55   49.00000   46.00000  6.12%  68.1  410s
 903231 52650   46.00000   76   43   49.00000   46.00000  6.12%  68.1  415s
 914373 52482 infeasible   63        49.00000   46.00000  6.12%  68.1  421s
 922457 52558   46.00000   61   38   49.00000   46.00000  6.12%  68.1  425s
 933267 52783   46.00000   52   47   49.00000   46.00000  6.12%  68.1  430s
 944089 52771 infeasible   63        49.00000   46.00000  6.12%  68.1  435s
 954934 52829 infeasible   58        49.00000   46.00000  6.12%  68.1  441s
 962541 53044 infeasible   82        49.00000   46.00000  6.12%  68.1  445s
 973871 53031   47.00000   61   43   49.00000   46.00000  6.12%  68.1  450s
 984533 53177 infeasible   60        49.00000   46.00000  6.12%  68.1  455s
 995240 53361   47.00000   66   27   49.00000   46.00000  6.12%  68.2  461s
 1003268 53704     cutoff   56        49.00000   46.00000  6.12%  68.2  465s
 1014156 53885 infeasible   65        49.00000   46.00000  6.12%  68.2  470s
 1025627 53946   46.00000   57   65   49.00000   46.00000  6.12%  68.2  476s
 1033286 53977   46.00000   55   51   49.00000   46.00000  6.12%  68.3  480s
 1044605 54061 infeasible   58        49.00000   46.00000  6.12%  68.3  485s
 1055525 54003 infeasible   62        49.00000   46.00000  6.12%  68.3  491s
 1063928 53914     cutoff   62        49.00000   46.00000  6.12%  68.3  495s
 1075036 53910   46.00000   57   47   49.00000   46.00000  6.12%  68.3  500s
 1085501 54147     cutoff   61        49.00000   46.00000  6.12%  68.3  505s
 1093957 54394   46.00000   60   58   49.00000   46.00000  6.12%  68.3  510s
 1104495 54537 infeasible   59        49.00000   46.00000  6.12%  68.3  515s
 1113126 54348 infeasible   50        49.00000   46.00000  6.12%  68.3  520s
 1124261 54197 infeasible   48        49.00000   46.00000  6.12%  68.3  525s
 1135273 54065 infeasible   71        49.00000   46.00000  6.12%  68.3  531s
 1143504 54114 infeasible   55        49.00000   46.00000  6.12%  68.3  535s
 1154486 54120 infeasible   65        49.00000   46.00000  6.12%  68.3  540s
 1165090 54134 infeasible   54        49.00000   46.00000  6.12%  68.3  545s
 1173145 54240 infeasible   75        49.00000   46.00000  6.12%  68.3  550s
 1184060 54189 infeasible   50        49.00000   46.00000  6.12%  68.3  555s
 1194778 54196 infeasible   59        49.00000   46.00000  6.12%  68.3  560s
 1203038 53941   46.00000   71   32   49.00000   46.00000  6.12%  68.3  565s
 1214460 53640 infeasible   60        49.00000   46.00000  6.12%  68.3  570s
 1225281 53291 infeasible   66        49.00000   46.00000  6.12%  68.3  576s
 1235945 52912     cutoff   58        49.00000   46.00000  6.12%  68.3  581s
 1243965 52762   46.00000   50   63   49.00000   46.00000  6.12%  68.3  585s
 1255055 52740   46.00000   69   48   49.00000   46.00000  6.12%  68.3  591s
 1263508 52618 infeasible   66        49.00000   46.00000  6.12%  68.3  595s
 1274011 52519     cutoff   63        49.00000   46.00000  6.12%  68.3  600s
 1284888 52593   46.00000   60   50   49.00000   46.00000  6.12%  68.3  605s
 1296024 52831   46.00000   57   25   49.00000   46.00000  6.12%  68.3  610s
 1306478 52942   47.00000   66   27   49.00000   46.00000  6.12%  68.2  616s
 1314618 52693 infeasible   76        49.00000   46.00000  6.12%  68.2  620s
 1325361 52451     cutoff   68        49.00000   46.00000  6.12%  68.2  625s
 1336866 52052   46.00000   48   34   49.00000   46.00000  6.12%  68.2  631s
 1344995 51695   46.00000   62   22   49.00000   46.00000  6.12%  68.2  635s
 1355634 51201   48.00000   55   20   49.00000   46.00000  6.12%  68.2  640s
 1366781 50970 infeasible   65        49.00000   46.00000  6.12%  68.2  645s
 1374612 51322 infeasible   59        49.00000   46.00000  6.12%  68.2  650s
 1385848 51850   46.00000   51   46   49.00000   46.00000  6.12%  68.3  655s
 1396948 52272   48.00000   47   40   49.00000   46.00000  6.12%  68.3  661s
 1404786 52588   47.00000   53   18   49.00000   46.00000  6.12%  68.3  665s
 1415461 52938   48.00000   45   32   49.00000   46.00000  6.12%  68.4  670s
 1426400 53315     cutoff   52        49.00000   46.00000  6.12%  68.4  676s
 1434850 53551   48.00000   49   32   49.00000   46.00000  6.12%  68.4  680s
 1445733 53751   47.00000   53   22   49.00000   46.00000  6.12%  68.4  685s
 1453990 53721   46.00000   60   39   49.00000   46.00000  6.12%  68.4  690s
 1464253 53471   47.00000   42   45   49.00000   46.00000  6.12%  68.5  695s
 1474806 54970 infeasible   52        49.00000   47.00000  4.08%  68.4  700s
 1485477 55128   47.00000   54   34   49.00000   47.00000  4.08%  68.5  705s
 1494051 54777 infeasible   67        49.00000   47.00000  4.08%  68.5  710s
 1506299 54208     cutoff   65        49.00000   47.00000  4.08%  68.4  715s
 1517171 54040   47.00000   52   54   49.00000   47.00000  4.08%  68.3  720s
 1527755 53831 infeasible   78        49.00000   47.00000  4.08%  68.3  725s
 1535855 53663   48.00000   54   38   49.00000   47.00000  4.08%  68.3  730s
 1547152 53584   47.00000   61   46   49.00000   47.00000  4.08%  68.3  735s
 1558439 53483     cutoff   57        49.00000   47.00000  4.08%  68.2  740s
 1568313 53299   48.00000   66   36   49.00000   47.00000  4.08%  68.2  745s
 1579136 53272 infeasible   75        49.00000   47.00000  4.08%  68.2  751s
 1587476 53111 infeasible   53        49.00000   47.00000  4.08%  68.2  755s
 1598352 52848 infeasible   53        49.00000   47.00000  4.08%  68.2  760s
 1609526 52631 infeasible   69        49.00000   47.00000  4.08%  68.1  766s
 1618057 52454 infeasible   62        49.00000   47.00000  4.08%  68.1  770s
 1628985 51991 infeasible   50        49.00000   47.00000  4.08%  68.1  775s
 1639988 51671     cutoff   63        49.00000   47.00000  4.08%  68.1  780s
 1650869 51230   47.00000   60   41   49.00000   47.00000  4.08%  68.0  786s
 1658597 50949 infeasible   58        49.00000   47.00000  4.08%  68.0  790s
 1669813 50355 infeasible   52        49.00000   47.00000  4.08%  68.0  795s
 1680734 49851 infeasible   62        49.00000   47.00000  4.08%  68.0  800s
 1691167 49632 infeasible   68        49.00000   47.00000  4.08%  68.0  806s
 1699650 49378     cutoff   63        49.00000   47.00000  4.08%  67.9  810s
 1710421 48938 infeasible   63        49.00000   47.00000  4.08%  67.9  815s
 1721050 48680 infeasible   67        49.00000   47.00000  4.08%  67.9  820s
 1731989 48436   47.00000   66   52   49.00000   47.00000  4.08%  67.9  826s
 1740537 48278   47.00000   51   44   49.00000   47.00000  4.08%  67.9  830s
 1751262 48024 infeasible   61        49.00000   47.00000  4.08%  67.9  835s
 1762411 47795 infeasible   61        49.00000   47.00000  4.08%  67.8  841s
 1770942 47808     cutoff   76        49.00000   47.00000  4.08%  67.8  845s
 1781576 47628 infeasible   48        49.00000   47.00000  4.08%  67.8  850s
 1792495 47351   48.00000   71   41   49.00000   47.00000  4.08%  67.8  855s
 1803353 47226   47.00000   65   34   49.00000   47.00000  4.08%  67.8  861s
 1810998 47199   47.00000   64   16   49.00000   47.00000  4.08%  67.8  865s
 1821631 47152 infeasible   70        49.00000   47.00000  4.08%  67.8  870s
 1832913 46919   47.00000   56   46   49.00000   47.00000  4.08%  67.7  875s
 1843756 46579   47.00000   62   57   49.00000   47.00000  4.08%  67.7  880s
 1851602 46459   47.00000   58   42   49.00000   47.00000  4.08%  67.7  885s
 1862852 46101 infeasible   61        49.00000   47.00000  4.08%  67.7  890s
 1873379 45759   47.00000   45   32   49.00000   47.00000  4.08%  67.7  895s
 1884323 45678 infeasible   68        49.00000   47.00000  4.08%  67.7  901s
 1891973 45486   47.00000   60   38   49.00000   47.00000  4.08%  67.7  905s
 1902776 45143 infeasible   74        49.00000   47.00000  4.08%  67.6  910s
 1913708 44776     cutoff   66        49.00000   47.00000  4.08%  67.6  915s
 1924212 44463   47.00000   74   46   49.00000   47.00000  4.08%  67.6  920s
 1935789 44197 infeasible   62        49.00000   47.00000  4.08%  67.6  926s
 1943592 43948 infeasible   47        49.00000   47.00000  4.08%  67.6  930s
 1954415 43667   47.00000   49   26   49.00000   47.00000  4.08%  67.6  935s
 1965463 43421   47.00000   53   21   49.00000   47.00000  4.08%  67.6  940s
 1976398 42996     cutoff   62        49.00000   47.00000  4.08%  67.6  946s
 1984639 42717   48.00000   67   31   49.00000   47.00000  4.08%  67.5  950s
 1995559 42258   47.00000   67   34   49.00000   47.00000  4.08%  67.5  955s
 2006647 41785 infeasible   67        49.00000   47.00000  4.08%  67.5  961s
 2014558 41430   47.00000   69   53   49.00000   47.00000  4.08%  67.5  965s
 2026029 40873     cutoff   61        49.00000   47.00000  4.08%  67.5  970s
 2036798 40411     cutoff   55        49.00000   47.00000  4.08%  67.5  976s
 2044989 40089 infeasible   60        49.00000   47.00000  4.08%  67.4  980s
 2056080 39508 infeasible   65        49.00000   47.00000  4.08%  67.4  985s
 2066701 38933 infeasible   74        49.00000   47.00000  4.08%  67.4  990s
 2077266 38425   47.00000   64   35   49.00000   47.00000  4.08%  67.4  996s
 2085682 37882   47.00000   61   37   49.00000   47.00000  4.08%  67.4 1000s
 2096356 37223 infeasible   75        49.00000   47.00000  4.08%  67.4 1005s
 2107350 36655   47.00000   78   37   49.00000   47.00000  4.08%  67.4 1011s
 2115517 36241   48.00000   68   56   49.00000   47.00000  4.08%  67.4 1015s
 2125737 35840 infeasible   68        49.00000   47.00000  4.08%  67.4 1020s
 2136204 35267   47.00000   69   54   49.00000   47.00000  4.08%  67.4 1025s
 2146969 34704 infeasible   59        49.00000   47.00000  4.08%  67.4 1031s
 2155440 34195   47.00000   57   40   49.00000   47.00000  4.08%  67.4 1035s
 2166689 33763 infeasible   69        49.00000   47.00000  4.08%  67.4 1040s
 2177505 33227   47.00000   55   36   49.00000   47.00000  4.08%  67.4 1046s
 2186009 32874 infeasible   66        49.00000   47.00000  4.08%  67.4 1050s
 2196804 32315   47.00000   60   45   49.00000   47.00000  4.08%  67.4 1055s
 2205164 32049 infeasible   66        49.00000   47.00000  4.08%  67.4 1060s
 2216126 31773   48.00000   60   30   49.00000   47.00000  4.08%  67.4 1065s
 2226596 31280 infeasible   56        49.00000   47.00000  4.08%  67.4 1070s
 2238476 29857     cutoff   59        49.00000   47.00000  4.08%  67.3 1075s
 2247233 28781 infeasible   57        49.00000   48.00000  2.04%  67.3 1080s
 2258536 27900   48.00000   51   27   49.00000   48.00000  2.04%  67.2 1085s
 2269179 27556   48.00000   63   43   49.00000   48.00000  2.04%  67.2 1090s
 2280306 27070 infeasible   66        49.00000   48.00000  2.04%  67.1 1095s
 2289373 26491   48.00000   66   20   49.00000   48.00000  2.04%  67.1 1100s
 2300440 25932   48.00000   51   30   49.00000   48.00000  2.04%  67.0 1105s
 2312005 25390   48.00000   64   65   49.00000   48.00000  2.04%  67.0 1111s
 2320563 25001 infeasible   58        49.00000   48.00000  2.04%  66.9 1115s
 2331266 24384   48.00000   63   22   49.00000   48.00000  2.04%  66.9 1120s
 2342425 23744   48.00000   56   16   49.00000   48.00000  2.04%  66.8 1125s
 2353500 23160 infeasible   57        49.00000   48.00000  2.04%  66.8 1130s
 2364127 22520 infeasible   71        49.00000   48.00000  2.04%  66.8 1135s
 2374868 21934   48.00000   59   39   49.00000   48.00000  2.04%  66.7 1140s
 2385855 21243   48.00000   42   50   49.00000   48.00000  2.04%  66.7 1146s
 2396717 20665 infeasible   59        49.00000   48.00000  2.04%  66.7 1151s
 2404784 20159 infeasible   70        49.00000   48.00000  2.04%  66.6 1155s
 2415803 19388 infeasible   49        49.00000   48.00000  2.04%  66.6 1160s
 2426456 18871 infeasible   57        49.00000   48.00000  2.04%  66.6 1165s
 2437458 18212   48.00000   75   29   49.00000   48.00000  2.04%  66.6 1171s
 2448536 17536 infeasible   75        49.00000   48.00000  2.04%  66.5 1176s
 2456940 17044   48.00000   69   18   49.00000   48.00000  2.04%  66.5 1180s
 2467525 16239     cutoff   56        49.00000   48.00000  2.04%  66.5 1185s
 2478874 15424   48.00000   53   42   49.00000   48.00000  2.04%  66.4 1190s
 2490365 14786     cutoff   44        49.00000   48.00000  2.04%  66.4 1195s
 2501136 14160   48.00000   58   48   49.00000   48.00000  2.04%  66.4 1201s
 2512049 13659 infeasible   64        49.00000   48.00000  2.04%  66.3 1206s
 2520298 13254 infeasible   65        49.00000   48.00000  2.04%  66.3 1210s
 2531175 12652   48.00000   64   30   49.00000   48.00000  2.04%  66.3 1215s
 2542192 12147 infeasible   50        49.00000   48.00000  2.04%  66.2 1220s
 2552980 11608   48.00000   49   34   49.00000   48.00000  2.04%  66.2 1225s
 2563827 11056   48.00000   53   41   49.00000   48.00000  2.04%  66.2 1230s
 2574732 10575 infeasible   73        49.00000   48.00000  2.04%  66.1 1235s
 2585441  9929   48.00000   59   24   49.00000   48.00000  2.04%  66.1 1240s
 2596090  9176   48.00000   54   13   49.00000   48.00000  2.04%  66.1 1246s
 2604586  8646   48.00000   69   60   49.00000   48.00000  2.04%  66.1 1250s
 2615209  8008   48.00000   68   62   49.00000   48.00000  2.04%  66.0 1255s
 2626354  7387 infeasible   74        49.00000   48.00000  2.04%  66.0 1260s
 2637227  6932 infeasible   52        49.00000   48.00000  2.04%  66.0 1265s
 2647661  6410     cutoff   52        49.00000   48.00000  2.04%  66.0 1270s
 2658553  5731 infeasible   55        49.00000   48.00000  2.04%  65.9 1276s
 2667183  5312 infeasible   50        49.00000   48.00000  2.04%  65.9 1280s
 2678037  4680   48.00000   38   37   49.00000   48.00000  2.04%  65.9 1285s
 2688973  4141   48.00000   74   12   49.00000   48.00000  2.04%  65.9 1290s
 2697749  3764 infeasible   47        49.00000   48.00000  2.04%  65.8 1295s
 2708564  3490   48.00000   63   46   49.00000   48.00000  2.04%  65.8 1300s
 2719821  3030   48.00000   66   14   49.00000   48.00000  2.04%  65.8 1306s
 2729782     0     cutoff   49        49.00000   48.00000  2.04%  65.7 1310s

Explored 2731292 nodes (179459014 simplex iterations) in 1310.33 seconds (1420.69 work units)
Thread count was 18 (of 36 available processors)

Solution count 6: 49 49 50 ... 71.5

Optimal solution found (tolerance 1.00e-04)
Best objective 4.900000000000e+01, best bound 4.900000000000e+01, gap 0.0000%

Gurobi 11.0.0 (win64) logging started Fri May 17 19:13:37 2024

Set parameter LogFile to value "./Results/StripPacking-SequencePairRuns/Logs/SUsp-010-StripPacking-15.log"
Set parameter TimeLimit to value 10800
Set parameter Cuts to value 0
Set parameter Presolve to value 1
Set parameter Heuristics to value 0
Set parameter LPWarmStart to value 2
Gurobi Optimizer version 11.0.0 build v11.0.0rc2 (win64 - Windows 10.0 (19045.2))

CPU model: Intel(R) Core(TM) i9-10980XE CPU @ 3.00GHz, instruction set [SSE2|AVX|AVX2|AVX512]
Thread count: 18 physical cores, 36 logical processors, using up to 18 threads

Optimize a model with 6840 rows, 451 columns and 19770 nonzeros
Model fingerprint: 0x72cc4c20
Variable types: 31 continuous, 420 integer (420 binary)
Coefficient statistics:
  Matrix range     [1e+00, 1e+04]
  Objective range  [1e+00, 1e+00]
  Bounds range     [1e+00, 1e+04]
  RHS range        [1e+00, 1e+04]

Warning: Completing partial solution with 420 unfixed non-continuous variables out of 420
User MIP start produced solution with objective 71.5 (0.02s)
Loaded user MIP start with objective 71.5

Presolve removed 210 rows and 0 columns
Presolve time: 0.02s
Presolved: 6630 rows, 451 columns, 19922 nonzeros
Variable types: 31 continuous, 420 integer (420 binary)

Root relaxation: objective 3.300000e+01, 347 iterations, 0.02 seconds (0.02 work units)

    Nodes    |    Current Node    |     Objective Bounds      |     Work
 Expl Unexpl |  Obj  Depth IntInf | Incumbent    BestBd   Gap | It/Node Time

     0     0   33.00000    0   20   71.50000   33.00000  53.8%     -    0s
     0     0   33.00000    0   20   71.50000   33.00000  53.8%     -    0s
     0     2   33.00000    0   20   71.50000   33.00000  53.8%     -    0s
*  790   883              57      53.0000000   33.00000  37.7%  34.6    0s
* 1539  1217              68      52.0000000   33.00000  36.5%  37.3    1s
* 7775  1700              55      50.0000000   33.00000  34.0%  48.6    4s
  8112  1664   47.00000   52   20   50.00000   33.00000  34.0%  49.7    5s
