
Gurobi 11.0.0 (win64) logging started Thu May 16 14:08:14 2024

Set parameter LogFile to value "./Results/StripPacking-SequencePairRuns/Logs/SUsp-010-StripPacking-20.log"
Set parameter TimeLimit to value 10800
Set parameter Cuts to value 0
Set parameter Presolve to value 1
Set parameter Heuristics to value 0
Set parameter LPWarmStart to value 2
Gurobi Optimizer version 11.0.0 build v11.0.0rc2 (win64 - Windows 10.0 (19045.2))

CPU model: Intel(R) Core(TM) i9-10980XE CPU @ 3.00GHz, instruction set [SSE2|AVX|AVX2|AVX512]
Thread count: 18 physical cores, 36 logical processors, using up to 18 threads

Optimize a model with 31525 rows, 1251 columns and 92450 nonzeros
Model fingerprint: 0xb9dc52bc
Variable types: 51 continuous, 1200 integer (1200 binary)
Coefficient statistics:
  Matrix range     [1e+00, 1e+04]
  Objective range  [1e+00, 1e+00]
  Bounds range     [1e+00, 1e+04]
  RHS range        [1e+00, 1e+04]

Warning: Completing partial solution with 1200 unfixed non-continuous variables out of 1200
User MIP start produced solution with objective 104.8 (0.06s)
Loaded user MIP start with objective 104.8

Presolve removed 600 rows and 0 columns
Presolve time: 0.08s
Presolved: 30925 rows, 1251 columns, 91250 nonzeros
Variable types: 51 continuous, 1200 integer (1200 binary)
Root relaxation presolved: 1251 rows, 32176 columns, 92501 nonzeros


Root relaxation: objective 3.600000e+01, 1901 iterations, 0.25 seconds (0.34 work units)

    Nodes    |    Current Node    |     Objective Bounds      |     Work
 Expl Unexpl |  Obj  Depth IntInf | Incumbent    BestBd   Gap | It/Node Time

     0     0   36.00000    0  235  104.80000   36.00000  65.6%     -    2s
     0     0   36.00000    0  201  104.80000   36.00000  65.6%     -    4s
     0     2   36.00000    0  147  104.80000   36.00000  65.6%     -    5s
   460   631   60.00000   36  158  104.80000   36.00000  65.6%   142   11s
  1139  1529   60.00000   59  256  104.80000   36.00000  65.6%   149   15s
* 2124  2134             120     102.0000000   36.00000  64.7%   123   17s
* 2524  2545             138     101.0000000   36.00000  64.4%   115   18s
* 2893  2901             152      95.0000000   36.00000  62.1%   112   19s
  3188  3316   60.00000   29  247   95.00000   36.00000  62.1%   112   20s
* 3954  3733             147      94.0000000   36.00000  61.7%   117   21s
  4169  4234   61.00000   67  206   94.00000   36.00000  61.7%   115   25s
  4764  4235   36.00000   17  227   94.00000   36.00000  61.7%   116   30s
  4781  4264   36.00000   18  214   94.00000   36.00000  61.7%   121   35s
  5191  4552   37.00000   29  243   94.00000   36.00000  61.7%   117   40s
  6241  5313   50.00000   51  218   94.00000   36.00000  61.7%   111   45s
* 6960  5499             105      90.0000000   36.00000  60.0%   108   46s
* 7561  5319             113      89.0000000   36.00000  59.6%   105   48s
* 8030  5367             121      88.0000000   36.00000  59.1%   105   49s
  8208  5359   70.00000   95  104   88.00000   36.00000  59.1%   104   50s
* 8449  5293             111      87.0000000   36.00000  58.6%   104   51s
* 9292  5276             109      86.0000000   36.00000  58.1%   102   52s
 10126  5992   84.00000   69   33   86.00000   36.00000  58.1%   100   55s
*10523  5525             130      85.0000000   36.00000  57.6%  99.4   55s
 12101  6568   78.00000   78   93   85.00000   36.00000  57.6%  98.9   61s
 13612  7347   68.00000   52  171   85.00000   36.00000  57.6%  97.9   66s
*14390  7138              99      84.0000000   36.00000  57.1%  97.4   68s
*14560  6746              93      83.0000000   36.00000  56.6%  97.0   68s
 15103  7186     cutoff   80        83.00000   36.00000  56.6%  96.3   70s
 16464  8334   60.00000   38  169   83.00000   36.00000  56.6%  95.9   75s
 18161  9554   73.00000   75   78   83.00000   36.00000  56.6%  96.1   81s
 20202 10922   48.00000   46  186   83.00000   36.00000  56.6%  95.5   88s
 21340 11393   53.00000   47  178   83.00000   36.00000  56.6%  95.1   92s
 21938 12414   76.00000   83  164   83.00000   36.00000  56.6%  95.0   98s
*23226 11928             108      82.0000000   36.00000  56.1%  94.3   98s
 23432 12637   48.00000   35  168   82.00000   36.00000  56.1%  94.2  103s
 24529 13448   64.00000   45  180   82.00000   36.00000  56.1%  94.3  108s
 25817 14168   71.00000   41  127   82.00000   36.00000  56.1%  94.1  112s
 26901 15136   78.00000   74  175   82.00000   36.00000  56.1%  94.4  116s
 28129 16141   61.00000   53  117   82.00000   36.00000  56.1%  95.0  120s
 30856 17672   36.00000   35  253   82.00000   36.00000  56.1%  96.2  128s
 31700 18857   59.00000   45  173   82.00000   36.00000  56.1%  95.9  135s
 33480 20067   46.00000   32  208   82.00000   36.00000  56.1%  95.9  141s
 35108 21272   71.00000   90  135   82.00000   36.00000  56.1%  96.5  145s
 36809 22719   81.00000   81   81   82.00000   36.00000  56.1%  96.7  151s
 38630 24113     cutoff   84        82.00000   36.00000  56.1%  97.1  157s
 40647 25460   80.00000   80   87   82.00000   36.00000  56.1%  97.4  164s
 42654 26815 infeasible   79        82.00000   36.00000  56.1%  97.8  171s
 44599 28376   65.00000   36  153   82.00000   36.00000  56.1%  98.1  178s
 46961 29824   78.00000   75   89   82.00000   36.00000  56.1%  97.9  187s
 49111 31594   79.00000   42  135   82.00000   36.00000  56.1%  98.2  193s
 51711 33282   81.00000   96   54   82.00000   36.00000  56.1%  98.4  202s
 54174 34464   77.00000   73   92   82.00000   36.00000  56.1%  98.7  209s
 55718 36217   68.00000   57  146   82.00000   36.00000  56.1%  99.0  215s
 58230 38141   70.00000   68  123   82.00000   36.00000  56.1%   100  225s
*58733 35551             106      81.0000000   36.00000  55.6%   100  225s
 60868 37104   66.00000   60  185   81.00000   36.00000  55.6%   100  234s
 63226 38688   63.00000   84  113   81.00000   36.00000  55.6%   100  241s
 65465 40216 infeasible   67        81.00000   36.00000  55.6%   101  249s
 67880 41718   79.00000   72  145   81.00000   36.00000  55.6%   101  256s
 69829 43791   64.00000   38  192   81.00000   36.00000  55.6%   102  268s
 72820 45553   36.00000   39  249   81.00000   36.00000  55.6%   102  275s
*72995 43529              93      80.0000000   36.00000  55.0%   102  275s
 75291 45282   70.00000   92  104   80.00000   36.00000  55.0%   103  286s
 77953 47037   57.00000   61  277   80.00000   36.00000  55.0%   103  294s
 80278 48071   58.00000   51  184   80.00000   36.00000  55.0%   103  302s
 81778 49853   78.00000   88   42   80.00000   36.00000  55.0%   104  313s
 84295 51946   63.00000   64  179   80.00000   36.00000  55.0%   104  321s
 87047 53649   66.00000   45  140   80.00000   36.00000  55.0%   104  332s
 89526 55231 infeasible   89        80.00000   36.00000  55.0%   104  339s
 91682 56817 infeasible   99        80.00000   36.00000  55.0%   105  350s
 94040 58532   78.00000   57  140   80.00000   36.00000  55.0%   105  357s
 96594 60182   60.00000   50  196   80.00000   36.00000  55.0%   106  369s
 98909 61827     cutoff   80        80.00000   36.00000  55.0%   106  379s
 101287 63350   59.00000   41  194   80.00000   36.00000  55.0%   106  386s
 103494 64938   72.00000   68  116   80.00000   36.00000  55.0%   106  399s
 105716 66345 infeasible   77        80.00000   36.00000  55.0%   106  406s
 107935 67848 infeasible   77        80.00000   36.00000  55.0%   107  419s
*108602 63590              86      79.0000000   36.00000  54.4%   107  419s
 110134 65050   46.00000   30  233   79.00000   36.00000  54.4%   107  426s
 112464 66325   66.00000   73  165   79.00000   36.00000  54.4%   107  437s
 114492 67761   77.00000   76   90   79.00000   36.00000  54.4%   107  450s
 116628 69203   76.00000   57  100   79.00000   36.00000  54.4%   108  458s
 118848 70615   59.00000   59  201   79.00000   36.00000  54.4%   108  470s
 120988 72092   53.00000   56  249   79.00000   36.00000  54.4%   108  478s
 123157 73331   71.00000   70   90   79.00000   36.00000  54.4%   108  490s
 125044 74891 infeasible   76        79.00000   36.00000  54.4%   109  497s
 127189 76242   70.00000   52  114   79.00000   36.00000  54.4%   109  509s
 129171 77647   70.00000   60  196   79.00000   36.00000  54.4%   109  521s
 131130 79068   78.00000   74   90   79.00000   36.00000  54.4%   110  528s
 133138 80300   72.00000   50  266   79.00000   36.00000  54.4%   110  540s
 135094 81532   59.00000   52  221   79.00000   36.00000  54.4%   110  548s
 136962 82716   64.00000   47  182   79.00000   36.00000  54.4%   110  558s
 138732 84053 infeasible   80        79.00000   36.00000  54.4%   111  573s
 140729 85398   71.00000   49  146   79.00000   36.00000  54.4%   111  580s
 142631 86670   77.00000   84   80   79.00000   36.00000  54.4%   111  593s
 144453 87857   45.00000   31  241   79.00000   36.00000  54.4%   111  600s
 146288 89155   69.00000   57  123   79.00000   36.02937  54.4%   111  613s
 148194 90246   66.00000   61  182   79.00000   36.02937  54.4%   111  620s
 149870 91359   72.00000   64  158   79.00000   37.00000  53.2%   112  632s
 151729 92573   78.00000   49  113   79.00000   37.00000  53.2%   112  639s
 153652 94017   71.00000   42  159   79.00000   37.00000  53.2%   112  651s
 155583 95151   51.00000   36  222   79.00000   40.00000  49.4%   112  659s
 157551 96466   58.00000   75  189   79.00000   40.00000  49.4%   112  675s
 159513 98019   71.00000   53  184   79.00000   40.00000  49.4%   112  684s
 161677 99254   72.00000   68  107   79.00000   40.00000  49.4%   112  698s
 163413 100737     cutoff   87        79.00000   40.00000  49.4%   112  712s
 165389 101962   77.00000   82   99   79.00000   40.00000  49.4%   112  720s
 167228 103236   75.00000   40  170   79.00000   40.00000  49.4%   112  735s
 169011 104736   62.00000   63  173   79.00000   40.00000  49.4%   112  742s
 171035 106117   50.00000   36  173   79.00000   40.00000  49.4%   112  756s
 172915 107297   72.00000   60  117   79.00000   40.00000  49.4%   112  764s
 174660 108592   68.00000   53   92   79.00000   40.00000  49.4%   112  775s
 176452 109848   59.00000   42  199   79.00000   41.00000  48.1%   112  783s
 178339 111228   72.00000   68  144   79.00000   41.00000  48.1%   112  797s
 180143 112715   78.00000   62   98   79.00000   41.00000  48.1%   113  808s
 182176 114047   78.00000   65  200   79.00000   41.00000  48.1%   112  817s
 184006 115387   52.00000   37  211   79.00000   42.00000  46.8%   112  834s
 185934 116576   64.00000   38  162   79.00000   42.00000  46.8%   112  843s
 187749 117985   75.00000   63  143   79.00000   42.00000  46.8%   112  862s
 189823 119217     cutoff   78        79.00000   42.00000  46.8%   112  872s
 191855 120657   77.00000   47  179   79.00000   42.00000  46.8%   112  889s
 193917 121941     cutoff   48        79.00000   42.00000  46.8%   112  900s
 195857 123361   78.00000   47  178   79.00000   42.00000  46.8%   112  917s
 197815 124615   59.00000   45  185   79.00000   42.00000  46.8%   112  926s
 199651 125944   76.00000   40  173   79.00000   42.00000  46.8%   113  945s
 201555 126984 infeasible   96        79.00000   42.00000  46.8%   113  955s
 203330 128018   59.00000   48  198   79.00000   42.00000  46.8%   113  972s
 205092 129715   64.00000   67  185   79.00000   42.00000  46.8%   113  982s
 207417 131045   65.00000   36  247   79.00000   42.00000  46.8%   113 1000s
 209319 132201   76.00000   52  217   79.00000   42.00000  46.8%   113 1010s
 211148 133322   77.00000   55  257   79.00000   42.00000  46.8%   113 1027s
 212897 134475   66.00000   65  238   79.00000   42.00000  46.8%   113 1038s
 214691 135736     cutoff   61        79.00000   42.00000  46.8%   113 1055s
 216434 136966   70.00000   84  110   79.00000   42.00000  46.8%   113 1073s
 218305 138073   46.00000   55  275   79.00000   43.00000  45.6%   113 1085s
 220265 139160 infeasible   76        79.00000   43.00000  45.6%   113 1102s
 221974 140550   70.00000   72  142   79.00000   43.00000  45.6%   113 1113s
 223932 141916   57.00000   73  188   79.00000   44.00000  44.3%   113 1130s
 225875 143200   75.00000   45  109   79.00000   45.00000  43.0%   113 1143s
 227891 144408 infeasible   94        79.00000   45.00000  43.0%   113 1163s
 229742 145805   63.00000   46  159   79.00000   45.00000  43.0%   113 1176s
 231844 147117   78.00000   58   77   79.00000   45.00000  43.0%   113 1196s
 233829 148395     cutoff   77        79.00000   45.00000  43.0%   113 1211s
 235773 149551     cutoff   71        79.00000   45.00000  43.0%   113 1229s
 237149 149551   78.00000   66  154   79.00000   45.00000  43.0%   113 1230s
 237501 150672   77.00000   60  149   79.00000   45.00000  43.0%   113 1241s
 239273 151849   57.00000   61  185   79.00000   45.00000  43.0%   113 1260s
 240982 152882   73.00000   74   95   79.00000   45.00000  43.0%   113 1273s
 242632 154118 infeasible   66        79.00000   45.00000  43.0%   113 1294s
 244564 156110   64.00000   35  162   79.00000   46.00000  41.8%   113 1312s
 247429 157678   60.00000   68  156   79.00000   46.00000  41.8%   113 1338s
 250133 159507   77.00000   57  135   79.00000   46.00000  41.8%   113 1355s
 253014 161196   77.00000   76  103   79.00000   46.00000  41.8%   113 1385s
 255650 162930   46.00000   47  205   79.00000   46.00000  41.8%   113 1406s
 258294 164502   78.00000   53  153   79.00000   46.00000  41.8%   113 1437s
 260903 166539   77.00000   64  121   79.00000   46.00000  41.8%   113 1453s
 263841 168179   66.00000   49  192   79.00000   46.00000  41.8%   113 1483s
 266516 169878   72.00000   80  144   79.00000   46.00000  41.8%   113 1502s
 269161 171931   60.00000   63  158   79.00000   46.00000  41.8%   113 1533s
 272006 173861   76.00000   68   80   79.00000   46.00000  41.8%   113 1551s
 274867 175394   77.00000   63  114   79.00000   46.00000  41.8%   113 1583s
 277255 177478   78.00000   71  141   79.00000   46.00000  41.8%   113 1602s
 280271 179314   72.00000   77   63   79.00000   46.00000  41.8%   113 1635s
 283012 181136   75.00000   82  130   79.00000   46.00000  41.8%   113 1655s
 285819 182848   75.00000   62  108   79.00000   46.00000  41.8%   113 1686s
 288365 184731   78.00000   59   42   79.00000   46.00000  41.8%   113 1706s
 291138 186457   77.00000   72  117   79.00000   46.00000  41.8%   113 1740s
 293717 188090   78.00000   88   56   79.00000   46.00000  41.8%   113 1764s
 296295 189961   78.00000   85  109   79.00000   46.00000  41.8%   113 1802s
 299103 191952 infeasible   69        79.00000   46.00000  41.8%   113 1822s
 301946 193435   78.00000   53  168   79.00000   46.00000  41.8%   113 1851s
 304583 195084 infeasible   89        79.00000   46.00000  41.8%   113 1871s
 307195 196869   57.00000   48  183   79.00000   46.00000  41.8%   113 1910s
 309957 198827   78.00000   81  134   79.00000   46.00000  41.8%   113 1935s
 312784 200579   59.00000   74  203   79.00000   46.00000  41.8%   113 1974s
 315422 202504 infeasible   72        79.00000   46.00000  41.8%   113 1997s
 318219 204175     cutoff   63        79.00000   46.00000  41.8%   113 2031s
 320732 206152   59.00000   70  192   79.00000   46.00000  41.8%   113 2058s
 323522 208056   74.00000   90   70   79.00000   46.00000  41.8%   113 2096s
 326315 209734   72.00000   74  139   79.00000   46.00000  41.8%   113 2117s
 328916 211464   78.00000   72  109   79.00000   46.00000  41.8%   113 2157s
 331628 213277   67.00000   60  124   79.00000   46.00000  41.8%   113 2181s
 334432 215003   59.00000   59  172   79.00000   46.00000  41.8%   113 2218s
 336852 216892   65.00000   66  151   79.00000   46.00000  41.8%   113 2241s
 339640 218569 infeasible   89        79.00000   46.00000  41.8%   113 2281s
 342244 220354   46.00000   39  200   79.00000   46.00000  41.8%   113 2305s
 345096 221914   78.00000   92  109   79.00000   46.00000  41.8%   113 2343s
 347657 223603   78.00000   67   74   79.00000   46.00000  41.8%   114 2367s
 350440 225217   53.00000   58  275   79.00000   46.00000  41.8%   113 2406s
 352950 226795   71.00000   70  183   79.00000   46.00000  41.8%   114 2433s
 355417 228631 infeasible  100        79.00000   46.00000  41.8%   114 2472s
 357974 230377   64.00000   85  117   79.00000   46.00000  41.8%   114 2492s
 360471 231884   78.00000   79   95   79.00000   46.00000  41.8%   114 2529s
 361888 231884   71.00000   62  208   79.00000   46.00000  41.8%   114 2530s
 363016 233480   78.00000   65   77   79.00000   46.00000  41.8%   114 2555s
 365511 235083   65.00000   51  144   79.00000   46.00000  41.8%   114 2592s
 367888 236748   78.00000   74   85   79.00000   46.00000  41.8%   114 2616s
 370306 238230   72.00000   51  172   79.00000   46.00000  41.8%   114 2652s
 372497 239847   60.00000   55  160   79.00000   46.00000  41.8%   114 2677s
 375019 241440 infeasible   71        79.00000   46.00000  41.8%   114 2714s
 376943 241440   76.00000   77  189   79.00000   46.00000  41.8%   114 2715s
 377335 242968   66.00000   50  203   79.00000   46.00000  41.8%   114 2745s
 379712 244437   76.00000   49  168   79.00000   46.00000  41.8%   114 2783s
 381998 246098   66.00000   71  267   79.00000   46.00000  41.8%   114 2806s
 384401 247611   77.00000   77  206   79.00000   46.00000  41.8%   114 2839s
 386604 249004   70.00000   46  119   79.00000   46.00000  41.8%   114 2864s
 388743 250672   77.00000   80   92   79.00000   46.00000  41.8%   114 2902s
 391145 252464   64.00000   59  167   79.00000   46.00000  41.8%   114 2927s
 393680 254272   65.00000   53  167   79.00000   46.00000  41.8%   114 2963s
 396056 255511   53.00000   48  196   79.00000   46.00000  41.8%   114 2985s
 398216 257004   49.00000   44  201   79.00000   46.00000  41.8%   114 3018s
 400376 258443   76.00000   67  154   79.00000   46.00000  41.8%   114 3041s
 402523 259966   59.00000   44  190   79.00000   46.00000  41.8%   114 3076s
 404677 261248   78.00000   93   66   79.00000   46.00000  41.8%   114 3101s
 406698 262635   48.00000   51  233   79.00000   46.00000  41.8%   114 3141s
 409143 264171   71.00000   48  126   79.00000   46.00000  41.8%   114 3167s
 411441 265675   74.00000   65  224   79.00000   46.00000  41.8%   114 3198s
 413502 266763   67.00000   61  150   79.00000   46.00000  41.8%   114 3216s
 415391 268101   46.00000   36  234   79.00000   46.00000  41.8%   114 3250s
 417400 269393     cutoff   84        79.00000   46.00000  41.8%   114 3273s
 419439 270634 infeasible   70        79.00000   46.00000  41.8%   114 3309s
 421293 271819   78.00000   78  104   79.00000   46.00000  41.8%   114 3330s
 423232 273181   72.00000   74  149   79.00000   46.00000  41.8%   114 3363s
 425245 274524     cutoff   87        79.00000   46.00000  41.8%   114 3384s
 427264 275629   64.00000   35  152   79.00000   46.00000  41.8%   114 3416s
 429172 276826   64.00000   54  218   79.00000   46.00000  41.8%   114 3440s
 431210 278120   77.00000   63   71   79.00000   46.00000  41.8%   114 3474s
 433123 279354   65.00000   50  189   79.00000   46.00000  41.8%   114 3496s
 435113 280044   72.00000   53  234   79.00000   46.00000  41.8%   114 3527s
 436719 281220   78.00000   58  110   79.00000   46.00000  41.8%   114 3561s
 438653 282487   74.00000   58  225   79.00000   46.00000  41.8%   114 3583s
 440607 283774   61.00000   62  167   79.00000   46.00000  41.8%   114 3618s
 442579 285107 infeasible   75        79.00000   46.00000  41.8%   114 3642s
 444586 286262     cutoff   85        79.00000   46.00000  41.8%   114 3676s
 446469 287437   69.00000   59  124   79.00000   46.00000  41.8%   114 3697s
 448203 288369 infeasible   88        79.00000   46.27068  41.4%   114 3729s
 449922 289972   60.00000   54  258   79.00000   47.00000  40.5%   114 3754s
 452339 291352 infeasible   72        79.00000   47.00000  40.5%   114 3793s
 454537 292958   77.00000   61  138   79.00000   47.00000  40.5%   114 3821s
 456904 294292   71.00000   51  120   79.00000   47.00000  40.5%   114 3856s
 458937 295652   78.00000   56   74   79.00000   47.00000  40.5%   114 3883s
 460990 296932 infeasible   73        79.00000   47.00000  40.5%   114 3924s
 463019 298334 infeasible   71        79.00000   47.00000  40.5%   114 3950s
 465133 299780   65.00000   62  121   79.00000   47.00000  40.5%   114 3991s
 467451 301162   59.00000   70  256   79.00000   47.00000  40.5%   114 4016s
 469632 302571   74.00000   66  171   79.00000   47.00000  40.5%   114 4055s
 471917 303892   47.00000   46  198   79.00000   47.00000  40.5%   114 4081s
 474015 305161     cutoff   68        79.00000   47.00000  40.5%   114 4116s
 475930 306516   78.00000   66   62   79.00000   47.00000  40.5%   114 4138s
 477892 307537   66.00000   68  228   79.00000   47.00000  40.5%   114 4174s
 479952 308733   78.00000   88  102   79.00000   47.00000  40.5%   114 4199s
 481896 310023   78.00000   62  133   79.00000   47.00000  40.5%   114 4236s
 483945 311225   77.00000   87   66   79.00000   47.00000  40.5%   114 4260s
 485883 312549   69.00000   57  208   79.00000   47.00000  40.5%   114 4297s
 487846 313796   77.00000   66   87   79.00000   47.00000  40.5%   114 4328s
 489805 315096     cutoff   65        79.00000   47.00000  40.5%   114 4364s
 491780 316479   78.00000   64   74   79.00000   47.00000  40.5%   114 4387s
 493797 317567   76.00000   64  168   79.00000   47.00000  40.5%   114 4424s
 495556 318744   77.00000   69   71   79.00000   47.00000  40.5%   114 4447s
 497358 319745   63.00000   46  227   79.00000   47.00000  40.5%   114 4481s
 499028 320767   77.00000   57  123   79.00000   47.00000  40.5%   114 4507s
 500993 322017   76.00000   48  245   79.00000   47.00000  40.5%   114 4545s
 502892 323216     cutoff   69        79.00000   47.13319  40.3%   114 4565s
 504624 324510   77.00000   32  161   79.00000   47.30508  40.1%   114 4598s
 506469 325883   78.00000   61  115   79.00000   47.30508  40.1%   114 4620s
 508342 327006   78.00000   76  114   79.00000   47.30508  40.1%   114 4653s
 509974 328241   71.00000   64  101   79.00000   47.30508  40.1%   114 4688s
 511725 330226   62.00000   46  171   79.00000   48.00000  39.2%   114 4723s
 514672 332022   78.00000   77  150   79.00000   48.00000  39.2%   114 4780s
 517532 333766   77.00000   78   42   79.00000   48.00000  39.2%   114 4816s
 520359 335450   48.00000   42  183   79.00000   48.00000  39.2%   114 4878s
 523047 337432   78.00000   95   73   79.00000   48.00000  39.2%   114 4920s
 526160 338894   70.00000   65  177   79.00000   48.00000  39.2%   114 4972s
 528689 340185 infeasible   79        79.00000   48.00000  39.2%   114 5013s
 531306 341792   73.00000   33  118   79.00000   48.00000  39.2%   114 5069s
 533411 341792 infeasible   76        79.00000   48.00000  39.2%   114 5070s
 534210 343057   73.00000   68   79   79.00000   48.00000  39.2%   114 5115s
 536842 344691   72.00000   72  141   79.00000   48.00000  39.2%   114 5166s
 539339 346649   74.00000   47  139   79.00000   48.00000  39.2%   114 5202s
 542202 348499   60.00000   42  181   79.00000   48.00000  39.2%   114 5254s
 544954 350316 infeasible   62        79.00000   48.00000  39.2%   113 5300s
 547744 352168 infeasible   56        79.00000   48.00000  39.2%   113 5357s
 550514 354085   56.00000   46  247   79.00000   48.00000  39.2%   113 5397s
 553374 356131   76.00000   65  115   79.00000   48.00000  39.2%   113 5452s
 556357 358017   54.00000   33  201   79.00000   48.00000  39.2%   113 5491s
 559220 359910   78.00000   70  130   79.00000   48.00000  39.2%   113 5532s
 562075 361699   78.00000   60  212   79.00000   48.00000  39.2%   113 5588s
 564927 363456 infeasible   80        79.00000   48.00000  39.2%   113 5625s
 567607 365267 infeasible   60        79.00000   48.00000  39.2%   113 5689s
 570740 366732   78.00000   88   32   79.00000   48.00000  39.2%   113 5729s
 573336 368296   76.00000   98   36   79.00000   48.00000  39.2%   113 5786s
 575947 369990   78.00000   51  153   79.00000   48.00000  39.2%   113 5826s
 578642 371643   77.00000   78  131   79.00000   48.00000  39.2%   113 5885s
 581286 373067 infeasible   71        79.00000   48.00000  39.2%   113 5924s
 583956 374643   77.00000   66  110   79.00000   48.00000  39.2%   113 5980s
 586515 376353   78.00000   82  106   79.00000   48.00000  39.2%   113 6020s
 589199 377730   75.00000   68   83   79.00000   48.00000  39.2%   113 6074s
 591048 377730   62.00000   59  192   79.00000   48.00000  39.2%   113 6075s
 591705 379720   78.00000   51  136   79.00000   48.00000  39.2%   113 6117s
 594655 381330     cutoff   78        79.00000   48.00000  39.2%   113 6179s
 597225 382919     cutoff   73        79.00000   48.00000  39.2%   112 6221s
 599915 384640   67.00000   65  132   79.00000   48.00000  39.2%   112 6281s
 602632 386046 infeasible   91        79.00000   48.00000  39.2%   112 6324s
 605296 387689 infeasible   90        79.00000   48.00000  39.2%   112 6382s
 607872 389303   78.00000   82   85   79.00000   48.00000  39.2%   112 6422s
 610558 390854     cutoff   59        79.00000   48.00000  39.2%   112 6481s
 613157 392436   74.00000   80  219   79.00000   48.00000  39.2%   112 6525s
 615830 393839   75.00000   65  137   79.00000   48.00000  39.2%   112 6595s
*616067 343108              88      78.0000000   48.00000  38.5%   112 6595s
 618600 344309   59.00000   63  188   78.00000   48.00000  38.5%   112 6649s
 619124 344309 infeasible   79        78.00000   48.00000  38.5%   112 6650s
 621101 346023 infeasible   77        78.00000   48.00000  38.5%   112 6694s
 622141 346023   55.00000   51  253   78.00000   48.00000  38.5%   112 6695s
 624001 347902   67.00000   63  170   78.00000   48.00000  38.5%   112 6758s
 626865 349877   65.00000   57  195   78.00000   48.00000  38.5%   112 6800s
 629812 351471   76.00000   78   87   78.00000   48.00000  38.5%   112 6856s
 632630 353114 infeasible   65        78.00000   48.00000  38.5%   112 6900s
 635402 354882   77.00000   77  156   78.00000   48.00000  38.5%   112 6964s
 638302 356639     cutoff   59        78.00000   48.00000  38.5%   112 7010s
 641224 357895   67.00000   84  173   78.00000   48.00000  38.5%   112 7071s
 643741 359615   74.00000   77  123   78.00000   48.00000  38.5%   112 7113s
 646594 361158     cutoff   76        78.00000   48.00000  38.5%   112 7174s
 648026 361158   75.00000   53  148   78.00000   48.00000  38.5%   112 7175s
 649167 362614   48.00000   48  166   78.00000   48.00000  38.5%   112 7218s
 651853 364041   77.00000   77   72   78.00000   48.00000  38.5%   112 7278s
 654538 365624 infeasible   83        78.00000   48.00000  38.5%   112 7334s
 657321 367199   69.00000   61  165   78.00000   48.00000  38.5%   112 7376s
 659962 368848   77.00000   89   70   78.00000   48.00000  38.5%   112 7440s
 662649 370210   60.00000   49  180   78.00000   48.00000  38.5%   112 7488s
 665311 371953   48.00000   57  280   78.00000   48.00000  38.5%   112 7550s
 668174 373405     cutoff   80        78.00000   48.00000  38.5%   112 7593s
 670696 374897   59.00000   51  169   78.00000   48.00000  38.5%   112 7654s
 673336 376330   76.00000   66  150   78.00000   48.00000  38.5%   112 7711s
 675928 377967 infeasible   84        78.00000   48.00000  38.5%   112 7753s
 678593 379556   59.00000   61  259   78.00000   48.00000  38.5%   112 7815s
 681351 381188   72.00000   72  168   78.00000   48.00000  38.5%   112 7856s
 684077 382787   59.00000   53  198   78.00000   48.00000  38.5%   112 7919s
 686788 384413   67.00000   52  141   78.00000   48.00000  38.5%   112 7964s
 686940 384413     cutoff   69        78.00000   48.00000  38.5%   112 7965s
 689426 385929   70.00000   80  200   78.00000   48.00000  38.5%   112 8026s
 692025 387609   76.00000   73  125   78.00000   48.00000  38.5%   112 8091s
 694766 389316 infeasible   67        78.00000   48.00000  38.5%   112 8135s
 697621 390830 infeasible   95        78.00000   48.00000  38.5%   112 8198s
 700524 392273 infeasible   84        78.00000   48.00000  38.5%   112 8241s
 703035 393808   72.00000   66  125   78.00000   48.00000  38.5%   112 8304s
 705688 395535 infeasible   92        78.00000   48.00000  38.5%   112 8347s
 708488 396926 infeasible   63        78.00000   48.00000  38.5%   112 8414s
 710932 398619   67.00000   61  121   78.00000   48.00000  38.5%   113 8463s
 713864 400130     cutoff   74        78.00000   48.00000  38.5%   113 8531s
 716816 401590   77.00000   65  187   78.00000   48.00000  38.5%   113 8596s
 719426 403229   66.00000   78  186   78.00000   48.00000  38.5%   113 8642s
 722279 404667   74.00000   68  121   78.00000   48.00000  38.5%   113 8707s
 725024 406320   65.00000   62  211   78.00000   48.00000  38.5%   113 8754s
 727800 407711 infeasible   83        78.00000   48.00000  38.5%   113 8822s
 730225 409315   76.00000   83   94   78.00000   48.00000  38.5%   113 8871s
 732881 410910   77.00000   62  146   78.00000   48.00000  38.5%   113 8936s
 735536 412616 infeasible   89        78.00000   48.00000  38.5%   113 8981s
 738451 414179   76.00000   71  143   78.00000   48.00000  38.5%   113 9046s
 741050 415706   59.00000   51  198   78.00000   48.00000  38.5%   113 9111s
 743696 417324   75.00000   75  128   78.00000   48.00000  38.5%   113 9156s
 746409 418802 infeasible   92        78.00000   48.00000  38.5%   113 9223s
 748852 420382   70.00000   56  173   78.00000   48.00000  38.5%   113 9270s
 751700 422123   74.00000   68  114   78.00000   48.00000  38.5%   113 9336s
 754494 423661   62.00000   61  185   78.00000   48.00000  38.5%   113 9380s
 757333 424952   67.00000   64  265   78.00000   48.00000  38.5%   113 9440s
 759664 426289   58.00000   56  178   78.00000   48.00000  38.5%   113 9507s
 762271 427977   65.00000   61  148   78.00000   48.00000  38.5%   113 9557s
 765134 429432   68.00000   64  174   78.00000   48.00000  38.5%   113 9624s
 767782 430913   67.00000   64  199   78.00000   48.00000  38.5%   113 9677s
 770335 432617   76.00000   54  210   78.00000   48.00000  38.5%   113 9743s
 773130 434060   67.00000   55  155   78.00000   48.00000  38.5%   113 9798s
 775712 435548   75.00000   61  146   78.00000   48.00000  38.5%   113 9866s
 778419 437038     cutoff   67        78.00000   48.00000  38.5%   113 9915s
 781041 438617 infeasible   67        78.00000   48.00000  38.5%   113 9984s
 782730 438617   65.00000   59  281   78.00000   48.00000  38.5%   113 9985s
 783790 440436   77.00000   70  166   78.00000   48.00000  38.5%   113 10025s
 786719 442206 infeasible   93        78.00000   48.00000  38.5%   113 10095s
 789402 443931   66.00000   61  162   78.00000   48.00000  38.5%   113 10142s
 792254 445523 infeasible   45        78.00000   48.00000  38.5%   113 10209s
 795008 447201   67.00000   65  186   78.00000   48.00000  38.5%   113 10256s
 797910 448830   67.00000   78  154   78.00000   48.00000  38.5%   113 10325s
 800614 450677   48.00000   48  233   78.00000   48.00000  38.5%   113 10381s
 803554 452211   72.00000   69   77   78.00000   48.00000  38.5%   113 10447s
 806127 453831   77.00000   85  112   78.00000   48.00000  38.5%   113 10492s
 808788 455559   49.00000   56  210   78.00000   48.00000  38.5%   113 10562s
 811550 457220   76.00000   57  189   78.00000   48.00000  38.5%   113 10613s
 814233 458946 infeasible   59        78.00000   48.00000  38.5%   113 10681s
 816993 460478   72.00000   48   79   78.00000   48.00000  38.5%   113 10730s
 819682 462251   77.00000   65  107   78.00000   48.00000  38.5%   113 10796s
 822377 462332   48.00000   60  168   78.00000   48.00000  38.5%   113 10800s

Explored 822502 nodes (92790968 simplex iterations) in 10800.61 seconds (2204.26 work units)
Thread count was 18 (of 36 available processors)

Solution count 10: 78 79 80 ... 87

Time limit reached
Best objective 7.800000000000e+01, best bound 4.800000000000e+01, gap 38.4615%
