
Gurobi 11.0.0 (win64) logging started Mon May 20 17:42:21 2024

Set parameter LogFile to value "./Results/StripPacking-SequencePairBranchRuns/Logs/RUspb-010-StripPacking-20.log"
Set parameter TimeLimit to value 10800
Set parameter Cuts to value 0
Set parameter Presolve to value 1
Set parameter Heuristics to value 0
Set parameter LPWarmStart to value 2
Gurobi Optimizer version 11.0.0 build v11.0.0rc2 (win64 - Windows 10.0 (19045.2))

CPU model: Intel(R) Core(TM) i9-10980XE CPU @ 3.00GHz, instruction set [SSE2|AVX|AVX2|AVX512]
Thread count: 18 physical cores, 36 logical processors, using up to 18 threads

Optimize a model with 32125 rows, 1251 columns and 94850 nonzeros
Model fingerprint: 0xa007ea05
Variable types: 51 continuous, 1200 integer (1200 binary)
Coefficient statistics:
  Matrix range     [1e+00, 1e+04]
  Objective range  [1e+00, 1e+00]
  Bounds range     [1e+00, 1e+04]
  RHS range        [1e+00, 1e+04]
Using branch priorities.

Warning: Completing partial solution with 1200 unfixed non-continuous variables out of 1200
User MIP start produced solution with objective 104.8 (0.05s)
Loaded user MIP start with objective 104.8

Presolve removed 600 rows and 0 columns
Presolve time: 0.19s
Presolved: 31525 rows, 1251 columns, 93650 nonzeros
Variable types: 51 continuous, 1200 integer (1200 binary)
Root relaxation presolved: 1251 rows, 32776 columns, 94901 nonzeros


Root relaxation: objective 3.600000e+01, 2302 iterations, 0.20 seconds (0.22 work units)

    Nodes    |    Current Node    |     Objective Bounds      |     Work
 Expl Unexpl |  Obj  Depth IntInf | Incumbent    BestBd   Gap | It/Node Time

     0     0   36.00000    0  254  104.80000   36.00000  65.6%     -    1s
     0     0   36.00000    0  249  104.80000   36.00000  65.6%     -    2s
     0     2   36.00000    0  179  104.80000   36.00000  65.6%     -    3s
    85   104   36.00000    7  300  104.80000   36.00000  65.6%   216    5s
  1235  1186   74.00000   35  151  104.80000   36.00000  65.6%   142   10s
  3135  2687   64.00000   33  226  104.80000   36.00000  65.6%   106   15s
  3524  2838   36.00000   15  156  104.80000   36.00000  65.6%   106   20s
  3811  3043   61.00000   24  158  104.80000   36.00000  65.6%   107   25s
  4355  3446   61.00000   40  211  104.80000   36.00000  65.6%   109   30s
* 5093  3608             117      97.0000000   36.00000  62.9%   113   33s
  5525  3884   60.00000   22  170   97.00000   36.00000  62.9%   113   35s
* 6700  4051             127      95.0000000   36.00000  62.1%   106   38s
* 7062  3945             109      94.0000000   36.00000  61.7%   104   39s
  7278  4000   65.00000   21  158   94.00000   36.00000  61.7%   103   40s
* 7298  3773             117      93.0000000   36.00000  61.3%   104   40s
* 8318  3712             102      92.0000000   36.00000  60.9%   102   43s
  8850  4000   77.00000   37  140   92.00000   36.00000  60.9%   102   45s
* 9203  3648             109      91.0000000   36.00000  60.4%   101   46s
* 9795  3579             109      90.0000000   36.00000  60.0%   100   48s
 10254  3924   52.00000   34  212   90.00000   36.00000  60.0%   100   50s
*10659  3960             109      89.0000000   36.00000  59.6%   101   51s
 11886  4945   86.00000   52   72   89.00000   42.00000  52.8%   101   56s
*12613  4863             133      88.0000000   42.00000  52.3%   101   57s
 13143  5201 infeasible   59        88.00000   42.00000  52.3%   101   60s
*13403  4883             111      86.0000000   42.00000  51.2%   101   61s
 14165  5379   55.00000   42  258   86.00000   42.00000  51.2%   102   65s
 15600  6368   85.00000   70  115   86.00000   42.00000  51.2%   103   70s
*16864  6592             115      85.0000000   42.00000  50.6%   103   74s
 17317  6906   83.00000   66  146   85.00000   42.00000  50.6%   103   76s
*17923  6855             134      84.0000000   42.00000  50.0%   103   79s
 18467  7206   81.00000   68  124   84.00000   42.00000  50.0%   103   81s
 19557  7829   75.00000   48  153   84.00000   42.00000  50.0%   103   86s
 20885  8779   82.00000   69   98   84.00000   43.00000  48.8%   104   92s
 21604  9280 infeasible   48        84.00000   43.00000  48.8%   105   95s
 23217 10422   81.00000   60  145   84.00000   43.00000  48.8%   105  103s
 24101 11026   72.00000   46  218   84.00000   43.00000  48.8%   105  106s
 24949 11574   54.00000   47  185   84.00000   43.00000  48.8%   105  110s
 26466 12677   67.00000   55  136   84.00000   43.00000  48.8%   105  117s
 27352 13357   81.00000   64   87   84.00000   43.00000  48.8%   106  121s
 28383 14010   77.00000   48  136   84.00000   43.00000  48.8%   106  126s
 29432 14758   83.00000   53   91   84.00000   43.00000  48.8%   106  130s
 30482 15543   82.00000   60  118   84.00000   43.00000  48.8%   107  135s
 32656 17029   77.00000   54  150   84.00000   44.00000  47.6%   108  144s
 33749 17706   77.00000   47  141   84.00000   44.00000  47.6%   109  150s
 34868 18496   60.00000   43  205   84.00000   44.00000  47.6%   109  156s
 36098 19253   80.00000   54  115   84.00000   44.00000  47.6%   109  162s
 37396 20083   81.00000   71   72   84.00000   44.00000  47.6%   109  168s
*38565 17278             109      83.0000000   44.00000  47.0%   110  168s
 38639 18001   57.00000   39  181   83.00000   44.00000  47.0%   110  174s
 39872 18766   53.00000   46  217   83.00000   45.00000  45.8%   112  180s
 41236 19889   69.00000   43  195   83.00000   46.00000  44.6%   112  188s
 42987 20973     cutoff   87        83.00000   46.00000  44.6%   112  195s
 44554 22108   82.00000   67  132   83.00000   46.00000  44.6%   113  204s
 46325 23197   68.00000   47  165   83.00000   46.00000  44.6%   113  213s
*46677 20252             101      82.0000000   46.00000  43.9%   113  213s
 48028 21024   80.00000   72   72   82.00000   46.00000  43.9%   114  221s
 49531 22075   80.00000   73   85   82.00000   46.00000  43.9%   114  230s
 51225 23055     cutoff   81        82.00000   46.00000  43.9%   116  240s
 52916 24055   73.00000   42  148   82.00000   46.00000  43.9%   117  249s
 53758 24055   81.00000   50   69   82.00000   46.00000  43.9%   117  250s
 54642 25399   81.00000   70   49   82.00000   46.00000  43.9%   118  261s
 56761 26333   76.00000   68  117   82.00000   46.00000  43.9%   118  270s
 58173 27869   81.00000   44  174   82.00000   48.00000  41.5%   119  283s
 60618 29282   76.00000   45  177   82.00000   48.00000  41.5%   119  296s
 62819 30675   78.00000   82   66   82.00000   48.00000  41.5%   121  308s
 65152 31837   80.00000   79   66   82.00000   48.00000  41.5%   122  321s
 67297 33019   75.00000   46  162   82.00000   48.00000  41.5%   123  334s
 69403 34272 infeasible   60        82.00000   48.00000  41.5%   124  350s
 71874 35705 infeasible   79        82.00000   48.00000  41.5%   125  364s
 74361 37051   80.00000   74   50   82.00000   48.00000  41.5%   125  379s
 76912 38175 infeasible   62        82.00000   48.00000  41.5%   126  392s
 79338 39400   81.00000   81   71   82.00000   48.00000  41.5%   127  406s
 81752 40880   81.00000   96   15   82.00000   48.00000  41.5%   128  422s
 84353 42243   48.00000   51  165   82.00000   48.00000  41.5%   129  437s
 87017 43452   78.00000   53  137   82.00000   48.00000  41.5%   129  452s
*88086 37267             107      81.0000000   48.00000  40.7%   129  452s
 89651 38095 infeasible   86        81.00000   48.00000  40.7%   130  465s
*89746 33015             103      80.0000000   48.00000  40.0%   130  465s
 91823 34011   68.00000   54  141   80.00000   48.00000  40.0%   131  480s
 94346 35255   75.00000   63  112   80.00000   48.00000  40.0%   132  495s
 97063 36423   79.00000   82   81   80.00000   48.00000  40.0%   133  512s
 99455 37690 infeasible   63        80.00000   48.00000  40.0%   134  528s
 102231 38990   62.00000   60  170   80.00000   48.00000  40.0%   135  544s
 104930 40082   67.00000   66  105   80.00000   48.00000  40.0%   135  559s
 107459 41275 infeasible   62        80.00000   48.00000  40.0%   136  574s
 108309 41275   74.00000   60  142   80.00000   48.00000  40.0%   137  575s
 109904 42376   58.00000   67  191   80.00000   48.00000  40.0%   137  590s
 112320 43375   78.00000   75   44   80.00000   48.00000  40.0%   138  603s
 114610 44600   70.00000   63  140   80.00000   48.00000  40.0%   139  618s
 117135 45738 infeasible   72        80.00000   48.00000  40.0%   139  634s
 119654 46942   78.00000   83   41   80.00000   48.00000  40.0%   140  650s
 122265 48064   66.00000   67  144   80.00000   48.00000  40.0%   140  663s
 124819 49096 infeasible   66        80.00000   48.00000  40.0%   141  678s
 127330 50187 infeasible   79        80.00000   48.00000  40.0%   142  693s
 129767 51391   75.00000   83   93   80.00000   48.00000  40.0%   142  707s
 132155 52804 infeasible   53        80.00000   48.00000  40.0%   143  721s
 134732 54163   71.00000   52  131   80.00000   48.00000  40.0%   143  736s
 137160 55340   79.00000   73   70   80.00000   48.00000  40.0%   143  749s
 139549 56764   77.00000   69   61   80.00000   48.00000  40.0%   143  764s
 142038 58135   79.00000   78   62   80.00000   48.00000  40.0%   143  780s
*144242 48026             105      79.0000000   48.00000  39.2%   143  780s
 144466 49068 infeasible   57        79.00000   48.00000  39.2%   143  794s
 146780 50233   78.00000   68   47   79.00000   48.00000  39.2%   144  808s
 149069 51665   53.00000   68  203   79.00000   48.00000  39.2%   144  823s
 151585 52993   78.00000   82   36   79.00000   48.00000  39.2%   144  839s
 154093 54192   70.00000   57  107   79.00000   48.00000  39.2%   144  854s
 156429 55330   78.00000   68  102   79.00000   48.00000  39.2%   145  870s
 158586 56941   62.00000   42  187   79.00000   48.00000  39.2%   145  889s
 161633 58290   78.00000   47  134   79.00000   48.00000  39.2%   145  905s
 164151 59726   72.00000   59  135   79.00000   48.00000  39.2%   146  924s
 166838 61098   74.00000   59  139   79.00000   48.00000  39.2%   146  942s
 169419 62329     cutoff   71        79.00000   48.00000  39.2%   146  959s
 170084 62329   78.00000   90   57   79.00000   48.00000  39.2%   146  960s
 171839 63429   74.00000   60  140   79.00000   48.00000  39.2%   147  977s
 174232 64832   74.00000   75   91   79.00000   48.00000  39.2%   147  996s
 176977 66245   77.00000   65  132   79.00000   48.00000  39.2%   148 1016s
 179716 67555   78.00000   82   70   79.00000   48.00000  39.2%   148 1036s
 182251 68887 infeasible   62        79.00000   48.00000  39.2%   148 1054s
 184759 70282   78.00000   68  131   79.00000   48.00000  39.2%   149 1073s
 187329 71687   78.00000   56   50   79.00000   48.00000  39.2%   149 1092s
 189947 73060   78.00000   57   81   79.00000   48.00000  39.2%   149 1112s
 192734 74424   77.00000   70  107   79.00000   48.00000  39.2%   150 1133s
 195474 75819     cutoff   81        79.00000   48.00000  39.2%   150 1154s
 198344 77271   76.00000   60   75   79.00000   48.00000  39.2%   150 1175s
 201090 78661 infeasible   76        79.00000   48.00000  39.2%   150 1197s
 204149 79941   74.00000   76   91   79.00000   48.00000  39.2%   150 1218s
 206813 81273   77.00000   57   94   79.00000   48.00000  39.2%   150 1238s
 209380 82683   71.00000   59  123   79.00000   48.00000  39.2%   151 1258s
 212027 83975 infeasible   58        79.00000   48.00000  39.2%   151 1276s
 214477 85171   67.00000   49  131   79.00000   48.00000  39.2%   151 1293s
 217150 86391   77.00000   63  140   79.00000   48.00000  39.2%   151 1315s
 219647 87758 infeasible   78        79.00000   48.00000  39.2%   152 1337s
 222445 89277   69.00000   41  205   79.00000   48.00000  39.2%   152 1358s
 225173 90602   78.00000   77  100   79.00000   48.00000  39.2%   152 1378s
 227726 91853   78.00000   65   60   79.00000   48.00000  39.2%   152 1397s
 230151 93179 infeasible   71        79.00000   48.00000  39.2%   153 1421s
 232798 94469   76.00000   70  111   79.00000   48.00000  39.2%   153 1442s
 235384 95998   73.00000   72   80   79.00000   48.00000  39.2%   153 1466s
 238296 97398   78.00000   73  107   79.00000   48.00000  39.2%   154 1488s
 240980 98760   77.00000   54  143   79.00000   48.00000  39.2%   154 1510s
 243702 100148     cutoff   76        79.00000   48.00000  39.2%   154 1532s
 246556 101529   78.00000   64   96   79.00000   48.00000  39.2%   154 1557s
 249314 102788   49.00000   74  162   79.00000   48.00000  39.2%   154 1581s
 252068 104034   67.00000   53  166   79.00000   48.00000  39.2%   155 1603s
 254590 105190   72.00000   55  151   79.00000   48.00000  39.2%   155 1624s
 257334 106425   76.00000   78   89   79.00000   48.00000  39.2%   155 1646s
 259856 107864   61.00000   60  143   79.00000   48.00000  39.2%   155 1669s
 262255 107864   59.00000   43  205   79.00000   48.00000  39.2%   155 1670s
 262696 109012 infeasible   61        79.00000   48.00000  39.2%   155 1692s
*262757 89143              97      78.0000000   48.00000  38.5%   155 1692s
 265304 89847   71.00000   52  168   78.00000   48.00000  38.5%   156 1712s
 267731 90954   77.00000   66   92   78.00000   48.00000  38.5%   156 1733s
 270225 92088   77.00000   69   80   78.00000   48.00000  38.5%   156 1754s
 272887 93564   75.00000   65  141   78.00000   48.00000  38.5%   157 1776s
 275653 94668   60.00000   48  191   78.00000   48.00000  38.5%   157 1796s
 278028 95959   61.00000   52  156   78.00000   48.00000  38.5%   157 1819s
 280611 97157 infeasible   64        78.00000   48.00000  38.5%   157 1842s
 283252 98298   76.00000   67   78   78.00000   48.00000  38.5%   158 1867s
 285925 99566   77.00000   63   82   78.00000   48.00000  38.5%   158 1890s
 288728 100730   74.00000   67  101   78.00000   48.00000  38.5%   158 1913s
 291619 101920   73.00000   61  129   78.00000   48.00000  38.5%   159 1937s
 294225 103153   66.00000   58  159   78.00000   48.00000  38.5%   159 1960s
 296923 104277   48.00000   48  159   78.00000   48.00000  38.5%   159 1982s
 299694 105318   77.00000   74   87   78.00000   48.00000  38.5%   159 2001s
 302085 106634   76.00000   64   94   78.00000   48.00000  38.5%   160 2025s
 304947 107681   61.00000   46  173   78.00000   48.00000  38.5%   160 2046s
 307642 108683     cutoff   53        78.00000   48.00000  38.5%   160 2067s
 310057 109894   72.00000   62  194   78.00000   48.00000  38.5%   160 2090s
 312695 111158   48.00000   57  192   78.00000   48.00000  38.5%   161 2113s
 315319 112504 infeasible   55        78.00000   48.00000  38.5%   161 2137s
 318143 113718 infeasible   61        78.00000   48.00000  38.5%   161 2160s
 320825 114761 infeasible   77        78.00000   48.00000  38.5%   161 2184s
 323299 115810   77.00000   50  177   78.00000   48.00000  38.5%   161 2204s
 325705 116918   74.00000   63   75   78.00000   48.00000  38.5%   162 2227s
 328306 118063   77.00000   51   78   78.00000   48.00000  38.5%   162 2251s
 331057 119256   67.00000   43  169   78.00000   48.00000  38.5%   162 2274s
 333721 120412   48.00000   49  213   78.00000   48.00000  38.5%   162 2300s
 336286 121444   62.00000   52  190   78.00000   48.00000  38.5%   163 2324s
 338838 122598   77.00000   82   95   78.00000   48.00000  38.5%   163 2349s
 341729 123809   77.00000   56  100   78.00000   48.00000  38.5%   163 2373s
 344385 124812 infeasible   71        78.00000   48.00000  38.5%   163 2397s
 346957 125876     cutoff   78        78.00000   48.00000  38.5%   164 2421s
 349260 127151   63.00000   52  208   78.00000   48.00000  38.5%   164 2447s
 352076 128511   76.00000   56   62   78.00000   48.00000  38.5%   164 2472s
 354919 129689   48.00000   56  191   78.00000   48.00000  38.5%   164 2497s
 357611 130718   48.00000   57  167   78.00000   48.00000  38.5%   164 2521s
 360222 131841   76.00000   72   75   78.00000   48.00000  38.5%   165 2548s
 362758 133146   77.00000   73   92   78.00000   48.00000  38.5%   165 2575s
 365582 134196   75.00000   73  103   78.00000   48.00000  38.5%   165 2599s
 365731 134196   68.00000   51  168   78.00000   48.00000  38.5%   165 2600s
 367926 135418   68.00000   75  142   78.00000   48.00000  38.5%   165 2627s
 370592 136537     cutoff   74        78.00000   48.00000  38.5%   165 2651s
 373083 137643     cutoff   65        78.00000   48.00000  38.5%   166 2679s
 375546 138880     cutoff   62        78.00000   48.00000  38.5%   166 2706s
 378267 140073   66.00000   65  133   78.00000   48.00000  38.5%   166 2733s
 381002 141340 infeasible   59        78.00000   48.00000  38.5%   166 2762s
 383825 142589     cutoff   65        78.00000   48.00000  38.5%   166 2787s
 386663 143550   77.00000   62  139   78.00000   48.00000  38.5%   166 2812s
 389214 144656   50.00000   44  201   78.00000   48.00000  38.5%   167 2838s
 391814 145834   77.00000   72   91   78.00000   48.00000  38.5%   167 2865s
 394492 146893   68.00000   56  144   78.00000   48.00000  38.5%   167 2891s
 396946 147949   77.00000   58   98   78.00000   48.00000  38.5%   167 2916s
 399505 149029   67.00000   54  144   78.00000   48.00000  38.5%   167 2943s
 401948 150295   76.00000   68  103   78.00000   48.00000  38.5%   168 2973s
 404858 151607     cutoff   54        78.00000   48.00000  38.5%   168 3002s
 407701 152714   76.00000   79   62   78.00000   48.00000  38.5%   168 3031s
 410468 153927 infeasible   72        78.00000   48.00000  38.5%   168 3060s
 413308 155006   75.00000   65   89   78.00000   48.00000  38.5%   168 3089s
 415920 156313   73.00000   64  127   78.00000   48.00000  38.5%   168 3119s
 418804 157387   75.00000   61  118   78.00000   48.00000  38.5%   168 3146s
 421340 158532   61.00000   82  129   78.00000   48.00000  38.5%   169 3174s
 423982 159445 infeasible   71        78.00000   48.00000  38.5%   169 3199s
 426240 160716   48.00000   46  171   78.00000   48.00000  38.5%   169 3230s
 429163 161792   68.00000   64  159   78.00000   48.00000  38.5%   169 3259s
 430346 161792 infeasible   67        78.00000   48.00000  38.5%   169 3260s
 431770 162943     cutoff   71        78.00000   48.00000  38.5%   169 3289s
 434610 164144   67.00000   54  109   78.00000   48.00000  38.5%   169 3320s
 437410 165235   73.00000   66  128   78.00000   48.00000  38.5%   169 3349s
 440123 166257   70.00000   49  181   78.00000   48.00000  38.5%   169 3377s
 442716 167277   77.00000   64  105   78.00000   48.00000  38.5%   170 3405s
 445112 168461   75.00000   71  124   78.00000   48.00000  38.5%   170 3433s
 447886 169726   61.00000   63  163   78.00000   48.00000  38.5%   170 3464s
 450653 170897   77.00000   69  115   78.00000   48.00000  38.5%   170 3489s
 453266 172080 infeasible   85        78.00000   48.00000  38.5%   170 3520s
 456071 173206   48.00000   55  183   78.00000   48.00000  38.5%   170 3553s
 458713 174476 infeasible   73        78.00000   48.00000  38.5%   170 3586s
 461650 175627 infeasible   62        78.00000   48.00000  38.5%   170 3615s
 464367 176656 infeasible   62        78.00000   48.00000  38.5%   171 3644s
 466870 177753   72.00000   65  104   78.00000   48.00000  38.5%   171 3674s
 469488 178840   77.00000   73   62   78.00000   48.00000  38.5%   171 3706s
 471979 180185   73.00000   70   70   78.00000   48.00000  38.5%   171 3739s
 474898 181407   61.00000   52  212   78.00000   48.00000  38.5%   171 3771s
 477725 182467   77.00000   55  107   78.00000   48.00000  38.5%   171 3800s
 480406 183616   71.00000   55  143   78.00000   48.00000  38.5%   171 3830s
 483065 184853   65.00000   60  120   78.00000   48.00000  38.5%   171 3863s
 485722 185964     cutoff   56        78.00000   48.00000  38.5%   171 3893s
 488370 186831     cutoff   71        78.00000   48.00000  38.5%   172 3922s
 490618 188193   77.00000   74   83   78.00000   48.00000  38.5%   172 3957s
 493650 189343   68.00000   63  149   78.00000   48.00000  38.5%   172 3989s
 496472 190537   73.00000   61  122   78.00000   48.00000  38.5%   172 4021s
 499216 191732 infeasible   51        78.00000   48.00000  38.5%   172 4056s
 502069 192892     cutoff   72        78.00000   48.00000  38.5%   172 4088s
 504802 194061 infeasible   54        78.00000   48.00000  38.5%   172 4117s
 507502 195232 infeasible   86        78.00000   48.00000  38.5%   172 4149s
 510262 196159 infeasible   52        78.00000   48.00000  38.5%   172 4178s
 512458 197591   67.00000   52  197   78.00000   48.00000  38.5%   172 4218s
 515626 198791 infeasible   71        78.00000   48.00000  38.5%   172 4255s
 518564 199799 infeasible   61        78.00000   48.00000  38.5%   173 4289s
 521286 200922 infeasible   55        78.00000   48.00000  38.5%   173 4322s
 524059 201854     cutoff   56        78.00000   48.00000  38.5%   173 4354s
 526634 203046     cutoff   58        78.00000   48.00000  38.5%   173 4389s
 529475 204207 infeasible   66        78.00000   48.00000  38.5%   173 4423s
 532255 205220   72.00000   60  122   78.00000   48.00000  38.5%   173 4457s
 534758 206274 infeasible   64        78.00000   48.00000  38.5%   173 4491s
 537602 207422 infeasible   57        78.00000   48.00000  38.5%   173 4523s
 540218 208346 infeasible   62        78.00000   48.00000  38.5%   173 4554s
 542671 209542   77.00000   63  137   78.00000   48.00000  38.5%   173 4588s
 545503 210618   48.00000   64  208   78.00000   48.00000  38.5%   173 4624s
 548065 211651   68.00000   64  100   78.00000   48.00000  38.5%   174 4657s
 550685 212833   77.00000   67   90   78.00000   48.00000  38.5%   174 4693s
 553544 213843   77.00000   65   46   78.00000   48.00000  38.5%   174 4725s
 556063 214744   73.00000   54  123   78.00000   48.00000  38.5%   174 4758s
 558474 215813     cutoff   51        78.00000   48.00000  38.5%   174 4797s
 561174 216953 infeasible   66        78.00000   48.00000  38.5%   174 4833s
 564020 217897   76.00000   67  111   78.00000   48.00000  38.5%   174 4866s
 566397 219134   74.00000   56  186   78.00000   48.00000  38.5%   174 4903s
 569273 220251   77.00000   50  162   78.00000   48.00000  38.5%   174 4938s
 572273 221407   77.00000   65   80   78.00000   48.00000  38.5%   174 4974s
 574902 222773 infeasible   71        78.00000   48.00000  38.5%   174 5011s
 577873 223948     cutoff   67        78.00000   48.00000  38.5%   174 5043s
 580424 225072 infeasible   56        78.00000   48.00000  38.5%   175 5078s
 583153 226097   66.00000   67  159   78.00000   48.00000  38.5%   175 5111s
 585702 227108   66.00000   55  193   78.00000   48.00000  38.5%   175 5146s
*586762 190094             107      77.0000000   48.00000  37.7%   175 5146s
 588268 190791   73.00000   75   85   77.00000   48.00000  37.7%   175 5179s
 589372 190791   63.00000   58  137   77.00000   48.00000  37.7%   175 5180s
 590534 191655   75.00000   66  142   77.00000   48.00000  37.7%   175 5213s
 593029 192455   76.00000   68  128   77.00000   48.00000  37.7%   175 5244s
 595295 193338   75.00000   66   79   77.00000   48.00000  37.7%   175 5276s
 597571 194343   75.00000   67   86   77.00000   48.00000  37.7%   175 5306s
 599892 194995 infeasible   61        77.00000   48.00000  37.7%   175 5334s
 602037 195915   72.00000   54  153   77.00000   48.00000  37.7%   176 5368s
 604523 196986   76.00000   67   43   77.00000   48.00000  37.7%   176 5400s
 606999 197890     cutoff   79        77.00000   48.00000  37.7%   176 5431s
 609301 198697   68.00000   53  169   77.00000   48.00000  37.7%   176 5461s
 611229 199557 infeasible   70        77.00000   48.00000  37.7%   176 5493s
 613614 200383 infeasible   54        77.00000   48.00000  37.7%   176 5525s
 615945 201293   76.00000   54  141   77.00000   48.00000  37.7%   176 5557s
 618295 202178   75.00000   74  167   77.00000   48.00000  37.7%   176 5589s
 620612 202983   57.00000   56  217   77.00000   48.00000  37.7%   176 5620s
 622799 203770   48.00000   56  192   77.00000   48.00000  37.7%   177 5647s
 624689 204589 infeasible   61        77.00000   48.00000  37.7%   177 5677s
 626765 205619   75.00000   58  118   77.00000   48.00000  37.7%   177 5707s
 629159 206394 infeasible   74        77.00000   48.00000  37.7%   177 5736s
 631177 207236 infeasible   66        77.00000   48.00000  37.7%   177 5767s
 633267 208153   75.00000   57  140   77.00000   48.00000  37.7%   177 5798s
 635493 208928   76.00000   59  107   77.00000   48.00000  37.7%   177 5824s
 637611 209744   75.00000   77   76   77.00000   48.00000  37.7%   177 5853s
 639674 210506   69.00000   76  154   77.00000   48.00000  37.7%   178 5882s
 641822 211246   49.00000   62  173   77.00000   48.00000  37.7%   178 5910s
 643696 212043   48.00000   62  182   77.00000   48.00000  37.7%   178 5938s
 645673 212774 infeasible   58        77.00000   48.00000  37.7%   178 5963s
 647481 213511   76.00000   69   73   77.00000   48.00000  37.7%   178 5988s
 649378 214187 infeasible   80        77.00000   48.00000  37.7%   178 6013s
 651381 214883   75.00000   67   95   77.00000   48.00000  37.7%   178 6040s
 653196 215616   62.00000   63  149   77.00000   48.00000  37.7%   178 6068s
 655119 216297   73.00000   68  129   77.00000   48.00000  37.7%   178 6093s
 656775 217100   71.00000   54  185   77.00000   48.00000  37.7%   178 6120s
 658805 217918   65.00000   62  149   77.00000   48.00000  37.7%   178 6148s
 660858 218588   76.00000   58   63   77.00000   48.00000  37.7%   178 6174s
 661949 218588   76.00000   57  114   77.00000   48.00000  37.7%   178 6175s
 662641 219401   74.00000   54  110   77.00000   48.00000  37.7%   178 6201s
 664505 220908 infeasible   49        77.00000   49.00000  36.4%   178 6240s
 667525 222285   73.00000   75  119   77.00000   49.00000  36.4%   178 6276s
 670291 223297   73.00000   68   85   77.00000   49.00000  36.4%   178 6310s
 672649 224629   74.00000   57  125   77.00000   49.00000  36.4%   178 6347s
 675180 225705   61.00000   53  166   77.00000   49.00000  36.4%   178 6382s
 677831 226880   64.00000   36  182   77.00000   49.00000  36.4%   179 6419s
 680547 227900   73.00000   54  123   77.00000   49.00000  36.4%   179 6455s
 683129 228951   61.00000   50  189   77.00000   49.00000  36.4%   179 6493s
 685730 229888   76.00000   62  138   77.00000   49.00000  36.4%   179 6532s
 687944 230912 infeasible   70        77.00000   49.00000  36.4%   179 6573s
 690623 231778     cutoff   58        77.00000   49.00000  36.4%   179 6607s
 693093 232797   75.00000   47  141   77.00000   49.00000  36.4%   179 6646s
 695673 233856   55.00000   52  171   77.00000   49.00000  36.4%   179 6687s
 698168 234801   49.00000   56  148   77.00000   49.00000  36.4%   179 6725s
 701003 235859   74.00000   61  115   77.00000   49.00000  36.4%   180 6764s
 703674 237041   76.00000   52  102   77.00000   49.00000  36.4%   180 6801s
 706475 238112     cutoff   68        77.00000   49.00000  36.4%   180 6841s
 709218 239035   58.00000   47  183   77.00000   49.00000  36.4%   180 6884s
 711769 240031 infeasible   62        77.00000   49.00000  36.4%   180 6924s
 714357 240976 infeasible   65        77.00000   49.00000  36.4%   180 6963s
 716826 241900   72.00000   57   99   77.00000   49.00000  36.4%   180 7002s
 719329 242834   76.00000   67  130   77.00000   49.00000  36.4%   180 7044s
 721964 243784 infeasible   55        77.00000   49.00000  36.4%   181 7084s
 724595 244773 infeasible   56        77.00000   49.00000  36.4%   181 7129s
 727212 245703   76.00000   65   99   77.00000   49.00000  36.4%   181 7169s
 729954 246976   68.00000   38  164   77.00000   49.00000  36.4%   181 7212s
 732871 248193   68.00000   56  171   77.00000   49.00000  36.4%   181 7254s
 735638 249226   49.00000   51  170   77.00000   49.00000  36.4%   181 7300s
 738390 250278   76.00000   63   98   77.00000   49.00000  36.4%   181 7340s
 740962 251310   67.00000   63  176   77.00000   49.00000  36.4%   181 7381s
 743728 252521   74.00000   58   87   77.00000   49.00000  36.4%   181 7423s
 746556 253514   76.00000   59  101   77.00000   49.00000  36.4%   181 7461s
 749014 254682   66.00000   46  129   77.00000   49.00000  36.4%   181 7499s
 751634 255620   75.00000   82   81   77.00000   49.00000  36.4%   181 7539s
 753854 255620   71.00000   53  136   77.00000   49.00000  36.4%   182 7540s
 753962 256621   75.00000   59   95   77.00000   49.00000  36.4%   182 7580s
 756555 257643 infeasible   61        77.00000   49.00000  36.4%   182 7619s
 759122 258849   76.00000   61  125   77.00000   49.00000  36.4%   182 7659s
 761830 259869   71.00000   59   91   77.00000   49.00000  36.4%   182 7696s
 764270 260899   72.00000   62  213   77.00000   49.00000  36.4%   182 7739s
 764954 260899   57.00000   49  193   77.00000   49.00000  36.4%   182 7740s
 766838 261827   67.00000   71  146   77.00000   49.00000  36.4%   182 7781s
 769199 263065     cutoff   61        77.00000   49.00000  36.4%   182 7826s
 772091 264204   74.00000   51   84   77.00000   49.00000  36.4%   182 7869s
 774838 265435 infeasible   64        77.00000   49.00000  36.4%   182 7913s
 777734 266421   50.00000   56  184   77.00000   49.00000  36.4%   182 7956s
 780325 267533   76.00000   61  107   77.00000   49.00000  36.4%   182 7999s
 783055 268468   64.00000   46  227   77.00000   49.00000  36.4%   183 8041s
 785769 269551   69.00000   62  153   77.00000   49.00000  36.4%   183 8080s
 788201 270634   76.00000   69  113   77.00000   49.00000  36.4%   183 8121s
 790973 271697   57.00000   61  142   77.00000   49.00000  36.4%   183 8164s
 792194 271697   53.00000   63  199   77.00000   49.00000  36.4%   183 8165s
 793570 272692   67.00000   51  131   77.00000   49.00000  36.4%   183 8206s
 796250 273782   75.00000   78  124   77.00000   49.00000  36.4%   183 8247s
 798995 274903   67.00000   48  156   77.00000   49.00000  36.4%   183 8290s
 801727 275984 infeasible   63        77.00000   49.00000  36.4%   183 8334s
 804322 276860   76.00000   62  129   77.00000   49.00000  36.4%   183 8375s
 806977 277955   75.00000   87   95   77.00000   49.00000  36.4%   183 8418s
 809737 278806   74.00000   59   95   77.00000   49.00000  36.4%   183 8455s
 811799 280167     cutoff   61        77.00000   49.00000  36.4%   183 8505s
 815061 281372   76.00000   63   93   77.00000   49.00000  36.4%   184 8553s
 817826 282543   67.00000   57  148   77.00000   49.00000  36.4%   184 8598s
 820636 283802   74.00000   75   92   77.00000   49.00000  36.4%   184 8644s
 823555 284899   58.00000   61  131   77.00000   49.00000  36.4%   184 8687s
 826288 285930 infeasible   52        77.00000   49.00000  36.4%   184 8731s
 829005 286986   55.00000   54  164   77.00000   49.00000  36.4%   184 8775s
 831448 287916   74.00000   59  114   77.00000   49.00000  36.4%   184 8813s
 833905 288900   74.00000   66  124   77.00000   49.00000  36.4%   184 8855s
 836480 289820     cutoff   68        77.00000   49.00000  36.4%   184 8897s
 839139 290731     cutoff   59        77.00000   49.00000  36.4%   184 8940s
 841765 291889 infeasible   62        77.00000   49.00000  36.4%   184 8985s
 844362 292985     cutoff   52        77.00000   49.00000  36.4%   184 9028s
 846958 293960   76.00000   52   81   77.00000   49.00000  36.4%   184 9070s
 849396 294799 infeasible   59        77.00000   49.00000  36.4%   185 9109s
 851171 294799   61.00000   50  190   77.00000   49.00000  36.4%   185 9110s
 851623 295673   75.00000   56  147   77.00000   49.00000  36.4%   185 9152s
 854101 296379   76.00000   80   50   77.00000   49.00000  36.4%   185 9190s
 856226 297381     cutoff   67        77.00000   49.00000  36.4%   185 9232s
 858725 298372   76.00000   66   64   77.00000   49.00000  36.4%   185 9272s
 861131 299274     cutoff   73        77.00000   49.00000  36.4%   185 9314s
 863542 300132   76.00000   85   88   77.00000   49.00000  36.4%   185 9354s
 866042 301010 infeasible   75        77.00000   49.00000  36.4%   185 9397s
 868430 301875 infeasible   70        77.00000   49.00000  36.4%   185 9438s
 870738 302791   75.00000   61   92   77.00000   49.00000  36.4%   185 9480s
 873211 303694 infeasible   57        77.00000   49.00000  36.4%   185 9520s
 875580 304655 infeasible   61        77.00000   49.00000  36.4%   185 9561s
 877948 305594   75.00000   48  129   77.00000   49.00000  36.4%   185 9601s
 880128 306555   68.00000   64  153   77.00000   49.00000  36.4%   185 9638s
 882424 307339 infeasible   59        77.00000   49.00000  36.4%   185 9674s
 884534 308166   74.00000   65  113   77.00000   49.00000  36.4%   186 9711s
 886684 309036 infeasible   60        77.00000   49.00000  36.4%   186 9748s
 888867 309995 infeasible   56        77.00000   49.00000  36.4%   186 9788s
 891107 310959   67.00000   52  160   77.00000   49.00000  36.4%   186 9824s
 893273 311831   73.00000   60  126   77.00000   49.00000  36.4%   186 9862s
 895442 312667     cutoff   52        77.00000   49.00000  36.4%   186 9899s
 897473 313560 infeasible   59        77.00000   49.00000  36.4%   186 9938s
 899640 314159   69.00000   58  148   77.00000   49.00000  36.4%   186 9971s
 901391 315023   74.00000   63   89   77.00000   49.00000  36.4%   186 10010s
 903522 315742   61.00000   62  151   77.00000   49.00000  36.4%   186 10048s
 905397 316595     cutoff   53        77.00000   49.00000  36.4%   186 10089s
 907602 317350   65.00000   56  154   77.00000   49.00000  36.4%   186 10128s
 909727 318100   76.00000   67   74   77.00000   49.00000  36.4%   186 10168s
 911723 318932   74.00000   50  159   77.00000   49.00000  36.4%   186 10207s
 913835 319819 infeasible   77        77.00000   49.00000  36.4%   187 10245s
 915912 320720   75.00000   68  106   77.00000   49.00000  36.4%   187 10281s
 917992 321596 infeasible   63        77.00000   49.00000  36.4%   187 10320s
 919962 322287   50.00000   56  207   77.00000   49.00000  36.4%   187 10354s
 921935 323057 infeasible   61        77.00000   49.00000  36.4%   187 10383s
 923630 323794 infeasible   69        77.00000   49.00000  36.4%   187 10417s
 925522 324547   75.00000   66   99   77.00000   49.00000  36.4%   187 10450s
 927405 325245   67.00000   64  167   77.00000   49.00000  36.4%   187 10484s
 929286 325924   71.00000   74  109   77.00000   49.00000  36.4%   187 10519s
 931149 326834   76.00000   67  105   77.00000   49.00000  36.4%   187 10554s
 933140 327584 infeasible   69        77.00000   49.00000  36.4%   187 10587s
 935050 328442   73.00000   58  136   77.00000   49.00000  36.4%   187 10623s
 937064 329174   76.00000   61  124   77.00000   49.00000  36.4%   187 10656s
 938784 329916 infeasible   81        77.00000   49.00000  36.4%   187 10690s
 940521 330698     cutoff   56        77.00000   49.00000  36.4%   187 10721s
 942366 332076   75.00000   52  112   77.00000   50.00000  35.1%   187 10771s
 945418 332714   65.00000   64  141   77.00000   50.00000  35.1%   187 10800s

Explored 946736 nodes (177223156 simplex iterations) in 10800.88 seconds (4076.37 work units)
Thread count was 18 (of 36 available processors)

Solution count 10: 77 78 79 ... 86

Time limit reached
Best objective 7.700000000000e+01, best bound 5.000000000000e+01, gap 35.0649%
