
Gurobi 11.0.0 (win64) logging started Mon May 20 23:42:34 2024

Set parameter LogFile to value "./Results/StripPacking-SequencePairBranchRuns/Logs/RUspb-010-StripPacking-25.log"
Set parameter TimeLimit to value 10800
Set parameter Cuts to value 0
Set parameter Presolve to value 1
Set parameter Heuristics to value 0
Set parameter LPWarmStart to value 2
Gurobi Optimizer version 11.0.0 build v11.0.0rc2 (win64 - Windows 10.0 (19045.2))

CPU model: Intel(R) Core(TM) i9-10980XE CPU @ 3.00GHz, instruction set [SSE2|AVX|AVX2|AVX512]
Thread count: 18 physical cores, 36 logical processors, using up to 18 threads

Optimize a model with 32125 rows, 1251 columns and 94850 nonzeros
Model fingerprint: 0x959eaeac
Variable types: 51 continuous, 1200 integer (1200 binary)
Coefficient statistics:
  Matrix range     [1e+00, 1e+04]
  Objective range  [1e+00, 1e+00]
  Bounds range     [1e+00, 1e+04]
  RHS range        [1e+00, 1e+04]
Using branch priorities.

Warning: Completing partial solution with 1200 unfixed non-continuous variables out of 1200
User MIP start produced solution with objective 102.2 (0.05s)
Loaded user MIP start with objective 102.2

Presolve removed 600 rows and 0 columns
Presolve time: 0.16s
Presolved: 31525 rows, 1251 columns, 93650 nonzeros
Variable types: 51 continuous, 1200 integer (1200 binary)
Root relaxation presolved: 1251 rows, 32776 columns, 94901 nonzeros


Root relaxation: objective 3.500000e+01, 2098 iterations, 0.19 seconds (0.19 work units)

    Nodes    |    Current Node    |     Objective Bounds      |     Work
 Expl Unexpl |  Obj  Depth IntInf | Incumbent    BestBd   Gap | It/Node Time

     0     0   35.00000    0  253  102.20000   35.00000  65.8%     -    4s
     0     0   35.00000    0  253  102.20000   35.00000  65.8%     -    4s
     0     2   35.00000    0  191  102.20000   35.00000  65.8%     -    5s
   376   438   55.00000   18  164  102.20000   35.00000  65.8%   179   10s
  1721  1671   62.00000   61  120  102.20000   35.00000  65.8%   111   15s
  3254  2993   61.00000   18  231  102.20000   35.00000  65.8%  92.4   20s
  3744  3194   83.00000   38  194  102.20000   35.00000  65.8%  87.4   25s
  3902  3317   38.00000   21  175  102.20000   35.00000  65.8%  95.5   30s
  4481  3744   50.00000   36  172  102.20000   35.00000  65.8%  94.6   35s
* 5246  3971             112     102.0000000   35.00000  65.7%  91.9   37s
  5805  4388   67.00000   62  138  102.00000   35.00000  65.7%  91.8   40s
* 6593  4334             116      93.0000000   35.00000  62.4%  88.7   42s
  7258  4546   75.00000   32  161   93.00000   35.00000  62.4%  88.3   45s
* 8132  4570              99      92.0000000   35.00000  62.0%  87.0   47s
* 8522  4355             146      90.0000000   35.00000  61.1%  87.3   49s
  8895  4620   65.00000   39  132   90.00000   35.00000  61.1%  87.4   50s
 10366  5458   85.00000   82   85   90.00000   35.00000  61.1%  88.2   55s
*10736  5173             105      89.0000000   35.00000  60.7%  88.3   57s
*11305  5177             116      87.0000000   35.00000  59.8%  87.7   59s
 11711  5322     cutoff  119        87.00000   35.00000  59.8%  87.1   61s
 12777  6097   84.00000   71   62   87.00000   35.00000  59.8%  87.6   65s
*13166  5920             116      85.0000000   35.00000  58.8%  88.0   66s
 13973  6501   63.00000   53  126   85.00000   35.00000  58.8%  88.9   70s
 15492  7742   71.00000   54  162   85.00000   35.00000  58.8%  90.7   76s
 16473  8435   64.00000   40  171   85.00000   35.00000  58.8%  91.7   81s
 17440  9252   50.00000   32  214   85.00000   35.00000  58.8%  92.5   85s
 18686 10127   56.00000   28  149   85.00000   35.00000  58.8%  93.0   90s
 19797 11023   70.00000   60  139   85.00000   35.00000  58.8%  94.8   96s
 21165 11790   59.00000   48  166   85.00000   38.00000  55.3%  95.2  101s
 22315 12959   57.00000   48  142   85.00000   38.00000  55.3%  96.2  109s
*22501 12347             113      84.0000000   38.00000  54.8%  96.3  109s
 23210 12932   57.00000   42  125   84.00000   38.00000  54.8%  96.7  112s
 23990 13477   48.00000   56  157   84.00000   38.00000  54.8%  97.4  116s
 24823 14135   68.00000   80   79   84.00000   38.00000  54.8%  98.4  121s
 25798 14757   52.00000   50  166   84.00000   38.00000  54.8%  98.9  125s
 26768 15401   64.00000   56  154   84.00000   38.00000  54.8%  99.4  130s
 27737 16069   57.00000   52  170   84.00000   38.00000  54.8%   100  136s
*28363 15340             113      83.0000000   38.00000  54.2%   101  136s
 28792 15673   38.00000   38  161   83.00000   38.00000  54.2%   101  140s
 29446 16561   47.00000   39  177   83.00000   38.00000  54.2%   102  146s
 30611 17252     cutoff   74        83.00000   38.00000  54.2%   103  151s
 31711 18004   64.00000   52  209   83.00000   38.00000  54.2%   104  157s
 32846 18667   82.00000   82   22   83.00000   38.00000  54.2%   105  163s
 34041 19374   80.00000   55  149   83.00000   38.00000  54.2%   106  169s
 35293 20376   49.00000   35  177   83.00000   38.00000  54.2%   107  177s
*35483 19462             108      82.0000000   38.00000  53.7%   107  177s
 36677 20044   54.00000   53  171   82.00000   38.00000  53.7%   108  183s
 37612 20952   81.00000   94   69   82.00000   38.00000  53.7%   109  191s
 38963 22008   54.00000   50  154   82.00000   38.00000  53.7%   110  200s
 40485 23181   77.00000   61  173   82.00000   38.00000  53.7%   111  210s
 42261 24477   80.00000   48  121   82.00000   38.00000  53.7%   112  221s
*42760 23318             117      81.0000000   38.00000  53.1%   112  221s
 44123 24035   77.00000   55  154   81.00000   38.00000  53.1%   112  230s
 45625 25044   52.00000   44  263   81.00000   38.00000  53.1%   114  242s
 47405 26037 infeasible   70        81.00000   38.00000  53.1%   115  254s
 49017 27355   80.00000   57  122   81.00000   38.00000  53.1%   117  268s
 51185 28507   77.00000   67  102   81.00000   38.00000  53.1%   119  282s
*53272 27230              89      80.0000000   38.00000  52.5%   120  282s
 53447 28600 infeasible   60        80.00000   38.00000  52.5%   120  296s
 55735 29640   57.00000   45  172   80.00000   38.00000  52.5%   121  309s
 57528 31151 infeasible   52        80.00000   38.00000  52.5%   122  324s
 59885 32505   78.00000   57  121   80.00000   38.00000  52.5%   123  338s
 62070 33953   48.00000   43  150   80.00000   38.00000  52.5%   124  354s
 64316 35296 infeasible   75        80.00000   38.00000  52.5%   124  367s
 66353 36346   70.00000   59  101   80.00000   38.00000  52.5%   125  380s
 67979 37664   73.00000   74  114   80.00000   38.00000  52.5%   126  397s
 70358 39094   68.00000   61  151   80.00000   38.00000  52.5%   127  409s
 72495 40396   74.00000   61  166   80.00000   38.00000  52.5%   128  421s
 74756 41805 infeasible   69        80.00000   38.00000  52.5%   129  434s
 76952 43268 infeasible   74        80.00000   38.00000  52.5%   129  448s
 79190 44695   64.00000   65  122   80.00000   38.00000  52.5%   130  461s
 81325 46020   67.00000   51  177   80.00000   38.00000  52.5%   130  473s
 83318 47444   73.00000   44  138   80.00000   38.00000  52.5%   131  485s
 85463 48946   65.00000   46  155   80.00000   38.00000  52.5%   132  499s
 87862 50196   75.00000   68  143   80.00000   38.00000  52.5%   132  514s
*88461 47575             113      79.0000000   38.00000  51.9%   132  514s
 90030 48528   73.00000   53  153   79.00000   38.00000  51.9%   133  526s
 92011 49724   68.00000   56  171   79.00000   38.00000  51.9%   133  538s
 94008 50945   49.00000   46  136   79.00000   38.00000  51.9%   134  551s
 96151 52178 infeasible   53        79.00000   38.00000  51.9%   135  565s
 98335 53419   53.00000   43  223   79.00000   38.00000  51.9%   136  579s
 100407 54909   64.00000   67  172   79.00000   38.00000  51.9%   137  592s
 102737 56128     cutoff   76        79.00000   38.00000  51.9%   137  606s
 104895 57550   61.00000   56  162   79.00000   38.00000  51.9%   138  620s
 107207 58790 infeasible   71        79.00000   38.00000  51.9%   138  634s
 109330 60034 infeasible   52        79.00000   38.00000  51.9%   139  648s
 111452 61397   74.00000   56  148   79.00000   38.00000  51.9%   140  664s
 113714 62462   60.00000   62  153   79.00000   38.00000  51.9%   140  677s
 115698 63798 infeasible   83        79.00000   38.00000  51.9%   141  692s
 117985 64954   78.00000   63  128   79.00000   38.00000  51.9%   141  704s
 120189 66231   54.00000   46  173   79.00000   38.00000  51.9%   142  717s
 122182 67410   60.00000   48  196   79.00000   38.00000  51.9%   142  732s
 124360 68727 infeasible   59        79.00000   38.00000  51.9%   143  747s
 126707 69959   78.00000   69   64   79.00000   38.00000  51.9%   143  762s
 128825 71183   71.00000   68  114   79.00000   38.00000  51.9%   144  776s
 130937 72482   73.00000   56  156   79.00000   38.00000  51.9%   144  791s
 133044 73859   69.00000   62  143   79.00000   38.00000  51.9%   145  808s
 135387 75150   78.00000   73  118   79.00000   38.00000  51.9%   145  823s
 137548 76396   73.00000   91  105   79.00000   38.00000  51.9%   145  838s
*138396 71970             112      78.0000000   38.00000  51.3%   145  838s
 139680 73128   75.00000   67   91   78.00000   38.00000  51.3%   146  853s
 141812 74229   77.00000   63   89   78.00000   38.00000  51.3%   146  870s
 144016 75424   77.00000   72   56   78.00000   38.00000  51.3%   146  887s
 146203 76652   75.00000   50  163   78.00000   38.00000  51.3%   147  902s
 148427 77853   40.00000   47  175   78.00000   38.00000  51.3%   147  919s
 150605 79066   70.00000   66  140   78.00000   38.00000  51.3%   148  935s
 152894 80281   67.00000   82   98   78.00000   38.00000  51.3%   148  953s
 155118 81531   40.00000   44  192   78.00000   38.00000  51.3%   149  970s
 157320 82743   40.00000   46  222   78.00000   38.00000  51.3%   149  985s
 159391 84069   58.00000   53  221   78.00000   38.00000  51.3%   149 1003s
 161728 85405   69.00000   68  117   78.00000   38.00000  51.3%   150 1019s
 163966 86633   40.00000   50  179   78.00000   38.00000  51.3%   150 1037s
 166165 87982   40.00000   48  182   78.00000   38.00000  51.3%   151 1056s
 168456 89090   57.00000   45  190   78.00000   38.00000  51.3%   151 1073s
 170829 90240   54.00000   46  195   78.00000   38.00000  51.3%   151 1090s
 172985 91322   77.00000   80   32   78.00000   38.00000  51.3%   152 1106s
 175359 92511   70.00000   60  149   78.00000   38.00000  51.3%   152 1125s
 177553 93846   65.00000   63  118   78.00000   38.00000  51.3%   152 1145s
 179853 94874   66.00000   57  170   78.00000   38.00000  51.3%   153 1161s
 181789 96070   71.00000   64  101   78.00000   38.00000  51.3%   153 1180s
 184127 97457   57.00000   46  185   78.00000   38.00000  51.3%   154 1200s
 186589 98634   48.00000   59  190   78.00000   38.00000  51.3%   154 1219s
 188697 100008   72.00000   56  186   78.00000   38.00000  51.3%   154 1239s
 191017 101279   47.00000   52  210   78.00000   38.00000  51.3%   155 1258s
 193323 102627 infeasible   74        78.00000   38.00000  51.3%   155 1277s
 195653 103875   74.00000   70  132   78.00000   38.00000  51.3%   155 1298s
 197938 105015   72.00000   52  230   78.00000   38.00000  51.3%   155 1317s
 200032 106256   69.00000   64  192   78.00000   38.00000  51.3%   156 1338s
 202377 107344 infeasible   68        78.00000   38.00000  51.3%   156 1354s
 204439 108529 infeasible   87        78.00000   38.00000  51.3%   156 1371s
 206537 109717   69.00000   56  141   78.00000   38.00000  51.3%   156 1389s
 208725 110823   57.00000   38  199   78.00000   38.00000  51.3%   157 1407s
 210804 111965   71.00000   61  151   78.00000   38.00000  51.3%   157 1426s
 212904 113115   77.00000   67   79   78.00000   38.00000  51.3%   157 1446s
 215248 114279   76.00000   73  136   78.00000   38.00000  51.3%   158 1467s
 217448 115265 infeasible   68        78.00000   38.00000  51.3%   158 1486s
 219574 116329   77.00000   57  102   78.00000   38.00000  51.3%   158 1505s
 221573 117453   75.00000   75  106   78.00000   38.00000  51.3%   158 1526s
 223888 118477   74.00000   62  132   78.00000   38.00000  51.3%   158 1544s
 225905 119553   38.00000   46  230   78.00000   38.00000  51.3%   159 1561s
 227811 120586     cutoff   69        78.00000   38.00000  51.3%   159 1582s
 229712 121617   63.00000   62  161   78.00000   38.00000  51.3%   159 1602s
 231790 122677   72.00000   65   91   78.00000   38.00000  51.3%   160 1622s
 233892 123870   74.00000   61  143   78.00000   38.00000  51.3%   160 1643s
 236065 124964   76.00000   57  146   78.00000   38.00000  51.3%   160 1664s
 238087 126068   77.00000   70  114   78.00000   38.00000  51.3%   160 1683s
 240117 127160   74.00000   77   93   78.00000   38.00000  51.3%   160 1702s
 242159 128284 infeasible   85        78.00000   38.00000  51.3%   161 1722s
 244215 129329   67.00000   65  181   78.00000   38.00000  51.3%   161 1742s
 246197 130175   61.00000   57  176   78.00000   38.00000  51.3%   161 1762s
 248139 131205   77.00000   61   88   78.00000   38.00000  51.3%   161 1780s
 250114 132051 infeasible   79        78.00000   38.00000  51.3%   162 1796s
 251811 133108   71.00000   77  133   78.00000   38.00000  51.3%   162 1816s
 253854 134090   60.00000   65  139   78.00000   38.00000  51.3%   162 1833s
 255648 135153   70.00000   58  159   78.00000   38.00000  51.3%   162 1853s
 257591 136043     cutoff   52        78.00000   38.00000  51.3%   162 1872s
 259440 136887   75.00000   59  114   78.00000   38.00000  51.3%   163 1890s
 261269 137796   64.00000   62  179   78.00000   38.00000  51.3%   163 1906s
 263048 138634   74.00000   75  118   78.00000   38.00000  51.3%   163 1926s
 264824 139510   72.00000   67   67   78.00000   38.00000  51.3%   163 1945s
 266676 140382   52.00000   60  223   78.00000   38.00000  51.3%   164 1964s
 268486 141543   54.00000   63  226   78.00000   38.00000  51.3%   164 1985s
 270559 142754   57.00000   47  160   78.00000   39.00000  50.0%   164 2006s
 272661 143949   74.00000   79   86   78.00000   39.00000  50.0%   164 2027s
 274760 145230   69.00000   68  134   78.00000   39.00000  50.0%   164 2046s
 276872 146181   58.00000   53  149   78.00000   39.00000  50.0%   164 2066s
 278805 147243   76.00000   58   82   78.00000   39.00000  50.0%   164 2087s
 280819 148385 infeasible   79        78.00000   39.00000  50.0%   164 2108s
 282883 149326   73.00000   54  131   78.00000   39.00000  50.0%   165 2130s
 284741 150363   63.00000   67  159   78.00000   39.00000  50.0%   165 2150s
 286746 151472   75.00000   70  143   78.00000   39.00000  50.0%   165 2171s
 288773 152422   74.00000   57   86   78.00000   39.00000  50.0%   165 2190s
 290594 153392   73.00000   81  118   78.00000   39.00000  50.0%   165 2210s
 292469 154217 infeasible   79        78.00000   39.00000  50.0%   165 2230s
 294037 155078   77.00000   70  131   78.00000   39.00000  50.0%   165 2251s
 296026 156210   62.00000   54  122   78.00000   39.00000  50.0%   166 2273s
 298157 157559   76.00000   70  117   78.00000   40.00000  48.7%   166 2299s
 298679 157559   73.00000   73  122   78.00000   40.00000  48.7%   166 2300s
 300500 158790 infeasible   66        78.00000   40.00000  48.7%   166 2325s
 302670 160024 infeasible   61        78.00000   40.00000  48.7%   166 2349s
 304837 161290   72.00000   60  100   78.00000   40.00000  48.7%   166 2373s
 307128 162730   57.00000   49  141   78.00000   40.00000  48.7%   166 2399s
 309495 164039   40.00000   53  188   78.00000   40.00000  48.7%   166 2424s
 311714 165217   68.00000   71  189   78.00000   40.00000  48.7%   166 2444s
 313720 166426     cutoff   68        78.00000   40.00000  48.7%   166 2469s
 315801 167498 infeasible   66        78.00000   40.00000  48.7%   166 2491s
 317898 168658   57.00000   55  170   78.00000   40.00000  48.7%   166 2512s
 319960 169772 infeasible   70        78.00000   40.00000  48.7%   166 2533s
 321867 170906   57.00000   49  195   78.00000   40.00000  48.7%   166 2556s
 323889 172080   54.00000   58  180   78.00000   40.00000  48.7%   166 2579s
 325866 173193 infeasible   73        78.00000   40.00000  48.7%   166 2601s
 327891 174499   76.00000   62  118   78.00000   40.00000  48.7%   166 2623s
 330019 175708   69.00000   78  136   78.00000   40.00000  48.7%   166 2647s
 332158 176736   62.00000   63  184   78.00000   40.00000  48.7%   166 2669s
 334025 177848   40.00000   40  203   78.00000   40.00000  48.7%   166 2693s
 335981 178783   53.00000   42  207   78.00000   40.00000  48.7%   166 2715s
 337976 179859   40.00000   47  227   78.00000   40.00000  48.7%   166 2740s
 340039 181054     cutoff   48        78.00000   40.00000  48.7%   166 2763s
 342054 182059   64.00000   56  211   78.00000   40.00000  48.7%   166 2784s
 344009 183156 infeasible   69        78.00000   40.00000  48.7%   166 2807s
 345958 184433   66.00000   51  171   78.00000   40.00000  48.7%   166 2831s
 348106 185560 infeasible   77        78.00000   40.00000  48.7%   166 2855s
 350158 186605   76.00000   70  136   78.00000   40.00000  48.7%   166 2879s
 352092 187647   54.00000   58  196   78.00000   40.00000  48.7%   166 2902s
 354022 188663 infeasible   88        78.00000   40.00000  48.7%   166 2927s
 355905 189709 infeasible   71        78.00000   40.00000  48.7%   166 2951s
 357827 190654   75.00000   62  144   78.00000   40.00000  48.7%   167 2975s
 359819 191543   69.00000   62  167   78.00000   40.00000  48.7%   167 3000s
 361748 192607   60.00000   68  140   78.00000   40.00000  48.7%   167 3024s
 363744 193599   66.00000   55  137   78.00000   40.00000  48.7%   167 3050s
 365634 194563   41.00000   52  245   78.00000   40.00000  48.7%   167 3073s
 367418 195699   75.00000   56  136   78.00000   40.00000  48.7%   167 3099s
 369427 196745   54.00000   67  207   78.00000   40.00000  48.7%   167 3125s
 371383 197764 infeasible   94        78.00000   40.00000  48.7%   167 3150s
 373301 198683   65.00000   81  178   78.00000   40.00000  48.7%   167 3173s
 375030 199722   69.00000   60  155   78.00000   40.00000  48.7%   167 3195s
 376823 200848   42.00000   47  161   78.00000   40.00000  48.7%   167 3219s
 378786 201773   73.00000   79  125   78.00000   40.00000  48.7%   167 3242s
 380543 202556   57.00000   60  219   78.00000   40.00000  48.7%   167 3268s
 382244 203291 infeasible   65        78.00000   40.00000  48.7%   168 3290s
 383678 204266   72.00000   77  138   78.00000   40.00000  48.7%   168 3318s
 385668 205467   68.00000   65  224   78.00000   40.00000  48.7%   168 3344s
 387677 206721   75.00000   60  135   78.00000   40.00000  48.7%   168 3374s
 388672 206721   66.00000   45  177   78.00000   41.00000  47.4%   168 3375s
 389914 208505   73.00000   56  116   78.00000   41.00000  47.4%   168 3415s
 392987 210399   47.00000   39  237   78.00000   41.00000  47.4%   168 3450s
 396014 212065   57.00000   46  199   78.00000   41.00000  47.4%   168 3486s
 398761 213493 infeasible   67        78.00000   41.00000  47.4%   168 3521s
 401413 215073   57.00000   44  221   78.00000   41.00000  47.4%   168 3557s
 404050 216576 infeasible   59        78.00000   41.00000  47.4%   168 3593s
 406688 218064     cutoff   69        78.00000   41.00000  47.4%   168 3627s
 409385 219525   54.00000   50  238   78.00000   41.00000  47.4%   168 3659s
 411840 221149 infeasible   70        78.00000   41.00000  47.4%   168 3696s
 414639 222597   77.00000   75  147   78.00000   41.00000  47.4%   168 3730s
 417119 224236 infeasible   64        78.00000   41.00000  47.4%   168 3767s
 419845 225863   53.00000   47  194   78.00000   41.00000  47.4%   168 3803s
 422578 227720   42.00000   44  225   78.00000   41.00000  47.4%   168 3840s
 425455 229289   77.00000   71  140   78.00000   41.00000  47.4%   168 3878s
 428301 230639   69.00000   57  139   78.00000   41.00000  47.4%   167 3917s
 430862 232457   56.00000   45  133   78.00000   41.00000  47.4%   167 3958s
 433785 234110   54.00000   44  180   78.00000   41.00000  47.4%   167 3994s
 435197 234110   69.00000   79  178   78.00000   41.00000  47.4%   167 3995s
 436473 235614     cutoff   61        78.00000   41.00000  47.4%   167 4031s
 439036 237090 infeasible   60        78.00000   41.00000  47.4%   167 4066s
 441513 238585   63.00000   54  153   78.00000   41.00000  47.4%   167 4104s
 444043 239998     cutoff   71        78.00000   41.00000  47.4%   167 4141s
 446635 241497   76.00000   72  137   78.00000   41.00000  47.4%   167 4177s
 449194 242863 infeasible   67        78.00000   41.00000  47.4%   167 4213s
 451677 244546   67.00000   55  120   78.00000   41.00000  47.4%   167 4252s
 454368 245868   73.00000   55  142   78.00000   41.00000  47.4%   167 4289s
 456762 247196   76.00000   69   91   78.00000   41.00000  47.4%   167 4328s
 459157 248710   75.00000   78  104   78.00000   41.00000  47.4%   167 4366s
 461718 250087   64.00000   56  154   78.00000   41.00000  47.4%   167 4404s
 464308 251642   51.00000   44  203   78.00000   41.00000  47.4%   167 4445s
 467097 253081   76.00000   44  158   78.00000   41.00000  47.4%   167 4484s
 469529 254382   66.00000   65  136   78.00000   41.00000  47.4%   167 4520s
 471776 256090 infeasible   52        78.00000   41.00000  47.4%   167 4562s
 474630 257656   42.00000   48  187   78.00000   41.00000  47.4%   167 4604s
 477262 259250   63.00000   47  169   78.00000   41.00000  47.4%   167 4645s
 479946 260751   71.00000   52  168   78.00000   41.00000  47.4%   167 4687s
 482477 262433   65.00000   64  179   78.00000   41.00000  47.4%   167 4730s
 485464 263938   70.00000   56  152   78.00000   41.00000  47.4%   167 4770s
 488152 265528   48.00000   48  156   78.00000   41.00000  47.4%   167 4812s
 490975 267192   46.00000   32  234   78.00000   41.00000  47.4%   167 4855s
 493776 268707   69.00000   57   97   78.00000   41.00000  47.4%   167 4898s
 496296 270420   71.00000   60  173   78.00000   41.00000  47.4%   167 4940s
 499107 272203   46.00000   33  178   78.00000   41.00000  47.4%   167 4984s
 502110 273786   77.00000   71  107   78.00000   41.00000  47.4%   167 5024s
 502571 273786   41.00000   49  191   78.00000   41.00000  47.4%   167 5025s
 504676 275401 infeasible   53        78.00000   41.00000  47.4%   167 5063s
 507166 276893   65.00000   49  180   78.00000   41.00000  47.4%   167 5106s
 509647 278445   77.00000   60  144   78.00000   41.00000  47.4%   167 5146s
 512264 280160   75.00000   59  110   78.00000   41.00000  47.4%   167 5189s
 515026 281660   74.00000   54  146   78.00000   41.00000  47.4%   167 5232s
 517621 283216   41.00000   29  243   78.00000   41.00000  47.4%   167 5273s
 520072 284706   55.00000   45  217   78.00000   41.00000  47.4%   167 5319s
 522632 286356 infeasible   71        78.00000   41.00000  47.4%   167 5364s
 525390 287887   65.00000   61  128   78.00000   41.00000  47.4%   167 5403s
 528089 289765   47.00000   50  198   78.00000   41.00000  47.4%   167 5449s
 528861 289765   41.00000   38  217   78.00000   41.00000  47.4%   167 5450s
 531081 291369   71.00000   54  189   78.00000   41.00000  47.4%   167 5494s
 533767 292884   70.00000   66  136   78.00000   41.00000  47.4%   167 5542s
 536300 294552 infeasible   69        78.00000   41.00000  47.4%   167 5588s
 539077 296227 infeasible   76        78.00000   41.00000  47.4%   167 5633s
 541770 297823   73.00000   80  102   78.00000   41.00000  47.4%   167 5680s
 544466 299536   73.00000   62   62   78.00000   41.00000  47.4%   167 5726s
 547275 300849   48.00000   41  251   78.00000   41.00000  47.4%   167 5772s
 549730 302366     cutoff   53        78.00000   41.00000  47.4%   167 5817s
 552435 304110     cutoff   73        78.00000   41.00000  47.4%   167 5861s
 555072 305981   71.00000   57  176   78.00000   41.00000  47.4%   167 5907s
 557956 307421   69.00000   48  160   78.00000   41.00000  47.4%   167 5958s
 560548 309056 infeasible   70        78.00000   41.00000  47.4%   167 6004s
 563097 309056   71.00000   40  200   78.00000   41.00000  47.4%   167 6005s
 563224 310782   75.00000   67   97   78.00000   41.00000  47.4%   167 6052s
 566010 312351   69.00000   56  162   78.00000   41.00000  47.4%   167 6101s
 568770 313965   69.00000   57  169   78.00000   41.00000  47.4%   167 6147s
 571433 315452   64.00000   42  157   78.00000   41.00000  47.4%   167 6197s
 573857 317130   68.00000   72  162   78.00000   41.00000  47.4%   167 6246s
 576688 318805   58.00000   55  185   78.00000   41.00000  47.4%   167 6291s
 579380 320172 infeasible   71        78.00000   41.00000  47.4%   167 6337s
 581877 321641   66.00000   63  110   78.00000   41.00000  47.4%   167 6386s
 584567 323057 infeasible   69        78.00000   41.00000  47.4%   167 6437s
 587086 324564   76.00000   67   79   78.00000   41.00000  47.4%   167 6485s
 589677 326217   65.00000   62  135   78.00000   41.00000  47.4%   167 6534s
 592434 327746   45.00000   49  173   78.00000   41.00000  47.4%   167 6581s
 595061 329384   70.00000   71  166   78.00000   41.00000  47.4%   167 6631s
 597775 330950     cutoff   69        78.00000   41.00000  47.4%   167 6682s
 600331 332590   77.00000   71   88   78.00000   41.00000  47.4%   167 6729s
 603063 334074     cutoff   65        78.00000   41.00000  47.4%   167 6775s
 605755 335646   55.00000   44  217   78.00000   41.00000  47.4%   167 6824s
 606485 335646   54.00000   66  178   78.00000   41.00000  47.4%   167 6825s
 608441 337211   62.00000   55  132   78.00000   41.00000  47.4%   167 6875s
 611133 338815   60.00000   52  211   78.00000   41.00000  47.4%   167 6925s
 613663 340209   51.00000   40  204   78.00000   41.00000  47.4%   167 6973s
 616071 341949   77.00000   73  135   78.00000   41.00000  47.4%   167 7028s
 619098 343675   77.00000   56  111   78.00000   41.00000  47.4%   167 7080s
 621987 345140   68.00000   59  144   78.00000   41.00000  47.4%   167 7134s
 624573 346534   60.00000   54  203   78.00000   41.00000  47.4%   167 7184s
 626355 346534   70.00000   78  164   78.00000   41.00000  47.4%   167 7185s
 627154 347977   69.00000   53  216   78.00000   41.00000  47.4%   167 7234s
 629800 349659   54.00000   68  187   78.00000   41.00000  47.4%   167 7288s
 632741 351132   67.00000   59  161   78.00000   41.00000  47.4%   167 7338s
 635339 352595   44.00000   49  202   78.00000   41.00000  47.4%   167 7390s
 637823 354458   77.00000   80   81   78.00000   41.00000  47.4%   168 7443s
 640818 356063   74.00000   59  111   78.00000   41.00000  47.4%   168 7495s
 643502 357558 infeasible   71        78.00000   41.00000  47.4%   168 7546s
 646190 358900   72.00000   59  141   78.00000   41.00000  47.4%   168 7599s
 648533 360523   61.00000   46  218   78.00000   41.00000  47.4%   168 7652s
 651388 362218   52.00000   45  167   78.00000   41.00000  47.4%   168 7706s
 654193 363866   60.00000   66  185   78.00000   41.00000  47.4%   168 7759s
 656930 365442   68.00000   58  186   78.00000   41.00000  47.4%   168 7811s
 659655 366895   72.00000   49  193   78.00000   41.00000  47.4%   168 7865s
 662110 368512   67.00000   49  193   78.00000   41.00000  47.4%   168 7922s
 664904 370114   70.00000   86  110   78.00000   41.00000  47.4%   168 7980s
 667778 371781   64.00000   57  171   78.00000   41.00000  47.4%   168 8036s
 670608 373233   59.00000   57  199   78.00000   41.00000  47.4%   168 8091s
 673164 374760 infeasible   58        78.00000   41.00000  47.4%   168 8145s
 675722 376451   41.00000   47  188   78.00000   41.00000  47.4%   168 8199s
 678112 376451 infeasible   66        78.00000   41.00000  47.4%   168 8200s
 678597 378052 infeasible   77        78.00000   41.00000  47.4%   168 8253s
 681416 379658   54.00000   70  159   78.00000   41.00000  47.4%   168 8307s
 684156 380944   57.00000   49  175   78.00000   41.00000  47.4%   168 8363s
 686698 382446   74.00000   70  123   78.00000   41.00000  47.4%   168 8415s
 689309 383924   57.00000   50  211   78.00000   41.00000  47.4%   168 8469s
 689473 383924   56.00000   55  182   78.00000   41.00000  47.4%   168 8470s
 691971 385508 infeasible   60        78.00000   41.00000  47.4%   168 8523s
 694635 387055   60.00000   60  180   78.00000   41.00000  47.4%   168 8575s
 697287 388586 infeasible   83        78.00000   41.00000  47.4%   168 8635s
 699927 390185   75.00000   59   97   78.00000   41.00000  47.4%   168 8690s
 702594 391874 infeasible   71        78.00000   41.00000  47.4%   168 8744s
 704416 391874   60.00000   46  208   78.00000   41.00000  47.4%   168 8745s
 705345 393044   41.00000   48  212   78.00000   41.00000  47.4%   168 8795s
 707613 394824 infeasible   85        78.00000   41.00000  47.4%   168 8860s
 710756 396276   77.00000   61  162   78.00000   41.00000  47.4%   168 8921s
 713438 397557 infeasible   60        78.00000   41.00000  47.4%   168 8978s
 716162 399124 infeasible   95        78.00000   41.00000  47.4%   168 9038s
 719009 400591   65.00000   58  214   78.00000   41.00000  47.4%   168 9096s
 721675 402117   74.00000   70  145   78.00000   41.00000  47.4%   168 9160s
 724355 403661   77.00000   70  117   78.00000   41.00000  47.4%   168 9219s
 727131 405450   64.00000   52  193   78.00000   41.00000  47.4%   168 9274s
 730014 406966   70.00000   76  134   78.00000   41.00000  47.4%   168 9327s
 732571 408354   76.00000   58  123   78.00000   41.00000  47.4%   168 9379s
 735025 409591   74.00000   70   83   78.00000   41.00000  47.4%   168 9434s
 737266 411148   67.00000   54  228   78.00000   41.00000  47.4%   168 9493s
 739924 412699     cutoff   73        78.00000   41.00000  47.4%   168 9550s
 742583 414169   72.00000   88   89   78.00000   41.00000  47.4%   169 9608s
 745228 415716   71.00000   94  106   78.00000   41.00000  47.4%   169 9671s
 747903 417378   61.00000   56  167   78.00000   41.00000  47.4%   169 9727s
 750613 418709   72.00000   61  135   78.00000   41.00000  47.4%   169 9784s
 752370 418709   60.00000   60  175   78.00000   41.00000  47.4%   169 9785s
 753109 420259   56.00000   47  201   78.00000   41.00000  47.4%   169 9844s
 753459 420259 infeasible   60        78.00000   41.00000  47.4%   169 9845s
 755891 421704   72.00000   53  208   78.00000   41.00000  47.4%   169 9904s
 758515 423025   67.00000   78  121   78.00000   41.00000  47.4%   169 9966s
 760893 424761   52.00000   41  251   78.00000   41.00000  47.4%   169 10028s
 763905 426170   72.00000   63  193   78.00000   41.00000  47.4%   169 10087s
 766669 427816   73.00000   75   98   78.00000   41.00000  47.4%   169 10143s
 769396 429244   76.00000   66  155   78.00000   41.00000  47.4%   169 10201s
 772066 430718   77.00000   78   81   78.00000   41.00000  47.4%   169 10262s
 774842 432095   60.00000   50  206   78.00000   41.00000  47.4%   169 10321s
 777349 433624   47.00000   38  210   78.00000   41.00000  47.4%   169 10384s
 780079 435241   62.00000   71  166   78.00000   41.00000  47.4%   169 10446s
 782895 436488     cutoff   68        78.00000   41.00000  47.4%   169 10509s
 783800 436488 infeasible   62        78.00000   41.00000  47.4%   169 10510s
 785469 438026   54.00000   45  225   78.00000   41.00000  47.4%   169 10570s
 788191 439505   55.00000   44  196   78.00000   41.00000  47.4%   169 10631s
 790944 441109   77.00000   79   72   78.00000   41.00000  47.4%   169 10693s
 793768 442678   68.00000   57  166   78.00000   41.00000  47.4%   169 10751s
 796411 443606   74.00000   75  125   78.00000   41.00000  47.4%   169 10800s

Explored 798203 nodes (135113373 simplex iterations) in 10801.34 seconds (3404.98 work units)
Thread count was 18 (of 36 available processors)

Solution count 10: 78 79 80 ... 89

Time limit reached
Best objective 7.800000000000e+01, best bound 4.100000000000e+01, gap 47.4359%
