
Gurobi 11.0.0 (win64) logging started Sat May 18 08:59:17 2024

Set parameter LogFile to value "./Results/StripPacking-SequencePairBranchRuns/Logs/SBspbL-010-StripPacking-20.log"
Set parameter TimeLimit to value 10800
Set parameter Cuts to value 0
Set parameter Presolve to value 1
Set parameter Heuristics to value 0
Set parameter LPWarmStart to value 2
Gurobi Optimizer version 11.0.0 build v11.0.0rc2 (win64 - Windows 10.0 (19045.2))

CPU model: Intel(R) Core(TM) i9-10980XE CPU @ 3.00GHz, instruction set [SSE2|AVX|AVX2|AVX512]
Thread count: 18 physical cores, 36 logical processors, using up to 18 threads

Optimize a model with 12825 rows, 651 columns and 39650 nonzeros
Model fingerprint: 0x1375e1eb
Variable types: 51 continuous, 600 integer (600 binary)
Coefficient statistics:
  Matrix range     [1e+00, 1e+04]
  Objective range  [1e+00, 1e+00]
  Bounds range     [1e+00, 1e+04]
  RHS range        [5e-01, 1e+04]
Using branch priorities.

Warning: Completing partial solution with 600 unfixed non-continuous variables out of 600
User MIP start did not produce a new incumbent solution

Presolve removed 600 rows and 0 columns
Presolve time: 0.03s
Presolved: 12225 rows, 651 columns, 37850 nonzeros
Variable types: 51 continuous, 600 integer (600 binary)

Root relaxation: objective 3.600000e+01, 2712 iterations, 0.23 seconds (0.36 work units)
Another try with MIP start

    Nodes    |    Current Node    |     Objective Bounds      |     Work
 Expl Unexpl |  Obj  Depth IntInf | Incumbent    BestBd   Gap | It/Node Time

H    0     0                     118.0000000   36.00000  69.5%     -    1s
     0     0   36.00000    0  172  118.00000   36.00000  69.5%     -    1s
     0     0   36.00000    0  172  118.00000   36.00000  69.5%     -    1s
     0     2   36.00000    0  169  118.00000   36.00000  69.5%     -    2s
   649   669   66.00000   21  105  118.00000   36.00000  69.5%   185    5s
* 1561  1365              85     115.0000000   36.00000  68.7%   118    5s
* 1563  1309              86     113.0000000   36.00000  68.1%   118    5s
* 2273  1919              95     112.0000000   36.91569  67.0%  98.0    6s
  3030  2320   64.00000   22  161  112.00000   42.00000  62.5%  97.2   10s
* 3714  2633              70     111.0000000   42.00000  62.2%   100   12s
* 4830  3234              90     109.0000000   42.00000  61.5%  91.1   13s
* 5137  3065              96     108.0000000   42.00000  61.1%  88.4   13s
* 5231  2849             110     104.0000000   42.00000  59.6%  87.9   13s
* 5395  2607             104     102.0000000   42.00000  58.8%  87.0   13s
  6192  3057  101.00000   44   73  102.00000   42.00000  58.8%  88.0   15s
* 6289  2828              71     101.0000000   42.00000  58.4%  87.4   15s
* 6518  2434             110      98.0000000   42.00000  57.1%  86.3   15s
* 8398  3060              76      97.0000000   50.00000  48.5%  89.9   17s
* 8884  3166              76      96.0000000   50.00000  47.9%  90.7   18s
* 9076  2962              95      95.0000000   50.00000  47.4%  91.1   18s
* 9552  3053              84      94.0000000   50.00000  46.8%  92.4   19s
* 9609  2870              72      93.0000000   50.00000  46.2%  92.1   19s
  9986  3073   72.00000   33   80   93.00000   50.00000  46.2%  93.3   20s
 14201  5341   92.00000   61   37   93.00000   55.00000  40.9%  98.3   25s
*16789  6260              85      92.0000000   55.00000  40.2%   100   28s
 18136  7155   86.00000   49  121   92.00000   55.00000  40.2%   102   30s
*20033  7547              92      91.0000000   55.00000  39.6%   104   32s
*21184  7493             103      90.0000000   55.00000  38.9%   104   33s
*21191  6981             106      89.0000000   55.00000  38.2%   104   33s
 21943  7494   81.00000   48  118   89.00000   57.00000  36.0%   105   35s
 24980  9237   87.00000   66   42   89.00000   57.00000  36.0%   110   40s
 28960 11399   70.00000   37  187   89.00000   57.00000  36.0%   114   45s
 32392 13355   83.00000   53   50   89.00000   58.00000  34.8%   116   51s
 35471 14952 infeasible   72        89.00000   58.00000  34.8%   117   55s
 41399 17915   84.00000   34   72   89.00000   59.00000  33.7%   114   61s
 45745 20270   88.00000   57   47   89.00000   59.00000  33.7%   112   66s
 50298 22499   77.00000   40   98   89.00000   59.00000  33.7%   111   70s
 54787 24849   88.00000   54   19   89.00000   59.00000  33.7%   109   75s
*58957 23638              87      88.0000000   59.00000  33.0%   108   79s
 61077 24505   81.00000   51  118   88.00000   59.00000  33.0%   107   81s
 65387 26499 infeasible   66        88.00000   59.00000  33.0%   106   86s
 69722 28810   63.00000   46  172   88.00000   59.00000  33.0%   106   91s
*72843 26533              84      87.0000000   59.00000  32.2%   105   94s
 74410 27339   66.00000   43  120   87.00000   59.00000  32.2%   105   96s
 78660 29859   82.00000   49   67   87.00000   59.00000  32.2%   105  101s
 83598 32211   85.00000   57   34   87.00000   59.00000  32.2%   105  107s
 88271 34425   79.00000   47   70   87.00000   59.00000  32.2%   105  112s
 90538 35738 infeasible   47        87.00000   59.00000  32.2%   105  115s
 95281 38027   86.00000   56   26   87.00000   59.00000  32.2%   105  120s
 100388 40118   77.00000   54   26   87.00000   59.00000  32.2%   104  126s
 105315 42151   84.00000   68   42   87.00000   59.00000  32.2%   104  131s
 109799 44427   59.00000   32  145   87.00000   59.00000  32.2%   104  136s
 114450 46873   78.00000   42   78   87.00000   59.00000  32.2%   103  142s
 119142 49344   85.00000   58   34   87.00000   59.00000  32.2%   104  147s
 121510 50555   82.00000   47   83   87.00000   59.00000  32.2%   104  150s
 126871 52999 infeasible   65        87.00000   59.00000  32.2%   103  156s
 131869 55411   80.00000   45   67   87.00000   59.00000  32.2%   103  162s
 134467 56495   82.00000   58   45   87.00000   59.00000  32.2%   103  165s
 138913 58804 infeasible   62        87.00000   59.00000  32.2%   103  171s
 143995 61455   74.00000   32  113   87.00000   59.00000  32.2%   104  177s
 146510 62663 infeasible   83        87.00000   59.00000  32.2%   104  180s
 151465 64939   83.00000   50   91   87.00000   59.00000  32.2%   104  186s
 156252 67125   75.00000   46   82   87.00000   59.00000  32.2%   104  191s
 159333 68173   85.00000   61   53   87.00000   59.00000  32.2%   104  195s
 163307 70491   85.00000   57   61   87.00000   59.00000  32.2%   104  200s
 168213 73351   86.00000   65   18   87.00000   59.00000  32.2%   104  207s
 171115 74723 infeasible   55        87.00000   59.00000  32.2%   104  210s
 175790 76973   84.00000   53   60   87.00000   59.00000  32.2%   104  215s
 180528 79126     cutoff   54        87.00000   59.00000  32.2%   104  221s
 185466 81895   80.00000   56   55   87.00000   59.00000  32.2%   104  227s
 188057 82929   77.00000   36  116   87.00000   59.00000  32.2%   104  230s
 192742 85009   59.00000   37  136   87.00000   59.00000  32.2%   105  236s
 197452 87340   67.00000   54   60   87.00000   59.00000  32.2%   105  242s
 199848 88485   82.00000   51  110   87.00000   59.00000  32.2%   105  245s
 205124 90808   81.00000   46   84   87.00000   59.00000  32.2%   105  251s
*209544 68841              75      85.0000000   59.00000  30.6%   104  254s
 210080 69437   80.00000   41  119   85.00000   59.00000  30.6%   104  256s
 213998 71106   84.00000   52   17   85.00000   59.00000  30.6%   105  261s
 217788 72771   83.00000   51   34   85.00000   59.00000  30.6%   105  266s
 221480 74266   64.00000   36  170   85.00000   59.00000  30.6%   106  272s
 223413 75231   79.00000   36   83   85.00000   59.00000  30.6%   106  275s
 227322 76938   83.00000   50  104   85.00000   59.00000  30.6%   106  280s
 232140 79227   82.00000   52   83   85.00000   59.00000  30.6%   107  287s
 234552 80403   76.00000   47   95   85.00000   59.00000  30.6%   107  291s
 239588 82205   76.00000   43  100   85.00000   59.00000  30.6%   108  297s
 241538 83498   66.00000   60   62   85.00000   59.00000  30.6%   108  300s
 246344 85535 infeasible   62        85.00000   59.00000  30.6%   108  307s
 248797 86563 infeasible   47        85.00000   59.00000  30.6%   108  310s
 253249 88246   59.00000   37  128   85.00000   59.00000  30.6%   109  316s
 257781 90016   59.00000   50  144   85.00000   59.00000  30.6%   109  322s
 260030 91023   69.00000   42  114   85.00000   59.00000  30.6%   109  325s
 264556 92951   73.00000   39  131   85.00000   59.00000  30.6%   109  331s
 268855 94495 infeasible   64        85.00000   59.00000  30.6%   110  337s
 272833 96271   76.00000   44  116   85.00000   59.00000  30.6%   110  342s
 274785 97393   75.00000   41  138   85.00000   59.00000  30.6%   110  345s
 279157 99310   69.00000   46  115   85.00000   59.00000  30.6%   111  352s
 281273 100262   83.00000   51  104   85.00000   59.00000  30.6%   111  355s
 285410 102234   69.00000   41  114   85.00000   59.00000  30.6%   112  361s
 287240 103225 infeasible   52        85.00000   59.00000  30.6%   112  365s
 291347 104791 infeasible   62        85.00000   59.00000  30.6%   113  371s
 295072 106426   73.00000   45  114   85.00000   59.00000  30.6%   113  377s
 297536 107418 infeasible   44        85.00000   59.00000  30.6%   114  380s
 301969 109254   76.00000   42  163   85.00000   59.00000  30.6%   114  386s
 304100 110121   75.00000   55  136   85.00000   59.00000  30.6%   114  390s
 308279 111836   81.00000   51   79   85.00000   59.00000  30.6%   114  395s
 312058 113816   84.00000   57   27   85.00000   59.00000  30.6%   115  401s
 315923 115552     cutoff   53        85.00000   59.00000  30.6%   115  407s
 317560 116709 infeasible   48        85.00000   59.00000  30.6%   115  411s
 322071 118783   69.00000   44  130   85.00000   59.00000  30.6%   116  418s
 324336 120066   79.00000   48   81   85.00000   59.00000  30.6%   116  421s
 326899 121155     cutoff   45        85.00000   59.00000  30.6%   116  425s
 331183 122996   72.00000   42  129   85.00000   59.00000  30.6%   117  432s
 333205 123992   83.00000   52   48   85.00000   59.00000  30.6%   117  435s
 337661 125577   69.00000   38  112   85.00000   59.00000  30.6%   118  442s
 338929 126926   78.00000   38   82   85.00000   59.00000  30.6%   118  447s
 341837 127881   69.00000   38  113   85.00000   59.00000  30.6%   118  451s
 344359 129054   76.00000   53   74   85.00000   59.00000  30.6%   119  455s
 349751 131503 infeasible   62        85.00000   59.00000  30.6%   119  462s
 352393 132638 infeasible   51        85.00000   59.00000  30.6%   119  466s
 357079 134711   77.00000   39  120   85.00000   59.00000  30.6%   119  473s
 359494 135536   84.00000   56   47   85.00000   59.00000  30.6%   120  476s
 363592 137471   84.00000   53   34   85.00000   59.00000  30.6%   120  482s
 365528 138492   84.00000   47  104   85.00000   59.00000  30.6%   120  486s
 370236 140789   77.00000   60   80   85.00000   59.00000  30.6%   120  493s
 372831 141658   74.00000   49  130   85.00000   59.00000  30.6%   120  496s
 376934 143560   76.00000   42   84   85.00000   59.00000  30.6%   121  502s
 379288 144513 infeasible   57        85.00000   59.00000  30.6%   121  506s
 383568 146472   77.00000   52   57   85.00000   59.00000  30.6%   121  512s
 387843 148247   84.00000   68   20   85.00000   59.00000  30.6%   121  517s
 389752 148921   74.00000   46  112   85.00000   59.00000  30.6%   121  520s
 393208 150598   78.00000   52  112   85.00000   59.00000  30.6%   121  526s
 397622 152455   82.00000   53   81   85.00000   59.00000  30.6%   122  532s
 399848 153146   63.00000   41  208   85.00000   59.00000  30.6%   122  535s
 403412 154777   81.00000   53   95   85.00000   59.00000  30.6%   122  540s
 407046 156405   84.00000   47   85   85.00000   59.00000  30.6%   122  546s
 410829 158140   78.00000   53   92   85.00000   59.00000  30.6%   122  552s
 412698 158950   84.00000   55   61   85.00000   59.00000  30.6%   123  556s
 416690 160640   74.00000   52   84   85.00000   59.00000  30.6%   123  562s
 418532 161572   76.00000   46  108   85.00000   59.00000  30.6%   123  565s
 422456 163048   59.00000   37  170   85.00000   59.00000  30.6%   123  571s
 424309 163872   81.00000   55   62   85.00000   59.00000  30.6%   124  575s
 427715 165516   80.00000   43   99   85.00000   59.00000  30.6%   124  580s
 431611 167175   79.00000   42   68   85.00000   59.00000  30.6%   124  586s
 435274 168776   77.00000   41  100   85.00000   59.00000  30.6%   124  592s
 437210 169422 infeasible   44        85.00000   59.00000  30.6%   125  595s
 441018 171528   84.00000   55   66   85.00000   59.00000  30.6%   125  602s
 443794 172502   84.00000   57   21   85.00000   59.00000  30.6%   125  605s
 449686 175219   78.00000   48   70   85.00000   60.00000  29.4%   124  614s
 453258 176072   82.00000   58   35   85.00000   60.00000  29.4%   124  617s
 457959 177851   77.00000   43   66   85.00000   60.00000  29.4%   124  622s
 460324 178744   83.00000   59   45   85.00000   60.00000  29.4%   124  625s
 465325 180835   81.00000   61   39   85.00000   60.00000  29.4%   123  631s
 470447 182760   78.00000   58   75   85.00000   60.00000  29.4%   123  636s
 472824 184153   81.00000   68   27   85.00000   60.00000  29.4%   123  641s
 478460 185986   84.00000   71   73   85.00000   60.00000  29.4%   122  647s
 481025 187073   71.00000   44  102   85.00000   60.00000  29.4%   122  650s
 486084 188870   79.00000   64   41   85.00000   60.00000  29.4%   122  655s
 490953 190850   79.00000   59   58   85.00000   60.00000  29.4%   122  661s
 495669 192953   79.00000   63   54   85.00000   60.00000  29.4%   121  668s
 498325 194048 infeasible   58        85.00000   60.00000  29.4%   121  671s
 503446 195861 infeasible   69        85.00000   60.00000  29.4%   121  677s
 505834 196901   78.00000   48   67   85.00000   60.00000  29.4%   121  680s
 510945 198786   71.00000   65   43   85.00000   60.00000  29.4%   121  686s
 515340 200867   83.00000   67   32   85.00000   60.00000  29.4%   121  692s
 517756 202013 infeasible   68        85.00000   60.00000  29.4%   121  696s
 523089 203652   81.00000   71   50   85.00000   60.00000  29.4%   120  702s
 527050 205419 infeasible   52        85.00000   60.00000  29.4%   120  707s
 529067 206397 infeasible   42        85.00000   60.00000  29.4%   120  710s
 533314 208214   82.00000   57   82   85.00000   60.00000  29.4%   120  716s
 538013 210718 infeasible   70        85.00000   60.00000  29.4%   120  722s
 540367 211977   80.00000   46   52   85.00000   60.00000  29.4%   120  726s
 545355 214135 infeasible   54        85.00000   60.00000  29.4%   120  732s
 547735 215313   80.00000   44   94   85.00000   60.00000  29.4%   120  736s
 552380 217666   82.00000   45  118   85.00000   60.00000  29.4%   120  742s
 555003 218709 infeasible   47        85.00000   60.00000  29.4%   120  746s
 560000 221102   77.00000   47   96   85.00000   60.00000  29.4%   120  753s
 562709 222423 infeasible   50        85.00000   60.00000  29.4%   120  757s
 565422 223481   60.00000   41  132   85.00000   60.00000  29.4%   120  761s
 570495 225783   78.00000   41   95   85.00000   60.00000  29.4%   120  768s
 573186 226796 infeasible   40        85.00000   60.00000  29.4%   120  772s
 575540 228028 infeasible   49        85.00000   60.00000  29.4%   120  775s
 578139 229273   75.00000   45   68   85.00000   60.00000  29.4%   120  780s
 583773 231907   78.00000   50   83   85.00000   60.00000  29.4%   120  787s
 586484 233167   77.00000   50   89   85.00000   60.00000  29.4%   120  791s
 589209 234311   60.00000   53  162   85.00000   60.00000  29.4%   120  795s
 594141 236630   84.00000   53  105   85.00000   60.00000  29.4%   120  803s
 596697 237732   79.00000   43   39   85.00000   60.00000  29.4%   120  807s
 599240 238849   83.00000   62   78   85.00000   60.00000  29.4%   120  811s
 601750 240157   60.00000   33  152   85.00000   60.00000  29.4%   120  815s
 604644 241492   78.00000   53   64   85.00000   60.00000  29.4%   120  820s
 610175 243838   70.00000   63   92   85.00000   60.00000  29.4%   120  828s
 612738 245120   79.00000   58   65   85.00000   60.00000  29.4%   120  832s
 615467 246296   83.00000   58   33   85.00000   60.00000  29.4%   120  836s
 618212 247455   84.00000   54   29   85.00000   60.00000  29.4%   120  840s
 623369 249656   82.00000   54   70   85.00000   60.00000  29.4%   120  848s
 626024 250841 infeasible   75        85.00000   60.00000  29.4%   120  852s
 628582 251953   84.00000   65   39   85.00000   60.00000  29.4%   120  856s
 631219 252994   73.00000   45  140   85.00000   60.00000  29.4%   120  860s
 636227 255137     cutoff   45        85.00000   60.00000  29.4%   121  868s
 639243 256662   83.00000   56   37   85.00000   60.00000  29.4%   121  873s
 642524 258049   80.00000   42   80   85.00000   60.00000  29.4%   121  877s
 645444 259295 infeasible   49        85.00000   60.00000  29.4%   121  881s
 648190 260301   79.00000   44  134   85.00000   60.00000  29.4%   121  885s
 653529 262720   75.00000   40  101   85.00000   60.00000  29.4%   120  892s
 655986 263797 infeasible   45        85.00000   60.00000  29.4%   121  896s
 658446 264827   79.00000   56   50   85.00000   60.00000  29.4%   121  900s
 661018 266074   77.00000   46  136   85.00000   60.00000  29.4%   121  905s
 666676 269171   70.00000   50  109   85.00000   60.00000  29.4%   121  914s
 670191 270700 infeasible   66        85.00000   60.00000  29.4%   121  918s
 673423 271930   70.00000   51  106   85.00000   60.00000  29.4%   121  922s
 676460 273208   80.00000   51   75   85.00000   60.00000  29.4%   120  926s
 678959 274177   60.00000   50  166   85.00000   60.00000  29.4%   120  930s
 684038 276237   84.00000   64   27   85.00000   60.00000  29.4%   121  938s
 686539 277419   64.00000   37  153   85.00000   60.00000  29.4%   121  942s
 689240 278694   82.00000   52   46   85.00000   60.00000  29.4%   121  947s
 692108 279999   77.00000   49  119   85.00000   60.00000  29.4%   121  951s
 694941 280990   84.00000   52   63   85.00000   60.00000  29.4%   121  955s
 697479 282029   84.00000   48   66   85.00000   60.00000  29.4%   121  960s
 703072 284493   83.00000   63   60   85.00000   60.00000  29.4%   121  969s
 705655 285549 infeasible   71        85.00000   60.00000  29.4%   121  973s
 708179 286746 infeasible   46        85.00000   60.00000  29.4%   121  977s
 711133 287856   83.00000   61   42   85.00000   60.00000  29.4%   121  981s
 713640 288968   78.00000   38  105   85.00000   60.00000  29.4%   121  985s
 718631 291244   78.00000   68   71   85.00000   60.00000  29.4%   121  993s
 721406 292376   83.00000   56   41   85.00000   60.00000  29.4%   121  997s
 724045 293592   76.00000   44  171   85.00000   60.00000  29.4%   121 1002s
 726919 294630   81.00000   45  119   85.00000   60.00000  29.4%   121 1006s
 729512 295828   77.00000   44  128   85.00000   60.00000  29.4%   121 1010s
 734930 298052   84.00000   57   28   85.00000   60.00000  29.4%   121 1018s
 737441 299132   77.00000   53   81   85.00000   60.00000  29.4%   121 1022s
 739895 300320   63.00000   45  124   85.00000   60.00000  29.4%   121 1026s
 742578 301259   84.00000   49  144   85.00000   60.00000  29.4%   121 1031s
 745190 302305   84.00000   49   49   85.00000   60.00000  29.4%   121 1035s
 750424 304650   76.00000   50  116   85.00000   60.00000  29.4%   122 1043s
 753032 305824   78.00000   57   80   85.00000   60.00000  29.4%   122 1048s
 755839 306808   84.00000   58   20   85.00000   60.00000  29.4%   122 1052s
 758328 307895   84.00000   51   42   85.00000   60.00000  29.4%   122 1056s
 760730 309301 infeasible   55        85.00000   60.00000  29.4%   122 1060s
 765953 311365   79.00000   45  109   85.00000   60.00000  29.4%   122 1068s
 768635 312363 infeasible   67        85.00000   60.00000  29.4%   122 1072s
 771109 313349   79.00000   35   98   85.00000   60.00000  29.4%   122 1076s
 773850 314433   72.00000   41  123   85.00000   60.00000  29.4%   122 1080s
 776191 315726   77.00000   46  121   85.00000   60.00000  29.4%   122 1085s
 781474 318200 infeasible   55        85.00000   60.00000  29.4%   122 1093s
 784069 319428 infeasible   58        85.00000   60.00000  29.4%   122 1098s
 786758 320558 infeasible   51        85.00000   60.00000  29.4%   122 1102s
 789365 321938   76.00000   48   94   85.00000   60.00000  29.4%   122 1107s
 792431 323134   84.00000   65   23   85.00000   60.00000  29.4%   122 1111s
 795240 324269   66.00000   46  110   85.00000   60.00000  29.4%   122 1116s
 798145 325286 infeasible   41        85.00000   60.00000  29.4%   122 1120s
 800443 326545   77.00000   55   60   85.00000   60.00000  29.4%   123 1125s
 806288 328911 infeasible   53        85.00000   60.00000  29.4%   123 1134s
 809088 330270   81.00000   55   40   85.00000   60.00000  29.4%   123 1139s
 812100 331505   84.00000   54   76   85.00000   60.00000  29.4%   123 1143s
 814805 332692   60.00000   34  140   85.00000   60.00000  29.4%   123 1147s
 817578 333792     cutoff   61        85.00000   60.00000  29.4%   123 1151s
 820268 334877   82.00000   64   68   85.00000   60.00000  29.4%   123 1155s
 822615 336072 infeasible   66        85.00000   60.00000  29.4%   123 1161s
 825639 337179   73.00000   42  110   85.00000   60.00000  29.4%   123 1165s
 831002 339514   77.00000   52  173   85.00000   60.00000  29.4%   123 1173s
 833589 340489   81.00000   42   94   85.00000   60.00000  29.4%   123 1178s
 836431 341786   84.00000   59   53   85.00000   60.00000  29.4%   123 1182s
 839092 342970   69.00000   43  115   85.00000   60.00000  29.4%   123 1186s
 841614 344631   84.00000   52   94   85.00000   60.00000  29.4%   123 1191s
 844964 345660   71.00000   42  128   85.00000   60.00000  29.4%   123 1196s
 849048 346652   82.00000   47   48   85.00000   60.00000  29.4%   123 1200s
 852587 349022   81.00000   52   99   85.00000   60.00000  29.4%   123 1208s
 855270 350271   84.00000   63   23   85.00000   60.00000  29.4%   123 1213s
 858480 351173   79.00000   51  108   85.00000   60.00000  29.4%   123 1217s
 861167 352361   80.00000   47  167   85.00000   60.00000  29.4%   123 1221s
 863735 353634   76.00000   46  102   85.00000   60.00000  29.4%   123 1225s
 868722 355500   84.00000   52   70   85.00000   60.00000  29.4%   123 1234s
 871252 356556   83.00000   46  115   85.00000   60.00000  29.4%   123 1237s
 873600 357950   79.00000   41  164   85.00000   60.00000  29.4%   123 1242s
 876512 359268   81.00000   48   74   85.00000   60.00000  29.4%   123 1247s
 879414 360516   75.00000   42  109   85.00000   60.00000  29.4%   123 1252s
 882417 361605   77.00000   45  107   85.00000   60.00000  29.4%   123 1256s
 884984 362833   79.00000   40  139   85.00000   60.00000  29.4%   123 1260s
 887716 363876   83.00000   42   94   85.00000   60.00000  29.4%   123 1265s
 892748 365660   77.00000   47   63   85.00000   60.00000  29.4%   123 1273s
 894970 366885   60.00000   41  141   85.00000   60.00000  29.4%   123 1278s
 897850 368041   83.00000   48  113   85.00000   60.00000  29.4%   123 1283s
 900662 369091   79.00000   48   91   85.00000   60.00000  29.4%   123 1287s
 903486 370044 infeasible   49        85.00000   60.00000  29.4%   123 1292s
 905887 371083   79.00000   49   72   85.00000   60.00000  29.4%   123 1296s
 908460 372183   78.00000   48   85   85.00000   60.00000  29.4%   123 1300s
 913209 374135   81.00000   40   66   85.00000   60.00000  29.4%   123 1307s
 915479 375050   79.00000   51  111   85.00000   60.00000  29.4%   124 1311s
 917584 376119   71.00000   56   80   85.00000   60.00000  29.4%   124 1315s
 920044 377288   79.00000   51   72   85.00000   60.00000  29.4%   124 1320s
 925146 379391   79.00000   58   67   85.00000   60.00000  29.4%   124 1328s
 927502 380358 infeasible   56        85.00000   60.00000  29.4%   124 1332s
 929903 381342   82.00000   56  101   85.00000   60.00000  29.4%   124 1336s
 932176 382136 infeasible   48        85.00000   60.00000  29.4%   124 1340s
 936641 383580   84.00000   54   54   85.00000   60.00000  29.4%   124 1348s
 938628 384374   82.00000   55   45   85.00000   60.00000  29.4%   124 1351s
 940434 385322   81.00000   43   72   85.00000   60.00000  29.4%   124 1355s
 944858 387033   72.00000   49  125   85.00000   60.00000  29.4%   124 1363s
 947007 388055   69.00000   56  110   85.00000   60.00000  29.4%   124 1367s
 949327 388869 infeasible   57        85.00000   60.00000  29.4%   124 1371s
 951699 389734   82.00000   43   80   85.00000   60.00000  29.4%   124 1375s
 955898 390907   84.00000   59   58   85.00000   60.00000  29.4%   124 1380s
 958607 392746   82.00000   49   99   85.00000   60.00000  29.4%   124 1387s
 960631 393383   81.00000   47   65   85.00000   60.00000  29.4%   124 1390s
 964199 394938   82.00000   69   68   85.00000   60.00000  29.4%   125 1397s
 966182 395633   83.00000   54   74   85.00000   60.00000  29.4%   125 1400s
 970256 397301   79.00000   57   66   85.00000   60.00000  29.4%   125 1408s
 972332 398153   60.00000   57  157   85.00000   60.00000  29.4%   125 1411s
 974375 398905 infeasible   57        85.00000   60.00000  29.4%   125 1415s
 978201 400601 infeasible   48        85.00000   60.00000  29.4%   125 1423s
 980668 401513   83.00000   65   28   85.00000   60.00000  29.4%   125 1428s
 983102 402686   79.00000   62   70   85.00000   61.00000  28.2%   125 1436s
 986482 403670 infeasible   64        85.00000   61.00000  28.2%   125 1442s
 989610 404546 infeasible   71        85.00000   61.00000  28.2%   125 1447s
 992431 405585 infeasible   62        85.00000   61.00000  28.2%   125 1452s
 995021 406624 infeasible   65        85.00000   61.00000  28.2%   125 1456s
 997467 407522     cutoff   36        85.00000   61.00000  28.2%   124 1461s
 1000017 408570 infeasible   65        85.00000   61.00000  28.2%   124 1466s
 1002819 409484   79.00000   63   48   85.00000   61.00000  28.2%   124 1471s
 1005432 410852 infeasible   71        85.00000   61.00000  28.2%   124 1478s
 1008915 411665   61.00000   41   70   85.00000   61.00000  28.2%   124 1483s
 1011562 412345   76.00000   47   54   85.00000   61.00000  28.2%   124 1487s
 1013913 413275   84.00000   58   38   85.00000   61.00000  28.2%   124 1492s
 1016631 414251     cutoff   75        85.00000   61.00000  28.2%   124 1497s
 1019355 415269     cutoff   67        85.00000   61.00000  28.2%   124 1502s
 1022016 416433 infeasible   58        85.00000   61.00000  28.2%   124 1508s
 1024840 417600 infeasible   81        85.00000   61.00000  28.2%   124 1513s
 1027473 418987   76.00000   59   42   85.00000   61.00000  28.2%   124 1519s
 1030613 420063 infeasible   61        85.00000   61.00000  28.2%   124 1525s
 1033663 421190   79.00000   72   54   85.00000   61.00000  28.2%   124 1531s
 1036629 422237     cutoff   43        85.00000   61.00000  28.2%   124 1536s
 1039503 423103   82.00000   55   30   85.00000   61.00000  28.2%   124 1542s
 1042257 424014 infeasible   70        85.00000   61.00000  28.2%   124 1546s
 1044709 424973 infeasible   73        85.00000   61.00000  28.2%   124 1551s
 1047336 425925   79.00000   54   98   85.00000   61.00000  28.2%   124 1555s
 1049745 427153   80.00000   43   76   85.00000   61.00000  28.2%   124 1562s
 1052930 427850 infeasible   53        85.00000   61.00000  28.2%   124 1567s
 1055195 429033   84.00000   71   32   85.00000   61.00000  28.2%   124 1573s
 1058171 430027   83.00000   57   39   85.00000   61.00000  28.2%   123 1578s
 1060919 431088   61.00000   54   82   85.00000   61.00000  28.2%   123 1584s
 1063842 432279   81.00000   66   30   85.00000   61.00000  28.2%   123 1590s
 1066905 433267   83.00000   74   38   85.00000   61.00000  28.2%   123 1596s
 1069670 434290   80.00000   68   58   85.00000   61.00000  28.2%   123 1603s
 1072770 435625   77.00000   44   62   85.00000   61.00000  28.2%   123 1610s
 1076066 436893   73.00000   45   80   85.00000   61.00000  28.2%   123 1616s
 1078909 437912   68.00000   59   70   85.00000   61.00000  28.2%   123 1621s
 1081577 438915   82.00000   64   40   85.00000   61.00000  28.2%   123 1626s
 1084106 440077   83.00000   66   58   85.00000   61.00000  28.2%   123 1630s
 1086667 441148     cutoff   44        85.00000   61.00000  28.2%   123 1636s
 1089600 442029     cutoff   52        85.00000   61.00000  28.2%   123 1642s
 1092278 443053   84.00000   71   23   85.00000   61.00000  28.2%   123 1648s
 1095074 444272   82.00000   47   60   85.00000   61.00000  28.2%   123 1655s
 1098199 445121   65.00000   45   74   85.00000   61.00000  28.2%   123 1660s
 1100884 446256 infeasible   62        85.00000   61.00000  28.2%   123 1666s
 1103701 447227   74.00000   66   77   85.00000   61.00000  28.2%   123 1671s
 1106323 448457 infeasible   58        85.00000   61.00000  28.2%   123 1677s
 1109169 449576   63.00000   46  125   85.00000   61.00000  28.2%   123 1682s
 1111742 450940   83.00000   47   85   85.00000   61.00000  28.2%   123 1689s
 1114784 451905   80.00000   60   55   85.00000   61.00000  28.2%   123 1694s
 1117333 453255   83.00000   56   37   85.00000   61.00000  28.2%   123 1702s
 1120516 454305 infeasible   58        85.00000   61.00000  28.2%   123 1707s
 1123018 455429   83.00000   67   24   85.00000   61.00000  28.2%   123 1713s
 1125809 456414   83.00000   45   74   85.00000   61.00000  28.2%   122 1719s
 1128317 457488   80.00000   45   93   85.00000   61.00000  28.2%   122 1725s
 1130976 458424   73.00000   42   52   85.00000   61.00000  28.2%   122 1730s
 1133518 459399   78.00000   57   87   85.00000   61.00000  28.2%   122 1737s
 1136315 460306 infeasible   59        85.00000   61.00000  28.2%   122 1742s
 1138880 461201   77.00000   43   73   85.00000   61.00000  28.2%   122 1747s
 1141196 462316   84.00000   42   48   85.00000   61.00000  28.2%   122 1754s
 1143963 463356   74.00000   43   56   85.00000   61.00000  28.2%   122 1761s
 1146778 464477   82.00000   58   64   85.00000   61.00000  28.2%   122 1769s
 1149802 465685 infeasible   51        85.00000   61.00000  28.2%   122 1775s
 1152784 466825   80.00000   63   53   85.00000   61.00000  28.2%   122 1782s
 1155692 467913 infeasible   49        85.00000   61.00000  28.2%   122 1788s
 1158372 468807   83.00000   46   75   85.00000   61.00000  28.2%   122 1794s
 1160773 469762   84.00000   45   68   85.00000   61.00000  28.2%   122 1800s
 1163518 470810 infeasible   68        85.00000   61.00000  28.2%   122 1808s
 1166561 471545 infeasible   54        85.00000   61.00000  28.2%   122 1814s
 1169138 472455   83.00000   35   55   85.00000   61.00000  28.2%   122 1820s
 1171650 473590   62.00000   50   88   85.00000   61.00000  28.2%   122 1826s
 1174328 474544   82.00000   68   35   85.00000   61.00000  28.2%   122 1834s
 1177310 475699 infeasible   64        85.00000   61.00000  28.2%   122 1840s
 1180147 476876   79.00000   58   75   85.00000   61.00000  28.2%   122 1846s
 1182779 477963   79.00000   68   34   85.00000   61.00000  28.2%   122 1853s
 1185441 479027     cutoff   46        85.00000   61.00000  28.2%   122 1859s
 1188020 480110 infeasible   48        85.00000   61.00000  28.2%   122 1866s
 1190788 481110   79.00000   38   98   85.00000   61.00000  28.2%   122 1873s
 1193702 482403   83.00000   43   72   85.00000   61.00000  28.2%   122 1881s
 1196686 483609   79.00000   56   43   85.00000   61.00000  28.2%   122 1891s
 1199945 484891     cutoff   59        85.00000   61.00000  28.2%   122 1902s
 1203426 485923 infeasible   54        85.00000   61.00000  28.2%   122 1910s
 1206361 486828   84.00000   66   27   85.00000   61.00000  28.2%   122 1919s
 1209143 487912     cutoff   57        85.00000   61.00000  28.2%   122 1928s
 1212195 488989 infeasible   52        85.00000   61.00000  28.2%   122 1934s
 1215011 489992   68.00000   56   66   85.00000   61.00000  28.2%   122 1941s
 1217860 491003 infeasible   66        85.00000   61.00000  28.2%   122 1948s
 1220698 492047 infeasible   56        85.00000   61.00000  28.2%   122 1956s
 1223530 492887   78.00000   74   82   85.00000   61.00000  28.2%   122 1963s
 1226199 493756   80.00000   44   67   85.00000   61.00000  28.2%   122 1969s
 1228458 494698 infeasible   44        85.00000   61.00000  28.2%   122 1976s
 1231061 495769   78.00000   49  111   85.00000   61.00000  28.2%   122 1983s
 1233999 496834   80.00000   63   88   85.00000   61.00000  28.2%   122 1990s
 1236662 497881   81.00000   72   36   85.00000   61.00000  28.2%   122 1997s
 1239452 499127   76.00000   42  102   85.00000   61.00000  28.2%   122 2005s
 1242351 500198   78.00000   75   28   85.00000   61.00000  28.2%   122 2015s
 1245090 501010   81.00000   50   35   85.00000   61.00000  28.2%   122 2021s
 1247713 501933     cutoff   63        85.00000   61.00000  28.2%   122 2029s
 1250614 502999   78.00000   61   61   85.00000   61.00000  28.2%   122 2039s
 1253760 504114   76.00000   45  111   85.00000   61.00000  28.2%   122 2049s
 1256831 505121 infeasible   45        85.00000   61.00000  28.2%   122 2056s
 1259447 506163 infeasible   49        85.00000   61.00000  28.2%   122 2063s
 1262150 507131   73.00000   52   66   85.00000   61.00000  28.2%   122 2068s
 1264485 508425 infeasible   52        85.00000   61.00000  28.2%   122 2077s
 1267616 509796 infeasible   51        85.00000   61.00000  28.2%   121 2088s
 1270854 511059   80.00000   52   43   85.00000   61.00000  28.2%   121 2097s
 1273812 512046   71.00000   43   77   85.00000   61.00000  28.2%   121 2102s
 1276255 513144   79.00000   48  133   85.00000   61.00000  28.2%   121 2111s
 1278953 514312   82.00000   37   72   85.00000   61.00000  28.2%   121 2118s
 1281690 515475 infeasible   51        85.00000   61.00000  28.2%   121 2125s
 1284435 516616 infeasible   46        85.00000   61.00000  28.2%   121 2131s
 1286979 517570 infeasible   55        85.00000   61.00000  28.2%   121 2137s
 1289477 518530   84.00000   47   64   85.00000   61.00000  28.2%   121 2144s
 1292205 519526 infeasible   49        85.00000   61.00000  28.2%   121 2152s
 1294801 520596   81.00000   51   55   85.00000   61.00000  28.2%   121 2160s
 1297639 521762 infeasible   56        85.00000   61.00000  28.2%   121 2169s
 1300626 522846     cutoff   56        85.00000   61.00000  28.2%   121 2177s
 1303358 523744   84.00000   36   83   85.00000   61.00000  28.2%   121 2182s
 1305685 524728   61.00000   40  117   85.00000   61.00000  28.2%   121 2191s
 1308460 525514   84.00000   55   52   85.00000   61.00000  28.2%   121 2199s
 1311100 526469     cutoff   50        85.00000   61.00000  28.2%   121 2207s
 1313802 527484   80.00000   47   62   85.00000   61.00000  28.2%   121 2216s
 1316640 528543   83.00000   41   44   85.00000   61.00000  28.2%   121 2225s
 1319549 529512   64.00000   44  119   85.00000   61.00000  28.2%   121 2234s
 1322274 530729   74.00000   47   77   85.00000   61.00000  28.2%   121 2244s
 1325126 530729   70.00000   65   56   85.00000   61.00000  28.2%   121 2245s
 1325256 531970   61.00000   49  144   85.00000   61.00000  28.2%   121 2253s
 1328016 533050   83.00000   55   35   85.00000   61.00000  28.2%   121 2262s
 1330958 534191   81.00000   49   60   85.00000   61.00000  28.2%   121 2273s
 1333921 535482     cutoff   55        85.00000   61.00000  28.2%   121 2281s
 1336928 536505   76.00000   52   67   85.00000   61.00000  28.2%   121 2289s
 1339493 537630 infeasible   73        85.00000   61.00000  28.2%   121 2298s
 1342244 538665 infeasible   51        85.00000   61.00000  28.2%   121 2306s
 1344968 540025     cutoff   58        85.00000   61.00000  28.2%   121 2317s
 1348094 541206   79.00000   60   56   85.00000   61.00000  28.2%   121 2324s
 1350659 542215   80.00000   53   35   85.00000   61.00000  28.2%   121 2332s
 1353228 543240   61.00000   38  148   85.00000   61.00000  28.2%   121 2339s
 1355588 544214   84.00000   51   63   85.00000   61.00000  28.2%   121 2348s
 1358285 545051   82.00000   54   61   85.00000   61.00000  28.2%   121 2355s
 1360928 546198 infeasible   76        85.00000   61.00000  28.2%   121 2363s
 1363703 546989     cutoff   56        85.00000   61.00000  28.2%   121 2369s
 1365969 548130   79.00000   52   56   85.00000   61.00000  28.2%   121 2379s
 1368836 549299   79.00000   57   66   85.00000   61.00000  28.2%   121 2390s
 1371609 550427   61.00000   52  129   85.00000   61.00000  28.2%   121 2399s
 1374313 551399   61.00000   47  125   85.00000   61.00000  28.2%   121 2407s
 1376869 552392   61.00000   44  110   85.00000   61.00000  28.2%   121 2414s
 1379379 553375 infeasible   53        85.00000   61.00000  28.2%   121 2422s
 1381864 554256   69.00000   36  109   85.00000   61.00000  28.2%   121 2430s
 1384485 555218   61.00000   35  124   85.00000   61.00000  28.2%   121 2438s
 1386958 556176   82.00000   54   72   85.00000   61.00000  28.2%   121 2444s
 1389315 557276   69.00000   48   84   85.00000   61.00000  28.2%   121 2454s
 1392361 558544   79.00000   46  111   85.00000   61.00000  28.2%   121 2467s
 1395596 559662   61.00000   55   70   85.00000   61.00000  28.2%   121 2477s
 1398405 560485   80.00000   66   37   85.00000   61.00000  28.2%   121 2485s
 1400853 561237     cutoff   58        85.00000   61.00000  28.2%   121 2492s
 1403188 562203 infeasible   52        85.00000   61.00000  28.2%   121 2500s
 1405684 563228   73.00000   57   65   85.00000   61.00000  28.2%   121 2508s
 1408355 564077 infeasible   49        85.00000   61.00000  28.2%   121 2517s
 1411010 565081   84.00000   47   38   85.00000   61.00000  28.2%   121 2526s
 1413700 565922   84.00000   64   38   85.00000   61.00000  28.2%   121 2533s
 1416044 566928 infeasible   55        85.00000   61.00000  28.2%   121 2542s
 1418649 568069   73.00000   44  119   85.00000   61.00000  28.2%   121 2552s
 1421776 569352   83.00000   50   86   85.00000   61.00000  28.2%   121 2565s
 1425018 570460   69.00000   48  124   85.00000   61.00000  28.2%   121 2575s
 1427719 571441     cutoff   41        85.00000   61.00000  28.2%   121 2581s
 1430259 572375   81.00000   57   65   85.00000   61.00000  28.2%   121 2590s
 1432734 573394   80.00000   43   71   85.00000   61.00000  28.2%   121 2597s
 1435213 574419   82.00000   75   51   85.00000   61.00000  28.2%   121 2605s
 1437753 575597   79.00000   64   53   85.00000   61.00000  28.2%   121 2615s
 1440571 576498     cutoff   56        85.00000   61.00000  28.2%   121 2626s
 1443287 577570   78.00000   43  106   85.00000   61.00000  28.2%   121 2636s
 1445923 578724   76.00000   42  106   85.00000   61.00000  28.2%   121 2647s
 1448905 579800   79.00000   45   77   85.00000   61.00000  28.2%   121 2656s
 1451579 580755   72.00000   41   94   85.00000   61.00000  28.2%   121 2666s
 1454432 582059     cutoff   65        85.00000   61.00000  28.2%   121 2675s
 1457361 583207 infeasible   53        85.00000   61.00000  28.2%   121 2683s
 1459915 584180   78.00000   63   93   85.00000   61.00000  28.2%   121 2691s
 1462203 585464     cutoff   68        85.00000   61.00000  28.2%   121 2705s
 1465776 586486   84.00000   55   35   85.00000   61.00000  28.2%   121 2716s
 1468588 587627   83.00000   50   54   85.00000   61.00000  28.2%   121 2724s
 1471213 588885   68.00000   51   95   85.00000   61.00000  28.2%   121 2737s
 1474412 589961   61.00000   40   92   85.00000   61.00000  28.2%   121 2748s
 1477126 591039   78.00000   47   69   85.00000   61.00000  28.2%   121 2759s
 1480003 592007   81.00000   61   51   85.00000   61.00000  28.2%   121 2766s
 1482638 593032   84.00000   70   41   85.00000   61.00000  28.2%   121 2776s
 1485426 594142   81.00000   67   51   85.00000   61.00000  28.2%   121 2786s
 1488250 595067   73.00000   68  115   85.00000   61.00000  28.2%   121 2796s
 1491067 595974   78.00000   45   76   85.00000   61.00000  28.2%   121 2805s
 1493608 596973   76.00000   49   60   85.00000   61.00000  28.2%   121 2812s
 1496008 597813   83.00000   45   38   85.00000   61.00000  28.2%   121 2819s
 1498354 598884 infeasible   50        85.00000   61.00000  28.2%   121 2828s
 1501009 599983   73.00000   47  130   85.00000   61.00000  28.2%   121 2837s
 1503724 600926   74.00000   44   93   85.00000   61.00000  28.2%   121 2846s
 1506363 601845     cutoff   45        85.00000   61.00000  28.2%   121 2854s
 1508718 603078   78.00000   69   60   85.00000   61.00000  28.2%   121 2864s
 1511519 604107 infeasible   66        85.00000   61.00000  28.2%   121 2874s
 1514356 605279   61.31475   41  171   85.00000   61.00000  28.2%   121 2884s
 1517240 606366   84.00000   46   57   85.00000   61.00000  28.2%   121 2896s
 1520179 607278   67.00000   42  138   85.00000   61.00000  28.2%   121 2906s
 1522860 608134   80.00000   47   47   85.00000   61.00000  28.2%   121 2914s
 1525320 609146   78.00000   46  112   85.00000   61.00000  28.2%   121 2925s
 1528271 610190   69.00000   42  111   85.00000   61.00000  28.2%   121 2935s
 1531008 611337   74.00000   37   99   85.00000   61.00000  28.2%   121 2946s
 1533813 612440   79.00000   54  111   85.00000   61.00000  28.2%   121 2956s
 1536484 613426 infeasible   59        85.00000   61.00000  28.2%   121 2965s
 1539139 614337   82.00000   61   43   85.00000   61.00000  28.2%   121 2972s
 1541404 615470     cutoff   45        85.00000   61.00000  28.2%   121 2981s
 1544093 616651   78.00000   51   54   85.00000   61.00000  28.2%   121 2991s
 1546787 617810   78.00000   44   84   85.00000   61.00000  28.2%   121 3000s
 1549438 618763   84.00000   37   77   85.00000   61.00000  28.2%   121 3008s
 1551842 619823   72.00000   43  107   85.00000   61.00000  28.2%   121 3018s
 1554592 620786   80.00000   59   55   85.00000   61.00000  28.2%   121 3026s
 1556976 621957   79.00000   47   90   85.00000   61.00000  28.2%   121 3034s
 1559688 623059   71.00000   55   71   85.00000   61.00000  28.2%   121 3047s
 1562639 624064   82.00000   49   55   85.00000   61.00000  28.2%   121 3057s
 1565249 625212   84.00000   60   41   85.00000   61.00000  28.2%   121 3066s
 1567895 626292   61.00000   47  155   85.00000   61.00000  28.2%   121 3074s
 1569303 626292   83.00000   47   83   85.00000   61.00000  28.2%   121 3075s
 1570565 627262   84.00000   54   66   85.00000   61.00000  28.2%   121 3084s
 1573312 628251   78.00000   61   56   85.00000   61.00000  28.2%   121 3095s
 1576177 629089   78.00000   47   82   85.00000   61.00000  28.2%   121 3105s
 1578659 630249   73.00000   42  108   85.00000   61.00000  28.2%   121 3115s
 1581486 631396 infeasible   57        85.00000   61.00000  28.2%   121 3126s
 1584335 632710   84.00000   76   74   85.00000   61.00000  28.2%   121 3138s
 1587187 633800   84.00000   59   44   85.00000   61.00000  28.2%   121 3148s
 1589847 634775   61.00000   39  155   85.00000   61.00000  28.2%   121 3157s
 1592260 635836   83.00000   47   72   85.00000   61.00000  28.2%   121 3168s
 1594918 636818   77.00000   53  142   85.00000   61.00000  28.2%   121 3178s
 1597626 637898     cutoff   52        85.00000   61.00000  28.2%   121 3189s
 1600486 638791 infeasible   59        85.00000   61.00000  28.2%   121 3197s
 1602682 639995   78.00000   51   74   85.00000   61.00000  28.2%   121 3210s
 1605674 641071 infeasible   55        85.00000   61.00000  28.2%   121 3220s
 1608508 642137   75.00000   38  158   85.00000   61.00000  28.2%   121 3232s
 1611508 643500   81.00000   58   71   85.00000   61.00000  28.2%   121 3246s
 1614718 644803     cutoff   56        85.00000   61.00000  28.2%   121 3261s
 1617911 645883   79.00000   42  135   85.00000   61.00000  28.2%   121 3271s
 1620784 646911   75.00000   51   46   85.00000   61.00000  28.2%   121 3286s
 1623672 648020   78.00000   62   58   85.00000   61.00000  28.2%   121 3297s
 1626487 648854 infeasible   59        85.00000   61.00000  28.2%   121 3304s
 1628625 649915     cutoff   52        85.00000   61.00000  28.2%   121 3314s
 1631293 650878   84.00000   51   57   85.00000   61.00000  28.2%   121 3324s
 1633796 652141   79.00000   65   70   85.00000   61.00000  28.2%   121 3337s
 1636852 653250   77.00000   52  102   85.00000   61.00000  28.2%   121 3348s
 1639505 654271 infeasible   49        85.00000   61.00000  28.2%   121 3358s
 1642138 655423   73.00000   45   81   85.00000   61.00000  28.2%   121 3368s
 1644918 656648     cutoff   58        85.00000   61.00000  28.2%   121 3381s
 1647963 657677   78.00000   54   92   85.00000   61.00000  28.2%   121 3391s
 1650594 658640   84.00000   46   64   85.00000   61.00000  28.2%   121 3399s
 1652965 659789   80.00000   51   76   85.00000   61.00000  28.2%   121 3413s
 1655841 660872 infeasible   42        85.00000   61.00000  28.2%   121 3424s
 1658724 661993 infeasible   54        85.00000   61.00000  28.2%   121 3436s
 1661621 663017   80.00000   49   41   85.00000   61.00000  28.2%   121 3446s
 1664353 663876   77.00000   42  101   85.00000   61.00000  28.2%   121 3457s
 1667047 664782   82.00000   50   90   85.00000   61.00000  28.2%   121 3466s
 1669490 665619   76.00000   62   32   85.00000   61.00000  28.2%   121 3474s
 1672010 666668   65.00000   35  188   85.00000   61.00000  28.2%   121 3484s
 1674641 667686   77.00000   57   89   85.00000   61.00000  28.2%   121 3493s
 1677147 668631   84.00000   44   43   85.00000   61.00000  28.2%   121 3503s
 1679647 669594   78.00000   47   96   85.00000   61.00000  28.2%   122 3517s
 1682564 670656   73.00000   58   98   85.00000   61.00000  28.2%   122 3534s
 1685750 671584   82.00000   70   48   85.00000   61.00000  28.2%   122 3548s
 1688814 672571 infeasible   63        85.00000   61.00000  28.2%   122 3562s
 1691723 673593 infeasible   68        85.00000   61.00000  28.2%   122 3574s
 1694522 674705   61.00000   42  154   85.00000   61.00000  28.2%   122 3586s
 1697219 675839   84.00000   74   44   85.00000   61.00000  28.2%   121 3598s
 1700072 676908   81.00000   56   80   85.00000   61.00000  28.2%   121 3609s
 1702710 678045   66.00000   50   87   85.00000   61.00000  28.2%   121 3619s
 1705471 679045 infeasible   62        85.00000   61.00000  28.2%   121 3632s
 1708304 680059   61.00000   50  110   85.00000   61.00000  28.2%   121 3643s
 1711078 681008     cutoff   51        85.00000   61.00000  28.2%   121 3652s
 1713474 681884 infeasible   54        85.00000   61.00000  28.2%   121 3660s
 1715646 682840   74.00000   37  169   85.00000   61.00000  28.2%   122 3668s
 1718022 684048 infeasible   72        85.00000   61.00000  28.2%   122 3682s
 1720966 685051   81.00000   50   60   85.00000   61.00000  28.2%   122 3695s
 1723840 686028   84.00000   54   32   85.00000   61.00000  28.2%   121 3706s
 1726652 686962   84.00000   50   50   85.00000   61.00000  28.2%   121 3718s
 1729056 688024   78.00000   58   96   85.00000   61.00000  28.2%   121 3727s
 1731664 689042   70.00000   62  124   85.00000   61.00000  28.2%   121 3742s
 1734517 690061 infeasible   71        85.00000   61.00000  28.2%   121 3753s
 1737147 690808   79.00000   55  130   85.00000   61.00000  28.2%   121 3761s
 1739345 691505     cutoff   47        85.00000   61.00000  28.2%   121 3768s
 1741490 692199   78.00000   47   80   85.00000   61.00000  28.2%   121 3776s
 1743555 693121   84.00000   51   60   85.00000   61.00000  28.2%   122 3788s
 1746197 694187   82.00000   57   87   85.00000   61.00000  28.2%   122 3800s
 1749113 695187   84.00000   45   94   85.00000   61.00000  28.2%   122 3813s
 1751702 696313   73.00000   43  113   85.00000   61.00000  28.2%   122 3825s
 1754511 697507   61.00000   51  146   85.00000   61.00000  28.2%   122 3841s
 1757744 698715 infeasible   70        85.00000   61.00000  28.2%   122 3857s
 1761165 699710   82.00000   51   69   85.00000   61.00000  28.2%   122 3873s
 1764185 700462 infeasible   60        85.00000   61.00000  28.2%   122 3883s
 1766287 701723   74.00000   34  143   85.00000   61.00000  28.2%   122 3896s
 1769385 702892   84.00000   62   51   85.00000   61.00000  28.2%   122 3909s
 1772221 703791   81.00000   40  105   85.00000   61.00000  28.2%   122 3920s
 1774661 704981   83.00000   53   97   85.00000   61.00000  28.2%   122 3933s
 1777475 706226   74.00000   36  126   85.00000   61.00000  28.2%   122 3943s
 1780181 707206 infeasible   56        85.00000   61.00000  28.2%   122 3953s
 1782613 708058 infeasible   52        85.00000   61.00000  28.2%   122 3962s
 1784815 709181   79.00000   40  135   85.00000   61.00000  28.2%   122 3977s
 1787591 709967   83.00000   51   48   85.00000   61.00000  28.2%   122 3986s
 1789683 711274 infeasible   48        85.00000   61.00000  28.2%   122 4000s
 1792780 712297     cutoff   49        85.00000   61.00000  28.2%   122 4010s
 1795426 713437   84.00000   58   56   85.00000   61.00000  28.2%   122 4021s
 1797938 714449   79.00000   42  107   85.00000   61.00000  28.2%   122 4031s
 1800389 715331   83.00000   39  108   85.00000   61.00000  28.2%   122 4041s
 1802961 716222 infeasible   41        85.00000   61.00000  28.2%   122 4052s
 1805592 717277   78.00000   47   61   85.00000   61.00000  28.2%   122 4066s
 1808475 718312   82.00000   64   45   85.00000   61.00000  28.2%   122 4080s
 1811313 719202   66.00000   59   93   85.00000   61.00000  28.2%   122 4090s
 1813543 720185 infeasible   53        85.00000   61.00000  28.2%   122 4101s
 1816096 721229   79.00000   51   44   85.00000   61.00000  28.2%   122 4112s
 1818609 722304   84.00000   61   42   85.00000   61.00000  28.2%   123 4125s
 1821190 723415   79.00000   46   77   85.00000   61.00000  28.2%   123 4139s
 1824022 724454   82.00000   49  107   85.00000   61.00000  28.2%   123 4153s
 1826792 725327   80.00000   41  127   85.00000   61.00000  28.2%   123 4163s
 1829313 726260   80.00000   43   87   85.00000   61.00000  28.2%   123 4179s
 1831971 727236   82.00000   46   77   85.00000   61.00000  28.2%   123 4190s
 1834665 728181   81.00000   62   51   85.00000   61.00000  28.2%   123 4200s
 1837027 729248   67.00000   33  136   85.00000   61.00000  28.2%   123 4211s
 1839564 730306     cutoff   73        85.00000   61.00000  28.2%   123 4221s
 1842128 731251   83.00000   74   25   85.00000   61.00000  28.2%   123 4234s
 1844651 731998   82.00000   62   33   85.00000   61.00000  28.2%   123 4245s
 1847184 733058 infeasible   59        85.00000   61.00000  28.2%   123 4256s
 1849776 734198 infeasible   55        85.00000   61.00000  28.2%   123 4268s
 1852410 735040   82.00000   49   47   85.00000   61.00000  28.2%   123 4280s
 1854707 736143   76.00000   38  127   85.00000   61.00000  28.2%   123 4291s
 1857321 737067   80.00000   46   84   85.00000   61.00000  28.2%   123 4301s
 1859608 738169 infeasible   67        85.00000   61.00000  28.2%   123 4312s
 1862362 739122   77.00000   70   48   85.00000   61.00000  28.2%   123 4325s
 1864795 740088   75.00000   57   85   85.00000   61.00000  28.2%   123 4338s
 1867603 741077   61.00000   35  156   85.00000   61.00000  28.2%   123 4350s
 1870416 742081   84.00000   50   65   85.00000   61.00000  28.2%   123 4362s
 1873042 743029     cutoff   43        85.00000   61.00000  28.2%   123 4373s
 1875381 744046   84.00000   44   49   85.00000   61.00000  28.2%   123 4384s
 1877998 745083   82.00000   41   87   85.00000   61.00000  28.2%   123 4395s
 1880510 745836   81.00000   48  104   85.00000   61.00000  28.2%   123 4404s
 1882569 746920 infeasible   43        85.00000   61.00000  28.2%   123 4418s
 1885192 748074 infeasible   57        85.00000   61.00000  28.2%   124 4432s
 1887933 749181     cutoff   57        85.00000   61.00000  28.2%   124 4445s
 1890885 750272     cutoff   55        85.00000   61.00000  28.2%   124 4456s
 1893346 751310   83.00000   46   61   85.00000   61.00000  28.2%   124 4470s
 1896004 752632   81.00000   63   67   85.00000   61.00000  28.2%   124 4482s
 1898763 753750   79.00000   42  103   85.00000   61.00000  28.2%   124 4495s
 1901378 754764   76.00000   42  138   85.00000   61.00000  28.2%   124 4506s
 1904033 755487   82.00000   44  118   85.00000   61.00000  28.2%   124 4517s
 1906023 756391   83.00000   56   40   85.00000   61.00000  28.2%   124 4529s
 1908481 757309 infeasible   44        85.00000   61.00000  28.2%   124 4540s
 1910880 758424   61.00000   29  135   85.00000   61.00000  28.2%   124 4552s
 1913586 759560   81.00000   44   50   85.00000   61.00000  28.2%   124 4568s
 1916329 760674   82.00000   41  104   85.00000   61.00000  28.2%   124 4581s
 1918891 761647   82.00000   53   83   85.00000   61.00000  28.2%   124 4595s
 1921560 762610   84.00000   54   75   85.00000   61.00000  28.2%   124 4608s
 1924184 763633 infeasible   49        85.00000   61.00000  28.2%   124 4622s
 1926754 764208   83.00000   52   66   85.00000   61.00000  28.2%   124 4630s
 1928427 765384   78.00000   61   35   85.00000   61.00000  28.2%   124 4648s
 1931618 766563   81.00000   46  110   85.00000   61.00000  28.2%   124 4664s
 1934660 767564     cutoff   53        85.00000   61.00000  28.2%   124 4679s
 1937268 768625 infeasible   63        85.00000   61.00000  28.2%   124 4692s
 1940005 769504   80.00000   46   74   85.00000   61.00000  28.2%   124 4704s
 1942481 770463     cutoff   55        85.00000   61.00000  28.2%   124 4717s
 1945048 771474 infeasible   49        85.00000   61.00000  28.2%   124 4729s
 1947487 772326     cutoff   68        85.00000   61.00000  28.2%   124 4741s
 1949676 773182   84.00000   45  154   85.00000   61.00000  28.2%   124 4750s
 1951652 774248   77.00000   57   94   85.00000   61.00000  28.2%   124 4764s
 1954258 775302 infeasible   62        85.00000   61.00000  28.2%   124 4776s
 1956760 776060 infeasible   48        85.00000   61.00000  28.2%   124 4787s
 1958853 776973   82.00000   55   72   85.00000   61.00000  28.2%   124 4801s
 1961495 777788   63.00000   48  174   85.00000   61.00000  28.2%   125 4813s
 1963946 778611   84.00000   53   66   85.00000   61.00000  28.2%   125 4828s
 1966339 779444   80.00000   54   79   85.00000   61.00000  28.2%   125 4839s
 1968636 780631   81.00000   44   80   85.00000   61.00000  28.2%   125 4853s
 1971427 781489   83.00000   51   49   85.00000   61.00000  28.2%   125 4863s
 1973646 782419   79.00000   54   55   85.00000   61.00000  28.2%   125 4874s
 1975814 783299   84.00000   47   55   85.00000   61.00000  28.2%   125 4887s
 1978346 784262   84.00000   56   34   85.00000   61.00000  28.2%   125 4900s
 1980774 785218   84.00000   49  104   85.00000   61.00000  28.2%   125 4914s
 1983390 786115   76.00000   38  171   85.00000   61.00000  28.2%   125 4926s
 1985547 787270 infeasible   49        85.00000   61.00000  28.2%   125 4941s
 1988286 788333   84.00000   48   72   85.00000   61.00000  28.2%   125 4957s
 1991033 789355   80.00000   44  102   85.00000   61.00000  28.2%   125 4970s
 1993485 790146 infeasible   53        85.00000   61.00000  28.2%   125 4982s
 1995470 791196   84.00000   59   51   85.00000   61.00000  28.2%   125 4997s
 1998155 792534   84.00000   59   34   85.00000   61.00000  28.2%   125 5016s
 2001343 793442   77.00000   53   92   85.00000   61.00000  28.2%   125 5030s
 2003625 794338   80.00000   45   87   85.00000   61.00000  28.2%   125 5041s
 2005938 795112   78.00000   60  106   85.00000   61.00000  28.2%   125 5052s
 2008224 795833   73.00000   41  209   85.00000   61.00000  28.2%   125 5063s
 2010223 796696   80.00000   52   56   85.00000   61.00000  28.2%   125 5074s
 2012427 797402   68.00000   46  144   85.00000   61.00000  28.2%   125 5087s
 2014752 798299   83.00000   76   34   85.00000   61.00000  28.2%   125 5099s
 2017051 798935   84.00000   59   63   85.00000   61.00000  28.2%   125 5109s
 2018936 799821   82.00000   58   86   85.00000   61.00000  28.2%   125 5121s
 2021187 800755   84.00000   57   29   85.00000   61.00000  28.2%   125 5133s
 2023545 801647   84.00000   55   70   85.00000   61.00000  28.2%   125 5147s
 2025795 802521     cutoff   45        85.00000   61.00000  28.2%   125 5162s
 2028503 803365   81.00000   58   21   85.00000   61.00000  28.2%   125 5175s
 2030983 804226 infeasible   58        85.00000   61.00000  28.2%   125 5188s
 2033306 805316   83.00000   34   88   85.00000   61.00000  28.2%   125 5202s
 2035690 806243   84.00000   53   37   85.00000   61.00000  28.2%   125 5215s
 2038053 807153   74.00000   60   63   85.00000   61.00000  28.2%   125 5229s
 2040509 808027   73.00000   48  138   85.00000   61.00000  28.2%   125 5241s
 2042685 808810   82.00000   55   77   85.00000   61.00000  28.2%   125 5254s
 2044750 809628   76.00000   46   97   85.00000   61.00000  28.2%   125 5266s
 2047065 810396   79.00000   65   52   85.00000   61.00000  28.2%   125 5278s
 2049202 811247   84.00000   45  128   85.00000   61.00000  28.2%   125 5289s
 2051297 811859 infeasible   50        85.00000   61.00000  28.2%   126 5300s
 2053083 812691   83.00000   51   84   85.00000   61.00000  28.2%   126 5312s
 2055288 813573 infeasible   64        85.00000   61.00000  28.2%   126 5323s
 2057345 814347   83.00000   33  136   85.00000   61.00000  28.2%   126 5334s
 2059464 815137   79.00000   44   64   85.00000   61.00000  28.2%   126 5347s
 2061473 815985   84.00000   56   24   85.00000   61.00000  28.2%   126 5358s
 2063598 816625   76.00000   47  109   85.00000   61.00000  28.2%   126 5369s
 2065368 817373   80.00000   40  112   85.00000   61.00000  28.2%   126 5381s
 2067574 818157   78.00000   50  132   85.00000   61.00000  28.2%   126 5394s
 2069539 818959 infeasible   58        85.00000   61.00000  28.2%   126 5406s
 2071633 820029   61.00000   36  166   85.00000   61.00000  28.2%   126 5419s
 2072055 820029   84.00000   51   40   85.00000   61.00000  28.2%   126 5420s
 2074072 820960     cutoff   71        85.00000   61.00000  28.2%   126 5435s
 2076388 821741   74.00000   69   79   85.00000   61.00000  28.2%   126 5447s
 2078531 822516   61.00000   49  118   85.00000   61.00000  28.2%   126 5459s
 2080614 823399   82.00000   47   89   85.00000   61.00000  28.2%   126 5471s
 2082792 824261   62.00000   54   77   85.00000   61.00000  28.2%   126 5484s
 2084894 825279 infeasible   61        85.00000   61.00000  28.2%   126 5500s
 2087334 826031 infeasible   66        85.00000   61.00000  28.2%   126 5515s
 2089574 826753   78.00000   41  121   85.00000   61.00000  28.2%   126 5525s
 2091257 827595   80.00000   56   66   85.00000   61.00000  28.2%   126 5536s
 2093310 828376     cutoff   58        85.00000   61.00000  28.2%   126 5547s
 2095217 829196 infeasible   64        85.00000   61.00000  28.2%   126 5558s
 2097294 829972   84.00000   43  103   85.00000   61.00000  28.2%   126 5572s
 2099472 830679   84.00000   39  167   85.00000   61.00000  28.2%   126 5584s
 2101374 831592 infeasible   62        85.00000   61.00000  28.2%   126 5598s
 2103631 832366   74.00000   48  126   85.00000   61.00000  28.2%   126 5611s
 2105615 833228   80.00000   65   67   85.00000   61.00000  28.2%   126 5622s
 2107591 833931   74.00000   52  118   85.00000   61.00000  28.2%   126 5634s
 2109388 834647   84.00000   44   79   85.00000   61.00000  28.2%   126 5644s
 2111325 835499   61.00000   44  205   85.00000   61.00000  28.2%   126 5655s
 2113374 836252   84.00000   51   69   85.00000   61.00000  28.2%   126 5668s
 2115502 836883     cutoff   49        85.00000   61.00000  28.2%   126 5680s
 2117390 837430   61.00000   41  227   85.00000   61.00000  28.2%   126 5691s
 2119140 838138 infeasible   63        85.00000   61.00000  28.2%   126 5703s
 2121007 838739   84.00000   48   73   85.00000   61.00000  28.2%   126 5713s
 2122652 839455   79.00000   44  136   85.00000   61.00000  28.2%   126 5723s
 2124440 840174   84.00000   46  110   85.00000   61.00000  28.2%   126 5737s
 2126316 840819     cutoff   63        85.00000   61.00000  28.2%   126 5748s
 2128024 841508   83.00000   58   46   85.00000   61.00000  28.2%   126 5759s
 2128447 841508   83.00000   54  133   85.00000   61.00000  28.2%   126 5760s
 2129816 842152   82.00000   52   61   85.00000   61.00000  28.2%   126 5771s
 2131543 842788   84.00000   43   88   85.00000   61.00000  28.2%   126 5781s
 2133115 843562   84.00000   58   53   85.00000   61.00000  28.2%   126 5796s
 2135048 844310   80.00000   47   97   85.00000   61.00000  28.2%   126 5810s
 2136993 845283   82.00000   57  148   85.00000   61.00000  28.2%   126 5828s
 2139421 846113 infeasible   69        85.00000   61.00000  28.2%   126 5848s
 2141833 846782   62.00000   38   71   85.00000   61.00000  28.2%   126 5865s
 2144066 847473   82.00000   59   33   85.00000   61.00000  28.2%   126 5887s
 2146173 848848   81.00000   63   50   85.00000   62.00000  27.1%   126 5925s
 2149831 850051 infeasible   71        85.00000   62.00000  27.1%   126 5958s
 2153118 851144   78.00000   56  112   85.00000   62.00000  27.1%   126 5986s
 2156147 852526   83.00000   58   25   85.00000   62.00000  27.1%   126 6022s
 2159813 853481   79.00000   62   74   85.00000   62.00000  27.1%   126 6044s
 2162510 854438   62.00000   60   86   85.00000   62.00000  27.1%   126 6072s
 2165118 855336 infeasible   68        85.00000   62.00000  27.1%   126 6096s
 2167922 856310   81.00000   63   76   85.00000   62.00000  27.1%   126 6122s
 2170624 857155 infeasible   55        85.00000   62.00000  27.1%   126 6145s
 2173121 858090   74.00000   64   45   85.00000   62.00000  27.1%   126 6171s
 2175909 858969 infeasible   69        85.00000   62.00000  27.1%   126 6197s
 2178587 860270   80.00000   78   45   85.00000   62.00000  27.1%   126 6235s
 2182295 861045   80.00000   65   60   85.00000   62.00000  27.1%   126 6258s
 2184650 861931 infeasible   75        85.00000   62.00000  27.1%   126 6287s
 2187204 862932   80.00000   68   37   85.00000   62.00000  27.1%   126 6317s
 2190075 863858   81.00000   54   33   85.00000   62.00000  27.1%   126 6347s
 2193007 864661 infeasible   69        85.00000   62.00000  27.1%   126 6373s
 2195715 865579   84.00000   57   26   85.00000   62.00000  27.1%   126 6403s
 2198535 866580   82.00000   50   46   85.00000   62.00000  27.1%   126 6425s
 2201087 867694   84.00000   67   26   85.00000   62.00000  27.1%   126 6463s
 2204608 868609   83.00000   65   32   85.00000   62.00000  27.1%   126 6490s
 2207365 869452   80.00000   64   24   85.00000   62.00000  27.1%   125 6518s
 2209781 870597   81.00000   67   48   85.00000   62.00000  27.1%   125 6543s
 2212578 871509 infeasible   77        85.00000   62.00000  27.1%   125 6573s
 2215384 872557   81.00000   66   30   85.00000   62.00000  27.1%   125 6600s
 2218200 873361   82.00000   76   49   85.00000   62.00000  27.1%   125 6624s
 2220652 874284   73.00000   64  102   85.00000   62.00000  27.1%   125 6650s
 2223437 875637   84.00000   85   14   85.00000   62.00000  27.1%   125 6687s
 2227143 876354   80.00000   63   38   85.00000   62.00000  27.1%   125 6714s
 2229565 877284   81.00000   57  114   85.00000   62.00000  27.1%   125 6739s
 2232203 878280 infeasible   75        85.00000   62.00000  27.1%   125 6766s
 2234949 879269   79.00000   55   39   85.00000   62.00000  27.1%   125 6791s
 2237716 880199   84.00000   61   19   85.00000   62.00000  27.1%   125 6817s
 2240393 881112   81.00000   44   54   85.00000   62.00000  27.1%   125 6843s
 2243192 882049   79.00000   64   73   85.00000   62.00000  27.1%   125 6871s
 2245828 883261   82.00000   63   69   85.00000   62.00000  27.1%   125 6906s
 2249351 884016   83.00000   64   39   85.00000   62.00000  27.1%   125 6937s
 2251924 884907   84.00000   55   79   85.00000   62.00000  27.1%   125 6965s
 2254770 885893   62.00000   56   76   85.00000   62.00000  27.1%   125 6993s
 2257446 886848   82.00000   67   31   85.00000   62.00000  27.1%   125 7020s
 2260178 887731 infeasible   69        85.00000   62.00000  27.1%   125 7048s
 2262870 888688   83.00000   64   22   85.00000   62.00000  27.1%   125 7073s
 2265500 889614   62.00000   56  107   85.00000   62.00000  27.1%   125 7100s
 2268351 890761   78.00000   75   40   85.00000   62.00000  27.1%   125 7137s
 2271716 891640   62.00000   56   97   85.00000   62.00000  27.1%   125 7167s
 2274323 892599 infeasible   66        85.00000   62.00000  27.1%   125 7198s
 2277232 893518   72.00000   47   84   85.00000   62.00000  27.1%   125 7222s
 2279774 894507   82.00000   70   23   85.00000   62.00000  27.1%   125 7252s
 2282681 895447 infeasible   72        85.00000   62.00000  27.1%   125 7278s
 2285310 896353   84.00000   62   36   85.00000   62.00000  27.1%   125 7307s
 2288039 897352   68.00000   57   70   85.00000   62.00000  27.1%   125 7335s
 2290790 898516   78.00000   65   67   85.00000   62.00000  27.1%   125 7375s
 2293949 899394   83.00000   69   20   85.00000   62.00000  27.1%   125 7404s
 2296887 900301   78.00000   57   56   85.00000   62.00000  27.1%   125 7434s
 2299755 901332 infeasible   79        85.00000   62.00000  27.1%   125 7458s
 2302564 902201 infeasible   61        85.00000   62.00000  27.1%   125 7485s
 2305264 903080   82.00000   47   49   85.00000   62.00000  27.1%   125 7511s
 2307803 904148   83.00000   62   48   85.00000   62.00000  27.1%   125 7540s
 2310609 905086   81.00000   62   57   85.00000   62.00000  27.1%   125 7568s
 2313388 906208 infeasible   65        85.00000   62.00000  27.1%   125 7607s
 2316919 907090   79.00000   60   37   85.00000   62.00000  27.1%   124 7636s
 2319506 908001 infeasible   75        85.00000   62.00000  27.1%   124 7663s
 2322075 909037     cutoff   84        85.00000   62.00000  27.1%   124 7692s
 2324884 909920 infeasible   62        85.00000   62.00000  27.1%   124 7719s
 2327452 910744   81.00000   71   44   85.00000   62.00000  27.1%   124 7746s
 2330200 911762   84.00000   72   44   85.00000   62.00000  27.1%   124 7774s
 2332885 912666   83.00000   67   63   85.00000   62.00000  27.1%   124 7802s
 2335471 913845   82.00000   63   55   85.00000   62.00000  27.1%   124 7839s
 2338884 914715   83.00000   55   50   85.00000   62.00000  27.1%   124 7869s
 2341411 915651   76.00000   69   59   85.00000   62.00000  27.1%   124 7897s
 2344088 916700   75.00000   42  126   85.00000   62.00000  27.1%   124 7924s
 2346785 917789 infeasible   62        85.00000   62.00000  27.1%   124 7952s
 2349519 918745 infeasible   80        85.00000   62.00000  27.1%   124 7982s
 2352277 919592   82.00000   69   40   85.00000   62.00000  27.1%   124 8012s
 2355010 920603   79.00000   70   38   85.00000   62.00000  27.1%   124 8044s
 2357844 921709   81.00000   68   38   85.00000   62.00000  27.1%   124 8085s
 2361095 922564   76.00000   66   55   85.00000   62.00000  27.1%   124 8109s
 2361869 922564   81.00000   66   74   85.00000   62.00000  27.1%   124 8110s
 2363435 923670   84.00000   60   34   85.00000   62.00000  27.1%   124 8142s
 2366528 924730     cutoff   45        85.00000   62.00000  27.1%   124 8172s
 2369342 925957 infeasible   62        85.00000   62.00000  27.1%   124 8204s
 2372318 927030   62.00000   36  121   85.00000   62.00000  27.1%   124 8235s
 2375220 927916 infeasible   68        85.00000   62.00000  27.1%   124 8265s
 2377864 928768   74.00000   53  111   85.00000   62.00000  27.1%   124 8292s
 2380319 929955   75.00000   47   68   85.00000   62.00000  27.1%   124 8328s
 2383472 930853 infeasible   57        85.00000   62.00000  27.1%   124 8361s
 2386032 931914 infeasible   61        85.00000   62.00000  27.1%   124 8393s
 2388855 932767   84.00000   44   61   85.00000   62.00000  27.1%   124 8423s
 2391698 933812   62.00000   56  106   85.00000   62.00000  27.1%   124 8455s
 2394556 934844 infeasible   58        85.00000   62.00000  27.1%   124 8484s
*2395196 792400              75      84.0000000   62.00000  26.2%   124 8484s
 2397203 793267   62.00000   54   90   84.00000   62.00000  26.2%   124 8514s
 2399954 794211   70.00000   61   94   84.00000   62.00000  26.2%   124 8541s
 2402355 795394   81.00000   61   33   84.00000   62.00000  26.2%   124 8578s
 2405605 796176   79.00000   64   36   84.00000   62.00000  26.2%   124 8605s
 2408105 797056     cutoff   50        84.00000   62.00000  26.2%   124 8636s
 2410755 798005   76.00000   48   75   84.00000   62.00000  26.2%   124 8665s
 2413486 798927   79.00000   61   51   84.00000   62.00000  26.2%   124 8697s
 2416357 799808 infeasible   58        84.00000   62.00000  26.2%   124 8725s
 2418937 800750   73.00000   63   71   84.00000   62.00000  26.2%   124 8757s
 2421551 801677 infeasible   67        84.00000   62.00000  26.2%   124 8784s
 2423002 801677   74.00000   60   86   84.00000   62.00000  26.2%   124 8785s
 2424173 802811 infeasible   62        84.00000   62.00000  26.2%   124 8820s
 2427295 803771   81.00000   49   50   84.00000   62.00000  26.2%   124 8852s
 2430095 804494   81.00000   58   71   84.00000   62.00000  26.2%   124 8878s
 2432189 805389 infeasible   60        84.00000   62.00000  26.2%   124 8907s
 2434902 806440 infeasible   71        84.00000   62.00000  26.2%   124 8941s
 2437656 807559 infeasible   55        84.00000   62.00000  26.2%   124 8975s
 2440625 808604   82.00000   64   22   84.00000   62.00000  26.2%   124 9006s
 2443487 809505 infeasible   60        84.00000   62.00000  26.2%   124 9040s
 2446529 810597   79.00000   74   63   84.00000   62.00000  26.2%   124 9076s
 2449657 811666   78.00000   53   20   84.00000   62.00000  26.2%   124 9106s
 2452341 812668   81.00000   69   59   84.00000   62.00000  26.2%   124 9138s
 2455194 813774   80.00000   62   61   84.00000   62.00000  26.2%   124 9172s
 2457961 814973   76.00000   65   68   84.00000   62.00000  26.2%   124 9199s
 2460786 815911   63.00000   55   97   84.00000   62.00000  26.2%   124 9227s
 2463378 816841 infeasible   45        84.00000   62.00000  26.2%   124 9255s
 2466111 817773 infeasible   59        84.00000   62.00000  26.2%   124 9285s
 2468840 818927   74.00000   50   63   84.00000   62.00000  26.2%   124 9321s
 2471971 819846   78.00000   68   39   84.00000   62.00000  26.2%   124 9352s
 2474900 820682   83.00000   70   31   84.00000   62.00000  26.2%   124 9381s
 2477345 821478   81.00000   46   70   84.00000   62.00000  26.2%   124 9408s
 2479837 822360   80.00000   45  103   84.00000   62.00000  26.2%   124 9437s
 2482517 823329   65.00000   49   97   84.00000   62.00000  26.2%   123 9469s
 2485277 824060   82.00000   54   44   84.00000   62.00000  26.2%   123 9497s
 2488003 824886   74.00000   67   67   84.00000   62.00000  26.2%   123 9524s
 2490547 825819 infeasible   74        84.00000   62.00000  26.2%   123 9562s
 2493574 826782   62.00000   35  112   84.00000   62.00000  26.2%   123 9591s
 2496323 827663     cutoff   47        84.00000   62.00000  26.2%   123 9614s
 2498712 828635   72.00000   61   69   84.00000   62.00000  26.2%   123 9643s
 2501383 829852   78.00000   61   37   84.00000   62.00000  26.2%   123 9670s
 2504407 830945 infeasible   68        84.00000   62.00000  26.2%   123 9699s
 2507247 831872 infeasible   67        84.00000   62.00000  26.2%   123 9723s
 2509813 832920   79.00000   66   49   84.00000   62.00000  26.2%   123 9754s
 2512536 833781   71.00000   57  109   84.00000   62.00000  26.2%   123 9787s
 2515247 834637   81.00000   66   52   84.00000   62.00000  26.2%   123 9818s
 2517874 835516   73.00000   71   56   84.00000   62.00000  26.2%   123 9852s
 2520825 836624 infeasible   81        84.00000   62.00000  26.2%   123 9888s
 2523857 837516   72.00000   67   66   84.00000   62.00000  26.2%   123 9919s
 2526536 838533   79.00000   65   62   84.00000   62.00000  26.2%   123 9951s
 2529462 839405   79.00000   69   66   84.00000   62.00000  26.2%   123 9983s
 2532038 840202   80.00000   45   71   84.00000   62.00000  26.2%   123 10015s
 2534811 841151   82.00000   62   95   84.00000   62.00000  26.2%   123 10044s
 2537643 842242   74.00000   60  118   84.00000   62.00000  26.2%   123 10078s
 2540549 843051   79.00000   61   70   84.00000   62.00000  26.2%   123 10107s
 2543292 843898   76.00000   57   69   84.00000   62.00000  26.2%   123 10138s
 2546125 844623   82.00000   59   85   84.00000   62.00000  26.2%   123 10168s
 2548629 845572   76.00000   63  109   84.00000   62.00000  26.2%   123 10197s
 2551274 846323 infeasible   50        84.00000   62.00000  26.2%   123 10225s
 2553956 847182     cutoff   67        84.00000   62.00000  26.2%   123 10254s
 2556694 848174   83.00000   69   31   84.00000   62.00000  26.2%   123 10288s
 2559671 849201   73.00000   61  108   84.00000   62.00000  26.2%   123 10317s
 2562366 850134   78.00000   49   71   84.00000   62.00000  26.2%   123 10345s
 2564942 851108   69.00000   38  100   84.00000   62.00000  26.2%   123 10377s
 2567853 851967     cutoff   64        84.00000   62.00000  26.2%   123 10406s
 2570416 852729   81.00000   45  112   84.00000   62.00000  26.2%   123 10428s
 2572544 853667   62.00000   43  137   84.00000   62.00000  26.2%   123 10456s
 2575127 854622 infeasible   48        84.00000   62.00000  26.2%   123 10487s
 2577889 855595 infeasible   44        84.00000   62.00000  26.2%   123 10518s
 2580802 856599   67.00000   48  121   84.00000   62.00000  26.2%   123 10552s
 2583658 857457   83.00000   59   34   84.00000   62.00000  26.2%   123 10580s
 2586447 858420   81.00000   64   40   84.00000   62.00000  26.2%   123 10610s
 2589114 859374 infeasible   62        84.00000   62.00000  26.2%   123 10638s
 2591753 860341   72.00000   71  109   84.00000   62.00000  26.2%   123 10670s
 2594542 861244   75.00000   57   44   84.00000   62.00000  26.2%   123 10697s
 2597089 862159   68.00000   43  106   84.00000   62.00000  26.2%   123 10729s
 2599699 863124   77.00000   64   47   84.00000   62.00000  26.2%   123 10759s
 2602400 864104   81.00000   61   64   84.00000   62.00000  26.2%   123 10790s
 2605062 864354   78.00000   47  103   84.00000   62.00000  26.2%   123 10800s

Explored 2605853 nodes (321343824 simplex iterations) in 10800.28 seconds (4612.56 work units)
Thread count was 18 (of 36 available processors)

Solution count 10: 84 85 87 ... 94

Time limit reached
Best objective 8.400000000000e+01, best bound 6.200000000000e+01, gap 26.1905%
