
Gurobi 11.0.0 (win64) logging started Sat May 18 17:59:28 2024

Set parameter LogFile to value "./Results/StripPacking-SequencePairBranchRuns/Logs/SBspbM-010-StripPacking-25.log"
Set parameter TimeLimit to value 10800
Set parameter Cuts to value 0
Set parameter Presolve to value 1
Set parameter Heuristics to value 0
Set parameter LPWarmStart to value 2
Gurobi Optimizer version 11.0.0 build v11.0.0rc2 (win64 - Windows 10.0 (19045.2))

CPU model: Intel(R) Core(TM) i9-10980XE CPU @ 3.00GHz, instruction set [SSE2|AVX|AVX2|AVX512]
Thread count: 18 physical cores, 36 logical processors, using up to 18 threads

Optimize a model with 14625 rows, 951 columns and 43850 nonzeros
Model fingerprint: 0x1459b30a
Variable types: 351 continuous, 600 integer (600 binary)
Coefficient statistics:
  Matrix range     [1e+00, 1e+04]
  Objective range  [1e+00, 1e+00]
  Bounds range     [1e+00, 1e+04]
  RHS range        [1e+00, 1e+04]
Using branch priorities.

Warning: Completing partial solution with 600 unfixed non-continuous variables out of 600
User MIP start did not produce a new incumbent solution

Presolve removed 1500 rows and 0 columns
Presolve time: 0.06s
Presolved: 13125 rows, 951 columns, 39950 nonzeros
Variable types: 351 continuous, 600 integer (600 binary)

Root relaxation: objective 3.500000e+01, 1709 iterations, 0.13 seconds (0.20 work units)
Another try with MIP start

    Nodes    |    Current Node    |     Objective Bounds      |     Work
 Expl Unexpl |  Obj  Depth IntInf | Incumbent    BestBd   Gap | It/Node Time

H    0     0                     115.0000000   35.00000  69.6%     -    3s
     0     0   35.00000    0  147  115.00000   35.00000  69.6%     -    3s
     0     0   35.00000    0  116  115.00000   35.00000  69.6%     -    3s
     0     2   35.00000    0   88  115.00000   35.00000  69.6%     -    4s
    31    50   35.00000    5  170  115.00000   35.00000  69.6%   377    5s
   299   343   52.00000   11  205  115.00000   35.00000  69.6%   452   10s
* 2068  1812              89     112.0000000   35.00000  68.8%   143   12s
* 2513  2117             120     109.0000000   35.00000  67.9%   126   13s
* 3410  2700              86     107.0000000   35.00000  67.3%   112   14s
* 3411  2662              86     106.0000000   35.00000  67.0%   112   14s
  3560  2633  104.00000   86  116  106.00000   35.00000  67.0%   111   15s
  3665  2727   44.00000   18  134  106.00000   35.00000  67.0%   126   20s
* 4480  3102              71     105.0000000   35.00000  66.7%   126   23s
  5101  3597   69.00000   20  209  105.00000   35.00000  66.7%   122   25s
* 5414  3379             117     100.0000000   35.00000  65.0%   120   25s
* 5513  2955             119      94.0000000   35.00000  62.8%   122   26s
* 5704  2780              99      93.0000000   35.00000  62.4%   126   27s
* 6221  2684              91      91.0000000   35.00000  61.5%   127   28s
* 6544  2606              79      90.0000000   35.00000  61.1%   131   29s
  6632  2643   82.00000   41  123   90.00000   35.00000  61.1%   132   30s
  8507  3413   62.00000   33  109   90.00000   35.00000  61.1%   142   35s
*10218  3780              90      88.0000000   35.00000  60.2%   145   39s
 10770  4287   47.00000   24  200   88.00000   38.00000  56.8%   145   40s
 13043  5642   87.00000   43   66   88.00000   45.00000  48.9%   151   45s
 15088  6995   63.00000   30  124   88.00000   46.00000  47.7%   157   50s
 17138  8176   86.00000   53  114   88.00000   47.00000  46.6%   159   55s
 19326  9546   87.00000   64   87   88.00000   47.00000  46.6%   163   60s
*19399  9196              86      87.0000000   47.00000  46.0%   163   60s
 21539 10391   79.00000   55   56   87.00000   47.00000  46.0%   163   65s
 24044 11692   84.00000   46   90   87.00000   49.00000  43.7%   163   70s
 26434 13383   58.00000   33  187   87.00000   49.00000  43.7%   165   76s
 28659 14913 infeasible   51        87.00000   49.00000  43.7%   165   81s
 31647 16413   59.00000   30  234   87.00000   49.00000  43.7%   162   86s
 34494 18039   81.00000   45   93   87.00000   49.00000  43.7%   160   92s
 35988 18919   79.00000   70   88   87.00000   49.00000  43.7%   159   95s
 39042 20735   60.00000   38  236   87.00000   49.00000  43.7%   158  101s
 40700 21685   80.00000   58   75   87.00000   49.00000  43.7%   157  105s
 44071 23852   61.00000   32  255   87.00000   49.00000  43.7%   156  112s
 46110 24832     cutoff   58        87.00000   49.00000  43.7%   156  115s
 49563 26668   80.00000   51   54   87.00000   49.00000  43.7%   155  121s
 51135 27695   77.00000   35  176   87.00000   50.00000  42.5%   155  125s
 54574 29632   71.00000   27  253   87.00000   50.00000  42.5%   156  132s
 56167 30785   76.00000   37  199   87.00000   50.00000  42.5%   157  136s
 58004 32019   59.00000   34  260   87.00000   50.00000  42.5%   158  140s
*58144 30802              98      86.0000000   50.00000  41.9%   158  140s
 62583 33395   69.00000   38   98   86.00000   50.00000  41.9%   156  148s
 64654 34527   83.00000   53   95   86.00000   50.00000  41.9%   157  152s
 66692 35658   65.00000   40  210   86.00000   50.00000  41.9%   157  156s
 68609 36920   66.00000   38  185   86.00000   50.00000  41.9%   158  161s
 70871 38183   69.00000   28  106   86.00000   50.00000  41.9%   158  166s
 73045 39367   85.00000   44   60   86.00000   50.00000  41.9%   159  170s
 75117 40883   76.00000   39  140   86.00000   50.00000  41.9%   160  175s
 77626 42327   50.00000   27  259   86.00000   50.00000  41.9%   160  180s
 80063 43741   85.00000   56   70   86.00000   50.00000  41.9%   160  186s
 82537 45051   83.00000   47   83   86.00000   50.00000  41.9%   160  191s
 84904 46597   50.00000   35  227   86.00000   50.00000  41.9%   160  196s
*85208 43659              71      85.0000000   50.00000  41.2%   160  196s
 87294 44714   69.00000   30  227   85.00000   50.00000  41.2%   160  200s
 89373 46051   84.00000   57   52   85.00000   50.00000  41.2%   161  205s
 91672 47406   64.00000   32  151   85.00000   50.00000  41.2%   161  210s
 94084 48597   55.00000   41  197   85.00000   50.00000  41.2%   161  215s
 96056 49885   63.00000   36  262   85.00000   50.00000  41.2%   161  220s
 98394 51235   79.00000   49  155   85.00000   50.00000  41.2%   162  225s
 100905 52542   84.00000   54   36   85.00000   50.00000  41.2%   162  230s
 103100 53848     cutoff   49        85.00000   50.00000  41.2%   162  235s
 105436 55255   66.00000   57  193   85.00000   50.00000  41.2%   162  240s
 107775 56599   79.00000   42  149   85.00000   50.00000  41.2%   163  246s
 110046 57998   76.00000   41  170   85.00000   50.00000  41.2%   163  251s
 112495 59269   82.00000   52  110   85.00000   50.00000  41.2%   163  257s
 114679 60704   64.00000   32  245   85.00000   50.00000  41.2%   164  263s
 117068 62127   66.00000   39  169   85.00000   50.00000  41.2%   164  269s
 119669 63442   66.00000   51  182   85.00000   50.00000  41.2%   165  275s
*121145 59754              68      84.0000000   50.00000  40.5%   165  275s
 122311 61092   82.00000   47  154   84.00000   50.00000  40.5%   165  281s
 124730 62444   80.00000   43   64   84.00000   50.00000  40.5%   165  287s
 127250 63743   81.00000   50  109   84.00000   50.00000  40.5%   166  293s
 129678 65307   61.00000   26   91   84.00000   50.00000  40.5%   166  299s
 132325 66847 infeasible   59        84.00000   50.00000  40.5%   166  305s
 135041 68014   73.00000   43   86   84.00000   50.00000  40.5%   166  312s
 137322 69419   69.00000   41  134   84.00000   50.00000  40.5%   167  318s
 140039 70834 infeasible   37        84.00000   50.00000  40.5%   167  324s
 142502 71808   76.00000   64   74   84.00000   50.00000  40.5%   167  331s
*143167 67395              72      83.0000000   50.00000  39.8%   167  331s
 144968 68556   65.00000   36  228   83.00000   50.00000  39.8%   167  337s
 147160 69800 infeasible   53        83.00000   50.00000  39.8%   168  343s
 149664 71019   68.00000   55  137   83.00000   50.00000  39.8%   168  349s
 152132 72386   82.00000   49  148   83.00000   50.00000  39.8%   169  356s
 154683 73823   72.00000   42   89   83.00000   50.00000  39.8%   169  363s
 157353 74793 infeasible   67        83.00000   50.00000  39.8%   170  369s
 159557 76031 infeasible   52        83.00000   50.00000  39.8%   170  376s
 162196 77606   69.00000   37  139   83.00000   50.00000  39.8%   171  384s
 165202 78717   79.00000   59   64   83.00000   50.00000  39.8%   171  391s
 167458 80159 infeasible   37        83.00000   50.00000  39.8%   171  398s
 170285 81323   73.00000   42  146   83.00000   50.00000  39.8%   171  405s
 172784 82738   70.00000   51  108   83.00000   50.00000  39.8%   172  412s
 175489 83971   74.00000   50  105   83.00000   50.00000  39.8%   172  419s
 178345 85198   75.00000   52   91   83.00000   50.00000  39.8%   172  427s
 180925 86423   68.00000   34  199   83.00000   50.00000  39.8%   172  434s
 183473 87700   60.00000   35  161   83.00000   50.00000  39.8%   173  441s
 185969 89074 infeasible   51        83.00000   50.00000  39.8%   173  448s
 188465 90360   77.00000   57  179   83.00000   50.00000  39.8%   173  455s
 190923 91723 infeasible   60        83.00000   50.00000  39.8%   173  462s
 193612 92968   73.00000   46  145   83.00000   50.00000  39.8%   173  470s
 196049 94333   71.00000   60  152   83.00000   50.00000  39.8%   174  478s
 198891 95495 infeasible   56        83.00000   50.00000  39.8%   174  485s
 201353 96724   77.00000   56   83   83.00000   50.00000  39.8%   174  493s
 203884 98097     cutoff   52        83.00000   50.00000  39.8%   174  501s
 206562 99229 infeasible   61        83.00000   50.00000  39.8%   174  508s
 208818 100356   82.00000   52   79   83.00000   50.00000  39.8%   174  514s
 211305 101544   82.00000   61   48   83.00000   50.00000  39.8%   174  522s
 213719 102579 infeasible   56        83.00000   50.00000  39.8%   175  529s
 215969 103809   69.00000   49  147   83.00000   50.00000  39.8%   175  536s
 218453 105104   65.00000   33  192   83.00000   50.00000  39.8%   175  543s
 220894 106172   68.00000   44  169   83.00000   50.00000  39.8%   175  550s
 223014 107390   70.00000   42  191   83.00000   50.00000  39.8%   175  558s
 225461 108616   54.00000   52  235   83.00000   50.00000  39.8%   176  566s
 228001 109575   60.00000   35  133   83.00000   50.00000  39.8%   176  574s
 230480 110873   55.00000   43  246   83.00000   50.00000  39.8%   176  582s
 232968 111954 infeasible   44        83.00000   50.00000  39.8%   176  589s
 235111 113254 infeasible   57        83.00000   50.00000  39.8%   176  597s
 237704 114370   81.00000   62   79   83.00000   50.00000  39.8%   176  605s
 239962 115420   69.00000   40  176   83.00000   50.00000  39.8%   176  613s
 242474 116481   78.00000   55  119   83.00000   50.00000  39.8%   176  621s
 244809 117635   75.00000   46  127   83.00000   50.00000  39.8%   177  631s
 247255 118769     cutoff   54        83.00000   50.00000  39.8%   177  639s
 249606 119878   68.00000   43  153   83.00000   50.00000  39.8%   177  647s
 251900 121031   72.00000   52   78   83.00000   50.00000  39.8%   177  654s
 254058 122129   77.00000   49  126   83.00000   50.00000  39.8%   177  662s
 256319 123390   72.00000   54  125   83.00000   50.00000  39.8%   177  672s
 258835 124549   70.00000   40  211   83.00000   50.00000  39.8%   178  681s
 261167 125757 infeasible   49        83.00000   50.00000  39.8%   178  689s
 263489 126748   82.00000   59  105   83.00000   50.00000  39.8%   178  697s
 265636 127954   80.00000   56   50   83.00000   50.00000  39.8%   178  707s
 268060 129018   81.00000   56   36   83.00000   50.00000  39.8%   178  714s
 270224 130156   78.00000   46  124   83.00000   50.00000  39.8%   178  722s
 272441 131236   51.00000   37  235   83.00000   50.00000  39.8%   178  729s
 274523 132144 infeasible   56        83.00000   50.00000  39.8%   178  737s
 276898 133171 infeasible   53        83.00000   50.00000  39.8%   178  743s
 278856 134038   54.00000   51  278   83.00000   50.00000  39.8%   178  751s
 280751 134894   63.00000   50  104   83.00000   50.00000  39.8%   179  756s
 282535 135858 infeasible   56        83.00000   50.00000  39.8%   179  764s
 284606 136870   80.00000   51  120   83.00000   50.00000  39.8%   179  772s
 286668 137871   67.00000   68  131   83.00000   50.00000  39.8%   179  779s
 288825 138607   63.00000   48  185   83.00000   50.00000  39.8%   179  786s
 290809 139426   77.00000   56   93   83.00000   50.00000  39.8%   179  792s
 292611 140595     cutoff   59        83.00000   50.00000  39.8%   179  800s
 294688 141442 infeasible   52        83.00000   50.00000  39.8%   179  807s
 296603 142325   80.00000   59   52   83.00000   50.00000  39.8%   179  814s
 298536 143118   67.00000   53  142   83.00000   50.00000  39.8%   179  821s
 300396 144050   65.00000   54  103   83.00000   50.00000  39.8%   179  828s
 302410 144954   66.00000   41  169   83.00000   50.00000  39.8%   180  834s
 304194 145757   78.00000   57  110   83.00000   50.00000  39.8%   180  841s
 306205 146567   70.00000   51  138   83.00000   50.00000  39.8%   179  847s
 308063 147404   82.00000   56   48   83.00000   50.00000  39.8%   180  853s
 309879 148362     cutoff   58        83.00000   50.00000  39.8%   180  862s
 311911 149589   72.00000   50   49   83.00000   51.00000  38.6%   180  869s
 313023 149589   73.00000   54  165   83.00000   51.00000  38.6%   180  870s
 314134 151335     cutoff   52        83.00000   51.00000  38.6%   179  885s
 317370 152531   52.00000   31  129   83.00000   51.00000  38.6%   179  898s
 320071 154081   78.00000   48   84   83.00000   51.00000  38.6%   179  911s
 322977 155460 infeasible   52        83.00000   51.00000  38.6%   179  922s
 325772 156652   80.00000   52   89   83.00000   51.00000  38.6%   179  932s
 328184 158054 infeasible   55        83.00000   51.00000  38.6%   179  944s
 330000 158054   77.00000   54   94   83.00000   51.00000  38.6%   179  945s
 330841 159792 infeasible   67        83.00000   51.00000  38.6%   179  958s
 333948 161225   82.00000   50  117   83.00000   51.00000  38.6%   178  970s
 336757 162642   62.00000   35  135   83.00000   51.00000  38.6%   178  985s
*338235 151005              72      82.0000000   51.00000  37.8%   178  986s
 339714 152279     cutoff   56        82.00000   51.00000  37.8%   178  998s
 342462 153891 infeasible   55        82.00000   51.00000  37.8%   178 1013s
 345518 155187   51.00000   28  176   82.00000   51.00000  37.8%   178 1024s
 348169 156395     cutoff   54        82.00000   51.00000  37.8%   178 1035s
 350578 157885   51.00000   34  178   82.00000   51.00000  37.8%   178 1049s
 353388 159218   59.00000   43  200   82.00000   51.00000  37.8%   178 1060s
 355954 160606   73.00000   44  129   82.00000   51.00000  37.8%   178 1073s
 358543 161989   74.00000   66  165   82.00000   51.00000  37.8%   178 1084s
 361126 163372   63.00000   47  169   82.00000   51.00000  37.8%   178 1097s
 363784 164799   81.00000   63   40   82.00000   51.00000  37.8%   177 1111s
 366581 166224   80.00000   49  142   82.00000   51.00000  37.8%   177 1125s
 369346 167737 infeasible   49        82.00000   51.00000  37.8%   177 1142s
 372512 168932   59.00000   30  125   82.00000   51.00000  37.8%   177 1151s
 374847 169994   61.00000   39  159   82.00000   51.00000  37.8%   177 1161s
 377073 171310   78.00000   46   93   82.00000   51.00000  37.8%   177 1173s
 379725 172680 infeasible   59        82.00000   51.00000  37.8%   177 1185s
 382372 174072   71.00000   48  163   82.00000   51.00000  37.8%   177 1199s
 384977 175604     cutoff   46        82.00000   51.00000  37.8%   177 1210s
 387703 177168 infeasible   51        82.00000   51.00000  37.8%   177 1226s
 390891 178699   80.00000   45   83   82.00000   51.00000  37.8%   177 1244s
 391700 178699     cutoff   51        82.00000   51.00000  37.8%   177 1245s
 393979 180222   71.00000   52  161   82.00000   51.00000  37.8%   177 1255s
 396636 181861   75.00000   47  100   82.00000   51.00000  37.8%   177 1265s
 399263 183087   64.00000   38  124   82.00000   51.00000  37.8%   177 1273s
 401623 184391 infeasible   58        82.00000   51.00000  37.8%   177 1286s
 404150 185525 infeasible   54        82.00000   51.00000  37.8%   177 1297s
 406427 186834   70.00000   32  113   82.00000   51.00000  37.8%   177 1311s
 409215 188205   79.00000   57   49   82.00000   51.00000  37.8%   177 1323s
 411879 189476   72.00000   63  107   82.00000   51.00000  37.8%   177 1337s
 414511 191029   67.00000   54  125   82.00000   51.00000  37.8%   177 1352s
 417380 192457 infeasible   69        82.00000   51.00000  37.8%   177 1364s
 420018 193707   80.00000   56   54   82.00000   51.00000  37.8%   177 1377s
 422457 195196   80.00000   61   42   82.00000   51.00000  37.8%   177 1394s
 423013 195196   64.00000   35  153   82.00000   51.00000  37.8%   177 1395s
 425478 196478     cutoff   50        82.00000   51.00000  37.8%   177 1408s
 428122 197825   73.00000   52  111   82.00000   51.00000  37.8%   177 1424s
 428612 197825   78.00000   49   79   82.00000   51.00000  37.8%   177 1425s
 430769 199196   65.00000   36  215   82.00000   51.00000  37.8%   177 1439s
 433515 200596     cutoff   57        82.00000   51.00000  37.8%   177 1454s
 436193 202322 infeasible   61        82.00000   51.00000  37.8%   177 1473s
 439386 203409   69.00000   52  176   82.00000   51.00000  37.8%   176 1483s
 441505 204506 infeasible   56        82.00000   51.00000  37.8%   176 1494s
 443802 205871   51.00000   47  201   82.00000   51.00000  37.8%   177 1508s
 446336 207361 infeasible   58        82.00000   51.00000  37.8%   177 1519s
 447198 207361     cutoff   65        82.00000   51.00000  37.8%   177 1520s
 448971 208669   80.00000   43  110   82.00000   51.00000  37.8%   177 1535s
 451814 210059   65.00000   33  238   82.00000   51.00000  37.8%   177 1550s
 454580 211237   77.00000   46  108   82.00000   51.00000  37.8%   177 1565s
 457055 212391   71.00000   49   87   82.00000   51.00000  37.8%   177 1578s
 459695 213814   66.00000   45  165   82.00000   51.00000  37.8%   177 1595s
 462530 215056   78.00000   45   93   82.00000   51.00000  37.8%   177 1610s
 465039 216398   51.00000   46  186   82.00000   51.00000  37.8%   177 1625s
*466590 200918              66      81.0000000   51.00000  37.0%   177 1625s
 467881 201710   71.00000   50  120   81.00000   51.00000  37.0%   177 1638s
 470474 202745   80.00000   57   73   81.00000   51.00000  37.0%   177 1650s
 472791 203921   72.00000   54   71   81.00000   51.00000  37.0%   177 1665s
 475340 205281   66.00000   53  171   81.00000   51.00000  37.0%   177 1680s
 478072 206636   80.00000   49  101   81.00000   51.00000  37.0%   177 1700s
 480828 207868 infeasible   56        81.00000   51.00000  37.0%   177 1716s
 483624 209096   67.00000   50  151   81.00000   51.00000  37.0%   177 1731s
 486224 210440   62.00000   46  212   81.00000   51.00000  37.0%   177 1748s
 488980 211604   78.00000   50  181   81.00000   51.00000  37.0%   177 1761s
 491345 212810 infeasible   71        81.00000   51.00000  37.0%   177 1775s
 493825 214242   79.00000   60   78   81.00000   51.00000  37.0%   177 1792s
 496596 215769 infeasible   55        81.00000   51.00000  37.0%   177 1810s
 499836 217152 infeasible   72        81.00000   51.00000  37.0%   177 1829s
 502898 218500   80.00000   67   46   81.00000   51.00000  37.0%   177 1848s
 505999 219763   51.00000   27  205   81.00000   51.00000  37.0%   177 1864s
 508606 220977   66.00000   47  109   81.00000   51.00000  37.0%   177 1879s
 511159 222139   65.00000   40  163   81.00000   51.00000  37.0%   177 1892s
 513611 223398   80.00000   50  141   81.00000   51.00000  37.0%   177 1913s
 516609 224595   74.00000   42  101   81.00000   51.00000  37.0%   177 1928s
 519355 225855 infeasible   53        81.00000   51.00000  37.0%   177 1944s
 522137 227164   80.00000   53   85   81.00000   51.00000  37.0%   177 1961s
 524992 228304   80.00000   63  108   81.00000   51.00000  37.0%   177 1980s
 527568 229641   65.00000   36   97   81.00000   51.00000  37.0%   177 1998s
 530393 230926   80.00000   51   80   81.00000   51.00000  37.0%   177 2014s
 533099 232125   61.00000   58  133   81.00000   51.00000  37.0%   178 2034s
 535746 233253   69.00000   41  127   81.00000   51.00000  37.0%   178 2050s
 538275 234228 infeasible   59        81.00000   51.00000  37.0%   178 2062s
 540419 235586   63.00000   49  194   81.00000   51.00000  37.0%   178 2081s
 543182 236891   77.00000   55  125   81.00000   51.00000  37.0%   178 2099s
 545985 238084   80.00000   67   39   81.00000   51.00000  37.0%   178 2116s
 548664 239338   61.00000   47  217   81.00000   51.00000  37.0%   178 2136s
 551344 240623   67.00000   57  145   81.00000   51.00000  37.0%   178 2153s
 554018 241755   71.00000   53  103   81.00000   51.00000  37.0%   178 2169s
 556479 243175   78.00000   61   67   81.00000   51.00000  37.0%   178 2188s
 559369 244209   75.00000   60   80   81.00000   51.00000  37.0%   178 2208s
 562098 245563   79.00000   60   60   81.00000   51.00000  37.0%   178 2227s
 564974 246760 infeasible   61        81.00000   51.00000  37.0%   178 2245s
 567620 247793 infeasible   58        81.00000   51.00000  37.0%   178 2262s
 570057 248985   67.00000   44  179   81.00000   51.00000  37.0%   178 2281s
 572939 250085   80.00000   59   68   81.00000   51.00000  37.0%   178 2299s
 575806 251147   77.00000   63  106   81.00000   51.00000  37.0%   179 2315s
 578078 252561   75.00000   45  132   81.00000   51.00000  37.0%   179 2336s
 581159 253718     cutoff   65        81.00000   51.00000  37.0%   179 2356s
 583651 254844 infeasible   56        81.00000   51.00000  37.0%   179 2377s
 586455 256073 infeasible   63        81.00000   51.00000  37.0%   179 2400s
 589456 257272   67.00000   53  184   81.00000   51.00000  37.0%   179 2424s
 592343 258431   68.00000   53  147   81.00000   51.00000  37.0%   179 2442s
 594923 259734 infeasible   70        81.00000   51.00000  37.0%   179 2466s
 598071 260829   66.00000   51  190   81.00000   51.00000  37.0%   179 2487s
 600843 261876     cutoff   45        81.00000   51.00000  37.0%   179 2504s
 603176 263055   67.00000   60  166   81.00000   51.00000  37.0%   179 2519s
 605758 264028   80.00000   63   85   81.00000   51.00000  37.0%   179 2533s
 607925 265128   80.00000   59   42   81.00000   51.00000  37.0%   179 2558s
 610850 266298 infeasible   72        81.00000   51.00000  37.0%   179 2581s
 613829 267477   77.00000   57   79   81.00000   51.00000  37.0%   179 2600s
 616589 268576   72.00000   47  128   81.00000   51.00000  37.0%   179 2620s
 619096 269699   75.00000   55   85   81.00000   51.00000  37.0%   179 2639s
 621687 270791   67.00000   48  201   81.00000   51.00000  37.0%   179 2658s
 624238 271817   61.00000   54   94   81.00000   51.00000  37.0%   180 2678s
 626751 273015 infeasible   64        81.00000   51.00000  37.0%   180 2700s
 629593 274218   71.00000   47  108   81.00000   51.00000  37.0%   180 2717s
 632249 275395   76.00000   40  100   81.00000   51.00000  37.0%   180 2743s
 635057 276643   78.00000   52   76   81.00000   51.00000  37.0%   180 2765s
 637802 277881 infeasible   61        81.00000   51.00000  37.0%   180 2788s
 640692 279029 infeasible   57        81.00000   51.00000  37.0%   180 2810s
 643376 280165 infeasible   54        81.00000   51.00000  37.0%   180 2833s
 645981 281371   77.00000   61   51   81.00000   51.00000  37.0%   180 2856s
 648758 282546     cutoff   50        81.00000   51.00000  37.0%   180 2876s
 651452 283414     cutoff   57        81.00000   51.00000  37.0%   180 2897s
 653694 284505 infeasible   55        81.00000   51.00000  37.0%   180 2919s
 656439 285715   51.00000   55  193   81.00000   51.00000  37.0%   180 2940s
 659234 286943   72.00000   46  112   81.00000   51.00000  37.0%   180 2968s
 662096 288095   66.00000   55  174   81.00000   51.00000  37.0%   180 2989s
 664361 288095   63.00000   62  147   81.00000   51.00000  37.0%   180 2990s
 664779 289165   78.00000   61   69   81.00000   51.00000  37.0%   180 3012s
 667517 290179   73.00000   70  118   81.00000   51.00000  37.0%   180 3034s
 669941 291311   56.00000   51  254   81.00000   51.00000  37.0%   180 3058s
 672950 292582 infeasible   59        81.00000   51.00000  37.0%   180 3078s
 675602 293641   80.00000   56   46   81.00000   51.00000  37.0%   180 3102s
*678089 275190              66      80.0000000   51.00000  36.3%   180 3102s
 678245 276179   68.00000   51  135   80.00000   51.00000  36.3%   180 3123s
 680761 277289   65.00000   42  161   80.00000   51.00000  36.3%   181 3146s
 683348 278358 infeasible   57        80.00000   51.00000  36.3%   181 3169s
 685514 278358   79.00000   58   86   80.00000   51.00000  36.3%   181 3170s
 685935 279596   61.00000   49  184   80.00000   51.00000  36.3%   181 3193s
 688692 280742   71.00000   48  154   80.00000   51.00000  36.3%   181 3214s
 691424 281739   51.00000   53  217   80.00000   51.00000  36.3%   181 3236s
 693927 282683   67.00000   52  105   80.00000   51.00000  36.3%   181 3253s
 696138 283913   76.00000   58   77   80.00000   51.00000  36.3%   181 3277s
 698958 285238   62.00000   58  154   80.00000   51.00000  36.3%   181 3306s
 701955 286632   76.00000   52  136   80.00000   51.00000  36.3%   181 3335s
 705046 287616   67.00000   55  108   80.00000   51.00000  36.3%   181 3358s
 707817 288707   79.00000   62  104   80.00000   51.00000  36.3%   181 3381s
 710480 289786 infeasible   66        80.00000   51.00000  36.3%   181 3405s
 712998 291043   79.00000   69   31   80.00000   51.00000  36.3%   182 3432s
 716036 292016 infeasible   60        80.00000   51.00000  36.3%   182 3454s
 718337 293294   51.00000   48  174   80.00000   51.00000  36.3%   182 3480s
 721305 294508 infeasible   56        80.00000   51.00000  36.3%   182 3506s
 724263 295430   61.00000   43  159   80.00000   51.00000  36.3%   182 3534s
 726969 296620   63.00000   63  146   80.00000   51.00000  36.3%   182 3556s
 729493 297761   77.00000   61  148   80.00000   51.00000  36.3%   182 3579s
 732083 298931   78.00000   69  138   80.00000   51.00000  36.3%   182 3608s
 734811 300089   62.00000   54  121   80.00000   51.00000  36.3%   182 3632s
 737559 301238   69.00000   54   98   80.00000   51.00000  36.3%   182 3656s
 740186 302211   78.00000   54  141   80.00000   51.00000  36.3%   182 3676s
 742513 303351   62.00000   61  129   80.00000   51.00000  36.3%   182 3702s
 745144 304641   68.00000   57  111   80.00000   51.00000  36.3%   182 3729s
 747488 304641 infeasible   67        80.00000   51.00000  36.3%   183 3730s
 748159 305846   71.00000   43  110   80.00000   51.00000  36.3%   183 3760s
 751269 306936 infeasible   57        80.00000   51.00000  36.3%   183 3784s
 753813 307998   67.00000   54  197   80.00000   51.00000  36.3%   183 3808s
 756360 309152 infeasible   72        80.00000   51.00000  36.3%   183 3834s
 759035 310128   74.00000   69   80   80.00000   51.00000  36.3%   183 3857s
 761559 311301   62.00000   61  148   80.00000   51.00000  36.3%   183 3882s
 764356 312317     cutoff   56        80.00000   51.00000  36.3%   183 3908s
 766869 313337   74.00000   64   66   80.00000   51.00000  36.3%   183 3932s
 769561 314345   72.00000   57   97   80.00000   51.00000  36.3%   183 3956s
 772069 315383   71.00000   52  169   80.00000   51.00000  36.3%   183 3982s
 774496 316553   68.00000   61   91   80.00000   51.00000  36.3%   183 4006s
 777130 317719   51.00000   54  270   80.00000   51.00000  36.3%   183 4029s
 779087 317719 infeasible   55        80.00000   51.00000  36.3%   184 4030s
 779824 318692   72.00000   44  106   80.00000   51.00000  36.3%   184 4058s
 782584 319805   68.00000   57  116   80.00000   51.00000  36.3%   184 4085s
 785321 320823   63.00000   52  121   80.00000   51.00000  36.3%   184 4107s
 787716 321697 infeasible   61        80.00000   51.00000  36.3%   184 4130s
 789906 322833   79.00000   76   31   80.00000   51.00000  36.3%   184 4158s
 792666 323938   69.00000   62   85   80.00000   51.00000  36.3%   184 4182s
 795362 325120   61.00000   64  257   80.00000   51.00000  36.3%   184 4214s
 798146 326481   70.00000   47  154   80.00000   51.00000  36.3%   184 4245s
 801180 327654 infeasible   69        80.00000   51.00000  36.3%   184 4274s
 803847 328640   70.00000   42  104   80.00000   51.00000  36.3%   185 4302s
 806605 329904   79.00000   45  194   80.00000   51.00000  36.3%   185 4328s
 809427 330675     cutoff   72        80.00000   51.00000  36.3%   185 4351s
 811689 331984 infeasible   73        80.00000   51.00000  36.3%   185 4379s
 814670 333166   67.00000   57  127   80.00000   51.00000  36.3%   185 4407s
 817479 334244   51.00000   49  207   80.00000   51.00000  36.3%   185 4434s
 819993 335483 infeasible   62        80.00000   51.00000  36.3%   185 4460s
 822726 336752 infeasible   59        80.00000   51.00000  36.3%   185 4487s
 825582 337897   70.00000   53  131   80.00000   51.00000  36.3%   185 4515s
 828224 338975 infeasible   65        80.00000   51.00000  36.3%   185 4537s
 830635 340049   63.00000   63  192   80.00000   51.00000  36.3%   185 4561s
 833149 341079   79.00000   65   47   80.00000   51.00000  36.3%   186 4581s
 835454 342193   63.00000   68  156   80.00000   51.00000  36.3%   186 4606s
 838123 343360   79.00000   55  143   80.00000   51.00000  36.3%   186 4641s
 841163 344459   69.00000   76  109   80.00000   51.00000  36.3%   186 4666s
 843730 345503   78.00000   57   44   80.00000   51.00000  36.3%   186 4693s
 846479 346643   66.00000   41  192   80.00000   51.00000  36.3%   186 4721s
 849078 347643   62.00000   64  136   80.00000   51.00000  36.3%   186 4748s
 851820 348599   62.00000   56  184   80.00000   51.00000  36.3%   186 4774s
 854483 349806   73.00000   57  108   80.00000   51.00000  36.3%   186 4803s
 857011 350942   77.00000   66   61   80.00000   51.00000  36.3%   186 4827s
 859524 352076   70.00000   55  118   80.00000   51.00000  36.3%   186 4853s
 862080 352937   67.00000   63  112   80.00000   51.00000  36.3%   187 4881s
 864574 354033 infeasible   62        80.00000   51.00000  36.3%   187 4909s
 867250 355280   66.00000   50  145   80.00000   51.00000  36.3%   187 4937s
 869997 356426 infeasible   50        80.00000   51.00000  36.3%   187 4968s
 872588 357657 infeasible   71        80.00000   51.00000  36.3%   187 4995s
 875238 358802     cutoff   45        80.00000   51.00000  36.3%   187 5023s
 877842 359918 infeasible   51        80.00000   51.00000  36.3%   187 5054s
 880544 360973   67.00000   54  125   80.00000   51.00000  36.3%   187 5079s
 882871 362142   51.00000   48  263   80.00000   51.00000  36.3%   187 5107s
 885514 363293   77.00000   65   90   80.00000   51.00000  36.3%   187 5138s
 888124 364566   75.00000   58   93   80.00000   51.00000  36.3%   187 5170s
 891059 365694   61.00000   65  183   80.00000   51.00000  36.3%   188 5200s
 893560 366921   62.00000   60  147   80.00000   51.00000  36.3%   188 5229s
 896324 368181   66.00000   47  132   80.00000   51.00000  36.3%   188 5260s
 899181 369244   73.00000   67  109   80.00000   51.00000  36.3%   188 5294s
 901929 369244   77.00000   58   31   80.00000   51.00000  36.3%   188 5295s
 902040 370429 infeasible   71        80.00000   51.00000  36.3%   188 5325s
 904859 371321   77.00000   47  122   80.00000   51.00000  36.3%   188 5349s
 907401 372448 infeasible   48        80.00000   51.00000  36.3%   188 5379s
 909918 373487   51.00000   54  211   80.00000   51.00000  36.3%   188 5406s
 912440 374714   67.00000   48  143   80.00000   51.00000  36.3%   188 5434s
 915122 375736   79.00000   55  122   80.00000   51.00000  36.3%   188 5464s
 917578 376897   61.00000   58  182   80.00000   51.00000  36.3%   188 5495s
 920366 378022   71.00000   52  202   80.00000   51.00000  36.3%   188 5527s
 923020 379244   69.00000   74   87   80.00000   51.00000  36.3%   189 5560s
 925931 380411   58.00000   42  238   80.00000   51.00000  36.3%   189 5587s
 928456 381421   65.00000   64  179   80.00000   51.00000  36.3%   189 5615s
 930844 382657 infeasible   67        80.00000   51.00000  36.3%   189 5642s
 933453 383952 infeasible   62        80.00000   51.00000  36.3%   189 5675s
 936282 385172   77.00000   40  141   80.00000   51.00000  36.3%   189 5706s
 938893 386271   68.00000   66  134   80.00000   51.00000  36.3%   189 5733s
 941374 387485 infeasible   56        80.00000   51.00000  36.3%   189 5765s
 944052 388714   66.00000   60  139   80.00000   51.00000  36.3%   189 5795s
 946767 389686 infeasible   62        80.00000   51.00000  36.3%   189 5826s
 949580 390791   70.00000   37  110   80.00000   51.00000  36.3%   189 5856s
 952139 391849 infeasible   55        80.00000   51.00000  36.3%   189 5882s
 954573 393048   78.00000   45  114   80.00000   51.00000  36.3%   189 5913s
 957316 394309   77.00000   61  116   80.00000   51.00000  36.3%   190 5945s
 959925 395422   79.00000   62   60   80.00000   51.00000  36.3%   190 5977s
 962694 396649   74.00000   41  178   80.00000   51.00000  36.3%   190 6011s
 965357 397865   71.00000   55   69   80.00000   51.00000  36.3%   190 6041s
 968085 398962   79.00000   58  151   80.00000   51.00000  36.3%   190 6068s
 970483 399988 infeasible   48        80.00000   51.00000  36.3%   190 6100s
 973154 401123   77.00000   60   62   80.00000   51.00000  36.3%   190 6130s
 975840 402251   62.00000   35  222   80.00000   51.00000  36.3%   190 6159s
 978351 403399   75.00000   38  193   80.00000   51.00000  36.3%   190 6193s
 981037 404695   77.00000   57  104   80.00000   51.00000  36.3%   190 6224s
 983855 405826   77.00000   58   61   80.00000   51.00000  36.3%   190 6251s
 986425 406880   57.00000   45  282   80.00000   51.00000  36.3%   190 6279s
 988932 408148   70.00000   44  147   80.00000   51.00000  36.3%   190 6308s
 991620 409326   65.00000   54  207   80.00000   51.00000  36.3%   190 6334s
 994117 410430     cutoff   54        80.00000   51.00000  36.3%   190 6364s
 995415 410430   51.00000   34  184   80.00000   51.00000  36.3%   190 6365s
 996510 411573   77.00000   45  109   80.00000   51.00000  36.3%   190 6390s
 999174 412504   66.00000   42  167   80.00000   51.00000  36.3%   191 6421s
 1001568 413690   79.00000   67   31   80.00000   51.00000  36.3%   191 6452s
 1004266 414873   61.00000   40  202   80.00000   51.00000  36.3%   191 6485s
 1007124 415971   79.00000   57   52   80.00000   51.00000  36.3%   191 6517s
 1009683 416966   63.00000   58  219   80.00000   51.00000  36.3%   191 6547s
 1012418 418170 infeasible   64        80.00000   51.00000  36.3%   191 6575s
 1015011 419387   75.00000   61   48   80.00000   51.00000  36.3%   191 6608s
 1017708 420676   66.00000   59  147   80.00000   51.00000  36.3%   191 6641s
 1020553 421651 infeasible   42        80.00000   51.00000  36.3%   191 6672s
 1023108 422765   57.00000   48  237   80.00000   51.00000  36.3%   191 6701s
 1025610 423937   76.00000   52   78   80.00000   51.00000  36.3%   191 6731s
 1028224 424979 infeasible   68        80.00000   51.00000  36.3%   191 6765s
 1030860 426059 infeasible   61        80.00000   51.00000  36.3%   191 6791s
 1033303 427182   70.00000   34  241   80.00000   51.00000  36.3%   191 6822s
 1035972 428375   51.00000   43  216   80.00000   51.00000  36.3%   191 6858s
 1038643 429436 infeasible   59        80.00000   51.00000  36.3%   192 6887s
 1041154 430510   62.00000   57  218   80.00000   51.00000  36.3%   192 6915s
 1043478 431760   79.00000   74   75   80.00000   51.00000  36.3%   192 6953s
 1046326 432811   76.00000   51  179   80.00000   51.00000  36.3%   192 6982s
 1048738 433803   70.00000   64   73   80.00000   51.00000  36.3%   192 7016s
 1051496 434984     cutoff   57        80.00000   51.00000  36.3%   192 7047s
 1054065 436089   77.00000   73   40   80.00000   51.00000  36.3%   192 7078s
 1056686 437215 infeasible   64        80.00000   51.00000  36.3%   192 7116s
 1059466 438421   70.00000   34  245   80.00000   51.00000  36.3%   192 7146s
 1062155 439572   79.00000   55   82   80.00000   51.00000  36.3%   192 7177s
 1064780 440755     cutoff   57        80.00000   51.00000  36.3%   192 7216s
 1067634 441927   62.00000   41  305   80.00000   51.00000  36.3%   192 7248s
 1070334 442926   67.00000   47  169   80.00000   51.00000  36.3%   192 7277s
 1072806 444020   67.00000   65  137   80.00000   51.00000  36.3%   192 7311s
 1075357 445199   77.00000   70   68   80.00000   51.00000  36.3%   192 7344s
 1078087 446464 infeasible   59        80.00000   51.00000  36.3%   192 7375s
 1080759 447630 infeasible   56        80.00000   51.00000  36.3%   193 7408s
 1083299 448880     cutoff   50        80.00000   51.00000  36.3%   193 7443s
 1086127 450014   71.00000   53  139   80.00000   51.00000  36.3%   193 7476s
 1088803 451249   64.00000   54  117   80.00000   51.00000  36.3%   193 7514s
 1091607 452420   71.00000   58   86   80.00000   51.00000  36.3%   193 7545s
 1094280 453537   62.00000   51  253   80.00000   51.00000  36.3%   193 7578s
 1096875 454512   56.00000   49  291   80.00000   51.00000  36.3%   193 7609s
 1099324 455685   69.00000   32  203   80.00000   51.00000  36.3%   193 7641s
 1101981 456780   67.00000   51  126   80.00000   51.00000  36.3%   193 7673s
 1104400 457900   70.00000   54  177   80.00000   51.00000  36.3%   193 7707s
 1107328 459132   77.00000   73  171   80.00000   51.00000  36.3%   193 7742s
 1110170 460183   75.00000   50  139   80.00000   51.00000  36.3%   193 7780s
 1112900 461076 infeasible   69        80.00000   51.00000  36.3%   193 7809s
 1115348 462312 infeasible   70        80.00000   51.00000  36.3%   193 7843s
 1118131 463497   77.00000   67   75   80.00000   51.00000  36.3%   193 7875s
 1120559 464752   51.00000   30  289   80.00000   51.00000  36.3%   193 7910s
 1123485 465954   57.00000   49  222   80.00000   51.00000  36.3%   193 7941s
 1126151 466975   79.00000   50   80   80.00000   51.00000  36.3%   193 7976s
 1128799 468169   55.00000   23  282   80.00000   51.00000  36.3%   193 8007s
 1131398 469287   75.00000   45  162   80.00000   51.00000  36.3%   193 8043s
 1134008 470625 infeasible   59        80.00000   51.00000  36.3%   194 8079s
 1136835 471751   78.00000   75   31   80.00000   51.00000  36.3%   194 8111s
 1139376 472771   60.00000   38  293   80.00000   51.00000  36.3%   194 8148s
 1142044 473969 infeasible   65        80.00000   51.00000  36.3%   194 8179s
 1144590 475332   77.00000   69  134   80.00000   51.00000  36.3%   194 8214s
 1146781 475332 infeasible   61        80.00000   51.00000  36.3%   194 8215s
 1147459 476571   51.00000   39  144   80.00000   51.00000  36.3%   194 8249s
 1150023 477683   66.00000   36  165   80.00000   51.00000  36.3%   194 8281s
 1152664 478889   74.00000   42  119   80.00000   51.00000  36.3%   194 8316s
 1155371 479972   79.00000   49  144   80.00000   51.00000  36.3%   194 8350s
 1157884 480893 infeasible   62        80.00000   51.00000  36.3%   194 8383s
 1160428 482066   77.00000   46   42   80.00000   51.00000  36.3%   194 8416s
 1163059 483371 infeasible   57        80.00000   51.00000  36.3%   194 8451s
 1165813 484226   62.00000   39  211   80.00000   51.00000  36.3%   194 8479s
 1168118 485427   76.00000   59   91   80.00000   51.00000  36.3%   194 8518s
 1171128 486504 infeasible   51        80.00000   51.00000  36.3%   194 8556s
 1173741 487795   72.00000   55   87   80.00000   51.00000  36.3%   194 8591s
 1176560 489015   51.00000   55  237   80.00000   51.00000  36.3%   194 8629s
 1179236 490267   77.00000   54  121   80.00000   51.00000  36.3%   194 8665s
 1182007 491543   77.00000   59   85   80.00000   51.00000  36.3%   194 8703s
 1184948 492675 infeasible   65        80.00000   51.00000  36.3%   194 8742s
 1187648 493839   77.00000   61   49   80.00000   51.00000  36.3%   194 8772s
 1190069 495011     cutoff   61        80.00000   51.00000  36.3%   194 8806s
 1192702 496313     cutoff   57        80.00000   51.00000  36.3%   194 8849s
 1195649 497326   51.00000   46  214   80.00000   51.00000  36.3%   194 8881s
 1197979 498570   51.00000   42  284   80.00000   51.00000  36.3%   194 8917s
 1200799 499840   71.00000   51  122   80.00000   51.00000  36.3%   194 8956s
 1203581 501042 infeasible   77        80.00000   51.00000  36.3%   194 8993s
 1206571 502216   78.00000   44   94   80.00000   51.00000  36.3%   195 9030s
 1209420 503261     cutoff   60        80.00000   51.00000  36.3%   195 9066s
 1211923 504533   65.00000   48  165   80.00000   51.00000  36.3%   195 9104s
 1214815 505610   63.00000   52  199   80.00000   51.00000  36.3%   195 9136s
 1217359 506713   75.00000   66  115   80.00000   51.00000  36.3%   195 9175s
 1219937 507958   67.00000   50  200   80.00000   51.00000  36.3%   195 9208s
 1222586 509162 infeasible   38        80.00000   51.00000  36.3%   195 9241s
 1225221 510218 infeasible   57        80.00000   51.00000  36.3%   195 9276s
 1227829 511289 infeasible   53        80.00000   51.00000  36.3%   195 9307s
 1230300 512400   67.00000   49  166   80.00000   51.00000  36.3%   195 9350s
 1233083 513405 infeasible   46        80.00000   51.00000  36.3%   195 9380s
 1235459 514634   70.00000   42  157   80.00000   51.00000  36.3%   195 9423s
 1238659 515732     cutoff   56        80.00000   51.00000  36.3%   195 9462s
 1241238 516831   79.00000   54  142   80.00000   51.00000  36.3%   195 9497s
 1243806 517984   78.00000   57   73   80.00000   51.00000  36.3%   195 9531s
 1246328 519102   59.00000   42  241   80.00000   51.00000  36.3%   195 9570s
 1248908 520411   67.00000   48  186   80.00000   51.00000  36.3%   195 9608s
 1251762 521657   76.00000   49   76   80.00000   51.00000  36.3%   195 9641s
 1254601 522759   78.00000   59   99   80.00000   51.00000  36.3%   195 9680s
 1257236 523743   72.00000   49  129   80.00000   51.00000  36.3%   195 9713s
 1259663 525004   57.00000   42  224   80.00000   51.00000  36.3%   195 9749s
 1262334 526221   61.00000   42  153   80.00000   51.00000  36.3%   195 9787s
 1264963 527499   78.00000   59   87   80.00000   51.00000  36.3%   195 9823s
 1267703 528599   78.00000   53   95   80.00000   51.00000  36.3%   195 9858s
 1270360 529769   77.00000   56  105   80.00000   51.00000  36.3%   195 9899s
 1273094 530915   55.00000   45  159   80.00000   51.00000  36.3%   196 9937s
 1275785 531890   72.00000   52  110   80.00000   51.00000  36.3%   196 9976s
 1278421 533064 infeasible   62        80.00000   51.00000  36.3%   196 10014s
 1281171 534139     cutoff   54        80.00000   51.00000  36.3%   196 10046s
 1283641 535158   55.00000   47  249   80.00000   51.00000  36.3%   196 10087s
 1286392 536324   66.00000   41  205   80.00000   51.00000  36.3%   196 10122s
 1289044 537401 infeasible   55        80.00000   51.00000  36.3%   196 10161s
 1291814 538550   71.00000   57   67   80.00000   51.00000  36.3%   196 10206s
 1294693 539622 infeasible   60        80.00000   51.00000  36.3%   196 10242s
 1297305 540785 infeasible   62        80.00000   51.00000  36.3%   196 10280s
 1300159 541952   55.00000   56  152   80.00000   51.00000  36.3%   196 10317s
 1302764 543257   77.00000   54  139   80.00000   51.00000  36.3%   196 10355s
 1305542 544370 infeasible   56        80.00000   51.00000  36.3%   196 10390s
 1308021 545436   72.00000   61   66   80.00000   51.00000  36.3%   196 10428s
 1310498 546594 infeasible   59        80.00000   51.00000  36.3%   196 10468s
 1313404 547788 infeasible   51        80.00000   51.00000  36.3%   196 10505s
 1316068 549019   64.00000   47  157   80.00000   51.00000  36.3%   196 10546s
 1318789 550170 infeasible   55        80.00000   51.00000  36.3%   196 10584s
 1321541 551136 infeasible   61        80.00000   51.00000  36.3%   196 10620s
 1324319 552338   51.00000   38  184   80.00000   51.00000  36.3%   196 10659s
 1326892 553449   77.00000   62   96   80.00000   51.00000  36.3%   196 10697s
 1329679 554509   79.00000   71   79   80.00000   51.00000  36.3%   196 10735s
 1332129 555659   65.00000   43  185   80.00000   51.00000  36.3%   196 10776s
 1334929 556278 infeasible   49        80.00000   51.00000  36.3%   196 10800s

Explored 1336505 nodes (262525598 simplex iterations) in 10800.46 seconds (3898.66 work units)
Thread count was 18 (of 36 available processors)

Solution count 10: 80 81 82 ... 90

Time limit reached
Best objective 8.000000000000e+01, best bound 5.100000000000e+01, gap 36.2500%
