
Gurobi 11.0.0 (win64) logging started Sat May 18 11:59:21 2024

Set parameter LogFile to value "./Results/StripPacking-SequencePairBranchRuns/Logs/SBspbM-010-StripPacking-20.log"
Set parameter TimeLimit to value 10800
Set parameter Cuts to value 0
Set parameter Presolve to value 1
Set parameter Heuristics to value 0
Set parameter LPWarmStart to value 2
Gurobi Optimizer version 11.0.0 build v11.0.0rc2 (win64 - Windows 10.0 (19045.2))

CPU model: Intel(R) Core(TM) i9-10980XE CPU @ 3.00GHz, instruction set [SSE2|AVX|AVX2|AVX512]
Thread count: 18 physical cores, 36 logical processors, using up to 18 threads

Optimize a model with 14625 rows, 951 columns and 43850 nonzeros
Model fingerprint: 0xd5f45e2a
Variable types: 351 continuous, 600 integer (600 binary)
Coefficient statistics:
  Matrix range     [1e+00, 1e+04]
  Objective range  [1e+00, 1e+00]
  Bounds range     [1e+00, 1e+04]
  RHS range        [1e+00, 1e+04]
Using branch priorities.

Warning: Completing partial solution with 600 unfixed non-continuous variables out of 600
User MIP start did not produce a new incumbent solution

Presolve removed 1500 rows and 0 columns
Presolve time: 0.05s
Presolved: 13125 rows, 951 columns, 39950 nonzeros
Variable types: 351 continuous, 600 integer (600 binary)

Root relaxation: objective 3.600000e+01, 2327 iterations, 0.21 seconds (0.32 work units)
Another try with MIP start

    Nodes    |    Current Node    |     Objective Bounds      |     Work
 Expl Unexpl |  Obj  Depth IntInf | Incumbent    BestBd   Gap | It/Node Time

H    0     0                     140.0000000   36.00000  74.3%     -    2s
     0     0   36.00000    0  176  140.00000   36.00000  74.3%     -    2s
     0     0   36.00000    0  150  140.00000   36.00000  74.3%     -    2s
     0     2   36.00000    0  149  140.00000   36.00000  74.3%     -    3s
   126   153   53.00000    8  144  140.00000   36.00000  74.3%   446    5s
* 1930  1818              88     122.0000000   36.00000  70.5%   130    8s
* 2440  1987             117     117.0000000   40.51852  65.4%   112    9s
  3241  2747 infeasible   63       117.00000   40.51852  65.4%   102   10s
* 3328  2300             103     108.0000000   40.51852  62.5%   100   10s
  3924  2469   42.00000   16  222  108.00000   42.00000  61.1%   103   15s
* 4524  2718              58     107.0000000   42.00000  60.7%   114   19s
  4800  2927   79.00000   43  145  107.00000   42.00000  60.7%   114   20s
* 5557  2815              87     100.0000000   42.00000  58.0%   112   21s
* 6140  2550              98      99.0000000   42.00000  57.6%   112   23s
* 6144  2410              98      98.0000000   42.00000  57.1%   112   23s
* 6408  2123              98      95.0000000   42.00000  55.8%   116   24s
  6711  2228   75.00000   28  149   95.00000   42.00000  55.8%   121   25s
* 6812  2063              68      94.0000000   42.00000  55.3%   121   25s
  8589  2768   57.00000   19  201   94.00000   42.00000  55.3%   135   30s
* 8857  2304              74      92.0000000   42.00000  54.3%   135   30s
*10019  2463              77      91.0000000   50.00000  45.1%   143   33s
 10576  2870   86.00000   35  145   91.00000   50.00000  45.1%   146   35s
*10981  2521              72      89.0000000   50.00000  43.8%   148   36s
*11500  2406              81      88.0000000   55.00000  37.5%   150   37s
 12526  2918   85.00000   41   82   88.00000   55.00000  37.5%   158   40s
 13889  3596 infeasible   48        88.00000   55.00000  37.5%   171   45s
 15586  4442   56.00000   39  256   88.00000   55.00000  37.5%   183   50s
 17544  5516   84.00000   37  194   88.00000   55.00000  37.5%   190   55s
 18944  6314   82.00000   43   50   88.00000   57.00000  35.2%   196   60s
 20893  7387   86.00000   48  122   88.00000   57.00000  35.2%   199   65s
 22951  8398   85.00000   62  158   88.00000   57.00000  35.2%   203   71s
 24653  9339   78.00000   36  144   88.00000   58.00000  34.1%   204   75s
 27734 10759   78.00000   41  200   88.00000   58.00000  34.1%   203   82s
 29927 11851   80.00000   42  111   88.00000   58.00000  34.1%   202   87s
 31276 12612   77.00000   36   96   88.00000   58.00000  34.1%   201   90s
 34492 14569   62.00000   39  144   88.00000   59.00000  33.0%   196   97s
 36522 15470   80.00000   42  127   88.00000   59.00000  33.0%   192  101s
 38340 16402   59.00000   40  146   88.00000   59.00000  33.0%   190  105s
*38407 14069              85      87.0000000   59.00000  32.2%   190  105s
*40560 13553              89      86.0000000   59.00000  31.4%   187  109s
 42431 14312   83.00000   40  118   86.00000   59.00000  31.4%   185  113s
*42889 11879              81      85.0000000   59.00000  30.6%   184  113s
 44290 12262     cutoff   47        85.00000   59.00000  30.6%   183  118s
 46224 12892   79.00000   45   97   85.00000   59.00000  30.6%   184  122s
 47746 13855 infeasible   45        85.00000   59.00000  30.6%   186  127s
 49867 14739   82.00000   36  169   85.00000   59.00000  30.6%   186  132s
 51984 15706     cutoff   60        85.00000   59.00000  30.6%   187  137s
 54042 16762   84.00000   52   62   85.00000   59.00000  30.6%   188  142s
 56509 17730   80.00000   48   80   85.00000   59.00000  30.6%   187  147s
 58590 18682   81.00000   30  105   85.00000   59.00000  30.6%   187  152s
 60717 19572   84.00000   49   71   85.00000   59.00000  30.6%   187  156s
 62766 20423   81.00000   58   57   85.00000   59.00000  30.6%   188  161s
 64951 21321   77.00000   46   95   85.00000   59.00000  30.6%   188  166s
 67098 22169 infeasible   53        85.00000   59.00000  30.6%   188  172s
 69408 23063   79.00000   50   63   85.00000   59.00000  30.6%   188  176s
 71491 23931   84.00000   53   84   85.00000   59.00000  30.6%   188  181s
 73363 24891   59.00000   33  205   85.00000   59.00000  30.6%   189  186s
 75497 25908   59.00000   44  129   85.00000   59.00000  30.6%   189  191s
 77638 26859   74.00000   49   97   85.00000   59.00000  30.6%   190  196s
 79932 27826   80.00000   51  135   85.00000   59.00000  30.6%   190  201s
 82239 28664   78.00000   35  128   85.00000   59.00000  30.6%   190  206s
 84372 29583   76.00000   37  182   85.00000   59.00000  30.6%   191  212s
 86649 30479   79.00000   45   85   85.00000   59.00000  30.6%   191  217s
 88905 31551 infeasible   69        85.00000   59.00000  30.6%   191  222s
 91106 32635   81.00000   43   90   85.00000   59.00000  30.6%   192  228s
 93505 33594   83.00000   49  123   85.00000   59.00000  30.6%   192  233s
 95997 34568     cutoff   50        85.00000   59.00000  30.6%   192  240s
 98451 35708   76.00000   50  138   85.00000   59.00000  30.6%   192  245s
 101047 36818   79.00000   47   91   85.00000   59.00000  30.6%   191  251s
 103606 37716 infeasible   40        85.00000   59.00000  30.6%   191  256s
 105782 38688   82.00000   44  129   85.00000   59.00000  30.6%   191  262s
 108380 39626   81.00000   51   62   85.00000   59.00000  30.6%   191  268s
 110909 40605   82.00000   55   90   85.00000   59.00000  30.6%   191  274s
 113480 41504   66.00000   37  227   85.00000   59.00000  30.6%   190  280s
 115698 42420     cutoff   60        85.00000   59.00000  30.6%   191  285s
 117860 43372 infeasible   56        85.00000   59.00000  30.6%   191  290s
 119983 44434   80.00000   50   82   85.00000   59.00000  30.6%   191  295s
 122260 45422 infeasible   39        85.00000   59.00000  30.6%   192  301s
 124665 46525   83.00000   49   63   85.00000   59.00000  30.6%   192  307s
 127180 47502   59.00000   36  197   85.00000   59.00000  30.6%   192  313s
 129526 48396 infeasible   44        85.00000   59.00000  30.6%   192  318s
 131708 49486   84.00000   51   40   85.00000   59.00000  30.6%   192  324s
 134331 50232   84.00000   46  101   85.00000   59.00000  30.6%   192  330s
 136714 51165   75.00000   43  131   85.00000   59.00000  30.6%   192  336s
 138927 52223   82.00000   38   73   85.00000   59.00000  30.6%   192  341s
 141182 53346   76.00000   38  127   85.00000   59.00000  30.6%   193  347s
 143426 54478   76.00000   39  199   85.00000   59.00000  30.6%   193  353s
 145898 55538   74.00000   48  137   85.00000   59.00000  30.6%   193  359s
 148359 56406     cutoff   42        85.00000   59.00000  30.6%   193  365s
 150472 57318     cutoff   50        85.00000   59.00000  30.6%   194  371s
 152719 58261   76.00000   55  115   85.00000   59.00000  30.6%   194  377s
 154886 59293   69.00000   48  115   85.00000   59.00000  30.6%   195  384s
 157223 60125   84.00000   51   64   85.00000   59.00000  30.6%   195  389s
 159219 61240   74.00000   32  224   85.00000   59.00000  30.6%   195  396s
 161732 62227   79.00000   44  203   85.00000   59.00000  30.6%   196  403s
 164084 63299   77.00000   51  183   85.00000   59.00000  30.6%   196  410s
 166624 64484   78.00000   50  156   85.00000   59.00000  30.6%   196  418s
 169474 65706   81.00000   52   65   85.00000   59.00000  30.6%   196  425s
 172249 67014     cutoff   54        85.00000   59.00000  30.6%   196  434s
 175369 68288   83.00000   47   70   85.00000   59.00000  30.6%   195  441s
 178115 69188   82.00000   41   67   85.00000   59.00000  30.6%   195  448s
 180502 70089   83.00000   51   99   85.00000   59.00000  30.6%   195  455s
 182727 71115   80.00000   34  141   85.00000   59.00000  30.6%   195  461s
 185069 72127   82.00000   62   91   85.00000   59.00000  30.6%   196  468s
 187465 73088   82.00000   40  148   85.00000   59.00000  30.6%   196  475s
 189876 74158   79.00000   34  111   85.00000   59.00000  30.6%   196  481s
 192064 75258 infeasible   46        85.00000   59.00000  30.6%   196  487s
 194505 76204   82.00000   42  159   85.00000   59.00000  30.6%   197  494s
 197174 77010   81.00000   55   76   85.00000   59.00000  30.6%   197  501s
 199428 78004   83.00000   47   71   85.00000   59.00000  30.6%   197  507s
 201720 78948   81.00000   39  109   85.00000   59.00000  30.6%   197  513s
 203798 79805 infeasible   66        85.00000   59.00000  30.6%   197  519s
 205695 80993 infeasible   59        85.00000   59.00000  30.6%   198  527s
 208415 81971   82.00000   51   47   85.00000   59.00000  30.6%   198  535s
 210799 82969   80.00000   39   67   85.00000   59.00000  30.6%   198  542s
 213439 83978   77.00000   54  162   85.00000   59.00000  30.6%   198  549s
 215856 84943   79.00000   37  138   85.00000   59.00000  30.6%   198  555s
 218068 86029   81.00000   43  119   85.00000   59.00000  30.6%   198  562s
 220399 87018   84.00000   59   53   85.00000   59.00000  30.6%   198  568s
 222565 87882   84.00000   52   89   85.00000   59.00000  30.6%   199  575s
 224530 88896 infeasible   52        85.00000   59.00000  30.6%   199  582s
 227038 89740   82.00000   40  153   85.00000   59.00000  30.6%   199  589s
 229238 90592 infeasible   63        85.00000   59.00000  30.6%   199  597s
 231369 91420   59.00000   37  258   85.00000   59.00000  30.6%   199  602s
 233375 92206   79.00000   48   81   85.00000   59.00000  30.6%   200  609s
 235696 92997   79.00000   47  150   85.00000   59.00000  30.6%   200  615s
 237617 93849   76.00000   45  179   85.00000   59.00000  30.6%   200  621s
 239686 94742   80.00000   40  121   85.00000   59.00000  30.6%   201  627s
 241848 95741   84.00000   37   95   85.00000   59.00000  30.6%   201  635s
 244118 96683   82.00000   38  118   85.00000   59.00000  30.6%   201  642s
 246288 97771 infeasible   49        85.00000   59.00000  30.6%   201  650s
 248581 98673     cutoff   44        85.00000   59.00000  30.6%   201  657s
 250674 99371   73.00000   44  133   85.00000   59.00000  30.6%   202  662s
 252305 100495 infeasible   47        85.00000   59.00000  30.6%   202  671s
 254884 101381   76.00000   50  134   85.00000   59.00000  30.6%   202  679s
 257292 102322   76.00000   39  181   85.00000   59.00000  30.6%   202  687s
 259653 103362   82.00000   42   88   85.00000   59.00000  30.6%   203  694s
 261891 104453   84.00000   57   64   85.00000   59.00000  30.6%   203  702s
 264288 105489   81.00000   38  109   85.00000   59.00000  30.6%   203  709s
 266468 106363   84.00000   44  147   85.00000   59.00000  30.6%   203  715s
 268407 107369   83.00000   49  120   85.00000   59.00000  30.6%   204  723s
 270691 108352   59.00000   36  240   85.00000   59.00000  30.6%   204  731s
 273197 109154   66.00000   35  268   85.00000   59.00000  30.6%   204  739s
 275348 109899   66.00000   54  115   85.00000   59.00000  30.6%   204  745s
 277297 110836   80.00000   60   62   85.00000   59.00000  30.6%   204  751s
 279260 111834   76.00000   43  233   85.00000   59.00000  30.6%   204  758s
 281346 113029   78.00000   48  108   85.00000   59.00000  30.6%   205  767s
 283775 114127   70.00000   38  199   85.00000   59.00000  30.6%   205  776s
 286154 115148   83.00000   37   78   85.00000   59.00000  30.6%   205  784s
 288437 116072     cutoff   45        85.00000   59.00000  30.6%   205  791s
 290466 116962   82.00000   42  130   85.00000   59.00000  30.6%   205  801s
 292814 117933   80.00000   43  218   85.00000   59.00000  30.6%   205  808s
 294886 118736   79.00000   44  134   85.00000   59.00000  30.6%   206  814s
 296750 119553   81.00000   46  175   85.00000   59.00000  30.6%   206  822s
 299042 120464   83.00000   52   65   85.00000   59.00000  30.6%   206  830s
 301090 121181 infeasible   54        85.00000   59.00000  30.6%   206  838s
 303305 122003   81.00000   41  125   85.00000   59.00000  30.6%   207  847s
 305539 122898   84.00000   70   73   85.00000   59.00000  30.6%   207  855s
 307643 123731   84.00000   46   56   85.00000   59.00000  30.6%   207  863s
 309858 124634     cutoff   48        85.00000   59.00000  30.6%   207  873s
 312320 125611   84.00000   53   78   85.00000   59.00000  30.6%   207  883s
 314944 126567   81.00000   51   47   85.00000   59.00000  30.6%   207  892s
 317227 127358   78.00000   46  185   85.00000   59.00000  30.6%   207  899s
 319002 128264   83.00000   46  101   85.00000   59.00000  30.6%   208  907s
 321106 129334   84.00000   52   48   85.00000   59.00000  30.6%   208  915s
 323252 130224     cutoff   45        85.00000   59.00000  30.6%   208  923s
 325323 131009   79.00000   42  155   85.00000   59.00000  30.6%   209  930s
 327389 131839   79.00000   44  181   85.00000   59.00000  30.6%   209  939s
 329537 132745   72.00000   41  111   85.00000   59.00000  30.6%   210  947s
 331603 133554 infeasible   50        85.00000   59.00000  30.6%   210  955s
 333497 134352     cutoff   53        85.00000   59.00000  30.6%   210  962s
 335425 135214   82.00000   60  135   85.00000   59.00000  30.6%   211  970s
 337387 136185   84.00000   54  132   85.00000   59.00000  30.6%   211  979s
 339553 136724   75.00000   48  228   85.00000   59.00000  30.6%   212  986s
 341248 137435   72.00000   46  102   85.00000   59.00000  30.6%   212  994s
 343228 138235   80.00000   59  137   85.00000   59.00000  30.6%   212 1003s
 345350 138999 infeasible   52        85.00000   59.00000  30.6%   212 1012s
 347429 139723     cutoff   62        85.00000   59.00000  30.6%   213 1018s
 349215 140501   72.00000   50  137   85.00000   59.00000  30.6%   213 1025s
 350975 141203     cutoff   51        85.00000   59.00000  30.6%   213 1032s
 352637 141768   68.00000   43  288   85.00000   59.00000  30.6%   214 1039s
 354341 142298   76.00000   49  206   85.00000   59.00000  30.6%   214 1046s
 356279 142904     cutoff   52        85.00000   59.00000  30.6%   214 1053s
 358043 143453   61.00000   35  290   85.00000   59.00000  30.6%   215 1060s
 359759 144060   81.00000   42   80   85.00000   59.00000  30.6%   215 1068s
 361580 145075   78.00000   40  232   85.00000   59.00000  30.6%   216 1081s
 364088 146160   60.00000   27  150   85.00000   60.00000  29.4%   215 1093s
 366701 147019   68.00000   30  183   85.00000   60.00000  29.4%   215 1106s
 368869 147915   60.00000   38  126   85.00000   60.00000  29.4%   214 1118s
 371305 148885 infeasible   56        85.00000   60.00000  29.4%   214 1133s
 374105 149877 infeasible   68        85.00000   60.00000  29.4%   213 1149s
 376724 150953 infeasible   63        85.00000   60.00000  29.4%   212 1162s
 379322 151811   79.00000   61  116   85.00000   60.00000  29.4%   212 1171s
 381419 152655 infeasible   60        85.00000   60.00000  29.4%   211 1181s
 383372 154212 infeasible   49        85.00000   60.00000  29.4%   211 1201s
 386951 154908   72.00000   47  102   85.00000   60.00000  29.4%   210 1209s
 388897 155839   80.00000   56   83   85.00000   60.00000  29.4%   210 1219s
 391158 156580 infeasible   51        85.00000   60.00000  29.4%   209 1229s
 393021 156580   78.00000   61  103   85.00000   60.00000  29.4%   209 1230s
 393277 157402   79.00000   67   76   85.00000   60.00000  29.4%   209 1238s
 395348 158404 infeasible   56        85.00000   60.00000  29.4%   209 1249s
 397729 159237 infeasible   62        85.00000   60.00000  29.4%   208 1259s
 400150 160109 infeasible   70        85.00000   60.00000  29.4%   208 1268s
 402329 161002   82.00000   36  136   85.00000   60.00000  29.4%   207 1278s
 404615 161646   63.00000   55  182   85.00000   60.00000  29.4%   207 1289s
 406761 162964   84.00000   64   31   85.00000   60.00000  29.4%   207 1314s
 407998 162964   77.00000   34  198   85.00000   60.00000  29.4%   206 1315s
 410391 163771   83.00000   69   56   85.00000   60.00000  29.4%   206 1324s
 412601 164722 infeasible   45        85.00000   60.00000  29.4%   206 1334s
 414184 164722   80.00000   54   54   85.00000   60.00000  29.4%   205 1335s
 414894 165514     cutoff   61        85.00000   60.00000  29.4%   205 1342s
 416770 166381 infeasible   64        85.00000   60.00000  29.4%   205 1350s
 418843 166918   82.00000   46  124   85.00000   60.00000  29.4%   204 1356s
 420447 167573     cutoff   25        85.00000   60.00000  29.4%   204 1362s
 422241 168223   84.00000   46   77   85.00000   60.00000  29.4%   204 1368s
 423920 169022 infeasible   51        85.00000   60.00000  29.4%   204 1375s
 425824 169818   76.00000   61   88   85.00000   60.00000  29.4%   204 1383s
 427877 170692 infeasible   66        85.00000   60.00000  29.4%   204 1391s
 430012 171621   80.00000   45  102   85.00000   60.00000  29.4%   204 1402s
 432490 172719   73.00000   29  158   85.00000   60.00000  29.4%   204 1414s
 432956 172719 infeasible   48        85.00000   60.00000  29.4%   204 1415s
 435040 173744   79.00000   41  167   85.00000   60.00000  29.4%   203 1428s
 437578 174686   77.00000   64   53   85.00000   60.00000  29.4%   203 1438s
 440096 175437   82.00000   38  193   85.00000   60.00000  29.4%   203 1445s
 441968 176240   84.00000   38   81   85.00000   60.00000  29.4%   203 1453s
 443855 177115   61.00000   35  138   85.00000   60.00000  29.4%   203 1464s
 446055 177911 infeasible   65        85.00000   60.00000  29.4%   203 1471s
 447978 178808   69.00000   43  227   85.00000   60.00000  29.4%   203 1479s
 450018 179620   82.00000   50   81   85.00000   60.00000  29.4%   203 1488s
 452154 180531   78.00000   45  111   85.00000   60.00000  29.4%   203 1498s
 454293 181623   84.00000   39  130   85.00000   60.00000  29.4%   203 1509s
 456820 182483   83.00000   64   90   85.00000   60.00000  29.4%   203 1521s
 459373 183240 infeasible   61        85.00000   60.00000  29.4%   203 1532s
 461398 184230   83.00000   39   81   85.00000   60.00000  29.4%   203 1544s
 463820 185245   81.00000   37  146   85.00000   60.00000  29.4%   203 1554s
 466057 186256   80.00000   45  114   85.00000   60.00000  29.4%   203 1567s
 468536 187437   76.00000   61   79   85.00000   60.00000  29.4%   203 1581s
 471347 188503 infeasible   44        85.00000   60.00000  29.4%   203 1594s
 473884 189449   78.00000   48  145   85.00000   60.00000  29.4%   203 1606s
 476199 190586   60.00000   28  343   85.00000   60.00000  29.4%   203 1618s
 478733 191589   60.00000   33  192   85.00000   60.00000  29.4%   203 1632s
 481418 192587   81.00000   37  192   85.00000   60.00000  29.4%   203 1646s
 483869 193598   84.00000   48  112   85.00000   60.00000  29.4%   203 1658s
 486289 194571   80.00000   58  102   85.00000   60.00000  29.4%   203 1668s
 488466 195452   81.00000   31  218   85.00000   60.00000  29.4%   203 1677s
 490704 196384   84.00000   55   42   85.00000   60.00000  29.4%   203 1689s
 492902 197389     cutoff   38        85.00000   60.00000  29.4%   203 1701s
 495288 198362   84.00000   46  143   85.00000   60.00000  29.4%   203 1713s
 497687 199320   60.00000   28  174   85.00000   60.00000  29.4%   203 1724s
 499685 200422 infeasible   38        85.00000   60.00000  29.4%   203 1738s
 502273 201779   84.00000   43  100   85.00000   60.00000  29.4%   204 1757s
 505374 202921   60.00000   33  207   85.00000   60.00000  29.4%   204 1772s
 508054 204059 infeasible   54        85.00000   60.00000  29.4%   204 1787s
 510624 204986   79.00000   65  137   85.00000   60.00000  29.4%   204 1799s
 513180 206016   81.00000   30  110   85.00000   60.00000  29.4%   204 1813s
 515626 206965   78.00000   23  240   85.00000   60.00000  29.4%   204 1825s
 517780 207959   73.00000   54  130   85.00000   60.00000  29.4%   204 1838s
 520180 208883 infeasible   37        85.00000   60.00000  29.4%   204 1851s
 522494 209964   79.00000   41  117   85.00000   60.00000  29.4%   204 1865s
 525056 211038   84.00000   45  137   85.00000   60.00000  29.4%   204 1879s
 527693 212157 infeasible   62        85.00000   60.00000  29.4%   204 1893s
 530113 213283   83.00000   40  169   85.00000   60.00000  29.4%   205 1908s
 532858 214154   79.00000   40  215   85.00000   60.00000  29.4%   205 1920s
 535308 215220   83.00000   45   65   85.00000   60.00000  29.4%   205 1937s
 537838 216428   79.00000   56  133   85.00000   60.00000  29.4%   205 1951s
 540443 217490   81.00000   34  129   85.00000   60.00000  29.4%   205 1966s
 543104 218426   77.00000   35  168   85.00000   60.00000  29.4%   205 1978s
 545134 219612   81.00000   61   46   85.00000   60.00000  29.4%   205 1994s
 547887 220807   75.00000   30  156   85.00000   60.00000  29.4%   205 2012s
 550537 221971   84.00000   52   62   85.00000   60.00000  29.4%   205 2029s
 553378 223003   72.00000   35  154   85.00000   60.00000  29.4%   206 2047s
 556397 224303   60.00000   42  258   85.00000   60.00000  29.4%   206 2066s
 559287 225508   82.00000   46   63   85.00000   60.00000  29.4%   206 2082s
 562051 226840   79.00000   43  145   85.00000   60.00000  29.4%   206 2100s
 564969 228018   61.00000   57   79   85.00000   60.00000  29.4%   206 2118s
 567522 229228 infeasible   52        85.00000   60.00000  29.4%   206 2133s
 570090 230462   84.00000   50   61   85.00000   60.00000  29.4%   206 2151s
 572909 231633 infeasible   59        85.00000   60.00000  29.4%   206 2167s
 575552 232728   81.00000   42   95   85.00000   60.00000  29.4%   206 2181s
 578047 233849   80.00000   44  138   85.00000   60.00000  29.4%   206 2199s
 579018 233849 infeasible   50        85.00000   60.00000  29.4%   206 2200s
 580855 234976   60.00000   34  167   85.00000   60.00000  29.4%   206 2213s
 583398 235929   84.00000   44  119   85.00000   60.00000  29.4%   206 2230s
 585766 236972   79.00000   41   92   85.00000   60.00000  29.4%   206 2245s
 588283 238030   84.00000   51   92   85.00000   60.00000  29.4%   206 2261s
 590627 239401   82.00000   58  113   85.00000   60.00000  29.4%   206 2283s
 593709 240564   84.00000   42   96   85.00000   60.00000  29.4%   207 2301s
 596594 241752   83.00000   50  153   85.00000   60.00000  29.4%   207 2325s
 599507 242932   84.00000   61   58   85.00000   60.00000  29.4%   206 2344s
 602411 244029   79.00000   42  128   85.00000   60.00000  29.4%   206 2360s
 605004 245074   83.00000   58   59   85.00000   60.00000  29.4%   207 2376s
 607490 246141   72.00000   41  214   85.00000   60.00000  29.4%   207 2395s
 610141 247169 infeasible   48        85.00000   60.00000  29.4%   207 2412s
 612973 248212   60.00000   42  149   85.00000   60.00000  29.4%   207 2426s
 615350 249243 infeasible   54        85.00000   60.00000  29.4%   207 2443s
 617841 250438   82.00000   50  115   85.00000   60.00000  29.4%   207 2461s
 620542 251476   78.00000   40  215   85.00000   60.00000  29.4%   207 2477s
 623111 252687   81.00000   38  168   85.00000   60.00000  29.4%   207 2497s
 625810 253896   77.00000   44  157   85.00000   60.00000  29.4%   207 2515s
 628553 254984   84.00000   68   49   85.00000   60.00000  29.4%   207 2532s
 631209 256095   81.00000   48  179   85.00000   60.00000  29.4%   207 2550s
 633730 256943 infeasible   59        85.00000   60.00000  29.4%   207 2562s
 635836 258207   70.00000   42  176   85.00000   60.00000  29.4%   207 2586s
 639212 259326   76.00000   46  158   85.00000   60.00000  29.4%   207 2606s
 641905 260556 infeasible   62        85.00000   60.00000  29.4%   207 2624s
 644732 261713   75.00000   35  180   85.00000   60.00000  29.4%   207 2643s
 647556 262828   81.00000   53  125   85.00000   60.00000  29.4%   207 2664s
 650313 264154     cutoff   61        85.00000   60.00000  29.4%   207 2686s
 653376 265058   83.00000   39  111   85.00000   60.00000  29.4%   207 2703s
 655991 266167   76.00000   49  165   85.00000   60.00000  29.4%   208 2720s
 658461 267416 infeasible   64        85.00000   60.00000  29.4%   208 2739s
 661291 268312   79.00000   31  128   85.00000   60.00000  29.4%   208 2754s
 663796 269439   70.00000   38  155   85.00000   60.00000  29.4%   208 2775s
 666416 270615   77.00000   49  117   85.00000   60.00000  29.4%   208 2795s
 669240 271634   83.00000   49   76   85.00000   60.00000  29.4%   208 2811s
 671713 272730 infeasible   54        85.00000   60.00000  29.4%   208 2830s
 674289 273923   76.00000   45  138   85.00000   60.00000  29.4%   208 2849s
 677108 275199   80.00000   69  107   85.00000   60.00000  29.4%   208 2870s
 680010 276311   78.00000   51   83   85.00000   60.00000  29.4%   208 2891s
 682598 277298   82.00000   37  121   85.00000   60.00000  29.4%   208 2905s
 684834 278466 infeasible   60        85.00000   60.00000  29.4%   208 2927s
 687728 279777 infeasible   37        85.00000   60.00000  29.4%   208 2953s
 690665 280938 infeasible   54        85.00000   60.00000  29.4%   208 2974s
 693450 281867   83.00000   45   87   85.00000   60.00000  29.4%   208 2994s
 696139 283014   81.00000   45   92   85.00000   60.00000  29.4%   209 3019s
 698560 283014     cutoff   40        85.00000   60.00000  29.4%   209 3020s
 699048 284130   78.00000   48  110   85.00000   60.00000  29.4%   209 3039s
 701716 285342     cutoff   65        85.00000   60.00000  29.4%   209 3059s
 704477 286549   77.00000   44  124   85.00000   60.00000  29.4%   209 3079s
 707170 287576   60.00000   42  191   85.00000   60.00000  29.4%   209 3101s
 709963 288573 infeasible   57        85.00000   60.00000  29.4%   209 3119s
 712503 289650   82.00000   58   56   85.00000   60.00000  29.4%   209 3138s
 715116 290661   78.00000   47  109   85.00000   60.00000  29.4%   209 3156s
 717540 291791 infeasible   52        85.00000   60.00000  29.4%   209 3176s
 720193 292881   71.00000   40  172   85.00000   60.00000  29.4%   209 3197s
 722826 293871 infeasible   44        85.00000   60.00000  29.4%   209 3215s
 725051 294948   78.00000   55  125   85.00000   60.00000  29.4%   209 3233s
 727494 296174   79.00000   49   94   85.00000   60.00000  29.4%   209 3256s
 730390 297160   84.00000   47   43   85.00000   60.00000  29.4%   209 3274s
 732706 298522     cutoff   49        85.00000   60.00000  29.4%   209 3296s
 735784 299647   81.00000   43  120   85.00000   60.00000  29.4%   209 3319s
 738659 300763   78.00000   53  138   85.00000   60.00000  29.4%   209 3340s
 741190 301754   79.00000   47  152   85.00000   60.00000  29.4%   209 3356s
 743570 302913   84.00000   45  145   85.00000   60.00000  29.4%   209 3375s
 746223 303898   75.00000   40  153   85.00000   60.00000  29.4%   209 3399s
 748904 305014   80.00000   55   94   85.00000   60.00000  29.4%   209 3420s
 751599 305917 infeasible   49        85.00000   60.00000  29.4%   209 3439s
 754229 306851   82.00000   58   54   85.00000   60.00000  29.4%   209 3457s
 756573 307723   84.00000   57  112   85.00000   60.00000  29.4%   209 3475s
 758934 308670     cutoff   40        85.00000   60.00000  29.4%   209 3495s
 761434 309620   82.00000   42   84   85.00000   60.00000  29.4%   209 3515s
 764020 310592   69.00000   37  177   85.00000   60.00000  29.4%   209 3534s
 766340 311638     cutoff   57        85.00000   60.00000  29.4%   209 3553s
 768881 312530   84.00000   52   56   85.00000   60.00000  29.4%   209 3568s
 770939 313527   77.00000   40  252   85.00000   60.00000  29.4%   209 3587s
 773220 314681   84.00000   44   86   85.00000   60.00000  29.4%   209 3608s
 775851 315735   71.00000   42  194   85.00000   60.00000  29.4%   209 3628s
 778469 316744   79.00000   53  161   85.00000   60.00000  29.4%   209 3649s
 780834 317774   80.00000   51  125   85.00000   60.00000  29.4%   209 3671s
 783628 318664   71.00000   44  189   85.00000   60.00000  29.4%   208 3690s
 786127 319583   81.00000   57   82   85.00000   60.00000  29.4%   208 3708s
 788423 320479     cutoff   45        85.00000   60.00000  29.4%   208 3728s
 790744 321428 infeasible   72        85.00000   60.00000  29.4%   208 3748s
 793249 322352   60.00000   38  187   85.00000   60.00000  29.4%   208 3766s
 795568 323339   79.00000   43  206   85.00000   60.00000  29.4%   208 3786s
 797889 324191   84.00000   45   93   85.00000   60.00000  29.4%   208 3803s
 800097 325287   82.00000   47  126   85.00000   60.00000  29.4%   208 3822s
 802507 326249 infeasible   80        85.00000   60.00000  29.4%   208 3840s
 804656 327178   81.00000   61   74   85.00000   60.00000  29.4%   209 3857s
 807048 328139   82.00000   56   86   85.00000   60.00000  29.4%   209 3876s
 809465 329240   78.00000   54  116   85.00000   60.00000  29.4%   209 3895s
 811812 330304   77.00000   42  104   85.00000   60.00000  29.4%   209 3915s
 814376 331126   84.00000   55   62   85.00000   60.00000  29.4%   208 3931s
 816684 332087   82.00000   52   78   85.00000   60.00000  29.4%   208 3947s
 818897 333051 infeasible   45        85.00000   60.00000  29.4%   208 3965s
 821086 333993   77.00000   54  104   85.00000   60.00000  29.4%   208 3982s
 823473 334977   82.00000   53   66   85.00000   60.00000  29.4%   208 4000s
 825696 335965 infeasible   44        85.00000   60.00000  29.4%   208 4020s
 828063 336724   68.00000   39  173   85.00000   60.00000  29.4%   208 4035s
 829905 337690   67.00000   56  117   85.00000   60.00000  29.4%   208 4053s
 832136 338564 infeasible   56        85.00000   60.00000  29.4%   208 4068s
 834174 339371 infeasible   59        85.00000   60.00000  29.4%   208 4086s
 836334 340256   81.00000   43  143   85.00000   60.00000  29.4%   208 4103s
 838467 341280     cutoff   51        85.00000   60.00000  29.4%   208 4118s
 840704 342061   84.00000   57   53   85.00000   60.00000  29.4%   208 4135s
 842918 342861 infeasible   55        85.00000   60.00000  29.4%   208 4151s
 844804 343566 infeasible   60        85.00000   60.00000  29.4%   208 4166s
 846830 344465   75.00000   45  245   85.00000   60.00000  29.4%   208 4180s
 848774 345220   75.00000   38  161   85.00000   60.00000  29.4%   208 4195s
 850650 346114   77.00000   50  147   85.00000   60.00000  29.4%   208 4210s
 852696 346961     cutoff   60        85.00000   60.00000  29.4%   208 4225s
 854659 347738   83.00000   55  102   85.00000   60.00000  29.4%   208 4238s
 856468 348545     cutoff   55        85.00000   60.00000  29.4%   208 4255s
 858623 349318   83.00000   57   61   85.00000   60.00000  29.4%   208 4268s
 860403 350076   75.00000   37  141   85.00000   60.00000  29.4%   208 4283s
 862480 350881   80.00000   40  171   85.00000   60.00000  29.4%   208 4298s
 864405 351595 infeasible   55        85.00000   60.00000  29.4%   208 4314s
 866181 352492   71.00000   36  199   85.00000   60.00000  29.4%   208 4329s
 868193 353363   78.00000   47  158   85.00000   60.00000  29.4%   208 4343s
 870158 354066 infeasible   61        85.00000   60.00000  29.4%   208 4360s
 872021 354988   84.00000   60   65   85.00000   60.00000  29.4%   208 4384s
 874602 355686   82.00000   45  163   85.00000   60.96728  28.3%   207 4413s
 877323 356788 infeasible   66        85.00000   61.00000  28.2%   207 4455s
 880680 357920   78.00000   58   58   85.00000   61.00000  28.2%   207 4490s
 883620 359315 infeasible   67        85.00000   61.00000  28.2%   207 4538s
 887812 360282   82.00000   47  149   85.00000   61.00000  28.2%   206 4564s
 890429 361330 infeasible   56        85.00000   61.00000  28.2%   206 4589s
 892939 362200   81.00000   39   91   85.00000   61.00000  28.2%   206 4610s
 895288 363133     cutoff   56        85.00000   61.00000  28.2%   206 4636s
 898015 363995   83.00000   50   67   85.00000   61.00000  28.2%   206 4666s
 900556 364886   82.00000   67   65   85.00000   61.00000  28.2%   206 4691s
 903214 365752   82.00000   60   93   85.00000   61.00000  28.2%   205 4716s
 905731 367189   80.00000   42   73   85.00000   61.00000  28.2%   205 4756s
 909495 368028   79.00000   59   97   85.00000   61.00000  28.2%   205 4783s
 911957 368985   79.00000   55  129   85.00000   61.00000  28.2%   205 4808s
 914533 369925   79.00000   58   57   85.00000   61.00000  28.2%   205 4834s
 917240 370925   84.00000   67   80   85.00000   61.00000  28.2%   205 4856s
 919835 372040   83.00000   58   70   85.00000   61.00000  28.2%   205 4882s
 922688 372797   78.00000   36  127   85.00000   61.00000  28.2%   205 4908s
 925078 373829   83.00000   46   92   85.00000   61.00000  28.2%   204 4935s
 927903 374984 infeasible   63        85.00000   61.00000  28.2%   204 4977s
 931646 375769   84.00000   69   37   85.00000   61.00000  28.2%   204 5004s
 934295 376530   82.00000   67   80   85.00000   61.00000  28.2%   204 5026s
 936428 377355     cutoff   49        85.00000   61.00000  28.2%   204 5048s
 938822 378263   73.00000   67   43   85.00000   61.00000  28.2%   204 5070s
 941212 379109   81.00000   59  100   85.00000   61.00000  28.2%   204 5095s
 943710 379926 infeasible   65        85.00000   61.00000  28.2%   204 5122s
 946238 380791   76.00000   36  148   85.00000   61.00000  28.2%   204 5150s
 949103 381694   72.00000   48  108   85.00000   61.00000  28.2%   204 5170s
 951411 382935   74.00000   36  123   85.00000   61.00000  28.2%   204 5207s
 954942 383906   77.00000   50  148   85.00000   61.00000  28.2%   203 5232s
 957372 384933   82.00000   55  130   85.00000   61.00000  28.2%   203 5260s
 960248 385990   83.00000   39   76   85.00000   61.00000  28.2%   203 5283s
 962889 387121     cutoff   54        85.00000   61.00000  28.2%   203 5308s
 965514 388013   83.00000   70   97   85.00000   61.00000  28.2%   203 5333s
 967961 389078 infeasible   68        85.00000   61.00000  28.2%   203 5357s
 970682 390019   67.00000   40  110   85.00000   61.00000  28.2%   203 5380s
 973126 391183 infeasible   48        85.00000   61.00000  28.2%   203 5414s
 976543 392148   79.00000   59   30   85.00000   61.00000  28.2%   203 5441s
 979022 393352   80.00000   38   85   85.00000   61.00000  28.2%   203 5466s
 981771 394192   83.00000   43   78   85.00000   61.00000  28.2%   203 5494s
 984476 395014   84.00000   44   88   85.00000   61.00000  28.2%   203 5517s
 986670 396129   82.00000   54   68   85.00000   61.00000  28.2%   202 5546s
 989548 397250 infeasible   56        85.00000   61.00000  28.2%   202 5575s
 992311 398269   84.00000   54   46   85.00000   61.00000  28.2%   202 5602s
 995232 399332   66.00000   30  103   85.00000   61.00000  28.2%   202 5638s
 998196 400416     cutoff   47        85.00000   61.00000  28.2%   202 5666s
 1001128 401661 infeasible   55        85.00000   61.00000  28.2%   202 5698s
 1004227 402916 infeasible   44        85.00000   61.00000  28.2%   202 5730s
 1007276 403958   73.00000   47  105   85.00000   61.00000  28.2%   202 5761s
 1010168 404996 infeasible   45        85.00000   61.00000  28.2%   202 5785s
 1012815 405924     cutoff   40        85.00000   61.00000  28.2%   202 5814s
 1015650 406911   61.00000   37  141   85.00000   61.00000  28.2%   201 5844s
 1018481 408032   71.00000   59  129   85.00000   61.00000  28.2%   201 5880s
 1021536 409088   61.00000   42  230   85.00000   61.00000  28.2%   201 5908s
 1024416 409934   84.00000   55   41   85.00000   61.00000  28.2%   201 5935s
 1027134 410636   84.00000   51  124   85.00000   61.00000  28.2%   201 5960s
 1029717 411503   78.00000   53   92   85.00000   61.00000  28.2%   201 5986s
 1032351 412212     cutoff   65        85.00000   61.00000  28.2%   201 6012s
 1034674 412914   78.00000   63  143   85.00000   61.00000  28.2%   201 6035s
 1037040 414053   82.00000   61  115   85.00000   61.00000  28.2%   201 6064s
 1039955 415149   84.00000   47   90   85.00000   61.00000  28.2%   201 6099s
 1042971 416746   82.00000   53  103   85.00000   61.00000  28.2%   201 6140s
 1046848 417697   78.00000   65  101   85.00000   61.00000  28.2%   201 6164s
 1049258 418481   61.00000   29  211   85.00000   61.00000  28.2%   201 6185s
 1051456 419393   73.00000   49   93   85.00000   61.00000  28.2%   201 6207s
 1053745 420305   78.00000   56   83   85.00000   61.00000  28.2%   201 6228s
 1055929 421179     cutoff   50        85.00000   61.00000  28.2%   201 6251s
 1058331 422134   79.00000   54   76   85.00000   61.00000  28.2%   201 6277s
 1060852 423162   82.00000   50   59   85.00000   61.00000  28.2%   201 6306s
 1063462 424030   81.00000   41   68   85.00000   61.00000  28.2%   200 6332s
 1065924 425058   68.00000   52  102   85.00000   61.00000  28.2%   200 6370s
 1069243 425850   81.00000   42   39   85.00000   61.00000  28.2%   200 6399s
 1070330 425850 infeasible   36        85.00000   61.00000  28.2%   200 6400s
 1071912 426692 infeasible   32        85.00000   61.00000  28.2%   200 6431s
 1074495 427586   78.00000   45  134   85.00000   61.00000  28.2%   200 6457s
 1077018 428621   80.00000   43   73   85.00000   61.00000  28.2%   200 6484s
 1079602 429526   76.00000   47  161   85.00000   61.00000  28.2%   200 6508s
 1082030 430283   77.00000   45  110   85.00000   61.00000  28.2%   200 6537s
 1084340 431216   83.00000   48  109   85.00000   61.00000  28.2%   200 6566s
 1086933 432094   61.00000   31  144   85.00000   61.00000  28.2%   200 6593s
 1089418 433016   83.00000   40   79   85.00000   61.00000  28.2%   200 6624s
 1092076 434094   79.00000   43   74   85.00000   61.00000  28.2%   200 6655s
 1094874 435203   78.00000   57  132   85.00000   61.00000  28.2%   200 6686s
 1097748 436257 infeasible   62        85.00000   61.00000  28.2%   200 6714s
 1100433 437239   75.00000   49   85   85.00000   61.00000  28.2%   200 6745s
 1103055 438269   83.00000   63  118   85.00000   61.00000  28.2%   200 6775s
 1105779 439246   84.00000   39   73   85.00000   61.00000  28.2%   200 6805s
 1108547 440087 infeasible   42        85.00000   61.00000  28.2%   200 6835s
 1110984 441037   81.00000   45   68   85.00000   61.00000  28.2%   200 6861s
 1113449 441917   79.00000   43  142   85.00000   61.00000  28.2%   200 6882s
 1115564 443161   81.00000   45  132   85.00000   61.00000  28.2%   200 6917s
 1118748 444306 infeasible   51        85.00000   61.00000  28.2%   200 6955s
 1121769 445484 infeasible   54        85.00000   61.00000  28.2%   200 6995s
 1125212 446457   61.00000   45  197   85.00000   61.00000  28.2%   200 7034s
 1128364 447266 infeasible   49        85.00000   61.00000  28.2%   200 7073s
 1131286 448178   80.00000   42  172   85.00000   61.00000  28.2%   200 7106s
 1134140 449168   70.00000   42  120   85.00000   61.00000  28.2%   200 7138s
 1136864 450183 infeasible   52        85.00000   61.00000  28.2%   200 7164s
 1139386 451322     cutoff   50        85.00000   61.00000  28.2%   200 7198s
 1142164 452552   61.00000   49  136   85.00000   61.00000  28.2%   200 7232s
 1145169 453577   73.00000   43  134   85.00000   61.00000  28.2%   200 7264s
 1147933 454380   84.00000   45   91   85.00000   61.00000  28.2%   200 7291s
 1150450 455387   75.00000   55   67   85.00000   61.00000  28.2%   200 7320s
 1152943 456342   76.00000   34  107   85.00000   61.00000  28.2%   200 7346s
 1155620 457350   81.00000   42  185   85.00000   61.00000  28.2%   200 7380s
 1158679 458264   84.00000   58   90   85.00000   61.00000  28.2%   200 7414s
 1161343 459443   73.00000   46   89   85.00000   61.00000  28.2%   200 7449s
 1164337 460555 infeasible   46        85.00000   61.00000  28.2%   200 7485s
 1167288 461526 infeasible   64        85.00000   61.00000  28.2%   200 7521s
 1169921 462447 infeasible   51        85.00000   61.00000  28.2%   200 7554s
 1172685 463411   78.00000   51   91   85.00000   61.00000  28.2%   200 7589s
 1175563 464488   61.00000   39  156   85.00000   61.00000  28.2%   200 7617s
 1178211 465291   78.00000   50   69   85.00000   61.00000  28.2%   200 7647s
 1180556 466275   80.00000   44  110   85.00000   61.00000  28.2%   200 7680s
 1183334 467119   71.00000   53  106   85.00000   61.00000  28.2%   200 7708s
 1185774 467910   82.00000   68   67   85.00000   61.00000  28.2%   200 7736s
 1188002 468989   83.00000   44  111   85.00000   61.00000  28.2%   200 7766s
 1190635 470244   79.00000   43  134   85.00000   61.00000  28.2%   200 7794s
 1193390 471245 infeasible   58        85.00000   61.00000  28.2%   200 7826s
 1195955 472411   78.00000   50  132   85.00000   61.00000  28.2%   200 7863s
 1199105 473658   72.00000   61   64   85.00000   61.00000  28.2%   200 7905s
 1202371 474712   73.00000   41  115   85.00000   61.00000  28.2%   200 7944s
 1205162 475607 infeasible   49        85.00000   61.00000  28.2%   200 7971s
 1207588 476467     cutoff   46        85.00000   61.00000  28.2%   200 7997s
 1210117 477392   83.00000   40  120   85.00000   61.00000  28.2%   200 8026s
 1212667 478275   84.00000   43  114   85.00000   61.00000  28.2%   200 8058s
 1215303 479478   83.00000   36   95   85.00000   61.00000  28.2%   201 8090s
 1218138 480726   75.00000   42  128   85.00000   61.00000  28.2%   201 8123s
 1221119 481728   80.00000   46   65   85.00000   61.00000  28.2%   201 8155s
 1223620 482948   84.00000   54   54   85.00000   61.00000  28.2%   201 8193s
 1226644 484002   80.00000   42   54   85.00000   61.00000  28.2%   200 8230s
 1229659 485124   80.00000   46   64   85.00000   61.00000  28.2%   200 8268s
 1232398 486139 infeasible   65        85.00000   61.00000  28.2%   200 8298s
 1235144 487283   84.00000   50   64   85.00000   61.00000  28.2%   200 8331s
 1238031 488192   83.00000   37  135   85.00000   61.00000  28.2%   200 8360s
 1240508 489247   81.00000   63   58   85.00000   61.00000  28.2%   200 8386s
 1242871 490042   75.00000   41  127   85.00000   61.00000  28.2%   200 8415s
 1245521 490878 infeasible   46        85.00000   61.00000  28.2%   200 8445s
 1248192 491822     cutoff   51        85.00000   61.00000  28.2%   200 8473s
 1250768 492722   79.00000   40  131   85.00000   61.00000  28.2%   200 8504s
 1253223 493818   82.00000   57   38   85.00000   61.00000  28.2%   200 8536s
 1255922 495108   78.00000   58  211   85.00000   61.00000  28.2%   200 8579s
 1259346 496373   79.00000   52  100   85.00000   61.00000  28.2%   200 8624s
 1262576 497617   77.00000   47  113   85.00000   61.00000  28.2%   200 8671s
 1266008 498837 infeasible   53        85.00000   61.00000  28.2%   200 8719s
 1269564 499878   84.00000   66   74   85.00000   61.00000  28.2%   200 8758s
 1272488 500758 infeasible   58        85.00000   61.00000  28.2%   200 8801s
 1275483 501555   84.00000   53   31   85.00000   61.00000  28.2%   200 8830s
 1277878 502419   82.00000   48   80   85.00000   61.00000  28.2%   200 8857s
 1280146 503351   80.00000   43  131   85.00000   61.00000  28.2%   200 8883s
 1282453 504191   80.00000   46  107   85.00000   61.00000  28.2%   200 8909s
 1284845 505115   78.00000   48  153   85.00000   61.00000  28.2%   200 8937s
 1287132 506124   61.00000   26  239   85.00000   61.00000  28.2%   200 8966s
 1289707 507028   84.00000   51  125   85.00000   61.00000  28.2%   200 8997s
 1292119 508014   79.00000   48   95   85.00000   61.00000  28.2%   200 9024s
 1294572 508920   82.00000   36  125   85.00000   61.00000  28.2%   200 9049s
 1296916 509921   75.00000   43  148   85.00000   61.00000  28.2%   200 9084s
 1299631 511005   84.00000   47   73   85.00000   61.00000  28.2%   200 9114s
 1302316 512283   83.00000   56   43   85.00000   61.00000  28.2%   200 9153s
 1305628 513323     cutoff   56        85.00000   61.00000  28.2%   200 9188s
 1308498 514076   78.00000   49  182   85.00000   61.00000  28.2%   200 9215s
 1310909 514978   61.00000   39  198   85.00000   61.00000  28.2%   201 9242s
 1313273 515859   72.00000   49  136   85.00000   61.00000  28.2%   201 9271s
 1315637 516978   79.00000   59  102   85.00000   61.00000  28.2%   201 9304s
 1318416 517817 infeasible   47        85.00000   61.00000  28.2%   201 9336s
 1320982 518795   78.00000   54   58   85.00000   61.00000  28.2%   201 9379s
 1323944 519808 infeasible   84        85.00000   61.00000  28.2%   201 9415s
 1326754 520922   62.00000   60   78   85.00000   61.00000  28.2%   201 9450s
 1329574 521855   80.00000   46  141   85.00000   61.00000  28.2%   201 9478s
 1332029 522556   80.00000   42   97   85.00000   61.00000  28.2%   201 9504s
 1333943 523451     cutoff   45        85.00000   61.00000  28.2%   201 9531s
 1336325 524484   72.00000   38  151   85.00000   61.00000  28.2%   201 9564s
 1339156 525450 infeasible   63        85.00000   61.00000  28.2%   201 9603s
 1341960 526318   82.00000   48  106   85.00000   61.00000  28.2%   201 9633s
 1344440 527439   84.00000   43  135   85.00000   61.00000  28.2%   201 9665s
 1347214 528396   79.00000   42  120   85.00000   61.00000  28.2%   201 9701s
 1349800 529310   84.00000   39  146   85.00000   61.00000  28.2%   201 9735s
 1352736 530487   71.00000   53  162   85.00000   61.00000  28.2%   201 9769s
 1354188 530487 infeasible   63        85.00000   61.00000  28.2%   201 9770s
 1355660 531443   76.00000   35  251   85.00000   61.00000  28.2%   201 9805s
 1358268 532153   79.00000   46  157   85.00000   61.00000  28.2%   201 9837s
 1360888 532972   80.00000   41  101   85.00000   61.00000  28.2%   201 9866s
 1363344 533798   76.00000   41  260   85.00000   61.00000  28.2%   201 9900s
 1365956 534570   78.00000   36  229   85.00000   61.00000  28.2%   201 9928s
 1368320 535689   83.00000   43  124   85.00000   61.00000  28.2%   201 9958s
 1371089 536718     cutoff   58        85.00000   61.00000  28.2%   201 9996s
 1373880 537674   63.65697   45  143   85.00000   61.00000  28.2%   201 10030s
 1376728 538656 infeasible   55        85.00000   61.00000  28.2%   201 10065s
 1379535 539622     cutoff   55        85.00000   61.00000  28.2%   201 10103s
 1382072 540667 infeasible   66        85.00000   61.00000  28.2%   201 10134s
 1384730 541839     cutoff   38        85.00000   61.00000  28.2%   202 10169s
 1385321 541839 infeasible   47        85.00000   61.00000  28.2%   201 10170s
 1387681 542750 infeasible   56        85.00000   61.00000  28.2%   202 10202s
 1390094 543651   76.00000   42  158   85.00000   61.00000  28.2%   202 10235s
 1392855 544666   61.00000   41  192   85.00000   61.00000  28.2%   202 10268s
 1395556 545724   76.00000   46  177   85.00000   61.00000  28.2%   202 10307s
 1398431 546704 infeasible   81        85.00000   61.00000  28.2%   202 10342s
 1401413 547738   81.00000   48  156   85.00000   61.00000  28.2%   202 10375s
 1404166 548522   66.00000   32  231   85.00000   61.00000  28.2%   202 10408s
 1406701 549482   81.00000   46   86   85.00000   61.00000  28.2%   202 10442s
 1409239 550509   61.00000   38  155   85.00000   61.00000  28.2%   202 10477s
 1411977 551478   80.00000   54   77   85.00000   61.00000  28.2%   202 10508s
 1414471 552456   81.00000   45   90   85.00000   61.00000  28.2%   202 10542s
 1416918 553293   82.00000   48  102   85.00000   61.00000  28.2%   202 10575s
 1419505 554427   84.00000   43   84   85.00000   61.00000  28.2%   202 10608s
 1422337 555452   79.00000   49  107   85.00000   61.00000  28.2%   202 10643s
 1424872 556779 infeasible   56        85.00000   61.00000  28.2%   202 10684s
 1428398 557850   80.00000   43  174   85.00000   61.00000  28.2%   202 10723s
 1431088 558856   61.00000   46  234   85.00000   61.00000  28.2%   202 10757s
 1433794 559718   80.00000   51  150   85.00000   61.00000  28.2%   202 10786s
 1436192 560166   84.00000   51  125   85.00000   61.00000  28.2%   202 10800s

Explored 1437232 nodes (290596467 simplex iterations) in 10800.34 seconds (4188.12 work units)
Thread count was 18 (of 36 available processors)

Solution count 10: 85 86 87 ... 98

Time limit reached
Best objective 8.500000000000e+01, best bound 6.100000000000e+01, gap 28.2353%
