
Gurobi 11.0.0 (win64) logging started Mon May 20 20:42:26 2024

Set parameter LogFile to value "./Results/StripPacking-SequencePairBranchRuns/Logs/SUspb-010-StripPacking-25.log"
Set parameter TimeLimit to value 10800
Set parameter Cuts to value 0
Set parameter Presolve to value 1
Set parameter Heuristics to value 0
Set parameter LPWarmStart to value 2
Gurobi Optimizer version 11.0.0 build v11.0.0rc2 (win64 - Windows 10.0 (19045.2))

CPU model: Intel(R) Core(TM) i9-10980XE CPU @ 3.00GHz, instruction set [SSE2|AVX|AVX2|AVX512]
Thread count: 18 physical cores, 36 logical processors, using up to 18 threads

Optimize a model with 31525 rows, 1251 columns and 92450 nonzeros
Model fingerprint: 0x45f60c24
Variable types: 51 continuous, 1200 integer (1200 binary)
Coefficient statistics:
  Matrix range     [1e+00, 1e+04]
  Objective range  [1e+00, 1e+00]
  Bounds range     [1e+00, 1e+04]
  RHS range        [1e+00, 1e+04]
Using branch priorities.

Warning: Completing partial solution with 1200 unfixed non-continuous variables out of 1200
User MIP start produced solution with objective 102.2 (0.08s)
Loaded user MIP start with objective 102.2

Presolve removed 600 rows and 0 columns
Presolve time: 0.09s
Presolved: 30925 rows, 1251 columns, 91250 nonzeros
Variable types: 51 continuous, 1200 integer (1200 binary)
Root relaxation presolved: 1251 rows, 32176 columns, 92501 nonzeros


Root relaxation: objective 3.500000e+01, 1945 iterations, 0.25 seconds (0.36 work units)

    Nodes    |    Current Node    |     Objective Bounds      |     Work
 Expl Unexpl |  Obj  Depth IntInf | Incumbent    BestBd   Gap | It/Node Time

     0     0   35.00000    0  224  102.20000   35.00000  65.8%     -    1s
     0     0   35.00000    0  224  102.20000   35.00000  65.8%     -    1s
     0     2   35.00000    0  217  102.20000   35.00000  65.8%     -    3s
    49    68   35.00000    6  251  102.20000   35.00000  65.8%   278    5s
  1028  1099   55.00000   35  209  102.20000   35.00000  65.8%   133   10s
* 1561  1511             151     101.0000000   35.00000  65.3%   116   11s
* 2120  2114             102      98.0000000   35.00000  64.3%   101   12s
* 2532  2365             109      97.0000000   35.00000  63.9%  93.8   13s
* 2711  2486             115      96.0000000   35.00000  63.5%  91.3   14s
* 2713  2288             115      90.0000000   35.00000  61.1%  91.2   14s
  3164  2652   35.00000   15  273   90.00000   35.00000  61.1%  87.2   15s
* 3730  2735             128      87.0000000   35.00000  59.8%  82.3   16s
  4145  3038   77.00000   60  203   87.00000   35.00000  59.8%  80.7   20s
  4394  3223   46.00000   25  194   87.00000   35.00000  59.8%  83.0   25s
  5568  4074   48.00000   60  138   87.00000   35.00000  59.8%  77.1   30s
* 6114  4137             106      86.0000000   35.00000  59.3%  74.4   31s
* 6561  4213             108      84.0000000   35.00000  58.3%  72.3   32s
* 7047  4102             103      83.0000000   35.00000  57.8%  71.3   33s
* 7181  3915             108      81.0000000   35.00000  56.8%  71.2   34s
  7613  4208   55.00000   43  128   81.00000   35.00000  56.8%  70.6   35s
* 7908  3996             104      80.0000000   35.00000  56.3%  70.1   35s
  9637  4718   77.00000   75  112   80.00000   35.00000  56.3%  70.3   40s
 11203  5484   67.00000   40  219   80.00000   35.00000  56.3%  71.2   45s
*11667  5436             104      79.0000000   35.00000  55.7%  71.7   45s
 12993  6605 infeasible   84        79.00000   35.00000  55.7%  73.1   50s
*13867  6862              94      78.0000000   35.00000  55.1%  73.9   52s
 14690  7685   56.00000   38  179   78.00000   35.00000  55.1%  74.9   55s
 16542  8961 infeasible   76        78.00000   35.00000  55.1%  76.3   60s
 18039 10106 infeasible   87        78.00000   35.00000  55.1%  77.6   65s
 19961 11408   72.00000   55  121   78.00000   38.00000  51.3%  79.8   71s
 21419 12294   69.00000   60  144   78.00000   38.00000  51.3%  81.4   76s
 22835 13433   69.00000   45  194   78.00000   38.00000  51.3%  83.5   82s
 24005 14059   69.00000   58  116   78.00000   38.00000  51.3%  84.5   85s
 25958 15463   72.00000   64  239   78.00000   38.00000  51.3%  85.6   90s
 28042 16787   74.00000   60  101   78.00000   38.00000  51.3%  86.7   96s
 30086 18127 infeasible   77        78.00000   38.00000  51.3%  87.6  103s
 31312 18869   69.00000   67  121   78.00000   38.00000  51.3%  88.4  106s
 32542 19904   69.00000   56  157   78.00000   38.00000  51.3%  89.2  110s
 35312 21898   77.00000  102   24   78.00000   38.00000  51.3%  90.0  118s
 36854 22345   71.00000   61  151   78.00000   38.00000  51.3%  90.2  121s
 37506 23647   72.00000   58  151   78.00000   38.00000  51.3%  90.3  126s
 39194 24868 infeasible   80        78.00000   38.00000  51.3%  90.9  130s
 40863 25981   66.00000   68  152   78.00000   38.00000  51.3%  91.5  135s
 42624 26917 infeasible   84        78.00000   38.00000  51.3%  92.0  140s
 44183 27894 infeasible  112        78.00000   38.00000  51.3%  92.9  147s
 46254 28954   69.00000   61  163   78.00000   38.00000  51.3%  93.2  152s
 47910 30246   72.00000   81  109   78.00000   38.00000  51.3%  93.7  157s
 49823 31485   62.00000   58  216   78.00000   38.00000  51.3%  94.4  164s
 51845 32160 infeasible   81        78.00000   38.00000  51.3%  95.0  169s
 52950 33527   38.00000   62  235   78.00000   38.00000  51.3%  95.4  176s
 55125 34742     cutoff   90        78.00000   38.00000  51.3%  95.9  184s
 57178 36111   61.00000   59  140   78.00000   38.00000  51.3%  96.3  191s
 59334 37826     cutoff   80        78.00000   38.00000  51.3%  96.7  199s
 61735 39414   73.00000   85  163   78.00000   38.00000  51.3%  96.8  207s
*62582 37224             113      77.0000000   38.00000  50.6%  96.8  207s
 64025 38531     cutoff   77        77.00000   38.00000  50.6%  96.8  215s
 66256 39807 infeasible   71        77.00000   38.00000  50.6%  97.2  223s
 68548 41367   69.00000   75  185   77.00000   38.00000  50.6%  97.5  230s
 70773 42553   72.00000   69  185   77.00000   38.00000  50.6%  97.7  236s
 72790 43802   66.00000   73  124   77.00000   38.00000  50.6%  98.2  244s
 74108 43802 infeasible   75        77.00000   38.00000  50.6%  98.4  245s
 74942 45416   63.00000   67  190   77.00000   38.00000  50.6%  98.5  253s
 77365 46682   69.00000   59  170   77.00000   38.00000  50.6%  98.8  262s
 79542 47595   72.00000   67  146   77.00000   38.00000  50.6%  99.3  269s
 81040 49216   75.00000   65  161   77.00000   38.00000  50.6%   100  279s
 83480 50787 infeasible   85        77.00000   38.00000  50.6%   100  289s
 85932 52198   54.00000   56  199   77.00000   38.00000  50.6%   100  298s
 88294 53426 infeasible   69        77.00000   38.00000  50.6%   101  307s
 90549 54885   75.00000   94   88   77.00000   38.00000  50.6%   101  318s
 92845 56468   69.00000   80  179   77.00000   38.00000  50.6%   101  327s
 95230 57948   76.00000   78   69   77.00000   38.00000  50.6%   102  337s
 97508 59555 infeasible   78        77.00000   38.00000  50.6%   102  347s
 99951 60940   69.00000   73   85   77.00000   38.00000  50.6%   102  356s
 102113 62410   59.00000   71  212   77.00000   38.00000  50.6%   102  365s
 104394 63812   64.00000   64  168   77.00000   38.00000  50.6%   103  375s
 106616 65299   69.00000   47  244   77.00000   38.00000  50.6%   103  384s
 108815 66523   75.00000   82   93   77.00000   38.00000  50.6%   103  393s
 110822 67787   46.00000   35  160   77.00000   38.00000  50.6%   103  403s
 112863 69366     cutoff   85        77.00000   38.00000  50.6%   104  413s
 115199 70746   53.00000   57  178   77.00000   38.00000  50.6%   104  423s
 117413 72240 infeasible   80        77.00000   38.00000  50.6%   104  431s
 119624 73796     cutoff   82        77.00000   38.00000  50.6%   104  440s
 121853 75180   72.00000   59  193   77.00000   38.00000  50.6%   104  449s
 123979 76378   72.00000   77  109   77.00000   38.00000  50.6%   105  457s
 125877 77931 infeasible   72        77.00000   38.00000  50.6%   105  469s
 128220 79452   57.00000   57  204   77.00000   38.00000  50.6%   105  479s
 130431 80953   50.00000   49  229   77.00000   38.00000  50.6%   105  489s
 132643 82315   69.00000   61  128   77.00000   38.00000  50.6%   105  498s
 134667 83745   75.00000   67  117   77.00000   38.00000  50.6%   105  508s
 136816 85116   54.00000   60  218   77.00000   38.00000  50.6%   106  519s
 138976 86459 infeasible   93        77.00000   38.00000  50.6%   106  530s
 141026 87828   74.00000   70  118   77.00000   38.00000  50.6%   106  541s
 143176 89116   72.00000   88  118   77.00000   38.00000  50.6%   106  552s
 145206 90498 infeasible   74        77.00000   38.00000  50.6%   106  562s
 147306 91894   76.00000   61  167   77.00000   38.00000  50.6%   106  574s
 149462 93282   62.00000   70  175   77.00000   38.00000  50.6%   106  584s
 151586 94645   72.00000   62  172   77.00000   38.00000  50.6%   107  595s
 153718 96086   71.00000   67  126   77.00000   38.00000  50.6%   107  606s
 155869 97167     cutoff  101        77.00000   38.00000  50.6%   107  617s
 157664 98461 infeasible   91        77.00000   38.00000  50.6%   107  629s
 159837 99750   69.00000   71  123   77.00000   38.00000  50.6%   107  640s
 161898 101115   69.00000   76  115   77.00000   38.00000  50.6%   107  651s
 164048 102838   75.00000   71  103   77.00000   38.00000  50.6%   108  664s
 166487 104227   38.00000   45  195   77.00000   38.00000  50.6%   107  676s
 168699 105672   42.00000   60  198   77.00000   38.00000  50.6%   107  689s
*169113 98699             104      76.0000000   38.00000  50.0%   107  689s
 170847 99886   73.00000   78  161   76.00000   38.00000  50.0%   107  700s
 172987 101125 infeasible   81        76.00000   38.00000  50.0%   108  711s
 175112 102515   75.00000   78  112   76.00000   38.00000  50.0%   108  723s
 177288 103587   49.00000   51  208   76.00000   38.00000  50.0%   108  733s
 179311 104885 infeasible   80        76.00000   38.00000  50.0%   108  744s
 181358 106475   50.00000   59  208   76.00000   38.00000  50.0%   108  757s
 183650 107706   69.00000   57  218   76.00000   38.00000  50.0%   108  769s
 185630 109132   71.00000   80  177   76.00000   38.00000  50.0%   108  781s
 187820 110519   46.00000   60  135   76.00000   38.00000  50.0%   109  794s
 190037 111786     cutoff  101        76.00000   38.00000  50.0%   109  806s
 192237 113229   73.00000  102  168   76.00000   38.00000  50.0%   109  819s
 194513 114665   73.00000   89  129   76.00000   38.00000  50.0%   109  832s
 196937 116161   74.00000   81   92   76.00000   38.00000  50.0%   109  846s
 199280 117591   63.00000   68  175   76.00000   38.00000  50.0%   109  858s
 201440 119038 infeasible   95        76.00000   38.00000  50.0%   109  870s
 203614 120555   74.00000   96  128   76.00000   38.00000  50.0%   109  883s
 205895 121830   69.00000   66  155   76.00000   38.00000  50.0%   110  893s
 207918 123233   60.00000   60  217   76.00000   38.00000  50.0%   110  904s
 209997 124553   41.00000   42  193   76.00000   38.00000  50.0%   110  919s
 212216 125890   68.00000   64  218   76.00000   38.00000  50.0%   110  932s
 214413 127262   64.00000   62  168   76.00000   38.00000  50.0%   110  946s
 216519 128617 infeasible   75        76.00000   38.00000  50.0%   110  959s
 218605 129825   57.00000   74  167   76.00000   38.00000  50.0%   110  972s
 220690 131044   66.00000   72  128   76.00000   38.00000  50.0%   111  986s
 222864 132182   41.00000   46  255   76.00000   38.00000  50.0%   111  999s
 225069 133524   66.00000   83  158   76.00000   38.00000  50.0%   111 1012s
 227159 134877   53.00000   66  226   76.00000   38.00000  50.0%   111 1025s
 229300 136098   57.00000   67  124   76.00000   38.00000  50.0%   111 1038s
 231230 137382   72.00000   69  159   76.00000   38.00000  50.0%   111 1051s
 233249 138580   74.00000   80  130   76.00000   38.00000  50.0%   111 1065s
 235260 139925   69.00000   81  160   76.00000   38.00000  50.0%   111 1079s
 237350 141207   62.00000   86  138   76.00000   38.00000  50.0%   112 1093s
 239422 142380   73.00000   70  140   76.00000   38.00000  50.0%   112 1107s
 241466 143535   72.00000   90  153   76.00000   38.00000  50.0%   112 1122s
 243430 144830   69.00000   74  185   76.00000   38.00000  50.0%   112 1136s
 245546 146010   75.00000   93   66   76.00000   38.00000  50.0%   112 1152s
 247528 147227   70.00000   77  127   76.00000   38.00000  50.0%   112 1166s
 249460 148350   74.00000   94   77   76.00000   38.00000  50.0%   112 1179s
 251439 149641   70.00000   66  312   76.00000   38.00000  50.0%   112 1193s
 253559 150728   75.00000   87  137   76.00000   38.00000  50.0%   112 1206s
 255523 151997 infeasible   87        76.00000   38.00000  50.0%   112 1223s
 257673 153327   47.00000   54  203   76.00000   38.00000  50.0%   112 1239s
 259768 154295   75.00000   81   93   76.00000   38.00000  50.0%   112 1253s
 261599 155298 infeasible   92        76.00000   38.00000  50.0%   113 1266s
 263460 156431 infeasible   77        76.00000   38.00000  50.0%   113 1281s
 265374 157741   74.00000   79   95   76.00000   38.00000  50.0%   113 1296s
 267450 158871   64.00000   79  150   76.00000   38.00000  50.0%   113 1309s
 269356 160091 infeasible   91        76.00000   38.00000  50.0%   113 1323s
 271223 161125   48.00000   64  278   76.00000   38.00000  50.0%   113 1336s
 273037 162004   43.00000   58  261   76.00000   38.00000  50.0%   113 1347s
 274832 162916 infeasible   92        76.00000   38.00000  50.0%   113 1361s
 276423 164098 infeasible   92        76.00000   38.00000  50.0%   113 1375s
 278355 165265   75.00000   74  135   76.00000   38.00000  50.0%   113 1390s
 280247 166399   74.00000   79  139   76.00000   38.00000  50.0%   113 1406s
 282132 167793 infeasible   92        76.00000   38.00000  50.0%   113 1421s
 284121 169200   75.00000   77   85   76.00000   38.00000  50.0%   113 1436s
 286136 170436   73.00000   84   62   76.00000   38.00000  50.0%   113 1451s
 288033 171682   61.00000   69  170   76.00000   38.00000  50.0%   113 1467s
 289972 172980   72.00000   86  102   76.00000   38.00000  50.0%   113 1484s
 291950 174086   70.00000   83  116   76.00000   38.00000  50.0%   113 1500s
 293753 175354   56.00000   61  247   76.00000   38.00000  50.0%   113 1516s
 295686 176518   56.00000   78  131   76.00000   38.00000  50.0%   113 1532s
 297556 177601   75.00000   61  130   76.00000   38.00000  50.0%   113 1546s
 299301 178601   63.00000   66  242   76.00000   38.00000  50.0%   113 1561s
 301068 179685   70.00000   77  124   76.00000   38.00000  50.0%   113 1577s
 302829 180792   74.00000   92   45   76.00000   38.00000  50.0%   113 1594s
 304700 181951   69.00000   82  163   76.00000   38.00000  50.0%   113 1611s
 306608 183075 infeasible   90        76.00000   38.00000  50.0%   114 1626s
 308567 184353   65.00000   70  130   76.00000   38.00000  50.0%   114 1642s
 310477 185346   69.00000   73  139   76.00000   39.00000  48.7%   114 1658s
 312566 186623   71.00000   69  129   76.00000   39.00000  48.7%   114 1678s
 314754 187736   75.00000   86  109   76.00000   39.00000  48.7%   114 1697s
 316634 189011   73.00000   73  138   76.00000   39.00000  48.7%   114 1717s
 318792 190281   69.00000   82  148   76.00000   39.00000  48.7%   114 1737s
 321012 191548   72.00000   73  116   76.00000   39.00000  48.7%   114 1755s
 323159 192663   73.00000   59  157   76.00000   39.00000  48.7%   114 1773s
 325146 193749   74.00000   82   80   76.00000   39.00000  48.7%   114 1792s
 327134 194865   65.00000   65  178   76.00000   39.00000  48.7%   114 1811s
 329054 196018   71.00000   74  134   76.00000   39.00000  48.7%   114 1830s
 330926 197136   75.00000   79  139   76.00000   39.00000  48.7%   114 1847s
 332964 198171   49.00000   62  273   76.00000   39.00000  48.7%   114 1865s
 334848 199430   69.00000   57  113   76.00000   39.00000  48.7%   114 1884s
 336833 200378   42.00000   64  230   76.00000   39.00000  48.7%   114 1901s
 338563 201589   65.00000   76  117   76.00000   39.00000  48.7%   114 1920s
 340455 202602   72.00000   71  198   76.00000   39.00000  48.7%   114 1937s
 342342 203762   57.00000   41  170   76.00000   39.00000  48.7%   115 1957s
 344189 204861   72.00000   85  127   76.00000   40.00000  47.4%   115 1975s
 346011 206095   72.00000   55  210   76.00000   40.00000  47.4%   115 1994s
 346880 206095   73.00000   73  137   76.00000   40.00000  47.4%   115 1995s
 347949 207435   50.00000   54  186   76.00000   40.00000  47.4%   115 2013s
 349902 208888   71.00000   60   80   76.00000   40.00000  47.4%   115 2032s
 351992 210143     cutoff   82        76.00000   40.00000  47.4%   115 2050s
 353906 211323   75.00000   68  167   76.00000   40.00000  47.4%   115 2069s
 355741 212575   64.00000   68  143   76.00000   40.00000  47.4%   115 2088s
 357640 213926   75.00000   83  185   76.00000   40.00000  47.4%   115 2108s
 359609 215249   75.00000   84   90   76.00000   40.00000  47.4%   115 2127s
 361632 216313 infeasible   91        76.00000   40.00000  47.4%   115 2144s
 362105 216313   75.00000   75  158   76.00000   40.00000  47.4%   115 2145s
 363369 217333   48.00000   73  226   76.00000   40.00000  47.4%   115 2162s
 365225 218412   72.00000   81  142   76.00000   40.00000  47.4%   115 2181s
 367109 219553     cutoff   91        76.00000   40.00000  47.4%   115 2200s
 368986 220714   75.00000   94  102   76.00000   40.00000  47.4%   115 2220s
 370921 221790   60.00000   52  166   76.00000   40.00000  47.4%   115 2240s
 372653 222858   74.00000   86  141   76.00000   40.00000  47.4%   114 2259s
 374430 223828 infeasible   89        76.00000   40.00000  47.4%   115 2278s
 376294 224933   72.00000   77  197   76.00000   40.00000  47.4%   115 2299s
 376745 224933   43.00000   57  194   76.00000   40.00000  47.4%   115 2300s
 378272 226144     cutoff   99        76.00000   40.00000  47.4%   114 2320s
 380268 227273 infeasible   92        76.00000   40.00000  47.4%   114 2340s
 382142 228450   75.00000   82  134   76.00000   40.00000  47.4%   114 2360s
 384025 229692   70.00000   87  181   76.00000   40.00000  47.4%   114 2379s
 385986 230644   73.00000   90  144   76.00000   40.00000  47.4%   114 2399s
 387647 231971   69.00000   84  116   76.00000   40.00000  47.4%   114 2419s
 389639 233162   43.00000   34  195   76.00000   40.00000  47.4%   114 2438s
 391508 234542   71.00000   72  161   76.00000   41.00000  46.1%   114 2458s
 393447 236112   73.00000   80  140   76.00000   41.00000  46.1%   114 2481s
 395636 237906   71.00000   76  128   76.00000   41.00000  46.1%   114 2505s
 398028 239308   70.00000   70  176   76.00000   41.00000  46.1%   114 2528s
 400190 240615   69.00000   84  146   76.00000   41.00000  46.1%   114 2554s
 402162 242057   73.00000   78  102   76.00000   41.00000  46.1%   114 2579s
 404453 243303   61.00000   59  186   76.00000   41.00000  46.1%   114 2604s
 406117 243303   73.00000   72  110   76.00000   41.00000  46.1%   114 2605s
 406762 244524   75.00000   62  147   76.00000   41.00000  46.1%   114 2630s
 409099 246434   69.00000   70  115   76.00000   41.00000  46.1%   114 2650s
 411511 247382 infeasible   72        76.00000   41.00000  46.1%   114 2671s
 413736 248602   43.00000   58  203   76.00000   41.00000  46.1%   114 2696s
 415987 249914 infeasible   91        76.00000   41.00000  46.1%   115 2724s
 418154 251499   55.00000   52  201   76.00000   41.00000  46.1%   115 2752s
 420632 253171     cutoff   77        76.00000   41.00000  46.1%   115 2779s
 423140 254715 infeasible   78        76.00000   41.00000  46.1%   115 2804s
 425539 256268   74.00000   89   73   76.00000   41.00000  46.1%   115 2832s
 427963 257819   41.00000   46  240   76.00000   41.00000  46.1%   115 2859s
 430468 259101   71.00000   81  112   76.00000   41.00000  46.1%   115 2886s
 432517 260646   72.00000   87  119   76.00000   41.00000  46.1%   115 2917s
 435055 262168 infeasible   81        76.00000   41.00000  46.1%   115 2945s
 437415 263690   53.00000   60  290   76.00000   41.00000  46.1%   115 2975s
 439925 265202   57.00000   68  226   76.00000   41.00000  46.1%   115 3004s
 442382 266530   74.00000   92  142   76.00000   41.00000  46.1%   115 3034s
 444207 266530   53.00000   69  241   76.00000   41.00000  46.1%   115 3035s
 444777 268103   74.00000   71  238   76.00000   41.00000  46.1%   115 3063s
 447241 269531 infeasible   98        76.00000   41.00000  46.1%   115 3096s
 449591 271205   75.00000   64  188   76.00000   41.00000  46.1%   115 3128s
 452208 272663     cutoff   82        76.00000   41.00000  46.1%   115 3159s
 454507 272663   75.00000   74   72   76.00000   41.00000  46.1%   115 3160s
 454639 274243   74.00000   78  144   76.00000   41.00000  46.1%   115 3191s
 457401 276029   41.00000   64  225   76.00000   41.00000  46.1%   116 3223s
 460230 277435   74.00000   82   51   76.00000   41.00000  46.1%   116 3255s
 462779 278834   75.00000   99  108   76.00000   41.00000  46.1%   116 3291s
 465234 280463   69.00000   81  125   76.00000   41.00000  46.1%   116 3327s
 467975 282088 infeasible   81        76.00000   41.00000  46.1%   116 3362s
 470682 283616   68.00000   91  148   76.00000   41.00000  46.1%   116 3395s
 473246 285227 infeasible   75        76.00000   41.00000  46.1%   116 3429s
 473960 285227   67.00000   81  168   76.00000   41.00000  46.1%   116 3430s
 475890 286736   74.00000   96  149   76.00000   41.00000  46.1%   116 3465s
 478411 288384   65.00000   69  195   76.00000   41.00000  46.1%   116 3500s
 481140 289946   72.00000   84  123   76.00000   41.00000  46.1%   116 3538s
 483714 291654   67.00000   48  227   76.00000   41.00000  46.1%   116 3574s
 486464 293210   69.00000   75  148   76.00000   41.00000  46.1%   116 3610s
 489123 294732   68.00000   70  197   76.00000   41.00000  46.1%   116 3647s
 491818 296056   67.00000   80  211   76.00000   41.00000  46.1%   116 3683s
 494336 297605   69.00000   63  150   76.00000   41.00000  46.1%   117 3722s
 496980 299105   45.00000   67  253   76.00000   41.00000  46.1%   117 3760s
 499619 300513   57.00000   57  197   76.00000   41.00000  46.1%   117 3798s
 501997 302277   72.00000   78  111   76.00000   41.00000  46.1%   117 3838s
 504920 303934   61.00000   58  263   76.00000   41.00000  46.1%   117 3877s
 507661 305628   71.00000   81  164   76.00000   41.00000  46.1%   117 3916s
 510440 307177     cutoff   86        76.00000   41.00000  46.1%   117 3956s
 513053 308581   69.00000   81  151   76.00000   41.00000  46.1%   117 3996s
 515618 310241   65.00000   60  183   76.00000   41.00000  46.1%   117 4032s
 518268 311834   75.00000   82  122   76.00000   41.00000  46.1%   117 4074s
 519006 311834   69.00000   65  114   76.00000   41.00000  46.1%   117 4075s
 520847 313475   71.00000   90   79   76.00000   41.00000  46.1%   117 4115s
 523556 314970   71.00000   64  175   76.00000   41.00000  46.1%   117 4153s
 526068 316508   73.00000   77  125   76.00000   41.00000  46.1%   117 4193s
 528748 318082   63.00000   69  193   76.00000   41.00000  46.1%   117 4232s
 531387 320039   74.00000   65   91   76.00000   41.00000  46.1%   118 4271s
 534320 321540   69.00000   67  104   76.00000   41.00000  46.1%   118 4312s
 536757 323165   44.00000   61  221   76.00000   41.00000  46.1%   118 4353s
 539480 324696   64.00000   72  214   76.00000   41.00000  46.1%   118 4394s
 542071 326190   70.00000   70  144   76.00000   41.00000  46.1%   118 4436s
 544768 327881   49.00000   43  180   76.00000   41.00000  46.1%   118 4481s
 547573 329329   47.00000   68  236   76.00000   41.00000  46.1%   118 4519s
 549996 330856   69.00000   71  118   76.00000   41.00000  46.1%   118 4563s
 552717 332374   51.00000   62  207   76.00000   41.00000  46.1%   118 4610s
 555442 333934   50.00000   69  261   76.00000   41.00000  46.1%   118 4654s
 556774 333934   72.00000   66  177   76.00000   41.00000  46.1%   118 4655s
 558149 335613   71.00000   82  203   76.00000   41.00000  46.1%   118 4695s
 560873 337539 infeasible   93        76.00000   41.00000  46.1%   118 4733s
 563695 338626   73.00000   82   72   76.00000   41.00000  46.1%   118 4773s
 566200 340325 infeasible   97        76.00000   41.00000  46.1%   118 4815s
 568931 341866   75.00000   94  122   76.00000   41.00000  46.1%   119 4859s
 571560 343157   69.00000   81  135   76.00000   41.00000  46.1%   119 4902s
 573906 344703   74.00000   86  127   76.00000   41.00000  46.1%   119 4948s
 576683 346288   41.00000   62  229   76.00000   41.00000  46.1%   119 4996s
 579430 348044   69.00000   89  133   76.00000   41.00000  46.1%   119 5041s
 582292 349770 infeasible   87        76.00000   41.00000  46.1%   119 5088s
 585133 351274   56.00000   65  193   76.00000   41.00000  46.1%   119 5132s
 587791 352947 infeasible   82        76.00000   41.00000  46.1%   119 5181s
 590519 354812   67.00000   77  137   76.00000   41.00000  46.1%   119 5222s
 593457 356212   69.00000   78  121   76.00000   41.00000  46.1%   119 5264s
 595488 356212 infeasible   87        76.00000   41.00000  46.1%   119 5265s
 596017 357620   72.00000   82  146   76.00000   41.00000  46.1%   119 5309s
 598563 359250 infeasible   83        76.00000   41.00000  46.1%   119 5356s
 601338 360796   69.00000   76  172   76.00000   41.00000  46.1%   119 5402s
 604032 362224   74.00000   79  164   76.00000   41.00000  46.1%   119 5445s
 606582 363600   75.00000   69  211   76.00000   41.00000  46.1%   119 5491s
 609151 364975     cutoff   83        76.00000   41.00000  46.1%   119 5538s
 611661 366477   75.00000   92  121   76.00000   41.00000  46.1%   120 5584s
 611949 366477   57.00000   61  195   76.00000   41.00000  46.1%   120 5585s
 614367 367894   73.00000   93  146   76.00000   41.00000  46.1%   120 5632s
 617077 369277   72.00000   85   97   76.00000   41.00000  46.1%   120 5678s
 619591 370683   74.00000   95  114   76.00000   41.00000  46.1%   120 5723s
 622157 372043   69.00000   79  199   76.00000   41.00000  46.1%   120 5769s
 623592 372043 infeasible   89        76.00000   41.00000  46.1%   120 5770s
 624705 373685   53.00000   67  216   76.00000   41.00000  46.1%   120 5815s
 627310 375376   65.00000   71  163   76.00000   41.00000  46.1%   120 5859s
 629881 376403 infeasible   92        76.00000   41.00000  46.1%   120 5903s
 632409 377962   69.00000   78  157   76.00000   41.00000  46.1%   120 5950s
 635098 379309   71.00000   80  146   76.00000   41.00000  46.1%   120 5999s
 637657 380800   61.00000   74  222   76.00000   41.00000  46.1%   120 6048s
 640308 382256 infeasible   82        76.00000   41.00000  46.1%   120 6093s
 642746 383617   72.00000   84  189   76.00000   41.00000  46.1%   120 6139s
 645263 384993   69.00000   66  180   76.00000   41.00000  46.1%   120 6189s
 647668 386414   69.00000   65  180   76.00000   41.00000  46.1%   120 6238s
 650281 387807   60.00000   69  153   76.00000   41.00000  46.1%   120 6285s
 652792 389330   50.00000   57  228   76.00000   41.00000  46.1%   120 6331s
 655368 390757   71.00000   74  162   76.00000   41.00000  46.1%   121 6379s
 655951 390757   69.00000   78  188   76.00000   41.00000  46.1%   121 6380s
 657941 392267 infeasible   97        76.00000   41.00000  46.1%   121 6428s
 660567 393327   75.00000   82  164   76.00000   41.00000  46.1%   121 6476s
 662783 394515   74.00000   88  107   76.00000   41.00000  46.1%   121 6519s
 665052 395940   69.00000   74  145   76.00000   41.00000  46.1%   121 6564s
 666166 395940   69.00000   76  235   76.00000   41.00000  46.1%   121 6565s
 667520 397513   69.00000   84  180   76.00000   41.00000  46.1%   121 6612s
 670104 398664   57.00000   63  181   76.00000   41.00000  46.1%   121 6657s
 672482 400117   75.00000   82  117   76.00000   41.00000  46.1%   121 6702s
 674974 401481     cutoff   88        76.00000   41.00000  46.1%   121 6748s
 677389 402662   69.00000  101  130   76.00000   41.00000  46.1%   121 6796s
 679629 404058   72.00000   85  153   76.00000   41.00000  46.1%   121 6841s
 682079 405433   74.00000   79  114   76.00000   41.00000  46.1%   121 6888s
 684497 406663     cutoff   94        76.00000   41.00000  46.1%   121 6929s
 685187 406663     cutoff   92        76.00000   41.00000  46.1%   121 6930s
 686630 407975   69.00000   88  140   76.00000   41.00000  46.1%   121 6976s
 688981 409272   72.00000   96  105   76.00000   41.00000  46.1%   121 7024s
 691325 410652   72.00000   89  141   76.00000   41.00000  46.1%   121 7070s
 693670 411844   69.00000   91  131   76.00000   41.00000  46.1%   121 7115s
 695759 413241   72.00000   86  128   76.00000   41.00000  46.1%   121 7161s
 698153 414442   60.00000   78  183   76.00000   41.00000  46.1%   121 7207s
 700507 415805   61.00000   76  191   76.00000   41.00000  46.1%   121 7250s
 702836 417043   74.00000   79   86   76.00000   41.00000  46.1%   121 7296s
 705078 418408   75.00000   46  267   76.00000   41.00000  46.1%   121 7340s
 707321 419996   72.00000   93  133   76.00000   41.00000  46.1%   121 7384s
 708114 419996   74.00000   88  185   76.00000   41.00000  46.1%   121 7385s
 709672 421434   65.00000   44  238   76.00000   41.00000  46.1%   121 7428s
 711773 422973   74.00000   77  117   76.00000   41.00000  46.1%   121 7471s
 714014 424662   54.00000   35  184   76.00000   41.00000  46.1%   121 7509s
 716261 426291   74.00000   70  128   76.00000   41.00000  46.1%   121 7552s
 718605 427734 infeasible   76        76.00000   41.00000  46.1%   121 7594s
 720776 429178   72.00000   50  151   76.00000   41.00000  46.1%   121 7636s
 723059 431006   44.00000   47  198   76.00000   41.00000  46.1%   121 7673s
 725395 432147   75.00000   70   94   76.00000   41.00000  46.1%   121 7713s
 727334 433638   73.00000   59  151   76.00000   41.00000  46.1%   121 7756s
 729588 435519   74.00000   84  144   76.00000   41.00000  46.1%   121 7801s
 732238 436863   72.00000   67  200   76.00000   41.00000  46.1%   121 7840s
 734287 438458   60.00000   51  158   76.00000   41.00000  46.1%   121 7881s
 736524 439938   74.00000   73   73   76.00000   41.00000  46.1%   121 7923s
 738753 441296   66.00000   74  177   76.00000   41.00000  46.1%   121 7966s
 740902 442490   60.00000   52  191   76.00000   41.00000  46.1%   121 8012s
 742880 444179 infeasible   76        76.00000   41.00000  46.1%   121 8055s
 745241 445731   75.00000   73  126   76.00000   41.00000  46.1%   121 8099s
 747431 445731 infeasible   91        76.00000   41.00000  46.1%   121 8100s
 747577 447174   70.00000   72   99   76.00000   41.00000  46.1%   121 8143s
 749756 448742   55.00000   66  193   76.00000   41.00000  46.1%   121 8188s
 752086 450599 infeasible   84        76.00000   41.00000  46.1%   121 8240s
 754838 451698 infeasible   94        76.00000   41.00000  46.1%   121 8283s
 756947 453129 infeasible   80        76.00000   41.00000  46.1%   121 8331s
 759158 454668   73.00000   88   72   76.00000   41.00000  46.1%   121 8376s
 761523 456245   55.00000   51  214   76.00000   41.00000  46.1%   121 8423s
 763915 458005   59.00000   68  150   76.00000   41.00000  46.1%   121 8473s
 766496 459659   62.00000   72  166   76.00000   41.00000  46.1%   120 8522s
 769000 461207   73.00000   86   78   76.00000   41.00000  46.1%   120 8573s
 771503 462800   73.00000   85  123   76.00000   41.00000  46.1%   120 8621s
 773889 464465   72.00000   60  198   76.00000   41.00000  46.1%   120 8677s
 776354 466144   68.00000   64  194   76.00000   41.00000  46.1%   120 8730s
 779018 467897   59.00000   57  208   76.00000   41.00000  46.1%   120 8779s
 781613 469693   75.00000   68  102   76.00000   41.00000  46.1%   120 8833s
 784305 471327   74.00000   84  122   76.00000   41.00000  46.1%   120 8885s
 786792 473030   67.00000   63  117   76.00000   41.00000  46.1%   120 8938s
 789451 474572   73.00000   69  197   76.00000   41.00000  46.1%   120 8994s
 792029 475995   66.00000   73  151   76.00000   41.00000  46.1%   120 9051s
 794341 477850   70.00000   93  117   76.00000   41.00000  46.1%   120 9105s
 797065 479596   70.00000   94  114   76.00000   41.00000  46.1%   120 9161s
 799756 481388   41.00000   59  235   76.00000   41.00000  46.1%   120 9217s
 802536 482935   61.00000   80  121   76.00000   41.00000  46.1%   120 9274s
 805106 484625   73.00000   76  173   76.00000   41.00000  46.1%   120 9332s
 807789 486372   62.00000   62  152   76.00000   41.00000  46.1%   120 9389s
 810514 487978   72.00000   92  118   76.00000   41.00000  46.1%   120 9449s
 812976 489493   75.00000   82  166   76.00000   41.00000  46.1%   120 9508s
 815565 491116     cutoff   71        76.00000   41.00000  46.1%   120 9570s
 818295 492742   70.00000   68  162   76.00000   41.00000  46.1%   120 9627s
 820997 494495   68.00000   83  180   76.00000   41.00000  46.1%   120 9689s
 823787 496189   41.37131   60  271   76.00000   41.00000  46.1%   120 9746s
 826425 497769   73.00000   69  161   76.00000   41.00000  46.1%   120 9806s
 829032 499181   64.00000   71  201   76.00000   41.00000  46.1%   120 9869s
 831518 500857   70.00000   69  162   76.00000   41.00000  46.1%   120 9931s
 834200 502501   71.00000   61  169   76.00000   41.00000  46.1%   120 9991s
 836873 504023   72.00000   89  127   76.00000   41.00000  46.1%   120 10051s
 839700 505668   72.00000   75  181   76.00000   41.00000  46.1%   120 10113s
 842439 507394   70.00000   60  171   76.00000   41.00000  46.1%   120 10175s
 845098 509210 infeasible   74        76.00000   41.00000  46.1%   120 10237s
 848045 510487   67.00000   78  144   76.00000   41.00000  46.1%   120 10292s
 850530 512115   59.00000   64  150   76.00000   41.00000  46.1%   120 10356s
 853075 513664   75.00000   80  175   76.00000   41.00000  46.1%   120 10414s
 854454 513664   70.00000   81   87   76.00000   41.00000  46.1%   120 10415s
 855768 515299   50.00000   60  186   76.00000   41.00000  46.1%   120 10478s
 858510 516965   41.00000   56  176   76.00000   41.00000  46.1%   120 10538s
 861182 518636   54.00000   72  225   76.00000   41.00000  46.1%   120 10602s
 863926 520233   74.00000   93   62   76.00000   41.00000  46.1%   120 10664s
 866593 521804   72.00000   77  176   76.00000   41.00000  46.1%   120 10723s
 869137 523247   73.00000   66  168   76.00000   41.00000  46.1%   120 10791s
 871654 523443   72.00000   73  103   76.00000   41.00000  46.1%   120 10800s

Explored 871973 nodes (104646614 simplex iterations) in 10800.88 seconds (2476.12 work units)
Thread count was 18 (of 36 available processors)

Solution count 10: 76 77 78 ... 87

Time limit reached
Best objective 7.600000000000e+01, best bound 4.100000000000e+01, gap 46.0526%
