
Gurobi 11.0.0 (win64) logging started Mon May 20 14:42:14 2024

Set parameter LogFile to value "./Results/StripPacking-SequencePairBranchRuns/Logs/SUspb-010-StripPacking-20.log"
Set parameter TimeLimit to value 10800
Set parameter Cuts to value 0
Set parameter Presolve to value 1
Set parameter Heuristics to value 0
Set parameter LPWarmStart to value 2
Gurobi Optimizer version 11.0.0 build v11.0.0rc2 (win64 - Windows 10.0 (19045.2))

CPU model: Intel(R) Core(TM) i9-10980XE CPU @ 3.00GHz, instruction set [SSE2|AVX|AVX2|AVX512]
Thread count: 18 physical cores, 36 logical processors, using up to 18 threads

Optimize a model with 31525 rows, 1251 columns and 92450 nonzeros
Model fingerprint: 0xbd6d724d
Variable types: 51 continuous, 1200 integer (1200 binary)
Coefficient statistics:
  Matrix range     [1e+00, 1e+04]
  Objective range  [1e+00, 1e+00]
  Bounds range     [1e+00, 1e+04]
  RHS range        [1e+00, 1e+04]
Using branch priorities.

Warning: Completing partial solution with 1200 unfixed non-continuous variables out of 1200
User MIP start produced solution with objective 104.8 (0.05s)
Loaded user MIP start with objective 104.8

Presolve removed 600 rows and 0 columns
Presolve time: 0.09s
Presolved: 30925 rows, 1251 columns, 91250 nonzeros
Variable types: 51 continuous, 1200 integer (1200 binary)
Root relaxation presolved: 1251 rows, 32176 columns, 92501 nonzeros


Root relaxation: objective 3.600000e+01, 1901 iterations, 0.23 seconds (0.34 work units)

    Nodes    |    Current Node    |     Objective Bounds      |     Work
 Expl Unexpl |  Obj  Depth IntInf | Incumbent    BestBd   Gap | It/Node Time

     0     0   36.00000    0  235  104.80000   36.00000  65.6%     -    2s
     0     0   36.00000    0  201  104.80000   36.00000  65.6%     -    4s
     0     2   36.00000    0  147  104.80000   36.00000  65.6%     -    5s
   483   520   50.00000   18  282  104.80000   36.00000  65.6%   164   10s
  1461  1552   79.00000   64  149  104.80000   36.00000  65.6%   171   15s
* 2214  2173             110     101.0000000   36.00000  64.4%   150   16s
* 2976  2795             103      99.0000000   36.00000  63.6%   135   18s
* 3152  2828             119      98.0000000   36.00000  63.3%   133   18s
* 3196  2752             116      96.0000000   36.00000  62.5%   132   18s
* 3440  2814             115      95.0000000   36.00000  62.1%   128   19s
* 3639  2941             117      94.0000000   36.00000  61.7%   126   19s
  4077  3333   59.00000   11  237   94.00000   36.00000  61.7%   121   20s
  4327  3335   66.00000   43  234   94.00000   36.00000  61.7%   119   25s
  4344  3364   36.00000   18  254   94.00000   36.00000  61.7%   126   30s
  4696  3609   57.00000   27  182   94.00000   36.00000  61.7%   123   35s
* 5960  3850             112      91.0000000   36.00000  60.4%   114   39s
  5964  3879   61.00000   55  237   91.00000   36.00000  60.4%   114   40s
* 6659  3921              85      89.0000000   36.00000  59.6%   110   41s
* 8135  4270             105      88.0000000   36.00000  59.1%   102   44s
  8383  4311   57.00000   27  314   88.00000   36.00000  59.1%   100   45s
* 8452  3811             109      86.0000000   36.00000  58.1%   100   45s
* 9821  4019             115      85.0000000   36.00000  57.6%  96.5   47s
*10083  3743             104      84.0000000   36.00000  57.1%  95.9   48s
*10407  3553             131      83.0000000   36.00000  56.6%  95.3   49s
 10914  3853   79.00000   65   98   83.00000   36.00000  56.6%  95.2   50s
*12218  4138             109      82.0000000   36.00000  56.1%  93.8   52s
 13078  4785   79.00000   76  115   82.00000   36.00000  56.1%  93.7   55s
 15455  6774   62.00000   55  162   82.00000   36.00000  56.1%  94.6   60s
 17411  7877 infeasible   90        82.00000   36.00000  56.1%  95.4   65s
 19523  9573   80.00000   69  135   82.00000   42.00000  48.8%  95.1   71s
 21274 11021   78.00000   51  230   82.00000   42.00000  48.8%  94.9   76s
 22824 12096   78.00000   73   68   82.00000   43.00000  47.6%  94.6   80s
 25243 13623   75.00000   74  195   82.00000   43.00000  47.6%  94.5   85s
 26517 14766   81.00000   99   10   82.00000   43.00000  47.6%  94.2   90s
 28302 15868   72.00000   63  226   82.00000   43.00000  47.6%  94.8   96s
 30259 17367   80.00000   64  238   82.00000   43.00000  47.6%  95.4  101s
*30502 15622              99      81.0000000   43.00000  46.9%  95.5  101s
*32193 14510             100      80.0000000   44.00000  45.0%  95.0  104s
 32722 15059   55.00000   38  323   80.00000   44.00000  45.0%  95.0  107s
 33754 15798   79.00000   74  143   80.00000   44.00000  45.0%  95.7  110s
 35486 17144   78.00000   75  122   80.00000   44.00000  45.0%  96.0  116s
 38191 18928 infeasible   72        80.00000   46.00000  42.5%  96.5  123s
 39645 19794   78.00000   72  139   80.00000   46.00000  42.5%  96.5  127s
 41123 20705   67.00000   57  209   80.00000   46.00000  42.5%  96.7  131s
 42510 21784 infeasible   89        80.00000   46.00000  42.5%  97.2  135s
 44051 22926   74.00000   77  141   80.00000   48.00000  40.0%  97.4  140s
 45758 24181   79.00000   70   80   80.00000   48.00000  40.0%  98.2  145s
 47728 24943 infeasible   81        80.00000   48.00000  40.0%  98.8  150s
 48955 26543   79.00000   86   77   80.00000   48.00000  40.0%  99.4  157s
 51435 28055   79.00000   91   81   80.00000   48.00000  40.0%  99.5  163s
 53791 29420   78.00000   75  139   80.00000   48.00000  40.0%   100  170s
 56002 30847   77.00000   80  127   80.00000   48.00000  40.0%   100  177s
 58326 32557   79.00000   81   83   80.00000   48.00000  40.0%   100  183s
 60773 33973   78.00000   70  155   80.00000   48.00000  40.0%   100  189s
 62948 34956     cutoff   66        80.00000   48.00000  40.0%   100  195s
 64470 36285   68.00000   51  231   80.00000   48.00000  40.0%   100  201s
 66659 37514   79.00000   60  114   80.00000   48.00000  40.0%   100  207s
 68755 39048 infeasible   80        80.00000   48.00000  40.0%   100  213s
 70974 40531   79.00000   79  109   80.00000   48.00000  40.0%   100  219s
 73188 41822   78.00000   91   90   80.00000   48.00000  40.0%  99.4  225s
*74654 35908             123      79.0000000   48.00000  39.2%  99.3  225s
 75244 37218   73.00000   77  115   79.00000   48.00000  39.2%  99.3  232s
 77464 38339   76.00000   88  115   79.00000   48.00000  39.2%  98.9  238s
 79306 39539 infeasible   96        79.00000   48.00000  39.2%  98.8  243s
 80937 40701   78.00000   98   42   79.00000   48.00000  39.2%  98.6  249s
 82851 41782   78.00000   86   73   79.00000   48.00000  39.2%  98.7  255s
 84802 43000   76.00000   62  189   79.00000   48.00000  39.2%  98.7  260s
 86616 44017   77.00000   77  120   79.00000   48.00000  39.2%  99.0  266s
 88403 45163   76.00000   61  157   79.00000   48.00000  39.2%  99.3  273s
 90278 46453   78.00000   79  119   79.00000   48.00000  39.2%   100  280s
 92319 47644   76.00000   76  136   79.00000   48.00000  39.2%   100  287s
 94224 48835   78.00000   94  151   79.00000   48.00000  39.2%   100  293s
 96254 49951   73.00000   63  145   79.00000   48.00000  39.2%   100  300s
 98276 51265 infeasible   78        79.00000   48.00000  39.2%   101  306s
 100299 52605   65.00000   63  234   79.00000   48.00000  39.2%   101  314s
 102457 53874 infeasible   98        79.00000   48.00000  39.2%   101  321s
 104499 55114   50.00000   38  255   79.00000   48.00000  39.2%   101  328s
 106609 56578 infeasible  103        79.00000   48.00000  39.2%   101  336s
*106873 43080             110      78.0000000   48.00000  38.5%   101  336s
 108762 44236   69.00000   57  190   78.00000   48.00000  38.5%   101  343s
 110759 45452   76.00000   94   88   78.00000   48.00000  38.5%   101  350s
 112706 46856   77.00000   69  122   78.00000   48.00000  38.5%   101  359s
 114880 48272   67.00000   75   95   78.00000   48.00000  38.5%   101  366s
 117047 49593   72.00000   61  214   78.00000   48.00000  38.5%   101  372s
 118960 50763   74.00000   53  211   78.00000   48.00000  38.5%   101  379s
 120825 51856   72.00000   71  141   78.00000   48.00000  38.5%   101  386s
 122686 53093     cutoff   74        78.00000   48.00000  38.5%   101  393s
 124610 54323   63.00000   47  235   78.00000   48.00000  38.5%   101  401s
 126641 55606   74.00000   62  220   78.00000   48.00000  38.5%   101  410s
 128705 56984   69.00000   66  167   78.00000   48.00000  38.5%   102  417s
 130744 58209   74.00000   73  223   78.00000   48.00000  38.5%   102  425s
 132801 59721   50.00000   40  239   78.00000   48.00000  38.5%   102  434s
 135062 60937   63.00000   70  188   78.00000   48.00000  38.5%   102  441s
 137108 62119     cutoff   85        78.00000   48.00000  38.5%   102  449s
*138819 53222              78      77.0000000   48.00000  37.7%   102  449s
 139021 53856     cutoff   76        77.00000   48.00000  37.7%   102  457s
 140898 54938   62.00000   57  219   77.00000   48.00000  37.7%   102  465s
 142842 56137   75.00000   69  184   77.00000   48.00000  37.7%   102  475s
 144857 57454   72.00000   64  211   77.00000   48.00000  37.7%   103  483s
 146914 58555   68.00000   61  143   77.00000   48.00000  37.7%   103  491s
 148848 59695   76.00000   62   88   77.00000   48.00000  37.7%   103  500s
 150738 61093   75.00000   56  156   77.00000   48.00000  37.7%   103  508s
 152927 62119 infeasible   72        77.00000   48.00000  37.7%   103  517s
 154922 63212   60.00000   59  155   77.00000   48.00000  37.7%   104  526s
 156905 64382   76.00000   67  135   77.00000   48.00000  37.7%   104  536s
 158911 65480   48.00000   55  178   77.00000   48.00000  37.7%   104  544s
 160774 66969   74.00000   74  128   77.00000   48.00000  37.7%   104  554s
 163031 68179   63.00000   49  190   77.00000   48.00000  37.7%   104  563s
 165115 69474   76.00000   90   64   77.00000   48.00000  37.7%   105  572s
 167302 70832   73.00000   61  120   77.00000   48.00000  37.7%   105  582s
 169470 72161   76.00000   76   93   77.00000   48.00000  37.7%   105  594s
 171768 73118   68.00000   51  179   77.00000   48.00000  37.7%   105  602s
 173620 74304   76.00000   71  188   77.00000   48.00000  37.7%   105  613s
 175579 75453   74.00000   80   74   77.00000   48.00000  37.7%   106  624s
 177651 76583   76.00000   89   98   77.00000   48.00000  37.7%   106  635s
 179692 77843 infeasible   74        77.00000   48.00000  37.7%   106  646s
 181740 78945   67.00000   66  145   77.00000   48.00000  37.7%   106  657s
 183719 80122   67.00000   55  161   77.00000   48.00000  37.7%   106  667s
 185754 81235   58.00000   51  197   77.00000   48.00000  37.7%   106  679s
 187787 82408 infeasible   59        77.00000   48.00000  37.7%   106  689s
 189840 83588   72.00000   48  154   77.00000   48.00000  37.7%   106  700s
 191789 84673   70.00000   61  184   77.00000   48.00000  37.7%   107  712s
 193659 85857   67.00000   61  189   77.00000   48.00000  37.7%   107  723s
 195820 87057   72.00000   63  121   77.00000   48.00000  37.7%   107  735s
 197923 88053 infeasible   77        77.00000   48.00000  37.7%   107  747s
 199783 89082   71.00000   61  155   77.00000   48.00000  37.7%   107  758s
 201572 90258   72.00000   71  186   77.00000   48.00000  37.7%   107  770s
 203547 91319   76.00000   68  193   77.00000   48.00000  37.7%   107  782s
 205443 92384   67.00000   70  288   77.00000   48.00000  37.7%   108  795s
 207400 93594   76.00000   63  149   77.00000   48.00000  37.7%   108  808s
 209574 94536   76.00000   79   70   77.00000   48.00000  37.7%   108  819s
 211482 95508     cutoff   69        77.00000   48.00000  37.7%   108  830s
 213277 96501   75.00000   87   84   77.00000   48.00000  37.7%   108  841s
 215046 97502   72.00000   63  162   77.00000   48.00000  37.7%   108  853s
 216885 98463   70.00000   64  177   77.00000   48.00000  37.7%   108  865s
 218627 99537     cutoff   87        77.00000   48.13518  37.5%   108  876s
 220482 100705   67.00000   72  123   77.00000   48.13518  37.5%   108  890s
 222465 101634   76.00000   95   32   77.00000   48.94624  36.4%   108  903s
 224121 103073   71.00000   77  148   77.00000   49.00000  36.4%   109  918s
 226605 104166   50.00000   49  267   77.00000   49.00000  36.4%   109  932s
 228761 105229   75.00000   66  173   77.00000   49.00000  36.4%   109  945s
 230921 106448   66.00000   51  201   77.00000   49.00000  36.4%   109  959s
 233095 107725   64.00000   47  114   77.00000   49.00000  36.4%   109  972s
 235216 108950 infeasible   79        77.00000   49.00000  36.4%   109  988s
 237314 109973   73.00000   53  185   77.00000   49.00000  36.4%   109 1002s
 239498 111156   73.00000   52  174   77.00000   49.00000  36.4%   109 1017s
 241626 112439   74.00000   57  198   77.00000   49.00000  36.4%   109 1032s
 243864 113708 infeasible   62        77.00000   49.00000  36.4%   109 1046s
 245921 114914   66.00000   67  175   77.00000   49.00000  36.4%   110 1061s
 247982 116104   74.00000   64  161   77.00000   49.00000  36.4%   110 1076s
 250110 117281   74.00000   66  121   77.00000   49.00000  36.4%   110 1091s
 252227 118517   74.00000   54  170   77.00000   49.00000  36.4%   110 1108s
 254357 119971   73.00000   54  101   77.00000   49.00000  36.4%   110 1123s
 256516 121164   67.00000   70  122   77.00000   49.00000  36.4%   110 1138s
 258599 122415   74.00000   61  119   77.00000   49.00000  36.4%   110 1152s
 260619 123563 infeasible   86        77.00000   49.00000  36.4%   110 1167s
 262680 124813     cutoff   71        77.00000   49.00000  36.4%   110 1183s
 264919 126164   75.00000   55  164   77.00000   49.00000  36.4%   110 1199s
 267082 127432   76.00000   90  101   77.00000   49.00000  36.4%   110 1214s
 269107 128752   74.00000   63   92   77.00000   49.00000  36.4%   110 1230s
 271226 129922 infeasible   84        77.00000   49.00000  36.4%   110 1245s
 273041 131162 infeasible   64        77.00000   49.00000  36.4%   110 1259s
 275018 132455   76.00000   59  102   77.00000   49.00000  36.4%   110 1276s
 277126 133869   76.00000   57   85   77.00000   49.00000  36.4%   110 1291s
 279277 134977   64.00000   56  196   77.00000   49.00000  36.4%   110 1307s
 281286 136253 infeasible   71        77.00000   49.00000  36.4%   111 1323s
 283326 137517   73.00000   60  142   77.00000   49.00000  36.4%   111 1339s
 285433 138739   76.00000   74   90   77.00000   49.00000  36.4%   111 1357s
 287382 139912 infeasible   75        77.00000   49.00000  36.4%   111 1373s
 289321 141101   74.00000   76  114   77.00000   49.00000  36.4%   111 1390s
 291375 142252 infeasible   64        77.00000   49.00000  36.4%   111 1408s
 293349 143445   70.00000   76  156   77.00000   49.00000  36.4%   111 1426s
 295506 144619   51.00000   34  190   77.00000   49.00000  36.4%   111 1443s
 297483 145589 infeasible   77        77.00000   49.00000  36.4%   111 1460s
 299405 146844   67.00000   61  195   77.00000   49.00000  36.4%   111 1478s
 301431 148059   76.00000   53  226   77.00000   49.00000  36.4%   111 1497s
 303411 149290   73.00000   52  186   77.00000   49.00000  36.4%   111 1515s
 305487 150689   65.00000   59  239   77.00000   49.00000  36.4%   111 1536s
 307787 151890   51.00000   39  225   77.00000   49.00000  36.4%   111 1555s
 309853 152996 infeasible   67        77.00000   49.00000  36.4%   111 1573s
 311763 154215   65.00000   63  118   77.00000   49.00000  36.4%   112 1592s
 313915 155363   71.00000   61  194   77.00000   49.00000  36.4%   112 1609s
 315765 156709   69.00000   70  156   77.00000   49.00000  36.4%   112 1628s
 317940 157766 infeasible   76        77.00000   49.00000  36.4%   112 1646s
 319733 158916   76.00000   75  118   77.00000   49.00000  36.4%   112 1665s
 321715 160255   73.00000   71  131   77.00000   49.00000  36.4%   112 1681s
 323824 161083   67.00000   64  215   77.00000   49.00000  36.4%   112 1696s
 325704 162187 infeasible   73        77.00000   49.00000  36.4%   112 1715s
 327715 163167 infeasible   73        77.00000   49.00000  36.4%   112 1734s
 329573 164383   72.00000   58  208   77.00000   49.00000  36.4%   113 1754s
 331638 165265   76.00000   66  168   77.00000   49.00000  36.4%   113 1773s
 333428 166233   76.00000   72  170   77.00000   49.00000  36.4%   113 1791s
 335299 167283   58.00000   60  185   77.00000   49.00000  36.4%   113 1809s
 337172 168183   64.00000   47  203   77.00000   49.00000  36.4%   113 1827s
 338903 169211   49.44246   62  216   77.00000   49.00000  36.4%   113 1845s
 340702 170326   76.00000   73  105   77.00000   49.00000  36.4%   113 1865s
 342745 171447   72.00000   70  153   77.00000   49.00000  36.4%   114 1884s
 344684 172527   71.00000   56  173   77.00000   49.00000  36.4%   114 1905s
 346698 173361   76.00000   68  155   77.00000   49.00000  36.4%   114 1925s
 348571 174409   72.00000   77  133   77.00000   49.00000  36.4%   114 1945s
 350444 175594   71.00000   56  185   77.00000   49.00000  36.4%   114 1964s
 351521 175594   75.00000   81  162   77.00000   49.00000  36.4%   114 1965s
 352429 176818   76.00000   90   83   77.00000   49.00000  36.4%   114 1984s
 354439 178133   74.00000   91   64   77.00000   49.00000  36.4%   114 2003s
 356495 179411   74.00000   75   99   77.00000   49.00000  36.4%   114 2023s
 358521 181072   68.00000   61  208   77.00000   50.00000  35.1%   114 2050s
 361182 182546   74.00000   77  156   77.00000   50.00000  35.1%   114 2073s
 363452 184000   74.00000   67  167   77.00000   50.00000  35.1%   114 2100s
 365898 185600   67.00000   65  134   77.00000   50.00000  35.1%   114 2128s
 368559 187189   72.00000   56  248   77.00000   50.00000  35.1%   114 2154s
 371218 188835   51.00000   51  194   77.00000   50.00000  35.1%   114 2180s
 373787 190243   67.00000   70  169   77.00000   50.00000  35.1%   114 2207s
 376174 191752   70.00000   53  161   77.00000   50.00000  35.1%   114 2232s
 378635 193366   76.00000   69   78   77.00000   50.00000  35.1%   114 2261s
 381292 194898   74.00000   70  149   77.00000   50.00000  35.1%   114 2287s
 383804 196308 infeasible   65        77.00000   50.00000  35.1%   114 2316s
 386066 197985 infeasible   69        77.00000   50.00000  35.1%   114 2345s
 388698 199584   67.00000   58  176   77.00000   50.00000  35.1%   114 2373s
 391383 200851 infeasible   71        77.00000   50.00000  35.1%   114 2396s
 393783 202286   74.00000   57  211   77.00000   50.00000  35.1%   114 2425s
 396216 203797 infeasible   54        77.00000   50.00000  35.1%   114 2452s
 398675 205144   74.00000   62  174   77.00000   50.00000  35.1%   114 2479s
 401124 206502     cutoff   74        77.00000   50.00000  35.1%   114 2508s
 403394 207927 infeasible   63        77.00000   50.00000  35.1%   115 2536s
 405895 209350   51.00000   51  248   77.00000   50.00000  35.1%   115 2563s
 408507 210792   76.00000   61  132   77.00000   50.00000  35.1%   115 2590s
 410923 212125   76.00000   61  163   77.00000   50.00000  35.1%   115 2615s
 413141 213276   76.00000   61   86   77.00000   50.00000  35.1%   115 2642s
 415310 214809   73.00000   59  139   77.00000   50.00000  35.1%   115 2669s
 417694 216140   74.00000   74  122   77.00000   50.00000  35.1%   115 2698s
 419984 217426   76.00000   84  127   77.00000   50.00000  35.1%   115 2727s
 422348 218619   76.00000   73  159   77.00000   50.00000  35.1%   115 2755s
 424437 220060   64.00000   42  192   77.00000   50.00000  35.1%   115 2786s
 426859 221499 infeasible   81        77.00000   50.00000  35.1%   115 2815s
 429280 222917   63.00000   56  186   77.00000   50.00000  35.1%   115 2843s
 431610 224316     cutoff   86        77.00000   50.00000  35.1%   115 2870s
 433883 225525   74.00000   47  159   77.00000   50.00000  35.1%   115 2897s
 436000 226893   74.00000   83  130   77.00000   50.00000  35.1%   115 2926s
 438365 228039   75.00000   49  289   77.00000   50.00000  35.1%   115 2951s
 440363 229002   72.00000   68  199   77.00000   50.00000  35.1%   115 2979s
 442329 230585 infeasible   66        77.00000   50.00000  35.1%   115 3004s
 443953 230585   73.00000   60  179   77.00000   50.00000  35.1%   115 3005s
 444729 232143   75.00000   63   72   77.00000   50.00000  35.1%   115 3032s
 447111 233588   50.00000   50  162   77.00000   50.00000  35.1%   115 3061s
 449405 235028   74.00000   62  234   77.00000   50.00000  35.1%   115 3090s
 451664 236362 infeasible   83        77.00000   50.00000  35.1%   115 3118s
 453888 237813   70.00000   60  188   77.00000   50.00000  35.1%   115 3147s
 456284 239529   68.00000   52  143   77.00000   50.00000  35.1%   115 3178s
 458879 240975   72.00000   60  281   77.00000   50.00000  35.1%   115 3207s
 461180 242717   53.00000   47  244   77.00000   50.00000  35.1%   115 3236s
 463715 244326   73.00000   61  137   77.00000   50.00000  35.1%   115 3268s
 466268 245989   74.00000   82  121   77.00000   50.00000  35.1%   115 3303s
 469016 247597 infeasible   77        77.00000   50.00000  35.1%   115 3338s
 471696 249271 infeasible   85        77.00000   50.00000  35.1%   115 3373s
 474471 250885   76.00000   66   97   77.00000   50.00000  35.1%   115 3407s
 477220 252327   76.00000   64  185   77.00000   50.00000  35.1%   115 3442s
 479778 253940   54.00000   45  225   77.00000   50.00000  35.1%   115 3477s
 482402 255663   75.00000   78  122   77.00000   50.00000  35.1%   115 3513s
 485247 257119   74.00000   61  125   77.00000   50.00000  35.1%   115 3548s
 487830 258877   74.00000   80  126   77.00000   50.00000  35.1%   115 3583s
 490699 260269   75.00000   98   40   77.00000   50.00000  35.1%   115 3617s
 493418 262130   72.00000   52  117   77.00000   50.00000  35.1%   115 3653s
 496225 263705     cutoff   74        77.00000   50.00000  35.1%   115 3693s
 499000 265030   61.00000   44  233   77.00000   50.00000  35.1%   115 3729s
 501304 266910     cutoff   67        77.00000   50.00000  35.1%   115 3769s
 504293 268644   74.00000   73  116   77.00000   50.00000  35.1%   115 3808s
 507135 270450   53.00000   49  234   77.00000   50.00000  35.1%   115 3846s
 509941 272167   74.00000   54  112   77.00000   50.00000  35.1%   115 3882s
 512717 273967   72.00000   67  218   77.00000   50.00000  35.1%   115 3918s
 515470 275638 infeasible   78        77.00000   50.00000  35.1%   115 3954s
 518192 277227 infeasible   57        77.00000   50.00000  35.1%   115 3992s
 520819 278891   76.00000   56  112   77.00000   50.00000  35.1%   115 4037s
 523538 280529   72.00000   79  132   77.00000   50.00000  35.1%   115 4077s
 526332 282246   67.00000   55  138   77.00000   50.00000  35.1%   115 4112s
 528981 283943   76.00000   69  200   77.00000   50.00000  35.1%   115 4151s
 531707 285611   72.00000   55  162   77.00000   50.00000  35.1%   115 4191s
 534493 287084   62.00000   49  150   77.00000   50.00000  35.1%   115 4229s
 537039 288695   69.00000   78  182   77.00000   50.00000  35.1%   115 4269s
 539744 290500   75.00000   76   46   77.00000   50.00000  35.1%   115 4310s
 542611 292043   76.00000   76  101   77.00000   50.00000  35.1%   115 4352s
 545101 293741   76.00000   62  205   77.00000   50.00000  35.1%   115 4394s
 547893 295543   66.00000   61  205   77.00000   50.00000  35.1%   115 4436s
 550896 297148   76.00000   87   92   77.00000   50.00000  35.1%   115 4475s
 553567 298736   50.00000   76  239   77.00000   50.00000  35.1%   115 4516s
 556198 300419   69.00000   63  171   77.00000   50.00000  35.1%   115 4557s
 559025 302151   74.00000   82   94   77.00000   50.00000  35.1%   115 4598s
 561799 303794   70.00000   51  154   77.00000   50.00000  35.1%   115 4635s
 564451 305256 infeasible   71        77.00000   50.00000  35.1%   115 4680s
 566949 307042   66.00000   67  239   77.00000   50.00000  35.1%   115 4725s
 569768 308791   74.00000   46  188   77.00000   50.00000  35.1%   115 4767s
 572511 310559   74.00000   70  133   77.00000   50.00000  35.1%   115 4809s
 575374 312082   72.00000   58  150   77.00000   50.00000  35.1%   115 4854s
 578113 313694   75.00000   79  148   77.00000   50.00000  35.1%   115 4897s
 580825 315341   75.00000   77  112   77.00000   50.00000  35.1%   115 4940s
 583589 316977   74.00000   93  111   77.00000   50.00000  35.1%   115 4984s
 586160 318372   72.00000   88   88   77.00000   50.00000  35.1%   115 5024s
 588740 319912     cutoff   64        77.00000   50.00000  35.1%   115 5066s
 591379 321713   74.00000   69  131   77.00000   50.00000  35.1%   115 5114s
 594372 323586   74.00000   79  114   77.00000   50.00000  35.1%   115 5154s
 597149 323586 infeasible   90        77.00000   50.00000  35.1%   115 5155s
 597249 324884 infeasible   76        77.00000   50.00000  35.1%   115 5187s
 599694 326534   75.00000   70  239   77.00000   50.00000  35.1%   115 5229s
 602379 328307   76.00000   68  154   77.00000   50.00000  35.1%   115 5272s
 605154 329862   74.00000   56  136   77.00000   50.00000  35.1%   115 5321s
 607731 331559 infeasible   71        77.00000   50.00000  35.1%   115 5363s
 610387 333086   76.00000   67   78   77.00000   50.00000  35.1%   115 5407s
 613039 334578   50.00000   54  237   77.00000   50.00000  35.1%   115 5451s
 615549 336257   76.00000   60  133   77.00000   50.00000  35.1%   115 5499s
 618321 338008   63.00000   47  172   77.00000   50.00000  35.1%   115 5549s
 618684 338008   67.00000   59  216   77.00000   50.00000  35.1%   115 5550s
 621229 339838   72.00000   53  179   77.00000   50.00000  35.1%   115 5595s
 624110 341643     cutoff  104        77.00000   50.00000  35.1%   115 5642s
 627041 343123 infeasible   68        77.00000   50.00000  35.1%   115 5695s
 629607 344614   69.00000   51  181   77.00000   50.00000  35.1%   115 5743s
 632266 346052   76.00000   60  112   77.00000   50.00000  35.1%   115 5788s
 634914 347477     cutoff   78        77.00000   50.00000  35.1%   115 5836s
 637490 349203   72.00000   57  270   77.00000   50.00000  35.1%   115 5883s
 640244 350745   72.00000   72  215   77.00000   50.00000  35.1%   115 5931s
 642922 352272   72.00000   69  198   77.00000   50.00000  35.1%   115 5979s
 645562 353768 infeasible   83        77.00000   50.00000  35.1%   115 6026s
 648228 355338   72.00000   71  175   77.00000   50.00000  35.1%   115 6076s
 650890 356871   76.00000   65  120   77.00000   50.00000  35.1%   115 6123s
 653653 358458   70.00000   53  218   77.00000   50.00000  35.1%   115 6171s
 656393 360336   76.00000   89  152   77.00000   50.00000  35.1%   115 6220s
 659286 362015 infeasible   83        77.00000   50.00000  35.1%   115 6262s
 661791 363547   76.00000   85   78   77.00000   50.00000  35.1%   115 6305s
 664507 364937   75.00000   84   30   77.00000   50.00000  35.1%   115 6351s
 666979 366445   74.00000   65  140   77.00000   50.00000  35.1%   115 6398s
 669451 367955 infeasible   78        77.00000   50.00000  35.1%   115 6446s
 672016 369393   74.00000   79  110   77.00000   50.00000  35.1%   115 6496s
 674436 370706   50.00000   52  251   77.00000   50.00000  35.1%   115 6543s
 676970 372405 infeasible   88        77.00000   50.00000  35.1%   115 6593s
 679828 374062   73.00000   48  209   77.00000   50.00000  35.1%   115 6644s
 682432 375626   76.00000   78  104   77.00000   50.00000  35.1%   115 6695s
 685148 377248   50.00000   36  201   77.00000   50.00000  35.1%   115 6745s
 687832 378657   72.00000   85  133   77.00000   50.00000  35.1%   115 6793s
 690286 380267 infeasible   74        77.00000   50.00000  35.1%   116 6847s
 693019 381653   76.00000   64  164   77.00000   50.00000  35.1%   116 6902s
 695617 383389   76.00000   75  121   77.00000   50.00000  35.1%   116 6954s
 696906 383389   75.00000   69   84   77.00000   50.00000  35.1%   116 6955s
 698475 385256   61.00000   49  247   77.00000   50.00000  35.1%   116 7008s
 701383 386961   74.00000   57  108   77.00000   50.00000  35.1%   116 7060s
 704150 388480   72.00000   69  138   77.00000   50.00000  35.1%   116 7107s
 706793 390156 infeasible   81        77.00000   50.00000  35.1%   116 7156s
 709493 391707   72.00000   69  101   77.00000   50.00000  35.1%   116 7206s
 712061 393453   63.00000   66  245   77.00000   50.00000  35.1%   116 7258s
 714880 394712 infeasible   82        77.00000   50.00000  35.1%   116 7310s
 717258 396479   69.00000   68  193   77.00000   50.00000  35.1%   116 7366s
 720098 398299 infeasible   69        77.00000   50.00000  35.1%   116 7419s
 722978 399877   72.00000   65  212   77.00000   50.00000  35.1%   116 7472s
 725634 401513   71.00000   61  185   77.00000   50.00000  35.1%   116 7529s
 728523 402944   72.00000  101   97   77.00000   50.00000  35.1%   116 7580s
 731095 404534   66.00000   55  159   77.00000   50.00000  35.1%   116 7636s
 733843 405984   75.00000   83  116   77.00000   50.00000  35.1%   116 7694s
 736358 407721   73.00000   73  111   77.00000   50.00000  35.1%   116 7750s
 739170 409294   75.00000   74  140   77.00000   50.00000  35.1%   116 7806s
 741864 410905 infeasible   68        77.00000   50.00000  35.1%   116 7864s
 744629 412568   63.00000   53  138   77.00000   50.00000  35.1%   116 7922s
 747477 414209     cutoff   97        77.00000   50.00000  35.1%   116 7976s
 750173 415950   72.00000   54  222   77.00000   50.00000  35.1%   116 8031s
 752999 417544   72.00000   43  157   77.00000   50.00000  35.1%   116 8085s
 755739 418907   53.00000   55  222   77.00000   50.00000  35.1%   116 8139s
 758037 420524 infeasible   69        77.00000   50.00000  35.1%   116 8194s
 760766 422096   75.00000   66  168   77.00000   50.00000  35.1%   116 8247s
 763362 423517 infeasible   64        77.00000   50.00000  35.1%   116 8303s
 766065 425044 infeasible   82        77.00000   50.00000  35.1%   116 8358s
 768696 426512 infeasible   73        77.00000   50.00000  35.1%   116 8412s
 771234 428289   75.00000   83  101   77.00000   50.00000  35.1%   116 8465s
 773957 429936   75.00000   88   93   77.00000   50.00000  35.1%   116 8520s
 776662 431466   76.00000   88   88   77.00000   50.00000  35.1%   116 8579s
 779224 432648   59.00000   65  226   77.00000   50.00000  35.1%   116 8634s
 781714 434231   72.00000   61  139   77.00000   50.00000  35.1%   116 8691s
 784457 435824   73.00000   60  150   77.00000   50.00000  35.1%   116 8751s
 787211 437475   75.00000   95  144   77.00000   50.00000  35.1%   116 8809s
 788583 437475   67.00000   48  228   77.00000   50.00000  35.1%   116 8810s
 789938 439094   73.00000   70  107   77.00000   50.00000  35.1%   116 8866s
 792643 440515   75.00000   75   98   77.00000   50.00000  35.1%   116 8923s
 795274 441977   76.00000   89  144   77.00000   50.00000  35.1%   116 8981s
 797933 443360 infeasible   86        77.00000   50.00000  35.1%   116 9039s
 798069 443360   75.00000   91   46   77.00000   50.00000  35.1%   116 9040s
 800263 444938   75.00000   50  182   77.00000   50.00000  35.1%   116 9105s
 803159 446568 infeasible  102        77.00000   50.00000  35.1%   116 9168s
 805945 448122   76.00000   81  101   77.00000   50.00000  35.1%   116 9231s
 808713 449794 infeasible   68        77.00000   50.00000  35.1%   116 9292s
 811517 451582   74.00000   74  167   77.00000   50.00000  35.1%   116 9352s
 814446 453277     cutoff   71        77.00000   50.00000  35.1%   116 9415s
 817104 454938 infeasible   88        77.00000   50.00000  35.1%   116 9480s
 819990 456481   55.00000   70  233   77.00000   50.00000  35.1%   116 9542s
 822748 457907   65.00000   60  188   77.00000   50.00000  35.1%   116 9597s
 825259 459439   69.00000   59  131   77.00000   50.00000  35.1%   116 9654s
 826658 459439   75.00000   73  157   77.00000   50.00000  35.1%   116 9655s
 827867 461043 infeasible   80        77.00000   50.00000  35.1%   116 9712s
 830627 462404   67.00000   54  204   77.00000   50.00000  35.1%   116 9770s
 833310 464057 infeasible   80        77.00000   50.00000  35.1%   116 9832s
 836053 465488   66.00000   54  124   77.00000   50.00000  35.1%   116 9893s
 838753 466854   73.00000   59  142   77.00000   50.00000  35.1%   116 9955s
 841136 468432   75.00000   78  147   77.00000   50.00000  35.1%   116 10018s
 843887 470023   76.00000   78  105   77.00000   50.00000  35.1%   116 10075s
 846489 471234 infeasible   72        77.00000   50.00000  35.1%   116 10132s
 849174 472840   75.00000   47  116   77.00000   50.00000  35.1%   116 10197s
 851949 474408 infeasible   75        77.00000   50.00000  35.1%   116 10259s
 854628 476035   74.00000   68  174   77.00000   50.00000  35.1%   116 10318s
 857332 477619   68.00000   54  157   77.00000   50.00000  35.1%   116 10381s
 860072 479010   68.00000   61  210   77.00000   50.00000  35.1%   116 10446s
 862502 480814   70.00000   60  148   77.00000   50.00000  35.1%   117 10511s
 865338 482547   63.00000   56  128   77.00000   50.00000  35.1%   117 10575s
 868155 484161   75.00000   84   64   77.00000   50.00000  35.1%   117 10638s
 870776 485721 infeasible   77        77.00000   50.00000  35.1%   117 10701s
 873496 486835   75.00000   79  102   77.00000   50.00000  35.1%   117 10760s
 876102 487687   75.00000   73   96   77.00000   50.00000  35.1%   117 10800s

Explored 877710 nodes (102404844 simplex iterations) in 10801.33 seconds (2399.87 work units)
Thread count was 18 (of 36 available processors)

Solution count 10: 77 78 79 ... 86

Time limit reached
Best objective 7.700000000000e+01, best bound 5.000000000000e+01, gap 35.0649%
